2025-02-10 14:55:51,396:INFO:Learning rate: 0.0008
2025-02-10 14:55:51,396:INFO:Weight decay: 0.001
2025-02-10 14:55:51,396:INFO:Batch size: 64
2025-02-10 14:55:51,396:INFO:Number of layers: 2
2025-02-10 14:55:51,396:INFO:Convolution type: SAGE
2025-02-10 14:55:51,396:INFO:Convolution neurons: 256
2025-02-10 15:00:22,295:INFO:Learning rate: 0.0008
2025-02-10 15:00:22,296:INFO:Weight decay: 0.001
2025-02-10 15:00:22,296:INFO:Batch size: 64
2025-02-10 15:00:22,296:INFO:Number of layers: 2
2025-02-10 15:00:22,296:INFO:Convolution type: SAGE
2025-02-10 15:00:22,296:INFO:Convolution neurons: 256
2025-02-10 15:00:38,754:INFO:Epoch 1: Train Loss: 96513.2928, Train Node Loss: 0.7374, Train Reg Loss: 965.1255, Train MAPE: 98.1518, Train R: 0.2035, Train RRSE: 8.0508, Test Loss: 95187.2652, Test Node Loss: 4.0857, Test Reg Loss: 951.8318, Test MAPE: 96.2446, Test R: 0.8400, Test RRSE: 8.1294
2025-02-10 15:00:38,793:INFO:Checkpoint saved at best_0.0008_0.001_256_SAGE_2_64_0.8400_epoch_1.pth
2025-02-10 15:00:54,151:INFO:Epoch 2: Train Loss: 88158.9453, Train Node Loss: 16.9099, Train Reg Loss: 881.4204, Train MAPE: 93.6731, Train R: 0.1552, Train RRSE: 7.6938, Test Loss: 80905.8518, Test Node Loss: 64.6485, Test Reg Loss: 808.4120, Test MAPE: 88.4954, Test R: 0.8081, Test RRSE: 7.4919
2025-02-10 15:01:10,202:INFO:Epoch 3: Train Loss: 70137.0242, Train Node Loss: 142.4398, Train Reg Loss: 699.9458, Train MAPE: 83.1333, Train R: 0.1724, Train RRSE: 6.8561, Test Loss: 47300.3690, Test Node Loss: 538.5384, Test Reg Loss: 467.6183, Test MAPE: 66.6498, Test R: 0.8047, Test RRSE: 5.6980
2025-02-10 15:01:26,539:INFO:Epoch 4: Train Loss: 37749.3578, Train Node Loss: 774.4729, Train Reg Loss: 369.7488, Train MAPE: 58.6627, Train R: 0.0379, Train RRSE: 4.9831, Test Loss: 6555.3330, Test Node Loss: 2965.0072, Test Reg Loss: 35.9033, Test MAPE: 15.5830, Test R: 0.8065, Test RRSE: 1.5789
2025-02-10 15:01:42,931:INFO:Epoch 5: Train Loss: 8125.6526, Train Node Loss: 3046.3656, Train Reg Loss: 50.7929, Train MAPE: 19.3204, Train R: 0.1320, Train RRSE: 1.8469, Test Loss: 50915.3385, Test Node Loss: 9168.3708, Test Reg Loss: 417.4697, Test MAPE: 65.9993, Test R: 0.8082, Test RRSE: 5.3838
2025-02-10 15:01:59,310:INFO:Epoch 6: Train Loss: 15910.4890, Train Node Loss: 5559.4373, Train Reg Loss: 103.5105, Train MAPE: 33.1108, Train R: 0.6966, Train RRSE: 2.6366, Test Loss: 25886.5390, Test Node Loss: 6773.1084, Test Reg Loss: 191.1343, Test MAPE: 44.6148, Test R: 0.8096, Test RRSE: 3.6429
2025-02-10 15:02:15,729:INFO:Epoch 7: Train Loss: 6465.5434, Train Node Loss: 3926.1940, Train Reg Loss: 25.3935, Train MAPE: 15.5369, Train R: 0.2989, Train RRSE: 1.3059, Test Loss: 4218.0794, Test Node Loss: 3222.4311, Test Reg Loss: 9.9565, Test MAPE: 9.7762, Test R: 0.8105, Test RRSE: 0.8314
2025-02-10 15:02:32,096:INFO:Epoch 8: Train Loss: 6122.3184, Train Node Loss: 2337.4090, Train Reg Loss: 37.8491, Train MAPE: 15.3593, Train R: 0.3664, Train RRSE: 1.5943, Test Loss: 6512.0509, Test Node Loss: 2187.7215, Test Reg Loss: 43.2433, Test MAPE: 17.3485, Test R: 0.8116, Test RRSE: 1.7328
2025-02-10 15:02:48,478:INFO:Epoch 9: Train Loss: 7004.0707, Train Node Loss: 1975.6038, Train Reg Loss: 50.2847, Train MAPE: 19.0669, Train R: 0.7199, Train RRSE: 1.8377, Test Loss: 4565.4552, Test Node Loss: 2359.6624, Test Reg Loss: 22.0579, Test MAPE: 12.0553, Test R: 0.8121, Test RRSE: 1.2375
2025-02-10 15:03:04,843:INFO:Epoch 10: Train Loss: 4360.2405, Train Node Loss: 2330.2194, Train Reg Loss: 20.3002, Train MAPE: 11.1065, Train R: 0.4261, Train RRSE: 1.1676, Test Loss: 4224.6522, Test Node Loss: 3018.4568, Test Reg Loss: 12.0620, Test MAPE: 12.1811, Test R: 0.8128, Test RRSE: 0.9151
2025-02-10 15:03:21,215:INFO:Epoch 11: Train Loss: 4150.4616, Train Node Loss: 2827.0750, Train Reg Loss: 13.2339, Train MAPE: 12.1588, Train R: 0.6031, Train RRSE: 0.9427, Test Loss: 5532.2122, Test Node Loss: 3170.8041, Test Reg Loss: 23.6141, Test MAPE: 16.1079, Test R: 0.8134, Test RRSE: 1.2804
2025-02-10 15:03:37,605:INFO:Epoch 12: Train Loss: 4043.6630, Train Node Loss: 2747.0119, Train Reg Loss: 12.9665, Train MAPE: 12.3457, Train R: 0.7165, Train RRSE: 0.9332, Test Loss: 3465.5095, Test Node Loss: 2571.2013, Test Reg Loss: 8.9431, Test MAPE: 10.7613, Test R: 0.8138, Test RRSE: 0.7880
2025-02-10 15:03:54,007:INFO:Epoch 13: Train Loss: 3318.5709, Train Node Loss: 2256.8114, Train Reg Loss: 10.6176, Train MAPE: 9.5149, Train R: 0.6404, Train RRSE: 0.8444, Test Loss: 3385.0797, Test Node Loss: 2056.4031, Test Reg Loss: 13.2868, Test MAPE: 10.3233, Test R: 0.8140, Test RRSE: 0.9605
2025-02-10 15:04:10,386:INFO:Epoch 14: Train Loss: 3454.1784, Train Node Loss: 1952.3699, Train Reg Loss: 15.0181, Train MAPE: 9.8072, Train R: 0.7847, Train RRSE: 1.0043, Test Loss: 3322.5955, Test Node Loss: 1939.2301, Test Reg Loss: 13.8337, Test MAPE: 10.3953, Test R: 0.8143, Test RRSE: 0.9800
2025-02-10 15:04:26,767:INFO:Epoch 15: Train Loss: 3125.1596, Train Node Loss: 1949.7981, Train Reg Loss: 11.7536, Train MAPE: 9.4044, Train R: 0.7699, Train RRSE: 0.8885, Test Loss: 2916.2723, Test Node Loss: 2035.6403, Test Reg Loss: 8.8063, Test MAPE: 9.9047, Test R: 0.8146, Test RRSE: 0.7819
2025-02-10 15:04:43,187:INFO:Epoch 16: Train Loss: 2967.8238, Train Node Loss: 2052.6209, Train Reg Loss: 9.1520, Train MAPE: 9.8150, Train R: 0.7484, Train RRSE: 0.7840, Test Loss: 2900.4091, Test Node Loss: 2069.5374, Test Reg Loss: 8.3087, Test MAPE: 10.4555, Test R: 0.8150, Test RRSE: 0.7595
2025-02-10 15:04:59,580:INFO:Epoch 17: Train Loss: 2931.6894, Train Node Loss: 2013.4292, Train Reg Loss: 9.1826, Train MAPE: 10.2356, Train R: 0.7761, Train RRSE: 0.7853, Test Loss: 2718.3348, Test Node Loss: 1879.2185, Test Reg Loss: 8.3912, Test MAPE: 9.9640, Test R: 0.8151, Test RRSE: 0.7633
2025-02-10 15:05:16,015:INFO:Epoch 18: Train Loss: 2748.5158, Train Node Loss: 1824.0341, Train Reg Loss: 9.2448, Train MAPE: 9.4682, Train R: 0.7610, Train RRSE: 0.7879, Test Loss: 2760.0112, Test Node Loss: 1671.9752, Test Reg Loss: 10.8804, Test MAPE: 10.0411, Test R: 0.8152, Test RRSE: 0.8692
2025-02-10 15:05:32,351:INFO:Epoch 19: Train Loss: 2695.2764, Train Node Loss: 1672.7071, Train Reg Loss: 10.2257, Train MAPE: 9.2797, Train R: 0.7778, Train RRSE: 0.8287, Test Loss: 2677.1360, Test Node Loss: 1592.7627, Test Reg Loss: 10.8437, Test MAPE: 10.0374, Test R: 0.8154, Test RRSE: 0.8677
2025-02-10 15:05:48,713:INFO:Epoch 20: Train Loss: 2574.2142, Train Node Loss: 1622.3798, Train Reg Loss: 9.5183, Train MAPE: 9.3214, Train R: 0.7811, Train RRSE: 0.7995, Test Loss: 2485.2910, Test Node Loss: 1572.9057, Test Reg Loss: 9.1239, Test MAPE: 9.8746, Test R: 0.8155, Test RRSE: 0.7959
2025-02-10 15:06:05,081:INFO:Epoch 21: Train Loss: 2500.3155, Train Node Loss: 1610.8356, Train Reg Loss: 8.8948, Train MAPE: 9.7723, Train R: 0.7698, Train RRSE: 0.7729, Test Loss: 2370.1217, Test Node Loss: 1536.3546, Test Reg Loss: 8.3377, Test MAPE: 9.9343, Test R: 0.8155, Test RRSE: 0.7609
2025-02-10 15:06:21,459:INFO:Epoch 22: Train Loss: 2401.5629, Train Node Loss: 1535.9595, Train Reg Loss: 8.6560, Train MAPE: 9.7605, Train R: 0.7899, Train RRSE: 0.7624, Test Loss: 2363.0095, Test Node Loss: 1405.8770, Test Reg Loss: 9.5713, Test MAPE: 9.9773, Test R: 0.8153, Test RRSE: 0.8152
2025-02-10 15:06:37,844:INFO:Epoch 23: Train Loss: 2321.6768, Train Node Loss: 1415.0650, Train Reg Loss: 9.0661, Train MAPE: 9.4342, Train R: 0.7889, Train RRSE: 0.7803, Test Loss: 2339.0859, Test Node Loss: 1320.6624, Test Reg Loss: 10.1842, Test MAPE: 10.0177, Test R: 0.8151, Test RRSE: 0.8409
2025-02-10 15:06:54,179:INFO:Epoch 24: Train Loss: 2226.1124, Train Node Loss: 1351.2969, Train Reg Loss: 8.7482, Train MAPE: 9.4730, Train R: 0.8025, Train RRSE: 0.7665, Test Loss: 2206.6857, Test Node Loss: 1287.1565, Test Reg Loss: 9.1953, Test MAPE: 9.9631, Test R: 0.8151, Test RRSE: 0.7990
2025-02-10 15:07:10,592:INFO:Epoch 25: Train Loss: 2168.1695, Train Node Loss: 1316.7240, Train Reg Loss: 8.5145, Train MAPE: 9.6673, Train R: 0.7923, Train RRSE: 0.7562, Test Loss: 2105.1180, Test Node Loss: 1250.8874, Test Reg Loss: 8.5423, Test MAPE: 9.9766, Test R: 0.8151, Test RRSE: 0.7701
2025-02-10 15:07:26,928:INFO:Epoch 26: Train Loss: 2129.8465, Train Node Loss: 1275.1796, Train Reg Loss: 8.5467, Train MAPE: 9.8160, Train R: 0.7771, Train RRSE: 0.7576, Test Loss: 2065.6886, Test Node Loss: 1182.2518, Test Reg Loss: 8.8344, Test MAPE: 9.9994, Test R: 0.8150, Test RRSE: 0.7832
2025-02-10 15:07:43,297:INFO:Epoch 27: Train Loss: 2054.2846, Train Node Loss: 1192.2996, Train Reg Loss: 8.6198, Train MAPE: 9.5935, Train R: 0.7890, Train RRSE: 0.7608, Test Loss: 2076.6274, Test Node Loss: 1104.1899, Test Reg Loss: 9.7244, Test MAPE: 10.0663, Test R: 0.8148, Test RRSE: 0.8217
2025-02-10 15:07:59,699:INFO:Epoch 28: Train Loss: 2010.7192, Train Node Loss: 1129.8526, Train Reg Loss: 8.8087, Train MAPE: 9.5627, Train R: 0.7766, Train RRSE: 0.7691, Test Loss: 1985.7716, Test Node Loss: 1069.1583, Test Reg Loss: 9.1661, Test MAPE: 10.0608, Test R: 0.8146, Test RRSE: 0.7978
2025-02-10 15:08:16,045:INFO:Epoch 29: Train Loss: 1954.7573, Train Node Loss: 1093.3106, Train Reg Loss: 8.6145, Train MAPE: 9.6363, Train R: 0.7740, Train RRSE: 0.7606, Test Loss: 1909.0313, Test Node Loss: 1033.0286, Test Reg Loss: 8.7600, Test MAPE: 10.0669, Test R: 0.8150, Test RRSE: 0.7799
2025-02-10 15:08:32,433:INFO:Epoch 30: Train Loss: 1892.2709, Train Node Loss: 1061.7405, Train Reg Loss: 8.3053, Train MAPE: 9.7678, Train R: 0.7807, Train RRSE: 0.7468, Test Loss: 1847.2103, Test Node Loss: 995.7090, Test Reg Loss: 8.5150, Test MAPE: 10.0093, Test R: 0.8151, Test RRSE: 0.7689
2025-02-10 15:08:48,744:INFO:Epoch 31: Train Loss: 1839.4900, Train Node Loss: 1025.5234, Train Reg Loss: 8.1397, Train MAPE: 9.8549, Train R: 0.7885, Train RRSE: 0.7394, Test Loss: 1817.2819, Test Node Loss: 950.0437, Test Reg Loss: 8.6724, Test MAPE: 10.0963, Test R: 0.8150, Test RRSE: 0.7760
2025-02-10 15:09:05,109:INFO:Epoch 32: Train Loss: 1793.4520, Train Node Loss: 968.7239, Train Reg Loss: 8.2473, Train MAPE: 9.7337, Train R: 0.7827, Train RRSE: 0.7442, Test Loss: 1845.2961, Test Node Loss: 892.3641, Test Reg Loss: 9.5293, Test MAPE: 10.1626, Test R: 0.8152, Test RRSE: 0.8134
2025-02-10 15:09:21,442:INFO:Epoch 33: Train Loss: 1753.1497, Train Node Loss: 924.3919, Train Reg Loss: 8.2876, Train MAPE: 9.7138, Train R: 0.7778, Train RRSE: 0.7460, Test Loss: 1766.3811, Test Node Loss: 867.6181, Test Reg Loss: 8.9876, Test MAPE: 10.1653, Test R: 0.8150, Test RRSE: 0.7899
2025-02-10 15:09:37,757:INFO:Epoch 34: Train Loss: 1689.9587, Train Node Loss: 905.4474, Train Reg Loss: 7.8451, Train MAPE: 9.8600, Train R: 0.7932, Train RRSE: 0.7259, Test Loss: 1683.3716, Test Node Loss: 847.1017, Test Reg Loss: 8.3627, Test MAPE: 10.0610, Test R: 0.8149, Test RRSE: 0.7620
2025-02-10 15:09:54,121:INFO:Epoch 35: Train Loss: 1652.6844, Train Node Loss: 874.7294, Train Reg Loss: 7.7795, Train MAPE: 9.9225, Train R: 0.7928, Train RRSE: 0.7228, Test Loss: 1712.5312, Test Node Loss: 797.4816, Test Reg Loss: 9.1505, Test MAPE: 10.1849, Test R: 0.8148, Test RRSE: 0.7971
2025-02-10 15:10:10,517:INFO:Epoch 36: Train Loss: 1609.5878, Train Node Loss: 831.6973, Train Reg Loss: 7.7789, Train MAPE: 9.8426, Train R: 0.7929, Train RRSE: 0.7228, Test Loss: 1674.2300, Test Node Loss: 768.3274, Test Reg Loss: 9.0590, Test MAPE: 10.2125, Test R: 0.8146, Test RRSE: 0.7931
2025-02-10 15:10:26,877:INFO:Epoch 37: Train Loss: 1604.2404, Train Node Loss: 810.3165, Train Reg Loss: 7.9392, Train MAPE: 9.9382, Train R: 0.7716, Train RRSE: 0.7302, Test Loss: 1642.1413, Test Node Loss: 739.6920, Test Reg Loss: 9.0245, Test MAPE: 10.2263, Test R: 0.8147, Test RRSE: 0.7916
2025-02-10 15:10:43,243:INFO:Epoch 38: Train Loss: 1532.0944, Train Node Loss: 767.0593, Train Reg Loss: 7.6504, Train MAPE: 9.8686, Train R: 0.7910, Train RRSE: 0.7168, Test Loss: 1677.1677, Test Node Loss: 700.4816, Test Reg Loss: 9.7669, Test MAPE: 10.3469, Test R: 0.8154, Test RRSE: 0.8235
2025-02-10 15:10:59,628:INFO:Epoch 39: Train Loss: 1514.6007, Train Node Loss: 745.2665, Train Reg Loss: 7.6933, Train MAPE: 9.9134, Train R: 0.7782, Train RRSE: 0.7188, Test Loss: 1585.9650, Test Node Loss: 685.2659, Test Reg Loss: 9.0070, Test MAPE: 10.3108, Test R: 0.8159, Test RRSE: 0.7908
2025-02-10 15:11:16,277:INFO:Epoch 40: Train Loss: 1474.3582, Train Node Loss: 734.1554, Train Reg Loss: 7.4020, Train MAPE: 10.1372, Train R: 0.7910, Train RRSE: 0.7051, Test Loss: 1539.4747, Test Node Loss: 663.8465, Test Reg Loss: 8.7563, Test MAPE: 10.2531, Test R: 0.8161, Test RRSE: 0.7797
2025-02-10 15:11:32,608:INFO:Epoch 41: Train Loss: 1461.0641, Train Node Loss: 697.6355, Train Reg Loss: 7.6343, Train MAPE: 10.0204, Train R: 0.7730, Train RRSE: 0.7160, Test Loss: 1633.9668, Test Node Loss: 621.6249, Test Reg Loss: 10.1234, Test MAPE: 10.5520, Test R: 0.8161, Test RRSE: 0.8384
2025-02-10 15:11:48,983:INFO:Epoch 42: Train Loss: 1432.1365, Train Node Loss: 671.7350, Train Reg Loss: 7.6040, Train MAPE: 9.9831, Train R: 0.7758, Train RRSE: 0.7146, Test Loss: 1535.1160, Test Node Loss: 611.0901, Test Reg Loss: 9.2403, Test MAPE: 10.4002, Test R: 0.8159, Test RRSE: 0.8010
2025-02-10 15:12:05,270:INFO:Epoch 43: Train Loss: 1363.5030, Train Node Loss: 643.9840, Train Reg Loss: 7.1952, Train MAPE: 10.0079, Train R: 0.7959, Train RRSE: 0.6951, Test Loss: 1560.1414, Test Node Loss: 583.3233, Test Reg Loss: 9.7682, Test MAPE: 10.5963, Test R: 0.8167, Test RRSE: 0.8235
2025-02-10 15:12:21,910:INFO:Epoch 44: Train Loss: 1352.8557, Train Node Loss: 625.9161, Train Reg Loss: 7.2694, Train MAPE: 10.0278, Train R: 0.7793, Train RRSE: 0.6987, Test Loss: 1430.6172, Test Node Loss: 578.9440, Test Reg Loss: 8.5167, Test MAPE: 10.4531, Test R: 0.8173, Test RRSE: 0.7690
2025-02-10 15:12:38,226:INFO:Epoch 45: Train Loss: 1328.5937, Train Node Loss: 625.7047, Train Reg Loss: 7.0289, Train MAPE: 10.4564, Train R: 0.7853, Train RRSE: 0.6871, Test Loss: 1489.3229, Test Node Loss: 548.2578, Test Reg Loss: 9.4107, Test MAPE: 10.5687, Test R: 0.8175, Test RRSE: 0.8083
2025-02-10 15:12:54,603:INFO:Epoch 46: Train Loss: 1282.5257, Train Node Loss: 588.5898, Train Reg Loss: 6.9394, Train MAPE: 10.1889, Train R: 0.7889, Train RRSE: 0.6827, Test Loss: 1628.2795, Test Node Loss: 513.3848, Test Reg Loss: 11.1489, Test MAPE: 10.8460, Test R: 0.8183, Test RRSE: 0.8798
2025-02-10 15:13:10,910:INFO:Epoch 47: Train Loss: 1284.7281, Train Node Loss: 559.0727, Train Reg Loss: 7.2566, Train MAPE: 10.0775, Train R: 0.7814, Train RRSE: 0.6981, Test Loss: 1432.2718, Test Node Loss: 516.0739, Test Reg Loss: 9.1620, Test MAPE: 10.6739, Test R: 0.8189, Test RRSE: 0.7976
2025-02-10 15:13:27,272:INFO:Epoch 48: Train Loss: 1268.6118, Train Node Loss: 570.3534, Train Reg Loss: 6.9826, Train MAPE: 10.5064, Train R: 0.7735, Train RRSE: 0.6848, Test Loss: 1277.1548, Test Node Loss: 520.1340, Test Reg Loss: 7.5702, Test MAPE: 10.5698, Test R: 0.8192, Test RRSE: 0.7250
2025-02-10 15:13:43,619:INFO:Epoch 49: Train Loss: 1217.1606, Train Node Loss: 551.1316, Train Reg Loss: 6.6603, Train MAPE: 10.4500, Train R: 0.7857, Train RRSE: 0.6688, Test Loss: 1738.4150, Test Node Loss: 454.6483, Test Reg Loss: 12.8377, Test MAPE: 11.4285, Test R: 0.8207, Test RRSE: 0.9441
2025-02-10 15:13:59,935:INFO:Epoch 50: Train Loss: 1268.4147, Train Node Loss: 500.9488, Train Reg Loss: 7.6747, Train MAPE: 10.0731, Train R: 0.7653, Train RRSE: 0.7179, Test Loss: 1500.7391, Test Node Loss: 458.5300, Test Reg Loss: 10.4221, Test MAPE: 10.9989, Test R: 0.8215, Test RRSE: 0.8507
2025-02-10 15:14:16,278:INFO:Epoch 51: Train Loss: 1179.4585, Train Node Loss: 522.7893, Train Reg Loss: 6.5667, Train MAPE: 10.7476, Train R: 0.7866, Train RRSE: 0.6641, Test Loss: 1172.1185, Test Node Loss: 483.9406, Test Reg Loss: 6.8818, Test MAPE: 10.4708, Test R: 0.8227, Test RRSE: 0.6912
2025-02-10 15:14:32,634:INFO:Epoch 52: Train Loss: 1164.6970, Train Node Loss: 499.1840, Train Reg Loss: 6.6551, Train MAPE: 10.6193, Train R: 0.7744, Train RRSE: 0.6685, Test Loss: 1608.1357, Test Node Loss: 422.4679, Test Reg Loss: 11.8567, Test MAPE: 11.3858, Test R: 0.8233, Test RRSE: 0.9073
2025-02-10 15:14:49,015:INFO:Epoch 53: Train Loss: 1144.7135, Train Node Loss: 483.5043, Train Reg Loss: 6.6121, Train MAPE: 10.6537, Train R: 0.7747, Train RRSE: 0.6664, Test Loss: 1189.4562, Test Node Loss: 449.3892, Test Reg Loss: 7.4007, Test MAPE: 10.6977, Test R: 0.8245, Test RRSE: 0.7168
2025-02-10 15:15:05,413:INFO:Epoch 54: Train Loss: 1070.8013, Train Node Loss: 476.5872, Train Reg Loss: 5.9421, Train MAPE: 10.6654, Train R: 0.8080, Train RRSE: 0.6317, Test Loss: 1501.4998, Test Node Loss: 405.6643, Test Reg Loss: 10.9584, Test MAPE: 11.1805, Test R: 0.8251, Test RRSE: 0.8723
2025-02-10 15:15:21,747:INFO:Epoch 55: Train Loss: 1069.2969, Train Node Loss: 451.2259, Train Reg Loss: 6.1807, Train MAPE: 10.4789, Train R: 0.8047, Train RRSE: 0.6443, Test Loss: 1334.2153, Test Node Loss: 407.8973, Test Reg Loss: 9.2632, Test MAPE: 11.0872, Test R: 0.8254, Test RRSE: 0.8020
2025-02-10 15:15:38,291:INFO:Epoch 56: Train Loss: 1047.7459, Train Node Loss: 455.2027, Train Reg Loss: 5.9254, Train MAPE: 10.7812, Train R: 0.8024, Train RRSE: 0.6308, Test Loss: 1208.5079, Test Node Loss: 408.7437, Test Reg Loss: 7.9976, Test MAPE: 10.8214, Test R: 0.8261, Test RRSE: 0.7452
2025-02-10 15:15:54,591:INFO:Epoch 57: Train Loss: 1025.3632, Train Node Loss: 443.0404, Train Reg Loss: 5.8232, Train MAPE: 10.8020, Train R: 0.8042, Train RRSE: 0.6254, Test Loss: 1437.8831, Test Node Loss: 377.9001, Test Reg Loss: 10.5998, Test MAPE: 11.3947, Test R: 0.8263, Test RRSE: 0.8579
2025-02-10 15:16:10,935:INFO:Epoch 58: Train Loss: 993.5572, Train Node Loss: 417.4675, Train Reg Loss: 5.7609, Train MAPE: 10.6325, Train R: 0.8173, Train RRSE: 0.6220, Test Loss: 1303.0034, Test Node Loss: 377.6217, Test Reg Loss: 9.2538, Test MAPE: 11.2028, Test R: 0.8273, Test RRSE: 0.8016
2025-02-10 15:16:27,280:INFO:Epoch 59: Train Loss: 984.9138, Train Node Loss: 425.7049, Train Reg Loss: 5.5921, Train MAPE: 11.0152, Train R: 0.8112, Train RRSE: 0.6128, Test Loss: 1087.2044, Test Node Loss: 388.2885, Test Reg Loss: 6.9892, Test MAPE: 10.9637, Test R: 0.8291, Test RRSE: 0.6966
2025-02-10 15:16:43,555:INFO:Epoch 60: Train Loss: 971.0228, Train Node Loss: 406.9016, Train Reg Loss: 5.6412, Train MAPE: 10.9850, Train R: 0.8065, Train RRSE: 0.6155, Test Loss: 1696.9815, Test Node Loss: 335.1923, Test Reg Loss: 13.6179, Test MAPE: 12.2322, Test R: 0.8275, Test RRSE: 0.9724
2025-02-10 15:16:59,885:INFO:Epoch 61: Train Loss: 966.9630, Train Node Loss: 394.9098, Train Reg Loss: 5.7205, Train MAPE: 10.9546, Train R: 0.8015, Train RRSE: 0.6198, Test Loss: 1065.9548, Test Node Loss: 369.2824, Test Reg Loss: 6.9667, Test MAPE: 10.9621, Test R: 0.8310, Test RRSE: 0.6955
2025-02-10 15:17:16,527:INFO:Epoch 62: Train Loss: 993.4959, Train Node Loss: 388.6194, Train Reg Loss: 6.0488, Train MAPE: 11.0523, Train R: 0.7839, Train RRSE: 0.6374, Test Loss: 1276.5035, Test Node Loss: 341.1753, Test Reg Loss: 9.3533, Test MAPE: 11.4697, Test R: 0.8325, Test RRSE: 0.8059
2025-02-10 15:17:32,919:INFO:Epoch 63: Train Loss: 892.2066, Train Node Loss: 386.5650, Train Reg Loss: 5.0564, Train MAPE: 11.0805, Train R: 0.8328, Train RRSE: 0.5827, Test Loss: 1048.6524, Test Node Loss: 351.5188, Test Reg Loss: 6.9713, Test MAPE: 11.1132, Test R: 0.8353, Test RRSE: 0.6957
2025-02-10 15:17:49,249:INFO:Epoch 64: Train Loss: 921.3355, Train Node Loss: 372.6902, Train Reg Loss: 5.4865, Train MAPE: 10.9582, Train R: 0.8122, Train RRSE: 0.6070, Test Loss: 1372.0239, Test Node Loss: 318.8605, Test Reg Loss: 10.5316, Test MAPE: 11.8112, Test R: 0.8350, Test RRSE: 0.8551
2025-02-10 15:18:05,653:INFO:Epoch 65: Train Loss: 909.5322, Train Node Loss: 366.2853, Train Reg Loss: 5.4325, Train MAPE: 11.0078, Train R: 0.8155, Train RRSE: 0.6040, Test Loss: 1225.1645, Test Node Loss: 320.0065, Test Reg Loss: 9.0516, Test MAPE: 11.4756, Test R: 0.8354, Test RRSE: 0.7928
2025-02-10 15:18:22,030:INFO:Epoch 66: Train Loss: 891.4309, Train Node Loss: 349.7659, Train Reg Loss: 5.4166, Train MAPE: 10.9448, Train R: 0.8188, Train RRSE: 0.6031, Test Loss: 1292.6080, Test Node Loss: 307.5225, Test Reg Loss: 9.8509, Test MAPE: 11.7347, Test R: 0.8356, Test RRSE: 0.8270
2025-02-10 15:18:38,405:INFO:Epoch 67: Train Loss: 865.9727, Train Node Loss: 353.0596, Train Reg Loss: 5.1291, Train MAPE: 11.1379, Train R: 0.8256, Train RRSE: 0.5869, Test Loss: 986.6027, Test Node Loss: 322.6015, Test Reg Loss: 6.6400, Test MAPE: 11.3011, Test R: 0.8384, Test RRSE: 0.6790
2025-02-10 15:18:54,827:INFO:Epoch 68: Train Loss: 843.8884, Train Node Loss: 345.4904, Train Reg Loss: 4.9840, Train MAPE: 11.1524, Train R: 0.8304, Train RRSE: 0.5785, Test Loss: 1310.7084, Test Node Loss: 291.8180, Test Reg Loss: 10.1889, Test MAPE: 11.8809, Test R: 0.8385, Test RRSE: 0.8411
2025-02-10 15:19:11,204:INFO:Epoch 69: Train Loss: 837.0215, Train Node Loss: 330.6153, Train Reg Loss: 5.0641, Train MAPE: 11.0763, Train R: 0.8297, Train RRSE: 0.5832, Test Loss: 947.8298, Test Node Loss: 309.9385, Test Reg Loss: 6.3789, Test MAPE: 11.2515, Test R: 0.8428, Test RRSE: 0.6655
2025-02-10 15:19:11,228:INFO:Checkpoint saved at best_0.0008_0.001_256_SAGE_2_64_0.8428_epoch_69.pth
2025-02-10 15:19:27,576:INFO:Epoch 70: Train Loss: 810.1596, Train Node Loss: 327.0902, Train Reg Loss: 4.8307, Train MAPE: 11.1448, Train R: 0.8376, Train RRSE: 0.5696, Test Loss: 1140.2232, Test Node Loss: 289.0294, Test Reg Loss: 8.5119, Test MAPE: 11.5929, Test R: 0.8402, Test RRSE: 0.7688
2025-02-10 15:19:43,925:INFO:Epoch 71: Train Loss: 814.0162, Train Node Loss: 322.7047, Train Reg Loss: 4.9131, Train MAPE: 11.2719, Train R: 0.8303, Train RRSE: 0.5744, Test Loss: 1075.0653, Test Node Loss: 285.9030, Test Reg Loss: 7.8916, Test MAPE: 11.6105, Test R: 0.8420, Test RRSE: 0.7402
2025-02-10 15:20:00,312:INFO:Epoch 72: Train Loss: 786.5608, Train Node Loss: 311.3857, Train Reg Loss: 4.7518, Train MAPE: 11.0962, Train R: 0.8429, Train RRSE: 0.5649, Test Loss: 1065.4449, Test Node Loss: 279.2216, Test Reg Loss: 7.8622, Test MAPE: 11.6442, Test R: 0.8446, Test RRSE: 0.7388
2025-02-10 15:20:00,346:INFO:Checkpoint saved at best_0.0008_0.001_256_SAGE_2_64_0.8446_epoch_72.pth
2025-02-10 15:20:16,717:INFO:Epoch 73: Train Loss: 832.2317, Train Node Loss: 313.3736, Train Reg Loss: 5.1886, Train MAPE: 11.3373, Train R: 0.8214, Train RRSE: 0.5903, Test Loss: 1057.8034, Test Node Loss: 274.4019, Test Reg Loss: 7.8340, Test MAPE: 11.5427, Test R: 0.8460, Test RRSE: 0.7375
2025-02-10 15:20:16,752:INFO:Checkpoint saved at best_0.0008_0.001_256_SAGE_2_64_0.8460_epoch_73.pth
2025-02-10 15:20:33,384:INFO:Epoch 74: Train Loss: 813.5517, Train Node Loss: 288.7120, Train Reg Loss: 5.2484, Train MAPE: 11.0290, Train R: 0.8357, Train RRSE: 0.5937, Test Loss: 964.7612, Test Node Loss: 275.2488, Test Reg Loss: 6.8951, Test MAPE: 11.4917, Test R: 0.8477, Test RRSE: 0.6919
2025-02-10 15:20:33,409:INFO:Checkpoint saved at best_0.0008_0.001_256_SAGE_2_64_0.8477_epoch_74.pth
2025-02-10 15:20:49,761:INFO:Epoch 75: Train Loss: 826.3754, Train Node Loss: 308.1142, Train Reg Loss: 5.1826, Train MAPE: 11.5073, Train R: 0.8269, Train RRSE: 0.5900, Test Loss: 878.0566, Test Node Loss: 276.1389, Test Reg Loss: 6.0192, Test MAPE: 11.4415, Test R: 0.8500, Test RRSE: 0.6465
2025-02-10 15:20:49,782:INFO:Checkpoint saved at best_0.0008_0.001_256_SAGE_2_64_0.8500_epoch_75.pth
2025-02-10 15:21:06,226:INFO:Epoch 76: Train Loss: 753.8559, Train Node Loss: 287.3759, Train Reg Loss: 4.6648, Train MAPE: 11.1628, Train R: 0.8451, Train RRSE: 0.5597, Test Loss: 1304.1668, Test Node Loss: 246.9574, Test Reg Loss: 10.5721, Test MAPE: 12.2764, Test R: 0.8459, Test RRSE: 0.8568
2025-02-10 15:21:22,835:INFO:Epoch 77: Train Loss: 760.2026, Train Node Loss: 279.8249, Train Reg Loss: 4.8038, Train MAPE: 11.1189, Train R: 0.8395, Train RRSE: 0.5680, Test Loss: 812.7361, Test Node Loss: 272.5973, Test Reg Loss: 5.4014, Test MAPE: 11.5147, Test R: 0.8481, Test RRSE: 0.6124
2025-02-10 15:21:39,191:INFO:Epoch 78: Train Loss: 764.8609, Train Node Loss: 292.1684, Train Reg Loss: 4.7269, Train MAPE: 11.6330, Train R: 0.8432, Train RRSE: 0.5634, Test Loss: 1116.1571, Test Node Loss: 246.4733, Test Reg Loss: 8.6968, Test MAPE: 11.9991, Test R: 0.8483, Test RRSE: 0.7771
2025-02-10 15:21:55,738:INFO:Epoch 79: Train Loss: 767.6755, Train Node Loss: 263.9870, Train Reg Loss: 5.0369, Train MAPE: 11.0884, Train R: 0.8371, Train RRSE: 0.5816, Test Loss: 892.8331, Test Node Loss: 253.0324, Test Reg Loss: 6.3980, Test MAPE: 11.6065, Test R: 0.8521, Test RRSE: 0.6665
2025-02-10 15:21:55,775:INFO:Checkpoint saved at best_0.0008_0.001_256_SAGE_2_64_0.8521_epoch_79.pth
2025-02-10 15:22:12,391:INFO:Epoch 80: Train Loss: 731.7826, Train Node Loss: 275.2905, Train Reg Loss: 4.5649, Train MAPE: 11.3928, Train R: 0.8467, Train RRSE: 0.5537, Test Loss: 708.2142, Test Node Loss: 268.2171, Test Reg Loss: 4.4000, Test MAPE: 11.5523, Test R: 0.8555, Test RRSE: 0.5527
2025-02-10 15:22:12,411:INFO:Checkpoint saved at best_0.0008_0.001_256_SAGE_2_64_0.8555_epoch_80.pth
2025-02-10 15:22:28,750:INFO:Epoch 81: Train Loss: 691.6142, Train Node Loss: 270.2981, Train Reg Loss: 4.2132, Train MAPE: 11.3533, Train R: 0.8622, Train RRSE: 0.5319, Test Loss: 1311.5903, Test Node Loss: 223.1725, Test Reg Loss: 10.8842, Test MAPE: 12.3915, Test R: 0.8519, Test RRSE: 0.8693
2025-02-10 15:22:45,066:INFO:Epoch 82: Train Loss: 746.1088, Train Node Loss: 251.4037, Train Reg Loss: 4.9471, Train MAPE: 11.1147, Train R: 0.8389, Train RRSE: 0.5764, Test Loss: 855.5866, Test Node Loss: 240.6928, Test Reg Loss: 6.1489, Test MAPE: 11.6348, Test R: 0.8554, Test RRSE: 0.6534
2025-02-10 15:23:01,399:INFO:Epoch 83: Train Loss: 672.7676, Train Node Loss: 258.0232, Train Reg Loss: 4.1474, Train MAPE: 11.4238, Train R: 0.8633, Train RRSE: 0.5278, Test Loss: 828.7580, Test Node Loss: 238.5240, Test Reg Loss: 5.9023, Test MAPE: 11.6968, Test R: 0.8564, Test RRSE: 0.6402
2025-02-10 15:23:01,437:INFO:Checkpoint saved at best_0.0008_0.001_256_SAGE_2_64_0.8564_epoch_83.pth
2025-02-10 15:23:17,862:INFO:Epoch 84: Train Loss: 699.6819, Train Node Loss: 250.8146, Train Reg Loss: 4.4887, Train MAPE: 11.3306, Train R: 0.8476, Train RRSE: 0.5490, Test Loss: 867.5763, Test Node Loss: 231.8169, Test Reg Loss: 6.3576, Test MAPE: 11.7696, Test R: 0.8561, Test RRSE: 0.6644
2025-02-10 15:23:34,224:INFO:Epoch 85: Train Loss: 686.9359, Train Node Loss: 244.4861, Train Reg Loss: 4.4245, Train MAPE: 11.3776, Train R: 0.8499, Train RRSE: 0.5451, Test Loss: 771.6331, Test Node Loss: 232.2335, Test Reg Loss: 5.3940, Test MAPE: 11.6228, Test R: 0.8587, Test RRSE: 0.6120
2025-02-10 15:23:34,247:INFO:Checkpoint saved at best_0.0008_0.001_256_SAGE_2_64_0.8587_epoch_85.pth
2025-02-10 15:23:50,667:INFO:Epoch 86: Train Loss: 664.1686, Train Node Loss: 243.5642, Train Reg Loss: 4.2060, Train MAPE: 11.3311, Train R: 0.8614, Train RRSE: 0.5315, Test Loss: 721.5598, Test Node Loss: 232.6877, Test Reg Loss: 4.8887, Test MAPE: 11.6144, Test R: 0.8599, Test RRSE: 0.5826
2025-02-10 15:23:50,708:INFO:Checkpoint saved at best_0.0008_0.001_256_SAGE_2_64_0.8599_epoch_86.pth
2025-02-10 15:24:07,080:INFO:Epoch 87: Train Loss: 699.2267, Train Node Loss: 239.8377, Train Reg Loss: 4.5939, Train MAPE: 11.3736, Train R: 0.8423, Train RRSE: 0.5554, Test Loss: 1232.8782, Test Node Loss: 204.4018, Test Reg Loss: 10.2848, Test MAPE: 12.5438, Test R: 0.8539, Test RRSE: 0.8450
2025-02-10 15:24:23,470:INFO:Epoch 88: Train Loss: 668.7520, Train Node Loss: 235.3834, Train Reg Loss: 4.3337, Train MAPE: 11.4876, Train R: 0.8511, Train RRSE: 0.5395, Test Loss: 905.0200, Test Node Loss: 213.3749, Test Reg Loss: 6.9165, Test MAPE: 12.0027, Test R: 0.8557, Test RRSE: 0.6930
2025-02-10 15:24:39,846:INFO:Epoch 89: Train Loss: 726.1344, Train Node Loss: 226.0139, Train Reg Loss: 5.0012, Train MAPE: 11.3084, Train R: 0.8244, Train RRSE: 0.5795, Test Loss: 730.2687, Test Node Loss: 217.8908, Test Reg Loss: 5.1238, Test MAPE: 11.6927, Test R: 0.8591, Test RRSE: 0.5964
2025-02-10 15:24:56,233:INFO:Epoch 90: Train Loss: 659.8911, Train Node Loss: 225.0033, Train Reg Loss: 4.3489, Train MAPE: 11.3061, Train R: 0.8548, Train RRSE: 0.5404, Test Loss: 782.8977, Test Node Loss: 209.5817, Test Reg Loss: 5.7332, Test MAPE: 11.7471, Test R: 0.8612, Test RRSE: 0.6309
2025-02-10 15:24:56,271:INFO:Checkpoint saved at best_0.0008_0.001_256_SAGE_2_64_0.8612_epoch_90.pth
2025-02-10 15:25:12,630:INFO:Epoch 91: Train Loss: 644.7437, Train Node Loss: 225.9143, Train Reg Loss: 4.1883, Train MAPE: 11.5534, Train R: 0.8590, Train RRSE: 0.5304, Test Loss: 792.0311, Test Node Loss: 205.8315, Test Reg Loss: 5.8620, Test MAPE: 11.7930, Test R: 0.8617, Test RRSE: 0.6380
2025-02-10 15:25:12,657:INFO:Checkpoint saved at best_0.0008_0.001_256_SAGE_2_64_0.8617_epoch_91.pth
2025-02-10 15:25:29,036:INFO:Epoch 92: Train Loss: 623.0757, Train Node Loss: 216.1231, Train Reg Loss: 4.0695, Train MAPE: 11.3697, Train R: 0.8651, Train RRSE: 0.5228, Test Loss: 1028.7448, Test Node Loss: 190.6973, Test Reg Loss: 8.3805, Test MAPE: 12.2066, Test R: 0.8614, Test RRSE: 0.7628
2025-02-10 15:25:45,375:INFO:Epoch 93: Train Loss: 615.2294, Train Node Loss: 211.7174, Train Reg Loss: 4.0351, Train MAPE: 11.4371, Train R: 0.8650, Train RRSE: 0.5206, Test Loss: 717.7211, Test Node Loss: 203.3884, Test Reg Loss: 5.1433, Test MAPE: 11.7835, Test R: 0.8632, Test RRSE: 0.5976
2025-02-10 15:25:45,405:INFO:Checkpoint saved at best_0.0008_0.001_256_SAGE_2_64_0.8632_epoch_93.pth
2025-02-10 15:26:02,011:INFO:Epoch 94: Train Loss: 612.3984, Train Node Loss: 214.1174, Train Reg Loss: 3.9828, Train MAPE: 11.5820, Train R: 0.8663, Train RRSE: 0.5172, Test Loss: 868.9741, Test Node Loss: 190.8815, Test Reg Loss: 6.7809, Test MAPE: 12.0328, Test R: 0.8638, Test RRSE: 0.6862
2025-02-10 15:26:02,042:INFO:Checkpoint saved at best_0.0008_0.001_256_SAGE_2_64_0.8638_epoch_94.pth
2025-02-10 15:26:18,466:INFO:Epoch 95: Train Loss: 607.9967, Train Node Loss: 203.3728, Train Reg Loss: 4.0462, Train MAPE: 11.4124, Train R: 0.8663, Train RRSE: 0.5213, Test Loss: 687.1208, Test Node Loss: 197.5827, Test Reg Loss: 4.8954, Test MAPE: 11.7956, Test R: 0.8651, Test RRSE: 0.5830
2025-02-10 15:26:18,491:INFO:Checkpoint saved at best_0.0008_0.001_256_SAGE_2_64_0.8651_epoch_95.pth
2025-02-10 15:26:35,078:INFO:Epoch 96: Train Loss: 612.3955, Train Node Loss: 210.1125, Train Reg Loss: 4.0228, Train MAPE: 11.6742, Train R: 0.8668, Train RRSE: 0.5198, Test Loss: 983.2433, Test Node Loss: 180.8975, Test Reg Loss: 8.0235, Test MAPE: 12.2632, Test R: 0.8642, Test RRSE: 0.7464
2025-02-10 15:26:51,724:INFO:Epoch 97: Train Loss: 600.8323, Train Node Loss: 196.7907, Train Reg Loss: 4.0404, Train MAPE: 11.4739, Train R: 0.8658, Train RRSE: 0.5209, Test Loss: 826.4121, Test Node Loss: 183.8961, Test Reg Loss: 6.4252, Test MAPE: 12.0298, Test R: 0.8666, Test RRSE: 0.6679
2025-02-10 15:26:51,749:INFO:Checkpoint saved at best_0.0008_0.001_256_SAGE_2_64_0.8666_epoch_97.pth
2025-02-10 15:27:08,390:INFO:Epoch 98: Train Loss: 597.2738, Train Node Loss: 196.6083, Train Reg Loss: 4.0067, Train MAPE: 11.4701, Train R: 0.8657, Train RRSE: 0.5187, Test Loss: 684.6431, Test Node Loss: 187.5174, Test Reg Loss: 4.9713, Test MAPE: 11.7246, Test R: 0.8688, Test RRSE: 0.5875
2025-02-10 15:27:08,413:INFO:Checkpoint saved at best_0.0008_0.001_256_SAGE_2_64_0.8688_epoch_98.pth
2025-02-10 15:27:24,747:INFO:Epoch 99: Train Loss: 591.9658, Train Node Loss: 196.0874, Train Reg Loss: 3.9588, Train MAPE: 11.5272, Train R: 0.8664, Train RRSE: 0.5156, Test Loss: 886.9439, Test Node Loss: 175.5513, Test Reg Loss: 7.1139, Test MAPE: 12.2604, Test R: 0.8682, Test RRSE: 0.7028
2025-02-10 15:27:41,124:INFO:Epoch 100: Train Loss: 581.2210, Train Node Loss: 189.0959, Train Reg Loss: 3.9213, Train MAPE: 11.5364, Train R: 0.8685, Train RRSE: 0.5132, Test Loss: 739.2600, Test Node Loss: 180.2147, Test Reg Loss: 5.5905, Test MAPE: 12.0131, Test R: 0.8687, Test RRSE: 0.6230
2025-02-10 15:27:57,512:INFO:Epoch 101: Train Loss: 603.1616, Train Node Loss: 195.8304, Train Reg Loss: 4.0733, Train MAPE: 11.7760, Train R: 0.8627, Train RRSE: 0.5230, Test Loss: 1147.2314, Test Node Loss: 162.3566, Test Reg Loss: 9.8487, Test MAPE: 12.7337, Test R: 0.8666, Test RRSE: 0.8269
2025-02-10 15:28:14,122:INFO:Epoch 102: Train Loss: 635.0739, Train Node Loss: 176.2628, Train Reg Loss: 4.5881, Train MAPE: 11.4677, Train R: 0.8555, Train RRSE: 0.5551, Test Loss: 559.3939, Test Node Loss: 189.3004, Test Reg Loss: 3.7009, Test MAPE: 11.8857, Test R: 0.8695, Test RRSE: 0.5069
2025-02-10 15:28:14,151:INFO:Checkpoint saved at best_0.0008_0.001_256_SAGE_2_64_0.8695_epoch_102.pth
2025-02-10 15:28:30,784:INFO:Epoch 103: Train Loss: 600.7475, Train Node Loss: 191.3904, Train Reg Loss: 4.0936, Train MAPE: 11.8762, Train R: 0.8695, Train RRSE: 0.5243, Test Loss: 799.2471, Test Node Loss: 167.6306, Test Reg Loss: 6.3162, Test MAPE: 12.0863, Test R: 0.8701, Test RRSE: 0.6622
2025-02-10 15:28:30,812:INFO:Checkpoint saved at best_0.0008_0.001_256_SAGE_2_64_0.8701_epoch_103.pth
2025-02-10 15:28:47,226:INFO:Epoch 104: Train Loss: 585.2243, Train Node Loss: 172.9125, Train Reg Loss: 4.1231, Train MAPE: 11.3538, Train R: 0.8688, Train RRSE: 0.5262, Test Loss: 1167.5091, Test Node Loss: 155.2322, Test Reg Loss: 10.1228, Test MAPE: 12.8982, Test R: 0.8686, Test RRSE: 0.8384
2025-02-10 15:29:03,592:INFO:Epoch 105: Train Loss: 571.6385, Train Node Loss: 180.0140, Train Reg Loss: 3.9162, Train MAPE: 11.6956, Train R: 0.8658, Train RRSE: 0.5128, Test Loss: 639.0270, Test Node Loss: 172.8567, Test Reg Loss: 4.6617, Test MAPE: 12.0261, Test R: 0.8717, Test RRSE: 0.5689
2025-02-10 15:29:03,622:INFO:Checkpoint saved at best_0.0008_0.001_256_SAGE_2_64_0.8717_epoch_105.pth
2025-02-10 15:29:20,269:INFO:Epoch 106: Train Loss: 551.9417, Train Node Loss: 176.4696, Train Reg Loss: 3.7547, Train MAPE: 11.6110, Train R: 0.8718, Train RRSE: 0.5022, Test Loss: 976.1525, Test Node Loss: 153.9329, Test Reg Loss: 8.2222, Test MAPE: 12.4734, Test R: 0.8718, Test RRSE: 0.7556
2025-02-10 15:29:20,293:INFO:Checkpoint saved at best_0.0008_0.001_256_SAGE_2_64_0.8718_epoch_106.pth
2025-02-10 15:29:36,681:INFO:Epoch 107: Train Loss: 567.0366, Train Node Loss: 170.0737, Train Reg Loss: 3.9696, Train MAPE: 11.5146, Train R: 0.8664, Train RRSE: 0.5163, Test Loss: 644.3056, Test Node Loss: 165.3412, Test Reg Loss: 4.7896, Test MAPE: 12.0370, Test R: 0.8745, Test RRSE: 0.5767
2025-02-10 15:29:36,736:INFO:Checkpoint saved at best_0.0008_0.001_256_SAGE_2_64_0.8745_epoch_107.pth
2025-02-10 15:29:53,088:INFO:Epoch 108: Train Loss: 552.5791, Train Node Loss: 169.0837, Train Reg Loss: 3.8350, Train MAPE: 11.6142, Train R: 0.8693, Train RRSE: 0.5075, Test Loss: 709.6022, Test Node Loss: 159.9282, Test Reg Loss: 5.4967, Test MAPE: 12.0342, Test R: 0.8750, Test RRSE: 0.6178
2025-02-10 15:29:53,133:INFO:Checkpoint saved at best_0.0008_0.001_256_SAGE_2_64_0.8750_epoch_108.pth
2025-02-10 15:30:09,506:INFO:Epoch 109: Train Loss: 551.4617, Train Node Loss: 171.4920, Train Reg Loss: 3.7997, Train MAPE: 11.7868, Train R: 0.8703, Train RRSE: 0.5052, Test Loss: 1159.5636, Test Node Loss: 143.4623, Test Reg Loss: 10.1610, Test MAPE: 12.9368, Test R: 0.8734, Test RRSE: 0.8399
2025-02-10 15:30:25,828:INFO:Epoch 110: Train Loss: 552.3843, Train Node Loss: 161.6625, Train Reg Loss: 3.9072, Train MAPE: 11.6516, Train R: 0.8663, Train RRSE: 0.5122, Test Loss: 645.0681, Test Node Loss: 156.7389, Test Reg Loss: 4.8833, Test MAPE: 12.0239, Test R: 0.8767, Test RRSE: 0.5823
2025-02-10 15:30:25,857:INFO:Checkpoint saved at best_0.0008_0.001_256_SAGE_2_64_0.8767_epoch_110.pth
2025-02-10 15:30:42,446:INFO:Epoch 111: Train Loss: 512.9816, Train Node Loss: 161.6966, Train Reg Loss: 3.5128, Train MAPE: 11.6072, Train R: 0.8843, Train RRSE: 0.4857, Test Loss: 739.0426, Test Node Loss: 149.0122, Test Reg Loss: 5.9003, Test MAPE: 12.2158, Test R: 0.8770, Test RRSE: 0.6401
2025-02-10 15:30:42,477:INFO:Checkpoint saved at best_0.0008_0.001_256_SAGE_2_64_0.8770_epoch_111.pth
2025-02-10 15:30:58,867:INFO:Epoch 112: Train Loss: 556.9718, Train Node Loss: 156.0299, Train Reg Loss: 4.0094, Train MAPE: 11.5561, Train R: 0.8637, Train RRSE: 0.5189, Test Loss: 535.7447, Test Node Loss: 157.9998, Test Reg Loss: 3.7774, Test MAPE: 11.8532, Test R: 0.8773, Test RRSE: 0.5121
2025-02-10 15:30:58,889:INFO:Checkpoint saved at best_0.0008_0.001_256_SAGE_2_64_0.8773_epoch_112.pth
2025-02-10 15:31:15,324:INFO:Epoch 113: Train Loss: 533.2968, Train Node Loss: 157.7921, Train Reg Loss: 3.7550, Train MAPE: 11.6274, Train R: 0.8724, Train RRSE: 0.5022, Test Loss: 1037.0268, Test Node Loss: 138.3426, Test Reg Loss: 8.9868, Test MAPE: 12.8849, Test R: 0.8746, Test RRSE: 0.7899
2025-02-10 15:31:31,648:INFO:Epoch 114: Train Loss: 527.5125, Train Node Loss: 157.1164, Train Reg Loss: 3.7040, Train MAPE: 11.7616, Train R: 0.8711, Train RRSE: 0.4987, Test Loss: 798.3340, Test Node Loss: 143.4253, Test Reg Loss: 6.5491, Test MAPE: 12.4672, Test R: 0.8766, Test RRSE: 0.6743
2025-02-10 15:31:48,047:INFO:Epoch 115: Train Loss: 534.1462, Train Node Loss: 154.1323, Train Reg Loss: 3.8001, Train MAPE: 11.7606, Train R: 0.8674, Train RRSE: 0.5052, Test Loss: 917.9162, Test Node Loss: 135.4035, Test Reg Loss: 7.8251, Test MAPE: 12.6382, Test R: 0.8779, Test RRSE: 0.7371
2025-02-10 15:31:48,077:INFO:Checkpoint saved at best_0.0008_0.001_256_SAGE_2_64_0.8779_epoch_115.pth
2025-02-10 15:32:04,455:INFO:Epoch 116: Train Loss: 523.6434, Train Node Loss: 149.6761, Train Reg Loss: 3.7397, Train MAPE: 11.7538, Train R: 0.8706, Train RRSE: 0.5011, Test Loss: 513.4217, Test Node Loss: 148.7304, Test Reg Loss: 3.6469, Test MAPE: 11.9839, Test R: 0.8796, Test RRSE: 0.5032
2025-02-10 15:32:04,478:INFO:Checkpoint saved at best_0.0008_0.001_256_SAGE_2_64_0.8796_epoch_116.pth
2025-02-10 15:32:20,872:INFO:Epoch 117: Train Loss: 562.1479, Train Node Loss: 144.0151, Train Reg Loss: 4.1813, Train MAPE: 11.5914, Train R: 0.8553, Train RRSE: 0.5299, Test Loss: 489.9615, Test Node Loss: 148.8878, Test Reg Loss: 3.4107, Test MAPE: 11.9277, Test R: 0.8804, Test RRSE: 0.4866
2025-02-10 15:32:20,898:INFO:Checkpoint saved at best_0.0008_0.001_256_SAGE_2_64_0.8804_epoch_117.pth
2025-02-10 15:32:37,113:INFO:Epoch 118: Train Loss: 506.7646, Train Node Loss: 148.9818, Train Reg Loss: 3.5778, Train MAPE: 11.7637, Train R: 0.8833, Train RRSE: 0.4902, Test Loss: 703.8063, Test Node Loss: 135.4853, Test Reg Loss: 5.6832, Test MAPE: 12.2662, Test R: 0.8798, Test RRSE: 0.6282
2025-02-10 15:32:53,363:INFO:Epoch 119: Train Loss: 491.9529, Train Node Loss: 143.6234, Train Reg Loss: 3.4833, Train MAPE: 11.7692, Train R: 0.8811, Train RRSE: 0.4837, Test Loss: 792.6846, Test Node Loss: 131.4840, Test Reg Loss: 6.6120, Test MAPE: 12.5915, Test R: 0.8794, Test RRSE: 0.6776
2025-02-10 15:33:09,600:INFO:Epoch 120: Train Loss: 495.2577, Train Node Loss: 141.9680, Train Reg Loss: 3.5329, Train MAPE: 11.7914, Train R: 0.8788, Train RRSE: 0.4871, Test Loss: 604.1466, Test Node Loss: 135.4441, Test Reg Loss: 4.6870, Test MAPE: 12.2779, Test R: 0.8810, Test RRSE: 0.5705
2025-02-10 15:33:09,630:INFO:Checkpoint saved at best_0.0008_0.001_256_SAGE_2_64_0.8810_epoch_120.pth
2025-02-10 15:33:25,823:INFO:Epoch 121: Train Loss: 497.9512, Train Node Loss: 141.1361, Train Reg Loss: 3.5682, Train MAPE: 11.7568, Train R: 0.8784, Train RRSE: 0.4895, Test Loss: 845.8876, Test Node Loss: 124.4732, Test Reg Loss: 7.2141, Test MAPE: 12.6679, Test R: 0.8809, Test RRSE: 0.7077
2025-02-10 15:33:42,207:INFO:Epoch 122: Train Loss: 529.7741, Train Node Loss: 130.9957, Train Reg Loss: 3.9878, Train MAPE: 11.6787, Train R: 0.8691, Train RRSE: 0.5175, Test Loss: 469.1958, Test Node Loss: 141.0177, Test Reg Loss: 3.2818, Test MAPE: 12.2530, Test R: 0.8822, Test RRSE: 0.4773
2025-02-10 15:33:42,235:INFO:Checkpoint saved at best_0.0008_0.001_256_SAGE_2_64_0.8822_epoch_122.pth
2025-02-10 15:33:58,418:INFO:Epoch 123: Train Loss: 499.8897, Train Node Loss: 137.1066, Train Reg Loss: 3.6278, Train MAPE: 11.7703, Train R: 0.8800, Train RRSE: 0.4936, Test Loss: 612.6040, Test Node Loss: 127.6599, Test Reg Loss: 4.8494, Test MAPE: 12.1495, Test R: 0.8834, Test RRSE: 0.5803
2025-02-10 15:33:58,458:INFO:Checkpoint saved at best_0.0008_0.001_256_SAGE_2_64_0.8834_epoch_123.pth
2025-02-10 15:34:14,645:INFO:Epoch 124: Train Loss: 508.9221, Train Node Loss: 136.1501, Train Reg Loss: 3.7277, Train MAPE: 11.8957, Train R: 0.8730, Train RRSE: 0.5003, Test Loss: 1043.5270, Test Node Loss: 115.4660, Test Reg Loss: 9.2806, Test MAPE: 12.9893, Test R: 0.8829, Test RRSE: 0.8027
2025-02-10 15:34:30,869:INFO:Epoch 125: Train Loss: 503.5754, Train Node Loss: 124.7427, Train Reg Loss: 3.7883, Train MAPE: 11.5953, Train R: 0.8820, Train RRSE: 0.5044, Test Loss: 459.9972, Test Node Loss: 135.7663, Test Reg Loss: 3.2423, Test MAPE: 12.1977, Test R: 0.8830, Test RRSE: 0.4745
2025-02-10 15:34:47,080:INFO:Epoch 126: Train Loss: 552.7853, Train Node Loss: 138.7572, Train Reg Loss: 4.1403, Train MAPE: 12.3056, Train R: 0.8741, Train RRSE: 0.5273, Test Loss: 1036.3863, Test Node Loss: 111.1107, Test Reg Loss: 9.2528, Test MAPE: 13.0505, Test R: 0.8837, Test RRSE: 0.8015
2025-02-10 15:34:47,115:INFO:Checkpoint saved at best_0.0008_0.001_256_SAGE_2_64_0.8837_epoch_126.pth
2025-02-10 15:35:03,293:INFO:Epoch 127: Train Loss: 530.0244, Train Node Loss: 117.7014, Train Reg Loss: 4.1232, Train MAPE: 11.7254, Train R: 0.8862, Train RRSE: 0.5262, Test Loss: 612.4244, Test Node Loss: 124.6255, Test Reg Loss: 4.8780, Test MAPE: 12.3205, Test R: 0.8849, Test RRSE: 0.5820
2025-02-10 15:35:03,330:INFO:Checkpoint saved at best_0.0008_0.001_256_SAGE_2_64_0.8849_epoch_127.pth
2025-02-10 15:35:19,520:INFO:Epoch 128: Train Loss: 472.1064, Train Node Loss: 131.9599, Train Reg Loss: 3.4015, Train MAPE: 12.0134, Train R: 0.8889, Train RRSE: 0.4779, Test Loss: 589.0354, Test Node Loss: 122.2683, Test Reg Loss: 4.6677, Test MAPE: 12.3067, Test R: 0.8861, Test RRSE: 0.5693
2025-02-10 15:35:19,561:INFO:Checkpoint saved at best_0.0008_0.001_256_SAGE_2_64_0.8861_epoch_128.pth
2025-02-10 15:35:35,762:INFO:Epoch 129: Train Loss: 517.7084, Train Node Loss: 120.4393, Train Reg Loss: 3.9727, Train MAPE: 11.6747, Train R: 0.8661, Train RRSE: 0.5165, Test Loss: 509.2152, Test Node Loss: 122.5875, Test Reg Loss: 3.8663, Test MAPE: 12.2261, Test R: 0.8864, Test RRSE: 0.5181
2025-02-10 15:35:35,789:INFO:Checkpoint saved at best_0.0008_0.001_256_SAGE_2_64_0.8864_epoch_129.pth
2025-02-10 15:35:51,963:INFO:Epoch 130: Train Loss: 458.2920, Train Node Loss: 125.4244, Train Reg Loss: 3.3287, Train MAPE: 11.9252, Train R: 0.8891, Train RRSE: 0.4728, Test Loss: 494.8610, Test Node Loss: 121.6614, Test Reg Loss: 3.7320, Test MAPE: 12.1101, Test R: 0.8861, Test RRSE: 0.5090
2025-02-10 15:36:08,089:INFO:Epoch 131: Train Loss: 488.0822, Train Node Loss: 119.6101, Train Reg Loss: 3.6847, Train MAPE: 11.6801, Train R: 0.8724, Train RRSE: 0.4975, Test Loss: 738.5297, Test Node Loss: 110.3200, Test Reg Loss: 6.2821, Test MAPE: 12.5789, Test R: 0.8856, Test RRSE: 0.6604
2025-02-10 15:36:24,498:INFO:Epoch 132: Train Loss: 431.6515, Train Node Loss: 119.1653, Train Reg Loss: 3.1249, Train MAPE: 11.6888, Train R: 0.8955, Train RRSE: 0.4581, Test Loss: 444.4365, Test Node Loss: 124.0162, Test Reg Loss: 3.2042, Test MAPE: 12.3397, Test R: 0.8858, Test RRSE: 0.4717
2025-02-10 15:36:40,594:INFO:Epoch 133: Train Loss: 458.0476, Train Node Loss: 122.2300, Train Reg Loss: 3.3582, Train MAPE: 12.0306, Train R: 0.8872, Train RRSE: 0.4749, Test Loss: 1022.5111, Test Node Loss: 101.5138, Test Reg Loss: 9.2100, Test MAPE: 13.1746, Test R: 0.8854, Test RRSE: 0.7997
2025-02-10 15:36:56,767:INFO:Epoch 134: Train Loss: 463.0602, Train Node Loss: 112.3773, Train Reg Loss: 3.5068, Train MAPE: 11.8299, Train R: 0.8830, Train RRSE: 0.4853, Test Loss: 549.8015, Test Node Loss: 112.4216, Test Reg Loss: 4.3738, Test MAPE: 12.2969, Test R: 0.8861, Test RRSE: 0.5511
2025-02-10 15:37:13,201:INFO:Epoch 135: Train Loss: 470.4400, Train Node Loss: 112.2262, Train Reg Loss: 3.5821, Train MAPE: 11.7521, Train R: 0.8774, Train RRSE: 0.4905, Test Loss: 456.5201, Test Node Loss: 114.8429, Test Reg Loss: 3.4168, Test MAPE: 12.3773, Test R: 0.8872, Test RRSE: 0.4871
2025-02-10 15:37:13,224:INFO:Checkpoint saved at best_0.0008_0.001_256_SAGE_2_64_0.8872_epoch_135.pth
2025-02-10 15:37:29,357:INFO:Epoch 136: Train Loss: 443.0630, Train Node Loss: 116.0534, Train Reg Loss: 3.2701, Train MAPE: 12.0291, Train R: 0.8915, Train RRSE: 0.4686, Test Loss: 527.0055, Test Node Loss: 109.2248, Test Reg Loss: 4.1778, Test MAPE: 12.4173, Test R: 0.8874, Test RRSE: 0.5386
2025-02-10 15:37:29,401:INFO:Checkpoint saved at best_0.0008_0.001_256_SAGE_2_64_0.8874_epoch_136.pth
2025-02-10 15:37:45,565:INFO:Epoch 137: Train Loss: 457.4707, Train Node Loss: 109.4781, Train Reg Loss: 3.4799, Train MAPE: 11.7857, Train R: 0.8807, Train RRSE: 0.4834, Test Loss: 722.6174, Test Node Loss: 101.7078, Test Reg Loss: 6.2091, Test MAPE: 12.5528, Test R: 0.8877, Test RRSE: 0.6566
2025-02-10 15:37:45,600:INFO:Checkpoint saved at best_0.0008_0.001_256_SAGE_2_64_0.8877_epoch_137.pth
2025-02-10 15:38:01,765:INFO:Epoch 138: Train Loss: 469.6826, Train Node Loss: 112.4844, Train Reg Loss: 3.5720, Train MAPE: 12.0887, Train R: 0.8764, Train RRSE: 0.4898, Test Loss: 546.3939, Test Node Loss: 106.8395, Test Reg Loss: 4.3955, Test MAPE: 12.5190, Test R: 0.8873, Test RRSE: 0.5524
2025-02-10 15:38:17,983:INFO:Epoch 139: Train Loss: 485.5851, Train Node Loss: 104.8300, Train Reg Loss: 3.8076, Train MAPE: 11.8489, Train R: 0.8699, Train RRSE: 0.5057, Test Loss: 761.1430, Test Node Loss: 98.3390, Test Reg Loss: 6.6280, Test MAPE: 12.7910, Test R: 0.8878, Test RRSE: 0.6784
2025-02-10 15:38:18,011:INFO:Checkpoint saved at best_0.0008_0.001_256_SAGE_2_64_0.8878_epoch_139.pth
2025-02-10 15:38:34,237:INFO:Epoch 140: Train Loss: 421.0127, Train Node Loss: 106.0176, Train Reg Loss: 3.1500, Train MAPE: 11.8189, Train R: 0.8932, Train RRSE: 0.4599, Test Loss: 419.2172, Test Node Loss: 111.4021, Test Reg Loss: 3.0782, Test MAPE: 12.4122, Test R: 0.8889, Test RRSE: 0.4623
2025-02-10 15:38:34,261:INFO:Checkpoint saved at best_0.0008_0.001_256_SAGE_2_64_0.8889_epoch_140.pth
2025-02-10 15:38:50,430:INFO:Epoch 141: Train Loss: 455.6792, Train Node Loss: 110.5625, Train Reg Loss: 3.4512, Train MAPE: 12.1390, Train R: 0.8883, Train RRSE: 0.4814, Test Loss: 1161.2562, Test Node Loss: 88.4991, Test Reg Loss: 10.7276, Test MAPE: 13.5297, Test R: 0.8884, Test RRSE: 0.8630
2025-02-10 15:39:06,556:INFO:Epoch 142: Train Loss: 562.7897, Train Node Loss: 96.3584, Train Reg Loss: 4.6643, Train MAPE: 11.7479, Train R: 0.8513, Train RRSE: 0.5597, Test Loss: 415.3491, Test Node Loss: 109.2621, Test Reg Loss: 3.0609, Test MAPE: 12.4001, Test R: 0.8880, Test RRSE: 0.4610
2025-02-10 15:39:22,721:INFO:Epoch 143: Train Loss: 457.4599, Train Node Loss: 106.7682, Train Reg Loss: 3.5069, Train MAPE: 12.1602, Train R: 0.8857, Train RRSE: 0.4853, Test Loss: 631.2654, Test Node Loss: 95.0015, Test Reg Loss: 5.3626, Test MAPE: 12.5673, Test R: 0.8884, Test RRSE: 0.6102
2025-02-10 15:39:38,895:INFO:Epoch 144: Train Loss: 418.7932, Train Node Loss: 96.5485, Train Reg Loss: 3.2224, Train MAPE: 11.7290, Train R: 0.8982, Train RRSE: 0.4652, Test Loss: 599.0914, Test Node Loss: 96.3530, Test Reg Loss: 5.0274, Test MAPE: 12.6236, Test R: 0.8889, Test RRSE: 0.5908
2025-02-10 15:39:55,311:INFO:Epoch 145: Train Loss: 420.4770, Train Node Loss: 103.2815, Train Reg Loss: 3.1720, Train MAPE: 12.0634, Train R: 0.8942, Train RRSE: 0.4615, Test Loss: 603.0335, Test Node Loss: 95.9101, Test Reg Loss: 5.0712, Test MAPE: 12.6992, Test R: 0.8889, Test RRSE: 0.5934
2025-02-10 15:40:11,470:INFO:Epoch 146: Train Loss: 414.4144, Train Node Loss: 96.5657, Train Reg Loss: 3.1785, Train MAPE: 11.7555, Train R: 0.8948, Train RRSE: 0.4620, Test Loss: 905.8921, Test Node Loss: 88.0245, Test Reg Loss: 8.1787, Test MAPE: 13.0912, Test R: 0.8878, Test RRSE: 0.7536
2025-02-10 15:40:27,629:INFO:Epoch 147: Train Loss: 433.2394, Train Node Loss: 99.8030, Train Reg Loss: 3.3344, Train MAPE: 12.1601, Train R: 0.8837, Train RRSE: 0.4732, Test Loss: 610.9328, Test Node Loss: 92.6099, Test Reg Loss: 5.1832, Test MAPE: 12.7113, Test R: 0.8888, Test RRSE: 0.5999
2025-02-10 15:40:43,973:INFO:Epoch 148: Train Loss: 402.8467, Train Node Loss: 97.1731, Train Reg Loss: 3.0567, Train MAPE: 12.0198, Train R: 0.8948, Train RRSE: 0.4531, Test Loss: 1079.6770, Test Node Loss: 82.4557, Test Reg Loss: 9.9722, Test MAPE: 13.5009, Test R: 0.8896, Test RRSE: 0.8321
2025-02-10 15:40:44,028:INFO:Checkpoint saved at best_0.0008_0.001_256_SAGE_2_64_0.8896_epoch_148.pth
2025-02-10 15:41:00,192:INFO:Epoch 149: Train Loss: 404.2230, Train Node Loss: 91.6874, Train Reg Loss: 3.1254, Train MAPE: 11.9334, Train R: 0.8958, Train RRSE: 0.4581, Test Loss: 485.9886, Test Node Loss: 93.1708, Test Reg Loss: 3.9282, Test MAPE: 12.6253, Test R: 0.8911, Test RRSE: 0.5222
2025-02-10 15:41:00,218:INFO:Checkpoint saved at best_0.0008_0.001_256_SAGE_2_64_0.8911_epoch_149.pth
2025-02-10 15:41:16,391:INFO:Epoch 150: Train Loss: 421.6580, Train Node Loss: 95.9752, Train Reg Loss: 3.2568, Train MAPE: 12.0788, Train R: 0.8906, Train RRSE: 0.4677, Test Loss: 854.7699, Test Node Loss: 82.5768, Test Reg Loss: 7.7219, Test MAPE: 13.0861, Test R: 0.8916, Test RRSE: 0.7322
2025-02-10 15:41:16,418:INFO:Checkpoint saved at best_0.0008_0.001_256_SAGE_2_64_0.8916_epoch_150.pth
2025-02-10 15:41:32,576:INFO:Epoch 151: Train Loss: 423.4266, Train Node Loss: 86.7636, Train Reg Loss: 3.3666, Train MAPE: 11.6969, Train R: 0.8955, Train RRSE: 0.4755, Test Loss: 468.7941, Test Node Loss: 91.2564, Test Reg Loss: 3.7754, Test MAPE: 12.6032, Test R: 0.8918, Test RRSE: 0.5120
2025-02-10 15:41:32,603:INFO:Checkpoint saved at best_0.0008_0.001_256_SAGE_2_64_0.8918_epoch_151.pth
2025-02-10 15:41:49,090:INFO:Epoch 152: Train Loss: 402.8402, Train Node Loss: 94.1011, Train Reg Loss: 3.0874, Train MAPE: 12.1420, Train R: 0.8980, Train RRSE: 0.4553, Test Loss: 643.1639, Test Node Loss: 85.3498, Test Reg Loss: 5.5781, Test MAPE: 12.8485, Test R: 0.8916, Test RRSE: 0.6223
2025-02-10 15:42:05,501:INFO:Epoch 153: Train Loss: 390.7917, Train Node Loss: 86.4506, Train Reg Loss: 3.0434, Train MAPE: 11.8963, Train R: 0.9005, Train RRSE: 0.4521, Test Loss: 640.3740, Test Node Loss: 84.2536, Test Reg Loss: 5.5612, Test MAPE: 12.7948, Test R: 0.8916, Test RRSE: 0.6214
2025-02-10 15:42:21,719:INFO:Epoch 154: Train Loss: 412.1578, Train Node Loss: 90.9697, Train Reg Loss: 3.2119, Train MAPE: 12.0761, Train R: 0.8906, Train RRSE: 0.4644, Test Loss: 670.8843, Test Node Loss: 82.7889, Test Reg Loss: 5.8810, Test MAPE: 12.7930, Test R: 0.8911, Test RRSE: 0.6390
2025-02-10 15:42:37,943:INFO:Epoch 155: Train Loss: 371.8756, Train Node Loss: 86.6783, Train Reg Loss: 2.8520, Train MAPE: 12.0433, Train R: 0.9019, Train RRSE: 0.4376, Test Loss: 814.8755, Test Node Loss: 79.8587, Test Reg Loss: 7.3502, Test MAPE: 13.3226, Test R: 0.8907, Test RRSE: 0.7144
2025-02-10 15:42:54,379:INFO:Epoch 156: Train Loss: 391.6112, Train Node Loss: 85.7617, Train Reg Loss: 3.0585, Train MAPE: 11.9742, Train R: 0.8945, Train RRSE: 0.4532, Test Loss: 509.3918, Test Node Loss: 85.3427, Test Reg Loss: 4.2405, Test MAPE: 12.8445, Test R: 0.8919, Test RRSE: 0.5426
2025-02-10 15:42:54,412:INFO:Checkpoint saved at best_0.0008_0.001_256_SAGE_2_64_0.8919_epoch_156.pth
2025-02-10 15:43:10,830:INFO:Epoch 157: Train Loss: 477.1502, Train Node Loss: 90.9596, Train Reg Loss: 3.8619, Train MAPE: 12.3795, Train R: 0.8727, Train RRSE: 0.5093, Test Loss: 1683.9423, Test Node Loss: 66.9586, Test Reg Loss: 16.1698, Test MAPE: 14.8475, Test R: 0.8908, Test RRSE: 1.0596
2025-02-10 15:43:27,691:INFO:Epoch 158: Train Loss: 451.8680, Train Node Loss: 76.9615, Train Reg Loss: 3.7491, Train MAPE: 11.7911, Train R: 0.8936, Train RRSE: 0.5018, Test Loss: 383.4396, Test Node Loss: 89.8060, Test Reg Loss: 2.9363, Test MAPE: 12.6220, Test R: 0.8927, Test RRSE: 0.4515
2025-02-10 15:43:27,717:INFO:Checkpoint saved at best_0.0008_0.001_256_SAGE_2_64_0.8927_epoch_158.pth
2025-02-10 15:43:44,564:INFO:Epoch 159: Train Loss: 437.1106, Train Node Loss: 87.7382, Train Reg Loss: 3.4937, Train MAPE: 12.3795, Train R: 0.8900, Train RRSE: 0.4844, Test Loss: 504.4814, Test Node Loss: 78.7778, Test Reg Loss: 4.2570, Test MAPE: 12.6160, Test R: 0.8927, Test RRSE: 0.5437
2025-02-10 15:43:44,596:INFO:Checkpoint saved at best_0.0008_0.001_256_SAGE_2_64_0.8927_epoch_159.pth
2025-02-10 15:44:01,131:INFO:Epoch 160: Train Loss: 383.8791, Train Node Loss: 79.5731, Train Reg Loss: 3.0431, Train MAPE: 11.8606, Train R: 0.8977, Train RRSE: 0.4521, Test Loss: 610.6442, Test Node Loss: 75.5967, Test Reg Loss: 5.3505, Test MAPE: 12.8680, Test R: 0.8929, Test RRSE: 0.6095
2025-02-10 15:44:01,161:INFO:Checkpoint saved at best_0.0008_0.001_256_SAGE_2_64_0.8929_epoch_160.pth
2025-02-10 15:44:17,730:INFO:Epoch 161: Train Loss: 381.1954, Train Node Loss: 77.1682, Train Reg Loss: 3.0403, Train MAPE: 11.9094, Train R: 0.8985, Train RRSE: 0.4519, Test Loss: 430.7676, Test Node Loss: 80.6546, Test Reg Loss: 3.5011, Test MAPE: 12.6199, Test R: 0.8931, Test RRSE: 0.4930
2025-02-10 15:44:17,763:INFO:Checkpoint saved at best_0.0008_0.001_256_SAGE_2_64_0.8931_epoch_161.pth
2025-02-10 15:44:34,600:INFO:Epoch 162: Train Loss: 406.3283, Train Node Loss: 79.4283, Train Reg Loss: 3.2690, Train MAPE: 11.9414, Train R: 0.8874, Train RRSE: 0.4685, Test Loss: 530.9464, Test Node Loss: 76.7469, Test Reg Loss: 4.5420, Test MAPE: 12.7379, Test R: 0.8927, Test RRSE: 0.5616
2025-02-10 15:44:51,112:INFO:Epoch 163: Train Loss: 386.4380, Train Node Loss: 77.1122, Train Reg Loss: 3.0933, Train MAPE: 11.8528, Train R: 0.8948, Train RRSE: 0.4558, Test Loss: 626.8127, Test Node Loss: 74.1297, Test Reg Loss: 5.5268, Test MAPE: 12.9290, Test R: 0.8917, Test RRSE: 0.6195
2025-02-10 15:45:07,732:INFO:Epoch 164: Train Loss: 385.6872, Train Node Loss: 80.3682, Train Reg Loss: 3.0532, Train MAPE: 12.2577, Train R: 0.8978, Train RRSE: 0.4528, Test Loss: 720.1448, Test Node Loss: 71.5118, Test Reg Loss: 6.4863, Test MAPE: 13.1332, Test R: 0.8917, Test RRSE: 0.6711
2025-02-10 15:45:24,293:INFO:Epoch 165: Train Loss: 363.3807, Train Node Loss: 74.0748, Train Reg Loss: 2.8931, Train MAPE: 11.8884, Train R: 0.9043, Train RRSE: 0.4408, Test Loss: 704.9682, Test Node Loss: 70.4389, Test Reg Loss: 6.3453, Test MAPE: 12.9791, Test R: 0.8919, Test RRSE: 0.6637
2025-02-10 15:45:40,833:INFO:Epoch 166: Train Loss: 366.2471, Train Node Loss: 76.1647, Train Reg Loss: 2.9008, Train MAPE: 12.1456, Train R: 0.8998, Train RRSE: 0.4414, Test Loss: 531.1567, Test Node Loss: 73.7189, Test Reg Loss: 4.5744, Test MAPE: 12.5291, Test R: 0.8924, Test RRSE: 0.5636
2025-02-10 15:45:57,651:INFO:Epoch 167: Train Loss: 373.4675, Train Node Loss: 73.0964, Train Reg Loss: 3.0037, Train MAPE: 12.0035, Train R: 0.8974, Train RRSE: 0.4491, Test Loss: 651.1622, Test Node Loss: 70.2255, Test Reg Loss: 5.8094, Test MAPE: 12.9480, Test R: 0.8923, Test RRSE: 0.6351
2025-02-10 15:46:14,242:INFO:Epoch 168: Train Loss: 407.4479, Train Node Loss: 77.6467, Train Reg Loss: 3.2980, Train MAPE: 12.4260, Train R: 0.8919, Train RRSE: 0.4706, Test Loss: 1071.7542, Test Node Loss: 63.2315, Test Reg Loss: 10.0852, Test MAPE: 13.7946, Test R: 0.8916, Test RRSE: 0.8368
2025-02-10 15:46:30,882:INFO:Epoch 169: Train Loss: 395.3244, Train Node Loss: 69.0910, Train Reg Loss: 3.2623, Train MAPE: 11.9241, Train R: 0.8924, Train RRSE: 0.4681, Test Loss: 652.4533, Test Node Loss: 67.4351, Test Reg Loss: 5.8502, Test MAPE: 13.1075, Test R: 0.8922, Test RRSE: 0.6373
2025-02-10 15:46:47,477:INFO:Epoch 170: Train Loss: 381.9781, Train Node Loss: 70.8588, Train Reg Loss: 3.1112, Train MAPE: 12.1442, Train R: 0.8912, Train RRSE: 0.4571, Test Loss: 453.3101, Test Node Loss: 70.4877, Test Reg Loss: 3.8282, Test MAPE: 12.7256, Test R: 0.8925, Test RRSE: 0.5156
2025-02-10 15:47:04,065:INFO:Epoch 171: Train Loss: 345.1511, Train Node Loss: 69.8215, Train Reg Loss: 2.7533, Train MAPE: 12.0530, Train R: 0.9060, Train RRSE: 0.4300, Test Loss: 690.1003, Test Node Loss: 65.1934, Test Reg Loss: 6.2491, Test MAPE: 13.1382, Test R: 0.8927, Test RRSE: 0.6587
2025-02-10 15:47:20,500:INFO:Epoch 172: Train Loss: 402.8179, Train Node Loss: 70.9562, Train Reg Loss: 3.3186, Train MAPE: 12.2111, Train R: 0.8836, Train RRSE: 0.4721, Test Loss: 1122.9367, Test Node Loss: 59.5827, Test Reg Loss: 10.6335, Test MAPE: 14.0369, Test R: 0.8924, Test RRSE: 0.8592
2025-02-10 15:47:37,111:INFO:Epoch 173: Train Loss: 392.8714, Train Node Loss: 64.1935, Train Reg Loss: 3.2868, Train MAPE: 12.0501, Train R: 0.8969, Train RRSE: 0.4698, Test Loss: 465.7484, Test Node Loss: 69.0667, Test Reg Loss: 3.9668, Test MAPE: 12.9083, Test R: 0.8932, Test RRSE: 0.5248
2025-02-10 15:47:37,144:INFO:Checkpoint saved at best_0.0008_0.001_256_SAGE_2_64_0.8932_epoch_173.pth
2025-02-10 15:47:54,023:INFO:Epoch 174: Train Loss: 364.4325, Train Node Loss: 70.6417, Train Reg Loss: 2.9379, Train MAPE: 12.3194, Train R: 0.9026, Train RRSE: 0.4442, Test Loss: 546.4851, Test Node Loss: 65.4151, Test Reg Loss: 4.8107, Test MAPE: 13.0663, Test R: 0.8934, Test RRSE: 0.5779
2025-02-10 15:47:54,067:INFO:Checkpoint saved at best_0.0008_0.001_256_SAGE_2_64_0.8934_epoch_174.pth
2025-02-10 15:48:10,680:INFO:Epoch 175: Train Loss: 353.2930, Train Node Loss: 65.8523, Train Reg Loss: 2.8744, Train MAPE: 12.0697, Train R: 0.9012, Train RRSE: 0.4394, Test Loss: 763.6652, Test Node Loss: 61.0275, Test Reg Loss: 7.0264, Test MAPE: 13.3801, Test R: 0.8926, Test RRSE: 0.6985
2025-02-10 15:48:27,249:INFO:Epoch 176: Train Loss: 351.3918, Train Node Loss: 67.3451, Train Reg Loss: 2.8405, Train MAPE: 12.2127, Train R: 0.9022, Train RRSE: 0.4368, Test Loss: 873.0546, Test Node Loss: 59.5877, Test Reg Loss: 8.1347, Test MAPE: 13.5444, Test R: 0.8927, Test RRSE: 0.7515
2025-02-10 15:48:43,807:INFO:Epoch 177: Train Loss: 362.5842, Train Node Loss: 63.9607, Train Reg Loss: 2.9862, Train MAPE: 12.0428, Train R: 0.8975, Train RRSE: 0.4478, Test Loss: 742.0001, Test Node Loss: 59.9265, Test Reg Loss: 6.8207, Test MAPE: 13.4110, Test R: 0.8936, Test RRSE: 0.6882
2025-02-10 15:48:43,833:INFO:Checkpoint saved at best_0.0008_0.001_256_SAGE_2_64_0.8936_epoch_177.pth
2025-02-10 15:49:00,471:INFO:Epoch 178: Train Loss: 321.9936, Train Node Loss: 64.1565, Train Reg Loss: 2.5784, Train MAPE: 12.1295, Train R: 0.9118, Train RRSE: 0.4161, Test Loss: 545.7886, Test Node Loss: 62.1952, Test Reg Loss: 4.8359, Test MAPE: 13.1457, Test R: 0.8941, Test RRSE: 0.5795
2025-02-10 15:49:00,490:INFO:Checkpoint saved at best_0.0008_0.001_256_SAGE_2_64_0.8941_epoch_178.pth
2025-02-10 15:49:17,048:INFO:Epoch 179: Train Loss: 350.4989, Train Node Loss: 62.1548, Train Reg Loss: 2.8834, Train MAPE: 12.1042, Train R: 0.9004, Train RRSE: 0.4401, Test Loss: 509.2837, Test Node Loss: 61.2539, Test Reg Loss: 4.4803, Test MAPE: 12.9126, Test R: 0.8941, Test RRSE: 0.5577
2025-02-10 15:49:17,075:INFO:Checkpoint saved at best_0.0008_0.001_256_SAGE_2_64_0.8941_epoch_179.pth
2025-02-10 15:49:33,651:INFO:Epoch 180: Train Loss: 346.1886, Train Node Loss: 63.6841, Train Reg Loss: 2.8250, Train MAPE: 12.3207, Train R: 0.9035, Train RRSE: 0.4356, Test Loss: 1269.0630, Test Node Loss: 51.5573, Test Reg Loss: 12.1751, Test MAPE: 14.4014, Test R: 0.8942, Test RRSE: 0.9194
2025-02-10 15:49:33,683:INFO:Checkpoint saved at best_0.0008_0.001_256_SAGE_2_64_0.8942_epoch_180.pth
2025-02-10 15:49:50,180:INFO:Epoch 181: Train Loss: 338.8086, Train Node Loss: 59.1764, Train Reg Loss: 2.7963, Train MAPE: 12.1251, Train R: 0.9065, Train RRSE: 0.4334, Test Loss: 399.5796, Test Node Loss: 63.0499, Test Reg Loss: 3.3653, Test MAPE: 13.0035, Test R: 0.8941, Test RRSE: 0.4834
2025-02-10 15:50:06,613:INFO:Epoch 182: Train Loss: 348.7950, Train Node Loss: 62.3422, Train Reg Loss: 2.8645, Train MAPE: 12.1031, Train R: 0.9054, Train RRSE: 0.4386, Test Loss: 672.7322, Test Node Loss: 56.0286, Test Reg Loss: 6.1670, Test MAPE: 13.4050, Test R: 0.8943, Test RRSE: 0.6544
2025-02-10 15:50:06,638:INFO:Checkpoint saved at best_0.0008_0.001_256_SAGE_2_64_0.8943_epoch_182.pth
2025-02-10 15:50:23,178:INFO:Epoch 183: Train Loss: 375.6576, Train Node Loss: 56.5140, Train Reg Loss: 3.1914, Train MAPE: 12.0116, Train R: 0.8971, Train RRSE: 0.4630, Test Loss: 466.2037, Test Node Loss: 61.4610, Test Reg Loss: 4.0474, Test MAPE: 13.2179, Test R: 0.8940, Test RRSE: 0.5301
2025-02-10 15:50:39,801:INFO:Epoch 184: Train Loss: 351.5349, Train Node Loss: 63.8966, Train Reg Loss: 2.8764, Train MAPE: 12.5590, Train R: 0.9088, Train RRSE: 0.4395, Test Loss: 1246.5559, Test Node Loss: 51.8139, Test Reg Loss: 11.9474, Test MAPE: 14.4675, Test R: 0.8932, Test RRSE: 0.9108
2025-02-10 15:50:56,652:INFO:Epoch 185: Train Loss: 408.1748, Train Node Loss: 55.0083, Train Reg Loss: 3.5317, Train MAPE: 11.8713, Train R: 0.8893, Train RRSE: 0.4870, Test Loss: 653.0531, Test Node Loss: 57.4109, Test Reg Loss: 5.9564, Test MAPE: 13.3738, Test R: 0.8944, Test RRSE: 0.6431
2025-02-10 15:50:56,688:INFO:Checkpoint saved at best_0.0008_0.001_256_SAGE_2_64_0.8944_epoch_185.pth
2025-02-10 15:51:13,269:INFO:Epoch 186: Train Loss: 395.0711, Train Node Loss: 62.7275, Train Reg Loss: 3.3234, Train MAPE: 12.6351, Train R: 0.8944, Train RRSE: 0.4724, Test Loss: 779.5186, Test Node Loss: 52.9509, Test Reg Loss: 7.2657, Test MAPE: 13.5509, Test R: 0.8946, Test RRSE: 0.7103
2025-02-10 15:51:13,293:INFO:Checkpoint saved at best_0.0008_0.001_256_SAGE_2_64_0.8946_epoch_186.pth
2025-02-10 15:51:29,929:INFO:Epoch 187: Train Loss: 368.2633, Train Node Loss: 52.8372, Train Reg Loss: 3.1543, Train MAPE: 11.9448, Train R: 0.9007, Train RRSE: 0.4603, Test Loss: 558.1474, Test Node Loss: 53.9689, Test Reg Loss: 5.0418, Test MAPE: 13.1266, Test R: 0.8943, Test RRSE: 0.5917
2025-02-10 15:51:46,493:INFO:Epoch 188: Train Loss: 392.3838, Train Node Loss: 58.2004, Train Reg Loss: 3.3418, Train MAPE: 12.4473, Train R: 0.8870, Train RRSE: 0.4737, Test Loss: 501.2342, Test Node Loss: 54.7813, Test Reg Loss: 4.4645, Test MAPE: 12.7412, Test R: 0.8938, Test RRSE: 0.5568
2025-02-10 15:52:03,059:INFO:Epoch 189: Train Loss: 446.4273, Train Node Loss: 49.9792, Train Reg Loss: 3.9645, Train MAPE: 11.9457, Train R: 0.8753, Train RRSE: 0.5160, Test Loss: 516.2048, Test Node Loss: 53.7425, Test Reg Loss: 4.6246, Test MAPE: 13.0362, Test R: 0.8939, Test RRSE: 0.5667
2025-02-10 15:52:19,604:INFO:Epoch 190: Train Loss: 386.5439, Train Node Loss: 56.6377, Train Reg Loss: 3.2991, Train MAPE: 12.4162, Train R: 0.8895, Train RRSE: 0.4707, Test Loss: 426.8495, Test Node Loss: 55.8258, Test Reg Loss: 3.7102, Test MAPE: 12.9312, Test R: 0.8942, Test RRSE: 0.5075
2025-02-10 15:52:36,222:INFO:Epoch 191: Train Loss: 356.5896, Train Node Loss: 53.4896, Train Reg Loss: 3.0310, Train MAPE: 12.1278, Train R: 0.8943, Train RRSE: 0.4512, Test Loss: 1600.7912, Test Node Loss: 43.2011, Test Reg Loss: 15.5759, Test MAPE: 15.0316, Test R: 0.8925, Test RRSE: 1.0399
2025-02-10 15:52:53,094:INFO:Epoch 192: Train Loss: 358.2676, Train Node Loss: 51.2601, Train Reg Loss: 3.0701, Train MAPE: 11.9434, Train R: 0.8963, Train RRSE: 0.4541, Test Loss: 412.4237, Test Node Loss: 57.3764, Test Reg Loss: 3.5505, Test MAPE: 13.1414, Test R: 0.8936, Test RRSE: 0.4965
2025-02-10 15:53:09,618:INFO:Epoch 193: Train Loss: 364.1773, Train Node Loss: 57.4689, Train Reg Loss: 3.0671, Train MAPE: 12.6135, Train R: 0.9074, Train RRSE: 0.4538, Test Loss: 1388.5594, Test Node Loss: 43.2002, Test Reg Loss: 13.4536, Test MAPE: 14.6150, Test R: 0.8935, Test RRSE: 0.9665
2025-02-10 15:53:26,220:INFO:Epoch 194: Train Loss: 361.0230, Train Node Loss: 48.3391, Train Reg Loss: 3.1268, Train MAPE: 12.0156, Train R: 0.9026, Train RRSE: 0.4582, Test Loss: 587.0133, Test Node Loss: 49.2892, Test Reg Loss: 5.3772, Test MAPE: 13.3009, Test R: 0.8951, Test RRSE: 0.6110
2025-02-10 15:53:26,261:INFO:Checkpoint saved at best_0.0008_0.001_256_SAGE_2_64_0.8951_epoch_194.pth
2025-02-10 15:53:43,143:INFO:Epoch 195: Train Loss: 334.1923, Train Node Loss: 52.1905, Train Reg Loss: 2.8200, Train MAPE: 12.2105, Train R: 0.9024, Train RRSE: 0.4352, Test Loss: 346.9396, Test Node Loss: 56.2075, Test Reg Loss: 2.9073, Test MAPE: 13.1786, Test R: 0.8957, Test RRSE: 0.4493
2025-02-10 15:53:43,197:INFO:Checkpoint saved at best_0.0008_0.001_256_SAGE_2_64_0.8957_epoch_195.pth
2025-02-10 15:53:59,810:INFO:Epoch 196: Train Loss: 329.5735, Train Node Loss: 50.7434, Train Reg Loss: 2.7883, Train MAPE: 12.2673, Train R: 0.9027, Train RRSE: 0.4327, Test Loss: 677.3234, Test Node Loss: 46.8453, Test Reg Loss: 6.3048, Test MAPE: 13.2798, Test R: 0.8956, Test RRSE: 0.6616
2025-02-10 15:54:16,385:INFO:Epoch 197: Train Loss: 315.8338, Train Node Loss: 50.8183, Train Reg Loss: 2.6502, Train MAPE: 12.2884, Train R: 0.9089, Train RRSE: 0.4219, Test Loss: 545.9119, Test Node Loss: 48.8069, Test Reg Loss: 4.9711, Test MAPE: 13.1863, Test R: 0.8955, Test RRSE: 0.5875
2025-02-10 15:54:32,739:INFO:Epoch 198: Train Loss: 332.6943, Train Node Loss: 47.5466, Train Reg Loss: 2.8515, Train MAPE: 12.0856, Train R: 0.9035, Train RRSE: 0.4376, Test Loss: 850.7125, Test Node Loss: 44.0251, Test Reg Loss: 8.0669, Test MAPE: 13.8007, Test R: 0.8957, Test RRSE: 0.7484
2025-02-10 15:54:49,356:INFO:Epoch 199: Train Loss: 310.4124, Train Node Loss: 49.0083, Train Reg Loss: 2.6140, Train MAPE: 12.2350, Train R: 0.9091, Train RRSE: 0.4190, Test Loss: 363.1017, Test Node Loss: 51.3458, Test Reg Loss: 3.1176, Test MAPE: 13.1625, Test R: 0.8955, Test RRSE: 0.4652
2025-02-10 15:55:05,771:INFO:Epoch 200: Train Loss: 342.0102, Train Node Loss: 50.0880, Train Reg Loss: 2.9192, Train MAPE: 12.4712, Train R: 0.9020, Train RRSE: 0.4428, Test Loss: 1082.6095, Test Node Loss: 40.2523, Test Reg Loss: 10.4236, Test MAPE: 14.2090, Test R: 0.8953, Test RRSE: 0.8507
2025-02-10 15:55:22,165:INFO:Epoch 201: Train Loss: 368.3483, Train Node Loss: 43.3087, Train Reg Loss: 3.2504, Train MAPE: 11.9622, Train R: 0.8997, Train RRSE: 0.4672, Test Loss: 711.9173, Test Node Loss: 43.5233, Test Reg Loss: 6.6839, Test MAPE: 13.4574, Test R: 0.8955, Test RRSE: 0.6812
2025-02-10 15:55:38,802:INFO:Epoch 202: Train Loss: 366.4149, Train Node Loss: 49.8162, Train Reg Loss: 3.1660, Train MAPE: 12.5491, Train R: 0.8970, Train RRSE: 0.4611, Test Loss: 452.0137, Test Node Loss: 47.2831, Test Reg Loss: 4.0473, Test MAPE: 12.9889, Test R: 0.8952, Test RRSE: 0.5301
2025-02-10 15:55:55,363:INFO:Epoch 203: Train Loss: 340.2600, Train Node Loss: 43.5365, Train Reg Loss: 2.9672, Train MAPE: 12.1545, Train R: 0.9021, Train RRSE: 0.4464, Test Loss: 1276.6590, Test Node Loss: 37.6352, Test Reg Loss: 12.3902, Test MAPE: 14.5023, Test R: 0.8951, Test RRSE: 0.9275
2025-02-10 15:56:11,927:INFO:Epoch 204: Train Loss: 346.3787, Train Node Loss: 45.3003, Train Reg Loss: 3.0108, Train MAPE: 12.2770, Train R: 0.8938, Train RRSE: 0.4497, Test Loss: 356.8504, Test Node Loss: 50.1938, Test Reg Loss: 3.0666, Test MAPE: 13.1722, Test R: 0.8949, Test RRSE: 0.4614
2025-02-10 15:56:28,295:INFO:Epoch 205: Train Loss: 336.3270, Train Node Loss: 45.6275, Train Reg Loss: 2.9070, Train MAPE: 12.3649, Train R: 0.8985, Train RRSE: 0.4418, Test Loss: 1593.5532, Test Node Loss: 35.1814, Test Reg Loss: 15.5837, Test MAPE: 15.0138, Test R: 0.8948, Test RRSE: 1.0402
2025-02-10 15:56:44,882:INFO:Epoch 206: Train Loss: 324.0160, Train Node Loss: 42.2241, Train Reg Loss: 2.8179, Train MAPE: 12.0378, Train R: 0.9055, Train RRSE: 0.4350, Test Loss: 544.5484, Test Node Loss: 44.2977, Test Reg Loss: 5.0025, Test MAPE: 13.3413, Test R: 0.8964, Test RRSE: 0.5893
2025-02-10 15:56:44,915:INFO:Checkpoint saved at best_0.0008_0.001_256_SAGE_2_64_0.8964_epoch_206.pth
2025-02-10 15:57:01,251:INFO:Epoch 207: Train Loss: 316.4816, Train Node Loss: 45.7934, Train Reg Loss: 2.7069, Train MAPE: 12.3741, Train R: 0.9100, Train RRSE: 0.4264, Test Loss: 1119.2702, Test Node Loss: 37.2630, Test Reg Loss: 10.8201, Test MAPE: 14.1336, Test R: 0.8966, Test RRSE: 0.8667
2025-02-10 15:57:01,280:INFO:Checkpoint saved at best_0.0008_0.001_256_SAGE_2_64_0.8966_epoch_207.pth
2025-02-10 15:57:17,632:INFO:Epoch 208: Train Loss: 301.9090, Train Node Loss: 40.4442, Train Reg Loss: 2.6146, Train MAPE: 12.0736, Train R: 0.9163, Train RRSE: 0.4190, Test Loss: 745.9297, Test Node Loss: 39.5673, Test Reg Loss: 7.0636, Test MAPE: 13.6033, Test R: 0.8967, Test RRSE: 0.7003
2025-02-10 15:57:17,668:INFO:Checkpoint saved at best_0.0008_0.001_256_SAGE_2_64_0.8967_epoch_208.pth
2025-02-10 15:57:34,072:INFO:Epoch 209: Train Loss: 345.0185, Train Node Loss: 44.1028, Train Reg Loss: 3.0092, Train MAPE: 12.4374, Train R: 0.8966, Train RRSE: 0.4495, Test Loss: 556.1884, Test Node Loss: 41.8702, Test Reg Loss: 5.1432, Test MAPE: 13.4502, Test R: 0.8971, Test RRSE: 0.5976
2025-02-10 15:57:34,104:INFO:Checkpoint saved at best_0.0008_0.001_256_SAGE_2_64_0.8971_epoch_209.pth
2025-02-10 15:57:50,716:INFO:Epoch 210: Train Loss: 328.0916, Train Node Loss: 40.2958, Train Reg Loss: 2.8780, Train MAPE: 12.0087, Train R: 0.9024, Train RRSE: 0.4396, Test Loss: 1158.7771, Test Node Loss: 35.0883, Test Reg Loss: 11.2369, Test MAPE: 14.3651, Test R: 0.8970, Test RRSE: 0.8833
2025-02-10 15:58:07,085:INFO:Epoch 211: Train Loss: 324.5406, Train Node Loss: 41.1113, Train Reg Loss: 2.8343, Train MAPE: 12.1964, Train R: 0.9010, Train RRSE: 0.4363, Test Loss: 435.6493, Test Node Loss: 42.3707, Test Reg Loss: 3.9328, Test MAPE: 13.2856, Test R: 0.8971, Test RRSE: 0.5225
2025-02-10 15:58:23,455:INFO:Epoch 212: Train Loss: 314.5044, Train Node Loss: 41.7371, Train Reg Loss: 2.7277, Train MAPE: 12.3196, Train R: 0.9061, Train RRSE: 0.4280, Test Loss: 1093.4389, Test Node Loss: 34.2322, Test Reg Loss: 10.5921, Test MAPE: 14.1705, Test R: 0.8963, Test RRSE: 0.8576
2025-02-10 15:58:40,048:INFO:Epoch 213: Train Loss: 323.9926, Train Node Loss: 37.2830, Train Reg Loss: 2.8671, Train MAPE: 12.0839, Train R: 0.9076, Train RRSE: 0.4388, Test Loss: 510.1873, Test Node Loss: 39.1902, Test Reg Loss: 4.7100, Test MAPE: 13.3281, Test R: 0.8961, Test RRSE: 0.5719
2025-02-10 15:58:56,360:INFO:Epoch 214: Train Loss: 350.7580, Train Node Loss: 41.6188, Train Reg Loss: 3.0914, Train MAPE: 12.4458, Train R: 0.8961, Train RRSE: 0.4556, Test Loss: 733.3828, Test Node Loss: 36.7824, Test Reg Loss: 6.9660, Test MAPE: 13.5964, Test R: 0.8963, Test RRSE: 0.6955
2025-02-10 15:59:12,957:INFO:Epoch 215: Train Loss: 367.4830, Train Node Loss: 36.1736, Train Reg Loss: 3.3131, Train MAPE: 12.0467, Train R: 0.8918, Train RRSE: 0.4717, Test Loss: 551.8005, Test Node Loss: 37.4784, Test Reg Loss: 5.1432, Test MAPE: 13.4547, Test R: 0.8965, Test RRSE: 0.5976
2025-02-10 15:59:29,356:INFO:Epoch 216: Train Loss: 419.8329, Train Node Loss: 42.2873, Train Reg Loss: 3.7755, Train MAPE: 12.6921, Train R: 0.8796, Train RRSE: 0.5035, Test Loss: 525.3008, Test Node Loss: 38.0791, Test Reg Loss: 4.8722, Test MAPE: 13.3603, Test R: 0.8968, Test RRSE: 0.5816
2025-02-10 15:59:45,695:INFO:Epoch 217: Train Loss: 347.9076, Train Node Loss: 34.7340, Train Reg Loss: 3.1317, Train MAPE: 12.0019, Train R: 0.9012, Train RRSE: 0.4586, Test Loss: 1224.6021, Test Node Loss: 30.6111, Test Reg Loss: 11.9399, Test MAPE: 14.4678, Test R: 0.8970, Test RRSE: 0.9105
2025-02-10 16:00:02,039:INFO:Epoch 218: Train Loss: 320.9387, Train Node Loss: 37.6454, Train Reg Loss: 2.8329, Train MAPE: 12.3399, Train R: 0.9004, Train RRSE: 0.4362, Test Loss: 353.0566, Test Node Loss: 42.1464, Test Reg Loss: 3.1091, Test MAPE: 13.3515, Test R: 0.8963, Test RRSE: 0.4646
2025-02-10 16:00:18,236:INFO:Epoch 219: Train Loss: 299.4244, Train Node Loss: 39.2912, Train Reg Loss: 2.6013, Train MAPE: 12.4895, Train R: 0.9144, Train RRSE: 0.4180, Test Loss: 1776.6072, Test Node Loss: 28.5947, Test Reg Loss: 17.4801, Test MAPE: 15.4544, Test R: 0.8957, Test RRSE: 1.1017
2025-02-10 16:00:34,366:INFO:Epoch 220: Train Loss: 392.1931, Train Node Loss: 32.7359, Train Reg Loss: 3.5946, Train MAPE: 11.8244, Train R: 0.8946, Train RRSE: 0.4913, Test Loss: 547.8251, Test Node Loss: 36.5949, Test Reg Loss: 5.1123, Test MAPE: 13.2149, Test R: 0.8970, Test RRSE: 0.5958
2025-02-10 16:00:50,551:INFO:Epoch 221: Train Loss: 382.6141, Train Node Loss: 39.9355, Train Reg Loss: 3.4268, Train MAPE: 12.5741, Train R: 0.8926, Train RRSE: 0.4797, Test Loss: 589.2287, Test Node Loss: 35.3296, Test Reg Loss: 5.5390, Test MAPE: 13.2770, Test R: 0.8977, Test RRSE: 0.6201
2025-02-10 16:00:50,590:INFO:Checkpoint saved at best_0.0008_0.001_256_SAGE_2_64_0.8977_epoch_221.pth
2025-02-10 16:01:06,763:INFO:Epoch 222: Train Loss: 308.2441, Train Node Loss: 34.0481, Train Reg Loss: 2.7420, Train MAPE: 11.9572, Train R: 0.9086, Train RRSE: 0.4291, Test Loss: 1203.4787, Test Node Loss: 29.2162, Test Reg Loss: 11.7426, Test MAPE: 14.3380, Test R: 0.8978, Test RRSE: 0.9029
2025-02-10 16:01:06,781:INFO:Checkpoint saved at best_0.0008_0.001_256_SAGE_2_64_0.8978_epoch_222.pth
2025-02-10 16:01:22,963:INFO:Epoch 223: Train Loss: 298.9203, Train Node Loss: 33.1835, Train Reg Loss: 2.6574, Train MAPE: 11.9745, Train R: 0.9115, Train RRSE: 0.4224, Test Loss: 409.9902, Test Node Loss: 36.5861, Test Reg Loss: 3.7340, Test MAPE: 13.1784, Test R: 0.8981, Test RRSE: 0.5092
2025-02-10 16:01:22,991:INFO:Checkpoint saved at best_0.0008_0.001_256_SAGE_2_64_0.8981_epoch_223.pth
2025-02-10 16:01:39,144:INFO:Epoch 224: Train Loss: 299.3572, Train Node Loss: 35.6892, Train Reg Loss: 2.6367, Train MAPE: 12.2593, Train R: 0.9122, Train RRSE: 0.4208, Test Loss: 1104.9153, Test Node Loss: 29.8275, Test Reg Loss: 10.7509, Test MAPE: 14.2002, Test R: 0.8969, Test RRSE: 0.8640
2025-02-10 16:01:55,354:INFO:Epoch 225: Train Loss: 297.2912, Train Node Loss: 32.2137, Train Reg Loss: 2.6508, Train MAPE: 12.0576, Train R: 0.9123, Train RRSE: 0.4219, Test Loss: 1008.9950, Test Node Loss: 30.2751, Test Reg Loss: 9.7872, Test MAPE: 14.0565, Test R: 0.8957, Test RRSE: 0.8243
2025-02-10 16:02:11,450:INFO:Epoch 226: Train Loss: 318.8571, Train Node Loss: 34.8033, Train Reg Loss: 2.8405, Train MAPE: 12.3431, Train R: 0.9022, Train RRSE: 0.4368, Test Loss: 787.2314, Test Node Loss: 31.2775, Test Reg Loss: 7.5595, Test MAPE: 13.7749, Test R: 0.8962, Test RRSE: 0.7245
2025-02-10 16:02:27,545:INFO:Epoch 227: Train Loss: 304.6819, Train Node Loss: 33.2772, Train Reg Loss: 2.7140, Train MAPE: 12.2431, Train R: 0.9052, Train RRSE: 0.4269, Test Loss: 664.9136, Test Node Loss: 30.9690, Test Reg Loss: 6.3394, Test MAPE: 13.4482, Test R: 0.8968, Test RRSE: 0.6634
2025-02-10 16:02:43,711:INFO:Epoch 228: Train Loss: 272.7685, Train Node Loss: 32.9983, Train Reg Loss: 2.3977, Train MAPE: 12.2700, Train R: 0.9170, Train RRSE: 0.4013, Test Loss: 703.8573, Test Node Loss: 30.0039, Test Reg Loss: 6.7385, Test MAPE: 13.6515, Test R: 0.8970, Test RRSE: 0.6840
2025-02-10 16:02:59,837:INFO:Epoch 229: Train Loss: 281.0623, Train Node Loss: 31.6218, Train Reg Loss: 2.4944, Train MAPE: 12.2961, Train R: 0.9138, Train RRSE: 0.4093, Test Loss: 922.6235, Test Node Loss: 28.5879, Test Reg Loss: 8.9404, Test MAPE: 14.0279, Test R: 0.8965, Test RRSE: 0.7879
2025-02-10 16:03:16,194:INFO:Epoch 230: Train Loss: 285.3358, Train Node Loss: 31.3811, Train Reg Loss: 2.5395, Train MAPE: 12.1942, Train R: 0.9121, Train RRSE: 0.4130, Test Loss: 654.2607, Test Node Loss: 30.5674, Test Reg Loss: 6.2369, Test MAPE: 13.7114, Test R: 0.8965, Test RRSE: 0.6581
2025-02-10 16:03:32,542:INFO:Epoch 231: Train Loss: 284.8620, Train Node Loss: 31.9998, Train Reg Loss: 2.5286, Train MAPE: 12.3401, Train R: 0.9121, Train RRSE: 0.4121, Test Loss: 913.5802, Test Node Loss: 28.1985, Test Reg Loss: 8.8538, Test MAPE: 14.0951, Test R: 0.8969, Test RRSE: 0.7840
2025-02-10 16:03:48,742:INFO:Epoch 232: Train Loss: 270.3137, Train Node Loss: 31.3189, Train Reg Loss: 2.3899, Train MAPE: 12.3495, Train R: 0.9167, Train RRSE: 0.4006, Test Loss: 741.7133, Test Node Loss: 29.7337, Test Reg Loss: 7.1198, Test MAPE: 13.9624, Test R: 0.8969, Test RRSE: 0.7031
2025-02-10 16:04:04,901:INFO:Epoch 233: Train Loss: 299.1862, Train Node Loss: 30.9534, Train Reg Loss: 2.6823, Train MAPE: 12.3874, Train R: 0.9060, Train RRSE: 0.4244, Test Loss: 1098.6839, Test Node Loss: 26.1164, Test Reg Loss: 10.7257, Test MAPE: 14.3993, Test R: 0.8974, Test RRSE: 0.8630
2025-02-10 16:04:21,026:INFO:Epoch 234: Train Loss: 319.4397, Train Node Loss: 30.8854, Train Reg Loss: 2.8855, Train MAPE: 12.3166, Train R: 0.8987, Train RRSE: 0.4402, Test Loss: 697.3180, Test Node Loss: 28.8460, Test Reg Loss: 6.6847, Test MAPE: 13.6919, Test R: 0.8978, Test RRSE: 0.6813
2025-02-10 16:04:37,179:INFO:Epoch 235: Train Loss: 299.8540, Train Node Loss: 29.1213, Train Reg Loss: 2.7073, Train MAPE: 12.3013, Train R: 0.9065, Train RRSE: 0.4264, Test Loss: 1130.9866, Test Node Loss: 25.4255, Test Reg Loss: 11.0556, Test MAPE: 14.5689, Test R: 0.8975, Test RRSE: 0.8761
2025-02-10 16:04:53,316:INFO:Epoch 236: Train Loss: 301.8382, Train Node Loss: 29.5866, Train Reg Loss: 2.7225, Train MAPE: 12.1961, Train R: 0.9051, Train RRSE: 0.4276, Test Loss: 354.1367, Test Node Loss: 32.2999, Test Reg Loss: 3.2184, Test MAPE: 13.3872, Test R: 0.8975, Test RRSE: 0.4727
2025-02-10 16:05:09,514:INFO:Epoch 237: Train Loss: 270.5799, Train Node Loss: 29.7190, Train Reg Loss: 2.4086, Train MAPE: 12.3595, Train R: 0.9172, Train RRSE: 0.4022, Test Loss: 1124.0648, Test Node Loss: 24.0340, Test Reg Loss: 11.0003, Test MAPE: 14.4072, Test R: 0.8974, Test RRSE: 0.8739
2025-02-10 16:05:25,655:INFO:Epoch 238: Train Loss: 289.1291, Train Node Loss: 27.1710, Train Reg Loss: 2.6196, Train MAPE: 12.2614, Train R: 0.9127, Train RRSE: 0.4194, Test Loss: 749.7313, Test Node Loss: 27.5196, Test Reg Loss: 7.2221, Test MAPE: 13.9379, Test R: 0.8970, Test RRSE: 0.7081
2025-02-10 16:05:41,812:INFO:Epoch 239: Train Loss: 350.9591, Train Node Loss: 30.8976, Train Reg Loss: 3.2006, Train MAPE: 12.6044, Train R: 0.8951, Train RRSE: 0.4636, Test Loss: 1117.3745, Test Node Loss: 24.2596, Test Reg Loss: 10.9311, Test MAPE: 14.5398, Test R: 0.8963, Test RRSE: 0.8712
2025-02-10 16:05:57,981:INFO:Epoch 240: Train Loss: 308.1494, Train Node Loss: 25.0277, Train Reg Loss: 2.8312, Train MAPE: 12.1588, Train R: 0.9157, Train RRSE: 0.4360, Test Loss: 967.7512, Test Node Loss: 23.8973, Test Reg Loss: 9.4385, Test MAPE: 14.1346, Test R: 0.8969, Test RRSE: 0.8095
2025-02-10 16:06:14,357:INFO:Epoch 241: Train Loss: 279.0776, Train Node Loss: 27.8579, Train Reg Loss: 2.5122, Train MAPE: 12.2234, Train R: 0.9130, Train RRSE: 0.4107, Test Loss: 340.4996, Test Node Loss: 31.7540, Test Reg Loss: 3.0875, Test MAPE: 13.2886, Test R: 0.8976, Test RRSE: 0.4630
2025-02-10 16:06:30,440:INFO:Epoch 242: Train Loss: 298.1860, Train Node Loss: 29.7518, Train Reg Loss: 2.6843, Train MAPE: 12.4683, Train R: 0.9155, Train RRSE: 0.4246, Test Loss: 2028.5254, Test Node Loss: 19.9179, Test Reg Loss: 20.0861, Test MAPE: 16.0057, Test R: 0.8957, Test RRSE: 1.1809
2025-02-10 16:06:46,575:INFO:Epoch 243: Train Loss: 355.0853, Train Node Loss: 22.9933, Train Reg Loss: 3.3209, Train MAPE: 11.9007, Train R: 0.9124, Train RRSE: 0.4723, Test Loss: 650.0934, Test Node Loss: 25.6960, Test Reg Loss: 6.2440, Test MAPE: 13.7701, Test R: 0.8968, Test RRSE: 0.6584
2025-02-10 16:07:02,691:INFO:Epoch 244: Train Loss: 333.3583, Train Node Loss: 28.9253, Train Reg Loss: 3.0443, Train MAPE: 12.6660, Train R: 0.9041, Train RRSE: 0.4522, Test Loss: 332.4875, Test Node Loss: 29.7869, Test Reg Loss: 3.0270, Test MAPE: 13.4487, Test R: 0.8961, Test RRSE: 0.4584
2025-02-10 16:07:18,850:INFO:Epoch 245: Train Loss: 342.4324, Train Node Loss: 24.6120, Train Reg Loss: 3.1782, Train MAPE: 12.2607, Train R: 0.8895, Train RRSE: 0.4620, Test Loss: 1448.2516, Test Node Loss: 19.8650, Test Reg Loss: 14.2839, Test MAPE: 14.8573, Test R: 0.8944, Test RRSE: 0.9959
2025-02-10 16:07:35,004:INFO:Epoch 246: Train Loss: 295.6059, Train Node Loss: 24.9132, Train Reg Loss: 2.7069, Train MAPE: 12.1668, Train R: 0.9061, Train RRSE: 0.4264, Test Loss: 401.5465, Test Node Loss: 28.6147, Test Reg Loss: 3.7293, Test MAPE: 13.5147, Test R: 0.8957, Test RRSE: 0.5089
2025-02-10 16:07:51,158:INFO:Epoch 247: Train Loss: 289.2982, Train Node Loss: 27.4750, Train Reg Loss: 2.6182, Train MAPE: 12.6574, Train R: 0.9171, Train RRSE: 0.4193, Test Loss: 1283.5009, Test Node Loss: 20.7628, Test Reg Loss: 12.6274, Test MAPE: 14.6052, Test R: 0.8961, Test RRSE: 0.9363
2025-02-10 16:08:07,340:INFO:Epoch 248: Train Loss: 299.3303, Train Node Loss: 22.4315, Train Reg Loss: 2.7690, Train MAPE: 12.0144, Train R: 0.9128, Train RRSE: 0.4312, Test Loss: 952.6916, Test Node Loss: 21.2866, Test Reg Loss: 9.3141, Test MAPE: 14.0442, Test R: 0.8968, Test RRSE: 0.8042
2025-02-10 16:08:23,526:INFO:Epoch 249: Train Loss: 279.5304, Train Node Loss: 24.2977, Train Reg Loss: 2.5523, Train MAPE: 12.2980, Train R: 0.9110, Train RRSE: 0.4140, Test Loss: 437.0919, Test Node Loss: 25.5099, Test Reg Loss: 4.1158, Test MAPE: 13.3987, Test R: 0.8973, Test RRSE: 0.5346
2025-02-10 16:08:39,723:INFO:Epoch 250: Train Loss: 281.7716, Train Node Loss: 23.9409, Train Reg Loss: 2.5783, Train MAPE: 12.3743, Train R: 0.9100, Train RRSE: 0.4161, Test Loss: 1085.9687, Test Node Loss: 19.7920, Test Reg Loss: 10.6618, Test MAPE: 14.2178, Test R: 0.8974, Test RRSE: 0.8604
2025-02-10 16:08:55,927:INFO:Epoch 251: Train Loss: 348.0473, Train Node Loss: 22.6597, Train Reg Loss: 3.2539, Train MAPE: 12.1684, Train R: 0.8850, Train RRSE: 0.4675, Test Loss: 482.6016, Test Node Loss: 23.7584, Test Reg Loss: 4.5884, Test MAPE: 13.4669, Test R: 0.8981, Test RRSE: 0.5644
2025-02-10 16:09:12,161:INFO:Epoch 252: Train Loss: 303.3375, Train Node Loss: 22.8111, Train Reg Loss: 2.8053, Train MAPE: 12.1727, Train R: 0.9021, Train RRSE: 0.4340, Test Loss: 870.7408, Test Node Loss: 20.2329, Test Reg Loss: 8.5051, Test MAPE: 13.8452, Test R: 0.8977, Test RRSE: 0.7685
2025-02-10 16:09:28,331:INFO:Epoch 253: Train Loss: 296.2069, Train Node Loss: 21.3739, Train Reg Loss: 2.7483, Train MAPE: 12.0727, Train R: 0.9061, Train RRSE: 0.4296, Test Loss: 620.2125, Test Node Loss: 20.8956, Test Reg Loss: 5.9932, Test MAPE: 13.5840, Test R: 0.8981, Test RRSE: 0.6451
2025-02-10 16:09:28,364:INFO:Checkpoint saved at best_0.0008_0.001_256_SAGE_2_64_0.8981_epoch_253.pth
2025-02-10 16:09:44,500:INFO:Epoch 254: Train Loss: 268.4242, Train Node Loss: 22.2751, Train Reg Loss: 2.4615, Train MAPE: 12.1982, Train R: 0.9160, Train RRSE: 0.4066, Test Loss: 537.8534, Test Node Loss: 22.1214, Test Reg Loss: 5.1573, Test MAPE: 13.4707, Test R: 0.8981, Test RRSE: 0.5984
2025-02-10 16:10:00,807:INFO:Epoch 255: Train Loss: 268.9045, Train Node Loss: 22.8338, Train Reg Loss: 2.4607, Train MAPE: 12.4986, Train R: 0.9150, Train RRSE: 0.4065, Test Loss: 1958.2853, Test Node Loss: 17.2272, Test Reg Loss: 19.4106, Test MAPE: 16.0687, Test R: 0.8959, Test RRSE: 1.1609
2025-02-10 16:10:17,129:INFO:Epoch 256: Train Loss: 263.0584, Train Node Loss: 21.3708, Train Reg Loss: 2.4169, Train MAPE: 12.3570, Train R: 0.9179, Train RRSE: 0.4029, Test Loss: 1993.2112, Test Node Loss: 17.4227, Test Reg Loss: 19.7579, Test MAPE: 16.1258, Test R: 0.8949, Test RRSE: 1.1712
2025-02-10 16:10:33,670:INFO:Epoch 257: Train Loss: 264.1657, Train Node Loss: 22.3918, Train Reg Loss: 2.4177, Train MAPE: 12.3006, Train R: 0.9159, Train RRSE: 0.4030, Test Loss: 832.9130, Test Node Loss: 21.2515, Test Reg Loss: 8.1166, Test MAPE: 14.1834, Test R: 0.8977, Test RRSE: 0.7507
2025-02-10 16:10:50,047:INFO:Epoch 258: Train Loss: 274.9663, Train Node Loss: 22.3696, Train Reg Loss: 2.5260, Train MAPE: 12.3847, Train R: 0.9122, Train RRSE: 0.4119, Test Loss: 1005.6419, Test Node Loss: 18.8783, Test Reg Loss: 9.8676, Test MAPE: 14.3241, Test R: 0.8967, Test RRSE: 0.8277
2025-02-10 16:11:06,420:INFO:Epoch 259: Train Loss: 273.6343, Train Node Loss: 20.6966, Train Reg Loss: 2.5294, Train MAPE: 12.2144, Train R: 0.9129, Train RRSE: 0.4121, Test Loss: 549.4884, Test Node Loss: 20.3508, Test Reg Loss: 5.2914, Test MAPE: 13.6520, Test R: 0.8969, Test RRSE: 0.6061
2025-02-10 16:11:22,791:INFO:Epoch 260: Train Loss: 290.5759, Train Node Loss: 21.1791, Train Reg Loss: 2.6940, Train MAPE: 12.2892, Train R: 0.9058, Train RRSE: 0.4253, Test Loss: 595.2176, Test Node Loss: 19.6833, Test Reg Loss: 5.7553, Test MAPE: 13.6733, Test R: 0.8969, Test RRSE: 0.6321
2025-02-10 16:11:39,163:INFO:Epoch 261: Train Loss: 276.4385, Train Node Loss: 20.2859, Train Reg Loss: 2.5615, Train MAPE: 12.1844, Train R: 0.9113, Train RRSE: 0.4148, Test Loss: 625.2972, Test Node Loss: 19.8927, Test Reg Loss: 6.0540, Test MAPE: 13.8087, Test R: 0.8973, Test RRSE: 0.6483
2025-02-10 16:11:55,524:INFO:Epoch 262: Train Loss: 267.0854, Train Node Loss: 20.7850, Train Reg Loss: 2.4630, Train MAPE: 12.4774, Train R: 0.9141, Train RRSE: 0.4067, Test Loss: 1171.3249, Test Node Loss: 17.4454, Test Reg Loss: 11.5388, Test MAPE: 14.7357, Test R: 0.8968, Test RRSE: 0.8951
2025-02-10 16:12:12,118:INFO:Epoch 263: Train Loss: 262.8538, Train Node Loss: 19.6676, Train Reg Loss: 2.4319, Train MAPE: 12.2967, Train R: 0.9160, Train RRSE: 0.4041, Test Loss: 938.6748, Test Node Loss: 18.6140, Test Reg Loss: 9.2006, Test MAPE: 14.4723, Test R: 0.8978, Test RRSE: 0.7993
2025-02-10 16:12:28,466:INFO:Epoch 264: Train Loss: 254.9240, Train Node Loss: 20.0729, Train Reg Loss: 2.3485, Train MAPE: 12.3208, Train R: 0.9184, Train RRSE: 0.3971, Test Loss: 961.0196, Test Node Loss: 18.2198, Test Reg Loss: 9.4280, Test MAPE: 14.5316, Test R: 0.8979, Test RRSE: 0.8091
2025-02-10 16:12:44,820:INFO:Epoch 265: Train Loss: 266.5074, Train Node Loss: 19.7127, Train Reg Loss: 2.4679, Train MAPE: 12.3243, Train R: 0.9140, Train RRSE: 0.4071, Test Loss: 843.5066, Test Node Loss: 18.7976, Test Reg Loss: 8.2471, Test MAPE: 14.4935, Test R: 0.8974, Test RRSE: 0.7567
2025-02-10 16:13:01,194:INFO:Epoch 266: Train Loss: 274.0147, Train Node Loss: 20.1557, Train Reg Loss: 2.5386, Train MAPE: 12.5592, Train R: 0.9110, Train RRSE: 0.4129, Test Loss: 706.0496, Test Node Loss: 19.0858, Test Reg Loss: 6.8696, Test MAPE: 14.2220, Test R: 0.8967, Test RRSE: 0.6906
2025-02-10 16:13:17,575:INFO:Epoch 267: Train Loss: 258.2474, Train Node Loss: 19.8598, Train Reg Loss: 2.3839, Train MAPE: 12.4845, Train R: 0.9170, Train RRSE: 0.4001, Test Loss: 1102.0693, Test Node Loss: 16.6964, Test Reg Loss: 10.8537, Test MAPE: 14.7021, Test R: 0.8957, Test RRSE: 0.8681
2025-02-10 16:13:34,140:INFO:Epoch 268: Train Loss: 295.1179, Train Node Loss: 17.7116, Train Reg Loss: 2.7741, Train MAPE: 12.0827, Train R: 0.9085, Train RRSE: 0.4316, Test Loss: 657.4689, Test Node Loss: 18.1479, Test Reg Loss: 6.3932, Test MAPE: 13.9966, Test R: 0.8963, Test RRSE: 0.6662
2025-02-10 16:13:50,491:INFO:Epoch 269: Train Loss: 282.8245, Train Node Loss: 19.4356, Train Reg Loss: 2.6339, Train MAPE: 12.4456, Train R: 0.9089, Train RRSE: 0.4206, Test Loss: 541.4848, Test Node Loss: 19.1194, Test Reg Loss: 5.2237, Test MAPE: 13.8312, Test R: 0.8965, Test RRSE: 0.6022
2025-02-10 16:14:06,824:INFO:Epoch 270: Train Loss: 265.1367, Train Node Loss: 18.9977, Train Reg Loss: 2.4614, Train MAPE: 12.3927, Train R: 0.9144, Train RRSE: 0.4066, Test Loss: 1225.1733, Test Node Loss: 15.7861, Test Reg Loss: 12.0939, Test MAPE: 14.8781, Test R: 0.8967, Test RRSE: 0.9163
2025-02-10 16:14:23,170:INFO:Epoch 271: Train Loss: 291.6637, Train Node Loss: 17.4911, Train Reg Loss: 2.7417, Train MAPE: 12.1800, Train R: 0.9062, Train RRSE: 0.4291, Test Loss: 1121.8349, Test Node Loss: 16.2803, Test Reg Loss: 11.0555, Test MAPE: 14.6420, Test R: 0.8972, Test RRSE: 0.8761
2025-02-10 16:14:39,497:INFO:Epoch 272: Train Loss: 286.7093, Train Node Loss: 19.0440, Train Reg Loss: 2.6767, Train MAPE: 12.5436, Train R: 0.9074, Train RRSE: 0.4240, Test Loss: 927.1462, Test Node Loss: 16.8525, Test Reg Loss: 9.1029, Test MAPE: 14.4552, Test R: 0.8969, Test RRSE: 0.7950
2025-02-10 16:14:55,862:INFO:Epoch 273: Train Loss: 274.5058, Train Node Loss: 17.4898, Train Reg Loss: 2.5702, Train MAPE: 12.2243, Train R: 0.9107, Train RRSE: 0.4155, Test Loss: 1194.0188, Test Node Loss: 15.0926, Test Reg Loss: 11.7893, Test MAPE: 14.8153, Test R: 0.8967, Test RRSE: 0.9047
2025-02-10 16:15:12,243:INFO:Epoch 274: Train Loss: 254.0250, Train Node Loss: 17.4671, Train Reg Loss: 2.3656, Train MAPE: 12.3312, Train R: 0.9177, Train RRSE: 0.3986, Test Loss: 750.5155, Test Node Loss: 16.5282, Test Reg Loss: 7.3399, Test MAPE: 14.1387, Test R: 0.8976, Test RRSE: 0.7139
2025-02-10 16:15:28,577:INFO:Epoch 275: Train Loss: 264.5688, Train Node Loss: 17.0463, Train Reg Loss: 2.4752, Train MAPE: 12.3331, Train R: 0.9136, Train RRSE: 0.4077, Test Loss: 859.2718, Test Node Loss: 15.3441, Test Reg Loss: 8.4393, Test MAPE: 14.2857, Test R: 0.8978, Test RRSE: 0.7655
2025-02-10 16:15:44,941:INFO:Epoch 276: Train Loss: 260.3805, Train Node Loss: 16.7424, Train Reg Loss: 2.4364, Train MAPE: 12.2282, Train R: 0.9151, Train RRSE: 0.4045, Test Loss: 751.8211, Test Node Loss: 15.8907, Test Reg Loss: 7.3593, Test MAPE: 14.1547, Test R: 0.8985, Test RRSE: 0.7148
2025-02-10 16:15:44,965:INFO:Checkpoint saved at best_0.0008_0.001_256_SAGE_2_64_0.8985_epoch_276.pth
2025-02-10 16:16:01,312:INFO:Epoch 277: Train Loss: 272.7018, Train Node Loss: 17.4355, Train Reg Loss: 2.5527, Train MAPE: 12.5284, Train R: 0.9116, Train RRSE: 0.4140, Test Loss: 1313.2607, Test Node Loss: 13.8537, Test Reg Loss: 12.9941, Test MAPE: 15.1147, Test R: 0.8971, Test RRSE: 0.9498
2025-02-10 16:16:17,678:INFO:Epoch 278: Train Loss: 298.4184, Train Node Loss: 15.5524, Train Reg Loss: 2.8287, Train MAPE: 12.1316, Train R: 0.9048, Train RRSE: 0.4359, Test Loss: 1164.2546, Test Node Loss: 14.1437, Test Reg Loss: 11.5011, Test MAPE: 14.6990, Test R: 0.8960, Test RRSE: 0.8936
2025-02-10 16:16:33,985:INFO:Epoch 279: Train Loss: 272.6085, Train Node Loss: 16.8424, Train Reg Loss: 2.5577, Train MAPE: 12.3984, Train R: 0.9108, Train RRSE: 0.4144, Test Loss: 669.5179, Test Node Loss: 16.2126, Test Reg Loss: 6.5331, Test MAPE: 14.0099, Test R: 0.8955, Test RRSE: 0.6735
2025-02-10 16:16:50,297:INFO:Epoch 280: Train Loss: 252.9757, Train Node Loss: 16.6904, Train Reg Loss: 2.3629, Train MAPE: 12.3993, Train R: 0.9183, Train RRSE: 0.3984, Test Loss: 1005.8589, Test Node Loss: 14.0214, Test Reg Loss: 9.9184, Test MAPE: 14.3236, Test R: 0.8959, Test RRSE: 0.8298
2025-02-10 16:17:06,851:INFO:Epoch 281: Train Loss: 260.8035, Train Node Loss: 15.1882, Train Reg Loss: 2.4562, Train MAPE: 12.1843, Train R: 0.9173, Train RRSE: 0.4061, Test Loss: 404.0200, Test Node Loss: 16.9591, Test Reg Loss: 3.8706, Test MAPE: 13.3931, Test R: 0.8971, Test RRSE: 0.5184
2025-02-10 16:17:23,220:INFO:Epoch 282: Train Loss: 263.1175, Train Node Loss: 17.2675, Train Reg Loss: 2.4585, Train MAPE: 12.6642, Train R: 0.9202, Train RRSE: 0.4063, Test Loss: 1037.7663, Test Node Loss: 14.0582, Test Reg Loss: 10.2371, Test MAPE: 14.6046, Test R: 0.8970, Test RRSE: 0.8431
2025-02-10 16:17:39,642:INFO:Epoch 283: Train Loss: 248.8446, Train Node Loss: 15.0330, Train Reg Loss: 2.3381, Train MAPE: 12.3083, Train R: 0.9202, Train RRSE: 0.3963, Test Loss: 1715.2573, Test Node Loss: 12.0443, Test Reg Loss: 17.0321, Test MAPE: 15.7434, Test R: 0.8963, Test RRSE: 1.0875
2025-02-10 16:17:55,959:INFO:Epoch 284: Train Loss: 288.7060, Train Node Loss: 15.5197, Train Reg Loss: 2.7319, Train MAPE: 12.2679, Train R: 0.9039, Train RRSE: 0.4283, Test Loss: 697.6763, Test Node Loss: 15.2589, Test Reg Loss: 6.8242, Test MAPE: 14.2669, Test R: 0.8990, Test RRSE: 0.6883
2025-02-10 16:17:55,978:INFO:Checkpoint saved at best_0.0008_0.001_256_SAGE_2_64_0.8990_epoch_284.pth
2025-02-10 16:18:12,310:INFO:Epoch 285: Train Loss: 243.2162, Train Node Loss: 15.4283, Train Reg Loss: 2.2779, Train MAPE: 12.4124, Train R: 0.9207, Train RRSE: 0.3911, Test Loss: 1511.5356, Test Node Loss: 12.1123, Test Reg Loss: 14.9942, Test MAPE: 15.4555, Test R: 0.8967, Test RRSE: 1.0203
2025-02-10 16:18:28,611:INFO:Epoch 286: Train Loss: 244.3609, Train Node Loss: 14.9625, Train Reg Loss: 2.2940, Train MAPE: 12.4338, Train R: 0.9198, Train RRSE: 0.3925, Test Loss: 841.3066, Test Node Loss: 13.7125, Test Reg Loss: 8.2759, Test MAPE: 14.3112, Test R: 0.8981, Test RRSE: 0.7580
2025-02-10 16:18:44,930:INFO:Epoch 287: Train Loss: 251.9379, Train Node Loss: 14.9485, Train Reg Loss: 2.3699, Train MAPE: 12.4535, Train R: 0.9173, Train RRSE: 0.3989, Test Loss: 1235.8556, Test Node Loss: 12.0759, Test Reg Loss: 12.2378, Test MAPE: 14.9091, Test R: 0.8966, Test RRSE: 0.9218
2025-02-10 16:19:01,464:INFO:Epoch 288: Train Loss: 238.7789, Train Node Loss: 13.4745, Train Reg Loss: 2.2530, Train MAPE: 12.2478, Train R: 0.9254, Train RRSE: 0.3890, Test Loss: 690.0721, Test Node Loss: 13.7555, Test Reg Loss: 6.7632, Test MAPE: 14.1101, Test R: 0.8980, Test RRSE: 0.6853
2025-02-10 16:19:18,057:INFO:Epoch 289: Train Loss: 258.2641, Train Node Loss: 15.1179, Train Reg Loss: 2.4315, Train MAPE: 12.4917, Train R: 0.9170, Train RRSE: 0.4041, Test Loss: 596.1537, Test Node Loss: 14.1725, Test Reg Loss: 5.8198, Test MAPE: 13.8122, Test R: 0.8988, Test RRSE: 0.6357
2025-02-10 16:19:34,616:INFO:Epoch 290: Train Loss: 259.9950, Train Node Loss: 13.9001, Train Reg Loss: 2.4609, Train MAPE: 12.3065, Train R: 0.9145, Train RRSE: 0.4065, Test Loss: 1236.2073, Test Node Loss: 11.7052, Test Reg Loss: 12.2450, Test MAPE: 14.9127, Test R: 0.8978, Test RRSE: 0.9221
2025-02-10 16:19:50,920:INFO:Epoch 291: Train Loss: 294.8612, Train Node Loss: 14.2492, Train Reg Loss: 2.8061, Train MAPE: 12.3837, Train R: 0.9014, Train RRSE: 0.4341, Test Loss: 1064.8619, Test Node Loss: 12.5491, Test Reg Loss: 10.5231, Test MAPE: 14.7260, Test R: 0.8971, Test RRSE: 0.8548
2025-02-10 16:20:07,327:INFO:Epoch 292: Train Loss: 258.4056, Train Node Loss: 13.4431, Train Reg Loss: 2.4496, Train MAPE: 12.2885, Train R: 0.9154, Train RRSE: 0.4056, Test Loss: 1689.7561, Test Node Loss: 10.8104, Test Reg Loss: 16.7895, Test MAPE: 15.7292, Test R: 0.8950, Test RRSE: 1.0797
2025-02-10 16:20:23,635:INFO:Epoch 293: Train Loss: 242.3298, Train Node Loss: 13.4235, Train Reg Loss: 2.2891, Train MAPE: 12.2811, Train R: 0.9213, Train RRSE: 0.3921, Test Loss: 740.3874, Test Node Loss: 13.2836, Test Reg Loss: 7.2710, Test MAPE: 14.2105, Test R: 0.8979, Test RRSE: 0.7105
2025-02-10 16:20:39,982:INFO:Epoch 294: Train Loss: 266.7288, Train Node Loss: 14.5202, Train Reg Loss: 2.5221, Train MAPE: 12.5166, Train R: 0.9143, Train RRSE: 0.4116, Test Loss: 891.4223, Test Node Loss: 12.2664, Test Reg Loss: 8.7916, Test MAPE: 14.3814, Test R: 0.8973, Test RRSE: 0.7813
2025-02-10 16:20:56,489:INFO:Epoch 295: Train Loss: 276.2368, Train Node Loss: 12.2879, Train Reg Loss: 2.6395, Train MAPE: 12.1228, Train R: 0.9137, Train RRSE: 0.4210, Test Loss: 573.1684, Test Node Loss: 13.0336, Test Reg Loss: 5.6013, Test MAPE: 13.9305, Test R: 0.8982, Test RRSE: 0.6236
2025-02-10 16:21:12,772:INFO:Epoch 296: Train Loss: 283.4738, Train Node Loss: 14.2725, Train Reg Loss: 2.6920, Train MAPE: 12.5417, Train R: 0.9083, Train RRSE: 0.4252, Test Loss: 623.3039, Test Node Loss: 13.0757, Test Reg Loss: 6.1023, Test MAPE: 14.1080, Test R: 0.8990, Test RRSE: 0.6509
2025-02-10 16:21:12,800:INFO:Checkpoint saved at best_0.0008_0.001_256_SAGE_2_64_0.8990_epoch_296.pth
2025-02-10 16:21:29,138:INFO:Epoch 297: Train Loss: 284.0488, Train Node Loss: 12.7943, Train Reg Loss: 2.7125, Train MAPE: 12.2151, Train R: 0.9052, Train RRSE: 0.4268, Test Loss: 1011.0843, Test Node Loss: 11.2210, Test Reg Loss: 9.9986, Test MAPE: 14.4742, Test R: 0.8990, Test RRSE: 0.8332
2025-02-10 16:21:29,156:INFO:Checkpoint saved at best_0.0008_0.001_256_SAGE_2_64_0.8990_epoch_297.pth
2025-02-10 16:21:45,490:INFO:Epoch 298: Train Loss: 239.4108, Train Node Loss: 12.1669, Train Reg Loss: 2.2724, Train MAPE: 12.1202, Train R: 0.9241, Train RRSE: 0.3907, Test Loss: 665.5864, Test Node Loss: 12.3810, Test Reg Loss: 6.5321, Test MAPE: 14.1525, Test R: 0.8995, Test RRSE: 0.6734
2025-02-10 16:21:45,508:INFO:Checkpoint saved at best_0.0008_0.001_256_SAGE_2_64_0.8995_epoch_298.pth
2025-02-10 16:22:01,868:INFO:Epoch 299: Train Loss: 248.2434, Train Node Loss: 13.5000, Train Reg Loss: 2.3474, Train MAPE: 12.5914, Train R: 0.9192, Train RRSE: 0.3970, Test Loss: 780.1413, Test Node Loss: 12.4382, Test Reg Loss: 7.6770, Test MAPE: 14.4377, Test R: 0.8984, Test RRSE: 0.7301
2025-02-10 16:22:18,164:INFO:Epoch 300: Train Loss: 251.5038, Train Node Loss: 12.2133, Train Reg Loss: 2.3929, Train MAPE: 12.5026, Train R: 0.9171, Train RRSE: 0.4009, Test Loss: 1830.8549, Test Node Loss: 9.3729, Test Reg Loss: 18.2148, Test MAPE: 15.8629, Test R: 0.8946, Test RRSE: 1.1246
2025-02-10 16:22:18,164:INFO:Best performance at epoch 298 with Test MAPE: 0.8995
