2025-02-10 14:55:51,511:INFO:Learning rate: 0.001
2025-02-10 14:55:51,512:INFO:Weight decay: 0.001
2025-02-10 14:55:51,512:INFO:Batch size: 32
2025-02-10 14:55:51,512:INFO:Number of layers: 2
2025-02-10 14:55:51,512:INFO:Convolution type: SAGE
2025-02-10 14:55:51,512:INFO:Convolution neurons: 256
2025-02-10 15:00:13,052:INFO:Learning rate: 0.001
2025-02-10 15:00:13,053:INFO:Weight decay: 0.001
2025-02-10 15:00:13,053:INFO:Batch size: 32
2025-02-10 15:00:13,053:INFO:Number of layers: 2
2025-02-10 15:00:13,053:INFO:Convolution type: SAGE
2025-02-10 15:00:13,053:INFO:Convolution neurons: 256
2025-02-10 15:00:29,841:INFO:Epoch 1: Train Loss: 92845.3384, Train Node Loss: 21.2620, Train Reg Loss: 928.2408, Train MAPE: 96.1307, Train R: 0.0251, Train RRSE: 7.8955, Test Loss: 74321.9930, Test Node Loss: 221.7037, Test Reg Loss: 741.0029, Test MAPE: 84.6121, Test R: 0.7952, Test RRSE: 7.1728
2025-02-10 15:00:29,870:INFO:Checkpoint saved at best_0.001_0.001_256_SAGE_2_32_0.7952_epoch_1.pth
2025-02-10 15:00:46,283:INFO:Epoch 2: Train Loss: 38582.7121, Train Node Loss: 1652.9890, Train Reg Loss: 369.2972, Train MAPE: 53.8141, Train R: 0.0141, Train RRSE: 4.9801, Test Loss: 61357.2100, Test Node Loss: 12493.9535, Test Reg Loss: 488.6326, Test MAPE: 71.3804, Test R: 0.8069, Test RRSE: 5.8246
2025-02-10 15:00:46,329:INFO:Checkpoint saved at best_0.001_0.001_256_SAGE_2_32_0.8069_epoch_2.pth
2025-02-10 15:01:02,709:INFO:Epoch 3: Train Loss: 12459.0807, Train Node Loss: 5433.7647, Train Reg Loss: 70.2532, Train MAPE: 24.6169, Train R: -0.0402, Train RRSE: 2.1721, Test Loss: 5779.6586, Test Node Loss: 2980.5449, Test Reg Loss: 27.9911, Test MAPE: 13.4704, Test R: 0.8089, Test RRSE: 1.3941
2025-02-10 15:01:02,820:INFO:Checkpoint saved at best_0.001_0.001_256_SAGE_2_32_0.8089_epoch_3.pth
2025-02-10 15:01:19,725:INFO:Epoch 4: Train Loss: 7287.0448, Train Node Loss: 2267.8724, Train Reg Loss: 50.1917, Train MAPE: 18.9674, Train R: 0.5043, Train RRSE: 1.8360, Test Loss: 4049.3942, Test Node Loss: 3155.4925, Test Reg Loss: 8.9390, Test MAPE: 9.8783, Test R: 0.8125, Test RRSE: 0.7878
2025-02-10 15:01:19,749:INFO:Checkpoint saved at best_0.001_0.001_256_SAGE_2_32_0.8125_epoch_4.pth
2025-02-10 15:01:36,056:INFO:Epoch 5: Train Loss: 4409.4205, Train Node Loss: 3119.2137, Train Reg Loss: 12.9021, Train MAPE: 11.6609, Train R: 0.5226, Train RRSE: 0.9308, Test Loss: 4443.3557, Test Node Loss: 3068.7708, Test Reg Loss: 13.7458, Test MAPE: 12.8714, Test R: 0.8148, Test RRSE: 0.9769
2025-02-10 15:01:36,099:INFO:Checkpoint saved at best_0.001_0.001_256_SAGE_2_32_0.8148_epoch_5.pth
2025-02-10 15:01:52,480:INFO:Epoch 6: Train Loss: 3582.8891, Train Node Loss: 2245.7591, Train Reg Loss: 13.3713, Train MAPE: 10.0883, Train R: 0.4775, Train RRSE: 0.9476, Test Loss: 3691.4179, Test Node Loss: 1865.5405, Test Reg Loss: 18.2588, Test MAPE: 11.2639, Test R: 0.8152, Test RRSE: 1.1259
2025-02-10 15:01:52,507:INFO:Checkpoint saved at best_0.001_0.001_256_SAGE_2_32_0.8152_epoch_6.pth
2025-02-10 15:02:08,825:INFO:Epoch 7: Train Loss: 3151.2833, Train Node Loss: 1953.1405, Train Reg Loss: 11.9814, Train MAPE: 9.6802, Train R: 0.5564, Train RRSE: 0.8970, Test Loss: 2919.7038, Test Node Loss: 2055.5667, Test Reg Loss: 8.6414, Test MAPE: 10.4485, Test R: 0.8164, Test RRSE: 0.7746
2025-02-10 15:02:08,848:INFO:Checkpoint saved at best_0.001_0.001_256_SAGE_2_32_0.8164_epoch_7.pth
2025-02-10 15:02:25,018:INFO:Epoch 8: Train Loss: 2849.5017, Train Node Loss: 1856.3234, Train Reg Loss: 9.9318, Train MAPE: 9.9847, Train R: 0.6536, Train RRSE: 0.8167, Test Loss: 2791.7530, Test Node Loss: 1528.0463, Test Reg Loss: 12.6371, Test MAPE: 10.1406, Test R: 0.8172, Test RRSE: 0.9367
2025-02-10 15:02:25,041:INFO:Checkpoint saved at best_0.001_0.001_256_SAGE_2_32_0.8172_epoch_8.pth
2025-02-10 15:02:41,453:INFO:Epoch 9: Train Loss: 2548.7908, Train Node Loss: 1536.7730, Train Reg Loss: 10.1202, Train MAPE: 9.2145, Train R: 0.7620, Train RRSE: 0.8244, Test Loss: 2382.8808, Test Node Loss: 1497.0183, Test Reg Loss: 8.8586, Test MAPE: 9.8233, Test R: 0.8171, Test RRSE: 0.7843
2025-02-10 15:02:57,884:INFO:Epoch 10: Train Loss: 2391.8320, Train Node Loss: 1460.6772, Train Reg Loss: 9.3115, Train MAPE: 9.6207, Train R: 0.7521, Train RRSE: 0.7908, Test Loss: 2307.8676, Test Node Loss: 1290.3682, Test Reg Loss: 10.1750, Test MAPE: 9.8054, Test R: 0.8167, Test RRSE: 0.8405
2025-02-10 15:03:14,322:INFO:Epoch 11: Train Loss: 2224.0341, Train Node Loss: 1251.5467, Train Reg Loss: 9.7249, Train MAPE: 9.3210, Train R: 0.7837, Train RRSE: 0.8081, Test Loss: 2131.1249, Test Node Loss: 1196.0687, Test Reg Loss: 9.3506, Test MAPE: 9.8757, Test R: 0.8164, Test RRSE: 0.8057
2025-02-10 15:03:30,614:INFO:Epoch 12: Train Loss: 2104.5974, Train Node Loss: 1226.0307, Train Reg Loss: 8.7857, Train MAPE: 9.8998, Train R: 0.7763, Train RRSE: 0.7681, Test Loss: 2106.2907, Test Node Loss: 1052.1660, Test Reg Loss: 10.5412, Test MAPE: 9.9635, Test R: 0.8160, Test RRSE: 0.8555
2025-02-10 15:03:47,229:INFO:Epoch 13: Train Loss: 1993.1045, Train Node Loss: 1042.1752, Train Reg Loss: 9.5093, Train MAPE: 9.3689, Train R: 0.7667, Train RRSE: 0.7991, Test Loss: 1870.4147, Test Node Loss: 1029.1155, Test Reg Loss: 8.4130, Test MAPE: 9.9567, Test R: 0.8162, Test RRSE: 0.7643
2025-02-10 15:04:03,655:INFO:Epoch 14: Train Loss: 1888.7342, Train Node Loss: 1024.6931, Train Reg Loss: 8.6404, Train MAPE: 9.8772, Train R: 0.7417, Train RRSE: 0.7618, Test Loss: 1982.6831, Test Node Loss: 886.2358, Test Reg Loss: 10.9645, Test MAPE: 10.1816, Test R: 0.8152, Test RRSE: 0.8725
2025-02-10 15:04:20,266:INFO:Epoch 15: Train Loss: 1771.2860, Train Node Loss: 931.9222, Train Reg Loss: 8.3936, Train MAPE: 9.6393, Train R: 0.7829, Train RRSE: 0.7508, Test Loss: 1727.9145, Test Node Loss: 880.6745, Test Reg Loss: 8.4724, Test MAPE: 9.9553, Test R: 0.8149, Test RRSE: 0.7670
2025-02-10 15:04:36,422:INFO:Epoch 16: Train Loss: 1686.9255, Train Node Loss: 893.4595, Train Reg Loss: 7.9347, Train MAPE: 9.8916, Train R: 0.7854, Train RRSE: 0.7300, Test Loss: 1909.5486, Test Node Loss: 764.4297, Test Reg Loss: 11.4512, Test MAPE: 10.3970, Test R: 0.8142, Test RRSE: 0.8917
2025-02-10 15:04:53,037:INFO:Epoch 17: Train Loss: 1649.9447, Train Node Loss: 821.8789, Train Reg Loss: 8.2807, Train MAPE: 9.7648, Train R: 0.7629, Train RRSE: 0.7457, Test Loss: 1811.0722, Test Node Loss: 724.7667, Test Reg Loss: 10.8631, Test MAPE: 10.3467, Test R: 0.8136, Test RRSE: 0.8685
2025-02-10 15:05:09,391:INFO:Epoch 18: Train Loss: 1581.2126, Train Node Loss: 754.2004, Train Reg Loss: 8.2701, Train MAPE: 9.7841, Train R: 0.7555, Train RRSE: 0.7453, Test Loss: 1493.5373, Test Node Loss: 747.9161, Test Reg Loss: 7.4562, Test MAPE: 10.1756, Test R: 0.8127, Test RRSE: 0.7195
2025-02-10 15:05:26,196:INFO:Epoch 19: Train Loss: 1555.7017, Train Node Loss: 747.3171, Train Reg Loss: 8.0838, Train MAPE: 10.2845, Train R: 0.7315, Train RRSE: 0.7368, Test Loss: 1724.7521, Test Node Loss: 638.9210, Test Reg Loss: 10.8583, Test MAPE: 10.6334, Test R: 0.8115, Test RRSE: 0.8683
2025-02-10 15:05:42,618:INFO:Epoch 20: Train Loss: 1432.0005, Train Node Loss: 683.3848, Train Reg Loss: 7.4862, Train MAPE: 9.9343, Train R: 0.7776, Train RRSE: 0.7091, Test Loss: 1414.7861, Test Node Loss: 654.8332, Test Reg Loss: 7.5995, Test MAPE: 10.3831, Test R: 0.8117, Test RRSE: 0.7264
2025-02-10 15:05:58,930:INFO:Epoch 21: Train Loss: 1413.1541, Train Node Loss: 663.5361, Train Reg Loss: 7.4962, Train MAPE: 10.2986, Train R: 0.7484, Train RRSE: 0.7095, Test Loss: 1661.6747, Test Node Loss: 567.3602, Test Reg Loss: 10.9431, Test MAPE: 10.7911, Test R: 0.8125, Test RRSE: 0.8717
2025-02-10 15:06:15,040:INFO:Epoch 22: Train Loss: 1362.9705, Train Node Loss: 623.7477, Train Reg Loss: 7.3922, Train MAPE: 10.2457, Train R: 0.7575, Train RRSE: 0.7046, Test Loss: 1517.0568, Test Node Loss: 550.6656, Test Reg Loss: 9.6639, Test MAPE: 10.6183, Test R: 0.8140, Test RRSE: 0.8191
2025-02-10 15:06:30,708:INFO:Epoch 23: Train Loss: 1303.5653, Train Node Loss: 583.8544, Train Reg Loss: 7.1971, Train MAPE: 10.2254, Train R: 0.7590, Train RRSE: 0.6952, Test Loss: 1460.3532, Test Node Loss: 524.2968, Test Reg Loss: 9.3606, Test MAPE: 10.7189, Test R: 0.8157, Test RRSE: 0.8062
2025-02-10 15:06:47,554:INFO:Epoch 24: Train Loss: 1207.7520, Train Node Loss: 569.5764, Train Reg Loss: 6.3818, Train MAPE: 10.6514, Train R: 0.7882, Train RRSE: 0.6547, Test Loss: 2058.3577, Test Node Loss: 442.2073, Test Reg Loss: 16.1615, Test MAPE: 12.0625, Test R: 0.8196, Test RRSE: 1.0593
2025-02-10 15:06:47,589:INFO:Checkpoint saved at best_0.001_0.001_256_SAGE_2_32_0.8196_epoch_24.pth
2025-02-10 15:07:04,075:INFO:Epoch 25: Train Loss: 1192.0092, Train Node Loss: 537.0048, Train Reg Loss: 6.5500, Train MAPE: 10.6681, Train R: 0.7731, Train RRSE: 0.6632, Test Loss: 1859.2651, Test Node Loss: 431.5165, Test Reg Loss: 14.2775, Test MAPE: 11.8996, Test R: 0.8247, Test RRSE: 0.9956
2025-02-10 15:07:04,134:INFO:Checkpoint saved at best_0.001_0.001_256_SAGE_2_32_0.8247_epoch_25.pth
2025-02-10 15:07:20,278:INFO:Epoch 26: Train Loss: 1190.7986, Train Node Loss: 499.8815, Train Reg Loss: 6.9092, Train MAPE: 10.6300, Train R: 0.7527, Train RRSE: 0.6812, Test Loss: 1076.4057, Test Node Loss: 501.2387, Test Reg Loss: 5.7517, Test MAPE: 10.6701, Test R: 0.8275, Test RRSE: 0.6319
2025-02-10 15:07:20,325:INFO:Checkpoint saved at best_0.001_0.001_256_SAGE_2_32_0.8275_epoch_26.pth
2025-02-10 15:07:36,570:INFO:Epoch 27: Train Loss: 1207.8621, Train Node Loss: 475.8493, Train Reg Loss: 7.3201, Train MAPE: 10.7982, Train R: 0.7299, Train RRSE: 0.7011, Test Loss: 1036.8470, Test Node Loss: 479.5120, Test Reg Loss: 5.5734, Test MAPE: 10.8367, Test R: 0.8299, Test RRSE: 0.6221
2025-02-10 15:07:36,597:INFO:Checkpoint saved at best_0.001_0.001_256_SAGE_2_32_0.8299_epoch_27.pth
2025-02-10 15:07:52,865:INFO:Epoch 28: Train Loss: 1078.5557, Train Node Loss: 470.3497, Train Reg Loss: 6.0821, Train MAPE: 10.8960, Train R: 0.7858, Train RRSE: 0.6391, Test Loss: 1442.0569, Test Node Loss: 396.1171, Test Reg Loss: 10.4594, Test MAPE: 11.3680, Test R: 0.8301, Test RRSE: 0.8522
2025-02-10 15:07:52,898:INFO:Checkpoint saved at best_0.001_0.001_256_SAGE_2_32_0.8301_epoch_28.pth
2025-02-10 15:08:09,249:INFO:Epoch 29: Train Loss: 1034.1829, Train Node Loss: 448.8513, Train Reg Loss: 5.8533, Train MAPE: 10.8369, Train R: 0.7972, Train RRSE: 0.6270, Test Loss: 1239.6489, Test Node Loss: 393.8987, Test Reg Loss: 8.4575, Test MAPE: 11.1656, Test R: 0.8312, Test RRSE: 0.7663
2025-02-10 15:08:09,277:INFO:Checkpoint saved at best_0.001_0.001_256_SAGE_2_32_0.8312_epoch_29.pth
2025-02-10 15:08:25,473:INFO:Epoch 30: Train Loss: 1005.6301, Train Node Loss: 412.4868, Train Reg Loss: 5.9314, Train MAPE: 10.7732, Train R: 0.8020, Train RRSE: 0.6311, Test Loss: 947.6038, Test Node Loss: 451.1290, Test Reg Loss: 4.9647, Test MAPE: 11.4605, Test R: 0.8334, Test RRSE: 0.5871
2025-02-10 15:08:25,509:INFO:Checkpoint saved at best_0.001_0.001_256_SAGE_2_32_0.8334_epoch_30.pth
2025-02-10 15:08:41,846:INFO:Epoch 31: Train Loss: 974.6112, Train Node Loss: 417.7529, Train Reg Loss: 5.5686, Train MAPE: 11.3045, Train R: 0.7982, Train RRSE: 0.6115, Test Loss: 1730.8723, Test Node Loss: 325.0611, Test Reg Loss: 14.0581, Test MAPE: 12.4728, Test R: 0.8344, Test RRSE: 0.9880
2025-02-10 15:08:41,889:INFO:Checkpoint saved at best_0.001_0.001_256_SAGE_2_32_0.8344_epoch_31.pth
2025-02-10 15:08:58,053:INFO:Epoch 32: Train Loss: 899.0458, Train Node Loss: 390.2256, Train Reg Loss: 5.0882, Train MAPE: 10.9045, Train R: 0.8264, Train RRSE: 0.5846, Test Loss: 1022.5672, Test Node Loss: 360.3100, Test Reg Loss: 6.6226, Test MAPE: 11.0355, Test R: 0.8377, Test RRSE: 0.6781
2025-02-10 15:08:58,074:INFO:Checkpoint saved at best_0.001_0.001_256_SAGE_2_32_0.8377_epoch_32.pth
2025-02-10 15:09:14,113:INFO:Epoch 33: Train Loss: 947.7983, Train Node Loss: 367.4179, Train Reg Loss: 5.8038, Train MAPE: 11.1680, Train R: 0.7916, Train RRSE: 0.6243, Test Loss: 889.8984, Test Node Loss: 399.3129, Test Reg Loss: 4.9059, Test MAPE: 11.4478, Test R: 0.8421, Test RRSE: 0.5836
2025-02-10 15:09:14,152:INFO:Checkpoint saved at best_0.001_0.001_256_SAGE_2_32_0.8421_epoch_33.pth
2025-02-10 15:09:30,584:INFO:Epoch 34: Train Loss: 951.7301, Train Node Loss: 351.3723, Train Reg Loss: 6.0036, Train MAPE: 11.1421, Train R: 0.7823, Train RRSE: 0.6350, Test Loss: 849.3488, Test Node Loss: 348.6802, Test Reg Loss: 5.0067, Test MAPE: 11.0278, Test R: 0.8424, Test RRSE: 0.5896
2025-02-10 15:09:30,608:INFO:Checkpoint saved at best_0.001_0.001_256_SAGE_2_32_0.8424_epoch_34.pth
2025-02-10 15:09:46,509:INFO:Epoch 35: Train Loss: 874.4337, Train Node Loss: 346.1760, Train Reg Loss: 5.2826, Train MAPE: 11.1082, Train R: 0.8178, Train RRSE: 0.5956, Test Loss: 1016.3413, Test Node Loss: 310.6846, Test Reg Loss: 7.0566, Test MAPE: 11.3281, Test R: 0.8459, Test RRSE: 0.7000
2025-02-10 15:09:46,536:INFO:Checkpoint saved at best_0.001_0.001_256_SAGE_2_32_0.8459_epoch_35.pth
2025-02-10 15:10:02,748:INFO:Epoch 36: Train Loss: 809.2712, Train Node Loss: 327.8641, Train Reg Loss: 4.8141, Train MAPE: 11.0360, Train R: 0.8417, Train RRSE: 0.5686, Test Loss: 829.3243, Test Node Loss: 319.7961, Test Reg Loss: 5.0953, Test MAPE: 11.2203, Test R: 0.8490, Test RRSE: 0.5948
2025-02-10 15:10:02,778:INFO:Checkpoint saved at best_0.001_0.001_256_SAGE_2_32_0.8490_epoch_36.pth
2025-02-10 15:10:18,717:INFO:Epoch 37: Train Loss: 822.9916, Train Node Loss: 323.4791, Train Reg Loss: 4.9951, Train MAPE: 11.2358, Train R: 0.8268, Train RRSE: 0.5792, Test Loss: 1699.4588, Test Node Loss: 251.0656, Test Reg Loss: 14.4839, Test MAPE: 12.9018, Test R: 0.8461, Test RRSE: 1.0028
2025-02-10 15:10:34,942:INFO:Epoch 38: Train Loss: 805.9072, Train Node Loss: 300.7572, Train Reg Loss: 5.0515, Train MAPE: 10.9017, Train R: 0.8293, Train RRSE: 0.5824, Test Loss: 738.9655, Test Node Loss: 311.2589, Test Reg Loss: 4.2771, Test MAPE: 11.2793, Test R: 0.8539, Test RRSE: 0.5449
2025-02-10 15:10:34,967:INFO:Checkpoint saved at best_0.001_0.001_256_SAGE_2_32_0.8539_epoch_38.pth
2025-02-10 15:10:51,263:INFO:Epoch 39: Train Loss: 884.9712, Train Node Loss: 280.9879, Train Reg Loss: 6.0398, Train MAPE: 11.2104, Train R: 0.7852, Train RRSE: 0.6369, Test Loss: 916.6635, Test Node Loss: 333.9490, Test Reg Loss: 5.8271, Test MAPE: 12.5308, Test R: 0.8561, Test RRSE: 0.6361
2025-02-10 15:10:51,291:INFO:Checkpoint saved at best_0.001_0.001_256_SAGE_2_32_0.8561_epoch_39.pth
2025-02-10 15:11:07,476:INFO:Epoch 40: Train Loss: 868.9767, Train Node Loss: 288.7899, Train Reg Loss: 5.8019, Train MAPE: 11.5041, Train R: 0.7849, Train RRSE: 0.6242, Test Loss: 1490.4408, Test Node Loss: 226.7158, Test Reg Loss: 12.6372, Test MAPE: 12.4761, Test R: 0.8559, Test RRSE: 0.9367
2025-02-10 15:11:23,883:INFO:Epoch 41: Train Loss: 755.6619, Train Node Loss: 277.4990, Train Reg Loss: 4.7816, Train MAPE: 11.3369, Train R: 0.8347, Train RRSE: 0.5667, Test Loss: 1065.2549, Test Node Loss: 238.0469, Test Reg Loss: 8.2721, Test MAPE: 11.5301, Test R: 0.8581, Test RRSE: 0.7579
2025-02-10 15:11:23,904:INFO:Checkpoint saved at best_0.001_0.001_256_SAGE_2_32_0.8581_epoch_41.pth
2025-02-10 15:11:40,202:INFO:Epoch 42: Train Loss: 720.8367, Train Node Loss: 255.7362, Train Reg Loss: 4.6510, Train MAPE: 10.9885, Train R: 0.8494, Train RRSE: 0.5589, Test Loss: 744.2064, Test Node Loss: 253.7697, Test Reg Loss: 4.9044, Test MAPE: 11.1129, Test R: 0.8597, Test RRSE: 0.5835
2025-02-10 15:11:40,227:INFO:Checkpoint saved at best_0.001_0.001_256_SAGE_2_32_0.8597_epoch_42.pth
2025-02-10 15:11:56,476:INFO:Epoch 43: Train Loss: 721.1169, Train Node Loss: 252.8116, Train Reg Loss: 4.6831, Train MAPE: 11.2866, Train R: 0.8398, Train RRSE: 0.5608, Test Loss: 741.8955, Test Node Loss: 242.5829, Test Reg Loss: 4.9931, Test MAPE: 11.4471, Test R: 0.8607, Test RRSE: 0.5888
2025-02-10 15:11:56,500:INFO:Checkpoint saved at best_0.001_0.001_256_SAGE_2_32_0.8607_epoch_43.pth
2025-02-10 15:12:13,067:INFO:Epoch 44: Train Loss: 777.1809, Train Node Loss: 237.8700, Train Reg Loss: 5.3931, Train MAPE: 11.3656, Train R: 0.8058, Train RRSE: 0.6018, Test Loss: 685.9212, Test Node Loss: 263.1356, Test Reg Loss: 4.2279, Test MAPE: 11.9789, Test R: 0.8618, Test RRSE: 0.5418
2025-02-10 15:12:13,101:INFO:Checkpoint saved at best_0.001_0.001_256_SAGE_2_32_0.8618_epoch_44.pth
2025-02-10 15:12:29,119:INFO:Epoch 45: Train Loss: 713.1260, Train Node Loss: 230.8624, Train Reg Loss: 4.8226, Train MAPE: 11.2923, Train R: 0.8304, Train RRSE: 0.5691, Test Loss: 805.9180, Test Node Loss: 212.6612, Test Reg Loss: 5.9326, Test MAPE: 11.4690, Test R: 0.8622, Test RRSE: 0.6418
2025-02-10 15:12:29,147:INFO:Checkpoint saved at best_0.001_0.001_256_SAGE_2_32_0.8622_epoch_45.pth
2025-02-10 15:12:45,108:INFO:Epoch 46: Train Loss: 710.0748, Train Node Loss: 229.4869, Train Reg Loss: 4.8059, Train MAPE: 11.5279, Train R: 0.8327, Train RRSE: 0.5681, Test Loss: 1623.4774, Test Node Loss: 171.0091, Test Reg Loss: 14.5247, Test MAPE: 13.1371, Test R: 0.8626, Test RRSE: 1.0042
2025-02-10 15:12:45,130:INFO:Checkpoint saved at best_0.001_0.001_256_SAGE_2_32_0.8626_epoch_46.pth
2025-02-10 15:13:01,470:INFO:Epoch 47: Train Loss: 770.8914, Train Node Loss: 214.9931, Train Reg Loss: 5.5590, Train MAPE: 11.4561, Train R: 0.7947, Train RRSE: 0.6110, Test Loss: 953.2074, Test Node Loss: 188.9359, Test Reg Loss: 7.6427, Test MAPE: 11.6363, Test R: 0.8661, Test RRSE: 0.7285
2025-02-10 15:13:01,503:INFO:Checkpoint saved at best_0.001_0.001_256_SAGE_2_32_0.8661_epoch_47.pth
2025-02-10 15:13:17,721:INFO:Epoch 48: Train Loss: 790.9017, Train Node Loss: 194.7750, Train Reg Loss: 5.9613, Train MAPE: 11.4639, Train R: 0.7909, Train RRSE: 0.6327, Test Loss: 1094.1132, Test Node Loss: 260.3329, Test Reg Loss: 8.3378, Test MAPE: 13.8993, Test R: 0.8686, Test RRSE: 0.7609
2025-02-10 15:13:17,748:INFO:Checkpoint saved at best_0.001_0.001_256_SAGE_2_32_0.8686_epoch_48.pth
2025-02-10 15:13:34,180:INFO:Epoch 49: Train Loss: 835.8473, Train Node Loss: 191.9665, Train Reg Loss: 6.4388, Train MAPE: 11.5462, Train R: 0.7627, Train RRSE: 0.6576, Test Loss: 604.8580, Test Node Loss: 219.9126, Test Reg Loss: 3.8495, Test MAPE: 11.9896, Test R: 0.8692, Test RRSE: 0.5170
2025-02-10 15:13:34,211:INFO:Checkpoint saved at best_0.001_0.001_256_SAGE_2_32_0.8692_epoch_49.pth
2025-02-10 15:13:50,757:INFO:Epoch 50: Train Loss: 793.1087, Train Node Loss: 198.4095, Train Reg Loss: 5.9470, Train MAPE: 11.9887, Train R: 0.7783, Train RRSE: 0.6320, Test Loss: 704.1215, Test Node Loss: 180.6002, Test Reg Loss: 5.2352, Test MAPE: 11.7044, Test R: 0.8692, Test RRSE: 0.6029
2025-02-10 15:14:06,708:INFO:Epoch 51: Train Loss: 613.9686, Train Node Loss: 191.6540, Train Reg Loss: 4.2231, Train MAPE: 11.5757, Train R: 0.8624, Train RRSE: 0.5326, Test Loss: 1131.1201, Test Node Loss: 152.4458, Test Reg Loss: 9.7867, Test MAPE: 12.2922, Test R: 0.8688, Test RRSE: 0.8243
2025-02-10 15:14:23,325:INFO:Epoch 52: Train Loss: 678.4974, Train Node Loss: 173.8872, Train Reg Loss: 5.0461, Train MAPE: 11.3553, Train R: 0.8193, Train RRSE: 0.5821, Test Loss: 577.6291, Test Node Loss: 179.6958, Test Reg Loss: 3.9793, Test MAPE: 11.6731, Test R: 0.8696, Test RRSE: 0.5256
2025-02-10 15:14:23,356:INFO:Checkpoint saved at best_0.001_0.001_256_SAGE_2_32_0.8696_epoch_52.pth
2025-02-10 15:14:39,936:INFO:Epoch 53: Train Loss: 577.4547, Train Node Loss: 168.4327, Train Reg Loss: 4.0902, Train MAPE: 11.3264, Train R: 0.8646, Train RRSE: 0.5241, Test Loss: 634.6915, Test Node Loss: 165.8908, Test Reg Loss: 4.6880, Test MAPE: 11.7442, Test R: 0.8705, Test RRSE: 0.5705
2025-02-10 15:14:39,965:INFO:Checkpoint saved at best_0.001_0.001_256_SAGE_2_32_0.8705_epoch_53.pth
2025-02-10 15:14:56,921:INFO:Epoch 54: Train Loss: 572.4162, Train Node Loss: 166.4642, Train Reg Loss: 4.0595, Train MAPE: 11.5377, Train R: 0.8602, Train RRSE: 0.5221, Test Loss: 686.8768, Test Node Loss: 155.4600, Test Reg Loss: 5.3142, Test MAPE: 11.8240, Test R: 0.8704, Test RRSE: 0.6074
2025-02-10 15:15:14,178:INFO:Epoch 55: Train Loss: 593.9736, Train Node Loss: 161.6360, Train Reg Loss: 4.3234, Train MAPE: 11.6382, Train R: 0.8479, Train RRSE: 0.5388, Test Loss: 1198.7877, Test Node Loss: 131.5223, Test Reg Loss: 10.6727, Test MAPE: 12.5699, Test R: 0.8704, Test RRSE: 0.8608
2025-02-10 15:15:30,873:INFO:Epoch 56: Train Loss: 580.5109, Train Node Loss: 151.9186, Train Reg Loss: 4.2859, Train MAPE: 11.5160, Train R: 0.8494, Train RRSE: 0.5365, Test Loss: 578.9361, Test Node Loss: 154.3512, Test Reg Loss: 4.2458, Test MAPE: 11.6011, Test R: 0.8730, Test RRSE: 0.5429
2025-02-10 15:15:30,898:INFO:Checkpoint saved at best_0.001_0.001_256_SAGE_2_32_0.8730_epoch_56.pth
2025-02-10 15:15:47,221:INFO:Epoch 57: Train Loss: 613.3096, Train Node Loss: 145.2831, Train Reg Loss: 4.6803, Train MAPE: 11.5220, Train R: 0.8359, Train RRSE: 0.5606, Test Loss: 577.5428, Test Node Loss: 170.2520, Test Reg Loss: 4.0729, Test MAPE: 12.4119, Test R: 0.8754, Test RRSE: 0.5318
2025-02-10 15:15:47,241:INFO:Checkpoint saved at best_0.001_0.001_256_SAGE_2_32_0.8754_epoch_57.pth
2025-02-10 15:16:03,942:INFO:Epoch 58: Train Loss: 607.5448, Train Node Loss: 151.2317, Train Reg Loss: 4.5631, Train MAPE: 11.6093, Train R: 0.8437, Train RRSE: 0.5536, Test Loss: 1640.3526, Test Node Loss: 110.5725, Test Reg Loss: 15.2978, Test MAPE: 13.7251, Test R: 0.8742, Test RRSE: 1.0306
2025-02-10 15:16:20,290:INFO:Epoch 59: Train Loss: 657.5171, Train Node Loss: 136.3601, Train Reg Loss: 5.2116, Train MAPE: 11.7843, Train R: 0.8083, Train RRSE: 0.5916, Test Loss: 513.5644, Test Node Loss: 152.7224, Test Reg Loss: 3.6084, Test MAPE: 12.3083, Test R: 0.8778, Test RRSE: 0.5005
2025-02-10 15:16:20,324:INFO:Checkpoint saved at best_0.001_0.001_256_SAGE_2_32_0.8778_epoch_59.pth
2025-02-10 15:16:36,420:INFO:Epoch 60: Train Loss: 669.5647, Train Node Loss: 124.9298, Train Reg Loss: 5.4463, Train MAPE: 11.4368, Train R: 0.8129, Train RRSE: 0.6048, Test Loss: 486.9988, Test Node Loss: 146.1805, Test Reg Loss: 3.4082, Test MAPE: 12.0180, Test R: 0.8769, Test RRSE: 0.4865
2025-02-10 15:16:52,699:INFO:Epoch 61: Train Loss: 568.0789, Train Node Loss: 131.1811, Train Reg Loss: 4.3690, Train MAPE: 11.6823, Train R: 0.8441, Train RRSE: 0.5417, Test Loss: 911.2565, Test Node Loss: 108.1704, Test Reg Loss: 8.0309, Test MAPE: 12.2293, Test R: 0.8781, Test RRSE: 0.7467
2025-02-10 15:16:52,719:INFO:Checkpoint saved at best_0.001_0.001_256_SAGE_2_32_0.8781_epoch_61.pth
2025-02-10 15:17:09,051:INFO:Epoch 62: Train Loss: 626.5142, Train Node Loss: 126.7758, Train Reg Loss: 4.9974, Train MAPE: 11.6412, Train R: 0.8209, Train RRSE: 0.5793, Test Loss: 677.2965, Test Node Loss: 110.4691, Test Reg Loss: 5.6683, Test MAPE: 11.7181, Test R: 0.8804, Test RRSE: 0.6273
2025-02-10 15:17:09,078:INFO:Checkpoint saved at best_0.001_0.001_256_SAGE_2_32_0.8804_epoch_62.pth
2025-02-10 15:17:25,421:INFO:Epoch 63: Train Loss: 575.2895, Train Node Loss: 115.1902, Train Reg Loss: 4.6010, Train MAPE: 11.3783, Train R: 0.8424, Train RRSE: 0.5559, Test Loss: 606.8440, Test Node Loss: 110.7002, Test Reg Loss: 4.9614, Test MAPE: 11.8217, Test R: 0.8817, Test RRSE: 0.5869
2025-02-10 15:17:25,441:INFO:Checkpoint saved at best_0.001_0.001_256_SAGE_2_32_0.8817_epoch_63.pth
2025-02-10 15:17:41,606:INFO:Epoch 64: Train Loss: 492.9419, Train Node Loss: 112.3066, Train Reg Loss: 3.8064, Train MAPE: 11.3988, Train R: 0.8741, Train RRSE: 0.5056, Test Loss: 531.7673, Test Node Loss: 115.0905, Test Reg Loss: 4.1668, Test MAPE: 11.7874, Test R: 0.8811, Test RRSE: 0.5379
2025-02-10 15:17:57,802:INFO:Epoch 65: Train Loss: 522.0815, Train Node Loss: 110.8424, Train Reg Loss: 4.1124, Train MAPE: 11.6516, Train R: 0.8564, Train RRSE: 0.5255, Test Loss: 489.7446, Test Node Loss: 113.2136, Test Reg Loss: 3.7653, Test MAPE: 11.8681, Test R: 0.8819, Test RRSE: 0.5113
2025-02-10 15:17:57,831:INFO:Checkpoint saved at best_0.001_0.001_256_SAGE_2_32_0.8819_epoch_65.pth
2025-02-10 15:18:13,883:INFO:Epoch 66: Train Loss: 482.7897, Train Node Loss: 107.4192, Train Reg Loss: 3.7537, Train MAPE: 11.6190, Train R: 0.8730, Train RRSE: 0.5021, Test Loss: 458.6151, Test Node Loss: 111.3399, Test Reg Loss: 3.4728, Test MAPE: 11.9352, Test R: 0.8830, Test RRSE: 0.4910
2025-02-10 15:18:13,901:INFO:Checkpoint saved at best_0.001_0.001_256_SAGE_2_32_0.8830_epoch_66.pth
2025-02-10 15:18:30,118:INFO:Epoch 67: Train Loss: 534.7579, Train Node Loss: 108.9510, Train Reg Loss: 4.2581, Train MAPE: 11.9951, Train R: 0.8463, Train RRSE: 0.5348, Test Loss: 2107.0127, Test Node Loss: 77.5661, Test Reg Loss: 20.2945, Test MAPE: 15.0589, Test R: 0.8774, Test RRSE: 1.1870
2025-02-10 15:18:46,506:INFO:Epoch 68: Train Loss: 572.4738, Train Node Loss: 102.9346, Train Reg Loss: 4.6954, Train MAPE: 11.7487, Train R: 0.8304, Train RRSE: 0.5615, Test Loss: 678.8262, Test Node Loss: 90.0034, Test Reg Loss: 5.8882, Test MAPE: 11.9442, Test R: 0.8846, Test RRSE: 0.6394
2025-02-10 15:18:46,530:INFO:Checkpoint saved at best_0.001_0.001_256_SAGE_2_32_0.8846_epoch_68.pth
2025-02-10 15:19:02,849:INFO:Epoch 69: Train Loss: 472.7537, Train Node Loss: 96.8059, Train Reg Loss: 3.7595, Train MAPE: 11.5750, Train R: 0.8725, Train RRSE: 0.5025, Test Loss: 441.3775, Test Node Loss: 104.3385, Test Reg Loss: 3.3704, Test MAPE: 12.3149, Test R: 0.8857, Test RRSE: 0.4837
2025-02-10 15:19:02,892:INFO:Checkpoint saved at best_0.001_0.001_256_SAGE_2_32_0.8857_epoch_69.pth
2025-02-10 15:19:19,089:INFO:Epoch 70: Train Loss: 479.1891, Train Node Loss: 94.9862, Train Reg Loss: 3.8420, Train MAPE: 11.6607, Train R: 0.8688, Train RRSE: 0.5080, Test Loss: 1006.3223, Test Node Loss: 78.1068, Test Reg Loss: 9.2822, Test MAPE: 12.6039, Test R: 0.8855, Test RRSE: 0.8028
2025-02-10 15:19:35,233:INFO:Epoch 71: Train Loss: 510.3203, Train Node Loss: 89.1380, Train Reg Loss: 4.2118, Train MAPE: 11.6119, Train R: 0.8527, Train RRSE: 0.5318, Test Loss: 485.0604, Test Node Loss: 93.3825, Test Reg Loss: 3.9168, Test MAPE: 11.9573, Test R: 0.8841, Test RRSE: 0.5215
2025-02-10 15:19:50,842:INFO:Epoch 72: Train Loss: 563.3805, Train Node Loss: 85.5354, Train Reg Loss: 4.7785, Train MAPE: 11.6525, Train R: 0.8308, Train RRSE: 0.5665, Test Loss: 575.0015, Test Node Loss: 108.3172, Test Reg Loss: 4.6668, Test MAPE: 13.1366, Test R: 0.8870, Test RRSE: 0.5692
2025-02-10 15:19:50,866:INFO:Checkpoint saved at best_0.001_0.001_256_SAGE_2_32_0.8870_epoch_72.pth
2025-02-10 15:20:06,788:INFO:Epoch 73: Train Loss: 568.1893, Train Node Loss: 85.5433, Train Reg Loss: 4.8265, Train MAPE: 11.9066, Train R: 0.8226, Train RRSE: 0.5693, Test Loss: 594.7830, Test Node Loss: 79.9306, Test Reg Loss: 5.1485, Test MAPE: 12.1431, Test R: 0.8864, Test RRSE: 0.5979
2025-02-10 15:20:22,794:INFO:Epoch 74: Train Loss: 510.6304, Train Node Loss: 86.3846, Train Reg Loss: 4.2425, Train MAPE: 11.8878, Train R: 0.8542, Train RRSE: 0.5338, Test Loss: 788.7349, Test Node Loss: 69.6216, Test Reg Loss: 7.1911, Test MAPE: 12.3269, Test R: 0.8872, Test RRSE: 0.7066
2025-02-10 15:20:22,819:INFO:Checkpoint saved at best_0.001_0.001_256_SAGE_2_32_0.8872_epoch_74.pth
2025-02-10 15:20:38,328:INFO:Epoch 75: Train Loss: 463.5947, Train Node Loss: 78.5505, Train Reg Loss: 3.8504, Train MAPE: 11.7387, Train R: 0.8649, Train RRSE: 0.5085, Test Loss: 659.2015, Test Node Loss: 72.6028, Test Reg Loss: 5.8660, Test MAPE: 12.2464, Test R: 0.8883, Test RRSE: 0.6382
2025-02-10 15:20:38,352:INFO:Checkpoint saved at best_0.001_0.001_256_SAGE_2_32_0.8883_epoch_75.pth
2025-02-10 15:20:54,153:INFO:Epoch 76: Train Loss: 426.1688, Train Node Loss: 75.0599, Train Reg Loss: 3.5111, Train MAPE: 11.7250, Train R: 0.8805, Train RRSE: 0.4856, Test Loss: 601.4416, Test Node Loss: 74.3927, Test Reg Loss: 5.2705, Test MAPE: 12.3745, Test R: 0.8890, Test RRSE: 0.6049
2025-02-10 15:20:54,180:INFO:Checkpoint saved at best_0.001_0.001_256_SAGE_2_32_0.8890_epoch_76.pth
2025-02-10 15:21:10,603:INFO:Epoch 77: Train Loss: 441.4516, Train Node Loss: 76.8666, Train Reg Loss: 3.6458, Train MAPE: 11.8913, Train R: 0.8729, Train RRSE: 0.4948, Test Loss: 1212.9887, Test Node Loss: 60.0525, Test Reg Loss: 11.5294, Test MAPE: 13.3922, Test R: 0.8887, Test RRSE: 0.8947
2025-02-10 15:21:26,500:INFO:Epoch 78: Train Loss: 410.5960, Train Node Loss: 70.9849, Train Reg Loss: 3.3961, Train MAPE: 11.7929, Train R: 0.8835, Train RRSE: 0.4776, Test Loss: 379.8809, Test Node Loss: 77.4898, Test Reg Loss: 3.0239, Test MAPE: 12.2088, Test R: 0.8901, Test RRSE: 0.4582
2025-02-10 15:21:26,542:INFO:Checkpoint saved at best_0.001_0.001_256_SAGE_2_32_0.8901_epoch_78.pth
2025-02-10 15:21:43,783:INFO:Epoch 79: Train Loss: 455.1675, Train Node Loss: 67.3517, Train Reg Loss: 3.8782, Train MAPE: 11.7031, Train R: 0.8649, Train RRSE: 0.5103, Test Loss: 457.8127, Test Node Loss: 70.4949, Test Reg Loss: 3.8732, Test MAPE: 12.2396, Test R: 0.8885, Test RRSE: 0.5186
2025-02-10 15:22:00,616:INFO:Epoch 80: Train Loss: 397.7920, Train Node Loss: 69.1210, Train Reg Loss: 3.2867, Train MAPE: 11.8841, Train R: 0.8878, Train RRSE: 0.4698, Test Loss: 981.2348, Test Node Loss: 55.7150, Test Reg Loss: 9.2552, Test MAPE: 12.9838, Test R: 0.8896, Test RRSE: 0.8016
2025-02-10 15:22:17,006:INFO:Epoch 81: Train Loss: 415.6070, Train Node Loss: 64.9663, Train Reg Loss: 3.5064, Train MAPE: 11.7987, Train R: 0.8790, Train RRSE: 0.4853, Test Loss: 448.5409, Test Node Loss: 63.1061, Test Reg Loss: 3.8543, Test MAPE: 12.2298, Test R: 0.8900, Test RRSE: 0.5173
2025-02-10 15:22:34,002:INFO:Epoch 82: Train Loss: 410.2183, Train Node Loss: 60.9624, Train Reg Loss: 3.4926, Train MAPE: 11.7273, Train R: 0.8803, Train RRSE: 0.4843, Test Loss: 422.5658, Test Node Loss: 63.3862, Test Reg Loss: 3.5918, Test MAPE: 12.1985, Test R: 0.8899, Test RRSE: 0.4994
2025-02-10 15:22:50,646:INFO:Epoch 83: Train Loss: 391.3340, Train Node Loss: 61.3538, Train Reg Loss: 3.2998, Train MAPE: 11.7936, Train R: 0.8860, Train RRSE: 0.4708, Test Loss: 943.5631, Test Node Loss: 51.4363, Test Reg Loss: 8.9213, Test MAPE: 13.0684, Test R: 0.8898, Test RRSE: 0.7870
2025-02-10 15:23:07,140:INFO:Epoch 84: Train Loss: 373.5203, Train Node Loss: 58.6642, Train Reg Loss: 3.1486, Train MAPE: 11.8238, Train R: 0.8920, Train RRSE: 0.4598, Test Loss: 599.5877, Test Node Loss: 55.3864, Test Reg Loss: 5.4420, Test MAPE: 12.4931, Test R: 0.8914, Test RRSE: 0.6147
2025-02-10 15:23:07,180:INFO:Checkpoint saved at best_0.001_0.001_256_SAGE_2_32_0.8914_epoch_84.pth
2025-02-10 15:23:23,178:INFO:Epoch 85: Train Loss: 398.0778, Train Node Loss: 55.6373, Train Reg Loss: 3.4244, Train MAPE: 11.5380, Train R: 0.8847, Train RRSE: 0.4796, Test Loss: 358.5939, Test Node Loss: 62.3034, Test Reg Loss: 2.9629, Test MAPE: 12.4340, Test R: 0.8918, Test RRSE: 0.4536
2025-02-10 15:23:23,199:INFO:Checkpoint saved at best_0.001_0.001_256_SAGE_2_32_0.8918_epoch_85.pth
2025-02-10 15:23:39,322:INFO:Epoch 86: Train Loss: 457.4418, Train Node Loss: 55.1896, Train Reg Loss: 4.0225, Train MAPE: 11.9882, Train R: 0.8555, Train RRSE: 0.5198, Test Loss: 440.9681, Test Node Loss: 55.5918, Test Reg Loss: 3.8538, Test MAPE: 12.2924, Test R: 0.8925, Test RRSE: 0.5173
2025-02-10 15:23:39,354:INFO:Checkpoint saved at best_0.001_0.001_256_SAGE_2_32_0.8925_epoch_86.pth
2025-02-10 15:23:55,983:INFO:Epoch 87: Train Loss: 407.6861, Train Node Loss: 54.8527, Train Reg Loss: 3.5283, Train MAPE: 11.8666, Train R: 0.8776, Train RRSE: 0.4868, Test Loss: 408.4488, Test Node Loss: 53.8120, Test Reg Loss: 3.5464, Test MAPE: 12.4242, Test R: 0.8916, Test RRSE: 0.4962
2025-02-10 15:24:12,728:INFO:Epoch 88: Train Loss: 372.1986, Train Node Loss: 53.9312, Train Reg Loss: 3.1827, Train MAPE: 12.0113, Train R: 0.8906, Train RRSE: 0.4623, Test Loss: 1182.6489, Test Node Loss: 41.2254, Test Reg Loss: 11.4142, Test MAPE: 13.5847, Test R: 0.8913, Test RRSE: 0.8902
2025-02-10 15:24:29,078:INFO:Epoch 89: Train Loss: 349.1858, Train Node Loss: 49.3652, Train Reg Loss: 2.9982, Train MAPE: 11.7709, Train R: 0.8982, Train RRSE: 0.4487, Test Loss: 356.8194, Test Node Loss: 56.6358, Test Reg Loss: 3.0018, Test MAPE: 12.5801, Test R: 0.8924, Test RRSE: 0.4565
2025-02-10 15:24:45,016:INFO:Epoch 90: Train Loss: 399.2280, Train Node Loss: 49.3560, Train Reg Loss: 3.4987, Train MAPE: 12.0099, Train R: 0.8768, Train RRSE: 0.4847, Test Loss: 1148.4969, Test Node Loss: 39.9447, Test Reg Loss: 11.0855, Test MAPE: 13.5768, Test R: 0.8920, Test RRSE: 0.8773
2025-02-10 15:25:01,385:INFO:Epoch 91: Train Loss: 371.7848, Train Node Loss: 45.7887, Train Reg Loss: 3.2600, Train MAPE: 11.7284, Train R: 0.8896, Train RRSE: 0.4679, Test Loss: 473.8877, Test Node Loss: 46.1206, Test Reg Loss: 4.2777, Test MAPE: 12.4655, Test R: 0.8941, Test RRSE: 0.5450
2025-02-10 15:25:01,406:INFO:Checkpoint saved at best_0.001_0.001_256_SAGE_2_32_0.8941_epoch_91.pth
2025-02-10 15:25:17,679:INFO:Epoch 92: Train Loss: 388.8654, Train Node Loss: 46.3638, Train Reg Loss: 3.4250, Train MAPE: 11.8756, Train R: 0.8806, Train RRSE: 0.4796, Test Loss: 730.5538, Test Node Loss: 42.0229, Test Reg Loss: 6.8853, Test MAPE: 13.0074, Test R: 0.8938, Test RRSE: 0.6914
2025-02-10 15:25:34,266:INFO:Epoch 93: Train Loss: 443.4965, Train Node Loss: 46.0222, Train Reg Loss: 3.9747, Train MAPE: 11.9826, Train R: 0.8587, Train RRSE: 0.5167, Test Loss: 1033.6564, Test Node Loss: 36.4650, Test Reg Loss: 9.9719, Test MAPE: 13.4423, Test R: 0.8932, Test RRSE: 0.8321
2025-02-10 15:25:50,302:INFO:Epoch 94: Train Loss: 375.5043, Train Node Loss: 42.2041, Train Reg Loss: 3.3330, Train MAPE: 11.8450, Train R: 0.8845, Train RRSE: 0.4731, Test Loss: 363.1039, Test Node Loss: 44.1759, Test Reg Loss: 3.1893, Test MAPE: 12.6285, Test R: 0.8949, Test RRSE: 0.4706
2025-02-10 15:25:50,327:INFO:Checkpoint saved at best_0.001_0.001_256_SAGE_2_32_0.8949_epoch_94.pth
2025-02-10 15:26:06,524:INFO:Epoch 95: Train Loss: 386.4018, Train Node Loss: 40.6135, Train Reg Loss: 3.4579, Train MAPE: 11.9049, Train R: 0.8793, Train RRSE: 0.4819, Test Loss: 331.8320, Test Node Loss: 45.6930, Test Reg Loss: 2.8614, Test MAPE: 12.7487, Test R: 0.8955, Test RRSE: 0.4457
2025-02-10 15:26:06,552:INFO:Checkpoint saved at best_0.001_0.001_256_SAGE_2_32_0.8955_epoch_95.pth
2025-02-10 15:26:22,436:INFO:Epoch 96: Train Loss: 368.6159, Train Node Loss: 41.8624, Train Reg Loss: 3.2675, Train MAPE: 12.0753, Train R: 0.8865, Train RRSE: 0.4684, Test Loss: 539.6840, Test Node Loss: 38.3284, Test Reg Loss: 5.0136, Test MAPE: 12.6411, Test R: 0.8957, Test RRSE: 0.5900
2025-02-10 15:26:22,489:INFO:Checkpoint saved at best_0.001_0.001_256_SAGE_2_32_0.8957_epoch_96.pth
2025-02-10 15:26:38,582:INFO:Epoch 97: Train Loss: 408.1928, Train Node Loss: 41.2609, Train Reg Loss: 3.6693, Train MAPE: 12.1457, Train R: 0.8714, Train RRSE: 0.4964, Test Loss: 1609.8052, Test Node Loss: 29.1091, Test Reg Loss: 15.8070, Test MAPE: 14.6225, Test R: 0.8954, Test RRSE: 1.0476
2025-02-10 15:26:54,555:INFO:Epoch 98: Train Loss: 420.2115, Train Node Loss: 35.5289, Train Reg Loss: 3.8468, Train MAPE: 11.9030, Train R: 0.8672, Train RRSE: 0.5083, Test Loss: 486.1084, Test Node Loss: 46.9492, Test Reg Loss: 4.3916, Test MAPE: 13.5412, Test R: 0.8968, Test RRSE: 0.5522
2025-02-10 15:26:54,611:INFO:Checkpoint saved at best_0.001_0.001_256_SAGE_2_32_0.8968_epoch_98.pth
2025-02-10 15:27:10,930:INFO:Epoch 99: Train Loss: 444.7041, Train Node Loss: 35.3857, Train Reg Loss: 4.0932, Train MAPE: 11.9921, Train R: 0.8526, Train RRSE: 0.5243, Test Loss: 1163.5911, Test Node Loss: 28.2577, Test Reg Loss: 11.3533, Test MAPE: 13.7358, Test R: 0.8944, Test RRSE: 0.8878
2025-02-10 15:27:27,173:INFO:Epoch 100: Train Loss: 408.4462, Train Node Loss: 37.4585, Train Reg Loss: 3.7099, Train MAPE: 12.3940, Train R: 0.8771, Train RRSE: 0.4991, Test Loss: 1587.8130, Test Node Loss: 23.4688, Test Reg Loss: 15.6434, Test MAPE: 14.4875, Test R: 0.8949, Test RRSE: 1.0422
2025-02-10 15:27:43,302:INFO:Epoch 101: Train Loss: 477.2351, Train Node Loss: 28.4411, Train Reg Loss: 4.4879, Train MAPE: 11.7730, Train R: 0.8478, Train RRSE: 0.5490, Test Loss: 878.1263, Test Node Loss: 43.7044, Test Reg Loss: 8.3442, Test MAPE: 14.8253, Test R: 0.8965, Test RRSE: 0.7611
2025-02-10 15:27:59,572:INFO:Epoch 102: Train Loss: 432.4423, Train Node Loss: 29.0037, Train Reg Loss: 4.0344, Train MAPE: 12.0863, Train R: 0.8555, Train RRSE: 0.5205, Test Loss: 1565.9760, Test Node Loss: 22.4566, Test Reg Loss: 15.4352, Test MAPE: 14.0738, Test R: 0.8939, Test RRSE: 1.0352
2025-02-10 15:28:15,457:INFO:Epoch 103: Train Loss: 358.5661, Train Node Loss: 31.3900, Train Reg Loss: 3.2718, Train MAPE: 12.1418, Train R: 0.8938, Train RRSE: 0.4687, Test Loss: 1115.3643, Test Node Loss: 22.9947, Test Reg Loss: 10.9237, Test MAPE: 13.6077, Test R: 0.8946, Test RRSE: 0.8709
2025-02-10 15:28:31,565:INFO:Epoch 104: Train Loss: 342.7688, Train Node Loss: 24.3881, Train Reg Loss: 3.1838, Train MAPE: 11.7214, Train R: 0.8993, Train RRSE: 0.4624, Test Loss: 378.1093, Test Node Loss: 31.9998, Test Reg Loss: 3.4611, Test MAPE: 13.0824, Test R: 0.8971, Test RRSE: 0.4902
2025-02-10 15:28:31,594:INFO:Checkpoint saved at best_0.001_0.001_256_SAGE_2_32_0.8971_epoch_104.pth
2025-02-10 15:28:47,927:INFO:Epoch 105: Train Loss: 397.8273, Train Node Loss: 28.4477, Train Reg Loss: 3.6938, Train MAPE: 12.0507, Train R: 0.8808, Train RRSE: 0.4981, Test Loss: 1860.4194, Test Node Loss: 17.0325, Test Reg Loss: 18.4339, Test MAPE: 15.0873, Test R: 0.8948, Test RRSE: 1.1313
2025-02-10 15:29:04,287:INFO:Epoch 106: Train Loss: 429.3466, Train Node Loss: 22.3990, Train Reg Loss: 4.0695, Train MAPE: 11.7846, Train R: 0.8606, Train RRSE: 0.5228, Test Loss: 330.0574, Test Node Loss: 24.8602, Test Reg Loss: 3.0520, Test MAPE: 12.6607, Test R: 0.8963, Test RRSE: 0.4603
2025-02-10 15:29:20,489:INFO:Epoch 107: Train Loss: 324.9519, Train Node Loss: 22.9921, Train Reg Loss: 3.0196, Train MAPE: 11.8465, Train R: 0.8963, Train RRSE: 0.4503, Test Loss: 519.5276, Test Node Loss: 22.8033, Test Reg Loss: 4.9672, Test MAPE: 12.7438, Test R: 0.8954, Test RRSE: 0.5873
2025-02-10 15:29:36,748:INFO:Epoch 108: Train Loss: 325.1658, Train Node Loss: 23.7150, Train Reg Loss: 3.0145, Train MAPE: 12.1541, Train R: 0.8957, Train RRSE: 0.4499, Test Loss: 836.3094, Test Node Loss: 20.3059, Test Reg Loss: 8.1600, Test MAPE: 13.3287, Test R: 0.8960, Test RRSE: 0.7527
2025-02-10 15:29:52,771:INFO:Epoch 109: Train Loss: 350.8692, Train Node Loss: 22.7297, Train Reg Loss: 3.2814, Train MAPE: 12.0509, Train R: 0.8841, Train RRSE: 0.4694, Test Loss: 543.3480, Test Node Loss: 20.4620, Test Reg Loss: 5.2289, Test MAPE: 12.8063, Test R: 0.8977, Test RRSE: 0.6025
2025-02-10 15:29:52,810:INFO:Checkpoint saved at best_0.001_0.001_256_SAGE_2_32_0.8977_epoch_109.pth
2025-02-10 15:30:08,454:INFO:Epoch 110: Train Loss: 386.3348, Train Node Loss: 20.7962, Train Reg Loss: 3.6554, Train MAPE: 11.7017, Train R: 0.8733, Train RRSE: 0.4955, Test Loss: 669.2534, Test Node Loss: 18.8357, Test Reg Loss: 6.5042, Test MAPE: 13.0102, Test R: 0.8978, Test RRSE: 0.6720
2025-02-10 15:30:08,483:INFO:Checkpoint saved at best_0.001_0.001_256_SAGE_2_32_0.8978_epoch_110.pth
2025-02-10 15:30:24,617:INFO:Epoch 111: Train Loss: 337.3089, Train Node Loss: 21.5906, Train Reg Loss: 3.1572, Train MAPE: 12.1804, Train R: 0.8891, Train RRSE: 0.4605, Test Loss: 740.1703, Test Node Loss: 19.0977, Test Reg Loss: 7.2107, Test MAPE: 13.1203, Test R: 0.8972, Test RRSE: 0.7076
2025-02-10 15:30:40,813:INFO:Epoch 112: Train Loss: 308.3761, Train Node Loss: 20.7168, Train Reg Loss: 2.8766, Train MAPE: 11.9785, Train R: 0.9008, Train RRSE: 0.4395, Test Loss: 525.6771, Test Node Loss: 19.2093, Test Reg Loss: 5.0647, Test MAPE: 12.9010, Test R: 0.8978, Test RRSE: 0.5930
2025-02-10 15:30:40,851:INFO:Checkpoint saved at best_0.001_0.001_256_SAGE_2_32_0.8978_epoch_112.pth
2025-02-10 15:30:56,810:INFO:Epoch 113: Train Loss: 322.2174, Train Node Loss: 20.0239, Train Reg Loss: 3.0219, Train MAPE: 11.9690, Train R: 0.8947, Train RRSE: 0.4505, Test Loss: 357.5644, Test Node Loss: 21.4649, Test Reg Loss: 3.3610, Test MAPE: 12.8870, Test R: 0.8981, Test RRSE: 0.4831
2025-02-10 15:30:56,846:INFO:Checkpoint saved at best_0.001_0.001_256_SAGE_2_32_0.8981_epoch_113.pth
2025-02-10 15:31:12,912:INFO:Epoch 114: Train Loss: 307.5235, Train Node Loss: 19.7490, Train Reg Loss: 2.8777, Train MAPE: 12.0572, Train R: 0.8998, Train RRSE: 0.4396, Test Loss: 810.8777, Test Node Loss: 16.5608, Test Reg Loss: 7.9432, Test MAPE: 13.5468, Test R: 0.8971, Test RRSE: 0.7426
2025-02-10 15:31:29,388:INFO:Epoch 115: Train Loss: 305.9348, Train Node Loss: 18.6250, Train Reg Loss: 2.8731, Train MAPE: 12.0820, Train R: 0.8998, Train RRSE: 0.4393, Test Loss: 314.8578, Test Node Loss: 21.9698, Test Reg Loss: 2.9289, Test MAPE: 13.0901, Test R: 0.8988, Test RRSE: 0.4509
2025-02-10 15:31:29,412:INFO:Checkpoint saved at best_0.001_0.001_256_SAGE_2_32_0.8988_epoch_115.pth
2025-02-10 15:31:45,866:INFO:Epoch 116: Train Loss: 354.3484, Train Node Loss: 18.0170, Train Reg Loss: 3.3633, Train MAPE: 12.1350, Train R: 0.8806, Train RRSE: 0.4753, Test Loss: 713.2456, Test Node Loss: 16.3238, Test Reg Loss: 6.9692, Test MAPE: 13.2651, Test R: 0.8981, Test RRSE: 0.6956
2025-02-10 15:32:02,208:INFO:Epoch 117: Train Loss: 302.8490, Train Node Loss: 18.4205, Train Reg Loss: 2.8443, Train MAPE: 12.1658, Train R: 0.9011, Train RRSE: 0.4371, Test Loss: 442.6043, Test Node Loss: 17.9314, Test Reg Loss: 4.2467, Test MAPE: 12.9818, Test R: 0.8984, Test RRSE: 0.5430
2025-02-10 15:32:18,661:INFO:Epoch 118: Train Loss: 296.1972, Train Node Loss: 17.7734, Train Reg Loss: 2.7842, Train MAPE: 12.1257, Train R: 0.9037, Train RRSE: 0.4324, Test Loss: 835.8523, Test Node Loss: 14.8785, Test Reg Loss: 8.2097, Test MAPE: 13.5938, Test R: 0.8978, Test RRSE: 0.7550
2025-02-10 15:32:34,949:INFO:Epoch 119: Train Loss: 313.5135, Train Node Loss: 17.8284, Train Reg Loss: 2.9569, Train MAPE: 12.3640, Train R: 0.8978, Train RRSE: 0.4456, Test Loss: 1127.1488, Test Node Loss: 13.4664, Test Reg Loss: 11.1368, Test MAPE: 14.1980, Test R: 0.8975, Test RRSE: 0.8793
2025-02-10 15:32:51,596:INFO:Epoch 120: Train Loss: 345.5251, Train Node Loss: 14.9950, Train Reg Loss: 3.3053, Train MAPE: 12.0900, Train R: 0.8868, Train RRSE: 0.4711, Test Loss: 418.9164, Test Node Loss: 19.6385, Test Reg Loss: 3.9928, Test MAPE: 13.3894, Test R: 0.8986, Test RRSE: 0.5265
2025-02-10 15:33:08,579:INFO:Epoch 121: Train Loss: 337.5932, Train Node Loss: 15.5573, Train Reg Loss: 3.2204, Train MAPE: 12.1612, Train R: 0.8865, Train RRSE: 0.4650, Test Loss: 962.1289, Test Node Loss: 12.0944, Test Reg Loss: 9.5003, Test MAPE: 13.9064, Test R: 0.8978, Test RRSE: 0.8122
2025-02-10 15:33:25,201:INFO:Epoch 122: Train Loss: 307.7431, Train Node Loss: 14.9083, Train Reg Loss: 2.9283, Train MAPE: 12.2455, Train R: 0.8970, Train RRSE: 0.4435, Test Loss: 907.6164, Test Node Loss: 12.4773, Test Reg Loss: 8.9514, Test MAPE: 13.6249, Test R: 0.8980, Test RRSE: 0.7884
2025-02-10 15:33:41,950:INFO:Epoch 123: Train Loss: 316.1626, Train Node Loss: 13.9314, Train Reg Loss: 3.0223, Train MAPE: 12.0808, Train R: 0.8943, Train RRSE: 0.4505, Test Loss: 476.9566, Test Node Loss: 13.6284, Test Reg Loss: 4.6333, Test MAPE: 12.9425, Test R: 0.8987, Test RRSE: 0.5672
2025-02-10 15:33:58,131:INFO:Epoch 124: Train Loss: 308.5317, Train Node Loss: 12.7856, Train Reg Loss: 2.9575, Train MAPE: 11.8912, Train R: 0.9002, Train RRSE: 0.4457, Test Loss: 576.3827, Test Node Loss: 12.6246, Test Reg Loss: 5.6376, Test MAPE: 13.3362, Test R: 0.8990, Test RRSE: 0.6256
2025-02-10 15:33:58,155:INFO:Checkpoint saved at best_0.001_0.001_256_SAGE_2_32_0.8990_epoch_124.pth
2025-02-10 15:34:14,410:INFO:Epoch 125: Train Loss: 367.2710, Train Node Loss: 15.1023, Train Reg Loss: 3.5217, Train MAPE: 12.6335, Train R: 0.8878, Train RRSE: 0.4863, Test Loss: 3241.2243, Test Node Loss: 7.1127, Test Reg Loss: 32.3411, Test MAPE: 18.1473, Test R: 0.8930, Test RRSE: 1.4985
2025-02-10 15:34:31,490:INFO:Epoch 126: Train Loss: 397.7026, Train Node Loss: 9.3274, Train Reg Loss: 3.8838, Train MAPE: 11.6691, Train R: 0.9028, Train RRSE: 0.5107, Test Loss: 556.2653, Test Node Loss: 17.0876, Test Reg Loss: 5.3918, Test MAPE: 14.2187, Test R: 0.8984, Test RRSE: 0.6118
2025-02-10 15:34:48,527:INFO:Epoch 127: Train Loss: 411.6959, Train Node Loss: 12.8022, Train Reg Loss: 3.9889, Train MAPE: 12.7845, Train R: 0.8752, Train RRSE: 0.5176, Test Loss: 961.9821, Test Node Loss: 6.9783, Test Reg Loss: 9.5500, Test MAPE: 13.5912, Test R: 0.8986, Test RRSE: 0.8143
2025-02-10 15:35:05,718:INFO:Epoch 128: Train Loss: 373.5351, Train Node Loss: 8.7404, Train Reg Loss: 3.6479, Train MAPE: 11.8954, Train R: 0.8714, Train RRSE: 0.4950, Test Loss: 415.7775, Test Node Loss: 8.8670, Test Reg Loss: 4.0691, Test MAPE: 12.7392, Test R: 0.8988, Test RRSE: 0.5315
2025-02-10 15:35:22,929:INFO:Epoch 129: Train Loss: 298.2690, Train Node Loss: 8.0245, Train Reg Loss: 2.9024, Train MAPE: 12.0967, Train R: 0.8989, Train RRSE: 0.4415, Test Loss: 1453.2267, Test Node Loss: 6.0528, Test Reg Loss: 14.4717, Test MAPE: 14.8985, Test R: 0.8967, Test RRSE: 1.0024
2025-02-10 15:35:39,973:INFO:Epoch 130: Train Loss: 326.0744, Train Node Loss: 8.1710, Train Reg Loss: 3.1790, Train MAPE: 12.1175, Train R: 0.8882, Train RRSE: 0.4621, Test Loss: 413.7040, Test Node Loss: 7.9296, Test Reg Loss: 4.0577, Test MAPE: 12.9918, Test R: 0.8989, Test RRSE: 0.5308
2025-02-10 15:35:57,201:INFO:Epoch 131: Train Loss: 299.0889, Train Node Loss: 7.6818, Train Reg Loss: 2.9141, Train MAPE: 12.1620, Train R: 0.8975, Train RRSE: 0.4424, Test Loss: 339.8188, Test Node Loss: 7.7854, Test Reg Loss: 3.3203, Test MAPE: 12.8415, Test R: 0.8983, Test RRSE: 0.4801
2025-02-10 15:36:13,792:INFO:Epoch 132: Train Loss: 276.4645, Train Node Loss: 7.3679, Train Reg Loss: 2.6910, Train MAPE: 11.9985, Train R: 0.9078, Train RRSE: 0.4251, Test Loss: 359.2734, Test Node Loss: 7.7329, Test Reg Loss: 3.5154, Test MAPE: 12.7770, Test R: 0.8981, Test RRSE: 0.4940
2025-02-10 15:36:31,378:INFO:Epoch 133: Train Loss: 298.8808, Train Node Loss: 7.6237, Train Reg Loss: 2.9126, Train MAPE: 12.0656, Train R: 0.8985, Train RRSE: 0.4423, Test Loss: 608.7292, Test Node Loss: 7.1740, Test Reg Loss: 6.0156, Test MAPE: 13.0266, Test R: 0.8984, Test RRSE: 0.6463
2025-02-10 15:36:48,613:INFO:Epoch 134: Train Loss: 335.8063, Train Node Loss: 7.1053, Train Reg Loss: 3.2870, Train MAPE: 11.9837, Train R: 0.8863, Train RRSE: 0.4698, Test Loss: 592.7609, Test Node Loss: 7.4207, Test Reg Loss: 5.8534, Test MAPE: 13.4449, Test R: 0.8984, Test RRSE: 0.6375
2025-02-10 15:37:05,624:INFO:Epoch 135: Train Loss: 299.2944, Train Node Loss: 7.7749, Train Reg Loss: 2.9152, Train MAPE: 12.4391, Train R: 0.8974, Train RRSE: 0.4425, Test Loss: 749.5563, Test Node Loss: 6.5354, Test Reg Loss: 7.4302, Test MAPE: 13.8020, Test R: 0.8986, Test RRSE: 0.7183
2025-02-10 15:37:21,942:INFO:Epoch 136: Train Loss: 299.2869, Train Node Loss: 7.2695, Train Reg Loss: 2.9202, Train MAPE: 12.2315, Train R: 0.8970, Train RRSE: 0.4428, Test Loss: 560.0169, Test Node Loss: 6.5728, Test Reg Loss: 5.5344, Test MAPE: 13.3137, Test R: 0.8993, Test RRSE: 0.6199
2025-02-10 15:37:21,968:INFO:Checkpoint saved at best_0.001_0.001_256_SAGE_2_32_0.8993_epoch_136.pth
2025-02-10 15:37:39,257:INFO:Epoch 137: Train Loss: 256.2773, Train Node Loss: 6.9604, Train Reg Loss: 2.4932, Train MAPE: 12.2277, Train R: 0.9138, Train RRSE: 0.4092, Test Loss: 822.7093, Test Node Loss: 5.9699, Test Reg Loss: 8.1674, Test MAPE: 13.5952, Test R: 0.8980, Test RRSE: 0.7530
2025-02-10 15:37:56,120:INFO:Epoch 138: Train Loss: 288.3076, Train Node Loss: 6.7106, Train Reg Loss: 2.8160, Train MAPE: 12.2277, Train R: 0.9008, Train RRSE: 0.4349, Test Loss: 614.5831, Test Node Loss: 5.9421, Test Reg Loss: 6.0864, Test MAPE: 13.4556, Test R: 0.8990, Test RRSE: 0.6501
2025-02-10 15:38:12,931:INFO:Epoch 139: Train Loss: 270.6232, Train Node Loss: 6.3346, Train Reg Loss: 2.6429, Train MAPE: 12.1983, Train R: 0.9081, Train RRSE: 0.4213, Test Loss: 420.2181, Test Node Loss: 6.3490, Test Reg Loss: 4.1387, Test MAPE: 13.0499, Test R: 0.8994, Test RRSE: 0.5361
2025-02-10 15:38:12,957:INFO:Checkpoint saved at best_0.001_0.001_256_SAGE_2_32_0.8994_epoch_139.pth
2025-02-10 15:38:29,631:INFO:Epoch 140: Train Loss: 293.2661, Train Node Loss: 6.5613, Train Reg Loss: 2.8670, Train MAPE: 12.1663, Train R: 0.9001, Train RRSE: 0.4388, Test Loss: 1130.4279, Test Node Loss: 5.2434, Test Reg Loss: 11.2518, Test MAPE: 14.1777, Test R: 0.8972, Test RRSE: 0.8839
2025-02-10 15:38:46,167:INFO:Epoch 141: Train Loss: 307.2449, Train Node Loss: 5.9073, Train Reg Loss: 3.0134, Train MAPE: 11.9398, Train R: 0.8985, Train RRSE: 0.4499, Test Loss: 343.5192, Test Node Loss: 7.4570, Test Reg Loss: 3.3606, Test MAPE: 12.9620, Test R: 0.8982, Test RRSE: 0.4830
2025-02-10 15:39:02,218:INFO:Epoch 142: Train Loss: 286.5632, Train Node Loss: 6.9213, Train Reg Loss: 2.7964, Train MAPE: 12.5601, Train R: 0.9051, Train RRSE: 0.4334, Test Loss: 1092.0708, Test Node Loss: 4.6234, Test Reg Loss: 10.8745, Test MAPE: 14.5099, Test R: 0.8984, Test RRSE: 0.8689
2025-02-10 15:39:18,592:INFO:Epoch 143: Train Loss: 285.1256, Train Node Loss: 5.4268, Train Reg Loss: 2.7970, Train MAPE: 12.0525, Train R: 0.9075, Train RRSE: 0.4334, Test Loss: 331.7717, Test Node Loss: 7.1447, Test Reg Loss: 3.2463, Test MAPE: 13.4569, Test R: 0.8999, Test RRSE: 0.4748
2025-02-10 15:39:18,626:INFO:Checkpoint saved at best_0.001_0.001_256_SAGE_2_32_0.8999_epoch_143.pth
2025-02-10 15:39:34,460:INFO:Epoch 144: Train Loss: 308.5771, Train Node Loss: 6.1492, Train Reg Loss: 3.0243, Train MAPE: 12.3418, Train R: 0.8979, Train RRSE: 0.4507, Test Loss: 1616.9367, Test Node Loss: 3.9333, Test Reg Loss: 16.1300, Test MAPE: 15.2859, Test R: 0.8968, Test RRSE: 1.0583
2025-02-10 15:39:51,165:INFO:Epoch 145: Train Loss: 333.0185, Train Node Loss: 4.8997, Train Reg Loss: 3.2812, Train MAPE: 11.9064, Train R: 0.8878, Train RRSE: 0.4694, Test Loss: 313.4976, Test Node Loss: 6.5745, Test Reg Loss: 3.0692, Test MAPE: 13.5295, Test R: 0.8997, Test RRSE: 0.4616
2025-02-10 15:40:08,035:INFO:Epoch 146: Train Loss: 293.6235, Train Node Loss: 5.5315, Train Reg Loss: 2.8809, Train MAPE: 12.2939, Train R: 0.9013, Train RRSE: 0.4399, Test Loss: 1700.1812, Test Node Loss: 3.2081, Test Reg Loss: 16.9697, Test MAPE: 15.4832, Test R: 0.8978, Test RRSE: 1.0855
2025-02-10 15:40:25,104:INFO:Epoch 147: Train Loss: 304.8083, Train Node Loss: 4.4909, Train Reg Loss: 3.0032, Train MAPE: 12.2039, Train R: 0.8951, Train RRSE: 0.4491, Test Loss: 364.3715, Test Node Loss: 6.0182, Test Reg Loss: 3.5835, Test MAPE: 13.7505, Test R: 0.8990, Test RRSE: 0.4988
2025-02-10 15:40:42,229:INFO:Epoch 148: Train Loss: 270.7391, Train Node Loss: 4.7248, Train Reg Loss: 2.6601, Train MAPE: 12.2673, Train R: 0.9074, Train RRSE: 0.4227, Test Loss: 933.0637, Test Node Loss: 3.4823, Test Reg Loss: 9.2958, Test MAPE: 14.0046, Test R: 0.8988, Test RRSE: 0.8034
2025-02-10 15:40:59,363:INFO:Epoch 149: Train Loss: 274.9792, Train Node Loss: 4.3649, Train Reg Loss: 2.7061, Train MAPE: 12.1104, Train R: 0.9052, Train RRSE: 0.4263, Test Loss: 397.5884, Test Node Loss: 4.7228, Test Reg Loss: 3.9287, Test MAPE: 13.2833, Test R: 0.8988, Test RRSE: 0.5223
2025-02-10 15:41:16,401:INFO:Epoch 150: Train Loss: 284.7870, Train Node Loss: 4.2251, Train Reg Loss: 2.8056, Train MAPE: 12.2103, Train R: 0.9022, Train RRSE: 0.4341, Test Loss: 678.8311, Test Node Loss: 3.9219, Test Reg Loss: 6.7491, Test MAPE: 13.7941, Test R: 0.9003, Test RRSE: 0.6845
2025-02-10 15:41:16,423:INFO:Checkpoint saved at best_0.001_0.001_256_SAGE_2_32_0.9003_epoch_150.pth
2025-02-10 15:41:32,119:INFO:Epoch 151: Train Loss: 295.3235, Train Node Loss: 4.3151, Train Reg Loss: 2.9101, Train MAPE: 12.2299, Train R: 0.8980, Train RRSE: 0.4421, Test Loss: 650.4050, Test Node Loss: 3.8371, Test Reg Loss: 6.4657, Test MAPE: 13.6986, Test R: 0.9009, Test RRSE: 0.6700
2025-02-10 15:41:32,154:INFO:Checkpoint saved at best_0.001_0.001_256_SAGE_2_32_0.9009_epoch_151.pth
2025-02-10 15:41:48,086:INFO:Epoch 152: Train Loss: 280.5138, Train Node Loss: 4.0183, Train Reg Loss: 2.7650, Train MAPE: 12.1812, Train R: 0.9034, Train RRSE: 0.4309, Test Loss: 755.8116, Test Node Loss: 3.9834, Test Reg Loss: 7.5183, Test MAPE: 14.0580, Test R: 0.9001, Test RRSE: 0.7225
2025-02-10 15:42:03,902:INFO:Epoch 153: Train Loss: 274.8977, Train Node Loss: 4.5691, Train Reg Loss: 2.7033, Train MAPE: 12.5039, Train R: 0.9078, Train RRSE: 0.4261, Test Loss: 1521.1214, Test Node Loss: 3.0439, Test Reg Loss: 15.1808, Test MAPE: 15.4772, Test R: 0.8983, Test RRSE: 1.0267
2025-02-10 15:42:19,816:INFO:Epoch 154: Train Loss: 351.4390, Train Node Loss: 3.3810, Train Reg Loss: 3.4806, Train MAPE: 11.9513, Train R: 0.8882, Train RRSE: 0.4835, Test Loss: 325.0535, Test Node Loss: 4.9067, Test Reg Loss: 3.2015, Test MAPE: 13.6435, Test R: 0.9011, Test RRSE: 0.4715
2025-02-10 15:42:19,843:INFO:Checkpoint saved at best_0.001_0.001_256_SAGE_2_32_0.9011_epoch_154.pth
2025-02-10 15:42:35,866:INFO:Epoch 155: Train Loss: 278.4174, Train Node Loss: 4.4537, Train Reg Loss: 2.7396, Train MAPE: 12.6158, Train R: 0.9179, Train RRSE: 0.4289, Test Loss: 1697.6474, Test Node Loss: 2.1983, Test Reg Loss: 16.9545, Test MAPE: 15.4160, Test R: 0.8981, Test RRSE: 1.0850
2025-02-10 15:42:51,509:INFO:Epoch 156: Train Loss: 358.6501, Train Node Loss: 2.6283, Train Reg Loss: 3.5602, Train MAPE: 11.8570, Train R: 0.8911, Train RRSE: 0.4890, Test Loss: 512.5034, Test Node Loss: 2.9726, Test Reg Loss: 5.0953, Test MAPE: 13.3813, Test R: 0.8992, Test RRSE: 0.5948
2025-02-10 15:43:07,107:INFO:Epoch 157: Train Loss: 289.3157, Train Node Loss: 3.3673, Train Reg Loss: 2.8595, Train MAPE: 12.4038, Train R: 0.9102, Train RRSE: 0.4382, Test Loss: 1348.0873, Test Node Loss: 2.0778, Test Reg Loss: 13.4601, Test MAPE: 14.8182, Test R: 0.8992, Test RRSE: 0.9667
2025-02-10 15:43:22,724:INFO:Epoch 158: Train Loss: 250.5050, Train Node Loss: 2.5576, Train Reg Loss: 2.4795, Train MAPE: 12.1164, Train R: 0.9160, Train RRSE: 0.4081, Test Loss: 684.0731, Test Node Loss: 2.3792, Test Reg Loss: 6.8169, Test MAPE: 13.7029, Test R: 0.9006, Test RRSE: 0.6880
2025-02-10 15:43:38,105:INFO:Epoch 159: Train Loss: 322.4522, Train Node Loss: 2.5825, Train Reg Loss: 3.1987, Train MAPE: 12.0085, Train R: 0.8880, Train RRSE: 0.4635, Test Loss: 525.6414, Test Node Loss: 2.7924, Test Reg Loss: 5.2285, Test MAPE: 13.8853, Test R: 0.8991, Test RRSE: 0.6025
2025-02-10 15:43:53,739:INFO:Epoch 160: Train Loss: 358.1266, Train Node Loss: 2.9286, Train Reg Loss: 3.5520, Train MAPE: 12.3052, Train R: 0.8771, Train RRSE: 0.4884, Test Loss: 1342.3393, Test Node Loss: 2.2158, Test Reg Loss: 13.4012, Test MAPE: 14.7235, Test R: 0.8941, Test RRSE: 0.9646
2025-02-10 15:44:09,244:INFO:Epoch 161: Train Loss: 294.5605, Train Node Loss: 2.4562, Train Reg Loss: 2.9210, Train MAPE: 12.0411, Train R: 0.8984, Train RRSE: 0.4429, Test Loss: 545.0639, Test Node Loss: 2.3051, Test Reg Loss: 5.4276, Test MAPE: 13.9280, Test R: 0.9000, Test RRSE: 0.6139
2025-02-10 15:44:25,240:INFO:Epoch 162: Train Loss: 278.8095, Train Node Loss: 2.6673, Train Reg Loss: 2.7614, Train MAPE: 12.5467, Train R: 0.9040, Train RRSE: 0.4306, Test Loss: 902.3696, Test Node Loss: 1.9421, Test Reg Loss: 9.0043, Test MAPE: 14.0553, Test R: 0.8992, Test RRSE: 0.7907
2025-02-10 15:44:41,095:INFO:Epoch 163: Train Loss: 252.7728, Train Node Loss: 2.1037, Train Reg Loss: 2.5067, Train MAPE: 12.0255, Train R: 0.9184, Train RRSE: 0.4103, Test Loss: 681.5786, Test Node Loss: 1.9981, Test Reg Loss: 6.7958, Test MAPE: 13.7363, Test R: 0.8994, Test RRSE: 0.6869
2025-02-10 15:44:56,693:INFO:Epoch 164: Train Loss: 293.2329, Train Node Loss: 2.2657, Train Reg Loss: 2.9097, Train MAPE: 12.1958, Train R: 0.8980, Train RRSE: 0.4420, Test Loss: 379.4758, Test Node Loss: 2.5281, Test Reg Loss: 3.7695, Test MAPE: 13.5996, Test R: 0.9007, Test RRSE: 0.5116
2025-02-10 15:45:12,764:INFO:Epoch 165: Train Loss: 265.6923, Train Node Loss: 2.6613, Train Reg Loss: 2.6303, Train MAPE: 12.6217, Train R: 0.9160, Train RRSE: 0.4203, Test Loss: 2087.0131, Test Node Loss: 1.4091, Test Reg Loss: 20.8560, Test MAPE: 16.0825, Test R: 0.8943, Test RRSE: 1.2034
2025-02-10 15:45:28,836:INFO:Epoch 166: Train Loss: 284.5501, Train Node Loss: 1.8128, Train Reg Loss: 2.8274, Train MAPE: 11.9626, Train R: 0.9122, Train RRSE: 0.4358, Test Loss: 458.9431, Test Node Loss: 1.9266, Test Reg Loss: 4.5702, Test MAPE: 13.5409, Test R: 0.9005, Test RRSE: 0.5633
2025-02-10 15:45:44,759:INFO:Epoch 167: Train Loss: 293.2440, Train Node Loss: 2.2911, Train Reg Loss: 2.9095, Train MAPE: 12.5017, Train R: 0.9020, Train RRSE: 0.4420, Test Loss: 1164.6739, Test Node Loss: 1.5503, Test Reg Loss: 11.6312, Test MAPE: 14.7193, Test R: 0.8989, Test RRSE: 0.8986
2025-02-10 15:46:00,785:INFO:Epoch 168: Train Loss: 250.8838, Train Node Loss: 1.8301, Train Reg Loss: 2.4905, Train MAPE: 11.9908, Train R: 0.9157, Train RRSE: 0.4090, Test Loss: 745.4306, Test Node Loss: 1.7735, Test Reg Loss: 7.4366, Test MAPE: 14.0944, Test R: 0.8985, Test RRSE: 0.7186
2025-02-10 15:46:16,903:INFO:Epoch 169: Train Loss: 285.3878, Train Node Loss: 2.1843, Train Reg Loss: 2.8320, Train MAPE: 12.3241, Train R: 0.9015, Train RRSE: 0.4361, Test Loss: 495.1068, Test Node Loss: 2.0145, Test Reg Loss: 4.9309, Test MAPE: 13.6609, Test R: 0.8989, Test RRSE: 0.5851
2025-02-10 15:46:32,914:INFO:Epoch 170: Train Loss: 264.6312, Train Node Loss: 2.0273, Train Reg Loss: 2.6260, Train MAPE: 12.3442, Train R: 0.9081, Train RRSE: 0.4200, Test Loss: 669.7515, Test Node Loss: 1.7556, Test Reg Loss: 6.6800, Test MAPE: 13.7465, Test R: 0.8992, Test RRSE: 0.6810
2025-02-10 15:46:49,093:INFO:Epoch 171: Train Loss: 325.4278, Train Node Loss: 1.8669, Train Reg Loss: 3.2356, Train MAPE: 11.9058, Train R: 0.8873, Train RRSE: 0.4661, Test Loss: 454.9913, Test Node Loss: 1.8465, Test Reg Loss: 4.5314, Test MAPE: 13.3144, Test R: 0.8986, Test RRSE: 0.5609
2025-02-10 15:47:04,969:INFO:Epoch 172: Train Loss: 262.0141, Train Node Loss: 2.1292, Train Reg Loss: 2.5988, Train MAPE: 12.4937, Train R: 0.9151, Train RRSE: 0.4178, Test Loss: 1315.5517, Test Node Loss: 1.3479, Test Reg Loss: 13.1420, Test MAPE: 15.0547, Test R: 0.8992, Test RRSE: 0.9552
2025-02-10 15:47:20,901:INFO:Epoch 173: Train Loss: 268.2033, Train Node Loss: 1.8078, Train Reg Loss: 2.6640, Train MAPE: 12.1417, Train R: 0.9071, Train RRSE: 0.4230, Test Loss: 1131.5123, Test Node Loss: 1.4459, Test Reg Loss: 11.3007, Test MAPE: 14.9323, Test R: 0.9001, Test RRSE: 0.8858
2025-02-10 15:47:36,852:INFO:Epoch 174: Train Loss: 258.1056, Train Node Loss: 1.7585, Train Reg Loss: 2.5635, Train MAPE: 12.3025, Train R: 0.9119, Train RRSE: 0.4149, Test Loss: 1118.6002, Test Node Loss: 1.4551, Test Reg Loss: 11.1715, Test MAPE: 14.8888, Test R: 0.8992, Test RRSE: 0.8807
2025-02-10 15:47:52,734:INFO:Epoch 175: Train Loss: 299.6837, Train Node Loss: 1.9878, Train Reg Loss: 2.9770, Train MAPE: 12.4908, Train R: 0.8988, Train RRSE: 0.4471, Test Loss: 1795.7722, Test Node Loss: 1.1296, Test Reg Loss: 17.9464, Test MAPE: 15.6688, Test R: 0.8954, Test RRSE: 1.1163
2025-02-10 15:48:08,221:INFO:Epoch 176: Train Loss: 321.3535, Train Node Loss: 1.6646, Train Reg Loss: 3.1969, Train MAPE: 12.1715, Train R: 0.8880, Train RRSE: 0.4634, Test Loss: 408.0651, Test Node Loss: 1.7568, Test Reg Loss: 4.0631, Test MAPE: 13.5564, Test R: 0.8992, Test RRSE: 0.5311
2025-02-10 15:48:23,968:INFO:Epoch 177: Train Loss: 310.1578, Train Node Loss: 1.6611, Train Reg Loss: 3.0850, Train MAPE: 12.0608, Train R: 0.8925, Train RRSE: 0.4552, Test Loss: 1122.0432, Test Node Loss: 1.3421, Test Reg Loss: 11.2070, Test MAPE: 14.7176, Test R: 0.8993, Test RRSE: 0.8821
2025-02-10 15:48:39,925:INFO:Epoch 178: Train Loss: 258.3265, Train Node Loss: 1.5881, Train Reg Loss: 2.5674, Train MAPE: 12.0440, Train R: 0.9124, Train RRSE: 0.4152, Test Loss: 649.8165, Test Node Loss: 1.5736, Test Reg Loss: 6.4824, Test MAPE: 14.0634, Test R: 0.8996, Test RRSE: 0.6709
2025-02-10 15:48:56,117:INFO:Epoch 179: Train Loss: 253.6450, Train Node Loss: 1.8702, Train Reg Loss: 2.5177, Train MAPE: 12.5369, Train R: 0.9148, Train RRSE: 0.4112, Test Loss: 1314.3866, Test Node Loss: 1.1970, Test Reg Loss: 13.1319, Test MAPE: 15.1131, Test R: 0.8986, Test RRSE: 0.9549
2025-02-10 15:49:12,162:INFO:Epoch 180: Train Loss: 287.0088, Train Node Loss: 1.4798, Train Reg Loss: 2.8553, Train MAPE: 12.0964, Train R: 0.9020, Train RRSE: 0.4379, Test Loss: 760.1704, Test Node Loss: 1.3344, Test Reg Loss: 7.5884, Test MAPE: 13.7918, Test R: 0.8984, Test RRSE: 0.7259
2025-02-10 15:49:27,676:INFO:Epoch 181: Train Loss: 264.3537, Train Node Loss: 1.4816, Train Reg Loss: 2.6287, Train MAPE: 12.1922, Train R: 0.9091, Train RRSE: 0.4202, Test Loss: 817.6684, Test Node Loss: 1.3132, Test Reg Loss: 8.1636, Test MAPE: 14.4102, Test R: 0.8983, Test RRSE: 0.7529
2025-02-10 15:49:43,362:INFO:Epoch 182: Train Loss: 263.3575, Train Node Loss: 1.6461, Train Reg Loss: 2.6171, Train MAPE: 12.4621, Train R: 0.9092, Train RRSE: 0.4192, Test Loss: 971.3202, Test Node Loss: 1.2216, Test Reg Loss: 9.7010, Test MAPE: 14.6154, Test R: 0.8988, Test RRSE: 0.8207
2025-02-10 15:49:59,284:INFO:Epoch 183: Train Loss: 292.8254, Train Node Loss: 1.3532, Train Reg Loss: 2.9147, Train MAPE: 12.1893, Train R: 0.8990, Train RRSE: 0.4424, Test Loss: 767.0112, Test Node Loss: 1.2527, Test Reg Loss: 7.6576, Test MAPE: 14.1748, Test R: 0.8977, Test RRSE: 0.7292
2025-02-10 15:50:15,745:INFO:Epoch 184: Train Loss: 257.8362, Train Node Loss: 1.6359, Train Reg Loss: 2.5620, Train MAPE: 12.5337, Train R: 0.9130, Train RRSE: 0.4148, Test Loss: 930.0103, Test Node Loss: 1.1945, Test Reg Loss: 9.2882, Test MAPE: 14.3734, Test R: 0.8970, Test RRSE: 0.8030
2025-02-10 15:50:31,419:INFO:Epoch 185: Train Loss: 302.6127, Train Node Loss: 1.1788, Train Reg Loss: 3.0143, Train MAPE: 11.9241, Train R: 0.9013, Train RRSE: 0.4499, Test Loss: 322.1315, Test Node Loss: 1.3857, Test Reg Loss: 3.2075, Test MAPE: 13.5746, Test R: 0.8999, Test RRSE: 0.4719
2025-02-10 15:50:47,612:INFO:Epoch 186: Train Loss: 272.4735, Train Node Loss: 1.5469, Train Reg Loss: 2.7093, Train MAPE: 12.6136, Train R: 0.9145, Train RRSE: 0.4266, Test Loss: 1117.0889, Test Node Loss: 0.9374, Test Reg Loss: 11.1615, Test MAPE: 14.7024, Test R: 0.8980, Test RRSE: 0.8803
2025-02-10 15:51:03,212:INFO:Epoch 187: Train Loss: 282.4896, Train Node Loss: 1.0076, Train Reg Loss: 2.8148, Train MAPE: 12.0172, Train R: 0.9106, Train RRSE: 0.4348, Test Loss: 1084.0109, Test Node Loss: 0.7699, Test Reg Loss: 10.8324, Test MAPE: 14.6202, Test R: 0.8992, Test RRSE: 0.8672
2025-02-10 15:51:19,035:INFO:Epoch 188: Train Loss: 340.8282, Train Node Loss: 1.2300, Train Reg Loss: 3.3960, Train MAPE: 12.8247, Train R: 0.8930, Train RRSE: 0.4776, Test Loss: 936.8025, Test Node Loss: 0.6982, Test Reg Loss: 9.3610, Test MAPE: 14.2396, Test R: 0.8998, Test RRSE: 0.8062
2025-02-10 15:51:34,933:INFO:Epoch 189: Train Loss: 283.3293, Train Node Loss: 0.7678, Train Reg Loss: 2.8256, Train MAPE: 11.9481, Train R: 0.9098, Train RRSE: 0.4356, Test Loss: 1495.1588, Test Node Loss: 0.4973, Test Reg Loss: 14.9466, Test MAPE: 15.3797, Test R: 0.8970, Test RRSE: 1.0187
2025-02-10 15:51:50,342:INFO:Epoch 190: Train Loss: 288.6517, Train Node Loss: 0.8267, Train Reg Loss: 2.8782, Train MAPE: 12.2541, Train R: 0.9004, Train RRSE: 0.4397, Test Loss: 743.2076, Test Node Loss: 0.6276, Test Reg Loss: 7.4258, Test MAPE: 13.9464, Test R: 0.8988, Test RRSE: 0.7180
2025-02-10 15:52:05,131:INFO:Epoch 191: Train Loss: 239.6101, Train Node Loss: 0.7775, Train Reg Loss: 2.3883, Train MAPE: 12.2531, Train R: 0.9168, Train RRSE: 0.4005, Test Loss: 1094.8993, Test Node Loss: 0.5517, Test Reg Loss: 10.9435, Test MAPE: 14.8724, Test R: 0.8980, Test RRSE: 0.8717
2025-02-10 15:52:20,195:INFO:Epoch 192: Train Loss: 296.6930, Train Node Loss: 0.7823, Train Reg Loss: 2.9591, Train MAPE: 12.2623, Train R: 0.8972, Train RRSE: 0.4458, Test Loss: 393.0855, Test Node Loss: 0.7422, Test Reg Loss: 3.9234, Test MAPE: 13.7209, Test R: 0.8994, Test RRSE: 0.5219
2025-02-10 15:52:34,681:INFO:Epoch 193: Train Loss: 255.4474, Train Node Loss: 0.8596, Train Reg Loss: 2.5459, Train MAPE: 12.4193, Train R: 0.9144, Train RRSE: 0.4135, Test Loss: 1593.1975, Test Node Loss: 0.4848, Test Reg Loss: 15.9271, Test MAPE: 15.2378, Test R: 0.8954, Test RRSE: 1.0516
2025-02-10 15:52:49,751:INFO:Epoch 194: Train Loss: 225.5232, Train Node Loss: 0.7687, Train Reg Loss: 2.2475, Train MAPE: 11.9790, Train R: 0.9241, Train RRSE: 0.3885, Test Loss: 989.0467, Test Node Loss: 0.6682, Test Reg Loss: 9.8838, Test MAPE: 14.7122, Test R: 0.8991, Test RRSE: 0.8284
2025-02-10 15:53:04,551:INFO:Epoch 195: Train Loss: 295.1070, Train Node Loss: 0.9441, Train Reg Loss: 2.9416, Train MAPE: 12.4954, Train R: 0.8962, Train RRSE: 0.4445, Test Loss: 397.6184, Test Node Loss: 1.0064, Test Reg Loss: 3.9661, Test MAPE: 13.7303, Test R: 0.8988, Test RRSE: 0.5248
2025-02-10 15:53:19,463:INFO:Epoch 196: Train Loss: 280.2678, Train Node Loss: 0.9311, Train Reg Loss: 2.7934, Train MAPE: 12.2664, Train R: 0.9023, Train RRSE: 0.4331, Test Loss: 1953.1080, Test Node Loss: 0.5678, Test Reg Loss: 19.5254, Test MAPE: 15.9502, Test R: 0.8931, Test RRSE: 1.1643
2025-02-10 15:53:33,976:INFO:Epoch 197: Train Loss: 301.6324, Train Node Loss: 0.9535, Train Reg Loss: 3.0068, Train MAPE: 12.1395, Train R: 0.8962, Train RRSE: 0.4494, Test Loss: 1040.5051, Test Node Loss: 0.6821, Test Reg Loss: 10.3982, Test MAPE: 14.5953, Test R: 0.8967, Test RRSE: 0.8497
2025-02-10 15:53:48,575:INFO:Epoch 198: Train Loss: 250.1552, Train Node Loss: 0.8790, Train Reg Loss: 2.4928, Train MAPE: 12.2816, Train R: 0.9130, Train RRSE: 0.4092, Test Loss: 881.4169, Test Node Loss: 0.6438, Test Reg Loss: 8.8077, Test MAPE: 14.3906, Test R: 0.8976, Test RRSE: 0.7820
2025-02-10 15:54:02,998:INFO:Epoch 199: Train Loss: 293.8890, Train Node Loss: 0.9636, Train Reg Loss: 2.9293, Train MAPE: 12.5303, Train R: 0.9002, Train RRSE: 0.4435, Test Loss: 1494.6532, Test Node Loss: 0.5132, Test Reg Loss: 14.9414, Test MAPE: 14.9897, Test R: 0.8927, Test RRSE: 1.0185
2025-02-10 15:54:17,649:INFO:Epoch 200: Train Loss: 290.6524, Train Node Loss: 0.7385, Train Reg Loss: 2.8991, Train MAPE: 12.0449, Train R: 0.9039, Train RRSE: 0.4412, Test Loss: 605.1780, Test Node Loss: 0.7423, Test Reg Loss: 6.0444, Test MAPE: 13.6380, Test R: 0.8955, Test RRSE: 0.6478
2025-02-10 15:54:32,509:INFO:Epoch 201: Train Loss: 275.4290, Train Node Loss: 0.9864, Train Reg Loss: 2.7444, Train MAPE: 12.7156, Train R: 0.9133, Train RRSE: 0.4293, Test Loss: 1355.4281, Test Node Loss: 0.4866, Test Reg Loss: 13.5494, Test MAPE: 14.6867, Test R: 0.8931, Test RRSE: 0.9699
2025-02-10 15:54:47,583:INFO:Epoch 202: Train Loss: 338.8684, Train Node Loss: 0.6231, Train Reg Loss: 3.3825, Train MAPE: 12.0366, Train R: 0.8868, Train RRSE: 0.4766, Test Loss: 332.5428, Test Node Loss: 0.6550, Test Reg Loss: 3.3189, Test MAPE: 13.5737, Test R: 0.9012, Test RRSE: 0.4800
2025-02-10 15:54:47,610:INFO:Checkpoint saved at best_0.001_0.001_256_SAGE_2_32_0.9012_epoch_202.pth
2025-02-10 15:55:02,366:INFO:Epoch 203: Train Loss: 246.5312, Train Node Loss: 0.7287, Train Reg Loss: 2.4580, Train MAPE: 12.3280, Train R: 0.9144, Train RRSE: 0.4063, Test Loss: 722.6937, Test Node Loss: 0.5450, Test Reg Loss: 7.2215, Test MAPE: 14.1035, Test R: 0.8997, Test RRSE: 0.7081
2025-02-10 15:55:17,282:INFO:Epoch 204: Train Loss: 237.6131, Train Node Loss: 0.6903, Train Reg Loss: 2.3692, Train MAPE: 12.0661, Train R: 0.9186, Train RRSE: 0.3989, Test Loss: 1826.2273, Test Node Loss: 0.4495, Test Reg Loss: 18.2578, Test MAPE: 15.7798, Test R: 0.8936, Test RRSE: 1.1259
2025-02-10 15:55:32,103:INFO:Epoch 205: Train Loss: 251.4084, Train Node Loss: 0.7565, Train Reg Loss: 2.5065, Train MAPE: 12.4535, Train R: 0.9130, Train RRSE: 0.4103, Test Loss: 1341.7281, Test Node Loss: 0.5099, Test Reg Loss: 13.4122, Test MAPE: 15.2395, Test R: 0.8950, Test RRSE: 0.9650
2025-02-10 15:55:46,862:INFO:Epoch 206: Train Loss: 256.9209, Train Node Loss: 0.7288, Train Reg Loss: 2.5619, Train MAPE: 12.2734, Train R: 0.9105, Train RRSE: 0.4148, Test Loss: 634.1560, Test Node Loss: 0.6279, Test Reg Loss: 6.3353, Test MAPE: 14.0493, Test R: 0.8975, Test RRSE: 0.6632
2025-02-10 15:56:01,550:INFO:Epoch 207: Train Loss: 271.0003, Train Node Loss: 0.8575, Train Reg Loss: 2.7014, Train MAPE: 12.4791, Train R: 0.9083, Train RRSE: 0.4259, Test Loss: 1136.5426, Test Node Loss: 0.5175, Test Reg Loss: 11.3603, Test MAPE: 14.5948, Test R: 0.8970, Test RRSE: 0.8881
2025-02-10 15:56:16,249:INFO:Epoch 208: Train Loss: 248.4226, Train Node Loss: 0.6573, Train Reg Loss: 2.4777, Train MAPE: 11.9172, Train R: 0.9199, Train RRSE: 0.4079, Test Loss: 1165.2498, Test Node Loss: 0.5409, Test Reg Loss: 11.6471, Test MAPE: 14.7657, Test R: 0.8984, Test RRSE: 0.8993
2025-02-10 15:56:31,170:INFO:Epoch 209: Train Loss: 252.1282, Train Node Loss: 0.8752, Train Reg Loss: 2.5125, Train MAPE: 12.5929, Train R: 0.9133, Train RRSE: 0.4108, Test Loss: 863.7976, Test Node Loss: 0.6360, Test Reg Loss: 8.6316, Test MAPE: 14.5337, Test R: 0.8997, Test RRSE: 0.7741
2025-02-10 15:56:46,064:INFO:Epoch 210: Train Loss: 245.4744, Train Node Loss: 0.7411, Train Reg Loss: 2.4473, Train MAPE: 12.0153, Train R: 0.9159, Train RRSE: 0.4054, Test Loss: 743.6785, Test Node Loss: 0.5645, Test Reg Loss: 7.4311, Test MAPE: 13.6497, Test R: 0.8983, Test RRSE: 0.7183
2025-02-10 15:57:00,935:INFO:Epoch 211: Train Loss: 283.3724, Train Node Loss: 0.7416, Train Reg Loss: 2.8263, Train MAPE: 12.2207, Train R: 0.9007, Train RRSE: 0.4357, Test Loss: 642.4870, Test Node Loss: 0.6356, Test Reg Loss: 6.4185, Test MAPE: 14.1021, Test R: 0.9009, Test RRSE: 0.6676
2025-02-10 15:57:15,695:INFO:Epoch 212: Train Loss: 230.2155, Train Node Loss: 0.7817, Train Reg Loss: 2.2943, Train MAPE: 12.3613, Train R: 0.9199, Train RRSE: 0.3925, Test Loss: 1351.5050, Test Node Loss: 0.4918, Test Reg Loss: 13.5101, Test MAPE: 14.6830, Test R: 0.8920, Test RRSE: 0.9685
2025-02-10 15:57:30,384:INFO:Epoch 213: Train Loss: 309.6045, Train Node Loss: 0.8486, Train Reg Loss: 3.0876, Train MAPE: 12.4536, Train R: 0.8983, Train RRSE: 0.4554, Test Loss: 1097.8963, Test Node Loss: 0.5203, Test Reg Loss: 10.9738, Test MAPE: 14.8266, Test R: 0.8998, Test RRSE: 0.8729
2025-02-10 15:57:45,141:INFO:Epoch 214: Train Loss: 273.5739, Train Node Loss: 0.6103, Train Reg Loss: 2.7296, Train MAPE: 12.0627, Train R: 0.9170, Train RRSE: 0.4282, Test Loss: 1051.5968, Test Node Loss: 0.4622, Test Reg Loss: 10.5113, Test MAPE: 14.3412, Test R: 0.8982, Test RRSE: 0.8543
2025-02-10 15:58:00,615:INFO:Epoch 215: Train Loss: 256.4135, Train Node Loss: 0.7960, Train Reg Loss: 2.5562, Train MAPE: 12.4922, Train R: 0.9161, Train RRSE: 0.4143, Test Loss: 487.1519, Test Node Loss: 0.6621, Test Reg Loss: 4.8649, Test MAPE: 13.9507, Test R: 0.9015, Test RRSE: 0.5812
2025-02-10 15:58:00,632:INFO:Checkpoint saved at best_0.001_0.001_256_SAGE_2_32_0.9015_epoch_215.pth
2025-02-10 15:58:16,336:INFO:Epoch 216: Train Loss: 251.0298, Train Node Loss: 0.6869, Train Reg Loss: 2.5034, Train MAPE: 12.2862, Train R: 0.9124, Train RRSE: 0.4100, Test Loss: 1377.7823, Test Node Loss: 0.4241, Test Reg Loss: 13.7736, Test MAPE: 15.0699, Test R: 0.8968, Test RRSE: 0.9779
2025-02-10 15:58:32,403:INFO:Epoch 217: Train Loss: 239.3690, Train Node Loss: 0.6928, Train Reg Loss: 2.3868, Train MAPE: 12.4008, Train R: 0.9165, Train RRSE: 0.4004, Test Loss: 726.8153, Test Node Loss: 0.5833, Test Reg Loss: 7.2623, Test MAPE: 14.3745, Test R: 0.8988, Test RRSE: 0.7101
2025-02-10 15:58:48,157:INFO:Epoch 218: Train Loss: 228.8713, Train Node Loss: 0.7944, Train Reg Loss: 2.2808, Train MAPE: 12.5299, Train R: 0.9228, Train RRSE: 0.3914, Test Loss: 1449.8330, Test Node Loss: 0.4382, Test Reg Loss: 14.4939, Test MAPE: 15.1165, Test R: 0.8950, Test RRSE: 1.0032
2025-02-10 15:59:04,106:INFO:Epoch 219: Train Loss: 265.5640, Train Node Loss: 0.6051, Train Reg Loss: 2.6496, Train MAPE: 11.9286, Train R: 0.9115, Train RRSE: 0.4218, Test Loss: 873.4833, Test Node Loss: 0.4412, Test Reg Loss: 8.7304, Test MAPE: 14.1041, Test R: 0.8972, Test RRSE: 0.7786
2025-02-10 15:59:20,071:INFO:Epoch 220: Train Loss: 299.4231, Train Node Loss: 0.7426, Train Reg Loss: 2.9868, Train MAPE: 12.6239, Train R: 0.8993, Train RRSE: 0.4479, Test Loss: 1640.7565, Test Node Loss: 0.3820, Test Reg Loss: 16.4037, Test MAPE: 15.6858, Test R: 0.8967, Test RRSE: 1.0672
2025-02-10 15:59:35,822:INFO:Epoch 221: Train Loss: 284.2163, Train Node Loss: 0.5117, Train Reg Loss: 2.8370, Train MAPE: 11.8331, Train R: 0.9092, Train RRSE: 0.4365, Test Loss: 1039.1750, Test Node Loss: 0.3578, Test Reg Loss: 10.3882, Test MAPE: 14.4209, Test R: 0.8953, Test RRSE: 0.8493
2025-02-10 15:59:51,708:INFO:Epoch 222: Train Loss: 245.8479, Train Node Loss: 0.5862, Train Reg Loss: 2.4526, Train MAPE: 12.2874, Train R: 0.9145, Train RRSE: 0.4058, Test Loss: 357.7597, Test Node Loss: 0.5867, Test Reg Loss: 3.5717, Test MAPE: 13.9789, Test R: 0.9003, Test RRSE: 0.4980
2025-02-10 16:00:08,198:INFO:Epoch 223: Train Loss: 241.0204, Train Node Loss: 0.6651, Train Reg Loss: 2.4036, Train MAPE: 12.5431, Train R: 0.9183, Train RRSE: 0.4018, Test Loss: 2235.5626, Test Node Loss: 0.3263, Test Reg Loss: 22.3524, Test MAPE: 16.7341, Test R: 0.8934, Test RRSE: 1.2458
2025-02-10 16:00:24,006:INFO:Epoch 224: Train Loss: 279.8177, Train Node Loss: 0.4998, Train Reg Loss: 2.7932, Train MAPE: 11.7904, Train R: 0.9144, Train RRSE: 0.4331, Test Loss: 1777.2585, Test Node Loss: 0.3506, Test Reg Loss: 17.7691, Test MAPE: 15.6260, Test R: 0.8909, Test RRSE: 1.1107
2025-02-10 16:00:39,874:INFO:Epoch 225: Train Loss: 259.2808, Train Node Loss: 0.6251, Train Reg Loss: 2.5866, Train MAPE: 12.5406, Train R: 0.9158, Train RRSE: 0.4168, Test Loss: 537.6666, Test Node Loss: 0.4377, Test Reg Loss: 5.3723, Test MAPE: 13.8009, Test R: 0.8998, Test RRSE: 0.6107
2025-02-10 16:00:55,853:INFO:Epoch 226: Train Loss: 252.9465, Train Node Loss: 0.5086, Train Reg Loss: 2.5244, Train MAPE: 12.1940, Train R: 0.9119, Train RRSE: 0.4117, Test Loss: 539.7865, Test Node Loss: 0.4097, Test Reg Loss: 5.3938, Test MAPE: 13.8621, Test R: 0.8978, Test RRSE: 0.6120
2025-02-10 16:01:11,448:INFO:Epoch 227: Train Loss: 225.5699, Train Node Loss: 0.5531, Train Reg Loss: 2.2502, Train MAPE: 12.4778, Train R: 0.9216, Train RRSE: 0.3887, Test Loss: 433.9831, Test Node Loss: 0.4684, Test Reg Loss: 4.3351, Test MAPE: 13.6676, Test R: 0.8998, Test RRSE: 0.5486
2025-02-10 16:01:27,414:INFO:Epoch 228: Train Loss: 220.0705, Train Node Loss: 0.5535, Train Reg Loss: 2.1952, Train MAPE: 12.3475, Train R: 0.9236, Train RRSE: 0.3840, Test Loss: 1206.8122, Test Node Loss: 0.3650, Test Reg Loss: 12.0645, Test MAPE: 14.8240, Test R: 0.8928, Test RRSE: 0.9152
2025-02-10 16:01:43,433:INFO:Epoch 229: Train Loss: 260.6875, Train Node Loss: 0.5841, Train Reg Loss: 2.6010, Train MAPE: 12.2646, Train R: 0.9089, Train RRSE: 0.4179, Test Loss: 732.5496, Test Node Loss: 0.4352, Test Reg Loss: 7.3211, Test MAPE: 14.0733, Test R: 0.8948, Test RRSE: 0.7130
2025-02-10 16:01:59,522:INFO:Epoch 230: Train Loss: 262.8902, Train Node Loss: 0.5876, Train Reg Loss: 2.6230, Train MAPE: 12.2966, Train R: 0.9078, Train RRSE: 0.4197, Test Loss: 1207.1377, Test Node Loss: 0.3951, Test Reg Loss: 12.0674, Test MAPE: 15.0643, Test R: 0.8969, Test RRSE: 0.9153
2025-02-10 16:02:15,719:INFO:Epoch 231: Train Loss: 228.5015, Train Node Loss: 0.5756, Train Reg Loss: 2.2793, Train MAPE: 12.2929, Train R: 0.9208, Train RRSE: 0.3912, Test Loss: 808.2595, Test Node Loss: 0.4766, Test Reg Loss: 8.0778, Test MAPE: 13.9074, Test R: 0.8914, Test RRSE: 0.7489
2025-02-10 16:02:31,705:INFO:Epoch 232: Train Loss: 223.6952, Train Node Loss: 0.6808, Train Reg Loss: 2.2301, Train MAPE: 12.4861, Train R: 0.9226, Train RRSE: 0.3870, Test Loss: 511.3701, Test Node Loss: 0.5664, Test Reg Loss: 5.1080, Test MAPE: 13.9988, Test R: 0.8983, Test RRSE: 0.5955
2025-02-10 16:02:47,585:INFO:Epoch 233: Train Loss: 249.4300, Train Node Loss: 0.6545, Train Reg Loss: 2.4878, Train MAPE: 12.3288, Train R: 0.9129, Train RRSE: 0.4087, Test Loss: 1464.2943, Test Node Loss: 0.3860, Test Reg Loss: 14.6391, Test MAPE: 14.9312, Test R: 0.8940, Test RRSE: 1.0082
2025-02-10 16:03:03,695:INFO:Epoch 234: Train Loss: 281.4720, Train Node Loss: 0.5841, Train Reg Loss: 2.8089, Train MAPE: 12.0571, Train R: 0.9053, Train RRSE: 0.4343, Test Loss: 872.7623, Test Node Loss: 0.4503, Test Reg Loss: 8.7231, Test MAPE: 14.2320, Test R: 0.8971, Test RRSE: 0.7782
2025-02-10 16:03:19,390:INFO:Epoch 235: Train Loss: 251.4984, Train Node Loss: 0.6457, Train Reg Loss: 2.5085, Train MAPE: 12.4006, Train R: 0.9153, Train RRSE: 0.4104, Test Loss: 932.0050, Test Node Loss: 0.3850, Test Reg Loss: 9.3162, Test MAPE: 14.2427, Test R: 0.8959, Test RRSE: 0.8043
2025-02-10 16:03:35,649:INFO:Epoch 236: Train Loss: 254.3871, Train Node Loss: 0.6637, Train Reg Loss: 2.5372, Train MAPE: 12.5720, Train R: 0.9128, Train RRSE: 0.4128, Test Loss: 1469.8664, Test Node Loss: 0.3696, Test Reg Loss: 14.6950, Test MAPE: 15.6477, Test R: 0.8963, Test RRSE: 1.0101
2025-02-10 16:03:52,086:INFO:Epoch 237: Train Loss: 275.7389, Train Node Loss: 0.5263, Train Reg Loss: 2.7521, Train MAPE: 11.8957, Train R: 0.9076, Train RRSE: 0.4299, Test Loss: 1299.4360, Test Node Loss: 0.3673, Test Reg Loss: 12.9907, Test MAPE: 14.6440, Test R: 0.8933, Test RRSE: 0.9497
2025-02-10 16:04:08,681:INFO:Epoch 238: Train Loss: 300.4662, Train Node Loss: 0.6644, Train Reg Loss: 2.9980, Train MAPE: 12.5216, Train R: 0.8995, Train RRSE: 0.4487, Test Loss: 1063.9402, Test Node Loss: 0.3837, Test Reg Loss: 10.6356, Test MAPE: 14.6400, Test R: 0.8979, Test RRSE: 0.8593
2025-02-10 16:04:25,583:INFO:Epoch 239: Train Loss: 313.4397, Train Node Loss: 0.4526, Train Reg Loss: 3.1299, Train MAPE: 11.9012, Train R: 0.9119, Train RRSE: 0.4585, Test Loss: 864.2499, Test Node Loss: 0.3022, Test Reg Loss: 8.6395, Test MAPE: 13.7893, Test R: 0.8946, Test RRSE: 0.7745
2025-02-10 16:04:42,189:INFO:Epoch 240: Train Loss: 277.9164, Train Node Loss: 0.5377, Train Reg Loss: 2.7738, Train MAPE: 12.4122, Train R: 0.9150, Train RRSE: 0.4316, Test Loss: 952.2021, Test Node Loss: 0.3595, Test Reg Loss: 9.5184, Test MAPE: 14.4763, Test R: 0.8979, Test RRSE: 0.8129
2025-02-10 16:04:58,477:INFO:Epoch 241: Train Loss: 238.0487, Train Node Loss: 0.4945, Train Reg Loss: 2.3755, Train MAPE: 12.4071, Train R: 0.9174, Train RRSE: 0.3994, Test Loss: 1476.6029, Test Node Loss: 0.2590, Test Reg Loss: 14.7634, Test MAPE: 15.2614, Test R: 0.8956, Test RRSE: 1.0124
2025-02-10 16:05:14,893:INFO:Epoch 242: Train Loss: 277.5233, Train Node Loss: 0.4541, Train Reg Loss: 2.7707, Train MAPE: 12.0419, Train R: 0.9038, Train RRSE: 0.4314, Test Loss: 826.8822, Test Node Loss: 0.3189, Test Reg Loss: 8.2656, Test MAPE: 14.0854, Test R: 0.8941, Test RRSE: 0.7576
2025-02-10 16:05:31,243:INFO:Epoch 243: Train Loss: 237.1952, Train Node Loss: 0.5007, Train Reg Loss: 2.3669, Train MAPE: 12.2951, Train R: 0.9173, Train RRSE: 0.3987, Test Loss: 555.4568, Test Node Loss: 0.4083, Test Reg Loss: 5.5505, Test MAPE: 13.9579, Test R: 0.8971, Test RRSE: 0.6208
2025-02-10 16:05:47,621:INFO:Epoch 244: Train Loss: 266.5396, Train Node Loss: 0.5057, Train Reg Loss: 2.6603, Train MAPE: 12.3551, Train R: 0.9076, Train RRSE: 0.4227, Test Loss: 655.2160, Test Node Loss: 0.3657, Test Reg Loss: 6.5485, Test MAPE: 13.5970, Test R: 0.8926, Test RRSE: 0.6743
2025-02-10 16:06:04,042:INFO:Epoch 245: Train Loss: 214.2091, Train Node Loss: 0.5492, Train Reg Loss: 2.1366, Train MAPE: 12.3735, Train R: 0.9310, Train RRSE: 0.3788, Test Loss: 663.4443, Test Node Loss: 0.3946, Test Reg Loss: 6.6305, Test MAPE: 13.8886, Test R: 0.8973, Test RRSE: 0.6785
2025-02-10 16:06:20,169:INFO:Epoch 246: Train Loss: 267.6773, Train Node Loss: 0.4720, Train Reg Loss: 2.6721, Train MAPE: 12.3137, Train R: 0.9105, Train RRSE: 0.4236, Test Loss: 727.5601, Test Node Loss: 0.3555, Test Reg Loss: 7.2720, Test MAPE: 13.9234, Test R: 0.8993, Test RRSE: 0.7106
2025-02-10 16:06:36,774:INFO:Epoch 247: Train Loss: 237.2586, Train Node Loss: 0.5615, Train Reg Loss: 2.3670, Train MAPE: 12.5260, Train R: 0.9209, Train RRSE: 0.3987, Test Loss: 568.4477, Test Node Loss: 0.4231, Test Reg Loss: 5.6802, Test MAPE: 13.7271, Test R: 0.9003, Test RRSE: 0.6280
2025-02-10 16:06:53,188:INFO:Epoch 248: Train Loss: 273.0722, Train Node Loss: 0.5649, Train Reg Loss: 2.7251, Train MAPE: 12.2725, Train R: 0.9049, Train RRSE: 0.4278, Test Loss: 1420.1359, Test Node Loss: 0.3507, Test Reg Loss: 14.1979, Test MAPE: 15.2132, Test R: 0.8968, Test RRSE: 0.9929
2025-02-10 16:07:09,384:INFO:Epoch 249: Train Loss: 261.6844, Train Node Loss: 0.5231, Train Reg Loss: 2.6116, Train MAPE: 12.2135, Train R: 0.9102, Train RRSE: 0.4188, Test Loss: 745.5657, Test Node Loss: 0.4079, Test Reg Loss: 7.4516, Test MAPE: 14.0073, Test R: 0.8966, Test RRSE: 0.7193
2025-02-10 16:07:26,447:INFO:Epoch 250: Train Loss: 269.2937, Train Node Loss: 0.5929, Train Reg Loss: 2.6870, Train MAPE: 12.4655, Train R: 0.9067, Train RRSE: 0.4248, Test Loss: 964.3840, Test Node Loss: 0.3606, Test Reg Loss: 9.6402, Test MAPE: 14.1242, Test R: 0.8953, Test RRSE: 0.8181
2025-02-10 16:07:43,056:INFO:Epoch 251: Train Loss: 238.1703, Train Node Loss: 0.5141, Train Reg Loss: 2.3766, Train MAPE: 11.9594, Train R: 0.9201, Train RRSE: 0.3995, Test Loss: 1142.6254, Test Node Loss: 0.3811, Test Reg Loss: 11.4224, Test MAPE: 14.5041, Test R: 0.8963, Test RRSE: 0.8905
2025-02-10 16:07:59,609:INFO:Epoch 252: Train Loss: 226.0894, Train Node Loss: 0.6850, Train Reg Loss: 2.2540, Train MAPE: 12.5449, Train R: 0.9226, Train RRSE: 0.3891, Test Loss: 1100.3372, Test Node Loss: 0.4612, Test Reg Loss: 10.9988, Test MAPE: 14.6509, Test R: 0.8949, Test RRSE: 0.8739
2025-02-10 16:08:15,979:INFO:Epoch 253: Train Loss: 238.1910, Train Node Loss: 0.6045, Train Reg Loss: 2.3759, Train MAPE: 12.1663, Train R: 0.9189, Train RRSE: 0.3994, Test Loss: 1190.5808, Test Node Loss: 0.4502, Test Reg Loss: 11.9013, Test MAPE: 14.8962, Test R: 0.8931, Test RRSE: 0.9090
2025-02-10 16:08:32,216:INFO:Epoch 254: Train Loss: 234.6237, Train Node Loss: 0.6376, Train Reg Loss: 2.3399, Train MAPE: 12.2792, Train R: 0.9191, Train RRSE: 0.3964, Test Loss: 408.2732, Test Node Loss: 0.6458, Test Reg Loss: 4.0763, Test MAPE: 13.4988, Test R: 0.8985, Test RRSE: 0.5320
2025-02-10 16:08:48,562:INFO:Epoch 255: Train Loss: 236.8394, Train Node Loss: 0.7993, Train Reg Loss: 2.3604, Train MAPE: 12.7823, Train R: 0.9268, Train RRSE: 0.3981, Test Loss: 1932.5658, Test Node Loss: 0.3611, Test Reg Loss: 19.3220, Test MAPE: 15.8984, Test R: 0.8930, Test RRSE: 1.1583
2025-02-10 16:09:05,390:INFO:Epoch 256: Train Loss: 300.9551, Train Node Loss: 0.5301, Train Reg Loss: 3.0042, Train MAPE: 11.9179, Train R: 0.9020, Train RRSE: 0.4492, Test Loss: 488.6579, Test Node Loss: 0.5231, Test Reg Loss: 4.8813, Test MAPE: 14.1988, Test R: 0.8996, Test RRSE: 0.5822
2025-02-10 16:09:21,582:INFO:Epoch 257: Train Loss: 266.5495, Train Node Loss: 0.6449, Train Reg Loss: 2.6590, Train MAPE: 12.6615, Train R: 0.9094, Train RRSE: 0.4226, Test Loss: 585.3201, Test Node Loss: 0.4154, Test Reg Loss: 5.8490, Test MAPE: 13.7018, Test R: 0.8975, Test RRSE: 0.6373
2025-02-10 16:09:38,362:INFO:Epoch 258: Train Loss: 269.6398, Train Node Loss: 0.4817, Train Reg Loss: 2.6916, Train MAPE: 12.1066, Train R: 0.9091, Train RRSE: 0.4252, Test Loss: 1728.9215, Test Node Loss: 0.2613, Test Reg Loss: 17.2866, Test MAPE: 15.4727, Test R: 0.8919, Test RRSE: 1.0955
2025-02-10 16:09:54,718:INFO:Epoch 259: Train Loss: 281.6865, Train Node Loss: 0.5218, Train Reg Loss: 2.8116, Train MAPE: 12.0272, Train R: 0.9035, Train RRSE: 0.4345, Test Loss: 591.4620, Test Node Loss: 0.3743, Test Reg Loss: 5.9109, Test MAPE: 13.6053, Test R: 0.8961, Test RRSE: 0.6406
2025-02-10 16:10:10,544:INFO:Epoch 260: Train Loss: 250.7424, Train Node Loss: 0.5585, Train Reg Loss: 2.5018, Train MAPE: 12.3626, Train R: 0.9124, Train RRSE: 0.4099, Test Loss: 1153.5002, Test Node Loss: 0.3845, Test Reg Loss: 11.5312, Test MAPE: 15.0432, Test R: 0.8961, Test RRSE: 0.8948
2025-02-10 16:10:26,956:INFO:Epoch 261: Train Loss: 226.6029, Train Node Loss: 0.5963, Train Reg Loss: 2.2601, Train MAPE: 12.4479, Train R: 0.9212, Train RRSE: 0.3896, Test Loss: 1103.7257, Test Node Loss: 0.4117, Test Reg Loss: 11.0331, Test MAPE: 14.6830, Test R: 0.8934, Test RRSE: 0.8752
2025-02-10 16:10:42,741:INFO:Epoch 262: Train Loss: 232.0682, Train Node Loss: 0.6071, Train Reg Loss: 2.3146, Train MAPE: 12.3207, Train R: 0.9198, Train RRSE: 0.3943, Test Loss: 526.3160, Test Node Loss: 0.5703, Test Reg Loss: 5.2575, Test MAPE: 14.0291, Test R: 0.8968, Test RRSE: 0.6042
2025-02-10 16:10:59,205:INFO:Epoch 263: Train Loss: 237.8607, Train Node Loss: 0.6545, Train Reg Loss: 2.3721, Train MAPE: 12.3616, Train R: 0.9177, Train RRSE: 0.3991, Test Loss: 921.4198, Test Node Loss: 0.4413, Test Reg Loss: 9.2098, Test MAPE: 14.3747, Test R: 0.8965, Test RRSE: 0.7997
2025-02-10 16:11:15,486:INFO:Epoch 264: Train Loss: 272.2550, Train Node Loss: 0.5922, Train Reg Loss: 2.7166, Train MAPE: 11.9884, Train R: 0.9086, Train RRSE: 0.4271, Test Loss: 642.1895, Test Node Loss: 0.5902, Test Reg Loss: 6.4160, Test MAPE: 14.0035, Test R: 0.8961, Test RRSE: 0.6674
2025-02-10 16:11:31,597:INFO:Epoch 265: Train Loss: 248.4207, Train Node Loss: 0.7612, Train Reg Loss: 2.4766, Train MAPE: 12.7102, Train R: 0.9174, Train RRSE: 0.4078, Test Loss: 1252.8612, Test Node Loss: 0.3513, Test Reg Loss: 12.5251, Test MAPE: 14.5907, Test R: 0.8930, Test RRSE: 0.9325
2025-02-10 16:11:47,918:INFO:Epoch 266: Train Loss: 220.5216, Train Node Loss: 0.5568, Train Reg Loss: 2.1996, Train MAPE: 12.2310, Train R: 0.9253, Train RRSE: 0.3843, Test Loss: 940.9929, Test Node Loss: 0.4068, Test Reg Loss: 9.4059, Test MAPE: 14.1866, Test R: 0.8928, Test RRSE: 0.8081
2025-02-10 16:12:03,894:INFO:Epoch 267: Train Loss: 208.2950, Train Node Loss: 0.6230, Train Reg Loss: 2.0767, Train MAPE: 12.3847, Train R: 0.9296, Train RRSE: 0.3735, Test Loss: 772.6447, Test Node Loss: 0.4598, Test Reg Loss: 7.7218, Test MAPE: 14.1330, Test R: 0.8940, Test RRSE: 0.7322
2025-02-10 16:12:19,963:INFO:Epoch 268: Train Loss: 260.8086, Train Node Loss: 0.6373, Train Reg Loss: 2.6017, Train MAPE: 12.3119, Train R: 0.9100, Train RRSE: 0.4180, Test Loss: 1066.9034, Test Node Loss: 0.4541, Test Reg Loss: 10.6645, Test MAPE: 14.8270, Test R: 0.8947, Test RRSE: 0.8605
2025-02-10 16:12:35,828:INFO:Epoch 269: Train Loss: 224.4360, Train Node Loss: 0.6638, Train Reg Loss: 2.2377, Train MAPE: 12.5270, Train R: 0.9251, Train RRSE: 0.3877, Test Loss: 2451.2508, Test Node Loss: 0.2437, Test Reg Loss: 24.5101, Test MAPE: 16.7135, Test R: 0.8870, Test RRSE: 1.3045
2025-02-10 16:12:51,738:INFO:Epoch 270: Train Loss: 242.2823, Train Node Loss: 0.5931, Train Reg Loss: 2.4169, Train MAPE: 12.3264, Train R: 0.9153, Train RRSE: 0.4029, Test Loss: 1358.6889, Test Node Loss: 0.3909, Test Reg Loss: 13.5830, Test MAPE: 15.1619, Test R: 0.8934, Test RRSE: 0.9711
2025-02-10 16:13:08,022:INFO:Epoch 271: Train Loss: 257.6978, Train Node Loss: 0.6676, Train Reg Loss: 2.5703, Train MAPE: 12.2849, Train R: 0.9097, Train RRSE: 0.4155, Test Loss: 857.7328, Test Node Loss: 0.4659, Test Reg Loss: 8.5727, Test MAPE: 14.1479, Test R: 0.8940, Test RRSE: 0.7715
2025-02-10 16:13:24,203:INFO:Epoch 272: Train Loss: 228.9514, Train Node Loss: 0.6115, Train Reg Loss: 2.2834, Train MAPE: 12.0985, Train R: 0.9214, Train RRSE: 0.3916, Test Loss: 1384.0949, Test Node Loss: 0.3716, Test Reg Loss: 13.8372, Test MAPE: 14.9870, Test R: 0.8933, Test RRSE: 0.9802
2025-02-10 16:13:40,348:INFO:Epoch 273: Train Loss: 214.0085, Train Node Loss: 0.6929, Train Reg Loss: 2.1332, Train MAPE: 12.4213, Train R: 0.9257, Train RRSE: 0.3785, Test Loss: 447.0949, Test Node Loss: 0.7110, Test Reg Loss: 4.4638, Test MAPE: 13.9791, Test R: 0.8954, Test RRSE: 0.5567
2025-02-10 16:13:56,167:INFO:Epoch 274: Train Loss: 226.6553, Train Node Loss: 0.7880, Train Reg Loss: 2.2587, Train MAPE: 12.2895, Train R: 0.9223, Train RRSE: 0.3895, Test Loss: 815.0565, Test Node Loss: 0.6061, Test Reg Loss: 8.1445, Test MAPE: 14.0878, Test R: 0.8938, Test RRSE: 0.7520
2025-02-10 16:14:11,758:INFO:Epoch 275: Train Loss: 230.8481, Train Node Loss: 0.9118, Train Reg Loss: 2.2994, Train MAPE: 12.4887, Train R: 0.9199, Train RRSE: 0.3930, Test Loss: 1482.3192, Test Node Loss: 0.5600, Test Reg Loss: 14.8176, Test MAPE: 15.2219, Test R: 0.8911, Test RRSE: 1.0143
2025-02-10 16:14:27,599:INFO:Epoch 276: Train Loss: 253.2579, Train Node Loss: 0.6839, Train Reg Loss: 2.5257, Train MAPE: 11.9098, Train R: 0.9205, Train RRSE: 0.4119, Test Loss: 975.4617, Test Node Loss: 0.5009, Test Reg Loss: 9.7496, Test MAPE: 14.2570, Test R: 0.8908, Test RRSE: 0.8228
2025-02-10 16:14:43,624:INFO:Epoch 277: Train Loss: 301.6948, Train Node Loss: 0.9109, Train Reg Loss: 3.0078, Train MAPE: 12.9035, Train R: 0.9106, Train RRSE: 0.4494, Test Loss: 2360.1942, Test Node Loss: 0.2766, Test Reg Loss: 23.5992, Test MAPE: 16.5094, Test R: 0.8867, Test RRSE: 1.2800
2025-02-10 16:14:59,374:INFO:Epoch 278: Train Loss: 281.3790, Train Node Loss: 0.4630, Train Reg Loss: 2.8092, Train MAPE: 11.8237, Train R: 0.9087, Train RRSE: 0.4343, Test Loss: 1177.2750, Test Node Loss: 0.3349, Test Reg Loss: 11.7694, Test MAPE: 14.8013, Test R: 0.8961, Test RRSE: 0.9040
2025-02-10 16:15:15,346:INFO:Epoch 279: Train Loss: 223.1856, Train Node Loss: 0.5567, Train Reg Loss: 2.2263, Train MAPE: 12.4670, Train R: 0.9227, Train RRSE: 0.3867, Test Loss: 416.1113, Test Node Loss: 0.4947, Test Reg Loss: 4.1562, Test MAPE: 13.9108, Test R: 0.8980, Test RRSE: 0.5372
2025-02-10 16:15:31,406:INFO:Epoch 280: Train Loss: 216.4351, Train Node Loss: 0.5312, Train Reg Loss: 2.1590, Train MAPE: 12.2749, Train R: 0.9261, Train RRSE: 0.3808, Test Loss: 1153.0449, Test Node Loss: 0.3398, Test Reg Loss: 11.5271, Test MAPE: 14.7527, Test R: 0.8968, Test RRSE: 0.8946
2025-02-10 16:15:47,177:INFO:Epoch 281: Train Loss: 258.5803, Train Node Loss: 0.5436, Train Reg Loss: 2.5804, Train MAPE: 12.4370, Train R: 0.9100, Train RRSE: 0.4163, Test Loss: 861.0261, Test Node Loss: 0.3685, Test Reg Loss: 8.6066, Test MAPE: 14.3418, Test R: 0.8958, Test RRSE: 0.7730
2025-02-10 16:16:02,896:INFO:Epoch 282: Train Loss: 230.8905, Train Node Loss: 0.5081, Train Reg Loss: 2.3038, Train MAPE: 12.2559, Train R: 0.9202, Train RRSE: 0.3933, Test Loss: 978.1845, Test Node Loss: 0.3756, Test Reg Loss: 9.7781, Test MAPE: 14.3688, Test R: 0.8963, Test RRSE: 0.8240
2025-02-10 16:16:18,723:INFO:Epoch 283: Train Loss: 284.4299, Train Node Loss: 0.5422, Train Reg Loss: 2.8389, Train MAPE: 12.0294, Train R: 0.9024, Train RRSE: 0.4366, Test Loss: 789.0950, Test Node Loss: 0.4488, Test Reg Loss: 7.8865, Test MAPE: 13.9171, Test R: 0.8944, Test RRSE: 0.7400
2025-02-10 16:16:34,589:INFO:Epoch 284: Train Loss: 223.6994, Train Node Loss: 0.5766, Train Reg Loss: 2.2312, Train MAPE: 12.1920, Train R: 0.9237, Train RRSE: 0.3871, Test Loss: 991.2269, Test Node Loss: 0.3913, Test Reg Loss: 9.9084, Test MAPE: 14.7107, Test R: 0.8977, Test RRSE: 0.8294
2025-02-10 16:16:50,224:INFO:Epoch 285: Train Loss: 225.6999, Train Node Loss: 0.6094, Train Reg Loss: 2.2509, Train MAPE: 12.4287, Train R: 0.9215, Train RRSE: 0.3888, Test Loss: 433.8002, Test Node Loss: 0.5084, Test Reg Loss: 4.3329, Test MAPE: 13.7457, Test R: 0.8964, Test RRSE: 0.5485
2025-02-10 16:17:06,155:INFO:Epoch 286: Train Loss: 243.5776, Train Node Loss: 0.7259, Train Reg Loss: 2.4285, Train MAPE: 12.5810, Train R: 0.9196, Train RRSE: 0.4038, Test Loss: 3329.0140, Test Node Loss: 0.2240, Test Reg Loss: 33.2879, Test MAPE: 18.1133, Test R: 0.8891, Test RRSE: 1.5203
2025-02-10 16:17:21,942:INFO:Epoch 287: Train Loss: 269.2540, Train Node Loss: 0.5142, Train Reg Loss: 2.6874, Train MAPE: 11.7939, Train R: 0.9204, Train RRSE: 0.4248, Test Loss: 941.4700, Test Node Loss: 0.4722, Test Reg Loss: 9.4100, Test MAPE: 14.2472, Test R: 0.8866, Test RRSE: 0.8083
2025-02-10 16:17:37,906:INFO:Epoch 288: Train Loss: 275.3905, Train Node Loss: 0.7181, Train Reg Loss: 2.7467, Train MAPE: 12.5886, Train R: 0.9058, Train RRSE: 0.4295, Test Loss: 345.9274, Test Node Loss: 0.5465, Test Reg Loss: 3.4538, Test MAPE: 13.8508, Test R: 0.8971, Test RRSE: 0.4897
2025-02-10 16:17:53,875:INFO:Epoch 289: Train Loss: 277.0106, Train Node Loss: 0.5746, Train Reg Loss: 2.7644, Train MAPE: 12.2926, Train R: 0.9057, Train RRSE: 0.4309, Test Loss: 539.3816, Test Node Loss: 0.4634, Test Reg Loss: 5.3892, Test MAPE: 13.5712, Test R: 0.8973, Test RRSE: 0.6117
2025-02-10 16:18:09,785:INFO:Epoch 290: Train Loss: 227.7086, Train Node Loss: 0.5978, Train Reg Loss: 2.2711, Train MAPE: 12.3932, Train R: 0.9223, Train RRSE: 0.3905, Test Loss: 1087.1343, Test Node Loss: 0.3936, Test Reg Loss: 10.8674, Test MAPE: 14.5088, Test R: 0.8944, Test RRSE: 0.8686
2025-02-10 16:18:25,727:INFO:Epoch 291: Train Loss: 229.6908, Train Node Loss: 0.5832, Train Reg Loss: 2.2911, Train MAPE: 12.3502, Train R: 0.9199, Train RRSE: 0.3923, Test Loss: 605.6734, Test Node Loss: 0.4856, Test Reg Loss: 6.0519, Test MAPE: 14.0941, Test R: 0.8969, Test RRSE: 0.6482
2025-02-10 16:18:42,043:INFO:Epoch 292: Train Loss: 262.5126, Train Node Loss: 0.7063, Train Reg Loss: 2.6181, Train MAPE: 12.6110, Train R: 0.9120, Train RRSE: 0.4193, Test Loss: 1913.2687, Test Node Loss: 0.3108, Test Reg Loss: 19.1296, Test MAPE: 15.9336, Test R: 0.8932, Test RRSE: 1.1525
2025-02-10 16:18:58,336:INFO:Epoch 293: Train Loss: 236.9685, Train Node Loss: 0.5401, Train Reg Loss: 2.3643, Train MAPE: 12.1723, Train R: 0.9186, Train RRSE: 0.3985, Test Loss: 1043.2529, Test Node Loss: 0.3541, Test Reg Loss: 10.4290, Test MAPE: 14.0140, Test R: 0.8919, Test RRSE: 0.8509
2025-02-10 16:19:14,477:INFO:Epoch 294: Train Loss: 223.1411, Train Node Loss: 0.5746, Train Reg Loss: 2.2257, Train MAPE: 12.1738, Train R: 0.9232, Train RRSE: 0.3866, Test Loss: 441.1545, Test Node Loss: 0.5691, Test Reg Loss: 4.4059, Test MAPE: 13.6090, Test R: 0.8969, Test RRSE: 0.5531
2025-02-10 16:19:31,270:INFO:Epoch 295: Train Loss: 227.2097, Train Node Loss: 0.6132, Train Reg Loss: 2.2660, Train MAPE: 12.2690, Train R: 0.9230, Train RRSE: 0.3901, Test Loss: 448.2637, Test Node Loss: 0.5565, Test Reg Loss: 4.4771, Test MAPE: 13.6686, Test R: 0.8971, Test RRSE: 0.5575
2025-02-10 16:19:47,890:INFO:Epoch 296: Train Loss: 239.6759, Train Node Loss: 0.7860, Train Reg Loss: 2.3889, Train MAPE: 12.6546, Train R: 0.9228, Train RRSE: 0.4005, Test Loss: 2352.8105, Test Node Loss: 0.3328, Test Reg Loss: 23.5248, Test MAPE: 16.8139, Test R: 0.8916, Test RRSE: 1.2780
2025-02-10 16:20:04,746:INFO:Epoch 297: Train Loss: 225.1898, Train Node Loss: 0.5174, Train Reg Loss: 2.2467, Train MAPE: 12.1428, Train R: 0.9248, Train RRSE: 0.3884, Test Loss: 1432.7678, Test Node Loss: 0.3183, Test Reg Loss: 14.3245, Test MAPE: 15.0077, Test R: 0.8922, Test RRSE: 0.9973
2025-02-10 16:20:20,560:INFO:Epoch 298: Train Loss: 252.2785, Train Node Loss: 0.5662, Train Reg Loss: 2.5171, Train MAPE: 12.2667, Train R: 0.9118, Train RRSE: 0.4111, Test Loss: 388.2715, Test Node Loss: 0.5572, Test Reg Loss: 3.8771, Test MAPE: 13.8753, Test R: 0.8956, Test RRSE: 0.5188
2025-02-10 16:20:36,532:INFO:Epoch 299: Train Loss: 265.5565, Train Node Loss: 0.6184, Train Reg Loss: 2.6494, Train MAPE: 12.0426, Train R: 0.9071, Train RRSE: 0.4218, Test Loss: 1182.4184, Test Node Loss: 0.3818, Test Reg Loss: 11.8204, Test MAPE: 14.4020, Test R: 0.8920, Test RRSE: 0.9059
2025-02-10 16:20:52,937:INFO:Epoch 300: Train Loss: 273.5095, Train Node Loss: 0.6200, Train Reg Loss: 2.7289, Train MAPE: 12.2589, Train R: 0.9046, Train RRSE: 0.4281, Test Loss: 557.4809, Test Node Loss: 0.5358, Test Reg Loss: 5.5695, Test MAPE: 14.1717, Test R: 0.8972, Test RRSE: 0.6218
2025-02-10 16:20:52,937:INFO:Best performance at epoch 215 with Test MAPE: 0.9015
