2025-02-10 14:55:49,771:INFO:Learning rate: 0.001
2025-02-10 14:55:49,771:INFO:Weight decay: 0.001
2025-02-10 14:55:49,771:INFO:Batch size: 64
2025-02-10 14:55:49,772:INFO:Number of layers: 3
2025-02-10 14:55:49,772:INFO:Convolution type: SAGE
2025-02-10 14:55:49,772:INFO:Convolution neurons: 256
2025-02-10 15:00:13,051:INFO:Learning rate: 0.001
2025-02-10 15:00:13,056:INFO:Weight decay: 0.001
2025-02-10 15:00:13,056:INFO:Batch size: 64
2025-02-10 15:00:13,056:INFO:Number of layers: 3
2025-02-10 15:00:13,056:INFO:Convolution type: SAGE
2025-02-10 15:00:13,056:INFO:Convolution neurons: 256
2025-02-10 15:00:37,755:INFO:Epoch 1: Train Loss: 96757.5408, Train Node Loss: 0.1084, Train Reg Loss: 967.5743, Train MAPE: 98.2088, Train R: -0.0722, Train RRSE: 8.0610, Test Loss: 97312.3532, Test Node Loss: 0.0219, Test Reg Loss: 973.1233, Test MAPE: 97.3410, Test R: 0.8428, Test RRSE: 8.2198
2025-02-10 15:00:37,784:INFO:Checkpoint saved at best_0.001_0.001_256_SAGE_3_64_0.8428_epoch_1.pth
2025-02-10 15:01:03,044:INFO:Epoch 2: Train Loss: 87742.7640, Train Node Loss: 0.0468, Train Reg Loss: 877.4272, Train MAPE: 93.4009, Train R: 0.0055, Train RRSE: 7.6763, Test Loss: 90579.4971, Test Node Loss: 0.0933, Test Reg Loss: 905.7940, Test MAPE: 93.8150, Test R: 0.8466, Test RRSE: 7.9303
2025-02-10 15:01:03,070:INFO:Checkpoint saved at best_0.001_0.001_256_SAGE_3_64_0.8466_epoch_2.pth
2025-02-10 15:01:28,614:INFO:Epoch 3: Train Loss: 78232.1471, Train Node Loss: 0.6801, Train Reg Loss: 782.3147, Train MAPE: 88.0859, Train R: 0.1675, Train RRSE: 7.2483, Test Loss: 78451.9654, Test Node Loss: 1.6573, Test Reg Loss: 784.5031, Test MAPE: 87.1107, Test R: 0.8608, Test RRSE: 7.3803
2025-02-10 15:01:28,639:INFO:Checkpoint saved at best_0.001_0.001_256_SAGE_3_64_0.8608_epoch_3.pth
2025-02-10 15:01:54,117:INFO:Epoch 4: Train Loss: 66209.7832, Train Node Loss: 6.9824, Train Reg Loss: 662.0280, Train MAPE: 80.6899, Train R: 0.0269, Train RRSE: 6.6678, Test Loss: 55173.6717, Test Node Loss: 25.7246, Test Reg Loss: 551.4795, Test MAPE: 72.5533, Test R: 0.8508, Test RRSE: 6.1879
2025-02-10 15:02:19,750:INFO:Epoch 5: Train Loss: 48600.8522, Train Node Loss: 52.3426, Train Reg Loss: 485.4851, Train MAPE: 68.6211, Train R: 0.1179, Train RRSE: 5.7100, Test Loss: 22588.0532, Test Node Loss: 274.1810, Test Reg Loss: 223.1387, Test MAPE: 44.8649, Test R: 0.8232, Test RRSE: 3.9361
2025-02-10 15:02:45,313:INFO:Epoch 6: Train Loss: 24160.1856, Train Node Loss: 294.7745, Train Reg Loss: 238.6541, Train MAPE: 46.6842, Train R: 0.2024, Train RRSE: 4.0034, Test Loss: 4454.1088, Test Node Loss: 1767.3436, Test Reg Loss: 26.8677, Test MAPE: 16.2387, Test R: 0.8028, Test RRSE: 1.3658
2025-02-10 15:03:10,703:INFO:Epoch 7: Train Loss: 5513.3008, Train Node Loss: 1238.3415, Train Reg Loss: 42.7496, Train MAPE: 17.5746, Train R: -0.0357, Train RRSE: 1.6944, Test Loss: 89424.8095, Test Node Loss: 4790.0508, Test Reg Loss: 846.3476, Test MAPE: 93.7192, Test R: 0.8027, Test RRSE: 7.6657
2025-02-10 15:03:36,308:INFO:Epoch 8: Train Loss: 9291.0887, Train Node Loss: 1753.4844, Train Reg Loss: 75.3760, Train MAPE: 27.7498, Train R: 0.3828, Train RRSE: 2.2499, Test Loss: 16069.0022, Test Node Loss: 1883.8543, Test Reg Loss: 141.8515, Test MAPE: 38.1114, Test R: 0.8103, Test RRSE: 3.1383
2025-02-10 15:04:02,309:INFO:Epoch 9: Train Loss: 2449.0810, Train Node Loss: 906.0703, Train Reg Loss: 15.4301, Train MAPE: 11.2428, Train R: 0.2609, Train RRSE: 1.0180, Test Loss: 1782.7524, Test Node Loss: 682.6613, Test Reg Loss: 11.0009, Test MAPE: 9.6224, Test R: 0.8143, Test RRSE: 0.8740
2025-02-10 15:04:27,947:INFO:Epoch 10: Train Loss: 3593.4055, Train Node Loss: 482.2156, Train Reg Loss: 31.1119, Train MAPE: 13.2222, Train R: 0.4994, Train RRSE: 1.4455, Test Loss: 2628.9235, Test Node Loss: 449.0201, Test Reg Loss: 21.7990, Test MAPE: 11.3672, Test R: 0.8136, Test RRSE: 1.2303
2025-02-10 15:04:53,550:INFO:Epoch 11: Train Loss: 3456.9092, Train Node Loss: 407.2842, Train Reg Loss: 30.4962, Train MAPE: 13.1931, Train R: 0.5963, Train RRSE: 1.4311, Test Loss: 1732.9253, Test Node Loss: 490.1278, Test Reg Loss: 12.4280, Test MAPE: 9.6187, Test R: 0.8106, Test RRSE: 0.9289
2025-02-10 15:05:19,292:INFO:Epoch 12: Train Loss: 2107.1108, Train Node Loss: 481.8071, Train Reg Loss: 16.2530, Train MAPE: 9.5791, Train R: 0.3104, Train RRSE: 1.0448, Test Loss: 2139.3822, Test Node Loss: 631.3030, Test Reg Loss: 15.0808, Test MAPE: 12.5107, Test R: 0.8094, Test RRSE: 1.0233
2025-02-10 15:05:44,923:INFO:Epoch 13: Train Loss: 1893.2632, Train Node Loss: 581.7304, Train Reg Loss: 13.1153, Train MAPE: 10.9224, Train R: 0.5417, Train RRSE: 0.9385, Test Loss: 2970.1942, Test Node Loss: 673.6899, Test Reg Loss: 22.9650, Test MAPE: 15.2368, Test R: 0.8072, Test RRSE: 1.2627
2025-02-10 15:06:11,135:INFO:Epoch 14: Train Loss: 2026.9201, Train Node Loss: 578.5253, Train Reg Loss: 14.4839, Train MAPE: 11.9794, Train R: 0.6914, Train RRSE: 0.9863, Test Loss: 1950.6877, Test Node Loss: 550.6037, Test Reg Loss: 14.0008, Test MAPE: 12.1886, Test R: 0.8071, Test RRSE: 0.9859
2025-02-10 15:06:37,547:INFO:Epoch 15: Train Loss: 1630.3164, Train Node Loss: 463.4938, Train Reg Loss: 11.6682, Train MAPE: 10.0348, Train R: 0.5602, Train RRSE: 0.8852, Test Loss: 1429.6719, Test Node Loss: 397.8629, Test Reg Loss: 10.3181, Test MAPE: 9.6823, Test R: 0.8075, Test RRSE: 0.8464
2025-02-10 15:07:04,037:INFO:Epoch 16: Train Loss: 1603.2744, Train Node Loss: 361.8669, Train Reg Loss: 12.4141, Train MAPE: 9.1290, Train R: 0.6748, Train RRSE: 0.9131, Test Loss: 1515.6426, Test Node Loss: 351.9128, Test Reg Loss: 11.6373, Test MAPE: 9.6669, Test R: 0.8041, Test RRSE: 0.8989
2025-02-10 15:07:31,120:INFO:Epoch 17: Train Loss: 1524.3365, Train Node Loss: 349.4277, Train Reg Loss: 11.7491, Train MAPE: 9.0516, Train R: 0.7557, Train RRSE: 0.8883, Test Loss: 1382.3750, Test Node Loss: 375.3703, Test Reg Loss: 10.0700, Test MAPE: 9.7026, Test R: 0.8021, Test RRSE: 0.8362
2025-02-10 15:07:57,843:INFO:Epoch 18: Train Loss: 1462.9542, Train Node Loss: 384.7332, Train Reg Loss: 10.7822, Train MAPE: 9.6250, Train R: 0.6567, Train RRSE: 0.8509, Test Loss: 1388.4404, Test Node Loss: 411.7457, Test Reg Loss: 9.7669, Test MAPE: 10.3942, Test R: 0.7995, Test RRSE: 0.8235
2025-02-10 15:08:25,451:INFO:Epoch 19: Train Loss: 1423.9387, Train Node Loss: 398.3848, Train Reg Loss: 10.2555, Train MAPE: 10.0157, Train R: 0.7419, Train RRSE: 0.8299, Test Loss: 1330.0429, Test Node Loss: 388.6523, Test Reg Loss: 9.4139, Test MAPE: 10.2474, Test R: 0.7988, Test RRSE: 0.8085
2025-02-10 15:08:52,468:INFO:Epoch 20: Train Loss: 1345.4460, Train Node Loss: 371.1846, Train Reg Loss: 9.7426, Train MAPE: 9.7858, Train R: 0.7452, Train RRSE: 0.8089, Test Loss: 1279.3567, Test Node Loss: 344.3830, Test Reg Loss: 9.3497, Test MAPE: 9.8637, Test R: 0.7970, Test RRSE: 0.8057
2025-02-10 15:09:20,827:INFO:Epoch 21: Train Loss: 1330.6798, Train Node Loss: 332.7956, Train Reg Loss: 9.9788, Train MAPE: 9.4001, Train R: 0.7307, Train RRSE: 0.8186, Test Loss: 1285.6624, Test Node Loss: 319.3730, Test Reg Loss: 9.6629, Test MAPE: 9.7870, Test R: 0.7946, Test RRSE: 0.8191
2025-02-10 15:09:48,878:INFO:Epoch 22: Train Loss: 1327.4088, Train Node Loss: 320.8321, Train Reg Loss: 10.0658, Train MAPE: 9.3954, Train R: 0.7200, Train RRSE: 0.8222, Test Loss: 1232.4377, Test Node Loss: 323.5749, Test Reg Loss: 9.0886, Test MAPE: 9.8516, Test R: 0.7924, Test RRSE: 0.7944
2025-02-10 15:10:17,320:INFO:Epoch 23: Train Loss: 1272.2347, Train Node Loss: 328.1545, Train Reg Loss: 9.4408, Train MAPE: 9.6489, Train R: 0.7223, Train RRSE: 0.7963, Test Loss: 1199.6307, Test Node Loss: 333.8859, Test Reg Loss: 8.6574, Test MAPE: 10.1478, Test R: 0.7904, Test RRSE: 0.7753
2025-02-10 15:10:45,812:INFO:Epoch 24: Train Loss: 1266.3741, Train Node Loss: 332.7136, Train Reg Loss: 9.3366, Train MAPE: 9.9156, Train R: 0.7148, Train RRSE: 0.7918, Test Loss: 1177.1195, Test Node Loss: 324.5907, Test Reg Loss: 8.5253, Test MAPE: 10.1276, Test R: 0.7886, Test RRSE: 0.7694
2025-02-10 15:11:13,366:INFO:Epoch 25: Train Loss: 1215.6770, Train Node Loss: 319.7555, Train Reg Loss: 8.9592, Train MAPE: 9.8243, Train R: 0.7459, Train RRSE: 0.7757, Test Loss: 1175.8062, Test Node Loss: 301.1283, Test Reg Loss: 8.7468, Test MAPE: 9.9640, Test R: 0.7867, Test RRSE: 0.7793
2025-02-10 15:11:40,389:INFO:Epoch 26: Train Loss: 1235.1211, Train Node Loss: 298.3320, Train Reg Loss: 9.3679, Train MAPE: 9.6412, Train R: 0.7075, Train RRSE: 0.7932, Test Loss: 1174.4204, Test Node Loss: 290.1773, Test Reg Loss: 8.8424, Test MAPE: 9.9872, Test R: 0.7847, Test RRSE: 0.7835
2025-02-10 15:12:08,462:INFO:Epoch 27: Train Loss: 1160.7786, Train Node Loss: 299.1660, Train Reg Loss: 8.6161, Train MAPE: 9.8135, Train R: 0.7375, Train RRSE: 0.7607, Test Loss: 1120.0795, Test Node Loss: 301.7052, Test Reg Loss: 8.1837, Test MAPE: 10.0216, Test R: 0.7829, Test RRSE: 0.7538
2025-02-10 15:12:36,894:INFO:Epoch 28: Train Loss: 1151.6544, Train Node Loss: 307.4240, Train Reg Loss: 8.4423, Train MAPE: 10.0922, Train R: 0.7337, Train RRSE: 0.7530, Test Loss: 1098.7510, Test Node Loss: 300.4775, Test Reg Loss: 7.9827, Test MAPE: 10.1946, Test R: 0.7818, Test RRSE: 0.7445
2025-02-10 15:13:04,435:INFO:Epoch 29: Train Loss: 1126.5288, Train Node Loss: 302.6101, Train Reg Loss: 8.2392, Train MAPE: 10.1487, Train R: 0.7359, Train RRSE: 0.7439, Test Loss: 1102.6587, Test Node Loss: 283.2849, Test Reg Loss: 8.1937, Test MAPE: 10.0590, Test R: 0.7813, Test RRSE: 0.7543
2025-02-10 15:13:32,645:INFO:Epoch 30: Train Loss: 1127.4472, Train Node Loss: 281.4776, Train Reg Loss: 8.4597, Train MAPE: 9.9658, Train R: 0.7188, Train RRSE: 0.7537, Test Loss: 1149.0318, Test Node Loss: 264.7716, Test Reg Loss: 8.8426, Test MAPE: 10.0104, Test R: 0.7807, Test RRSE: 0.7836
2025-02-10 15:14:00,282:INFO:Epoch 31: Train Loss: 1106.0101, Train Node Loss: 280.0120, Train Reg Loss: 8.2600, Train MAPE: 10.0262, Train R: 0.7224, Train RRSE: 0.7448, Test Loss: 1065.8264, Test Node Loss: 277.5382, Test Reg Loss: 7.8829, Test MAPE: 10.2298, Test R: 0.7807, Test RRSE: 0.7398
2025-02-10 15:14:28,991:INFO:Epoch 32: Train Loss: 1056.9151, Train Node Loss: 288.0584, Train Reg Loss: 7.6886, Train MAPE: 10.3187, Train R: 0.7502, Train RRSE: 0.7186, Test Loss: 1042.9563, Test Node Loss: 275.7855, Test Reg Loss: 7.6717, Test MAPE: 10.2716, Test R: 0.7818, Test RRSE: 0.7298
2025-02-10 15:14:56,976:INFO:Epoch 33: Train Loss: 1072.3127, Train Node Loss: 284.8655, Train Reg Loss: 7.8745, Train MAPE: 10.3626, Train R: 0.7278, Train RRSE: 0.7272, Test Loss: 1058.4053, Test Node Loss: 262.8619, Test Reg Loss: 7.9554, Test MAPE: 10.2767, Test R: 0.7827, Test RRSE: 0.7432
2025-02-10 15:15:25,354:INFO:Epoch 34: Train Loss: 1032.3283, Train Node Loss: 264.0976, Train Reg Loss: 7.6823, Train MAPE: 10.1780, Train R: 0.7451, Train RRSE: 0.7183, Test Loss: 1141.4841, Test Node Loss: 243.1452, Test Reg Loss: 8.9834, Test MAPE: 10.3945, Test R: 0.7842, Test RRSE: 0.7898
2025-02-10 15:15:53,313:INFO:Epoch 35: Train Loss: 1028.0236, Train Node Loss: 257.3434, Train Reg Loss: 7.7068, Train MAPE: 10.1688, Train R: 0.7424, Train RRSE: 0.7194, Test Loss: 1043.3679, Test Node Loss: 253.3992, Test Reg Loss: 7.8997, Test MAPE: 10.3319, Test R: 0.7867, Test RRSE: 0.7406
2025-02-10 15:16:22,518:INFO:Epoch 36: Train Loss: 972.8879, Train Node Loss: 267.3929, Train Reg Loss: 7.0549, Train MAPE: 10.4598, Train R: 0.7646, Train RRSE: 0.6883, Test Loss: 985.9792, Test Node Loss: 258.0788, Test Reg Loss: 7.2790, Test MAPE: 10.4337, Test R: 0.7904, Test RRSE: 0.7109
2025-02-10 15:16:51,729:INFO:Epoch 37: Train Loss: 978.0810, Train Node Loss: 270.7541, Train Reg Loss: 7.0733, Train MAPE: 10.6510, Train R: 0.7614, Train RRSE: 0.6892, Test Loss: 1004.6536, Test Node Loss: 246.5968, Test Reg Loss: 7.5806, Test MAPE: 10.4084, Test R: 0.7933, Test RRSE: 0.7255
2025-02-10 15:17:20,839:INFO:Epoch 38: Train Loss: 956.9200, Train Node Loss: 255.2074, Train Reg Loss: 7.0171, Train MAPE: 10.4659, Train R: 0.7561, Train RRSE: 0.6865, Test Loss: 1070.2042, Test Node Loss: 231.1186, Test Reg Loss: 8.3909, Test MAPE: 10.5663, Test R: 0.7954, Test RRSE: 0.7633
2025-02-10 15:17:49,379:INFO:Epoch 39: Train Loss: 933.1643, Train Node Loss: 242.1643, Train Reg Loss: 6.9100, Train MAPE: 10.3739, Train R: 0.7705, Train RRSE: 0.6812, Test Loss: 1048.8241, Test Node Loss: 228.3088, Test Reg Loss: 8.2052, Test MAPE: 10.5687, Test R: 0.7977, Test RRSE: 0.7548
2025-02-10 15:18:17,829:INFO:Epoch 40: Train Loss: 928.2063, Train Node Loss: 248.0007, Train Reg Loss: 6.8021, Train MAPE: 10.5819, Train R: 0.7655, Train RRSE: 0.6759, Test Loss: 956.0866, Test Node Loss: 235.7597, Test Reg Loss: 7.2033, Test MAPE: 10.6034, Test R: 0.8019, Test RRSE: 0.7072
2025-02-10 15:18:47,122:INFO:Epoch 41: Train Loss: 871.9904, Train Node Loss: 246.3686, Train Reg Loss: 6.2562, Train MAPE: 10.6481, Train R: 0.7919, Train RRSE: 0.6482, Test Loss: 990.5091, Test Node Loss: 224.9744, Test Reg Loss: 7.6553, Test MAPE: 10.5720, Test R: 0.8055, Test RRSE: 0.7291
2025-02-10 15:19:15,840:INFO:Epoch 42: Train Loss: 861.0848, Train Node Loss: 237.9940, Train Reg Loss: 6.2309, Train MAPE: 10.6451, Train R: 0.7909, Train RRSE: 0.6469, Test Loss: 1014.3627, Test Node Loss: 217.4922, Test Reg Loss: 7.9687, Test MAPE: 10.7167, Test R: 0.8093, Test RRSE: 0.7438
2025-02-10 15:19:44,797:INFO:Epoch 43: Train Loss: 870.7949, Train Node Loss: 229.1200, Train Reg Loss: 6.4167, Train MAPE: 10.5887, Train R: 0.7851, Train RRSE: 0.6565, Test Loss: 994.3406, Test Node Loss: 215.2379, Test Reg Loss: 7.7910, Test MAPE: 10.5956, Test R: 0.8128, Test RRSE: 0.7355
2025-02-10 15:20:13,946:INFO:Epoch 44: Train Loss: 830.0675, Train Node Loss: 232.8334, Train Reg Loss: 5.9723, Train MAPE: 10.7212, Train R: 0.7982, Train RRSE: 0.6333, Test Loss: 897.4508, Test Node Loss: 222.1600, Test Reg Loss: 6.7529, Test MAPE: 10.7363, Test R: 0.8170, Test RRSE: 0.6847
2025-02-10 15:20:42,465:INFO:Epoch 45: Train Loss: 832.9198, Train Node Loss: 235.2834, Train Reg Loss: 5.9764, Train MAPE: 10.8597, Train R: 0.7999, Train RRSE: 0.6335, Test Loss: 976.5198, Test Node Loss: 208.9891, Test Reg Loss: 7.6753, Test MAPE: 10.8606, Test R: 0.8185, Test RRSE: 0.7300
2025-02-10 15:21:11,480:INFO:Epoch 46: Train Loss: 810.3694, Train Node Loss: 222.6750, Train Reg Loss: 5.8769, Train MAPE: 10.7733, Train R: 0.8001, Train RRSE: 0.6282, Test Loss: 985.9895, Test Node Loss: 201.5253, Test Reg Loss: 7.8446, Test MAPE: 10.9178, Test R: 0.8214, Test RRSE: 0.7380
2025-02-10 15:21:40,786:INFO:Epoch 47: Train Loss: 780.3247, Train Node Loss: 221.3288, Train Reg Loss: 5.5900, Train MAPE: 10.8420, Train R: 0.8120, Train RRSE: 0.6127, Test Loss: 890.0280, Test Node Loss: 205.5558, Test Reg Loss: 6.8447, Test MAPE: 10.5774, Test R: 0.8248, Test RRSE: 0.6894
2025-02-10 15:22:08,982:INFO:Epoch 48: Train Loss: 765.3130, Train Node Loss: 226.3841, Train Reg Loss: 5.3893, Train MAPE: 11.0568, Train R: 0.8205, Train RRSE: 0.6016, Test Loss: 926.2988, Test Node Loss: 197.0505, Test Reg Loss: 7.2925, Test MAPE: 10.9383, Test R: 0.8279, Test RRSE: 0.7116
2025-02-10 15:22:36,336:INFO:Epoch 49: Train Loss: 764.2787, Train Node Loss: 212.0232, Train Reg Loss: 5.5226, Train MAPE: 10.9491, Train R: 0.8127, Train RRSE: 0.6090, Test Loss: 1122.6354, Test Node Loss: 178.0572, Test Reg Loss: 9.4458, Test MAPE: 11.2958, Test R: 0.8290, Test RRSE: 0.8098
2025-02-10 15:23:03,569:INFO:Epoch 50: Train Loss: 748.3857, Train Node Loss: 204.2022, Train Reg Loss: 5.4418, Train MAPE: 10.8568, Train R: 0.8201, Train RRSE: 0.6045, Test Loss: 818.1058, Test Node Loss: 197.1771, Test Reg Loss: 6.2093, Test MAPE: 10.9307, Test R: 0.8330, Test RRSE: 0.6566
2025-02-10 15:23:30,454:INFO:Epoch 51: Train Loss: 755.2627, Train Node Loss: 219.6159, Train Reg Loss: 5.3565, Train MAPE: 11.1707, Train R: 0.8231, Train RRSE: 0.5998, Test Loss: 801.5816, Test Node Loss: 195.3525, Test Reg Loss: 6.0623, Test MAPE: 10.9901, Test R: 0.8362, Test RRSE: 0.6488
2025-02-10 15:23:57,161:INFO:Epoch 52: Train Loss: 711.7442, Train Node Loss: 206.8583, Train Reg Loss: 5.0489, Train MAPE: 11.0256, Train R: 0.8302, Train RRSE: 0.5823, Test Loss: 1116.5275, Test Node Loss: 166.8661, Test Reg Loss: 9.4966, Test MAPE: 11.5092, Test R: 0.8373, Test RRSE: 0.8120
2025-02-10 15:24:24,109:INFO:Epoch 53: Train Loss: 714.0800, Train Node Loss: 190.5182, Train Reg Loss: 5.2356, Train MAPE: 10.9590, Train R: 0.8331, Train RRSE: 0.5930, Test Loss: 885.6605, Test Node Loss: 178.6276, Test Reg Loss: 7.0703, Test MAPE: 11.2079, Test R: 0.8405, Test RRSE: 0.7006
2025-02-10 15:24:50,727:INFO:Epoch 54: Train Loss: 705.2439, Train Node Loss: 205.8092, Train Reg Loss: 4.9943, Train MAPE: 11.2306, Train R: 0.8306, Train RRSE: 0.5791, Test Loss: 716.9813, Test Node Loss: 192.2547, Test Reg Loss: 5.2473, Test MAPE: 11.1957, Test R: 0.8445, Test RRSE: 0.6036
2025-02-10 15:25:17,395:INFO:Epoch 55: Train Loss: 670.6233, Train Node Loss: 203.5168, Train Reg Loss: 4.6711, Train MAPE: 11.2821, Train R: 0.8449, Train RRSE: 0.5601, Test Loss: 950.8128, Test Node Loss: 166.3984, Test Reg Loss: 7.8441, Test MAPE: 11.4690, Test R: 0.8457, Test RRSE: 0.7380
2025-02-10 15:25:44,809:INFO:Epoch 56: Train Loss: 689.3427, Train Node Loss: 183.2137, Train Reg Loss: 5.0613, Train MAPE: 10.9769, Train R: 0.8368, Train RRSE: 0.5830, Test Loss: 868.5437, Test Node Loss: 166.5557, Test Reg Loss: 7.0199, Test MAPE: 11.3899, Test R: 0.8479, Test RRSE: 0.6981
2025-02-10 15:26:11,518:INFO:Epoch 57: Train Loss: 704.8976, Train Node Loss: 194.4436, Train Reg Loss: 5.1045, Train MAPE: 11.3512, Train R: 0.8218, Train RRSE: 0.5855, Test Loss: 641.5904, Test Node Loss: 190.7365, Test Reg Loss: 4.5085, Test MAPE: 11.3797, Test R: 0.8514, Test RRSE: 0.5595
2025-02-10 15:26:38,486:INFO:Epoch 58: Train Loss: 647.1311, Train Node Loss: 192.8378, Train Reg Loss: 4.5429, Train MAPE: 11.2665, Train R: 0.8495, Train RRSE: 0.5524, Test Loss: 889.7091, Test Node Loss: 158.8604, Test Reg Loss: 7.3085, Test MAPE: 11.4245, Test R: 0.8524, Test RRSE: 0.7123
2025-02-10 15:27:04,967:INFO:Epoch 59: Train Loss: 679.9006, Train Node Loss: 170.3109, Train Reg Loss: 5.0959, Train MAPE: 11.0234, Train R: 0.8386, Train RRSE: 0.5850, Test Loss: 849.2993, Test Node Loss: 156.9876, Test Reg Loss: 6.9231, Test MAPE: 11.3935, Test R: 0.8548, Test RRSE: 0.6933
2025-02-10 15:27:30,852:INFO:Epoch 60: Train Loss: 663.8533, Train Node Loss: 183.7542, Train Reg Loss: 4.8010, Train MAPE: 11.4423, Train R: 0.8338, Train RRSE: 0.5678, Test Loss: 606.8717, Test Node Loss: 187.1512, Test Reg Loss: 4.1972, Test MAPE: 11.5595, Test R: 0.8592, Test RRSE: 0.5398
2025-02-10 15:27:56,548:INFO:Epoch 61: Train Loss: 628.8135, Train Node Loss: 183.4642, Train Reg Loss: 4.4535, Train MAPE: 11.3196, Train R: 0.8581, Train RRSE: 0.5469, Test Loss: 849.9180, Test Node Loss: 149.0843, Test Reg Loss: 7.0083, Test MAPE: 11.4187, Test R: 0.8594, Test RRSE: 0.6976
2025-02-10 15:28:21,743:INFO:Epoch 62: Train Loss: 641.5750, Train Node Loss: 161.5216, Train Reg Loss: 4.8005, Train MAPE: 11.0691, Train R: 0.8479, Train RRSE: 0.5678, Test Loss: 817.4264, Test Node Loss: 147.8347, Test Reg Loss: 6.6959, Test MAPE: 11.4372, Test R: 0.8609, Test RRSE: 0.6818
2025-02-10 15:28:21,765:INFO:Checkpoint saved at best_0.001_0.001_256_SAGE_3_64_0.8609_epoch_62.pth
2025-02-10 15:28:46,729:INFO:Epoch 63: Train Loss: 609.7184, Train Node Loss: 170.2901, Train Reg Loss: 4.3943, Train MAPE: 11.3916, Train R: 0.8507, Train RRSE: 0.5432, Test Loss: 580.2520, Test Node Loss: 172.1626, Test Reg Loss: 4.0809, Test MAPE: 11.5523, Test R: 0.8641, Test RRSE: 0.5323
2025-02-10 15:28:46,761:INFO:Checkpoint saved at best_0.001_0.001_256_SAGE_3_64_0.8641_epoch_63.pth
2025-02-10 15:29:11,781:INFO:Epoch 64: Train Loss: 588.8438, Train Node Loss: 173.5998, Train Reg Loss: 4.1524, Train MAPE: 11.4967, Train R: 0.8649, Train RRSE: 0.5281, Test Loss: 701.4473, Test Node Loss: 149.2426, Test Reg Loss: 5.5220, Test MAPE: 11.4402, Test R: 0.8642, Test RRSE: 0.6192
2025-02-10 15:29:11,802:INFO:Checkpoint saved at best_0.001_0.001_256_SAGE_3_64_0.8642_epoch_64.pth
2025-02-10 15:29:36,736:INFO:Epoch 65: Train Loss: 612.5513, Train Node Loss: 158.8687, Train Reg Loss: 4.5368, Train MAPE: 11.1863, Train R: 0.8488, Train RRSE: 0.5520, Test Loss: 924.3625, Test Node Loss: 131.7912, Test Reg Loss: 7.9257, Test MAPE: 11.6489, Test R: 0.8641, Test RRSE: 0.7418
2025-02-10 15:30:01,603:INFO:Epoch 66: Train Loss: 591.3292, Train Node Loss: 152.7682, Train Reg Loss: 4.3856, Train MAPE: 11.2547, Train R: 0.8540, Train RRSE: 0.5427, Test Loss: 598.6469, Test Node Loss: 148.8377, Test Reg Loss: 4.4981, Test MAPE: 11.4163, Test R: 0.8667, Test RRSE: 0.5588
2025-02-10 15:30:01,636:INFO:Checkpoint saved at best_0.001_0.001_256_SAGE_3_64_0.8667_epoch_66.pth
2025-02-10 15:30:27,044:INFO:Epoch 67: Train Loss: 559.4938, Train Node Loss: 156.5300, Train Reg Loss: 4.0296, Train MAPE: 11.3471, Train R: 0.8693, Train RRSE: 0.5202, Test Loss: 571.7056, Test Node Loss: 147.8796, Test Reg Loss: 4.2383, Test MAPE: 11.4295, Test R: 0.8680, Test RRSE: 0.5425
2025-02-10 15:30:27,078:INFO:Checkpoint saved at best_0.001_0.001_256_SAGE_3_64_0.8680_epoch_67.pth
2025-02-10 15:30:51,957:INFO:Epoch 68: Train Loss: 564.1601, Train Node Loss: 151.4368, Train Reg Loss: 4.1272, Train MAPE: 11.3151, Train R: 0.8657, Train RRSE: 0.5265, Test Loss: 652.7110, Test Node Loss: 135.7891, Test Reg Loss: 5.1692, Test MAPE: 11.4387, Test R: 0.8678, Test RRSE: 0.5991
2025-02-10 15:31:17,429:INFO:Epoch 69: Train Loss: 539.5260, Train Node Loss: 146.6960, Train Reg Loss: 3.9283, Train MAPE: 11.4131, Train R: 0.8694, Train RRSE: 0.5136, Test Loss: 612.9460, Test Node Loss: 134.8841, Test Reg Loss: 4.7806, Test MAPE: 11.4138, Test R: 0.8690, Test RRSE: 0.5761
2025-02-10 15:31:17,459:INFO:Checkpoint saved at best_0.001_0.001_256_SAGE_3_64_0.8690_epoch_69.pth
2025-02-10 15:31:42,179:INFO:Epoch 70: Train Loss: 545.4628, Train Node Loss: 146.1054, Train Reg Loss: 3.9936, Train MAPE: 11.4417, Train R: 0.8682, Train RRSE: 0.5179, Test Loss: 618.4175, Test Node Loss: 131.6980, Test Reg Loss: 4.8672, Test MAPE: 11.5375, Test R: 0.8701, Test RRSE: 0.5813
2025-02-10 15:31:42,210:INFO:Checkpoint saved at best_0.001_0.001_256_SAGE_3_64_0.8701_epoch_70.pth
2025-02-10 15:32:06,845:INFO:Epoch 71: Train Loss: 548.0155, Train Node Loss: 142.3468, Train Reg Loss: 4.0567, Train MAPE: 11.5184, Train R: 0.8617, Train RRSE: 0.5220, Test Loss: 680.0334, Test Node Loss: 124.6000, Test Reg Loss: 5.5543, Test MAPE: 11.6029, Test R: 0.8711, Test RRSE: 0.6210
2025-02-10 15:32:06,887:INFO:Checkpoint saved at best_0.001_0.001_256_SAGE_3_64_0.8711_epoch_71.pth
2025-02-10 15:32:31,359:INFO:Epoch 72: Train Loss: 563.9268, Train Node Loss: 131.3418, Train Reg Loss: 4.3259, Train MAPE: 11.2693, Train R: 0.8605, Train RRSE: 0.5390, Test Loss: 751.3484, Test Node Loss: 116.5879, Test Reg Loss: 6.3476, Test MAPE: 11.6059, Test R: 0.8720, Test RRSE: 0.6639
2025-02-10 15:32:31,385:INFO:Checkpoint saved at best_0.001_0.001_256_SAGE_3_64_0.8720_epoch_72.pth
2025-02-10 15:32:55,939:INFO:Epoch 73: Train Loss: 511.6660, Train Node Loss: 134.6486, Train Reg Loss: 3.7702, Train MAPE: 11.4046, Train R: 0.8771, Train RRSE: 0.5032, Test Loss: 514.7075, Test Node Loss: 134.8051, Test Reg Loss: 3.7990, Test MAPE: 11.5961, Test R: 0.8744, Test RRSE: 0.5136
2025-02-10 15:32:55,967:INFO:Checkpoint saved at best_0.001_0.001_256_SAGE_3_64_0.8744_epoch_73.pth
2025-02-10 15:33:20,617:INFO:Epoch 74: Train Loss: 568.5346, Train Node Loss: 138.8200, Train Reg Loss: 4.2971, Train MAPE: 11.7014, Train R: 0.8542, Train RRSE: 0.5372, Test Loss: 642.4789, Test Node Loss: 116.8828, Test Reg Loss: 5.2560, Test MAPE: 11.6213, Test R: 0.8747, Test RRSE: 0.6041
2025-02-10 15:33:20,651:INFO:Checkpoint saved at best_0.001_0.001_256_SAGE_3_64_0.8747_epoch_74.pth
2025-02-10 15:33:45,618:INFO:Epoch 75: Train Loss: 495.5337, Train Node Loss: 125.0235, Train Reg Loss: 3.7051, Train MAPE: 11.4393, Train R: 0.8799, Train RRSE: 0.4988, Test Loss: 627.6783, Test Node Loss: 112.8150, Test Reg Loss: 5.1486, Test MAPE: 11.5660, Test R: 0.8761, Test RRSE: 0.5979
2025-02-10 15:33:45,652:INFO:Checkpoint saved at best_0.001_0.001_256_SAGE_3_64_0.8761_epoch_75.pth
2025-02-10 15:34:10,455:INFO:Epoch 76: Train Loss: 525.9582, Train Node Loss: 125.1407, Train Reg Loss: 4.0082, Train MAPE: 11.4778, Train R: 0.8651, Train RRSE: 0.5188, Test Loss: 492.5233, Test Node Loss: 122.8306, Test Reg Loss: 3.6969, Test MAPE: 11.7257, Test R: 0.8772, Test RRSE: 0.5066
2025-02-10 15:34:10,481:INFO:Checkpoint saved at best_0.001_0.001_256_SAGE_3_64_0.8772_epoch_76.pth
2025-02-10 15:34:35,505:INFO:Epoch 77: Train Loss: 504.8397, Train Node Loss: 120.4043, Train Reg Loss: 3.8444, Train MAPE: 11.3018, Train R: 0.8776, Train RRSE: 0.5081, Test Loss: 630.2975, Test Node Loss: 105.3302, Test Reg Loss: 5.2497, Test MAPE: 11.6704, Test R: 0.8770, Test RRSE: 0.6037
2025-02-10 15:35:00,388:INFO:Epoch 78: Train Loss: 494.0277, Train Node Loss: 113.3860, Train Reg Loss: 3.8064, Train MAPE: 11.4421, Train R: 0.8762, Train RRSE: 0.5056, Test Loss: 568.0270, Test Node Loss: 107.2264, Test Reg Loss: 4.6080, Test MAPE: 11.6984, Test R: 0.8783, Test RRSE: 0.5656
2025-02-10 15:35:00,419:INFO:Checkpoint saved at best_0.001_0.001_256_SAGE_3_64_0.8783_epoch_78.pth
2025-02-10 15:35:24,969:INFO:Epoch 79: Train Loss: 491.0752, Train Node Loss: 116.6404, Train Reg Loss: 3.7443, Train MAPE: 11.5160, Train R: 0.8761, Train RRSE: 0.5015, Test Loss: 544.1713, Test Node Loss: 108.9569, Test Reg Loss: 4.3521, Test MAPE: 11.7140, Test R: 0.8786, Test RRSE: 0.5497
2025-02-10 15:35:25,009:INFO:Checkpoint saved at best_0.001_0.001_256_SAGE_3_64_0.8786_epoch_79.pth
2025-02-10 15:35:49,967:INFO:Epoch 80: Train Loss: 524.1417, Train Node Loss: 111.5891, Train Reg Loss: 4.1255, Train MAPE: 11.5006, Train R: 0.8580, Train RRSE: 0.5264, Test Loss: 722.9215, Test Node Loss: 96.2595, Test Reg Loss: 6.2666, Test MAPE: 11.9519, Test R: 0.8786, Test RRSE: 0.6596
2025-02-10 15:35:50,000:INFO:Checkpoint saved at best_0.001_0.001_256_SAGE_3_64_0.8786_epoch_80.pth
2025-02-10 15:36:14,757:INFO:Epoch 81: Train Loss: 483.1424, Train Node Loss: 109.3380, Train Reg Loss: 3.7380, Train MAPE: 11.5844, Train R: 0.8736, Train RRSE: 0.5010, Test Loss: 527.9054, Test Node Loss: 104.0851, Test Reg Loss: 4.2382, Test MAPE: 11.7418, Test R: 0.8801, Test RRSE: 0.5425
2025-02-10 15:36:14,782:INFO:Checkpoint saved at best_0.001_0.001_256_SAGE_3_64_0.8801_epoch_81.pth
2025-02-10 15:36:39,367:INFO:Epoch 82: Train Loss: 493.0452, Train Node Loss: 108.8156, Train Reg Loss: 3.8423, Train MAPE: 11.5812, Train R: 0.8691, Train RRSE: 0.5080, Test Loss: 507.7127, Test Node Loss: 101.9000, Test Reg Loss: 4.0581, Test MAPE: 11.8089, Test R: 0.8816, Test RRSE: 0.5308
2025-02-10 15:36:39,387:INFO:Checkpoint saved at best_0.001_0.001_256_SAGE_3_64_0.8816_epoch_82.pth
2025-02-10 15:37:04,067:INFO:Epoch 83: Train Loss: 483.1784, Train Node Loss: 104.6263, Train Reg Loss: 3.7855, Train MAPE: 11.5672, Train R: 0.8711, Train RRSE: 0.5042, Test Loss: 648.3353, Test Node Loss: 90.1020, Test Reg Loss: 5.5823, Test MAPE: 11.9260, Test R: 0.8826, Test RRSE: 0.6226
2025-02-10 15:37:04,105:INFO:Checkpoint saved at best_0.001_0.001_256_SAGE_3_64_0.8826_epoch_83.pth
2025-02-10 15:37:28,658:INFO:Epoch 84: Train Loss: 463.7168, Train Node Loss: 100.2573, Train Reg Loss: 3.6346, Train MAPE: 11.5798, Train R: 0.8775, Train RRSE: 0.4941, Test Loss: 465.2542, Test Node Loss: 99.1490, Test Reg Loss: 3.6611, Test MAPE: 11.8376, Test R: 0.8844, Test RRSE: 0.5042
2025-02-10 15:37:28,693:INFO:Checkpoint saved at best_0.001_0.001_256_SAGE_3_64_0.8844_epoch_84.pth
2025-02-10 15:37:53,649:INFO:Epoch 85: Train Loss: 453.0249, Train Node Loss: 99.5287, Train Reg Loss: 3.5350, Train MAPE: 11.6379, Train R: 0.8818, Train RRSE: 0.4872, Test Loss: 517.3569, Test Node Loss: 92.4101, Test Reg Loss: 4.2495, Test MAPE: 11.7877, Test R: 0.8849, Test RRSE: 0.5432
2025-02-10 15:37:53,677:INFO:Checkpoint saved at best_0.001_0.001_256_SAGE_3_64_0.8849_epoch_85.pth
2025-02-10 15:38:18,912:INFO:Epoch 86: Train Loss: 462.4943, Train Node Loss: 97.9912, Train Reg Loss: 3.6450, Train MAPE: 11.6029, Train R: 0.8759, Train RRSE: 0.4948, Test Loss: 589.9851, Test Node Loss: 85.3811, Test Reg Loss: 5.0460, Test MAPE: 11.9018, Test R: 0.8862, Test RRSE: 0.5919
2025-02-10 15:38:18,935:INFO:Checkpoint saved at best_0.001_0.001_256_SAGE_3_64_0.8862_epoch_86.pth
2025-02-10 15:38:43,783:INFO:Epoch 87: Train Loss: 458.1121, Train Node Loss: 95.8324, Train Reg Loss: 3.6228, Train MAPE: 11.5941, Train R: 0.8788, Train RRSE: 0.4933, Test Loss: 512.3833, Test Node Loss: 90.1479, Test Reg Loss: 4.2224, Test MAPE: 11.8984, Test R: 0.8871, Test RRSE: 0.5414
2025-02-10 15:38:43,806:INFO:Checkpoint saved at best_0.001_0.001_256_SAGE_3_64_0.8871_epoch_87.pth
2025-02-10 15:39:09,087:INFO:Epoch 88: Train Loss: 445.2463, Train Node Loss: 92.7228, Train Reg Loss: 3.5252, Train MAPE: 11.6549, Train R: 0.8805, Train RRSE: 0.4866, Test Loss: 808.6958, Test Node Loss: 76.6619, Test Reg Loss: 7.3203, Test MAPE: 12.2862, Test R: 0.8868, Test RRSE: 0.7129
2025-02-10 15:39:34,360:INFO:Epoch 89: Train Loss: 444.1220, Train Node Loss: 88.1907, Train Reg Loss: 3.5593, Train MAPE: 11.5907, Train R: 0.8821, Train RRSE: 0.4889, Test Loss: 429.6642, Test Node Loss: 91.6270, Test Reg Loss: 3.3804, Test MAPE: 11.9636, Test R: 0.8891, Test RRSE: 0.4845
2025-02-10 15:39:34,388:INFO:Checkpoint saved at best_0.001_0.001_256_SAGE_3_64_0.8891_epoch_89.pth
2025-02-10 15:39:59,697:INFO:Epoch 90: Train Loss: 437.6620, Train Node Loss: 95.9662, Train Reg Loss: 3.4170, Train MAPE: 11.9004, Train R: 0.8889, Train RRSE: 0.4790, Test Loss: 455.3461, Test Node Loss: 84.5284, Test Reg Loss: 3.7082, Test MAPE: 11.8826, Test R: 0.8897, Test RRSE: 0.5074
2025-02-10 15:39:59,731:INFO:Checkpoint saved at best_0.001_0.001_256_SAGE_3_64_0.8897_epoch_90.pth
2025-02-10 15:40:25,022:INFO:Epoch 91: Train Loss: 437.6251, Train Node Loss: 83.5125, Train Reg Loss: 3.5411, Train MAPE: 11.5778, Train R: 0.8843, Train RRSE: 0.4877, Test Loss: 658.1559, Test Node Loss: 71.0519, Test Reg Loss: 5.8710, Test MAPE: 12.0890, Test R: 0.8895, Test RRSE: 0.6385
2025-02-10 15:40:49,899:INFO:Epoch 92: Train Loss: 469.0435, Train Node Loss: 87.5228, Train Reg Loss: 3.8152, Train MAPE: 11.9102, Train R: 0.8666, Train RRSE: 0.5062, Test Loss: 431.3180, Test Node Loss: 95.3020, Test Reg Loss: 3.3602, Test MAPE: 12.3599, Test R: 0.8910, Test RRSE: 0.4830
2025-02-10 15:40:49,922:INFO:Checkpoint saved at best_0.001_0.001_256_SAGE_3_64_0.8910_epoch_92.pth
2025-02-10 15:41:15,170:INFO:Epoch 93: Train Loss: 488.6339, Train Node Loss: 83.0924, Train Reg Loss: 4.0554, Train MAPE: 11.7869, Train R: 0.8572, Train RRSE: 0.5219, Test Loss: 672.9109, Test Node Loss: 68.2195, Test Reg Loss: 6.0469, Test MAPE: 12.1338, Test R: 0.8907, Test RRSE: 0.6480
2025-02-10 15:41:40,043:INFO:Epoch 94: Train Loss: 408.4353, Train Node Loss: 78.3982, Train Reg Loss: 3.3004, Train MAPE: 11.6054, Train R: 0.8930, Train RRSE: 0.4708, Test Loss: 553.0923, Test Node Loss: 98.3297, Test Reg Loss: 4.5476, Test MAPE: 13.0254, Test R: 0.8928, Test RRSE: 0.5619
2025-02-10 15:41:40,065:INFO:Checkpoint saved at best_0.001_0.001_256_SAGE_3_64_0.8928_epoch_94.pth
2025-02-10 15:42:05,259:INFO:Epoch 95: Train Loss: 441.7968, Train Node Loss: 84.0625, Train Reg Loss: 3.5773, Train MAPE: 11.8679, Train R: 0.8809, Train RRSE: 0.4901, Test Loss: 405.7625, Test Node Loss: 79.0425, Test Reg Loss: 3.2672, Test MAPE: 11.8173, Test R: 0.8922, Test RRSE: 0.4763
2025-02-10 15:42:30,475:INFO:Epoch 96: Train Loss: 421.4343, Train Node Loss: 78.0220, Train Reg Loss: 3.4341, Train MAPE: 11.7917, Train R: 0.8827, Train RRSE: 0.4802, Test Loss: 470.6769, Test Node Loss: 73.3277, Test Reg Loss: 3.9735, Test MAPE: 12.0859, Test R: 0.8925, Test RRSE: 0.5252
2025-02-10 15:42:55,685:INFO:Epoch 97: Train Loss: 454.0804, Train Node Loss: 73.0186, Train Reg Loss: 3.8106, Train MAPE: 11.6103, Train R: 0.8729, Train RRSE: 0.5059, Test Loss: 378.1381, Test Node Loss: 78.1541, Test Reg Loss: 2.9998, Test MAPE: 12.2208, Test R: 0.8939, Test RRSE: 0.4564
2025-02-10 15:42:55,727:INFO:Checkpoint saved at best_0.001_0.001_256_SAGE_3_64_0.8939_epoch_97.pth
2025-02-10 15:43:20,970:INFO:Epoch 98: Train Loss: 433.8711, Train Node Loss: 78.3320, Train Reg Loss: 3.5554, Train MAPE: 11.7492, Train R: 0.8823, Train RRSE: 0.4886, Test Loss: 406.5775, Test Node Loss: 83.1850, Test Reg Loss: 3.2339, Test MAPE: 12.3904, Test R: 0.8942, Test RRSE: 0.4739
2025-02-10 15:43:20,992:INFO:Checkpoint saved at best_0.001_0.001_256_SAGE_3_64_0.8942_epoch_98.pth
2025-02-10 15:43:45,844:INFO:Epoch 99: Train Loss: 450.1838, Train Node Loss: 71.7534, Train Reg Loss: 3.7843, Train MAPE: 11.7133, Train R: 0.8704, Train RRSE: 0.5041, Test Loss: 572.7738, Test Node Loss: 63.1144, Test Reg Loss: 5.0966, Test MAPE: 12.1525, Test R: 0.8935, Test RRSE: 0.5949
2025-02-10 15:44:11,037:INFO:Epoch 100: Train Loss: 391.5834, Train Node Loss: 71.9701, Train Reg Loss: 3.1961, Train MAPE: 11.8037, Train R: 0.8924, Train RRSE: 0.4633, Test Loss: 371.7053, Test Node Loss: 75.3289, Test Reg Loss: 2.9638, Test MAPE: 12.2262, Test R: 0.8945, Test RRSE: 0.4536
2025-02-10 15:44:11,085:INFO:Checkpoint saved at best_0.001_0.001_256_SAGE_3_64_0.8945_epoch_100.pth
2025-02-10 15:44:36,411:INFO:Epoch 101: Train Loss: 405.0457, Train Node Loss: 75.5681, Train Reg Loss: 3.2948, Train MAPE: 11.8882, Train R: 0.8916, Train RRSE: 0.4704, Test Loss: 700.7595, Test Node Loss: 58.8986, Test Reg Loss: 6.4186, Test MAPE: 12.3674, Test R: 0.8936, Test RRSE: 0.6676
2025-02-10 15:45:01,730:INFO:Epoch 102: Train Loss: 414.5779, Train Node Loss: 67.5609, Train Reg Loss: 3.4702, Train MAPE: 11.7589, Train R: 0.8823, Train RRSE: 0.4828, Test Loss: 637.0640, Test Node Loss: 57.4412, Test Reg Loss: 5.7962, Test MAPE: 12.3513, Test R: 0.8936, Test RRSE: 0.6344
2025-02-10 15:45:27,389:INFO:Epoch 103: Train Loss: 406.7195, Train Node Loss: 63.3552, Train Reg Loss: 3.4336, Train MAPE: 11.8497, Train R: 0.8863, Train RRSE: 0.4802, Test Loss: 373.2081, Test Node Loss: 70.1451, Test Reg Loss: 3.0306, Test MAPE: 12.3602, Test R: 0.8950, Test RRSE: 0.4587
2025-02-10 15:45:27,415:INFO:Checkpoint saved at best_0.001_0.001_256_SAGE_3_64_0.8950_epoch_103.pth
2025-02-10 15:45:53,071:INFO:Epoch 104: Train Loss: 386.5324, Train Node Loss: 68.8806, Train Reg Loss: 3.1765, Train MAPE: 11.9901, Train R: 0.8965, Train RRSE: 0.4619, Test Loss: 367.1796, Test Node Loss: 68.9703, Test Reg Loss: 2.9821, Test MAPE: 12.3216, Test R: 0.8963, Test RRSE: 0.4550
2025-02-10 15:45:53,097:INFO:Checkpoint saved at best_0.001_0.001_256_SAGE_3_64_0.8963_epoch_104.pth
2025-02-10 15:46:19,068:INFO:Epoch 105: Train Loss: 393.8270, Train Node Loss: 63.2983, Train Reg Loss: 3.3053, Train MAPE: 11.7470, Train R: 0.8875, Train RRSE: 0.4711, Test Loss: 599.8344, Test Node Loss: 53.1797, Test Reg Loss: 5.4665, Test MAPE: 12.0769, Test R: 0.8961, Test RRSE: 0.6161
2025-02-10 15:46:44,860:INFO:Epoch 106: Train Loss: 382.3307, Train Node Loss: 59.4153, Train Reg Loss: 3.2292, Train MAPE: 11.6985, Train R: 0.8956, Train RRSE: 0.4657, Test Loss: 359.5396, Test Node Loss: 63.7755, Test Reg Loss: 2.9576, Test MAPE: 12.2829, Test R: 0.8964, Test RRSE: 0.4532
2025-02-10 15:46:44,889:INFO:Checkpoint saved at best_0.001_0.001_256_SAGE_3_64_0.8964_epoch_106.pth
2025-02-10 15:47:10,877:INFO:Epoch 107: Train Loss: 388.7377, Train Node Loss: 66.5937, Train Reg Loss: 3.2214, Train MAPE: 12.1358, Train R: 0.8931, Train RRSE: 0.4651, Test Loss: 386.9534, Test Node Loss: 60.8020, Test Reg Loss: 3.2615, Test MAPE: 12.2847, Test R: 0.8969, Test RRSE: 0.4759
2025-02-10 15:47:10,897:INFO:Checkpoint saved at best_0.001_0.001_256_SAGE_3_64_0.8969_epoch_107.pth
2025-02-10 15:47:37,036:INFO:Epoch 108: Train Loss: 383.7260, Train Node Loss: 62.0791, Train Reg Loss: 3.2165, Train MAPE: 11.9636, Train R: 0.8883, Train RRSE: 0.4648, Test Loss: 766.1671, Test Node Loss: 47.3266, Test Reg Loss: 7.1884, Test MAPE: 12.5828, Test R: 0.8965, Test RRSE: 0.7065
2025-02-10 15:48:03,199:INFO:Epoch 109: Train Loss: 363.9210, Train Node Loss: 56.0440, Train Reg Loss: 3.0788, Train MAPE: 11.8368, Train R: 0.8975, Train RRSE: 0.4547, Test Loss: 361.8492, Test Node Loss: 61.1979, Test Reg Loss: 3.0065, Test MAPE: 12.5971, Test R: 0.8978, Test RRSE: 0.4569
2025-02-10 15:48:03,237:INFO:Checkpoint saved at best_0.001_0.001_256_SAGE_3_64_0.8978_epoch_109.pth
2025-02-10 15:48:30,206:INFO:Epoch 110: Train Loss: 350.1337, Train Node Loss: 57.8039, Train Reg Loss: 2.9233, Train MAPE: 11.9742, Train R: 0.9031, Train RRSE: 0.4431, Test Loss: 345.1319, Test Node Loss: 57.7073, Test Reg Loss: 2.8742, Test MAPE: 12.5138, Test R: 0.8981, Test RRSE: 0.4467
2025-02-10 15:48:30,231:INFO:Checkpoint saved at best_0.001_0.001_256_SAGE_3_64_0.8981_epoch_110.pth
2025-02-10 15:48:56,519:INFO:Epoch 111: Train Loss: 346.0276, Train Node Loss: 53.4916, Train Reg Loss: 2.9254, Train MAPE: 11.8327, Train R: 0.9029, Train RRSE: 0.4432, Test Loss: 378.0146, Test Node Loss: 50.6197, Test Reg Loss: 3.2739, Test MAPE: 12.2482, Test R: 0.8976, Test RRSE: 0.4768
2025-02-10 15:49:22,825:INFO:Epoch 112: Train Loss: 371.9082, Train Node Loss: 53.9811, Train Reg Loss: 3.1793, Train MAPE: 11.9802, Train R: 0.8897, Train RRSE: 0.4621, Test Loss: 344.8803, Test Node Loss: 56.1471, Test Reg Loss: 2.8873, Test MAPE: 12.3897, Test R: 0.8979, Test RRSE: 0.4477
2025-02-10 15:49:49,149:INFO:Epoch 113: Train Loss: 372.4983, Train Node Loss: 53.3998, Train Reg Loss: 3.1910, Train MAPE: 11.9363, Train R: 0.8906, Train RRSE: 0.4629, Test Loss: 579.7624, Test Node Loss: 45.8146, Test Reg Loss: 5.3395, Test MAPE: 12.5621, Test R: 0.8980, Test RRSE: 0.6089
2025-02-10 15:50:15,650:INFO:Epoch 114: Train Loss: 357.1407, Train Node Loss: 52.9010, Train Reg Loss: 3.0424, Train MAPE: 12.0656, Train R: 0.8941, Train RRSE: 0.4520, Test Loss: 477.1750, Test Node Loss: 47.7963, Test Reg Loss: 4.2938, Test MAPE: 12.3872, Test R: 0.8986, Test RRSE: 0.5460
2025-02-10 15:50:15,682:INFO:Checkpoint saved at best_0.001_0.001_256_SAGE_3_64_0.8986_epoch_114.pth
2025-02-10 15:50:41,137:INFO:Epoch 115: Train Loss: 387.5871, Train Node Loss: 50.4656, Train Reg Loss: 3.3712, Train MAPE: 11.9458, Train R: 0.8821, Train RRSE: 0.4758, Test Loss: 502.7406, Test Node Loss: 43.5220, Test Reg Loss: 4.5922, Test MAPE: 12.2284, Test R: 0.8992, Test RRSE: 0.5647
2025-02-10 15:50:41,163:INFO:Checkpoint saved at best_0.001_0.001_256_SAGE_3_64_0.8992_epoch_115.pth
2025-02-10 15:51:06,823:INFO:Epoch 116: Train Loss: 339.4544, Train Node Loss: 50.1125, Train Reg Loss: 2.8934, Train MAPE: 12.0932, Train R: 0.9007, Train RRSE: 0.4408, Test Loss: 326.5671, Test Node Loss: 49.6872, Test Reg Loss: 2.7688, Test MAPE: 12.4494, Test R: 0.9000, Test RRSE: 0.4385
2025-02-10 15:51:06,865:INFO:Checkpoint saved at best_0.001_0.001_256_SAGE_3_64_0.9000_epoch_116.pth
2025-02-10 15:51:32,086:INFO:Epoch 117: Train Loss: 352.8419, Train Node Loss: 49.0177, Train Reg Loss: 3.0382, Train MAPE: 12.0601, Train R: 0.8947, Train RRSE: 0.4517, Test Loss: 1193.1887, Test Node Loss: 33.0857, Test Reg Loss: 11.6010, Test MAPE: 13.6836, Test R: 0.8988, Test RRSE: 0.8975
2025-02-10 15:51:57,300:INFO:Epoch 118: Train Loss: 366.3138, Train Node Loss: 43.8258, Train Reg Loss: 3.2249, Train MAPE: 11.9470, Train R: 0.8959, Train RRSE: 0.4654, Test Loss: 365.0847, Test Node Loss: 46.6827, Test Reg Loss: 3.1840, Test MAPE: 12.5606, Test R: 0.8997, Test RRSE: 0.4702
2025-02-10 15:52:22,207:INFO:Epoch 119: Train Loss: 366.2119, Train Node Loss: 51.4127, Train Reg Loss: 3.1480, Train MAPE: 12.4289, Train R: 0.8969, Train RRSE: 0.4598, Test Loss: 526.5832, Test Node Loss: 41.7370, Test Reg Loss: 4.8485, Test MAPE: 12.4745, Test R: 0.9003, Test RRSE: 0.5802
2025-02-10 15:52:22,258:INFO:Checkpoint saved at best_0.001_0.001_256_SAGE_3_64_0.9003_epoch_119.pth
2025-02-10 15:52:47,151:INFO:Epoch 120: Train Loss: 365.5928, Train Node Loss: 43.4299, Train Reg Loss: 3.2216, Train MAPE: 12.0106, Train R: 0.8913, Train RRSE: 0.4651, Test Loss: 1012.2798, Test Node Loss: 34.1024, Test Reg Loss: 9.7818, Test MAPE: 13.3540, Test R: 0.8994, Test RRSE: 0.8241
2025-02-10 15:53:12,414:INFO:Epoch 121: Train Loss: 382.6312, Train Node Loss: 45.6695, Train Reg Loss: 3.3696, Train MAPE: 12.0649, Train R: 0.8815, Train RRSE: 0.4757, Test Loss: 487.1382, Test Node Loss: 55.8474, Test Reg Loss: 4.3129, Test MAPE: 13.5088, Test R: 0.9016, Test RRSE: 0.5472
2025-02-10 15:53:12,442:INFO:Checkpoint saved at best_0.001_0.001_256_SAGE_3_64_0.9016_epoch_121.pth
2025-02-10 15:53:37,658:INFO:Epoch 122: Train Loss: 348.9697, Train Node Loss: 45.1187, Train Reg Loss: 3.0385, Train MAPE: 11.9535, Train R: 0.8999, Train RRSE: 0.4517, Test Loss: 795.0208, Test Node Loss: 33.2569, Test Reg Loss: 7.6176, Test MAPE: 12.9985, Test R: 0.9014, Test RRSE: 0.7273
2025-02-10 15:54:02,418:INFO:Epoch 123: Train Loss: 335.2759, Train Node Loss: 37.6383, Train Reg Loss: 2.9764, Train MAPE: 11.9175, Train R: 0.9090, Train RRSE: 0.4471, Test Loss: 317.9722, Test Node Loss: 45.2754, Test Reg Loss: 2.7270, Test MAPE: 12.5021, Test R: 0.9020, Test RRSE: 0.4351
2025-02-10 15:54:02,447:INFO:Checkpoint saved at best_0.001_0.001_256_SAGE_3_64_0.9020_epoch_123.pth
2025-02-10 15:54:27,788:INFO:Epoch 124: Train Loss: 374.9985, Train Node Loss: 43.1027, Train Reg Loss: 3.3190, Train MAPE: 12.1234, Train R: 0.8870, Train RRSE: 0.4721, Test Loss: 313.6201, Test Node Loss: 43.0458, Test Reg Loss: 2.7057, Test MAPE: 12.5251, Test R: 0.9013, Test RRSE: 0.4334
2025-02-10 15:54:52,719:INFO:Epoch 125: Train Loss: 345.3453, Train Node Loss: 38.9924, Train Reg Loss: 3.0635, Train MAPE: 12.0116, Train R: 0.8943, Train RRSE: 0.4536, Test Loss: 548.0286, Test Node Loss: 33.6748, Test Reg Loss: 5.1435, Test MAPE: 12.5501, Test R: 0.9009, Test RRSE: 0.5976
2025-02-10 15:55:17,638:INFO:Epoch 126: Train Loss: 325.0283, Train Node Loss: 38.4252, Train Reg Loss: 2.8660, Train MAPE: 11.9649, Train R: 0.9017, Train RRSE: 0.4387, Test Loss: 370.2605, Test Node Loss: 44.1882, Test Reg Loss: 3.2607, Test MAPE: 12.9599, Test R: 0.9018, Test RRSE: 0.4758
2025-02-10 15:55:42,973:INFO:Epoch 127: Train Loss: 321.8253, Train Node Loss: 40.7857, Train Reg Loss: 2.8104, Train MAPE: 12.2461, Train R: 0.9062, Train RRSE: 0.4344, Test Loss: 743.9059, Test Node Loss: 30.2238, Test Reg Loss: 7.1368, Test MAPE: 12.9689, Test R: 0.9004, Test RRSE: 0.7039
2025-02-10 15:56:08,147:INFO:Epoch 128: Train Loss: 315.4359, Train Node Loss: 36.2364, Train Reg Loss: 2.7920, Train MAPE: 12.1048, Train R: 0.9054, Train RRSE: 0.4330, Test Loss: 482.9412, Test Node Loss: 32.5970, Test Reg Loss: 4.5034, Test MAPE: 12.6111, Test R: 0.9010, Test RRSE: 0.5592
2025-02-10 15:56:33,402:INFO:Epoch 129: Train Loss: 319.8056, Train Node Loss: 35.7420, Train Reg Loss: 2.8406, Train MAPE: 12.1211, Train R: 0.9017, Train RRSE: 0.4368, Test Loss: 305.2545, Test Node Loss: 37.3510, Test Reg Loss: 2.6790, Test MAPE: 12.7476, Test R: 0.9023, Test RRSE: 0.4313
2025-02-10 15:56:33,431:INFO:Checkpoint saved at best_0.001_0.001_256_SAGE_3_64_0.9023_epoch_129.pth
2025-02-10 15:56:58,359:INFO:Epoch 130: Train Loss: 329.9172, Train Node Loss: 36.2756, Train Reg Loss: 2.9364, Train MAPE: 12.2023, Train R: 0.8976, Train RRSE: 0.4441, Test Loss: 354.2328, Test Node Loss: 34.3382, Test Reg Loss: 3.1989, Test MAPE: 12.7095, Test R: 0.9021, Test RRSE: 0.4713
2025-02-10 15:57:23,222:INFO:Epoch 131: Train Loss: 305.9455, Train Node Loss: 35.0307, Train Reg Loss: 2.7091, Train MAPE: 12.1613, Train R: 0.9066, Train RRSE: 0.4265, Test Loss: 381.8851, Test Node Loss: 32.0310, Test Reg Loss: 3.4985, Test MAPE: 12.6894, Test R: 0.9024, Test RRSE: 0.4929
2025-02-10 15:57:23,261:INFO:Checkpoint saved at best_0.001_0.001_256_SAGE_3_64_0.9024_epoch_131.pth
2025-02-10 15:57:48,200:INFO:Epoch 132: Train Loss: 343.5422, Train Node Loss: 33.8753, Train Reg Loss: 3.0967, Train MAPE: 12.1494, Train R: 0.8919, Train RRSE: 0.4560, Test Loss: 516.0842, Test Node Loss: 27.6228, Test Reg Loss: 4.8846, Test MAPE: 12.7486, Test R: 0.9029, Test RRSE: 0.5824
2025-02-10 15:57:48,230:INFO:Checkpoint saved at best_0.001_0.001_256_SAGE_3_64_0.9029_epoch_132.pth
2025-02-10 15:58:13,159:INFO:Epoch 133: Train Loss: 307.0477, Train Node Loss: 30.3382, Train Reg Loss: 2.7671, Train MAPE: 12.2339, Train R: 0.9057, Train RRSE: 0.4311, Test Loss: 360.6333, Test Node Loss: 30.0454, Test Reg Loss: 3.3059, Test MAPE: 12.7595, Test R: 0.9028, Test RRSE: 0.4791
2025-02-10 15:58:38,416:INFO:Epoch 134: Train Loss: 313.3447, Train Node Loss: 31.9495, Train Reg Loss: 2.8140, Train MAPE: 12.2009, Train R: 0.9014, Train RRSE: 0.4347, Test Loss: 318.8895, Test Node Loss: 31.5814, Test Reg Loss: 2.8731, Test MAPE: 12.6621, Test R: 0.9029, Test RRSE: 0.4466
2025-02-10 15:59:03,333:INFO:Epoch 135: Train Loss: 321.7549, Train Node Loss: 31.9485, Train Reg Loss: 2.8981, Train MAPE: 12.3186, Train R: 0.8980, Train RRSE: 0.4412, Test Loss: 312.4544, Test Node Loss: 29.3012, Test Reg Loss: 2.8315, Test MAPE: 12.7594, Test R: 0.9032, Test RRSE: 0.4434
2025-02-10 15:59:03,365:INFO:Checkpoint saved at best_0.001_0.001_256_SAGE_3_64_0.9032_epoch_135.pth
2025-02-10 15:59:28,293:INFO:Epoch 136: Train Loss: 323.0661, Train Node Loss: 30.9863, Train Reg Loss: 2.9208, Train MAPE: 12.0789, Train R: 0.8992, Train RRSE: 0.4429, Test Loss: 531.1294, Test Node Loss: 25.4732, Test Reg Loss: 5.0566, Test MAPE: 12.8935, Test R: 0.9031, Test RRSE: 0.5925
2025-02-10 15:59:53,429:INFO:Epoch 137: Train Loss: 304.6709, Train Node Loss: 28.0018, Train Reg Loss: 2.7667, Train MAPE: 12.2394, Train R: 0.9074, Train RRSE: 0.4311, Test Loss: 391.9508, Test Node Loss: 26.6633, Test Reg Loss: 3.6529, Test MAPE: 12.9506, Test R: 0.9033, Test RRSE: 0.5036
2025-02-10 15:59:53,449:INFO:Checkpoint saved at best_0.001_0.001_256_SAGE_3_64_0.9033_epoch_137.pth
2025-02-10 16:00:18,285:INFO:Epoch 138: Train Loss: 326.7369, Train Node Loss: 29.0168, Train Reg Loss: 2.9772, Train MAPE: 12.0807, Train R: 0.8958, Train RRSE: 0.4471, Test Loss: 296.6178, Test Node Loss: 29.4149, Test Reg Loss: 2.6720, Test MAPE: 12.9637, Test R: 0.9036, Test RRSE: 0.4307
2025-02-10 16:00:18,312:INFO:Checkpoint saved at best_0.001_0.001_256_SAGE_3_64_0.9036_epoch_138.pth
2025-02-10 16:00:43,195:INFO:Epoch 139: Train Loss: 323.6614, Train Node Loss: 28.1986, Train Reg Loss: 2.9546, Train MAPE: 12.2523, Train R: 0.8957, Train RRSE: 0.4454, Test Loss: 372.0599, Test Node Loss: 26.2341, Test Reg Loss: 3.4583, Test MAPE: 12.6504, Test R: 0.9032, Test RRSE: 0.4900
2025-02-10 16:01:08,134:INFO:Epoch 140: Train Loss: 324.4637, Train Node Loss: 29.3651, Train Reg Loss: 2.9510, Train MAPE: 12.3511, Train R: 0.8981, Train RRSE: 0.4452, Test Loss: 441.9548, Test Node Loss: 26.1532, Test Reg Loss: 4.1580, Test MAPE: 12.8794, Test R: 0.9024, Test RRSE: 0.5373
2025-02-10 16:01:33,225:INFO:Epoch 141: Train Loss: 295.0038, Train Node Loss: 27.2021, Train Reg Loss: 2.6780, Train MAPE: 12.2277, Train R: 0.9075, Train RRSE: 0.4241, Test Loss: 1035.5532, Test Node Loss: 20.1204, Test Reg Loss: 10.1543, Test MAPE: 13.8142, Test R: 0.9006, Test RRSE: 0.8397
2025-02-10 16:01:58,146:INFO:Epoch 142: Train Loss: 301.2519, Train Node Loss: 25.7608, Train Reg Loss: 2.7549, Train MAPE: 12.2088, Train R: 0.9057, Train RRSE: 0.4301, Test Loss: 310.6289, Test Node Loss: 27.0459, Test Reg Loss: 2.8358, Test MAPE: 12.8353, Test R: 0.9028, Test RRSE: 0.4437
2025-02-10 16:02:23,417:INFO:Epoch 143: Train Loss: 304.6715, Train Node Loss: 28.1921, Train Reg Loss: 2.7648, Train MAPE: 12.3946, Train R: 0.9064, Train RRSE: 0.4309, Test Loss: 327.2899, Test Node Loss: 27.1523, Test Reg Loss: 3.0014, Test MAPE: 13.0392, Test R: 0.9028, Test RRSE: 0.4565
2025-02-10 16:02:48,587:INFO:Epoch 144: Train Loss: 298.7087, Train Node Loss: 26.3478, Train Reg Loss: 2.7236, Train MAPE: 12.2915, Train R: 0.9050, Train RRSE: 0.4277, Test Loss: 794.8661, Test Node Loss: 19.3095, Test Reg Loss: 7.7556, Test MAPE: 13.4314, Test R: 0.9016, Test RRSE: 0.7338
2025-02-10 16:03:13,801:INFO:Epoch 145: Train Loss: 293.9116, Train Node Loss: 22.4889, Train Reg Loss: 2.7142, Train MAPE: 12.1472, Train R: 0.9104, Train RRSE: 0.4269, Test Loss: 316.9859, Test Node Loss: 23.4438, Test Reg Loss: 2.9354, Test MAPE: 13.0385, Test R: 0.9036, Test RRSE: 0.4515
2025-02-10 16:03:38,725:INFO:Epoch 146: Train Loss: 269.5368, Train Node Loss: 24.2778, Train Reg Loss: 2.4526, Train MAPE: 12.3680, Train R: 0.9157, Train RRSE: 0.4058, Test Loss: 300.8575, Test Node Loss: 24.9714, Test Reg Loss: 2.7589, Test MAPE: 13.2251, Test R: 0.9042, Test RRSE: 0.4377
2025-02-10 16:03:38,753:INFO:Checkpoint saved at best_0.001_0.001_256_SAGE_3_64_0.9042_epoch_146.pth
2025-02-10 16:04:03,647:INFO:Epoch 147: Train Loss: 328.5624, Train Node Loss: 22.8409, Train Reg Loss: 3.0572, Train MAPE: 12.2046, Train R: 0.8923, Train RRSE: 0.4531, Test Loss: 511.0386, Test Node Loss: 18.7605, Test Reg Loss: 4.9228, Test MAPE: 13.1213, Test R: 0.9038, Test RRSE: 0.5846
2025-02-10 16:04:28,481:INFO:Epoch 148: Train Loss: 286.4684, Train Node Loss: 21.5536, Train Reg Loss: 2.6491, Train MAPE: 12.2474, Train R: 0.9083, Train RRSE: 0.4218, Test Loss: 409.1628, Test Node Loss: 20.2013, Test Reg Loss: 3.8896, Test MAPE: 12.9864, Test R: 0.9037, Test RRSE: 0.5197
2025-02-10 16:04:53,418:INFO:Epoch 149: Train Loss: 262.3135, Train Node Loss: 21.5488, Train Reg Loss: 2.4076, Train MAPE: 12.3630, Train R: 0.9161, Train RRSE: 0.4021, Test Loss: 366.0066, Test Node Loss: 19.3351, Test Reg Loss: 3.4667, Test MAPE: 12.9016, Test R: 0.9038, Test RRSE: 0.4906
2025-02-10 16:05:18,706:INFO:Epoch 150: Train Loss: 320.6870, Train Node Loss: 21.5132, Train Reg Loss: 2.9917, Train MAPE: 12.4147, Train R: 0.8948, Train RRSE: 0.4482, Test Loss: 339.2511, Test Node Loss: 18.7887, Test Reg Loss: 3.2046, Test MAPE: 12.7828, Test R: 0.9044, Test RRSE: 0.4717
2025-02-10 16:05:18,729:INFO:Checkpoint saved at best_0.001_0.001_256_SAGE_3_64_0.9044_epoch_150.pth
2025-02-10 16:05:43,522:INFO:Epoch 151: Train Loss: 262.8134, Train Node Loss: 19.0098, Train Reg Loss: 2.4380, Train MAPE: 12.1234, Train R: 0.9171, Train RRSE: 0.4046, Test Loss: 595.0896, Test Node Loss: 15.4060, Test Reg Loss: 5.7968, Test MAPE: 13.1255, Test R: 0.9036, Test RRSE: 0.6344
2025-02-10 16:06:08,360:INFO:Epoch 152: Train Loss: 297.9617, Train Node Loss: 18.5641, Train Reg Loss: 2.7940, Train MAPE: 12.2102, Train R: 0.9040, Train RRSE: 0.4332, Test Loss: 344.6128, Test Node Loss: 19.9294, Test Reg Loss: 3.2468, Test MAPE: 13.0462, Test R: 0.9039, Test RRSE: 0.4748
2025-02-10 16:06:33,671:INFO:Epoch 153: Train Loss: 274.6341, Train Node Loss: 20.7618, Train Reg Loss: 2.5387, Train MAPE: 12.3429, Train R: 0.9127, Train RRSE: 0.4129, Test Loss: 523.4786, Test Node Loss: 17.3854, Test Reg Loss: 5.0609, Test MAPE: 13.0535, Test R: 0.9032, Test RRSE: 0.5928
2025-02-10 16:06:58,846:INFO:Epoch 154: Train Loss: 249.7897, Train Node Loss: 19.0288, Train Reg Loss: 2.3076, Train MAPE: 12.2150, Train R: 0.9212, Train RRSE: 0.3937, Test Loss: 827.4314, Test Node Loss: 14.7316, Test Reg Loss: 8.1270, Test MAPE: 13.5969, Test R: 0.9032, Test RRSE: 0.7512
2025-02-10 16:07:24,098:INFO:Epoch 155: Train Loss: 279.0521, Train Node Loss: 18.1555, Train Reg Loss: 2.6090, Train MAPE: 12.2891, Train R: 0.9092, Train RRSE: 0.4186, Test Loss: 286.5910, Test Node Loss: 18.9222, Test Reg Loss: 2.6767, Test MAPE: 13.0582, Test R: 0.9048, Test RRSE: 0.4311
2025-02-10 16:07:24,125:INFO:Checkpoint saved at best_0.001_0.001_256_SAGE_3_64_0.9048_epoch_155.pth
2025-02-10 16:07:49,451:INFO:Epoch 156: Train Loss: 292.2152, Train Node Loss: 18.2492, Train Reg Loss: 2.7397, Train MAPE: 12.3094, Train R: 0.9039, Train RRSE: 0.4289, Test Loss: 992.6335, Test Node Loss: 13.9353, Test Reg Loss: 9.7870, Test MAPE: 14.0639, Test R: 0.9026, Test RRSE: 0.8243
2025-02-10 16:08:14,790:INFO:Epoch 157: Train Loss: 286.9632, Train Node Loss: 18.5216, Train Reg Loss: 2.6844, Train MAPE: 12.4419, Train R: 0.9055, Train RRSE: 0.4246, Test Loss: 706.9529, Test Node Loss: 14.7633, Test Reg Loss: 6.9219, Test MAPE: 13.5211, Test R: 0.9017, Test RRSE: 0.6932
2025-02-10 16:08:40,037:INFO:Epoch 158: Train Loss: 268.0292, Train Node Loss: 17.1542, Train Reg Loss: 2.5087, Train MAPE: 12.3572, Train R: 0.9133, Train RRSE: 0.4105, Test Loss: 387.1055, Test Node Loss: 15.2483, Test Reg Loss: 3.7186, Test MAPE: 13.0949, Test R: 0.9039, Test RRSE: 0.5081
2025-02-10 16:09:04,917:INFO:Epoch 159: Train Loss: 280.2157, Train Node Loss: 16.7207, Train Reg Loss: 2.6349, Train MAPE: 12.2677, Train R: 0.9078, Train RRSE: 0.4207, Test Loss: 292.2999, Test Node Loss: 16.9034, Test Reg Loss: 2.7540, Test MAPE: 13.1035, Test R: 0.9048, Test RRSE: 0.4373
2025-02-10 16:09:30,090:INFO:Epoch 160: Train Loss: 265.8000, Train Node Loss: 17.3179, Train Reg Loss: 2.4848, Train MAPE: 12.3114, Train R: 0.9142, Train RRSE: 0.4085, Test Loss: 547.9726, Test Node Loss: 14.9663, Test Reg Loss: 5.3301, Test MAPE: 13.2979, Test R: 0.9037, Test RRSE: 0.6083
2025-02-10 16:09:55,335:INFO:Epoch 161: Train Loss: 272.2301, Train Node Loss: 16.0095, Train Reg Loss: 2.5622, Train MAPE: 12.2206, Train R: 0.9118, Train RRSE: 0.4148, Test Loss: 737.3732, Test Node Loss: 13.1916, Test Reg Loss: 7.2418, Test MAPE: 13.2111, Test R: 0.9016, Test RRSE: 0.7091
2025-02-10 16:10:20,551:INFO:Epoch 162: Train Loss: 282.5500, Train Node Loss: 16.8826, Train Reg Loss: 2.6567, Train MAPE: 12.3985, Train R: 0.9081, Train RRSE: 0.4224, Test Loss: 308.5857, Test Node Loss: 17.4681, Test Reg Loss: 2.9112, Test MAPE: 13.2148, Test R: 0.9041, Test RRSE: 0.4496
2025-02-10 16:10:45,270:INFO:Epoch 163: Train Loss: 274.7963, Train Node Loss: 14.5210, Train Reg Loss: 2.6028, Train MAPE: 12.3468, Train R: 0.9089, Train RRSE: 0.4181, Test Loss: 869.7371, Test Node Loss: 9.7539, Test Reg Loss: 8.5998, Test MAPE: 13.5106, Test R: 0.9026, Test RRSE: 0.7727
2025-02-10 16:11:10,233:INFO:Epoch 164: Train Loss: 261.7725, Train Node Loss: 13.9254, Train Reg Loss: 2.4785, Train MAPE: 12.3828, Train R: 0.9147, Train RRSE: 0.4080, Test Loss: 335.2030, Test Node Loss: 15.5535, Test Reg Loss: 3.1965, Test MAPE: 13.1927, Test R: 0.9038, Test RRSE: 0.4711
2025-02-10 16:11:35,187:INFO:Epoch 165: Train Loss: 278.1257, Train Node Loss: 16.1072, Train Reg Loss: 2.6202, Train MAPE: 12.4305, Train R: 0.9089, Train RRSE: 0.4195, Test Loss: 749.2994, Test Node Loss: 12.5011, Test Reg Loss: 7.3680, Test MAPE: 13.3443, Test R: 0.8994, Test RRSE: 0.7152
2025-02-10 16:12:00,475:INFO:Epoch 166: Train Loss: 287.0250, Train Node Loss: 15.7718, Train Reg Loss: 2.7125, Train MAPE: 12.3064, Train R: 0.9058, Train RRSE: 0.4268, Test Loss: 411.5457, Test Node Loss: 13.3619, Test Reg Loss: 3.9818, Test MAPE: 13.1974, Test R: 0.9026, Test RRSE: 0.5258
2025-02-10 16:12:25,789:INFO:Epoch 167: Train Loss: 291.7886, Train Node Loss: 13.2389, Train Reg Loss: 2.7855, Train MAPE: 12.2313, Train R: 0.9036, Train RRSE: 0.4325, Test Loss: 622.4360, Test Node Loss: 10.5950, Test Reg Loss: 6.1184, Test MAPE: 13.4403, Test R: 0.9017, Test RRSE: 0.6518
2025-02-10 16:12:51,069:INFO:Epoch 168: Train Loss: 283.0175, Train Node Loss: 13.2147, Train Reg Loss: 2.6980, Train MAPE: 12.2548, Train R: 0.9057, Train RRSE: 0.4257, Test Loss: 351.3116, Test Node Loss: 14.2730, Test Reg Loss: 3.3704, Test MAPE: 13.1854, Test R: 0.9030, Test RRSE: 0.4837
2025-02-10 16:13:15,936:INFO:Epoch 169: Train Loss: 285.9467, Train Node Loss: 14.1360, Train Reg Loss: 2.7181, Train MAPE: 12.2965, Train R: 0.9050, Train RRSE: 0.4272, Test Loss: 1149.0228, Test Node Loss: 9.7654, Test Reg Loss: 11.3926, Test MAPE: 14.0596, Test R: 0.8984, Test RRSE: 0.8894
2025-02-10 16:13:40,514:INFO:Epoch 170: Train Loss: 241.4962, Train Node Loss: 13.0102, Train Reg Loss: 2.2849, Train MAPE: 12.3349, Train R: 0.9209, Train RRSE: 0.3917, Test Loss: 457.7827, Test Node Loss: 11.9877, Test Reg Loss: 4.4579, Test MAPE: 13.2443, Test R: 0.9029, Test RRSE: 0.5563
2025-02-10 16:14:05,468:INFO:Epoch 171: Train Loss: 273.2961, Train Node Loss: 13.4625, Train Reg Loss: 2.5983, Train MAPE: 12.5978, Train R: 0.9100, Train RRSE: 0.4177, Test Loss: 395.4759, Test Node Loss: 11.2290, Test Reg Loss: 3.8425, Test MAPE: 13.2822, Test R: 0.9033, Test RRSE: 0.5165
2025-02-10 16:14:30,318:INFO:Epoch 172: Train Loss: 288.7920, Train Node Loss: 11.3046, Train Reg Loss: 2.7749, Train MAPE: 12.2951, Train R: 0.9039, Train RRSE: 0.4317, Test Loss: 1372.0307, Test Node Loss: 7.5132, Test Reg Loss: 13.6452, Test MAPE: 14.7362, Test R: 0.9018, Test RRSE: 0.9733
2025-02-10 16:14:55,189:INFO:Epoch 173: Train Loss: 257.5065, Train Node Loss: 11.9516, Train Reg Loss: 2.4555, Train MAPE: 12.3705, Train R: 0.9144, Train RRSE: 0.4061, Test Loss: 328.2922, Test Node Loss: 13.5564, Test Reg Loss: 3.1474, Test MAPE: 13.2984, Test R: 0.9031, Test RRSE: 0.4675
2025-02-10 16:15:19,957:INFO:Epoch 174: Train Loss: 301.4495, Train Node Loss: 14.0868, Train Reg Loss: 2.8736, Train MAPE: 12.4272, Train R: 0.9056, Train RRSE: 0.4393, Test Loss: 908.6682, Test Node Loss: 9.7664, Test Reg Loss: 8.9890, Test MAPE: 13.6049, Test R: 0.8993, Test RRSE: 0.7900
2025-02-10 16:15:44,741:INFO:Epoch 175: Train Loss: 265.8639, Train Node Loss: 11.3866, Train Reg Loss: 2.5448, Train MAPE: 12.2081, Train R: 0.9137, Train RRSE: 0.4134, Test Loss: 977.3807, Test Node Loss: 8.1831, Test Reg Loss: 9.6920, Test MAPE: 13.9875, Test R: 0.9003, Test RRSE: 0.8203
2025-02-10 16:16:09,602:INFO:Epoch 176: Train Loss: 288.1551, Train Node Loss: 11.1572, Train Reg Loss: 2.7700, Train MAPE: 12.3132, Train R: 0.9025, Train RRSE: 0.4313, Test Loss: 404.8653, Test Node Loss: 13.2387, Test Reg Loss: 3.9163, Test MAPE: 13.9483, Test R: 0.9041, Test RRSE: 0.5215
2025-02-10 16:16:34,519:INFO:Epoch 177: Train Loss: 266.0850, Train Node Loss: 10.9330, Train Reg Loss: 2.5515, Train MAPE: 12.3788, Train R: 0.9111, Train RRSE: 0.4139, Test Loss: 326.2402, Test Node Loss: 9.6613, Test Reg Loss: 3.1658, Test MAPE: 13.1725, Test R: 0.9025, Test RRSE: 0.4688
2025-02-10 16:16:59,419:INFO:Epoch 178: Train Loss: 259.4731, Train Node Loss: 9.3874, Train Reg Loss: 2.5009, Train MAPE: 12.2166, Train R: 0.9154, Train RRSE: 0.4098, Test Loss: 474.1207, Test Node Loss: 8.5163, Test Reg Loss: 4.6560, Test MAPE: 13.3502, Test R: 0.9022, Test RRSE: 0.5686
2025-02-10 16:17:23,994:INFO:Epoch 179: Train Loss: 262.2004, Train Node Loss: 10.0570, Train Reg Loss: 2.5214, Train MAPE: 12.3883, Train R: 0.9117, Train RRSE: 0.4115, Test Loss: 309.1950, Test Node Loss: 11.7524, Test Reg Loss: 2.9744, Test MAPE: 13.4825, Test R: 0.9031, Test RRSE: 0.4544
2025-02-10 16:17:48,955:INFO:Epoch 180: Train Loss: 267.3858, Train Node Loss: 10.4532, Train Reg Loss: 2.5693, Train MAPE: 12.3540, Train R: 0.9101, Train RRSE: 0.4154, Test Loss: 1124.8631, Test Node Loss: 7.4863, Test Reg Loss: 11.1738, Test MAPE: 14.1333, Test R: 0.8976, Test RRSE: 0.8808
2025-02-10 16:18:13,893:INFO:Epoch 181: Train Loss: 273.8607, Train Node Loss: 9.8914, Train Reg Loss: 2.6397, Train MAPE: 12.2964, Train R: 0.9080, Train RRSE: 0.4210, Test Loss: 456.2242, Test Node Loss: 9.1483, Test Reg Loss: 4.4708, Test MAPE: 13.4338, Test R: 0.9022, Test RRSE: 0.5571
2025-02-10 16:18:38,428:INFO:Epoch 182: Train Loss: 243.4202, Train Node Loss: 10.0425, Train Reg Loss: 2.3338, Train MAPE: 12.4187, Train R: 0.9194, Train RRSE: 0.3959, Test Loss: 303.1569, Test Node Loss: 9.8302, Test Reg Loss: 2.9333, Test MAPE: 13.2061, Test R: 0.9024, Test RRSE: 0.4513
2025-02-10 16:19:03,002:INFO:Epoch 183: Train Loss: 247.4631, Train Node Loss: 10.1310, Train Reg Loss: 2.3733, Train MAPE: 12.4145, Train R: 0.9180, Train RRSE: 0.3992, Test Loss: 1395.4086, Test Node Loss: 6.4887, Test Reg Loss: 13.8892, Test MAPE: 14.6276, Test R: 0.8977, Test RRSE: 0.9820
2025-02-10 16:19:27,984:INFO:Epoch 184: Train Loss: 264.5508, Train Node Loss: 9.1133, Train Reg Loss: 2.5544, Train MAPE: 12.2407, Train R: 0.9141, Train RRSE: 0.4142, Test Loss: 1868.7111, Test Node Loss: 5.8213, Test Reg Loss: 18.6289, Test MAPE: 15.1705, Test R: 0.8928, Test RRSE: 1.1373
2025-02-10 16:19:52,607:INFO:Epoch 185: Train Loss: 268.8267, Train Node Loss: 10.2453, Train Reg Loss: 2.5858, Train MAPE: 12.3177, Train R: 0.9096, Train RRSE: 0.4167, Test Loss: 486.8176, Test Node Loss: 9.2519, Test Reg Loss: 4.7757, Test MAPE: 13.3698, Test R: 0.9013, Test RRSE: 0.5758
2025-02-10 16:20:17,151:INFO:Epoch 186: Train Loss: 259.0326, Train Node Loss: 10.1702, Train Reg Loss: 2.4886, Train MAPE: 12.5638, Train R: 0.9144, Train RRSE: 0.4088, Test Loss: 677.1282, Test Node Loss: 7.0525, Test Reg Loss: 6.7008, Test MAPE: 13.6389, Test R: 0.9034, Test RRSE: 0.6821
2025-02-10 16:20:41,614:INFO:Epoch 187: Train Loss: 244.4161, Train Node Loss: 7.8682, Train Reg Loss: 2.3655, Train MAPE: 12.3397, Train R: 0.9190, Train RRSE: 0.3986, Test Loss: 437.6251, Test Node Loss: 6.9866, Test Reg Loss: 4.3064, Test MAPE: 13.4133, Test R: 0.9038, Test RRSE: 0.5468
2025-02-10 16:21:06,560:INFO:Epoch 188: Train Loss: 262.8930, Train Node Loss: 7.9584, Train Reg Loss: 2.5493, Train MAPE: 12.2105, Train R: 0.9116, Train RRSE: 0.4138, Test Loss: 425.9857, Test Node Loss: 8.1797, Test Reg Loss: 4.1781, Test MAPE: 13.4052, Test R: 0.9029, Test RRSE: 0.5386
2025-02-10 16:21:31,440:INFO:Epoch 189: Train Loss: 285.2093, Train Node Loss: 9.7152, Train Reg Loss: 2.7549, Train MAPE: 12.6042, Train R: 0.9070, Train RRSE: 0.4301, Test Loss: 524.8184, Test Node Loss: 8.4294, Test Reg Loss: 5.1639, Test MAPE: 13.3368, Test R: 0.9009, Test RRSE: 0.5988
2025-02-10 16:21:56,006:INFO:Epoch 190: Train Loss: 262.6718, Train Node Loss: 8.5688, Train Reg Loss: 2.5410, Train MAPE: 12.3494, Train R: 0.9112, Train RRSE: 0.4131, Test Loss: 2087.1118, Test Node Loss: 4.3262, Test Reg Loss: 20.8279, Test MAPE: 15.6243, Test R: 0.8929, Test RRSE: 1.2025
2025-02-10 16:22:20,642:INFO:Epoch 191: Train Loss: 266.1754, Train Node Loss: 7.4764, Train Reg Loss: 2.5870, Train MAPE: 12.1626, Train R: 0.9123, Train RRSE: 0.4168, Test Loss: 311.0576, Test Node Loss: 8.5308, Test Reg Loss: 3.0253, Test MAPE: 13.7177, Test R: 0.9038, Test RRSE: 0.4583
2025-02-10 16:22:45,466:INFO:Epoch 192: Train Loss: 296.2634, Train Node Loss: 8.0332, Train Reg Loss: 2.8823, Train MAPE: 12.3236, Train R: 0.8995, Train RRSE: 0.4400, Test Loss: 301.1202, Test Node Loss: 7.5798, Test Reg Loss: 2.9354, Test MAPE: 13.3441, Test R: 0.9032, Test RRSE: 0.4515
2025-02-10 16:23:09,935:INFO:Epoch 193: Train Loss: 257.5234, Train Node Loss: 7.6584, Train Reg Loss: 2.4986, Train MAPE: 12.3755, Train R: 0.9125, Train RRSE: 0.4096, Test Loss: 1007.6568, Test Node Loss: 5.5546, Test Reg Loss: 10.0210, Test MAPE: 13.9441, Test R: 0.8991, Test RRSE: 0.8341
2025-02-10 16:23:34,502:INFO:Epoch 194: Train Loss: 274.7681, Train Node Loss: 7.2360, Train Reg Loss: 2.6753, Train MAPE: 12.0583, Train R: 0.9082, Train RRSE: 0.4239, Test Loss: 670.0783, Test Node Loss: 6.4754, Test Reg Loss: 6.6360, Test MAPE: 13.5990, Test R: 0.9008, Test RRSE: 0.6788
2025-02-10 16:23:59,067:INFO:Epoch 195: Train Loss: 290.0757, Train Node Loss: 8.3928, Train Reg Loss: 2.8168, Train MAPE: 12.5992, Train R: 0.9037, Train RRSE: 0.4349, Test Loss: 495.2641, Test Node Loss: 7.3334, Test Reg Loss: 4.8793, Test MAPE: 13.4603, Test R: 0.9024, Test RRSE: 0.5820
2025-02-10 16:24:23,971:INFO:Epoch 196: Train Loss: 255.3401, Train Node Loss: 7.1720, Train Reg Loss: 2.4817, Train MAPE: 12.3568, Train R: 0.9136, Train RRSE: 0.4082, Test Loss: 2262.8417, Test Node Loss: 3.6209, Test Reg Loss: 22.5922, Test MAPE: 15.9256, Test R: 0.8949, Test RRSE: 1.2524
2025-02-10 16:24:48,457:INFO:Epoch 197: Train Loss: 276.1976, Train Node Loss: 6.1979, Train Reg Loss: 2.7000, Train MAPE: 12.0820, Train R: 0.9129, Train RRSE: 0.4258, Test Loss: 471.0331, Test Node Loss: 6.6173, Test Reg Loss: 4.6442, Test MAPE: 13.2683, Test R: 0.9019, Test RRSE: 0.5678
2025-02-10 16:25:12,095:INFO:Epoch 198: Train Loss: 273.9493, Train Node Loss: 7.9582, Train Reg Loss: 2.6599, Train MAPE: 12.4990, Train R: 0.9109, Train RRSE: 0.4227, Test Loss: 303.0271, Test Node Loss: 8.4621, Test Reg Loss: 2.9456, Test MAPE: 13.5482, Test R: 0.9036, Test RRSE: 0.4522
2025-02-10 16:25:35,799:INFO:Epoch 199: Train Loss: 270.1486, Train Node Loss: 7.5174, Train Reg Loss: 2.6263, Train MAPE: 12.5054, Train R: 0.9110, Train RRSE: 0.4200, Test Loss: 1582.3792, Test Node Loss: 3.7297, Test Reg Loss: 15.7865, Test MAPE: 14.8842, Test R: 0.9002, Test RRSE: 1.0469
2025-02-10 16:25:59,595:INFO:Epoch 200: Train Loss: 250.5531, Train Node Loss: 5.4949, Train Reg Loss: 2.4506, Train MAPE: 12.2090, Train R: 0.9215, Train RRSE: 0.4057, Test Loss: 1445.4432, Test Node Loss: 4.0396, Test Reg Loss: 14.4140, Test MAPE: 14.7421, Test R: 0.8993, Test RRSE: 1.0004
2025-02-10 16:26:23,244:INFO:Epoch 201: Train Loss: 307.3584, Train Node Loss: 6.7406, Train Reg Loss: 3.0062, Train MAPE: 12.3843, Train R: 0.8934, Train RRSE: 0.4493, Test Loss: 369.1050, Test Node Loss: 7.6071, Test Reg Loss: 3.6150, Test MAPE: 13.3194, Test R: 0.9010, Test RRSE: 0.5010
2025-02-10 16:26:46,842:INFO:Epoch 202: Train Loss: 270.9801, Train Node Loss: 7.4526, Train Reg Loss: 2.6353, Train MAPE: 12.3755, Train R: 0.9089, Train RRSE: 0.4207, Test Loss: 947.2546, Test Node Loss: 5.3399, Test Reg Loss: 9.4191, Test MAPE: 13.5173, Test R: 0.8942, Test RRSE: 0.8087
2025-02-10 16:27:10,765:INFO:Epoch 203: Train Loss: 273.3604, Train Node Loss: 6.4182, Train Reg Loss: 2.6694, Train MAPE: 12.1190, Train R: 0.9076, Train RRSE: 0.4234, Test Loss: 578.6242, Test Node Loss: 5.7651, Test Reg Loss: 5.7286, Test MAPE: 13.3141, Test R: 0.8998, Test RRSE: 0.6307
2025-02-10 16:27:34,643:INFO:Epoch 204: Train Loss: 280.5442, Train Node Loss: 6.9182, Train Reg Loss: 2.7363, Train MAPE: 12.3812, Train R: 0.9045, Train RRSE: 0.4287, Test Loss: 513.3635, Test Node Loss: 5.8206, Test Reg Loss: 5.0754, Test MAPE: 13.4950, Test R: 0.9026, Test RRSE: 0.5936
2025-02-10 16:27:58,609:INFO:Epoch 205: Train Loss: 243.7282, Train Node Loss: 6.1909, Train Reg Loss: 2.3754, Train MAPE: 12.3220, Train R: 0.9173, Train RRSE: 0.3994, Test Loss: 1214.7612, Test Node Loss: 4.0104, Test Reg Loss: 12.1075, Test MAPE: 14.3520, Test R: 0.8997, Test RRSE: 0.9169
2025-02-10 16:28:22,551:INFO:Epoch 206: Train Loss: 266.6143, Train Node Loss: 5.6770, Train Reg Loss: 2.6094, Train MAPE: 12.4034, Train R: 0.9093, Train RRSE: 0.4186, Test Loss: 862.7364, Test Node Loss: 4.3365, Test Reg Loss: 8.5840, Test MAPE: 13.8596, Test R: 0.9001, Test RRSE: 0.7720
2025-02-10 16:28:46,478:INFO:Epoch 207: Train Loss: 247.3690, Train Node Loss: 5.8309, Train Reg Loss: 2.4154, Train MAPE: 12.2030, Train R: 0.9161, Train RRSE: 0.4028, Test Loss: 750.3263, Test Node Loss: 4.5481, Test Reg Loss: 7.4578, Test MAPE: 13.5134, Test R: 0.9004, Test RRSE: 0.7196
2025-02-10 16:29:10,277:INFO:Epoch 208: Train Loss: 243.6953, Train Node Loss: 5.7243, Train Reg Loss: 2.3797, Train MAPE: 12.3649, Train R: 0.9170, Train RRSE: 0.3998, Test Loss: 440.8899, Test Node Loss: 5.1809, Test Reg Loss: 4.3571, Test MAPE: 13.5947, Test R: 0.9024, Test RRSE: 0.5500
2025-02-10 16:29:34,067:INFO:Epoch 209: Train Loss: 238.1625, Train Node Loss: 5.5570, Train Reg Loss: 2.3261, Train MAPE: 12.5501, Train R: 0.9187, Train RRSE: 0.3952, Test Loss: 628.8440, Test Node Loss: 4.6362, Test Reg Loss: 6.2421, Test MAPE: 13.8590, Test R: 0.9019, Test RRSE: 0.6583
2025-02-10 16:29:57,870:INFO:Epoch 210: Train Loss: 231.6377, Train Node Loss: 5.5179, Train Reg Loss: 2.2612, Train MAPE: 12.4941, Train R: 0.9210, Train RRSE: 0.3897, Test Loss: 714.7655, Test Node Loss: 4.5440, Test Reg Loss: 7.1022, Test MAPE: 13.7572, Test R: 0.8984, Test RRSE: 0.7022
2025-02-10 16:30:21,587:INFO:Epoch 211: Train Loss: 266.1382, Train Node Loss: 4.9751, Train Reg Loss: 2.6116, Train MAPE: 12.2684, Train R: 0.9102, Train RRSE: 0.4188, Test Loss: 667.4481, Test Node Loss: 4.5312, Test Reg Loss: 6.6292, Test MAPE: 13.4108, Test R: 0.8992, Test RRSE: 0.6784
2025-02-10 16:30:45,396:INFO:Epoch 212: Train Loss: 234.8933, Train Node Loss: 5.3763, Train Reg Loss: 2.2952, Train MAPE: 12.2879, Train R: 0.9205, Train RRSE: 0.3926, Test Loss: 338.4130, Test Node Loss: 5.9402, Test Reg Loss: 3.3247, Test MAPE: 13.3656, Test R: 0.9021, Test RRSE: 0.4805
2025-02-10 16:31:09,682:INFO:Epoch 213: Train Loss: 223.0249, Train Node Loss: 5.8092, Train Reg Loss: 2.1722, Train MAPE: 12.4924, Train R: 0.9254, Train RRSE: 0.3819, Test Loss: 482.1010, Test Node Loss: 4.8528, Test Reg Loss: 4.7725, Test MAPE: 13.4776, Test R: 0.9026, Test RRSE: 0.5756
2025-02-10 16:31:33,922:INFO:Epoch 214: Train Loss: 226.0111, Train Node Loss: 5.1734, Train Reg Loss: 2.2084, Train MAPE: 12.4591, Train R: 0.9231, Train RRSE: 0.3851, Test Loss: 671.9513, Test Node Loss: 4.1225, Test Reg Loss: 6.6783, Test MAPE: 13.6357, Test R: 0.9009, Test RRSE: 0.6809
2025-02-10 16:31:58,684:INFO:Epoch 215: Train Loss: 241.7439, Train Node Loss: 4.9267, Train Reg Loss: 2.3682, Train MAPE: 12.2484, Train R: 0.9182, Train RRSE: 0.3988, Test Loss: 605.3752, Test Node Loss: 4.3289, Test Reg Loss: 6.0105, Test MAPE: 13.4546, Test R: 0.9007, Test RRSE: 0.6460
2025-02-10 16:32:23,498:INFO:Epoch 216: Train Loss: 245.6909, Train Node Loss: 5.0989, Train Reg Loss: 2.4059, Train MAPE: 12.3465, Train R: 0.9160, Train RRSE: 0.4020, Test Loss: 661.1228, Test Node Loss: 4.4232, Test Reg Loss: 6.5670, Test MAPE: 13.3131, Test R: 0.8983, Test RRSE: 0.6752
2025-02-10 16:32:48,414:INFO:Epoch 217: Train Loss: 250.7799, Train Node Loss: 5.3189, Train Reg Loss: 2.4546, Train MAPE: 12.2017, Train R: 0.9151, Train RRSE: 0.4060, Test Loss: 464.6039, Test Node Loss: 4.6101, Test Reg Loss: 4.5999, Test MAPE: 13.4372, Test R: 0.9015, Test RRSE: 0.5651
2025-02-10 16:33:12,954:INFO:Epoch 218: Train Loss: 224.5284, Train Node Loss: 5.0448, Train Reg Loss: 2.1948, Train MAPE: 12.3700, Train R: 0.9237, Train RRSE: 0.3839, Test Loss: 857.0796, Test Node Loss: 3.4767, Test Reg Loss: 8.5360, Test MAPE: 13.8444, Test R: 0.8989, Test RRSE: 0.7698
2025-02-10 16:33:37,953:INFO:Epoch 219: Train Loss: 248.2256, Train Node Loss: 4.7299, Train Reg Loss: 2.4350, Train MAPE: 12.5041, Train R: 0.9147, Train RRSE: 0.4044, Test Loss: 937.2016, Test Node Loss: 3.4833, Test Reg Loss: 9.3372, Test MAPE: 14.2488, Test R: 0.8991, Test RRSE: 0.8052
2025-02-10 16:34:02,438:INFO:Epoch 220: Train Loss: 260.9868, Train Node Loss: 4.9023, Train Reg Loss: 2.5608, Train MAPE: 12.3849, Train R: 0.9104, Train RRSE: 0.4147, Test Loss: 960.5881, Test Node Loss: 3.4279, Test Reg Loss: 9.5716, Test MAPE: 14.1344, Test R: 0.8994, Test RRSE: 0.8152
2025-02-10 16:34:27,131:INFO:Epoch 221: Train Loss: 277.3680, Train Node Loss: 4.0900, Train Reg Loss: 2.7328, Train MAPE: 12.3075, Train R: 0.9074, Train RRSE: 0.4284, Test Loss: 1653.2500, Test Node Loss: 2.5566, Test Reg Loss: 16.5069, Test MAPE: 14.9382, Test R: 0.8950, Test RRSE: 1.0706
2025-02-10 16:34:52,794:INFO:Epoch 222: Train Loss: 252.7855, Train Node Loss: 4.5233, Train Reg Loss: 2.4826, Train MAPE: 12.3487, Train R: 0.9133, Train RRSE: 0.4083, Test Loss: 325.3358, Test Node Loss: 5.5547, Test Reg Loss: 3.1978, Test MAPE: 13.2617, Test R: 0.8991, Test RRSE: 0.4712
2025-02-10 16:35:18,853:INFO:Epoch 223: Train Loss: 255.7714, Train Node Loss: 5.6639, Train Reg Loss: 2.5011, Train MAPE: 12.4917, Train R: 0.9189, Train RRSE: 0.4098, Test Loss: 852.8847, Test Node Loss: 3.8620, Test Reg Loss: 8.4902, Test MAPE: 13.4389, Test R: 0.8936, Test RRSE: 0.7678
2025-02-10 16:35:45,813:INFO:Epoch 224: Train Loss: 232.5931, Train Node Loss: 4.3032, Train Reg Loss: 2.2829, Train MAPE: 12.2468, Train R: 0.9224, Train RRSE: 0.3916, Test Loss: 1375.3611, Test Node Loss: 2.5428, Test Reg Loss: 13.7282, Test MAPE: 14.3254, Test R: 0.8924, Test RRSE: 0.9763
2025-02-10 16:36:12,760:INFO:Epoch 225: Train Loss: 238.1944, Train Node Loss: 3.8688, Train Reg Loss: 2.3433, Train MAPE: 12.1543, Train R: 0.9210, Train RRSE: 0.3967, Test Loss: 404.1422, Test Node Loss: 3.7484, Test Reg Loss: 4.0039, Test MAPE: 13.4578, Test R: 0.9010, Test RRSE: 0.5273
2025-02-10 16:36:38,702:INFO:Epoch 226: Train Loss: 234.1991, Train Node Loss: 4.2906, Train Reg Loss: 2.2991, Train MAPE: 12.5846, Train R: 0.9217, Train RRSE: 0.3929, Test Loss: 385.6004, Test Node Loss: 3.6517, Test Reg Loss: 3.8195, Test MAPE: 13.5718, Test R: 0.9017, Test RRSE: 0.5150
2025-02-10 16:37:04,949:INFO:Epoch 227: Train Loss: 240.6100, Train Node Loss: 3.7167, Train Reg Loss: 2.3689, Train MAPE: 12.3948, Train R: 0.9172, Train RRSE: 0.3989, Test Loss: 1497.3183, Test Node Loss: 2.2591, Test Reg Loss: 14.9506, Test MAPE: 14.9447, Test R: 0.8973, Test RRSE: 1.0188
2025-02-10 16:37:32,038:INFO:Epoch 228: Train Loss: 226.0387, Train Node Loss: 3.6157, Train Reg Loss: 2.2242, Train MAPE: 12.4371, Train R: 0.9232, Train RRSE: 0.3865, Test Loss: 1313.5126, Test Node Loss: 2.9249, Test Reg Loss: 13.1059, Test MAPE: 14.4034, Test R: 0.8930, Test RRSE: 0.9539
2025-02-10 16:37:58,613:INFO:Epoch 229: Train Loss: 226.3600, Train Node Loss: 4.4868, Train Reg Loss: 2.2187, Train MAPE: 12.4530, Train R: 0.9239, Train RRSE: 0.3860, Test Loss: 640.1617, Test Node Loss: 4.0104, Test Reg Loss: 6.3615, Test MAPE: 13.3138, Test R: 0.8945, Test RRSE: 0.6646
2025-02-10 16:38:25,673:INFO:Epoch 230: Train Loss: 232.6532, Train Node Loss: 4.5041, Train Reg Loss: 2.2815, Train MAPE: 12.3940, Train R: 0.9216, Train RRSE: 0.3914, Test Loss: 673.7530, Test Node Loss: 3.3867, Test Reg Loss: 6.7037, Test MAPE: 13.4907, Test R: 0.8985, Test RRSE: 0.6822
2025-02-10 16:38:53,300:INFO:Epoch 231: Train Loss: 260.5239, Train Node Loss: 3.6142, Train Reg Loss: 2.5691, Train MAPE: 12.1805, Train R: 0.9117, Train RRSE: 0.4154, Test Loss: 609.2211, Test Node Loss: 3.0029, Test Reg Loss: 6.0622, Test MAPE: 13.6969, Test R: 0.9015, Test RRSE: 0.6488
2025-02-10 16:39:20,370:INFO:Epoch 232: Train Loss: 269.1824, Train Node Loss: 3.2684, Train Reg Loss: 2.6591, Train MAPE: 12.1038, Train R: 0.9099, Train RRSE: 0.4226, Test Loss: 350.9701, Test Node Loss: 3.4498, Test Reg Loss: 3.4752, Test MAPE: 13.0633, Test R: 0.9025, Test RRSE: 0.4912
2025-02-10 16:39:47,657:INFO:Epoch 233: Train Loss: 278.8511, Train Node Loss: 3.9757, Train Reg Loss: 2.7488, Train MAPE: 12.5765, Train R: 0.9052, Train RRSE: 0.4297, Test Loss: 308.0503, Test Node Loss: 4.2471, Test Reg Loss: 3.0380, Test MAPE: 13.3464, Test R: 0.9041, Test RRSE: 0.4593
2025-02-10 16:40:15,917:INFO:Epoch 234: Train Loss: 240.1088, Train Node Loss: 3.9441, Train Reg Loss: 2.3616, Train MAPE: 12.4603, Train R: 0.9179, Train RRSE: 0.3982, Test Loss: 1097.0284, Test Node Loss: 2.4872, Test Reg Loss: 10.9454, Test MAPE: 13.8643, Test R: 0.8984, Test RRSE: 0.8718
2025-02-10 16:40:44,210:INFO:Epoch 235: Train Loss: 225.9182, Train Node Loss: 3.3417, Train Reg Loss: 2.2258, Train MAPE: 12.2446, Train R: 0.9255, Train RRSE: 0.3866, Test Loss: 898.9184, Test Node Loss: 2.5757, Test Reg Loss: 8.9634, Test MAPE: 13.8087, Test R: 0.8999, Test RRSE: 0.7889
2025-02-10 16:41:12,535:INFO:Epoch 236: Train Loss: 238.9529, Train Node Loss: 3.5244, Train Reg Loss: 2.3543, Train MAPE: 12.3712, Train R: 0.9177, Train RRSE: 0.3976, Test Loss: 714.0723, Test Node Loss: 2.7730, Test Reg Loss: 7.1130, Test MAPE: 13.5547, Test R: 0.9007, Test RRSE: 0.7028
2025-02-10 16:41:41,236:INFO:Epoch 237: Train Loss: 282.0922, Train Node Loss: 4.0911, Train Reg Loss: 2.7800, Train MAPE: 12.6978, Train R: 0.9069, Train RRSE: 0.4321, Test Loss: 963.7920, Test Node Loss: 2.6951, Test Reg Loss: 9.6110, Test MAPE: 13.7337, Test R: 0.8969, Test RRSE: 0.8169
2025-02-10 16:42:09,886:INFO:Epoch 238: Train Loss: 222.0495, Train Node Loss: 3.4397, Train Reg Loss: 2.1861, Train MAPE: 12.3673, Train R: 0.9240, Train RRSE: 0.3832, Test Loss: 2290.3389, Test Node Loss: 1.4520, Test Reg Loss: 22.8889, Test MAPE: 15.7184, Test R: 0.8908, Test RRSE: 1.2606
2025-02-10 16:42:38,287:INFO:Epoch 239: Train Loss: 296.3096, Train Node Loss: 2.6635, Train Reg Loss: 2.9365, Train MAPE: 12.0473, Train R: 0.9042, Train RRSE: 0.4441, Test Loss: 858.2857, Test Node Loss: 2.3081, Test Reg Loss: 8.5598, Test MAPE: 13.5841, Test R: 0.8973, Test RRSE: 0.7709
2025-02-10 16:43:06,452:INFO:Epoch 240: Train Loss: 262.6905, Train Node Loss: 3.4559, Train Reg Loss: 2.5923, Train MAPE: 12.5356, Train R: 0.9111, Train RRSE: 0.4172, Test Loss: 294.7655, Test Node Loss: 3.6541, Test Reg Loss: 2.9111, Test MAPE: 13.5342, Test R: 0.9042, Test RRSE: 0.4496
2025-02-10 16:43:34,818:INFO:Epoch 241: Train Loss: 231.0272, Train Node Loss: 3.2245, Train Reg Loss: 2.2780, Train MAPE: 12.5290, Train R: 0.9219, Train RRSE: 0.3911, Test Loss: 1106.7299, Test Node Loss: 1.7988, Test Reg Loss: 11.0493, Test MAPE: 14.3145, Test R: 0.9011, Test RRSE: 0.8759
2025-02-10 16:44:03,006:INFO:Epoch 242: Train Loss: 250.1918, Train Node Loss: 2.4389, Train Reg Loss: 2.4775, Train MAPE: 12.2722, Train R: 0.9182, Train RRSE: 0.4079, Test Loss: 1026.5020, Test Node Loss: 1.7123, Test Reg Loss: 10.2479, Test MAPE: 14.0411, Test R: 0.9013, Test RRSE: 0.8435
2025-02-10 16:44:30,862:INFO:Epoch 243: Train Loss: 260.0581, Train Node Loss: 2.5155, Train Reg Loss: 2.5754, Train MAPE: 12.0581, Train R: 0.9112, Train RRSE: 0.4159, Test Loss: 323.1209, Test Node Loss: 2.8256, Test Reg Loss: 3.2030, Test MAPE: 13.4931, Test R: 0.9043, Test RRSE: 0.4716
2025-02-10 16:44:58,921:INFO:Epoch 244: Train Loss: 259.5414, Train Node Loss: 3.2652, Train Reg Loss: 2.5628, Train MAPE: 12.5463, Train R: 0.9174, Train RRSE: 0.4149, Test Loss: 748.8968, Test Node Loss: 2.2665, Test Reg Loss: 7.4663, Test MAPE: 13.8548, Test R: 0.9013, Test RRSE: 0.7200
2025-02-10 16:45:27,120:INFO:Epoch 245: Train Loss: 242.2827, Train Node Loss: 2.5921, Train Reg Loss: 2.3969, Train MAPE: 12.4874, Train R: 0.9161, Train RRSE: 0.4012, Test Loss: 2391.4495, Test Node Loss: 0.9820, Test Reg Loss: 23.9047, Test MAPE: 16.4343, Test R: 0.8951, Test RRSE: 1.2883
2025-02-10 16:45:55,790:INFO:Epoch 246: Train Loss: 262.1718, Train Node Loss: 1.7968, Train Reg Loss: 2.6037, Train MAPE: 11.9936, Train R: 0.9136, Train RRSE: 0.4182, Test Loss: 608.9704, Test Node Loss: 1.6690, Test Reg Loss: 6.0730, Test MAPE: 13.6945, Test R: 0.9005, Test RRSE: 0.6494
2025-02-10 16:46:24,692:INFO:Epoch 247: Train Loss: 223.4648, Train Node Loss: 2.4147, Train Reg Loss: 2.2105, Train MAPE: 12.4943, Train R: 0.9233, Train RRSE: 0.3853, Test Loss: 450.0273, Test Node Loss: 2.7593, Test Reg Loss: 4.4727, Test MAPE: 13.5665, Test R: 0.9001, Test RRSE: 0.5573
2025-02-10 16:46:52,985:INFO:Epoch 248: Train Loss: 239.1701, Train Node Loss: 3.0822, Train Reg Loss: 2.3609, Train MAPE: 12.5603, Train R: 0.9205, Train RRSE: 0.3982, Test Loss: 866.8329, Test Node Loss: 2.2829, Test Reg Loss: 8.6455, Test MAPE: 13.6764, Test R: 0.8948, Test RRSE: 0.7748
2025-02-10 16:47:21,162:INFO:Epoch 249: Train Loss: 340.9544, Train Node Loss: 2.3752, Train Reg Loss: 3.3858, Train MAPE: 12.0594, Train R: 0.8829, Train RRSE: 0.4768, Test Loss: 1715.0480, Test Node Loss: 1.2910, Test Reg Loss: 17.1376, Test MAPE: 14.6781, Test R: 0.8916, Test RRSE: 1.0908
2025-02-10 16:47:49,072:INFO:Epoch 250: Train Loss: 254.3084, Train Node Loss: 2.3626, Train Reg Loss: 2.5195, Train MAPE: 12.3188, Train R: 0.9123, Train RRSE: 0.4113, Test Loss: 489.2205, Test Node Loss: 2.2673, Test Reg Loss: 4.8695, Test MAPE: 13.4198, Test R: 0.8998, Test RRSE: 0.5815
2025-02-10 16:48:17,497:INFO:Epoch 251: Train Loss: 275.7377, Train Node Loss: 2.6220, Train Reg Loss: 2.7312, Train MAPE: 12.4960, Train R: 0.9067, Train RRSE: 0.4283, Test Loss: 1178.2346, Test Node Loss: 1.4037, Test Reg Loss: 11.7683, Test MAPE: 14.0084, Test R: 0.8969, Test RRSE: 0.9039
2025-02-10 16:48:45,933:INFO:Epoch 252: Train Loss: 219.0306, Train Node Loss: 2.1742, Train Reg Loss: 2.1686, Train MAPE: 12.2822, Train R: 0.9249, Train RRSE: 0.3816, Test Loss: 1556.6981, Test Node Loss: 1.1689, Test Reg Loss: 15.5553, Test MAPE: 14.4595, Test R: 0.8943, Test RRSE: 1.0392
2025-02-10 16:49:13,705:INFO:Epoch 253: Train Loss: 218.7033, Train Node Loss: 1.9888, Train Reg Loss: 2.1671, Train MAPE: 12.2208, Train R: 0.9258, Train RRSE: 0.3815, Test Loss: 973.0712, Test Node Loss: 1.4551, Test Reg Loss: 9.7162, Test MAPE: 13.8898, Test R: 0.8990, Test RRSE: 0.8213
2025-02-10 16:49:42,063:INFO:Epoch 254: Train Loss: 217.0165, Train Node Loss: 2.1602, Train Reg Loss: 2.1486, Train MAPE: 12.4833, Train R: 0.9251, Train RRSE: 0.3799, Test Loss: 872.0549, Test Node Loss: 1.6648, Test Reg Loss: 8.7039, Test MAPE: 13.6857, Test R: 0.8986, Test RRSE: 0.7774
2025-02-10 16:50:09,820:INFO:Epoch 255: Train Loss: 206.9435, Train Node Loss: 2.2994, Train Reg Loss: 2.0464, Train MAPE: 12.6059, Train R: 0.9289, Train RRSE: 0.3707, Test Loss: 969.8522, Test Node Loss: 1.6074, Test Reg Loss: 9.6824, Test MAPE: 13.7841, Test R: 0.8970, Test RRSE: 0.8199
2025-02-10 16:50:36,483:INFO:Epoch 256: Train Loss: 230.1735, Train Node Loss: 2.2871, Train Reg Loss: 2.2789, Train MAPE: 12.3830, Train R: 0.9207, Train RRSE: 0.3912, Test Loss: 518.6970, Test Node Loss: 2.0062, Test Reg Loss: 5.1669, Test MAPE: 13.3467, Test R: 0.8992, Test RRSE: 0.5990
2025-02-10 16:51:01,421:INFO:Epoch 257: Train Loss: 216.4437, Train Node Loss: 2.1521, Train Reg Loss: 2.1429, Train MAPE: 12.3333, Train R: 0.9258, Train RRSE: 0.3794, Test Loss: 630.4583, Test Node Loss: 1.6958, Test Reg Loss: 6.2876, Test MAPE: 13.4457, Test R: 0.9003, Test RRSE: 0.6607
2025-02-10 16:51:27,317:INFO:Epoch 258: Train Loss: 219.3067, Train Node Loss: 1.9807, Train Reg Loss: 2.1733, Train MAPE: 12.2970, Train R: 0.9251, Train RRSE: 0.3820, Test Loss: 605.3084, Test Node Loss: 1.7218, Test Reg Loss: 6.0359, Test MAPE: 13.5576, Test R: 0.9013, Test RRSE: 0.6474
2025-02-10 16:51:52,904:INFO:Epoch 259: Train Loss: 203.1009, Train Node Loss: 2.1781, Train Reg Loss: 2.0092, Train MAPE: 12.5006, Train R: 0.9303, Train RRSE: 0.3673, Test Loss: 646.9842, Test Node Loss: 1.8062, Test Reg Loss: 6.4518, Test MAPE: 13.5413, Test R: 0.9002, Test RRSE: 0.6693
2025-02-10 16:52:18,727:INFO:Epoch 260: Train Loss: 220.7570, Train Node Loss: 2.3663, Train Reg Loss: 2.1839, Train MAPE: 12.5545, Train R: 0.9245, Train RRSE: 0.3830, Test Loss: 803.8916, Test Node Loss: 1.6586, Test Reg Loss: 8.0223, Test MAPE: 13.4939, Test R: 0.8976, Test RRSE: 0.7463
2025-02-10 16:52:44,474:INFO:Epoch 261: Train Loss: 238.0811, Train Node Loss: 2.1357, Train Reg Loss: 2.3595, Train MAPE: 12.2243, Train R: 0.9190, Train RRSE: 0.3981, Test Loss: 1081.6475, Test Node Loss: 1.3131, Test Reg Loss: 10.8033, Test MAPE: 13.7869, Test R: 0.8958, Test RRSE: 0.8661
2025-02-10 16:53:10,444:INFO:Epoch 262: Train Loss: 274.8121, Train Node Loss: 1.9492, Train Reg Loss: 2.7286, Train MAPE: 12.2557, Train R: 0.9042, Train RRSE: 0.4281, Test Loss: 392.4797, Test Node Loss: 1.7940, Test Reg Loss: 3.9069, Test MAPE: 13.8162, Test R: 0.9021, Test RRSE: 0.5208
2025-02-10 16:53:36,365:INFO:Epoch 263: Train Loss: 246.8830, Train Node Loss: 2.0472, Train Reg Loss: 2.4484, Train MAPE: 12.6548, Train R: 0.9152, Train RRSE: 0.4055, Test Loss: 394.5440, Test Node Loss: 1.9717, Test Reg Loss: 3.9257, Test MAPE: 13.5926, Test R: 0.9010, Test RRSE: 0.5221
2025-02-10 16:54:02,010:INFO:Epoch 264: Train Loss: 229.3712, Train Node Loss: 2.1945, Train Reg Loss: 2.2718, Train MAPE: 12.4969, Train R: 0.9215, Train RRSE: 0.3906, Test Loss: 1389.6730, Test Node Loss: 1.3017, Test Reg Loss: 13.8837, Test MAPE: 14.3080, Test R: 0.8932, Test RRSE: 0.9818
2025-02-10 16:54:27,096:INFO:Epoch 265: Train Loss: 273.5893, Train Node Loss: 2.1353, Train Reg Loss: 2.7145, Train MAPE: 12.3011, Train R: 0.9049, Train RRSE: 0.4270, Test Loss: 1002.2299, Test Node Loss: 1.5398, Test Reg Loss: 10.0069, Test MAPE: 13.5133, Test R: 0.8931, Test RRSE: 0.8335
2025-02-10 16:54:52,881:INFO:Epoch 266: Train Loss: 214.9522, Train Node Loss: 2.0755, Train Reg Loss: 2.1288, Train MAPE: 12.1107, Train R: 0.9286, Train RRSE: 0.3781, Test Loss: 488.1212, Test Node Loss: 1.8925, Test Reg Loss: 4.8623, Test MAPE: 13.0414, Test R: 0.8976, Test RRSE: 0.5810
2025-02-10 16:55:18,435:INFO:Epoch 267: Train Loss: 217.4208, Train Node Loss: 2.1299, Train Reg Loss: 2.1529, Train MAPE: 12.2556, Train R: 0.9262, Train RRSE: 0.3802, Test Loss: 304.9779, Test Node Loss: 2.2720, Test Reg Loss: 3.0271, Test MAPE: 13.7598, Test R: 0.9034, Test RRSE: 0.4584
2025-02-10 16:55:43,865:INFO:Epoch 268: Train Loss: 246.8088, Train Node Loss: 2.1707, Train Reg Loss: 2.4464, Train MAPE: 12.5818, Train R: 0.9156, Train RRSE: 0.4053, Test Loss: 1132.3834, Test Node Loss: 1.3765, Test Reg Loss: 11.3101, Test MAPE: 14.3205, Test R: 0.8993, Test RRSE: 0.8862
2025-02-10 16:56:09,405:INFO:Epoch 269: Train Loss: 226.8701, Train Node Loss: 1.9876, Train Reg Loss: 2.2488, Train MAPE: 12.4901, Train R: 0.9229, Train RRSE: 0.3886, Test Loss: 1905.0849, Test Node Loss: 1.0506, Test Reg Loss: 19.0403, Test MAPE: 15.2515, Test R: 0.8940, Test RRSE: 1.1498
2025-02-10 16:56:34,378:INFO:Epoch 270: Train Loss: 238.0384, Train Node Loss: 1.9486, Train Reg Loss: 2.3609, Train MAPE: 12.1274, Train R: 0.9207, Train RRSE: 0.3982, Test Loss: 702.7654, Test Node Loss: 1.6304, Test Reg Loss: 7.0113, Test MAPE: 13.2861, Test R: 0.8977, Test RRSE: 0.6977
2025-02-10 16:56:59,777:INFO:Epoch 271: Train Loss: 229.1683, Train Node Loss: 2.2576, Train Reg Loss: 2.2691, Train MAPE: 12.2980, Train R: 0.9229, Train RRSE: 0.3904, Test Loss: 339.4417, Test Node Loss: 2.1577, Test Reg Loss: 3.3728, Test MAPE: 13.2618, Test R: 0.9019, Test RRSE: 0.4839
2025-02-10 16:57:25,169:INFO:Epoch 272: Train Loss: 232.5113, Train Node Loss: 2.3765, Train Reg Loss: 2.3013, Train MAPE: 12.6347, Train R: 0.9219, Train RRSE: 0.3931, Test Loss: 1803.1125, Test Node Loss: 1.1815, Test Reg Loss: 18.0193, Test MAPE: 15.1253, Test R: 0.8922, Test RRSE: 1.1185
2025-02-10 16:57:50,419:INFO:Epoch 273: Train Loss: 221.4261, Train Node Loss: 2.1299, Train Reg Loss: 2.1930, Train MAPE: 12.2138, Train R: 0.9248, Train RRSE: 0.3838, Test Loss: 1603.2600, Test Node Loss: 1.1866, Test Reg Loss: 16.0207, Test MAPE: 14.7343, Test R: 0.8927, Test RRSE: 1.0547
2025-02-10 16:58:15,396:INFO:Epoch 274: Train Loss: 230.6351, Train Node Loss: 1.9891, Train Reg Loss: 2.2865, Train MAPE: 12.4117, Train R: 0.9209, Train RRSE: 0.3919, Test Loss: 334.5349, Test Node Loss: 2.0302, Test Reg Loss: 3.3250, Test MAPE: 13.6915, Test R: 0.9019, Test RRSE: 0.4805
2025-02-10 16:58:40,497:INFO:Epoch 275: Train Loss: 246.0123, Train Node Loss: 2.1665, Train Reg Loss: 2.4385, Train MAPE: 12.5902, Train R: 0.9162, Train RRSE: 0.4047, Test Loss: 322.5402, Test Node Loss: 2.1121, Test Reg Loss: 3.2043, Test MAPE: 13.6118, Test R: 0.9026, Test RRSE: 0.4717
2025-02-10 16:59:05,682:INFO:Epoch 276: Train Loss: 245.0388, Train Node Loss: 1.9680, Train Reg Loss: 2.4307, Train MAPE: 12.3509, Train R: 0.9149, Train RRSE: 0.4040, Test Loss: 1105.8149, Test Node Loss: 1.3657, Test Reg Loss: 11.0445, Test MAPE: 14.0152, Test R: 0.8969, Test RRSE: 0.8757
2025-02-10 16:59:31,040:INFO:Epoch 277: Train Loss: 224.2881, Train Node Loss: 1.8367, Train Reg Loss: 2.2245, Train MAPE: 12.0480, Train R: 0.9272, Train RRSE: 0.3865, Test Loss: 1110.6121, Test Node Loss: 1.3365, Test Reg Loss: 11.0928, Test MAPE: 14.1540, Test R: 0.8974, Test RRSE: 0.8776
2025-02-10 16:59:56,174:INFO:Epoch 278: Train Loss: 232.9406, Train Node Loss: 1.9388, Train Reg Loss: 2.3100, Train MAPE: 12.4407, Train R: 0.9192, Train RRSE: 0.3939, Test Loss: 631.6062, Test Node Loss: 1.5922, Test Reg Loss: 6.3001, Test MAPE: 13.6358, Test R: 0.9000, Test RRSE: 0.6614
2025-02-10 17:00:21,655:INFO:Epoch 279: Train Loss: 214.7516, Train Node Loss: 1.9913, Train Reg Loss: 2.1276, Train MAPE: 12.4598, Train R: 0.9262, Train RRSE: 0.3780, Test Loss: 1621.3302, Test Node Loss: 1.0567, Test Reg Loss: 16.2027, Test MAPE: 14.7316, Test R: 0.8934, Test RRSE: 1.0606
2025-02-10 17:00:47,717:INFO:Epoch 280: Train Loss: 251.4560, Train Node Loss: 1.8576, Train Reg Loss: 2.4960, Train MAPE: 12.1408, Train R: 0.9134, Train RRSE: 0.4094, Test Loss: 1232.3112, Test Node Loss: 1.1844, Test Reg Loss: 12.3113, Test MAPE: 14.3066, Test R: 0.8957, Test RRSE: 0.9245
2025-02-10 17:01:13,806:INFO:Epoch 281: Train Loss: 219.6383, Train Node Loss: 2.0040, Train Reg Loss: 2.1763, Train MAPE: 12.5324, Train R: 0.9247, Train RRSE: 0.3823, Test Loss: 801.4332, Test Node Loss: 1.4467, Test Reg Loss: 7.9999, Test MAPE: 13.8543, Test R: 0.9005, Test RRSE: 0.7453
2025-02-10 17:01:39,863:INFO:Epoch 282: Train Loss: 215.8019, Train Node Loss: 1.9995, Train Reg Loss: 2.1380, Train MAPE: 12.4235, Train R: 0.9261, Train RRSE: 0.3789, Test Loss: 1719.2320, Test Node Loss: 0.9735, Test Reg Loss: 17.1826, Test MAPE: 15.0973, Test R: 0.8968, Test RRSE: 1.0922
2025-02-10 17:02:07,395:INFO:Epoch 283: Train Loss: 231.4108, Train Node Loss: 1.6899, Train Reg Loss: 2.2972, Train MAPE: 12.2982, Train R: 0.9216, Train RRSE: 0.3928, Test Loss: 1640.7532, Test Node Loss: 0.9278, Test Reg Loss: 16.3983, Test MAPE: 14.9523, Test R: 0.8969, Test RRSE: 1.0670
2025-02-10 17:02:34,211:INFO:Epoch 284: Train Loss: 214.9419, Train Node Loss: 1.7257, Train Reg Loss: 2.1322, Train MAPE: 12.4330, Train R: 0.9259, Train RRSE: 0.3784, Test Loss: 702.6986, Test Node Loss: 1.3271, Test Reg Loss: 7.0137, Test MAPE: 13.8134, Test R: 0.8998, Test RRSE: 0.6978
2025-02-10 17:02:58,870:INFO:Epoch 285: Train Loss: 210.8483, Train Node Loss: 1.7899, Train Reg Loss: 2.0906, Train MAPE: 12.6976, Train R: 0.9279, Train RRSE: 0.3747, Test Loss: 1022.6108, Test Node Loss: 1.1728, Test Reg Loss: 10.2144, Test MAPE: 13.9926, Test R: 0.8961, Test RRSE: 0.8421
2025-02-10 17:03:23,049:INFO:Epoch 286: Train Loss: 218.1813, Train Node Loss: 1.6771, Train Reg Loss: 2.1650, Train MAPE: 12.2116, Train R: 0.9254, Train RRSE: 0.3813, Test Loss: 1182.7750, Test Node Loss: 1.2560, Test Reg Loss: 11.8152, Test MAPE: 14.0640, Test R: 0.8915, Test RRSE: 0.9057
2025-02-10 17:03:46,662:INFO:Epoch 287: Train Loss: 216.4253, Train Node Loss: 1.8169, Train Reg Loss: 2.1461, Train MAPE: 12.3213, Train R: 0.9261, Train RRSE: 0.3796, Test Loss: 527.0344, Test Node Loss: 1.9230, Test Reg Loss: 5.2511, Test MAPE: 13.8421, Test R: 0.8984, Test RRSE: 0.6038
2025-02-10 17:04:10,634:INFO:Epoch 288: Train Loss: 220.7215, Train Node Loss: 2.0036, Train Reg Loss: 2.1872, Train MAPE: 12.6178, Train R: 0.9237, Train RRSE: 0.3833, Test Loss: 452.1889, Test Node Loss: 1.9412, Test Reg Loss: 4.5025, Test MAPE: 13.7380, Test R: 0.9007, Test RRSE: 0.5591
2025-02-10 17:04:35,110:INFO:Epoch 289: Train Loss: 259.4585, Train Node Loss: 2.2120, Train Reg Loss: 2.5725, Train MAPE: 12.5552, Train R: 0.9127, Train RRSE: 0.4156, Test Loss: 453.5584, Test Node Loss: 1.8200, Test Reg Loss: 4.5174, Test MAPE: 13.3081, Test R: 0.9002, Test RRSE: 0.5600
2025-02-10 17:04:59,776:INFO:Epoch 290: Train Loss: 234.1906, Train Node Loss: 1.7937, Train Reg Loss: 2.3240, Train MAPE: 12.1622, Train R: 0.9202, Train RRSE: 0.3951, Test Loss: 1070.2090, Test Node Loss: 1.1381, Test Reg Loss: 10.6907, Test MAPE: 14.1091, Test R: 0.8981, Test RRSE: 0.8615
2025-02-10 17:05:23,672:INFO:Epoch 291: Train Loss: 230.8043, Train Node Loss: 1.5935, Train Reg Loss: 2.2921, Train MAPE: 12.2993, Train R: 0.9227, Train RRSE: 0.3923, Test Loss: 616.6278, Test Node Loss: 1.5010, Test Reg Loss: 6.1513, Test MAPE: 13.7424, Test R: 0.8998, Test RRSE: 0.6535
2025-02-10 17:05:47,222:INFO:Epoch 292: Train Loss: 257.9649, Train Node Loss: 1.8623, Train Reg Loss: 2.5610, Train MAPE: 12.3869, Train R: 0.9102, Train RRSE: 0.4147, Test Loss: 347.2711, Test Node Loss: 1.7526, Test Reg Loss: 3.4552, Test MAPE: 13.3599, Test R: 0.9031, Test RRSE: 0.4898
2025-02-10 17:06:11,073:INFO:Epoch 293: Train Loss: 214.2480, Train Node Loss: 1.7685, Train Reg Loss: 2.1248, Train MAPE: 12.4504, Train R: 0.9267, Train RRSE: 0.3778, Test Loss: 454.0771, Test Node Loss: 1.4452, Test Reg Loss: 4.5263, Test MAPE: 13.4304, Test R: 0.9040, Test RRSE: 0.5606
2025-02-10 17:06:34,793:INFO:Epoch 294: Train Loss: 201.9572, Train Node Loss: 1.7434, Train Reg Loss: 2.0021, Train MAPE: 12.4568, Train R: 0.9307, Train RRSE: 0.3667, Test Loss: 1121.7590, Test Node Loss: 1.2014, Test Reg Loss: 11.2056, Test MAPE: 14.3075, Test R: 0.9002, Test RRSE: 0.8821
2025-02-10 17:06:58,401:INFO:Epoch 295: Train Loss: 220.3492, Train Node Loss: 1.7506, Train Reg Loss: 2.1860, Train MAPE: 12.4171, Train R: 0.9242, Train RRSE: 0.3832, Test Loss: 852.3675, Test Node Loss: 1.2973, Test Reg Loss: 8.5107, Test MAPE: 13.9344, Test R: 0.9002, Test RRSE: 0.7687
2025-02-10 17:07:21,992:INFO:Epoch 296: Train Loss: 219.8066, Train Node Loss: 1.8815, Train Reg Loss: 2.1793, Train MAPE: 12.5022, Train R: 0.9244, Train RRSE: 0.3826, Test Loss: 905.7087, Test Node Loss: 1.2519, Test Reg Loss: 9.0446, Test MAPE: 13.7400, Test R: 0.8987, Test RRSE: 0.7924
2025-02-10 17:07:45,638:INFO:Epoch 297: Train Loss: 292.1197, Train Node Loss: 1.6831, Train Reg Loss: 2.9044, Train MAPE: 12.2588, Train R: 0.8986, Train RRSE: 0.4416, Test Loss: 1573.4561, Test Node Loss: 0.9539, Test Reg Loss: 15.7250, Test MAPE: 14.4950, Test R: 0.8922, Test RRSE: 1.0449
2025-02-10 17:08:09,232:INFO:Epoch 298: Train Loss: 203.7122, Train Node Loss: 1.7709, Train Reg Loss: 2.0194, Train MAPE: 12.1097, Train R: 0.9321, Train RRSE: 0.3683, Test Loss: 695.6480, Test Node Loss: 1.5043, Test Reg Loss: 6.9414, Test MAPE: 13.4168, Test R: 0.8981, Test RRSE: 0.6942
2025-02-10 17:08:32,722:INFO:Epoch 299: Train Loss: 231.7058, Train Node Loss: 2.0945, Train Reg Loss: 2.2961, Train MAPE: 12.7064, Train R: 0.9251, Train RRSE: 0.3927, Test Loss: 591.0983, Test Node Loss: 1.2821, Test Reg Loss: 5.8982, Test MAPE: 13.8455, Test R: 0.9020, Test RRSE: 0.6399
2025-02-10 17:08:55,907:INFO:Epoch 300: Train Loss: 213.1418, Train Node Loss: 1.5739, Train Reg Loss: 2.1157, Train MAPE: 12.6103, Train R: 0.9267, Train RRSE: 0.3769, Test Loss: 1632.0842, Test Node Loss: 0.7063, Test Reg Loss: 16.3138, Test MAPE: 15.1659, Test R: 0.8983, Test RRSE: 1.0643
2025-02-10 17:08:55,907:INFO:Best performance at epoch 155 with Test MAPE: 0.9048
