2025-02-10 14:55:51,767:INFO:Learning rate: 0.0008
2025-02-10 14:55:51,768:INFO:Weight decay: 0.001
2025-02-10 14:55:51,768:INFO:Batch size: 64
2025-02-10 14:55:51,768:INFO:Number of layers: 2
2025-02-10 14:55:51,768:INFO:Convolution type: SAGE
2025-02-10 14:55:51,769:INFO:Convolution neurons: 256
2025-02-10 15:00:42,154:INFO:Learning rate: 0.0008
2025-02-10 15:00:42,155:INFO:Weight decay: 0.001
2025-02-10 15:00:42,155:INFO:Batch size: 64
2025-02-10 15:00:42,155:INFO:Number of layers: 2
2025-02-10 15:00:42,155:INFO:Convolution type: SAGE
2025-02-10 15:00:42,155:INFO:Convolution neurons: 256
2025-02-10 15:01:03,073:INFO:Epoch 1: Train Loss: 44504.6942, Train Node Loss: 0.6284, Train Reg Loss: 445.0407, Train MAPE: 99.5514, Train R: -0.1174, Train RRSE: 3.4144, Test Loss: 46461.7229, Test Node Loss: 1.9919, Test Reg Loss: 464.5973, Test MAPE: 97.5548, Test R: -0.1222, Test RRSE: 3.0286
2025-02-10 15:01:23,437:INFO:Epoch 2: Train Loss: 40670.3336, Train Node Loss: 9.2452, Train Reg Loss: 406.6109, Train MAPE: 94.5273, Train R: 0.0434, Train RRSE: 3.2636, Test Loss: 40958.9731, Test Node Loss: 42.1316, Test Reg Loss: 409.1684, Test MAPE: 90.3393, Test R: 0.7050, Test RRSE: 2.8422
2025-02-10 15:01:23,459:INFO:Checkpoint saved at best_0.0008_0.001_256_SAGE_2_64_0.7050_epoch_2.pth
2025-02-10 15:01:43,766:INFO:Epoch 3: Train Loss: 33296.7934, Train Node Loss: 107.4511, Train Reg Loss: 331.8934, Train MAPE: 83.8385, Train R: 0.1040, Train RRSE: 2.9486, Test Loss: 26042.2274, Test Node Loss: 442.9055, Test Reg Loss: 255.9932, Test MAPE: 66.9306, Test R: 0.7297, Test RRSE: 2.2481
2025-02-10 15:01:43,787:INFO:Checkpoint saved at best_0.0008_0.001_256_SAGE_2_64_0.7297_epoch_3.pth
2025-02-10 15:02:04,363:INFO:Epoch 4: Train Loss: 17897.8475, Train Node Loss: 722.2271, Train Reg Loss: 171.7562, Train MAPE: 54.0045, Train R: 0.1121, Train RRSE: 2.1211, Test Loss: 7370.2417, Test Node Loss: 2867.1983, Test Reg Loss: 45.0304, Test MAPE: 17.0977, Test R: 0.7278, Test RRSE: 0.9429
2025-02-10 15:02:24,611:INFO:Epoch 5: Train Loss: 8837.2874, Train Node Loss: 3039.8661, Train Reg Loss: 57.9742, Train MAPE: 29.6801, Train R: -0.0026, Train RRSE: 1.2323, Test Loss: 23417.7594, Test Node Loss: 5715.4892, Test Reg Loss: 177.0227, Test MAPE: 70.7299, Test R: 0.7282, Test RRSE: 1.8695
2025-02-10 15:02:45,152:INFO:Epoch 6: Train Loss: 8572.6267, Train Node Loss: 3194.4392, Train Reg Loss: 53.7819, Train MAPE: 34.8904, Train R: 0.3414, Train RRSE: 1.1869, Test Loss: 6789.0817, Test Node Loss: 2440.0244, Test Reg Loss: 43.4906, Test MAPE: 23.3991, Test R: 0.7346, Test RRSE: 0.9266
2025-02-10 15:02:45,207:INFO:Checkpoint saved at best_0.0008_0.001_256_SAGE_2_64_0.7346_epoch_6.pth
2025-02-10 15:03:05,266:INFO:Epoch 7: Train Loss: 5772.8751, Train Node Loss: 1542.6318, Train Reg Loss: 42.3024, Train MAPE: 16.9158, Train R: 0.2256, Train RRSE: 1.0527, Test Loss: 7880.4414, Test Node Loss: 1160.7953, Test Reg Loss: 67.1965, Test MAPE: 18.6846, Test R: 0.7400, Test RRSE: 1.1518
2025-02-10 15:03:05,289:INFO:Checkpoint saved at best_0.0008_0.001_256_SAGE_2_64_0.7400_epoch_7.pth
2025-02-10 15:03:25,889:INFO:Epoch 8: Train Loss: 6607.1379, Train Node Loss: 990.1202, Train Reg Loss: 56.1702, Train MAPE: 19.5798, Train R: 0.7478, Train RRSE: 1.2130, Test Loss: 7265.8283, Test Node Loss: 1052.4941, Test Reg Loss: 62.1333, Test MAPE: 17.2200, Test R: 0.7426, Test RRSE: 1.1076
2025-02-10 15:03:25,916:INFO:Checkpoint saved at best_0.0008_0.001_256_SAGE_2_64_0.7426_epoch_8.pth
2025-02-10 15:03:46,263:INFO:Epoch 9: Train Loss: 5383.5814, Train Node Loss: 1080.5990, Train Reg Loss: 43.0298, Train MAPE: 15.9344, Train R: 0.3563, Train RRSE: 1.0617, Test Loss: 5670.2174, Test Node Loss: 1379.9030, Test Reg Loss: 42.9031, Test MAPE: 18.5205, Test R: 0.7441, Test RRSE: 0.9203
2025-02-10 15:03:46,291:INFO:Checkpoint saved at best_0.0008_0.001_256_SAGE_2_64_0.7441_epoch_9.pth
2025-02-10 15:04:06,372:INFO:Epoch 10: Train Loss: 4526.4178, Train Node Loss: 1376.5247, Train Reg Loss: 31.4989, Train MAPE: 20.1055, Train R: 0.6034, Train RRSE: 0.9084, Test Loss: 5931.7124, Test Node Loss: 1516.7511, Test Reg Loss: 44.1496, Test MAPE: 25.7484, Test R: 0.7462, Test RRSE: 0.9336
2025-02-10 15:04:06,403:INFO:Checkpoint saved at best_0.0008_0.001_256_SAGE_2_64_0.7462_epoch_10.pth
2025-02-10 15:04:26,861:INFO:Epoch 11: Train Loss: 4697.1254, Train Node Loss: 1362.2771, Train Reg Loss: 33.3485, Train MAPE: 23.0166, Train R: 0.6637, Train RRSE: 0.9347, Test Loss: 5368.3071, Test Node Loss: 1188.5468, Test Reg Loss: 41.7976, Test MAPE: 20.1043, Test R: 0.7485, Test RRSE: 0.9084
2025-02-10 15:04:26,886:INFO:Checkpoint saved at best_0.0008_0.001_256_SAGE_2_64_0.7485_epoch_11.pth
2025-02-10 15:04:47,536:INFO:Epoch 12: Train Loss: 4280.5746, Train Node Loss: 1040.7783, Train Reg Loss: 32.3980, Train MAPE: 17.9875, Train R: 0.5650, Train RRSE: 0.9212, Test Loss: 5532.4519, Test Node Loss: 875.4579, Test Reg Loss: 46.5699, Test MAPE: 15.9378, Test R: 0.7504, Test RRSE: 0.9589
2025-02-10 15:04:47,574:INFO:Checkpoint saved at best_0.0008_0.001_256_SAGE_2_64_0.7504_epoch_12.pth
2025-02-10 15:05:08,138:INFO:Epoch 13: Train Loss: 4159.1917, Train Node Loss: 849.0333, Train Reg Loss: 33.1016, Train MAPE: 15.5840, Train R: 0.7534, Train RRSE: 0.9312, Test Loss: 5373.2397, Test Node Loss: 820.4191, Test Reg Loss: 45.5282, Test MAPE: 16.0407, Test R: 0.7517, Test RRSE: 0.9481
2025-02-10 15:05:08,188:INFO:Checkpoint saved at best_0.0008_0.001_256_SAGE_2_64_0.7517_epoch_13.pth
2025-02-10 15:05:28,466:INFO:Epoch 14: Train Loss: 3956.3343, Train Node Loss: 853.7450, Train Reg Loss: 31.0259, Train MAPE: 16.9630, Train R: 0.7174, Train RRSE: 0.9015, Test Loss: 5026.5295, Test Node Loss: 856.2691, Test Reg Loss: 41.7026, Test MAPE: 18.0408, Test R: 0.7526, Test RRSE: 0.9074
2025-02-10 15:05:28,490:INFO:Checkpoint saved at best_0.0008_0.001_256_SAGE_2_64_0.7526_epoch_14.pth
2025-02-10 15:05:48,875:INFO:Epoch 15: Train Loss: 3818.1367, Train Node Loss: 866.3108, Train Reg Loss: 29.5183, Train MAPE: 18.9502, Train R: 0.7778, Train RRSE: 0.8793, Test Loss: 4930.1590, Test Node Loss: 803.1836, Test Reg Loss: 41.2698, Test MAPE: 18.1179, Test R: 0.7531, Test RRSE: 0.9027
2025-02-10 15:05:48,914:INFO:Checkpoint saved at best_0.0008_0.001_256_SAGE_2_64_0.7531_epoch_15.pth
2025-02-10 15:06:08,990:INFO:Epoch 16: Train Loss: 3757.4010, Train Node Loss: 818.2487, Train Reg Loss: 29.3915, Train MAPE: 19.1675, Train R: 0.7717, Train RRSE: 0.8775, Test Loss: 4917.9588, Test Node Loss: 717.4749, Test Reg Loss: 42.0048, Test MAPE: 17.1904, Test R: 0.7529, Test RRSE: 0.9107
2025-02-10 15:06:29,216:INFO:Epoch 17: Train Loss: 3617.9017, Train Node Loss: 725.6443, Train Reg Loss: 28.9226, Train MAPE: 17.8912, Train R: 0.7770, Train RRSE: 0.8704, Test Loss: 5013.0431, Test Node Loss: 627.4231, Test Reg Loss: 43.8562, Test MAPE: 16.2784, Test R: 0.7527, Test RRSE: 0.9305
2025-02-10 15:06:49,383:INFO:Epoch 18: Train Loss: 3544.8050, Train Node Loss: 669.6387, Train Reg Loss: 28.7517, Train MAPE: 17.3891, Train R: 0.7816, Train RRSE: 0.8678, Test Loss: 4906.7289, Test Node Loss: 601.3790, Test Reg Loss: 43.0535, Test MAPE: 16.4506, Test R: 0.7524, Test RRSE: 0.9220
2025-02-10 15:07:09,993:INFO:Epoch 19: Train Loss: 3429.1191, Train Node Loss: 654.6438, Train Reg Loss: 27.7448, Train MAPE: 17.9560, Train R: 0.7822, Train RRSE: 0.8525, Test Loss: 4832.5623, Test Node Loss: 573.6996, Test Reg Loss: 42.5886, Test MAPE: 16.5022, Test R: 0.7504, Test RRSE: 0.9170
2025-02-10 15:07:30,036:INFO:Epoch 20: Train Loss: 3319.8142, Train Node Loss: 647.5698, Train Reg Loss: 26.7224, Train MAPE: 18.7820, Train R: 0.7810, Train RRSE: 0.8367, Test Loss: 4786.3274, Test Node Loss: 542.8231, Test Reg Loss: 42.4350, Test MAPE: 16.4448, Test R: 0.7481, Test RRSE: 0.9153
2025-02-10 15:07:49,993:INFO:Epoch 21: Train Loss: 3193.6881, Train Node Loss: 617.2289, Train Reg Loss: 25.7646, Train MAPE: 18.7495, Train R: 0.7874, Train RRSE: 0.8215, Test Loss: 5063.7101, Test Node Loss: 472.3997, Test Reg Loss: 45.9131, Test MAPE: 16.3849, Test R: 0.7444, Test RRSE: 0.9521
2025-02-10 15:08:10,230:INFO:Epoch 22: Train Loss: 3089.7761, Train Node Loss: 573.7086, Train Reg Loss: 25.1607, Train MAPE: 18.3061, Train R: 0.7752, Train RRSE: 0.8118, Test Loss: 5138.3571, Test Node Loss: 436.6595, Test Reg Loss: 47.0170, Test MAPE: 16.7778, Test R: 0.7395, Test RRSE: 0.9635
2025-02-10 15:08:30,240:INFO:Epoch 23: Train Loss: 2897.7260, Train Node Loss: 573.9333, Train Reg Loss: 23.2379, Train MAPE: 19.4242, Train R: 0.7791, Train RRSE: 0.7802, Test Loss: 5186.7973, Test Node Loss: 406.1684, Test Reg Loss: 47.8063, Test MAPE: 17.5563, Test R: 0.7312, Test RRSE: 0.9715
2025-02-10 15:08:50,214:INFO:Epoch 24: Train Loss: 2783.6640, Train Node Loss: 523.6614, Train Reg Loss: 22.6000, Train MAPE: 18.9313, Train R: 0.7439, Train RRSE: 0.7694, Test Loss: 6057.3276, Test Node Loss: 330.1194, Test Reg Loss: 57.2721, Test MAPE: 20.7216, Test R: 0.7192, Test RRSE: 1.0634
2025-02-10 15:09:10,256:INFO:Epoch 25: Train Loss: 2611.8379, Train Node Loss: 544.7250, Train Reg Loss: 20.6711, Train MAPE: 20.8293, Train R: 0.7393, Train RRSE: 0.7359, Test Loss: 5402.5298, Test Node Loss: 348.3552, Test Reg Loss: 50.5417, Test MAPE: 20.2576, Test R: 0.7089, Test RRSE: 0.9989
2025-02-10 15:09:30,315:INFO:Epoch 26: Train Loss: 2307.8254, Train Node Loss: 502.4006, Train Reg Loss: 18.0542, Train MAPE: 21.1499, Train R: 0.7658, Train RRSE: 0.6877, Test Loss: 7625.9628, Test Node Loss: 239.5273, Test Reg Loss: 73.8644, Test MAPE: 27.6824, Test R: 0.6935, Test RRSE: 1.2076
2025-02-10 15:09:50,556:INFO:Epoch 27: Train Loss: 2302.6156, Train Node Loss: 471.1950, Train Reg Loss: 18.3142, Train MAPE: 22.0140, Train R: 0.7354, Train RRSE: 0.6926, Test Loss: 5621.1099, Test Node Loss: 301.3530, Test Reg Loss: 53.1976, Test MAPE: 24.0921, Test R: 0.6896, Test RRSE: 1.0248
2025-02-10 15:10:11,507:INFO:Epoch 28: Train Loss: 2394.7572, Train Node Loss: 437.0763, Train Reg Loss: 19.5768, Train MAPE: 22.7642, Train R: 0.7093, Train RRSE: 0.7161, Test Loss: 5910.6497, Test Node Loss: 272.1462, Test Reg Loss: 56.3850, Test MAPE: 25.7810, Test R: 0.6889, Test RRSE: 1.0551
2025-02-10 15:10:31,711:INFO:Epoch 29: Train Loss: 2198.7772, Train Node Loss: 498.0768, Train Reg Loss: 17.0070, Train MAPE: 25.0728, Train R: 0.7533, Train RRSE: 0.6675, Test Loss: 4514.4184, Test Node Loss: 325.4603, Test Reg Loss: 41.8896, Test MAPE: 24.0202, Test R: 0.6931, Test RRSE: 0.9094
2025-02-10 15:10:52,340:INFO:Epoch 30: Train Loss: 2028.8318, Train Node Loss: 427.0164, Train Reg Loss: 16.0182, Train MAPE: 23.6667, Train R: 0.7639, Train RRSE: 0.6478, Test Loss: 7165.8822, Test Node Loss: 203.6770, Test Reg Loss: 69.6221, Test MAPE: 29.5549, Test R: 0.6954, Test RRSE: 1.1724
2025-02-10 15:11:12,448:INFO:Epoch 31: Train Loss: 2185.8672, Train Node Loss: 364.0648, Train Reg Loss: 18.2180, Train MAPE: 23.2796, Train R: 0.7443, Train RRSE: 0.6908, Test Loss: 3564.4320, Test Node Loss: 354.9777, Test Reg Loss: 32.0945, Test MAPE: 23.4362, Test R: 0.7064, Test RRSE: 0.7960
2025-02-10 15:11:32,747:INFO:Epoch 32: Train Loss: 1969.8457, Train Node Loss: 418.6563, Train Reg Loss: 15.5119, Train MAPE: 24.3153, Train R: 0.7760, Train RRSE: 0.6374, Test Loss: 4486.8427, Test Node Loss: 273.7432, Test Reg Loss: 42.1310, Test MAPE: 24.2875, Test R: 0.7134, Test RRSE: 0.9120
2025-02-10 15:11:53,190:INFO:Epoch 33: Train Loss: 2055.6055, Train Node Loss: 330.8617, Train Reg Loss: 17.2474, Train MAPE: 22.3401, Train R: 0.7648, Train RRSE: 0.6722, Test Loss: 4265.4073, Test Node Loss: 270.0924, Test Reg Loss: 39.9531, Test MAPE: 23.9135, Test R: 0.7210, Test RRSE: 0.8881
2025-02-10 15:12:13,374:INFO:Epoch 34: Train Loss: 1981.9572, Train Node Loss: 383.8950, Train Reg Loss: 15.9806, Train MAPE: 23.8329, Train R: 0.7716, Train RRSE: 0.6470, Test Loss: 3491.6180, Test Node Loss: 305.8955, Test Reg Loss: 31.8572, Test MAPE: 23.5098, Test R: 0.7258, Test RRSE: 0.7931
2025-02-10 15:12:33,898:INFO:Epoch 35: Train Loss: 1826.4382, Train Node Loss: 342.4003, Train Reg Loss: 14.8404, Train MAPE: 23.4071, Train R: 0.7868, Train RRSE: 0.6235, Test Loss: 5394.5674, Test Node Loss: 203.6681, Test Reg Loss: 51.9090, Test MAPE: 26.3651, Test R: 0.7312, Test RRSE: 1.0123
2025-02-10 15:12:54,494:INFO:Epoch 36: Train Loss: 1808.1995, Train Node Loss: 301.5974, Train Reg Loss: 15.0660, Train MAPE: 22.5058, Train R: 0.7946, Train RRSE: 0.6282, Test Loss: 3748.4786, Test Node Loss: 261.3966, Test Reg Loss: 34.8708, Test MAPE: 24.5766, Test R: 0.7346, Test RRSE: 0.8297
2025-02-10 15:13:14,811:INFO:Epoch 37: Train Loss: 1817.4591, Train Node Loss: 355.9802, Train Reg Loss: 14.6148, Train MAPE: 25.4349, Train R: 0.7954, Train RRSE: 0.6187, Test Loss: 5086.4540, Test Node Loss: 196.1278, Test Reg Loss: 48.9033, Test MAPE: 26.7332, Test R: 0.7393, Test RRSE: 0.9826
2025-02-10 15:13:35,149:INFO:Epoch 38: Train Loss: 1840.1490, Train Node Loss: 258.3048, Train Reg Loss: 15.8184, Train MAPE: 22.3409, Train R: 0.8004, Train RRSE: 0.6437, Test Loss: 4519.4328, Test Node Loss: 204.7543, Test Reg Loss: 43.1468, Test MAPE: 25.6537, Test R: 0.7444, Test RRSE: 0.9230
2025-02-10 15:13:55,277:INFO:Epoch 39: Train Loss: 1713.9694, Train Node Loss: 312.6910, Train Reg Loss: 14.0128, Train MAPE: 24.3668, Train R: 0.7993, Train RRSE: 0.6059, Test Loss: 3705.1794, Test Node Loss: 229.6149, Test Reg Loss: 34.7556, Test MAPE: 24.6819, Test R: 0.7485, Test RRSE: 0.8284
2025-02-10 15:14:15,528:INFO:Epoch 40: Train Loss: 1611.5734, Train Node Loss: 293.7919, Train Reg Loss: 13.1778, Train MAPE: 24.0209, Train R: 0.8125, Train RRSE: 0.5875, Test Loss: 5035.0296, Test Node Loss: 173.5984, Test Reg Loss: 48.6143, Test MAPE: 26.8039, Test R: 0.7529, Test RRSE: 0.9797
2025-02-10 15:14:35,868:INFO:Epoch 41: Train Loss: 1642.8459, Train Node Loss: 247.7109, Train Reg Loss: 13.9513, Train MAPE: 22.9432, Train R: 0.8124, Train RRSE: 0.6045, Test Loss: 4021.8762, Test Node Loss: 199.3198, Test Reg Loss: 38.2256, Test MAPE: 25.5882, Test R: 0.7556, Test RRSE: 0.8687
2025-02-10 15:14:35,897:INFO:Checkpoint saved at best_0.0008_0.001_256_SAGE_2_64_0.7556_epoch_41.pth
2025-02-10 15:14:55,738:INFO:Epoch 42: Train Loss: 1691.0794, Train Node Loss: 291.4162, Train Reg Loss: 13.9966, Train MAPE: 25.2688, Train R: 0.8001, Train RRSE: 0.6055, Test Loss: 4435.6042, Test Node Loss: 177.1304, Test Reg Loss: 42.5847, Test MAPE: 25.9181, Test R: 0.7601, Test RRSE: 0.9169
2025-02-10 15:14:55,764:INFO:Checkpoint saved at best_0.0008_0.001_256_SAGE_2_64_0.7601_epoch_42.pth
2025-02-10 15:15:15,844:INFO:Epoch 43: Train Loss: 1579.6423, Train Node Loss: 241.2382, Train Reg Loss: 13.3840, Train MAPE: 22.8144, Train R: 0.8161, Train RRSE: 0.5921, Test Loss: 4362.0217, Test Node Loss: 172.7954, Test Reg Loss: 41.8923, Test MAPE: 26.0024, Test R: 0.7629, Test RRSE: 0.9094
2025-02-10 15:15:15,870:INFO:Checkpoint saved at best_0.0008_0.001_256_SAGE_2_64_0.7629_epoch_43.pth
2025-02-10 15:15:36,287:INFO:Epoch 44: Train Loss: 1585.8763, Train Node Loss: 267.2967, Train Reg Loss: 13.1858, Train MAPE: 24.5995, Train R: 0.8115, Train RRSE: 0.5877, Test Loss: 4189.6214, Test Node Loss: 172.7167, Test Reg Loss: 40.1690, Test MAPE: 25.5950, Test R: 0.7665, Test RRSE: 0.8905
2025-02-10 15:15:36,310:INFO:Checkpoint saved at best_0.0008_0.001_256_SAGE_2_64_0.7665_epoch_44.pth
2025-02-10 15:15:56,252:INFO:Epoch 45: Train Loss: 1564.9649, Train Node Loss: 223.7900, Train Reg Loss: 13.4117, Train MAPE: 22.7807, Train R: 0.8164, Train RRSE: 0.5927, Test Loss: 4548.1123, Test Node Loss: 154.9851, Test Reg Loss: 43.9313, Test MAPE: 25.7883, Test R: 0.7713, Test RRSE: 0.9313
2025-02-10 15:15:56,278:INFO:Checkpoint saved at best_0.0008_0.001_256_SAGE_2_64_0.7713_epoch_45.pth
2025-02-10 15:16:16,147:INFO:Epoch 46: Train Loss: 1448.9047, Train Node Loss: 250.6372, Train Reg Loss: 11.9827, Train MAPE: 24.4114, Train R: 0.8316, Train RRSE: 0.5603, Test Loss: 3840.2033, Test Node Loss: 172.2921, Test Reg Loss: 36.6791, Test MAPE: 25.3335, Test R: 0.7741, Test RRSE: 0.8510
2025-02-10 15:16:16,168:INFO:Checkpoint saved at best_0.0008_0.001_256_SAGE_2_64_0.7741_epoch_46.pth
2025-02-10 15:16:36,069:INFO:Epoch 47: Train Loss: 1583.9537, Train Node Loss: 214.5873, Train Reg Loss: 13.6937, Train MAPE: 22.9579, Train R: 0.8084, Train RRSE: 0.5989, Test Loss: 4438.5533, Test Node Loss: 148.3299, Test Reg Loss: 42.9022, Test MAPE: 26.0091, Test R: 0.7775, Test RRSE: 0.9203
2025-02-10 15:16:36,105:INFO:Checkpoint saved at best_0.0008_0.001_256_SAGE_2_64_0.7775_epoch_47.pth
2025-02-10 15:16:55,971:INFO:Epoch 48: Train Loss: 1481.0200, Train Node Loss: 247.0053, Train Reg Loss: 12.3401, Train MAPE: 25.2861, Train R: 0.8272, Train RRSE: 0.5686, Test Loss: 4379.8764, Test Node Loss: 145.7931, Test Reg Loss: 42.3408, Test MAPE: 26.3805, Test R: 0.7783, Test RRSE: 0.9143
2025-02-10 15:16:56,004:INFO:Checkpoint saved at best_0.0008_0.001_256_SAGE_2_64_0.7783_epoch_48.pth
2025-02-10 15:17:15,300:INFO:Epoch 49: Train Loss: 1417.8569, Train Node Loss: 207.1319, Train Reg Loss: 12.1073, Train MAPE: 23.3062, Train R: 0.8323, Train RRSE: 0.5632, Test Loss: 4660.5984, Test Node Loss: 133.5797, Test Reg Loss: 45.2702, Test MAPE: 26.7214, Test R: 0.7806, Test RRSE: 0.9454
2025-02-10 15:17:15,333:INFO:Checkpoint saved at best_0.0008_0.001_256_SAGE_2_64_0.7806_epoch_49.pth
2025-02-10 15:17:35,021:INFO:Epoch 50: Train Loss: 1657.1233, Train Node Loss: 186.3436, Train Reg Loss: 14.7078, Train MAPE: 22.3374, Train R: 0.8010, Train RRSE: 0.6207, Test Loss: 3455.9563, Test Node Loss: 160.8952, Test Reg Loss: 32.9506, Test MAPE: 24.3771, Test R: 0.7843, Test RRSE: 0.8066
2025-02-10 15:17:35,072:INFO:Checkpoint saved at best_0.0008_0.001_256_SAGE_2_64_0.7843_epoch_50.pth
2025-02-10 15:17:55,317:INFO:Epoch 51: Train Loss: 1611.7554, Train Node Loss: 252.0219, Train Reg Loss: 13.5973, Train MAPE: 26.8572, Train R: 0.8290, Train RRSE: 0.5968, Test Loss: 4393.9641, Test Node Loss: 127.5815, Test Reg Loss: 42.6638, Test MAPE: 24.9766, Test R: 0.7869, Test RRSE: 0.9178
2025-02-10 15:17:55,355:INFO:Checkpoint saved at best_0.0008_0.001_256_SAGE_2_64_0.7869_epoch_51.pth
2025-02-10 15:18:15,718:INFO:Epoch 52: Train Loss: 1551.0578, Train Node Loss: 166.6470, Train Reg Loss: 13.8441, Train MAPE: 21.5163, Train R: 0.8345, Train RRSE: 0.6022, Test Loss: 3979.3436, Test Node Loss: 133.0407, Test Reg Loss: 38.4630, Test MAPE: 24.1734, Test R: 0.7877, Test RRSE: 0.8714
2025-02-10 15:18:15,754:INFO:Checkpoint saved at best_0.0008_0.001_256_SAGE_2_64_0.7877_epoch_52.pth
2025-02-10 15:18:36,117:INFO:Epoch 53: Train Loss: 1375.7603, Train Node Loss: 210.0878, Train Reg Loss: 11.6567, Train MAPE: 24.2589, Train R: 0.8370, Train RRSE: 0.5526, Test Loss: 2957.0698, Test Node Loss: 164.5172, Test Reg Loss: 27.9255, Test MAPE: 23.4596, Test R: 0.7855, Test RRSE: 0.7425
2025-02-10 15:18:56,163:INFO:Epoch 54: Train Loss: 1358.2886, Train Node Loss: 196.6065, Train Reg Loss: 11.6168, Train MAPE: 23.4421, Train R: 0.8360, Train RRSE: 0.5516, Test Loss: 4439.4556, Test Node Loss: 114.5582, Test Reg Loss: 43.2490, Test MAPE: 25.1830, Test R: 0.7860, Test RRSE: 0.9240
2025-02-10 15:19:16,165:INFO:Epoch 55: Train Loss: 1322.5160, Train Node Loss: 179.9295, Train Reg Loss: 11.4259, Train MAPE: 23.3014, Train R: 0.8424, Train RRSE: 0.5471, Test Loss: 3384.5618, Test Node Loss: 142.0352, Test Reg Loss: 32.4253, Test MAPE: 24.8873, Test R: 0.7854, Test RRSE: 0.8001
2025-02-10 15:19:36,489:INFO:Epoch 56: Train Loss: 1370.9455, Train Node Loss: 198.0595, Train Reg Loss: 11.7289, Train MAPE: 24.4983, Train R: 0.8337, Train RRSE: 0.5543, Test Loss: 3810.6118, Test Node Loss: 125.6914, Test Reg Loss: 36.8492, Test MAPE: 25.0555, Test R: 0.7878, Test RRSE: 0.8529
2025-02-10 15:19:36,525:INFO:Checkpoint saved at best_0.0008_0.001_256_SAGE_2_64_0.7878_epoch_56.pth
2025-02-10 15:19:56,874:INFO:Epoch 57: Train Loss: 1257.8546, Train Node Loss: 168.4762, Train Reg Loss: 10.8938, Train MAPE: 22.6318, Train R: 0.8556, Train RRSE: 0.5342, Test Loss: 3754.7412, Test Node Loss: 123.6516, Test Reg Loss: 36.3109, Test MAPE: 24.4700, Test R: 0.7904, Test RRSE: 0.8467
2025-02-10 15:19:56,915:INFO:Checkpoint saved at best_0.0008_0.001_256_SAGE_2_64_0.7904_epoch_57.pth
2025-02-10 15:20:17,318:INFO:Epoch 58: Train Loss: 1489.4240, Train Node Loss: 208.2245, Train Reg Loss: 12.8120, Train MAPE: 26.0780, Train R: 0.8293, Train RRSE: 0.5793, Test Loss: 4665.6817, Test Node Loss: 101.1759, Test Reg Loss: 45.6451, Test MAPE: 25.9457, Test R: 0.7885, Test RRSE: 0.9493
2025-02-10 15:20:37,423:INFO:Epoch 59: Train Loss: 1661.6298, Train Node Loss: 128.2082, Train Reg Loss: 15.3342, Train MAPE: 21.4164, Train R: 0.8363, Train RRSE: 0.6338, Test Loss: 4522.4314, Test Node Loss: 97.4511, Test Reg Loss: 44.2498, Test MAPE: 23.9418, Test R: 0.7901, Test RRSE: 0.9347
2025-02-10 15:20:57,863:INFO:Epoch 60: Train Loss: 1944.2582, Train Node Loss: 203.4485, Train Reg Loss: 17.4081, Train MAPE: 27.3295, Train R: 0.7699, Train RRSE: 0.6753, Test Loss: 2667.5137, Test Node Loss: 146.7473, Test Reg Loss: 25.2077, Test MAPE: 22.6519, Test R: 0.7905, Test RRSE: 0.7055
2025-02-10 15:20:57,894:INFO:Checkpoint saved at best_0.0008_0.001_256_SAGE_2_64_0.7905_epoch_60.pth
2025-02-10 15:21:18,125:INFO:Epoch 61: Train Loss: 1232.3586, Train Node Loss: 156.8248, Train Reg Loss: 10.7553, Train MAPE: 22.8490, Train R: 0.8538, Train RRSE: 0.5308, Test Loss: 5484.0235, Test Node Loss: 75.1793, Test Reg Loss: 54.0884, Test MAPE: 25.1117, Test R: 0.7895, Test RRSE: 1.0334
2025-02-10 15:21:38,435:INFO:Epoch 62: Train Loss: 1458.1237, Train Node Loss: 122.4565, Train Reg Loss: 13.3567, Train MAPE: 20.8731, Train R: 0.8688, Train RRSE: 0.5915, Test Loss: 2717.9549, Test Node Loss: 137.4686, Test Reg Loss: 25.8049, Test MAPE: 22.8430, Test R: 0.7906, Test RRSE: 0.7138
2025-02-10 15:21:38,474:INFO:Checkpoint saved at best_0.0008_0.001_256_SAGE_2_64_0.7906_epoch_62.pth
2025-02-10 15:21:58,824:INFO:Epoch 63: Train Loss: 1565.5781, Train Node Loss: 201.3501, Train Reg Loss: 13.6423, Train MAPE: 27.4278, Train R: 0.8380, Train RRSE: 0.5978, Test Loss: 3229.4266, Test Node Loss: 115.1469, Test Reg Loss: 31.1428, Test MAPE: 22.6651, Test R: 0.7904, Test RRSE: 0.7841
2025-02-10 15:22:18,963:INFO:Epoch 64: Train Loss: 1282.7786, Train Node Loss: 141.6498, Train Reg Loss: 11.4113, Train MAPE: 22.2307, Train R: 0.8494, Train RRSE: 0.5467, Test Loss: 4271.7947, Test Node Loss: 88.1366, Test Reg Loss: 41.8366, Test MAPE: 23.6966, Test R: 0.7892, Test RRSE: 0.9088
2025-02-10 15:22:39,183:INFO:Epoch 65: Train Loss: 1395.8430, Train Node Loss: 149.2563, Train Reg Loss: 12.4659, Train MAPE: 23.3133, Train R: 0.8243, Train RRSE: 0.5714, Test Loss: 2799.3792, Test Node Loss: 127.0511, Test Reg Loss: 26.7233, Test MAPE: 23.6768, Test R: 0.7872, Test RRSE: 0.7264
2025-02-10 15:22:59,637:INFO:Epoch 66: Train Loss: 1299.1683, Train Node Loss: 156.6929, Train Reg Loss: 11.4248, Train MAPE: 24.3319, Train R: 0.8377, Train RRSE: 0.5471, Test Loss: 4004.1866, Test Node Loss: 92.1367, Test Reg Loss: 39.1205, Test MAPE: 24.3027, Test R: 0.7899, Test RRSE: 0.8788
2025-02-10 15:23:20,158:INFO:Epoch 67: Train Loss: 1170.4956, Train Node Loss: 144.0604, Train Reg Loss: 10.2644, Train MAPE: 23.5357, Train R: 0.8578, Train RRSE: 0.5185, Test Loss: 3625.4615, Test Node Loss: 98.7756, Test Reg Loss: 35.2669, Test MAPE: 23.8700, Test R: 0.7913, Test RRSE: 0.8344
2025-02-10 15:23:20,217:INFO:Checkpoint saved at best_0.0008_0.001_256_SAGE_2_64_0.7913_epoch_67.pth
2025-02-10 15:23:40,565:INFO:Epoch 68: Train Loss: 1238.2986, Train Node Loss: 151.9293, Train Reg Loss: 10.8637, Train MAPE: 24.3269, Train R: 0.8465, Train RRSE: 0.5335, Test Loss: 3849.5682, Test Node Loss: 92.0234, Test Reg Loss: 37.5754, Test MAPE: 23.7645, Test R: 0.7922, Test RRSE: 0.8613
2025-02-10 15:23:40,597:INFO:Checkpoint saved at best_0.0008_0.001_256_SAGE_2_64_0.7922_epoch_68.pth
2025-02-10 15:24:00,778:INFO:Epoch 69: Train Loss: 1316.9667, Train Node Loss: 125.0051, Train Reg Loss: 11.9196, Train MAPE: 22.2810, Train R: 0.8430, Train RRSE: 0.5588, Test Loss: 3835.1587, Test Node Loss: 88.9172, Test Reg Loss: 37.4624, Test MAPE: 22.9883, Test R: 0.7941, Test RRSE: 0.8600
2025-02-10 15:24:00,817:INFO:Checkpoint saved at best_0.0008_0.001_256_SAGE_2_64_0.7941_epoch_69.pth
2025-02-10 15:24:21,266:INFO:Epoch 70: Train Loss: 1178.8646, Train Node Loss: 149.7062, Train Reg Loss: 10.2916, Train MAPE: 24.5319, Train R: 0.8583, Train RRSE: 0.5192, Test Loss: 3171.7656, Test Node Loss: 102.3336, Test Reg Loss: 30.6943, Test MAPE: 22.5823, Test R: 0.7953, Test RRSE: 0.7785
2025-02-10 15:24:21,307:INFO:Checkpoint saved at best_0.0008_0.001_256_SAGE_2_64_0.7953_epoch_70.pth
2025-02-10 15:24:41,541:INFO:Epoch 71: Train Loss: 1150.6534, Train Node Loss: 134.5630, Train Reg Loss: 10.1609, Train MAPE: 23.2791, Train R: 0.8604, Train RRSE: 0.5159, Test Loss: 4095.7527, Test Node Loss: 81.0076, Test Reg Loss: 40.1475, Test MAPE: 23.5203, Test R: 0.7937, Test RRSE: 0.8903
2025-02-10 15:25:01,705:INFO:Epoch 72: Train Loss: 1252.7311, Train Node Loss: 137.5314, Train Reg Loss: 11.1520, Train MAPE: 23.9522, Train R: 0.8415, Train RRSE: 0.5405, Test Loss: 3581.5079, Test Node Loss: 89.6992, Test Reg Loss: 34.9181, Test MAPE: 23.5104, Test R: 0.7938, Test RRSE: 0.8303
2025-02-10 15:25:21,976:INFO:Epoch 73: Train Loss: 1265.2849, Train Node Loss: 118.5089, Train Reg Loss: 11.4678, Train MAPE: 22.4091, Train R: 0.8463, Train RRSE: 0.5481, Test Loss: 4083.2872, Test Node Loss: 77.3592, Test Reg Loss: 40.0593, Test MAPE: 23.2760, Test R: 0.7948, Test RRSE: 0.8893
2025-02-10 15:25:42,336:INFO:Epoch 74: Train Loss: 1221.5713, Train Node Loss: 139.7056, Train Reg Loss: 10.8187, Train MAPE: 24.6984, Train R: 0.8499, Train RRSE: 0.5324, Test Loss: 2963.1286, Test Node Loss: 100.7707, Test Reg Loss: 28.6236, Test MAPE: 23.0301, Test R: 0.7952, Test RRSE: 0.7517
2025-02-10 15:26:02,738:INFO:Epoch 75: Train Loss: 1136.7202, Train Node Loss: 127.6713, Train Reg Loss: 10.0905, Train MAPE: 23.8714, Train R: 0.8584, Train RRSE: 0.5141, Test Loss: 4341.8126, Test Node Loss: 69.9208, Test Reg Loss: 42.7189, Test MAPE: 24.0526, Test R: 0.7926, Test RRSE: 0.9184
2025-02-10 15:26:22,935:INFO:Epoch 76: Train Loss: 1126.1301, Train Node Loss: 125.5328, Train Reg Loss: 10.0060, Train MAPE: 23.7121, Train R: 0.8595, Train RRSE: 0.5120, Test Loss: 3284.8355, Test Node Loss: 88.8225, Test Reg Loss: 31.9601, Test MAPE: 23.8653, Test R: 0.7935, Test RRSE: 0.7943
2025-02-10 15:26:43,160:INFO:Epoch 77: Train Loss: 1055.7239, Train Node Loss: 127.6334, Train Reg Loss: 9.2809, Train MAPE: 24.0685, Train R: 0.8702, Train RRSE: 0.4931, Test Loss: 4097.1228, Test Node Loss: 69.5370, Test Reg Loss: 40.2759, Test MAPE: 23.1488, Test R: 0.7919, Test RRSE: 0.8917
2025-02-10 15:27:03,298:INFO:Epoch 78: Train Loss: 1157.5714, Train Node Loss: 109.9771, Train Reg Loss: 10.4759, Train MAPE: 22.2905, Train R: 0.8625, Train RRSE: 0.5239, Test Loss: 3175.4908, Test Node Loss: 84.8374, Test Reg Loss: 30.9065, Test MAPE: 22.1696, Test R: 0.7949, Test RRSE: 0.7811
2025-02-10 15:27:23,535:INFO:Epoch 79: Train Loss: 1083.7334, Train Node Loss: 123.6903, Train Reg Loss: 9.6004, Train MAPE: 23.8450, Train R: 0.8673, Train RRSE: 0.5015, Test Loss: 3590.0081, Test Node Loss: 74.5197, Test Reg Loss: 35.1549, Test MAPE: 22.6581, Test R: 0.7934, Test RRSE: 0.8331
2025-02-10 15:27:43,932:INFO:Epoch 80: Train Loss: 1123.8683, Train Node Loss: 107.8036, Train Reg Loss: 10.1606, Train MAPE: 22.6404, Train R: 0.8639, Train RRSE: 0.5159, Test Loss: 3374.0372, Test Node Loss: 78.1921, Test Reg Loss: 32.9584, Test MAPE: 22.8811, Test R: 0.7936, Test RRSE: 0.8067
2025-02-10 15:28:04,109:INFO:Epoch 81: Train Loss: 1183.0818, Train Node Loss: 133.2242, Train Reg Loss: 10.4986, Train MAPE: 25.4978, Train R: 0.8590, Train RRSE: 0.5244, Test Loss: 3645.3100, Test Node Loss: 72.6255, Test Reg Loss: 35.7268, Test MAPE: 23.3514, Test R: 0.7922, Test RRSE: 0.8399
2025-02-10 15:28:24,187:INFO:Epoch 82: Train Loss: 1063.1759, Train Node Loss: 103.2591, Train Reg Loss: 9.5992, Train MAPE: 22.2790, Train R: 0.8740, Train RRSE: 0.5015, Test Loss: 4009.8934, Test Node Loss: 64.1180, Test Reg Loss: 39.4578, Test MAPE: 22.7439, Test R: 0.7912, Test RRSE: 0.8826
2025-02-10 15:28:44,122:INFO:Epoch 83: Train Loss: 1028.0876, Train Node Loss: 106.3475, Train Reg Loss: 9.2174, Train MAPE: 22.8567, Train R: 0.8762, Train RRSE: 0.4914, Test Loss: 3006.3800, Test Node Loss: 81.9175, Test Reg Loss: 29.2446, Test MAPE: 21.7415, Test R: 0.7945, Test RRSE: 0.7599
2025-02-10 15:29:03,816:INFO:Epoch 84: Train Loss: 1076.4287, Train Node Loss: 124.6936, Train Reg Loss: 9.5174, Train MAPE: 25.0564, Train R: 0.8735, Train RRSE: 0.4993, Test Loss: 3926.3176, Test Node Loss: 63.8791, Test Reg Loss: 38.6244, Test MAPE: 22.9637, Test R: 0.7902, Test RRSE: 0.8732
2025-02-10 15:29:23,692:INFO:Epoch 85: Train Loss: 992.2589, Train Node Loss: 97.9390, Train Reg Loss: 8.9432, Train MAPE: 22.6405, Train R: 0.8844, Train RRSE: 0.4840, Test Loss: 4169.9603, Test Node Loss: 59.0872, Test Reg Loss: 41.1087, Test MAPE: 23.4186, Test R: 0.7893, Test RRSE: 0.9009
2025-02-10 15:29:43,404:INFO:Epoch 86: Train Loss: 1060.5782, Train Node Loss: 107.8097, Train Reg Loss: 9.5277, Train MAPE: 23.8703, Train R: 0.8664, Train RRSE: 0.4996, Test Loss: 2933.3410, Test Node Loss: 81.0838, Test Reg Loss: 28.5226, Test MAPE: 23.2334, Test R: 0.7931, Test RRSE: 0.7504
2025-02-10 15:30:02,762:INFO:Epoch 87: Train Loss: 1096.5735, Train Node Loss: 106.0261, Train Reg Loss: 9.9055, Train MAPE: 23.6926, Train R: 0.8611, Train RRSE: 0.5094, Test Loss: 4239.3309, Test Node Loss: 54.8331, Test Reg Loss: 41.8450, Test MAPE: 23.1358, Test R: 0.7883, Test RRSE: 0.9089
2025-02-10 15:30:22,506:INFO:Epoch 88: Train Loss: 1111.5109, Train Node Loss: 105.0509, Train Reg Loss: 10.0646, Train MAPE: 23.7225, Train R: 0.8581, Train RRSE: 0.5135, Test Loss: 3189.1238, Test Node Loss: 70.8056, Test Reg Loss: 31.1832, Test MAPE: 22.2751, Test R: 0.7911, Test RRSE: 0.7846
2025-02-10 15:30:41,788:INFO:Epoch 89: Train Loss: 1089.6638, Train Node Loss: 93.5398, Train Reg Loss: 9.9612, Train MAPE: 22.5562, Train R: 0.8660, Train RRSE: 0.5108, Test Loss: 3666.2569, Test Node Loss: 59.8619, Test Reg Loss: 36.0640, Test MAPE: 22.0424, Test R: 0.7875, Test RRSE: 0.8438
2025-02-10 15:31:01,640:INFO:Epoch 90: Train Loss: 1118.0785, Train Node Loss: 109.0856, Train Reg Loss: 10.0899, Train MAPE: 24.5797, Train R: 0.8611, Train RRSE: 0.5141, Test Loss: 3109.9486, Test Node Loss: 69.3377, Test Reg Loss: 30.4061, Test MAPE: 22.3131, Test R: 0.7889, Test RRSE: 0.7748
2025-02-10 15:31:21,501:INFO:Epoch 91: Train Loss: 1070.6791, Train Node Loss: 90.5107, Train Reg Loss: 9.8017, Train MAPE: 22.5883, Train R: 0.8685, Train RRSE: 0.5067, Test Loss: 4087.9216, Test Node Loss: 51.3012, Test Reg Loss: 40.3662, Test MAPE: 22.3279, Test R: 0.7857, Test RRSE: 0.8927
2025-02-10 15:31:41,602:INFO:Epoch 92: Train Loss: 1038.4055, Train Node Loss: 96.7747, Train Reg Loss: 9.4163, Train MAPE: 23.4164, Train R: 0.8688, Train RRSE: 0.4967, Test Loss: 2830.7885, Test Node Loss: 72.8797, Test Reg Loss: 27.5791, Test MAPE: 22.6400, Test R: 0.7898, Test RRSE: 0.7379
2025-02-10 15:32:01,496:INFO:Epoch 93: Train Loss: 968.6745, Train Node Loss: 102.5712, Train Reg Loss: 8.6610, Train MAPE: 24.3737, Train R: 0.8802, Train RRSE: 0.4763, Test Loss: 4475.2002, Test Node Loss: 45.2300, Test Reg Loss: 44.2997, Test MAPE: 23.5007, Test R: 0.7834, Test RRSE: 0.9352
2025-02-10 15:32:21,501:INFO:Epoch 94: Train Loss: 969.4560, Train Node Loss: 80.1568, Train Reg Loss: 8.8930, Train MAPE: 22.0813, Train R: 0.8945, Train RRSE: 0.4827, Test Loss: 3143.4586, Test Node Loss: 63.3124, Test Reg Loss: 30.8015, Test MAPE: 22.3104, Test R: 0.7894, Test RRSE: 0.7798
2025-02-10 15:32:40,941:INFO:Epoch 95: Train Loss: 1048.3558, Train Node Loss: 106.8581, Train Reg Loss: 9.4150, Train MAPE: 25.3521, Train R: 0.8760, Train RRSE: 0.4966, Test Loss: 3432.6518, Test Node Loss: 57.1005, Test Reg Loss: 33.7555, Test MAPE: 21.8558, Test R: 0.7884, Test RRSE: 0.8164
2025-02-10 15:33:00,125:INFO:Epoch 96: Train Loss: 927.5671, Train Node Loss: 85.2500, Train Reg Loss: 8.4232, Train MAPE: 22.7293, Train R: 0.8896, Train RRSE: 0.4697, Test Loss: 3939.0821, Test Node Loss: 49.3703, Test Reg Loss: 38.8971, Test MAPE: 22.5731, Test R: 0.7869, Test RRSE: 0.8763
2025-02-10 15:33:19,299:INFO:Epoch 97: Train Loss: 887.9582, Train Node Loss: 82.3814, Train Reg Loss: 8.0558, Train MAPE: 22.4011, Train R: 0.8968, Train RRSE: 0.4594, Test Loss: 3361.7827, Test Node Loss: 57.6519, Test Reg Loss: 33.0413, Test MAPE: 22.5164, Test R: 0.7898, Test RRSE: 0.8077
2025-02-10 15:33:38,510:INFO:Epoch 98: Train Loss: 1066.1218, Train Node Loss: 103.5344, Train Reg Loss: 9.6259, Train MAPE: 25.6414, Train R: 0.8731, Train RRSE: 0.5021, Test Loss: 3980.7759, Test Node Loss: 47.4293, Test Reg Loss: 39.3335, Test MAPE: 22.5835, Test R: 0.7870, Test RRSE: 0.8812
2025-02-10 15:33:57,666:INFO:Epoch 99: Train Loss: 1108.2818, Train Node Loss: 72.5186, Train Reg Loss: 10.3576, Train MAPE: 21.5205, Train R: 0.8738, Train RRSE: 0.5209, Test Loss: 3456.2975, Test Node Loss: 52.7883, Test Reg Loss: 34.0351, Test MAPE: 21.3168, Test R: 0.7899, Test RRSE: 0.8197
2025-02-10 15:34:16,820:INFO:Epoch 100: Train Loss: 1018.3974, Train Node Loss: 97.9907, Train Reg Loss: 9.2041, Train MAPE: 25.0363, Train R: 0.8780, Train RRSE: 0.4910, Test Loss: 3436.6063, Test Node Loss: 52.7369, Test Reg Loss: 33.8387, Test MAPE: 21.6620, Test R: 0.7882, Test RRSE: 0.8174
2025-02-10 15:34:36,261:INFO:Epoch 101: Train Loss: 1065.9432, Train Node Loss: 74.3824, Train Reg Loss: 9.9156, Train MAPE: 22.0585, Train R: 0.8741, Train RRSE: 0.5096, Test Loss: 3834.8118, Test Node Loss: 46.9435, Test Reg Loss: 37.8787, Test MAPE: 22.8024, Test R: 0.7873, Test RRSE: 0.8648
2025-02-10 15:34:55,294:INFO:Epoch 102: Train Loss: 910.8894, Train Node Loss: 86.4109, Train Reg Loss: 8.2448, Train MAPE: 23.7119, Train R: 0.8858, Train RRSE: 0.4647, Test Loss: 3058.4064, Test Node Loss: 58.1386, Test Reg Loss: 30.0027, Test MAPE: 22.3151, Test R: 0.7907, Test RRSE: 0.7696
2025-02-10 15:35:14,642:INFO:Epoch 103: Train Loss: 1029.0646, Train Node Loss: 84.1984, Train Reg Loss: 9.4487, Train MAPE: 23.5332, Train R: 0.8685, Train RRSE: 0.4975, Test Loss: 3646.6622, Test Node Loss: 47.6385, Test Reg Loss: 35.9902, Test MAPE: 22.3459, Test R: 0.7891, Test RRSE: 0.8429
2025-02-10 15:35:33,754:INFO:Epoch 104: Train Loss: 954.5619, Train Node Loss: 88.6213, Train Reg Loss: 8.6594, Train MAPE: 24.2889, Train R: 0.8803, Train RRSE: 0.4763, Test Loss: 3555.2471, Test Node Loss: 48.3317, Test Reg Loss: 35.0692, Test MAPE: 22.1729, Test R: 0.7891, Test RRSE: 0.8321
2025-02-10 15:35:53,132:INFO:Epoch 105: Train Loss: 1056.3929, Train Node Loss: 70.1166, Train Reg Loss: 9.8628, Train MAPE: 21.7867, Train R: 0.8753, Train RRSE: 0.5083, Test Loss: 3474.6337, Test Node Loss: 48.3152, Test Reg Loss: 34.2632, Test MAPE: 21.8181, Test R: 0.7895, Test RRSE: 0.8225
2025-02-10 15:36:12,394:INFO:Epoch 106: Train Loss: 940.9711, Train Node Loss: 92.4070, Train Reg Loss: 8.4856, Train MAPE: 25.0708, Train R: 0.8878, Train RRSE: 0.4715, Test Loss: 3303.1221, Test Node Loss: 49.8055, Test Reg Loss: 32.5332, Test MAPE: 21.7282, Test R: 0.7896, Test RRSE: 0.8014
2025-02-10 15:36:31,633:INFO:Epoch 107: Train Loss: 903.1542, Train Node Loss: 74.6440, Train Reg Loss: 8.2851, Train MAPE: 22.7576, Train R: 0.8896, Train RRSE: 0.4659, Test Loss: 3802.0826, Test Node Loss: 41.9605, Test Reg Loss: 37.6012, Test MAPE: 21.9312, Test R: 0.7875, Test RRSE: 0.8616
2025-02-10 15:36:50,830:INFO:Epoch 108: Train Loss: 886.3018, Train Node Loss: 75.6976, Train Reg Loss: 8.1060, Train MAPE: 23.2031, Train R: 0.8903, Train RRSE: 0.4608, Test Loss: 3013.5389, Test Node Loss: 53.1197, Test Reg Loss: 29.6042, Test MAPE: 21.8446, Test R: 0.7905, Test RRSE: 0.7645
2025-02-10 15:37:09,969:INFO:Epoch 109: Train Loss: 905.8253, Train Node Loss: 81.2171, Train Reg Loss: 8.2461, Train MAPE: 24.0819, Train R: 0.8861, Train RRSE: 0.4648, Test Loss: 3825.5145, Test Node Loss: 41.3543, Test Reg Loss: 37.8416, Test MAPE: 22.4144, Test R: 0.7863, Test RRSE: 0.8644
2025-02-10 15:37:29,301:INFO:Epoch 110: Train Loss: 956.3937, Train Node Loss: 68.4577, Train Reg Loss: 8.8794, Train MAPE: 22.5283, Train R: 0.8842, Train RRSE: 0.4823, Test Loss: 3128.4980, Test Node Loss: 49.7217, Test Reg Loss: 30.7878, Test MAPE: 21.6930, Test R: 0.7904, Test RRSE: 0.7796
2025-02-10 15:37:48,515:INFO:Epoch 111: Train Loss: 882.7767, Train Node Loss: 81.5718, Train Reg Loss: 8.0120, Train MAPE: 24.1084, Train R: 0.8908, Train RRSE: 0.4581, Test Loss: 3149.3331, Test Node Loss: 48.8567, Test Reg Loss: 31.0048, Test MAPE: 21.9558, Test R: 0.7889, Test RRSE: 0.7824
2025-02-10 15:38:07,739:INFO:Epoch 112: Train Loss: 843.8295, Train Node Loss: 76.2437, Train Reg Loss: 7.6759, Train MAPE: 23.6894, Train R: 0.8941, Train RRSE: 0.4484, Test Loss: 3554.5159, Test Node Loss: 42.1294, Test Reg Loss: 35.1239, Test MAPE: 21.9668, Test R: 0.7880, Test RRSE: 0.8327
2025-02-10 15:38:26,783:INFO:Epoch 113: Train Loss: 889.2279, Train Node Loss: 72.5875, Train Reg Loss: 8.1664, Train MAPE: 23.1548, Train R: 0.8886, Train RRSE: 0.4625, Test Loss: 3417.7632, Test Node Loss: 43.0120, Test Reg Loss: 33.7475, Test MAPE: 21.7089, Test R: 0.7893, Test RRSE: 0.8163
2025-02-10 15:38:46,149:INFO:Epoch 114: Train Loss: 885.9890, Train Node Loss: 78.3381, Train Reg Loss: 8.0765, Train MAPE: 24.1677, Train R: 0.8890, Train RRSE: 0.4600, Test Loss: 3618.2466, Test Node Loss: 39.9094, Test Reg Loss: 35.7834, Test MAPE: 21.7439, Test R: 0.7875, Test RRSE: 0.8405
2025-02-10 15:39:05,451:INFO:Epoch 115: Train Loss: 964.8000, Train Node Loss: 62.6833, Train Reg Loss: 9.0212, Train MAPE: 22.0170, Train R: 0.8850, Train RRSE: 0.4861, Test Loss: 2970.8318, Test Node Loss: 47.9661, Test Reg Loss: 29.2287, Test MAPE: 21.4396, Test R: 0.7911, Test RRSE: 0.7596
2025-02-10 15:39:24,726:INFO:Epoch 116: Train Loss: 871.9955, Train Node Loss: 81.6527, Train Reg Loss: 7.9034, Train MAPE: 24.8229, Train R: 0.8953, Train RRSE: 0.4550, Test Loss: 3621.6714, Test Node Loss: 38.4281, Test Reg Loss: 35.8324, Test MAPE: 21.6440, Test R: 0.7858, Test RRSE: 0.8411
2025-02-10 15:39:43,498:INFO:Epoch 117: Train Loss: 848.8972, Train Node Loss: 65.0382, Train Reg Loss: 7.8386, Train MAPE: 22.9046, Train R: 0.8969, Train RRSE: 0.4531, Test Loss: 3444.6464, Test Node Loss: 40.5849, Test Reg Loss: 34.0406, Test MAPE: 22.2670, Test R: 0.7856, Test RRSE: 0.8198
2025-02-10 15:40:02,892:INFO:Epoch 118: Train Loss: 958.6648, Train Node Loss: 75.9734, Train Reg Loss: 8.8269, Train MAPE: 24.4839, Train R: 0.8785, Train RRSE: 0.4809, Test Loss: 3706.8399, Test Node Loss: 36.2289, Test Reg Loss: 36.7061, Test MAPE: 21.6745, Test R: 0.7842, Test RRSE: 0.8513
2025-02-10 15:40:21,858:INFO:Epoch 119: Train Loss: 841.6267, Train Node Loss: 61.8190, Train Reg Loss: 7.7981, Train MAPE: 22.1132, Train R: 0.9014, Train RRSE: 0.4520, Test Loss: 3401.7641, Test Node Loss: 38.8460, Test Reg Loss: 33.6292, Test MAPE: 21.1226, Test R: 0.7862, Test RRSE: 0.8148
2025-02-10 15:40:40,839:INFO:Epoch 120: Train Loss: 866.0055, Train Node Loss: 73.8166, Train Reg Loss: 7.9219, Train MAPE: 24.2731, Train R: 0.8926, Train RRSE: 0.4555, Test Loss: 3547.2650, Test Node Loss: 37.3819, Test Reg Loss: 35.0988, Test MAPE: 21.9032, Test R: 0.7843, Test RRSE: 0.8324
2025-02-10 15:41:00,254:INFO:Epoch 121: Train Loss: 950.3519, Train Node Loss: 57.8882, Train Reg Loss: 8.9246, Train MAPE: 22.1367, Train R: 0.8878, Train RRSE: 0.4835, Test Loss: 3167.1879, Test Node Loss: 41.7888, Test Reg Loss: 31.2540, Test MAPE: 21.9215, Test R: 0.7867, Test RRSE: 0.7855
2025-02-10 15:41:19,590:INFO:Epoch 122: Train Loss: 864.2023, Train Node Loss: 78.3472, Train Reg Loss: 7.8586, Train MAPE: 25.4802, Train R: 0.8984, Train RRSE: 0.4537, Test Loss: 3686.1250, Test Node Loss: 34.4820, Test Reg Loss: 36.5164, Test MAPE: 21.6646, Test R: 0.7839, Test RRSE: 0.8491
2025-02-10 15:41:38,951:INFO:Epoch 123: Train Loss: 976.8247, Train Node Loss: 53.0584, Train Reg Loss: 9.2377, Train MAPE: 21.7550, Train R: 0.8899, Train RRSE: 0.4919, Test Loss: 3579.2805, Test Node Loss: 34.1512, Test Reg Loss: 35.4513, Test MAPE: 20.7515, Test R: 0.7850, Test RRSE: 0.8366
2025-02-10 15:41:58,241:INFO:Epoch 124: Train Loss: 931.1048, Train Node Loss: 73.0403, Train Reg Loss: 8.5806, Train MAPE: 25.1256, Train R: 0.8882, Train RRSE: 0.4741, Test Loss: 2748.5080, Test Node Loss: 45.3787, Test Reg Loss: 27.0313, Test MAPE: 21.3713, Test R: 0.7896, Test RRSE: 0.7305
2025-02-10 15:42:17,813:INFO:Epoch 125: Train Loss: 918.7629, Train Node Loss: 60.0890, Train Reg Loss: 8.5867, Train MAPE: 23.1178, Train R: 0.8832, Train RRSE: 0.4743, Test Loss: 4219.7963, Test Node Loss: 27.6123, Test Reg Loss: 41.9218, Test MAPE: 22.1787, Test R: 0.7821, Test RRSE: 0.9098
2025-02-10 15:42:36,797:INFO:Epoch 126: Train Loss: 936.6102, Train Node Loss: 64.7316, Train Reg Loss: 8.7188, Train MAPE: 23.5372, Train R: 0.8784, Train RRSE: 0.4779, Test Loss: 2855.5046, Test Node Loss: 43.7275, Test Reg Loss: 28.1178, Test MAPE: 22.3519, Test R: 0.7875, Test RRSE: 0.7451
2025-02-10 15:42:56,125:INFO:Epoch 127: Train Loss: 1103.1028, Train Node Loss: 56.8796, Train Reg Loss: 10.4622, Train MAPE: 22.8307, Train R: 0.8560, Train RRSE: 0.5235, Test Loss: 3628.7373, Test Node Loss: 31.0405, Test Reg Loss: 35.9770, Test MAPE: 20.8787, Test R: 0.7862, Test RRSE: 0.8428
2025-02-10 15:43:15,682:INFO:Epoch 128: Train Loss: 950.7609, Train Node Loss: 68.2418, Train Reg Loss: 8.8252, Train MAPE: 24.7916, Train R: 0.8809, Train RRSE: 0.4808, Test Loss: 2583.2849, Test Node Loss: 44.9611, Test Reg Loss: 25.3832, Test MAPE: 21.4068, Test R: 0.7901, Test RRSE: 0.7079
2025-02-10 15:43:34,854:INFO:Epoch 129: Train Loss: 940.6494, Train Node Loss: 56.9632, Train Reg Loss: 8.8369, Train MAPE: 23.0009, Train R: 0.8796, Train RRSE: 0.4811, Test Loss: 4107.1631, Test Node Loss: 25.4436, Test Reg Loss: 40.8172, Test MAPE: 21.0213, Test R: 0.7844, Test RRSE: 0.8977
2025-02-10 15:43:53,925:INFO:Epoch 130: Train Loss: 810.0918, Train Node Loss: 55.4388, Train Reg Loss: 7.5465, Train MAPE: 22.5019, Train R: 0.9019, Train RRSE: 0.4446, Test Loss: 2584.0339, Test Node Loss: 43.9399, Test Reg Loss: 25.4009, Test MAPE: 21.6587, Test R: 0.7893, Test RRSE: 0.7082
2025-02-10 15:44:13,369:INFO:Epoch 131: Train Loss: 1019.7655, Train Node Loss: 70.6613, Train Reg Loss: 9.4910, Train MAPE: 25.6037, Train R: 0.8764, Train RRSE: 0.4986, Test Loss: 3808.3125, Test Node Loss: 27.9711, Test Reg Loss: 37.8034, Test MAPE: 21.5655, Test R: 0.7832, Test RRSE: 0.8639
2025-02-10 15:44:32,752:INFO:Epoch 132: Train Loss: 820.2357, Train Node Loss: 54.9224, Train Reg Loss: 7.6531, Train MAPE: 22.9469, Train R: 0.8990, Train RRSE: 0.4477, Test Loss: 3338.5482, Test Node Loss: 33.3027, Test Reg Loss: 33.0525, Test MAPE: 21.8495, Test R: 0.7853, Test RRSE: 0.8078
2025-02-10 15:44:52,589:INFO:Epoch 133: Train Loss: 799.3772, Train Node Loss: 59.0520, Train Reg Loss: 7.4033, Train MAPE: 23.6573, Train R: 0.8985, Train RRSE: 0.4404, Test Loss: 3265.8555, Test Node Loss: 33.2494, Test Reg Loss: 32.3261, Test MAPE: 21.4916, Test R: 0.7864, Test RRSE: 0.7989
2025-02-10 15:45:11,456:INFO:Epoch 134: Train Loss: 839.1036, Train Node Loss: 58.7564, Train Reg Loss: 7.8035, Train MAPE: 23.6611, Train R: 0.8929, Train RRSE: 0.4521, Test Loss: 3118.4149, Test Node Loss: 34.1975, Test Reg Loss: 30.8422, Test MAPE: 21.2893, Test R: 0.7883, Test RRSE: 0.7803
2025-02-10 15:45:30,489:INFO:Epoch 135: Train Loss: 789.9183, Train Node Loss: 62.5712, Train Reg Loss: 7.2735, Train MAPE: 24.2930, Train R: 0.9013, Train RRSE: 0.4365, Test Loss: 4003.8731, Test Node Loss: 25.1445, Test Reg Loss: 39.7873, Test MAPE: 21.2009, Test R: 0.7826, Test RRSE: 0.8863
2025-02-10 15:45:49,705:INFO:Epoch 136: Train Loss: 851.9249, Train Node Loss: 47.7868, Train Reg Loss: 8.0414, Train MAPE: 21.8000, Train R: 0.9056, Train RRSE: 0.4590, Test Loss: 3172.8761, Test Node Loss: 33.4284, Test Reg Loss: 31.3945, Test MAPE: 21.5403, Test R: 0.7879, Test RRSE: 0.7873
2025-02-10 15:46:09,004:INFO:Epoch 137: Train Loss: 862.4935, Train Node Loss: 66.3467, Train Reg Loss: 7.9615, Train MAPE: 25.3174, Train R: 0.8962, Train RRSE: 0.4567, Test Loss: 3427.4497, Test Node Loss: 29.7921, Test Reg Loss: 33.9766, Test MAPE: 21.1792, Test R: 0.7848, Test RRSE: 0.8190
2025-02-10 15:46:28,309:INFO:Epoch 138: Train Loss: 776.5118, Train Node Loss: 53.9127, Train Reg Loss: 7.2260, Train MAPE: 23.1310, Train R: 0.9034, Train RRSE: 0.4351, Test Loss: 3714.3212, Test Node Loss: 26.5735, Test Reg Loss: 36.8775, Test MAPE: 21.2849, Test R: 0.7818, Test RRSE: 0.8533
2025-02-10 15:46:47,703:INFO:Epoch 139: Train Loss: 821.8088, Train Node Loss: 56.4701, Train Reg Loss: 7.6534, Train MAPE: 23.6663, Train R: 0.8947, Train RRSE: 0.4478, Test Loss: 3147.4517, Test Node Loss: 32.4454, Test Reg Loss: 31.1501, Test MAPE: 21.5885, Test R: 0.7850, Test RRSE: 0.7842
2025-02-10 15:47:06,994:INFO:Epoch 140: Train Loss: 784.4076, Train Node Loss: 51.8066, Train Reg Loss: 7.3260, Train MAPE: 23.0685, Train R: 0.9025, Train RRSE: 0.4381, Test Loss: 3438.1203, Test Node Loss: 28.3875, Test Reg Loss: 34.0973, Test MAPE: 21.2794, Test R: 0.7831, Test RRSE: 0.8205
2025-02-10 15:47:26,579:INFO:Epoch 141: Train Loss: 836.2403, Train Node Loss: 57.7805, Train Reg Loss: 7.7846, Train MAPE: 24.0756, Train R: 0.8932, Train RRSE: 0.4516, Test Loss: 2910.5646, Test Node Loss: 33.7000, Test Reg Loss: 28.7686, Test MAPE: 21.1690, Test R: 0.7877, Test RRSE: 0.7536
2025-02-10 15:47:45,601:INFO:Epoch 142: Train Loss: 767.8776, Train Node Loss: 54.0515, Train Reg Loss: 7.1383, Train MAPE: 23.5487, Train R: 0.9030, Train RRSE: 0.4324, Test Loss: 3614.4111, Test Node Loss: 26.0306, Test Reg Loss: 35.8838, Test MAPE: 21.1880, Test R: 0.7823, Test RRSE: 0.8417
2025-02-10 15:48:04,612:INFO:Epoch 143: Train Loss: 990.8901, Train Node Loss: 41.2908, Train Reg Loss: 9.4960, Train MAPE: 21.1158, Train R: 0.8950, Train RRSE: 0.4987, Test Loss: 2762.7577, Test Node Loss: 35.7689, Test Reg Loss: 27.2699, Test MAPE: 21.8234, Test R: 0.7880, Test RRSE: 0.7338
2025-02-10 15:48:23,947:INFO:Epoch 144: Train Loss: 1059.1379, Train Node Loss: 71.1373, Train Reg Loss: 9.8800, Train MAPE: 26.9700, Train R: 0.8901, Train RRSE: 0.5087, Test Loss: 3339.2480, Test Node Loss: 27.3172, Test Reg Loss: 33.1193, Test MAPE: 20.8764, Test R: 0.7799, Test RRSE: 0.8086
2025-02-10 15:48:42,976:INFO:Epoch 145: Train Loss: 841.6315, Train Node Loss: 43.5171, Train Reg Loss: 7.9811, Train MAPE: 21.7272, Train R: 0.9088, Train RRSE: 0.4572, Test Loss: 3470.2486, Test Node Loss: 24.6998, Test Reg Loss: 34.4555, Test MAPE: 20.2289, Test R: 0.7798, Test RRSE: 0.8248
2025-02-10 15:49:01,618:INFO:Epoch 146: Train Loss: 821.0021, Train Node Loss: 53.8443, Train Reg Loss: 7.6716, Train MAPE: 23.8502, Train R: 0.8956, Train RRSE: 0.4483, Test Loss: 2457.2458, Test Node Loss: 38.4984, Test Reg Loss: 24.1875, Test MAPE: 21.8512, Test R: 0.7843, Test RRSE: 0.6910
2025-02-10 15:49:20,644:INFO:Epoch 147: Train Loss: 947.9926, Train Node Loss: 50.5181, Train Reg Loss: 8.9747, Train MAPE: 23.2556, Train R: 0.8763, Train RRSE: 0.4849, Test Loss: 3716.9610, Test Node Loss: 22.7097, Test Reg Loss: 36.9425, Test MAPE: 20.6262, Test R: 0.7772, Test RRSE: 0.8540
2025-02-10 15:49:39,659:INFO:Epoch 148: Train Loss: 832.9293, Train Node Loss: 48.5828, Train Reg Loss: 7.8435, Train MAPE: 22.8850, Train R: 0.8940, Train RRSE: 0.4533, Test Loss: 2781.7173, Test Node Loss: 33.5510, Test Reg Loss: 27.4817, Test MAPE: 21.7637, Test R: 0.7840, Test RRSE: 0.7366
2025-02-10 15:49:58,970:INFO:Epoch 149: Train Loss: 863.9482, Train Node Loss: 56.2346, Train Reg Loss: 8.0771, Train MAPE: 24.5242, Train R: 0.8895, Train RRSE: 0.4600, Test Loss: 3816.8775, Test Node Loss: 21.5366, Test Reg Loss: 37.9534, Test MAPE: 20.9046, Test R: 0.7813, Test RRSE: 0.8656
2025-02-10 15:50:18,296:INFO:Epoch 150: Train Loss: 784.9877, Train Node Loss: 43.9981, Train Reg Loss: 7.4099, Train MAPE: 22.1496, Train R: 0.9076, Train RRSE: 0.4406, Test Loss: 2813.8588, Test Node Loss: 31.6755, Test Reg Loss: 27.8218, Test MAPE: 21.3164, Test R: 0.7877, Test RRSE: 0.7411
2025-02-10 15:50:37,618:INFO:Epoch 151: Train Loss: 815.9118, Train Node Loss: 59.0907, Train Reg Loss: 7.5682, Train MAPE: 25.4364, Train R: 0.9035, Train RRSE: 0.4453, Test Loss: 3465.1947, Test Node Loss: 24.0750, Test Reg Loss: 34.4112, Test MAPE: 20.9649, Test R: 0.7853, Test RRSE: 0.8242
2025-02-10 15:50:57,163:INFO:Epoch 152: Train Loss: 727.8812, Train Node Loss: 43.8628, Train Reg Loss: 6.8402, Train MAPE: 22.5514, Train R: 0.9147, Train RRSE: 0.4233, Test Loss: 3700.7774, Test Node Loss: 22.0227, Test Reg Loss: 36.7875, Test MAPE: 20.9451, Test R: 0.7840, Test RRSE: 0.8522
2025-02-10 15:51:16,427:INFO:Epoch 153: Train Loss: 660.6958, Train Node Loss: 50.6558, Train Reg Loss: 6.1004, Train MAPE: 23.8151, Train R: 0.9172, Train RRSE: 0.3998, Test Loss: 2887.7129, Test Node Loss: 30.9090, Test Reg Loss: 28.5680, Test MAPE: 22.0404, Test R: 0.7892, Test RRSE: 0.7510
2025-02-10 15:51:35,629:INFO:Epoch 154: Train Loss: 762.3995, Train Node Loss: 54.6143, Train Reg Loss: 7.0779, Train MAPE: 24.6406, Train R: 0.9041, Train RRSE: 0.4306, Test Loss: 3872.8020, Test Node Loss: 20.4289, Test Reg Loss: 38.5237, Test MAPE: 21.1627, Test R: 0.7843, Test RRSE: 0.8721
2025-02-10 15:51:54,783:INFO:Epoch 155: Train Loss: 941.9261, Train Node Loss: 40.5571, Train Reg Loss: 9.0137, Train MAPE: 21.8916, Train R: 0.8872, Train RRSE: 0.4859, Test Loss: 2722.2965, Test Node Loss: 31.0068, Test Reg Loss: 26.9129, Test MAPE: 21.1378, Test R: 0.7922, Test RRSE: 0.7289
2025-02-10 15:52:13,978:INFO:Epoch 156: Train Loss: 738.7007, Train Node Loss: 55.1063, Train Reg Loss: 6.8359, Train MAPE: 24.8335, Train R: 0.9110, Train RRSE: 0.4232, Test Loss: 3438.4819, Test Node Loss: 22.8474, Test Reg Loss: 34.1563, Test MAPE: 20.8133, Test R: 0.7884, Test RRSE: 0.8212
2025-02-10 15:52:33,282:INFO:Epoch 157: Train Loss: 763.9303, Train Node Loss: 44.1087, Train Reg Loss: 7.1982, Train MAPE: 22.5624, Train R: 0.9057, Train RRSE: 0.4342, Test Loss: 3114.8029, Test Node Loss: 25.9485, Test Reg Loss: 30.8885, Test MAPE: 21.3485, Test R: 0.7893, Test RRSE: 0.7809
2025-02-10 15:52:52,692:INFO:Epoch 158: Train Loss: 679.7730, Train Node Loss: 48.4465, Train Reg Loss: 6.3133, Train MAPE: 23.7927, Train R: 0.9142, Train RRSE: 0.4067, Test Loss: 3167.8392, Test Node Loss: 25.5749, Test Reg Loss: 31.4226, Test MAPE: 21.6075, Test R: 0.7886, Test RRSE: 0.7876
2025-02-10 15:53:11,757:INFO:Epoch 159: Train Loss: 717.7176, Train Node Loss: 48.3339, Train Reg Loss: 6.6938, Train MAPE: 23.7450, Train R: 0.9085, Train RRSE: 0.4187, Test Loss: 2977.9791, Test Node Loss: 27.9881, Test Reg Loss: 29.4999, Test MAPE: 22.1497, Test R: 0.7891, Test RRSE: 0.7632
2025-02-10 15:53:30,806:INFO:Epoch 160: Train Loss: 746.3944, Train Node Loss: 49.4198, Train Reg Loss: 6.9697, Train MAPE: 24.0614, Train R: 0.9041, Train RRSE: 0.4273, Test Loss: 3575.6697, Test Node Loss: 21.4552, Test Reg Loss: 35.5421, Test MAPE: 21.3811, Test R: 0.7849, Test RRSE: 0.8377
2025-02-10 15:53:50,019:INFO:Epoch 161: Train Loss: 742.7117, Train Node Loss: 45.1737, Train Reg Loss: 6.9754, Train MAPE: 23.2960, Train R: 0.9053, Train RRSE: 0.4275, Test Loss: 2987.0893, Test Node Loss: 26.2264, Test Reg Loss: 29.6086, Test MAPE: 21.0300, Test R: 0.7884, Test RRSE: 0.7646
2025-02-10 15:54:09,305:INFO:Epoch 162: Train Loss: 839.8001, Train Node Loss: 41.2787, Train Reg Loss: 7.9852, Train MAPE: 22.4581, Train R: 0.8978, Train RRSE: 0.4574, Test Loss: 3046.4445, Test Node Loss: 24.9041, Test Reg Loss: 30.2154, Test MAPE: 20.6980, Test R: 0.7879, Test RRSE: 0.7724
2025-02-10 15:54:28,216:INFO:Epoch 163: Train Loss: 867.7183, Train Node Loss: 56.3767, Train Reg Loss: 8.1134, Train MAPE: 25.6596, Train R: 0.8991, Train RRSE: 0.4610, Test Loss: 3030.5259, Test Node Loss: 25.8067, Test Reg Loss: 30.0472, Test MAPE: 21.5888, Test R: 0.7881, Test RRSE: 0.7702
2025-02-10 15:54:47,749:INFO:Epoch 164: Train Loss: 780.8919, Train Node Loss: 40.3886, Train Reg Loss: 7.4050, Train MAPE: 22.4383, Train R: 0.9072, Train RRSE: 0.4404, Test Loss: 3905.3638, Test Node Loss: 18.0769, Test Reg Loss: 38.8729, Test MAPE: 21.3268, Test R: 0.7848, Test RRSE: 0.8761
2025-02-10 15:55:06,884:INFO:Epoch 165: Train Loss: 800.6783, Train Node Loss: 45.2437, Train Reg Loss: 7.5543, Train MAPE: 23.4878, Train R: 0.8965, Train RRSE: 0.4448, Test Loss: 2305.9900, Test Node Loss: 35.7627, Test Reg Loss: 22.7023, Test MAPE: 22.5306, Test R: 0.7951, Test RRSE: 0.6695
2025-02-10 15:55:26,002:INFO:Epoch 166: Train Loss: 764.1879, Train Node Loss: 50.0635, Train Reg Loss: 7.1412, Train MAPE: 24.7906, Train R: 0.9034, Train RRSE: 0.4325, Test Loss: 4059.3287, Test Node Loss: 16.8349, Test Reg Loss: 40.4249, Test MAPE: 21.5008, Test R: 0.7829, Test RRSE: 0.8934
2025-02-10 15:55:45,309:INFO:Epoch 167: Train Loss: 751.4160, Train Node Loss: 38.1358, Train Reg Loss: 7.1328, Train MAPE: 22.0422, Train R: 0.9140, Train RRSE: 0.4323, Test Loss: 2682.4699, Test Node Loss: 28.8378, Test Reg Loss: 26.5363, Test MAPE: 21.9669, Test R: 0.7915, Test RRSE: 0.7238
2025-02-10 15:56:04,570:INFO:Epoch 168: Train Loss: 762.3950, Train Node Loss: 53.4074, Train Reg Loss: 7.0899, Train MAPE: 25.4503, Train R: 0.9099, Train RRSE: 0.4310, Test Loss: 3311.5456, Test Node Loss: 21.3673, Test Reg Loss: 32.9018, Test MAPE: 21.0564, Test R: 0.7872, Test RRSE: 0.8060
2025-02-10 15:56:23,916:INFO:Epoch 169: Train Loss: 766.4316, Train Node Loss: 36.9244, Train Reg Loss: 7.2951, Train MAPE: 22.0481, Train R: 0.9141, Train RRSE: 0.4371, Test Loss: 3299.9684, Test Node Loss: 21.5230, Test Reg Loss: 32.7845, Test MAPE: 21.2170, Test R: 0.7861, Test RRSE: 0.8045
2025-02-10 15:56:42,904:INFO:Epoch 170: Train Loss: 670.4869, Train Node Loss: 49.6971, Train Reg Loss: 6.2079, Train MAPE: 24.8634, Train R: 0.9185, Train RRSE: 0.4033, Test Loss: 2818.8193, Test Node Loss: 26.1034, Test Reg Loss: 27.9272, Test MAPE: 21.4455, Test R: 0.7881, Test RRSE: 0.7425
2025-02-10 15:57:02,449:INFO:Epoch 171: Train Loss: 639.5422, Train Node Loss: 42.4945, Train Reg Loss: 5.9705, Train MAPE: 23.6701, Train R: 0.9202, Train RRSE: 0.3955, Test Loss: 3593.0176, Test Node Loss: 18.7504, Test Reg Loss: 35.7427, Test MAPE: 21.1900, Test R: 0.7813, Test RRSE: 0.8400
2025-02-10 15:57:21,659:INFO:Epoch 172: Train Loss: 664.7472, Train Node Loss: 41.6021, Train Reg Loss: 6.2315, Train MAPE: 23.4637, Train R: 0.9164, Train RRSE: 0.4040, Test Loss: 2984.3872, Test Node Loss: 24.4111, Test Reg Loss: 29.5998, Test MAPE: 21.8002, Test R: 0.7848, Test RRSE: 0.7645
2025-02-10 15:57:41,041:INFO:Epoch 173: Train Loss: 703.7497, Train Node Loss: 45.4451, Train Reg Loss: 6.5830, Train MAPE: 24.2707, Train R: 0.9103, Train RRSE: 0.4153, Test Loss: 3119.2599, Test Node Loss: 22.5021, Test Reg Loss: 30.9676, Test MAPE: 21.4432, Test R: 0.7830, Test RRSE: 0.7819
2025-02-10 15:58:00,830:INFO:Epoch 174: Train Loss: 700.8339, Train Node Loss: 40.8948, Train Reg Loss: 6.5994, Train MAPE: 23.4516, Train R: 0.9106, Train RRSE: 0.4158, Test Loss: 3568.2679, Test Node Loss: 18.5530, Test Reg Loss: 35.4971, Test MAPE: 21.1218, Test R: 0.7793, Test RRSE: 0.8372
2025-02-10 15:58:20,654:INFO:Epoch 175: Train Loss: 763.4901, Train Node Loss: 45.4430, Train Reg Loss: 7.1805, Train MAPE: 24.6251, Train R: 0.9024, Train RRSE: 0.4337, Test Loss: 3308.6794, Test Node Loss: 20.4863, Test Reg Loss: 32.8819, Test MAPE: 21.2120, Test R: 0.7799, Test RRSE: 0.8057
2025-02-10 15:58:40,863:INFO:Epoch 176: Train Loss: 674.4346, Train Node Loss: 37.2709, Train Reg Loss: 6.3716, Train MAPE: 22.7285, Train R: 0.9193, Train RRSE: 0.4085, Test Loss: 3413.9677, Test Node Loss: 19.1307, Test Reg Loss: 33.9484, Test MAPE: 20.8835, Test R: 0.7792, Test RRSE: 0.8187
2025-02-10 15:59:01,234:INFO:Epoch 177: Train Loss: 737.0115, Train Node Loss: 44.7722, Train Reg Loss: 6.9224, Train MAPE: 24.5640, Train R: 0.9069, Train RRSE: 0.4258, Test Loss: 3082.6983, Test Node Loss: 22.7286, Test Reg Loss: 30.5997, Test MAPE: 21.7774, Test R: 0.7813, Test RRSE: 0.7773
2025-02-10 15:59:21,444:INFO:Epoch 178: Train Loss: 677.2851, Train Node Loss: 40.5698, Train Reg Loss: 6.3672, Train MAPE: 23.3052, Train R: 0.9134, Train RRSE: 0.4084, Test Loss: 3914.0402, Test Node Loss: 15.6840, Test Reg Loss: 38.9836, Test MAPE: 21.3392, Test R: 0.7752, Test RRSE: 0.8773
2025-02-10 15:59:41,793:INFO:Epoch 179: Train Loss: 797.8593, Train Node Loss: 39.0427, Train Reg Loss: 7.5882, Train MAPE: 23.3629, Train R: 0.8965, Train RRSE: 0.4458, Test Loss: 2724.5622, Test Node Loss: 25.6363, Test Reg Loss: 26.9893, Test MAPE: 21.9118, Test R: 0.7843, Test RRSE: 0.7300
2025-02-10 16:00:01,735:INFO:Epoch 180: Train Loss: 679.7847, Train Node Loss: 44.0649, Train Reg Loss: 6.3572, Train MAPE: 24.3390, Train R: 0.9146, Train RRSE: 0.4081, Test Loss: 3946.6068, Test Node Loss: 14.7473, Test Reg Loss: 39.3186, Test MAPE: 20.8554, Test R: 0.7769, Test RRSE: 0.8811
2025-02-10 16:00:22,083:INFO:Epoch 181: Train Loss: 863.7261, Train Node Loss: 29.3223, Train Reg Loss: 8.3440, Train MAPE: 21.0767, Train R: 0.9149, Train RRSE: 0.4675, Test Loss: 2917.9418, Test Node Loss: 22.2349, Test Reg Loss: 28.9571, Test MAPE: 20.8776, Test R: 0.7848, Test RRSE: 0.7561
2025-02-10 16:00:42,350:INFO:Epoch 182: Train Loss: 916.9567, Train Node Loss: 48.5801, Train Reg Loss: 8.6838, Train MAPE: 25.9279, Train R: 0.8929, Train RRSE: 0.4769, Test Loss: 3000.2189, Test Node Loss: 21.3623, Test Reg Loss: 29.7886, Test MAPE: 21.1555, Test R: 0.7823, Test RRSE: 0.7669
2025-02-10 16:01:02,227:INFO:Epoch 183: Train Loss: 704.5856, Train Node Loss: 36.3047, Train Reg Loss: 6.6828, Train MAPE: 22.7746, Train R: 0.9124, Train RRSE: 0.4184, Test Loss: 3514.6250, Test Node Loss: 17.0666, Test Reg Loss: 34.9756, Test MAPE: 21.1411, Test R: 0.7777, Test RRSE: 0.8310
2025-02-10 16:01:21,738:INFO:Epoch 184: Train Loss: 788.4424, Train Node Loss: 42.5686, Train Reg Loss: 7.4587, Train MAPE: 24.2996, Train R: 0.8973, Train RRSE: 0.4420, Test Loss: 2908.1687, Test Node Loss: 22.3039, Test Reg Loss: 28.8586, Test MAPE: 21.8038, Test R: 0.7828, Test RRSE: 0.7548
2025-02-10 16:01:41,848:INFO:Epoch 185: Train Loss: 669.5930, Train Node Loss: 39.8673, Train Reg Loss: 6.2973, Train MAPE: 23.7486, Train R: 0.9142, Train RRSE: 0.4062, Test Loss: 3348.7666, Test Node Loss: 17.7410, Test Reg Loss: 33.3103, Test MAPE: 21.1447, Test R: 0.7823, Test RRSE: 0.8110
2025-02-10 16:02:01,697:INFO:Epoch 186: Train Loss: 700.5813, Train Node Loss: 39.1331, Train Reg Loss: 6.6145, Train MAPE: 23.4903, Train R: 0.9105, Train RRSE: 0.4163, Test Loss: 3160.1890, Test Node Loss: 18.4458, Test Reg Loss: 31.4174, Test MAPE: 20.8215, Test R: 0.7853, Test RRSE: 0.7876
2025-02-10 16:02:21,657:INFO:Epoch 187: Train Loss: 843.0873, Train Node Loss: 32.6167, Train Reg Loss: 8.1047, Train MAPE: 22.2672, Train R: 0.8983, Train RRSE: 0.4608, Test Loss: 2982.2203, Test Node Loss: 20.4014, Test Reg Loss: 29.6182, Test MAPE: 21.3794, Test R: 0.7871, Test RRSE: 0.7647
2025-02-10 16:02:41,722:INFO:Epoch 188: Train Loss: 738.1166, Train Node Loss: 49.5511, Train Reg Loss: 6.8857, Train MAPE: 25.9329, Train R: 0.9196, Train RRSE: 0.4247, Test Loss: 3187.1844, Test Node Loss: 19.0263, Test Reg Loss: 31.6816, Test MAPE: 21.6320, Test R: 0.7841, Test RRSE: 0.7909
2025-02-10 16:03:01,436:INFO:Epoch 189: Train Loss: 770.6923, Train Node Loss: 33.0967, Train Reg Loss: 7.3760, Train MAPE: 22.1838, Train R: 0.9077, Train RRSE: 0.4396, Test Loss: 3654.5424, Test Node Loss: 14.3843, Test Reg Loss: 36.4016, Test MAPE: 20.6058, Test R: 0.7815, Test RRSE: 0.8477
2025-02-10 16:03:21,077:INFO:Epoch 190: Train Loss: 639.3478, Train Node Loss: 36.3062, Train Reg Loss: 6.0304, Train MAPE: 23.3217, Train R: 0.9211, Train RRSE: 0.3975, Test Loss: 2510.7269, Test Node Loss: 24.4696, Test Reg Loss: 24.8626, Test MAPE: 21.4913, Test R: 0.7875, Test RRSE: 0.7006
2025-02-10 16:03:40,568:INFO:Epoch 191: Train Loss: 702.8025, Train Node Loss: 42.4635, Train Reg Loss: 6.6034, Train MAPE: 24.8598, Train R: 0.9120, Train RRSE: 0.4159, Test Loss: 3432.5125, Test Node Loss: 16.7084, Test Reg Loss: 34.1580, Test MAPE: 21.6562, Test R: 0.7810, Test RRSE: 0.8212
2025-02-10 16:04:00,333:INFO:Epoch 192: Train Loss: 702.0533, Train Node Loss: 39.3440, Train Reg Loss: 6.6271, Train MAPE: 24.0159, Train R: 0.9095, Train RRSE: 0.4167, Test Loss: 3561.1589, Test Node Loss: 15.7261, Test Reg Loss: 35.4543, Test MAPE: 21.3738, Test R: 0.7817, Test RRSE: 0.8366
2025-02-10 16:04:20,564:INFO:Epoch 193: Train Loss: 724.9777, Train Node Loss: 33.0286, Train Reg Loss: 6.9195, Train MAPE: 22.3927, Train R: 0.9127, Train RRSE: 0.4257, Test Loss: 2900.5492, Test Node Loss: 20.1344, Test Reg Loss: 28.8041, Test MAPE: 21.6061, Test R: 0.7882, Test RRSE: 0.7541
2025-02-10 16:04:40,611:INFO:Epoch 194: Train Loss: 660.1101, Train Node Loss: 42.4156, Train Reg Loss: 6.1769, Train MAPE: 25.0849, Train R: 0.9199, Train RRSE: 0.4023, Test Loss: 3231.7300, Test Node Loss: 16.9227, Test Reg Loss: 32.1481, Test MAPE: 21.0639, Test R: 0.7866, Test RRSE: 0.7967
2025-02-10 16:05:00,541:INFO:Epoch 195: Train Loss: 696.2227, Train Node Loss: 31.4570, Train Reg Loss: 6.6477, Train MAPE: 22.5174, Train R: 0.9172, Train RRSE: 0.4173, Test Loss: 3387.0607, Test Node Loss: 15.4875, Test Reg Loss: 33.7157, Test MAPE: 21.0313, Test R: 0.7857, Test RRSE: 0.8159
2025-02-10 16:05:20,923:INFO:Epoch 196: Train Loss: 674.8131, Train Node Loss: 38.5582, Train Reg Loss: 6.3625, Train MAPE: 24.5275, Train R: 0.9148, Train RRSE: 0.4083, Test Loss: 2835.7491, Test Node Loss: 20.8682, Test Reg Loss: 28.1488, Test MAPE: 21.9925, Test R: 0.7892, Test RRSE: 0.7455
2025-02-10 16:05:41,243:INFO:Epoch 197: Train Loss: 611.4869, Train Node Loss: 39.6693, Train Reg Loss: 5.7182, Train MAPE: 24.6031, Train R: 0.9229, Train RRSE: 0.3870, Test Loss: 4031.2248, Test Node Loss: 12.3385, Test Reg Loss: 40.1889, Test MAPE: 21.7145, Test R: 0.7793, Test RRSE: 0.8908
2025-02-10 16:06:01,269:INFO:Epoch 198: Train Loss: 690.5141, Train Node Loss: 31.6031, Train Reg Loss: 6.5891, Train MAPE: 22.7302, Train R: 0.9184, Train RRSE: 0.4155, Test Loss: 3104.3342, Test Node Loss: 18.7795, Test Reg Loss: 30.8555, Test MAPE: 22.2662, Test R: 0.7859, Test RRSE: 0.7805
2025-02-10 16:06:21,329:INFO:Epoch 199: Train Loss: 599.1587, Train Node Loss: 36.9556, Train Reg Loss: 5.6220, Train MAPE: 24.1251, Train R: 0.9241, Train RRSE: 0.3838, Test Loss: 2958.0941, Test Node Loss: 19.3904, Test Reg Loss: 29.3870, Test MAPE: 21.9051, Test R: 0.7866, Test RRSE: 0.7617
2025-02-10 16:06:41,658:INFO:Epoch 200: Train Loss: 666.7764, Train Node Loss: 41.4702, Train Reg Loss: 6.2531, Train MAPE: 25.1616, Train R: 0.9178, Train RRSE: 0.4047, Test Loss: 3517.1875, Test Node Loss: 15.4483, Test Reg Loss: 35.0174, Test MAPE: 21.8811, Test R: 0.7802, Test RRSE: 0.8315
2025-02-10 16:07:02,252:INFO:Epoch 201: Train Loss: 672.8959, Train Node Loss: 31.2229, Train Reg Loss: 6.4167, Train MAPE: 22.6436, Train R: 0.9215, Train RRSE: 0.4100, Test Loss: 3439.8202, Test Node Loss: 15.8564, Test Reg Loss: 34.2396, Test MAPE: 21.9455, Test R: 0.7789, Test RRSE: 0.8222
2025-02-10 16:07:22,466:INFO:Epoch 202: Train Loss: 620.3396, Train Node Loss: 37.0805, Train Reg Loss: 5.8326, Train MAPE: 24.1277, Train R: 0.9205, Train RRSE: 0.3909, Test Loss: 3016.4983, Test Node Loss: 18.0966, Test Reg Loss: 29.9840, Test MAPE: 21.4890, Test R: 0.7805, Test RRSE: 0.7694
2025-02-10 16:07:43,232:INFO:Epoch 203: Train Loss: 653.0014, Train Node Loss: 36.8838, Train Reg Loss: 6.1612, Train MAPE: 24.1612, Train R: 0.9173, Train RRSE: 0.4017, Test Loss: 3162.9011, Test Node Loss: 16.6051, Test Reg Loss: 31.4630, Test MAPE: 21.1446, Test R: 0.7769, Test RRSE: 0.7881
2025-02-10 16:08:03,453:INFO:Epoch 204: Train Loss: 616.8226, Train Node Loss: 32.8924, Train Reg Loss: 5.8393, Train MAPE: 23.2845, Train R: 0.9234, Train RRSE: 0.3911, Test Loss: 3429.1021, Test Node Loss: 15.4561, Test Reg Loss: 34.1365, Test MAPE: 21.7878, Test R: 0.7752, Test RRSE: 0.8209
2025-02-10 16:08:23,823:INFO:Epoch 205: Train Loss: 667.9297, Train Node Loss: 37.4220, Train Reg Loss: 6.3051, Train MAPE: 24.5514, Train R: 0.9143, Train RRSE: 0.4064, Test Loss: 3498.0219, Test Node Loss: 14.9928, Test Reg Loss: 34.8303, Test MAPE: 21.7375, Test R: 0.7742, Test RRSE: 0.8293
2025-02-10 16:08:43,943:INFO:Epoch 206: Train Loss: 707.9873, Train Node Loss: 30.4024, Train Reg Loss: 6.7758, Train MAPE: 22.8258, Train R: 0.9132, Train RRSE: 0.4213, Test Loss: 3061.5590, Test Node Loss: 17.3860, Test Reg Loss: 30.4417, Test MAPE: 21.5059, Test R: 0.7797, Test RRSE: 0.7753
2025-02-10 16:09:03,814:INFO:Epoch 207: Train Loss: 677.3858, Train Node Loss: 37.2808, Train Reg Loss: 6.4011, Train MAPE: 24.7105, Train R: 0.9138, Train RRSE: 0.4095, Test Loss: 3535.3896, Test Node Loss: 13.8299, Test Reg Loss: 35.2156, Test MAPE: 21.3230, Test R: 0.7763, Test RRSE: 0.8338
2025-02-10 16:09:23,570:INFO:Epoch 208: Train Loss: 693.2139, Train Node Loss: 30.2296, Train Reg Loss: 6.6298, Train MAPE: 22.7393, Train R: 0.9157, Train RRSE: 0.4167, Test Loss: 2978.6178, Test Node Loss: 18.2326, Test Reg Loss: 29.6039, Test MAPE: 22.0640, Test R: 0.7817, Test RRSE: 0.7645
2025-02-10 16:09:43,610:INFO:Epoch 209: Train Loss: 612.7066, Train Node Loss: 36.2875, Train Reg Loss: 5.7642, Train MAPE: 24.1877, Train R: 0.9217, Train RRSE: 0.3886, Test Loss: 3380.8221, Test Node Loss: 15.0936, Test Reg Loss: 33.6573, Test MAPE: 21.8270, Test R: 0.7770, Test RRSE: 0.8152
2025-02-10 16:10:03,814:INFO:Epoch 210: Train Loss: 653.0596, Train Node Loss: 30.0352, Train Reg Loss: 6.2302, Train MAPE: 22.7498, Train R: 0.9219, Train RRSE: 0.4040, Test Loss: 2792.6899, Test Node Loss: 19.6987, Test Reg Loss: 27.7299, Test MAPE: 22.2505, Test R: 0.7827, Test RRSE: 0.7399
2025-02-10 16:10:23,974:INFO:Epoch 211: Train Loss: 730.9099, Train Node Loss: 41.9725, Train Reg Loss: 6.8894, Train MAPE: 25.8355, Train R: 0.9168, Train RRSE: 0.4248, Test Loss: 3556.0199, Test Node Loss: 12.4186, Test Reg Loss: 35.4360, Test MAPE: 20.6976, Test R: 0.7758, Test RRSE: 0.8364
2025-02-10 16:10:44,043:INFO:Epoch 212: Train Loss: 650.8749, Train Node Loss: 27.0419, Train Reg Loss: 6.2383, Train MAPE: 21.9671, Train R: 0.9319, Train RRSE: 0.4042, Test Loss: 3096.8399, Test Node Loss: 15.2643, Test Reg Loss: 30.8158, Test MAPE: 21.0862, Test R: 0.7801, Test RRSE: 0.7800
2025-02-10 16:11:03,900:INFO:Epoch 213: Train Loss: 635.0272, Train Node Loss: 36.0414, Train Reg Loss: 5.9899, Train MAPE: 24.4120, Train R: 0.9191, Train RRSE: 0.3961, Test Loss: 2733.0812, Test Node Loss: 19.2218, Test Reg Loss: 27.1386, Test MAPE: 22.2083, Test R: 0.7819, Test RRSE: 0.7320
2025-02-10 16:11:24,121:INFO:Epoch 214: Train Loss: 591.7576, Train Node Loss: 33.9649, Train Reg Loss: 5.5779, Train MAPE: 23.9454, Train R: 0.9250, Train RRSE: 0.3823, Test Loss: 3402.3232, Test Node Loss: 13.3267, Test Reg Loss: 33.8900, Test MAPE: 21.2096, Test R: 0.7753, Test RRSE: 0.8180
2025-02-10 16:11:44,447:INFO:Epoch 215: Train Loss: 735.1267, Train Node Loss: 30.0119, Train Reg Loss: 7.0511, Train MAPE: 23.0022, Train R: 0.9070, Train RRSE: 0.4298, Test Loss: 2693.8389, Test Node Loss: 19.3883, Test Reg Loss: 26.7445, Test MAPE: 22.1522, Test R: 0.7822, Test RRSE: 0.7266
2025-02-10 16:12:05,050:INFO:Epoch 216: Train Loss: 795.3105, Train Node Loss: 33.5074, Train Reg Loss: 7.6180, Train MAPE: 24.2711, Train R: 0.8949, Train RRSE: 0.4467, Test Loss: 3486.1614, Test Node Loss: 12.6351, Test Reg Loss: 34.7353, Test MAPE: 21.1476, Test R: 0.7774, Test RRSE: 0.8281
2025-02-10 16:12:25,708:INFO:Epoch 217: Train Loss: 641.9469, Train Node Loss: 33.2381, Train Reg Loss: 6.0871, Train MAPE: 24.2192, Train R: 0.9177, Train RRSE: 0.3993, Test Loss: 2704.5658, Test Node Loss: 19.6687, Test Reg Loss: 26.8490, Test MAPE: 22.4187, Test R: 0.7858, Test RRSE: 0.7281
2025-02-10 16:12:46,348:INFO:Epoch 218: Train Loss: 600.9810, Train Node Loss: 35.0745, Train Reg Loss: 5.6591, Train MAPE: 24.5639, Train R: 0.9236, Train RRSE: 0.3850, Test Loss: 3932.2442, Test Node Loss: 10.9896, Test Reg Loss: 39.2125, Test MAPE: 21.6214, Test R: 0.7750, Test RRSE: 0.8799
2025-02-10 16:13:06,958:INFO:Epoch 219: Train Loss: 662.3128, Train Node Loss: 28.7034, Train Reg Loss: 6.3361, Train MAPE: 22.7151, Train R: 0.9197, Train RRSE: 0.4074, Test Loss: 2907.7081, Test Node Loss: 18.4789, Test Reg Loss: 28.8923, Test MAPE: 22.5239, Test R: 0.7831, Test RRSE: 0.7553
2025-02-10 16:13:27,705:INFO:Epoch 220: Train Loss: 659.0618, Train Node Loss: 34.8748, Train Reg Loss: 6.2419, Train MAPE: 24.2463, Train R: 0.9149, Train RRSE: 0.4044, Test Loss: 3290.3532, Test Node Loss: 14.0371, Test Reg Loss: 32.7632, Test MAPE: 21.1621, Test R: 0.7777, Test RRSE: 0.8043
2025-02-10 16:13:48,240:INFO:Epoch 221: Train Loss: 586.2562, Train Node Loss: 33.0981, Train Reg Loss: 5.5316, Train MAPE: 23.6604, Train R: 0.9261, Train RRSE: 0.3807, Test Loss: 2988.3793, Test Node Loss: 16.3563, Test Reg Loss: 29.7202, Test MAPE: 21.4082, Test R: 0.7805, Test RRSE: 0.7660
2025-02-10 16:14:08,697:INFO:Epoch 222: Train Loss: 622.9744, Train Node Loss: 32.4201, Train Reg Loss: 5.9055, Train MAPE: 23.6039, Train R: 0.9204, Train RRSE: 0.3933, Test Loss: 3182.5230, Test Node Loss: 15.6112, Test Reg Loss: 31.6691, Test MAPE: 22.0685, Test R: 0.7802, Test RRSE: 0.7907
2025-02-10 16:14:29,181:INFO:Epoch 223: Train Loss: 635.8791, Train Node Loss: 32.9020, Train Reg Loss: 6.0298, Train MAPE: 23.7953, Train R: 0.9181, Train RRSE: 0.3974, Test Loss: 3003.0830, Test Node Loss: 16.3846, Test Reg Loss: 29.8670, Test MAPE: 21.7718, Test R: 0.7814, Test RRSE: 0.7679
2025-02-10 16:14:49,699:INFO:Epoch 224: Train Loss: 612.4778, Train Node Loss: 31.8779, Train Reg Loss: 5.8060, Train MAPE: 23.6646, Train R: 0.9216, Train RRSE: 0.3900, Test Loss: 3041.2461, Test Node Loss: 16.6685, Test Reg Loss: 30.2458, Test MAPE: 22.1959, Test R: 0.7801, Test RRSE: 0.7728
2025-02-10 16:15:10,369:INFO:Epoch 225: Train Loss: 590.1207, Train Node Loss: 34.8162, Train Reg Loss: 5.5530, Train MAPE: 24.3800, Train R: 0.9245, Train RRSE: 0.3814, Test Loss: 3473.9423, Test Node Loss: 13.3529, Test Reg Loss: 34.6059, Test MAPE: 21.6663, Test R: 0.7751, Test RRSE: 0.8266
2025-02-10 16:15:31,055:INFO:Epoch 226: Train Loss: 678.0191, Train Node Loss: 32.4765, Train Reg Loss: 6.4554, Train MAPE: 23.6794, Train R: 0.9126, Train RRSE: 0.4112, Test Loss: 2769.8818, Test Node Loss: 18.6963, Test Reg Loss: 27.5119, Test MAPE: 22.3403, Test R: 0.7830, Test RRSE: 0.7370
2025-02-10 16:15:50,982:INFO:Epoch 227: Train Loss: 598.1887, Train Node Loss: 32.2017, Train Reg Loss: 5.6599, Train MAPE: 23.7214, Train R: 0.9238, Train RRSE: 0.3850, Test Loss: 3400.9383, Test Node Loss: 13.5158, Test Reg Loss: 33.8742, Test MAPE: 21.6320, Test R: 0.7783, Test RRSE: 0.8178
2025-02-10 16:16:11,265:INFO:Epoch 228: Train Loss: 634.5622, Train Node Loss: 34.3028, Train Reg Loss: 6.0026, Train MAPE: 24.2389, Train R: 0.9183, Train RRSE: 0.3965, Test Loss: 2957.5285, Test Node Loss: 16.5129, Test Reg Loss: 29.4102, Test MAPE: 21.9857, Test R: 0.7828, Test RRSE: 0.7620
2025-02-10 16:16:31,898:INFO:Epoch 229: Train Loss: 640.1978, Train Node Loss: 28.8940, Train Reg Loss: 6.1130, Train MAPE: 22.9901, Train R: 0.9201, Train RRSE: 0.4002, Test Loss: 2890.7565, Test Node Loss: 16.6613, Test Reg Loss: 28.7410, Test MAPE: 21.8401, Test R: 0.7839, Test RRSE: 0.7533
2025-02-10 16:16:52,373:INFO:Epoch 230: Train Loss: 622.1179, Train Node Loss: 33.3008, Train Reg Loss: 5.8882, Train MAPE: 24.3629, Train R: 0.9207, Train RRSE: 0.3927, Test Loss: 3045.0706, Test Node Loss: 14.8551, Test Reg Loss: 30.3022, Test MAPE: 21.3831, Test R: 0.7816, Test RRSE: 0.7735
2025-02-10 16:17:13,018:INFO:Epoch 231: Train Loss: 607.7963, Train Node Loss: 30.2385, Train Reg Loss: 5.7756, Train MAPE: 23.6242, Train R: 0.9225, Train RRSE: 0.3890, Test Loss: 3069.8812, Test Node Loss: 15.4398, Test Reg Loss: 30.5444, Test MAPE: 22.0833, Test R: 0.7815, Test RRSE: 0.7766
2025-02-10 16:17:33,795:INFO:Epoch 232: Train Loss: 545.0567, Train Node Loss: 34.4953, Train Reg Loss: 5.1056, Train MAPE: 24.6556, Train R: 0.9311, Train RRSE: 0.3657, Test Loss: 3336.5041, Test Node Loss: 14.1535, Test Reg Loss: 33.2235, Test MAPE: 22.5060, Test R: 0.7799, Test RRSE: 0.8099
2025-02-10 16:17:54,339:INFO:Epoch 233: Train Loss: 586.0009, Train Node Loss: 30.3103, Train Reg Loss: 5.5569, Train MAPE: 23.7152, Train R: 0.9254, Train RRSE: 0.3815, Test Loss: 3204.7279, Test Node Loss: 13.5867, Test Reg Loss: 31.9114, Test MAPE: 21.6897, Test R: 0.7798, Test RRSE: 0.7937
2025-02-10 16:18:14,866:INFO:Epoch 234: Train Loss: 578.1534, Train Node Loss: 30.7795, Train Reg Loss: 5.4737, Train MAPE: 23.8024, Train R: 0.9272, Train RRSE: 0.3787, Test Loss: 2977.5242, Test Node Loss: 15.3122, Test Reg Loss: 29.6221, Test MAPE: 22.0323, Test R: 0.7817, Test RRSE: 0.7647
2025-02-10 16:18:35,568:INFO:Epoch 235: Train Loss: 631.5556, Train Node Loss: 29.4397, Train Reg Loss: 6.0212, Train MAPE: 23.3938, Train R: 0.9187, Train RRSE: 0.3971, Test Loss: 3365.8203, Test Node Loss: 12.8024, Test Reg Loss: 33.5302, Test MAPE: 21.9915, Test R: 0.7784, Test RRSE: 0.8136
2025-02-10 16:18:56,144:INFO:Epoch 236: Train Loss: 681.0509, Train Node Loss: 35.6486, Train Reg Loss: 6.4540, Train MAPE: 25.3085, Train R: 0.9159, Train RRSE: 0.4112, Test Loss: 3209.0365, Test Node Loss: 13.3137, Test Reg Loss: 31.9572, Test MAPE: 21.5677, Test R: 0.7783, Test RRSE: 0.7943
2025-02-10 16:19:16,667:INFO:Epoch 237: Train Loss: 574.3587, Train Node Loss: 27.6306, Train Reg Loss: 5.4673, Train MAPE: 23.0494, Train R: 0.9334, Train RRSE: 0.3784, Test Loss: 3547.9763, Test Node Loss: 11.2570, Test Reg Loss: 35.3672, Test MAPE: 21.3653, Test R: 0.7781, Test RRSE: 0.8356
2025-02-10 16:19:37,244:INFO:Epoch 238: Train Loss: 766.8899, Train Node Loss: 35.7234, Train Reg Loss: 7.3117, Train MAPE: 25.2085, Train R: 0.9043, Train RRSE: 0.4376, Test Loss: 3143.5117, Test Node Loss: 12.9871, Test Reg Loss: 31.3052, Test MAPE: 21.3430, Test R: 0.7818, Test RRSE: 0.7862
2025-02-10 16:19:57,783:INFO:Epoch 239: Train Loss: 659.0622, Train Node Loss: 23.9532, Train Reg Loss: 6.3511, Train MAPE: 21.9279, Train R: 0.9312, Train RRSE: 0.4079, Test Loss: 3396.1824, Test Node Loss: 10.9118, Test Reg Loss: 33.8527, Test MAPE: 20.6651, Test R: 0.7818, Test RRSE: 0.8175
2025-02-10 16:20:18,292:INFO:Epoch 240: Train Loss: 580.2523, Train Node Loss: 34.1748, Train Reg Loss: 5.4608, Train MAPE: 24.6685, Train R: 0.9276, Train RRSE: 0.3782, Test Loss: 2404.9422, Test Node Loss: 20.5661, Test Reg Loss: 23.8438, Test MAPE: 23.1361, Test R: 0.7882, Test RRSE: 0.6861
2025-02-10 16:20:38,271:INFO:Epoch 241: Train Loss: 582.5703, Train Node Loss: 32.8409, Train Reg Loss: 5.4973, Train MAPE: 24.4464, Train R: 0.9254, Train RRSE: 0.3795, Test Loss: 3447.7924, Test Node Loss: 11.7163, Test Reg Loss: 34.3608, Test MAPE: 21.8909, Test R: 0.7807, Test RRSE: 0.8236
2025-02-10 16:20:58,417:INFO:Epoch 242: Train Loss: 540.0548, Train Node Loss: 29.3629, Train Reg Loss: 5.1069, Train MAPE: 23.5363, Train R: 0.9335, Train RRSE: 0.3658, Test Loss: 2968.8991, Test Node Loss: 14.6678, Test Reg Loss: 29.5423, Test MAPE: 22.1862, Test R: 0.7857, Test RRSE: 0.7637
2025-02-10 16:21:18,488:INFO:Epoch 243: Train Loss: 623.7277, Train Node Loss: 34.2368, Train Reg Loss: 5.8949, Train MAPE: 24.9625, Train R: 0.9218, Train RRSE: 0.3930, Test Loss: 3210.7215, Test Node Loss: 12.2808, Test Reg Loss: 31.9844, Test MAPE: 21.6117, Test R: 0.7846, Test RRSE: 0.7947
2025-02-10 16:21:38,799:INFO:Epoch 244: Train Loss: 645.8780, Train Node Loss: 24.5650, Train Reg Loss: 6.2131, Train MAPE: 22.4806, Train R: 0.9252, Train RRSE: 0.4034, Test Loss: 2820.0586, Test Node Loss: 14.4725, Test Reg Loss: 28.0559, Test MAPE: 21.5510, Test R: 0.7880, Test RRSE: 0.7443
2025-02-10 16:21:59,394:INFO:Epoch 245: Train Loss: 636.4020, Train Node Loss: 34.0559, Train Reg Loss: 6.0235, Train MAPE: 25.0061, Train R: 0.9224, Train RRSE: 0.3972, Test Loss: 3360.2065, Test Node Loss: 10.9593, Test Reg Loss: 33.4925, Test MAPE: 21.3322, Test R: 0.7827, Test RRSE: 0.8132
2025-02-10 16:22:20,142:INFO:Epoch 246: Train Loss: 667.8676, Train Node Loss: 23.0579, Train Reg Loss: 6.4481, Train MAPE: 22.4064, Train R: 0.9267, Train RRSE: 0.4110, Test Loss: 2936.0508, Test Node Loss: 14.3877, Test Reg Loss: 29.2166, Test MAPE: 22.4739, Test R: 0.7877, Test RRSE: 0.7595
2025-02-10 16:22:40,830:INFO:Epoch 247: Train Loss: 568.8867, Train Node Loss: 33.6297, Train Reg Loss: 5.3526, Train MAPE: 25.4145, Train R: 0.9309, Train RRSE: 0.3744, Test Loss: 3204.7188, Test Node Loss: 11.9928, Test Reg Loss: 31.9273, Test MAPE: 21.6509, Test R: 0.7864, Test RRSE: 0.7939
2025-02-10 16:23:01,499:INFO:Epoch 248: Train Loss: 570.2286, Train Node Loss: 25.2768, Train Reg Loss: 5.4495, Train MAPE: 22.9434, Train R: 0.9327, Train RRSE: 0.3778, Test Loss: 3284.5572, Test Node Loss: 11.3685, Test Reg Loss: 32.7319, Test MAPE: 21.6081, Test R: 0.7861, Test RRSE: 0.8039
2025-02-10 16:23:22,109:INFO:Epoch 249: Train Loss: 540.0109, Train Node Loss: 30.9862, Train Reg Loss: 5.0902, Train MAPE: 24.2120, Train R: 0.9312, Train RRSE: 0.3652, Test Loss: 2708.1637, Test Node Loss: 15.9024, Test Reg Loss: 26.9226, Test MAPE: 22.4147, Test R: 0.7897, Test RRSE: 0.7291
2025-02-10 16:23:42,608:INFO:Epoch 250: Train Loss: 640.2427, Train Node Loss: 28.6655, Train Reg Loss: 6.1158, Train MAPE: 23.8759, Train R: 0.9172, Train RRSE: 0.4003, Test Loss: 3453.1713, Test Node Loss: 10.1124, Test Reg Loss: 34.4306, Test MAPE: 21.1250, Test R: 0.7830, Test RRSE: 0.8245
2025-02-10 16:24:03,253:INFO:Epoch 251: Train Loss: 615.0053, Train Node Loss: 29.4052, Train Reg Loss: 5.8560, Train MAPE: 23.8777, Train R: 0.9206, Train RRSE: 0.3917, Test Loss: 2755.1115, Test Node Loss: 16.3445, Test Reg Loss: 27.3877, Test MAPE: 22.7714, Test R: 0.7884, Test RRSE: 0.7353
2025-02-10 16:24:23,351:INFO:Epoch 252: Train Loss: 620.5596, Train Node Loss: 30.4711, Train Reg Loss: 5.9009, Train MAPE: 24.1093, Train R: 0.9196, Train RRSE: 0.3932, Test Loss: 3325.6930, Test Node Loss: 11.6831, Test Reg Loss: 33.1401, Test MAPE: 21.8906, Test R: 0.7847, Test RRSE: 0.8089
2025-02-10 16:24:43,439:INFO:Epoch 253: Train Loss: 545.9112, Train Node Loss: 27.7170, Train Reg Loss: 5.1819, Train MAPE: 23.3852, Train R: 0.9324, Train RRSE: 0.3684, Test Loss: 2718.5813, Test Node Loss: 16.1380, Test Reg Loss: 27.0244, Test MAPE: 22.4643, Test R: 0.7893, Test RRSE: 0.7304
2025-02-10 16:25:03,808:INFO:Epoch 254: Train Loss: 650.3958, Train Node Loss: 35.2112, Train Reg Loss: 6.1518, Train MAPE: 25.8043, Train R: 0.9232, Train RRSE: 0.4014, Test Loss: 3336.2497, Test Node Loss: 11.0065, Test Reg Loss: 33.2524, Test MAPE: 21.5742, Test R: 0.7829, Test RRSE: 0.8102
2025-02-10 16:25:23,865:INFO:Epoch 255: Train Loss: 675.2027, Train Node Loss: 22.1692, Train Reg Loss: 6.5303, Train MAPE: 22.0811, Train R: 0.9261, Train RRSE: 0.4136, Test Loss: 3218.1205, Test Node Loss: 11.3976, Test Reg Loss: 32.0672, Test MAPE: 21.5442, Test R: 0.7830, Test RRSE: 0.7957
2025-02-10 16:25:43,855:INFO:Epoch 256: Train Loss: 750.2867, Train Node Loss: 35.7422, Train Reg Loss: 7.1454, Train MAPE: 25.7606, Train R: 0.9117, Train RRSE: 0.4326, Test Loss: 3235.5127, Test Node Loss: 10.8072, Test Reg Loss: 32.2471, Test MAPE: 21.0091, Test R: 0.7812, Test RRSE: 0.7979
2025-02-10 16:26:03,986:INFO:Epoch 257: Train Loss: 783.9229, Train Node Loss: 21.1910, Train Reg Loss: 7.6273, Train MAPE: 21.4426, Train R: 0.9233, Train RRSE: 0.4470, Test Loss: 3403.3478, Test Node Loss: 9.5705, Test Reg Loss: 33.9378, Test MAPE: 20.5717, Test R: 0.7807, Test RRSE: 0.8186
2025-02-10 16:26:24,243:INFO:Epoch 258: Train Loss: 634.7767, Train Node Loss: 34.2872, Train Reg Loss: 6.0049, Train MAPE: 25.0147, Train R: 0.9215, Train RRSE: 0.3966, Test Loss: 2342.1672, Test Node Loss: 18.7398, Test Reg Loss: 23.2343, Test MAPE: 22.6519, Test R: 0.7863, Test RRSE: 0.6773
2025-02-10 16:26:44,398:INFO:Epoch 259: Train Loss: 713.6987, Train Node Loss: 28.7221, Train Reg Loss: 6.8498, Train MAPE: 24.0097, Train R: 0.9068, Train RRSE: 0.4236, Test Loss: 3705.9330, Test Node Loss: 8.2091, Test Reg Loss: 36.9772, Test MAPE: 20.8380, Test R: 0.7817, Test RRSE: 0.8544
2025-02-10 16:27:04,657:INFO:Epoch 260: Train Loss: 602.3859, Train Node Loss: 25.4702, Train Reg Loss: 5.7692, Train MAPE: 22.8476, Train R: 0.9281, Train RRSE: 0.3887, Test Loss: 2291.8731, Test Node Loss: 20.5171, Test Reg Loss: 22.7136, Test MAPE: 23.8040, Test R: 0.7947, Test RRSE: 0.6697
2025-02-10 16:27:24,773:INFO:Epoch 261: Train Loss: 689.6249, Train Node Loss: 33.5128, Train Reg Loss: 6.5611, Train MAPE: 25.5331, Train R: 0.9148, Train RRSE: 0.4146, Test Loss: 3227.6346, Test Node Loss: 10.4293, Test Reg Loss: 32.1721, Test MAPE: 21.3391, Test R: 0.7901, Test RRSE: 0.7970
2025-02-10 16:27:44,817:INFO:Epoch 262: Train Loss: 532.7766, Train Node Loss: 25.3780, Train Reg Loss: 5.0740, Train MAPE: 23.2561, Train R: 0.9357, Train RRSE: 0.3646, Test Loss: 2730.2498, Test Node Loss: 14.2292, Test Reg Loss: 27.1602, Test MAPE: 22.1617, Test R: 0.7931, Test RRSE: 0.7323
2025-02-10 16:28:05,021:INFO:Epoch 263: Train Loss: 643.8273, Train Node Loss: 30.5001, Train Reg Loss: 6.1333, Train MAPE: 24.6379, Train R: 0.9175, Train RRSE: 0.4008, Test Loss: 3366.7437, Test Node Loss: 9.7866, Test Reg Loss: 33.5696, Test MAPE: 21.3469, Test R: 0.7896, Test RRSE: 0.8141
2025-02-10 16:28:25,219:INFO:Epoch 264: Train Loss: 543.8719, Train Node Loss: 24.8018, Train Reg Loss: 5.1907, Train MAPE: 22.9278, Train R: 0.9358, Train RRSE: 0.3687, Test Loss: 2635.0814, Test Node Loss: 15.4661, Test Reg Loss: 26.1962, Test MAPE: 22.5217, Test R: 0.7944, Test RRSE: 0.7192
2025-02-10 16:28:45,218:INFO:Epoch 265: Train Loss: 581.0428, Train Node Loss: 34.0201, Train Reg Loss: 5.4702, Train MAPE: 25.7689, Train R: 0.9326, Train RRSE: 0.3785, Test Loss: 3414.8476, Test Node Loss: 10.0202, Test Reg Loss: 34.0483, Test MAPE: 21.5736, Test R: 0.7916, Test RRSE: 0.8199
2025-02-10 16:29:05,049:INFO:Epoch 266: Train Loss: 572.5097, Train Node Loss: 25.1152, Train Reg Loss: 5.4739, Train MAPE: 22.8461, Train R: 0.9344, Train RRSE: 0.3787, Test Loss: 3200.8872, Test Node Loss: 11.4435, Test Reg Loss: 31.8944, Test MAPE: 22.1159, Test R: 0.7934, Test RRSE: 0.7935
2025-02-10 16:29:25,174:INFO:Epoch 267: Train Loss: 804.0380, Train Node Loss: 33.5990, Train Reg Loss: 7.7044, Train MAPE: 25.4886, Train R: 0.9003, Train RRSE: 0.4492, Test Loss: 3124.6512, Test Node Loss: 10.9831, Test Reg Loss: 31.1367, Test MAPE: 21.6013, Test R: 0.7957, Test RRSE: 0.7840
2025-02-10 16:29:25,209:INFO:Checkpoint saved at best_0.0008_0.001_256_SAGE_2_64_0.7957_epoch_267.pth
2025-02-10 16:29:45,160:INFO:Epoch 268: Train Loss: 664.9852, Train Node Loss: 20.6995, Train Reg Loss: 6.4429, Train MAPE: 22.0956, Train R: 0.9313, Train RRSE: 0.4108, Test Loss: 3096.0960, Test Node Loss: 9.7890, Test Reg Loss: 30.8631, Test MAPE: 20.7369, Test R: 0.7964, Test RRSE: 0.7806
2025-02-10 16:29:45,185:INFO:Checkpoint saved at best_0.0008_0.001_256_SAGE_2_64_0.7964_epoch_268.pth
2025-02-10 16:30:05,196:INFO:Epoch 269: Train Loss: 580.9111, Train Node Loss: 28.3735, Train Reg Loss: 5.5254, Train MAPE: 24.5317, Train R: 0.9277, Train RRSE: 0.3804, Test Loss: 2060.8983, Test Node Loss: 20.4072, Test Reg Loss: 20.4049, Test MAPE: 23.6392, Test R: 0.8034, Test RRSE: 0.6347
2025-02-10 16:30:05,231:INFO:Checkpoint saved at best_0.0008_0.001_256_SAGE_2_64_0.8034_epoch_269.pth
2025-02-10 16:30:25,346:INFO:Epoch 270: Train Loss: 607.9679, Train Node Loss: 30.7573, Train Reg Loss: 5.7721, Train MAPE: 24.8789, Train R: 0.9236, Train RRSE: 0.3888, Test Loss: 3485.7501, Test Node Loss: 8.4020, Test Reg Loss: 34.7735, Test MAPE: 21.1816, Test R: 0.7951, Test RRSE: 0.8286
2025-02-10 16:30:45,474:INFO:Epoch 271: Train Loss: 560.5225, Train Node Loss: 21.5974, Train Reg Loss: 5.3893, Train MAPE: 22.4226, Train R: 0.9453, Train RRSE: 0.3757, Test Loss: 2218.8596, Test Node Loss: 19.9852, Test Reg Loss: 21.9887, Test MAPE: 24.2303, Test R: 0.8033, Test RRSE: 0.6589
2025-02-10 16:31:05,997:INFO:Epoch 272: Train Loss: 668.2676, Train Node Loss: 36.3420, Train Reg Loss: 6.3193, Train MAPE: 26.5733, Train R: 0.9293, Train RRSE: 0.4069, Test Loss: 3085.6939, Test Node Loss: 10.0281, Test Reg Loss: 30.7567, Test MAPE: 21.3223, Test R: 0.7974, Test RRSE: 0.7792
2025-02-10 16:31:26,066:INFO:Epoch 273: Train Loss: 630.5885, Train Node Loss: 20.5245, Train Reg Loss: 6.1006, Train MAPE: 21.9248, Train R: 0.9400, Train RRSE: 0.3998, Test Loss: 2894.4803, Test Node Loss: 10.4969, Test Reg Loss: 28.8398, Test MAPE: 20.8686, Test R: 0.7999, Test RRSE: 0.7546
2025-02-10 16:31:46,270:INFO:Epoch 274: Train Loss: 519.1280, Train Node Loss: 28.7907, Train Reg Loss: 4.9034, Train MAPE: 24.6635, Train R: 0.9354, Train RRSE: 0.3584, Test Loss: 2279.9824, Test Node Loss: 16.3860, Test Reg Loss: 22.6360, Test MAPE: 22.4715, Test R: 0.8020, Test RRSE: 0.6685
2025-02-10 16:32:06,469:INFO:Epoch 275: Train Loss: 596.0697, Train Node Loss: 29.6160, Train Reg Loss: 5.6645, Train MAPE: 24.7082, Train R: 0.9242, Train RRSE: 0.3852, Test Loss: 3104.2511, Test Node Loss: 10.4437, Test Reg Loss: 30.9381, Test MAPE: 21.7447, Test R: 0.7984, Test RRSE: 0.7815
2025-02-10 16:32:26,440:INFO:Epoch 276: Train Loss: 658.6800, Train Node Loss: 21.7719, Train Reg Loss: 6.3691, Train MAPE: 22.4735, Train R: 0.9251, Train RRSE: 0.4085, Test Loss: 2880.9129, Test Node Loss: 11.8468, Test Reg Loss: 28.6907, Test MAPE: 22.3420, Test R: 0.7982, Test RRSE: 0.7526
2025-02-10 16:32:45,854:INFO:Epoch 277: Train Loss: 583.5924, Train Node Loss: 32.7164, Train Reg Loss: 5.5088, Train MAPE: 25.8214, Train R: 0.9329, Train RRSE: 0.3799, Test Loss: 2639.3680, Test Node Loss: 13.6834, Test Reg Loss: 26.2568, Test MAPE: 22.7420, Test R: 0.7976, Test RRSE: 0.7200
2025-02-10 16:33:05,756:INFO:Epoch 278: Train Loss: 634.7139, Train Node Loss: 23.6562, Train Reg Loss: 6.1106, Train MAPE: 23.2791, Train R: 0.9199, Train RRSE: 0.4001, Test Loss: 3336.6167, Test Node Loss: 7.8557, Test Reg Loss: 33.2876, Test MAPE: 20.4873, Test R: 0.7948, Test RRSE: 0.8107
2025-02-10 16:33:25,797:INFO:Epoch 279: Train Loss: 510.7970, Train Node Loss: 23.3398, Train Reg Loss: 4.8746, Train MAPE: 23.2420, Train R: 0.9398, Train RRSE: 0.3573, Test Loss: 2356.2780, Test Node Loss: 15.3333, Test Reg Loss: 23.4094, Test MAPE: 22.5911, Test R: 0.8001, Test RRSE: 0.6798
2025-02-10 16:33:45,561:INFO:Epoch 280: Train Loss: 681.7629, Train Node Loss: 33.3670, Train Reg Loss: 6.4840, Train MAPE: 26.0539, Train R: 0.9220, Train RRSE: 0.4121, Test Loss: 3341.1651, Test Node Loss: 9.1338, Test Reg Loss: 33.3203, Test MAPE: 21.7152, Test R: 0.7972, Test RRSE: 0.8111
2025-02-10 16:34:05,395:INFO:Epoch 281: Train Loss: 663.5614, Train Node Loss: 20.1988, Train Reg Loss: 6.4336, Train MAPE: 22.1999, Train R: 0.9346, Train RRSE: 0.4105, Test Loss: 3184.1017, Test Node Loss: 9.8751, Test Reg Loss: 31.7423, Test MAPE: 21.6674, Test R: 0.7992, Test RRSE: 0.7916
2025-02-10 16:34:25,463:INFO:Epoch 282: Train Loss: 534.1325, Train Node Loss: 31.4294, Train Reg Loss: 5.0270, Train MAPE: 25.0332, Train R: 0.9337, Train RRSE: 0.3629, Test Loss: 2311.4236, Test Node Loss: 16.4688, Test Reg Loss: 22.9495, Test MAPE: 22.8127, Test R: 0.7990, Test RRSE: 0.6731
2025-02-10 16:34:45,654:INFO:Epoch 283: Train Loss: 544.5052, Train Node Loss: 28.2021, Train Reg Loss: 5.1630, Train MAPE: 24.4453, Train R: 0.9313, Train RRSE: 0.3678, Test Loss: 3211.1798, Test Node Loss: 8.9657, Test Reg Loss: 32.0221, Test MAPE: 20.8578, Test R: 0.7949, Test RRSE: 0.7951
2025-02-10 16:35:05,848:INFO:Epoch 284: Train Loss: 503.2004, Train Node Loss: 24.0379, Train Reg Loss: 4.7916, Train MAPE: 23.0330, Train R: 0.9431, Train RRSE: 0.3543, Test Loss: 2719.1076, Test Node Loss: 13.2447, Test Reg Loss: 27.0586, Test MAPE: 22.4955, Test R: 0.7969, Test RRSE: 0.7309
2025-02-10 16:35:25,967:INFO:Epoch 285: Train Loss: 666.7417, Train Node Loss: 34.3692, Train Reg Loss: 6.3237, Train MAPE: 25.8493, Train R: 0.9254, Train RRSE: 0.4070, Test Loss: 3240.4411, Test Node Loss: 8.8281, Test Reg Loss: 32.3161, Test MAPE: 21.0247, Test R: 0.7964, Test RRSE: 0.7988
2025-02-10 16:35:46,164:INFO:Epoch 286: Train Loss: 771.2366, Train Node Loss: 18.9198, Train Reg Loss: 7.5232, Train MAPE: 21.7533, Train R: 0.9225, Train RRSE: 0.4439, Test Loss: 2790.6001, Test Node Loss: 10.7437, Test Reg Loss: 27.7986, Test MAPE: 21.3024, Test R: 0.7998, Test RRSE: 0.7408
2025-02-10 16:36:06,194:INFO:Epoch 287: Train Loss: 549.9292, Train Node Loss: 30.4728, Train Reg Loss: 5.1946, Train MAPE: 25.3421, Train R: 0.9334, Train RRSE: 0.3689, Test Loss: 2461.6535, Test Node Loss: 14.1769, Test Reg Loss: 24.4748, Test MAPE: 22.5449, Test R: 0.8021, Test RRSE: 0.6951
2025-02-10 16:36:26,504:INFO:Epoch 288: Train Loss: 507.4556, Train Node Loss: 24.8317, Train Reg Loss: 4.8262, Train MAPE: 23.8062, Train R: 0.9365, Train RRSE: 0.3556, Test Loss: 3033.0221, Test Node Loss: 9.4120, Test Reg Loss: 30.2361, Test MAPE: 21.5141, Test R: 0.8009, Test RRSE: 0.7726
2025-02-10 16:36:46,473:INFO:Epoch 289: Train Loss: 525.8802, Train Node Loss: 24.2447, Train Reg Loss: 5.0164, Train MAPE: 23.8365, Train R: 0.9336, Train RRSE: 0.3625, Test Loss: 2503.0307, Test Node Loss: 13.8120, Test Reg Loss: 24.8922, Test MAPE: 22.9342, Test R: 0.8003, Test RRSE: 0.7010
2025-02-10 16:37:06,350:INFO:Epoch 290: Train Loss: 498.1424, Train Node Loss: 27.9116, Train Reg Loss: 4.7023, Train MAPE: 25.0419, Train R: 0.9382, Train RRSE: 0.3510, Test Loss: 2995.0070, Test Node Loss: 9.1378, Test Reg Loss: 29.8587, Test MAPE: 21.2349, Test R: 0.7992, Test RRSE: 0.7678
2025-02-10 16:37:26,059:INFO:Epoch 291: Train Loss: 555.3123, Train Node Loss: 19.8503, Train Reg Loss: 5.3546, Train MAPE: 22.3877, Train R: 0.9434, Train RRSE: 0.3745, Test Loss: 2912.8449, Test Node Loss: 9.6795, Test Reg Loss: 29.0317, Test MAPE: 21.3535, Test R: 0.7996, Test RRSE: 0.7571
2025-02-10 16:37:46,344:INFO:Epoch 292: Train Loss: 574.9311, Train Node Loss: 29.2403, Train Reg Loss: 5.4569, Train MAPE: 25.1544, Train R: 0.9294, Train RRSE: 0.3781, Test Loss: 2567.4090, Test Node Loss: 13.2750, Test Reg Loss: 25.5413, Test MAPE: 22.6060, Test R: 0.7998, Test RRSE: 0.7101
2025-02-10 16:38:06,416:INFO:Epoch 293: Train Loss: 483.2563, Train Node Loss: 26.4310, Train Reg Loss: 4.5683, Train MAPE: 24.0352, Train R: 0.9388, Train RRSE: 0.3459, Test Loss: 3449.5057, Test Node Loss: 8.3558, Test Reg Loss: 34.4115, Test MAPE: 21.7143, Test R: 0.7980, Test RRSE: 0.8243
2025-02-10 16:38:26,316:INFO:Epoch 294: Train Loss: 491.8670, Train Node Loss: 25.3884, Train Reg Loss: 4.6648, Train MAPE: 23.8777, Train R: 0.9391, Train RRSE: 0.3496, Test Loss: 2688.6622, Test Node Loss: 13.2650, Test Reg Loss: 26.7540, Test MAPE: 22.8670, Test R: 0.7995, Test RRSE: 0.7268
2025-02-10 16:38:46,220:INFO:Epoch 295: Train Loss: 481.6259, Train Node Loss: 28.7274, Train Reg Loss: 4.5290, Train MAPE: 24.8229, Train R: 0.9395, Train RRSE: 0.3444, Test Loss: 3171.6826, Test Node Loss: 8.3919, Test Reg Loss: 31.6329, Test MAPE: 21.1459, Test R: 0.7988, Test RRSE: 0.7903
2025-02-10 16:39:05,939:INFO:Epoch 296: Train Loss: 533.5007, Train Node Loss: 22.2818, Train Reg Loss: 5.1122, Train MAPE: 23.0055, Train R: 0.9374, Train RRSE: 0.3659, Test Loss: 2597.5241, Test Node Loss: 11.6148, Test Reg Loss: 25.8591, Test MAPE: 21.8272, Test R: 0.8000, Test RRSE: 0.7145
2025-02-10 16:39:25,802:INFO:Epoch 297: Train Loss: 522.7874, Train Node Loss: 27.3135, Train Reg Loss: 4.9547, Train MAPE: 24.7515, Train R: 0.9348, Train RRSE: 0.3603, Test Loss: 2928.0783, Test Node Loss: 10.6076, Test Reg Loss: 29.1747, Test MAPE: 22.2435, Test R: 0.7994, Test RRSE: 0.7589
2025-02-10 16:39:45,802:INFO:Epoch 298: Train Loss: 508.6646, Train Node Loss: 24.3352, Train Reg Loss: 4.8433, Train MAPE: 23.4977, Train R: 0.9365, Train RRSE: 0.3562, Test Loss: 3105.4676, Test Node Loss: 9.9319, Test Reg Loss: 30.9554, Test MAPE: 22.1623, Test R: 0.7988, Test RRSE: 0.7818
2025-02-10 16:40:05,678:INFO:Epoch 299: Train Loss: 509.3357, Train Node Loss: 28.4530, Train Reg Loss: 4.8088, Train MAPE: 24.8745, Train R: 0.9358, Train RRSE: 0.3549, Test Loss: 2651.3558, Test Node Loss: 12.3832, Test Reg Loss: 26.3897, Test MAPE: 22.4322, Test R: 0.7983, Test RRSE: 0.7218
2025-02-10 16:40:25,254:INFO:Epoch 300: Train Loss: 474.9071, Train Node Loss: 24.3686, Train Reg Loss: 4.5054, Train MAPE: 23.9890, Train R: 0.9395, Train RRSE: 0.3435, Test Loss: 3096.4181, Test Node Loss: 8.5662, Test Reg Loss: 30.8785, Test MAPE: 21.3242, Test R: 0.7974, Test RRSE: 0.7808
2025-02-10 16:40:25,254:INFO:Best performance at epoch 269 with Test MAPE: 0.8034
