2025-02-10 14:55:20,841:INFO:Learning rate: 0.0008
2025-02-10 14:55:20,842:INFO:Weight decay: 0.001
2025-02-10 14:55:20,842:INFO:Batch size: 32
2025-02-10 14:55:20,842:INFO:Number of layers: 2
2025-02-10 14:55:20,842:INFO:Convolution type: SAGE
2025-02-10 14:55:20,842:INFO:Convolution neurons: 256
2025-02-10 15:00:03,833:INFO:Learning rate: 0.0008
2025-02-10 15:00:03,839:INFO:Weight decay: 0.001
2025-02-10 15:00:03,839:INFO:Batch size: 32
2025-02-10 15:00:03,839:INFO:Number of layers: 2
2025-02-10 15:00:03,840:INFO:Convolution type: SAGE
2025-02-10 15:00:03,840:INFO:Convolution neurons: 256
2025-02-10 15:00:20,410:INFO:Epoch 1: Train Loss: 83944.1404, Train Node Loss: 8.9629, Train Reg Loss: 839.3518, Train MAPE: 96.9237, Train R: -0.1012, Train RRSE: 8.2460, Test Loss: 74037.6613, Test Node Loss: 64.5429, Test Reg Loss: 739.7312, Test MAPE: 89.9736, Test R: 0.8760, Test RRSE: 7.5784
2025-02-10 15:00:20,462:INFO:Checkpoint saved at best_0.0008_0.001_256_SAGE_2_32_0.8760_epoch_1.pth
2025-02-10 15:00:34,976:INFO:Epoch 2: Train Loss: 48491.4948, Train Node Loss: 543.2067, Train Reg Loss: 479.4829, Train MAPE: 71.3983, Train R: 0.1201, Train RRSE: 6.2324, Test Loss: 5449.5944, Test Node Loss: 3627.6955, Test Reg Loss: 18.2190, Test MAPE: 11.9124, Test R: 0.8793, Test RRSE: 1.1893
2025-02-10 15:00:35,006:INFO:Checkpoint saved at best_0.0008_0.001_256_SAGE_2_32_0.8793_epoch_2.pth
2025-02-10 15:00:50,457:INFO:Epoch 3: Train Loss: 10458.4642, Train Node Loss: 5047.5925, Train Reg Loss: 54.1087, Train MAPE: 23.8678, Train R: 0.2704, Train RRSE: 2.0937, Test Loss: 10291.6559, Test Node Loss: 5682.6415, Test Reg Loss: 46.0901, Test MAPE: 23.4487, Test R: 0.8818, Test RRSE: 1.8917
2025-02-10 15:00:50,501:INFO:Checkpoint saved at best_0.0008_0.001_256_SAGE_2_32_0.8818_epoch_3.pth
2025-02-10 15:01:05,241:INFO:Epoch 4: Train Loss: 6279.8496, Train Node Loss: 2969.6417, Train Reg Loss: 33.1021, Train MAPE: 16.2010, Train R: 0.2026, Train RRSE: 1.6376, Test Loss: 6131.7153, Test Node Loss: 2525.4498, Test Reg Loss: 36.0627, Test MAPE: 17.0214, Test R: 0.8824, Test RRSE: 1.6733
2025-02-10 15:01:05,265:INFO:Checkpoint saved at best_0.0008_0.001_256_SAGE_2_32_0.8824_epoch_4.pth
2025-02-10 15:01:20,965:INFO:Epoch 5: Train Loss: 4747.1036, Train Node Loss: 2758.7931, Train Reg Loss: 19.8831, Train MAPE: 12.8182, Train R: 0.3270, Train RRSE: 1.2692, Test Loss: 5829.6851, Test Node Loss: 3668.3987, Test Reg Loss: 21.6129, Test MAPE: 16.7017, Test R: 0.8837, Test RRSE: 1.2954
2025-02-10 15:01:21,003:INFO:Checkpoint saved at best_0.0008_0.001_256_SAGE_2_32_0.8837_epoch_5.pth
2025-02-10 15:01:36,081:INFO:Epoch 6: Train Loss: 4047.8727, Train Node Loss: 2943.1193, Train Reg Loss: 11.0475, Train MAPE: 12.0254, Train R: 0.5005, Train RRSE: 0.9460, Test Loss: 3550.2392, Test Node Loss: 2163.0558, Test Reg Loss: 13.8718, Test MAPE: 10.8547, Test R: 0.8834, Test RRSE: 1.0378
2025-02-10 15:01:52,048:INFO:Epoch 7: Train Loss: 3373.0224, Train Node Loss: 2008.4603, Train Reg Loss: 13.6456, Train MAPE: 10.0552, Train R: 0.7987, Train RRSE: 1.0514, Test Loss: 2865.2788, Test Node Loss: 2082.6656, Test Reg Loss: 7.8261, Test MAPE: 9.6581, Test R: 0.8832, Test RRSE: 0.7795
2025-02-10 15:02:07,421:INFO:Epoch 8: Train Loss: 2792.8247, Train Node Loss: 2114.1243, Train Reg Loss: 6.7870, Train MAPE: 9.8379, Train R: 0.8178, Train RRSE: 0.7415, Test Loss: 2579.2969, Test Node Loss: 1876.7269, Test Reg Loss: 7.0257, Test MAPE: 9.7704, Test R: 0.8831, Test RRSE: 0.7386
2025-02-10 15:02:22,911:INFO:Epoch 9: Train Loss: 2505.9401, Train Node Loss: 1736.7265, Train Reg Loss: 7.6921, Train MAPE: 9.3161, Train R: 0.7906, Train RRSE: 0.7894, Test Loss: 2538.0341, Test Node Loss: 1539.3436, Test Reg Loss: 9.9869, Test MAPE: 10.0515, Test R: 0.8822, Test RRSE: 0.8806
2025-02-10 15:02:37,986:INFO:Epoch 10: Train Loss: 2275.8001, Train Node Loss: 1585.7456, Train Reg Loss: 6.9005, Train MAPE: 9.3007, Train R: 0.8310, Train RRSE: 0.7477, Test Loss: 2202.0334, Test Node Loss: 1482.6425, Test Reg Loss: 7.1939, Test MAPE: 9.7008, Test R: 0.8815, Test RRSE: 0.7473
2025-02-10 15:02:53,724:INFO:Epoch 11: Train Loss: 2143.5017, Train Node Loss: 1433.5828, Train Reg Loss: 7.0992, Train MAPE: 9.4707, Train R: 0.8042, Train RRSE: 0.7584, Test Loss: 2153.1476, Test Node Loss: 1290.6195, Test Reg Loss: 8.6253, Test MAPE: 9.7924, Test R: 0.8802, Test RRSE: 0.8183
2025-02-10 15:03:09,215:INFO:Epoch 12: Train Loss: 1998.0135, Train Node Loss: 1347.1942, Train Reg Loss: 6.5082, Train MAPE: 9.6547, Train R: 0.8236, Train RRSE: 0.7261, Test Loss: 1965.1094, Test Node Loss: 1213.2940, Test Reg Loss: 7.5182, Test MAPE: 9.7909, Test R: 0.8791, Test RRSE: 0.7640
2025-02-10 15:03:24,703:INFO:Epoch 13: Train Loss: 1885.5971, Train Node Loss: 1186.6553, Train Reg Loss: 6.9894, Train MAPE: 9.3020, Train R: 0.8256, Train RRSE: 0.7525, Test Loss: 1906.9209, Test Node Loss: 1092.6686, Test Reg Loss: 8.1425, Test MAPE: 9.9459, Test R: 0.8774, Test RRSE: 0.7951
2025-02-10 15:03:40,461:INFO:Epoch 14: Train Loss: 1784.9848, Train Node Loss: 1138.1847, Train Reg Loss: 6.4680, Train MAPE: 9.6903, Train R: 0.8136, Train RRSE: 0.7239, Test Loss: 1829.1872, Test Node Loss: 1002.6431, Test Reg Loss: 8.2654, Test MAPE: 10.0109, Test R: 0.8761, Test RRSE: 0.8011
2025-02-10 15:03:56,047:INFO:Epoch 15: Train Loss: 1657.6319, Train Node Loss: 1011.3721, Train Reg Loss: 6.4626, Train MAPE: 9.4258, Train R: 0.8442, Train RRSE: 0.7236, Test Loss: 1654.5940, Test Node Loss: 962.2147, Test Reg Loss: 6.9238, Test MAPE: 9.8241, Test R: 0.8747, Test RRSE: 0.7332
2025-02-10 15:04:11,667:INFO:Epoch 16: Train Loss: 1600.1583, Train Node Loss: 973.7387, Train Reg Loss: 6.2642, Train MAPE: 9.7517, Train R: 0.8126, Train RRSE: 0.7124, Test Loss: 1709.5005, Test Node Loss: 851.1212, Test Reg Loss: 8.5838, Test MAPE: 10.1539, Test R: 0.8728, Test RRSE: 0.8164
2025-02-10 15:04:27,234:INFO:Epoch 17: Train Loss: 1485.1036, Train Node Loss: 906.8216, Train Reg Loss: 5.7828, Train MAPE: 9.8317, Train R: 0.8338, Train RRSE: 0.6844, Test Loss: 1599.6575, Test Node Loss: 802.5968, Test Reg Loss: 7.9706, Test MAPE: 10.1147, Test R: 0.8708, Test RRSE: 0.7867
2025-02-10 15:04:42,669:INFO:Epoch 18: Train Loss: 1417.8733, Train Node Loss: 825.3509, Train Reg Loss: 5.9252, Train MAPE: 9.6527, Train R: 0.8311, Train RRSE: 0.6928, Test Loss: 1567.6892, Test Node Loss: 742.5663, Test Reg Loss: 8.2512, Test MAPE: 10.1932, Test R: 0.8683, Test RRSE: 0.8004
2025-02-10 15:04:57,310:INFO:Epoch 19: Train Loss: 1360.1803, Train Node Loss: 805.3120, Train Reg Loss: 5.5487, Train MAPE: 10.1741, Train R: 0.8207, Train RRSE: 0.6705, Test Loss: 1619.2560, Test Node Loss: 676.7881, Test Reg Loss: 9.4247, Test MAPE: 10.5597, Test R: 0.8660, Test RRSE: 0.8554
2025-02-10 15:05:13,131:INFO:Epoch 20: Train Loss: 1296.8491, Train Node Loss: 722.5078, Train Reg Loss: 5.7434, Train MAPE: 9.7865, Train R: 0.8171, Train RRSE: 0.6821, Test Loss: 1361.5100, Test Node Loss: 673.7523, Test Reg Loss: 6.8776, Test MAPE: 10.2313, Test R: 0.8638, Test RRSE: 0.7307
2025-02-10 15:05:29,482:INFO:Epoch 21: Train Loss: 1245.8792, Train Node Loss: 693.7190, Train Reg Loss: 5.5216, Train MAPE: 9.9288, Train R: 0.8096, Train RRSE: 0.6688, Test Loss: 1501.0505, Test Node Loss: 599.4922, Test Reg Loss: 9.0156, Test MAPE: 10.7268, Test R: 0.8615, Test RRSE: 0.8366
2025-02-10 15:05:45,659:INFO:Epoch 22: Train Loss: 1177.2378, Train Node Loss: 645.9529, Train Reg Loss: 5.3128, Train MAPE: 9.9041, Train R: 0.8222, Train RRSE: 0.6560, Test Loss: 1258.4049, Test Node Loss: 598.2486, Test Reg Loss: 6.6016, Test MAPE: 10.3283, Test R: 0.8592, Test RRSE: 0.7159
2025-02-10 15:06:01,759:INFO:Epoch 23: Train Loss: 1162.0626, Train Node Loss: 612.8431, Train Reg Loss: 5.4922, Train MAPE: 10.1705, Train R: 0.7890, Train RRSE: 0.6670, Test Loss: 1402.1309, Test Node Loss: 533.8227, Test Reg Loss: 8.6831, Test MAPE: 10.7116, Test R: 0.8572, Test RRSE: 0.8211
2025-02-10 15:06:17,869:INFO:Epoch 24: Train Loss: 1097.8129, Train Node Loss: 596.7757, Train Reg Loss: 5.0104, Train MAPE: 10.4102, Train R: 0.8150, Train RRSE: 0.6371, Test Loss: 1357.4249, Test Node Loss: 505.6002, Test Reg Loss: 8.5182, Test MAPE: 10.8560, Test R: 0.8562, Test RRSE: 0.8132
2025-02-10 15:06:34,017:INFO:Epoch 25: Train Loss: 1048.6867, Train Node Loss: 536.0408, Train Reg Loss: 5.1265, Train MAPE: 10.1654, Train R: 0.8201, Train RRSE: 0.6444, Test Loss: 1050.8956, Test Node Loss: 528.2221, Test Reg Loss: 5.2267, Test MAPE: 10.5085, Test R: 0.8566, Test RRSE: 0.6370
2025-02-10 15:06:49,924:INFO:Epoch 26: Train Loss: 1020.3307, Train Node Loss: 529.4091, Train Reg Loss: 4.9092, Train MAPE: 10.4399, Train R: 0.8049, Train RRSE: 0.6306, Test Loss: 1345.8236, Test Node Loss: 448.5279, Test Reg Loss: 8.9730, Test MAPE: 11.0371, Test R: 0.8562, Test RRSE: 0.8347
2025-02-10 15:07:06,180:INFO:Epoch 27: Train Loss: 967.1467, Train Node Loss: 508.6958, Train Reg Loss: 4.5845, Train MAPE: 10.6385, Train R: 0.8194, Train RRSE: 0.6094, Test Loss: 1281.9333, Test Node Loss: 430.4911, Test Reg Loss: 8.5144, Test MAPE: 11.0660, Test R: 0.8558, Test RRSE: 0.8131
2025-02-10 15:07:21,728:INFO:Epoch 28: Train Loss: 937.3126, Train Node Loss: 466.2083, Train Reg Loss: 4.7110, Train MAPE: 10.4166, Train R: 0.8203, Train RRSE: 0.6178, Test Loss: 1027.5763, Test Node Loss: 437.2474, Test Reg Loss: 5.9033, Test MAPE: 10.7430, Test R: 0.8580, Test RRSE: 0.6770
2025-02-10 15:07:37,733:INFO:Epoch 29: Train Loss: 897.6384, Train Node Loss: 456.3925, Train Reg Loss: 4.4125, Train MAPE: 10.4606, Train R: 0.8266, Train RRSE: 0.5979, Test Loss: 1206.6233, Test Node Loss: 390.0618, Test Reg Loss: 8.1656, Test MAPE: 10.7703, Test R: 0.8603, Test RRSE: 0.7962
2025-02-10 15:07:54,067:INFO:Epoch 30: Train Loss: 892.4646, Train Node Loss: 426.2764, Train Reg Loss: 4.6619, Train MAPE: 10.4888, Train R: 0.8150, Train RRSE: 0.6145, Test Loss: 893.1412, Test Node Loss: 412.0653, Test Reg Loss: 4.8108, Test MAPE: 10.6591, Test R: 0.8632, Test RRSE: 0.6112
2025-02-10 15:08:10,331:INFO:Epoch 31: Train Loss: 935.8122, Train Node Loss: 401.7552, Train Reg Loss: 5.3406, Train MAPE: 10.5193, Train R: 0.7766, Train RRSE: 0.6578, Test Loss: 828.8640, Test Node Loss: 410.3114, Test Reg Loss: 4.1855, Test MAPE: 10.8381, Test R: 0.8659, Test RRSE: 0.5701
2025-02-10 15:08:26,336:INFO:Epoch 32: Train Loss: 883.4013, Train Node Loss: 394.9322, Train Reg Loss: 4.8847, Train MAPE: 10.7838, Train R: 0.7933, Train RRSE: 0.6291, Test Loss: 839.4718, Test Node Loss: 376.8502, Test Reg Loss: 4.6262, Test MAPE: 10.7219, Test R: 0.8681, Test RRSE: 0.5993
2025-02-10 15:08:42,555:INFO:Epoch 33: Train Loss: 860.7591, Train Node Loss: 373.7616, Train Reg Loss: 4.8700, Train MAPE: 10.7465, Train R: 0.7904, Train RRSE: 0.6281, Test Loss: 1015.6259, Test Node Loss: 333.5939, Test Reg Loss: 6.8203, Test MAPE: 11.0603, Test R: 0.8694, Test RRSE: 0.7277
2025-02-10 15:08:58,871:INFO:Epoch 34: Train Loss: 812.7863, Train Node Loss: 370.0168, Train Reg Loss: 4.4277, Train MAPE: 10.8798, Train R: 0.8209, Train RRSE: 0.5989, Test Loss: 1116.8576, Test Node Loss: 308.2613, Test Reg Loss: 8.0860, Test MAPE: 11.2198, Test R: 0.8726, Test RRSE: 0.7923
2025-02-10 15:09:14,896:INFO:Epoch 35: Train Loss: 785.8706, Train Node Loss: 346.0735, Train Reg Loss: 4.3980, Train MAPE: 10.6874, Train R: 0.8222, Train RRSE: 0.5969, Test Loss: 969.2058, Test Node Loss: 307.0055, Test Reg Loss: 6.6220, Test MAPE: 11.0286, Test R: 0.8747, Test RRSE: 0.7170
2025-02-10 15:09:30,613:INFO:Epoch 36: Train Loss: 715.4992, Train Node Loss: 329.6893, Train Reg Loss: 3.8581, Train MAPE: 10.6588, Train R: 0.8542, Train RRSE: 0.5591, Test Loss: 977.9537, Test Node Loss: 292.2626, Test Reg Loss: 6.8569, Test MAPE: 11.1317, Test R: 0.8775, Test RRSE: 0.7296
2025-02-10 15:09:46,815:INFO:Epoch 37: Train Loss: 694.3989, Train Node Loss: 318.6806, Train Reg Loss: 3.7572, Train MAPE: 10.7675, Train R: 0.8554, Train RRSE: 0.5517, Test Loss: 914.2084, Test Node Loss: 285.0238, Test Reg Loss: 6.2918, Test MAPE: 10.7093, Test R: 0.8798, Test RRSE: 0.6989
2025-02-10 15:10:02,603:INFO:Epoch 38: Train Loss: 693.3244, Train Node Loss: 299.5559, Train Reg Loss: 3.9377, Train MAPE: 10.7636, Train R: 0.8464, Train RRSE: 0.5648, Test Loss: 678.0258, Test Node Loss: 313.7607, Test Reg Loss: 3.6427, Test MAPE: 11.0657, Test R: 0.8818, Test RRSE: 0.5318
2025-02-10 15:10:18,520:INFO:Epoch 39: Train Loss: 710.9288, Train Node Loss: 296.2022, Train Reg Loss: 4.1473, Train MAPE: 11.0413, Train R: 0.8256, Train RRSE: 0.5796, Test Loss: 856.5375, Test Node Loss: 267.1878, Test Reg Loss: 5.8935, Test MAPE: 11.1733, Test R: 0.8830, Test RRSE: 0.6764
2025-02-10 15:10:34,812:INFO:Epoch 40: Train Loss: 661.7234, Train Node Loss: 294.2267, Train Reg Loss: 3.6750, Train MAPE: 11.1036, Train R: 0.8550, Train RRSE: 0.5456, Test Loss: 1353.4853, Test Node Loss: 229.1405, Test Reg Loss: 11.2434, Test MAPE: 12.2179, Test R: 0.8835, Test RRSE: 0.9343
2025-02-10 15:10:50,949:INFO:Epoch 41: Train Loss: 647.6946, Train Node Loss: 267.5735, Train Reg Loss: 3.8012, Train MAPE: 10.7917, Train R: 0.8524, Train RRSE: 0.5549, Test Loss: 663.4319, Test Node Loss: 266.8503, Test Reg Loss: 3.9658, Test MAPE: 11.0548, Test R: 0.8884, Test RRSE: 0.5549
2025-02-10 15:10:50,981:INFO:Checkpoint saved at best_0.0008_0.001_256_SAGE_2_32_0.8884_epoch_41.pth
2025-02-10 15:11:07,148:INFO:Epoch 42: Train Loss: 644.2483, Train Node Loss: 264.1757, Train Reg Loss: 3.8007, Train MAPE: 10.9385, Train R: 0.8458, Train RRSE: 0.5549, Test Loss: 883.0726, Test Node Loss: 236.5237, Test Reg Loss: 6.4655, Test MAPE: 11.2646, Test R: 0.8893, Test RRSE: 0.7085
2025-02-10 15:11:07,192:INFO:Checkpoint saved at best_0.0008_0.001_256_SAGE_2_32_0.8893_epoch_42.pth
2025-02-10 15:11:23,053:INFO:Epoch 43: Train Loss: 637.6701, Train Node Loss: 251.2771, Train Reg Loss: 3.8639, Train MAPE: 10.7017, Train R: 0.8501, Train RRSE: 0.5595, Test Loss: 604.0091, Test Node Loss: 256.3184, Test Reg Loss: 3.4769, Test MAPE: 11.0130, Test R: 0.8911, Test RRSE: 0.5196
2025-02-10 15:11:23,092:INFO:Checkpoint saved at best_0.0008_0.001_256_SAGE_2_32_0.8911_epoch_43.pth
2025-02-10 15:11:38,469:INFO:Epoch 44: Train Loss: 699.1547, Train Node Loss: 254.6734, Train Reg Loss: 4.4448, Train MAPE: 11.4445, Train R: 0.8049, Train RRSE: 0.6001, Test Loss: 1566.7651, Test Node Loss: 188.1104, Test Reg Loss: 13.7865, Test MAPE: 12.9889, Test R: 0.8926, Test RRSE: 1.0346
2025-02-10 15:11:38,510:INFO:Checkpoint saved at best_0.0008_0.001_256_SAGE_2_32_0.8926_epoch_44.pth
2025-02-10 15:11:54,747:INFO:Epoch 45: Train Loss: 630.0006, Train Node Loss: 238.6806, Train Reg Loss: 3.9132, Train MAPE: 11.1227, Train R: 0.8343, Train RRSE: 0.5630, Test Loss: 759.9885, Test Node Loss: 217.0486, Test Reg Loss: 5.4294, Test MAPE: 11.2596, Test R: 0.8941, Test RRSE: 0.6493
2025-02-10 15:11:54,802:INFO:Checkpoint saved at best_0.0008_0.001_256_SAGE_2_32_0.8941_epoch_45.pth
2025-02-10 15:12:10,825:INFO:Epoch 46: Train Loss: 606.2203, Train Node Loss: 228.4651, Train Reg Loss: 3.7776, Train MAPE: 10.8952, Train R: 0.8482, Train RRSE: 0.5532, Test Loss: 712.0960, Test Node Loss: 213.4555, Test Reg Loss: 4.9864, Test MAPE: 11.2059, Test R: 0.8949, Test RRSE: 0.6222
2025-02-10 15:12:10,846:INFO:Checkpoint saved at best_0.0008_0.001_256_SAGE_2_32_0.8949_epoch_46.pth
2025-02-10 15:12:26,378:INFO:Epoch 47: Train Loss: 577.0109, Train Node Loss: 218.3042, Train Reg Loss: 3.5871, Train MAPE: 10.7815, Train R: 0.8629, Train RRSE: 0.5391, Test Loss: 636.2770, Test Node Loss: 211.2803, Test Reg Loss: 4.2500, Test MAPE: 11.1236, Test R: 0.8966, Test RRSE: 0.5744
2025-02-10 15:12:26,402:INFO:Checkpoint saved at best_0.0008_0.001_256_SAGE_2_32_0.8966_epoch_47.pth
2025-02-10 15:12:42,470:INFO:Epoch 48: Train Loss: 576.8490, Train Node Loss: 217.2534, Train Reg Loss: 3.5960, Train MAPE: 11.0148, Train R: 0.8551, Train RRSE: 0.5397, Test Loss: 715.5973, Test Node Loss: 195.7343, Test Reg Loss: 5.1986, Test MAPE: 11.1038, Test R: 0.8989, Test RRSE: 0.6353
2025-02-10 15:12:42,509:INFO:Checkpoint saved at best_0.0008_0.001_256_SAGE_2_32_0.8989_epoch_48.pth
2025-02-10 15:12:58,784:INFO:Epoch 49: Train Loss: 554.9775, Train Node Loss: 209.3646, Train Reg Loss: 3.4561, Train MAPE: 10.9643, Train R: 0.8645, Train RRSE: 0.5291, Test Loss: 709.1730, Test Node Loss: 192.0663, Test Reg Loss: 5.1711, Test MAPE: 11.4329, Test R: 0.8991, Test RRSE: 0.6336
2025-02-10 15:12:58,875:INFO:Checkpoint saved at best_0.0008_0.001_256_SAGE_2_32_0.8991_epoch_49.pth
2025-02-10 15:13:15,827:INFO:Epoch 50: Train Loss: 520.3979, Train Node Loss: 202.4716, Train Reg Loss: 3.1793, Train MAPE: 10.9138, Train R: 0.8791, Train RRSE: 0.5075, Test Loss: 790.7729, Test Node Loss: 181.6160, Test Reg Loss: 6.0916, Test MAPE: 11.5623, Test R: 0.8991, Test RRSE: 0.6877
2025-02-10 15:13:32,418:INFO:Epoch 51: Train Loss: 519.4744, Train Node Loss: 196.4571, Train Reg Loss: 3.2302, Train MAPE: 11.0751, Train R: 0.8736, Train RRSE: 0.5115, Test Loss: 594.6617, Test Node Loss: 187.2819, Test Reg Loss: 4.0738, Test MAPE: 11.2592, Test R: 0.9033, Test RRSE: 0.5624
2025-02-10 15:13:32,450:INFO:Checkpoint saved at best_0.0008_0.001_256_SAGE_2_32_0.9033_epoch_51.pth
2025-02-10 15:13:48,957:INFO:Epoch 52: Train Loss: 544.4371, Train Node Loss: 195.4946, Train Reg Loss: 3.4894, Train MAPE: 11.1753, Train R: 0.8553, Train RRSE: 0.5317, Test Loss: 1580.5383, Test Node Loss: 143.5362, Test Reg Loss: 14.3700, Test MAPE: 13.3845, Test R: 0.9039, Test RRSE: 1.0563
2025-02-10 15:13:48,992:INFO:Checkpoint saved at best_0.0008_0.001_256_SAGE_2_32_0.9039_epoch_52.pth
2025-02-10 15:14:04,697:INFO:Epoch 53: Train Loss: 576.4158, Train Node Loss: 182.2716, Train Reg Loss: 3.9414, Train MAPE: 11.3432, Train R: 0.8305, Train RRSE: 0.5651, Test Loss: 636.1075, Test Node Loss: 171.1098, Test Reg Loss: 4.6500, Test MAPE: 11.3188, Test R: 0.9072, Test RRSE: 0.6009
2025-02-10 15:14:04,734:INFO:Checkpoint saved at best_0.0008_0.001_256_SAGE_2_32_0.9072_epoch_53.pth
2025-02-10 15:14:20,650:INFO:Epoch 54: Train Loss: 517.5603, Train Node Loss: 175.4491, Train Reg Loss: 3.4211, Train MAPE: 10.8176, Train R: 0.8702, Train RRSE: 0.5264, Test Loss: 468.9631, Test Node Loss: 183.2918, Test Reg Loss: 2.8567, Test MAPE: 11.4519, Test R: 0.9074, Test RRSE: 0.4710
2025-02-10 15:14:20,678:INFO:Checkpoint saved at best_0.0008_0.001_256_SAGE_2_32_0.9074_epoch_54.pth
2025-02-10 15:14:36,385:INFO:Epoch 55: Train Loss: 491.0388, Train Node Loss: 172.6409, Train Reg Loss: 3.1840, Train MAPE: 11.0720, Train R: 0.8736, Train RRSE: 0.5079, Test Loss: 628.6853, Test Node Loss: 160.2799, Test Reg Loss: 4.6841, Test MAPE: 11.1574, Test R: 0.9088, Test RRSE: 0.6030
2025-02-10 15:14:36,410:INFO:Checkpoint saved at best_0.0008_0.001_256_SAGE_2_32_0.9088_epoch_55.pth
2025-02-10 15:14:52,311:INFO:Epoch 56: Train Loss: 468.2362, Train Node Loss: 171.2573, Train Reg Loss: 2.9698, Train MAPE: 11.2975, Train R: 0.8830, Train RRSE: 0.4905, Test Loss: 743.9505, Test Node Loss: 150.0799, Test Reg Loss: 5.9387, Test MAPE: 11.6893, Test R: 0.9102, Test RRSE: 0.6790
2025-02-10 15:14:52,335:INFO:Checkpoint saved at best_0.0008_0.001_256_SAGE_2_32_0.9102_epoch_56.pth
2025-02-10 15:15:07,954:INFO:Epoch 57: Train Loss: 479.0014, Train Node Loss: 166.0997, Train Reg Loss: 3.1290, Train MAPE: 11.3239, Train R: 0.8728, Train RRSE: 0.5035, Test Loss: 841.9767, Test Node Loss: 142.6832, Test Reg Loss: 6.9929, Test MAPE: 11.9768, Test R: 0.9103, Test RRSE: 0.7368
2025-02-10 15:15:07,995:INFO:Checkpoint saved at best_0.0008_0.001_256_SAGE_2_32_0.9103_epoch_57.pth
2025-02-10 15:15:24,071:INFO:Epoch 58: Train Loss: 535.5520, Train Node Loss: 165.1467, Train Reg Loss: 3.7041, Train MAPE: 11.5891, Train R: 0.8422, Train RRSE: 0.5478, Test Loss: 1512.1931, Test Node Loss: 120.1124, Test Reg Loss: 13.9208, Test MAPE: 13.3544, Test R: 0.9102, Test RRSE: 1.0396
2025-02-10 15:15:39,971:INFO:Epoch 59: Train Loss: 505.2269, Train Node Loss: 151.0732, Train Reg Loss: 3.5415, Train MAPE: 11.3461, Train R: 0.8507, Train RRSE: 0.5356, Test Loss: 418.1197, Test Node Loss: 162.2140, Test Reg Loss: 2.5591, Test MAPE: 11.1637, Test R: 0.9149, Test RRSE: 0.4457
2025-02-10 15:15:40,010:INFO:Checkpoint saved at best_0.0008_0.001_256_SAGE_2_32_0.9149_epoch_59.pth
2025-02-10 15:15:56,102:INFO:Epoch 60: Train Loss: 457.5788, Train Node Loss: 143.3072, Train Reg Loss: 3.1427, Train MAPE: 10.9120, Train R: 0.8822, Train RRSE: 0.5046, Test Loss: 414.5028, Test Node Loss: 152.6582, Test Reg Loss: 2.6184, Test MAPE: 11.3953, Test R: 0.9168, Test RRSE: 0.4509
2025-02-10 15:15:56,139:INFO:Checkpoint saved at best_0.0008_0.001_256_SAGE_2_32_0.9168_epoch_60.pth
2025-02-10 15:16:11,818:INFO:Epoch 61: Train Loss: 534.1968, Train Node Loss: 150.9704, Train Reg Loss: 3.8323, Train MAPE: 11.7074, Train R: 0.8378, Train RRSE: 0.5572, Test Loss: 2021.5843, Test Node Loss: 97.4256, Test Reg Loss: 19.2416, Test MAPE: 14.8437, Test R: 0.9128, Test RRSE: 1.2223
2025-02-10 15:16:27,813:INFO:Epoch 62: Train Loss: 531.3279, Train Node Loss: 137.8815, Train Reg Loss: 3.9345, Train MAPE: 11.3587, Train R: 0.8261, Train RRSE: 0.5646, Test Loss: 396.7182, Test Node Loss: 143.6475, Test Reg Loss: 2.5307, Test MAPE: 11.5029, Test R: 0.9156, Test RRSE: 0.4433
2025-02-10 15:16:43,471:INFO:Epoch 63: Train Loss: 480.9098, Train Node Loss: 126.6200, Train Reg Loss: 3.5429, Train MAPE: 11.0657, Train R: 0.8627, Train RRSE: 0.5357, Test Loss: 390.5139, Test Node Loss: 136.3355, Test Reg Loss: 2.5418, Test MAPE: 11.4873, Test R: 0.9172, Test RRSE: 0.4442
2025-02-10 15:16:43,498:INFO:Checkpoint saved at best_0.0008_0.001_256_SAGE_2_32_0.9172_epoch_63.pth
2025-02-10 15:16:59,476:INFO:Epoch 64: Train Loss: 478.3212, Train Node Loss: 128.9000, Train Reg Loss: 3.4942, Train MAPE: 11.3834, Train R: 0.8526, Train RRSE: 0.5320, Test Loss: 786.3664, Test Node Loss: 109.0742, Test Reg Loss: 6.7729, Test MAPE: 11.9802, Test R: 0.9171, Test RRSE: 0.7252
2025-02-10 15:17:15,338:INFO:Epoch 65: Train Loss: 499.9124, Train Node Loss: 129.8492, Train Reg Loss: 3.7006, Train MAPE: 11.5963, Train R: 0.8480, Train RRSE: 0.5475, Test Loss: 1327.7393, Test Node Loss: 93.5482, Test Reg Loss: 12.3419, Test MAPE: 13.2752, Test R: 0.9160, Test RRSE: 0.9789
2025-02-10 15:17:32,081:INFO:Epoch 66: Train Loss: 533.1780, Train Node Loss: 117.7021, Train Reg Loss: 4.1548, Train MAPE: 11.6113, Train R: 0.8170, Train RRSE: 0.5802, Test Loss: 538.1324, Test Node Loss: 109.7012, Test Reg Loss: 4.2843, Test MAPE: 11.4121, Test R: 0.9188, Test RRSE: 0.5767
2025-02-10 15:17:32,106:INFO:Checkpoint saved at best_0.0008_0.001_256_SAGE_2_32_0.9188_epoch_66.pth
2025-02-10 15:17:48,449:INFO:Epoch 67: Train Loss: 421.1523, Train Node Loss: 110.1816, Train Reg Loss: 3.1097, Train MAPE: 11.0940, Train R: 0.8813, Train RRSE: 0.5019, Test Loss: 359.4540, Test Node Loss: 117.6227, Test Reg Loss: 2.4183, Test MAPE: 11.3621, Test R: 0.9201, Test RRSE: 0.4333
2025-02-10 15:17:48,477:INFO:Checkpoint saved at best_0.0008_0.001_256_SAGE_2_32_0.9201_epoch_67.pth
2025-02-10 15:18:05,006:INFO:Epoch 68: Train Loss: 431.2680, Train Node Loss: 109.5271, Train Reg Loss: 3.2174, Train MAPE: 11.2552, Train R: 0.8686, Train RRSE: 0.5105, Test Loss: 651.1162, Test Node Loss: 97.7202, Test Reg Loss: 5.5340, Test MAPE: 11.8539, Test R: 0.9216, Test RRSE: 0.6555
2025-02-10 15:18:05,047:INFO:Checkpoint saved at best_0.0008_0.001_256_SAGE_2_32_0.9216_epoch_68.pth
2025-02-10 15:18:20,792:INFO:Epoch 69: Train Loss: 378.8406, Train Node Loss: 110.9817, Train Reg Loss: 2.6786, Train MAPE: 11.5332, Train R: 0.8972, Train RRSE: 0.4658, Test Loss: 955.6555, Test Node Loss: 89.6339, Test Reg Loss: 8.6602, Test MAPE: 12.5568, Test R: 0.9218, Test RRSE: 0.8200
2025-02-10 15:18:20,833:INFO:Checkpoint saved at best_0.0008_0.001_256_SAGE_2_32_0.9218_epoch_69.pth
2025-02-10 15:18:37,451:INFO:Epoch 70: Train Loss: 369.1882, Train Node Loss: 102.0819, Train Reg Loss: 2.6711, Train MAPE: 11.2926, Train R: 0.8943, Train RRSE: 0.4652, Test Loss: 365.4963, Test Node Loss: 104.4595, Test Reg Loss: 2.6104, Test MAPE: 11.4582, Test R: 0.9235, Test RRSE: 0.4502
2025-02-10 15:18:37,470:INFO:Checkpoint saved at best_0.0008_0.001_256_SAGE_2_32_0.9235_epoch_70.pth
2025-02-10 15:18:53,974:INFO:Epoch 71: Train Loss: 374.8090, Train Node Loss: 99.2279, Train Reg Loss: 2.7558, Train MAPE: 11.3174, Train R: 0.8916, Train RRSE: 0.4725, Test Loss: 440.2637, Test Node Loss: 95.0656, Test Reg Loss: 3.4520, Test MAPE: 11.6676, Test R: 0.9250, Test RRSE: 0.5177
2025-02-10 15:18:54,006:INFO:Checkpoint saved at best_0.0008_0.001_256_SAGE_2_32_0.9250_epoch_71.pth
2025-02-10 15:19:10,143:INFO:Epoch 72: Train Loss: 354.9521, Train Node Loss: 97.1278, Train Reg Loss: 2.5782, Train MAPE: 11.3634, Train R: 0.8998, Train RRSE: 0.4570, Test Loss: 606.0021, Test Node Loss: 87.4089, Test Reg Loss: 5.1859, Test MAPE: 12.0140, Test R: 0.9256, Test RRSE: 0.6345
2025-02-10 15:19:10,195:INFO:Checkpoint saved at best_0.0008_0.001_256_SAGE_2_32_0.9256_epoch_72.pth
2025-02-10 15:19:26,042:INFO:Epoch 73: Train Loss: 358.0573, Train Node Loss: 95.8224, Train Reg Loss: 2.6223, Train MAPE: 11.5004, Train R: 0.8958, Train RRSE: 0.4609, Test Loss: 885.7652, Test Node Loss: 76.8820, Test Reg Loss: 8.0888, Test MAPE: 12.7323, Test R: 0.9269, Test RRSE: 0.7925
2025-02-10 15:19:26,083:INFO:Checkpoint saved at best_0.0008_0.001_256_SAGE_2_32_0.9269_epoch_73.pth
2025-02-10 15:19:42,074:INFO:Epoch 74: Train Loss: 405.0743, Train Node Loss: 85.9427, Train Reg Loss: 3.1913, Train MAPE: 11.2301, Train R: 0.8719, Train RRSE: 0.5085, Test Loss: 385.0159, Test Node Loss: 103.3393, Test Reg Loss: 2.8168, Test MAPE: 12.4216, Test R: 0.9280, Test RRSE: 0.4676
2025-02-10 15:19:42,101:INFO:Checkpoint saved at best_0.0008_0.001_256_SAGE_2_32_0.9280_epoch_74.pth
2025-02-10 15:19:58,730:INFO:Epoch 75: Train Loss: 359.6675, Train Node Loss: 86.3115, Train Reg Loss: 2.7336, Train MAPE: 11.4350, Train R: 0.8895, Train RRSE: 0.4706, Test Loss: 393.6244, Test Node Loss: 85.0477, Test Reg Loss: 3.0858, Test MAPE: 11.6722, Test R: 0.9286, Test RRSE: 0.4895
2025-02-10 15:19:58,753:INFO:Checkpoint saved at best_0.0008_0.001_256_SAGE_2_32_0.9286_epoch_75.pth
2025-02-10 15:20:14,445:INFO:Epoch 76: Train Loss: 337.6624, Train Node Loss: 86.9842, Train Reg Loss: 2.5068, Train MAPE: 11.3774, Train R: 0.9037, Train RRSE: 0.4506, Test Loss: 452.1472, Test Node Loss: 78.5970, Test Reg Loss: 3.7355, Test MAPE: 11.8864, Test R: 0.9288, Test RRSE: 0.5385
2025-02-10 15:20:14,482:INFO:Checkpoint saved at best_0.0008_0.001_256_SAGE_2_32_0.9288_epoch_76.pth
2025-02-10 15:20:30,620:INFO:Epoch 77: Train Loss: 342.0473, Train Node Loss: 83.5626, Train Reg Loss: 2.5848, Train MAPE: 11.5235, Train R: 0.8961, Train RRSE: 0.4576, Test Loss: 570.2853, Test Node Loss: 74.0251, Test Reg Loss: 4.9626, Test MAPE: 12.1094, Test R: 0.9290, Test RRSE: 0.6207
2025-02-10 15:20:30,655:INFO:Checkpoint saved at best_0.0008_0.001_256_SAGE_2_32_0.9290_epoch_77.pth
2025-02-10 15:20:46,647:INFO:Epoch 78: Train Loss: 325.1355, Train Node Loss: 78.3907, Train Reg Loss: 2.4674, Train MAPE: 11.4433, Train R: 0.9021, Train RRSE: 0.4471, Test Loss: 297.7827, Test Node Loss: 79.9439, Test Reg Loss: 2.1784, Test MAPE: 11.7324, Test R: 0.9300, Test RRSE: 0.4113
2025-02-10 15:20:46,695:INFO:Checkpoint saved at best_0.0008_0.001_256_SAGE_2_32_0.9300_epoch_78.pth
2025-02-10 15:21:02,518:INFO:Epoch 79: Train Loss: 321.2305, Train Node Loss: 78.0730, Train Reg Loss: 2.4316, Train MAPE: 11.4820, Train R: 0.9036, Train RRSE: 0.4438, Test Loss: 639.8679, Test Node Loss: 65.8566, Test Reg Loss: 5.7401, Test MAPE: 12.2933, Test R: 0.9314, Test RRSE: 0.6676
2025-02-10 15:21:02,566:INFO:Checkpoint saved at best_0.0008_0.001_256_SAGE_2_32_0.9314_epoch_79.pth
2025-02-10 15:21:18,950:INFO:Epoch 80: Train Loss: 337.5308, Train Node Loss: 73.3638, Train Reg Loss: 2.6417, Train MAPE: 11.3988, Train R: 0.8949, Train RRSE: 0.4626, Test Loss: 376.7577, Test Node Loss: 71.0275, Test Reg Loss: 3.0573, Test MAPE: 11.8348, Test R: 0.9321, Test RRSE: 0.4872
2025-02-10 15:21:18,981:INFO:Checkpoint saved at best_0.0008_0.001_256_SAGE_2_32_0.9321_epoch_80.pth
2025-02-10 15:21:35,457:INFO:Epoch 81: Train Loss: 337.1715, Train Node Loss: 73.9355, Train Reg Loss: 2.6324, Train MAPE: 11.5523, Train R: 0.8952, Train RRSE: 0.4618, Test Loss: 941.6360, Test Node Loss: 59.5286, Test Reg Loss: 8.8211, Test MAPE: 13.0661, Test R: 0.9337, Test RRSE: 0.8276
2025-02-10 15:21:35,497:INFO:Checkpoint saved at best_0.0008_0.001_256_SAGE_2_32_0.9337_epoch_81.pth
2025-02-10 15:21:51,858:INFO:Epoch 82: Train Loss: 343.7866, Train Node Loss: 69.8917, Train Reg Loss: 2.7389, Train MAPE: 11.6138, Train R: 0.8868, Train RRSE: 0.4710, Test Loss: 549.0996, Test Node Loss: 63.0317, Test Reg Loss: 4.8607, Test MAPE: 12.2868, Test R: 0.9327, Test RRSE: 0.6143
2025-02-10 15:22:08,401:INFO:Epoch 83: Train Loss: 332.8872, Train Node Loss: 67.1845, Train Reg Loss: 2.6570, Train MAPE: 11.4928, Train R: 0.8925, Train RRSE: 0.4639, Test Loss: 574.1676, Test Node Loss: 61.1932, Test Reg Loss: 5.1297, Test MAPE: 12.4535, Test R: 0.9336, Test RRSE: 0.6311
2025-02-10 15:22:24,193:INFO:Epoch 84: Train Loss: 331.3960, Train Node Loss: 68.7459, Train Reg Loss: 2.6265, Train MAPE: 11.7880, Train R: 0.8930, Train RRSE: 0.4613, Test Loss: 1334.6171, Test Node Loss: 49.9259, Test Reg Loss: 12.8469, Test MAPE: 14.0406, Test R: 0.9349, Test RRSE: 0.9987
2025-02-10 15:22:24,215:INFO:Checkpoint saved at best_0.0008_0.001_256_SAGE_2_32_0.9349_epoch_84.pth
2025-02-10 15:22:40,750:INFO:Epoch 85: Train Loss: 314.4798, Train Node Loss: 62.8946, Train Reg Loss: 2.5159, Train MAPE: 11.3082, Train R: 0.8989, Train RRSE: 0.4515, Test Loss: 269.6924, Test Node Loss: 65.4476, Test Reg Loss: 2.0424, Test MAPE: 12.0362, Test R: 0.9350, Test RRSE: 0.3982
2025-02-10 15:22:40,780:INFO:Checkpoint saved at best_0.0008_0.001_256_SAGE_2_32_0.9350_epoch_85.pth
2025-02-10 15:22:56,927:INFO:Epoch 86: Train Loss: 306.3539, Train Node Loss: 62.8629, Train Reg Loss: 2.4349, Train MAPE: 11.6273, Train R: 0.9007, Train RRSE: 0.4441, Test Loss: 854.1628, Test Node Loss: 51.7839, Test Reg Loss: 8.0238, Test MAPE: 13.1449, Test R: 0.9363, Test RRSE: 0.7893
2025-02-10 15:22:56,952:INFO:Checkpoint saved at best_0.0008_0.001_256_SAGE_2_32_0.9363_epoch_86.pth
2025-02-10 15:23:13,057:INFO:Epoch 87: Train Loss: 315.0400, Train Node Loss: 60.3580, Train Reg Loss: 2.5468, Train MAPE: 11.6751, Train R: 0.8942, Train RRSE: 0.4542, Test Loss: 396.1107, Test Node Loss: 57.0875, Test Reg Loss: 3.3902, Test MAPE: 12.1929, Test R: 0.9368, Test RRSE: 0.5130
2025-02-10 15:23:13,079:INFO:Checkpoint saved at best_0.0008_0.001_256_SAGE_2_32_0.9368_epoch_87.pth
2025-02-10 15:23:28,952:INFO:Epoch 88: Train Loss: 308.2254, Train Node Loss: 55.0827, Train Reg Loss: 2.5314, Train MAPE: 11.5270, Train R: 0.9018, Train RRSE: 0.4528, Test Loss: 266.4454, Test Node Loss: 63.5608, Test Reg Loss: 2.0288, Test MAPE: 12.2056, Test R: 0.9357, Test RRSE: 0.3969
2025-02-10 15:23:45,112:INFO:Epoch 89: Train Loss: 356.5963, Train Node Loss: 55.4726, Train Reg Loss: 3.0112, Train MAPE: 11.6677, Train R: 0.8714, Train RRSE: 0.4939, Test Loss: 403.7189, Test Node Loss: 53.0933, Test Reg Loss: 3.5063, Test MAPE: 12.1726, Test R: 0.9369, Test RRSE: 0.5218
2025-02-10 15:23:45,137:INFO:Checkpoint saved at best_0.0008_0.001_256_SAGE_2_32_0.9369_epoch_89.pth
2025-02-10 15:24:00,919:INFO:Epoch 90: Train Loss: 328.7816, Train Node Loss: 57.1985, Train Reg Loss: 2.7158, Train MAPE: 12.0354, Train R: 0.8885, Train RRSE: 0.4691, Test Loss: 1257.0308, Test Node Loss: 40.8688, Test Reg Loss: 12.1616, Test MAPE: 14.0665, Test R: 0.9368, Test RRSE: 0.9717
2025-02-10 15:24:17,269:INFO:Epoch 91: Train Loss: 311.5166, Train Node Loss: 54.3311, Train Reg Loss: 2.5719, Train MAPE: 11.7969, Train R: 0.8928, Train RRSE: 0.4565, Test Loss: 482.7349, Test Node Loss: 47.7457, Test Reg Loss: 4.3499, Test MAPE: 12.4434, Test R: 0.9380, Test RRSE: 0.5811
2025-02-10 15:24:17,298:INFO:Checkpoint saved at best_0.0008_0.001_256_SAGE_2_32_0.9380_epoch_91.pth
2025-02-10 15:24:33,204:INFO:Epoch 92: Train Loss: 311.5022, Train Node Loss: 46.9159, Train Reg Loss: 2.6459, Train MAPE: 11.5323, Train R: 0.9006, Train RRSE: 0.4630, Test Loss: 256.9489, Test Node Loss: 55.2401, Test Reg Loss: 2.0171, Test MAPE: 12.5216, Test R: 0.9369, Test RRSE: 0.3957
2025-02-10 15:24:49,290:INFO:Epoch 93: Train Loss: 319.7014, Train Node Loss: 46.5260, Train Reg Loss: 2.7318, Train MAPE: 11.5213, Train R: 0.8884, Train RRSE: 0.4704, Test Loss: 221.5947, Test Node Loss: 50.7314, Test Reg Loss: 1.7086, Test MAPE: 12.1666, Test R: 0.9372, Test RRSE: 0.3642
2025-02-10 15:25:05,584:INFO:Epoch 94: Train Loss: 289.1944, Train Node Loss: 48.9230, Train Reg Loss: 2.4027, Train MAPE: 11.7917, Train R: 0.9059, Train RRSE: 0.4412, Test Loss: 891.6424, Test Node Loss: 39.2135, Test Reg Loss: 8.5243, Test MAPE: 13.3386, Test R: 0.9367, Test RRSE: 0.8135
2025-02-10 15:25:21,649:INFO:Epoch 95: Train Loss: 254.7178, Train Node Loss: 45.6835, Train Reg Loss: 2.0903, Train MAPE: 11.5715, Train R: 0.9165, Train RRSE: 0.4115, Test Loss: 408.9832, Test Node Loss: 41.6330, Test Reg Loss: 3.6735, Test MAPE: 12.2140, Test R: 0.9383, Test RRSE: 0.5340
2025-02-10 15:25:21,684:INFO:Checkpoint saved at best_0.0008_0.001_256_SAGE_2_32_0.9383_epoch_95.pth
2025-02-10 15:25:37,731:INFO:Epoch 96: Train Loss: 259.5945, Train Node Loss: 42.9218, Train Reg Loss: 2.1667, Train MAPE: 11.6361, Train R: 0.9137, Train RRSE: 0.4190, Test Loss: 226.7607, Test Node Loss: 44.6968, Test Reg Loss: 1.8206, Test MAPE: 11.9998, Test R: 0.9380, Test RRSE: 0.3760
2025-02-10 15:25:54,318:INFO:Epoch 97: Train Loss: 250.7290, Train Node Loss: 42.6247, Train Reg Loss: 2.0810, Train MAPE: 11.5650, Train R: 0.9169, Train RRSE: 0.4106, Test Loss: 779.6413, Test Node Loss: 36.4500, Test Reg Loss: 7.4319, Test MAPE: 13.1109, Test R: 0.9379, Test RRSE: 0.7596
2025-02-10 15:26:10,055:INFO:Epoch 98: Train Loss: 234.2365, Train Node Loss: 42.9644, Train Reg Loss: 1.9127, Train MAPE: 11.8134, Train R: 0.9231, Train RRSE: 0.3936, Test Loss: 435.9089, Test Node Loss: 38.1972, Test Reg Loss: 3.9771, Test MAPE: 12.5143, Test R: 0.9381, Test RRSE: 0.5557
2025-02-10 15:26:25,194:INFO:Epoch 99: Train Loss: 276.7587, Train Node Loss: 39.3803, Train Reg Loss: 2.3738, Train MAPE: 11.8316, Train R: 0.9018, Train RRSE: 0.4385, Test Loss: 205.6486, Test Node Loss: 42.7768, Test Reg Loss: 1.6287, Test MAPE: 12.3124, Test R: 0.9383, Test RRSE: 0.3556
2025-02-10 15:26:40,406:INFO:Epoch 100: Train Loss: 246.0245, Train Node Loss: 38.6460, Train Reg Loss: 2.0738, Train MAPE: 11.8330, Train R: 0.9150, Train RRSE: 0.4099, Test Loss: 380.9240, Test Node Loss: 36.3500, Test Reg Loss: 3.4457, Test MAPE: 12.5747, Test R: 0.9396, Test RRSE: 0.5172
2025-02-10 15:26:40,433:INFO:Checkpoint saved at best_0.0008_0.001_256_SAGE_2_32_0.9396_epoch_100.pth
2025-02-10 15:26:55,217:INFO:Epoch 101: Train Loss: 271.2104, Train Node Loss: 39.1465, Train Reg Loss: 2.3206, Train MAPE: 11.7832, Train R: 0.9055, Train RRSE: 0.4336, Test Loss: 797.4126, Test Node Loss: 31.2525, Test Reg Loss: 7.6616, Test MAPE: 13.3485, Test R: 0.9395, Test RRSE: 0.7713
2025-02-10 15:27:10,429:INFO:Epoch 102: Train Loss: 328.4863, Train Node Loss: 33.2767, Train Reg Loss: 2.9521, Train MAPE: 11.7239, Train R: 0.8856, Train RRSE: 0.4890, Test Loss: 947.4501, Test Node Loss: 50.8861, Test Reg Loss: 8.9656, Test MAPE: 15.2118, Test R: 0.9373, Test RRSE: 0.8343
2025-02-10 15:27:25,591:INFO:Epoch 103: Train Loss: 354.5639, Train Node Loss: 34.7346, Train Reg Loss: 3.1983, Train MAPE: 11.8758, Train R: 0.8612, Train RRSE: 0.5090, Test Loss: 549.5500, Test Node Loss: 31.1190, Test Reg Loss: 5.1843, Test MAPE: 12.6884, Test R: 0.9401, Test RRSE: 0.6344
2025-02-10 15:27:25,688:INFO:Checkpoint saved at best_0.0008_0.001_256_SAGE_2_32_0.9401_epoch_103.pth
2025-02-10 15:27:42,308:INFO:Epoch 104: Train Loss: 355.5600, Train Node Loss: 36.6710, Train Reg Loss: 3.1889, Train MAPE: 12.2328, Train R: 0.8715, Train RRSE: 0.5083, Test Loss: 2083.0024, Test Node Loss: 21.2308, Test Reg Loss: 20.6177, Test MAPE: 15.9845, Test R: 0.9393, Test RRSE: 1.2652
2025-02-10 15:27:58,811:INFO:Epoch 105: Train Loss: 343.3468, Train Node Loss: 30.3316, Train Reg Loss: 3.1302, Train MAPE: 11.7402, Train R: 0.8671, Train RRSE: 0.5036, Test Loss: 199.2054, Test Node Loss: 34.1034, Test Reg Loss: 1.6510, Test MAPE: 12.3062, Test R: 0.9401, Test RRSE: 0.3580
2025-02-10 15:27:58,851:INFO:Checkpoint saved at best_0.0008_0.001_256_SAGE_2_32_0.9401_epoch_105.pth
2025-02-10 15:28:14,698:INFO:Epoch 106: Train Loss: 229.3356, Train Node Loss: 28.8071, Train Reg Loss: 2.0053, Train MAPE: 11.4489, Train R: 0.9225, Train RRSE: 0.4031, Test Loss: 542.3108, Test Node Loss: 25.8417, Test Reg Loss: 5.1647, Test MAPE: 12.4721, Test R: 0.9410, Test RRSE: 0.6332
2025-02-10 15:28:14,721:INFO:Checkpoint saved at best_0.0008_0.001_256_SAGE_2_32_0.9410_epoch_106.pth
2025-02-10 15:28:31,588:INFO:Epoch 107: Train Loss: 246.9467, Train Node Loss: 30.3590, Train Reg Loss: 2.1659, Train MAPE: 11.7022, Train R: 0.9140, Train RRSE: 0.4189, Test Loss: 561.7180, Test Node Loss: 26.1086, Test Reg Loss: 5.3561, Test MAPE: 12.8459, Test R: 0.9393, Test RRSE: 0.6449
2025-02-10 15:28:47,749:INFO:Epoch 108: Train Loss: 202.0684, Train Node Loss: 27.8129, Train Reg Loss: 1.7426, Train MAPE: 11.7676, Train R: 0.9303, Train RRSE: 0.3757, Test Loss: 509.7367, Test Node Loss: 24.7478, Test Reg Loss: 4.8499, Test MAPE: 12.6918, Test R: 0.9389, Test RRSE: 0.6136
2025-02-10 15:29:03,532:INFO:Epoch 109: Train Loss: 213.6159, Train Node Loss: 26.2770, Train Reg Loss: 1.8734, Train MAPE: 11.7475, Train R: 0.9246, Train RRSE: 0.3896, Test Loss: 189.3232, Test Node Loss: 29.6945, Test Reg Loss: 1.5963, Test MAPE: 12.6251, Test R: 0.9381, Test RRSE: 0.3520
2025-02-10 15:29:20,110:INFO:Epoch 110: Train Loss: 260.0603, Train Node Loss: 26.6375, Train Reg Loss: 2.3342, Train MAPE: 12.0482, Train R: 0.9012, Train RRSE: 0.4349, Test Loss: 674.3486, Test Node Loss: 22.1169, Test Reg Loss: 6.5223, Test MAPE: 13.2298, Test R: 0.9403, Test RRSE: 0.7116
2025-02-10 15:29:36,029:INFO:Epoch 111: Train Loss: 201.9040, Train Node Loss: 26.5603, Train Reg Loss: 1.7534, Train MAPE: 11.9457, Train R: 0.9291, Train RRSE: 0.3769, Test Loss: 543.9134, Test Node Loss: 22.8834, Test Reg Loss: 5.2103, Test MAPE: 13.0176, Test R: 0.9407, Test RRSE: 0.6360
2025-02-10 15:29:52,753:INFO:Epoch 112: Train Loss: 249.5149, Train Node Loss: 25.4199, Train Reg Loss: 2.2410, Train MAPE: 11.6133, Train R: 0.9085, Train RRSE: 0.4261, Test Loss: 1746.9547, Test Node Loss: 16.4094, Test Reg Loss: 17.3055, Test MAPE: 15.6262, Test R: 0.9401, Test RRSE: 1.1591
2025-02-10 15:30:09,446:INFO:Epoch 113: Train Loss: 239.6854, Train Node Loss: 22.4079, Train Reg Loss: 2.1728, Train MAPE: 11.6433, Train R: 0.9140, Train RRSE: 0.4195, Test Loss: 238.0962, Test Node Loss: 27.5793, Test Reg Loss: 2.1052, Test MAPE: 12.8365, Test R: 0.9395, Test RRSE: 0.4043
2025-02-10 15:30:26,173:INFO:Epoch 114: Train Loss: 194.5761, Train Node Loss: 23.7737, Train Reg Loss: 1.7080, Train MAPE: 11.8750, Train R: 0.9314, Train RRSE: 0.3720, Test Loss: 897.9418, Test Node Loss: 18.8216, Test Reg Loss: 8.7912, Test MAPE: 13.9651, Test R: 0.9406, Test RRSE: 0.8262
2025-02-10 15:30:42,295:INFO:Epoch 115: Train Loss: 234.4378, Train Node Loss: 23.0122, Train Reg Loss: 2.1143, Train MAPE: 12.0041, Train R: 0.9109, Train RRSE: 0.4139, Test Loss: 180.8283, Test Node Loss: 24.0761, Test Reg Loss: 1.5675, Test MAPE: 12.2767, Test R: 0.9394, Test RRSE: 0.3489
2025-02-10 15:30:59,134:INFO:Epoch 116: Train Loss: 207.4646, Train Node Loss: 21.4776, Train Reg Loss: 1.8599, Train MAPE: 11.7439, Train R: 0.9270, Train RRSE: 0.3882, Test Loss: 281.0715, Test Node Loss: 22.2926, Test Reg Loss: 2.5878, Test MAPE: 12.7697, Test R: 0.9399, Test RRSE: 0.4482
2025-02-10 15:31:14,606:INFO:Epoch 117: Train Loss: 225.7993, Train Node Loss: 22.1627, Train Reg Loss: 2.0364, Train MAPE: 11.8918, Train R: 0.9151, Train RRSE: 0.4062, Test Loss: 713.0417, Test Node Loss: 19.1960, Test Reg Loss: 6.9385, Test MAPE: 13.5155, Test R: 0.9399, Test RRSE: 0.7340
2025-02-10 15:31:30,333:INFO:Epoch 118: Train Loss: 185.8425, Train Node Loss: 22.4929, Train Reg Loss: 1.6335, Train MAPE: 11.9906, Train R: 0.9358, Train RRSE: 0.3638, Test Loss: 560.4591, Test Node Loss: 19.2803, Test Reg Loss: 5.4118, Test MAPE: 13.2488, Test R: 0.9404, Test RRSE: 0.6482
2025-02-10 15:31:45,704:INFO:Epoch 119: Train Loss: 234.3096, Train Node Loss: 19.5039, Train Reg Loss: 2.1481, Train MAPE: 11.6205, Train R: 0.9165, Train RRSE: 0.4172, Test Loss: 226.6559, Test Node Loss: 21.1876, Test Reg Loss: 2.0547, Test MAPE: 12.6516, Test R: 0.9401, Test RRSE: 0.3994
2025-02-10 15:32:01,507:INFO:Epoch 120: Train Loss: 268.5238, Train Node Loss: 22.7982, Train Reg Loss: 2.4573, Train MAPE: 12.3369, Train R: 0.9100, Train RRSE: 0.4462, Test Loss: 3296.8817, Test Node Loss: 10.9678, Test Reg Loss: 32.8591, Test MAPE: 18.9127, Test R: 0.9340, Test RRSE: 1.5972
2025-02-10 15:32:17,263:INFO:Epoch 121: Train Loss: 252.5418, Train Node Loss: 18.4680, Train Reg Loss: 2.3407, Train MAPE: 11.7756, Train R: 0.9048, Train RRSE: 0.4355, Test Loss: 178.6091, Test Node Loss: 21.4869, Test Reg Loss: 1.5712, Test MAPE: 12.8102, Test R: 0.9397, Test RRSE: 0.3493
2025-02-10 15:32:33,237:INFO:Epoch 122: Train Loss: 246.5558, Train Node Loss: 17.4588, Train Reg Loss: 2.2910, Train MAPE: 11.6881, Train R: 0.9066, Train RRSE: 0.4308, Test Loss: 559.7882, Test Node Loss: 15.5690, Test Reg Loss: 5.4422, Test MAPE: 12.9961, Test R: 0.9413, Test RRSE: 0.6500
2025-02-10 15:32:33,301:INFO:Checkpoint saved at best_0.0008_0.001_256_SAGE_2_32_0.9413_epoch_122.pth
2025-02-10 15:32:50,189:INFO:Epoch 123: Train Loss: 212.0772, Train Node Loss: 18.9025, Train Reg Loss: 1.9317, Train MAPE: 11.8595, Train R: 0.9262, Train RRSE: 0.3956, Test Loss: 598.6760, Test Node Loss: 16.2684, Test Reg Loss: 5.8241, Test MAPE: 13.1980, Test R: 0.9409, Test RRSE: 0.6724
2025-02-10 15:33:05,695:INFO:Epoch 124: Train Loss: 230.6601, Train Node Loss: 16.0465, Train Reg Loss: 2.1461, Train MAPE: 11.8000, Train R: 0.9144, Train RRSE: 0.4170, Test Loss: 221.5630, Test Node Loss: 17.0691, Test Reg Loss: 2.0449, Test MAPE: 12.7520, Test R: 0.9408, Test RRSE: 0.3985
2025-02-10 15:33:21,631:INFO:Epoch 125: Train Loss: 213.9008, Train Node Loss: 16.1207, Train Reg Loss: 1.9778, Train MAPE: 11.9996, Train R: 0.9172, Train RRSE: 0.4003, Test Loss: 345.1073, Test Node Loss: 15.0851, Test Reg Loss: 3.3002, Test MAPE: 12.6234, Test R: 0.9403, Test RRSE: 0.5062
2025-02-10 15:33:37,478:INFO:Epoch 126: Train Loss: 236.5040, Train Node Loss: 16.3647, Train Reg Loss: 2.2014, Train MAPE: 12.0739, Train R: 0.9084, Train RRSE: 0.4223, Test Loss: 829.0815, Test Node Loss: 12.8379, Test Reg Loss: 8.1624, Test MAPE: 13.7237, Test R: 0.9407, Test RRSE: 0.7961
2025-02-10 15:33:52,973:INFO:Epoch 127: Train Loss: 230.8362, Train Node Loss: 15.6380, Train Reg Loss: 2.1520, Train MAPE: 11.8928, Train R: 0.9099, Train RRSE: 0.4175, Test Loss: 281.8979, Test Node Loss: 14.6244, Test Reg Loss: 2.6727, Test MAPE: 12.5041, Test R: 0.9407, Test RRSE: 0.4555
2025-02-10 15:34:08,832:INFO:Epoch 128: Train Loss: 204.1119, Train Node Loss: 13.5257, Train Reg Loss: 1.9059, Train MAPE: 11.7017, Train R: 0.9283, Train RRSE: 0.3929, Test Loss: 176.2129, Test Node Loss: 15.3332, Test Reg Loss: 1.6088, Test MAPE: 12.5903, Test R: 0.9407, Test RRSE: 0.3534
2025-02-10 15:34:24,505:INFO:Epoch 129: Train Loss: 189.5635, Train Node Loss: 15.1036, Train Reg Loss: 1.7446, Train MAPE: 12.0174, Train R: 0.9312, Train RRSE: 0.3759, Test Loss: 1272.6546, Test Node Loss: 11.0373, Test Reg Loss: 12.6162, Test MAPE: 14.7248, Test R: 0.9403, Test RRSE: 0.9897
2025-02-10 15:34:40,422:INFO:Epoch 130: Train Loss: 203.0648, Train Node Loss: 13.8381, Train Reg Loss: 1.8923, Train MAPE: 12.0149, Train R: 0.9215, Train RRSE: 0.3915, Test Loss: 276.7910, Test Node Loss: 14.0485, Test Reg Loss: 2.6274, Test MAPE: 12.9581, Test R: 0.9409, Test RRSE: 0.4517
2025-02-10 15:34:57,283:INFO:Epoch 131: Train Loss: 221.1484, Train Node Loss: 14.8158, Train Reg Loss: 2.0633, Train MAPE: 12.2162, Train R: 0.9210, Train RRSE: 0.4088, Test Loss: 752.8488, Test Node Loss: 10.1670, Test Reg Loss: 7.4268, Test MAPE: 13.3745, Test R: 0.9406, Test RRSE: 0.7594
2025-02-10 15:35:13,279:INFO:Epoch 132: Train Loss: 192.7738, Train Node Loss: 12.0615, Train Reg Loss: 1.8071, Train MAPE: 11.8003, Train R: 0.9305, Train RRSE: 0.3826, Test Loss: 307.4016, Test Node Loss: 13.5105, Test Reg Loss: 2.9389, Test MAPE: 12.8662, Test R: 0.9405, Test RRSE: 0.4777
2025-02-10 15:35:29,252:INFO:Epoch 133: Train Loss: 255.3915, Train Node Loss: 13.1496, Train Reg Loss: 2.4224, Train MAPE: 12.0295, Train R: 0.8981, Train RRSE: 0.4430, Test Loss: 1393.9536, Test Node Loss: 8.7422, Test Reg Loss: 13.8521, Test MAPE: 15.0216, Test R: 0.9405, Test RRSE: 1.0370
2025-02-10 15:35:45,788:INFO:Epoch 134: Train Loss: 177.6961, Train Node Loss: 11.3127, Train Reg Loss: 1.6638, Train MAPE: 11.6902, Train R: 0.9358, Train RRSE: 0.3671, Test Loss: 278.2780, Test Node Loss: 15.4955, Test Reg Loss: 2.6278, Test MAPE: 13.3621, Test R: 0.9408, Test RRSE: 0.4517
2025-02-10 15:36:02,547:INFO:Epoch 135: Train Loss: 235.9037, Train Node Loss: 12.4823, Train Reg Loss: 2.2342, Train MAPE: 12.2014, Train R: 0.9086, Train RRSE: 0.4254, Test Loss: 1760.5875, Test Node Loss: 7.7387, Test Reg Loss: 17.5285, Test MAPE: 15.9072, Test R: 0.9396, Test RRSE: 1.1666
2025-02-10 15:36:18,353:INFO:Epoch 136: Train Loss: 206.6550, Train Node Loss: 11.3047, Train Reg Loss: 1.9535, Train MAPE: 11.9449, Train R: 0.9184, Train RRSE: 0.3978, Test Loss: 671.7677, Test Node Loss: 9.8489, Test Reg Loss: 6.6192, Test MAPE: 13.8279, Test R: 0.9408, Test RRSE: 0.7169
2025-02-10 15:36:34,656:INFO:Epoch 137: Train Loss: 213.3755, Train Node Loss: 10.5937, Train Reg Loss: 2.0278, Train MAPE: 11.8376, Train R: 0.9157, Train RRSE: 0.4053, Test Loss: 606.0167, Test Node Loss: 9.2558, Test Reg Loss: 5.9676, Test MAPE: 13.7206, Test R: 0.9408, Test RRSE: 0.6807
2025-02-10 15:36:51,231:INFO:Epoch 138: Train Loss: 182.4951, Train Node Loss: 10.2679, Train Reg Loss: 1.7223, Train MAPE: 12.0826, Train R: 0.9283, Train RRSE: 0.3735, Test Loss: 288.0687, Test Node Loss: 10.3929, Test Reg Loss: 2.7768, Test MAPE: 13.0044, Test R: 0.9409, Test RRSE: 0.4643
2025-02-10 15:37:08,011:INFO:Epoch 139: Train Loss: 196.5450, Train Node Loss: 10.8924, Train Reg Loss: 1.8565, Train MAPE: 12.2097, Train R: 0.9248, Train RRSE: 0.3878, Test Loss: 1586.7531, Test Node Loss: 7.0680, Test Reg Loss: 15.7969, Test MAPE: 15.3899, Test R: 0.9400, Test RRSE: 1.1075
2025-02-10 15:37:23,775:INFO:Epoch 140: Train Loss: 170.9005, Train Node Loss: 9.2349, Train Reg Loss: 1.6167, Train MAPE: 11.7693, Train R: 0.9390, Train RRSE: 0.3619, Test Loss: 175.5857, Test Node Loss: 12.0891, Test Reg Loss: 1.6350, Test MAPE: 13.3041, Test R: 0.9411, Test RRSE: 0.3563
2025-02-10 15:37:40,516:INFO:Epoch 141: Train Loss: 211.3358, Train Node Loss: 10.0820, Train Reg Loss: 2.0125, Train MAPE: 12.2270, Train R: 0.9171, Train RRSE: 0.4038, Test Loss: 685.7358, Test Node Loss: 7.7558, Test Reg Loss: 6.7798, Test MAPE: 13.7905, Test R: 0.9413, Test RRSE: 0.7255
2025-02-10 15:37:40,554:INFO:Checkpoint saved at best_0.0008_0.001_256_SAGE_2_32_0.9413_epoch_141.pth
2025-02-10 15:37:56,692:INFO:Epoch 142: Train Loss: 196.0316, Train Node Loss: 9.3492, Train Reg Loss: 1.8668, Train MAPE: 11.8460, Train R: 0.9221, Train RRSE: 0.3889, Test Loss: 481.4489, Test Node Loss: 8.8326, Test Reg Loss: 4.7262, Test MAPE: 13.2898, Test R: 0.9414, Test RRSE: 0.6058
2025-02-10 15:37:56,718:INFO:Checkpoint saved at best_0.0008_0.001_256_SAGE_2_32_0.9414_epoch_142.pth
2025-02-10 15:38:13,000:INFO:Epoch 143: Train Loss: 158.1538, Train Node Loss: 9.0089, Train Reg Loss: 1.4914, Train MAPE: 12.1038, Train R: 0.9385, Train RRSE: 0.3476, Test Loss: 419.0090, Test Node Loss: 8.3641, Test Reg Loss: 4.1064, Test MAPE: 13.3705, Test R: 0.9414, Test RRSE: 0.5646
2025-02-10 15:38:13,030:INFO:Checkpoint saved at best_0.0008_0.001_256_SAGE_2_32_0.9414_epoch_143.pth
2025-02-10 15:38:28,952:INFO:Epoch 144: Train Loss: 167.7859, Train Node Loss: 8.8348, Train Reg Loss: 1.5895, Train MAPE: 12.1435, Train R: 0.9340, Train RRSE: 0.3588, Test Loss: 394.2509, Test Node Loss: 8.1822, Test Reg Loss: 3.8607, Test MAPE: 13.1941, Test R: 0.9415, Test RRSE: 0.5475
2025-02-10 15:38:28,975:INFO:Checkpoint saved at best_0.0008_0.001_256_SAGE_2_32_0.9415_epoch_144.pth
2025-02-10 15:38:45,195:INFO:Epoch 145: Train Loss: 177.2323, Train Node Loss: 8.9126, Train Reg Loss: 1.6832, Train MAPE: 11.9836, Train R: 0.9308, Train RRSE: 0.3693, Test Loss: 845.1778, Test Node Loss: 7.3335, Test Reg Loss: 8.3784, Test MAPE: 13.9494, Test R: 0.9404, Test RRSE: 0.8065
2025-02-10 15:39:01,153:INFO:Epoch 146: Train Loss: 182.3011, Train Node Loss: 8.2362, Train Reg Loss: 1.7406, Train MAPE: 11.7735, Train R: 0.9304, Train RRSE: 0.3755, Test Loss: 191.1525, Test Node Loss: 9.1977, Test Reg Loss: 1.8195, Test MAPE: 13.1208, Test R: 0.9408, Test RRSE: 0.3759
2025-02-10 15:39:18,002:INFO:Epoch 147: Train Loss: 173.9597, Train Node Loss: 8.6771, Train Reg Loss: 1.6528, Train MAPE: 12.1780, Train R: 0.9318, Train RRSE: 0.3659, Test Loss: 759.3703, Test Node Loss: 6.8189, Test Reg Loss: 7.5255, Test MAPE: 13.9781, Test R: 0.9412, Test RRSE: 0.7644
2025-02-10 15:39:33,752:INFO:Epoch 148: Train Loss: 171.6309, Train Node Loss: 7.9960, Train Reg Loss: 1.6363, Train MAPE: 12.0827, Train R: 0.9320, Train RRSE: 0.3641, Test Loss: 458.9487, Test Node Loss: 7.6211, Test Reg Loss: 4.5133, Test MAPE: 13.2809, Test R: 0.9412, Test RRSE: 0.5920
2025-02-10 15:39:49,965:INFO:Epoch 149: Train Loss: 168.4922, Train Node Loss: 7.8453, Train Reg Loss: 1.6065, Train MAPE: 12.0372, Train R: 0.9338, Train RRSE: 0.3608, Test Loss: 453.2630, Test Node Loss: 7.3723, Test Reg Loss: 4.4589, Test MAPE: 13.4173, Test R: 0.9410, Test RRSE: 0.5884
2025-02-10 15:40:05,819:INFO:Epoch 150: Train Loss: 182.2078, Train Node Loss: 7.8939, Train Reg Loss: 1.7431, Train MAPE: 11.9971, Train R: 0.9280, Train RRSE: 0.3758, Test Loss: 357.5448, Test Node Loss: 7.1277, Test Reg Loss: 3.5042, Test MAPE: 13.1721, Test R: 0.9404, Test RRSE: 0.5216
2025-02-10 15:40:21,711:INFO:Epoch 151: Train Loss: 180.8041, Train Node Loss: 7.2322, Train Reg Loss: 1.7357, Train MAPE: 11.8044, Train R: 0.9303, Train RRSE: 0.3750, Test Loss: 331.7966, Test Node Loss: 7.6834, Test Reg Loss: 3.2411, Test MAPE: 13.1219, Test R: 0.9405, Test RRSE: 0.5016
2025-02-10 15:40:37,597:INFO:Epoch 152: Train Loss: 185.7151, Train Node Loss: 8.2167, Train Reg Loss: 1.7750, Train MAPE: 12.3132, Train R: 0.9282, Train RRSE: 0.3792, Test Loss: 1828.2030, Test Node Loss: 5.1833, Test Reg Loss: 18.2302, Test MAPE: 16.0070, Test R: 0.9348, Test RRSE: 1.1897
2025-02-10 15:40:53,740:INFO:Epoch 153: Train Loss: 163.0461, Train Node Loss: 7.3262, Train Reg Loss: 1.5572, Train MAPE: 11.9183, Train R: 0.9360, Train RRSE: 0.3552, Test Loss: 368.6259, Test Node Loss: 6.9681, Test Reg Loss: 3.6166, Test MAPE: 13.2762, Test R: 0.9410, Test RRSE: 0.5299
2025-02-10 15:41:09,406:INFO:Epoch 154: Train Loss: 161.2691, Train Node Loss: 6.8153, Train Reg Loss: 1.5445, Train MAPE: 12.0941, Train R: 0.9363, Train RRSE: 0.3537, Test Loss: 505.7528, Test Node Loss: 5.8106, Test Reg Loss: 4.9994, Test MAPE: 13.6200, Test R: 0.9404, Test RRSE: 0.6230
2025-02-10 15:41:25,557:INFO:Epoch 155: Train Loss: 185.0163, Train Node Loss: 6.2944, Train Reg Loss: 1.7872, Train MAPE: 11.8703, Train R: 0.9274, Train RRSE: 0.3805, Test Loss: 227.9656, Test Node Loss: 6.9030, Test Reg Loss: 2.2106, Test MAPE: 13.0312, Test R: 0.9402, Test RRSE: 0.4143
2025-02-10 15:41:41,798:INFO:Epoch 156: Train Loss: 183.3624, Train Node Loss: 7.1908, Train Reg Loss: 1.7617, Train MAPE: 12.2571, Train R: 0.9306, Train RRSE: 0.3778, Test Loss: 1880.6117, Test Node Loss: 4.3322, Test Reg Loss: 18.7628, Test MAPE: 15.9189, Test R: 0.9359, Test RRSE: 1.2070
2025-02-10 15:41:57,718:INFO:Epoch 157: Train Loss: 190.2971, Train Node Loss: 6.2643, Train Reg Loss: 1.8403, Train MAPE: 11.8672, Train R: 0.9245, Train RRSE: 0.3861, Test Loss: 164.5653, Test Node Loss: 7.5899, Test Reg Loss: 1.5698, Test MAPE: 12.6449, Test R: 0.9405, Test RRSE: 0.3491
2025-02-10 15:42:13,996:INFO:Epoch 158: Train Loss: 206.0656, Train Node Loss: 6.2407, Train Reg Loss: 1.9982, Train MAPE: 12.1207, Train R: 0.9157, Train RRSE: 0.4023, Test Loss: 505.6143, Test Node Loss: 5.2835, Test Reg Loss: 5.0033, Test MAPE: 13.5047, Test R: 0.9400, Test RRSE: 0.6233
2025-02-10 15:42:29,957:INFO:Epoch 159: Train Loss: 214.7354, Train Node Loss: 5.8760, Train Reg Loss: 2.0886, Train MAPE: 11.9156, Train R: 0.9124, Train RRSE: 0.4113, Test Loss: 892.7593, Test Node Loss: 4.6957, Test Reg Loss: 8.8806, Test MAPE: 14.2445, Test R: 0.9408, Test RRSE: 0.8304
2025-02-10 15:42:45,564:INFO:Epoch 160: Train Loss: 162.8386, Train Node Loss: 5.7412, Train Reg Loss: 1.5710, Train MAPE: 12.0300, Train R: 0.9351, Train RRSE: 0.3567, Test Loss: 489.4873, Test Node Loss: 5.6662, Test Reg Loss: 4.8382, Test MAPE: 13.6181, Test R: 0.9411, Test RRSE: 0.6129
2025-02-10 15:43:01,465:INFO:Epoch 161: Train Loss: 202.2252, Train Node Loss: 5.8109, Train Reg Loss: 1.9641, Train MAPE: 11.9835, Train R: 0.9176, Train RRSE: 0.3989, Test Loss: 416.5001, Test Node Loss: 5.3673, Test Reg Loss: 4.1113, Test MAPE: 13.3554, Test R: 0.9411, Test RRSE: 0.5650
2025-02-10 15:43:17,391:INFO:Epoch 162: Train Loss: 219.8478, Train Node Loss: 5.8498, Train Reg Loss: 2.1400, Train MAPE: 12.1564, Train R: 0.9102, Train RRSE: 0.4164, Test Loss: 1442.5934, Test Node Loss: 3.6384, Test Reg Loss: 14.3896, Test MAPE: 15.2749, Test R: 0.9387, Test RRSE: 1.0570
2025-02-10 15:43:32,713:INFO:Epoch 163: Train Loss: 173.9261, Train Node Loss: 5.0831, Train Reg Loss: 1.6884, Train MAPE: 11.8131, Train R: 0.9328, Train RRSE: 0.3698, Test Loss: 161.3890, Test Node Loss: 6.3326, Test Reg Loss: 1.5506, Test MAPE: 13.2372, Test R: 0.9401, Test RRSE: 0.3470
2025-02-10 15:43:48,016:INFO:Epoch 164: Train Loss: 197.8567, Train Node Loss: 6.1073, Train Reg Loss: 1.9175, Train MAPE: 12.2418, Train R: 0.9311, Train RRSE: 0.3941, Test Loss: 2654.0147, Test Node Loss: 2.6875, Test Reg Loss: 26.5133, Test MAPE: 17.6714, Test R: 0.9361, Test RRSE: 1.4347
2025-02-10 15:44:03,616:INFO:Epoch 165: Train Loss: 206.3629, Train Node Loss: 4.7701, Train Reg Loss: 2.0159, Train MAPE: 12.0795, Train R: 0.9164, Train RRSE: 0.4041, Test Loss: 285.2325, Test Node Loss: 4.8190, Test Reg Loss: 2.8041, Test MAPE: 13.1878, Test R: 0.9409, Test RRSE: 0.4666
2025-02-10 15:44:18,629:INFO:Epoch 166: Train Loss: 153.5126, Train Node Loss: 4.6352, Train Reg Loss: 1.4888, Train MAPE: 12.1672, Train R: 0.9383, Train RRSE: 0.3473, Test Loss: 498.6994, Test Node Loss: 3.9626, Test Reg Loss: 4.9474, Test MAPE: 13.4286, Test R: 0.9416, Test RRSE: 0.6198
2025-02-10 15:44:18,667:INFO:Checkpoint saved at best_0.0008_0.001_256_SAGE_2_32_0.9416_epoch_166.pth
2025-02-10 15:44:34,737:INFO:Epoch 167: Train Loss: 158.2850, Train Node Loss: 4.5735, Train Reg Loss: 1.5371, Train MAPE: 12.0185, Train R: 0.9369, Train RRSE: 0.3529, Test Loss: 377.4880, Test Node Loss: 4.1828, Test Reg Loss: 3.7331, Test MAPE: 13.1459, Test R: 0.9412, Test RRSE: 0.5384
2025-02-10 15:44:51,517:INFO:Epoch 168: Train Loss: 203.4137, Train Node Loss: 3.9961, Train Reg Loss: 1.9942, Train MAPE: 11.8179, Train R: 0.9212, Train RRSE: 0.4019, Test Loss: 168.5884, Test Node Loss: 4.7166, Test Reg Loss: 1.6387, Test MAPE: 13.1731, Test R: 0.9407, Test RRSE: 0.3567
2025-02-10 15:45:07,634:INFO:Epoch 169: Train Loss: 170.9216, Train Node Loss: 4.9408, Train Reg Loss: 1.6598, Train MAPE: 12.4035, Train R: 0.9386, Train RRSE: 0.3667, Test Loss: 784.7464, Test Node Loss: 3.5200, Test Reg Loss: 7.8123, Test MAPE: 13.8856, Test R: 0.9406, Test RRSE: 0.7788
2025-02-10 15:45:24,611:INFO:Epoch 170: Train Loss: 187.6982, Train Node Loss: 3.7894, Train Reg Loss: 1.8391, Train MAPE: 11.7488, Train R: 0.9297, Train RRSE: 0.3860, Test Loss: 930.4544, Test Node Loss: 3.3667, Test Reg Loss: 9.2709, Test MAPE: 13.9066, Test R: 0.9382, Test RRSE: 0.8484
2025-02-10 15:45:41,674:INFO:Epoch 171: Train Loss: 201.3902, Train Node Loss: 4.6333, Train Reg Loss: 1.9676, Train MAPE: 12.2659, Train R: 0.9260, Train RRSE: 0.3992, Test Loss: 734.6340, Test Node Loss: 3.1658, Test Reg Loss: 7.3147, Test MAPE: 13.7234, Test R: 0.9404, Test RRSE: 0.7536
2025-02-10 15:45:58,079:INFO:Epoch 172: Train Loss: 194.2300, Train Node Loss: 3.1358, Train Reg Loss: 1.9109, Train MAPE: 11.7414, Train R: 0.9359, Train RRSE: 0.3935, Test Loss: 289.9738, Test Node Loss: 3.3885, Test Reg Loss: 2.8659, Test MAPE: 13.2427, Test R: 0.9409, Test RRSE: 0.4717
2025-02-10 15:46:14,636:INFO:Epoch 173: Train Loss: 205.1084, Train Node Loss: 4.1151, Train Reg Loss: 2.0099, Train MAPE: 12.3852, Train R: 0.9271, Train RRSE: 0.4035, Test Loss: 624.9231, Test Node Loss: 2.9647, Test Reg Loss: 6.2196, Test MAPE: 13.6911, Test R: 0.9403, Test RRSE: 0.6949
2025-02-10 15:46:30,444:INFO:Epoch 174: Train Loss: 177.0147, Train Node Loss: 2.9503, Train Reg Loss: 1.7406, Train MAPE: 11.9065, Train R: 0.9343, Train RRSE: 0.3755, Test Loss: 612.0690, Test Node Loss: 2.5162, Test Reg Loss: 6.0955, Test MAPE: 13.6298, Test R: 0.9414, Test RRSE: 0.6879
2025-02-10 15:46:46,149:INFO:Epoch 175: Train Loss: 228.3059, Train Node Loss: 3.3421, Train Reg Loss: 2.2496, Train MAPE: 12.1755, Train R: 0.9074, Train RRSE: 0.4269, Test Loss: 457.5915, Test Node Loss: 2.7870, Test Reg Loss: 4.5480, Test MAPE: 13.3584, Test R: 0.9406, Test RRSE: 0.5942
2025-02-10 15:47:02,143:INFO:Epoch 176: Train Loss: 171.5111, Train Node Loss: 2.6929, Train Reg Loss: 1.6882, Train MAPE: 11.8923, Train R: 0.9343, Train RRSE: 0.3698, Test Loss: 1216.3811, Test Node Loss: 1.9668, Test Reg Loss: 12.1441, Test MAPE: 14.8121, Test R: 0.9381, Test RRSE: 0.9710
2025-02-10 15:47:17,240:INFO:Epoch 177: Train Loss: 190.2890, Train Node Loss: 3.0582, Train Reg Loss: 1.8723, Train MAPE: 12.2728, Train R: 0.9242, Train RRSE: 0.3895, Test Loss: 412.8932, Test Node Loss: 2.5779, Test Reg Loss: 4.1032, Test MAPE: 13.2676, Test R: 0.9413, Test RRSE: 0.5644
2025-02-10 15:47:32,742:INFO:Epoch 178: Train Loss: 160.1541, Train Node Loss: 2.5593, Train Reg Loss: 1.5759, Train MAPE: 11.9428, Train R: 0.9368, Train RRSE: 0.3573, Test Loss: 506.8011, Test Node Loss: 2.2273, Test Reg Loss: 5.0457, Test MAPE: 13.3538, Test R: 0.9422, Test RRSE: 0.6259
2025-02-10 15:47:32,787:INFO:Checkpoint saved at best_0.0008_0.001_256_SAGE_2_32_0.9422_epoch_178.pth
2025-02-10 15:47:48,249:INFO:Epoch 179: Train Loss: 156.6007, Train Node Loss: 2.7803, Train Reg Loss: 1.5382, Train MAPE: 12.1906, Train R: 0.9362, Train RRSE: 0.3530, Test Loss: 475.2495, Test Node Loss: 2.4024, Test Reg Loss: 4.7285, Test MAPE: 13.0633, Test R: 0.9415, Test RRSE: 0.6059
2025-02-10 15:48:03,621:INFO:Epoch 180: Train Loss: 170.0798, Train Node Loss: 2.6047, Train Reg Loss: 1.6748, Train MAPE: 11.9142, Train R: 0.9317, Train RRSE: 0.3683, Test Loss: 879.2406, Test Node Loss: 2.0084, Test Reg Loss: 8.7723, Test MAPE: 14.1231, Test R: 0.9386, Test RRSE: 0.8253
2025-02-10 15:48:19,136:INFO:Epoch 181: Train Loss: 182.2245, Train Node Loss: 2.8437, Train Reg Loss: 1.7938, Train MAPE: 12.2732, Train R: 0.9264, Train RRSE: 0.3812, Test Loss: 478.6930, Test Node Loss: 2.2640, Test Reg Loss: 4.7643, Test MAPE: 13.5097, Test R: 0.9406, Test RRSE: 0.6082
2025-02-10 15:48:34,470:INFO:Epoch 182: Train Loss: 168.4862, Train Node Loss: 2.5982, Train Reg Loss: 1.6589, Train MAPE: 11.9798, Train R: 0.9310, Train RRSE: 0.3666, Test Loss: 987.4302, Test Node Loss: 1.8284, Test Reg Loss: 9.8560, Test MAPE: 14.3148, Test R: 0.9399, Test RRSE: 0.8748
2025-02-10 15:48:49,790:INFO:Epoch 183: Train Loss: 149.6285, Train Node Loss: 2.4885, Train Reg Loss: 1.4714, Train MAPE: 12.0486, Train R: 0.9397, Train RRSE: 0.3453, Test Loss: 628.4872, Test Node Loss: 2.2054, Test Reg Loss: 6.2628, Test MAPE: 13.7244, Test R: 0.9395, Test RRSE: 0.6973
2025-02-10 15:49:05,300:INFO:Epoch 184: Train Loss: 195.1880, Train Node Loss: 2.3898, Train Reg Loss: 1.9280, Train MAPE: 12.0285, Train R: 0.9214, Train RRSE: 0.3952, Test Loss: 385.5443, Test Node Loss: 2.2448, Test Reg Loss: 3.8330, Test MAPE: 13.1512, Test R: 0.9410, Test RRSE: 0.5455
2025-02-10 15:49:21,107:INFO:Epoch 185: Train Loss: 233.7023, Train Node Loss: 2.8068, Train Reg Loss: 2.3090, Train MAPE: 12.4392, Train R: 0.9136, Train RRSE: 0.4325, Test Loss: 1793.8587, Test Node Loss: 1.3141, Test Reg Loss: 17.9254, Test MAPE: 15.9113, Test R: 0.9364, Test RRSE: 1.1797
2025-02-10 15:49:36,490:INFO:Epoch 186: Train Loss: 170.6576, Train Node Loss: 1.8270, Train Reg Loss: 1.6883, Train MAPE: 11.8032, Train R: 0.9411, Train RRSE: 0.3698, Test Loss: 383.4373, Test Node Loss: 1.7771, Test Reg Loss: 3.8166, Test MAPE: 13.1788, Test R: 0.9401, Test RRSE: 0.5444
2025-02-10 15:49:51,557:INFO:Epoch 187: Train Loss: 159.8749, Train Node Loss: 2.1160, Train Reg Loss: 1.5776, Train MAPE: 12.1197, Train R: 0.9360, Train RRSE: 0.3575, Test Loss: 290.9696, Test Node Loss: 1.7789, Test Reg Loss: 2.8919, Test MAPE: 13.2456, Test R: 0.9409, Test RRSE: 0.4738
2025-02-10 15:50:07,186:INFO:Epoch 188: Train Loss: 178.5418, Train Node Loss: 2.0700, Train Reg Loss: 1.7647, Train MAPE: 12.2022, Train R: 0.9267, Train RRSE: 0.3781, Test Loss: 972.1998, Test Node Loss: 1.4600, Test Reg Loss: 9.7074, Test MAPE: 14.2325, Test R: 0.9384, Test RRSE: 0.8681
2025-02-10 15:50:22,321:INFO:Epoch 189: Train Loss: 153.8751, Train Node Loss: 1.8489, Train Reg Loss: 1.5203, Train MAPE: 12.0376, Train R: 0.9399, Train RRSE: 0.3509, Test Loss: 440.4376, Test Node Loss: 1.8283, Test Reg Loss: 4.3861, Test MAPE: 13.2399, Test R: 0.9397, Test RRSE: 0.5836
2025-02-10 15:50:38,182:INFO:Epoch 190: Train Loss: 169.6409, Train Node Loss: 2.2967, Train Reg Loss: 1.6734, Train MAPE: 12.3805, Train R: 0.9382, Train RRSE: 0.3682, Test Loss: 984.3618, Test Node Loss: 1.4240, Test Reg Loss: 9.8294, Test MAPE: 14.3920, Test R: 0.9395, Test RRSE: 0.8736
2025-02-10 15:50:53,304:INFO:Epoch 191: Train Loss: 161.1460, Train Node Loss: 1.8019, Train Reg Loss: 1.5934, Train MAPE: 12.0016, Train R: 0.9351, Train RRSE: 0.3593, Test Loss: 834.0499, Test Node Loss: 1.4224, Test Reg Loss: 8.3263, Test MAPE: 14.0877, Test R: 0.9391, Test RRSE: 0.8040
2025-02-10 15:51:09,084:INFO:Epoch 192: Train Loss: 186.4625, Train Node Loss: 1.6562, Train Reg Loss: 1.8481, Train MAPE: 11.8249, Train R: 0.9276, Train RRSE: 0.3869, Test Loss: 373.1660, Test Node Loss: 1.6253, Test Reg Loss: 3.7154, Test MAPE: 13.3498, Test R: 0.9405, Test RRSE: 0.5371
2025-02-10 15:51:24,554:INFO:Epoch 193: Train Loss: 184.3367, Train Node Loss: 2.0415, Train Reg Loss: 1.8230, Train MAPE: 12.3371, Train R: 0.9347, Train RRSE: 0.3843, Test Loss: 810.0122, Test Node Loss: 1.2837, Test Reg Loss: 8.0873, Test MAPE: 13.9300, Test R: 0.9402, Test RRSE: 0.7924
2025-02-10 15:51:40,616:INFO:Epoch 194: Train Loss: 207.0748, Train Node Loss: 1.5460, Train Reg Loss: 2.0553, Train MAPE: 11.8437, Train R: 0.9171, Train RRSE: 0.4080, Test Loss: 1109.7610, Test Node Loss: 1.1743, Test Reg Loss: 11.0859, Test MAPE: 14.9087, Test R: 0.9386, Test RRSE: 0.9277
2025-02-10 15:51:55,754:INFO:Epoch 195: Train Loss: 167.8920, Train Node Loss: 1.7237, Train Reg Loss: 1.6617, Train MAPE: 12.1982, Train R: 0.9303, Train RRSE: 0.3669, Test Loss: 329.2692, Test Node Loss: 1.6330, Test Reg Loss: 3.2764, Test MAPE: 13.3016, Test R: 0.9407, Test RRSE: 0.5044
2025-02-10 15:52:11,460:INFO:Epoch 196: Train Loss: 162.9914, Train Node Loss: 1.8039, Train Reg Loss: 1.6119, Train MAPE: 12.1230, Train R: 0.9330, Train RRSE: 0.3614, Test Loss: 404.4468, Test Node Loss: 1.5718, Test Reg Loss: 4.0287, Test MAPE: 13.0568, Test R: 0.9405, Test RRSE: 0.5593
2025-02-10 15:52:26,969:INFO:Epoch 197: Train Loss: 156.3583, Train Node Loss: 1.7161, Train Reg Loss: 1.5464, Train MAPE: 12.0172, Train R: 0.9370, Train RRSE: 0.3539, Test Loss: 451.7527, Test Node Loss: 1.5446, Test Reg Loss: 4.5021, Test MAPE: 13.4107, Test R: 0.9408, Test RRSE: 0.5912
2025-02-10 15:52:42,295:INFO:Epoch 198: Train Loss: 160.6503, Train Node Loss: 1.8728, Train Reg Loss: 1.5878, Train MAPE: 12.0848, Train R: 0.9341, Train RRSE: 0.3586, Test Loss: 963.0678, Test Node Loss: 1.3252, Test Reg Loss: 9.6174, Test MAPE: 14.5018, Test R: 0.9399, Test RRSE: 0.8641
2025-02-10 15:52:58,130:INFO:Epoch 199: Train Loss: 125.9351, Train Node Loss: 1.8149, Train Reg Loss: 1.2412, Train MAPE: 12.1885, Train R: 0.9486, Train RRSE: 0.3171, Test Loss: 746.5771, Test Node Loss: 1.4453, Test Reg Loss: 7.4513, Test MAPE: 14.0240, Test R: 0.9394, Test RRSE: 0.7606
2025-02-10 15:53:13,535:INFO:Epoch 200: Train Loss: 131.5349, Train Node Loss: 1.8208, Train Reg Loss: 1.2971, Train MAPE: 12.2088, Train R: 0.9462, Train RRSE: 0.3242, Test Loss: 808.2321, Test Node Loss: 1.3386, Test Reg Loss: 8.0689, Test MAPE: 13.8681, Test R: 0.9393, Test RRSE: 0.7915
2025-02-10 15:53:28,831:INFO:Epoch 201: Train Loss: 145.3756, Train Node Loss: 1.8199, Train Reg Loss: 1.4356, Train MAPE: 12.1770, Train R: 0.9409, Train RRSE: 0.3410, Test Loss: 628.4628, Test Node Loss: 1.3626, Test Reg Loss: 6.2710, Test MAPE: 13.5220, Test R: 0.9404, Test RRSE: 0.6978
2025-02-10 15:53:44,093:INFO:Epoch 202: Train Loss: 164.3903, Train Node Loss: 1.6723, Train Reg Loss: 1.6272, Train MAPE: 12.0686, Train R: 0.9330, Train RRSE: 0.3631, Test Loss: 569.0845, Test Node Loss: 1.4093, Test Reg Loss: 5.6768, Test MAPE: 13.5931, Test R: 0.9400, Test RRSE: 0.6639
2025-02-10 15:53:59,579:INFO:Epoch 203: Train Loss: 223.9874, Train Node Loss: 1.8934, Train Reg Loss: 2.2209, Train MAPE: 12.1668, Train R: 0.9078, Train RRSE: 0.4242, Test Loss: 1263.7110, Test Node Loss: 1.1282, Test Reg Loss: 12.6258, Test MAPE: 14.6874, Test R: 0.9388, Test RRSE: 0.9901
2025-02-10 15:54:15,745:INFO:Epoch 204: Train Loss: 188.2163, Train Node Loss: 1.4973, Train Reg Loss: 1.8672, Train MAPE: 11.6756, Train R: 0.9319, Train RRSE: 0.3889, Test Loss: 273.6983, Test Node Loss: 1.6097, Test Reg Loss: 2.7209, Test MAPE: 13.1127, Test R: 0.9408, Test RRSE: 0.4596
2025-02-10 15:54:30,980:INFO:Epoch 205: Train Loss: 189.5691, Train Node Loss: 1.8860, Train Reg Loss: 1.8768, Train MAPE: 12.3347, Train R: 0.9310, Train RRSE: 0.3899, Test Loss: 1367.6027, Test Node Loss: 0.9572, Test Reg Loss: 13.6665, Test MAPE: 14.8469, Test R: 0.9384, Test RRSE: 1.0301
2025-02-10 15:54:46,128:INFO:Epoch 206: Train Loss: 170.5891, Train Node Loss: 1.3441, Train Reg Loss: 1.6924, Train MAPE: 11.8689, Train R: 0.9401, Train RRSE: 0.3703, Test Loss: 188.3945, Test Node Loss: 1.4648, Test Reg Loss: 1.8693, Test MAPE: 13.5846, Test R: 0.9415, Test RRSE: 0.3810
2025-02-10 15:55:01,423:INFO:Epoch 207: Train Loss: 210.9607, Train Node Loss: 1.7001, Train Reg Loss: 2.0926, Train MAPE: 12.2440, Train R: 0.9181, Train RRSE: 0.4117, Test Loss: 498.2887, Test Node Loss: 1.1901, Test Reg Loss: 4.9710, Test MAPE: 13.5565, Test R: 0.9408, Test RRSE: 0.6212
2025-02-10 15:55:17,018:INFO:Epoch 208: Train Loss: 190.2404, Train Node Loss: 1.1929, Train Reg Loss: 1.8905, Train MAPE: 11.9347, Train R: 0.9321, Train RRSE: 0.3913, Test Loss: 1160.4660, Test Node Loss: 0.7989, Test Reg Loss: 11.5967, Test MAPE: 14.4422, Test R: 0.9364, Test RRSE: 0.9489
2025-02-10 15:55:31,907:INFO:Epoch 209: Train Loss: 141.2811, Train Node Loss: 1.3160, Train Reg Loss: 1.3997, Train MAPE: 12.2230, Train R: 0.9473, Train RRSE: 0.3367, Test Loss: 621.3873, Test Node Loss: 0.8687, Test Reg Loss: 6.2052, Test MAPE: 13.6090, Test R: 0.9397, Test RRSE: 0.6941
2025-02-10 15:55:46,987:INFO:Epoch 210: Train Loss: 163.0732, Train Node Loss: 1.1043, Train Reg Loss: 1.6197, Train MAPE: 12.1214, Train R: 0.9328, Train RRSE: 0.3622, Test Loss: 692.6680, Test Node Loss: 0.8242, Test Reg Loss: 6.9184, Test MAPE: 13.8083, Test R: 0.9408, Test RRSE: 0.7329
2025-02-10 15:56:02,330:INFO:Epoch 211: Train Loss: 153.3022, Train Node Loss: 1.1860, Train Reg Loss: 1.5212, Train MAPE: 12.1960, Train R: 0.9368, Train RRSE: 0.3510, Test Loss: 457.9104, Test Node Loss: 0.9721, Test Reg Loss: 4.5694, Test MAPE: 13.6136, Test R: 0.9415, Test RRSE: 0.5956
2025-02-10 15:56:17,672:INFO:Epoch 212: Train Loss: 139.9399, Train Node Loss: 1.1396, Train Reg Loss: 1.3880, Train MAPE: 12.0905, Train R: 0.9429, Train RRSE: 0.3353, Test Loss: 633.0992, Test Node Loss: 0.8723, Test Reg Loss: 6.3223, Test MAPE: 13.7228, Test R: 0.9403, Test RRSE: 0.7006
2025-02-10 15:56:32,977:INFO:Epoch 213: Train Loss: 181.9002, Train Node Loss: 1.2247, Train Reg Loss: 1.8068, Train MAPE: 12.2228, Train R: 0.9253, Train RRSE: 0.3826, Test Loss: 589.4946, Test Node Loss: 0.8937, Test Reg Loss: 5.8860, Test MAPE: 13.6767, Test R: 0.9420, Test RRSE: 0.6760
2025-02-10 15:56:48,164:INFO:Epoch 214: Train Loss: 179.4123, Train Node Loss: 1.1623, Train Reg Loss: 1.7825, Train MAPE: 12.2089, Train R: 0.9255, Train RRSE: 0.3800, Test Loss: 612.3576, Test Node Loss: 0.9521, Test Reg Loss: 6.1141, Test MAPE: 14.0731, Test R: 0.9401, Test RRSE: 0.6890
2025-02-10 15:57:03,851:INFO:Epoch 215: Train Loss: 140.5895, Train Node Loss: 1.1401, Train Reg Loss: 1.3945, Train MAPE: 11.9747, Train R: 0.9428, Train RRSE: 0.3361, Test Loss: 885.9787, Test Node Loss: 0.8120, Test Reg Loss: 8.8517, Test MAPE: 13.7934, Test R: 0.9368, Test RRSE: 0.8290
2025-02-10 15:57:19,491:INFO:Epoch 216: Train Loss: 168.2394, Train Node Loss: 1.2172, Train Reg Loss: 1.6702, Train MAPE: 12.0557, Train R: 0.9333, Train RRSE: 0.3678, Test Loss: 342.7898, Test Node Loss: 0.9945, Test Reg Loss: 3.4180, Test MAPE: 13.0451, Test R: 0.9399, Test RRSE: 0.5151
2025-02-10 15:57:35,447:INFO:Epoch 217: Train Loss: 174.5573, Train Node Loss: 1.0874, Train Reg Loss: 1.7347, Train MAPE: 12.1767, Train R: 0.9295, Train RRSE: 0.3749, Test Loss: 569.5838, Test Node Loss: 0.8885, Test Reg Loss: 5.6870, Test MAPE: 13.8250, Test R: 0.9401, Test RRSE: 0.6645
2025-02-10 15:57:51,414:INFO:Epoch 218: Train Loss: 150.7468, Train Node Loss: 1.2036, Train Reg Loss: 1.4954, Train MAPE: 12.3164, Train R: 0.9384, Train RRSE: 0.3481, Test Loss: 448.4500, Test Node Loss: 0.9440, Test Reg Loss: 4.4751, Test MAPE: 13.3118, Test R: 0.9398, Test RRSE: 0.5894
2025-02-10 15:58:07,900:INFO:Epoch 219: Train Loss: 145.4990, Train Node Loss: 1.1289, Train Reg Loss: 1.4437, Train MAPE: 12.0840, Train R: 0.9403, Train RRSE: 0.3420, Test Loss: 639.7317, Test Node Loss: 0.8367, Test Reg Loss: 6.3889, Test MAPE: 13.6797, Test R: 0.9407, Test RRSE: 0.7043
2025-02-10 15:58:23,629:INFO:Epoch 220: Train Loss: 159.6959, Train Node Loss: 1.1340, Train Reg Loss: 1.5856, Train MAPE: 11.9696, Train R: 0.9347, Train RRSE: 0.3584, Test Loss: 593.0513, Test Node Loss: 0.9163, Test Reg Loss: 5.9213, Test MAPE: 13.3141, Test R: 0.9381, Test RRSE: 0.6780
2025-02-10 15:58:39,919:INFO:Epoch 221: Train Loss: 143.4573, Train Node Loss: 1.2392, Train Reg Loss: 1.4222, Train MAPE: 12.3528, Train R: 0.9421, Train RRSE: 0.3394, Test Loss: 928.8914, Test Node Loss: 0.8061, Test Reg Loss: 9.2809, Test MAPE: 14.3805, Test R: 0.9386, Test RRSE: 0.8489
2025-02-10 15:58:56,558:INFO:Epoch 222: Train Loss: 162.1357, Train Node Loss: 1.1209, Train Reg Loss: 1.6101, Train MAPE: 12.1275, Train R: 0.9338, Train RRSE: 0.3612, Test Loss: 482.4350, Test Node Loss: 0.9270, Test Reg Loss: 4.8151, Test MAPE: 13.4680, Test R: 0.9404, Test RRSE: 0.6114
2025-02-10 15:59:12,995:INFO:Epoch 223: Train Loss: 162.5327, Train Node Loss: 1.1622, Train Reg Loss: 1.6137, Train MAPE: 12.1015, Train R: 0.9328, Train RRSE: 0.3616, Test Loss: 303.2920, Test Node Loss: 0.9946, Test Reg Loss: 3.0230, Test MAPE: 13.3774, Test R: 0.9423, Test RRSE: 0.4845
2025-02-10 15:59:13,024:INFO:Checkpoint saved at best_0.0008_0.001_256_SAGE_2_32_0.9423_epoch_223.pth
2025-02-10 15:59:28,929:INFO:Epoch 224: Train Loss: 148.6795, Train Node Loss: 1.2176, Train Reg Loss: 1.4746, Train MAPE: 12.1687, Train R: 0.9397, Train RRSE: 0.3456, Test Loss: 763.2561, Test Node Loss: 0.8159, Test Reg Loss: 7.6244, Test MAPE: 13.6329, Test R: 0.9375, Test RRSE: 0.7694
2025-02-10 15:59:44,872:INFO:Epoch 225: Train Loss: 149.7741, Train Node Loss: 1.0334, Train Reg Loss: 1.4874, Train MAPE: 12.0117, Train R: 0.9396, Train RRSE: 0.3471, Test Loss: 770.9490, Test Node Loss: 0.7626, Test Reg Loss: 7.7019, Test MAPE: 13.7263, Test R: 0.9383, Test RRSE: 0.7733
2025-02-10 16:00:01,060:INFO:Epoch 226: Train Loss: 157.1784, Train Node Loss: 1.1221, Train Reg Loss: 1.5606, Train MAPE: 12.1702, Train R: 0.9355, Train RRSE: 0.3556, Test Loss: 574.8295, Test Node Loss: 0.8341, Test Reg Loss: 5.7400, Test MAPE: 13.6739, Test R: 0.9407, Test RRSE: 0.6676
2025-02-10 16:00:16,945:INFO:Epoch 227: Train Loss: 145.1466, Train Node Loss: 1.1197, Train Reg Loss: 1.4403, Train MAPE: 12.2140, Train R: 0.9402, Train RRSE: 0.3416, Test Loss: 501.9868, Test Node Loss: 0.8590, Test Reg Loss: 5.0113, Test MAPE: 13.3870, Test R: 0.9413, Test RRSE: 0.6238
2025-02-10 16:00:32,511:INFO:Epoch 228: Train Loss: 127.2312, Train Node Loss: 1.1008, Train Reg Loss: 1.2613, Train MAPE: 12.0754, Train R: 0.9484, Train RRSE: 0.3197, Test Loss: 673.2076, Test Node Loss: 0.8739, Test Reg Loss: 6.7233, Test MAPE: 13.7592, Test R: 0.9393, Test RRSE: 0.7225
2025-02-10 16:00:48,248:INFO:Epoch 229: Train Loss: 166.2224, Train Node Loss: 1.1585, Train Reg Loss: 1.6506, Train MAPE: 12.1410, Train R: 0.9310, Train RRSE: 0.3657, Test Loss: 696.1342, Test Node Loss: 0.8690, Test Reg Loss: 6.9527, Test MAPE: 13.8773, Test R: 0.9398, Test RRSE: 0.7347
2025-02-10 16:01:04,000:INFO:Epoch 230: Train Loss: 190.9412, Train Node Loss: 1.2112, Train Reg Loss: 1.8973, Train MAPE: 12.1194, Train R: 0.9203, Train RRSE: 0.3920, Test Loss: 785.9148, Test Node Loss: 0.8383, Test Reg Loss: 7.8508, Test MAPE: 13.8698, Test R: 0.9387, Test RRSE: 0.7807
2025-02-10 16:01:19,689:INFO:Epoch 231: Train Loss: 131.1969, Train Node Loss: 1.1507, Train Reg Loss: 1.3005, Train MAPE: 12.1570, Train R: 0.9467, Train RRSE: 0.3246, Test Loss: 994.7141, Test Node Loss: 0.7214, Test Reg Loss: 9.9399, Test MAPE: 14.1988, Test R: 0.9388, Test RRSE: 0.8785
2025-02-10 16:01:35,314:INFO:Epoch 232: Train Loss: 138.6728, Train Node Loss: 1.0834, Train Reg Loss: 1.3759, Train MAPE: 12.1393, Train R: 0.9438, Train RRSE: 0.3339, Test Loss: 512.6703, Test Node Loss: 0.8850, Test Reg Loss: 5.1179, Test MAPE: 13.3742, Test R: 0.9397, Test RRSE: 0.6304
2025-02-10 16:01:50,833:INFO:Epoch 233: Train Loss: 222.3070, Train Node Loss: 1.1984, Train Reg Loss: 2.2111, Train MAPE: 12.0962, Train R: 0.9094, Train RRSE: 0.4232, Test Loss: 712.3331, Test Node Loss: 0.8310, Test Reg Loss: 7.1150, Test MAPE: 13.7292, Test R: 0.9392, Test RRSE: 0.7432
2025-02-10 16:02:06,895:INFO:Epoch 234: Train Loss: 211.6826, Train Node Loss: 0.9745, Train Reg Loss: 2.1071, Train MAPE: 11.8334, Train R: 0.9228, Train RRSE: 0.4132, Test Loss: 157.6451, Test Node Loss: 1.1078, Test Reg Loss: 1.5654, Test MAPE: 13.0914, Test R: 0.9423, Test RRSE: 0.3486
2025-02-10 16:02:06,923:INFO:Checkpoint saved at best_0.0008_0.001_256_SAGE_2_32_0.9423_epoch_234.pth
2025-02-10 16:02:22,545:INFO:Epoch 235: Train Loss: 176.0538, Train Node Loss: 1.2188, Train Reg Loss: 1.7484, Train MAPE: 12.5587, Train R: 0.9321, Train RRSE: 0.3763, Test Loss: 999.6613, Test Node Loss: 0.6665, Test Reg Loss: 9.9899, Test MAPE: 14.0405, Test R: 0.9384, Test RRSE: 0.8807
2025-02-10 16:02:38,480:INFO:Epoch 236: Train Loss: 154.5786, Train Node Loss: 0.8593, Train Reg Loss: 1.5372, Train MAPE: 11.8034, Train R: 0.9420, Train RRSE: 0.3529, Test Loss: 600.3177, Test Node Loss: 0.7100, Test Reg Loss: 5.9961, Test MAPE: 13.1486, Test R: 0.9384, Test RRSE: 0.6823
2025-02-10 16:02:55,066:INFO:Epoch 237: Train Loss: 163.9513, Train Node Loss: 1.0139, Train Reg Loss: 1.6294, Train MAPE: 12.2410, Train R: 0.9337, Train RRSE: 0.3633, Test Loss: 526.8797, Test Node Loss: 0.7079, Test Reg Loss: 5.2617, Test MAPE: 13.6589, Test R: 0.9407, Test RRSE: 0.6392
2025-02-10 16:03:11,353:INFO:Epoch 238: Train Loss: 151.9044, Train Node Loss: 0.9515, Train Reg Loss: 1.5095, Train MAPE: 12.3210, Train R: 0.9378, Train RRSE: 0.3497, Test Loss: 898.6920, Test Node Loss: 0.5702, Test Reg Loss: 8.9812, Test MAPE: 14.0722, Test R: 0.9397, Test RRSE: 0.8350
2025-02-10 16:03:27,003:INFO:Epoch 239: Train Loss: 159.0000, Train Node Loss: 0.7664, Train Reg Loss: 1.5823, Train MAPE: 11.7564, Train R: 0.9397, Train RRSE: 0.3580, Test Loss: 518.0096, Test Node Loss: 0.5991, Test Reg Loss: 5.1741, Test MAPE: 13.2482, Test R: 0.9398, Test RRSE: 0.6338
2025-02-10 16:03:42,920:INFO:Epoch 240: Train Loss: 174.6701, Train Node Loss: 0.9669, Train Reg Loss: 1.7370, Train MAPE: 12.3035, Train R: 0.9312, Train RRSE: 0.3751, Test Loss: 516.2455, Test Node Loss: 0.6871, Test Reg Loss: 5.1556, Test MAPE: 13.5876, Test R: 0.9397, Test RRSE: 0.6327
2025-02-10 16:03:59,475:INFO:Epoch 241: Train Loss: 126.9786, Train Node Loss: 0.8280, Train Reg Loss: 1.2615, Train MAPE: 12.0757, Train R: 0.9509, Train RRSE: 0.3197, Test Loss: 732.4938, Test Node Loss: 0.6312, Test Reg Loss: 7.3186, Test MAPE: 13.5089, Test R: 0.9373, Test RRSE: 0.7538
2025-02-10 16:04:15,362:INFO:Epoch 242: Train Loss: 151.7785, Train Node Loss: 0.9330, Train Reg Loss: 1.5085, Train MAPE: 12.2465, Train R: 0.9406, Train RRSE: 0.3496, Test Loss: 419.2628, Test Node Loss: 0.6955, Test Reg Loss: 4.1857, Test MAPE: 13.2569, Test R: 0.9411, Test RRSE: 0.5701
2025-02-10 16:04:31,043:INFO:Epoch 243: Train Loss: 164.2642, Train Node Loss: 0.8485, Train Reg Loss: 1.6342, Train MAPE: 12.1619, Train R: 0.9323, Train RRSE: 0.3638, Test Loss: 407.6061, Test Node Loss: 0.6994, Test Reg Loss: 4.0691, Test MAPE: 13.4581, Test R: 0.9412, Test RRSE: 0.5621
2025-02-10 16:04:46,919:INFO:Epoch 244: Train Loss: 151.8147, Train Node Loss: 0.8357, Train Reg Loss: 1.5098, Train MAPE: 12.0246, Train R: 0.9378, Train RRSE: 0.3497, Test Loss: 442.2454, Test Node Loss: 0.6534, Test Reg Loss: 4.4159, Test MAPE: 13.1254, Test R: 0.9414, Test RRSE: 0.5855
2025-02-10 16:05:02,832:INFO:Epoch 245: Train Loss: 132.0255, Train Node Loss: 0.8738, Train Reg Loss: 1.3115, Train MAPE: 12.1823, Train R: 0.9465, Train RRSE: 0.3260, Test Loss: 584.4972, Test Node Loss: 0.6347, Test Reg Loss: 5.8386, Test MAPE: 13.3498, Test R: 0.9414, Test RRSE: 0.6733
2025-02-10 16:05:18,461:INFO:Epoch 246: Train Loss: 150.9275, Train Node Loss: 0.8210, Train Reg Loss: 1.5011, Train MAPE: 12.0770, Train R: 0.9384, Train RRSE: 0.3487, Test Loss: 624.4411, Test Node Loss: 0.6406, Test Reg Loss: 6.2380, Test MAPE: 13.4554, Test R: 0.9383, Test RRSE: 0.6959
2025-02-10 16:05:34,217:INFO:Epoch 247: Train Loss: 143.5564, Train Node Loss: 0.8601, Train Reg Loss: 1.4270, Train MAPE: 12.1398, Train R: 0.9412, Train RRSE: 0.3400, Test Loss: 449.2606, Test Node Loss: 0.6334, Test Reg Loss: 4.4863, Test MAPE: 13.4856, Test R: 0.9417, Test RRSE: 0.5902
2025-02-10 16:05:50,551:INFO:Epoch 248: Train Loss: 160.4913, Train Node Loss: 0.8697, Train Reg Loss: 1.5962, Train MAPE: 12.2625, Train R: 0.9343, Train RRSE: 0.3596, Test Loss: 1137.2351, Test Node Loss: 0.4880, Test Reg Loss: 11.3675, Test MAPE: 14.4902, Test R: 0.9389, Test RRSE: 0.9394
2025-02-10 16:06:07,023:INFO:Epoch 249: Train Loss: 163.2841, Train Node Loss: 0.7064, Train Reg Loss: 1.6258, Train MAPE: 11.8436, Train R: 0.9421, Train RRSE: 0.3629, Test Loss: 378.7906, Test Node Loss: 0.6375, Test Reg Loss: 3.7815, Test MAPE: 13.0116, Test R: 0.9400, Test RRSE: 0.5418
2025-02-10 16:06:22,585:INFO:Epoch 250: Train Loss: 172.1415, Train Node Loss: 0.9576, Train Reg Loss: 1.7118, Train MAPE: 12.5200, Train R: 0.9410, Train RRSE: 0.3724, Test Loss: 639.9143, Test Node Loss: 0.5552, Test Reg Loss: 6.3936, Test MAPE: 13.9195, Test R: 0.9400, Test RRSE: 0.7046
2025-02-10 16:06:38,912:INFO:Epoch 251: Train Loss: 176.4014, Train Node Loss: 0.6378, Train Reg Loss: 1.7576, Train MAPE: 11.9365, Train R: 0.9360, Train RRSE: 0.3773, Test Loss: 648.2141, Test Node Loss: 0.4499, Test Reg Loss: 6.4776, Test MAPE: 13.3712, Test R: 0.9389, Test RRSE: 0.7092
2025-02-10 16:06:54,954:INFO:Epoch 252: Train Loss: 162.3821, Train Node Loss: 0.7362, Train Reg Loss: 1.6165, Train MAPE: 12.3167, Train R: 0.9393, Train RRSE: 0.3619, Test Loss: 449.1023, Test Node Loss: 0.4823, Test Reg Loss: 4.4862, Test MAPE: 13.3963, Test R: 0.9409, Test RRSE: 0.5902
2025-02-10 16:07:10,920:INFO:Epoch 253: Train Loss: 164.3501, Train Node Loss: 0.6240, Train Reg Loss: 1.6373, Train MAPE: 11.9680, Train R: 0.9326, Train RRSE: 0.3642, Test Loss: 802.5664, Test Node Loss: 0.4254, Test Reg Loss: 8.0214, Test MAPE: 14.0024, Test R: 0.9377, Test RRSE: 0.7892
2025-02-10 16:07:27,150:INFO:Epoch 254: Train Loss: 133.1714, Train Node Loss: 0.6214, Train Reg Loss: 1.3255, Train MAPE: 12.1455, Train R: 0.9455, Train RRSE: 0.3277, Test Loss: 273.1688, Test Node Loss: 0.5201, Test Reg Loss: 2.7265, Test MAPE: 13.0464, Test R: 0.9432, Test RRSE: 0.4601
2025-02-10 16:07:27,184:INFO:Checkpoint saved at best_0.0008_0.001_256_SAGE_2_32_0.9432_epoch_254.pth
2025-02-10 16:07:43,488:INFO:Epoch 255: Train Loss: 155.4196, Train Node Loss: 0.6832, Train Reg Loss: 1.5474, Train MAPE: 12.2726, Train R: 0.9360, Train RRSE: 0.3541, Test Loss: 586.3843, Test Node Loss: 0.4662, Test Reg Loss: 5.8592, Test MAPE: 13.5940, Test R: 0.9403, Test RRSE: 0.6745
2025-02-10 16:07:59,574:INFO:Epoch 256: Train Loss: 138.4172, Train Node Loss: 0.6522, Train Reg Loss: 1.3777, Train MAPE: 12.0463, Train R: 0.9428, Train RRSE: 0.3341, Test Loss: 474.2705, Test Node Loss: 0.4632, Test Reg Loss: 4.7381, Test MAPE: 13.2038, Test R: 0.9403, Test RRSE: 0.6065
2025-02-10 16:08:16,114:INFO:Epoch 257: Train Loss: 142.3615, Train Node Loss: 0.6345, Train Reg Loss: 1.4173, Train MAPE: 12.0812, Train R: 0.9419, Train RRSE: 0.3388, Test Loss: 414.2064, Test Node Loss: 0.4852, Test Reg Loss: 4.1372, Test MAPE: 12.9910, Test R: 0.9407, Test RRSE: 0.5668
2025-02-10 16:08:32,699:INFO:Epoch 258: Train Loss: 153.3333, Train Node Loss: 0.7200, Train Reg Loss: 1.5261, Train MAPE: 12.1529, Train R: 0.9398, Train RRSE: 0.3516, Test Loss: 499.5268, Test Node Loss: 0.4908, Test Reg Loss: 4.9904, Test MAPE: 13.4925, Test R: 0.9422, Test RRSE: 0.6225
2025-02-10 16:08:48,462:INFO:Epoch 259: Train Loss: 149.8053, Train Node Loss: 0.6134, Train Reg Loss: 1.4919, Train MAPE: 12.1533, Train R: 0.9405, Train RRSE: 0.3477, Test Loss: 1833.7424, Test Node Loss: 0.2979, Test Reg Loss: 18.3344, Test MAPE: 15.7392, Test R: 0.9393, Test RRSE: 1.1931
2025-02-10 16:09:03,826:INFO:Epoch 260: Train Loss: 172.0628, Train Node Loss: 0.6178, Train Reg Loss: 1.7144, Train MAPE: 12.2004, Train R: 0.9316, Train RRSE: 0.3727, Test Loss: 516.4103, Test Node Loss: 0.4029, Test Reg Loss: 5.1601, Test MAPE: 13.1062, Test R: 0.9395, Test RRSE: 0.6330
2025-02-10 16:09:20,212:INFO:Epoch 261: Train Loss: 131.4078, Train Node Loss: 0.5429, Train Reg Loss: 1.3086, Train MAPE: 12.1752, Train R: 0.9477, Train RRSE: 0.3256, Test Loss: 492.6379, Test Node Loss: 0.3657, Test Reg Loss: 4.9227, Test MAPE: 13.6805, Test R: 0.9429, Test RRSE: 0.6182
2025-02-10 16:09:35,973:INFO:Epoch 262: Train Loss: 131.4803, Train Node Loss: 0.5430, Train Reg Loss: 1.3094, Train MAPE: 12.0839, Train R: 0.9461, Train RRSE: 0.3257, Test Loss: 237.5681, Test Node Loss: 0.4458, Test Reg Loss: 2.3712, Test MAPE: 13.1349, Test R: 0.9426, Test RRSE: 0.4291
2025-02-10 16:09:51,601:INFO:Epoch 263: Train Loss: 179.7136, Train Node Loss: 0.5454, Train Reg Loss: 1.7917, Train MAPE: 12.2431, Train R: 0.9252, Train RRSE: 0.3810, Test Loss: 1313.5106, Test Node Loss: 0.2815, Test Reg Loss: 13.1323, Test MAPE: 14.5563, Test R: 0.9380, Test RRSE: 1.0097
2025-02-10 16:10:07,058:INFO:Epoch 264: Train Loss: 130.5369, Train Node Loss: 0.5453, Train Reg Loss: 1.2999, Train MAPE: 12.1130, Train R: 0.9472, Train RRSE: 0.3245, Test Loss: 327.2819, Test Node Loss: 0.4488, Test Reg Loss: 3.2683, Test MAPE: 13.3336, Test R: 0.9417, Test RRSE: 0.5037
2025-02-10 16:10:22,269:INFO:Epoch 265: Train Loss: 173.7475, Train Node Loss: 0.5450, Train Reg Loss: 1.7320, Train MAPE: 12.0022, Train R: 0.9293, Train RRSE: 0.3746, Test Loss: 802.1183, Test Node Loss: 0.3748, Test Reg Loss: 8.0174, Test MAPE: 14.0802, Test R: 0.9398, Test RRSE: 0.7890
2025-02-10 16:10:38,396:INFO:Epoch 266: Train Loss: 169.6632, Train Node Loss: 0.6270, Train Reg Loss: 1.6904, Train MAPE: 12.3053, Train R: 0.9318, Train RRSE: 0.3701, Test Loss: 391.7378, Test Node Loss: 0.4672, Test Reg Loss: 3.9127, Test MAPE: 13.1660, Test R: 0.9404, Test RRSE: 0.5512
2025-02-10 16:10:54,376:INFO:Epoch 267: Train Loss: 147.2410, Train Node Loss: 0.5320, Train Reg Loss: 1.4671, Train MAPE: 12.1255, Train R: 0.9398, Train RRSE: 0.3447, Test Loss: 1060.1798, Test Node Loss: 0.3015, Test Reg Loss: 10.5988, Test MAPE: 14.0134, Test R: 0.9406, Test RRSE: 0.9071
2025-02-10 16:11:10,585:INFO:Epoch 268: Train Loss: 138.3496, Train Node Loss: 0.5340, Train Reg Loss: 1.3782, Train MAPE: 11.8953, Train R: 0.9436, Train RRSE: 0.3341, Test Loss: 213.0253, Test Node Loss: 0.4538, Test Reg Loss: 2.1257, Test MAPE: 12.8711, Test R: 0.9421, Test RRSE: 0.4063
2025-02-10 16:11:26,601:INFO:Epoch 269: Train Loss: 144.7537, Train Node Loss: 0.5616, Train Reg Loss: 1.4419, Train MAPE: 12.3769, Train R: 0.9398, Train RRSE: 0.3418, Test Loss: 791.4604, Test Node Loss: 0.3403, Test Reg Loss: 7.9112, Test MAPE: 13.8804, Test R: 0.9389, Test RRSE: 0.7837
2025-02-10 16:11:42,821:INFO:Epoch 270: Train Loss: 120.2513, Train Node Loss: 0.5374, Train Reg Loss: 1.1971, Train MAPE: 12.1262, Train R: 0.9512, Train RRSE: 0.3114, Test Loss: 526.6569, Test Node Loss: 0.3817, Test Reg Loss: 5.2628, Test MAPE: 13.4442, Test R: 0.9395, Test RRSE: 0.6392
2025-02-10 16:11:58,400:INFO:Epoch 271: Train Loss: 156.8695, Train Node Loss: 0.5685, Train Reg Loss: 1.5630, Train MAPE: 12.1329, Train R: 0.9364, Train RRSE: 0.3558, Test Loss: 1071.7615, Test Node Loss: 0.3120, Test Reg Loss: 10.7145, Test MAPE: 14.4842, Test R: 0.9385, Test RRSE: 0.9121
2025-02-10 16:12:14,349:INFO:Epoch 272: Train Loss: 140.1950, Train Node Loss: 0.4903, Train Reg Loss: 1.3970, Train MAPE: 12.0519, Train R: 0.9494, Train RRSE: 0.3364, Test Loss: 275.1355, Test Node Loss: 0.4230, Test Reg Loss: 2.7471, Test MAPE: 13.0961, Test R: 0.9411, Test RRSE: 0.4618
2025-02-10 16:12:30,571:INFO:Epoch 273: Train Loss: 151.8869, Train Node Loss: 0.5599, Train Reg Loss: 1.5133, Train MAPE: 12.2415, Train R: 0.9399, Train RRSE: 0.3501, Test Loss: 1085.5859, Test Node Loss: 0.2854, Test Reg Loss: 10.8530, Test MAPE: 14.4462, Test R: 0.9388, Test RRSE: 0.9179
2025-02-10 16:12:46,846:INFO:Epoch 274: Train Loss: 151.2951, Train Node Loss: 0.4877, Train Reg Loss: 1.5081, Train MAPE: 12.1022, Train R: 0.9374, Train RRSE: 0.3495, Test Loss: 677.3469, Test Node Loss: 0.3310, Test Reg Loss: 6.7702, Test MAPE: 13.8518, Test R: 0.9405, Test RRSE: 0.7250
2025-02-10 16:13:02,260:INFO:Epoch 275: Train Loss: 139.2096, Train Node Loss: 0.5020, Train Reg Loss: 1.3871, Train MAPE: 12.2115, Train R: 0.9422, Train RRSE: 0.3352, Test Loss: 758.1224, Test Node Loss: 0.3127, Test Reg Loss: 7.5781, Test MAPE: 13.9753, Test R: 0.9408, Test RRSE: 0.7670
2025-02-10 16:13:17,639:INFO:Epoch 276: Train Loss: 149.3151, Train Node Loss: 0.4904, Train Reg Loss: 1.4882, Train MAPE: 12.1240, Train R: 0.9390, Train RRSE: 0.3472, Test Loss: 301.8470, Test Node Loss: 0.4183, Test Reg Loss: 3.0143, Test MAPE: 13.4115, Test R: 0.9413, Test RRSE: 0.4838
2025-02-10 16:13:33,012:INFO:Epoch 277: Train Loss: 138.4420, Train Node Loss: 0.5324, Train Reg Loss: 1.3791, Train MAPE: 12.3457, Train R: 0.9430, Train RRSE: 0.3342, Test Loss: 830.2463, Test Node Loss: 0.3014, Test Reg Loss: 8.2994, Test MAPE: 13.7627, Test R: 0.9395, Test RRSE: 0.8027
2025-02-10 16:13:48,307:INFO:Epoch 278: Train Loss: 151.7385, Train Node Loss: 0.4634, Train Reg Loss: 1.5128, Train MAPE: 12.0797, Train R: 0.9383, Train RRSE: 0.3501, Test Loss: 232.6949, Test Node Loss: 0.3854, Test Reg Loss: 2.3231, Test MAPE: 13.2227, Test R: 0.9435, Test RRSE: 0.4247
2025-02-10 16:13:48,341:INFO:Checkpoint saved at best_0.0008_0.001_256_SAGE_2_32_0.9435_epoch_278.pth
2025-02-10 16:14:03,910:INFO:Epoch 279: Train Loss: 139.6765, Train Node Loss: 0.4908, Train Reg Loss: 1.3919, Train MAPE: 12.0836, Train R: 0.9428, Train RRSE: 0.3358, Test Loss: 576.0577, Test Node Loss: 0.3564, Test Reg Loss: 5.7570, Test MAPE: 13.2584, Test R: 0.9392, Test RRSE: 0.6686
2025-02-10 16:14:20,283:INFO:Epoch 280: Train Loss: 159.0036, Train Node Loss: 0.5305, Train Reg Loss: 1.5847, Train MAPE: 12.1686, Train R: 0.9340, Train RRSE: 0.3583, Test Loss: 640.1416, Test Node Loss: 0.3603, Test Reg Loss: 6.3978, Test MAPE: 13.6407, Test R: 0.9391, Test RRSE: 0.7048
2025-02-10 16:14:36,616:INFO:Epoch 281: Train Loss: 159.2302, Train Node Loss: 0.5151, Train Reg Loss: 1.5872, Train MAPE: 12.0577, Train R: 0.9349, Train RRSE: 0.3586, Test Loss: 280.6529, Test Node Loss: 0.4284, Test Reg Loss: 2.8022, Test MAPE: 13.1521, Test R: 0.9425, Test RRSE: 0.4664
2025-02-10 16:14:52,231:INFO:Epoch 282: Train Loss: 147.5824, Train Node Loss: 0.5909, Train Reg Loss: 1.4699, Train MAPE: 12.3192, Train R: 0.9423, Train RRSE: 0.3451, Test Loss: 1000.2453, Test Node Loss: 0.3154, Test Reg Loss: 9.9993, Test MAPE: 13.9420, Test R: 0.9393, Test RRSE: 0.8811
2025-02-10 16:15:08,507:INFO:Epoch 283: Train Loss: 132.3939, Train Node Loss: 0.5050, Train Reg Loss: 1.3189, Train MAPE: 12.0250, Train R: 0.9467, Train RRSE: 0.3269, Test Loss: 550.4537, Test Node Loss: 0.3676, Test Reg Loss: 5.5009, Test MAPE: 13.6553, Test R: 0.9406, Test RRSE: 0.6535
2025-02-10 16:15:24,777:INFO:Epoch 284: Train Loss: 153.6614, Train Node Loss: 0.5301, Train Reg Loss: 1.5313, Train MAPE: 12.2635, Train R: 0.9364, Train RRSE: 0.3522, Test Loss: 879.2149, Test Node Loss: 0.3228, Test Reg Loss: 8.7889, Test MAPE: 14.0073, Test R: 0.9389, Test RRSE: 0.8261
2025-02-10 16:15:41,209:INFO:Epoch 285: Train Loss: 128.3874, Train Node Loss: 0.5349, Train Reg Loss: 1.2785, Train MAPE: 12.2652, Train R: 0.9470, Train RRSE: 0.3218, Test Loss: 417.9977, Test Node Loss: 0.3930, Test Reg Loss: 4.1760, Test MAPE: 13.5547, Test R: 0.9401, Test RRSE: 0.5694
2025-02-10 16:15:57,656:INFO:Epoch 286: Train Loss: 139.3172, Train Node Loss: 0.5419, Train Reg Loss: 1.3878, Train MAPE: 12.1819, Train R: 0.9435, Train RRSE: 0.3353, Test Loss: 1075.7382, Test Node Loss: 0.2862, Test Reg Loss: 10.7545, Test MAPE: 14.2477, Test R: 0.9373, Test RRSE: 0.9138
2025-02-10 16:16:13,940:INFO:Epoch 287: Train Loss: 160.6458, Train Node Loss: 0.4441, Train Reg Loss: 1.6020, Train MAPE: 11.8659, Train R: 0.9402, Train RRSE: 0.3603, Test Loss: 368.9319, Test Node Loss: 0.3391, Test Reg Loss: 3.6859, Test MAPE: 13.1054, Test R: 0.9411, Test RRSE: 0.5350
2025-02-10 16:16:30,061:INFO:Epoch 288: Train Loss: 161.8538, Train Node Loss: 0.5363, Train Reg Loss: 1.6132, Train MAPE: 12.4589, Train R: 0.9399, Train RRSE: 0.3615, Test Loss: 752.6113, Test Node Loss: 0.2804, Test Reg Loss: 7.5233, Test MAPE: 13.7645, Test R: 0.9405, Test RRSE: 0.7643
2025-02-10 16:16:46,336:INFO:Epoch 289: Train Loss: 180.9476, Train Node Loss: 0.4063, Train Reg Loss: 1.8054, Train MAPE: 11.9930, Train R: 0.9332, Train RRSE: 0.3824, Test Loss: 758.8298, Test Node Loss: 0.2642, Test Reg Loss: 7.5857, Test MAPE: 13.7102, Test R: 0.9405, Test RRSE: 0.7674
2025-02-10 16:17:01,890:INFO:Epoch 290: Train Loss: 150.9731, Train Node Loss: 0.4889, Train Reg Loss: 1.5048, Train MAPE: 12.4313, Train R: 0.9470, Train RRSE: 0.3492, Test Loss: 834.9389, Test Node Loss: 0.2468, Test Reg Loss: 8.3469, Test MAPE: 13.7400, Test R: 0.9394, Test RRSE: 0.8050
2025-02-10 16:17:17,809:INFO:Epoch 291: Train Loss: 174.2654, Train Node Loss: 0.3736, Train Reg Loss: 1.7389, Train MAPE: 11.9893, Train R: 0.9317, Train RRSE: 0.3753, Test Loss: 377.3662, Test Node Loss: 0.2898, Test Reg Loss: 3.7708, Test MAPE: 13.3795, Test R: 0.9412, Test RRSE: 0.5411
2025-02-10 16:17:33,956:INFO:Epoch 292: Train Loss: 156.7138, Train Node Loss: 0.4814, Train Reg Loss: 1.5623, Train MAPE: 12.4673, Train R: 0.9398, Train RRSE: 0.3558, Test Loss: 823.9735, Test Node Loss: 0.2612, Test Reg Loss: 8.2371, Test MAPE: 13.8440, Test R: 0.9384, Test RRSE: 0.7997
2025-02-10 16:17:49,474:INFO:Epoch 293: Train Loss: 191.1602, Train Node Loss: 0.3699, Train Reg Loss: 1.9079, Train MAPE: 11.7926, Train R: 0.9249, Train RRSE: 0.3931, Test Loss: 499.2426, Test Node Loss: 0.2529, Test Reg Loss: 4.9899, Test MAPE: 13.2197, Test R: 0.9402, Test RRSE: 0.6224
2025-02-10 16:18:04,740:INFO:Epoch 294: Train Loss: 125.4841, Train Node Loss: 0.4013, Train Reg Loss: 1.2508, Train MAPE: 12.2051, Train R: 0.9494, Train RRSE: 0.3183, Test Loss: 624.2083, Test Node Loss: 0.2437, Test Reg Loss: 6.2396, Test MAPE: 13.5014, Test R: 0.9409, Test RRSE: 0.6960
2025-02-10 16:18:19,775:INFO:Epoch 295: Train Loss: 133.5376, Train Node Loss: 0.3793, Train Reg Loss: 1.3316, Train MAPE: 12.2435, Train R: 0.9449, Train RRSE: 0.3284, Test Loss: 418.0648, Test Node Loss: 0.2729, Test Reg Loss: 4.1779, Test MAPE: 13.2852, Test R: 0.9421, Test RRSE: 0.5695
2025-02-10 16:18:35,498:INFO:Epoch 296: Train Loss: 150.6274, Train Node Loss: 0.3887, Train Reg Loss: 1.5024, Train MAPE: 12.0193, Train R: 0.9380, Train RRSE: 0.3489, Test Loss: 438.8115, Test Node Loss: 0.2615, Test Reg Loss: 4.3855, Test MAPE: 13.1349, Test R: 0.9410, Test RRSE: 0.5835
2025-02-10 16:18:51,051:INFO:Epoch 297: Train Loss: 151.9103, Train Node Loss: 0.4106, Train Reg Loss: 1.5150, Train MAPE: 12.0794, Train R: 0.9373, Train RRSE: 0.3503, Test Loss: 234.1879, Test Node Loss: 0.3412, Test Reg Loss: 2.3385, Test MAPE: 13.2085, Test R: 0.9418, Test RRSE: 0.4261
2025-02-10 16:19:06,228:INFO:Epoch 298: Train Loss: 141.2780, Train Node Loss: 0.4708, Train Reg Loss: 1.4081, Train MAPE: 12.1943, Train R: 0.9446, Train RRSE: 0.3377, Test Loss: 680.9633, Test Node Loss: 0.2832, Test Reg Loss: 6.8068, Test MAPE: 13.3407, Test R: 0.9398, Test RRSE: 0.7270
2025-02-10 16:19:21,670:INFO:Epoch 299: Train Loss: 165.7115, Train Node Loss: 0.3937, Train Reg Loss: 1.6532, Train MAPE: 11.9612, Train R: 0.9393, Train RRSE: 0.3660, Test Loss: 233.8090, Test Node Loss: 0.3401, Test Reg Loss: 2.3347, Test MAPE: 13.3560, Test R: 0.9436, Test RRSE: 0.4258
2025-02-10 16:19:21,716:INFO:Checkpoint saved at best_0.0008_0.001_256_SAGE_2_32_0.9436_epoch_299.pth
2025-02-10 16:19:36,999:INFO:Epoch 300: Train Loss: 172.6923, Train Node Loss: 0.4578, Train Reg Loss: 1.7223, Train MAPE: 12.3489, Train R: 0.9338, Train RRSE: 0.3735, Test Loss: 355.9725, Test Node Loss: 0.2751, Test Reg Loss: 3.5570, Test MAPE: 13.1884, Test R: 0.9438, Test RRSE: 0.5255
2025-02-10 16:19:37,016:INFO:Checkpoint saved at best_0.0008_0.001_256_SAGE_2_32_0.9438_epoch_300.pth
2025-02-10 16:19:37,016:INFO:Best performance at epoch 300 with Test MAPE: 0.9438
