2025-02-10 14:55:32,555:INFO:Learning rate: 0.001
2025-02-10 14:55:32,556:INFO:Weight decay: 0.001
2025-02-10 14:55:32,556:INFO:Batch size: 64
2025-02-10 14:55:32,557:INFO:Number of layers: 3
2025-02-10 14:55:32,557:INFO:Convolution type: SAGE
2025-02-10 14:55:32,557:INFO:Convolution neurons: 256
2025-02-10 15:00:03,833:INFO:Learning rate: 0.001
2025-02-10 15:00:03,834:INFO:Weight decay: 0.001
2025-02-10 15:00:03,834:INFO:Batch size: 64
2025-02-10 15:00:03,834:INFO:Number of layers: 3
2025-02-10 15:00:03,834:INFO:Convolution type: SAGE
2025-02-10 15:00:03,834:INFO:Convolution neurons: 256
2025-02-10 15:00:37,894:INFO:Epoch 1: Train Loss: 81835.8356, Train Node Loss: 4.6591, Train Reg Loss: 818.3118, Train MAPE: 95.7689, Train R: 0.0733, Train RRSE: 8.1420, Test Loss: 76778.2742, Test Node Loss: 19.2445, Test Reg Loss: 767.5903, Test MAPE: 91.6922, Test R: 0.8353, Test RRSE: 7.7198
2025-02-10 15:00:37,922:INFO:Checkpoint saved at best_0.001_0.001_256_SAGE_3_64_0.8353_epoch_1.pth
2025-02-10 15:01:09,946:INFO:Epoch 2: Train Loss: 57499.3135, Train Node Loss: 147.1858, Train Reg Loss: 573.5213, Train MAPE: 79.3586, Train R: 0.0398, Train RRSE: 6.8163, Test Loss: 30404.9360, Test Node Loss: 676.7904, Test Reg Loss: 297.2815, Test MAPE: 55.9887, Test R: 0.8634, Test RRSE: 4.8042
2025-02-10 15:01:09,980:INFO:Checkpoint saved at best_0.001_0.001_256_SAGE_3_64_0.8634_epoch_2.pth
2025-02-10 15:01:41,740:INFO:Epoch 3: Train Loss: 14029.6009, Train Node Loss: 1899.1230, Train Reg Loss: 121.3048, Train MAPE: 31.0675, Train R: 0.0551, Train RRSE: 3.1348, Test Loss: 81293.7682, Test Node Loss: 9959.1301, Test Reg Loss: 713.3464, Test MAPE: 91.5961, Test R: 0.8747, Test RRSE: 7.4420
2025-02-10 15:01:41,773:INFO:Checkpoint saved at best_0.001_0.001_256_SAGE_3_64_0.8747_epoch_3.pth
2025-02-10 15:02:13,496:INFO:Epoch 4: Train Loss: 13325.9188, Train Node Loss: 4415.9724, Train Reg Loss: 89.0995, Train MAPE: 31.8228, Train R: 0.4791, Train RRSE: 2.6866, Test Loss: 8276.2415, Test Node Loss: 3889.6199, Test Reg Loss: 43.8662, Test MAPE: 23.0046, Test R: 0.8730, Test RRSE: 1.8455
2025-02-10 15:02:45,155:INFO:Epoch 5: Train Loss: 4577.3315, Train Node Loss: 1896.8129, Train Reg Loss: 26.8052, Train MAPE: 14.8186, Train R: 0.2538, Train RRSE: 1.4736, Test Loss: 6565.1378, Test Node Loss: 1407.1549, Test Reg Loss: 51.5798, Test MAPE: 21.1077, Test R: 0.8691, Test RRSE: 2.0012
2025-02-10 15:03:16,801:INFO:Epoch 6: Train Loss: 7320.3391, Train Node Loss: 1140.5265, Train Reg Loss: 61.7981, Train MAPE: 23.6020, Train R: 0.7039, Train RRSE: 2.2375, Test Loss: 4270.7062, Test Node Loss: 1480.8341, Test Reg Loss: 27.8987, Test MAPE: 14.7952, Test R: 0.8688, Test RRSE: 1.4717
2025-02-10 15:03:48,458:INFO:Epoch 7: Train Loss: 3625.5733, Train Node Loss: 1497.1636, Train Reg Loss: 21.2841, Train MAPE: 12.2930, Train R: 0.3395, Train RRSE: 1.3131, Test Loss: 4046.5366, Test Node Loss: 2355.9020, Test Reg Loss: 16.9063, Test MAPE: 15.0685, Test R: 0.8707, Test RRSE: 1.1457
2025-02-10 15:04:19,803:INFO:Epoch 8: Train Loss: 3448.3852, Train Node Loss: 2081.1549, Train Reg Loss: 13.6723, Train MAPE: 13.5682, Train R: 0.6970, Train RRSE: 1.0524, Test Loss: 5089.5262, Test Node Loss: 2341.8295, Test Reg Loss: 27.4770, Test MAPE: 18.5025, Test R: 0.8709, Test RRSE: 1.4606
2025-02-10 15:04:50,929:INFO:Epoch 9: Train Loss: 2954.9810, Train Node Loss: 1817.2543, Train Reg Loss: 11.3773, Train MAPE: 12.2935, Train R: 0.6042, Train RRSE: 0.9600, Test Loss: 2325.3714, Test Node Loss: 1421.1553, Test Reg Loss: 9.0422, Test MAPE: 9.6708, Test R: 0.8704, Test RRSE: 0.8379
2025-02-10 15:05:22,308:INFO:Epoch 10: Train Loss: 2442.8084, Train Node Loss: 1237.5326, Train Reg Loss: 12.0528, Train MAPE: 9.6853, Train R: 0.6938, Train RRSE: 0.9881, Test Loss: 3355.5775, Test Node Loss: 1052.6489, Test Reg Loss: 23.0293, Test MAPE: 13.2979, Test R: 0.8696, Test RRSE: 1.3372
2025-02-10 15:05:53,158:INFO:Epoch 11: Train Loss: 2567.5773, Train Node Loss: 1092.5933, Train Reg Loss: 14.7498, Train MAPE: 10.2557, Train R: 0.7410, Train RRSE: 1.0931, Test Loss: 2204.6188, Test Node Loss: 1188.4617, Test Reg Loss: 10.1616, Test MAPE: 9.9290, Test R: 0.8681, Test RRSE: 0.8882
2025-02-10 15:06:24,403:INFO:Epoch 12: Train Loss: 2079.3269, Train Node Loss: 1258.5114, Train Reg Loss: 8.2082, Train MAPE: 9.8369, Train R: 0.6341, Train RRSE: 0.8154, Test Loss: 2109.6396, Test Node Loss: 1352.6785, Test Reg Loss: 7.5696, Test MAPE: 10.8231, Test R: 0.8679, Test RRSE: 0.7666
2025-02-10 15:06:55,022:INFO:Epoch 13: Train Loss: 2081.6074, Train Node Loss: 1286.8657, Train Reg Loss: 7.9474, Train MAPE: 10.8614, Train R: 0.8220, Train RRSE: 0.8024, Test Loss: 1856.3785, Test Node Loss: 1136.1166, Test Reg Loss: 7.2026, Test MAPE: 9.7770, Test R: 0.8676, Test RRSE: 0.7478
2025-02-10 15:07:25,810:INFO:Epoch 14: Train Loss: 1818.1033, Train Node Loss: 1053.7210, Train Reg Loss: 7.6438, Train MAPE: 9.4152, Train R: 0.7535, Train RRSE: 0.7869, Test Loss: 2209.1826, Test Node Loss: 909.5009, Test Reg Loss: 12.9968, Test MAPE: 10.6568, Test R: 0.8665, Test RRSE: 1.0045
2025-02-10 15:07:56,191:INFO:Epoch 15: Train Loss: 1801.6151, Train Node Loss: 936.1142, Train Reg Loss: 8.6550, Train MAPE: 9.2068, Train R: 0.8257, Train RRSE: 0.8373, Test Loss: 1843.6382, Test Node Loss: 931.0408, Test Reg Loss: 9.1260, Test MAPE: 9.9837, Test R: 0.8650, Test RRSE: 0.8417
2025-02-10 15:08:27,354:INFO:Epoch 16: Train Loss: 1631.6693, Train Node Loss: 970.5350, Train Reg Loss: 6.6113, Train MAPE: 9.3502, Train R: 0.8260, Train RRSE: 0.7318, Test Loss: 1637.2626, Test Node Loss: 953.1570, Test Reg Loss: 6.8411, Test MAPE: 9.8560, Test R: 0.8638, Test RRSE: 0.7288
2025-02-10 15:08:57,575:INFO:Epoch 17: Train Loss: 1624.1437, Train Node Loss: 971.3613, Train Reg Loss: 6.5278, Train MAPE: 10.1026, Train R: 0.8290, Train RRSE: 0.7272, Test Loss: 1609.2674, Test Node Loss: 877.9569, Test Reg Loss: 7.3131, Test MAPE: 9.8661, Test R: 0.8627, Test RRSE: 0.7535
2025-02-10 15:09:28,045:INFO:Epoch 18: Train Loss: 1554.3770, Train Node Loss: 869.6520, Train Reg Loss: 6.8472, Train MAPE: 9.5586, Train R: 0.7877, Train RRSE: 0.7448, Test Loss: 1802.1046, Test Node Loss: 761.7689, Test Reg Loss: 10.4034, Test MAPE: 10.3800, Test R: 0.8610, Test RRSE: 0.8987
2025-02-10 15:09:59,172:INFO:Epoch 19: Train Loss: 1491.4709, Train Node Loss: 794.7970, Train Reg Loss: 6.9667, Train MAPE: 9.3835, Train R: 0.8200, Train RRSE: 0.7513, Test Loss: 1640.6178, Test Node Loss: 747.6756, Test Reg Loss: 8.9294, Test MAPE: 10.1570, Test R: 0.8599, Test RRSE: 0.8326
2025-02-10 15:10:30,280:INFO:Epoch 20: Train Loss: 1399.2406, Train Node Loss: 791.2724, Train Reg Loss: 6.0797, Train MAPE: 9.7265, Train R: 0.8237, Train RRSE: 0.7018, Test Loss: 1497.1966, Test Node Loss: 738.2653, Test Reg Loss: 7.5893, Test MAPE: 9.9925, Test R: 0.8587, Test RRSE: 0.7676
2025-02-10 15:11:01,610:INFO:Epoch 21: Train Loss: 1372.5591, Train Node Loss: 770.0599, Train Reg Loss: 6.0250, Train MAPE: 9.9093, Train R: 0.8221, Train RRSE: 0.6986, Test Loss: 1507.5595, Test Node Loss: 688.6494, Test Reg Loss: 8.1891, Test MAPE: 10.1516, Test R: 0.8569, Test RRSE: 0.7974
2025-02-10 15:11:32,636:INFO:Epoch 22: Train Loss: 1317.0669, Train Node Loss: 716.5603, Train Reg Loss: 6.0051, Train MAPE: 9.7087, Train R: 0.8258, Train RRSE: 0.6975, Test Loss: 1570.4995, Test Node Loss: 636.1510, Test Reg Loss: 9.3435, Test MAPE: 10.4196, Test R: 0.8552, Test RRSE: 0.8517
2025-02-10 15:12:03,397:INFO:Epoch 23: Train Loss: 1264.6237, Train Node Loss: 674.2178, Train Reg Loss: 5.9041, Train MAPE: 9.6657, Train R: 0.8302, Train RRSE: 0.6916, Test Loss: 1519.3949, Test Node Loss: 610.1839, Test Reg Loss: 9.0921, Test MAPE: 10.4050, Test R: 0.8541, Test RRSE: 0.8402
2025-02-10 15:12:34,681:INFO:Epoch 24: Train Loss: 1237.4031, Train Node Loss: 652.0941, Train Reg Loss: 5.8531, Train MAPE: 9.7657, Train R: 0.8142, Train RRSE: 0.6886, Test Loss: 1426.4609, Test Node Loss: 593.1949, Test Reg Loss: 8.3327, Test MAPE: 10.4186, Test R: 0.8540, Test RRSE: 0.8043
2025-02-10 15:13:05,972:INFO:Epoch 25: Train Loss: 1210.5048, Train Node Loss: 640.0581, Train Reg Loss: 5.7045, Train MAPE: 10.0255, Train R: 0.8032, Train RRSE: 0.6798, Test Loss: 1395.9826, Test Node Loss: 567.4821, Test Reg Loss: 8.2850, Test MAPE: 10.4663, Test R: 0.8535, Test RRSE: 0.8020
2025-02-10 15:13:37,294:INFO:Epoch 26: Train Loss: 1174.0100, Train Node Loss: 596.0260, Train Reg Loss: 5.7798, Train MAPE: 9.9434, Train R: 0.7964, Train RRSE: 0.6843, Test Loss: 1535.8546, Test Node Loss: 522.2256, Test Reg Loss: 10.1363, Test MAPE: 10.9649, Test R: 0.8519, Test RRSE: 0.8871
2025-02-10 15:14:07,948:INFO:Epoch 27: Train Loss: 1128.0132, Train Node Loss: 581.5768, Train Reg Loss: 5.4644, Train MAPE: 10.0702, Train R: 0.8049, Train RRSE: 0.6653, Test Loss: 1292.7714, Test Node Loss: 534.3831, Test Reg Loss: 7.5839, Test MAPE: 10.5401, Test R: 0.8515, Test RRSE: 0.7673
2025-02-10 15:14:38,501:INFO:Epoch 28: Train Loss: 1106.7738, Train Node Loss: 577.6039, Train Reg Loss: 5.2917, Train MAPE: 10.2929, Train R: 0.8081, Train RRSE: 0.6547, Test Loss: 1425.1331, Test Node Loss: 493.9668, Test Reg Loss: 9.3117, Test MAPE: 10.9164, Test R: 0.8515, Test RRSE: 0.8503
2025-02-10 15:15:09,910:INFO:Epoch 29: Train Loss: 1096.1470, Train Node Loss: 534.2851, Train Reg Loss: 5.6186, Train MAPE: 9.9756, Train R: 0.7989, Train RRSE: 0.6747, Test Loss: 1448.1680, Test Node Loss: 473.2960, Test Reg Loss: 9.7487, Test MAPE: 11.1551, Test R: 0.8521, Test RRSE: 0.8700
2025-02-10 15:15:41,075:INFO:Epoch 30: Train Loss: 1027.3237, Train Node Loss: 524.8527, Train Reg Loss: 5.0247, Train MAPE: 10.1949, Train R: 0.8160, Train RRSE: 0.6380, Test Loss: 1386.4843, Test Node Loss: 464.0192, Test Reg Loss: 9.2247, Test MAPE: 11.1216, Test R: 0.8530, Test RRSE: 0.8463
2025-02-10 15:16:12,021:INFO:Epoch 31: Train Loss: 1005.4928, Train Node Loss: 525.6108, Train Reg Loss: 4.7988, Train MAPE: 10.5073, Train R: 0.8200, Train RRSE: 0.6235, Test Loss: 1422.2095, Test Node Loss: 445.1413, Test Reg Loss: 9.7707, Test MAPE: 11.2815, Test R: 0.8545, Test RRSE: 0.8710
2025-02-10 15:16:42,772:INFO:Epoch 32: Train Loss: 999.0006, Train Node Loss: 497.1545, Train Reg Loss: 5.0185, Train MAPE: 10.3547, Train R: 0.8030, Train RRSE: 0.6376, Test Loss: 1728.5371, Test Node Loss: 403.8721, Test Reg Loss: 13.2467, Test MAPE: 12.1946, Test R: 0.8556, Test RRSE: 1.0141
2025-02-10 15:17:13,575:INFO:Epoch 33: Train Loss: 947.6372, Train Node Loss: 467.0220, Train Reg Loss: 4.8062, Train MAPE: 10.3742, Train R: 0.8235, Train RRSE: 0.6240, Test Loss: 1363.1288, Test Node Loss: 419.8216, Test Reg Loss: 9.4331, Test MAPE: 11.3923, Test R: 0.8568, Test RRSE: 0.8558
2025-02-10 15:17:44,487:INFO:Epoch 34: Train Loss: 920.0268, Train Node Loss: 482.9656, Train Reg Loss: 4.3706, Train MAPE: 10.8065, Train R: 0.8291, Train RRSE: 0.5950, Test Loss: 1291.5494, Test Node Loss: 413.7500, Test Reg Loss: 8.7780, Test MAPE: 11.3343, Test R: 0.8602, Test RRSE: 0.8255
2025-02-10 15:18:15,674:INFO:Epoch 35: Train Loss: 913.9434, Train Node Loss: 452.0090, Train Reg Loss: 4.6193, Train MAPE: 10.6253, Train R: 0.8130, Train RRSE: 0.6117, Test Loss: 1755.3348, Test Node Loss: 366.7460, Test Reg Loss: 13.8859, Test MAPE: 12.5425, Test R: 0.8638, Test RRSE: 1.0383
2025-02-10 15:18:46,255:INFO:Epoch 36: Train Loss: 888.1168, Train Node Loss: 432.9964, Train Reg Loss: 4.5512, Train MAPE: 10.4593, Train R: 0.8251, Train RRSE: 0.6072, Test Loss: 1233.5449, Test Node Loss: 393.2328, Test Reg Loss: 8.4031, Test MAPE: 11.3581, Test R: 0.8673, Test RRSE: 0.8077
2025-02-10 15:19:17,487:INFO:Epoch 37: Train Loss: 861.6738, Train Node Loss: 440.2527, Train Reg Loss: 4.2142, Train MAPE: 10.8347, Train R: 0.8333, Train RRSE: 0.5843, Test Loss: 1268.4063, Test Node Loss: 376.6090, Test Reg Loss: 8.9180, Test MAPE: 11.5204, Test R: 0.8720, Test RRSE: 0.8321
2025-02-10 15:19:48,149:INFO:Epoch 38: Train Loss: 832.0485, Train Node Loss: 425.3636, Train Reg Loss: 4.0668, Train MAPE: 10.7636, Train R: 0.8423, Train RRSE: 0.5740, Test Loss: 1512.3003, Test Node Loss: 349.1587, Test Reg Loss: 11.6314, Test MAPE: 12.2715, Test R: 0.8742, Test RRSE: 0.9503
2025-02-10 15:20:19,686:INFO:Epoch 39: Train Loss: 807.3278, Train Node Loss: 398.7413, Train Reg Loss: 4.0859, Train MAPE: 10.6677, Train R: 0.8466, Train RRSE: 0.5753, Test Loss: 1383.1202, Test Node Loss: 346.4166, Test Reg Loss: 10.3670, Test MAPE: 12.0245, Test R: 0.8772, Test RRSE: 0.8972
2025-02-10 15:20:19,719:INFO:Checkpoint saved at best_0.001_0.001_256_SAGE_3_64_0.8772_epoch_39.pth
2025-02-10 15:20:51,685:INFO:Epoch 40: Train Loss: 804.4286, Train Node Loss: 401.1658, Train Reg Loss: 4.0326, Train MAPE: 10.8429, Train R: 0.8413, Train RRSE: 0.5716, Test Loss: 1285.9005, Test Node Loss: 343.9389, Test Reg Loss: 9.4196, Test MAPE: 11.8450, Test R: 0.8800, Test RRSE: 0.8552
2025-02-10 15:20:51,717:INFO:Checkpoint saved at best_0.001_0.001_256_SAGE_3_64_0.8800_epoch_40.pth
2025-02-10 15:21:23,441:INFO:Epoch 41: Train Loss: 768.2434, Train Node Loss: 381.1859, Train Reg Loss: 3.8706, Train MAPE: 10.8506, Train R: 0.8478, Train RRSE: 0.5600, Test Loss: 1878.7021, Test Node Loss: 304.6961, Test Reg Loss: 15.7401, Test MAPE: 13.4992, Test R: 0.8823, Test RRSE: 1.1055
2025-02-10 15:21:23,479:INFO:Checkpoint saved at best_0.001_0.001_256_SAGE_3_64_0.8823_epoch_41.pth
2025-02-10 15:21:54,430:INFO:Epoch 42: Train Loss: 741.5800, Train Node Loss: 369.5607, Train Reg Loss: 3.7202, Train MAPE: 10.7350, Train R: 0.8596, Train RRSE: 0.5490, Test Loss: 1406.1600, Test Node Loss: 319.1922, Test Reg Loss: 10.8697, Test MAPE: 12.3683, Test R: 0.8846, Test RRSE: 0.9186
2025-02-10 15:21:54,471:INFO:Checkpoint saved at best_0.001_0.001_256_SAGE_3_64_0.8846_epoch_42.pth
2025-02-10 15:22:25,647:INFO:Epoch 43: Train Loss: 740.4158, Train Node Loss: 376.5426, Train Reg Loss: 3.6387, Train MAPE: 11.1092, Train R: 0.8585, Train RRSE: 0.5429, Test Loss: 1492.1956, Test Node Loss: 303.2108, Test Reg Loss: 11.8898, Test MAPE: 12.6282, Test R: 0.8879, Test RRSE: 0.9608
2025-02-10 15:22:25,687:INFO:Checkpoint saved at best_0.001_0.001_256_SAGE_3_64_0.8879_epoch_43.pth
2025-02-10 15:22:57,207:INFO:Epoch 44: Train Loss: 723.5653, Train Node Loss: 347.2242, Train Reg Loss: 3.7634, Train MAPE: 10.8481, Train R: 0.8560, Train RRSE: 0.5522, Test Loss: 1420.1885, Test Node Loss: 298.3203, Test Reg Loss: 11.2187, Test MAPE: 12.5971, Test R: 0.8900, Test RRSE: 0.9333
2025-02-10 15:22:57,235:INFO:Checkpoint saved at best_0.001_0.001_256_SAGE_3_64_0.8900_epoch_44.pth
2025-02-10 15:23:28,693:INFO:Epoch 45: Train Loss: 710.2519, Train Node Loss: 352.7644, Train Reg Loss: 3.5749, Train MAPE: 11.1410, Train R: 0.8563, Train RRSE: 0.5381, Test Loss: 1575.4412, Test Node Loss: 286.4703, Test Reg Loss: 12.8897, Test MAPE: 13.0775, Test R: 0.8902, Test RRSE: 1.0004
2025-02-10 15:23:28,741:INFO:Checkpoint saved at best_0.001_0.001_256_SAGE_3_64_0.8902_epoch_45.pth
2025-02-10 15:24:01,029:INFO:Epoch 46: Train Loss: 739.0101, Train Node Loss: 321.5181, Train Reg Loss: 4.1749, Train MAPE: 10.9775, Train R: 0.8429, Train RRSE: 0.5816, Test Loss: 1537.3701, Test Node Loss: 279.4183, Test Reg Loss: 12.5795, Test MAPE: 12.9526, Test R: 0.8918, Test RRSE: 0.9883
2025-02-10 15:24:01,067:INFO:Checkpoint saved at best_0.001_0.001_256_SAGE_3_64_0.8918_epoch_46.pth
2025-02-10 15:24:32,751:INFO:Epoch 47: Train Loss: 764.7674, Train Node Loss: 346.2528, Train Reg Loss: 4.1851, Train MAPE: 11.6130, Train R: 0.8320, Train RRSE: 0.5823, Test Loss: 906.0994, Test Node Loss: 305.1197, Test Reg Loss: 6.0098, Test MAPE: 11.5818, Test R: 0.8957, Test RRSE: 0.6831
2025-02-10 15:24:32,784:INFO:Checkpoint saved at best_0.001_0.001_256_SAGE_3_64_0.8957_epoch_47.pth
2025-02-10 15:25:04,154:INFO:Epoch 48: Train Loss: 759.1603, Train Node Loss: 300.1115, Train Reg Loss: 4.5905, Train MAPE: 11.0093, Train R: 0.8176, Train RRSE: 0.6098, Test Loss: 1596.8940, Test Node Loss: 252.3129, Test Reg Loss: 13.4458, Test MAPE: 13.2581, Test R: 0.8988, Test RRSE: 1.0217
2025-02-10 15:25:04,193:INFO:Checkpoint saved at best_0.001_0.001_256_SAGE_3_64_0.8988_epoch_48.pth
2025-02-10 15:25:35,229:INFO:Epoch 49: Train Loss: 680.2433, Train Node Loss: 303.6304, Train Reg Loss: 3.7661, Train MAPE: 11.0538, Train R: 0.8429, Train RRSE: 0.5524, Test Loss: 623.1236, Test Node Loss: 323.2499, Test Reg Loss: 2.9987, Test MAPE: 11.4657, Test R: 0.8996, Test RRSE: 0.4825
2025-02-10 15:25:35,273:INFO:Checkpoint saved at best_0.001_0.001_256_SAGE_3_64_0.8996_epoch_49.pth
2025-02-10 15:26:07,092:INFO:Epoch 50: Train Loss: 684.1827, Train Node Loss: 311.4515, Train Reg Loss: 3.7273, Train MAPE: 11.4231, Train R: 0.8520, Train RRSE: 0.5495, Test Loss: 1718.1277, Test Node Loss: 236.9158, Test Reg Loss: 14.8121, Test MAPE: 13.6723, Test R: 0.9004, Test RRSE: 1.0724
2025-02-10 15:26:07,120:INFO:Checkpoint saved at best_0.001_0.001_256_SAGE_3_64_0.9004_epoch_50.pth
2025-02-10 15:26:38,061:INFO:Epoch 51: Train Loss: 648.3169, Train Node Loss: 272.3608, Train Reg Loss: 3.7596, Train MAPE: 10.9688, Train R: 0.8694, Train RRSE: 0.5519, Test Loss: 856.6537, Test Node Loss: 270.9174, Test Reg Loss: 5.8574, Test MAPE: 11.7472, Test R: 0.9032, Test RRSE: 0.6744
2025-02-10 15:26:38,100:INFO:Checkpoint saved at best_0.001_0.001_256_SAGE_3_64_0.9032_epoch_51.pth
2025-02-10 15:27:09,314:INFO:Epoch 52: Train Loss: 607.3569, Train Node Loss: 291.9651, Train Reg Loss: 3.1539, Train MAPE: 11.3373, Train R: 0.8821, Train RRSE: 0.5055, Test Loss: 1136.7571, Test Node Loss: 249.5041, Test Reg Loss: 8.8725, Test MAPE: 12.4497, Test R: 0.9033, Test RRSE: 0.8300
2025-02-10 15:27:09,352:INFO:Checkpoint saved at best_0.001_0.001_256_SAGE_3_64_0.9033_epoch_52.pth
2025-02-10 15:27:41,100:INFO:Epoch 53: Train Loss: 595.6902, Train Node Loss: 264.7054, Train Reg Loss: 3.3098, Train MAPE: 11.1641, Train R: 0.8742, Train RRSE: 0.5178, Test Loss: 1384.1900, Test Node Loss: 230.6092, Test Reg Loss: 11.5358, Test MAPE: 13.0382, Test R: 0.9043, Test RRSE: 0.9464
2025-02-10 15:27:41,144:INFO:Checkpoint saved at best_0.001_0.001_256_SAGE_3_64_0.9043_epoch_53.pth
2025-02-10 15:28:12,192:INFO:Epoch 54: Train Loss: 560.8591, Train Node Loss: 267.2316, Train Reg Loss: 2.9363, Train MAPE: 11.3208, Train R: 0.8823, Train RRSE: 0.4877, Test Loss: 716.8483, Test Node Loss: 256.4854, Test Reg Loss: 4.6036, Test MAPE: 11.6608, Test R: 0.9081, Test RRSE: 0.5978
2025-02-10 15:28:12,243:INFO:Checkpoint saved at best_0.001_0.001_256_SAGE_3_64_0.9081_epoch_54.pth
2025-02-10 15:28:43,325:INFO:Epoch 55: Train Loss: 566.3093, Train Node Loss: 260.2945, Train Reg Loss: 3.0601, Train MAPE: 11.2013, Train R: 0.8815, Train RRSE: 0.4979, Test Loss: 1339.2102, Test Node Loss: 216.7533, Test Reg Loss: 11.2246, Test MAPE: 13.0978, Test R: 0.9082, Test RRSE: 0.9335
2025-02-10 15:28:43,356:INFO:Checkpoint saved at best_0.001_0.001_256_SAGE_3_64_0.9082_epoch_55.pth
2025-02-10 15:29:14,647:INFO:Epoch 56: Train Loss: 549.3854, Train Node Loss: 243.1288, Train Reg Loss: 3.0626, Train MAPE: 11.1130, Train R: 0.8841, Train RRSE: 0.4981, Test Loss: 877.0233, Test Node Loss: 231.2197, Test Reg Loss: 6.4580, Test MAPE: 12.0845, Test R: 0.9097, Test RRSE: 0.7081
2025-02-10 15:29:14,677:INFO:Checkpoint saved at best_0.001_0.001_256_SAGE_3_64_0.9097_epoch_56.pth
2025-02-10 15:29:45,772:INFO:Epoch 57: Train Loss: 544.8890, Train Node Loss: 249.6895, Train Reg Loss: 2.9520, Train MAPE: 11.3393, Train R: 0.8893, Train RRSE: 0.4890, Test Loss: 954.7477, Test Node Loss: 217.3544, Test Reg Loss: 7.3739, Test MAPE: 12.2867, Test R: 0.9123, Test RRSE: 0.7566
2025-02-10 15:29:45,809:INFO:Checkpoint saved at best_0.001_0.001_256_SAGE_3_64_0.9123_epoch_57.pth
2025-02-10 15:30:16,555:INFO:Epoch 58: Train Loss: 562.1970, Train Node Loss: 225.1479, Train Reg Loss: 3.3705, Train MAPE: 11.0763, Train R: 0.8726, Train RRSE: 0.5225, Test Loss: 869.9197, Test Node Loss: 212.8886, Test Reg Loss: 6.5703, Test MAPE: 12.1307, Test R: 0.9141, Test RRSE: 0.7142
2025-02-10 15:30:16,579:INFO:Checkpoint saved at best_0.001_0.001_256_SAGE_3_64_0.9141_epoch_58.pth
2025-02-10 15:30:48,009:INFO:Epoch 59: Train Loss: 524.2322, Train Node Loss: 232.0166, Train Reg Loss: 2.9222, Train MAPE: 11.3352, Train R: 0.8864, Train RRSE: 0.4865, Test Loss: 575.8969, Test Node Loss: 228.5029, Test Reg Loss: 3.4739, Test MAPE: 11.7285, Test R: 0.9154, Test RRSE: 0.5193
2025-02-10 15:30:48,048:INFO:Checkpoint saved at best_0.001_0.001_256_SAGE_3_64_0.9154_epoch_59.pth
2025-02-10 15:31:19,325:INFO:Epoch 60: Train Loss: 520.8203, Train Node Loss: 220.3502, Train Reg Loss: 3.0047, Train MAPE: 11.2685, Train R: 0.8807, Train RRSE: 0.4934, Test Loss: 921.5215, Test Node Loss: 199.6690, Test Reg Loss: 7.2185, Test MAPE: 12.3324, Test R: 0.9167, Test RRSE: 0.7486
2025-02-10 15:31:19,353:INFO:Checkpoint saved at best_0.001_0.001_256_SAGE_3_64_0.9167_epoch_60.pth
2025-02-10 15:31:49,922:INFO:Epoch 61: Train Loss: 571.2612, Train Node Loss: 215.5144, Train Reg Loss: 3.5575, Train MAPE: 11.1236, Train R: 0.8554, Train RRSE: 0.5368, Test Loss: 684.9766, Test Node Loss: 206.0781, Test Reg Loss: 4.7890, Test MAPE: 11.9367, Test R: 0.9160, Test RRSE: 0.6098
2025-02-10 15:32:20,533:INFO:Epoch 62: Train Loss: 481.4616, Train Node Loss: 213.9160, Train Reg Loss: 2.6755, Train MAPE: 11.4560, Train R: 0.8944, Train RRSE: 0.4656, Test Loss: 762.8111, Test Node Loss: 196.9916, Test Reg Loss: 5.6582, Test MAPE: 12.2105, Test R: 0.9157, Test RRSE: 0.6628
2025-02-10 15:32:51,684:INFO:Epoch 63: Train Loss: 480.2412, Train Node Loss: 201.4231, Train Reg Loss: 2.7882, Train MAPE: 11.2648, Train R: 0.8910, Train RRSE: 0.4753, Test Loss: 791.0014, Test Node Loss: 186.7152, Test Reg Loss: 6.0429, Test MAPE: 12.2727, Test R: 0.9168, Test RRSE: 0.6850
2025-02-10 15:32:51,719:INFO:Checkpoint saved at best_0.001_0.001_256_SAGE_3_64_0.9168_epoch_63.pth
2025-02-10 15:33:22,295:INFO:Epoch 64: Train Loss: 480.2460, Train Node Loss: 197.3051, Train Reg Loss: 2.8294, Train MAPE: 11.3583, Train R: 0.8875, Train RRSE: 0.4788, Test Loss: 672.9114, Test Node Loss: 190.2443, Test Reg Loss: 4.8267, Test MAPE: 12.0879, Test R: 0.9165, Test RRSE: 0.6122
2025-02-10 15:33:53,826:INFO:Epoch 65: Train Loss: 468.4129, Train Node Loss: 190.1423, Train Reg Loss: 2.7827, Train MAPE: 11.3402, Train R: 0.8908, Train RRSE: 0.4748, Test Loss: 809.8638, Test Node Loss: 176.7766, Test Reg Loss: 6.3309, Test MAPE: 12.3300, Test R: 0.9192, Test RRSE: 0.7011
2025-02-10 15:33:53,856:INFO:Checkpoint saved at best_0.001_0.001_256_SAGE_3_64_0.9192_epoch_65.pth
2025-02-10 15:34:24,684:INFO:Epoch 66: Train Loss: 438.5646, Train Node Loss: 188.3251, Train Reg Loss: 2.5024, Train MAPE: 11.3127, Train R: 0.9053, Train RRSE: 0.4502, Test Loss: 636.3423, Test Node Loss: 181.4802, Test Reg Loss: 4.5486, Test MAPE: 12.1286, Test R: 0.9205, Test RRSE: 0.5943
2025-02-10 15:34:24,715:INFO:Checkpoint saved at best_0.001_0.001_256_SAGE_3_64_0.9205_epoch_66.pth
2025-02-10 15:34:55,345:INFO:Epoch 67: Train Loss: 480.2901, Train Node Loss: 186.2055, Train Reg Loss: 2.9408, Train MAPE: 11.3504, Train R: 0.8814, Train RRSE: 0.4881, Test Loss: 958.7924, Test Node Loss: 165.2017, Test Reg Loss: 7.9359, Test MAPE: 12.7144, Test R: 0.9193, Test RRSE: 0.7849
2025-02-10 15:35:26,140:INFO:Epoch 68: Train Loss: 433.3957, Train Node Loss: 181.2349, Train Reg Loss: 2.5216, Train MAPE: 11.5202, Train R: 0.8984, Train RRSE: 0.4520, Test Loss: 1033.3079, Test Node Loss: 157.9505, Test Reg Loss: 8.7536, Test MAPE: 12.9179, Test R: 0.9206, Test RRSE: 0.8244
2025-02-10 15:35:26,180:INFO:Checkpoint saved at best_0.001_0.001_256_SAGE_3_64_0.9206_epoch_68.pth
2025-02-10 15:35:57,461:INFO:Epoch 69: Train Loss: 443.3051, Train Node Loss: 170.3449, Train Reg Loss: 2.7296, Train MAPE: 11.4259, Train R: 0.8933, Train RRSE: 0.4702, Test Loss: 594.5106, Test Node Loss: 168.1454, Test Reg Loss: 4.2637, Test MAPE: 12.1565, Test R: 0.9217, Test RRSE: 0.5754
2025-02-10 15:35:57,491:INFO:Checkpoint saved at best_0.001_0.001_256_SAGE_3_64_0.9217_epoch_69.pth
2025-02-10 15:36:28,228:INFO:Epoch 70: Train Loss: 416.7534, Train Node Loss: 168.5399, Train Reg Loss: 2.4821, Train MAPE: 11.5004, Train R: 0.9017, Train RRSE: 0.4484, Test Loss: 644.7752, Test Node Loss: 160.3575, Test Reg Loss: 4.8442, Test MAPE: 12.1935, Test R: 0.9231, Test RRSE: 0.6133
2025-02-10 15:36:28,258:INFO:Checkpoint saved at best_0.001_0.001_256_SAGE_3_64_0.9231_epoch_70.pth
2025-02-10 15:36:58,830:INFO:Epoch 71: Train Loss: 448.3102, Train Node Loss: 169.0392, Train Reg Loss: 2.7927, Train MAPE: 11.6509, Train R: 0.8870, Train RRSE: 0.4756, Test Loss: 779.8678, Test Node Loss: 149.7962, Test Reg Loss: 6.3007, Test MAPE: 12.6008, Test R: 0.9249, Test RRSE: 0.6994
2025-02-10 15:36:58,869:INFO:Checkpoint saved at best_0.001_0.001_256_SAGE_3_64_0.9249_epoch_71.pth
2025-02-10 15:37:29,171:INFO:Epoch 72: Train Loss: 396.0555, Train Node Loss: 157.7643, Train Reg Loss: 2.3829, Train MAPE: 11.4988, Train R: 0.9078, Train RRSE: 0.4394, Test Loss: 609.0112, Test Node Loss: 151.8976, Test Reg Loss: 4.5711, Test MAPE: 12.2696, Test R: 0.9248, Test RRSE: 0.5957
2025-02-10 15:37:59,504:INFO:Epoch 73: Train Loss: 388.3305, Train Node Loss: 156.1581, Train Reg Loss: 2.3217, Train MAPE: 11.5444, Train R: 0.9091, Train RRSE: 0.4337, Test Loss: 631.9322, Test Node Loss: 146.6993, Test Reg Loss: 4.8523, Test MAPE: 12.3328, Test R: 0.9252, Test RRSE: 0.6138
2025-02-10 15:37:59,549:INFO:Checkpoint saved at best_0.001_0.001_256_SAGE_3_64_0.9252_epoch_73.pth
2025-02-10 15:38:30,545:INFO:Epoch 74: Train Loss: 389.7583, Train Node Loss: 149.5477, Train Reg Loss: 2.4021, Train MAPE: 11.3970, Train R: 0.9080, Train RRSE: 0.4411, Test Loss: 490.2229, Test Node Loss: 149.0034, Test Reg Loss: 3.4122, Test MAPE: 12.1413, Test R: 0.9249, Test RRSE: 0.5147
2025-02-10 15:39:01,604:INFO:Epoch 75: Train Loss: 374.5973, Train Node Loss: 151.7949, Train Reg Loss: 2.2280, Train MAPE: 11.7391, Train R: 0.9109, Train RRSE: 0.4248, Test Loss: 961.0463, Test Node Loss: 131.5166, Test Reg Loss: 8.2953, Test MAPE: 13.2002, Test R: 0.9245, Test RRSE: 0.8025
2025-02-10 15:39:31,868:INFO:Epoch 76: Train Loss: 377.2004, Train Node Loss: 143.8865, Train Reg Loss: 2.3331, Train MAPE: 11.6689, Train R: 0.9066, Train RRSE: 0.4348, Test Loss: 711.0659, Test Node Loss: 134.1352, Test Reg Loss: 5.7693, Test MAPE: 12.6780, Test R: 0.9256, Test RRSE: 0.6693
2025-02-10 15:39:31,901:INFO:Checkpoint saved at best_0.001_0.001_256_SAGE_3_64_0.9256_epoch_76.pth
2025-02-10 15:40:01,980:INFO:Epoch 77: Train Loss: 394.5442, Train Node Loss: 141.9510, Train Reg Loss: 2.5259, Train MAPE: 11.6733, Train R: 0.8959, Train RRSE: 0.4524, Test Loss: 750.9153, Test Node Loss: 128.7399, Test Reg Loss: 6.2218, Test MAPE: 12.7737, Test R: 0.9265, Test RRSE: 0.6950
2025-02-10 15:40:02,011:INFO:Checkpoint saved at best_0.001_0.001_256_SAGE_3_64_0.9265_epoch_77.pth
2025-02-10 15:40:32,393:INFO:Epoch 78: Train Loss: 351.2760, Train Node Loss: 135.2822, Train Reg Loss: 2.1599, Train MAPE: 11.5755, Train R: 0.9160, Train RRSE: 0.4183, Test Loss: 665.0112, Test Node Loss: 127.4472, Test Reg Loss: 5.3756, Test MAPE: 12.6274, Test R: 0.9278, Test RRSE: 0.6460
2025-02-10 15:40:32,430:INFO:Checkpoint saved at best_0.001_0.001_256_SAGE_3_64_0.9278_epoch_78.pth
2025-02-10 15:41:02,962:INFO:Epoch 79: Train Loss: 342.0946, Train Node Loss: 134.5028, Train Reg Loss: 2.0759, Train MAPE: 11.6868, Train R: 0.9163, Train RRSE: 0.4101, Test Loss: 673.0185, Test Node Loss: 126.0165, Test Reg Loss: 5.4700, Test MAPE: 12.7359, Test R: 0.9282, Test RRSE: 0.6517
2025-02-10 15:41:02,992:INFO:Checkpoint saved at best_0.001_0.001_256_SAGE_3_64_0.9282_epoch_79.pth
2025-02-10 15:41:34,280:INFO:Epoch 80: Train Loss: 373.3455, Train Node Loss: 127.8617, Train Reg Loss: 2.4548, Train MAPE: 11.5906, Train R: 0.9021, Train RRSE: 0.4459, Test Loss: 574.4897, Test Node Loss: 123.6410, Test Reg Loss: 4.5085, Test MAPE: 12.3915, Test R: 0.9292, Test RRSE: 0.5916
2025-02-10 15:41:34,329:INFO:Checkpoint saved at best_0.001_0.001_256_SAGE_3_64_0.9292_epoch_80.pth
2025-02-10 15:42:04,872:INFO:Epoch 81: Train Loss: 383.9441, Train Node Loss: 133.4180, Train Reg Loss: 2.5053, Train MAPE: 12.0337, Train R: 0.9040, Train RRSE: 0.4505, Test Loss: 974.8382, Test Node Loss: 112.4602, Test Reg Loss: 8.6238, Test MAPE: 13.4803, Test R: 0.9287, Test RRSE: 0.8183
2025-02-10 15:42:35,774:INFO:Epoch 82: Train Loss: 352.9450, Train Node Loss: 120.5150, Train Reg Loss: 2.3243, Train MAPE: 11.7040, Train R: 0.9101, Train RRSE: 0.4339, Test Loss: 891.8065, Test Node Loss: 111.5670, Test Reg Loss: 7.8024, Test MAPE: 13.3272, Test R: 0.9287, Test RRSE: 0.7783
2025-02-10 15:43:06,897:INFO:Epoch 83: Train Loss: 353.9883, Train Node Loss: 123.2855, Train Reg Loss: 2.3070, Train MAPE: 11.8452, Train R: 0.9060, Train RRSE: 0.4323, Test Loss: 469.1136, Test Node Loss: 117.2061, Test Reg Loss: 3.5191, Test MAPE: 12.3854, Test R: 0.9302, Test RRSE: 0.5227
2025-02-10 15:43:06,932:INFO:Checkpoint saved at best_0.001_0.001_256_SAGE_3_64_0.9302_epoch_83.pth
2025-02-10 15:43:38,838:INFO:Epoch 84: Train Loss: 366.5745, Train Node Loss: 111.4353, Train Reg Loss: 2.5514, Train MAPE: 11.4942, Train R: 0.9047, Train RRSE: 0.4546, Test Loss: 561.6888, Test Node Loss: 112.0820, Test Reg Loss: 4.4961, Test MAPE: 12.6631, Test R: 0.9294, Test RRSE: 0.5908
2025-02-10 15:44:10,397:INFO:Epoch 85: Train Loss: 336.2077, Train Node Loss: 119.5364, Train Reg Loss: 2.1667, Train MAPE: 11.8704, Train R: 0.9199, Train RRSE: 0.4190, Test Loss: 434.7731, Test Node Loss: 114.1707, Test Reg Loss: 3.2060, Test MAPE: 12.3687, Test R: 0.9301, Test RRSE: 0.4989
2025-02-10 15:44:42,737:INFO:Epoch 86: Train Loss: 337.5887, Train Node Loss: 108.5132, Train Reg Loss: 2.2908, Train MAPE: 11.7632, Train R: 0.9097, Train RRSE: 0.4308, Test Loss: 651.0521, Test Node Loss: 103.2050, Test Reg Loss: 5.4785, Test MAPE: 12.7575, Test R: 0.9307, Test RRSE: 0.6522
2025-02-10 15:44:42,768:INFO:Checkpoint saved at best_0.001_0.001_256_SAGE_3_64_0.9307_epoch_86.pth
2025-02-10 15:45:14,432:INFO:Epoch 87: Train Loss: 325.8165, Train Node Loss: 107.6540, Train Reg Loss: 2.1816, Train MAPE: 11.5553, Train R: 0.9133, Train RRSE: 0.4204, Test Loss: 302.8728, Test Node Loss: 118.0048, Test Reg Loss: 1.8487, Test MAPE: 12.4388, Test R: 0.9300, Test RRSE: 0.3789
2025-02-10 15:45:46,491:INFO:Epoch 88: Train Loss: 319.3357, Train Node Loss: 110.8937, Train Reg Loss: 2.0844, Train MAPE: 11.9582, Train R: 0.9174, Train RRSE: 0.4109, Test Loss: 1231.4036, Test Node Loss: 89.8871, Test Reg Loss: 11.4152, Test MAPE: 14.2055, Test R: 0.9301, Test RRSE: 0.9414
2025-02-10 15:46:17,317:INFO:Epoch 89: Train Loss: 332.4431, Train Node Loss: 102.3866, Train Reg Loss: 2.3006, Train MAPE: 11.7198, Train R: 0.9076, Train RRSE: 0.4317, Test Loss: 472.9195, Test Node Loss: 102.9687, Test Reg Loss: 3.6995, Test MAPE: 12.5809, Test R: 0.9315, Test RRSE: 0.5359
2025-02-10 15:46:17,355:INFO:Checkpoint saved at best_0.001_0.001_256_SAGE_3_64_0.9315_epoch_89.pth
2025-02-10 15:46:48,957:INFO:Epoch 90: Train Loss: 297.3642, Train Node Loss: 102.9324, Train Reg Loss: 1.9443, Train MAPE: 11.7642, Train R: 0.9230, Train RRSE: 0.3969, Test Loss: 783.0395, Test Node Loss: 90.3689, Test Reg Loss: 6.9267, Test MAPE: 13.2326, Test R: 0.9322, Test RRSE: 0.7333
2025-02-10 15:46:48,986:INFO:Checkpoint saved at best_0.001_0.001_256_SAGE_3_64_0.9322_epoch_90.pth
2025-02-10 15:47:20,848:INFO:Epoch 91: Train Loss: 317.5768, Train Node Loss: 94.6694, Train Reg Loss: 2.2291, Train MAPE: 11.6372, Train R: 0.9172, Train RRSE: 0.4249, Test Loss: 463.4376, Test Node Loss: 97.0187, Test Reg Loss: 3.6642, Test MAPE: 12.6472, Test R: 0.9327, Test RRSE: 0.5334
2025-02-10 15:47:20,882:INFO:Checkpoint saved at best_0.001_0.001_256_SAGE_3_64_0.9327_epoch_91.pth
2025-02-10 15:47:51,910:INFO:Epoch 92: Train Loss: 347.4016, Train Node Loss: 103.8750, Train Reg Loss: 2.4353, Train MAPE: 12.1858, Train R: 0.9088, Train RRSE: 0.4442, Test Loss: 2038.1148, Test Node Loss: 74.9722, Test Reg Loss: 19.6314, Test MAPE: 16.0731, Test R: 0.9310, Test RRSE: 1.2346
2025-02-10 15:48:23,554:INFO:Epoch 93: Train Loss: 373.1951, Train Node Loss: 87.3843, Train Reg Loss: 2.8581, Train MAPE: 11.6630, Train R: 0.9094, Train RRSE: 0.4812, Test Loss: 579.9339, Test Node Loss: 90.4548, Test Reg Loss: 4.8948, Test MAPE: 12.9313, Test R: 0.9338, Test RRSE: 0.6165
2025-02-10 15:48:23,588:INFO:Checkpoint saved at best_0.001_0.001_256_SAGE_3_64_0.9338_epoch_93.pth
2025-02-10 15:48:55,307:INFO:Epoch 94: Train Loss: 340.4509, Train Node Loss: 100.2646, Train Reg Loss: 2.4019, Train MAPE: 12.2899, Train R: 0.9213, Train RRSE: 0.4411, Test Loss: 500.6585, Test Node Loss: 88.1889, Test Reg Loss: 4.1247, Test MAPE: 12.7134, Test R: 0.9332, Test RRSE: 0.5659
2025-02-10 15:49:26,165:INFO:Epoch 95: Train Loss: 314.9578, Train Node Loss: 83.1813, Train Reg Loss: 2.3178, Train MAPE: 11.6991, Train R: 0.9182, Train RRSE: 0.4333, Test Loss: 1124.2948, Test Node Loss: 74.3964, Test Reg Loss: 10.4990, Test MAPE: 13.8999, Test R: 0.9336, Test RRSE: 0.9028
2025-02-10 15:49:57,166:INFO:Epoch 96: Train Loss: 331.3155, Train Node Loss: 87.9368, Train Reg Loss: 2.4338, Train MAPE: 11.9061, Train R: 0.8973, Train RRSE: 0.4440, Test Loss: 272.9448, Test Node Loss: 98.5377, Test Reg Loss: 1.7441, Test MAPE: 12.7575, Test R: 0.9328, Test RRSE: 0.3680
2025-02-10 15:50:28,556:INFO:Epoch 97: Train Loss: 309.0432, Train Node Loss: 85.2333, Train Reg Loss: 2.2381, Train MAPE: 11.9223, Train R: 0.9071, Train RRSE: 0.4258, Test Loss: 1341.0830, Test Node Loss: 67.0801, Test Reg Loss: 12.7400, Test MAPE: 14.5501, Test R: 0.9344, Test RRSE: 0.9946
2025-02-10 15:50:28,595:INFO:Checkpoint saved at best_0.001_0.001_256_SAGE_3_64_0.9344_epoch_97.pth
2025-02-10 15:51:00,288:INFO:Epoch 98: Train Loss: 337.8498, Train Node Loss: 76.5661, Train Reg Loss: 2.6128, Train MAPE: 11.6202, Train R: 0.9019, Train RRSE: 0.4601, Test Loss: 260.4472, Test Node Loss: 91.6325, Test Reg Loss: 1.6881, Test MAPE: 12.6201, Test R: 0.9345, Test RRSE: 0.3620
2025-02-10 15:51:00,322:INFO:Checkpoint saved at best_0.001_0.001_256_SAGE_3_64_0.9345_epoch_98.pth
2025-02-10 15:51:31,841:INFO:Epoch 99: Train Loss: 371.5856, Train Node Loss: 88.8000, Train Reg Loss: 2.8279, Train MAPE: 12.3066, Train R: 0.9070, Train RRSE: 0.4786, Test Loss: 1656.1946, Test Node Loss: 62.3387, Test Reg Loss: 15.9386, Test MAPE: 15.2965, Test R: 0.9337, Test RRSE: 1.1124
2025-02-10 15:52:04,025:INFO:Epoch 100: Train Loss: 438.1004, Train Node Loss: 67.7197, Train Reg Loss: 3.7038, Train MAPE: 11.8073, Train R: 0.8897, Train RRSE: 0.5478, Test Loss: 265.9848, Test Node Loss: 79.9564, Test Reg Loss: 1.8603, Test MAPE: 12.3862, Test R: 0.9334, Test RRSE: 0.3800
2025-02-10 15:52:36,419:INFO:Epoch 101: Train Loss: 322.4355, Train Node Loss: 79.1905, Train Reg Loss: 2.4325, Train MAPE: 11.9318, Train R: 0.9123, Train RRSE: 0.4439, Test Loss: 254.7543, Test Node Loss: 80.3354, Test Reg Loss: 1.7442, Test MAPE: 12.5014, Test R: 0.9329, Test RRSE: 0.3680
2025-02-10 15:53:08,317:INFO:Epoch 102: Train Loss: 295.7486, Train Node Loss: 69.3947, Train Reg Loss: 2.2635, Train MAPE: 11.7424, Train R: 0.9102, Train RRSE: 0.4282, Test Loss: 1011.6434, Test Node Loss: 60.7047, Test Reg Loss: 9.5094, Test MAPE: 13.7582, Test R: 0.9343, Test RRSE: 0.8592
2025-02-10 15:53:39,809:INFO:Epoch 103: Train Loss: 261.7563, Train Node Loss: 70.6856, Train Reg Loss: 1.9107, Train MAPE: 11.8233, Train R: 0.9226, Train RRSE: 0.3934, Test Loss: 357.7781, Test Node Loss: 73.3541, Test Reg Loss: 2.8442, Test MAPE: 12.6415, Test R: 0.9339, Test RRSE: 0.4699
2025-02-10 15:54:11,385:INFO:Epoch 104: Train Loss: 264.8827, Train Node Loss: 73.4208, Train Reg Loss: 1.9146, Train MAPE: 12.1496, Train R: 0.9236, Train RRSE: 0.3938, Test Loss: 1371.0648, Test Node Loss: 57.0090, Test Reg Loss: 13.1406, Test MAPE: 14.8111, Test R: 0.9340, Test RRSE: 1.0101
2025-02-10 15:54:43,085:INFO:Epoch 105: Train Loss: 281.1049, Train Node Loss: 64.3576, Train Reg Loss: 2.1675, Train MAPE: 11.8666, Train R: 0.9201, Train RRSE: 0.4190, Test Loss: 436.2928, Test Node Loss: 66.3913, Test Reg Loss: 3.6990, Test MAPE: 12.9495, Test R: 0.9344, Test RRSE: 0.5359
2025-02-10 15:55:14,516:INFO:Epoch 106: Train Loss: 306.5929, Train Node Loss: 69.2467, Train Reg Loss: 2.3735, Train MAPE: 12.0774, Train R: 0.9035, Train RRSE: 0.4385, Test Loss: 418.3915, Test Node Loss: 62.9080, Test Reg Loss: 3.5548, Test MAPE: 12.5724, Test R: 0.9345, Test RRSE: 0.5254
2025-02-10 15:55:14,558:INFO:Checkpoint saved at best_0.001_0.001_256_SAGE_3_64_0.9345_epoch_106.pth
2025-02-10 15:55:46,176:INFO:Epoch 107: Train Loss: 257.8927, Train Node Loss: 64.5541, Train Reg Loss: 1.9334, Train MAPE: 11.9832, Train R: 0.9196, Train RRSE: 0.3958, Test Loss: 695.5796, Test Node Loss: 59.1346, Test Reg Loss: 6.3645, Test MAPE: 13.4499, Test R: 0.9349, Test RRSE: 0.7029
2025-02-10 15:55:46,206:INFO:Checkpoint saved at best_0.001_0.001_256_SAGE_3_64_0.9349_epoch_107.pth
2025-02-10 15:56:17,581:INFO:Epoch 108: Train Loss: 274.8179, Train Node Loss: 61.9660, Train Reg Loss: 2.1285, Train MAPE: 11.8765, Train R: 0.9129, Train RRSE: 0.4153, Test Loss: 871.8129, Test Node Loss: 57.3255, Test Reg Loss: 8.1449, Test MAPE: 13.8273, Test R: 0.9354, Test RRSE: 0.7952
2025-02-10 15:56:17,615:INFO:Checkpoint saved at best_0.001_0.001_256_SAGE_3_64_0.9354_epoch_108.pth
2025-02-10 15:56:48,557:INFO:Epoch 109: Train Loss: 270.8478, Train Node Loss: 63.8649, Train Reg Loss: 2.0698, Train MAPE: 12.0966, Train R: 0.9134, Train RRSE: 0.4095, Test Loss: 642.5246, Test Node Loss: 58.0320, Test Reg Loss: 5.8449, Test MAPE: 13.0947, Test R: 0.9364, Test RRSE: 0.6736
2025-02-10 15:56:48,601:INFO:Checkpoint saved at best_0.001_0.001_256_SAGE_3_64_0.9364_epoch_109.pth
2025-02-10 15:57:20,362:INFO:Epoch 110: Train Loss: 253.1988, Train Node Loss: 59.7979, Train Reg Loss: 1.9340, Train MAPE: 11.9070, Train R: 0.9202, Train RRSE: 0.3958, Test Loss: 407.2309, Test Node Loss: 57.6817, Test Reg Loss: 3.4955, Test MAPE: 12.7927, Test R: 0.9364, Test RRSE: 0.5209
2025-02-10 15:57:51,478:INFO:Epoch 111: Train Loss: 242.0242, Train Node Loss: 59.3834, Train Reg Loss: 1.8264, Train MAPE: 11.9093, Train R: 0.9268, Train RRSE: 0.3847, Test Loss: 383.9371, Test Node Loss: 57.6667, Test Reg Loss: 3.2627, Test MAPE: 12.8454, Test R: 0.9371, Test RRSE: 0.5033
2025-02-10 15:57:51,526:INFO:Checkpoint saved at best_0.001_0.001_256_SAGE_3_64_0.9371_epoch_111.pth
2025-02-10 15:58:23,207:INFO:Epoch 112: Train Loss: 250.1570, Train Node Loss: 55.4700, Train Reg Loss: 1.9469, Train MAPE: 11.8575, Train R: 0.9225, Train RRSE: 0.3971, Test Loss: 420.3028, Test Node Loss: 54.7999, Test Reg Loss: 3.6550, Test MAPE: 13.1024, Test R: 0.9366, Test RRSE: 0.5327
2025-02-10 15:58:54,232:INFO:Epoch 113: Train Loss: 229.9571, Train Node Loss: 57.3994, Train Reg Loss: 1.7256, Train MAPE: 12.1391, Train R: 0.9301, Train RRSE: 0.3739, Test Loss: 418.3389, Test Node Loss: 54.6705, Test Reg Loss: 3.6367, Test MAPE: 13.0955, Test R: 0.9362, Test RRSE: 0.5314
2025-02-10 15:59:25,974:INFO:Epoch 114: Train Loss: 239.8921, Train Node Loss: 53.5187, Train Reg Loss: 1.8637, Train MAPE: 11.9485, Train R: 0.9243, Train RRSE: 0.3886, Test Loss: 512.2571, Test Node Loss: 50.5159, Test Reg Loss: 4.6174, Test MAPE: 13.3947, Test R: 0.9361, Test RRSE: 0.5987
2025-02-10 15:59:57,443:INFO:Epoch 115: Train Loss: 249.8575, Train Node Loss: 51.6605, Train Reg Loss: 1.9820, Train MAPE: 11.8852, Train R: 0.9179, Train RRSE: 0.4007, Test Loss: 227.5962, Test Node Loss: 54.7539, Test Reg Loss: 1.7284, Test MAPE: 12.8592, Test R: 0.9362, Test RRSE: 0.3663
2025-02-10 16:00:28,633:INFO:Epoch 116: Train Loss: 259.5298, Train Node Loss: 53.5239, Train Reg Loss: 2.0601, Train MAPE: 12.2701, Train R: 0.9161, Train RRSE: 0.4085, Test Loss: 1116.5549, Test Node Loss: 43.7805, Test Reg Loss: 10.7277, Test MAPE: 14.4316, Test R: 0.9377, Test RRSE: 0.9126
2025-02-10 16:00:28,663:INFO:Checkpoint saved at best_0.001_0.001_256_SAGE_3_64_0.9377_epoch_116.pth
2025-02-10 16:00:59,205:INFO:Epoch 117: Train Loss: 237.0340, Train Node Loss: 49.1460, Train Reg Loss: 1.8789, Train MAPE: 11.8962, Train R: 0.9259, Train RRSE: 0.3901, Test Loss: 379.9047, Test Node Loss: 49.6713, Test Reg Loss: 3.3023, Test MAPE: 13.0663, Test R: 0.9374, Test RRSE: 0.5064
2025-02-10 16:01:30,508:INFO:Epoch 118: Train Loss: 235.7994, Train Node Loss: 49.4469, Train Reg Loss: 1.8635, Train MAPE: 12.0071, Train R: 0.9230, Train RRSE: 0.3885, Test Loss: 517.8538, Test Node Loss: 45.9542, Test Reg Loss: 4.7190, Test MAPE: 13.2165, Test R: 0.9370, Test RRSE: 0.6053
2025-02-10 16:02:01,681:INFO:Epoch 119: Train Loss: 236.0029, Train Node Loss: 47.9329, Train Reg Loss: 1.8807, Train MAPE: 12.0245, Train R: 0.9217, Train RRSE: 0.3903, Test Loss: 656.9148, Test Node Loss: 43.9132, Test Reg Loss: 6.1300, Test MAPE: 13.5636, Test R: 0.9367, Test RRSE: 0.6899
2025-02-10 16:02:32,722:INFO:Epoch 120: Train Loss: 257.3989, Train Node Loss: 50.1469, Train Reg Loss: 2.0725, Train MAPE: 12.2122, Train R: 0.9177, Train RRSE: 0.4098, Test Loss: 915.4015, Test Node Loss: 42.2439, Test Reg Loss: 8.7316, Test MAPE: 14.0131, Test R: 0.9376, Test RRSE: 0.8234
2025-02-10 16:03:02,977:INFO:Epoch 121: Train Loss: 247.0252, Train Node Loss: 43.5421, Train Reg Loss: 2.0348, Train MAPE: 11.8965, Train R: 0.9269, Train RRSE: 0.4060, Test Loss: 793.0727, Test Node Loss: 41.0305, Test Reg Loss: 7.5204, Test MAPE: 13.8375, Test R: 0.9379, Test RRSE: 0.7641
2025-02-10 16:03:03,030:INFO:Checkpoint saved at best_0.001_0.001_256_SAGE_3_64_0.9379_epoch_121.pth
2025-02-10 16:03:33,173:INFO:Epoch 122: Train Loss: 317.3691, Train Node Loss: 48.4343, Train Reg Loss: 2.6893, Train MAPE: 12.3792, Train R: 0.8935, Train RRSE: 0.4668, Test Loss: 263.1180, Test Node Loss: 46.1472, Test Reg Loss: 2.1697, Test MAPE: 13.1129, Test R: 0.9364, Test RRSE: 0.4104
2025-02-10 16:04:03,397:INFO:Epoch 123: Train Loss: 294.9382, Train Node Loss: 40.2546, Train Reg Loss: 2.5468, Train MAPE: 11.8540, Train R: 0.9029, Train RRSE: 0.4542, Test Loss: 703.0431, Test Node Loss: 36.7455, Test Reg Loss: 6.6630, Test MAPE: 13.6954, Test R: 0.9367, Test RRSE: 0.7192
2025-02-10 16:04:34,447:INFO:Epoch 124: Train Loss: 277.8510, Train Node Loss: 42.2701, Train Reg Loss: 2.3558, Train MAPE: 12.2350, Train R: 0.9011, Train RRSE: 0.4369, Test Loss: 210.9674, Test Node Loss: 45.9341, Test Reg Loss: 1.6503, Test MAPE: 12.8919, Test R: 0.9352, Test RRSE: 0.3580
2025-02-10 16:05:05,394:INFO:Epoch 125: Train Loss: 243.5651, Train Node Loss: 39.3035, Train Reg Loss: 2.0426, Train MAPE: 11.9390, Train R: 0.9162, Train RRSE: 0.4068, Test Loss: 1275.9470, Test Node Loss: 32.6668, Test Reg Loss: 12.4328, Test MAPE: 14.8764, Test R: 0.9383, Test RRSE: 0.9825
2025-02-10 16:05:05,423:INFO:Checkpoint saved at best_0.001_0.001_256_SAGE_3_64_0.9383_epoch_125.pth
2025-02-10 16:05:36,221:INFO:Epoch 126: Train Loss: 203.3253, Train Node Loss: 39.2892, Train Reg Loss: 1.6404, Train MAPE: 11.9091, Train R: 0.9331, Train RRSE: 0.3645, Test Loss: 279.0047, Test Node Loss: 41.9367, Test Reg Loss: 2.3707, Test MAPE: 12.9274, Test R: 0.9379, Test RRSE: 0.4290
2025-02-10 16:06:06,222:INFO:Epoch 127: Train Loss: 222.3258, Train Node Loss: 41.3601, Train Reg Loss: 1.8097, Train MAPE: 12.2496, Train R: 0.9283, Train RRSE: 0.3829, Test Loss: 1492.1420, Test Node Loss: 31.7821, Test Reg Loss: 14.6036, Test MAPE: 15.3776, Test R: 0.9377, Test RRSE: 1.0648
2025-02-10 16:06:37,013:INFO:Epoch 128: Train Loss: 212.0545, Train Node Loss: 37.5052, Train Reg Loss: 1.7455, Train MAPE: 12.0152, Train R: 0.9299, Train RRSE: 0.3760, Test Loss: 816.7042, Test Node Loss: 34.7872, Test Reg Loss: 7.8192, Test MAPE: 14.0418, Test R: 0.9374, Test RRSE: 0.7792
2025-02-10 16:07:07,754:INFO:Epoch 129: Train Loss: 197.0052, Train Node Loss: 38.3435, Train Reg Loss: 1.5866, Train MAPE: 12.2581, Train R: 0.9345, Train RRSE: 0.3585, Test Loss: 491.5586, Test Node Loss: 34.6757, Test Reg Loss: 4.5688, Test MAPE: 13.3983, Test R: 0.9365, Test RRSE: 0.5956
2025-02-10 16:07:38,611:INFO:Epoch 130: Train Loss: 217.7928, Train Node Loss: 34.6652, Train Reg Loss: 1.8313, Train MAPE: 11.9678, Train R: 0.9255, Train RRSE: 0.3852, Test Loss: 274.4762, Test Node Loss: 34.9348, Test Reg Loss: 2.3954, Test MAPE: 12.9564, Test R: 0.9354, Test RRSE: 0.4313
2025-02-10 16:08:09,335:INFO:Epoch 131: Train Loss: 218.4658, Train Node Loss: 35.9958, Train Reg Loss: 1.8247, Train MAPE: 12.1407, Train R: 0.9252, Train RRSE: 0.3845, Test Loss: 739.4930, Test Node Loss: 32.2786, Test Reg Loss: 7.0721, Test MAPE: 13.9912, Test R: 0.9375, Test RRSE: 0.7410
2025-02-10 16:08:39,133:INFO:Epoch 132: Train Loss: 216.5893, Train Node Loss: 34.6960, Train Reg Loss: 1.8189, Train MAPE: 12.0824, Train R: 0.9247, Train RRSE: 0.3839, Test Loss: 961.9263, Test Node Loss: 31.0708, Test Reg Loss: 9.3086, Test MAPE: 14.3006, Test R: 0.9382, Test RRSE: 0.8501
2025-02-10 16:09:10,225:INFO:Epoch 133: Train Loss: 209.0118, Train Node Loss: 33.7073, Train Reg Loss: 1.7530, Train MAPE: 11.9375, Train R: 0.9286, Train RRSE: 0.3768, Test Loss: 449.2361, Test Node Loss: 33.1954, Test Reg Loss: 4.1604, Test MAPE: 13.3393, Test R: 0.9383, Test RRSE: 0.5683
2025-02-10 16:09:40,486:INFO:Epoch 134: Train Loss: 205.1411, Train Node Loss: 34.3086, Train Reg Loss: 1.7083, Train MAPE: 12.1016, Train R: 0.9304, Train RRSE: 0.3720, Test Loss: 792.0118, Test Node Loss: 29.9053, Test Reg Loss: 7.6211, Test MAPE: 14.0864, Test R: 0.9385, Test RRSE: 0.7692
2025-02-10 16:09:40,517:INFO:Checkpoint saved at best_0.001_0.001_256_SAGE_3_64_0.9385_epoch_134.pth
2025-02-10 16:10:10,510:INFO:Epoch 135: Train Loss: 237.1532, Train Node Loss: 33.8036, Train Reg Loss: 2.0335, Train MAPE: 12.2453, Train R: 0.9147, Train RRSE: 0.4059, Test Loss: 769.3783, Test Node Loss: 29.2874, Test Reg Loss: 7.4009, Test MAPE: 14.1812, Test R: 0.9377, Test RRSE: 0.7580
2025-02-10 16:10:41,248:INFO:Epoch 136: Train Loss: 228.5258, Train Node Loss: 29.9332, Train Reg Loss: 1.9859, Train MAPE: 11.9388, Train R: 0.9239, Train RRSE: 0.4011, Test Loss: 265.7320, Test Node Loss: 31.2022, Test Reg Loss: 2.3453, Test MAPE: 13.3422, Test R: 0.9366, Test RRSE: 0.4267
2025-02-10 16:11:11,830:INFO:Epoch 137: Train Loss: 228.6503, Train Node Loss: 32.0744, Train Reg Loss: 1.9658, Train MAPE: 12.4295, Train R: 0.9215, Train RRSE: 0.3991, Test Loss: 234.5042, Test Node Loss: 30.8562, Test Reg Loss: 2.0365, Test MAPE: 13.2433, Test R: 0.9369, Test RRSE: 0.3976
2025-02-10 16:11:41,821:INFO:Epoch 138: Train Loss: 200.0256, Train Node Loss: 28.8344, Train Reg Loss: 1.7119, Train MAPE: 12.0992, Train R: 0.9292, Train RRSE: 0.3724, Test Loss: 894.5139, Test Node Loss: 24.7768, Test Reg Loss: 8.6974, Test MAPE: 14.3192, Test R: 0.9387, Test RRSE: 0.8217
2025-02-10 16:11:41,853:INFO:Checkpoint saved at best_0.001_0.001_256_SAGE_3_64_0.9387_epoch_138.pth
2025-02-10 16:12:12,462:INFO:Epoch 139: Train Loss: 213.1015, Train Node Loss: 26.8197, Train Reg Loss: 1.8628, Train MAPE: 11.9715, Train R: 0.9294, Train RRSE: 0.3885, Test Loss: 193.1278, Test Node Loss: 31.2213, Test Reg Loss: 1.6191, Test MAPE: 13.1899, Test R: 0.9379, Test RRSE: 0.3545
2025-02-10 16:12:42,448:INFO:Epoch 140: Train Loss: 215.5138, Train Node Loss: 30.0645, Train Reg Loss: 1.8545, Train MAPE: 12.3170, Train R: 0.9313, Train RRSE: 0.3876, Test Loss: 470.9176, Test Node Loss: 26.1549, Test Reg Loss: 4.4476, Test MAPE: 13.3304, Test R: 0.9386, Test RRSE: 0.5876
2025-02-10 16:13:13,060:INFO:Epoch 141: Train Loss: 191.5288, Train Node Loss: 25.8779, Train Reg Loss: 1.6565, Train MAPE: 11.8448, Train R: 0.9379, Train RRSE: 0.3663, Test Loss: 783.4004, Test Node Loss: 24.1852, Test Reg Loss: 7.5922, Test MAPE: 13.9313, Test R: 0.9386, Test RRSE: 0.7678
2025-02-10 16:13:43,011:INFO:Epoch 142: Train Loss: 202.7821, Train Node Loss: 28.1771, Train Reg Loss: 1.7461, Train MAPE: 12.1525, Train R: 0.9279, Train RRSE: 0.3761, Test Loss: 344.4346, Test Node Loss: 28.0262, Test Reg Loss: 3.1641, Test MAPE: 13.4652, Test R: 0.9376, Test RRSE: 0.4956
2025-02-10 16:14:12,847:INFO:Epoch 143: Train Loss: 187.9166, Train Node Loss: 27.5566, Train Reg Loss: 1.6036, Train MAPE: 12.1073, Train R: 0.9339, Train RRSE: 0.3604, Test Loss: 1513.8906, Test Node Loss: 20.9035, Test Reg Loss: 14.9299, Test MAPE: 15.5258, Test R: 0.9375, Test RRSE: 1.0766
2025-02-10 16:14:43,590:INFO:Epoch 144: Train Loss: 214.6499, Train Node Loss: 24.7170, Train Reg Loss: 1.8993, Train MAPE: 11.9418, Train R: 0.9278, Train RRSE: 0.3923, Test Loss: 370.3403, Test Node Loss: 26.1142, Test Reg Loss: 3.4423, Test MAPE: 13.3612, Test R: 0.9376, Test RRSE: 0.5170
2025-02-10 16:15:14,632:INFO:Epoch 145: Train Loss: 208.0636, Train Node Loss: 27.6444, Train Reg Loss: 1.8042, Train MAPE: 12.3755, Train R: 0.9321, Train RRSE: 0.3823, Test Loss: 918.6219, Test Node Loss: 22.1017, Test Reg Loss: 8.9652, Test MAPE: 14.3438, Test R: 0.9378, Test RRSE: 0.8343
2025-02-10 16:15:45,858:INFO:Epoch 146: Train Loss: 261.3330, Train Node Loss: 22.6386, Train Reg Loss: 2.3869, Train MAPE: 12.0282, Train R: 0.9144, Train RRSE: 0.4397, Test Loss: 779.9885, Test Node Loss: 21.9064, Test Reg Loss: 7.5808, Test MAPE: 14.1711, Test R: 0.9370, Test RRSE: 0.7672
2025-02-10 16:16:17,357:INFO:Epoch 147: Train Loss: 194.2619, Train Node Loss: 25.7678, Train Reg Loss: 1.6849, Train MAPE: 12.3654, Train R: 0.9334, Train RRSE: 0.3695, Test Loss: 195.7953, Test Node Loss: 27.2350, Test Reg Loss: 1.6856, Test MAPE: 13.4715, Test R: 0.9349, Test RRSE: 0.3618
2025-02-10 16:16:48,871:INFO:Epoch 148: Train Loss: 191.6037, Train Node Loss: 24.7861, Train Reg Loss: 1.6682, Train MAPE: 12.2707, Train R: 0.9324, Train RRSE: 0.3676, Test Loss: 1834.0197, Test Node Loss: 17.5553, Test Reg Loss: 18.1646, Test MAPE: 16.1098, Test R: 0.9358, Test RRSE: 1.1876
2025-02-10 16:17:19,718:INFO:Epoch 149: Train Loss: 213.1590, Train Node Loss: 21.4104, Train Reg Loss: 1.9175, Train MAPE: 11.9194, Train R: 0.9304, Train RRSE: 0.3941, Test Loss: 501.5432, Test Node Loss: 22.4105, Test Reg Loss: 4.7913, Test MAPE: 13.6350, Test R: 0.9379, Test RRSE: 0.6099
2025-02-10 16:17:50,875:INFO:Epoch 150: Train Loss: 212.5057, Train Node Loss: 24.1143, Train Reg Loss: 1.8839, Train MAPE: 12.4030, Train R: 0.9282, Train RRSE: 0.3907, Test Loss: 606.3993, Test Node Loss: 21.0334, Test Reg Loss: 5.8537, Test MAPE: 13.7892, Test R: 0.9382, Test RRSE: 0.6741
2025-02-10 16:18:22,216:INFO:Epoch 151: Train Loss: 186.5766, Train Node Loss: 21.3504, Train Reg Loss: 1.6523, Train MAPE: 11.8999, Train R: 0.9327, Train RRSE: 0.3659, Test Loss: 1254.4992, Test Node Loss: 17.1744, Test Reg Loss: 12.3732, Test MAPE: 15.0986, Test R: 0.9380, Test RRSE: 0.9801
2025-02-10 16:18:54,639:INFO:Epoch 152: Train Loss: 202.0295, Train Node Loss: 19.5058, Train Reg Loss: 1.8252, Train MAPE: 12.0149, Train R: 0.9297, Train RRSE: 0.3845, Test Loss: 196.6165, Test Node Loss: 22.4179, Test Reg Loss: 1.7420, Test MAPE: 13.4190, Test R: 0.9366, Test RRSE: 0.3678
2025-02-10 16:19:26,851:INFO:Epoch 153: Train Loss: 207.0332, Train Node Loss: 21.5360, Train Reg Loss: 1.8550, Train MAPE: 12.4179, Train R: 0.9280, Train RRSE: 0.3877, Test Loss: 401.7320, Test Node Loss: 19.0942, Test Reg Loss: 3.8264, Test MAPE: 13.5916, Test R: 0.9368, Test RRSE: 0.5450
2025-02-10 16:19:58,678:INFO:Epoch 154: Train Loss: 222.7527, Train Node Loss: 17.9339, Train Reg Loss: 2.0482, Train MAPE: 11.9680, Train R: 0.9228, Train RRSE: 0.4073, Test Loss: 841.1592, Test Node Loss: 16.6088, Test Reg Loss: 8.2455, Test MAPE: 14.2547, Test R: 0.9384, Test RRSE: 0.8001
2025-02-10 16:20:29,824:INFO:Epoch 155: Train Loss: 194.6921, Train Node Loss: 19.9414, Train Reg Loss: 1.7475, Train MAPE: 12.2435, Train R: 0.9287, Train RRSE: 0.3763, Test Loss: 310.7965, Test Node Loss: 20.1203, Test Reg Loss: 2.9068, Test MAPE: 13.4159, Test R: 0.9378, Test RRSE: 0.4751
2025-02-10 16:21:00,539:INFO:Epoch 156: Train Loss: 218.8343, Train Node Loss: 19.2885, Train Reg Loss: 1.9955, Train MAPE: 12.0877, Train R: 0.9164, Train RRSE: 0.4021, Test Loss: 1689.8009, Test Node Loss: 14.1383, Test Reg Loss: 16.7566, Test MAPE: 15.9348, Test R: 0.9370, Test RRSE: 1.1406
2025-02-10 16:21:31,944:INFO:Epoch 157: Train Loss: 195.9111, Train Node Loss: 17.8616, Train Reg Loss: 1.7805, Train MAPE: 11.9931, Train R: 0.9276, Train RRSE: 0.3798, Test Loss: 346.2772, Test Node Loss: 18.7163, Test Reg Loss: 3.2756, Test MAPE: 13.5804, Test R: 0.9370, Test RRSE: 0.5043
2025-02-10 16:22:03,408:INFO:Epoch 158: Train Loss: 174.4965, Train Node Loss: 18.8698, Train Reg Loss: 1.5563, Train MAPE: 12.2642, Train R: 0.9365, Train RRSE: 0.3551, Test Loss: 877.6570, Test Node Loss: 15.8829, Test Reg Loss: 8.6177, Test MAPE: 14.2584, Test R: 0.9377, Test RRSE: 0.8180
2025-02-10 16:22:34,973:INFO:Epoch 159: Train Loss: 168.8732, Train Node Loss: 17.3340, Train Reg Loss: 1.5154, Train MAPE: 12.0234, Train R: 0.9399, Train RRSE: 0.3504, Test Loss: 860.5591, Test Node Loss: 15.9618, Test Reg Loss: 8.4460, Test MAPE: 14.3251, Test R: 0.9375, Test RRSE: 0.8098
2025-02-10 16:23:05,763:INFO:Epoch 160: Train Loss: 164.2260, Train Node Loss: 18.1421, Train Reg Loss: 1.4608, Train MAPE: 12.3050, Train R: 0.9392, Train RRSE: 0.3440, Test Loss: 439.1911, Test Node Loss: 17.2462, Test Reg Loss: 4.2194, Test MAPE: 13.8067, Test R: 0.9375, Test RRSE: 0.5724
2025-02-10 16:23:37,081:INFO:Epoch 161: Train Loss: 210.0339, Train Node Loss: 17.0160, Train Reg Loss: 1.9302, Train MAPE: 12.1408, Train R: 0.9193, Train RRSE: 0.3954, Test Loss: 690.9203, Test Node Loss: 15.3389, Test Reg Loss: 6.7558, Test MAPE: 14.1372, Test R: 0.9372, Test RRSE: 0.7242
2025-02-10 16:24:08,654:INFO:Epoch 162: Train Loss: 191.5345, Train Node Loss: 17.4677, Train Reg Loss: 1.7407, Train MAPE: 12.2400, Train R: 0.9286, Train RRSE: 0.3755, Test Loss: 628.0159, Test Node Loss: 15.8935, Test Reg Loss: 6.1212, Test MAPE: 13.9208, Test R: 0.9374, Test RRSE: 0.6894
2025-02-10 16:24:40,390:INFO:Epoch 163: Train Loss: 182.0581, Train Node Loss: 16.7301, Train Reg Loss: 1.6533, Train MAPE: 12.1914, Train R: 0.9307, Train RRSE: 0.3660, Test Loss: 1197.1058, Test Node Loss: 14.0051, Test Reg Loss: 11.8310, Test MAPE: 14.8347, Test R: 0.9354, Test RRSE: 0.9584
2025-02-10 16:25:12,135:INFO:Epoch 164: Train Loss: 235.1378, Train Node Loss: 15.2990, Train Reg Loss: 2.1984, Train MAPE: 11.8841, Train R: 0.9152, Train RRSE: 0.4220, Test Loss: 366.1099, Test Node Loss: 16.2868, Test Reg Loss: 3.4982, Test MAPE: 13.6188, Test R: 0.9378, Test RRSE: 0.5212
2025-02-10 16:25:43,199:INFO:Epoch 165: Train Loss: 199.7426, Train Node Loss: 17.0961, Train Reg Loss: 1.8265, Train MAPE: 12.4353, Train R: 0.9309, Train RRSE: 0.3847, Test Loss: 206.7170, Test Node Loss: 16.2099, Test Reg Loss: 1.9051, Test MAPE: 13.3058, Test R: 0.9365, Test RRSE: 0.3846
2025-02-10 16:26:14,696:INFO:Epoch 166: Train Loss: 180.2744, Train Node Loss: 14.6105, Train Reg Loss: 1.6566, Train MAPE: 12.1028, Train R: 0.9326, Train RRSE: 0.3663, Test Loss: 1120.5822, Test Node Loss: 12.3663, Test Reg Loss: 11.0822, Test MAPE: 14.8354, Test R: 0.9371, Test RRSE: 0.9276
2025-02-10 16:26:46,377:INFO:Epoch 167: Train Loss: 181.7487, Train Node Loss: 15.0885, Train Reg Loss: 1.6666, Train MAPE: 12.0769, Train R: 0.9311, Train RRSE: 0.3674, Test Loss: 413.9413, Test Node Loss: 16.0393, Test Reg Loss: 3.9790, Test MAPE: 13.6727, Test R: 0.9380, Test RRSE: 0.5558
2025-02-10 16:27:17,748:INFO:Epoch 168: Train Loss: 183.7526, Train Node Loss: 16.9919, Train Reg Loss: 1.6676, Train MAPE: 12.4192, Train R: 0.9388, Train RRSE: 0.3676, Test Loss: 1192.2574, Test Node Loss: 12.6494, Test Reg Loss: 11.7961, Test MAPE: 14.7738, Test R: 0.9362, Test RRSE: 0.9570
2025-02-10 16:27:49,263:INFO:Epoch 169: Train Loss: 235.0538, Train Node Loss: 13.1548, Train Reg Loss: 2.2190, Train MAPE: 11.8747, Train R: 0.9205, Train RRSE: 0.4240, Test Loss: 786.3308, Test Node Loss: 12.0353, Test Reg Loss: 7.7430, Test MAPE: 14.1737, Test R: 0.9381, Test RRSE: 0.7753
2025-02-10 16:28:20,772:INFO:Epoch 170: Train Loss: 167.6236, Train Node Loss: 14.2864, Train Reg Loss: 1.5334, Train MAPE: 12.2269, Train R: 0.9368, Train RRSE: 0.3524, Test Loss: 256.4330, Test Node Loss: 16.5069, Test Reg Loss: 2.3993, Test MAPE: 13.7353, Test R: 0.9355, Test RRSE: 0.4316
2025-02-10 16:28:52,228:INFO:Epoch 171: Train Loss: 206.5457, Train Node Loss: 14.7185, Train Reg Loss: 1.9183, Train MAPE: 12.4249, Train R: 0.9284, Train RRSE: 0.3942, Test Loss: 1619.4512, Test Node Loss: 9.9548, Test Reg Loss: 16.0950, Test MAPE: 15.7468, Test R: 0.9369, Test RRSE: 1.1179
2025-02-10 16:29:23,735:INFO:Epoch 172: Train Loss: 231.3385, Train Node Loss: 11.7619, Train Reg Loss: 2.1958, Train MAPE: 11.8232, Train R: 0.9223, Train RRSE: 0.4218, Test Loss: 1197.0641, Test Node Loss: 10.7591, Test Reg Loss: 11.8631, Test MAPE: 14.8524, Test R: 0.9372, Test RRSE: 0.9597
2025-02-10 16:29:55,267:INFO:Epoch 173: Train Loss: 166.9837, Train Node Loss: 13.1358, Train Reg Loss: 1.5385, Train MAPE: 12.1075, Train R: 0.9362, Train RRSE: 0.3530, Test Loss: 348.3153, Test Node Loss: 13.5466, Test Reg Loss: 3.3477, Test MAPE: 13.5820, Test R: 0.9378, Test RRSE: 0.5098
2025-02-10 16:30:26,558:INFO:Epoch 174: Train Loss: 175.2982, Train Node Loss: 13.5636, Train Reg Loss: 1.6173, Train MAPE: 12.2501, Train R: 0.9346, Train RRSE: 0.3620, Test Loss: 760.6371, Test Node Loss: 11.3540, Test Reg Loss: 7.4928, Test MAPE: 14.0956, Test R: 0.9371, Test RRSE: 0.7627
2025-02-10 16:30:58,040:INFO:Epoch 175: Train Loss: 233.2960, Train Node Loss: 11.6070, Train Reg Loss: 2.2169, Train MAPE: 11.9044, Train R: 0.9117, Train RRSE: 0.4238, Test Loss: 712.9167, Test Node Loss: 10.6785, Test Reg Loss: 7.0224, Test MAPE: 13.9804, Test R: 0.9371, Test RRSE: 0.7384
2025-02-10 16:31:28,680:INFO:Epoch 176: Train Loss: 192.8294, Train Node Loss: 12.6127, Train Reg Loss: 1.8022, Train MAPE: 12.3163, Train R: 0.9276, Train RRSE: 0.3821, Test Loss: 183.7304, Test Node Loss: 12.9307, Test Reg Loss: 1.7080, Test MAPE: 13.3255, Test R: 0.9354, Test RRSE: 0.3642
2025-02-10 16:32:00,159:INFO:Epoch 177: Train Loss: 159.5814, Train Node Loss: 11.9395, Train Reg Loss: 1.4764, Train MAPE: 12.2392, Train R: 0.9390, Train RRSE: 0.3458, Test Loss: 1519.9518, Test Node Loss: 8.8776, Test Reg Loss: 15.1107, Test MAPE: 15.5837, Test R: 0.9353, Test RRSE: 1.0831
2025-02-10 16:32:31,513:INFO:Epoch 178: Train Loss: 171.6262, Train Node Loss: 10.6014, Train Reg Loss: 1.6102, Train MAPE: 11.9596, Train R: 0.9422, Train RRSE: 0.3612, Test Loss: 475.9348, Test Node Loss: 10.9300, Test Reg Loss: 4.6500, Test MAPE: 13.8315, Test R: 0.9366, Test RRSE: 0.6009
2025-02-10 16:33:02,839:INFO:Epoch 179: Train Loss: 171.3419, Train Node Loss: 12.2370, Train Reg Loss: 1.5910, Train MAPE: 12.4028, Train R: 0.9381, Train RRSE: 0.3590, Test Loss: 349.4750, Test Node Loss: 11.5286, Test Reg Loss: 3.3795, Test MAPE: 13.4410, Test R: 0.9368, Test RRSE: 0.5122
2025-02-10 16:33:33,505:INFO:Epoch 180: Train Loss: 187.6183, Train Node Loss: 11.3346, Train Reg Loss: 1.7628, Train MAPE: 12.1511, Train R: 0.9263, Train RRSE: 0.3779, Test Loss: 1868.9078, Test Node Loss: 8.0436, Test Reg Loss: 18.6086, Test MAPE: 16.0984, Test R: 0.9348, Test RRSE: 1.2020
2025-02-10 16:34:04,368:INFO:Epoch 181: Train Loss: 164.8736, Train Node Loss: 10.3191, Train Reg Loss: 1.5455, Train MAPE: 11.9188, Train R: 0.9414, Train RRSE: 0.3538, Test Loss: 689.9192, Test Node Loss: 10.5085, Test Reg Loss: 6.7941, Test MAPE: 14.1765, Test R: 0.9366, Test RRSE: 0.7263
2025-02-10 16:34:34,844:INFO:Epoch 182: Train Loss: 246.8046, Train Node Loss: 12.3888, Train Reg Loss: 2.3442, Train MAPE: 12.8177, Train R: 0.9156, Train RRSE: 0.4358, Test Loss: 1028.0848, Test Node Loss: 9.3089, Test Reg Loss: 10.1878, Test MAPE: 14.7875, Test R: 0.9363, Test RRSE: 0.8894
2025-02-10 16:35:06,128:INFO:Epoch 183: Train Loss: 188.7607, Train Node Loss: 9.6441, Train Reg Loss: 1.7912, Train MAPE: 12.0408, Train R: 0.9332, Train RRSE: 0.3809, Test Loss: 1963.9776, Test Node Loss: 7.1757, Test Reg Loss: 19.5680, Test MAPE: 16.3834, Test R: 0.9349, Test RRSE: 1.2326
2025-02-10 16:35:36,572:INFO:Epoch 184: Train Loss: 188.8973, Train Node Loss: 10.1221, Train Reg Loss: 1.7878, Train MAPE: 12.1294, Train R: 0.9250, Train RRSE: 0.3806, Test Loss: 244.5121, Test Node Loss: 10.6930, Test Reg Loss: 2.3382, Test MAPE: 13.4551, Test R: 0.9371, Test RRSE: 0.4261
2025-02-10 16:36:06,709:INFO:Epoch 185: Train Loss: 161.5209, Train Node Loss: 10.2896, Train Reg Loss: 1.5123, Train MAPE: 12.2408, Train R: 0.9391, Train RRSE: 0.3500, Test Loss: 1797.8926, Test Node Loss: 7.2003, Test Reg Loss: 17.9069, Test MAPE: 15.9113, Test R: 0.9346, Test RRSE: 1.1791
2025-02-10 16:36:37,703:INFO:Epoch 186: Train Loss: 173.4675, Train Node Loss: 9.2985, Train Reg Loss: 1.6417, Train MAPE: 11.9624, Train R: 0.9348, Train RRSE: 0.3647, Test Loss: 1093.1479, Test Node Loss: 8.4055, Test Reg Loss: 10.8474, Test MAPE: 14.6396, Test R: 0.9340, Test RRSE: 0.9177
2025-02-10 16:37:07,714:INFO:Epoch 187: Train Loss: 161.8855, Train Node Loss: 10.0335, Train Reg Loss: 1.5185, Train MAPE: 12.4202, Train R: 0.9370, Train RRSE: 0.3507, Test Loss: 891.9785, Test Node Loss: 8.5573, Test Reg Loss: 8.8342, Test MAPE: 14.2344, Test R: 0.9349, Test RRSE: 0.8282
2025-02-10 16:37:38,504:INFO:Epoch 188: Train Loss: 144.3525, Train Node Loss: 9.4618, Train Reg Loss: 1.3489, Train MAPE: 12.1958, Train R: 0.9442, Train RRSE: 0.3306, Test Loss: 1224.7285, Test Node Loss: 7.7163, Test Reg Loss: 12.1701, Test MAPE: 14.8291, Test R: 0.9348, Test RRSE: 0.9721
2025-02-10 16:38:08,331:INFO:Epoch 189: Train Loss: 162.9308, Train Node Loss: 9.3595, Train Reg Loss: 1.5357, Train MAPE: 12.1325, Train R: 0.9363, Train RRSE: 0.3527, Test Loss: 1071.4337, Test Node Loss: 7.9468, Test Reg Loss: 10.6349, Test MAPE: 14.4113, Test R: 0.9347, Test RRSE: 0.9087
2025-02-10 16:38:38,177:INFO:Epoch 190: Train Loss: 191.3779, Train Node Loss: 9.3359, Train Reg Loss: 1.8204, Train MAPE: 12.1259, Train R: 0.9235, Train RRSE: 0.3840, Test Loss: 772.8271, Test Node Loss: 8.1816, Test Reg Loss: 7.6465, Test MAPE: 13.9108, Test R: 0.9346, Test RRSE: 0.7705
2025-02-10 16:39:08,833:INFO:Epoch 191: Train Loss: 163.1613, Train Node Loss: 8.9131, Train Reg Loss: 1.5425, Train MAPE: 12.1541, Train R: 0.9357, Train RRSE: 0.3535, Test Loss: 481.9399, Test Node Loss: 8.2422, Test Reg Loss: 4.7370, Test MAPE: 13.5248, Test R: 0.9366, Test RRSE: 0.6064
2025-02-10 16:39:39,014:INFO:Epoch 192: Train Loss: 157.1545, Train Node Loss: 8.5169, Train Reg Loss: 1.4864, Train MAPE: 12.1531, Train R: 0.9384, Train RRSE: 0.3470, Test Loss: 384.3051, Test Node Loss: 8.0892, Test Reg Loss: 3.7622, Test MAPE: 13.3541, Test R: 0.9383, Test RRSE: 0.5405
2025-02-10 16:40:10,021:INFO:Epoch 193: Train Loss: 136.5180, Train Node Loss: 8.3105, Train Reg Loss: 1.2821, Train MAPE: 12.0796, Train R: 0.9484, Train RRSE: 0.3223, Test Loss: 528.6935, Test Node Loss: 7.9379, Test Reg Loss: 5.2076, Test MAPE: 13.5871, Test R: 0.9373, Test RRSE: 0.6359
2025-02-10 16:40:40,983:INFO:Epoch 194: Train Loss: 165.5873, Train Node Loss: 9.0602, Train Reg Loss: 1.5653, Train MAPE: 12.3025, Train R: 0.9362, Train RRSE: 0.3561, Test Loss: 617.2503, Test Node Loss: 8.0362, Test Reg Loss: 6.0921, Test MAPE: 13.6944, Test R: 0.9363, Test RRSE: 0.6877
2025-02-10 16:41:12,068:INFO:Epoch 195: Train Loss: 160.6723, Train Node Loss: 8.6133, Train Reg Loss: 1.5206, Train MAPE: 12.0682, Train R: 0.9370, Train RRSE: 0.3510, Test Loss: 1345.7928, Test Node Loss: 6.5502, Test Reg Loss: 13.3924, Test MAPE: 14.7999, Test R: 0.9333, Test RRSE: 1.0197
2025-02-10 16:41:42,780:INFO:Epoch 196: Train Loss: 197.2314, Train Node Loss: 7.7554, Train Reg Loss: 1.8948, Train MAPE: 11.7977, Train R: 0.9274, Train RRSE: 0.3918, Test Loss: 254.8301, Test Node Loss: 8.3366, Test Reg Loss: 2.4649, Test MAPE: 13.6881, Test R: 0.9384, Test RRSE: 0.4375
2025-02-10 16:42:13,620:INFO:Epoch 197: Train Loss: 174.7668, Train Node Loss: 8.6475, Train Reg Loss: 1.6612, Train MAPE: 12.4327, Train R: 0.9353, Train RRSE: 0.3668, Test Loss: 327.8355, Test Node Loss: 7.9104, Test Reg Loss: 3.1993, Test MAPE: 13.7588, Test R: 0.9383, Test RRSE: 0.4984
2025-02-10 16:42:43,912:INFO:Epoch 198: Train Loss: 155.6269, Train Node Loss: 8.2514, Train Reg Loss: 1.4738, Train MAPE: 12.3036, Train R: 0.9391, Train RRSE: 0.3455, Test Loss: 1397.1786, Test Node Loss: 6.0915, Test Reg Loss: 13.9109, Test MAPE: 15.0933, Test R: 0.9336, Test RRSE: 1.0392
2025-02-10 16:43:14,577:INFO:Epoch 199: Train Loss: 169.3291, Train Node Loss: 7.5654, Train Reg Loss: 1.6176, Train MAPE: 12.0560, Train R: 0.9355, Train RRSE: 0.3620, Test Loss: 668.8330, Test Node Loss: 7.1263, Test Reg Loss: 6.6171, Test MAPE: 13.6333, Test R: 0.9350, Test RRSE: 0.7168
2025-02-10 16:43:45,984:INFO:Epoch 200: Train Loss: 162.7505, Train Node Loss: 8.2260, Train Reg Loss: 1.5452, Train MAPE: 12.3384, Train R: 0.9362, Train RRSE: 0.3538, Test Loss: 650.5638, Test Node Loss: 7.1060, Test Reg Loss: 6.4346, Test MAPE: 13.6076, Test R: 0.9353, Test RRSE: 0.7068
2025-02-10 16:44:17,940:INFO:Epoch 201: Train Loss: 162.0895, Train Node Loss: 7.5136, Train Reg Loss: 1.5458, Train MAPE: 12.0923, Train R: 0.9368, Train RRSE: 0.3539, Test Loss: 957.0225, Test Node Loss: 6.3117, Test Reg Loss: 9.5071, Test MAPE: 13.7656, Test R: 0.9349, Test RRSE: 0.8591
2025-02-10 16:44:48,581:INFO:Epoch 202: Train Loss: 178.3936, Train Node Loss: 7.9569, Train Reg Loss: 1.7044, Train MAPE: 12.0979, Train R: 0.9300, Train RRSE: 0.3716, Test Loss: 504.0581, Test Node Loss: 7.2535, Test Reg Loss: 4.9680, Test MAPE: 13.3305, Test R: 0.9359, Test RRSE: 0.6211
2025-02-10 16:45:20,074:INFO:Epoch 203: Train Loss: 164.8452, Train Node Loss: 7.4347, Train Reg Loss: 1.5741, Train MAPE: 12.2355, Train R: 0.9342, Train RRSE: 0.3571, Test Loss: 712.1924, Test Node Loss: 6.1499, Test Reg Loss: 7.0604, Test MAPE: 13.9902, Test R: 0.9358, Test RRSE: 0.7404
2025-02-10 16:45:51,898:INFO:Epoch 204: Train Loss: 145.6060, Train Node Loss: 6.8773, Train Reg Loss: 1.3873, Train MAPE: 12.2837, Train R: 0.9433, Train RRSE: 0.3352, Test Loss: 362.8922, Test Node Loss: 6.6054, Test Reg Loss: 3.5629, Test MAPE: 13.4504, Test R: 0.9379, Test RRSE: 0.5259
2025-02-10 16:46:23,032:INFO:Epoch 205: Train Loss: 200.8154, Train Node Loss: 7.3911, Train Reg Loss: 1.9342, Train MAPE: 12.4520, Train R: 0.9216, Train RRSE: 0.3958, Test Loss: 872.5905, Test Node Loss: 5.9092, Test Reg Loss: 8.6668, Test MAPE: 13.7350, Test R: 0.9355, Test RRSE: 0.8203
2025-02-10 16:46:54,830:INFO:Epoch 206: Train Loss: 185.8429, Train Node Loss: 6.6197, Train Reg Loss: 1.7922, Train MAPE: 11.9882, Train R: 0.9274, Train RRSE: 0.3810, Test Loss: 1007.8366, Test Node Loss: 5.6491, Test Reg Loss: 10.0219, Test MAPE: 13.9334, Test R: 0.9339, Test RRSE: 0.8821
2025-02-10 16:47:26,407:INFO:Epoch 207: Train Loss: 151.5610, Train Node Loss: 6.8630, Train Reg Loss: 1.4470, Train MAPE: 12.0242, Train R: 0.9405, Train RRSE: 0.3424, Test Loss: 449.5395, Test Node Loss: 6.5108, Test Reg Loss: 4.4303, Test MAPE: 13.2036, Test R: 0.9356, Test RRSE: 0.5865
2025-02-10 16:47:58,060:INFO:Epoch 208: Train Loss: 171.6885, Train Node Loss: 6.9063, Train Reg Loss: 1.6478, Train MAPE: 12.2159, Train R: 0.9317, Train RRSE: 0.3654, Test Loss: 557.5210, Test Node Loss: 5.8192, Test Reg Loss: 5.5170, Test MAPE: 13.5660, Test R: 0.9359, Test RRSE: 0.6545
2025-02-10 16:48:29,054:INFO:Epoch 209: Train Loss: 173.2628, Train Node Loss: 6.2932, Train Reg Loss: 1.6697, Train MAPE: 12.0480, Train R: 0.9313, Train RRSE: 0.3678, Test Loss: 751.6452, Test Node Loss: 5.3542, Test Reg Loss: 7.4629, Test MAPE: 13.9409, Test R: 0.9347, Test RRSE: 0.7612
2025-02-10 16:48:59,960:INFO:Epoch 210: Train Loss: 166.5879, Train Node Loss: 6.4992, Train Reg Loss: 1.6009, Train MAPE: 12.3214, Train R: 0.9332, Train RRSE: 0.3601, Test Loss: 556.3181, Test Node Loss: 5.6835, Test Reg Loss: 5.5063, Test MAPE: 13.5418, Test R: 0.9371, Test RRSE: 0.6538
2025-02-10 16:49:30,623:INFO:Epoch 211: Train Loss: 145.7595, Train Node Loss: 6.3996, Train Reg Loss: 1.3936, Train MAPE: 12.1209, Train R: 0.9431, Train RRSE: 0.3360, Test Loss: 1294.9018, Test Node Loss: 4.7660, Test Reg Loss: 12.9014, Test MAPE: 14.6394, Test R: 0.9345, Test RRSE: 1.0008
2025-02-10 16:50:02,220:INFO:Epoch 212: Train Loss: 165.3125, Train Node Loss: 5.7542, Train Reg Loss: 1.5956, Train MAPE: 11.8141, Train R: 0.9388, Train RRSE: 0.3595, Test Loss: 565.5481, Test Node Loss: 5.4080, Test Reg Loss: 5.6014, Test MAPE: 13.5796, Test R: 0.9373, Test RRSE: 0.6595
2025-02-10 16:50:32,965:INFO:Epoch 213: Train Loss: 183.7206, Train Node Loss: 6.4327, Train Reg Loss: 1.7729, Train MAPE: 12.5831, Train R: 0.9301, Train RRSE: 0.3790, Test Loss: 367.0640, Test Node Loss: 5.5902, Test Reg Loss: 3.6147, Test MAPE: 13.7695, Test R: 0.9382, Test RRSE: 0.5298
2025-02-10 16:51:04,733:INFO:Epoch 214: Train Loss: 156.2418, Train Node Loss: 5.5928, Train Reg Loss: 1.5065, Train MAPE: 12.2729, Train R: 0.9380, Train RRSE: 0.3493, Test Loss: 1208.5661, Test Node Loss: 4.2528, Test Reg Loss: 12.0431, Test MAPE: 14.7417, Test R: 0.9348, Test RRSE: 0.9670
2025-02-10 16:51:36,663:INFO:Epoch 215: Train Loss: 170.8234, Train Node Loss: 5.3421, Train Reg Loss: 1.6548, Train MAPE: 11.9685, Train R: 0.9354, Train RRSE: 0.3661, Test Loss: 552.7394, Test Node Loss: 5.4315, Test Reg Loss: 5.4731, Test MAPE: 13.4535, Test R: 0.9372, Test RRSE: 0.6519
2025-02-10 16:52:08,486:INFO:Epoch 216: Train Loss: 160.1158, Train Node Loss: 6.4708, Train Reg Loss: 1.5364, Train MAPE: 12.4474, Train R: 0.9425, Train RRSE: 0.3528, Test Loss: 744.7623, Test Node Loss: 5.2690, Test Reg Loss: 7.3949, Test MAPE: 13.4826, Test R: 0.9360, Test RRSE: 0.7577
2025-02-10 16:52:40,202:INFO:Epoch 217: Train Loss: 183.2698, Train Node Loss: 5.5101, Train Reg Loss: 1.7776, Train MAPE: 11.9988, Train R: 0.9268, Train RRSE: 0.3795, Test Loss: 1364.0584, Test Node Loss: 3.9173, Test Reg Loss: 13.6014, Test MAPE: 14.7534, Test R: 0.9340, Test RRSE: 1.0276
2025-02-10 16:53:11,840:INFO:Epoch 218: Train Loss: 149.6014, Train Node Loss: 5.2972, Train Reg Loss: 1.4430, Train MAPE: 12.1595, Train R: 0.9403, Train RRSE: 0.3419, Test Loss: 319.7259, Test Node Loss: 5.2804, Test Reg Loss: 3.1445, Test MAPE: 13.3975, Test R: 0.9380, Test RRSE: 0.4941
2025-02-10 16:53:43,324:INFO:Epoch 219: Train Loss: 142.1562, Train Node Loss: 5.5787, Train Reg Loss: 1.3658, Train MAPE: 12.4191, Train R: 0.9442, Train RRSE: 0.3326, Test Loss: 1092.7164, Test Node Loss: 4.2000, Test Reg Loss: 10.8852, Test MAPE: 14.4606, Test R: 0.9337, Test RRSE: 0.9193
2025-02-10 16:54:14,375:INFO:Epoch 220: Train Loss: 170.5081, Train Node Loss: 5.0592, Train Reg Loss: 1.6545, Train MAPE: 12.0422, Train R: 0.9324, Train RRSE: 0.3661, Test Loss: 894.2265, Test Node Loss: 4.3626, Test Reg Loss: 8.8986, Test MAPE: 13.7985, Test R: 0.9344, Test RRSE: 0.8312
2025-02-10 16:54:45,439:INFO:Epoch 221: Train Loss: 164.4381, Train Node Loss: 5.5847, Train Reg Loss: 1.5885, Train MAPE: 12.3621, Train R: 0.9362, Train RRSE: 0.3587, Test Loss: 530.6180, Test Node Loss: 4.7373, Test Reg Loss: 5.2588, Test MAPE: 13.3872, Test R: 0.9365, Test RRSE: 0.6390
2025-02-10 16:55:16,917:INFO:Epoch 222: Train Loss: 190.9969, Train Node Loss: 4.7666, Train Reg Loss: 1.8623, Train MAPE: 12.0848, Train R: 0.9240, Train RRSE: 0.3884, Test Loss: 1137.1309, Test Node Loss: 3.5704, Test Reg Loss: 11.3356, Test MAPE: 14.1729, Test R: 0.9342, Test RRSE: 0.9381
2025-02-10 16:55:47,555:INFO:Epoch 223: Train Loss: 148.9559, Train Node Loss: 4.8490, Train Reg Loss: 1.4411, Train MAPE: 12.1944, Train R: 0.9402, Train RRSE: 0.3417, Test Loss: 315.9167, Test Node Loss: 4.8164, Test Reg Loss: 3.1110, Test MAPE: 13.1680, Test R: 0.9382, Test RRSE: 0.4915
2025-02-10 16:56:18,968:INFO:Epoch 224: Train Loss: 164.8784, Train Node Loss: 4.9755, Train Reg Loss: 1.5990, Train MAPE: 12.3576, Train R: 0.9344, Train RRSE: 0.3599, Test Loss: 1342.7332, Test Node Loss: 3.4910, Test Reg Loss: 13.3924, Test MAPE: 14.7541, Test R: 0.9339, Test RRSE: 1.0197
2025-02-10 16:56:50,242:INFO:Epoch 225: Train Loss: 172.5331, Train Node Loss: 4.4247, Train Reg Loss: 1.6811, Train MAPE: 12.0173, Train R: 0.9322, Train RRSE: 0.3690, Test Loss: 834.2446, Test Node Loss: 3.9425, Test Reg Loss: 8.3030, Test MAPE: 13.8865, Test R: 0.9340, Test RRSE: 0.8029
2025-02-10 16:57:21,305:INFO:Epoch 226: Train Loss: 137.4137, Train Node Loss: 4.7576, Train Reg Loss: 1.3266, Train MAPE: 12.3322, Train R: 0.9455, Train RRSE: 0.3278, Test Loss: 392.7605, Test Node Loss: 4.2839, Test Reg Loss: 3.8848, Test MAPE: 13.2968, Test R: 0.9372, Test RRSE: 0.5492
2025-02-10 16:57:52,640:INFO:Epoch 227: Train Loss: 152.1172, Train Node Loss: 4.5581, Train Reg Loss: 1.4756, Train MAPE: 12.2834, Train R: 0.9389, Train RRSE: 0.3457, Test Loss: 772.9858, Test Node Loss: 3.5833, Test Reg Loss: 7.6940, Test MAPE: 13.7187, Test R: 0.9358, Test RRSE: 0.7729
2025-02-10 16:58:24,161:INFO:Epoch 228: Train Loss: 155.1965, Train Node Loss: 4.3202, Train Reg Loss: 1.5088, Train MAPE: 12.2194, Train R: 0.9371, Train RRSE: 0.3496, Test Loss: 481.8747, Test Node Loss: 3.9248, Test Reg Loss: 4.7795, Test MAPE: 13.2915, Test R: 0.9374, Test RRSE: 0.6092
2025-02-10 16:58:55,530:INFO:Epoch 229: Train Loss: 156.0352, Train Node Loss: 4.1657, Train Reg Loss: 1.5187, Train MAPE: 12.1326, Train R: 0.9376, Train RRSE: 0.3508, Test Loss: 788.2541, Test Node Loss: 3.4951, Test Reg Loss: 7.8476, Test MAPE: 13.9234, Test R: 0.9351, Test RRSE: 0.7806
2025-02-10 16:59:26,798:INFO:Epoch 230: Train Loss: 237.4829, Train Node Loss: 4.4631, Train Reg Loss: 2.3302, Train MAPE: 12.2692, Train R: 0.9020, Train RRSE: 0.4345, Test Loss: 400.5034, Test Node Loss: 4.1923, Test Reg Loss: 3.9631, Test MAPE: 13.2341, Test R: 0.9380, Test RRSE: 0.5547
2025-02-10 16:59:57,923:INFO:Epoch 231: Train Loss: 151.8693, Train Node Loss: 4.1682, Train Reg Loss: 1.4770, Train MAPE: 12.0987, Train R: 0.9394, Train RRSE: 0.3459, Test Loss: 1494.8738, Test Node Loss: 2.8120, Test Reg Loss: 14.9206, Test MAPE: 15.0239, Test R: 0.9334, Test RRSE: 1.0763
2025-02-10 17:00:29,199:INFO:Epoch 232: Train Loss: 148.8713, Train Node Loss: 3.7209, Train Reg Loss: 1.4515, Train MAPE: 12.0380, Train R: 0.9451, Train RRSE: 0.3429, Test Loss: 306.0112, Test Node Loss: 3.9227, Test Reg Loss: 3.0209, Test MAPE: 13.4115, Test R: 0.9382, Test RRSE: 0.4843
2025-02-10 17:01:00,588:INFO:Epoch 233: Train Loss: 175.5438, Train Node Loss: 4.3483, Train Reg Loss: 1.7120, Train MAPE: 12.4452, Train R: 0.9344, Train RRSE: 0.3724, Test Loss: 475.0621, Test Node Loss: 3.6572, Test Reg Loss: 4.7140, Test MAPE: 13.4673, Test R: 0.9376, Test RRSE: 0.6050
2025-02-10 17:01:32,369:INFO:Epoch 234: Train Loss: 164.7085, Train Node Loss: 3.8980, Train Reg Loss: 1.6081, Train MAPE: 12.0865, Train R: 0.9329, Train RRSE: 0.3609, Test Loss: 1671.6631, Test Node Loss: 2.5404, Test Reg Loss: 16.6912, Test MAPE: 15.3016, Test R: 0.9334, Test RRSE: 1.1384
2025-02-10 17:02:03,264:INFO:Epoch 235: Train Loss: 142.8864, Train Node Loss: 3.5512, Train Reg Loss: 1.3934, Train MAPE: 11.9326, Train R: 0.9468, Train RRSE: 0.3360, Test Loss: 480.8477, Test Node Loss: 3.4451, Test Reg Loss: 4.7740, Test MAPE: 13.4226, Test R: 0.9365, Test RRSE: 0.6088
2025-02-10 17:02:34,032:INFO:Epoch 236: Train Loss: 150.7601, Train Node Loss: 4.0122, Train Reg Loss: 1.4675, Train MAPE: 12.3519, Train R: 0.9414, Train RRSE: 0.3448, Test Loss: 529.9253, Test Node Loss: 3.3623, Test Reg Loss: 5.2656, Test MAPE: 13.5757, Test R: 0.9364, Test RRSE: 0.6394
2025-02-10 17:03:05,491:INFO:Epoch 237: Train Loss: 125.2930, Train Node Loss: 3.7647, Train Reg Loss: 1.2153, Train MAPE: 12.3579, Train R: 0.9498, Train RRSE: 0.3138, Test Loss: 1030.0144, Test Node Loss: 2.7559, Test Reg Loss: 10.2726, Test MAPE: 14.3950, Test R: 0.9349, Test RRSE: 0.8931
2025-02-10 17:03:36,495:INFO:Epoch 238: Train Loss: 131.4381, Train Node Loss: 3.4508, Train Reg Loss: 1.2799, Train MAPE: 12.1695, Train R: 0.9480, Train RRSE: 0.3220, Test Loss: 785.7175, Test Node Loss: 2.8679, Test Reg Loss: 7.8285, Test MAPE: 14.0093, Test R: 0.9362, Test RRSE: 0.7796
2025-02-10 17:04:08,326:INFO:Epoch 239: Train Loss: 149.6953, Train Node Loss: 3.4696, Train Reg Loss: 1.4623, Train MAPE: 12.1426, Train R: 0.9391, Train RRSE: 0.3442, Test Loss: 623.7295, Test Node Loss: 3.0516, Test Reg Loss: 6.2068, Test MAPE: 13.6906, Test R: 0.9372, Test RRSE: 0.6942
2025-02-10 17:04:39,036:INFO:Epoch 240: Train Loss: 147.3343, Train Node Loss: 3.7601, Train Reg Loss: 1.4357, Train MAPE: 12.5801, Train R: 0.9424, Train RRSE: 0.3410, Test Loss: 746.3188, Test Node Loss: 3.0345, Test Reg Loss: 7.4328, Test MAPE: 13.4904, Test R: 0.9356, Test RRSE: 0.7597
2025-02-10 17:05:10,264:INFO:Epoch 241: Train Loss: 139.3146, Train Node Loss: 3.5771, Train Reg Loss: 1.3574, Train MAPE: 11.9798, Train R: 0.9448, Train RRSE: 0.3316, Test Loss: 861.4131, Test Node Loss: 2.8267, Test Reg Loss: 8.5859, Test MAPE: 13.6585, Test R: 0.9325, Test RRSE: 0.8165
2025-02-10 17:05:40,578:INFO:Epoch 242: Train Loss: 199.3484, Train Node Loss: 3.7163, Train Reg Loss: 1.9563, Train MAPE: 12.2855, Train R: 0.9183, Train RRSE: 0.3981, Test Loss: 609.7615, Test Node Loss: 3.0308, Test Reg Loss: 6.0673, Test MAPE: 13.6066, Test R: 0.9349, Test RRSE: 0.6863
2025-02-10 17:06:12,189:INFO:Epoch 243: Train Loss: 138.9144, Train Node Loss: 3.3467, Train Reg Loss: 1.3557, Train MAPE: 12.1397, Train R: 0.9447, Train RRSE: 0.3314, Test Loss: 1511.2225, Test Node Loss: 2.3027, Test Reg Loss: 15.0892, Test MAPE: 14.9345, Test R: 0.9335, Test RRSE: 1.0824
2025-02-10 17:06:43,723:INFO:Epoch 244: Train Loss: 168.7426, Train Node Loss: 3.3058, Train Reg Loss: 1.6544, Train MAPE: 12.1090, Train R: 0.9314, Train RRSE: 0.3661, Test Loss: 595.8002, Test Node Loss: 2.9596, Test Reg Loss: 5.9284, Test MAPE: 13.6467, Test R: 0.9368, Test RRSE: 0.6784
2025-02-10 17:07:15,598:INFO:Epoch 245: Train Loss: 136.7863, Train Node Loss: 3.3969, Train Reg Loss: 1.3339, Train MAPE: 12.3705, Train R: 0.9446, Train RRSE: 0.3287, Test Loss: 967.3680, Test Node Loss: 2.5451, Test Reg Loss: 9.6482, Test MAPE: 13.8582, Test R: 0.9336, Test RRSE: 0.8655
2025-02-10 17:07:46,950:INFO:Epoch 246: Train Loss: 163.9379, Train Node Loss: 3.2197, Train Reg Loss: 1.6072, Train MAPE: 12.0428, Train R: 0.9344, Train RRSE: 0.3608, Test Loss: 446.9986, Test Node Loss: 2.9407, Test Reg Loss: 4.4406, Test MAPE: 13.2705, Test R: 0.9352, Test RRSE: 0.5872
2025-02-10 17:08:18,571:INFO:Epoch 247: Train Loss: 151.4319, Train Node Loss: 3.2665, Train Reg Loss: 1.4817, Train MAPE: 12.2313, Train R: 0.9383, Train RRSE: 0.3465, Test Loss: 379.5878, Test Node Loss: 2.8358, Test Reg Loss: 3.7675, Test MAPE: 13.3611, Test R: 0.9377, Test RRSE: 0.5408
2025-02-10 17:08:49,933:INFO:Epoch 248: Train Loss: 143.1478, Train Node Loss: 3.3227, Train Reg Loss: 1.3983, Train MAPE: 12.5258, Train R: 0.9434, Train RRSE: 0.3366, Test Loss: 561.4664, Test Node Loss: 2.7279, Test Reg Loss: 5.5874, Test MAPE: 13.3326, Test R: 0.9372, Test RRSE: 0.6586
2025-02-10 17:09:21,422:INFO:Epoch 249: Train Loss: 164.4498, Train Node Loss: 3.0694, Train Reg Loss: 1.6138, Train MAPE: 12.0319, Train R: 0.9331, Train RRSE: 0.3616, Test Loss: 945.8763, Test Node Loss: 2.3119, Test Reg Loss: 9.4356, Test MAPE: 14.0216, Test R: 0.9349, Test RRSE: 0.8559
2025-02-10 17:09:52,888:INFO:Epoch 250: Train Loss: 161.4294, Train Node Loss: 2.8765, Train Reg Loss: 1.5855, Train MAPE: 12.0480, Train R: 0.9359, Train RRSE: 0.3584, Test Loss: 465.3583, Test Node Loss: 2.5735, Test Reg Loss: 4.6278, Test MAPE: 13.3145, Test R: 0.9372, Test RRSE: 0.5994
2025-02-10 17:10:23,931:INFO:Epoch 251: Train Loss: 239.0751, Train Node Loss: 3.1678, Train Reg Loss: 2.3591, Train MAPE: 12.2387, Train R: 0.9016, Train RRSE: 0.4372, Test Loss: 209.2748, Test Node Loss: 3.0006, Test Reg Loss: 2.0627, Test MAPE: 13.1808, Test R: 0.9391, Test RRSE: 0.4002
2025-02-10 17:10:23,968:INFO:Checkpoint saved at best_0.001_0.001_256_SAGE_3_64_0.9391_epoch_251.pth
2025-02-10 17:10:55,171:INFO:Epoch 252: Train Loss: 164.1277, Train Node Loss: 2.8505, Train Reg Loss: 1.6128, Train MAPE: 12.1490, Train R: 0.9335, Train RRSE: 0.3615, Test Loss: 1584.8462, Test Node Loss: 1.7990, Test Reg Loss: 15.8305, Test MAPE: 14.9899, Test R: 0.9320, Test RRSE: 1.1086
2025-02-10 17:11:26,549:INFO:Epoch 253: Train Loss: 137.4295, Train Node Loss: 2.7659, Train Reg Loss: 1.3466, Train MAPE: 11.8608, Train R: 0.9472, Train RRSE: 0.3303, Test Loss: 337.6898, Test Node Loss: 2.7712, Test Reg Loss: 3.3492, Test MAPE: 13.1272, Test R: 0.9383, Test RRSE: 0.5099
2025-02-10 17:11:57,229:INFO:Epoch 254: Train Loss: 167.7301, Train Node Loss: 3.3036, Train Reg Loss: 1.6443, Train MAPE: 12.6160, Train R: 0.9403, Train RRSE: 0.3650, Test Loss: 889.8983, Test Node Loss: 2.1794, Test Reg Loss: 8.8772, Test MAPE: 14.0000, Test R: 0.9353, Test RRSE: 0.8302
2025-02-10 17:12:28,675:INFO:Epoch 255: Train Loss: 142.9499, Train Node Loss: 2.5979, Train Reg Loss: 1.4035, Train MAPE: 12.0460, Train R: 0.9440, Train RRSE: 0.3372, Test Loss: 1262.2314, Test Node Loss: 1.8056, Test Reg Loss: 12.6043, Test MAPE: 14.4807, Test R: 0.9340, Test RRSE: 0.9892
2025-02-10 17:13:00,618:INFO:Epoch 256: Train Loss: 123.9686, Train Node Loss: 2.5726, Train Reg Loss: 1.2140, Train MAPE: 12.1729, Train R: 0.9510, Train RRSE: 0.3136, Test Loss: 403.8108, Test Node Loss: 2.3859, Test Reg Loss: 4.0142, Test MAPE: 13.1935, Test R: 0.9373, Test RRSE: 0.5583
2025-02-10 17:13:32,595:INFO:Epoch 257: Train Loss: 143.1613, Train Node Loss: 2.7461, Train Reg Loss: 1.4042, Train MAPE: 12.3592, Train R: 0.9427, Train RRSE: 0.3373, Test Loss: 539.3776, Test Node Loss: 2.1491, Test Reg Loss: 5.3723, Test MAPE: 13.2556, Test R: 0.9370, Test RRSE: 0.6458
2025-02-10 17:14:03,842:INFO:Epoch 258: Train Loss: 126.0863, Train Node Loss: 2.5188, Train Reg Loss: 1.2357, Train MAPE: 12.0736, Train R: 0.9503, Train RRSE: 0.3164, Test Loss: 657.7434, Test Node Loss: 1.9547, Test Reg Loss: 6.5579, Test MAPE: 13.5285, Test R: 0.9360, Test RRSE: 0.7135
2025-02-10 17:14:35,790:INFO:Epoch 259: Train Loss: 144.6739, Train Node Loss: 2.3361, Train Reg Loss: 1.4234, Train MAPE: 12.1365, Train R: 0.9429, Train RRSE: 0.3396, Test Loss: 450.3041, Test Node Loss: 2.0690, Test Reg Loss: 4.4824, Test MAPE: 13.4979, Test R: 0.9373, Test RRSE: 0.5899
2025-02-10 17:15:07,321:INFO:Epoch 260: Train Loss: 147.3823, Train Node Loss: 2.5901, Train Reg Loss: 1.4479, Train MAPE: 12.5553, Train R: 0.9409, Train RRSE: 0.3425, Test Loss: 370.9202, Test Node Loss: 2.2769, Test Reg Loss: 3.6864, Test MAPE: 13.3332, Test R: 0.9368, Test RRSE: 0.5350
2025-02-10 17:15:38,535:INFO:Epoch 261: Train Loss: 141.5425, Train Node Loss: 2.5036, Train Reg Loss: 1.3904, Train MAPE: 12.2133, Train R: 0.9423, Train RRSE: 0.3356, Test Loss: 797.8657, Test Node Loss: 1.8385, Test Reg Loss: 7.9603, Test MAPE: 13.4699, Test R: 0.9346, Test RRSE: 0.7862
2025-02-10 17:16:09,886:INFO:Epoch 262: Train Loss: 136.0685, Train Node Loss: 2.3771, Train Reg Loss: 1.3369, Train MAPE: 12.0583, Train R: 0.9453, Train RRSE: 0.3291, Test Loss: 401.8804, Test Node Loss: 2.0470, Test Reg Loss: 3.9983, Test MAPE: 13.1573, Test R: 0.9379, Test RRSE: 0.5572
2025-02-10 17:16:41,399:INFO:Epoch 263: Train Loss: 145.6080, Train Node Loss: 2.3820, Train Reg Loss: 1.4323, Train MAPE: 12.2159, Train R: 0.9405, Train RRSE: 0.3406, Test Loss: 534.7464, Test Node Loss: 1.9850, Test Reg Loss: 5.3276, Test MAPE: 13.4650, Test R: 0.9366, Test RRSE: 0.6431
2025-02-10 17:17:13,534:INFO:Epoch 264: Train Loss: 144.0213, Train Node Loss: 2.2988, Train Reg Loss: 1.4172, Train MAPE: 12.2251, Train R: 0.9415, Train RRSE: 0.3388, Test Loss: 725.5418, Test Node Loss: 1.8295, Test Reg Loss: 7.2371, Test MAPE: 13.7586, Test R: 0.9351, Test RRSE: 0.7496
2025-02-10 17:17:45,153:INFO:Epoch 265: Train Loss: 167.4907, Train Node Loss: 2.4935, Train Reg Loss: 1.6500, Train MAPE: 12.3867, Train R: 0.9322, Train RRSE: 0.3656, Test Loss: 429.8243, Test Node Loss: 2.0784, Test Reg Loss: 4.2775, Test MAPE: 13.2350, Test R: 0.9367, Test RRSE: 0.5763
2025-02-10 17:18:17,426:INFO:Epoch 266: Train Loss: 135.6495, Train Node Loss: 2.3529, Train Reg Loss: 1.3330, Train MAPE: 12.0984, Train R: 0.9456, Train RRSE: 0.3286, Test Loss: 858.0861, Test Node Loss: 1.6376, Test Reg Loss: 8.5645, Test MAPE: 13.8260, Test R: 0.9357, Test RRSE: 0.8154
2025-02-10 17:18:49,385:INFO:Epoch 267: Train Loss: 147.6314, Train Node Loss: 2.0143, Train Reg Loss: 1.4562, Train MAPE: 11.8605, Train R: 0.9448, Train RRSE: 0.3435, Test Loss: 422.0255, Test Node Loss: 1.7654, Test Reg Loss: 4.2026, Test MAPE: 13.6032, Test R: 0.9376, Test RRSE: 0.5712
2025-02-10 17:19:21,668:INFO:Epoch 268: Train Loss: 186.4330, Train Node Loss: 2.3077, Train Reg Loss: 1.8413, Train MAPE: 12.7458, Train R: 0.9272, Train RRSE: 0.3862, Test Loss: 264.1938, Test Node Loss: 2.0617, Test Reg Loss: 2.6213, Test MAPE: 13.2264, Test R: 0.9371, Test RRSE: 0.4511
2025-02-10 17:19:53,214:INFO:Epoch 269: Train Loss: 163.0308, Train Node Loss: 2.1164, Train Reg Loss: 1.6091, Train MAPE: 12.1794, Train R: 0.9330, Train RRSE: 0.3611, Test Loss: 2078.4065, Test Node Loss: 1.1382, Test Reg Loss: 20.7727, Test MAPE: 15.9691, Test R: 0.9289, Test RRSE: 1.2700
2025-02-10 17:20:24,355:INFO:Epoch 270: Train Loss: 176.3284, Train Node Loss: 1.8710, Train Reg Loss: 1.7446, Train MAPE: 11.7721, Train R: 0.9342, Train RRSE: 0.3759, Test Loss: 640.2048, Test Node Loss: 1.7041, Test Reg Loss: 6.3850, Test MAPE: 13.3113, Test R: 0.9343, Test RRSE: 0.7041
2025-02-10 17:20:56,459:INFO:Epoch 271: Train Loss: 177.8524, Train Node Loss: 2.3169, Train Reg Loss: 1.7554, Train MAPE: 12.3208, Train R: 0.9327, Train RRSE: 0.3771, Test Loss: 290.0636, Test Node Loss: 1.9293, Test Reg Loss: 2.8813, Test MAPE: 13.1235, Test R: 0.9367, Test RRSE: 0.4730
2025-02-10 17:21:28,022:INFO:Epoch 272: Train Loss: 144.9901, Train Node Loss: 2.0408, Train Reg Loss: 1.4295, Train MAPE: 12.2140, Train R: 0.9406, Train RRSE: 0.3403, Test Loss: 1027.9631, Test Node Loss: 1.2401, Test Reg Loss: 10.2672, Test MAPE: 14.2392, Test R: 0.9338, Test RRSE: 0.8928
2025-02-10 17:22:00,525:INFO:Epoch 273: Train Loss: 164.0637, Train Node Loss: 1.6842, Train Reg Loss: 1.6238, Train MAPE: 12.1027, Train R: 0.9384, Train RRSE: 0.3627, Test Loss: 348.0422, Test Node Loss: 1.5615, Test Reg Loss: 3.4648, Test MAPE: 13.3146, Test R: 0.9384, Test RRSE: 0.5187
2025-02-10 17:22:33,167:INFO:Epoch 274: Train Loss: 135.4904, Train Node Loss: 1.8612, Train Reg Loss: 1.3363, Train MAPE: 12.3474, Train R: 0.9447, Train RRSE: 0.3290, Test Loss: 316.1176, Test Node Loss: 1.6290, Test Reg Loss: 3.1449, Test MAPE: 13.1945, Test R: 0.9377, Test RRSE: 0.4941
2025-02-10 17:23:05,548:INFO:Epoch 275: Train Loss: 133.6320, Train Node Loss: 1.8845, Train Reg Loss: 1.3175, Train MAPE: 12.3238, Train R: 0.9458, Train RRSE: 0.3267, Test Loss: 611.1897, Test Node Loss: 1.4450, Test Reg Loss: 6.0974, Test MAPE: 13.4890, Test R: 0.9337, Test RRSE: 0.6880
2025-02-10 17:23:37,846:INFO:Epoch 276: Train Loss: 136.3660, Train Node Loss: 1.8520, Train Reg Loss: 1.3451, Train MAPE: 12.1538, Train R: 0.9440, Train RRSE: 0.3301, Test Loss: 652.1327, Test Node Loss: 1.4330, Test Reg Loss: 6.5070, Test MAPE: 13.6917, Test R: 0.9334, Test RRSE: 0.7108
2025-02-10 17:24:09,529:INFO:Epoch 277: Train Loss: 134.1122, Train Node Loss: 1.7590, Train Reg Loss: 1.3235, Train MAPE: 12.0684, Train R: 0.9459, Train RRSE: 0.3274, Test Loss: 627.6303, Test Node Loss: 1.3529, Test Reg Loss: 6.2628, Test MAPE: 13.3529, Test R: 0.9350, Test RRSE: 0.6973
2025-02-10 17:24:42,235:INFO:Epoch 278: Train Loss: 130.9784, Train Node Loss: 1.8098, Train Reg Loss: 1.2917, Train MAPE: 12.1971, Train R: 0.9471, Train RRSE: 0.3235, Test Loss: 315.8917, Test Node Loss: 1.5419, Test Reg Loss: 3.1435, Test MAPE: 13.0818, Test R: 0.9375, Test RRSE: 0.4940
2025-02-10 17:25:13,803:INFO:Epoch 279: Train Loss: 138.5621, Train Node Loss: 1.7255, Train Reg Loss: 1.3684, Train MAPE: 12.4513, Train R: 0.9430, Train RRSE: 0.3329, Test Loss: 784.4732, Test Node Loss: 1.2467, Test Reg Loss: 7.8323, Test MAPE: 13.9311, Test R: 0.9347, Test RRSE: 0.7798
2025-02-10 17:25:46,068:INFO:Epoch 280: Train Loss: 143.7980, Train Node Loss: 1.7202, Train Reg Loss: 1.4208, Train MAPE: 12.3116, Train R: 0.9408, Train RRSE: 0.3393, Test Loss: 707.9929, Test Node Loss: 1.3998, Test Reg Loss: 7.0659, Test MAPE: 13.6778, Test R: 0.9343, Test RRSE: 0.7407
2025-02-10 17:26:18,165:INFO:Epoch 281: Train Loss: 136.2693, Train Node Loss: 1.8066, Train Reg Loss: 1.3446, Train MAPE: 12.2795, Train R: 0.9445, Train RRSE: 0.3300, Test Loss: 591.3688, Test Node Loss: 1.4081, Test Reg Loss: 5.8996, Test MAPE: 13.5711, Test R: 0.9352, Test RRSE: 0.6768
2025-02-10 17:26:49,534:INFO:Epoch 282: Train Loss: 124.4239, Train Node Loss: 1.7535, Train Reg Loss: 1.2267, Train MAPE: 12.3895, Train R: 0.9492, Train RRSE: 0.3152, Test Loss: 717.8336, Test Node Loss: 1.2573, Test Reg Loss: 7.1658, Test MAPE: 13.5714, Test R: 0.9354, Test RRSE: 0.7459
2025-02-10 17:27:20,644:INFO:Epoch 283: Train Loss: 120.8662, Train Node Loss: 1.5831, Train Reg Loss: 1.1928, Train MAPE: 12.1364, Train R: 0.9518, Train RRSE: 0.3109, Test Loss: 515.0787, Test Node Loss: 1.2528, Test Reg Loss: 5.1383, Test MAPE: 13.3914, Test R: 0.9377, Test RRSE: 0.6316
2025-02-10 17:27:52,264:INFO:Epoch 284: Train Loss: 127.7173, Train Node Loss: 1.6354, Train Reg Loss: 1.2608, Train MAPE: 12.2736, Train R: 0.9477, Train RRSE: 0.3196, Test Loss: 543.2075, Test Node Loss: 1.3181, Test Reg Loss: 5.4189, Test MAPE: 13.3922, Test R: 0.9369, Test RRSE: 0.6486
2025-02-10 17:28:24,235:INFO:Epoch 285: Train Loss: 133.6379, Train Node Loss: 1.6244, Train Reg Loss: 1.3201, Train MAPE: 12.1894, Train R: 0.9457, Train RRSE: 0.3270, Test Loss: 1449.7951, Test Node Loss: 1.0482, Test Reg Loss: 14.4875, Test MAPE: 14.8522, Test R: 0.9313, Test RRSE: 1.0606
2025-02-10 17:28:55,887:INFO:Epoch 286: Train Loss: 131.5850, Train Node Loss: 1.6661, Train Reg Loss: 1.2992, Train MAPE: 12.1038, Train R: 0.9464, Train RRSE: 0.3244, Test Loss: 888.8840, Test Node Loss: 1.2858, Test Reg Loss: 8.8760, Test MAPE: 14.0289, Test R: 0.9345, Test RRSE: 0.8301
2025-02-10 17:29:26,779:INFO:Epoch 287: Train Loss: 129.5561, Train Node Loss: 1.7508, Train Reg Loss: 1.2781, Train MAPE: 12.5066, Train R: 0.9483, Train RRSE: 0.3218, Test Loss: 846.3228, Test Node Loss: 1.2103, Test Reg Loss: 8.4511, Test MAPE: 13.9919, Test R: 0.9362, Test RRSE: 0.8100
2025-02-10 17:29:58,661:INFO:Epoch 288: Train Loss: 125.3906, Train Node Loss: 1.5801, Train Reg Loss: 1.2381, Train MAPE: 12.1575, Train R: 0.9493, Train RRSE: 0.3167, Test Loss: 933.6077, Test Node Loss: 1.0973, Test Reg Loss: 9.3251, Test MAPE: 14.0323, Test R: 0.9349, Test RRSE: 0.8509
2025-02-10 17:30:30,772:INFO:Epoch 289: Train Loss: 121.2391, Train Node Loss: 1.5000, Train Reg Loss: 1.1974, Train MAPE: 12.1886, Train R: 0.9518, Train RRSE: 0.3115, Test Loss: 334.1957, Test Node Loss: 1.3419, Test Reg Loss: 3.3285, Test MAPE: 13.1688, Test R: 0.9372, Test RRSE: 0.5084
2025-02-10 17:31:02,104:INFO:Epoch 290: Train Loss: 119.7398, Train Node Loss: 1.6575, Train Reg Loss: 1.1808, Train MAPE: 12.4167, Train R: 0.9527, Train RRSE: 0.3093, Test Loss: 611.9022, Test Node Loss: 1.2380, Test Reg Loss: 6.1066, Test MAPE: 13.2822, Test R: 0.9354, Test RRSE: 0.6886
2025-02-10 17:31:34,073:INFO:Epoch 291: Train Loss: 130.6888, Train Node Loss: 1.5165, Train Reg Loss: 1.2917, Train MAPE: 12.2370, Train R: 0.9468, Train RRSE: 0.3235, Test Loss: 1351.3644, Test Node Loss: 0.9588, Test Reg Loss: 13.5041, Test MAPE: 14.6844, Test R: 0.9339, Test RRSE: 1.0239
2025-02-10 17:32:05,818:INFO:Epoch 292: Train Loss: 140.9767, Train Node Loss: 1.5233, Train Reg Loss: 1.3945, Train MAPE: 11.9764, Train R: 0.9432, Train RRSE: 0.3361, Test Loss: 507.8258, Test Node Loss: 1.2646, Test Reg Loss: 5.0656, Test MAPE: 13.8043, Test R: 0.9361, Test RRSE: 0.6271
2025-02-10 17:32:37,490:INFO:Epoch 293: Train Loss: 152.5463, Train Node Loss: 1.6169, Train Reg Loss: 1.5093, Train MAPE: 12.6498, Train R: 0.9407, Train RRSE: 0.3497, Test Loss: 748.4008, Test Node Loss: 1.1137, Test Reg Loss: 7.4729, Test MAPE: 13.9395, Test R: 0.9332, Test RRSE: 0.7617
2025-02-10 17:33:09,313:INFO:Epoch 294: Train Loss: 150.2547, Train Node Loss: 1.3422, Train Reg Loss: 1.4891, Train MAPE: 12.0935, Train R: 0.9424, Train RRSE: 0.3473, Test Loss: 1052.4940, Test Node Loss: 0.9173, Test Reg Loss: 10.5158, Test MAPE: 14.0970, Test R: 0.9327, Test RRSE: 0.9036
2025-02-10 17:33:41,110:INFO:Epoch 295: Train Loss: 144.5513, Train Node Loss: 1.4725, Train Reg Loss: 1.4308, Train MAPE: 12.2354, Train R: 0.9414, Train RRSE: 0.3405, Test Loss: 547.8330, Test Node Loss: 1.1666, Test Reg Loss: 5.4667, Test MAPE: 13.2296, Test R: 0.9355, Test RRSE: 0.6515
2025-02-10 17:34:12,155:INFO:Epoch 296: Train Loss: 136.2524, Train Node Loss: 1.4602, Train Reg Loss: 1.3479, Train MAPE: 12.3062, Train R: 0.9448, Train RRSE: 0.3304, Test Loss: 1281.8902, Test Node Loss: 0.8434, Test Reg Loss: 12.8105, Test MAPE: 14.6283, Test R: 0.9310, Test RRSE: 0.9973
2025-02-10 17:34:43,174:INFO:Epoch 297: Train Loss: 148.1369, Train Node Loss: 1.3092, Train Reg Loss: 1.4683, Train MAPE: 12.3055, Train R: 0.9391, Train RRSE: 0.3449, Test Loss: 536.2504, Test Node Loss: 1.0213, Test Reg Loss: 5.3523, Test MAPE: 13.3624, Test R: 0.9360, Test RRSE: 0.6446
2025-02-10 17:35:14,859:INFO:Epoch 298: Train Loss: 127.5325, Train Node Loss: 1.2845, Train Reg Loss: 1.2625, Train MAPE: 12.4526, Train R: 0.9475, Train RRSE: 0.3198, Test Loss: 669.4021, Test Node Loss: 0.8892, Test Reg Loss: 6.6851, Test MAPE: 13.3689, Test R: 0.9366, Test RRSE: 0.7204
2025-02-10 17:35:46,409:INFO:Epoch 299: Train Loss: 125.8931, Train Node Loss: 1.1958, Train Reg Loss: 1.2470, Train MAPE: 12.1717, Train R: 0.9492, Train RRSE: 0.3178, Test Loss: 531.8139, Test Node Loss: 0.9583, Test Reg Loss: 5.3086, Test MAPE: 13.3651, Test R: 0.9360, Test RRSE: 0.6420
2025-02-10 17:36:17,398:INFO:Epoch 300: Train Loss: 148.2228, Train Node Loss: 1.3024, Train Reg Loss: 1.4692, Train MAPE: 12.3407, Train R: 0.9391, Train RRSE: 0.3450, Test Loss: 336.5897, Test Node Loss: 1.0713, Test Reg Loss: 3.3552, Test MAPE: 13.2260, Test R: 0.9365, Test RRSE: 0.5104
2025-02-10 17:36:17,398:INFO:Best performance at epoch 251 with Test MAPE: 0.9391
