2025-02-10 14:55:32,516:INFO:Learning rate: 0.001
2025-02-10 14:55:32,516:INFO:Weight decay: 0.001
2025-02-10 14:55:32,517:INFO:Batch size: 64
2025-02-10 14:55:32,517:INFO:Number of layers: 3
2025-02-10 14:55:32,517:INFO:Convolution type: SAGE
2025-02-10 14:55:32,517:INFO:Convolution neurons: 256
2025-02-10 15:00:09,386:INFO:Learning rate: 0.001
2025-02-10 15:00:09,386:INFO:Weight decay: 0.001
2025-02-10 15:00:09,386:INFO:Batch size: 64
2025-02-10 15:00:09,386:INFO:Number of layers: 3
2025-02-10 15:00:09,386:INFO:Convolution type: SAGE
2025-02-10 15:00:09,386:INFO:Convolution neurons: 256
2025-02-10 15:00:34,975:INFO:Epoch 1: Train Loss: 44731.8994, Train Node Loss: 0.3841, Train Reg Loss: 447.3152, Train MAPE: 97.0275, Train R: -0.0347, Train RRSE: 5.4884, Test Loss: 45409.9303, Test Node Loss: 0.6910, Test Reg Loss: 454.0924, Test MAPE: 95.3740, Test R: 0.7400, Test RRSE: 5.2334
2025-02-10 15:00:35,006:INFO:Checkpoint saved at best_0.001_0.001_256_SAGE_3_64_0.7400_epoch_1.pth
2025-02-10 15:01:01,372:INFO:Epoch 2: Train Loss: 39026.5450, Train Node Loss: 8.0475, Train Reg Loss: 390.1850, Train MAPE: 90.2406, Train R: 0.0703, Train RRSE: 5.1259, Test Loss: 38497.6805, Test Node Loss: 37.3309, Test Reg Loss: 384.6035, Test MAPE: 87.2380, Test R: 0.8161, Test RRSE: 4.8163
2025-02-10 15:01:01,395:INFO:Checkpoint saved at best_0.001_0.001_256_SAGE_3_64_0.8161_epoch_2.pth
2025-02-10 15:01:28,302:INFO:Epoch 3: Train Loss: 29332.2083, Train Node Loss: 166.2569, Train Reg Loss: 291.6595, Train MAPE: 76.9659, Train R: 0.0744, Train RRSE: 4.4318, Test Loss: 16417.5301, Test Node Loss: 1026.2773, Test Reg Loss: 153.9125, Test MAPE: 52.4086, Test R: 0.8283, Test RRSE: 3.0468
2025-02-10 15:01:28,324:INFO:Checkpoint saved at best_0.001_0.001_256_SAGE_3_64_0.8283_epoch_3.pth
2025-02-10 15:01:55,355:INFO:Epoch 4: Train Loss: 10777.4092, Train Node Loss: 1587.4023, Train Reg Loss: 91.9001, Train MAPE: 37.4134, Train R: 0.1280, Train RRSE: 2.4877, Test Loss: 48030.0385, Test Node Loss: 12415.4481, Test Reg Loss: 356.1459, Test MAPE: 90.8444, Test R: 0.8269, Test RRSE: 4.6347
2025-02-10 15:02:21,640:INFO:Epoch 5: Train Loss: 8562.8228, Train Node Loss: 4517.7477, Train Reg Loss: 40.4507, Train MAPE: 30.4473, Train R: 0.3920, Train RRSE: 1.6504, Test Loss: 14499.5415, Test Node Loss: 5488.6272, Test Reg Loss: 90.1091, Test MAPE: 45.7664, Test R: 0.8393, Test RRSE: 2.3313
2025-02-10 15:02:21,667:INFO:Checkpoint saved at best_0.001_0.001_256_SAGE_3_64_0.8393_epoch_5.pth
2025-02-10 15:02:49,213:INFO:Epoch 6: Train Loss: 3652.0997, Train Node Loss: 2136.2111, Train Reg Loss: 15.1589, Train MAPE: 15.5823, Train R: 0.2853, Train RRSE: 1.0104, Test Loss: 3703.3448, Test Node Loss: 1381.2199, Test Reg Loss: 23.2212, Test MAPE: 15.9199, Test R: 0.8493, Test RRSE: 1.1835
2025-02-10 15:02:49,237:INFO:Checkpoint saved at best_0.001_0.001_256_SAGE_3_64_0.8493_epoch_6.pth
2025-02-10 15:03:15,709:INFO:Epoch 7: Train Loss: 4141.6539, Train Node Loss: 919.7011, Train Reg Loss: 32.2195, Train MAPE: 19.2394, Train R: 0.7116, Train RRSE: 1.4730, Test Loss: 3807.2658, Test Node Loss: 823.8601, Test Reg Loss: 29.8341, Test MAPE: 17.9563, Test R: 0.8534, Test RRSE: 1.3414
2025-02-10 15:03:15,743:INFO:Checkpoint saved at best_0.001_0.001_256_SAGE_3_64_0.8534_epoch_7.pth
2025-02-10 15:03:43,489:INFO:Epoch 8: Train Loss: 2995.7822, Train Node Loss: 778.9100, Train Reg Loss: 22.1687, Train MAPE: 15.5289, Train R: 0.4291, Train RRSE: 1.2218, Test Loss: 2245.6688, Test Node Loss: 937.0737, Test Reg Loss: 13.0860, Test MAPE: 13.6948, Test R: 0.8556, Test RRSE: 0.8884
2025-02-10 15:03:43,521:INFO:Checkpoint saved at best_0.001_0.001_256_SAGE_3_64_0.8556_epoch_8.pth
2025-02-10 15:04:11,236:INFO:Epoch 9: Train Loss: 2075.9173, Train Node Loss: 920.9277, Train Reg Loss: 11.5499, Train MAPE: 14.4893, Train R: 0.5461, Train RRSE: 0.8819, Test Loss: 2420.1771, Test Node Loss: 1005.0291, Test Reg Loss: 14.1515, Test MAPE: 17.6124, Test R: 0.8579, Test RRSE: 0.9239
2025-02-10 15:04:11,264:INFO:Checkpoint saved at best_0.001_0.001_256_SAGE_3_64_0.8579_epoch_9.pth
2025-02-10 15:04:40,078:INFO:Epoch 10: Train Loss: 2156.0959, Train Node Loss: 878.3316, Train Reg Loss: 12.7776, Train MAPE: 16.5665, Train R: 0.6968, Train RRSE: 0.9276, Test Loss: 1919.1790, Test Node Loss: 711.7654, Test Reg Loss: 12.0741, Test MAPE: 14.0419, Test R: 0.8590, Test RRSE: 0.8534
2025-02-10 15:04:40,097:INFO:Checkpoint saved at best_0.001_0.001_256_SAGE_3_64_0.8590_epoch_10.pth
2025-02-10 15:05:08,783:INFO:Epoch 11: Train Loss: 1854.2790, Train Node Loss: 615.3912, Train Reg Loss: 12.3889, Train MAPE: 13.9301, Train R: 0.5416, Train RRSE: 0.9134, Test Loss: 2247.6898, Test Node Loss: 481.8571, Test Reg Loss: 17.6583, Test MAPE: 14.4488, Test R: 0.8593, Test RRSE: 1.0320
2025-02-10 15:05:08,807:INFO:Checkpoint saved at best_0.001_0.001_256_SAGE_3_64_0.8593_epoch_11.pth
2025-02-10 15:05:37,732:INFO:Epoch 12: Train Loss: 1764.0614, Train Node Loss: 486.1542, Train Reg Loss: 12.7791, Train MAPE: 13.3319, Train R: 0.7705, Train RRSE: 0.9277, Test Loss: 1879.5429, Test Node Loss: 478.6566, Test Reg Loss: 14.0089, Test MAPE: 13.7688, Test R: 0.8593, Test RRSE: 0.9192
2025-02-10 15:05:37,753:INFO:Checkpoint saved at best_0.001_0.001_256_SAGE_3_64_0.8593_epoch_12.pth
2025-02-10 15:06:06,300:INFO:Epoch 13: Train Loss: 1552.4571, Train Node Loss: 500.6565, Train Reg Loss: 10.5180, Train MAPE: 13.8453, Train R: 0.7616, Train RRSE: 0.8416, Test Loss: 1633.0380, Test Node Loss: 503.4635, Test Reg Loss: 11.2957, Test MAPE: 14.1825, Test R: 0.8590, Test RRSE: 0.8254
2025-02-10 15:06:33,820:INFO:Epoch 14: Train Loss: 1553.2704, Train Node Loss: 502.9849, Train Reg Loss: 10.5029, Train MAPE: 14.9694, Train R: 0.7765, Train RRSE: 0.8410, Test Loss: 1568.1028, Test Node Loss: 448.2454, Test Reg Loss: 11.1986, Test MAPE: 14.0717, Test R: 0.8580, Test RRSE: 0.8218
2025-02-10 15:07:02,149:INFO:Epoch 15: Train Loss: 1444.3875, Train Node Loss: 420.8660, Train Reg Loss: 10.2352, Train MAPE: 14.1934, Train R: 0.7272, Train RRSE: 0.8302, Test Loss: 1685.1936, Test Node Loss: 352.4505, Test Reg Loss: 13.3274, Test MAPE: 13.8388, Test R: 0.8559, Test RRSE: 0.8966
2025-02-10 15:07:30,634:INFO:Epoch 16: Train Loss: 1368.4962, Train Node Loss: 358.0946, Train Reg Loss: 10.1040, Train MAPE: 13.7983, Train R: 0.7798, Train RRSE: 0.8249, Test Loss: 1629.3543, Test Node Loss: 328.7310, Test Reg Loss: 13.0062, Test MAPE: 13.9707, Test R: 0.8530, Test RRSE: 0.8857
2025-02-10 15:07:58,259:INFO:Epoch 17: Train Loss: 1328.5682, Train Node Loss: 362.0407, Train Reg Loss: 9.6653, Train MAPE: 14.3599, Train R: 0.7384, Train RRSE: 0.8068, Test Loss: 1484.7112, Test Node Loss: 330.1869, Test Reg Loss: 11.5452, Test MAPE: 14.0651, Test R: 0.8490, Test RRSE: 0.8345
2025-02-10 15:08:26,285:INFO:Epoch 18: Train Loss: 1246.9992, Train Node Loss: 356.7201, Train Reg Loss: 8.9028, Train MAPE: 14.8340, Train R: 0.7695, Train RRSE: 0.7743, Test Loss: 1658.3512, Test Node Loss: 281.6088, Test Reg Loss: 13.7674, Test MAPE: 14.4879, Test R: 0.8429, Test RRSE: 0.9112
2025-02-10 15:08:53,965:INFO:Epoch 19: Train Loss: 1197.7871, Train Node Loss: 304.8623, Train Reg Loss: 8.9292, Train MAPE: 14.4391, Train R: 0.7426, Train RRSE: 0.7754, Test Loss: 2117.0493, Test Node Loss: 231.0140, Test Reg Loss: 18.8604, Test MAPE: 15.9866, Test R: 0.8350, Test RRSE: 1.0666
2025-02-10 15:09:22,132:INFO:Epoch 20: Train Loss: 1102.5378, Train Node Loss: 291.1868, Train Reg Loss: 8.1135, Train MAPE: 14.5936, Train R: 0.7655, Train RRSE: 0.7392, Test Loss: 2027.8590, Test Node Loss: 234.4582, Test Reg Loss: 17.9340, Test MAPE: 16.1611, Test R: 0.8271, Test RRSE: 1.0400
2025-02-10 15:09:50,197:INFO:Epoch 21: Train Loss: 1039.8480, Train Node Loss: 321.9874, Train Reg Loss: 7.1786, Train MAPE: 15.9399, Train R: 0.7558, Train RRSE: 0.6953, Test Loss: 2269.3575, Test Node Loss: 217.3853, Test Reg Loss: 20.5197, Test MAPE: 17.3311, Test R: 0.8156, Test RRSE: 1.1125
2025-02-10 15:10:18,463:INFO:Epoch 22: Train Loss: 988.6146, Train Node Loss: 299.7476, Train Reg Loss: 6.8887, Train MAPE: 16.4769, Train R: 0.7390, Train RRSE: 0.6811, Test Loss: 3388.1384, Test Node Loss: 166.4270, Test Reg Loss: 32.2171, Test MAPE: 21.7217, Test R: 0.8028, Test RRSE: 1.3940
2025-02-10 15:10:46,678:INFO:Epoch 23: Train Loss: 965.4518, Train Node Loss: 276.6035, Train Reg Loss: 6.8885, Train MAPE: 16.6848, Train R: 0.7401, Train RRSE: 0.6811, Test Loss: 2486.1948, Test Node Loss: 190.9676, Test Reg Loss: 22.9523, Test MAPE: 19.1659, Test R: 0.8012, Test RRSE: 1.1766
2025-02-10 15:11:13,829:INFO:Epoch 24: Train Loss: 958.0935, Train Node Loss: 272.8681, Train Reg Loss: 6.8523, Train MAPE: 16.7986, Train R: 0.7353, Train RRSE: 0.6793, Test Loss: 2092.8797, Test Node Loss: 191.4706, Test Reg Loss: 19.0141, Test MAPE: 18.2567, Test R: 0.8034, Test RRSE: 1.0709
2025-02-10 15:11:41,269:INFO:Epoch 25: Train Loss: 924.8292, Train Node Loss: 241.9089, Train Reg Loss: 6.8292, Train MAPE: 16.3559, Train R: 0.7460, Train RRSE: 0.6781, Test Loss: 1707.7764, Test Node Loss: 194.1168, Test Reg Loss: 15.1366, Test MAPE: 17.1543, Test R: 0.8072, Test RRSE: 0.9555
2025-02-10 15:12:08,576:INFO:Epoch 26: Train Loss: 873.3625, Train Node Loss: 240.5381, Train Reg Loss: 6.3282, Train MAPE: 16.5050, Train R: 0.7671, Train RRSE: 0.6528, Test Loss: 1464.0366, Test Node Loss: 199.9389, Test Reg Loss: 12.6410, Test MAPE: 16.7774, Test R: 0.8114, Test RRSE: 0.8732
2025-02-10 15:12:36,313:INFO:Epoch 27: Train Loss: 863.0755, Train Node Loss: 236.9387, Train Reg Loss: 6.2614, Train MAPE: 16.7458, Train R: 0.7681, Train RRSE: 0.6493, Test Loss: 2192.5783, Test Node Loss: 157.6175, Test Reg Loss: 20.3496, Test MAPE: 18.8612, Test R: 0.8115, Test RRSE: 1.1079
2025-02-10 15:13:03,788:INFO:Epoch 28: Train Loss: 845.7399, Train Node Loss: 204.4769, Train Reg Loss: 6.4126, Train MAPE: 16.5729, Train R: 0.7653, Train RRSE: 0.6571, Test Loss: 2441.7522, Test Node Loss: 143.1735, Test Reg Loss: 22.9858, Test MAPE: 19.9182, Test R: 0.8129, Test RRSE: 1.1774
2025-02-10 15:13:31,296:INFO:Epoch 29: Train Loss: 819.8930, Train Node Loss: 198.4468, Train Reg Loss: 6.2145, Train MAPE: 16.6369, Train R: 0.7701, Train RRSE: 0.6469, Test Loss: 1549.3985, Test Node Loss: 166.6075, Test Reg Loss: 13.8279, Test MAPE: 17.3779, Test R: 0.8200, Test RRSE: 0.9132
2025-02-10 15:13:58,008:INFO:Epoch 30: Train Loss: 784.9800, Train Node Loss: 195.1643, Train Reg Loss: 5.8982, Train MAPE: 16.6100, Train R: 0.7853, Train RRSE: 0.6302, Test Loss: 1700.5265, Test Node Loss: 148.4862, Test Reg Loss: 15.5204, Test MAPE: 17.6569, Test R: 0.8241, Test RRSE: 0.9675
2025-02-10 15:14:25,394:INFO:Epoch 31: Train Loss: 762.8735, Train Node Loss: 180.7013, Train Reg Loss: 5.8217, Train MAPE: 16.4463, Train R: 0.7926, Train RRSE: 0.6261, Test Loss: 1620.6557, Test Node Loss: 143.1099, Test Reg Loss: 14.7755, Test MAPE: 17.5719, Test R: 0.8275, Test RRSE: 0.9440
2025-02-10 15:14:52,117:INFO:Epoch 32: Train Loss: 756.3632, Train Node Loss: 178.0626, Train Reg Loss: 5.7830, Train MAPE: 16.8008, Train R: 0.7889, Train RRSE: 0.6240, Test Loss: 1592.3427, Test Node Loss: 137.4042, Test Reg Loss: 14.5494, Test MAPE: 17.6783, Test R: 0.8279, Test RRSE: 0.9368
2025-02-10 15:15:18,634:INFO:Epoch 33: Train Loss: 751.5139, Train Node Loss: 165.0687, Train Reg Loss: 5.8645, Train MAPE: 16.6821, Train R: 0.7846, Train RRSE: 0.6284, Test Loss: 1531.4517, Test Node Loss: 128.8622, Test Reg Loss: 14.0259, Test MAPE: 17.5172, Test R: 0.8296, Test RRSE: 0.9198
2025-02-10 15:15:45,376:INFO:Epoch 34: Train Loss: 709.0169, Train Node Loss: 153.7428, Train Reg Loss: 5.5527, Train MAPE: 16.6568, Train R: 0.8009, Train RRSE: 0.6115, Test Loss: 1246.2626, Test Node Loss: 134.8256, Test Reg Loss: 11.1144, Test MAPE: 17.1632, Test R: 0.8316, Test RRSE: 0.8188
2025-02-10 15:16:12,718:INFO:Epoch 35: Train Loss: 701.8638, Train Node Loss: 154.5176, Train Reg Loss: 5.4735, Train MAPE: 17.0192, Train R: 0.7992, Train RRSE: 0.6071, Test Loss: 1401.8751, Test Node Loss: 125.1040, Test Reg Loss: 12.7677, Test MAPE: 17.7211, Test R: 0.8313, Test RRSE: 0.8775
2025-02-10 15:16:39,987:INFO:Epoch 36: Train Loss: 698.8741, Train Node Loss: 146.0619, Train Reg Loss: 5.5281, Train MAPE: 17.0795, Train R: 0.7956, Train RRSE: 0.6101, Test Loss: 1335.7721, Test Node Loss: 119.2992, Test Reg Loss: 12.1647, Test MAPE: 17.6521, Test R: 0.8336, Test RRSE: 0.8566
2025-02-10 15:17:06,406:INFO:Epoch 37: Train Loss: 681.3766, Train Node Loss: 138.3463, Train Reg Loss: 5.4303, Train MAPE: 16.9785, Train R: 0.8014, Train RRSE: 0.6047, Test Loss: 1232.0037, Test Node Loss: 113.4402, Test Reg Loss: 11.1856, Test MAPE: 17.3398, Test R: 0.8357, Test RRSE: 0.8214
2025-02-10 15:17:32,860:INFO:Epoch 38: Train Loss: 640.5860, Train Node Loss: 127.6318, Train Reg Loss: 5.1295, Train MAPE: 16.8794, Train R: 0.8168, Train RRSE: 0.5877, Test Loss: 1145.1958, Test Node Loss: 113.9599, Test Reg Loss: 10.3124, Test MAPE: 17.3119, Test R: 0.8370, Test RRSE: 0.7887
2025-02-10 15:17:59,742:INFO:Epoch 39: Train Loss: 676.4868, Train Node Loss: 131.6997, Train Reg Loss: 5.4479, Train MAPE: 17.1201, Train R: 0.8005, Train RRSE: 0.6057, Test Loss: 1402.5729, Test Node Loss: 98.0221, Test Reg Loss: 13.0455, Test MAPE: 17.8554, Test R: 0.8366, Test RRSE: 0.8870
2025-02-10 15:18:26,337:INFO:Epoch 40: Train Loss: 629.1872, Train Node Loss: 113.5130, Train Reg Loss: 5.1567, Train MAPE: 16.8635, Train R: 0.8183, Train RRSE: 0.5893, Test Loss: 1470.0852, Test Node Loss: 93.0238, Test Reg Loss: 13.7706, Test MAPE: 18.2119, Test R: 0.8369, Test RRSE: 0.9114
2025-02-10 15:18:53,793:INFO:Epoch 41: Train Loss: 619.6037, Train Node Loss: 118.6484, Train Reg Loss: 5.0096, Train MAPE: 17.1811, Train R: 0.8191, Train RRSE: 0.5808, Test Loss: 849.9300, Test Node Loss: 111.2092, Test Reg Loss: 7.3872, Test MAPE: 17.0162, Test R: 0.8402, Test RRSE: 0.6675
2025-02-10 15:19:21,171:INFO:Epoch 42: Train Loss: 569.5168, Train Node Loss: 111.2906, Train Reg Loss: 4.5823, Train MAPE: 17.2063, Train R: 0.8368, Train RRSE: 0.5555, Test Loss: 1626.6085, Test Node Loss: 78.6011, Test Reg Loss: 15.4801, Test MAPE: 18.7096, Test R: 0.8370, Test RRSE: 0.9663
2025-02-10 15:19:47,848:INFO:Epoch 43: Train Loss: 635.0717, Train Node Loss: 99.7603, Train Reg Loss: 5.3531, Train MAPE: 17.0945, Train R: 0.8058, Train RRSE: 0.6004, Test Loss: 867.2629, Test Node Loss: 99.3449, Test Reg Loss: 7.6792, Test MAPE: 17.1283, Test R: 0.8406, Test RRSE: 0.6806
2025-02-10 15:20:14,528:INFO:Epoch 44: Train Loss: 573.4853, Train Node Loss: 102.9686, Train Reg Loss: 4.7052, Train MAPE: 17.3523, Train R: 0.8292, Train RRSE: 0.5629, Test Loss: 1029.0871, Test Node Loss: 85.8392, Test Reg Loss: 9.4325, Test MAPE: 17.3805, Test R: 0.8407, Test RRSE: 0.7543
2025-02-10 15:20:41,039:INFO:Epoch 45: Train Loss: 554.1710, Train Node Loss: 94.3364, Train Reg Loss: 4.5983, Train MAPE: 17.0763, Train R: 0.8371, Train RRSE: 0.5565, Test Loss: 911.4062, Test Node Loss: 87.4727, Test Reg Loss: 8.2393, Test MAPE: 17.1378, Test R: 0.8421, Test RRSE: 0.7049
2025-02-10 15:21:08,137:INFO:Epoch 46: Train Loss: 573.5304, Train Node Loss: 92.1056, Train Reg Loss: 4.8142, Train MAPE: 17.2620, Train R: 0.8249, Train RRSE: 0.5694, Test Loss: 1202.7058, Test Node Loss: 77.0567, Test Reg Loss: 11.2565, Test MAPE: 17.8747, Test R: 0.8401, Test RRSE: 0.8240
2025-02-10 15:21:34,532:INFO:Epoch 47: Train Loss: 539.1839, Train Node Loss: 91.7637, Train Reg Loss: 4.4742, Train MAPE: 17.4393, Train R: 0.8389, Train RRSE: 0.5489, Test Loss: 958.3123, Test Node Loss: 81.4123, Test Reg Loss: 8.7690, Test MAPE: 17.4797, Test R: 0.8422, Test RRSE: 0.7273
2025-02-10 15:22:01,086:INFO:Epoch 48: Train Loss: 534.5833, Train Node Loss: 86.8292, Train Reg Loss: 4.4775, Train MAPE: 17.4792, Train R: 0.8375, Train RRSE: 0.5491, Test Loss: 1334.2900, Test Node Loss: 67.6049, Test Reg Loss: 12.6669, Test MAPE: 18.2533, Test R: 0.8404, Test RRSE: 0.8741
2025-02-10 15:22:27,551:INFO:Epoch 49: Train Loss: 549.1092, Train Node Loss: 79.7480, Train Reg Loss: 4.6936, Train MAPE: 17.2808, Train R: 0.8307, Train RRSE: 0.5622, Test Loss: 687.0638, Test Node Loss: 81.3290, Test Reg Loss: 6.0573, Test MAPE: 17.0832, Test R: 0.8442, Test RRSE: 0.6044
2025-02-10 15:22:54,305:INFO:Epoch 50: Train Loss: 541.9270, Train Node Loss: 80.9689, Train Reg Loss: 4.6096, Train MAPE: 17.3538, Train R: 0.8350, Train RRSE: 0.5571, Test Loss: 752.1699, Test Node Loss: 76.6005, Test Reg Loss: 6.7557, Test MAPE: 17.1289, Test R: 0.8453, Test RRSE: 0.6383
2025-02-10 15:23:20,736:INFO:Epoch 51: Train Loss: 545.3555, Train Node Loss: 71.3568, Train Reg Loss: 4.7400, Train MAPE: 17.0233, Train R: 0.8330, Train RRSE: 0.5650, Test Loss: 1393.0660, Test Node Loss: 58.4460, Test Reg Loss: 13.3462, Test MAPE: 18.4339, Test R: 0.8409, Test RRSE: 0.8972
2025-02-10 15:23:46,976:INFO:Epoch 52: Train Loss: 599.1842, Train Node Loss: 74.3524, Train Reg Loss: 5.2483, Train MAPE: 17.3172, Train R: 0.8060, Train RRSE: 0.5945, Test Loss: 826.2572, Test Node Loss: 70.1553, Test Reg Loss: 7.5610, Test MAPE: 17.3654, Test R: 0.8448, Test RRSE: 0.6753
2025-02-10 15:24:13,850:INFO:Epoch 53: Train Loss: 503.0804, Train Node Loss: 71.9002, Train Reg Loss: 4.3118, Train MAPE: 17.3646, Train R: 0.8465, Train RRSE: 0.5388, Test Loss: 1257.3932, Test Node Loss: 54.8960, Test Reg Loss: 12.0250, Test MAPE: 18.0662, Test R: 0.8427, Test RRSE: 0.8516
2025-02-10 15:24:40,029:INFO:Epoch 54: Train Loss: 502.5331, Train Node Loss: 64.4116, Train Reg Loss: 4.3812, Train MAPE: 17.3559, Train R: 0.8435, Train RRSE: 0.5432, Test Loss: 1099.9139, Test Node Loss: 54.4696, Test Reg Loss: 10.4544, Test MAPE: 17.8759, Test R: 0.8437, Test RRSE: 0.7941
2025-02-10 15:25:06,441:INFO:Epoch 55: Train Loss: 516.7649, Train Node Loss: 64.3257, Train Reg Loss: 4.5244, Train MAPE: 17.3204, Train R: 0.8356, Train RRSE: 0.5520, Test Loss: 673.4221, Test Node Loss: 63.2153, Test Reg Loss: 6.1021, Test MAPE: 17.0984, Test R: 0.8474, Test RRSE: 0.6067
2025-02-10 15:25:32,754:INFO:Epoch 56: Train Loss: 501.3153, Train Node Loss: 61.4283, Train Reg Loss: 4.3989, Train MAPE: 17.4500, Train R: 0.8417, Train RRSE: 0.5443, Test Loss: 1519.7478, Test Node Loss: 42.2161, Test Reg Loss: 14.7753, Test MAPE: 18.8070, Test R: 0.8441, Test RRSE: 0.9440
2025-02-10 15:25:58,945:INFO:Epoch 57: Train Loss: 541.1487, Train Node Loss: 56.0897, Train Reg Loss: 4.8506, Train MAPE: 17.3849, Train R: 0.8230, Train RRSE: 0.5715, Test Loss: 917.5716, Test Node Loss: 50.4779, Test Reg Loss: 8.6709, Test MAPE: 17.6158, Test R: 0.8465, Test RRSE: 0.7232
2025-02-10 15:26:25,285:INFO:Epoch 58: Train Loss: 491.1944, Train Node Loss: 54.7038, Train Reg Loss: 4.3649, Train MAPE: 17.2882, Train R: 0.8441, Train RRSE: 0.5422, Test Loss: 621.1228, Test Node Loss: 56.5645, Test Reg Loss: 5.6456, Test MAPE: 17.2850, Test R: 0.8483, Test RRSE: 0.5835
2025-02-10 15:26:51,392:INFO:Epoch 59: Train Loss: 476.0560, Train Node Loss: 54.8957, Train Reg Loss: 4.2116, Train MAPE: 17.4816, Train R: 0.8528, Train RRSE: 0.5326, Test Loss: 756.6191, Test Node Loss: 48.3768, Test Reg Loss: 7.0824, Test MAPE: 17.2079, Test R: 0.8468, Test RRSE: 0.6536
2025-02-10 15:27:18,173:INFO:Epoch 60: Train Loss: 458.9445, Train Node Loss: 49.3794, Train Reg Loss: 4.0957, Train MAPE: 17.3032, Train R: 0.8557, Train RRSE: 0.5252, Test Loss: 1063.0128, Test Node Loss: 42.2844, Test Reg Loss: 10.2073, Test MAPE: 18.1284, Test R: 0.8430, Test RRSE: 0.7846
2025-02-10 15:27:44,956:INFO:Epoch 61: Train Loss: 464.4188, Train Node Loss: 47.9976, Train Reg Loss: 4.1642, Train MAPE: 17.5862, Train R: 0.8502, Train RRSE: 0.5295, Test Loss: 678.7106, Test Node Loss: 46.9419, Test Reg Loss: 6.3177, Test MAPE: 17.4143, Test R: 0.8455, Test RRSE: 0.6173
2025-02-10 15:28:11,074:INFO:Epoch 62: Train Loss: 467.0181, Train Node Loss: 44.5645, Train Reg Loss: 4.2245, Train MAPE: 17.4894, Train R: 0.8485, Train RRSE: 0.5334, Test Loss: 574.5700, Test Node Loss: 45.0430, Test Reg Loss: 5.2953, Test MAPE: 17.4856, Test R: 0.8470, Test RRSE: 0.5651
2025-02-10 15:28:37,968:INFO:Epoch 63: Train Loss: 464.5031, Train Node Loss: 43.8033, Train Reg Loss: 4.2070, Train MAPE: 17.4221, Train R: 0.8518, Train RRSE: 0.5323, Test Loss: 574.4887, Test Node Loss: 44.5194, Test Reg Loss: 5.2997, Test MAPE: 17.3017, Test R: 0.8475, Test RRSE: 0.5654
2025-02-10 15:29:04,255:INFO:Epoch 64: Train Loss: 450.4019, Train Node Loss: 42.0861, Train Reg Loss: 4.0832, Train MAPE: 17.6485, Train R: 0.8530, Train RRSE: 0.5244, Test Loss: 1123.9576, Test Node Loss: 33.6873, Test Reg Loss: 10.9027, Test MAPE: 18.2729, Test R: 0.8438, Test RRSE: 0.8109
2025-02-10 15:29:30,428:INFO:Epoch 65: Train Loss: 494.3807, Train Node Loss: 44.9755, Train Reg Loss: 4.4941, Train MAPE: 18.0131, Train R: 0.8364, Train RRSE: 0.5501, Test Loss: 1142.7544, Test Node Loss: 34.8505, Test Reg Loss: 11.0790, Test MAPE: 18.2769, Test R: 0.8436, Test RRSE: 0.8174
2025-02-10 15:29:56,602:INFO:Epoch 66: Train Loss: 465.9436, Train Node Loss: 39.5697, Train Reg Loss: 4.2637, Train MAPE: 17.6096, Train R: 0.8460, Train RRSE: 0.5358, Test Loss: 1059.2844, Test Node Loss: 29.9126, Test Reg Loss: 10.2937, Test MAPE: 18.0427, Test R: 0.8458, Test RRSE: 0.7879
2025-02-10 15:30:22,810:INFO:Epoch 67: Train Loss: 477.2388, Train Node Loss: 36.5454, Train Reg Loss: 4.4069, Train MAPE: 17.4495, Train R: 0.8408, Train RRSE: 0.5448, Test Loss: 522.8243, Test Node Loss: 40.5012, Test Reg Loss: 4.8232, Test MAPE: 17.5543, Test R: 0.8506, Test RRSE: 0.5394
2025-02-10 15:30:49,001:INFO:Epoch 68: Train Loss: 420.4450, Train Node Loss: 35.0646, Train Reg Loss: 3.8538, Train MAPE: 17.4185, Train R: 0.8651, Train RRSE: 0.5094, Test Loss: 1123.4257, Test Node Loss: 27.9597, Test Reg Loss: 10.9547, Test MAPE: 18.4354, Test R: 0.8470, Test RRSE: 0.8128
2025-02-10 15:31:14,881:INFO:Epoch 69: Train Loss: 483.8565, Train Node Loss: 32.7115, Train Reg Loss: 4.5114, Train MAPE: 17.3623, Train R: 0.8402, Train RRSE: 0.5512, Test Loss: 971.7848, Test Node Loss: 30.9784, Test Reg Loss: 9.4081, Test MAPE: 18.1055, Test R: 0.8454, Test RRSE: 0.7533
2025-02-10 15:31:41,283:INFO:Epoch 70: Train Loss: 466.2908, Train Node Loss: 38.5172, Train Reg Loss: 4.2777, Train MAPE: 18.0805, Train R: 0.8521, Train RRSE: 0.5367, Test Loss: 512.7119, Test Node Loss: 38.8749, Test Reg Loss: 4.7384, Test MAPE: 17.8587, Test R: 0.8508, Test RRSE: 0.5346
2025-02-10 15:32:06,751:INFO:Epoch 71: Train Loss: 416.2377, Train Node Loss: 32.4659, Train Reg Loss: 3.8377, Train MAPE: 17.8063, Train R: 0.8619, Train RRSE: 0.5084, Test Loss: 1633.8746, Test Node Loss: 18.7554, Test Reg Loss: 16.1512, Test MAPE: 19.6039, Test R: 0.8460, Test RRSE: 0.9870
2025-02-10 15:32:33,251:INFO:Epoch 72: Train Loss: 471.1968, Train Node Loss: 23.6158, Train Reg Loss: 4.4758, Train MAPE: 17.1317, Train R: 0.8560, Train RRSE: 0.5490, Test Loss: 625.4143, Test Node Loss: 27.0791, Test Reg Loss: 5.9834, Test MAPE: 17.4228, Test R: 0.8518, Test RRSE: 0.6007
2025-02-10 15:32:59,069:INFO:Epoch 73: Train Loss: 444.4866, Train Node Loss: 31.7368, Train Reg Loss: 4.1275, Train MAPE: 17.9718, Train R: 0.8592, Train RRSE: 0.5272, Test Loss: 558.4123, Test Node Loss: 33.3993, Test Reg Loss: 5.2501, Test MAPE: 17.6509, Test R: 0.8511, Test RRSE: 0.5627
2025-02-10 15:33:25,556:INFO:Epoch 74: Train Loss: 437.5216, Train Node Loss: 29.8519, Train Reg Loss: 4.0767, Train MAPE: 17.9039, Train R: 0.8527, Train RRSE: 0.5240, Test Loss: 2174.9869, Test Node Loss: 16.4631, Test Reg Loss: 21.5852, Test MAPE: 21.1472, Test R: 0.8383, Test RRSE: 1.1410
2025-02-10 15:33:52,215:INFO:Epoch 75: Train Loss: 443.3066, Train Node Loss: 23.8006, Train Reg Loss: 4.1951, Train MAPE: 17.5011, Train R: 0.8581, Train RRSE: 0.5315, Test Loss: 621.9150, Test Node Loss: 25.1453, Test Reg Loss: 5.9677, Test MAPE: 17.8527, Test R: 0.8503, Test RRSE: 0.5999
2025-02-10 15:34:18,940:INFO:Epoch 76: Train Loss: 410.5795, Train Node Loss: 26.8694, Train Reg Loss: 3.8371, Train MAPE: 17.9071, Train R: 0.8674, Train RRSE: 0.5083, Test Loss: 506.7220, Test Node Loss: 29.7601, Test Reg Loss: 4.7696, Test MAPE: 18.5587, Test R: 0.8525, Test RRSE: 0.5364
2025-02-10 15:34:44,680:INFO:Epoch 77: Train Loss: 412.5244, Train Node Loss: 24.5914, Train Reg Loss: 3.8793, Train MAPE: 17.8848, Train R: 0.8620, Train RRSE: 0.5111, Test Loss: 1674.8950, Test Node Loss: 15.0059, Test Reg Loss: 16.5989, Test MAPE: 20.0934, Test R: 0.8460, Test RRSE: 1.0006
2025-02-10 15:35:11,308:INFO:Epoch 78: Train Loss: 434.3427, Train Node Loss: 19.4712, Train Reg Loss: 4.1487, Train MAPE: 17.6640, Train R: 0.8587, Train RRSE: 0.5286, Test Loss: 786.6751, Test Node Loss: 19.0148, Test Reg Loss: 7.6766, Test MAPE: 18.0951, Test R: 0.8501, Test RRSE: 0.6804
2025-02-10 15:35:37,979:INFO:Epoch 79: Train Loss: 407.1746, Train Node Loss: 21.6403, Train Reg Loss: 3.8553, Train MAPE: 17.9020, Train R: 0.8630, Train RRSE: 0.5095, Test Loss: 496.1101, Test Node Loss: 23.1705, Test Reg Loss: 4.7294, Test MAPE: 17.8954, Test R: 0.8521, Test RRSE: 0.5341
2025-02-10 15:36:04,512:INFO:Epoch 80: Train Loss: 398.1731, Train Node Loss: 21.9213, Train Reg Loss: 3.7625, Train MAPE: 17.8592, Train R: 0.8717, Train RRSE: 0.5034, Test Loss: 1638.6930, Test Node Loss: 13.9236, Test Reg Loss: 16.2477, Test MAPE: 19.9498, Test R: 0.8475, Test RRSE: 0.9899
2025-02-10 15:36:30,571:INFO:Epoch 81: Train Loss: 416.7404, Train Node Loss: 19.2590, Train Reg Loss: 3.9748, Train MAPE: 17.7759, Train R: 0.8578, Train RRSE: 0.5174, Test Loss: 1872.8636, Test Node Loss: 12.5616, Test Reg Loss: 18.6030, Test MAPE: 20.6984, Test R: 0.8457, Test RRSE: 1.0593
2025-02-10 15:36:56,603:INFO:Epoch 82: Train Loss: 410.3014, Train Node Loss: 17.6703, Train Reg Loss: 3.9263, Train MAPE: 17.5570, Train R: 0.8634, Train RRSE: 0.5142, Test Loss: 954.0170, Test Node Loss: 16.0313, Test Reg Loss: 9.3799, Test MAPE: 18.3450, Test R: 0.8524, Test RRSE: 0.7522
2025-02-10 15:37:23,076:INFO:Epoch 83: Train Loss: 401.7709, Train Node Loss: 19.7307, Train Reg Loss: 3.8204, Train MAPE: 17.8452, Train R: 0.8637, Train RRSE: 0.5072, Test Loss: 779.7915, Test Node Loss: 17.9899, Test Reg Loss: 7.6180, Test MAPE: 18.0142, Test R: 0.8545, Test RRSE: 0.6778
2025-02-10 15:37:49,800:INFO:Epoch 84: Train Loss: 387.4551, Train Node Loss: 19.2321, Train Reg Loss: 3.6822, Train MAPE: 17.8362, Train R: 0.8684, Train RRSE: 0.4980, Test Loss: 1701.1922, Test Node Loss: 12.1037, Test Reg Loss: 16.8909, Test MAPE: 19.9967, Test R: 0.8491, Test RRSE: 1.0093
2025-02-10 15:38:16,089:INFO:Epoch 85: Train Loss: 400.9407, Train Node Loss: 16.8007, Train Reg Loss: 3.8414, Train MAPE: 17.6612, Train R: 0.8645, Train RRSE: 0.5086, Test Loss: 706.5589, Test Node Loss: 16.1117, Test Reg Loss: 6.9045, Test MAPE: 18.0668, Test R: 0.8541, Test RRSE: 0.6453
2025-02-10 15:38:42,319:INFO:Epoch 86: Train Loss: 377.4108, Train Node Loss: 17.4503, Train Reg Loss: 3.5996, Train MAPE: 18.0738, Train R: 0.8734, Train RRSE: 0.4923, Test Loss: 559.9894, Test Node Loss: 15.9460, Test Reg Loss: 5.4404, Test MAPE: 18.1268, Test R: 0.8558, Test RRSE: 0.5728
2025-02-10 15:39:07,635:INFO:Epoch 87: Train Loss: 371.0155, Train Node Loss: 15.4898, Train Reg Loss: 3.5553, Train MAPE: 17.9544, Train R: 0.8730, Train RRSE: 0.4893, Test Loss: 1577.3569, Test Node Loss: 10.0344, Test Reg Loss: 15.6732, Test MAPE: 20.0507, Test R: 0.8516, Test RRSE: 0.9723
2025-02-10 15:39:33,497:INFO:Epoch 88: Train Loss: 381.8994, Train Node Loss: 14.1548, Train Reg Loss: 3.6774, Train MAPE: 17.8774, Train R: 0.8701, Train RRSE: 0.4976, Test Loss: 846.9577, Test Node Loss: 12.9279, Test Reg Loss: 8.3403, Test MAPE: 18.4653, Test R: 0.8552, Test RRSE: 0.7093
2025-02-10 15:39:59,755:INFO:Epoch 89: Train Loss: 376.9483, Train Node Loss: 14.7728, Train Reg Loss: 3.6218, Train MAPE: 18.1085, Train R: 0.8709, Train RRSE: 0.4939, Test Loss: 628.6423, Test Node Loss: 13.2716, Test Reg Loss: 6.1537, Test MAPE: 17.8958, Test R: 0.8560, Test RRSE: 0.6092
2025-02-10 15:40:25,205:INFO:Epoch 90: Train Loss: 377.7056, Train Node Loss: 14.4815, Train Reg Loss: 3.6322, Train MAPE: 18.0217, Train R: 0.8717, Train RRSE: 0.4946, Test Loss: 1003.2354, Test Node Loss: 10.7727, Test Reg Loss: 9.9246, Test MAPE: 18.7498, Test R: 0.8511, Test RRSE: 0.7737
2025-02-10 15:40:51,076:INFO:Epoch 91: Train Loss: 404.8745, Train Node Loss: 12.1332, Train Reg Loss: 3.9274, Train MAPE: 17.7669, Train R: 0.8605, Train RRSE: 0.5143, Test Loss: 922.9139, Test Node Loss: 9.7511, Test Reg Loss: 9.1316, Test MAPE: 18.7020, Test R: 0.8523, Test RRSE: 0.7421
2025-02-10 15:41:17,236:INFO:Epoch 92: Train Loss: 372.6303, Train Node Loss: 11.5476, Train Reg Loss: 3.6108, Train MAPE: 17.7756, Train R: 0.8722, Train RRSE: 0.4931, Test Loss: 471.6427, Test Node Loss: 13.1763, Test Reg Loss: 4.5847, Test MAPE: 18.1485, Test R: 0.8570, Test RRSE: 0.5259
2025-02-10 15:41:43,329:INFO:Epoch 93: Train Loss: 378.5980, Train Node Loss: 12.5597, Train Reg Loss: 3.6604, Train MAPE: 18.0753, Train R: 0.8702, Train RRSE: 0.4965, Test Loss: 882.5064, Test Node Loss: 10.0707, Test Reg Loss: 8.7244, Test MAPE: 18.5933, Test R: 0.8577, Test RRSE: 0.7254
2025-02-10 15:42:09,436:INFO:Epoch 94: Train Loss: 352.7442, Train Node Loss: 12.4499, Train Reg Loss: 3.4029, Train MAPE: 18.1728, Train R: 0.8786, Train RRSE: 0.4787, Test Loss: 1014.3060, Test Node Loss: 9.6378, Test Reg Loss: 10.0467, Test MAPE: 18.9475, Test R: 0.8575, Test RRSE: 0.7784
2025-02-10 15:42:35,586:INFO:Epoch 95: Train Loss: 411.8255, Train Node Loss: 12.6088, Train Reg Loss: 3.9922, Train MAPE: 18.5141, Train R: 0.8567, Train RRSE: 0.5185, Test Loss: 698.6915, Test Node Loss: 9.8450, Test Reg Loss: 6.8885, Test MAPE: 17.8880, Test R: 0.8569, Test RRSE: 0.6446
2025-02-10 15:43:01,195:INFO:Epoch 96: Train Loss: 414.5742, Train Node Loss: 9.8855, Train Reg Loss: 4.0469, Train MAPE: 17.8160, Train R: 0.8558, Train RRSE: 0.5220, Test Loss: 870.2015, Test Node Loss: 7.2445, Test Reg Loss: 8.6296, Test MAPE: 18.1912, Test R: 0.8556, Test RRSE: 0.7214
2025-02-10 15:43:27,294:INFO:Epoch 97: Train Loss: 378.3639, Train Node Loss: 9.6219, Train Reg Loss: 3.6874, Train MAPE: 17.7156, Train R: 0.8693, Train RRSE: 0.4983, Test Loss: 449.4448, Test Node Loss: 11.3155, Test Reg Loss: 4.3813, Test MAPE: 18.3617, Test R: 0.8612, Test RRSE: 0.5141
2025-02-10 15:43:27,339:INFO:Checkpoint saved at best_0.001_0.001_256_SAGE_3_64_0.8612_epoch_97.pth
2025-02-10 15:43:52,661:INFO:Epoch 98: Train Loss: 377.8834, Train Node Loss: 10.8504, Train Reg Loss: 3.6703, Train MAPE: 18.1671, Train R: 0.8716, Train RRSE: 0.4972, Test Loss: 880.1433, Test Node Loss: 8.5105, Test Reg Loss: 8.7163, Test MAPE: 18.7635, Test R: 0.8588, Test RRSE: 0.7251
2025-02-10 15:44:18,878:INFO:Epoch 99: Train Loss: 370.5040, Train Node Loss: 9.1858, Train Reg Loss: 3.6132, Train MAPE: 18.0177, Train R: 0.8724, Train RRSE: 0.4933, Test Loss: 1068.0534, Test Node Loss: 6.9005, Test Reg Loss: 10.6115, Test MAPE: 19.2502, Test R: 0.8581, Test RRSE: 0.8000
2025-02-10 15:44:45,030:INFO:Epoch 100: Train Loss: 349.1732, Train Node Loss: 8.4078, Train Reg Loss: 3.4077, Train MAPE: 17.9284, Train R: 0.8805, Train RRSE: 0.4790, Test Loss: 444.5233, Test Node Loss: 9.7487, Test Reg Loss: 4.3477, Test MAPE: 18.6208, Test R: 0.8615, Test RRSE: 0.5121
2025-02-10 15:44:45,055:INFO:Checkpoint saved at best_0.001_0.001_256_SAGE_3_64_0.8615_epoch_100.pth
2025-02-10 15:45:11,177:INFO:Epoch 101: Train Loss: 385.0429, Train Node Loss: 9.9994, Train Reg Loss: 3.7504, Train MAPE: 18.3434, Train R: 0.8716, Train RRSE: 0.5026, Test Loss: 763.9432, Test Node Loss: 8.4428, Test Reg Loss: 7.5550, Test MAPE: 18.5898, Test R: 0.8605, Test RRSE: 0.6750
2025-02-10 15:45:37,057:INFO:Epoch 102: Train Loss: 378.9587, Train Node Loss: 9.0649, Train Reg Loss: 3.6989, Train MAPE: 18.0546, Train R: 0.8667, Train RRSE: 0.4991, Test Loss: 2360.8311, Test Node Loss: 4.4842, Test Reg Loss: 23.5635, Test MAPE: 22.1658, Test R: 0.8491, Test RRSE: 1.1921
2025-02-10 15:46:03,272:INFO:Epoch 103: Train Loss: 355.8669, Train Node Loss: 7.8661, Train Reg Loss: 3.4800, Train MAPE: 17.8745, Train R: 0.8790, Train RRSE: 0.4841, Test Loss: 693.2589, Test Node Loss: 7.5864, Test Reg Loss: 6.8567, Test MAPE: 18.3708, Test R: 0.8589, Test RRSE: 0.6431
2025-02-10 15:46:29,064:INFO:Epoch 104: Train Loss: 352.7227, Train Node Loss: 8.6598, Train Reg Loss: 3.4406, Train MAPE: 18.1259, Train R: 0.8774, Train RRSE: 0.4813, Test Loss: 752.3362, Test Node Loss: 7.7911, Test Reg Loss: 7.4455, Test MAPE: 18.7608, Test R: 0.8605, Test RRSE: 0.6701
2025-02-10 15:46:55,218:INFO:Epoch 105: Train Loss: 364.5402, Train Node Loss: 8.9250, Train Reg Loss: 3.5562, Train MAPE: 18.2662, Train R: 0.8732, Train RRSE: 0.4894, Test Loss: 1415.9949, Test Node Loss: 5.7899, Test Reg Loss: 14.1020, Test MAPE: 19.8656, Test R: 0.8571, Test RRSE: 0.9223
2025-02-10 15:47:20,754:INFO:Epoch 106: Train Loss: 335.7218, Train Node Loss: 8.3870, Train Reg Loss: 3.2733, Train MAPE: 18.1852, Train R: 0.8832, Train RRSE: 0.4695, Test Loss: 1259.5635, Test Node Loss: 5.9853, Test Reg Loss: 12.5358, Test MAPE: 19.6292, Test R: 0.8588, Test RRSE: 0.8695
2025-02-10 15:47:46,984:INFO:Epoch 107: Train Loss: 407.6365, Train Node Loss: 8.1487, Train Reg Loss: 3.9949, Train MAPE: 18.2264, Train R: 0.8553, Train RRSE: 0.5187, Test Loss: 1019.1800, Test Node Loss: 5.9174, Test Reg Loss: 10.1326, Test MAPE: 19.0845, Test R: 0.8619, Test RRSE: 0.7818
2025-02-10 15:47:47,004:INFO:Checkpoint saved at best_0.001_0.001_256_SAGE_3_64_0.8619_epoch_107.pth
2025-02-10 15:48:12,838:INFO:Epoch 108: Train Loss: 356.7235, Train Node Loss: 7.6737, Train Reg Loss: 3.4905, Train MAPE: 18.1294, Train R: 0.8749, Train RRSE: 0.4848, Test Loss: 596.9454, Test Node Loss: 6.8380, Test Reg Loss: 5.9011, Test MAPE: 18.4924, Test R: 0.8647, Test RRSE: 0.5966
2025-02-10 15:48:12,878:INFO:Checkpoint saved at best_0.001_0.001_256_SAGE_3_64_0.8647_epoch_108.pth
2025-02-10 15:48:38,184:INFO:Epoch 109: Train Loss: 347.1745, Train Node Loss: 7.9951, Train Reg Loss: 3.3918, Train MAPE: 18.3181, Train R: 0.8803, Train RRSE: 0.4779, Test Loss: 1944.3069, Test Node Loss: 4.6761, Test Reg Loss: 19.3963, Test MAPE: 20.7810, Test R: 0.8531, Test RRSE: 1.0816
2025-02-10 15:49:03,995:INFO:Epoch 110: Train Loss: 414.6059, Train Node Loss: 7.3719, Train Reg Loss: 4.0723, Train MAPE: 17.8557, Train R: 0.8545, Train RRSE: 0.5237, Test Loss: 2118.0822, Test Node Loss: 4.2447, Test Reg Loss: 21.1384, Test MAPE: 20.9580, Test R: 0.8497, Test RRSE: 1.1291
2025-02-10 15:49:29,282:INFO:Epoch 111: Train Loss: 370.2613, Train Node Loss: 7.8173, Train Reg Loss: 3.6244, Train MAPE: 18.1234, Train R: 0.8711, Train RRSE: 0.4940, Test Loss: 435.7948, Test Node Loss: 8.3746, Test Reg Loss: 4.2742, Test MAPE: 18.7094, Test R: 0.8643, Test RRSE: 0.5077
2025-02-10 15:49:55,171:INFO:Epoch 112: Train Loss: 343.4259, Train Node Loss: 7.2246, Train Reg Loss: 3.3620, Train MAPE: 18.2865, Train R: 0.8820, Train RRSE: 0.4758, Test Loss: 820.6729, Test Node Loss: 5.0290, Test Reg Loss: 8.1564, Test MAPE: 18.7344, Test R: 0.8627, Test RRSE: 0.7014
2025-02-10 15:50:21,195:INFO:Epoch 113: Train Loss: 343.9397, Train Node Loss: 5.9776, Train Reg Loss: 3.3796, Train MAPE: 17.9370, Train R: 0.8799, Train RRSE: 0.4771, Test Loss: 785.0482, Test Node Loss: 5.0265, Test Reg Loss: 7.8002, Test MAPE: 18.4255, Test R: 0.8624, Test RRSE: 0.6859
2025-02-10 15:50:47,564:INFO:Epoch 114: Train Loss: 350.9796, Train Node Loss: 5.8044, Train Reg Loss: 3.4518, Train MAPE: 18.0089, Train R: 0.8769, Train RRSE: 0.4821, Test Loss: 647.3291, Test Node Loss: 5.1951, Test Reg Loss: 6.4213, Test MAPE: 18.2352, Test R: 0.8629, Test RRSE: 0.6223
2025-02-10 15:51:14,296:INFO:Epoch 115: Train Loss: 335.5580, Train Node Loss: 5.8913, Train Reg Loss: 3.2967, Train MAPE: 18.0181, Train R: 0.8833, Train RRSE: 0.4712, Test Loss: 590.9028, Test Node Loss: 5.3168, Test Reg Loss: 5.8559, Test MAPE: 18.8151, Test R: 0.8661, Test RRSE: 0.5943
2025-02-10 15:51:14,330:INFO:Checkpoint saved at best_0.001_0.001_256_SAGE_3_64_0.8661_epoch_115.pth
2025-02-10 15:51:40,423:INFO:Epoch 116: Train Loss: 348.2309, Train Node Loss: 5.6796, Train Reg Loss: 3.4255, Train MAPE: 18.3356, Train R: 0.8775, Train RRSE: 0.4803, Test Loss: 738.1309, Test Node Loss: 4.4080, Test Reg Loss: 7.3372, Test MAPE: 18.9683, Test R: 0.8661, Test RRSE: 0.6652
2025-02-10 15:51:40,448:INFO:Checkpoint saved at best_0.001_0.001_256_SAGE_3_64_0.8661_epoch_116.pth
2025-02-10 15:52:06,951:INFO:Epoch 117: Train Loss: 332.8003, Train Node Loss: 5.2546, Train Reg Loss: 3.2755, Train MAPE: 18.1491, Train R: 0.8833, Train RRSE: 0.4697, Test Loss: 436.5788, Test Node Loss: 5.2943, Test Reg Loss: 4.3128, Test MAPE: 18.7003, Test R: 0.8667, Test RRSE: 0.5100
2025-02-10 15:52:06,970:INFO:Checkpoint saved at best_0.001_0.001_256_SAGE_3_64_0.8667_epoch_117.pth
2025-02-10 15:52:33,904:INFO:Epoch 118: Train Loss: 333.0614, Train Node Loss: 5.5602, Train Reg Loss: 3.2750, Train MAPE: 18.3261, Train R: 0.8845, Train RRSE: 0.4696, Test Loss: 878.0721, Test Node Loss: 4.3804, Test Reg Loss: 8.7369, Test MAPE: 18.6787, Test R: 0.8656, Test RRSE: 0.7259
2025-02-10 15:53:00,388:INFO:Epoch 119: Train Loss: 361.3601, Train Node Loss: 5.5053, Train Reg Loss: 3.5585, Train MAPE: 17.9878, Train R: 0.8728, Train RRSE: 0.4895, Test Loss: 1637.3374, Test Node Loss: 3.2972, Test Reg Loss: 16.3404, Test MAPE: 20.0874, Test R: 0.8605, Test RRSE: 0.9928
2025-02-10 15:53:27,165:INFO:Epoch 120: Train Loss: 328.8481, Train Node Loss: 5.5991, Train Reg Loss: 3.2325, Train MAPE: 18.3172, Train R: 0.8846, Train RRSE: 0.4666, Test Loss: 465.1082, Test Node Loss: 5.5604, Test Reg Loss: 4.5955, Test MAPE: 18.7694, Test R: 0.8676, Test RRSE: 0.5265
2025-02-10 15:53:27,190:INFO:Checkpoint saved at best_0.001_0.001_256_SAGE_3_64_0.8676_epoch_120.pth
2025-02-10 15:53:53,448:INFO:Epoch 121: Train Loss: 334.3280, Train Node Loss: 5.6784, Train Reg Loss: 3.2865, Train MAPE: 18.5111, Train R: 0.8840, Train RRSE: 0.4704, Test Loss: 744.9573, Test Node Loss: 4.3121, Test Reg Loss: 7.4065, Test MAPE: 18.6669, Test R: 0.8663, Test RRSE: 0.6684
2025-02-10 15:54:19,347:INFO:Epoch 122: Train Loss: 334.5376, Train Node Loss: 5.2078, Train Reg Loss: 3.2933, Train MAPE: 18.3550, Train R: 0.8824, Train RRSE: 0.4709, Test Loss: 717.5674, Test Node Loss: 3.9748, Test Reg Loss: 7.1359, Test MAPE: 18.5167, Test R: 0.8660, Test RRSE: 0.6560
2025-02-10 15:54:45,964:INFO:Epoch 123: Train Loss: 335.5200, Train Node Loss: 4.5380, Train Reg Loss: 3.3098, Train MAPE: 17.9155, Train R: 0.8840, Train RRSE: 0.4721, Test Loss: 832.8284, Test Node Loss: 3.4364, Test Reg Loss: 8.2939, Test MAPE: 18.6898, Test R: 0.8666, Test RRSE: 0.7073
2025-02-10 15:55:12,483:INFO:Epoch 124: Train Loss: 328.6989, Train Node Loss: 4.6544, Train Reg Loss: 3.2404, Train MAPE: 18.3424, Train R: 0.8849, Train RRSE: 0.4671, Test Loss: 422.8912, Test Node Loss: 4.9543, Test Reg Loss: 4.1794, Test MAPE: 18.7662, Test R: 0.8695, Test RRSE: 0.5021
2025-02-10 15:55:12,516:INFO:Checkpoint saved at best_0.001_0.001_256_SAGE_3_64_0.8695_epoch_124.pth
2025-02-10 15:55:39,348:INFO:Epoch 125: Train Loss: 331.2950, Train Node Loss: 4.3355, Train Reg Loss: 3.2696, Train MAPE: 18.4143, Train R: 0.8833, Train RRSE: 0.4692, Test Loss: 1452.7232, Test Node Loss: 2.3439, Test Reg Loss: 14.5038, Test MAPE: 20.2768, Test R: 0.8673, Test RRSE: 0.9353
2025-02-10 15:56:06,297:INFO:Epoch 126: Train Loss: 323.8488, Train Node Loss: 4.1016, Train Reg Loss: 3.1975, Train MAPE: 18.1443, Train R: 0.8869, Train RRSE: 0.4640, Test Loss: 1609.0678, Test Node Loss: 2.5848, Test Reg Loss: 16.0648, Test MAPE: 20.3584, Test R: 0.8644, Test RRSE: 0.9843
2025-02-10 15:56:33,777:INFO:Epoch 127: Train Loss: 330.0773, Train Node Loss: 4.6174, Train Reg Loss: 3.2546, Train MAPE: 18.2995, Train R: 0.8841, Train RRSE: 0.4682, Test Loss: 1383.2589, Test Node Loss: 2.9058, Test Reg Loss: 13.8035, Test MAPE: 19.9576, Test R: 0.8650, Test RRSE: 0.9124
2025-02-10 15:57:00,618:INFO:Epoch 128: Train Loss: 358.3933, Train Node Loss: 4.4861, Train Reg Loss: 3.5391, Train MAPE: 18.5338, Train R: 0.8729, Train RRSE: 0.4882, Test Loss: 1430.4894, Test Node Loss: 2.3199, Test Reg Loss: 14.2817, Test MAPE: 19.9265, Test R: 0.8651, Test RRSE: 0.9281
2025-02-10 15:57:27,031:INFO:Epoch 129: Train Loss: 309.5227, Train Node Loss: 3.8541, Train Reg Loss: 3.0567, Train MAPE: 18.1295, Train R: 0.8925, Train RRSE: 0.4537, Test Loss: 1010.5221, Test Node Loss: 2.8867, Test Reg Loss: 10.0764, Test MAPE: 19.0570, Test R: 0.8667, Test RRSE: 0.7796
2025-02-10 15:57:54,029:INFO:Epoch 130: Train Loss: 359.7304, Train Node Loss: 4.1418, Train Reg Loss: 3.5559, Train MAPE: 17.9987, Train R: 0.8730, Train RRSE: 0.4893, Test Loss: 842.6257, Test Node Loss: 3.5157, Test Reg Loss: 8.3911, Test MAPE: 18.6552, Test R: 0.8673, Test RRSE: 0.7114
2025-02-10 15:58:21,117:INFO:Epoch 131: Train Loss: 321.5068, Train Node Loss: 4.6790, Train Reg Loss: 3.1683, Train MAPE: 18.3853, Train R: 0.8889, Train RRSE: 0.4619, Test Loss: 1422.0192, Test Node Loss: 2.7961, Test Reg Loss: 14.1922, Test MAPE: 19.8447, Test R: 0.8647, Test RRSE: 0.9252
2025-02-10 15:58:47,894:INFO:Epoch 132: Train Loss: 334.8050, Train Node Loss: 4.1591, Train Reg Loss: 3.3065, Train MAPE: 18.3797, Train R: 0.8831, Train RRSE: 0.4719, Test Loss: 1619.1766, Test Node Loss: 2.2862, Test Reg Loss: 16.1689, Test MAPE: 20.6000, Test R: 0.8651, Test RRSE: 0.9875
2025-02-10 15:59:15,025:INFO:Epoch 133: Train Loss: 330.2407, Train Node Loss: 4.0827, Train Reg Loss: 3.2616, Train MAPE: 18.3718, Train R: 0.8835, Train RRSE: 0.4687, Test Loss: 566.3458, Test Node Loss: 3.6823, Test Reg Loss: 5.6266, Test MAPE: 18.9733, Test R: 0.8703, Test RRSE: 0.5826
2025-02-10 15:59:15,067:INFO:Checkpoint saved at best_0.001_0.001_256_SAGE_3_64_0.8703_epoch_133.pth
2025-02-10 15:59:42,693:INFO:Epoch 134: Train Loss: 339.6030, Train Node Loss: 3.8155, Train Reg Loss: 3.3579, Train MAPE: 18.2948, Train R: 0.8803, Train RRSE: 0.4755, Test Loss: 887.3469, Test Node Loss: 2.7220, Test Reg Loss: 8.8462, Test MAPE: 19.1964, Test R: 0.8693, Test RRSE: 0.7304
2025-02-10 16:00:09,555:INFO:Epoch 135: Train Loss: 315.3240, Train Node Loss: 3.7824, Train Reg Loss: 3.1154, Train MAPE: 18.4546, Train R: 0.8890, Train RRSE: 0.4580, Test Loss: 1374.7901, Test Node Loss: 2.4114, Test Reg Loss: 13.7238, Test MAPE: 20.3481, Test R: 0.8665, Test RRSE: 0.9098
2025-02-10 16:00:36,248:INFO:Epoch 136: Train Loss: 338.6745, Train Node Loss: 3.9443, Train Reg Loss: 3.3473, Train MAPE: 18.6340, Train R: 0.8803, Train RRSE: 0.4748, Test Loss: 1570.4581, Test Node Loss: 2.1737, Test Reg Loss: 15.6828, Test MAPE: 20.0889, Test R: 0.8640, Test RRSE: 0.9726
2025-02-10 16:01:02,818:INFO:Epoch 137: Train Loss: 306.1233, Train Node Loss: 3.5250, Train Reg Loss: 3.0260, Train MAPE: 18.0916, Train R: 0.8939, Train RRSE: 0.4514, Test Loss: 1075.2412, Test Node Loss: 2.2880, Test Reg Loss: 10.7295, Test MAPE: 19.0886, Test R: 0.8690, Test RRSE: 0.8045
2025-02-10 16:01:29,830:INFO:Epoch 138: Train Loss: 308.9486, Train Node Loss: 3.6653, Train Reg Loss: 3.0528, Train MAPE: 18.2497, Train R: 0.8919, Train RRSE: 0.4534, Test Loss: 1002.5555, Test Node Loss: 2.4467, Test Reg Loss: 10.0011, Test MAPE: 18.9421, Test R: 0.8674, Test RRSE: 0.7767
2025-02-10 16:01:58,062:INFO:Epoch 139: Train Loss: 329.6441, Train Node Loss: 3.8596, Train Reg Loss: 3.2578, Train MAPE: 18.3874, Train R: 0.8843, Train RRSE: 0.4684, Test Loss: 1203.8585, Test Node Loss: 2.3590, Test Reg Loss: 12.0150, Test MAPE: 19.4791, Test R: 0.8644, Test RRSE: 0.8513
2025-02-10 16:02:26,192:INFO:Epoch 140: Train Loss: 310.5755, Train Node Loss: 3.6441, Train Reg Loss: 3.0693, Train MAPE: 18.2912, Train R: 0.8911, Train RRSE: 0.4546, Test Loss: 1207.7918, Test Node Loss: 2.4555, Test Reg Loss: 12.0534, Test MAPE: 19.4098, Test R: 0.8606, Test RRSE: 0.8526
2025-02-10 16:02:54,340:INFO:Epoch 141: Train Loss: 328.3298, Train Node Loss: 3.5095, Train Reg Loss: 3.2482, Train MAPE: 18.1639, Train R: 0.8848, Train RRSE: 0.4677, Test Loss: 997.4041, Test Node Loss: 2.6162, Test Reg Loss: 9.9479, Test MAPE: 18.6997, Test R: 0.8611, Test RRSE: 0.7746
2025-02-10 16:03:22,212:INFO:Epoch 142: Train Loss: 295.2268, Train Node Loss: 3.7783, Train Reg Loss: 2.9145, Train MAPE: 18.3675, Train R: 0.8971, Train RRSE: 0.4430, Test Loss: 431.3017, Test Node Loss: 3.7945, Test Reg Loss: 4.2751, Test MAPE: 19.1238, Test R: 0.8687, Test RRSE: 0.5078
2025-02-10 16:03:49,273:INFO:Epoch 143: Train Loss: 323.7077, Train Node Loss: 3.7027, Train Reg Loss: 3.2000, Train MAPE: 18.9106, Train R: 0.8884, Train RRSE: 0.4642, Test Loss: 864.8945, Test Node Loss: 2.4037, Test Reg Loss: 8.6249, Test MAPE: 19.0744, Test R: 0.8669, Test RRSE: 0.7213
2025-02-10 16:04:17,049:INFO:Epoch 144: Train Loss: 334.4908, Train Node Loss: 2.8604, Train Reg Loss: 3.3163, Train MAPE: 18.0306, Train R: 0.8856, Train RRSE: 0.4726, Test Loss: 1487.0364, Test Node Loss: 1.6241, Test Reg Loss: 14.8541, Test MAPE: 20.0315, Test R: 0.8640, Test RRSE: 0.9465
2025-02-10 16:04:44,912:INFO:Epoch 145: Train Loss: 342.8573, Train Node Loss: 2.7722, Train Reg Loss: 3.4009, Train MAPE: 17.8906, Train R: 0.8816, Train RRSE: 0.4786, Test Loss: 724.2459, Test Node Loss: 2.5239, Test Reg Loss: 7.2172, Test MAPE: 18.8761, Test R: 0.8676, Test RRSE: 0.6598
2025-02-10 16:05:12,548:INFO:Epoch 146: Train Loss: 324.5860, Train Node Loss: 3.4669, Train Reg Loss: 3.2112, Train MAPE: 18.8528, Train R: 0.8903, Train RRSE: 0.4650, Test Loss: 651.2899, Test Node Loss: 2.8640, Test Reg Loss: 6.4843, Test MAPE: 19.0999, Test R: 0.8709, Test RRSE: 0.6254
2025-02-10 16:05:12,585:INFO:Checkpoint saved at best_0.001_0.001_256_SAGE_3_64_0.8709_epoch_146.pth
2025-02-10 16:05:39,541:INFO:Epoch 147: Train Loss: 329.4142, Train Node Loss: 3.4603, Train Reg Loss: 3.2595, Train MAPE: 18.7442, Train R: 0.8873, Train RRSE: 0.4685, Test Loss: 2112.5630, Test Node Loss: 1.3054, Test Reg Loss: 21.1126, Test MAPE: 21.4919, Test R: 0.8617, Test RRSE: 1.1284
2025-02-10 16:06:07,611:INFO:Epoch 148: Train Loss: 354.9901, Train Node Loss: 2.4565, Train Reg Loss: 3.5253, Train MAPE: 18.0360, Train R: 0.8793, Train RRSE: 0.4872, Test Loss: 1912.0841, Test Node Loss: 1.0588, Test Reg Loss: 19.1103, Test MAPE: 21.1961, Test R: 0.8657, Test RRSE: 1.0736
2025-02-10 16:06:34,601:INFO:Epoch 149: Train Loss: 334.5920, Train Node Loss: 2.3638, Train Reg Loss: 3.3223, Train MAPE: 17.9826, Train R: 0.8836, Train RRSE: 0.4730, Test Loss: 719.7089, Test Node Loss: 1.9453, Test Reg Loss: 7.1776, Test MAPE: 18.7141, Test R: 0.8712, Test RRSE: 0.6580
2025-02-10 16:06:34,653:INFO:Checkpoint saved at best_0.001_0.001_256_SAGE_3_64_0.8712_epoch_149.pth
2025-02-10 16:07:02,065:INFO:Epoch 150: Train Loss: 316.0254, Train Node Loss: 2.9061, Train Reg Loss: 3.1312, Train MAPE: 18.7595, Train R: 0.8935, Train RRSE: 0.4592, Test Loss: 1130.6694, Test Node Loss: 1.6716, Test Reg Loss: 11.2900, Test MAPE: 19.4665, Test R: 0.8713, Test RRSE: 0.8252
2025-02-10 16:07:02,093:INFO:Checkpoint saved at best_0.001_0.001_256_SAGE_3_64_0.8713_epoch_150.pth
2025-02-10 16:07:29,540:INFO:Epoch 151: Train Loss: 303.7522, Train Node Loss: 2.6773, Train Reg Loss: 3.0107, Train MAPE: 18.5249, Train R: 0.8932, Train RRSE: 0.4503, Test Loss: 2175.2773, Test Node Loss: 1.0393, Test Reg Loss: 21.7424, Test MAPE: 22.0648, Test R: 0.8656, Test RRSE: 1.1452
2025-02-10 16:07:56,796:INFO:Epoch 152: Train Loss: 295.2872, Train Node Loss: 2.3666, Train Reg Loss: 2.9292, Train MAPE: 18.6217, Train R: 0.8980, Train RRSE: 0.4441, Test Loss: 1522.5952, Test Node Loss: 1.3725, Test Reg Loss: 15.2122, Test MAPE: 20.3127, Test R: 0.8658, Test RRSE: 0.9579
2025-02-10 16:08:22,851:INFO:Epoch 153: Train Loss: 315.8552, Train Node Loss: 2.4881, Train Reg Loss: 3.1337, Train MAPE: 18.2407, Train R: 0.8887, Train RRSE: 0.4594, Test Loss: 667.4043, Test Node Loss: 2.2159, Test Reg Loss: 6.6519, Test MAPE: 18.7898, Test R: 0.8721, Test RRSE: 0.6334
2025-02-10 16:08:22,879:INFO:Checkpoint saved at best_0.001_0.001_256_SAGE_3_64_0.8721_epoch_153.pth
2025-02-10 16:08:48,830:INFO:Epoch 154: Train Loss: 304.1442, Train Node Loss: 2.5514, Train Reg Loss: 3.0159, Train MAPE: 18.3182, Train R: 0.8932, Train RRSE: 0.4507, Test Loss: 1262.1329, Test Node Loss: 1.5372, Test Reg Loss: 12.6060, Test MAPE: 19.6505, Test R: 0.8673, Test RRSE: 0.8720
2025-02-10 16:09:15,718:INFO:Epoch 155: Train Loss: 296.8719, Train Node Loss: 2.5016, Train Reg Loss: 2.9437, Train MAPE: 18.2814, Train R: 0.8960, Train RRSE: 0.4452, Test Loss: 1694.2072, Test Node Loss: 1.2965, Test Reg Loss: 16.9291, Test MAPE: 20.5718, Test R: 0.8655, Test RRSE: 1.0105
2025-02-10 16:09:42,816:INFO:Epoch 156: Train Loss: 281.6526, Train Node Loss: 2.7442, Train Reg Loss: 2.7891, Train MAPE: 18.5260, Train R: 0.9015, Train RRSE: 0.4334, Test Loss: 1027.8156, Test Node Loss: 1.8175, Test Reg Loss: 10.2600, Test MAPE: 19.4257, Test R: 0.8707, Test RRSE: 0.7867
2025-02-10 16:10:09,892:INFO:Epoch 157: Train Loss: 297.0569, Train Node Loss: 2.6108, Train Reg Loss: 2.9445, Train MAPE: 18.6030, Train R: 0.8955, Train RRSE: 0.4453, Test Loss: 1218.6951, Test Node Loss: 1.4026, Test Reg Loss: 12.1729, Test MAPE: 19.5687, Test R: 0.8691, Test RRSE: 0.8569
2025-02-10 16:10:36,361:INFO:Epoch 158: Train Loss: 281.7378, Train Node Loss: 2.3400, Train Reg Loss: 2.7940, Train MAPE: 18.3690, Train R: 0.9012, Train RRSE: 0.4338, Test Loss: 860.2232, Test Node Loss: 1.5235, Test Reg Loss: 8.5870, Test MAPE: 18.9265, Test R: 0.8696, Test RRSE: 0.7197
2025-02-10 16:11:03,420:INFO:Epoch 159: Train Loss: 308.6713, Train Node Loss: 2.2170, Train Reg Loss: 3.0645, Train MAPE: 18.2919, Train R: 0.8910, Train RRSE: 0.4543, Test Loss: 1241.2264, Test Node Loss: 1.2233, Test Reg Loss: 12.4000, Test MAPE: 19.6256, Test R: 0.8701, Test RRSE: 0.8648
2025-02-10 16:11:30,823:INFO:Epoch 160: Train Loss: 303.8874, Train Node Loss: 2.1631, Train Reg Loss: 3.0172, Train MAPE: 18.2438, Train R: 0.8934, Train RRSE: 0.4508, Test Loss: 1722.9535, Test Node Loss: 1.1001, Test Reg Loss: 17.2185, Test MAPE: 21.0674, Test R: 0.8668, Test RRSE: 1.0191
2025-02-10 16:11:57,419:INFO:Epoch 161: Train Loss: 307.2688, Train Node Loss: 2.2051, Train Reg Loss: 3.0506, Train MAPE: 18.8030, Train R: 0.8920, Train RRSE: 0.4532, Test Loss: 1093.2181, Test Node Loss: 1.4006, Test Reg Loss: 10.9182, Test MAPE: 19.5685, Test R: 0.8699, Test RRSE: 0.8115
2025-02-10 16:12:24,728:INFO:Epoch 162: Train Loss: 284.8985, Train Node Loss: 2.0198, Train Reg Loss: 2.8288, Train MAPE: 18.1182, Train R: 0.9011, Train RRSE: 0.4365, Test Loss: 1048.2469, Test Node Loss: 1.3091, Test Reg Loss: 10.4694, Test MAPE: 18.6966, Test R: 0.8629, Test RRSE: 0.7946
2025-02-10 16:12:52,161:INFO:Epoch 163: Train Loss: 332.5028, Train Node Loss: 1.9508, Train Reg Loss: 3.3055, Train MAPE: 18.0735, Train R: 0.8829, Train RRSE: 0.4718, Test Loss: 960.4605, Test Node Loss: 1.3652, Test Reg Loss: 9.5910, Test MAPE: 19.3557, Test R: 0.8666, Test RRSE: 0.7606
2025-02-10 16:13:19,573:INFO:Epoch 164: Train Loss: 274.3291, Train Node Loss: 2.1561, Train Reg Loss: 2.7217, Train MAPE: 18.8394, Train R: 0.9042, Train RRSE: 0.4281, Test Loss: 1018.5071, Test Node Loss: 1.4981, Test Reg Loss: 10.1701, Test MAPE: 19.9380, Test R: 0.8712, Test RRSE: 0.7832
2025-02-10 16:13:46,336:INFO:Epoch 165: Train Loss: 304.1750, Train Node Loss: 2.3136, Train Reg Loss: 3.0186, Train MAPE: 18.6243, Train R: 0.8931, Train RRSE: 0.4509, Test Loss: 2157.2603, Test Node Loss: 0.9860, Test Reg Loss: 21.5627, Test MAPE: 21.5101, Test R: 0.8625, Test RRSE: 1.1404
2025-02-10 16:14:12,893:INFO:Epoch 166: Train Loss: 321.1446, Train Node Loss: 2.3579, Train Reg Loss: 3.1879, Train MAPE: 18.1897, Train R: 0.8867, Train RRSE: 0.4633, Test Loss: 1814.6469, Test Node Loss: 1.0885, Test Reg Loss: 18.1356, Test MAPE: 20.4772, Test R: 0.8613, Test RRSE: 1.0459
2025-02-10 16:14:40,023:INFO:Epoch 167: Train Loss: 296.3175, Train Node Loss: 2.3164, Train Reg Loss: 2.9400, Train MAPE: 18.0856, Train R: 0.8970, Train RRSE: 0.4450, Test Loss: 1550.2238, Test Node Loss: 1.1657, Test Reg Loss: 15.4906, Test MAPE: 20.1668, Test R: 0.8652, Test RRSE: 0.9666
2025-02-10 16:15:07,405:INFO:Epoch 168: Train Loss: 276.0774, Train Node Loss: 2.3877, Train Reg Loss: 2.7369, Train MAPE: 18.4254, Train R: 0.9035, Train RRSE: 0.4293, Test Loss: 1012.3463, Test Node Loss: 1.4457, Test Reg Loss: 10.1090, Test MAPE: 19.5919, Test R: 0.8710, Test RRSE: 0.7808
2025-02-10 16:15:34,641:INFO:Epoch 169: Train Loss: 312.1161, Train Node Loss: 2.4771, Train Reg Loss: 3.0964, Train MAPE: 18.5046, Train R: 0.8898, Train RRSE: 0.4566, Test Loss: 874.4438, Test Node Loss: 1.4729, Test Reg Loss: 8.7297, Test MAPE: 19.1669, Test R: 0.8716, Test RRSE: 0.7256
2025-02-10 16:16:00,999:INFO:Epoch 170: Train Loss: 267.9298, Train Node Loss: 2.3238, Train Reg Loss: 2.6561, Train MAPE: 18.4804, Train R: 0.9067, Train RRSE: 0.4229, Test Loss: 1002.9145, Test Node Loss: 1.3742, Test Reg Loss: 10.0154, Test MAPE: 19.1519, Test R: 0.8697, Test RRSE: 0.7772
2025-02-10 16:16:28,582:INFO:Epoch 171: Train Loss: 299.1115, Train Node Loss: 2.4314, Train Reg Loss: 2.9668, Train MAPE: 18.2792, Train R: 0.8949, Train RRSE: 0.4470, Test Loss: 705.3039, Test Node Loss: 1.8274, Test Reg Loss: 7.0348, Test MAPE: 18.8464, Test R: 0.8720, Test RRSE: 0.6514
2025-02-10 16:16:56,175:INFO:Epoch 172: Train Loss: 275.6418, Train Node Loss: 2.6313, Train Reg Loss: 2.7301, Train MAPE: 18.8689, Train R: 0.9041, Train RRSE: 0.4288, Test Loss: 1808.7642, Test Node Loss: 1.0563, Test Reg Loss: 18.0771, Test MAPE: 20.6483, Test R: 0.8658, Test RRSE: 1.0442
2025-02-10 16:17:23,208:INFO:Epoch 173: Train Loss: 310.1221, Train Node Loss: 2.6000, Train Reg Loss: 3.0752, Train MAPE: 18.5216, Train R: 0.8906, Train RRSE: 0.4551, Test Loss: 2065.0693, Test Node Loss: 0.9835, Test Reg Loss: 20.6409, Test MAPE: 21.2945, Test R: 0.8596, Test RRSE: 1.1158
2025-02-10 16:17:51,515:INFO:Epoch 174: Train Loss: 279.5393, Train Node Loss: 2.2819, Train Reg Loss: 2.7726, Train MAPE: 18.0950, Train R: 0.9040, Train RRSE: 0.4321, Test Loss: 1544.1940, Test Node Loss: 1.0960, Test Reg Loss: 15.4310, Test MAPE: 20.0538, Test R: 0.8645, Test RRSE: 0.9647
2025-02-10 16:18:20,086:INFO:Epoch 175: Train Loss: 311.9041, Train Node Loss: 2.2872, Train Reg Loss: 3.0962, Train MAPE: 18.2761, Train R: 0.8905, Train RRSE: 0.4566, Test Loss: 656.8350, Test Node Loss: 2.0914, Test Reg Loss: 6.5474, Test MAPE: 19.0527, Test R: 0.8683, Test RRSE: 0.6284
2025-02-10 16:18:48,638:INFO:Epoch 176: Train Loss: 337.0065, Train Node Loss: 2.5708, Train Reg Loss: 3.3444, Train MAPE: 18.7221, Train R: 0.8818, Train RRSE: 0.4746, Test Loss: 1253.0225, Test Node Loss: 1.2795, Test Reg Loss: 12.5174, Test MAPE: 19.5983, Test R: 0.8614, Test RRSE: 0.8689
2025-02-10 16:19:16,660:INFO:Epoch 177: Train Loss: 286.7040, Train Node Loss: 2.2493, Train Reg Loss: 2.8445, Train MAPE: 18.1706, Train R: 0.8996, Train RRSE: 0.4377, Test Loss: 1392.1017, Test Node Loss: 1.1353, Test Reg Loss: 13.9097, Test MAPE: 19.7610, Test R: 0.8562, Test RRSE: 0.9159
2025-02-10 16:19:44,858:INFO:Epoch 178: Train Loss: 269.6467, Train Node Loss: 2.2252, Train Reg Loss: 2.6742, Train MAPE: 18.5910, Train R: 0.9056, Train RRSE: 0.4244, Test Loss: 1242.5591, Test Node Loss: 1.1174, Test Reg Loss: 12.4144, Test MAPE: 19.7399, Test R: 0.8586, Test RRSE: 0.8653
2025-02-10 16:20:13,048:INFO:Epoch 179: Train Loss: 293.7350, Train Node Loss: 2.0651, Train Reg Loss: 2.9167, Train MAPE: 18.4922, Train R: 0.8967, Train RRSE: 0.4432, Test Loss: 1450.0456, Test Node Loss: 0.9931, Test Reg Loss: 14.4905, Test MAPE: 20.0634, Test R: 0.8652, Test RRSE: 0.9349
2025-02-10 16:20:40,953:INFO:Epoch 180: Train Loss: 325.1499, Train Node Loss: 2.0104, Train Reg Loss: 3.2314, Train MAPE: 18.2053, Train R: 0.8855, Train RRSE: 0.4665, Test Loss: 2359.2001, Test Node Loss: 0.7307, Test Reg Loss: 23.5847, Test MAPE: 21.9210, Test R: 0.8645, Test RRSE: 1.1927
2025-02-10 16:21:08,959:INFO:Epoch 181: Train Loss: 335.6004, Train Node Loss: 2.4796, Train Reg Loss: 3.3312, Train MAPE: 18.3880, Train R: 0.8830, Train RRSE: 0.4736, Test Loss: 1434.4985, Test Node Loss: 1.4451, Test Reg Loss: 14.3305, Test MAPE: 20.0643, Test R: 0.8646, Test RRSE: 0.9297
2025-02-10 16:21:36,092:INFO:Epoch 182: Train Loss: 316.7546, Train Node Loss: 2.4448, Train Reg Loss: 3.1431, Train MAPE: 18.6368, Train R: 0.8888, Train RRSE: 0.4601, Test Loss: 981.3505, Test Node Loss: 1.3102, Test Reg Loss: 9.8004, Test MAPE: 19.6434, Test R: 0.8714, Test RRSE: 0.7688
2025-02-10 16:22:03,681:INFO:Epoch 183: Train Loss: 271.7114, Train Node Loss: 1.8457, Train Reg Loss: 2.6987, Train MAPE: 18.5531, Train R: 0.9061, Train RRSE: 0.4263, Test Loss: 490.2937, Test Node Loss: 1.8916, Test Reg Loss: 4.8840, Test MAPE: 19.0614, Test R: 0.8713, Test RRSE: 0.5427
2025-02-10 16:22:31,931:INFO:Epoch 184: Train Loss: 323.8985, Train Node Loss: 1.8725, Train Reg Loss: 3.2203, Train MAPE: 18.2942, Train R: 0.8854, Train RRSE: 0.4657, Test Loss: 1321.4048, Test Node Loss: 1.1297, Test Reg Loss: 13.2028, Test MAPE: 20.1781, Test R: 0.8659, Test RRSE: 0.8924
2025-02-10 16:23:00,643:INFO:Epoch 185: Train Loss: 252.2239, Train Node Loss: 2.0573, Train Reg Loss: 2.5017, Train MAPE: 18.7164, Train R: 0.9119, Train RRSE: 0.4104, Test Loss: 2219.7215, Test Node Loss: 0.8819, Test Reg Loss: 22.1884, Test MAPE: 22.4043, Test R: 0.8626, Test RRSE: 1.1568
2025-02-10 16:23:28,007:INFO:Epoch 186: Train Loss: 290.9177, Train Node Loss: 2.2140, Train Reg Loss: 2.8870, Train MAPE: 18.6549, Train R: 0.8997, Train RRSE: 0.4409, Test Loss: 2454.0677, Test Node Loss: 0.7530, Test Reg Loss: 24.5331, Test MAPE: 22.3343, Test R: 0.8610, Test RRSE: 1.2164
2025-02-10 16:23:56,594:INFO:Epoch 187: Train Loss: 302.3128, Train Node Loss: 2.0498, Train Reg Loss: 3.0026, Train MAPE: 18.4269, Train R: 0.8932, Train RRSE: 0.4497, Test Loss: 1979.1854, Test Node Loss: 0.8082, Test Reg Loss: 19.7838, Test MAPE: 21.5449, Test R: 0.8653, Test RRSE: 1.0924
2025-02-10 16:24:25,245:INFO:Epoch 188: Train Loss: 280.8635, Train Node Loss: 1.6830, Train Reg Loss: 2.7918, Train MAPE: 18.0978, Train R: 0.9063, Train RRSE: 0.4336, Test Loss: 1694.3437, Test Node Loss: 0.8154, Test Reg Loss: 16.9353, Test MAPE: 20.4525, Test R: 0.8678, Test RRSE: 1.0107
2025-02-10 16:24:53,693:INFO:Epoch 189: Train Loss: 259.8518, Train Node Loss: 1.9973, Train Reg Loss: 2.5785, Train MAPE: 18.4432, Train R: 0.9093, Train RRSE: 0.4167, Test Loss: 1625.6431, Test Node Loss: 1.0447, Test Reg Loss: 16.2460, Test MAPE: 20.8109, Test R: 0.8653, Test RRSE: 0.9899
2025-02-10 16:25:21,406:INFO:Epoch 190: Train Loss: 293.2325, Train Node Loss: 2.5457, Train Reg Loss: 2.9069, Train MAPE: 19.0634, Train R: 0.9028, Train RRSE: 0.4424, Test Loss: 2437.7407, Test Node Loss: 0.7367, Test Reg Loss: 24.3700, Test MAPE: 22.7000, Test R: 0.8613, Test RRSE: 1.2124
2025-02-10 16:25:49,123:INFO:Epoch 191: Train Loss: 287.4065, Train Node Loss: 2.0646, Train Reg Loss: 2.8534, Train MAPE: 18.4617, Train R: 0.8990, Train RRSE: 0.4384, Test Loss: 2681.9624, Test Node Loss: 0.4337, Test Reg Loss: 26.8153, Test MAPE: 22.6972, Test R: 0.8614, Test RRSE: 1.2717
2025-02-10 16:26:17,818:INFO:Epoch 192: Train Loss: 298.1713, Train Node Loss: 1.6277, Train Reg Loss: 2.9654, Train MAPE: 18.2286, Train R: 0.8972, Train RRSE: 0.4469, Test Loss: 910.0691, Test Node Loss: 0.9708, Test Reg Loss: 9.0910, Test MAPE: 19.1280, Test R: 0.8674, Test RRSE: 0.7405
2025-02-10 16:26:45,274:INFO:Epoch 193: Train Loss: 270.8656, Train Node Loss: 1.7200, Train Reg Loss: 2.6915, Train MAPE: 18.4819, Train R: 0.9050, Train RRSE: 0.4257, Test Loss: 1723.3162, Test Node Loss: 0.6872, Test Reg Loss: 17.2263, Test MAPE: 20.7506, Test R: 0.8670, Test RRSE: 1.0193
2025-02-10 16:27:13,070:INFO:Epoch 194: Train Loss: 271.5451, Train Node Loss: 1.8697, Train Reg Loss: 2.6968, Train MAPE: 18.4501, Train R: 0.9050, Train RRSE: 0.4261, Test Loss: 1791.6527, Test Node Loss: 0.8196, Test Reg Loss: 17.9083, Test MAPE: 21.0101, Test R: 0.8663, Test RRSE: 1.0393
2025-02-10 16:27:41,718:INFO:Epoch 195: Train Loss: 290.6631, Train Node Loss: 1.8658, Train Reg Loss: 2.8880, Train MAPE: 18.1883, Train R: 0.8982, Train RRSE: 0.4410, Test Loss: 1241.1777, Test Node Loss: 1.0306, Test Reg Loss: 12.4015, Test MAPE: 20.0128, Test R: 0.8700, Test RRSE: 0.8649
2025-02-10 16:28:10,551:INFO:Epoch 196: Train Loss: 271.1592, Train Node Loss: 1.8863, Train Reg Loss: 2.6927, Train MAPE: 18.7409, Train R: 0.9049, Train RRSE: 0.4258, Test Loss: 627.6233, Test Node Loss: 1.5567, Test Reg Loss: 6.2607, Test MAPE: 19.4758, Test R: 0.8740, Test RRSE: 0.6145
2025-02-10 16:28:10,582:INFO:Checkpoint saved at best_0.001_0.001_256_SAGE_3_64_0.8740_epoch_196.pth
2025-02-10 16:28:38,955:INFO:Epoch 197: Train Loss: 248.1264, Train Node Loss: 1.9959, Train Reg Loss: 2.4613, Train MAPE: 18.9419, Train R: 0.9141, Train RRSE: 0.4071, Test Loss: 1543.0131, Test Node Loss: 0.9681, Test Reg Loss: 15.4205, Test MAPE: 20.7398, Test R: 0.8690, Test RRSE: 0.9644
2025-02-10 16:29:06,964:INFO:Epoch 198: Train Loss: 281.8306, Train Node Loss: 1.8850, Train Reg Loss: 2.7995, Train MAPE: 18.3045, Train R: 0.9010, Train RRSE: 0.4342, Test Loss: 1958.0197, Test Node Loss: 0.7796, Test Reg Loss: 19.5724, Test MAPE: 21.1409, Test R: 0.8629, Test RRSE: 1.0865
2025-02-10 16:29:34,434:INFO:Epoch 199: Train Loss: 254.0223, Train Node Loss: 1.8319, Train Reg Loss: 2.5219, Train MAPE: 18.3287, Train R: 0.9120, Train RRSE: 0.4121, Test Loss: 1389.1560, Test Node Loss: 0.9254, Test Reg Loss: 13.8823, Test MAPE: 20.3583, Test R: 0.8694, Test RRSE: 0.9150
2025-02-10 16:30:02,582:INFO:Epoch 200: Train Loss: 255.4092, Train Node Loss: 1.7357, Train Reg Loss: 2.5367, Train MAPE: 18.5513, Train R: 0.9108, Train RRSE: 0.4133, Test Loss: 1292.4994, Test Node Loss: 0.9308, Test Reg Loss: 12.9157, Test MAPE: 19.8613, Test R: 0.8668, Test RRSE: 0.8826
2025-02-10 16:30:30,417:INFO:Epoch 201: Train Loss: 281.3603, Train Node Loss: 1.9084, Train Reg Loss: 2.7945, Train MAPE: 18.6004, Train R: 0.9010, Train RRSE: 0.4338, Test Loss: 1658.7283, Test Node Loss: 0.8534, Test Reg Loss: 16.5787, Test MAPE: 20.2757, Test R: 0.8586, Test RRSE: 1.0000
2025-02-10 16:30:59,229:INFO:Epoch 202: Train Loss: 257.9850, Train Node Loss: 2.0086, Train Reg Loss: 2.5598, Train MAPE: 18.4560, Train R: 0.9103, Train RRSE: 0.4152, Test Loss: 986.3218, Test Node Loss: 1.1632, Test Reg Loss: 9.8516, Test MAPE: 19.3663, Test R: 0.8648, Test RRSE: 0.7708
2025-02-10 16:31:27,481:INFO:Epoch 203: Train Loss: 245.4748, Train Node Loss: 1.8670, Train Reg Loss: 2.4361, Train MAPE: 18.4845, Train R: 0.9149, Train RRSE: 0.4050, Test Loss: 1252.2213, Test Node Loss: 0.9309, Test Reg Loss: 12.5129, Test MAPE: 19.8766, Test R: 0.8667, Test RRSE: 0.8687
2025-02-10 16:31:56,294:INFO:Epoch 204: Train Loss: 266.0112, Train Node Loss: 1.9171, Train Reg Loss: 2.6409, Train MAPE: 18.4671, Train R: 0.9072, Train RRSE: 0.4217, Test Loss: 1246.3442, Test Node Loss: 1.0281, Test Reg Loss: 12.4532, Test MAPE: 19.6172, Test R: 0.8681, Test RRSE: 0.8667
2025-02-10 16:32:25,041:INFO:Epoch 205: Train Loss: 266.1956, Train Node Loss: 2.0607, Train Reg Loss: 2.6413, Train MAPE: 18.6060, Train R: 0.9069, Train RRSE: 0.4217, Test Loss: 1090.8793, Test Node Loss: 1.0581, Test Reg Loss: 10.8982, Test MAPE: 19.4570, Test R: 0.8671, Test RRSE: 0.8108
2025-02-10 16:32:53,574:INFO:Epoch 206: Train Loss: 268.1267, Train Node Loss: 2.0192, Train Reg Loss: 2.6611, Train MAPE: 18.6361, Train R: 0.9064, Train RRSE: 0.4233, Test Loss: 1584.2109, Test Node Loss: 0.8533, Test Reg Loss: 15.8336, Test MAPE: 20.5453, Test R: 0.8605, Test RRSE: 0.9772
2025-02-10 16:33:21,340:INFO:Epoch 207: Train Loss: 297.1874, Train Node Loss: 1.8811, Train Reg Loss: 2.9531, Train MAPE: 18.4021, Train R: 0.8953, Train RRSE: 0.4459, Test Loss: 1707.8823, Test Node Loss: 0.7685, Test Reg Loss: 17.0711, Test MAPE: 20.8695, Test R: 0.8608, Test RRSE: 1.0147
2025-02-10 16:33:49,526:INFO:Epoch 208: Train Loss: 237.7856, Train Node Loss: 1.9072, Train Reg Loss: 2.3588, Train MAPE: 18.2143, Train R: 0.9181, Train RRSE: 0.3985, Test Loss: 1324.6486, Test Node Loss: 1.0153, Test Reg Loss: 13.2363, Test MAPE: 20.2070, Test R: 0.8638, Test RRSE: 0.8935
2025-02-10 16:34:17,203:INFO:Epoch 209: Train Loss: 276.8681, Train Node Loss: 2.0747, Train Reg Loss: 2.7479, Train MAPE: 18.9207, Train R: 0.9044, Train RRSE: 0.4302, Test Loss: 1432.4485, Test Node Loss: 0.8059, Test Reg Loss: 14.3164, Test MAPE: 20.3213, Test R: 0.8658, Test RRSE: 0.9292
2025-02-10 16:34:45,821:INFO:Epoch 210: Train Loss: 261.9957, Train Node Loss: 1.8342, Train Reg Loss: 2.6016, Train MAPE: 18.6258, Train R: 0.9083, Train RRSE: 0.4186, Test Loss: 2157.3044, Test Node Loss: 0.4707, Test Reg Loss: 21.5683, Test MAPE: 21.4292, Test R: 0.8613, Test RRSE: 1.1406
2025-02-10 16:35:14,407:INFO:Epoch 211: Train Loss: 286.9257, Train Node Loss: 1.5646, Train Reg Loss: 2.8536, Train MAPE: 18.2325, Train R: 0.9013, Train RRSE: 0.4384, Test Loss: 2401.6427, Test Node Loss: 0.4453, Test Reg Loss: 24.0120, Test MAPE: 22.2293, Test R: 0.8606, Test RRSE: 1.2034
2025-02-10 16:35:42,910:INFO:Epoch 212: Train Loss: 302.9542, Train Node Loss: 1.9498, Train Reg Loss: 3.0100, Train MAPE: 18.7045, Train R: 0.8940, Train RRSE: 0.4502, Test Loss: 1685.2893, Test Node Loss: 0.9087, Test Reg Loss: 16.8438, Test MAPE: 21.2110, Test R: 0.8603, Test RRSE: 1.0079
2025-02-10 16:36:11,321:INFO:Epoch 213: Train Loss: 284.7643, Train Node Loss: 1.9172, Train Reg Loss: 2.8285, Train MAPE: 19.0140, Train R: 0.9011, Train RRSE: 0.4364, Test Loss: 2020.7893, Test Node Loss: 0.5311, Test Reg Loss: 20.2026, Test MAPE: 21.7230, Test R: 0.8599, Test RRSE: 1.1039
2025-02-10 16:36:39,104:INFO:Epoch 214: Train Loss: 271.8743, Train Node Loss: 1.4009, Train Reg Loss: 2.7047, Train MAPE: 18.1548, Train R: 0.9075, Train RRSE: 0.4268, Test Loss: 2351.1951, Test Node Loss: 0.3798, Test Reg Loss: 23.5082, Test MAPE: 21.9132, Test R: 0.8578, Test RRSE: 1.1907
2025-02-10 16:37:05,246:INFO:Epoch 215: Train Loss: 266.7563, Train Node Loss: 1.4761, Train Reg Loss: 2.6528, Train MAPE: 18.0698, Train R: 0.9081, Train RRSE: 0.4227, Test Loss: 1352.4912, Test Node Loss: 0.6669, Test Reg Loss: 13.5182, Test MAPE: 20.0210, Test R: 0.8589, Test RRSE: 0.9030
2025-02-10 16:37:30,969:INFO:Epoch 216: Train Loss: 250.9391, Train Node Loss: 1.6448, Train Reg Loss: 2.4929, Train MAPE: 18.8805, Train R: 0.9143, Train RRSE: 0.4097, Test Loss: 710.5062, Test Node Loss: 0.9684, Test Reg Loss: 7.0954, Test MAPE: 19.4826, Test R: 0.8635, Test RRSE: 0.6542
2025-02-10 16:37:57,898:INFO:Epoch 217: Train Loss: 308.7580, Train Node Loss: 1.3259, Train Reg Loss: 3.0743, Train MAPE: 18.5719, Train R: 0.8914, Train RRSE: 0.4550, Test Loss: 1434.1325, Test Node Loss: 0.5840, Test Reg Loss: 14.3355, Test MAPE: 20.4808, Test R: 0.8648, Test RRSE: 0.9299
2025-02-10 16:38:24,718:INFO:Epoch 218: Train Loss: 249.8716, Train Node Loss: 1.3295, Train Reg Loss: 2.4854, Train MAPE: 18.2107, Train R: 0.9130, Train RRSE: 0.4091, Test Loss: 2110.1713, Test Node Loss: 0.4545, Test Reg Loss: 21.0972, Test MAPE: 21.7137, Test R: 0.8604, Test RRSE: 1.1280
2025-02-10 16:38:50,331:INFO:Epoch 219: Train Loss: 277.7116, Train Node Loss: 1.5814, Train Reg Loss: 2.7613, Train MAPE: 18.4499, Train R: 0.9049, Train RRSE: 0.4312, Test Loss: 1296.2898, Test Node Loss: 0.7056, Test Reg Loss: 12.9558, Test MAPE: 20.1018, Test R: 0.8648, Test RRSE: 0.8840
2025-02-10 16:39:16,875:INFO:Epoch 220: Train Loss: 262.5605, Train Node Loss: 1.5423, Train Reg Loss: 2.6102, Train MAPE: 18.6711, Train R: 0.9079, Train RRSE: 0.4193, Test Loss: 1659.6844, Test Node Loss: 0.5312, Test Reg Loss: 16.5915, Test MAPE: 20.8043, Test R: 0.8657, Test RRSE: 1.0004
2025-02-10 16:39:43,323:INFO:Epoch 221: Train Loss: 238.8479, Train Node Loss: 1.4709, Train Reg Loss: 2.3738, Train MAPE: 18.4719, Train R: 0.9172, Train RRSE: 0.3998, Test Loss: 1906.4799, Test Node Loss: 0.5145, Test Reg Loss: 19.0597, Test MAPE: 21.3298, Test R: 0.8617, Test RRSE: 1.0722
2025-02-10 16:40:08,739:INFO:Epoch 222: Train Loss: 248.7954, Train Node Loss: 1.7577, Train Reg Loss: 2.4704, Train MAPE: 19.0390, Train R: 0.9156, Train RRSE: 0.4079, Test Loss: 2794.8575, Test Node Loss: 0.3293, Test Reg Loss: 27.9453, Test MAPE: 23.3838, Test R: 0.8581, Test RRSE: 1.2983
2025-02-10 16:40:35,108:INFO:Epoch 223: Train Loss: 284.1999, Train Node Loss: 1.5760, Train Reg Loss: 2.8262, Train MAPE: 18.4712, Train R: 0.8998, Train RRSE: 0.4363, Test Loss: 2537.5212, Test Node Loss: 0.3461, Test Reg Loss: 25.3718, Test MAPE: 22.9730, Test R: 0.8612, Test RRSE: 1.2370
2025-02-10 16:41:01,284:INFO:Epoch 224: Train Loss: 234.0956, Train Node Loss: 1.4796, Train Reg Loss: 2.3262, Train MAPE: 18.7494, Train R: 0.9197, Train RRSE: 0.3958, Test Loss: 1407.3472, Test Node Loss: 0.5918, Test Reg Loss: 14.0676, Test MAPE: 19.8741, Test R: 0.8614, Test RRSE: 0.9211
2025-02-10 16:41:27,601:INFO:Epoch 225: Train Loss: 247.8125, Train Node Loss: 1.4956, Train Reg Loss: 2.4632, Train MAPE: 18.1798, Train R: 0.9151, Train RRSE: 0.4073, Test Loss: 850.6537, Test Node Loss: 0.9254, Test Reg Loss: 8.4973, Test MAPE: 19.5397, Test R: 0.8679, Test RRSE: 0.7159
2025-02-10 16:41:53,154:INFO:Epoch 226: Train Loss: 260.9431, Train Node Loss: 1.6532, Train Reg Loss: 2.5929, Train MAPE: 19.1477, Train R: 0.9097, Train RRSE: 0.4179, Test Loss: 1127.1967, Test Node Loss: 0.8895, Test Reg Loss: 11.2631, Test MAPE: 20.2311, Test R: 0.8659, Test RRSE: 0.8242
2025-02-10 16:42:19,353:INFO:Epoch 227: Train Loss: 250.1380, Train Node Loss: 1.5250, Train Reg Loss: 2.4861, Train MAPE: 18.6061, Train R: 0.9125, Train RRSE: 0.4092, Test Loss: 1516.9644, Test Node Loss: 0.6674, Test Reg Loss: 15.1630, Test MAPE: 20.5107, Test R: 0.8633, Test RRSE: 0.9563
2025-02-10 16:42:45,348:INFO:Epoch 228: Train Loss: 239.8600, Train Node Loss: 1.3716, Train Reg Loss: 2.3849, Train MAPE: 18.2857, Train R: 0.9179, Train RRSE: 0.4007, Test Loss: 2633.3787, Test Node Loss: 0.3493, Test Reg Loss: 26.3303, Test MAPE: 22.9159, Test R: 0.8583, Test RRSE: 1.2602
2025-02-10 16:43:11,140:INFO:Epoch 229: Train Loss: 242.8654, Train Node Loss: 1.4915, Train Reg Loss: 2.4137, Train MAPE: 18.3527, Train R: 0.9158, Train RRSE: 0.4032, Test Loss: 2115.2612, Test Node Loss: 0.4862, Test Reg Loss: 21.1478, Test MAPE: 21.7280, Test R: 0.8615, Test RRSE: 1.1294
2025-02-10 16:43:37,117:INFO:Epoch 230: Train Loss: 259.5478, Train Node Loss: 1.7321, Train Reg Loss: 2.5782, Train MAPE: 18.9538, Train R: 0.9119, Train RRSE: 0.4167, Test Loss: 1522.9597, Test Node Loss: 0.6887, Test Reg Loss: 15.2227, Test MAPE: 20.7087, Test R: 0.8647, Test RRSE: 0.9582
2025-02-10 16:44:02,622:INFO:Epoch 231: Train Loss: 247.2137, Train Node Loss: 1.5951, Train Reg Loss: 2.4562, Train MAPE: 18.7049, Train R: 0.9139, Train RRSE: 0.4067, Test Loss: 1396.3614, Test Node Loss: 0.6113, Test Reg Loss: 13.9575, Test MAPE: 20.1205, Test R: 0.8600, Test RRSE: 0.9175
2025-02-10 16:44:27,544:INFO:Epoch 232: Train Loss: 240.8498, Train Node Loss: 1.3192, Train Reg Loss: 2.3953, Train MAPE: 18.4248, Train R: 0.9180, Train RRSE: 0.4016, Test Loss: 1128.2121, Test Node Loss: 0.6632, Test Reg Loss: 11.2755, Test MAPE: 19.9052, Test R: 0.8676, Test RRSE: 0.8247
2025-02-10 16:44:52,413:INFO:Epoch 233: Train Loss: 243.1908, Train Node Loss: 1.4955, Train Reg Loss: 2.4170, Train MAPE: 18.7709, Train R: 0.9153, Train RRSE: 0.4034, Test Loss: 2193.2377, Test Node Loss: 0.4025, Test Reg Loss: 21.9284, Test MAPE: 21.8498, Test R: 0.8617, Test RRSE: 1.1500
2025-02-10 16:45:18,054:INFO:Epoch 234: Train Loss: 230.0273, Train Node Loss: 1.6066, Train Reg Loss: 2.2842, Train MAPE: 18.3709, Train R: 0.9205, Train RRSE: 0.3922, Test Loss: 3004.1028, Test Node Loss: 0.3214, Test Reg Loss: 30.0378, Test MAPE: 23.7443, Test R: 0.8522, Test RRSE: 1.3460
2025-02-10 16:45:42,779:INFO:Epoch 235: Train Loss: 278.8475, Train Node Loss: 1.8499, Train Reg Loss: 2.7700, Train MAPE: 18.4190, Train R: 0.9042, Train RRSE: 0.4319, Test Loss: 2526.5591, Test Node Loss: 0.4415, Test Reg Loss: 25.2612, Test MAPE: 22.9308, Test R: 0.8579, Test RRSE: 1.2343
2025-02-10 16:46:08,417:INFO:Epoch 236: Train Loss: 254.8036, Train Node Loss: 1.5208, Train Reg Loss: 2.5328, Train MAPE: 18.4304, Train R: 0.9112, Train RRSE: 0.4130, Test Loss: 1958.6471, Test Node Loss: 0.3950, Test Reg Loss: 19.5825, Test MAPE: 21.6615, Test R: 0.8624, Test RRSE: 1.0868
2025-02-10 16:46:34,258:INFO:Epoch 237: Train Loss: 231.8767, Train Node Loss: 1.2469, Train Reg Loss: 2.3063, Train MAPE: 18.3900, Train R: 0.9212, Train RRSE: 0.3941, Test Loss: 896.3370, Test Node Loss: 0.7350, Test Reg Loss: 8.9560, Test MAPE: 19.3397, Test R: 0.8585, Test RRSE: 0.7350
2025-02-10 16:47:00,336:INFO:Epoch 238: Train Loss: 254.7461, Train Node Loss: 1.4577, Train Reg Loss: 2.5329, Train MAPE: 18.7612, Train R: 0.9116, Train RRSE: 0.4130, Test Loss: 736.1611, Test Node Loss: 1.0047, Test Reg Loss: 7.3516, Test MAPE: 19.5085, Test R: 0.8626, Test RRSE: 0.6659
2025-02-10 16:47:26,333:INFO:Epoch 239: Train Loss: 281.7284, Train Node Loss: 1.4747, Train Reg Loss: 2.8025, Train MAPE: 18.9143, Train R: 0.9012, Train RRSE: 0.4344, Test Loss: 1506.2950, Test Node Loss: 0.6175, Test Reg Loss: 15.0568, Test MAPE: 20.6912, Test R: 0.8628, Test RRSE: 0.9530
2025-02-10 16:47:51,794:INFO:Epoch 240: Train Loss: 220.8628, Train Node Loss: 1.4327, Train Reg Loss: 2.1943, Train MAPE: 18.3471, Train R: 0.9239, Train RRSE: 0.3844, Test Loss: 1536.7678, Test Node Loss: 0.6123, Test Reg Loss: 15.3616, Test MAPE: 20.7387, Test R: 0.8633, Test RRSE: 0.9626
2025-02-10 16:48:17,283:INFO:Epoch 241: Train Loss: 241.5138, Train Node Loss: 1.5097, Train Reg Loss: 2.4000, Train MAPE: 18.4847, Train R: 0.9157, Train RRSE: 0.4020, Test Loss: 1503.0266, Test Node Loss: 0.6384, Test Reg Loss: 15.0239, Test MAPE: 20.4940, Test R: 0.8653, Test RRSE: 0.9519
2025-02-10 16:48:42,627:INFO:Epoch 242: Train Loss: 233.7238, Train Node Loss: 1.5197, Train Reg Loss: 2.3220, Train MAPE: 18.5163, Train R: 0.9186, Train RRSE: 0.3954, Test Loss: 1418.8621, Test Node Loss: 0.5932, Test Reg Loss: 14.1827, Test MAPE: 19.7012, Test R: 0.8575, Test RRSE: 0.9249
2025-02-10 16:49:07,188:INFO:Epoch 243: Train Loss: 231.4024, Train Node Loss: 1.5347, Train Reg Loss: 2.2987, Train MAPE: 18.2339, Train R: 0.9210, Train RRSE: 0.3934, Test Loss: 2264.0318, Test Node Loss: 0.4259, Test Reg Loss: 22.6361, Test MAPE: 22.2181, Test R: 0.8525, Test RRSE: 1.1684
2025-02-10 16:49:31,842:INFO:Epoch 244: Train Loss: 230.2957, Train Node Loss: 1.6224, Train Reg Loss: 2.2867, Train MAPE: 18.9930, Train R: 0.9206, Train RRSE: 0.3924, Test Loss: 1636.1587, Test Node Loss: 0.5645, Test Reg Loss: 16.3559, Test MAPE: 21.0368, Test R: 0.8579, Test RRSE: 0.9932
2025-02-10 16:49:56,524:INFO:Epoch 245: Train Loss: 325.9739, Train Node Loss: 1.3448, Train Reg Loss: 3.2463, Train MAPE: 18.4546, Train R: 0.8854, Train RRSE: 0.4676, Test Loss: 1786.2353, Test Node Loss: 0.4573, Test Reg Loss: 17.8578, Test MAPE: 20.7453, Test R: 0.8517, Test RRSE: 1.0378
2025-02-10 16:50:21,287:INFO:Epoch 246: Train Loss: 218.7450, Train Node Loss: 1.4715, Train Reg Loss: 2.1727, Train MAPE: 18.4849, Train R: 0.9242, Train RRSE: 0.3825, Test Loss: 2665.1531, Test Node Loss: 0.3764, Test Reg Loss: 26.6478, Test MAPE: 23.0154, Test R: 0.8527, Test RRSE: 1.2678
2025-02-10 16:50:46,637:INFO:Epoch 247: Train Loss: 229.7347, Train Node Loss: 1.7045, Train Reg Loss: 2.2803, Train MAPE: 18.7948, Train R: 0.9237, Train RRSE: 0.3919, Test Loss: 3227.1022, Test Node Loss: 0.2696, Test Reg Loss: 32.2683, Test MAPE: 24.4897, Test R: 0.8520, Test RRSE: 1.3951
2025-02-10 16:51:12,016:INFO:Epoch 248: Train Loss: 221.5679, Train Node Loss: 1.4989, Train Reg Loss: 2.2007, Train MAPE: 18.6069, Train R: 0.9229, Train RRSE: 0.3850, Test Loss: 2169.6364, Test Node Loss: 0.3931, Test Reg Loss: 21.6924, Test MAPE: 21.9705, Test R: 0.8590, Test RRSE: 1.1438
2025-02-10 16:51:37,712:INFO:Epoch 249: Train Loss: 259.3285, Train Node Loss: 1.2414, Train Reg Loss: 2.5809, Train MAPE: 18.0626, Train R: 0.9128, Train RRSE: 0.4169, Test Loss: 2482.2579, Test Node Loss: 0.3210, Test Reg Loss: 24.8194, Test MAPE: 22.7467, Test R: 0.8554, Test RRSE: 1.2235
2025-02-10 16:52:03,756:INFO:Epoch 250: Train Loss: 233.0399, Train Node Loss: 1.4042, Train Reg Loss: 2.3164, Train MAPE: 18.5122, Train R: 0.9188, Train RRSE: 0.3949, Test Loss: 2602.5474, Test Node Loss: 0.2903, Test Reg Loss: 26.0226, Test MAPE: 23.1028, Test R: 0.8539, Test RRSE: 1.2528
2025-02-10 16:52:30,301:INFO:Epoch 251: Train Loss: 238.2382, Train Node Loss: 1.5320, Train Reg Loss: 2.3671, Train MAPE: 18.9824, Train R: 0.9192, Train RRSE: 0.3992, Test Loss: 2883.8550, Test Node Loss: 0.2386, Test Reg Loss: 28.8362, Test MAPE: 23.9255, Test R: 0.8570, Test RRSE: 1.3188
2025-02-10 16:52:56,676:INFO:Epoch 252: Train Loss: 228.3937, Train Node Loss: 1.3835, Train Reg Loss: 2.2701, Train MAPE: 18.6815, Train R: 0.9206, Train RRSE: 0.3910, Test Loss: 3299.1384, Test Node Loss: 0.1501, Test Reg Loss: 32.9899, Test MAPE: 24.5503, Test R: 0.8543, Test RRSE: 1.4106
2025-02-10 16:53:22,365:INFO:Epoch 253: Train Loss: 269.5263, Train Node Loss: 1.1327, Train Reg Loss: 2.6839, Train MAPE: 17.9244, Train R: 0.9102, Train RRSE: 0.4251, Test Loss: 1856.0241, Test Node Loss: 0.4189, Test Reg Loss: 18.5561, Test MAPE: 21.0404, Test R: 0.8510, Test RRSE: 1.0579
2025-02-10 16:53:48,666:INFO:Epoch 254: Train Loss: 261.8633, Train Node Loss: 1.4891, Train Reg Loss: 2.6037, Train MAPE: 18.8332, Train R: 0.9090, Train RRSE: 0.4187, Test Loss: 1021.0574, Test Node Loss: 1.0046, Test Reg Loss: 10.2005, Test MAPE: 20.0241, Test R: 0.8579, Test RRSE: 0.7844
2025-02-10 16:54:15,071:INFO:Epoch 255: Train Loss: 236.9609, Train Node Loss: 1.6334, Train Reg Loss: 2.3533, Train MAPE: 18.8706, Train R: 0.9184, Train RRSE: 0.3981, Test Loss: 1470.6745, Test Node Loss: 0.6658, Test Reg Loss: 14.7001, Test MAPE: 20.6077, Test R: 0.8570, Test RRSE: 0.9416
2025-02-10 16:54:40,578:INFO:Epoch 256: Train Loss: 249.3118, Train Node Loss: 1.3594, Train Reg Loss: 2.4795, Train MAPE: 18.1405, Train R: 0.9150, Train RRSE: 0.4086, Test Loss: 1447.9410, Test Node Loss: 0.6549, Test Reg Loss: 14.4729, Test MAPE: 20.2944, Test R: 0.8494, Test RRSE: 0.9343
2025-02-10 16:55:06,793:INFO:Epoch 257: Train Loss: 241.2434, Train Node Loss: 1.5163, Train Reg Loss: 2.3973, Train MAPE: 18.7314, Train R: 0.9162, Train RRSE: 0.4018, Test Loss: 1493.2982, Test Node Loss: 0.5993, Test Reg Loss: 14.9270, Test MAPE: 20.4797, Test R: 0.8513, Test RRSE: 0.9488
2025-02-10 16:55:33,001:INFO:Epoch 258: Train Loss: 259.7130, Train Node Loss: 1.4301, Train Reg Loss: 2.5828, Train MAPE: 18.6150, Train R: 0.9093, Train RRSE: 0.4170, Test Loss: 2810.3580, Test Node Loss: 0.2150, Test Reg Loss: 28.1014, Test MAPE: 23.0273, Test R: 0.8466, Test RRSE: 1.3019
2025-02-10 16:55:59,445:INFO:Epoch 259: Train Loss: 222.7144, Train Node Loss: 1.1873, Train Reg Loss: 2.2153, Train MAPE: 18.2300, Train R: 0.9239, Train RRSE: 0.3862, Test Loss: 2857.3451, Test Node Loss: 0.2114, Test Reg Loss: 28.5713, Test MAPE: 23.4842, Test R: 0.8534, Test RRSE: 1.3127
2025-02-10 16:56:24,825:INFO:Epoch 260: Train Loss: 206.9987, Train Node Loss: 1.2853, Train Reg Loss: 2.0571, Train MAPE: 18.7103, Train R: 0.9282, Train RRSE: 0.3722, Test Loss: 2089.5951, Test Node Loss: 0.3597, Test Reg Loss: 20.8924, Test MAPE: 21.6610, Test R: 0.8565, Test RRSE: 1.1225
2025-02-10 16:56:50,669:INFO:Epoch 261: Train Loss: 230.3191, Train Node Loss: 1.3852, Train Reg Loss: 2.2893, Train MAPE: 18.6398, Train R: 0.9205, Train RRSE: 0.3926, Test Loss: 2116.2905, Test Node Loss: 0.4576, Test Reg Loss: 21.1583, Test MAPE: 22.0721, Test R: 0.8498, Test RRSE: 1.1297
2025-02-10 16:57:17,509:INFO:Epoch 262: Train Loss: 216.7779, Train Node Loss: 1.4200, Train Reg Loss: 2.1536, Train MAPE: 18.8639, Train R: 0.9249, Train RRSE: 0.3808, Test Loss: 2379.6611, Test Node Loss: 0.4373, Test Reg Loss: 23.7922, Test MAPE: 22.6736, Test R: 0.8526, Test RRSE: 1.1979
2025-02-10 16:57:43,730:INFO:Epoch 263: Train Loss: 224.8151, Train Node Loss: 1.3284, Train Reg Loss: 2.2349, Train MAPE: 18.5023, Train R: 0.9224, Train RRSE: 0.3879, Test Loss: 2123.4626, Test Node Loss: 0.4522, Test Reg Loss: 21.2301, Test MAPE: 21.7457, Test R: 0.8460, Test RRSE: 1.1316
2025-02-10 16:58:10,338:INFO:Epoch 264: Train Loss: 206.7118, Train Node Loss: 1.3720, Train Reg Loss: 2.0534, Train MAPE: 18.5896, Train R: 0.9283, Train RRSE: 0.3719, Test Loss: 2456.1382, Test Node Loss: 0.3592, Test Reg Loss: 24.5578, Test MAPE: 22.4103, Test R: 0.8451, Test RRSE: 1.2170
2025-02-10 16:58:36,612:INFO:Epoch 265: Train Loss: 234.2819, Train Node Loss: 1.3703, Train Reg Loss: 2.3291, Train MAPE: 18.4374, Train R: 0.9186, Train RRSE: 0.3960, Test Loss: 2310.7692, Test Node Loss: 0.3800, Test Reg Loss: 23.1039, Test MAPE: 22.0327, Test R: 0.8489, Test RRSE: 1.1805
2025-02-10 16:59:03,350:INFO:Epoch 266: Train Loss: 225.4716, Train Node Loss: 1.3904, Train Reg Loss: 2.2408, Train MAPE: 18.6762, Train R: 0.9216, Train RRSE: 0.3885, Test Loss: 2328.2052, Test Node Loss: 0.4276, Test Reg Loss: 23.2778, Test MAPE: 22.5182, Test R: 0.8500, Test RRSE: 1.1849
2025-02-10 16:59:30,011:INFO:Epoch 267: Train Loss: 212.3725, Train Node Loss: 1.4757, Train Reg Loss: 2.1090, Train MAPE: 18.7681, Train R: 0.9266, Train RRSE: 0.3769, Test Loss: 2530.7895, Test Node Loss: 0.3837, Test Reg Loss: 25.3041, Test MAPE: 22.9563, Test R: 0.8492, Test RRSE: 1.2354
2025-02-10 16:59:56,589:INFO:Epoch 268: Train Loss: 232.6231, Train Node Loss: 1.3858, Train Reg Loss: 2.3124, Train MAPE: 18.4970, Train R: 0.9191, Train RRSE: 0.3946, Test Loss: 2155.5191, Test Node Loss: 0.4931, Test Reg Loss: 21.5503, Test MAPE: 22.0556, Test R: 0.8460, Test RRSE: 1.1401
2025-02-10 17:00:22,928:INFO:Epoch 269: Train Loss: 219.5869, Train Node Loss: 1.4887, Train Reg Loss: 2.1810, Train MAPE: 18.8253, Train R: 0.9238, Train RRSE: 0.3832, Test Loss: 2066.3766, Test Node Loss: 0.5408, Test Reg Loss: 20.6584, Test MAPE: 21.8695, Test R: 0.8474, Test RRSE: 1.1162
2025-02-10 17:00:49,035:INFO:Epoch 270: Train Loss: 269.9712, Train Node Loss: 1.6149, Train Reg Loss: 2.6836, Train MAPE: 18.8687, Train R: 0.9070, Train RRSE: 0.4251, Test Loss: 1303.5043, Test Node Loss: 0.7377, Test Reg Loss: 13.0277, Test MAPE: 20.0150, Test R: 0.8505, Test RRSE: 0.8864
2025-02-10 17:01:15,497:INFO:Epoch 271: Train Loss: 227.9681, Train Node Loss: 1.3156, Train Reg Loss: 2.2665, Train MAPE: 18.0932, Train R: 0.9233, Train RRSE: 0.3907, Test Loss: 1120.6309, Test Node Loss: 0.7334, Test Reg Loss: 11.1990, Test MAPE: 19.8040, Test R: 0.8620, Test RRSE: 0.8219
2025-02-10 17:01:42,167:INFO:Epoch 272: Train Loss: 237.8103, Train Node Loss: 1.2879, Train Reg Loss: 2.3652, Train MAPE: 18.3638, Train R: 0.9184, Train RRSE: 0.3991, Test Loss: 1359.3302, Test Node Loss: 0.6862, Test Reg Loss: 13.5864, Test MAPE: 20.4840, Test R: 0.8604, Test RRSE: 0.9052
2025-02-10 17:02:08,154:INFO:Epoch 273: Train Loss: 254.3838, Train Node Loss: 1.5627, Train Reg Loss: 2.5282, Train MAPE: 19.1268, Train R: 0.9131, Train RRSE: 0.4126, Test Loss: 1738.4075, Test Node Loss: 0.5441, Test Reg Loss: 17.3786, Test MAPE: 21.0132, Test R: 0.8555, Test RRSE: 1.0238
2025-02-10 17:02:34,353:INFO:Epoch 274: Train Loss: 217.2966, Train Node Loss: 1.4875, Train Reg Loss: 2.1581, Train MAPE: 18.4608, Train R: 0.9258, Train RRSE: 0.3812, Test Loss: 1784.6849, Test Node Loss: 0.3841, Test Reg Loss: 17.8430, Test MAPE: 20.6810, Test R: 0.8568, Test RRSE: 1.0374
2025-02-10 17:03:01,392:INFO:Epoch 275: Train Loss: 232.7879, Train Node Loss: 1.2823, Train Reg Loss: 2.3151, Train MAPE: 18.1934, Train R: 0.9201, Train RRSE: 0.3948, Test Loss: 1708.1861, Test Node Loss: 0.4078, Test Reg Loss: 17.0778, Test MAPE: 21.0584, Test R: 0.8609, Test RRSE: 1.0149
2025-02-10 17:03:28,673:INFO:Epoch 276: Train Loss: 205.0580, Train Node Loss: 1.3385, Train Reg Loss: 2.0372, Train MAPE: 18.8441, Train R: 0.9293, Train RRSE: 0.3704, Test Loss: 1883.7914, Test Node Loss: 0.3663, Test Reg Loss: 18.8343, Test MAPE: 21.1979, Test R: 0.8526, Test RRSE: 1.0658
2025-02-10 17:03:55,914:INFO:Epoch 277: Train Loss: 262.1380, Train Node Loss: 1.4139, Train Reg Loss: 2.6072, Train MAPE: 18.5894, Train R: 0.9083, Train RRSE: 0.4190, Test Loss: 1948.5456, Test Node Loss: 0.3594, Test Reg Loss: 19.4819, Test MAPE: 21.0058, Test R: 0.8419, Test RRSE: 1.0840
2025-02-10 17:04:23,001:INFO:Epoch 278: Train Loss: 231.0938, Train Node Loss: 1.4498, Train Reg Loss: 2.2964, Train MAPE: 18.5530, Train R: 0.9196, Train RRSE: 0.3932, Test Loss: 2166.1308, Test Node Loss: 0.3156, Test Reg Loss: 21.6582, Test MAPE: 21.7688, Test R: 0.8437, Test RRSE: 1.1429
2025-02-10 17:04:50,114:INFO:Epoch 279: Train Loss: 246.4869, Train Node Loss: 1.3400, Train Reg Loss: 2.4515, Train MAPE: 18.3824, Train R: 0.9159, Train RRSE: 0.4063, Test Loss: 2147.0509, Test Node Loss: 0.3687, Test Reg Loss: 21.4668, Test MAPE: 21.9098, Test R: 0.8476, Test RRSE: 1.1379
2025-02-10 17:05:16,798:INFO:Epoch 280: Train Loss: 207.1398, Train Node Loss: 1.3668, Train Reg Loss: 2.0577, Train MAPE: 18.5206, Train R: 0.9298, Train RRSE: 0.3722, Test Loss: 1589.8708, Test Node Loss: 0.5410, Test Reg Loss: 15.8933, Test MAPE: 20.2923, Test R: 0.8430, Test RRSE: 0.9791
2025-02-10 17:05:43,858:INFO:Epoch 281: Train Loss: 234.4361, Train Node Loss: 1.7355, Train Reg Loss: 2.3270, Train MAPE: 18.6599, Train R: 0.9206, Train RRSE: 0.3959, Test Loss: 1824.7645, Test Node Loss: 0.5041, Test Reg Loss: 18.2426, Test MAPE: 20.8985, Test R: 0.8497, Test RRSE: 1.0489
2025-02-10 17:06:10,876:INFO:Epoch 282: Train Loss: 188.7231, Train Node Loss: 1.7229, Train Reg Loss: 1.8700, Train MAPE: 18.8665, Train R: 0.9364, Train RRSE: 0.3549, Test Loss: 2548.7320, Test Node Loss: 0.2919, Test Reg Loss: 25.4844, Test MAPE: 22.7376, Test R: 0.8529, Test RRSE: 1.2398
2025-02-10 17:06:37,972:INFO:Epoch 283: Train Loss: 230.3572, Train Node Loss: 1.4098, Train Reg Loss: 2.2895, Train MAPE: 18.6541, Train R: 0.9210, Train RRSE: 0.3927, Test Loss: 2137.9734, Test Node Loss: 0.3598, Test Reg Loss: 21.3761, Test MAPE: 21.9698, Test R: 0.8505, Test RRSE: 1.1355
2025-02-10 17:07:04,343:INFO:Epoch 284: Train Loss: 258.1979, Train Node Loss: 1.3347, Train Reg Loss: 2.5686, Train MAPE: 18.6262, Train R: 0.9103, Train RRSE: 0.4159, Test Loss: 1827.4315, Test Node Loss: 0.4568, Test Reg Loss: 18.2697, Test MAPE: 20.9164, Test R: 0.8451, Test RRSE: 1.0497
2025-02-10 17:07:31,499:INFO:Epoch 285: Train Loss: 205.9761, Train Node Loss: 1.5904, Train Reg Loss: 2.0439, Train MAPE: 18.8317, Train R: 0.9301, Train RRSE: 0.3710, Test Loss: 2073.9146, Test Node Loss: 0.4181, Test Reg Loss: 20.7350, Test MAPE: 21.7391, Test R: 0.8491, Test RRSE: 1.1183
2025-02-10 17:07:57,690:INFO:Epoch 286: Train Loss: 207.1751, Train Node Loss: 1.4876, Train Reg Loss: 2.0569, Train MAPE: 18.4369, Train R: 0.9286, Train RRSE: 0.3722, Test Loss: 3081.6772, Test Node Loss: 0.2149, Test Reg Loss: 30.8146, Test MAPE: 24.0818, Test R: 0.8421, Test RRSE: 1.3633
2025-02-10 17:08:24,159:INFO:Epoch 287: Train Loss: 240.2123, Train Node Loss: 1.2263, Train Reg Loss: 2.3899, Train MAPE: 18.3899, Train R: 0.9188, Train RRSE: 0.4012, Test Loss: 2055.7449, Test Node Loss: 0.3846, Test Reg Loss: 20.5536, Test MAPE: 22.0664, Test R: 0.8489, Test RRSE: 1.1134
2025-02-10 17:08:51,403:INFO:Epoch 288: Train Loss: 193.5125, Train Node Loss: 1.3732, Train Reg Loss: 1.9214, Train MAPE: 19.0045, Train R: 0.9338, Train RRSE: 0.3597, Test Loss: 967.8946, Test Node Loss: 0.7518, Test Reg Loss: 9.6714, Test MAPE: 19.5325, Test R: 0.8486, Test RRSE: 0.7638
2025-02-10 17:09:17,900:INFO:Epoch 289: Train Loss: 218.7364, Train Node Loss: 1.4739, Train Reg Loss: 2.1726, Train MAPE: 18.6310, Train R: 0.9262, Train RRSE: 0.3825, Test Loss: 1506.9828, Test Node Loss: 0.4665, Test Reg Loss: 15.0652, Test MAPE: 20.3233, Test R: 0.8491, Test RRSE: 0.9532
2025-02-10 17:09:44,966:INFO:Epoch 290: Train Loss: 216.6747, Train Node Loss: 1.2403, Train Reg Loss: 2.1543, Train MAPE: 18.4039, Train R: 0.9252, Train RRSE: 0.3809, Test Loss: 1876.3770, Test Node Loss: 0.3717, Test Reg Loss: 18.7601, Test MAPE: 21.2869, Test R: 0.8482, Test RRSE: 1.0637
2025-02-10 17:10:12,327:INFO:Epoch 291: Train Loss: 212.9009, Train Node Loss: 1.0766, Train Reg Loss: 2.1182, Train MAPE: 18.3690, Train R: 0.9291, Train RRSE: 0.3777, Test Loss: 2081.8130, Test Node Loss: 0.3111, Test Reg Loss: 20.8150, Test MAPE: 21.9882, Test R: 0.8469, Test RRSE: 1.1205
2025-02-10 17:10:38,974:INFO:Epoch 292: Train Loss: 225.8783, Train Node Loss: 1.1671, Train Reg Loss: 2.2471, Train MAPE: 18.8437, Train R: 0.9216, Train RRSE: 0.3890, Test Loss: 1871.2734, Test Node Loss: 0.3578, Test Reg Loss: 18.7092, Test MAPE: 21.2930, Test R: 0.8498, Test RRSE: 1.0623
2025-02-10 17:11:05,442:INFO:Epoch 293: Train Loss: 320.1760, Train Node Loss: 1.3933, Train Reg Loss: 3.1878, Train MAPE: 19.0358, Train R: 0.8923, Train RRSE: 0.4633, Test Loss: 3093.2434, Test Node Loss: 0.1502, Test Reg Loss: 30.9309, Test MAPE: 23.5820, Test R: 0.8413, Test RRSE: 1.3659
2025-02-10 17:11:32,311:INFO:Epoch 294: Train Loss: 279.0181, Train Node Loss: 0.9474, Train Reg Loss: 2.7807, Train MAPE: 17.4657, Train R: 0.9079, Train RRSE: 0.4327, Test Loss: 3345.8869, Test Node Loss: 0.0959, Test Reg Loss: 33.4579, Test MAPE: 24.5429, Test R: 0.8455, Test RRSE: 1.4206
2025-02-10 17:11:58,168:INFO:Epoch 295: Train Loss: 223.7770, Train Node Loss: 0.8271, Train Reg Loss: 2.2295, Train MAPE: 18.1330, Train R: 0.9291, Train RRSE: 0.3875, Test Loss: 1891.4464, Test Node Loss: 0.2888, Test Reg Loss: 18.9116, Test MAPE: 21.7903, Test R: 0.8549, Test RRSE: 1.0680
2025-02-10 17:12:24,646:INFO:Epoch 296: Train Loss: 238.6095, Train Node Loss: 1.0651, Train Reg Loss: 2.3754, Train MAPE: 19.3526, Train R: 0.9232, Train RRSE: 0.4000, Test Loss: 1801.4276, Test Node Loss: 0.2248, Test Reg Loss: 18.0120, Test MAPE: 21.3962, Test R: 0.8503, Test RRSE: 1.0423
2025-02-10 17:12:50,892:INFO:Epoch 297: Train Loss: 261.9291, Train Node Loss: 0.9488, Train Reg Loss: 2.6098, Train MAPE: 18.7986, Train R: 0.9101, Train RRSE: 0.4192, Test Loss: 4122.9554, Test Node Loss: 0.0471, Test Reg Loss: 41.2291, Test MAPE: 26.6592, Test R: 0.8346, Test RRSE: 1.5769
2025-02-10 17:13:17,227:INFO:Epoch 298: Train Loss: 271.9464, Train Node Loss: 0.7522, Train Reg Loss: 2.7119, Train MAPE: 17.9279, Train R: 0.9100, Train RRSE: 0.4273, Test Loss: 2633.9492, Test Node Loss: 0.1220, Test Reg Loss: 26.3383, Test MAPE: 22.8678, Test R: 0.8419, Test RRSE: 1.2604
2025-02-10 17:13:43,337:INFO:Epoch 299: Train Loss: 218.2046, Train Node Loss: 0.8999, Train Reg Loss: 2.1730, Train MAPE: 18.8481, Train R: 0.9242, Train RRSE: 0.3825, Test Loss: 1288.8248, Test Node Loss: 0.2987, Test Reg Loss: 12.8853, Test MAPE: 19.8935, Test R: 0.8471, Test RRSE: 0.8816
2025-02-10 17:14:09,826:INFO:Epoch 300: Train Loss: 215.8543, Train Node Loss: 0.9258, Train Reg Loss: 2.1493, Train MAPE: 18.5876, Train R: 0.9261, Train RRSE: 0.3804, Test Loss: 1524.9867, Test Node Loss: 0.3239, Test Reg Loss: 15.2466, Test MAPE: 20.3790, Test R: 0.8362, Test RRSE: 0.9590
2025-02-10 17:14:09,827:INFO:Best performance at epoch 196 with Test MAPE: 0.8740
