2025-02-10 14:55:33,079:INFO:Learning rate: 0.001
2025-02-10 14:55:33,080:INFO:Weight decay: 0.001
2025-02-10 14:55:33,080:INFO:Batch size: 64
2025-02-10 14:55:33,080:INFO:Number of layers: 2
2025-02-10 14:55:33,080:INFO:Convolution type: SAGE
2025-02-10 14:55:33,080:INFO:Convolution neurons: 256
2025-02-10 15:00:13,060:INFO:Learning rate: 0.001
2025-02-10 15:00:13,061:INFO:Weight decay: 0.001
2025-02-10 15:00:13,061:INFO:Batch size: 64
2025-02-10 15:00:13,061:INFO:Number of layers: 2
2025-02-10 15:00:13,061:INFO:Convolution type: SAGE
2025-02-10 15:00:13,062:INFO:Convolution neurons: 256
2025-02-10 15:00:34,033:INFO:Epoch 1: Train Loss: 43852.5680, Train Node Loss: 1.6772, Train Reg Loss: 438.5089, Train MAPE: 96.0587, Train R: 0.0796, Train RRSE: 5.4341, Test Loss: 43658.1423, Test Node Loss: 9.8200, Test Reg Loss: 436.4832, Test MAPE: 93.3872, Test R: 0.7980, Test RRSE: 5.1309
2025-02-10 15:00:34,052:INFO:Checkpoint saved at best_0.001_0.001_256_SAGE_2_64_0.7980_epoch_1.pth
2025-02-10 15:00:53,908:INFO:Epoch 2: Train Loss: 36110.6704, Train Node Loss: 48.0160, Train Reg Loss: 360.6266, Train MAPE: 86.4957, Train R: 0.1009, Train RRSE: 4.9280, Test Loss: 29264.9976, Test Node Loss: 216.8753, Test Reg Loss: 290.4812, Test MAPE: 74.9421, Test R: 0.8266, Test RRSE: 4.1857
2025-02-10 15:00:53,945:INFO:Checkpoint saved at best_0.001_0.001_256_SAGE_2_64_0.8266_epoch_2.pth
2025-02-10 15:01:14,281:INFO:Epoch 3: Train Loss: 19739.0010, Train Node Loss: 471.1145, Train Reg Loss: 192.6789, Train MAPE: 60.5374, Train R: 0.1074, Train RRSE: 3.6021, Test Loss: 4476.9498, Test Node Loss: 2160.8005, Test Reg Loss: 23.1615, Test MAPE: 15.8669, Test R: 0.8242, Test RRSE: 1.1819
2025-02-10 15:01:34,318:INFO:Epoch 4: Train Loss: 6353.2750, Train Node Loss: 2556.2351, Train Reg Loss: 37.9704, Train MAPE: 25.0552, Train R: 0.0281, Train RRSE: 1.5990, Test Loss: 25134.3150, Test Node Loss: 5619.6501, Test Reg Loss: 195.1467, Test MAPE: 67.3608, Test R: 0.8255, Test RRSE: 3.4308
2025-02-10 15:01:54,156:INFO:Epoch 5: Train Loss: 6643.8854, Train Node Loss: 2862.2048, Train Reg Loss: 37.8168, Train MAPE: 28.6873, Train R: 0.2544, Train RRSE: 1.5958, Test Loss: 3350.1107, Test Node Loss: 2106.1378, Test Reg Loss: 12.4397, Test MAPE: 15.9572, Test R: 0.8347, Test RRSE: 0.8662
2025-02-10 15:01:54,183:INFO:Checkpoint saved at best_0.001_0.001_256_SAGE_2_64_0.8347_epoch_5.pth
2025-02-10 15:02:14,012:INFO:Epoch 6: Train Loss: 3445.5669, Train Node Loss: 1292.7632, Train Reg Loss: 21.5280, Train MAPE: 16.0906, Train R: 0.3084, Train RRSE: 1.2040, Test Loss: 4556.3850, Test Node Loss: 992.4606, Test Reg Loss: 35.6392, Test MAPE: 20.1126, Test R: 0.8419, Test RRSE: 1.4661
2025-02-10 15:02:14,038:INFO:Checkpoint saved at best_0.001_0.001_256_SAGE_2_64_0.8419_epoch_6.pth
2025-02-10 15:02:34,608:INFO:Epoch 7: Train Loss: 4494.0087, Train Node Loss: 841.3373, Train Reg Loss: 36.5267, Train MAPE: 21.1749, Train R: 0.7160, Train RRSE: 1.5684, Test Loss: 3719.9922, Test Node Loss: 944.0304, Test Reg Loss: 27.7596, Test MAPE: 17.3812, Test R: 0.8458, Test RRSE: 1.2939
2025-02-10 15:02:34,649:INFO:Checkpoint saved at best_0.001_0.001_256_SAGE_2_64_0.8458_epoch_7.pth
2025-02-10 15:02:54,574:INFO:Epoch 8: Train Loss: 2989.4700, Train Node Loss: 970.0118, Train Reg Loss: 20.1946, Train MAPE: 15.5676, Train R: 0.3705, Train RRSE: 1.1662, Test Loss: 2469.9217, Test Node Loss: 1293.2371, Test Reg Loss: 11.7668, Test MAPE: 14.7194, Test R: 0.8479, Test RRSE: 0.8424
2025-02-10 15:02:54,592:INFO:Checkpoint saved at best_0.001_0.001_256_SAGE_2_64_0.8479_epoch_8.pth
2025-02-10 15:03:14,471:INFO:Epoch 9: Train Loss: 2545.3501, Train Node Loss: 1271.8382, Train Reg Loss: 12.7351, Train MAPE: 16.1385, Train R: 0.4954, Train RRSE: 0.9261, Test Loss: 3107.6828, Test Node Loss: 1421.5670, Test Reg Loss: 16.8612, Test MAPE: 19.9582, Test R: 0.8511, Test RRSE: 1.0084
2025-02-10 15:03:14,501:INFO:Checkpoint saved at best_0.001_0.001_256_SAGE_2_64_0.8511_epoch_9.pth
2025-02-10 15:03:34,161:INFO:Epoch 10: Train Loss: 2551.9231, Train Node Loss: 1217.8937, Train Reg Loss: 13.3403, Train MAPE: 17.4688, Train R: 0.6688, Train RRSE: 0.9478, Test Loss: 2155.9677, Test Node Loss: 1010.4999, Test Reg Loss: 11.4547, Test MAPE: 14.3550, Test R: 0.8548, Test RRSE: 0.8312
2025-02-10 15:03:34,201:INFO:Checkpoint saved at best_0.001_0.001_256_SAGE_2_64_0.8548_epoch_10.pth
2025-02-10 15:03:54,532:INFO:Epoch 11: Train Loss: 2086.0356, Train Node Loss: 873.4177, Train Reg Loss: 12.1262, Train MAPE: 13.8276, Train R: 0.5615, Train RRSE: 0.9037, Test Loss: 2540.5054, Test Node Loss: 717.3170, Test Reg Loss: 18.2319, Test MAPE: 14.7504, Test R: 0.8578, Test RRSE: 1.0486
2025-02-10 15:03:54,565:INFO:Checkpoint saved at best_0.001_0.001_256_SAGE_2_64_0.8578_epoch_11.pth
2025-02-10 15:04:14,410:INFO:Epoch 12: Train Loss: 2144.3142, Train Node Loss: 710.0780, Train Reg Loss: 14.3424, Train MAPE: 13.6406, Train R: 0.7650, Train RRSE: 0.9828, Test Loss: 2248.4186, Test Node Loss: 709.6664, Test Reg Loss: 15.3875, Test MAPE: 14.1170, Test R: 0.8598, Test RRSE: 0.9634
2025-02-10 15:04:14,436:INFO:Checkpoint saved at best_0.001_0.001_256_SAGE_2_64_0.8598_epoch_12.pth
2025-02-10 15:04:34,524:INFO:Epoch 13: Train Loss: 1887.7902, Train Node Loss: 753.5720, Train Reg Loss: 11.3422, Train MAPE: 13.6643, Train R: 0.6753, Train RRSE: 0.8740, Test Loss: 1902.8432, Test Node Loss: 794.5516, Test Reg Loss: 11.0829, Test MAPE: 14.1707, Test R: 0.8611, Test RRSE: 0.8176
2025-02-10 15:04:34,551:INFO:Checkpoint saved at best_0.001_0.001_256_SAGE_2_64_0.8611_epoch_13.pth
2025-02-10 15:04:54,662:INFO:Epoch 14: Train Loss: 1848.1195, Train Node Loss: 804.6690, Train Reg Loss: 10.4345, Train MAPE: 15.0659, Train R: 0.7780, Train RRSE: 0.8383, Test Loss: 1839.3484, Test Node Loss: 737.3187, Test Reg Loss: 11.0203, Test MAPE: 14.1465, Test R: 0.8626, Test RRSE: 0.8153
2025-02-10 15:04:54,695:INFO:Checkpoint saved at best_0.001_0.001_256_SAGE_2_64_0.8626_epoch_14.pth
2025-02-10 15:05:14,556:INFO:Epoch 15: Train Loss: 1725.6181, Train Node Loss: 715.6013, Train Reg Loss: 10.1002, Train MAPE: 14.2040, Train R: 0.7585, Train RRSE: 0.8247, Test Loss: 1937.1631, Test Node Loss: 612.8443, Test Reg Loss: 13.2432, Test MAPE: 13.9090, Test R: 0.8638, Test RRSE: 0.8937
2025-02-10 15:05:14,577:INFO:Checkpoint saved at best_0.001_0.001_256_SAGE_2_64_0.8638_epoch_15.pth
2025-02-10 15:05:34,562:INFO:Epoch 16: Train Loss: 1665.1117, Train Node Loss: 618.2260, Train Reg Loss: 10.4689, Train MAPE: 13.5967, Train R: 0.7972, Train RRSE: 0.8396, Test Loss: 1972.2054, Test Node Loss: 556.6916, Test Reg Loss: 14.1551, Test MAPE: 14.1120, Test R: 0.8645, Test RRSE: 0.9240
2025-02-10 15:05:34,584:INFO:Checkpoint saved at best_0.001_0.001_256_SAGE_2_64_0.8645_epoch_16.pth
2025-02-10 15:05:54,397:INFO:Epoch 17: Train Loss: 1601.3075, Train Node Loss: 594.4070, Train Reg Loss: 10.0690, Train MAPE: 13.7310, Train R: 0.7891, Train RRSE: 0.8234, Test Loss: 1748.2179, Test Node Loss: 560.4110, Test Reg Loss: 11.8781, Test MAPE: 13.9556, Test R: 0.8648, Test RRSE: 0.8464
2025-02-10 15:05:54,422:INFO:Checkpoint saved at best_0.001_0.001_256_SAGE_2_64_0.8648_epoch_17.pth
2025-02-10 15:06:14,305:INFO:Epoch 18: Train Loss: 1545.6308, Train Node Loss: 594.3688, Train Reg Loss: 9.5126, Train MAPE: 14.5136, Train R: 0.7940, Train RRSE: 0.8004, Test Loss: 1681.5187, Test Node Loss: 524.4891, Test Reg Loss: 11.5703, Test MAPE: 13.9608, Test R: 0.8648, Test RRSE: 0.8354
2025-02-10 15:06:34,083:INFO:Epoch 19: Train Loss: 1488.5961, Train Node Loss: 546.0195, Train Reg Loss: 9.4258, Train MAPE: 14.3550, Train R: 0.7808, Train RRSE: 0.7967, Test Loss: 1778.8827, Test Node Loss: 457.8841, Test Reg Loss: 13.2100, Test MAPE: 14.2043, Test R: 0.8641, Test RRSE: 0.8926
2025-02-10 15:06:54,251:INFO:Epoch 20: Train Loss: 1407.4311, Train Node Loss: 489.0770, Train Reg Loss: 9.1835, Train MAPE: 14.1031, Train R: 0.7990, Train RRSE: 0.7864, Test Loss: 1840.5454, Test Node Loss: 408.8921, Test Reg Loss: 14.3165, Test MAPE: 14.4743, Test R: 0.8625, Test RRSE: 0.9292
2025-02-10 15:07:13,952:INFO:Epoch 21: Train Loss: 1346.6862, Train Node Loss: 462.2702, Train Reg Loss: 8.8442, Train MAPE: 14.3313, Train R: 0.7957, Train RRSE: 0.7717, Test Loss: 1709.1064, Test Node Loss: 386.5776, Test Reg Loss: 13.2253, Test MAPE: 14.4324, Test R: 0.8606, Test RRSE: 0.8931
2025-02-10 15:07:34,126:INFO:Epoch 22: Train Loss: 1272.9502, Train Node Loss: 437.0182, Train Reg Loss: 8.3593, Train MAPE: 14.6576, Train R: 0.8017, Train RRSE: 0.7503, Test Loss: 1792.8712, Test Node Loss: 342.2204, Test Reg Loss: 14.5065, Test MAPE: 14.7271, Test R: 0.8576, Test RRSE: 0.9354
2025-02-10 15:07:53,937:INFO:Epoch 23: Train Loss: 1230.1033, Train Node Loss: 391.3712, Train Reg Loss: 8.3873, Train MAPE: 14.5343, Train R: 0.7764, Train RRSE: 0.7515, Test Loss: 1913.8396, Test Node Loss: 303.4905, Test Reg Loss: 16.1035, Test MAPE: 15.3812, Test R: 0.8531, Test RRSE: 0.9855
2025-02-10 15:08:13,779:INFO:Epoch 24: Train Loss: 1163.5937, Train Node Loss: 370.6501, Train Reg Loss: 7.9294, Train MAPE: 14.8170, Train R: 0.7757, Train RRSE: 0.7307, Test Loss: 1883.8809, Test Node Loss: 280.6635, Test Reg Loss: 16.0322, Test MAPE: 15.6098, Test R: 0.8476, Test RRSE: 0.9833
2025-02-10 15:08:33,619:INFO:Epoch 25: Train Loss: 1084.6315, Train Node Loss: 354.6515, Train Reg Loss: 7.2998, Train MAPE: 15.3119, Train R: 0.7853, Train RRSE: 0.7011, Test Loss: 2020.7350, Test Node Loss: 250.7772, Test Reg Loss: 17.6996, Test MAPE: 16.3932, Test R: 0.8408, Test RRSE: 1.0332
2025-02-10 15:08:53,253:INFO:Epoch 26: Train Loss: 1011.2449, Train Node Loss: 320.0480, Train Reg Loss: 6.9120, Train MAPE: 15.3011, Train R: 0.7858, Train RRSE: 0.6822, Test Loss: 2281.1783, Test Node Loss: 219.9539, Test Reg Loss: 20.6122, Test MAPE: 17.5740, Test R: 0.8329, Test RRSE: 1.1150
2025-02-10 15:09:13,491:INFO:Epoch 27: Train Loss: 987.2653, Train Node Loss: 296.7766, Train Reg Loss: 6.9049, Train MAPE: 15.5656, Train R: 0.7678, Train RRSE: 0.6819, Test Loss: 2069.3761, Test Node Loss: 213.4204, Test Reg Loss: 18.5596, Test MAPE: 17.2368, Test R: 0.8262, Test RRSE: 1.0580
2025-02-10 15:09:33,100:INFO:Epoch 28: Train Loss: 960.4492, Train Node Loss: 301.8087, Train Reg Loss: 6.5864, Train MAPE: 16.6077, Train R: 0.7632, Train RRSE: 0.6660, Test Loss: 2240.4389, Test Node Loss: 192.5942, Test Reg Loss: 20.4784, Test MAPE: 18.2561, Test R: 0.8185, Test RRSE: 1.1114
2025-02-10 15:09:53,293:INFO:Epoch 29: Train Loss: 919.2931, Train Node Loss: 268.1172, Train Reg Loss: 6.5118, Train MAPE: 16.2792, Train R: 0.7593, Train RRSE: 0.6622, Test Loss: 2611.3797, Test Node Loss: 166.9187, Test Reg Loss: 24.4446, Test MAPE: 19.7476, Test R: 0.8139, Test RRSE: 1.2142
2025-02-10 15:10:13,118:INFO:Epoch 30: Train Loss: 864.0435, Train Node Loss: 251.9356, Train Reg Loss: 6.1211, Train MAPE: 16.5009, Train R: 0.7770, Train RRSE: 0.6420, Test Loss: 1643.2274, Test Node Loss: 190.9558, Test Reg Loss: 14.5227, Test MAPE: 16.9737, Test R: 0.8170, Test RRSE: 0.9359
2025-02-10 15:10:32,683:INFO:Epoch 31: Train Loss: 851.6613, Train Node Loss: 247.1785, Train Reg Loss: 6.0448, Train MAPE: 16.7984, Train R: 0.7767, Train RRSE: 0.6380, Test Loss: 2096.6975, Test Node Loss: 159.8858, Test Reg Loss: 19.3681, Test MAPE: 18.4617, Test R: 0.8156, Test RRSE: 1.0808
2025-02-10 15:10:52,244:INFO:Epoch 32: Train Loss: 826.0933, Train Node Loss: 218.7906, Train Reg Loss: 6.0730, Train MAPE: 16.4494, Train R: 0.7819, Train RRSE: 0.6395, Test Loss: 1581.8973, Test Node Loss: 168.5310, Test Reg Loss: 14.1337, Test MAPE: 17.0986, Test R: 0.8206, Test RRSE: 0.9233
2025-02-10 15:11:11,906:INFO:Epoch 33: Train Loss: 844.4176, Train Node Loss: 208.3026, Train Reg Loss: 6.3612, Train MAPE: 16.3173, Train R: 0.7669, Train RRSE: 0.6545, Test Loss: 1284.4102, Test Node Loss: 172.0856, Test Reg Loss: 11.1232, Test MAPE: 16.4678, Test R: 0.8245, Test RRSE: 0.8191
2025-02-10 15:11:31,511:INFO:Epoch 34: Train Loss: 799.4133, Train Node Loss: 215.3464, Train Reg Loss: 5.8407, Train MAPE: 17.0923, Train R: 0.7956, Train RRSE: 0.6271, Test Loss: 1706.0200, Test Node Loss: 144.3478, Test Reg Loss: 15.6167, Test MAPE: 17.6170, Test R: 0.8229, Test RRSE: 0.9705
2025-02-10 15:11:51,329:INFO:Epoch 35: Train Loss: 842.2682, Train Node Loss: 177.2774, Train Reg Loss: 6.6499, Train MAPE: 16.3413, Train R: 0.7690, Train RRSE: 0.6692, Test Loss: 1351.6414, Test Node Loss: 151.8360, Test Reg Loss: 11.9981, Test MAPE: 16.9297, Test R: 0.8250, Test RRSE: 0.8507
2025-02-10 15:12:11,196:INFO:Epoch 36: Train Loss: 817.7287, Train Node Loss: 201.3027, Train Reg Loss: 6.1643, Train MAPE: 17.4507, Train R: 0.7797, Train RRSE: 0.6443, Test Loss: 1442.8262, Test Node Loss: 141.2364, Test Reg Loss: 13.0159, Test MAPE: 17.2028, Test R: 0.8255, Test RRSE: 0.8860
2025-02-10 15:12:31,048:INFO:Epoch 37: Train Loss: 802.7290, Train Node Loss: 164.3407, Train Reg Loss: 6.3839, Train MAPE: 16.4793, Train R: 0.7779, Train RRSE: 0.6557, Test Loss: 1416.1014, Test Node Loss: 135.7017, Test Reg Loss: 12.8040, Test MAPE: 17.1916, Test R: 0.8268, Test RRSE: 0.8788
2025-02-10 15:12:50,737:INFO:Epoch 38: Train Loss: 770.4009, Train Node Loss: 185.2440, Train Reg Loss: 5.8516, Train MAPE: 17.4734, Train R: 0.7913, Train RRSE: 0.6277, Test Loss: 1038.6765, Test Node Loss: 148.5327, Test Reg Loss: 8.9014, Test MAPE: 16.4700, Test R: 0.8305, Test RRSE: 0.7327
2025-02-10 15:13:10,607:INFO:Epoch 39: Train Loss: 758.3812, Train Node Loss: 160.0230, Train Reg Loss: 5.9836, Train MAPE: 16.5309, Train R: 0.7826, Train RRSE: 0.6348, Test Loss: 1681.1172, Test Node Loss: 116.2984, Test Reg Loss: 15.6482, Test MAPE: 17.7793, Test R: 0.8300, Test RRSE: 0.9715
2025-02-10 15:13:30,599:INFO:Epoch 40: Train Loss: 729.6553, Train Node Loss: 155.0031, Train Reg Loss: 5.7465, Train MAPE: 16.7235, Train R: 0.7929, Train RRSE: 0.6221, Test Loss: 767.9537, Test Node Loss: 161.6958, Test Reg Loss: 6.0626, Test MAPE: 16.4613, Test R: 0.8375, Test RRSE: 0.6047
2025-02-10 15:13:50,508:INFO:Epoch 41: Train Loss: 704.1625, Train Node Loss: 169.3269, Train Reg Loss: 5.3484, Train MAPE: 17.3467, Train R: 0.8188, Train RRSE: 0.6001, Test Loss: 1478.3402, Test Node Loss: 114.3965, Test Reg Loss: 13.6394, Test MAPE: 17.4020, Test R: 0.8339, Test RRSE: 0.9070
2025-02-10 15:14:10,461:INFO:Epoch 42: Train Loss: 737.9274, Train Node Loss: 134.1641, Train Reg Loss: 6.0376, Train MAPE: 16.2247, Train R: 0.8126, Train RRSE: 0.6376, Test Loss: 1092.8039, Test Node Loss: 126.2491, Test Reg Loss: 9.6655, Test MAPE: 16.7176, Test R: 0.8351, Test RRSE: 0.7635
2025-02-10 15:14:30,349:INFO:Epoch 43: Train Loss: 710.9009, Train Node Loss: 161.3401, Train Reg Loss: 5.4956, Train MAPE: 17.7323, Train R: 0.8095, Train RRSE: 0.6083, Test Loss: 847.4585, Test Node Loss: 137.8428, Test Reg Loss: 7.0962, Test MAPE: 16.5116, Test R: 0.8369, Test RRSE: 0.6542
2025-02-10 15:14:50,667:INFO:Epoch 44: Train Loss: 708.7473, Train Node Loss: 136.3385, Train Reg Loss: 5.7241, Train MAPE: 17.0252, Train R: 0.7940, Train RRSE: 0.6209, Test Loss: 1787.0374, Test Node Loss: 96.6650, Test Reg Loss: 16.9037, Test MAPE: 18.3499, Test R: 0.8327, Test RRSE: 1.0097
2025-02-10 15:15:10,555:INFO:Epoch 45: Train Loss: 700.8872, Train Node Loss: 137.8799, Train Reg Loss: 5.6301, Train MAPE: 16.9141, Train R: 0.7906, Train RRSE: 0.6157, Test Loss: 743.4794, Test Node Loss: 139.0579, Test Reg Loss: 6.0442, Test MAPE: 16.7758, Test R: 0.8378, Test RRSE: 0.6038
2025-02-10 15:15:30,409:INFO:Epoch 46: Train Loss: 677.7124, Train Node Loss: 140.5892, Train Reg Loss: 5.3712, Train MAPE: 17.4761, Train R: 0.8023, Train RRSE: 0.6014, Test Loss: 1598.2623, Test Node Loss: 95.0836, Test Reg Loss: 15.0318, Test MAPE: 18.0873, Test R: 0.8349, Test RRSE: 0.9522
2025-02-10 15:15:50,353:INFO:Epoch 47: Train Loss: 654.8493, Train Node Loss: 123.0955, Train Reg Loss: 5.3175, Train MAPE: 16.6834, Train R: 0.8165, Train RRSE: 0.5984, Test Loss: 818.6586, Test Node Loss: 122.3434, Test Reg Loss: 6.9632, Test MAPE: 16.6640, Test R: 0.8398, Test RRSE: 0.6481
2025-02-10 15:16:10,050:INFO:Epoch 48: Train Loss: 639.9959, Train Node Loss: 135.0307, Train Reg Loss: 5.0497, Train MAPE: 17.4090, Train R: 0.8225, Train RRSE: 0.5831, Test Loss: 1102.9426, Test Node Loss: 104.1390, Test Reg Loss: 9.9880, Test MAPE: 16.8063, Test R: 0.8389, Test RRSE: 0.7762
2025-02-10 15:16:29,881:INFO:Epoch 49: Train Loss: 614.2906, Train Node Loss: 123.1557, Train Reg Loss: 4.9113, Train MAPE: 16.9513, Train R: 0.8237, Train RRSE: 0.5751, Test Loss: 1210.7426, Test Node Loss: 97.8699, Test Reg Loss: 11.1287, Test MAPE: 17.3111, Test R: 0.8368, Test RRSE: 0.8193
2025-02-10 15:16:49,792:INFO:Epoch 50: Train Loss: 614.1570, Train Node Loss: 118.8751, Train Reg Loss: 4.9528, Train MAPE: 17.1692, Train R: 0.8207, Train RRSE: 0.5775, Test Loss: 1008.9031, Test Node Loss: 102.1534, Test Reg Loss: 9.0675, Test MAPE: 16.9639, Test R: 0.8382, Test RRSE: 0.7395
2025-02-10 15:17:10,189:INFO:Epoch 51: Train Loss: 590.8234, Train Node Loss: 118.2944, Train Reg Loss: 4.7253, Train MAPE: 17.1364, Train R: 0.8303, Train RRSE: 0.5641, Test Loss: 836.8416, Test Node Loss: 107.3653, Test Reg Loss: 7.2948, Test MAPE: 16.6773, Test R: 0.8400, Test RRSE: 0.6633
2025-02-10 15:17:30,088:INFO:Epoch 52: Train Loss: 648.0071, Train Node Loss: 122.6559, Train Reg Loss: 5.2535, Train MAPE: 17.4633, Train R: 0.8118, Train RRSE: 0.5948, Test Loss: 1272.6452, Test Node Loss: 88.1459, Test Reg Loss: 11.8450, Test MAPE: 17.4752, Test R: 0.8376, Test RRSE: 0.8452
2025-02-10 15:17:50,015:INFO:Epoch 53: Train Loss: 678.1642, Train Node Loss: 97.4203, Train Reg Loss: 5.8074, Train MAPE: 16.7295, Train R: 0.8183, Train RRSE: 0.6254, Test Loss: 1050.4034, Test Node Loss: 91.7484, Test Reg Loss: 9.5865, Test MAPE: 16.9806, Test R: 0.8406, Test RRSE: 0.7604
2025-02-10 15:18:09,933:INFO:Epoch 54: Train Loss: 658.2098, Train Node Loss: 119.2510, Train Reg Loss: 5.3896, Train MAPE: 17.7877, Train R: 0.8127, Train RRSE: 0.6024, Test Loss: 651.5336, Test Node Loss: 114.9748, Test Reg Loss: 5.3656, Test MAPE: 17.0903, Test R: 0.8444, Test RRSE: 0.5689
2025-02-10 15:18:30,308:INFO:Epoch 55: Train Loss: 589.4148, Train Node Loss: 105.4076, Train Reg Loss: 4.8401, Train MAPE: 17.0416, Train R: 0.8259, Train RRSE: 0.5709, Test Loss: 1606.8437, Test Node Loss: 73.0472, Test Reg Loss: 15.3380, Test MAPE: 18.3077, Test R: 0.8384, Test RRSE: 0.9618
2025-02-10 15:18:50,720:INFO:Epoch 56: Train Loss: 618.7845, Train Node Loss: 97.8437, Train Reg Loss: 5.2094, Train MAPE: 16.9518, Train R: 0.8162, Train RRSE: 0.5923, Test Loss: 662.9874, Test Node Loss: 106.6685, Test Reg Loss: 5.5632, Test MAPE: 16.8709, Test R: 0.8436, Test RRSE: 0.5793
2025-02-10 15:19:10,428:INFO:Epoch 57: Train Loss: 579.2384, Train Node Loss: 110.3477, Train Reg Loss: 4.6889, Train MAPE: 17.6314, Train R: 0.8407, Train RRSE: 0.5619, Test Loss: 1332.8089, Test Node Loss: 75.9359, Test Reg Loss: 12.5687, Test MAPE: 17.5184, Test R: 0.8391, Test RRSE: 0.8707
2025-02-10 15:19:30,782:INFO:Epoch 58: Train Loss: 575.6708, Train Node Loss: 91.6801, Train Reg Loss: 4.8399, Train MAPE: 16.9390, Train R: 0.8371, Train RRSE: 0.5709, Test Loss: 1087.2697, Test Node Loss: 81.1093, Test Reg Loss: 10.0616, Test MAPE: 17.3426, Test R: 0.8397, Test RRSE: 0.7790
2025-02-10 15:19:50,554:INFO:Epoch 59: Train Loss: 550.3897, Train Node Loss: 97.4023, Train Reg Loss: 4.5299, Train MAPE: 17.0884, Train R: 0.8382, Train RRSE: 0.5523, Test Loss: 804.9479, Test Node Loss: 89.7394, Test Reg Loss: 7.1521, Test MAPE: 16.9086, Test R: 0.8418, Test RRSE: 0.6568
2025-02-10 15:20:10,961:INFO:Epoch 60: Train Loss: 587.7020, Train Node Loss: 99.2401, Train Reg Loss: 4.8846, Train MAPE: 17.5118, Train R: 0.8245, Train RRSE: 0.5735, Test Loss: 1076.9645, Test Node Loss: 77.1387, Test Reg Loss: 9.9983, Test MAPE: 17.0342, Test R: 0.8400, Test RRSE: 0.7766
2025-02-10 15:20:30,963:INFO:Epoch 61: Train Loss: 561.0483, Train Node Loss: 91.1168, Train Reg Loss: 4.6993, Train MAPE: 17.1740, Train R: 0.8308, Train RRSE: 0.5625, Test Loss: 1026.2333, Test Node Loss: 76.3625, Test Reg Loss: 9.4987, Test MAPE: 17.1697, Test R: 0.8407, Test RRSE: 0.7569
2025-02-10 15:20:50,719:INFO:Epoch 62: Train Loss: 547.5962, Train Node Loss: 90.7006, Train Reg Loss: 4.5690, Train MAPE: 17.2245, Train R: 0.8360, Train RRSE: 0.5547, Test Loss: 938.1823, Test Node Loss: 77.6854, Test Reg Loss: 8.6050, Test MAPE: 17.0398, Test R: 0.8407, Test RRSE: 0.7204
2025-02-10 15:21:11,128:INFO:Epoch 63: Train Loss: 529.0822, Train Node Loss: 86.2899, Train Reg Loss: 4.4279, Train MAPE: 17.1641, Train R: 0.8427, Train RRSE: 0.5461, Test Loss: 1023.0490, Test Node Loss: 73.5653, Test Reg Loss: 9.4948, Test MAPE: 17.3621, Test R: 0.8391, Test RRSE: 0.7568
2025-02-10 15:21:31,001:INFO:Epoch 64: Train Loss: 531.4120, Train Node Loss: 84.9284, Train Reg Loss: 4.4648, Train MAPE: 17.2038, Train R: 0.8398, Train RRSE: 0.5483, Test Loss: 786.5005, Test Node Loss: 79.8110, Test Reg Loss: 7.0669, Test MAPE: 17.0155, Test R: 0.8409, Test RRSE: 0.6529
2025-02-10 15:21:50,789:INFO:Epoch 65: Train Loss: 553.5413, Train Node Loss: 89.4309, Train Reg Loss: 4.6411, Train MAPE: 17.6021, Train R: 0.8362, Train RRSE: 0.5590, Test Loss: 904.5146, Test Node Loss: 73.6007, Test Reg Loss: 8.3091, Test MAPE: 17.1898, Test R: 0.8397, Test RRSE: 0.7079
2025-02-10 15:22:10,551:INFO:Epoch 66: Train Loss: 561.0923, Train Node Loss: 77.2253, Train Reg Loss: 4.8387, Train MAPE: 17.3444, Train R: 0.8293, Train RRSE: 0.5708, Test Loss: 1135.8138, Test Node Loss: 64.7789, Test Reg Loss: 10.7103, Test MAPE: 17.5778, Test R: 0.8384, Test RRSE: 0.8037
2025-02-10 15:22:30,330:INFO:Epoch 67: Train Loss: 560.3434, Train Node Loss: 83.1914, Train Reg Loss: 4.7715, Train MAPE: 17.5754, Train R: 0.8272, Train RRSE: 0.5668, Test Loss: 655.1460, Test Node Loss: 80.4991, Test Reg Loss: 5.7465, Test MAPE: 16.7987, Test R: 0.8433, Test RRSE: 0.5887
2025-02-10 15:22:50,250:INFO:Epoch 68: Train Loss: 512.1008, Train Node Loss: 77.1528, Train Reg Loss: 4.3495, Train MAPE: 17.2499, Train R: 0.8458, Train RRSE: 0.5412, Test Loss: 1355.8900, Test Node Loss: 57.2113, Test Reg Loss: 12.9868, Test MAPE: 18.0818, Test R: 0.8374, Test RRSE: 0.8850
2025-02-10 15:23:10,141:INFO:Epoch 69: Train Loss: 539.1088, Train Node Loss: 75.4773, Train Reg Loss: 4.6363, Train MAPE: 17.3908, Train R: 0.8313, Train RRSE: 0.5588, Test Loss: 684.9142, Test Node Loss: 75.3744, Test Reg Loss: 6.0954, Test MAPE: 17.1002, Test R: 0.8414, Test RRSE: 0.6063
2025-02-10 15:23:30,661:INFO:Epoch 70: Train Loss: 528.9815, Train Node Loss: 76.9674, Train Reg Loss: 4.5201, Train MAPE: 17.4117, Train R: 0.8369, Train RRSE: 0.5517, Test Loss: 1114.7358, Test Node Loss: 59.1278, Test Reg Loss: 10.5561, Test MAPE: 17.6552, Test R: 0.8389, Test RRSE: 0.7979
2025-02-10 15:23:51,091:INFO:Epoch 71: Train Loss: 531.9142, Train Node Loss: 67.9632, Train Reg Loss: 4.6395, Train MAPE: 16.9445, Train R: 0.8404, Train RRSE: 0.5590, Test Loss: 763.1310, Test Node Loss: 68.0236, Test Reg Loss: 6.9511, Test MAPE: 17.0376, Test R: 0.8415, Test RRSE: 0.6475
2025-02-10 15:24:11,101:INFO:Epoch 72: Train Loss: 530.9511, Train Node Loss: 76.5576, Train Reg Loss: 4.5439, Train MAPE: 17.6869, Train R: 0.8418, Train RRSE: 0.5532, Test Loss: 823.0308, Test Node Loss: 64.6717, Test Reg Loss: 7.5836, Test MAPE: 17.0569, Test R: 0.8417, Test RRSE: 0.6763
2025-02-10 15:24:31,610:INFO:Epoch 73: Train Loss: 514.1306, Train Node Loss: 68.2112, Train Reg Loss: 4.4592, Train MAPE: 17.1668, Train R: 0.8410, Train RRSE: 0.5480, Test Loss: 1021.8434, Test Node Loss: 57.6437, Test Reg Loss: 9.6420, Test MAPE: 17.3848, Test R: 0.8394, Test RRSE: 0.7626
2025-02-10 15:24:52,012:INFO:Epoch 74: Train Loss: 506.1913, Train Node Loss: 67.1603, Train Reg Loss: 4.3903, Train MAPE: 17.2251, Train R: 0.8430, Train RRSE: 0.5437, Test Loss: 682.5352, Test Node Loss: 67.1368, Test Reg Loss: 6.1540, Test MAPE: 17.0263, Test R: 0.8412, Test RRSE: 0.6092
2025-02-10 15:25:12,356:INFO:Epoch 75: Train Loss: 526.9090, Train Node Loss: 68.4565, Train Reg Loss: 4.5845, Train MAPE: 17.4134, Train R: 0.8345, Train RRSE: 0.5556, Test Loss: 908.5644, Test Node Loss: 57.9914, Test Reg Loss: 8.5057, Test MAPE: 17.4042, Test R: 0.8390, Test RRSE: 0.7163
2025-02-10 15:25:32,174:INFO:Epoch 76: Train Loss: 496.0850, Train Node Loss: 65.1744, Train Reg Loss: 4.3091, Train MAPE: 17.3564, Train R: 0.8449, Train RRSE: 0.5387, Test Loss: 925.8526, Test Node Loss: 56.7367, Test Reg Loss: 8.6912, Test MAPE: 17.4983, Test R: 0.8384, Test RRSE: 0.7240
2025-02-10 15:25:51,987:INFO:Epoch 77: Train Loss: 482.9488, Train Node Loss: 66.3998, Train Reg Loss: 4.1655, Train MAPE: 17.6485, Train R: 0.8509, Train RRSE: 0.5296, Test Loss: 926.9568, Test Node Loss: 55.4010, Test Reg Loss: 8.7156, Test MAPE: 17.5574, Test R: 0.8386, Test RRSE: 0.7250
2025-02-10 15:26:11,687:INFO:Epoch 78: Train Loss: 483.9657, Train Node Loss: 63.6216, Train Reg Loss: 4.2034, Train MAPE: 17.6126, Train R: 0.8481, Train RRSE: 0.5320, Test Loss: 931.1971, Test Node Loss: 53.9466, Test Reg Loss: 8.7725, Test MAPE: 17.5856, Test R: 0.8390, Test RRSE: 0.7274
2025-02-10 15:26:31,345:INFO:Epoch 79: Train Loss: 502.7644, Train Node Loss: 61.9478, Train Reg Loss: 4.4082, Train MAPE: 17.3463, Train R: 0.8415, Train RRSE: 0.5448, Test Loss: 1025.4550, Test Node Loss: 49.9875, Test Reg Loss: 9.7547, Test MAPE: 17.4326, Test R: 0.8394, Test RRSE: 0.7670
2025-02-10 15:26:51,113:INFO:Epoch 80: Train Loss: 494.9014, Train Node Loss: 60.0946, Train Reg Loss: 4.3481, Train MAPE: 17.2915, Train R: 0.8443, Train RRSE: 0.5411, Test Loss: 756.0123, Test Node Loss: 55.8138, Test Reg Loss: 7.0020, Test MAPE: 17.1270, Test R: 0.8418, Test RRSE: 0.6499
2025-02-10 15:27:10,720:INFO:Epoch 81: Train Loss: 489.3292, Train Node Loss: 58.3794, Train Reg Loss: 4.3095, Train MAPE: 17.2685, Train R: 0.8462, Train RRSE: 0.5387, Test Loss: 1087.9683, Test Node Loss: 46.6506, Test Reg Loss: 10.4132, Test MAPE: 17.5787, Test R: 0.8399, Test RRSE: 0.7925
2025-02-10 15:27:30,427:INFO:Epoch 82: Train Loss: 486.4997, Train Node Loss: 58.0139, Train Reg Loss: 4.2849, Train MAPE: 17.3826, Train R: 0.8469, Train RRSE: 0.5372, Test Loss: 769.8532, Test Node Loss: 52.9803, Test Reg Loss: 7.1687, Test MAPE: 17.0533, Test R: 0.8422, Test RRSE: 0.6576
2025-02-10 15:27:50,122:INFO:Epoch 83: Train Loss: 476.7461, Train Node Loss: 56.9974, Train Reg Loss: 4.1975, Train MAPE: 17.4509, Train R: 0.8502, Train RRSE: 0.5317, Test Loss: 1062.9239, Test Node Loss: 45.5523, Test Reg Loss: 10.1737, Test MAPE: 17.7892, Test R: 0.8396, Test RRSE: 0.7833
2025-02-10 15:28:09,872:INFO:Epoch 84: Train Loss: 512.0880, Train Node Loss: 53.8670, Train Reg Loss: 4.5822, Train MAPE: 17.4630, Train R: 0.8338, Train RRSE: 0.5555, Test Loss: 882.8722, Test Node Loss: 48.4008, Test Reg Loss: 8.3447, Test MAPE: 17.5372, Test R: 0.8396, Test RRSE: 0.7094
2025-02-10 15:28:30,043:INFO:Epoch 85: Train Loss: 475.2156, Train Node Loss: 54.2221, Train Reg Loss: 4.2099, Train MAPE: 17.6101, Train R: 0.8476, Train RRSE: 0.5324, Test Loss: 778.6662, Test Node Loss: 49.1011, Test Reg Loss: 7.2957, Test MAPE: 17.1332, Test R: 0.8412, Test RRSE: 0.6633
2025-02-10 15:28:49,694:INFO:Epoch 86: Train Loss: 474.0282, Train Node Loss: 54.6871, Train Reg Loss: 4.1934, Train MAPE: 17.6172, Train R: 0.8502, Train RRSE: 0.5314, Test Loss: 1035.6204, Test Node Loss: 42.8797, Test Reg Loss: 9.9274, Test MAPE: 17.7217, Test R: 0.8401, Test RRSE: 0.7738
2025-02-10 15:29:09,369:INFO:Epoch 87: Train Loss: 474.2511, Train Node Loss: 51.2401, Train Reg Loss: 4.2301, Train MAPE: 17.3612, Train R: 0.8489, Train RRSE: 0.5337, Test Loss: 926.7784, Test Node Loss: 44.5288, Test Reg Loss: 8.8225, Test MAPE: 17.5229, Test R: 0.8413, Test RRSE: 0.7295
2025-02-10 15:29:28,733:INFO:Epoch 88: Train Loss: 458.3600, Train Node Loss: 50.8608, Train Reg Loss: 4.0750, Train MAPE: 17.5540, Train R: 0.8542, Train RRSE: 0.5238, Test Loss: 1095.0393, Test Node Loss: 41.1757, Test Reg Loss: 10.5386, Test MAPE: 17.8776, Test R: 0.8401, Test RRSE: 0.7973
2025-02-10 15:29:48,502:INFO:Epoch 89: Train Loss: 489.8795, Train Node Loss: 52.6214, Train Reg Loss: 4.3726, Train MAPE: 17.7769, Train R: 0.8425, Train RRSE: 0.5426, Test Loss: 1278.9952, Test Node Loss: 37.7092, Test Reg Loss: 12.4129, Test MAPE: 18.4460, Test R: 0.8388, Test RRSE: 0.8653
2025-02-10 15:30:08,670:INFO:Epoch 90: Train Loss: 474.4738, Train Node Loss: 48.2863, Train Reg Loss: 4.2619, Train MAPE: 17.5324, Train R: 0.8459, Train RRSE: 0.5357, Test Loss: 1030.1340, Test Node Loss: 39.8729, Test Reg Loss: 9.9026, Test MAPE: 17.8396, Test R: 0.8414, Test RRSE: 0.7728
2025-02-10 15:30:28,830:INFO:Epoch 91: Train Loss: 452.8506, Train Node Loss: 45.9357, Train Reg Loss: 4.0691, Train MAPE: 17.3665, Train R: 0.8565, Train RRSE: 0.5235, Test Loss: 719.1053, Test Node Loss: 44.5656, Test Reg Loss: 6.7454, Test MAPE: 17.2181, Test R: 0.8447, Test RRSE: 0.6378
2025-02-10 15:30:48,520:INFO:Epoch 92: Train Loss: 507.7961, Train Node Loss: 50.5606, Train Reg Loss: 4.5724, Train MAPE: 17.6506, Train R: 0.8416, Train RRSE: 0.5549, Test Loss: 1100.3668, Test Node Loss: 36.0862, Test Reg Loss: 10.6428, Test MAPE: 17.7602, Test R: 0.8431, Test RRSE: 0.8012
2025-02-10 15:31:08,229:INFO:Epoch 93: Train Loss: 480.1585, Train Node Loss: 41.2256, Train Reg Loss: 4.3893, Train MAPE: 16.8497, Train R: 0.8541, Train RRSE: 0.5437, Test Loss: 1014.7188, Test Node Loss: 36.2233, Test Reg Loss: 9.7850, Test MAPE: 17.6431, Test R: 0.8430, Test RRSE: 0.7682
2025-02-10 15:31:27,844:INFO:Epoch 94: Train Loss: 437.5287, Train Node Loss: 44.5377, Train Reg Loss: 3.9299, Train MAPE: 17.4789, Train R: 0.8604, Train RRSE: 0.5144, Test Loss: 562.0153, Test Node Loss: 47.9758, Test Reg Loss: 5.1404, Test MAPE: 17.6028, Test R: 0.8461, Test RRSE: 0.5568
2025-02-10 15:31:47,342:INFO:Epoch 95: Train Loss: 463.7671, Train Node Loss: 46.9477, Train Reg Loss: 4.1682, Train MAPE: 17.9168, Train R: 0.8526, Train RRSE: 0.5298, Test Loss: 1428.2653, Test Node Loss: 30.1690, Test Reg Loss: 13.9810, Test MAPE: 18.7916, Test R: 0.8404, Test RRSE: 0.9183
2025-02-10 15:32:06,608:INFO:Epoch 96: Train Loss: 494.0125, Train Node Loss: 39.8024, Train Reg Loss: 4.5421, Train MAPE: 17.3967, Train R: 0.8407, Train RRSE: 0.5531, Test Loss: 661.7505, Test Node Loss: 42.1136, Test Reg Loss: 6.1964, Test MAPE: 17.4215, Test R: 0.8451, Test RRSE: 0.6113
2025-02-10 15:32:26,539:INFO:Epoch 97: Train Loss: 440.7817, Train Node Loss: 45.0362, Train Reg Loss: 3.9575, Train MAPE: 17.8427, Train R: 0.8623, Train RRSE: 0.5162, Test Loss: 957.8452, Test Node Loss: 34.7522, Test Reg Loss: 9.2309, Test MAPE: 17.7659, Test R: 0.8437, Test RRSE: 0.7462
2025-02-10 15:32:46,039:INFO:Epoch 98: Train Loss: 440.6148, Train Node Loss: 38.3905, Train Reg Loss: 4.0222, Train MAPE: 17.2741, Train R: 0.8623, Train RRSE: 0.5204, Test Loss: 878.8599, Test Node Loss: 35.1131, Test Reg Loss: 8.4375, Test MAPE: 17.5872, Test R: 0.8445, Test RRSE: 0.7134
2025-02-10 15:33:05,444:INFO:Epoch 99: Train Loss: 455.7194, Train Node Loss: 42.8424, Train Reg Loss: 4.1288, Train MAPE: 17.7346, Train R: 0.8545, Train RRSE: 0.5273, Test Loss: 824.6972, Test Node Loss: 35.4777, Test Reg Loss: 7.8922, Test MAPE: 17.4263, Test R: 0.8445, Test RRSE: 0.6899
2025-02-10 15:33:25,535:INFO:Epoch 100: Train Loss: 467.6900, Train Node Loss: 37.2282, Train Reg Loss: 4.3046, Train MAPE: 17.3853, Train R: 0.8484, Train RRSE: 0.5384, Test Loss: 862.7377, Test Node Loss: 33.5322, Test Reg Loss: 8.2921, Test MAPE: 17.5889, Test R: 0.8445, Test RRSE: 0.7072
2025-02-10 15:33:45,023:INFO:Epoch 101: Train Loss: 439.1131, Train Node Loss: 40.4743, Train Reg Loss: 3.9864, Train MAPE: 17.7816, Train R: 0.8590, Train RRSE: 0.5181, Test Loss: 643.6943, Test Node Loss: 37.4199, Test Reg Loss: 6.0627, Test MAPE: 17.4050, Test R: 0.8467, Test RRSE: 0.6047
2025-02-10 15:34:04,491:INFO:Epoch 102: Train Loss: 417.7742, Train Node Loss: 39.2908, Train Reg Loss: 3.7848, Train MAPE: 17.6146, Train R: 0.8669, Train RRSE: 0.5048, Test Loss: 1113.0535, Test Node Loss: 28.7452, Test Reg Loss: 10.8431, Test MAPE: 18.0357, Test R: 0.8442, Test RRSE: 0.8087
2025-02-10 15:34:24,626:INFO:Epoch 103: Train Loss: 447.1645, Train Node Loss: 34.9445, Train Reg Loss: 4.1222, Train MAPE: 17.2030, Train R: 0.8573, Train RRSE: 0.5269, Test Loss: 756.4079, Test Node Loss: 34.4247, Test Reg Loss: 7.2198, Test MAPE: 17.5500, Test R: 0.8455, Test RRSE: 0.6599
2025-02-10 15:34:43,994:INFO:Epoch 104: Train Loss: 493.0119, Train Node Loss: 41.4267, Train Reg Loss: 4.5159, Train MAPE: 18.2196, Train R: 0.8436, Train RRSE: 0.5515, Test Loss: 938.3975, Test Node Loss: 30.3470, Test Reg Loss: 9.0805, Test MAPE: 17.7419, Test R: 0.8448, Test RRSE: 0.7401
2025-02-10 15:35:03,383:INFO:Epoch 105: Train Loss: 466.3754, Train Node Loss: 33.1612, Train Reg Loss: 4.3321, Train MAPE: 17.2892, Train R: 0.8500, Train RRSE: 0.5401, Test Loss: 1178.6002, Test Node Loss: 26.1777, Test Reg Loss: 11.5242, Test MAPE: 18.2895, Test R: 0.8434, Test RRSE: 0.8337
2025-02-10 15:35:22,709:INFO:Epoch 106: Train Loss: 449.0778, Train Node Loss: 36.1244, Train Reg Loss: 4.1295, Train MAPE: 17.6209, Train R: 0.8519, Train RRSE: 0.5273, Test Loss: 535.8168, Test Node Loss: 38.0085, Test Reg Loss: 4.9781, Test MAPE: 17.6148, Test R: 0.8486, Test RRSE: 0.5479
2025-02-10 15:35:42,713:INFO:Epoch 107: Train Loss: 453.3525, Train Node Loss: 34.4839, Train Reg Loss: 4.1887, Train MAPE: 17.5422, Train R: 0.8501, Train RRSE: 0.5311, Test Loss: 1232.9347, Test Node Loss: 24.4894, Test Reg Loss: 12.0845, Test MAPE: 18.3480, Test R: 0.8444, Test RRSE: 0.8537
2025-02-10 15:36:02,735:INFO:Epoch 108: Train Loss: 415.6265, Train Node Loss: 32.7684, Train Reg Loss: 3.8286, Train MAPE: 17.5100, Train R: 0.8653, Train RRSE: 0.5078, Test Loss: 647.9561, Test Node Loss: 33.1071, Test Reg Loss: 6.1485, Test MAPE: 17.2832, Test R: 0.8474, Test RRSE: 0.6090
2025-02-10 15:36:22,627:INFO:Epoch 109: Train Loss: 484.2579, Train Node Loss: 34.7450, Train Reg Loss: 4.4951, Train MAPE: 17.7290, Train R: 0.8369, Train RRSE: 0.5502, Test Loss: 1147.6863, Test Node Loss: 25.2080, Test Reg Loss: 11.2248, Test MAPE: 18.2045, Test R: 0.8437, Test RRSE: 0.8228
2025-02-10 15:36:42,125:INFO:Epoch 110: Train Loss: 483.9886, Train Node Loss: 33.7557, Train Reg Loss: 4.5023, Train MAPE: 17.8329, Train R: 0.8351, Train RRSE: 0.5506, Test Loss: 820.2696, Test Node Loss: 28.4264, Test Reg Loss: 7.9184, Test MAPE: 17.6582, Test R: 0.8467, Test RRSE: 0.6911
2025-02-10 15:37:01,386:INFO:Epoch 111: Train Loss: 448.2816, Train Node Loss: 30.7584, Train Reg Loss: 4.1752, Train MAPE: 17.4417, Train R: 0.8515, Train RRSE: 0.5302, Test Loss: 711.4512, Test Node Loss: 28.9665, Test Reg Loss: 6.8248, Test MAPE: 17.5156, Test R: 0.8483, Test RRSE: 0.6416
2025-02-10 15:37:20,889:INFO:Epoch 112: Train Loss: 435.1755, Train Node Loss: 34.0029, Train Reg Loss: 4.0117, Train MAPE: 17.8229, Train R: 0.8619, Train RRSE: 0.5198, Test Loss: 646.1963, Test Node Loss: 29.7365, Test Reg Loss: 6.1646, Test MAPE: 17.3488, Test R: 0.8490, Test RRSE: 0.6098
2025-02-10 15:37:40,252:INFO:Epoch 113: Train Loss: 424.8129, Train Node Loss: 30.2599, Train Reg Loss: 3.9455, Train MAPE: 17.4545, Train R: 0.8597, Train RRSE: 0.5155, Test Loss: 1296.8194, Test Node Loss: 21.2519, Test Reg Loss: 12.7557, Test MAPE: 18.6211, Test R: 0.8445, Test RRSE: 0.8771
2025-02-10 15:37:59,675:INFO:Epoch 114: Train Loss: 436.8789, Train Node Loss: 29.1895, Train Reg Loss: 4.0769, Train MAPE: 17.5591, Train R: 0.8551, Train RRSE: 0.5240, Test Loss: 719.1454, Test Node Loss: 28.2452, Test Reg Loss: 6.9090, Test MAPE: 17.6370, Test R: 0.8470, Test RRSE: 0.6455
2025-02-10 15:38:19,339:INFO:Epoch 115: Train Loss: 435.2510, Train Node Loss: 31.6280, Train Reg Loss: 4.0362, Train MAPE: 17.9261, Train R: 0.8555, Train RRSE: 0.5213, Test Loss: 1030.0246, Test Node Loss: 23.6825, Test Reg Loss: 10.0634, Test MAPE: 18.2790, Test R: 0.8452, Test RRSE: 0.7791
2025-02-10 15:38:39,413:INFO:Epoch 116: Train Loss: 417.2775, Train Node Loss: 28.6161, Train Reg Loss: 3.8866, Train MAPE: 17.6004, Train R: 0.8616, Train RRSE: 0.5116, Test Loss: 984.4878, Test Node Loss: 23.5267, Test Reg Loss: 9.6096, Test MAPE: 18.1359, Test R: 0.8460, Test RRSE: 0.7613
2025-02-10 15:38:59,076:INFO:Epoch 117: Train Loss: 411.1688, Train Node Loss: 28.5926, Train Reg Loss: 3.8258, Train MAPE: 17.6112, Train R: 0.8639, Train RRSE: 0.5076, Test Loss: 603.2916, Test Node Loss: 28.8447, Test Reg Loss: 5.7445, Test MAPE: 17.4618, Test R: 0.8494, Test RRSE: 0.5886
2025-02-10 15:39:18,710:INFO:Epoch 118: Train Loss: 413.5610, Train Node Loss: 29.4302, Train Reg Loss: 3.8413, Train MAPE: 17.6374, Train R: 0.8653, Train RRSE: 0.5086, Test Loss: 933.0780, Test Node Loss: 23.5082, Test Reg Loss: 9.0957, Test MAPE: 17.6411, Test R: 0.8471, Test RRSE: 0.7407
2025-02-10 15:39:38,832:INFO:Epoch 119: Train Loss: 435.2128, Train Node Loss: 27.0243, Train Reg Loss: 4.0819, Train MAPE: 17.5865, Train R: 0.8547, Train RRSE: 0.5243, Test Loss: 814.1324, Test Node Loss: 24.7947, Test Reg Loss: 7.8934, Test MAPE: 17.6058, Test R: 0.8481, Test RRSE: 0.6900
2025-02-10 15:39:58,817:INFO:Epoch 120: Train Loss: 413.6256, Train Node Loss: 30.0562, Train Reg Loss: 3.8357, Train MAPE: 17.9972, Train R: 0.8660, Train RRSE: 0.5082, Test Loss: 1071.8848, Test Node Loss: 21.8421, Test Reg Loss: 10.5004, Test MAPE: 18.3219, Test R: 0.8473, Test RRSE: 0.7958
2025-02-10 15:40:19,005:INFO:Epoch 121: Train Loss: 420.6936, Train Node Loss: 26.2055, Train Reg Loss: 3.9449, Train MAPE: 17.7978, Train R: 0.8597, Train RRSE: 0.5154, Test Loss: 1067.1954, Test Node Loss: 21.3731, Test Reg Loss: 10.4582, Test MAPE: 18.3180, Test R: 0.8475, Test RRSE: 0.7942
2025-02-10 15:40:38,632:INFO:Epoch 122: Train Loss: 423.2377, Train Node Loss: 26.7821, Train Reg Loss: 3.9646, Train MAPE: 17.7230, Train R: 0.8574, Train RRSE: 0.5167, Test Loss: 809.8706, Test Node Loss: 23.4830, Test Reg Loss: 7.8639, Test MAPE: 17.7873, Test R: 0.8499, Test RRSE: 0.6887
2025-02-10 15:40:58,489:INFO:Epoch 123: Train Loss: 399.5670, Train Node Loss: 27.4697, Train Reg Loss: 3.7210, Train MAPE: 17.7342, Train R: 0.8703, Train RRSE: 0.5006, Test Loss: 846.7369, Test Node Loss: 22.7029, Test Reg Loss: 8.2403, Test MAPE: 17.8405, Test R: 0.8502, Test RRSE: 0.7050
2025-02-10 15:41:18,508:INFO:Epoch 124: Train Loss: 398.3491, Train Node Loss: 25.9767, Train Reg Loss: 3.7237, Train MAPE: 17.6553, Train R: 0.8678, Train RRSE: 0.5008, Test Loss: 1251.6307, Test Node Loss: 18.8028, Test Reg Loss: 12.3283, Test MAPE: 18.8885, Test R: 0.8474, Test RRSE: 0.8623
2025-02-10 15:41:38,422:INFO:Epoch 125: Train Loss: 390.4081, Train Node Loss: 25.2365, Train Reg Loss: 3.6517, Train MAPE: 17.8934, Train R: 0.8695, Train RRSE: 0.4959, Test Loss: 782.5014, Test Node Loss: 22.4565, Test Reg Loss: 7.6004, Test MAPE: 17.9230, Test R: 0.8506, Test RRSE: 0.6771
2025-02-10 15:41:58,444:INFO:Epoch 126: Train Loss: 395.1317, Train Node Loss: 25.8518, Train Reg Loss: 3.6928, Train MAPE: 17.8902, Train R: 0.8683, Train RRSE: 0.4987, Test Loss: 870.7108, Test Node Loss: 20.8752, Test Reg Loss: 8.4984, Test MAPE: 18.0709, Test R: 0.8499, Test RRSE: 0.7159
2025-02-10 15:42:18,949:INFO:Epoch 127: Train Loss: 387.6229, Train Node Loss: 23.4773, Train Reg Loss: 3.6415, Train MAPE: 17.3661, Train R: 0.8731, Train RRSE: 0.4952, Test Loss: 890.6888, Test Node Loss: 20.3094, Test Reg Loss: 8.7038, Test MAPE: 18.0189, Test R: 0.8498, Test RRSE: 0.7245
2025-02-10 15:42:39,536:INFO:Epoch 128: Train Loss: 413.5574, Train Node Loss: 25.1061, Train Reg Loss: 3.8845, Train MAPE: 17.9070, Train R: 0.8610, Train RRSE: 0.5115, Test Loss: 779.2215, Test Node Loss: 21.5218, Test Reg Loss: 7.5770, Test MAPE: 17.9696, Test R: 0.8505, Test RRSE: 0.6760
2025-02-10 15:43:00,098:INFO:Epoch 129: Train Loss: 411.9469, Train Node Loss: 23.1854, Train Reg Loss: 3.8876, Train MAPE: 17.7204, Train R: 0.8609, Train RRSE: 0.5117, Test Loss: 1088.1650, Test Node Loss: 17.9772, Test Reg Loss: 10.7019, Test MAPE: 18.6084, Test R: 0.8495, Test RRSE: 0.8034
2025-02-10 15:43:20,620:INFO:Epoch 130: Train Loss: 397.0169, Train Node Loss: 22.5106, Train Reg Loss: 3.7451, Train MAPE: 17.5412, Train R: 0.8680, Train RRSE: 0.5022, Test Loss: 693.8706, Test Node Loss: 21.4267, Test Reg Loss: 6.7244, Test MAPE: 17.7468, Test R: 0.8519, Test RRSE: 0.6369
2025-02-10 15:43:41,083:INFO:Epoch 131: Train Loss: 427.6039, Train Node Loss: 23.6376, Train Reg Loss: 4.0397, Train MAPE: 17.7127, Train R: 0.8552, Train RRSE: 0.5216, Test Loss: 701.3743, Test Node Loss: 21.2164, Test Reg Loss: 6.8016, Test MAPE: 17.5803, Test R: 0.8515, Test RRSE: 0.6405
2025-02-10 15:44:01,213:INFO:Epoch 132: Train Loss: 377.5907, Train Node Loss: 23.1032, Train Reg Loss: 3.5449, Train MAPE: 17.8840, Train R: 0.8733, Train RRSE: 0.4886, Test Loss: 921.4107, Test Node Loss: 18.4244, Test Reg Loss: 9.0299, Test MAPE: 18.4345, Test R: 0.8500, Test RRSE: 0.7380
2025-02-10 15:44:21,718:INFO:Epoch 133: Train Loss: 392.0117, Train Node Loss: 21.8498, Train Reg Loss: 3.7016, Train MAPE: 17.8874, Train R: 0.8674, Train RRSE: 0.4993, Test Loss: 646.4200, Test Node Loss: 20.8985, Test Reg Loss: 6.2552, Test MAPE: 18.0357, Test R: 0.8516, Test RRSE: 0.6142
2025-02-10 15:44:41,567:INFO:Epoch 134: Train Loss: 390.3720, Train Node Loss: 21.3126, Train Reg Loss: 3.6906, Train MAPE: 17.7551, Train R: 0.8683, Train RRSE: 0.4985, Test Loss: 816.3819, Test Node Loss: 18.3368, Test Reg Loss: 7.9805, Test MAPE: 18.0518, Test R: 0.8517, Test RRSE: 0.6938
2025-02-10 15:45:01,892:INFO:Epoch 135: Train Loss: 374.5005, Train Node Loss: 22.2888, Train Reg Loss: 3.5221, Train MAPE: 18.0324, Train R: 0.8750, Train RRSE: 0.4870, Test Loss: 785.8987, Test Node Loss: 19.0744, Test Reg Loss: 7.6682, Test MAPE: 17.9158, Test R: 0.8529, Test RRSE: 0.6801
2025-02-10 15:45:21,869:INFO:Epoch 136: Train Loss: 409.3326, Train Node Loss: 20.3742, Train Reg Loss: 3.8896, Train MAPE: 17.5300, Train R: 0.8621, Train RRSE: 0.5118, Test Loss: 959.7741, Test Node Loss: 17.5225, Test Reg Loss: 9.4225, Test MAPE: 18.3463, Test R: 0.8523, Test RRSE: 0.7539
2025-02-10 15:45:41,786:INFO:Epoch 137: Train Loss: 395.9520, Train Node Loss: 22.1940, Train Reg Loss: 3.7376, Train MAPE: 17.9670, Train R: 0.8679, Train RRSE: 0.5017, Test Loss: 656.6784, Test Node Loss: 20.5372, Test Reg Loss: 6.3614, Test MAPE: 18.2020, Test R: 0.8542, Test RRSE: 0.6194
2025-02-10 15:46:01,677:INFO:Epoch 138: Train Loss: 393.4451, Train Node Loss: 20.7151, Train Reg Loss: 3.7273, Train MAPE: 18.0501, Train R: 0.8656, Train RRSE: 0.5010, Test Loss: 1158.1742, Test Node Loss: 15.2038, Test Reg Loss: 11.4297, Test MAPE: 18.9363, Test R: 0.8517, Test RRSE: 0.8303
2025-02-10 15:46:21,723:INFO:Epoch 139: Train Loss: 386.9922, Train Node Loss: 19.7047, Train Reg Loss: 3.6729, Train MAPE: 17.7921, Train R: 0.8693, Train RRSE: 0.4973, Test Loss: 531.8372, Test Node Loss: 21.2808, Test Reg Loss: 5.1056, Test MAPE: 18.0107, Test R: 0.8558, Test RRSE: 0.5549
2025-02-10 15:46:42,241:INFO:Epoch 140: Train Loss: 403.7348, Train Node Loss: 20.0752, Train Reg Loss: 3.8366, Train MAPE: 17.8825, Train R: 0.8628, Train RRSE: 0.5083, Test Loss: 851.2730, Test Node Loss: 16.2358, Test Reg Loss: 8.3504, Test MAPE: 18.1911, Test R: 0.8539, Test RRSE: 0.7097
2025-02-10 15:47:02,148:INFO:Epoch 141: Train Loss: 384.2301, Train Node Loss: 20.8023, Train Reg Loss: 3.6343, Train MAPE: 18.2408, Train R: 0.8722, Train RRSE: 0.4947, Test Loss: 781.5614, Test Node Loss: 17.0871, Test Reg Loss: 7.6447, Test MAPE: 18.2112, Test R: 0.8546, Test RRSE: 0.6790
2025-02-10 15:47:22,159:INFO:Epoch 142: Train Loss: 403.5484, Train Node Loss: 17.7336, Train Reg Loss: 3.8581, Train MAPE: 17.8176, Train R: 0.8648, Train RRSE: 0.5097, Test Loss: 1108.2501, Test Node Loss: 14.0528, Test Reg Loss: 10.9420, Test MAPE: 18.8360, Test R: 0.8532, Test RRSE: 0.8124
2025-02-10 15:47:42,103:INFO:Epoch 143: Train Loss: 358.8196, Train Node Loss: 19.3679, Train Reg Loss: 3.3945, Train MAPE: 18.1930, Train R: 0.8789, Train RRSE: 0.4781, Test Loss: 586.1882, Test Node Loss: 18.8050, Test Reg Loss: 5.6738, Test MAPE: 17.9765, Test R: 0.8564, Test RRSE: 0.5850
2025-02-10 15:48:02,097:INFO:Epoch 144: Train Loss: 374.6745, Train Node Loss: 18.7231, Train Reg Loss: 3.5595, Train MAPE: 17.8096, Train R: 0.8738, Train RRSE: 0.4896, Test Loss: 1153.5006, Test Node Loss: 13.0736, Test Reg Loss: 11.4043, Test MAPE: 18.6053, Test R: 0.8542, Test RRSE: 0.8294
2025-02-10 15:48:22,097:INFO:Epoch 145: Train Loss: 388.1326, Train Node Loss: 18.5361, Train Reg Loss: 3.6960, Train MAPE: 17.9417, Train R: 0.8676, Train RRSE: 0.4989, Test Loss: 747.4754, Test Node Loss: 16.1481, Test Reg Loss: 7.3133, Test MAPE: 18.1262, Test R: 0.8554, Test RRSE: 0.6641
2025-02-10 15:48:41,978:INFO:Epoch 146: Train Loss: 398.5176, Train Node Loss: 16.9592, Train Reg Loss: 3.8156, Train MAPE: 17.8001, Train R: 0.8644, Train RRSE: 0.5069, Test Loss: 987.7623, Test Node Loss: 13.4936, Test Reg Loss: 9.7427, Test MAPE: 18.6288, Test R: 0.8537, Test RRSE: 0.7666
2025-02-10 15:49:01,946:INFO:Epoch 147: Train Loss: 381.0294, Train Node Loss: 18.4432, Train Reg Loss: 3.6259, Train MAPE: 18.3157, Train R: 0.8706, Train RRSE: 0.4941, Test Loss: 644.6285, Test Node Loss: 16.7035, Test Reg Loss: 6.2792, Test MAPE: 18.0403, Test R: 0.8558, Test RRSE: 0.6154
2025-02-10 15:49:21,747:INFO:Epoch 148: Train Loss: 421.0095, Train Node Loss: 16.2515, Train Reg Loss: 4.0476, Train MAPE: 17.7817, Train R: 0.8553, Train RRSE: 0.5221, Test Loss: 1187.8867, Test Node Loss: 11.7555, Test Reg Loss: 11.7613, Test MAPE: 18.7766, Test R: 0.8540, Test RRSE: 0.8422
2025-02-10 15:49:41,550:INFO:Epoch 149: Train Loss: 372.9134, Train Node Loss: 16.8926, Train Reg Loss: 3.5602, Train MAPE: 17.8129, Train R: 0.8744, Train RRSE: 0.4896, Test Loss: 504.2147, Test Node Loss: 17.7598, Test Reg Loss: 4.8645, Test MAPE: 18.0753, Test R: 0.8573, Test RRSE: 0.5417
2025-02-10 15:50:01,340:INFO:Epoch 150: Train Loss: 388.9685, Train Node Loss: 17.7617, Train Reg Loss: 3.7121, Train MAPE: 18.1682, Train R: 0.8704, Train RRSE: 0.5000, Test Loss: 1658.1703, Test Node Loss: 9.4751, Test Reg Loss: 16.4870, Test MAPE: 20.1234, Test R: 0.8507, Test RRSE: 0.9972
2025-02-10 15:50:21,087:INFO:Epoch 151: Train Loss: 380.9607, Train Node Loss: 14.7807, Train Reg Loss: 3.6618, Train MAPE: 17.8673, Train R: 0.8727, Train RRSE: 0.4966, Test Loss: 998.0820, Test Node Loss: 12.8561, Test Reg Loss: 9.8523, Test MAPE: 18.8272, Test R: 0.8540, Test RRSE: 0.7709
2025-02-10 15:50:41,025:INFO:Epoch 152: Train Loss: 362.5927, Train Node Loss: 17.1246, Train Reg Loss: 3.4547, Train MAPE: 18.1525, Train R: 0.8796, Train RRSE: 0.4823, Test Loss: 1294.6584, Test Node Loss: 10.9865, Test Reg Loss: 12.8367, Test MAPE: 19.2264, Test R: 0.8529, Test RRSE: 0.8799
2025-02-10 15:51:00,914:INFO:Epoch 153: Train Loss: 459.9726, Train Node Loss: 13.3293, Train Reg Loss: 4.4664, Train MAPE: 17.2110, Train R: 0.8485, Train RRSE: 0.5484, Test Loss: 1255.4891, Test Node Loss: 10.8638, Test Reg Loss: 12.4463, Test MAPE: 19.1440, Test R: 0.8541, Test RRSE: 0.8664
2025-02-10 15:51:20,587:INFO:Epoch 154: Train Loss: 472.1952, Train Node Loss: 17.7267, Train Reg Loss: 4.5447, Train MAPE: 18.6309, Train R: 0.8454, Train RRSE: 0.5532, Test Loss: 901.3050, Test Node Loss: 12.3799, Test Reg Loss: 8.8893, Test MAPE: 18.6040, Test R: 0.8558, Test RRSE: 0.7322
2025-02-10 15:51:40,277:INFO:Epoch 155: Train Loss: 383.6393, Train Node Loss: 13.1233, Train Reg Loss: 3.7052, Train MAPE: 17.6361, Train R: 0.8721, Train RRSE: 0.4995, Test Loss: 1532.8965, Test Node Loss: 8.5916, Test Reg Loss: 15.2430, Test MAPE: 19.7884, Test R: 0.8534, Test RRSE: 0.9588
2025-02-10 15:52:00,084:INFO:Epoch 156: Train Loss: 393.7643, Train Node Loss: 13.5999, Train Reg Loss: 3.8016, Train MAPE: 17.9690, Train R: 0.8635, Train RRSE: 0.5060, Test Loss: 547.5337, Test Node Loss: 14.4265, Test Reg Loss: 5.3311, Test MAPE: 18.1614, Test R: 0.8575, Test RRSE: 0.5670
2025-02-10 15:52:19,778:INFO:Epoch 157: Train Loss: 375.6255, Train Node Loss: 14.1399, Train Reg Loss: 3.6149, Train MAPE: 17.9873, Train R: 0.8720, Train RRSE: 0.4934, Test Loss: 1215.6652, Test Node Loss: 9.0765, Test Reg Loss: 12.0659, Test MAPE: 18.9966, Test R: 0.8546, Test RRSE: 0.8531
2025-02-10 15:52:39,490:INFO:Epoch 158: Train Loss: 366.4240, Train Node Loss: 12.3357, Train Reg Loss: 3.5409, Train MAPE: 17.5142, Train R: 0.8767, Train RRSE: 0.4883, Test Loss: 1130.4248, Test Node Loss: 9.4982, Test Reg Loss: 11.2093, Test MAPE: 18.8546, Test R: 0.8552, Test RRSE: 0.8222
2025-02-10 15:52:59,216:INFO:Epoch 159: Train Loss: 375.3690, Train Node Loss: 13.7731, Train Reg Loss: 3.6160, Train MAPE: 18.1706, Train R: 0.8729, Train RRSE: 0.4935, Test Loss: 981.6609, Test Node Loss: 10.3101, Test Reg Loss: 9.7135, Test MAPE: 18.5867, Test R: 0.8558, Test RRSE: 0.7654
2025-02-10 15:53:18,780:INFO:Epoch 160: Train Loss: 343.4128, Train Node Loss: 12.2323, Train Reg Loss: 3.3118, Train MAPE: 17.9295, Train R: 0.8833, Train RRSE: 0.4722, Test Loss: 1745.8634, Test Node Loss: 7.3537, Test Reg Loss: 17.3851, Test MAPE: 20.2419, Test R: 0.8519, Test RRSE: 1.0240
2025-02-10 15:53:38,549:INFO:Epoch 161: Train Loss: 358.2099, Train Node Loss: 12.6463, Train Reg Loss: 3.4556, Train MAPE: 18.1593, Train R: 0.8761, Train RRSE: 0.4824, Test Loss: 657.2017, Test Node Loss: 11.7207, Test Reg Loss: 6.4548, Test MAPE: 18.4299, Test R: 0.8565, Test RRSE: 0.6240
2025-02-10 15:53:58,139:INFO:Epoch 162: Train Loss: 354.4721, Train Node Loss: 12.6504, Train Reg Loss: 3.4182, Train MAPE: 18.1377, Train R: 0.8786, Train RRSE: 0.4798, Test Loss: 1254.8017, Test Node Loss: 7.6574, Test Reg Loss: 12.4714, Test MAPE: 19.0340, Test R: 0.8546, Test RRSE: 0.8673
2025-02-10 15:54:17,713:INFO:Epoch 163: Train Loss: 360.6657, Train Node Loss: 11.1279, Train Reg Loss: 3.4954, Train MAPE: 17.7522, Train R: 0.8774, Train RRSE: 0.4852, Test Loss: 787.6968, Test Node Loss: 10.1991, Test Reg Loss: 7.7750, Test MAPE: 18.4360, Test R: 0.8584, Test RRSE: 0.6848
2025-02-10 15:54:37,287:INFO:Epoch 164: Train Loss: 352.5709, Train Node Loss: 11.5886, Train Reg Loss: 3.4098, Train MAPE: 17.9229, Train R: 0.8792, Train RRSE: 0.4792, Test Loss: 1111.7464, Test Node Loss: 8.2304, Test Reg Loss: 11.0352, Test MAPE: 18.9103, Test R: 0.8570, Test RRSE: 0.8158
2025-02-10 15:54:57,433:INFO:Epoch 165: Train Loss: 352.3296, Train Node Loss: 10.9401, Train Reg Loss: 3.4139, Train MAPE: 17.9456, Train R: 0.8788, Train RRSE: 0.4795, Test Loss: 777.0122, Test Node Loss: 9.9220, Test Reg Loss: 7.6709, Test MAPE: 18.6110, Test R: 0.8575, Test RRSE: 0.6802
2025-02-10 15:55:17,614:INFO:Epoch 166: Train Loss: 337.1975, Train Node Loss: 12.4667, Train Reg Loss: 3.2473, Train MAPE: 18.4961, Train R: 0.8879, Train RRSE: 0.4676, Test Loss: 1054.6317, Test Node Loss: 8.6488, Test Reg Loss: 10.4598, Test MAPE: 18.9505, Test R: 0.8572, Test RRSE: 0.7943
2025-02-10 15:55:37,621:INFO:Epoch 167: Train Loss: 350.3556, Train Node Loss: 10.4565, Train Reg Loss: 3.3990, Train MAPE: 17.8238, Train R: 0.8814, Train RRSE: 0.4784, Test Loss: 1194.7449, Test Node Loss: 7.8439, Test Reg Loss: 11.8690, Test MAPE: 18.9499, Test R: 0.8563, Test RRSE: 0.8461
2025-02-10 15:55:57,200:INFO:Epoch 168: Train Loss: 354.3672, Train Node Loss: 11.5947, Train Reg Loss: 3.4277, Train MAPE: 18.1561, Train R: 0.8781, Train RRSE: 0.4804, Test Loss: 533.5069, Test Node Loss: 11.5634, Test Reg Loss: 5.2194, Test MAPE: 18.5232, Test R: 0.8581, Test RRSE: 0.5611
2025-02-10 15:56:16,657:INFO:Epoch 169: Train Loss: 329.8139, Train Node Loss: 11.6954, Train Reg Loss: 3.1812, Train MAPE: 18.3790, Train R: 0.8878, Train RRSE: 0.4628, Test Loss: 1204.1828, Test Node Loss: 7.5985, Test Reg Loss: 11.9658, Test MAPE: 18.9015, Test R: 0.8565, Test RRSE: 0.8495
2025-02-10 15:56:36,223:INFO:Epoch 170: Train Loss: 350.4923, Train Node Loss: 10.5621, Train Reg Loss: 3.3993, Train MAPE: 18.0255, Train R: 0.8794, Train RRSE: 0.4784, Test Loss: 1253.4264, Test Node Loss: 7.7061, Test Reg Loss: 12.4572, Test MAPE: 19.2999, Test R: 0.8575, Test RRSE: 0.8668
2025-02-10 15:56:56,162:INFO:Epoch 171: Train Loss: 326.6308, Train Node Loss: 10.6828, Train Reg Loss: 3.1595, Train MAPE: 18.0688, Train R: 0.8881, Train RRSE: 0.4613, Test Loss: 1001.5425, Test Node Loss: 8.4253, Test Reg Loss: 9.9312, Test MAPE: 18.8184, Test R: 0.8585, Test RRSE: 0.7739
2025-02-10 15:57:16,050:INFO:Epoch 172: Train Loss: 326.3486, Train Node Loss: 10.3994, Train Reg Loss: 3.1595, Train MAPE: 18.0119, Train R: 0.8883, Train RRSE: 0.4613, Test Loss: 843.1773, Test Node Loss: 8.8117, Test Reg Loss: 8.3437, Test MAPE: 18.6537, Test R: 0.8575, Test RRSE: 0.7094
2025-02-10 15:57:36,094:INFO:Epoch 173: Train Loss: 322.9080, Train Node Loss: 10.4260, Train Reg Loss: 3.1248, Train MAPE: 18.2906, Train R: 0.8887, Train RRSE: 0.4587, Test Loss: 783.7161, Test Node Loss: 8.6746, Test Reg Loss: 7.7504, Test MAPE: 18.5948, Test R: 0.8570, Test RRSE: 0.6837
2025-02-10 15:57:56,123:INFO:Epoch 174: Train Loss: 366.6254, Train Node Loss: 10.2680, Train Reg Loss: 3.5636, Train MAPE: 17.9097, Train R: 0.8724, Train RRSE: 0.4899, Test Loss: 1016.2920, Test Node Loss: 8.3971, Test Reg Loss: 10.0789, Test MAPE: 19.0589, Test R: 0.8592, Test RRSE: 0.7797
2025-02-10 15:58:15,603:INFO:Epoch 175: Train Loss: 393.3496, Train Node Loss: 9.7296, Train Reg Loss: 3.8362, Train MAPE: 17.6574, Train R: 0.8633, Train RRSE: 0.5083, Test Loss: 1456.3952, Test Node Loss: 6.5709, Test Reg Loss: 14.4982, Test MAPE: 19.6228, Test R: 0.8572, Test RRSE: 0.9351
2025-02-10 15:58:35,629:INFO:Epoch 176: Train Loss: 361.9110, Train Node Loss: 11.1597, Train Reg Loss: 3.5075, Train MAPE: 18.2517, Train R: 0.8799, Train RRSE: 0.4860, Test Loss: 855.6583, Test Node Loss: 9.0517, Test Reg Loss: 8.4661, Test MAPE: 19.0256, Test R: 0.8614, Test RRSE: 0.7146
2025-02-10 15:58:55,172:INFO:Epoch 177: Train Loss: 325.4331, Train Node Loss: 9.6092, Train Reg Loss: 3.1582, Train MAPE: 18.0014, Train R: 0.8888, Train RRSE: 0.4612, Test Loss: 1928.7103, Test Node Loss: 5.3891, Test Reg Loss: 19.2332, Test MAPE: 21.2447, Test R: 0.8552, Test RRSE: 1.0770
2025-02-10 15:59:14,657:INFO:Epoch 178: Train Loss: 394.3236, Train Node Loss: 9.9649, Train Reg Loss: 3.8436, Train MAPE: 18.4418, Train R: 0.8612, Train RRSE: 0.5088, Test Loss: 710.2905, Test Node Loss: 8.9166, Test Reg Loss: 7.0137, Test MAPE: 18.8585, Test R: 0.8595, Test RRSE: 0.6504
2025-02-10 15:59:34,102:INFO:Epoch 179: Train Loss: 348.6638, Train Node Loss: 8.7635, Train Reg Loss: 3.3990, Train MAPE: 17.9374, Train R: 0.8799, Train RRSE: 0.4784, Test Loss: 1125.9495, Test Node Loss: 6.5880, Test Reg Loss: 11.1936, Test MAPE: 18.8755, Test R: 0.8576, Test RRSE: 0.8217
2025-02-10 15:59:53,494:INFO:Epoch 180: Train Loss: 316.3629, Train Node Loss: 9.4348, Train Reg Loss: 3.0693, Train MAPE: 17.7861, Train R: 0.8946, Train RRSE: 0.4546, Test Loss: 1006.7325, Test Node Loss: 7.9097, Test Reg Loss: 9.9882, Test MAPE: 19.1227, Test R: 0.8604, Test RRSE: 0.7762
2025-02-10 16:00:13,435:INFO:Epoch 181: Train Loss: 323.4257, Train Node Loss: 10.0407, Train Reg Loss: 3.1339, Train MAPE: 18.4670, Train R: 0.8891, Train RRSE: 0.4594, Test Loss: 2121.8401, Test Node Loss: 5.1047, Test Reg Loss: 21.1674, Test MAPE: 21.9302, Test R: 0.8543, Test RRSE: 1.1299
2025-02-10 16:00:33,454:INFO:Epoch 182: Train Loss: 330.3451, Train Node Loss: 8.5419, Train Reg Loss: 3.2180, Train MAPE: 18.1721, Train R: 0.8873, Train RRSE: 0.4655, Test Loss: 1253.0695, Test Node Loss: 6.5887, Test Reg Loss: 12.4648, Test MAPE: 19.9294, Test R: 0.8588, Test RRSE: 0.8671
2025-02-10 16:00:52,936:INFO:Epoch 183: Train Loss: 355.9765, Train Node Loss: 9.4204, Train Reg Loss: 3.4656, Train MAPE: 18.4892, Train R: 0.8768, Train RRSE: 0.4831, Test Loss: 1408.6428, Test Node Loss: 5.7630, Test Reg Loss: 14.0288, Test MAPE: 19.9676, Test R: 0.8593, Test RRSE: 0.9199
2025-02-10 16:01:12,487:INFO:Epoch 184: Train Loss: 331.4015, Train Node Loss: 8.6000, Train Reg Loss: 3.2280, Train MAPE: 18.0252, Train R: 0.8856, Train RRSE: 0.4662, Test Loss: 1299.4337, Test Node Loss: 5.7027, Test Reg Loss: 12.9373, Test MAPE: 19.3965, Test R: 0.8595, Test RRSE: 0.8833
2025-02-10 16:01:32,505:INFO:Epoch 185: Train Loss: 351.2380, Train Node Loss: 6.9629, Train Reg Loss: 3.4428, Train MAPE: 17.4109, Train R: 0.8871, Train RRSE: 0.4815, Test Loss: 1059.2399, Test Node Loss: 6.5560, Test Reg Loss: 10.5268, Test MAPE: 19.1360, Test R: 0.8620, Test RRSE: 0.7968
2025-02-10 16:01:52,535:INFO:Epoch 186: Train Loss: 340.6900, Train Node Loss: 9.5318, Train Reg Loss: 3.3116, Train MAPE: 18.6323, Train R: 0.8872, Train RRSE: 0.4722, Test Loss: 1245.7055, Test Node Loss: 6.4179, Test Reg Loss: 12.3929, Test MAPE: 19.7547, Test R: 0.8621, Test RRSE: 0.8646
2025-02-10 16:02:12,523:INFO:Epoch 187: Train Loss: 325.6025, Train Node Loss: 7.7979, Train Reg Loss: 3.1780, Train MAPE: 17.9219, Train R: 0.8882, Train RRSE: 0.4626, Test Loss: 1917.4618, Test Node Loss: 4.5042, Test Reg Loss: 19.1296, Test MAPE: 21.0650, Test R: 0.8593, Test RRSE: 1.0741
2025-02-10 16:02:31,926:INFO:Epoch 188: Train Loss: 321.3140, Train Node Loss: 7.1894, Train Reg Loss: 3.1412, Train MAPE: 17.6814, Train R: 0.8929, Train RRSE: 0.4599, Test Loss: 743.1101, Test Node Loss: 7.6504, Test Reg Loss: 7.3546, Test MAPE: 18.8505, Test R: 0.8654, Test RRSE: 0.6660
2025-02-10 16:02:31,946:INFO:Checkpoint saved at best_0.001_0.001_256_SAGE_2_64_0.8654_epoch_188.pth
2025-02-10 16:02:52,026:INFO:Epoch 189: Train Loss: 318.6021, Train Node Loss: 9.2622, Train Reg Loss: 3.0934, Train MAPE: 18.7907, Train R: 0.8976, Train RRSE: 0.4564, Test Loss: 1232.0382, Test Node Loss: 5.5674, Test Reg Loss: 12.2647, Test MAPE: 19.6000, Test R: 0.8628, Test RRSE: 0.8601
2025-02-10 16:03:11,390:INFO:Epoch 190: Train Loss: 317.0434, Train Node Loss: 6.8557, Train Reg Loss: 3.1019, Train MAPE: 17.7746, Train R: 0.8944, Train RRSE: 0.4570, Test Loss: 1661.2901, Test Node Loss: 4.3682, Test Reg Loss: 16.5692, Test MAPE: 20.3359, Test R: 0.8586, Test RRSE: 0.9997
2025-02-10 16:03:31,396:INFO:Epoch 191: Train Loss: 299.2058, Train Node Loss: 6.9576, Train Reg Loss: 2.9225, Train MAPE: 17.9366, Train R: 0.8995, Train RRSE: 0.4436, Test Loss: 693.7243, Test Node Loss: 7.2937, Test Reg Loss: 6.8643, Test MAPE: 18.8429, Test R: 0.8638, Test RRSE: 0.6434
2025-02-10 16:03:50,787:INFO:Epoch 192: Train Loss: 313.3588, Train Node Loss: 8.6505, Train Reg Loss: 3.0471, Train MAPE: 18.4670, Train R: 0.8957, Train RRSE: 0.4530, Test Loss: 1690.8728, Test Node Loss: 5.1785, Test Reg Loss: 16.8569, Test MAPE: 20.7474, Test R: 0.8623, Test RRSE: 1.0083
2025-02-10 16:04:10,270:INFO:Epoch 193: Train Loss: 306.5019, Train Node Loss: 7.3328, Train Reg Loss: 2.9917, Train MAPE: 17.9533, Train R: 0.8956, Train RRSE: 0.4488, Test Loss: 2197.0453, Test Node Loss: 4.1868, Test Reg Loss: 21.9286, Test MAPE: 21.9605, Test R: 0.8595, Test RRSE: 1.1500
2025-02-10 16:04:29,618:INFO:Epoch 194: Train Loss: 306.3036, Train Node Loss: 8.0552, Train Reg Loss: 2.9825, Train MAPE: 18.5750, Train R: 0.8946, Train RRSE: 0.4482, Test Loss: 1035.1451, Test Node Loss: 6.1287, Test Reg Loss: 10.2902, Test MAPE: 19.7870, Test R: 0.8658, Test RRSE: 0.7878
2025-02-10 16:04:29,638:INFO:Checkpoint saved at best_0.001_0.001_256_SAGE_2_64_0.8658_epoch_194.pth
2025-02-10 16:04:49,067:INFO:Epoch 195: Train Loss: 279.7715, Train Node Loss: 7.7031, Train Reg Loss: 2.7207, Train MAPE: 18.6018, Train R: 0.9039, Train RRSE: 0.4280, Test Loss: 1459.6471, Test Node Loss: 4.6132, Test Reg Loss: 14.5503, Test MAPE: 20.2797, Test R: 0.8641, Test RRSE: 0.9368
2025-02-10 16:05:09,094:INFO:Epoch 196: Train Loss: 289.5494, Train Node Loss: 6.5983, Train Reg Loss: 2.8295, Train MAPE: 18.0591, Train R: 0.9018, Train RRSE: 0.4365, Test Loss: 1270.4556, Test Node Loss: 4.9024, Test Reg Loss: 12.6555, Test MAPE: 19.8064, Test R: 0.8618, Test RRSE: 0.8737
2025-02-10 16:05:28,469:INFO:Epoch 197: Train Loss: 327.1955, Train Node Loss: 7.6109, Train Reg Loss: 3.1958, Train MAPE: 18.3535, Train R: 0.8890, Train RRSE: 0.4639, Test Loss: 1209.2629, Test Node Loss: 4.9676, Test Reg Loss: 12.0430, Test MAPE: 19.5448, Test R: 0.8620, Test RRSE: 0.8523
2025-02-10 16:05:48,506:INFO:Epoch 198: Train Loss: 325.9615, Train Node Loss: 6.4308, Train Reg Loss: 3.1953, Train MAPE: 17.9058, Train R: 0.8871, Train RRSE: 0.4639, Test Loss: 1742.2983, Test Node Loss: 3.9834, Test Reg Loss: 17.3831, Test MAPE: 20.9470, Test R: 0.8607, Test RRSE: 1.0239
2025-02-10 16:06:08,400:INFO:Epoch 199: Train Loss: 306.9545, Train Node Loss: 6.2384, Train Reg Loss: 3.0072, Train MAPE: 18.0489, Train R: 0.8951, Train RRSE: 0.4500, Test Loss: 1344.7712, Test Node Loss: 4.7911, Test Reg Loss: 13.3998, Test MAPE: 20.2406, Test R: 0.8630, Test RRSE: 0.8990
2025-02-10 16:06:28,456:INFO:Epoch 200: Train Loss: 281.3816, Train Node Loss: 6.3532, Train Reg Loss: 2.7503, Train MAPE: 18.1964, Train R: 0.9038, Train RRSE: 0.4304, Test Loss: 890.4212, Test Node Loss: 5.3270, Test Reg Loss: 8.8509, Test MAPE: 19.1295, Test R: 0.8643, Test RRSE: 0.7306
2025-02-10 16:06:47,967:INFO:Epoch 201: Train Loss: 341.4494, Train Node Loss: 7.4915, Train Reg Loss: 3.3396, Train MAPE: 18.7978, Train R: 0.8856, Train RRSE: 0.4742, Test Loss: 1067.2081, Test Node Loss: 4.5332, Test Reg Loss: 10.6267, Test MAPE: 19.1574, Test R: 0.8639, Test RRSE: 0.8006
2025-02-10 16:07:07,922:INFO:Epoch 202: Train Loss: 357.9965, Train Node Loss: 4.7611, Train Reg Loss: 3.5324, Train MAPE: 17.3751, Train R: 0.8882, Train RRSE: 0.4877, Test Loss: 1749.3929, Test Node Loss: 3.1996, Test Reg Loss: 17.4619, Test MAPE: 20.4859, Test R: 0.8618, Test RRSE: 1.0263
2025-02-10 16:07:27,372:INFO:Epoch 203: Train Loss: 306.8218, Train Node Loss: 6.8306, Train Reg Loss: 2.9999, Train MAPE: 18.4329, Train R: 0.8945, Train RRSE: 0.4495, Test Loss: 474.3200, Test Node Loss: 7.7962, Test Reg Loss: 4.6652, Test MAPE: 19.3360, Test R: 0.8683, Test RRSE: 0.5305
2025-02-10 16:07:27,402:INFO:Checkpoint saved at best_0.001_0.001_256_SAGE_2_64_0.8683_epoch_203.pth
2025-02-10 16:07:46,657:INFO:Epoch 204: Train Loss: 300.1723, Train Node Loss: 7.1139, Train Reg Loss: 2.9306, Train MAPE: 18.7690, Train R: 0.9000, Train RRSE: 0.4442, Test Loss: 1850.6570, Test Node Loss: 3.0029, Test Reg Loss: 18.4765, Test MAPE: 21.1700, Test R: 0.8658, Test RRSE: 1.0556
2025-02-10 16:08:06,236:INFO:Epoch 205: Train Loss: 308.3992, Train Node Loss: 4.5516, Train Reg Loss: 3.0385, Train MAPE: 17.6491, Train R: 0.9036, Train RRSE: 0.4523, Test Loss: 1634.4384, Test Node Loss: 3.2179, Test Reg Loss: 16.3122, Test MAPE: 20.4605, Test R: 0.8650, Test RRSE: 0.9919
2025-02-10 16:08:26,025:INFO:Epoch 206: Train Loss: 278.3558, Train Node Loss: 5.4886, Train Reg Loss: 2.7287, Train MAPE: 18.2043, Train R: 0.9043, Train RRSE: 0.4287, Test Loss: 883.1297, Test Node Loss: 4.6251, Test Reg Loss: 8.7850, Test MAPE: 19.1443, Test R: 0.8633, Test RRSE: 0.7279
2025-02-10 16:08:46,167:INFO:Epoch 207: Train Loss: 286.3899, Train Node Loss: 5.9734, Train Reg Loss: 2.8042, Train MAPE: 18.5486, Train R: 0.9044, Train RRSE: 0.4346, Test Loss: 1477.7946, Test Node Loss: 3.3853, Test Reg Loss: 14.7441, Test MAPE: 20.2472, Test R: 0.8621, Test RRSE: 0.9430
2025-02-10 16:09:06,196:INFO:Epoch 208: Train Loss: 317.7329, Train Node Loss: 5.0804, Train Reg Loss: 3.1265, Train MAPE: 18.2722, Train R: 0.8888, Train RRSE: 0.4588, Test Loss: 1880.6661, Test Node Loss: 2.8649, Test Reg Loss: 18.7780, Test MAPE: 21.1139, Test R: 0.8615, Test RRSE: 1.0642
2025-02-10 16:09:26,137:INFO:Epoch 209: Train Loss: 288.8953, Train Node Loss: 4.8123, Train Reg Loss: 2.8408, Train MAPE: 18.0196, Train R: 0.9017, Train RRSE: 0.4374, Test Loss: 1238.2810, Test Node Loss: 3.4835, Test Reg Loss: 12.3480, Test MAPE: 19.8449, Test R: 0.8634, Test RRSE: 0.8630
2025-02-10 16:09:46,099:INFO:Epoch 210: Train Loss: 268.0253, Train Node Loss: 5.1255, Train Reg Loss: 2.6290, Train MAPE: 18.3568, Train R: 0.9075, Train RRSE: 0.4208, Test Loss: 1060.0235, Test Node Loss: 3.8503, Test Reg Loss: 10.5617, Test MAPE: 19.3757, Test R: 0.8653, Test RRSE: 0.7981
2025-02-10 16:10:06,124:INFO:Epoch 211: Train Loss: 275.3779, Train Node Loss: 5.1270, Train Reg Loss: 2.7025, Train MAPE: 18.2998, Train R: 0.9052, Train RRSE: 0.4266, Test Loss: 1625.1747, Test Node Loss: 2.8912, Test Reg Loss: 16.2228, Test MAPE: 20.4417, Test R: 0.8630, Test RRSE: 0.9892
2025-02-10 16:10:25,733:INFO:Epoch 212: Train Loss: 264.3346, Train Node Loss: 5.1308, Train Reg Loss: 2.5920, Train MAPE: 18.1114, Train R: 0.9100, Train RRSE: 0.4178, Test Loss: 1701.6749, Test Node Loss: 3.1314, Test Reg Loss: 16.9854, Test MAPE: 20.9881, Test R: 0.8632, Test RRSE: 1.0122
2025-02-10 16:10:45,326:INFO:Epoch 213: Train Loss: 289.4247, Train Node Loss: 4.7300, Train Reg Loss: 2.8469, Train MAPE: 18.2499, Train R: 0.9004, Train RRSE: 0.4379, Test Loss: 2813.5175, Test Node Loss: 2.2587, Test Reg Loss: 28.1126, Test MAPE: 23.7506, Test R: 0.8593, Test RRSE: 1.3021
2025-02-10 16:11:05,604:INFO:Epoch 214: Train Loss: 284.2946, Train Node Loss: 5.3660, Train Reg Loss: 2.7893, Train MAPE: 18.7311, Train R: 0.9015, Train RRSE: 0.4334, Test Loss: 1414.3078, Test Node Loss: 3.8853, Test Reg Loss: 14.1042, Test MAPE: 20.3051, Test R: 0.8638, Test RRSE: 0.9223
2025-02-10 16:11:25,309:INFO:Epoch 215: Train Loss: 296.9665, Train Node Loss: 5.4772, Train Reg Loss: 2.9149, Train MAPE: 18.2745, Train R: 0.8982, Train RRSE: 0.4430, Test Loss: 2368.2459, Test Node Loss: 2.2246, Test Reg Loss: 23.6602, Test MAPE: 21.8761, Test R: 0.8585, Test RRSE: 1.1946
2025-02-10 16:11:45,113:INFO:Epoch 216: Train Loss: 284.9684, Train Node Loss: 4.6500, Train Reg Loss: 2.8032, Train MAPE: 18.1182, Train R: 0.9019, Train RRSE: 0.4345, Test Loss: 605.0105, Test Node Loss: 4.5086, Test Reg Loss: 6.0050, Test MAPE: 19.0933, Test R: 0.8661, Test RRSE: 0.6018
2025-02-10 16:12:04,866:INFO:Epoch 217: Train Loss: 293.5969, Train Node Loss: 5.1619, Train Reg Loss: 2.8844, Train MAPE: 18.6513, Train R: 0.8983, Train RRSE: 0.4407, Test Loss: 928.3491, Test Node Loss: 3.3139, Test Reg Loss: 9.2504, Test MAPE: 19.2316, Test R: 0.8676, Test RRSE: 0.7469
2025-02-10 16:12:24,517:INFO:Epoch 218: Train Loss: 282.6040, Train Node Loss: 4.1587, Train Reg Loss: 2.7845, Train MAPE: 17.9043, Train R: 0.9051, Train RRSE: 0.4330, Test Loss: 1902.8911, Test Node Loss: 2.5903, Test Reg Loss: 19.0030, Test MAPE: 21.4069, Test R: 0.8660, Test RRSE: 1.0706
2025-02-10 16:12:44,690:INFO:Epoch 219: Train Loss: 305.2684, Train Node Loss: 5.3210, Train Reg Loss: 2.9995, Train MAPE: 18.5491, Train R: 0.8946, Train RRSE: 0.4494, Test Loss: 2319.2780, Test Node Loss: 2.8454, Test Reg Loss: 23.1643, Test MAPE: 22.3350, Test R: 0.8629, Test RRSE: 1.1820
2025-02-10 16:13:04,547:INFO:Epoch 220: Train Loss: 287.7662, Train Node Loss: 4.6668, Train Reg Loss: 2.8310, Train MAPE: 17.7354, Train R: 0.9036, Train RRSE: 0.4366, Test Loss: 2070.2148, Test Node Loss: 2.6639, Test Reg Loss: 20.6755, Test MAPE: 21.6578, Test R: 0.8640, Test RRSE: 1.1167
2025-02-10 16:13:24,435:INFO:Epoch 221: Train Loss: 269.7602, Train Node Loss: 5.5419, Train Reg Loss: 2.6422, Train MAPE: 18.7756, Train R: 0.9075, Train RRSE: 0.4218, Test Loss: 784.4149, Test Node Loss: 4.5365, Test Reg Loss: 7.7988, Test MAPE: 19.5547, Test R: 0.8687, Test RRSE: 0.6858
2025-02-10 16:13:24,458:INFO:Checkpoint saved at best_0.001_0.001_256_SAGE_2_64_0.8687_epoch_221.pth
2025-02-10 16:13:44,702:INFO:Epoch 222: Train Loss: 273.9285, Train Node Loss: 4.8592, Train Reg Loss: 2.6907, Train MAPE: 18.5033, Train R: 0.9052, Train RRSE: 0.4257, Test Loss: 1809.5172, Test Node Loss: 2.5105, Test Reg Loss: 18.0701, Test MAPE: 21.1014, Test R: 0.8674, Test RRSE: 1.0440
2025-02-10 16:14:04,942:INFO:Epoch 223: Train Loss: 264.5827, Train Node Loss: 4.6123, Train Reg Loss: 2.5997, Train MAPE: 18.3132, Train R: 0.9092, Train RRSE: 0.4184, Test Loss: 1373.1002, Test Node Loss: 3.2447, Test Reg Loss: 13.6986, Test MAPE: 20.2870, Test R: 0.8647, Test RRSE: 0.9090
2025-02-10 16:14:24,699:INFO:Epoch 224: Train Loss: 273.1585, Train Node Loss: 4.8052, Train Reg Loss: 2.6835, Train MAPE: 18.2495, Train R: 0.9065, Train RRSE: 0.4251, Test Loss: 1923.6210, Test Node Loss: 2.4327, Test Reg Loss: 19.2119, Test MAPE: 21.0316, Test R: 0.8624, Test RRSE: 1.0765
2025-02-10 16:14:44,506:INFO:Epoch 225: Train Loss: 288.3996, Train Node Loss: 4.6015, Train Reg Loss: 2.8380, Train MAPE: 18.2239, Train R: 0.9004, Train RRSE: 0.4372, Test Loss: 1624.3030, Test Node Loss: 2.7454, Test Reg Loss: 16.2156, Test MAPE: 20.7292, Test R: 0.8656, Test RRSE: 0.9890
2025-02-10 16:15:04,971:INFO:Epoch 226: Train Loss: 309.6503, Train Node Loss: 3.9898, Train Reg Loss: 3.0566, Train MAPE: 18.0316, Train R: 0.8944, Train RRSE: 0.4537, Test Loss: 1978.6042, Test Node Loss: 2.3569, Test Reg Loss: 19.7625, Test MAPE: 21.9096, Test R: 0.8699, Test RRSE: 1.0918
2025-02-10 16:15:05,012:INFO:Checkpoint saved at best_0.001_0.001_256_SAGE_2_64_0.8699_epoch_226.pth
2025-02-10 16:15:24,975:INFO:Epoch 227: Train Loss: 274.1529, Train Node Loss: 4.8101, Train Reg Loss: 2.6934, Train MAPE: 18.5302, Train R: 0.9050, Train RRSE: 0.4259, Test Loss: 1296.5859, Test Node Loss: 3.5387, Test Reg Loss: 12.9305, Test MAPE: 19.8456, Test R: 0.8686, Test RRSE: 0.8831
2025-02-10 16:15:44,887:INFO:Epoch 228: Train Loss: 264.1901, Train Node Loss: 5.0076, Train Reg Loss: 2.5918, Train MAPE: 18.4966, Train R: 0.9120, Train RRSE: 0.4178, Test Loss: 2253.8326, Test Node Loss: 2.0770, Test Reg Loss: 22.5176, Test MAPE: 21.9678, Test R: 0.8636, Test RRSE: 1.1654
2025-02-10 16:16:04,903:INFO:Epoch 229: Train Loss: 262.6461, Train Node Loss: 3.9786, Train Reg Loss: 2.5867, Train MAPE: 17.8844, Train R: 0.9119, Train RRSE: 0.4174, Test Loss: 1802.9025, Test Node Loss: 2.3923, Test Reg Loss: 18.0051, Test MAPE: 21.2952, Test R: 0.8654, Test RRSE: 1.0421
2025-02-10 16:16:25,368:INFO:Epoch 230: Train Loss: 259.9373, Train Node Loss: 4.4244, Train Reg Loss: 2.5551, Train MAPE: 18.6215, Train R: 0.9100, Train RRSE: 0.4148, Test Loss: 1256.5003, Test Node Loss: 3.3157, Test Reg Loss: 12.5318, Test MAPE: 20.4583, Test R: 0.8701, Test RRSE: 0.8694
2025-02-10 16:16:25,389:INFO:Checkpoint saved at best_0.001_0.001_256_SAGE_2_64_0.8701_epoch_230.pth
2025-02-10 16:16:45,749:INFO:Epoch 231: Train Loss: 247.2082, Train Node Loss: 4.7069, Train Reg Loss: 2.4250, Train MAPE: 18.6288, Train R: 0.9150, Train RRSE: 0.4041, Test Loss: 2146.1634, Test Node Loss: 2.1654, Test Reg Loss: 21.4400, Test MAPE: 21.7558, Test R: 0.8661, Test RRSE: 1.1372
2025-02-10 16:17:05,421:INFO:Epoch 232: Train Loss: 256.1735, Train Node Loss: 4.1023, Train Reg Loss: 2.5207, Train MAPE: 17.8825, Train R: 0.9146, Train RRSE: 0.4120, Test Loss: 1236.7652, Test Node Loss: 3.1025, Test Reg Loss: 12.3366, Test MAPE: 20.1400, Test R: 0.8680, Test RRSE: 0.8626
2025-02-10 16:17:25,197:INFO:Epoch 233: Train Loss: 238.0124, Train Node Loss: 4.6312, Train Reg Loss: 2.3338, Train MAPE: 18.8012, Train R: 0.9186, Train RRSE: 0.3964, Test Loss: 1165.5452, Test Node Loss: 2.9957, Test Reg Loss: 11.6255, Test MAPE: 20.2781, Test R: 0.8702, Test RRSE: 0.8374
2025-02-10 16:17:25,218:INFO:Checkpoint saved at best_0.001_0.001_256_SAGE_2_64_0.8702_epoch_233.pth
2025-02-10 16:17:45,345:INFO:Epoch 234: Train Loss: 266.1739, Train Node Loss: 4.0024, Train Reg Loss: 2.6217, Train MAPE: 18.4109, Train R: 0.9083, Train RRSE: 0.4202, Test Loss: 1632.8713, Test Node Loss: 2.4501, Test Reg Loss: 16.3042, Test MAPE: 20.9565, Test R: 0.8683, Test RRSE: 0.9917
2025-02-10 16:18:04,968:INFO:Epoch 235: Train Loss: 261.7352, Train Node Loss: 3.8718, Train Reg Loss: 2.5786, Train MAPE: 17.9959, Train R: 0.9109, Train RRSE: 0.4167, Test Loss: 1424.9915, Test Node Loss: 2.8404, Test Reg Loss: 14.2215, Test MAPE: 20.3967, Test R: 0.8678, Test RRSE: 0.9262
2025-02-10 16:18:24,991:INFO:Epoch 236: Train Loss: 245.8299, Train Node Loss: 4.6038, Train Reg Loss: 2.4123, Train MAPE: 18.3899, Train R: 0.9166, Train RRSE: 0.4030, Test Loss: 1912.2735, Test Node Loss: 2.6528, Test Reg Loss: 19.0962, Test MAPE: 21.4115, Test R: 0.8684, Test RRSE: 1.0732
2025-02-10 16:18:44,686:INFO:Epoch 237: Train Loss: 233.1129, Train Node Loss: 4.9712, Train Reg Loss: 2.2814, Train MAPE: 18.7109, Train R: 0.9209, Train RRSE: 0.3920, Test Loss: 2681.4241, Test Node Loss: 1.9551, Test Reg Loss: 26.7947, Test MAPE: 23.3042, Test R: 0.8681, Test RRSE: 1.2713
2025-02-10 16:19:04,698:INFO:Epoch 238: Train Loss: 279.3202, Train Node Loss: 4.1898, Train Reg Loss: 2.7513, Train MAPE: 17.8930, Train R: 0.9051, Train RRSE: 0.4304, Test Loss: 2143.2499, Test Node Loss: 2.5100, Test Reg Loss: 21.4074, Test MAPE: 22.2096, Test R: 0.8687, Test RRSE: 1.1363
2025-02-10 16:19:24,344:INFO:Epoch 239: Train Loss: 277.4636, Train Node Loss: 5.2868, Train Reg Loss: 2.7218, Train MAPE: 19.0658, Train R: 0.9063, Train RRSE: 0.4281, Test Loss: 1538.9683, Test Node Loss: 3.0632, Test Reg Loss: 15.3591, Test MAPE: 20.9521, Test R: 0.8669, Test RRSE: 0.9625
2025-02-10 16:19:44,647:INFO:Epoch 240: Train Loss: 243.2777, Train Node Loss: 4.3696, Train Reg Loss: 2.3891, Train MAPE: 18.0716, Train R: 0.9175, Train RRSE: 0.4011, Test Loss: 2359.4432, Test Node Loss: 2.0577, Test Reg Loss: 23.5739, Test MAPE: 22.3838, Test R: 0.8651, Test RRSE: 1.1924
2025-02-10 16:20:04,778:INFO:Epoch 241: Train Loss: 241.0481, Train Node Loss: 4.5095, Train Reg Loss: 2.3654, Train MAPE: 18.2637, Train R: 0.9175, Train RRSE: 0.3991, Test Loss: 1040.6802, Test Node Loss: 4.0613, Test Reg Loss: 10.3662, Test MAPE: 20.3008, Test R: 0.8678, Test RRSE: 0.7907
2025-02-10 16:20:24,267:INFO:Epoch 242: Train Loss: 242.0806, Train Node Loss: 4.9140, Train Reg Loss: 2.3717, Train MAPE: 18.5610, Train R: 0.9169, Train RRSE: 0.3996, Test Loss: 1681.9488, Test Node Loss: 2.5583, Test Reg Loss: 16.7939, Test MAPE: 20.8425, Test R: 0.8670, Test RRSE: 1.0064
2025-02-10 16:20:43,836:INFO:Epoch 243: Train Loss: 254.1217, Train Node Loss: 4.1691, Train Reg Loss: 2.4995, Train MAPE: 18.1159, Train R: 0.9145, Train RRSE: 0.4103, Test Loss: 1409.4397, Test Node Loss: 3.4246, Test Reg Loss: 14.0602, Test MAPE: 20.7814, Test R: 0.8681, Test RRSE: 0.9209
2025-02-10 16:21:03,267:INFO:Epoch 244: Train Loss: 285.7658, Train Node Loss: 5.8978, Train Reg Loss: 2.7987, Train MAPE: 19.1614, Train R: 0.9067, Train RRSE: 0.4341, Test Loss: 2424.2260, Test Node Loss: 2.1866, Test Reg Loss: 24.2204, Test MAPE: 22.3442, Test R: 0.8630, Test RRSE: 1.2086
2025-02-10 16:21:23,394:INFO:Epoch 245: Train Loss: 327.4165, Train Node Loss: 3.6332, Train Reg Loss: 3.2378, Train MAPE: 17.2534, Train R: 0.8955, Train RRSE: 0.4669, Test Loss: 1154.2421, Test Node Loss: 2.9952, Test Reg Loss: 11.5125, Test MAPE: 19.6170, Test R: 0.8692, Test RRSE: 0.8333
2025-02-10 16:21:42,936:INFO:Epoch 246: Train Loss: 251.6260, Train Node Loss: 5.2121, Train Reg Loss: 2.4641, Train MAPE: 18.7702, Train R: 0.9166, Train RRSE: 0.4074, Test Loss: 440.7840, Test Node Loss: 4.7565, Test Reg Loss: 4.3603, Test MAPE: 19.2756, Test R: 0.8711, Test RRSE: 0.5128
2025-02-10 16:21:42,963:INFO:Checkpoint saved at best_0.001_0.001_256_SAGE_2_64_0.8711_epoch_246.pth
2025-02-10 16:22:02,561:INFO:Epoch 247: Train Loss: 251.9407, Train Node Loss: 4.2295, Train Reg Loss: 2.4771, Train MAPE: 18.4452, Train R: 0.9131, Train RRSE: 0.4084, Test Loss: 1399.3650, Test Node Loss: 2.1840, Test Reg Loss: 13.9718, Test MAPE: 20.3745, Test R: 0.8739, Test RRSE: 0.9180
2025-02-10 16:22:02,578:INFO:Checkpoint saved at best_0.001_0.001_256_SAGE_2_64_0.8739_epoch_247.pth
2025-02-10 16:22:22,243:INFO:Epoch 248: Train Loss: 256.4218, Train Node Loss: 3.6034, Train Reg Loss: 2.5282, Train MAPE: 18.1060, Train R: 0.9142, Train RRSE: 0.4126, Test Loss: 1636.3948, Test Node Loss: 2.3098, Test Reg Loss: 16.3408, Test MAPE: 20.7631, Test R: 0.8698, Test RRSE: 0.9928
2025-02-10 16:22:41,915:INFO:Epoch 249: Train Loss: 268.3516, Train Node Loss: 4.5445, Train Reg Loss: 2.6381, Train MAPE: 18.5632, Train R: 0.9095, Train RRSE: 0.4215, Test Loss: 2092.4984, Test Node Loss: 2.2277, Test Reg Loss: 20.9027, Test MAPE: 21.6420, Test R: 0.8635, Test RRSE: 1.1228
2025-02-10 16:23:01,587:INFO:Epoch 250: Train Loss: 269.4850, Train Node Loss: 4.1880, Train Reg Loss: 2.6530, Train MAPE: 18.2335, Train R: 0.9066, Train RRSE: 0.4227, Test Loss: 2323.9649, Test Node Loss: 1.7619, Test Reg Loss: 23.2220, Test MAPE: 22.3701, Test R: 0.8643, Test RRSE: 1.1835
2025-02-10 16:23:21,185:INFO:Epoch 251: Train Loss: 277.0879, Train Node Loss: 4.5931, Train Reg Loss: 2.7249, Train MAPE: 18.8832, Train R: 0.9049, Train RRSE: 0.4284, Test Loss: 1097.5972, Test Node Loss: 2.9581, Test Reg Loss: 10.9464, Test MAPE: 19.9006, Test R: 0.8687, Test RRSE: 0.8125
2025-02-10 16:23:40,859:INFO:Epoch 252: Train Loss: 240.2202, Train Node Loss: 4.1173, Train Reg Loss: 2.3610, Train MAPE: 18.4299, Train R: 0.9175, Train RRSE: 0.3987, Test Loss: 1926.0659, Test Node Loss: 1.5306, Test Reg Loss: 19.2454, Test MAPE: 21.1164, Test R: 0.8682, Test RRSE: 1.0774
2025-02-10 16:24:00,410:INFO:Epoch 253: Train Loss: 241.1083, Train Node Loss: 3.2840, Train Reg Loss: 2.3782, Train MAPE: 17.9011, Train R: 0.9213, Train RRSE: 0.4002, Test Loss: 1438.8815, Test Node Loss: 2.2434, Test Reg Loss: 14.3664, Test MAPE: 20.3970, Test R: 0.8683, Test RRSE: 0.9309
2025-02-10 16:24:20,068:INFO:Epoch 254: Train Loss: 232.1828, Train Node Loss: 4.0000, Train Reg Loss: 2.2818, Train MAPE: 18.3750, Train R: 0.9204, Train RRSE: 0.3920, Test Loss: 1489.2436, Test Node Loss: 2.5533, Test Reg Loss: 14.8669, Test MAPE: 20.7361, Test R: 0.8670, Test RRSE: 0.9469
2025-02-10 16:24:39,615:INFO:Epoch 255: Train Loss: 247.4474, Train Node Loss: 4.5182, Train Reg Loss: 2.4293, Train MAPE: 18.8604, Train R: 0.9166, Train RRSE: 0.4045, Test Loss: 1709.4810, Test Node Loss: 2.2085, Test Reg Loss: 17.0727, Test MAPE: 20.8658, Test R: 0.8641, Test RRSE: 1.0148
2025-02-10 16:24:59,769:INFO:Epoch 256: Train Loss: 253.8587, Train Node Loss: 3.8948, Train Reg Loss: 2.4996, Train MAPE: 18.0170, Train R: 0.9140, Train RRSE: 0.4103, Test Loss: 2238.5695, Test Node Loss: 1.6307, Test Reg Loss: 22.3694, Test MAPE: 22.0462, Test R: 0.8618, Test RRSE: 1.1615
2025-02-10 16:25:19,414:INFO:Epoch 257: Train Loss: 225.8017, Train Node Loss: 3.9683, Train Reg Loss: 2.2183, Train MAPE: 18.5349, Train R: 0.9226, Train RRSE: 0.3865, Test Loss: 1433.9946, Test Node Loss: 2.5896, Test Reg Loss: 14.3140, Test MAPE: 20.7520, Test R: 0.8652, Test RRSE: 0.9292
2025-02-10 16:25:39,013:INFO:Epoch 258: Train Loss: 244.2651, Train Node Loss: 4.5330, Train Reg Loss: 2.3973, Train MAPE: 18.8574, Train R: 0.9162, Train RRSE: 0.4018, Test Loss: 1576.9238, Test Node Loss: 2.2750, Test Reg Loss: 15.7465, Test MAPE: 20.4519, Test R: 0.8645, Test RRSE: 0.9745
2025-02-10 16:25:58,659:INFO:Epoch 259: Train Loss: 227.3942, Train Node Loss: 3.8366, Train Reg Loss: 2.2356, Train MAPE: 18.1265, Train R: 0.9240, Train RRSE: 0.3880, Test Loss: 1855.7892, Test Node Loss: 1.9766, Test Reg Loss: 18.5381, Test MAPE: 20.9754, Test R: 0.8631, Test RRSE: 1.0574
2025-02-10 16:26:18,771:INFO:Epoch 260: Train Loss: 241.9799, Train Node Loss: 4.0044, Train Reg Loss: 2.3798, Train MAPE: 18.2601, Train R: 0.9171, Train RRSE: 0.4003, Test Loss: 1070.0384, Test Node Loss: 3.0016, Test Reg Loss: 10.6704, Test MAPE: 19.8705, Test R: 0.8672, Test RRSE: 0.8022
2025-02-10 16:26:38,439:INFO:Epoch 261: Train Loss: 234.3332, Train Node Loss: 4.5563, Train Reg Loss: 2.2978, Train MAPE: 18.8181, Train R: 0.9205, Train RRSE: 0.3934, Test Loss: 1698.7945, Test Node Loss: 2.1603, Test Reg Loss: 16.9663, Test MAPE: 20.9501, Test R: 0.8643, Test RRSE: 1.0116
2025-02-10 16:26:58,634:INFO:Epoch 262: Train Loss: 248.0766, Train Node Loss: 4.2090, Train Reg Loss: 2.4387, Train MAPE: 18.4730, Train R: 0.9142, Train RRSE: 0.4052, Test Loss: 2123.7888, Test Node Loss: 1.8043, Test Reg Loss: 21.2198, Test MAPE: 21.6338, Test R: 0.8616, Test RRSE: 1.1313
2025-02-10 16:27:18,873:INFO:Epoch 263: Train Loss: 263.0648, Train Node Loss: 3.9849, Train Reg Loss: 2.5908, Train MAPE: 18.2034, Train R: 0.9100, Train RRSE: 0.4177, Test Loss: 1358.8037, Test Node Loss: 2.5287, Test Reg Loss: 13.5628, Test MAPE: 20.1794, Test R: 0.8652, Test RRSE: 0.9044
2025-02-10 16:27:38,978:INFO:Epoch 264: Train Loss: 273.0055, Train Node Loss: 3.8260, Train Reg Loss: 2.6918, Train MAPE: 18.2140, Train R: 0.9060, Train RRSE: 0.4258, Test Loss: 1236.4169, Test Node Loss: 2.5590, Test Reg Loss: 12.3386, Test MAPE: 19.9858, Test R: 0.8674, Test RRSE: 0.8627
2025-02-10 16:27:59,142:INFO:Epoch 265: Train Loss: 222.0364, Train Node Loss: 4.2417, Train Reg Loss: 2.1779, Train MAPE: 18.7118, Train R: 0.9239, Train RRSE: 0.3830, Test Loss: 1386.0904, Test Node Loss: 2.6918, Test Reg Loss: 13.8340, Test MAPE: 20.6232, Test R: 0.8650, Test RRSE: 0.9134
2025-02-10 16:28:18,850:INFO:Epoch 266: Train Loss: 243.5241, Train Node Loss: 4.1971, Train Reg Loss: 2.3933, Train MAPE: 18.3302, Train R: 0.9161, Train RRSE: 0.4015, Test Loss: 2231.5321, Test Node Loss: 1.7814, Test Reg Loss: 22.2975, Test MAPE: 21.9315, Test R: 0.8587, Test RRSE: 1.1597
2025-02-10 16:28:38,518:INFO:Epoch 267: Train Loss: 285.3936, Train Node Loss: 4.8739, Train Reg Loss: 2.8052, Train MAPE: 18.7506, Train R: 0.9028, Train RRSE: 0.4346, Test Loss: 1312.1033, Test Node Loss: 2.7084, Test Reg Loss: 13.0939, Test MAPE: 20.2293, Test R: 0.8643, Test RRSE: 0.8887
2025-02-10 16:28:58,786:INFO:Epoch 268: Train Loss: 232.7394, Train Node Loss: 3.7638, Train Reg Loss: 2.2898, Train MAPE: 18.0777, Train R: 0.9223, Train RRSE: 0.3927, Test Loss: 2237.7405, Test Node Loss: 1.5212, Test Reg Loss: 22.3622, Test MAPE: 22.1049, Test R: 0.8657, Test RRSE: 1.1614
2025-02-10 16:29:18,491:INFO:Epoch 269: Train Loss: 236.7368, Train Node Loss: 3.9413, Train Reg Loss: 2.3280, Train MAPE: 18.3163, Train R: 0.9190, Train RRSE: 0.3959, Test Loss: 1441.2776, Test Node Loss: 2.6300, Test Reg Loss: 14.3865, Test MAPE: 20.5411, Test R: 0.8656, Test RRSE: 0.9315
2025-02-10 16:29:38,220:INFO:Epoch 270: Train Loss: 235.4410, Train Node Loss: 4.3053, Train Reg Loss: 2.3114, Train MAPE: 18.4284, Train R: 0.9199, Train RRSE: 0.3945, Test Loss: 1681.2028, Test Node Loss: 1.9512, Test Reg Loss: 16.7925, Test MAPE: 20.3050, Test R: 0.8623, Test RRSE: 1.0064
2025-02-10 16:29:57,846:INFO:Epoch 271: Train Loss: 251.8197, Train Node Loss: 4.1249, Train Reg Loss: 2.4769, Train MAPE: 18.4333, Train R: 0.9131, Train RRSE: 0.4084, Test Loss: 1235.6337, Test Node Loss: 2.4591, Test Reg Loss: 12.3317, Test MAPE: 20.0649, Test R: 0.8660, Test RRSE: 0.8624
2025-02-10 16:30:17,958:INFO:Epoch 272: Train Loss: 231.9792, Train Node Loss: 3.6114, Train Reg Loss: 2.2837, Train MAPE: 18.2413, Train R: 0.9211, Train RRSE: 0.3922, Test Loss: 1460.5227, Test Node Loss: 2.0087, Test Reg Loss: 14.5851, Test MAPE: 20.3475, Test R: 0.8669, Test RRSE: 0.9379
2025-02-10 16:30:37,654:INFO:Epoch 273: Train Loss: 249.5877, Train Node Loss: 3.4153, Train Reg Loss: 2.4617, Train MAPE: 18.0447, Train R: 0.9161, Train RRSE: 0.4072, Test Loss: 1195.2684, Test Node Loss: 2.5578, Test Reg Loss: 11.9271, Test MAPE: 20.2653, Test R: 0.8693, Test RRSE: 0.8482
2025-02-10 16:30:57,376:INFO:Epoch 274: Train Loss: 234.6450, Train Node Loss: 4.2460, Train Reg Loss: 2.3040, Train MAPE: 18.8171, Train R: 0.9205, Train RRSE: 0.3939, Test Loss: 1599.4708, Test Node Loss: 2.0563, Test Reg Loss: 15.9741, Test MAPE: 20.7845, Test R: 0.8666, Test RRSE: 0.9816
2025-02-10 16:31:17,658:INFO:Epoch 275: Train Loss: 238.2875, Train Node Loss: 4.2721, Train Reg Loss: 2.3402, Train MAPE: 18.6093, Train R: 0.9206, Train RRSE: 0.3970, Test Loss: 2118.2546, Test Node Loss: 1.4667, Test Reg Loss: 21.1679, Test MAPE: 21.4513, Test R: 0.8635, Test RRSE: 1.1299
2025-02-10 16:31:37,771:INFO:Epoch 276: Train Loss: 407.0452, Train Node Loss: 2.4295, Train Reg Loss: 4.0462, Train MAPE: 17.2304, Train R: 0.8726, Train RRSE: 0.5220, Test Loss: 1515.4818, Test Node Loss: 1.9144, Test Reg Loss: 15.1357, Test MAPE: 20.6790, Test R: 0.8720, Test RRSE: 0.9555
2025-02-10 16:31:57,879:INFO:Epoch 277: Train Loss: 300.0337, Train Node Loss: 4.7701, Train Reg Loss: 2.9526, Train MAPE: 19.4742, Train R: 0.9047, Train RRSE: 0.4459, Test Loss: 424.0530, Test Node Loss: 4.3976, Test Reg Loss: 4.1966, Test MAPE: 19.7256, Test R: 0.8715, Test RRSE: 0.5031
2025-02-10 16:32:17,494:INFO:Epoch 278: Train Loss: 257.0186, Train Node Loss: 3.2108, Train Reg Loss: 2.5381, Train MAPE: 18.4092, Train R: 0.9106, Train RRSE: 0.4134, Test Loss: 2310.9030, Test Node Loss: 0.5386, Test Reg Loss: 23.1036, Test MAPE: 21.3390, Test R: 0.8621, Test RRSE: 1.1805
2025-02-10 16:32:37,555:INFO:Epoch 279: Train Loss: 284.5675, Train Node Loss: 1.8107, Train Reg Loss: 2.8276, Train MAPE: 17.1854, Train R: 0.9136, Train RRSE: 0.4364, Test Loss: 1215.0124, Test Node Loss: 1.1462, Test Reg Loss: 12.1387, Test MAPE: 19.3397, Test R: 0.8647, Test RRSE: 0.8556
2025-02-10 16:32:57,497:INFO:Epoch 280: Train Loss: 242.9964, Train Node Loss: 2.5894, Train Reg Loss: 2.4041, Train MAPE: 18.5014, Train R: 0.9167, Train RRSE: 0.4024, Test Loss: 652.4254, Test Node Loss: 1.8900, Test Reg Loss: 6.5054, Test MAPE: 19.0096, Test R: 0.8650, Test RRSE: 0.6264
2025-02-10 16:33:16,947:INFO:Epoch 281: Train Loss: 317.2352, Train Node Loss: 2.5437, Train Reg Loss: 3.1469, Train MAPE: 18.5594, Train R: 0.8886, Train RRSE: 0.4603, Test Loss: 1155.1851, Test Node Loss: 1.0146, Test Reg Loss: 11.5417, Test MAPE: 19.2899, Test R: 0.8636, Test RRSE: 0.8343
2025-02-10 16:33:37,018:INFO:Epoch 282: Train Loss: 266.1241, Train Node Loss: 2.0914, Train Reg Loss: 2.6403, Train MAPE: 18.0454, Train R: 0.9096, Train RRSE: 0.4217, Test Loss: 1746.7839, Test Node Loss: 1.0189, Test Reg Loss: 17.4577, Test MAPE: 20.8037, Test R: 0.8623, Test RRSE: 1.0261
2025-02-10 16:33:56,468:INFO:Epoch 283: Train Loss: 242.6175, Train Node Loss: 2.6793, Train Reg Loss: 2.3994, Train MAPE: 18.6246, Train R: 0.9165, Train RRSE: 0.4020, Test Loss: 1393.1853, Test Node Loss: 1.4611, Test Reg Loss: 13.9172, Test MAPE: 20.1139, Test R: 0.8633, Test RRSE: 0.9162
2025-02-10 16:34:16,509:INFO:Epoch 284: Train Loss: 236.2815, Train Node Loss: 2.8101, Train Reg Loss: 2.3347, Train MAPE: 18.6066, Train R: 0.9193, Train RRSE: 0.3965, Test Loss: 2138.0536, Test Node Loss: 0.9942, Test Reg Loss: 21.3706, Test MAPE: 21.5686, Test R: 0.8632, Test RRSE: 1.1353
2025-02-10 16:34:36,091:INFO:Epoch 285: Train Loss: 217.7749, Train Node Loss: 2.6203, Train Reg Loss: 2.1515, Train MAPE: 18.3353, Train R: 0.9249, Train RRSE: 0.3806, Test Loss: 2416.7808, Test Node Loss: 0.9150, Test Reg Loss: 24.1587, Test MAPE: 22.4267, Test R: 0.8624, Test RRSE: 1.2071
2025-02-10 16:34:55,701:INFO:Epoch 286: Train Loss: 237.7161, Train Node Loss: 2.6007, Train Reg Loss: 2.3512, Train MAPE: 18.1662, Train R: 0.9188, Train RRSE: 0.3979, Test Loss: 2058.5049, Test Node Loss: 1.1348, Test Reg Loss: 20.5737, Test MAPE: 21.7120, Test R: 0.8623, Test RRSE: 1.1140
2025-02-10 16:35:15,322:INFO:Epoch 287: Train Loss: 253.2810, Train Node Loss: 2.6809, Train Reg Loss: 2.5060, Train MAPE: 18.1517, Train R: 0.9120, Train RRSE: 0.4108, Test Loss: 1708.7581, Test Node Loss: 1.3563, Test Reg Loss: 17.0740, Test MAPE: 21.3076, Test R: 0.8636, Test RRSE: 1.0148
2025-02-10 16:35:35,522:INFO:Epoch 288: Train Loss: 220.9452, Train Node Loss: 2.7935, Train Reg Loss: 2.1815, Train MAPE: 18.7253, Train R: 0.9238, Train RRSE: 0.3833, Test Loss: 2198.7451, Test Node Loss: 1.1662, Test Reg Loss: 21.9758, Test MAPE: 22.3751, Test R: 0.8620, Test RRSE: 1.1513
2025-02-10 16:35:55,740:INFO:Epoch 289: Train Loss: 232.1736, Train Node Loss: 2.7002, Train Reg Loss: 2.2947, Train MAPE: 18.3281, Train R: 0.9200, Train RRSE: 0.3931, Test Loss: 1936.6592, Test Node Loss: 1.2742, Test Reg Loss: 19.3539, Test MAPE: 21.4622, Test R: 0.8586, Test RRSE: 1.0804
2025-02-10 16:36:15,493:INFO:Epoch 290: Train Loss: 246.2618, Train Node Loss: 3.1965, Train Reg Loss: 2.4307, Train MAPE: 18.9140, Train R: 0.9191, Train RRSE: 0.4046, Test Loss: 1353.5638, Test Node Loss: 1.5825, Test Reg Loss: 13.5198, Test MAPE: 20.4160, Test R: 0.8633, Test RRSE: 0.9030
2025-02-10 16:36:35,796:INFO:Epoch 291: Train Loss: 235.0952, Train Node Loss: 2.5395, Train Reg Loss: 2.3256, Train MAPE: 18.2395, Train R: 0.9194, Train RRSE: 0.3957, Test Loss: 2038.8165, Test Node Loss: 0.9248, Test Reg Loss: 20.3789, Test MAPE: 21.5792, Test R: 0.8606, Test RRSE: 1.1087
2025-02-10 16:36:56,031:INFO:Epoch 292: Train Loss: 215.4444, Train Node Loss: 2.4120, Train Reg Loss: 2.1303, Train MAPE: 18.3993, Train R: 0.9274, Train RRSE: 0.3788, Test Loss: 818.8663, Test Node Loss: 2.0044, Test Reg Loss: 8.1686, Test MAPE: 19.4285, Test R: 0.8659, Test RRSE: 0.7019
2025-02-10 16:37:15,732:INFO:Epoch 293: Train Loss: 227.6774, Train Node Loss: 3.1637, Train Reg Loss: 2.2451, Train MAPE: 19.0761, Train R: 0.9229, Train RRSE: 0.3888, Test Loss: 832.8679, Test Node Loss: 1.8848, Test Reg Loss: 8.3098, Test MAPE: 19.7279, Test R: 0.8665, Test RRSE: 0.7080
2025-02-10 16:37:36,164:INFO:Epoch 294: Train Loss: 235.4304, Train Node Loss: 2.5633, Train Reg Loss: 2.3287, Train MAPE: 18.3639, Train R: 0.9185, Train RRSE: 0.3960, Test Loss: 1477.1582, Test Node Loss: 1.0193, Test Reg Loss: 14.7614, Test MAPE: 20.1421, Test R: 0.8654, Test RRSE: 0.9436
2025-02-10 16:37:56,061:INFO:Epoch 295: Train Loss: 227.8040, Train Node Loss: 2.3999, Train Reg Loss: 2.2540, Train MAPE: 18.1471, Train R: 0.9221, Train RRSE: 0.3896, Test Loss: 1641.6281, Test Node Loss: 1.0667, Test Reg Loss: 16.4056, Test MAPE: 20.5079, Test R: 0.8626, Test RRSE: 0.9947
2025-02-10 16:38:16,476:INFO:Epoch 296: Train Loss: 253.3148, Train Node Loss: 2.3573, Train Reg Loss: 2.5096, Train MAPE: 17.9799, Train R: 0.9136, Train RRSE: 0.4111, Test Loss: 1656.5661, Test Node Loss: 1.1441, Test Reg Loss: 16.5542, Test MAPE: 20.8556, Test R: 0.8618, Test RRSE: 0.9992
2025-02-10 16:38:36,442:INFO:Epoch 297: Train Loss: 228.2841, Train Node Loss: 2.8475, Train Reg Loss: 2.2544, Train MAPE: 18.8359, Train R: 0.9212, Train RRSE: 0.3896, Test Loss: 1223.7413, Test Node Loss: 1.7678, Test Reg Loss: 12.2197, Test MAPE: 20.3519, Test R: 0.8624, Test RRSE: 0.8585
2025-02-10 16:38:56,283:INFO:Epoch 298: Train Loss: 229.1770, Train Node Loss: 3.1591, Train Reg Loss: 2.2602, Train MAPE: 18.9371, Train R: 0.9235, Train RRSE: 0.3901, Test Loss: 1911.3343, Test Node Loss: 0.9856, Test Reg Loss: 19.1035, Test MAPE: 20.9271, Test R: 0.8584, Test RRSE: 1.0734
2025-02-10 16:39:15,986:INFO:Epoch 299: Train Loss: 228.2410, Train Node Loss: 2.3153, Train Reg Loss: 2.2593, Train MAPE: 17.9081, Train R: 0.9256, Train RRSE: 0.3901, Test Loss: 1722.2067, Test Node Loss: 1.1293, Test Reg Loss: 17.2108, Test MAPE: 21.0884, Test R: 0.8642, Test RRSE: 1.0188
2025-02-10 16:39:35,902:INFO:Epoch 300: Train Loss: 249.4712, Train Node Loss: 3.0444, Train Reg Loss: 2.4643, Train MAPE: 18.8501, Train R: 0.9137, Train RRSE: 0.4074, Test Loss: 1119.6577, Test Node Loss: 1.9550, Test Reg Loss: 11.1770, Test MAPE: 20.3561, Test R: 0.8660, Test RRSE: 0.8211
2025-02-10 16:39:35,902:INFO:Best performance at epoch 247 with Test MAPE: 0.8739
