2025-02-10 14:55:22,451:INFO:Learning rate: 0.0008
2025-02-10 14:55:22,451:INFO:Weight decay: 0.001
2025-02-10 14:55:22,451:INFO:Batch size: 32
2025-02-10 14:55:22,451:INFO:Number of layers: 3
2025-02-10 14:55:22,451:INFO:Convolution type: SAGE
2025-02-10 14:55:22,452:INFO:Convolution neurons: 256
2025-02-10 15:00:11,433:INFO:Learning rate: 0.0008
2025-02-10 15:00:11,433:INFO:Weight decay: 0.001
2025-02-10 15:00:11,433:INFO:Batch size: 32
2025-02-10 15:00:11,433:INFO:Number of layers: 3
2025-02-10 15:00:11,434:INFO:Convolution type: SAGE
2025-02-10 15:00:11,434:INFO:Convolution neurons: 256
2025-02-10 15:00:31,100:INFO:Epoch 1: Train Loss: 39206.3712, Train Node Loss: 34.0826, Train Reg Loss: 391.7229, Train MAPE: 90.3267, Train R: 0.0952, Train RRSE: 5.1360, Test Loss: 24245.7338, Test Node Loss: 277.7614, Test Reg Loss: 239.6797, Test MAPE: 67.4389, Test R: 0.8258, Test RRSE: 3.8021
2025-02-10 15:00:31,121:INFO:Checkpoint saved at best_0.0008_0.001_256_SAGE_3_32_0.8258_epoch_1.pth
2025-02-10 15:00:50,951:INFO:Epoch 2: Train Loss: 10175.3494, Train Node Loss: 1879.7234, Train Reg Loss: 82.9563, Train MAPE: 36.5972, Train R: 0.0690, Train RRSE: 2.3635, Test Loss: 28489.8324, Test Node Loss: 6016.0928, Test Reg Loss: 224.7374, Test MAPE: 72.3280, Test R: 0.8307, Test RRSE: 3.6817
2025-02-10 15:00:50,980:INFO:Checkpoint saved at best_0.0008_0.001_256_SAGE_3_32_0.8307_epoch_2.pth
2025-02-10 15:01:10,357:INFO:Epoch 3: Train Loss: 4474.8624, Train Node Loss: 1950.8588, Train Reg Loss: 25.2400, Train MAPE: 19.8698, Train R: 0.1518, Train RRSE: 1.3037, Test Loss: 4862.7849, Test Node Loss: 1099.8586, Test Reg Loss: 37.6293, Test MAPE: 21.1688, Test R: 0.8441, Test RRSE: 1.5065
2025-02-10 15:01:10,389:INFO:Checkpoint saved at best_0.0008_0.001_256_SAGE_3_32_0.8441_epoch_3.pth
2025-02-10 15:01:29,088:INFO:Epoch 4: Train Loss: 3607.8148, Train Node Loss: 1091.8837, Train Reg Loss: 25.1593, Train MAPE: 17.5824, Train R: 0.2969, Train RRSE: 1.3016, Test Loss: 2900.3618, Test Node Loss: 1673.0851, Test Reg Loss: 12.2728, Test MAPE: 16.6581, Test R: 0.8479, Test RRSE: 0.8604
2025-02-10 15:01:29,107:INFO:Checkpoint saved at best_0.0008_0.001_256_SAGE_3_32_0.8479_epoch_4.pth
2025-02-10 15:01:48,009:INFO:Epoch 5: Train Loss: 2671.0378, Train Node Loss: 1449.0369, Train Reg Loss: 12.2200, Train MAPE: 16.7690, Train R: 0.6474, Train RRSE: 0.9071, Test Loss: 2370.9746, Test Node Loss: 1097.0873, Test Reg Loss: 12.7389, Test MAPE: 13.7350, Test R: 0.8533, Test RRSE: 0.8765
2025-02-10 15:01:48,026:INFO:Checkpoint saved at best_0.0008_0.001_256_SAGE_3_32_0.8533_epoch_5.pth
2025-02-10 15:02:07,020:INFO:Epoch 6: Train Loss: 2262.0745, Train Node Loss: 907.7409, Train Reg Loss: 13.5433, Train MAPE: 13.6684, Train R: 0.6195, Train RRSE: 0.9550, Test Loss: 2494.8652, Test Node Loss: 815.0141, Test Reg Loss: 16.7985, Test MAPE: 14.6333, Test R: 0.8569, Test RRSE: 1.0066
2025-02-10 15:02:07,038:INFO:Checkpoint saved at best_0.0008_0.001_256_SAGE_3_32_0.8569_epoch_6.pth
2025-02-10 15:02:26,161:INFO:Epoch 7: Train Loss: 1938.0966, Train Node Loss: 920.7596, Train Reg Loss: 10.1734, Train MAPE: 14.2737, Train R: 0.6602, Train RRSE: 0.8277, Test Loss: 1932.5962, Test Node Loss: 878.0478, Test Reg Loss: 10.5455, Test MAPE: 14.1408, Test R: 0.8589, Test RRSE: 0.7975
2025-02-10 15:02:26,179:INFO:Checkpoint saved at best_0.0008_0.001_256_SAGE_3_32_0.8589_epoch_7.pth
2025-02-10 15:02:45,238:INFO:Epoch 8: Train Loss: 1784.6501, Train Node Loss: 786.6292, Train Reg Loss: 9.9802, Train MAPE: 14.1504, Train R: 0.6871, Train RRSE: 0.8198, Test Loss: 2249.2439, Test Node Loss: 619.6395, Test Reg Loss: 16.2960, Test MAPE: 14.8486, Test R: 0.8588, Test RRSE: 0.9914
2025-02-10 15:03:04,442:INFO:Epoch 9: Train Loss: 1757.7866, Train Node Loss: 707.5535, Train Reg Loss: 10.5023, Train MAPE: 14.8280, Train R: 0.6174, Train RRSE: 0.8410, Test Loss: 1852.6182, Test Node Loss: 607.3294, Test Reg Loss: 12.4529, Test MAPE: 14.3107, Test R: 0.8574, Test RRSE: 0.8667
2025-02-10 15:03:23,208:INFO:Epoch 10: Train Loss: 1511.2890, Train Node Loss: 591.5780, Train Reg Loss: 9.1971, Train MAPE: 14.0071, Train R: 0.7713, Train RRSE: 0.7870, Test Loss: 2108.2029, Test Node Loss: 488.3891, Test Reg Loss: 16.1981, Test MAPE: 15.3387, Test R: 0.8529, Test RRSE: 0.9884
2025-02-10 15:03:42,231:INFO:Epoch 11: Train Loss: 1403.4219, Train Node Loss: 579.7559, Train Reg Loss: 8.2367, Train MAPE: 14.7662, Train R: 0.7495, Train RRSE: 0.7448, Test Loss: 1995.5928, Test Node Loss: 450.1161, Test Reg Loss: 15.4548, Test MAPE: 15.6255, Test R: 0.8444, Test RRSE: 0.9655
2025-02-10 15:04:00,891:INFO:Epoch 12: Train Loss: 1267.2742, Train Node Loss: 509.9701, Train Reg Loss: 7.5730, Train MAPE: 15.0683, Train R: 0.7611, Train RRSE: 0.7141, Test Loss: 2242.6342, Test Node Loss: 383.6952, Test Reg Loss: 18.5894, Test MAPE: 17.0018, Test R: 0.8334, Test RRSE: 1.0589
2025-02-10 15:04:19,767:INFO:Epoch 13: Train Loss: 1157.3902, Train Node Loss: 488.7701, Train Reg Loss: 6.6862, Train MAPE: 16.0015, Train R: 0.7622, Train RRSE: 0.6710, Test Loss: 2694.9199, Test Node Loss: 324.5569, Test Reg Loss: 23.7036, Test MAPE: 19.7950, Test R: 0.8211, Test RRSE: 1.1957
2025-02-10 15:04:38,950:INFO:Epoch 14: Train Loss: 1128.1038, Train Node Loss: 422.8304, Train Reg Loss: 7.0527, Train MAPE: 16.1434, Train R: 0.7461, Train RRSE: 0.6892, Test Loss: 1842.5467, Test Node Loss: 346.4061, Test Reg Loss: 14.9614, Test MAPE: 17.5665, Test R: 0.8169, Test RRSE: 0.9499
2025-02-10 15:04:57,589:INFO:Epoch 15: Train Loss: 1107.5838, Train Node Loss: 433.9590, Train Reg Loss: 6.7362, Train MAPE: 17.0286, Train R: 0.7508, Train RRSE: 0.6735, Test Loss: 2357.1262, Test Node Loss: 274.1024, Test Reg Loss: 20.8302, Test MAPE: 19.3826, Test R: 0.8187, Test RRSE: 1.1209
2025-02-10 15:05:17,045:INFO:Epoch 16: Train Loss: 1048.2757, Train Node Loss: 324.0409, Train Reg Loss: 7.2423, Train MAPE: 15.7475, Train R: 0.7759, Train RRSE: 0.6984, Test Loss: 994.4386, Test Node Loss: 382.9190, Test Reg Loss: 6.1152, Test MAPE: 16.7433, Test R: 0.8244, Test RRSE: 0.6073
2025-02-10 15:05:35,962:INFO:Epoch 17: Train Loss: 1099.5333, Train Node Loss: 376.8384, Train Reg Loss: 7.2269, Train MAPE: 17.4557, Train R: 0.7351, Train RRSE: 0.6976, Test Loss: 2936.8900, Test Node Loss: 205.8393, Test Reg Loss: 27.3105, Test MAPE: 21.4861, Test R: 0.8229, Test RRSE: 1.2834
2025-02-10 15:05:55,221:INFO:Epoch 18: Train Loss: 1085.1969, Train Node Loss: 285.9318, Train Reg Loss: 7.9927, Train MAPE: 16.5792, Train R: 0.7054, Train RRSE: 0.7336, Test Loss: 909.7471, Test Node Loss: 338.1502, Test Reg Loss: 5.7160, Test MAPE: 17.0390, Test R: 0.8303, Test RRSE: 0.5872
2025-02-10 15:06:14,157:INFO:Epoch 19: Train Loss: 994.1652, Train Node Loss: 285.3733, Train Reg Loss: 7.0879, Train MAPE: 17.0680, Train R: 0.7261, Train RRSE: 0.6909, Test Loss: 1828.3244, Test Node Loss: 214.2368, Test Reg Loss: 16.1409, Test MAPE: 18.4241, Test R: 0.8288, Test RRSE: 0.9867
2025-02-10 15:06:33,136:INFO:Epoch 20: Train Loss: 950.6880, Train Node Loss: 294.0681, Train Reg Loss: 6.5662, Train MAPE: 17.7556, Train R: 0.7561, Train RRSE: 0.6650, Test Loss: 1502.2200, Test Node Loss: 214.5604, Test Reg Loss: 12.8766, Test MAPE: 17.4704, Test R: 0.8335, Test RRSE: 0.8813
2025-02-10 15:06:52,203:INFO:Epoch 21: Train Loss: 941.8792, Train Node Loss: 217.5966, Train Reg Loss: 7.2428, Train MAPE: 16.5208, Train R: 0.7642, Train RRSE: 0.6984, Test Loss: 863.9694, Test Node Loss: 256.4112, Test Reg Loss: 6.0756, Test MAPE: 16.5640, Test R: 0.8390, Test RRSE: 0.6053
2025-02-10 15:07:11,366:INFO:Epoch 22: Train Loss: 848.0136, Train Node Loss: 245.4168, Train Reg Loss: 6.0260, Train MAPE: 17.2806, Train R: 0.7755, Train RRSE: 0.6370, Test Loss: 1912.8669, Test Node Loss: 171.7931, Test Reg Loss: 17.4107, Test MAPE: 18.9660, Test R: 0.8375, Test RRSE: 1.0248
2025-02-10 15:07:30,286:INFO:Epoch 23: Train Loss: 807.1637, Train Node Loss: 221.0098, Train Reg Loss: 5.8615, Train MAPE: 16.8529, Train R: 0.7810, Train RRSE: 0.6283, Test Loss: 1212.1608, Test Node Loss: 187.5951, Test Reg Loss: 10.2457, Test MAPE: 17.2462, Test R: 0.8414, Test RRSE: 0.7861
2025-02-10 15:07:49,202:INFO:Epoch 24: Train Loss: 745.8694, Train Node Loss: 198.9486, Train Reg Loss: 5.4692, Train MAPE: 16.6360, Train R: 0.8058, Train RRSE: 0.6069, Test Loss: 1465.8523, Test Node Loss: 163.3179, Test Reg Loss: 13.0253, Test MAPE: 17.8540, Test R: 0.8431, Test RRSE: 0.8863
2025-02-10 15:08:07,855:INFO:Epoch 25: Train Loss: 723.9220, Train Node Loss: 189.7787, Train Reg Loss: 5.3414, Train MAPE: 16.9195, Train R: 0.8050, Train RRSE: 0.5997, Test Loss: 957.9508, Test Node Loss: 184.0214, Test Reg Loss: 7.7393, Test MAPE: 17.0360, Test R: 0.8422, Test RRSE: 0.6832
2025-02-10 15:08:26,588:INFO:Epoch 26: Train Loss: 785.5940, Train Node Loss: 172.1385, Train Reg Loss: 6.1346, Train MAPE: 16.7651, Train R: 0.7735, Train RRSE: 0.6427, Test Loss: 947.3568, Test Node Loss: 167.0668, Test Reg Loss: 7.8029, Test MAPE: 16.8694, Test R: 0.8454, Test RRSE: 0.6860
2025-02-10 15:08:45,191:INFO:Epoch 27: Train Loss: 750.9757, Train Node Loss: 171.4963, Train Reg Loss: 5.7948, Train MAPE: 17.2035, Train R: 0.7853, Train RRSE: 0.6247, Test Loss: 1685.2870, Test Node Loss: 127.0076, Test Reg Loss: 15.5828, Test MAPE: 18.7873, Test R: 0.8423, Test RRSE: 0.9695
2025-02-10 15:09:03,571:INFO:Epoch 28: Train Loss: 618.6672, Train Node Loss: 160.2068, Train Reg Loss: 4.5846, Train MAPE: 17.0808, Train R: 0.8360, Train RRSE: 0.5556, Test Loss: 1300.0097, Test Node Loss: 136.7507, Test Reg Loss: 11.6326, Test MAPE: 17.8305, Test R: 0.8437, Test RRSE: 0.8376
2025-02-10 15:09:22,113:INFO:Epoch 29: Train Loss: 648.1689, Train Node Loss: 154.4853, Train Reg Loss: 4.9368, Train MAPE: 17.5786, Train R: 0.8177, Train RRSE: 0.5766, Test Loss: 1769.6138, Test Node Loss: 113.6129, Test Reg Loss: 16.5600, Test MAPE: 19.3433, Test R: 0.8424, Test RRSE: 0.9994
2025-02-10 15:09:40,894:INFO:Epoch 30: Train Loss: 623.6057, Train Node Loss: 132.5097, Train Reg Loss: 4.9110, Train MAPE: 16.6334, Train R: 0.8300, Train RRSE: 0.5751, Test Loss: 851.8800, Test Node Loss: 136.5608, Test Reg Loss: 7.1532, Test MAPE: 16.9635, Test R: 0.8487, Test RRSE: 0.6568
2025-02-10 15:09:59,438:INFO:Epoch 31: Train Loss: 603.1814, Train Node Loss: 138.6439, Train Reg Loss: 4.6454, Train MAPE: 17.4402, Train R: 0.8342, Train RRSE: 0.5593, Test Loss: 3348.0276, Test Node Loss: 74.9051, Test Reg Loss: 32.7312, Test MAPE: 23.9091, Test R: 0.8351, Test RRSE: 1.4050
2025-02-10 15:10:17,935:INFO:Epoch 32: Train Loss: 643.1077, Train Node Loss: 121.6009, Train Reg Loss: 5.2151, Train MAPE: 17.0226, Train R: 0.8099, Train RRSE: 0.5926, Test Loss: 1397.5957, Test Node Loss: 106.7217, Test Reg Loss: 12.9087, Test MAPE: 18.4515, Test R: 0.8408, Test RRSE: 0.8824
2025-02-10 15:10:36,357:INFO:Epoch 33: Train Loss: 594.3931, Train Node Loss: 122.8938, Train Reg Loss: 4.7150, Train MAPE: 17.2762, Train R: 0.8316, Train RRSE: 0.5635, Test Loss: 1642.5591, Test Node Loss: 90.6193, Test Reg Loss: 15.5194, Test MAPE: 19.0349, Test R: 0.8438, Test RRSE: 0.9675
2025-02-10 15:10:54,868:INFO:Epoch 34: Train Loss: 601.4657, Train Node Loss: 112.5443, Train Reg Loss: 4.8892, Train MAPE: 17.3559, Train R: 0.8203, Train RRSE: 0.5738, Test Loss: 1018.2622, Test Node Loss: 98.3150, Test Reg Loss: 9.1995, Test MAPE: 17.6620, Test R: 0.8468, Test RRSE: 0.7449
2025-02-10 15:11:13,857:INFO:Epoch 35: Train Loss: 550.6004, Train Node Loss: 96.9648, Train Reg Loss: 4.5364, Train MAPE: 16.6620, Train R: 0.8482, Train RRSE: 0.5527, Test Loss: 618.7256, Test Node Loss: 119.2043, Test Reg Loss: 4.9952, Test MAPE: 17.3703, Test R: 0.8502, Test RRSE: 0.5489
2025-02-10 15:11:32,320:INFO:Epoch 36: Train Loss: 592.8042, Train Node Loss: 111.6985, Train Reg Loss: 4.8111, Train MAPE: 17.8933, Train R: 0.8313, Train RRSE: 0.5692, Test Loss: 3416.4693, Test Node Loss: 54.5139, Test Reg Loss: 33.6196, Test MAPE: 24.5759, Test R: 0.8366, Test RRSE: 1.4240
2025-02-10 15:11:51,305:INFO:Epoch 37: Train Loss: 629.6295, Train Node Loss: 83.1355, Train Reg Loss: 5.4649, Train MAPE: 17.1691, Train R: 0.8157, Train RRSE: 0.6066, Test Loss: 645.0623, Test Node Loss: 125.6086, Test Reg Loss: 5.1945, Test MAPE: 18.5484, Test R: 0.8524, Test RRSE: 0.5597
2025-02-10 15:12:09,777:INFO:Epoch 38: Train Loss: 589.5857, Train Node Loss: 94.6354, Train Reg Loss: 4.9495, Train MAPE: 17.7952, Train R: 0.8189, Train RRSE: 0.5773, Test Loss: 3790.9327, Test Node Loss: 46.5016, Test Reg Loss: 37.4443, Test MAPE: 25.4234, Test R: 0.8342, Test RRSE: 1.5028
2025-02-10 15:12:28,611:INFO:Epoch 39: Train Loss: 521.3907, Train Node Loss: 82.0681, Train Reg Loss: 4.3932, Train MAPE: 17.5497, Train R: 0.8413, Train RRSE: 0.5439, Test Loss: 691.1217, Test Node Loss: 86.9977, Test Reg Loss: 6.0412, Test MAPE: 17.1556, Test R: 0.8498, Test RRSE: 0.6036
2025-02-10 15:12:47,302:INFO:Epoch 40: Train Loss: 588.3736, Train Node Loss: 73.2228, Train Reg Loss: 5.1515, Train MAPE: 17.2508, Train R: 0.8138, Train RRSE: 0.5890, Test Loss: 1130.5807, Test Node Loss: 70.8206, Test Reg Loss: 10.5976, Test MAPE: 18.1789, Test R: 0.8464, Test RRSE: 0.7995
2025-02-10 15:13:05,772:INFO:Epoch 41: Train Loss: 577.1218, Train Node Loss: 80.0170, Train Reg Loss: 4.9710, Train MAPE: 17.8167, Train R: 0.8267, Train RRSE: 0.5786, Test Loss: 1027.7147, Test Node Loss: 58.8089, Test Reg Loss: 9.6891, Test MAPE: 17.5187, Test R: 0.8473, Test RRSE: 0.7645
2025-02-10 15:13:24,723:INFO:Epoch 42: Train Loss: 532.0273, Train Node Loss: 61.1945, Train Reg Loss: 4.7083, Train MAPE: 17.0401, Train R: 0.8350, Train RRSE: 0.5631, Test Loss: 604.2797, Test Node Loss: 75.5130, Test Reg Loss: 5.2877, Test MAPE: 17.5552, Test R: 0.8491, Test RRSE: 0.5647
2025-02-10 15:13:43,244:INFO:Epoch 43: Train Loss: 526.4778, Train Node Loss: 67.7716, Train Reg Loss: 4.5871, Train MAPE: 17.7291, Train R: 0.8343, Train RRSE: 0.5558, Test Loss: 1563.8040, Test Node Loss: 44.9178, Test Reg Loss: 15.1889, Test MAPE: 19.0145, Test R: 0.8488, Test RRSE: 0.9571
2025-02-10 15:14:01,843:INFO:Epoch 44: Train Loss: 529.5980, Train Node Loss: 55.6514, Train Reg Loss: 4.7395, Train MAPE: 17.1899, Train R: 0.8304, Train RRSE: 0.5649, Test Loss: 756.6816, Test Node Loss: 59.0315, Test Reg Loss: 6.9765, Test MAPE: 17.3341, Test R: 0.8513, Test RRSE: 0.6487
2025-02-10 15:14:20,192:INFO:Epoch 45: Train Loss: 519.7696, Train Node Loss: 58.4901, Train Reg Loss: 4.6128, Train MAPE: 17.5810, Train R: 0.8310, Train RRSE: 0.5573, Test Loss: 3464.1590, Test Node Loss: 32.1660, Test Reg Loss: 34.3199, Test MAPE: 24.8273, Test R: 0.8355, Test RRSE: 1.4387
2025-02-10 15:14:38,756:INFO:Epoch 46: Train Loss: 531.1623, Train Node Loss: 52.6097, Train Reg Loss: 4.7855, Train MAPE: 17.5102, Train R: 0.8263, Train RRSE: 0.5677, Test Loss: 528.6102, Test Node Loss: 68.5115, Test Reg Loss: 4.6010, Test MAPE: 17.8951, Test R: 0.8530, Test RRSE: 0.5268
2025-02-10 15:14:57,407:INFO:Epoch 47: Train Loss: 548.3441, Train Node Loss: 50.8017, Train Reg Loss: 4.9754, Train MAPE: 17.4159, Train R: 0.8167, Train RRSE: 0.5788, Test Loss: 1770.9513, Test Node Loss: 35.0471, Test Reg Loss: 17.3590, Test MAPE: 20.0786, Test R: 0.8494, Test RRSE: 1.0232
2025-02-10 15:15:15,947:INFO:Epoch 48: Train Loss: 454.8306, Train Node Loss: 48.4096, Train Reg Loss: 4.0642, Train MAPE: 17.5571, Train R: 0.8546, Train RRSE: 0.5232, Test Loss: 1355.4167, Test Node Loss: 42.9732, Test Reg Loss: 13.1244, Test MAPE: 19.0574, Test R: 0.8491, Test RRSE: 0.8897
2025-02-10 15:15:34,320:INFO:Epoch 49: Train Loss: 480.4151, Train Node Loss: 44.5725, Train Reg Loss: 4.3584, Train MAPE: 17.7810, Train R: 0.8439, Train RRSE: 0.5418, Test Loss: 1388.6077, Test Node Loss: 39.5776, Test Reg Loss: 13.4903, Test MAPE: 19.2410, Test R: 0.8478, Test RRSE: 0.9020
2025-02-10 15:15:52,760:INFO:Epoch 50: Train Loss: 469.4558, Train Node Loss: 44.4535, Train Reg Loss: 4.2500, Train MAPE: 17.5148, Train R: 0.8481, Train RRSE: 0.5350, Test Loss: 713.3038, Test Node Loss: 42.9226, Test Reg Loss: 6.7038, Test MAPE: 17.4584, Test R: 0.8533, Test RRSE: 0.6359
2025-02-10 15:16:11,492:INFO:Epoch 51: Train Loss: 455.5379, Train Node Loss: 40.4711, Train Reg Loss: 4.1507, Train MAPE: 17.4655, Train R: 0.8507, Train RRSE: 0.5287, Test Loss: 1881.5853, Test Node Loss: 31.6866, Test Reg Loss: 18.4990, Test MAPE: 20.3687, Test R: 0.8457, Test RRSE: 1.0563
2025-02-10 15:16:29,815:INFO:Epoch 52: Train Loss: 484.2260, Train Node Loss: 35.3918, Train Reg Loss: 4.4883, Train MAPE: 17.4509, Train R: 0.8418, Train RRSE: 0.5498, Test Loss: 947.3428, Test Node Loss: 36.6027, Test Reg Loss: 9.1074, Test MAPE: 18.3592, Test R: 0.8508, Test RRSE: 0.7412
2025-02-10 15:16:48,395:INFO:Epoch 53: Train Loss: 538.1672, Train Node Loss: 42.0909, Train Reg Loss: 4.9608, Train MAPE: 18.2791, Train R: 0.8348, Train RRSE: 0.5780, Test Loss: 1977.5214, Test Node Loss: 24.0716, Test Reg Loss: 19.5345, Test MAPE: 20.6555, Test R: 0.8499, Test RRSE: 1.0855
2025-02-10 15:17:07,304:INFO:Epoch 54: Train Loss: 523.4984, Train Node Loss: 26.9392, Train Reg Loss: 4.9656, Train MAPE: 17.2611, Train R: 0.8366, Train RRSE: 0.5783, Test Loss: 600.4656, Test Node Loss: 40.6458, Test Reg Loss: 5.5982, Test MAPE: 19.4406, Test R: 0.8561, Test RRSE: 0.5811
2025-02-10 15:17:25,942:INFO:Epoch 55: Train Loss: 490.2368, Train Node Loss: 33.1776, Train Reg Loss: 4.5706, Train MAPE: 17.8587, Train R: 0.8492, Train RRSE: 0.5548, Test Loss: 886.8021, Test Node Loss: 23.4200, Test Reg Loss: 8.6338, Test MAPE: 17.9164, Test R: 0.8531, Test RRSE: 0.7216
2025-02-10 15:17:44,623:INFO:Epoch 56: Train Loss: 444.4191, Train Node Loss: 22.1092, Train Reg Loss: 4.2231, Train MAPE: 16.9324, Train R: 0.8690, Train RRSE: 0.5333, Test Loss: 1542.7062, Test Node Loss: 22.5825, Test Reg Loss: 15.2012, Test MAPE: 20.1672, Test R: 0.8505, Test RRSE: 0.9575
2025-02-10 15:18:03,288:INFO:Epoch 57: Train Loss: 467.8992, Train Node Loss: 31.8990, Train Reg Loss: 4.3600, Train MAPE: 18.6846, Train R: 0.8516, Train RRSE: 0.5419, Test Loss: 1939.9346, Test Node Loss: 20.1221, Test Reg Loss: 19.1981, Test MAPE: 20.8848, Test R: 0.8467, Test RRSE: 1.0761
2025-02-10 15:18:22,005:INFO:Epoch 58: Train Loss: 518.7523, Train Node Loss: 21.4633, Train Reg Loss: 4.9729, Train MAPE: 17.1704, Train R: 0.8256, Train RRSE: 0.5787, Test Loss: 655.0219, Test Node Loss: 23.4168, Test Reg Loss: 6.3161, Test MAPE: 17.3220, Test R: 0.8541, Test RRSE: 0.6172
2025-02-10 15:18:40,849:INFO:Epoch 59: Train Loss: 436.2240, Train Node Loss: 23.6348, Train Reg Loss: 4.1259, Train MAPE: 17.5395, Train R: 0.8557, Train RRSE: 0.5271, Test Loss: 1328.5088, Test Node Loss: 18.5864, Test Reg Loss: 13.0992, Test MAPE: 19.2844, Test R: 0.8532, Test RRSE: 0.8889
2025-02-10 15:18:59,363:INFO:Epoch 60: Train Loss: 453.4112, Train Node Loss: 18.5262, Train Reg Loss: 4.3489, Train MAPE: 17.4301, Train R: 0.8510, Train RRSE: 0.5412, Test Loss: 474.7294, Test Node Loss: 24.0993, Test Reg Loss: 4.5063, Test MAPE: 17.8568, Test R: 0.8576, Test RRSE: 0.5213
2025-02-10 15:19:18,080:INFO:Epoch 61: Train Loss: 441.6575, Train Node Loss: 22.5726, Train Reg Loss: 4.1908, Train MAPE: 18.0053, Train R: 0.8569, Train RRSE: 0.5312, Test Loss: 1730.1865, Test Node Loss: 15.8867, Test Reg Loss: 17.1430, Test MAPE: 20.5949, Test R: 0.8512, Test RRSE: 1.0168
2025-02-10 15:19:36,832:INFO:Epoch 62: Train Loss: 409.9189, Train Node Loss: 18.6589, Train Reg Loss: 3.9126, Train MAPE: 17.9604, Train R: 0.8620, Train RRSE: 0.5133, Test Loss: 1189.9407, Test Node Loss: 16.3779, Test Reg Loss: 11.7356, Test MAPE: 18.8885, Test R: 0.8538, Test RRSE: 0.8413
2025-02-10 15:19:55,871:INFO:Epoch 63: Train Loss: 425.6639, Train Node Loss: 17.1648, Train Reg Loss: 4.0850, Train MAPE: 17.2647, Train R: 0.8560, Train RRSE: 0.5245, Test Loss: 728.5813, Test Node Loss: 18.0165, Test Reg Loss: 7.1056, Test MAPE: 18.1400, Test R: 0.8559, Test RRSE: 0.6547
2025-02-10 15:20:14,896:INFO:Epoch 64: Train Loss: 449.9188, Train Node Loss: 20.5184, Train Reg Loss: 4.2940, Train MAPE: 18.3481, Train R: 0.8484, Train RRSE: 0.5377, Test Loss: 1902.2450, Test Node Loss: 13.2455, Test Reg Loss: 18.8900, Test MAPE: 21.1686, Test R: 0.8504, Test RRSE: 1.0674
2025-02-10 15:20:33,620:INFO:Epoch 65: Train Loss: 420.2373, Train Node Loss: 16.1418, Train Reg Loss: 4.0410, Train MAPE: 17.8384, Train R: 0.8590, Train RRSE: 0.5217, Test Loss: 473.1026, Test Node Loss: 18.0919, Test Reg Loss: 4.5501, Test MAPE: 17.9341, Test R: 0.8578, Test RRSE: 0.5239
2025-02-10 15:20:52,043:INFO:Epoch 66: Train Loss: 468.4526, Train Node Loss: 16.2351, Train Reg Loss: 4.5222, Train MAPE: 17.5677, Train R: 0.8387, Train RRSE: 0.5518, Test Loss: 1073.0580, Test Node Loss: 13.4506, Test Reg Loss: 10.5961, Test MAPE: 18.2423, Test R: 0.8560, Test RRSE: 0.7994
2025-02-10 15:21:10,839:INFO:Epoch 67: Train Loss: 393.5965, Train Node Loss: 13.8827, Train Reg Loss: 3.7971, Train MAPE: 17.2977, Train R: 0.8710, Train RRSE: 0.5057, Test Loss: 919.8021, Test Node Loss: 14.9598, Test Reg Loss: 9.0484, Test MAPE: 18.4857, Test R: 0.8573, Test RRSE: 0.7387
2025-02-10 15:21:29,561:INFO:Epoch 68: Train Loss: 452.9866, Train Node Loss: 17.4538, Train Reg Loss: 4.3553, Train MAPE: 18.4688, Train R: 0.8507, Train RRSE: 0.5416, Test Loss: 1650.9594, Test Node Loss: 11.0192, Test Reg Loss: 16.3994, Test MAPE: 20.4358, Test R: 0.8534, Test RRSE: 0.9945
2025-02-10 15:21:48,077:INFO:Epoch 69: Train Loss: 381.8434, Train Node Loss: 13.1083, Train Reg Loss: 3.6874, Train MAPE: 17.8212, Train R: 0.8695, Train RRSE: 0.4983, Test Loss: 1076.1963, Test Node Loss: 11.4922, Test Reg Loss: 10.6470, Test MAPE: 19.1168, Test R: 0.8559, Test RRSE: 0.8014
2025-02-10 15:22:06,892:INFO:Epoch 70: Train Loss: 380.7868, Train Node Loss: 12.3921, Train Reg Loss: 3.6839, Train MAPE: 17.7244, Train R: 0.8698, Train RRSE: 0.4981, Test Loss: 1163.3589, Test Node Loss: 11.5053, Test Reg Loss: 11.5185, Test MAPE: 19.2619, Test R: 0.8558, Test RRSE: 0.8335
2025-02-10 15:22:25,683:INFO:Epoch 71: Train Loss: 443.0075, Train Node Loss: 11.8842, Train Reg Loss: 4.3112, Train MAPE: 17.7124, Train R: 0.8448, Train RRSE: 0.5388, Test Loss: 1129.9732, Test Node Loss: 10.8872, Test Reg Loss: 11.1909, Test MAPE: 19.4125, Test R: 0.8583, Test RRSE: 0.8216
2025-02-10 15:22:44,400:INFO:Epoch 72: Train Loss: 419.0730, Train Node Loss: 12.7465, Train Reg Loss: 4.0633, Train MAPE: 18.1786, Train R: 0.8545, Train RRSE: 0.5231, Test Loss: 447.2145, Test Node Loss: 14.3326, Test Reg Loss: 4.3288, Test MAPE: 18.8158, Test R: 0.8620, Test RRSE: 0.5110
2025-02-10 15:22:44,427:INFO:Checkpoint saved at best_0.0008_0.001_256_SAGE_3_32_0.8620_epoch_72.pth
2025-02-10 15:23:03,160:INFO:Epoch 73: Train Loss: 419.5337, Train Node Loss: 10.8280, Train Reg Loss: 4.0871, Train MAPE: 17.9843, Train R: 0.8518, Train RRSE: 0.5246, Test Loss: 791.2294, Test Node Loss: 9.8159, Test Reg Loss: 7.8141, Test MAPE: 18.4461, Test R: 0.8605, Test RRSE: 0.6865
2025-02-10 15:23:21,869:INFO:Epoch 74: Train Loss: 415.5920, Train Node Loss: 11.1507, Train Reg Loss: 4.0444, Train MAPE: 17.9791, Train R: 0.8548, Train RRSE: 0.5219, Test Loss: 1206.4792, Test Node Loss: 8.7001, Test Reg Loss: 11.9778, Test MAPE: 19.1742, Test R: 0.8588, Test RRSE: 0.8500
2025-02-10 15:23:40,185:INFO:Epoch 75: Train Loss: 428.3149, Train Node Loss: 8.9409, Train Reg Loss: 4.1937, Train MAPE: 17.5983, Train R: 0.8540, Train RRSE: 0.5314, Test Loss: 681.1520, Test Node Loss: 9.3612, Test Reg Loss: 6.7179, Test MAPE: 18.1753, Test R: 0.8610, Test RRSE: 0.6365
2025-02-10 15:23:58,539:INFO:Epoch 76: Train Loss: 371.3444, Train Node Loss: 10.0584, Train Reg Loss: 3.6129, Train MAPE: 18.1109, Train R: 0.8717, Train RRSE: 0.4932, Test Loss: 1213.5741, Test Node Loss: 8.4492, Test Reg Loss: 12.0512, Test MAPE: 19.3774, Test R: 0.8591, Test RRSE: 0.8526
2025-02-10 15:24:17,099:INFO:Epoch 77: Train Loss: 443.1262, Train Node Loss: 9.3016, Train Reg Loss: 4.3382, Train MAPE: 17.9656, Train R: 0.8415, Train RRSE: 0.5405, Test Loss: 1434.0877, Test Node Loss: 7.0262, Test Reg Loss: 14.2706, Test MAPE: 19.9270, Test R: 0.8608, Test RRSE: 0.9277
2025-02-10 15:24:35,535:INFO:Epoch 78: Train Loss: 429.0690, Train Node Loss: 10.1357, Train Reg Loss: 4.1893, Train MAPE: 18.2102, Train R: 0.8519, Train RRSE: 0.5311, Test Loss: 1906.9542, Test Node Loss: 6.5005, Test Reg Loss: 19.0045, Test MAPE: 21.2569, Test R: 0.8582, Test RRSE: 1.0706
2025-02-10 15:24:53,876:INFO:Epoch 79: Train Loss: 400.0522, Train Node Loss: 8.0696, Train Reg Loss: 3.9198, Train MAPE: 17.7494, Train R: 0.8620, Train RRSE: 0.5138, Test Loss: 1304.1229, Test Node Loss: 6.6662, Test Reg Loss: 12.9746, Test MAPE: 19.8280, Test R: 0.8618, Test RRSE: 0.8846
2025-02-10 15:25:12,148:INFO:Epoch 80: Train Loss: 377.7363, Train Node Loss: 7.9317, Train Reg Loss: 3.6980, Train MAPE: 18.0219, Train R: 0.8674, Train RRSE: 0.4990, Test Loss: 473.8221, Test Node Loss: 8.7137, Test Reg Loss: 4.6511, Test MAPE: 18.2662, Test R: 0.8637, Test RRSE: 0.5296
2025-02-10 15:25:12,195:INFO:Checkpoint saved at best_0.0008_0.001_256_SAGE_3_32_0.8637_epoch_80.pth
2025-02-10 15:25:31,071:INFO:Epoch 81: Train Loss: 380.1641, Train Node Loss: 8.7694, Train Reg Loss: 3.7139, Train MAPE: 18.2753, Train R: 0.8687, Train RRSE: 0.5001, Test Loss: 1503.0016, Test Node Loss: 6.2218, Test Reg Loss: 14.9678, Test MAPE: 20.4229, Test R: 0.8614, Test RRSE: 0.9501
2025-02-10 15:25:49,865:INFO:Epoch 82: Train Loss: 438.4846, Train Node Loss: 6.7038, Train Reg Loss: 4.3178, Train MAPE: 17.4570, Train R: 0.8513, Train RRSE: 0.5392, Test Loss: 431.3409, Test Node Loss: 7.8923, Test Reg Loss: 4.2345, Test MAPE: 18.2739, Test R: 0.8651, Test RRSE: 0.5054
2025-02-10 15:25:49,898:INFO:Checkpoint saved at best_0.0008_0.001_256_SAGE_3_32_0.8651_epoch_82.pth
2025-02-10 15:26:08,609:INFO:Epoch 83: Train Loss: 424.6439, Train Node Loss: 7.6648, Train Reg Loss: 4.1698, Train MAPE: 17.9373, Train R: 0.8546, Train RRSE: 0.5299, Test Loss: 1461.7550, Test Node Loss: 5.8573, Test Reg Loss: 14.5590, Test MAPE: 20.1787, Test R: 0.8613, Test RRSE: 0.9371
2025-02-10 15:26:27,520:INFO:Epoch 84: Train Loss: 355.0249, Train Node Loss: 7.9401, Train Reg Loss: 3.4708, Train MAPE: 18.1985, Train R: 0.8755, Train RRSE: 0.4835, Test Loss: 1550.4499, Test Node Loss: 6.0762, Test Reg Loss: 15.4437, Test MAPE: 20.3085, Test R: 0.8577, Test RRSE: 0.9651
2025-02-10 15:26:46,173:INFO:Epoch 85: Train Loss: 367.7438, Train Node Loss: 8.0735, Train Reg Loss: 3.5967, Train MAPE: 18.3795, Train R: 0.8718, Train RRSE: 0.4921, Test Loss: 821.2860, Test Node Loss: 6.7586, Test Reg Loss: 8.1453, Test MAPE: 18.8161, Test R: 0.8639, Test RRSE: 0.7009
2025-02-10 15:27:05,008:INFO:Epoch 86: Train Loss: 423.8634, Train Node Loss: 6.3505, Train Reg Loss: 4.1751, Train MAPE: 17.6895, Train R: 0.8525, Train RRSE: 0.5302, Test Loss: 871.4416, Test Node Loss: 5.8645, Test Reg Loss: 8.6558, Test MAPE: 18.7877, Test R: 0.8633, Test RRSE: 0.7225
2025-02-10 15:27:23,945:INFO:Epoch 87: Train Loss: 408.5791, Train Node Loss: 7.3005, Train Reg Loss: 4.0128, Train MAPE: 18.3637, Train R: 0.8589, Train RRSE: 0.5198, Test Loss: 545.4739, Test Node Loss: 6.7033, Test Reg Loss: 5.3877, Test MAPE: 18.1353, Test R: 0.8657, Test RRSE: 0.5700
2025-02-10 15:27:23,986:INFO:Checkpoint saved at best_0.0008_0.001_256_SAGE_3_32_0.8657_epoch_87.pth
2025-02-10 15:27:42,794:INFO:Epoch 88: Train Loss: 399.8290, Train Node Loss: 5.4284, Train Reg Loss: 3.9440, Train MAPE: 17.9258, Train R: 0.8656, Train RRSE: 0.5154, Test Loss: 850.1746, Test Node Loss: 5.3403, Test Reg Loss: 8.4483, Test MAPE: 18.7191, Test R: 0.8647, Test RRSE: 0.7138
2025-02-10 15:28:01,696:INFO:Epoch 89: Train Loss: 410.6365, Train Node Loss: 6.2895, Train Reg Loss: 4.0435, Train MAPE: 18.4004, Train R: 0.8636, Train RRSE: 0.5218, Test Loss: 1400.9222, Test Node Loss: 3.7332, Test Reg Loss: 13.9719, Test MAPE: 19.6594, Test R: 0.8613, Test RRSE: 0.9180
2025-02-10 15:28:20,646:INFO:Epoch 90: Train Loss: 508.1288, Train Node Loss: 3.6084, Train Reg Loss: 5.0452, Train MAPE: 17.4933, Train R: 0.8355, Train RRSE: 0.5829, Test Loss: 1799.4458, Test Node Loss: 2.8625, Test Reg Loss: 17.9658, Test MAPE: 21.1980, Test R: 0.8582, Test RRSE: 1.0410
2025-02-10 15:28:39,529:INFO:Epoch 91: Train Loss: 461.7256, Train Node Loss: 4.8527, Train Reg Loss: 4.5687, Train MAPE: 19.0907, Train R: 0.8572, Train RRSE: 0.5547, Test Loss: 986.2816, Test Node Loss: 3.4956, Test Reg Loss: 9.8279, Test MAPE: 19.0155, Test R: 0.8605, Test RRSE: 0.7699
2025-02-10 15:28:57,865:INFO:Epoch 92: Train Loss: 436.2333, Train Node Loss: 2.9211, Train Reg Loss: 4.3331, Train MAPE: 17.7594, Train R: 0.8467, Train RRSE: 0.5402, Test Loss: 2209.1150, Test Node Loss: 1.7110, Test Reg Loss: 22.0740, Test MAPE: 22.0703, Test R: 0.8556, Test RRSE: 1.1539
2025-02-10 15:29:16,530:INFO:Epoch 93: Train Loss: 359.5532, Train Node Loss: 3.4701, Train Reg Loss: 3.5608, Train MAPE: 18.3938, Train R: 0.8728, Train RRSE: 0.4897, Test Loss: 643.6311, Test Node Loss: 4.0647, Test Reg Loss: 6.3957, Test MAPE: 19.1070, Test R: 0.8628, Test RRSE: 0.6211
2025-02-10 15:29:35,393:INFO:Epoch 94: Train Loss: 441.1703, Train Node Loss: 3.5318, Train Reg Loss: 4.3764, Train MAPE: 18.0657, Train R: 0.8404, Train RRSE: 0.5429, Test Loss: 676.8318, Test Node Loss: 2.8847, Test Reg Loss: 6.7395, Test MAPE: 18.1592, Test R: 0.8652, Test RRSE: 0.6376
2025-02-10 15:29:54,039:INFO:Epoch 95: Train Loss: 400.0564, Train Node Loss: 3.0733, Train Reg Loss: 3.9698, Train MAPE: 17.3379, Train R: 0.8619, Train RRSE: 0.5170, Test Loss: 675.3423, Test Node Loss: 3.0656, Test Reg Loss: 6.7228, Test MAPE: 17.8996, Test R: 0.8661, Test RRSE: 0.6368
2025-02-10 15:29:54,078:INFO:Checkpoint saved at best_0.0008_0.001_256_SAGE_3_32_0.8661_epoch_95.pth
2025-02-10 15:30:12,892:INFO:Epoch 96: Train Loss: 372.4872, Train Node Loss: 3.4407, Train Reg Loss: 3.6905, Train MAPE: 18.3688, Train R: 0.8672, Train RRSE: 0.4985, Test Loss: 1551.3857, Test Node Loss: 2.5360, Test Reg Loss: 15.4885, Test MAPE: 20.3528, Test R: 0.8590, Test RRSE: 0.9665
2025-02-10 15:30:31,713:INFO:Epoch 97: Train Loss: 395.1592, Train Node Loss: 3.6918, Train Reg Loss: 3.9147, Train MAPE: 18.3504, Train R: 0.8597, Train RRSE: 0.5134, Test Loss: 922.0052, Test Node Loss: 2.7857, Test Reg Loss: 9.1922, Test MAPE: 18.6354, Test R: 0.8630, Test RRSE: 0.7446
2025-02-10 15:30:50,373:INFO:Epoch 98: Train Loss: 414.5357, Train Node Loss: 2.8666, Train Reg Loss: 4.1167, Train MAPE: 17.0768, Train R: 0.8562, Train RRSE: 0.5265, Test Loss: 513.3280, Test Node Loss: 3.0792, Test Reg Loss: 5.1025, Test MAPE: 18.0619, Test R: 0.8686, Test RRSE: 0.5548
2025-02-10 15:30:50,398:INFO:Checkpoint saved at best_0.0008_0.001_256_SAGE_3_32_0.8686_epoch_98.pth
2025-02-10 15:31:08,924:INFO:Epoch 99: Train Loss: 342.7343, Train Node Loss: 3.3308, Train Reg Loss: 3.3940, Train MAPE: 18.3164, Train R: 0.8836, Train RRSE: 0.4781, Test Loss: 1168.7599, Test Node Loss: 2.5840, Test Reg Loss: 11.6618, Test MAPE: 19.9296, Test R: 0.8667, Test RRSE: 0.8387
2025-02-10 15:31:27,502:INFO:Epoch 100: Train Loss: 393.1685, Train Node Loss: 2.9815, Train Reg Loss: 3.9019, Train MAPE: 18.2290, Train R: 0.8608, Train RRSE: 0.5126, Test Loss: 1508.9296, Test Node Loss: 2.1856, Test Reg Loss: 15.0674, Test MAPE: 20.2748, Test R: 0.8628, Test RRSE: 0.9533
2025-02-10 15:31:46,395:INFO:Epoch 101: Train Loss: 380.3955, Train Node Loss: 3.0354, Train Reg Loss: 3.7736, Train MAPE: 17.8056, Train R: 0.8644, Train RRSE: 0.5041, Test Loss: 1028.6367, Test Node Loss: 2.5505, Test Reg Loss: 10.2609, Test MAPE: 18.8146, Test R: 0.8635, Test RRSE: 0.7867
2025-02-10 15:32:05,706:INFO:Epoch 102: Train Loss: 347.6968, Train Node Loss: 3.3162, Train Reg Loss: 3.4438, Train MAPE: 18.3761, Train R: 0.8766, Train RRSE: 0.4816, Test Loss: 1160.5646, Test Node Loss: 2.7640, Test Reg Loss: 11.5780, Test MAPE: 19.1461, Test R: 0.8606, Test RRSE: 0.8357
2025-02-10 15:32:24,481:INFO:Epoch 103: Train Loss: 365.9064, Train Node Loss: 3.2867, Train Reg Loss: 3.6262, Train MAPE: 17.7298, Train R: 0.8711, Train RRSE: 0.4942, Test Loss: 810.2036, Test Node Loss: 3.0030, Test Reg Loss: 8.0720, Test MAPE: 18.2603, Test R: 0.8650, Test RRSE: 0.6978
2025-02-10 15:32:42,934:INFO:Epoch 104: Train Loss: 359.6512, Train Node Loss: 3.3479, Train Reg Loss: 3.5630, Train MAPE: 18.3312, Train R: 0.8727, Train RRSE: 0.4898, Test Loss: 741.1306, Test Node Loss: 2.7071, Test Reg Loss: 7.3842, Test MAPE: 18.3728, Test R: 0.8666, Test RRSE: 0.6674
2025-02-10 15:33:01,955:INFO:Epoch 105: Train Loss: 343.5599, Train Node Loss: 2.9759, Train Reg Loss: 3.4058, Train MAPE: 18.0089, Train R: 0.8784, Train RRSE: 0.4789, Test Loss: 1011.7996, Test Node Loss: 2.5465, Test Reg Loss: 10.0925, Test MAPE: 18.6601, Test R: 0.8646, Test RRSE: 0.7802
2025-02-10 15:33:20,646:INFO:Epoch 106: Train Loss: 344.9069, Train Node Loss: 2.9182, Train Reg Loss: 3.4199, Train MAPE: 17.8551, Train R: 0.8787, Train RRSE: 0.4799, Test Loss: 743.6307, Test Node Loss: 2.9177, Test Reg Loss: 7.4071, Test MAPE: 18.0021, Test R: 0.8648, Test RRSE: 0.6684
2025-02-10 15:33:39,497:INFO:Epoch 107: Train Loss: 349.0192, Train Node Loss: 3.2535, Train Reg Loss: 3.4577, Train MAPE: 18.2467, Train R: 0.8764, Train RRSE: 0.4825, Test Loss: 1317.4467, Test Node Loss: 2.3596, Test Reg Loss: 13.1509, Test MAPE: 19.1880, Test R: 0.8606, Test RRSE: 0.8906
2025-02-10 15:33:58,240:INFO:Epoch 108: Train Loss: 345.8249, Train Node Loss: 3.3744, Train Reg Loss: 3.4245, Train MAPE: 18.6926, Train R: 0.8785, Train RRSE: 0.4802, Test Loss: 1106.2145, Test Node Loss: 2.6807, Test Reg Loss: 11.0353, Test MAPE: 19.1436, Test R: 0.8609, Test RRSE: 0.8158
2025-02-10 15:34:17,092:INFO:Epoch 109: Train Loss: 383.1995, Train Node Loss: 3.0595, Train Reg Loss: 3.8014, Train MAPE: 17.9450, Train R: 0.8634, Train RRSE: 0.5060, Test Loss: 676.5904, Test Node Loss: 2.4489, Test Reg Loss: 6.7414, Test MAPE: 17.8886, Test R: 0.8670, Test RRSE: 0.6377
2025-02-10 15:34:36,093:INFO:Epoch 110: Train Loss: 367.6039, Train Node Loss: 2.7163, Train Reg Loss: 3.6489, Train MAPE: 18.2753, Train R: 0.8686, Train RRSE: 0.4957, Test Loss: 725.1341, Test Node Loss: 2.5344, Test Reg Loss: 7.2260, Test MAPE: 18.6451, Test R: 0.8663, Test RRSE: 0.6602
2025-02-10 15:34:54,921:INFO:Epoch 111: Train Loss: 387.5574, Train Node Loss: 2.7701, Train Reg Loss: 3.8479, Train MAPE: 18.2291, Train R: 0.8623, Train RRSE: 0.5090, Test Loss: 1228.3810, Test Node Loss: 1.9324, Test Reg Loss: 12.2645, Test MAPE: 19.3625, Test R: 0.8636, Test RRSE: 0.8601
2025-02-10 15:35:13,841:INFO:Epoch 112: Train Loss: 372.9198, Train Node Loss: 2.2037, Train Reg Loss: 3.7072, Train MAPE: 17.7914, Train R: 0.8727, Train RRSE: 0.4996, Test Loss: 641.7724, Test Node Loss: 2.3476, Test Reg Loss: 6.3942, Test MAPE: 18.5935, Test R: 0.8682, Test RRSE: 0.6210
2025-02-10 15:35:32,856:INFO:Epoch 113: Train Loss: 355.5584, Train Node Loss: 2.7624, Train Reg Loss: 3.5280, Train MAPE: 18.4909, Train R: 0.8808, Train RRSE: 0.4874, Test Loss: 1469.7323, Test Node Loss: 1.6606, Test Reg Loss: 14.6807, Test MAPE: 19.6048, Test R: 0.8626, Test RRSE: 0.9410
2025-02-10 15:35:51,844:INFO:Epoch 114: Train Loss: 343.5039, Train Node Loss: 2.3934, Train Reg Loss: 3.4111, Train MAPE: 18.2591, Train R: 0.8781, Train RRSE: 0.4793, Test Loss: 1058.6267, Test Node Loss: 1.8903, Test Reg Loss: 10.5674, Test MAPE: 19.0080, Test R: 0.8627, Test RRSE: 0.7983
2025-02-10 15:36:10,747:INFO:Epoch 115: Train Loss: 330.3542, Train Node Loss: 2.1642, Train Reg Loss: 3.2819, Train MAPE: 18.0527, Train R: 0.8841, Train RRSE: 0.4701, Test Loss: 539.3979, Test Node Loss: 2.0854, Test Reg Loss: 5.3731, Test MAPE: 17.8632, Test R: 0.8664, Test RRSE: 0.5693
2025-02-10 15:36:29,498:INFO:Epoch 116: Train Loss: 367.3315, Train Node Loss: 2.3400, Train Reg Loss: 3.6499, Train MAPE: 18.3095, Train R: 0.8701, Train RRSE: 0.4958, Test Loss: 970.2082, Test Node Loss: 1.9689, Test Reg Loss: 9.6824, Test MAPE: 19.0315, Test R: 0.8648, Test RRSE: 0.7642
2025-02-10 15:36:48,164:INFO:Epoch 117: Train Loss: 390.0355, Train Node Loss: 2.5186, Train Reg Loss: 3.8752, Train MAPE: 18.6124, Train R: 0.8630, Train RRSE: 0.5108, Test Loss: 1696.0380, Test Node Loss: 1.3540, Test Reg Loss: 16.9468, Test MAPE: 19.9775, Test R: 0.8577, Test RRSE: 1.0110
2025-02-10 15:37:07,287:INFO:Epoch 118: Train Loss: 371.5272, Train Node Loss: 1.8728, Train Reg Loss: 3.6965, Train MAPE: 17.5686, Train R: 0.8751, Train RRSE: 0.4989, Test Loss: 1222.5323, Test Node Loss: 1.6013, Test Reg Loss: 12.2093, Test MAPE: 18.7882, Test R: 0.8609, Test RRSE: 0.8581
2025-02-10 15:37:26,052:INFO:Epoch 119: Train Loss: 369.5892, Train Node Loss: 2.3752, Train Reg Loss: 3.6721, Train MAPE: 18.3375, Train R: 0.8696, Train RRSE: 0.4973, Test Loss: 1002.1638, Test Node Loss: 1.7208, Test Reg Loss: 10.0044, Test MAPE: 19.1403, Test R: 0.8663, Test RRSE: 0.7768
2025-02-10 15:37:44,802:INFO:Epoch 120: Train Loss: 296.6766, Train Node Loss: 2.0930, Train Reg Loss: 2.9458, Train MAPE: 18.3663, Train R: 0.8953, Train RRSE: 0.4454, Test Loss: 799.5472, Test Node Loss: 1.6912, Test Reg Loss: 7.9786, Test MAPE: 18.4569, Test R: 0.8651, Test RRSE: 0.6937
2025-02-10 15:38:03,612:INFO:Epoch 121: Train Loss: 343.2371, Train Node Loss: 1.9975, Train Reg Loss: 3.4124, Train MAPE: 18.2453, Train R: 0.8780, Train RRSE: 0.4794, Test Loss: 865.4493, Test Node Loss: 1.6604, Test Reg Loss: 8.6379, Test MAPE: 19.0493, Test R: 0.8649, Test RRSE: 0.7218
2025-02-10 15:38:22,526:INFO:Epoch 122: Train Loss: 317.4791, Train Node Loss: 1.9043, Train Reg Loss: 3.1557, Train MAPE: 18.3811, Train R: 0.8876, Train RRSE: 0.4610, Test Loss: 705.3466, Test Node Loss: 1.7733, Test Reg Loss: 7.0357, Test MAPE: 18.5015, Test R: 0.8649, Test RRSE: 0.6514
2025-02-10 15:38:41,617:INFO:Epoch 123: Train Loss: 404.3380, Train Node Loss: 1.7929, Train Reg Loss: 4.0255, Train MAPE: 17.8948, Train R: 0.8558, Train RRSE: 0.5206, Test Loss: 601.1189, Test Node Loss: 1.8956, Test Reg Loss: 5.9922, Test MAPE: 18.2377, Test R: 0.8659, Test RRSE: 0.6012
2025-02-10 15:39:00,357:INFO:Epoch 124: Train Loss: 404.9233, Train Node Loss: 2.3393, Train Reg Loss: 4.0258, Train MAPE: 18.6200, Train R: 0.8627, Train RRSE: 0.5207, Test Loss: 875.0939, Test Node Loss: 1.7054, Test Reg Loss: 8.7339, Test MAPE: 18.3611, Test R: 0.8666, Test RRSE: 0.7258
2025-02-10 15:39:19,420:INFO:Epoch 125: Train Loss: 334.3463, Train Node Loss: 1.8245, Train Reg Loss: 3.3252, Train MAPE: 17.9783, Train R: 0.8816, Train RRSE: 0.4732, Test Loss: 1496.8491, Test Node Loss: 1.0270, Test Reg Loss: 14.9582, Test MAPE: 20.0063, Test R: 0.8627, Test RRSE: 0.9498
2025-02-10 15:39:38,225:INFO:Epoch 126: Train Loss: 340.3034, Train Node Loss: 1.4872, Train Reg Loss: 3.3882, Train MAPE: 17.8797, Train R: 0.8862, Train RRSE: 0.4777, Test Loss: 1421.1135, Test Node Loss: 1.1846, Test Reg Loss: 14.1993, Test MAPE: 19.3969, Test R: 0.8528, Test RRSE: 0.9254
2025-02-10 15:39:57,109:INFO:Epoch 127: Train Loss: 375.0892, Train Node Loss: 1.9303, Train Reg Loss: 3.7316, Train MAPE: 18.4176, Train R: 0.8702, Train RRSE: 0.5013, Test Loss: 953.8179, Test Node Loss: 1.2945, Test Reg Loss: 9.5252, Test MAPE: 18.6754, Test R: 0.8611, Test RRSE: 0.7580
2025-02-10 15:40:16,266:INFO:Epoch 128: Train Loss: 364.9680, Train Node Loss: 1.3461, Train Reg Loss: 3.6362, Train MAPE: 17.5810, Train R: 0.8732, Train RRSE: 0.4948, Test Loss: 658.0300, Test Node Loss: 1.0814, Test Reg Loss: 6.5695, Test MAPE: 17.5871, Test R: 0.8663, Test RRSE: 0.6295
2025-02-10 15:40:35,053:INFO:Epoch 129: Train Loss: 391.6332, Train Node Loss: 1.4919, Train Reg Loss: 3.9014, Train MAPE: 18.2271, Train R: 0.8637, Train RRSE: 0.5126, Test Loss: 884.7399, Test Node Loss: 1.0768, Test Reg Loss: 8.8366, Test MAPE: 18.4850, Test R: 0.8670, Test RRSE: 0.7301
2025-02-10 15:40:53,796:INFO:Epoch 130: Train Loss: 372.7614, Train Node Loss: 1.1005, Train Reg Loss: 3.7166, Train MAPE: 17.9524, Train R: 0.8731, Train RRSE: 0.5003, Test Loss: 2760.0560, Test Node Loss: 0.4431, Test Reg Loss: 27.5961, Test MAPE: 22.5748, Test R: 0.8533, Test RRSE: 1.2901
2025-02-10 15:41:12,667:INFO:Epoch 131: Train Loss: 368.3424, Train Node Loss: 1.2561, Train Reg Loss: 3.6709, Train MAPE: 18.1194, Train R: 0.8690, Train RRSE: 0.4972, Test Loss: 1834.2071, Test Node Loss: 0.7346, Test Reg Loss: 18.3347, Test MAPE: 20.3827, Test R: 0.8556, Test RRSE: 1.0516
2025-02-10 15:41:31,504:INFO:Epoch 132: Train Loss: 350.7043, Train Node Loss: 1.1512, Train Reg Loss: 3.4955, Train MAPE: 18.5053, Train R: 0.8747, Train RRSE: 0.4852, Test Loss: 1230.8176, Test Node Loss: 0.7138, Test Reg Loss: 12.3010, Test MAPE: 19.5552, Test R: 0.8660, Test RRSE: 0.8614
2025-02-10 15:41:50,286:INFO:Epoch 133: Train Loss: 348.5544, Train Node Loss: 0.9973, Train Reg Loss: 3.4756, Train MAPE: 18.2180, Train R: 0.8754, Train RRSE: 0.4838, Test Loss: 480.6478, Test Node Loss: 0.9726, Test Reg Loss: 4.7968, Test MAPE: 18.6514, Test R: 0.8697, Test RRSE: 0.5379
2025-02-10 15:41:50,345:INFO:Checkpoint saved at best_0.0008_0.001_256_SAGE_3_32_0.8697_epoch_133.pth
2025-02-10 15:42:09,352:INFO:Epoch 134: Train Loss: 372.1619, Train Node Loss: 0.9470, Train Reg Loss: 3.7121, Train MAPE: 17.8676, Train R: 0.8668, Train RRSE: 0.5000, Test Loss: 797.8630, Test Node Loss: 0.8615, Test Reg Loss: 7.9700, Test MAPE: 18.5842, Test R: 0.8683, Test RRSE: 0.6933
2025-02-10 15:42:28,320:INFO:Epoch 135: Train Loss: 305.9796, Train Node Loss: 1.1377, Train Reg Loss: 3.0484, Train MAPE: 18.6656, Train R: 0.8951, Train RRSE: 0.4531, Test Loss: 1212.1959, Test Node Loss: 0.7026, Test Reg Loss: 12.1149, Test MAPE: 19.3032, Test R: 0.8657, Test RRSE: 0.8548
2025-02-10 15:42:47,553:INFO:Epoch 136: Train Loss: 330.4091, Train Node Loss: 0.9230, Train Reg Loss: 3.2949, Train MAPE: 18.1995, Train R: 0.8846, Train RRSE: 0.4710, Test Loss: 959.4451, Test Node Loss: 0.6909, Test Reg Loss: 9.5875, Test MAPE: 18.4568, Test R: 0.8655, Test RRSE: 0.7604
2025-02-10 15:43:06,651:INFO:Epoch 137: Train Loss: 400.1109, Train Node Loss: 1.1140, Train Reg Loss: 3.9900, Train MAPE: 18.5212, Train R: 0.8636, Train RRSE: 0.5184, Test Loss: 870.8760, Test Node Loss: 0.7428, Test Reg Loss: 8.7013, Test MAPE: 18.6520, Test R: 0.8667, Test RRSE: 0.7244
2025-02-10 15:43:25,567:INFO:Epoch 138: Train Loss: 418.6501, Train Node Loss: 0.7323, Train Reg Loss: 4.1792, Train MAPE: 17.9800, Train R: 0.8627, Train RRSE: 0.5305, Test Loss: 1537.0980, Test Node Loss: 0.4439, Test Reg Loss: 15.3665, Test MAPE: 19.4629, Test R: 0.8569, Test RRSE: 0.9627
2025-02-10 15:43:44,611:INFO:Epoch 139: Train Loss: 427.2551, Train Node Loss: 1.0684, Train Reg Loss: 4.2619, Train MAPE: 19.1604, Train R: 0.8550, Train RRSE: 0.5357, Test Loss: 477.3874, Test Node Loss: 0.8156, Test Reg Loss: 4.7657, Test MAPE: 18.3052, Test R: 0.8643, Test RRSE: 0.5361
2025-02-10 15:44:03,251:INFO:Epoch 140: Train Loss: 313.5423, Train Node Loss: 0.6588, Train Reg Loss: 3.1288, Train MAPE: 17.7721, Train R: 0.8918, Train RRSE: 0.4590, Test Loss: 1017.4256, Test Node Loss: 0.3063, Test Reg Loss: 10.1712, Test MAPE: 18.2873, Test R: 0.8657, Test RRSE: 0.7832
2025-02-10 15:44:21,972:INFO:Epoch 141: Train Loss: 303.3741, Train Node Loss: 0.4670, Train Reg Loss: 3.0291, Train MAPE: 17.8925, Train R: 0.8944, Train RRSE: 0.4516, Test Loss: 1042.7968, Test Node Loss: 0.3060, Test Reg Loss: 10.4249, Test MAPE: 19.0319, Test R: 0.8661, Test RRSE: 0.7929
2025-02-10 15:44:41,047:INFO:Epoch 142: Train Loss: 355.3380, Train Node Loss: 0.4997, Train Reg Loss: 3.5484, Train MAPE: 18.7704, Train R: 0.8763, Train RRSE: 0.4888, Test Loss: 2156.7452, Test Node Loss: 0.2028, Test Reg Loss: 21.5654, Test MAPE: 21.4923, Test R: 0.8542, Test RRSE: 1.1405
2025-02-10 15:45:00,185:INFO:Epoch 143: Train Loss: 351.1908, Train Node Loss: 0.4608, Train Reg Loss: 3.5073, Train MAPE: 18.2721, Train R: 0.8741, Train RRSE: 0.4860, Test Loss: 895.8832, Test Node Loss: 0.3427, Test Reg Loss: 8.9554, Test MAPE: 18.8141, Test R: 0.8620, Test RRSE: 0.7349
2025-02-10 15:45:18,849:INFO:Epoch 144: Train Loss: 342.2025, Train Node Loss: 0.4885, Train Reg Loss: 3.4171, Train MAPE: 17.8603, Train R: 0.8810, Train RRSE: 0.4797, Test Loss: 690.0003, Test Node Loss: 0.3564, Test Reg Loss: 6.8964, Test MAPE: 18.0593, Test R: 0.8659, Test RRSE: 0.6449
2025-02-10 15:45:37,679:INFO:Epoch 145: Train Loss: 332.0253, Train Node Loss: 0.4441, Train Reg Loss: 3.3158, Train MAPE: 17.8570, Train R: 0.8852, Train RRSE: 0.4725, Test Loss: 1380.5019, Test Node Loss: 0.2664, Test Reg Loss: 13.8024, Test MAPE: 19.9134, Test R: 0.8617, Test RRSE: 0.9124
2025-02-10 15:45:56,479:INFO:Epoch 146: Train Loss: 384.9154, Train Node Loss: 0.5690, Train Reg Loss: 3.8435, Train MAPE: 18.6164, Train R: 0.8636, Train RRSE: 0.5087, Test Loss: 1106.1209, Test Node Loss: 0.3118, Test Reg Loss: 11.0581, Test MAPE: 18.9924, Test R: 0.8626, Test RRSE: 0.8167
2025-02-10 15:46:15,366:INFO:Epoch 147: Train Loss: 316.3433, Train Node Loss: 0.4696, Train Reg Loss: 3.1587, Train MAPE: 17.9627, Train R: 0.8883, Train RRSE: 0.4612, Test Loss: 1215.6807, Test Node Loss: 0.2501, Test Reg Loss: 12.1543, Test MAPE: 19.1521, Test R: 0.8599, Test RRSE: 0.8562
2025-02-10 15:46:33,964:INFO:Epoch 148: Train Loss: 349.4623, Train Node Loss: 0.4463, Train Reg Loss: 3.4902, Train MAPE: 17.8110, Train R: 0.8763, Train RRSE: 0.4848, Test Loss: 630.6818, Test Node Loss: 0.3510, Test Reg Loss: 6.3033, Test MAPE: 18.3060, Test R: 0.8643, Test RRSE: 0.6166
2025-02-10 15:46:53,053:INFO:Epoch 149: Train Loss: 336.5577, Train Node Loss: 0.4711, Train Reg Loss: 3.3609, Train MAPE: 18.2992, Train R: 0.8798, Train RRSE: 0.4757, Test Loss: 883.6815, Test Node Loss: 0.2812, Test Reg Loss: 8.8340, Test MAPE: 18.9129, Test R: 0.8634, Test RRSE: 0.7299
2025-02-10 15:47:11,848:INFO:Epoch 150: Train Loss: 350.5529, Train Node Loss: 0.4339, Train Reg Loss: 3.5012, Train MAPE: 17.7644, Train R: 0.8783, Train RRSE: 0.4856, Test Loss: 533.4266, Test Node Loss: 0.3925, Test Reg Loss: 5.3303, Test MAPE: 18.2245, Test R: 0.8653, Test RRSE: 0.5670
2025-02-10 15:47:30,985:INFO:Epoch 151: Train Loss: 378.2426, Train Node Loss: 0.5445, Train Reg Loss: 3.7770, Train MAPE: 18.3291, Train R: 0.8662, Train RRSE: 0.5043, Test Loss: 1198.7584, Test Node Loss: 0.2833, Test Reg Loss: 11.9848, Test MAPE: 19.1197, Test R: 0.8601, Test RRSE: 0.8502
2025-02-10 15:47:49,471:INFO:Epoch 152: Train Loss: 307.6774, Train Node Loss: 0.4944, Train Reg Loss: 3.0718, Train MAPE: 17.7646, Train R: 0.8919, Train RRSE: 0.4548, Test Loss: 1468.1846, Test Node Loss: 0.2564, Test Reg Loss: 14.6793, Test MAPE: 19.4744, Test R: 0.8556, Test RRSE: 0.9409
2025-02-10 15:48:08,343:INFO:Epoch 153: Train Loss: 291.8345, Train Node Loss: 0.5661, Train Reg Loss: 2.9127, Train MAPE: 18.4952, Train R: 0.8970, Train RRSE: 0.4429, Test Loss: 862.3350, Test Node Loss: 0.3956, Test Reg Loss: 8.6194, Test MAPE: 18.9293, Test R: 0.8621, Test RRSE: 0.7210
2025-02-10 15:48:27,415:INFO:Epoch 154: Train Loss: 381.5410, Train Node Loss: 0.5934, Train Reg Loss: 3.8095, Train MAPE: 18.2741, Train R: 0.8635, Train RRSE: 0.5065, Test Loss: 879.9336, Test Node Loss: 0.3755, Test Reg Loss: 8.7956, Test MAPE: 18.7528, Test R: 0.8641, Test RRSE: 0.7284
2025-02-10 15:48:46,187:INFO:Epoch 155: Train Loss: 303.4430, Train Node Loss: 0.4956, Train Reg Loss: 3.0295, Train MAPE: 18.1792, Train R: 0.8955, Train RRSE: 0.4517, Test Loss: 1413.1987, Test Node Loss: 0.3018, Test Reg Loss: 14.1290, Test MAPE: 20.0121, Test R: 0.8600, Test RRSE: 0.9231
2025-02-10 15:49:05,207:INFO:Epoch 156: Train Loss: 317.2366, Train Node Loss: 0.5640, Train Reg Loss: 3.1667, Train MAPE: 18.0156, Train R: 0.8888, Train RRSE: 0.4618, Test Loss: 980.2500, Test Node Loss: 0.3600, Test Reg Loss: 9.7989, Test MAPE: 18.2832, Test R: 0.8627, Test RRSE: 0.7688
2025-02-10 15:49:24,179:INFO:Epoch 157: Train Loss: 284.3628, Train Node Loss: 0.5280, Train Reg Loss: 2.8383, Train MAPE: 18.2460, Train R: 0.8997, Train RRSE: 0.4372, Test Loss: 2056.9940, Test Node Loss: 0.2232, Test Reg Loss: 20.5677, Test MAPE: 21.3427, Test R: 0.8513, Test RRSE: 1.1138
2025-02-10 15:49:43,280:INFO:Epoch 158: Train Loss: 300.9821, Train Node Loss: 0.5364, Train Reg Loss: 3.0045, Train MAPE: 18.8222, Train R: 0.8947, Train RRSE: 0.4498, Test Loss: 710.7794, Test Node Loss: 0.4272, Test Reg Loss: 7.1035, Test MAPE: 18.7072, Test R: 0.8623, Test RRSE: 0.6546
2025-02-10 15:50:02,562:INFO:Epoch 159: Train Loss: 308.8322, Train Node Loss: 0.5289, Train Reg Loss: 3.0830, Train MAPE: 17.9708, Train R: 0.8910, Train RRSE: 0.4556, Test Loss: 770.6484, Test Node Loss: 0.4352, Test Reg Loss: 7.7021, Test MAPE: 18.2634, Test R: 0.8607, Test RRSE: 0.6816
2025-02-10 15:50:21,685:INFO:Epoch 160: Train Loss: 329.6517, Train Node Loss: 0.5958, Train Reg Loss: 3.2906, Train MAPE: 18.2137, Train R: 0.8840, Train RRSE: 0.4707, Test Loss: 1166.5008, Test Node Loss: 0.3542, Test Reg Loss: 11.6615, Test MAPE: 19.4370, Test R: 0.8629, Test RRSE: 0.8387
2025-02-10 15:50:40,623:INFO:Epoch 161: Train Loss: 332.9007, Train Node Loss: 0.5473, Train Reg Loss: 3.3235, Train MAPE: 18.3543, Train R: 0.8819, Train RRSE: 0.4731, Test Loss: 884.1434, Test Node Loss: 0.3854, Test Reg Loss: 8.8376, Test MAPE: 18.9820, Test R: 0.8640, Test RRSE: 0.7301
2025-02-10 15:50:59,775:INFO:Epoch 162: Train Loss: 300.1417, Train Node Loss: 0.5357, Train Reg Loss: 2.9961, Train MAPE: 17.9203, Train R: 0.8946, Train RRSE: 0.4492, Test Loss: 751.9400, Test Node Loss: 0.3968, Test Reg Loss: 7.5154, Test MAPE: 18.3639, Test R: 0.8631, Test RRSE: 0.6733
2025-02-10 15:51:18,882:INFO:Epoch 163: Train Loss: 321.7022, Train Node Loss: 0.6015, Train Reg Loss: 3.2110, Train MAPE: 18.7774, Train R: 0.8879, Train RRSE: 0.4650, Test Loss: 1223.0465, Test Node Loss: 0.3167, Test Reg Loss: 12.2273, Test MAPE: 19.1766, Test R: 0.8567, Test RRSE: 0.8588
2025-02-10 15:51:37,833:INFO:Epoch 164: Train Loss: 282.2323, Train Node Loss: 0.5299, Train Reg Loss: 2.8170, Train MAPE: 18.2255, Train R: 0.9004, Train RRSE: 0.4355, Test Loss: 972.7509, Test Node Loss: 0.3327, Test Reg Loss: 9.7242, Test MAPE: 18.4212, Test R: 0.8549, Test RRSE: 0.7658
2025-02-10 15:51:56,880:INFO:Epoch 165: Train Loss: 314.7698, Train Node Loss: 0.5394, Train Reg Loss: 3.1423, Train MAPE: 18.4080, Train R: 0.8880, Train RRSE: 0.4600, Test Loss: 978.7855, Test Node Loss: 0.3641, Test Reg Loss: 9.7842, Test MAPE: 18.8259, Test R: 0.8588, Test RRSE: 0.7682
2025-02-10 15:52:15,935:INFO:Epoch 166: Train Loss: 282.9669, Train Node Loss: 0.5150, Train Reg Loss: 2.8245, Train MAPE: 18.5217, Train R: 0.9005, Train RRSE: 0.4361, Test Loss: 693.4084, Test Node Loss: 0.4133, Test Reg Loss: 6.9300, Test MAPE: 18.6755, Test R: 0.8658, Test RRSE: 0.6465
2025-02-10 15:52:34,950:INFO:Epoch 167: Train Loss: 302.1569, Train Node Loss: 0.5452, Train Reg Loss: 3.0161, Train MAPE: 18.1217, Train R: 0.8938, Train RRSE: 0.4507, Test Loss: 1597.4523, Test Node Loss: 0.2659, Test Reg Loss: 15.9719, Test MAPE: 19.6092, Test R: 0.8550, Test RRSE: 0.9815
2025-02-10 15:52:53,590:INFO:Epoch 168: Train Loss: 310.6396, Train Node Loss: 0.5253, Train Reg Loss: 3.1011, Train MAPE: 18.1211, Train R: 0.8900, Train RRSE: 0.4570, Test Loss: 1505.8985, Test Node Loss: 0.2919, Test Reg Loss: 15.0561, Test MAPE: 20.1560, Test R: 0.8541, Test RRSE: 0.9529
2025-02-10 15:53:12,137:INFO:Epoch 169: Train Loss: 298.5422, Train Node Loss: 0.5450, Train Reg Loss: 2.9800, Train MAPE: 18.7077, Train R: 0.8950, Train RRSE: 0.4480, Test Loss: 635.8038, Test Node Loss: 0.4354, Test Reg Loss: 6.3537, Test MAPE: 18.9949, Test R: 0.8645, Test RRSE: 0.6190
2025-02-10 15:53:30,938:INFO:Epoch 170: Train Loss: 354.3324, Train Node Loss: 0.4887, Train Reg Loss: 3.5384, Train MAPE: 17.6019, Train R: 0.8757, Train RRSE: 0.4881, Test Loss: 1167.9955, Test Node Loss: 0.3296, Test Reg Loss: 11.6767, Test MAPE: 18.9515, Test R: 0.8540, Test RRSE: 0.8392
2025-02-10 15:53:49,430:INFO:Epoch 171: Train Loss: 367.7701, Train Node Loss: 0.6387, Train Reg Loss: 3.6713, Train MAPE: 18.9296, Train R: 0.8793, Train RRSE: 0.4972, Test Loss: 1050.9683, Test Node Loss: 0.3178, Test Reg Loss: 10.5065, Test MAPE: 19.2237, Test R: 0.8564, Test RRSE: 0.7960
2025-02-10 15:54:07,903:INFO:Epoch 172: Train Loss: 355.2858, Train Node Loss: 0.3710, Train Reg Loss: 3.5491, Train MAPE: 17.8505, Train R: 0.8826, Train RRSE: 0.4889, Test Loss: 1182.3601, Test Node Loss: 0.1900, Test Reg Loss: 11.8217, Test MAPE: 19.0966, Test R: 0.8635, Test RRSE: 0.8444
2025-02-10 15:54:26,523:INFO:Epoch 173: Train Loss: 284.6610, Train Node Loss: 0.3571, Train Reg Loss: 2.8430, Train MAPE: 18.2702, Train R: 0.8996, Train RRSE: 0.4376, Test Loss: 1515.3840, Test Node Loss: 0.1686, Test Reg Loss: 15.1522, Test MAPE: 20.0167, Test R: 0.8579, Test RRSE: 0.9560
2025-02-10 15:54:45,172:INFO:Epoch 174: Train Loss: 348.7479, Train Node Loss: 0.3540, Train Reg Loss: 3.4839, Train MAPE: 18.2961, Train R: 0.8754, Train RRSE: 0.4844, Test Loss: 1590.5914, Test Node Loss: 0.1556, Test Reg Loss: 15.9044, Test MAPE: 20.5891, Test R: 0.8551, Test RRSE: 0.9794
2025-02-10 15:55:03,707:INFO:Epoch 175: Train Loss: 361.0765, Train Node Loss: 0.3520, Train Reg Loss: 3.6072, Train MAPE: 17.9812, Train R: 0.8703, Train RRSE: 0.4929, Test Loss: 515.6121, Test Node Loss: 0.3345, Test Reg Loss: 5.1528, Test MAPE: 18.2862, Test R: 0.8618, Test RRSE: 0.5575
2025-02-10 15:55:22,439:INFO:Epoch 176: Train Loss: 306.2971, Train Node Loss: 0.4086, Train Reg Loss: 3.0589, Train MAPE: 18.7088, Train R: 0.8922, Train RRSE: 0.4539, Test Loss: 939.4440, Test Node Loss: 0.2310, Test Reg Loss: 9.3921, Test MAPE: 18.7957, Test R: 0.8591, Test RRSE: 0.7526
2025-02-10 15:55:41,236:INFO:Epoch 177: Train Loss: 344.3057, Train Node Loss: 0.3939, Train Reg Loss: 3.4391, Train MAPE: 18.4527, Train R: 0.8767, Train RRSE: 0.4812, Test Loss: 875.3918, Test Node Loss: 0.2473, Test Reg Loss: 8.7514, Test MAPE: 18.4439, Test R: 0.8553, Test RRSE: 0.7265
2025-02-10 15:56:00,201:INFO:Epoch 178: Train Loss: 280.5496, Train Node Loss: 0.3985, Train Reg Loss: 2.8015, Train MAPE: 18.0213, Train R: 0.9030, Train RRSE: 0.4343, Test Loss: 1127.9520, Test Node Loss: 0.2036, Test Reg Loss: 11.2775, Test MAPE: 19.0488, Test R: 0.8548, Test RRSE: 0.8247
2025-02-10 15:56:19,010:INFO:Epoch 179: Train Loss: 316.5316, Train Node Loss: 0.3836, Train Reg Loss: 3.1615, Train MAPE: 18.6135, Train R: 0.8875, Train RRSE: 0.4614, Test Loss: 819.3073, Test Node Loss: 0.2328, Test Reg Loss: 8.1907, Test MAPE: 18.7638, Test R: 0.8566, Test RRSE: 0.7029
2025-02-10 15:56:37,664:INFO:Epoch 180: Train Loss: 264.2920, Train Node Loss: 0.3672, Train Reg Loss: 2.6392, Train MAPE: 18.1554, Train R: 0.9076, Train RRSE: 0.4216, Test Loss: 638.9115, Test Node Loss: 0.2718, Test Reg Loss: 6.3864, Test MAPE: 18.1149, Test R: 0.8549, Test RRSE: 0.6206
2025-02-10 15:56:56,170:INFO:Epoch 181: Train Loss: 281.0780, Train Node Loss: 0.3903, Train Reg Loss: 2.8069, Train MAPE: 18.1234, Train R: 0.9016, Train RRSE: 0.4348, Test Loss: 1126.3117, Test Node Loss: 0.2156, Test Reg Loss: 11.2610, Test MAPE: 18.9093, Test R: 0.8530, Test RRSE: 0.8241
2025-02-10 15:57:15,036:INFO:Epoch 182: Train Loss: 349.5686, Train Node Loss: 0.4421, Train Reg Loss: 3.4913, Train MAPE: 19.0565, Train R: 0.8799, Train RRSE: 0.4849, Test Loss: 1514.6471, Test Node Loss: 0.1763, Test Reg Loss: 15.1447, Test MAPE: 20.0844, Test R: 0.8484, Test RRSE: 0.9557
2025-02-10 15:57:33,945:INFO:Epoch 183: Train Loss: 297.0545, Train Node Loss: 0.3325, Train Reg Loss: 2.9672, Train MAPE: 17.7769, Train R: 0.9003, Train RRSE: 0.4470, Test Loss: 900.2082, Test Node Loss: 0.2369, Test Reg Loss: 8.9997, Test MAPE: 18.6369, Test R: 0.8528, Test RRSE: 0.7368
2025-02-10 15:57:52,704:INFO:Epoch 184: Train Loss: 270.3067, Train Node Loss: 0.4151, Train Reg Loss: 2.6989, Train MAPE: 18.6029, Train R: 0.9076, Train RRSE: 0.4263, Test Loss: 991.3503, Test Node Loss: 0.2164, Test Reg Loss: 9.9113, Test MAPE: 19.1709, Test R: 0.8561, Test RRSE: 0.7732
2025-02-10 15:58:11,139:INFO:Epoch 185: Train Loss: 289.7358, Train Node Loss: 0.3398, Train Reg Loss: 2.8940, Train MAPE: 18.6472, Train R: 0.8991, Train RRSE: 0.4415, Test Loss: 1106.1239, Test Node Loss: 0.1767, Test Reg Loss: 11.0595, Test MAPE: 19.1700, Test R: 0.8560, Test RRSE: 0.8167
2025-02-10 15:58:29,854:INFO:Epoch 186: Train Loss: 275.6200, Train Node Loss: 0.3485, Train Reg Loss: 2.7527, Train MAPE: 18.2831, Train R: 0.9030, Train RRSE: 0.4305, Test Loss: 1260.9392, Test Node Loss: 0.1834, Test Reg Loss: 12.6076, Test MAPE: 19.0986, Test R: 0.8470, Test RRSE: 0.8720
2025-02-10 15:58:48,208:INFO:Epoch 187: Train Loss: 265.7948, Train Node Loss: 0.3567, Train Reg Loss: 2.6544, Train MAPE: 18.4889, Train R: 0.9065, Train RRSE: 0.4228, Test Loss: 1139.2359, Test Node Loss: 0.1775, Test Reg Loss: 11.3906, Test MAPE: 19.6256, Test R: 0.8564, Test RRSE: 0.8289
2025-02-10 15:59:06,597:INFO:Epoch 188: Train Loss: 299.9782, Train Node Loss: 0.3438, Train Reg Loss: 2.9963, Train MAPE: 18.4296, Train R: 0.8937, Train RRSE: 0.4492, Test Loss: 1240.1998, Test Node Loss: 0.1829, Test Reg Loss: 12.4002, Test MAPE: 19.6278, Test R: 0.8514, Test RRSE: 0.8648
2025-02-10 15:59:25,159:INFO:Epoch 189: Train Loss: 325.2841, Train Node Loss: 0.3716, Train Reg Loss: 3.2491, Train MAPE: 18.3228, Train R: 0.8852, Train RRSE: 0.4678, Test Loss: 868.4652, Test Node Loss: 0.2222, Test Reg Loss: 8.6824, Test MAPE: 18.7554, Test R: 0.8548, Test RRSE: 0.7237
2025-02-10 15:59:43,674:INFO:Epoch 190: Train Loss: 314.9349, Train Node Loss: 0.3132, Train Reg Loss: 3.1462, Train MAPE: 17.5381, Train R: 0.8952, Train RRSE: 0.4603, Test Loss: 630.2113, Test Node Loss: 0.2488, Test Reg Loss: 6.2996, Test MAPE: 18.9201, Test R: 0.8645, Test RRSE: 0.6164
2025-02-10 16:00:02,243:INFO:Epoch 191: Train Loss: 292.4796, Train Node Loss: 0.3766, Train Reg Loss: 2.9210, Train MAPE: 18.8791, Train R: 0.8977, Train RRSE: 0.4435, Test Loss: 1671.4728, Test Node Loss: 0.1468, Test Reg Loss: 16.7133, Test MAPE: 20.5985, Test R: 0.8480, Test RRSE: 1.0040
2025-02-10 16:00:20,959:INFO:Epoch 192: Train Loss: 268.8934, Train Node Loss: 0.3721, Train Reg Loss: 2.6852, Train MAPE: 18.3216, Train R: 0.9056, Train RRSE: 0.4252, Test Loss: 1238.6067, Test Node Loss: 0.1784, Test Reg Loss: 12.3843, Test MAPE: 18.8036, Test R: 0.8466, Test RRSE: 0.8643
2025-02-10 16:00:39,500:INFO:Epoch 193: Train Loss: 307.4205, Train Node Loss: 0.3426, Train Reg Loss: 3.0708, Train MAPE: 17.6364, Train R: 0.8960, Train RRSE: 0.4547, Test Loss: 1012.8482, Test Node Loss: 0.2255, Test Reg Loss: 10.1262, Test MAPE: 18.8367, Test R: 0.8523, Test RRSE: 0.7815
2025-02-10 16:00:58,169:INFO:Epoch 194: Train Loss: 334.6761, Train Node Loss: 0.3828, Train Reg Loss: 3.3429, Train MAPE: 18.3626, Train R: 0.8807, Train RRSE: 0.4745, Test Loss: 1710.4120, Test Node Loss: 0.1948, Test Reg Loss: 17.1022, Test MAPE: 20.7441, Test R: 0.8451, Test RRSE: 1.0156
2025-02-10 16:01:16,887:INFO:Epoch 195: Train Loss: 294.2279, Train Node Loss: 0.4599, Train Reg Loss: 2.9377, Train MAPE: 19.0577, Train R: 0.9012, Train RRSE: 0.4448, Test Loss: 619.0065, Test Node Loss: 0.2897, Test Reg Loss: 6.1872, Test MAPE: 18.2105, Test R: 0.8584, Test RRSE: 0.6109
2025-02-10 16:01:35,790:INFO:Epoch 196: Train Loss: 301.0634, Train Node Loss: 0.3988, Train Reg Loss: 3.0066, Train MAPE: 18.2163, Train R: 0.8958, Train RRSE: 0.4500, Test Loss: 1478.8878, Test Node Loss: 0.1518, Test Reg Loss: 14.7874, Test MAPE: 19.5187, Test R: 0.8511, Test RRSE: 0.9444
2025-02-10 16:01:54,473:INFO:Epoch 197: Train Loss: 302.6030, Train Node Loss: 0.2842, Train Reg Loss: 3.0232, Train MAPE: 17.6118, Train R: 0.9046, Train RRSE: 0.4512, Test Loss: 1417.1654, Test Node Loss: 0.1557, Test Reg Loss: 14.1701, Test MAPE: 19.4049, Test R: 0.8473, Test RRSE: 0.9245
2025-02-10 16:02:12,989:INFO:Epoch 198: Train Loss: 365.5269, Train Node Loss: 0.4227, Train Reg Loss: 3.6510, Train MAPE: 19.0623, Train R: 0.8841, Train RRSE: 0.4958, Test Loss: 674.6021, Test Node Loss: 0.2125, Test Reg Loss: 6.7439, Test MAPE: 18.4513, Test R: 0.8494, Test RRSE: 0.6378
2025-02-10 16:02:32,035:INFO:Epoch 199: Train Loss: 312.3670, Train Node Loss: 0.2842, Train Reg Loss: 3.1208, Train MAPE: 18.0759, Train R: 0.8921, Train RRSE: 0.4584, Test Loss: 562.6963, Test Node Loss: 0.1703, Test Reg Loss: 5.6253, Test MAPE: 18.6169, Test R: 0.8614, Test RRSE: 0.5825
2025-02-10 16:02:51,080:INFO:Epoch 200: Train Loss: 320.8795, Train Node Loss: 0.2524, Train Reg Loss: 3.2063, Train MAPE: 18.1516, Train R: 0.8872, Train RRSE: 0.4647, Test Loss: 1045.7078, Test Node Loss: 0.1333, Test Reg Loss: 10.4557, Test MAPE: 19.0663, Test R: 0.8573, Test RRSE: 0.7941
2025-02-10 16:03:09,621:INFO:Epoch 201: Train Loss: 278.5980, Train Node Loss: 0.2744, Train Reg Loss: 2.7832, Train MAPE: 18.3699, Train R: 0.9016, Train RRSE: 0.4329, Test Loss: 1490.7617, Test Node Loss: 0.1112, Test Reg Loss: 14.9065, Test MAPE: 19.5271, Test R: 0.8503, Test RRSE: 0.9482
2025-02-10 16:03:28,474:INFO:Epoch 202: Train Loss: 324.6810, Train Node Loss: 0.2989, Train Reg Loss: 3.2438, Train MAPE: 18.5404, Train R: 0.8854, Train RRSE: 0.4674, Test Loss: 1492.5383, Test Node Loss: 0.1293, Test Reg Loss: 14.9241, Test MAPE: 20.0268, Test R: 0.8474, Test RRSE: 0.9488
2025-02-10 16:03:47,229:INFO:Epoch 203: Train Loss: 269.9577, Train Node Loss: 0.2731, Train Reg Loss: 2.6968, Train MAPE: 18.3944, Train R: 0.9051, Train RRSE: 0.4262, Test Loss: 1316.3137, Test Node Loss: 0.1248, Test Reg Loss: 13.1619, Test MAPE: 19.4685, Test R: 0.8492, Test RRSE: 0.8910
2025-02-10 16:04:05,840:INFO:Epoch 204: Train Loss: 324.8683, Train Node Loss: 0.2768, Train Reg Loss: 3.2459, Train MAPE: 18.1271, Train R: 0.8842, Train RRSE: 0.4675, Test Loss: 1168.4035, Test Node Loss: 0.1364, Test Reg Loss: 11.6827, Test MAPE: 18.6507, Test R: 0.8470, Test RRSE: 0.8394
2025-02-10 16:04:24,956:INFO:Epoch 205: Train Loss: 359.2490, Train Node Loss: 0.2457, Train Reg Loss: 3.5900, Train MAPE: 17.6550, Train R: 0.8755, Train RRSE: 0.4917, Test Loss: 697.2662, Test Node Loss: 0.1694, Test Reg Loss: 6.9710, Test MAPE: 18.2759, Test R: 0.8573, Test RRSE: 0.6484
2025-02-10 16:04:43,809:INFO:Epoch 206: Train Loss: 250.5194, Train Node Loss: 0.2979, Train Reg Loss: 2.5022, Train MAPE: 18.7343, Train R: 0.9136, Train RRSE: 0.4105, Test Loss: 2199.9223, Test Node Loss: 0.0912, Test Reg Loss: 21.9983, Test MAPE: 21.8217, Test R: 0.8422, Test RRSE: 1.1519
2025-02-10 16:05:02,419:INFO:Epoch 207: Train Loss: 359.7170, Train Node Loss: 0.2705, Train Reg Loss: 3.5945, Train MAPE: 17.9963, Train R: 0.8708, Train RRSE: 0.4920, Test Loss: 737.7222, Test Node Loss: 0.1772, Test Reg Loss: 7.3755, Test MAPE: 18.1571, Test R: 0.8499, Test RRSE: 0.6670
2025-02-10 16:05:21,679:INFO:Epoch 208: Train Loss: 281.2471, Train Node Loss: 0.2975, Train Reg Loss: 2.8095, Train MAPE: 18.3803, Train R: 0.9027, Train RRSE: 0.4350, Test Loss: 1541.0622, Test Node Loss: 0.1146, Test Reg Loss: 15.4095, Test MAPE: 20.0801, Test R: 0.8462, Test RRSE: 0.9641
2025-02-10 16:05:40,781:INFO:Epoch 209: Train Loss: 275.3687, Train Node Loss: 0.2659, Train Reg Loss: 2.7510, Train MAPE: 18.4030, Train R: 0.9060, Train RRSE: 0.4304, Test Loss: 2022.6373, Test Node Loss: 0.1017, Test Reg Loss: 20.2254, Test MAPE: 21.3520, Test R: 0.8382, Test RRSE: 1.1045
2025-02-10 16:05:59,900:INFO:Epoch 210: Train Loss: 289.3899, Train Node Loss: 0.3011, Train Reg Loss: 2.8909, Train MAPE: 18.3980, Train R: 0.8981, Train RRSE: 0.4412, Test Loss: 821.0223, Test Node Loss: 0.1874, Test Reg Loss: 8.2083, Test MAPE: 18.7839, Test R: 0.8486, Test RRSE: 0.7036
2025-02-10 16:06:18,801:INFO:Epoch 211: Train Loss: 290.3284, Train Node Loss: 0.3136, Train Reg Loss: 2.9001, Train MAPE: 18.4847, Train R: 0.8984, Train RRSE: 0.4419, Test Loss: 1439.3305, Test Node Loss: 0.1321, Test Reg Loss: 14.3920, Test MAPE: 19.7091, Test R: 0.8482, Test RRSE: 0.9317
2025-02-10 16:06:37,832:INFO:Epoch 212: Train Loss: 276.1249, Train Node Loss: 0.2646, Train Reg Loss: 2.7586, Train MAPE: 18.5097, Train R: 0.9034, Train RRSE: 0.4310, Test Loss: 1834.8367, Test Node Loss: 0.1132, Test Reg Loss: 18.3472, Test MAPE: 20.9599, Test R: 0.8391, Test RRSE: 1.0519
2025-02-10 16:06:56,902:INFO:Epoch 213: Train Loss: 279.3867, Train Node Loss: 0.2992, Train Reg Loss: 2.7909, Train MAPE: 18.1332, Train R: 0.9023, Train RRSE: 0.4335, Test Loss: 791.4715, Test Node Loss: 0.1948, Test Reg Loss: 7.9128, Test MAPE: 18.7938, Test R: 0.8488, Test RRSE: 0.6908
2025-02-10 16:07:15,110:INFO:Epoch 214: Train Loss: 250.9803, Train Node Loss: 0.3014, Train Reg Loss: 2.5068, Train MAPE: 18.4962, Train R: 0.9118, Train RRSE: 0.4109, Test Loss: 1383.3548, Test Node Loss: 0.1450, Test Reg Loss: 13.8321, Test MAPE: 20.1058, Test R: 0.8431, Test RRSE: 0.9134
2025-02-10 16:07:33,837:INFO:Epoch 215: Train Loss: 257.9642, Train Node Loss: 0.2831, Train Reg Loss: 2.5768, Train MAPE: 18.4707, Train R: 0.9098, Train RRSE: 0.4166, Test Loss: 1004.5185, Test Node Loss: 0.1853, Test Reg Loss: 10.0433, Test MAPE: 19.1125, Test R: 0.8454, Test RRSE: 0.7783
2025-02-10 16:07:52,377:INFO:Epoch 216: Train Loss: 269.1617, Train Node Loss: 0.3197, Train Reg Loss: 2.6884, Train MAPE: 18.5379, Train R: 0.9053, Train RRSE: 0.4255, Test Loss: 770.6274, Test Node Loss: 0.2246, Test Reg Loss: 7.7040, Test MAPE: 18.7742, Test R: 0.8490, Test RRSE: 0.6817
2025-02-10 16:08:10,872:INFO:Epoch 217: Train Loss: 271.4354, Train Node Loss: 0.3495, Train Reg Loss: 2.7109, Train MAPE: 18.9533, Train R: 0.9063, Train RRSE: 0.4273, Test Loss: 1241.7427, Test Node Loss: 0.1592, Test Reg Loss: 12.4158, Test MAPE: 19.4194, Test R: 0.8456, Test RRSE: 0.8654
2025-02-10 16:08:29,493:INFO:Epoch 218: Train Loss: 268.6192, Train Node Loss: 0.2961, Train Reg Loss: 2.6832, Train MAPE: 18.1998, Train R: 0.9062, Train RRSE: 0.4251, Test Loss: 937.7918, Test Node Loss: 0.1785, Test Reg Loss: 9.3761, Test MAPE: 19.0126, Test R: 0.8502, Test RRSE: 0.7520
2025-02-10 16:08:48,112:INFO:Epoch 219: Train Loss: 259.0733, Train Node Loss: 0.3265, Train Reg Loss: 2.5875, Train MAPE: 18.7300, Train R: 0.9101, Train RRSE: 0.4174, Test Loss: 1249.3316, Test Node Loss: 0.1486, Test Reg Loss: 12.4918, Test MAPE: 19.2419, Test R: 0.8427, Test RRSE: 0.8680
2025-02-10 16:09:06,740:INFO:Epoch 220: Train Loss: 229.8740, Train Node Loss: 0.2863, Train Reg Loss: 2.2959, Train MAPE: 18.1211, Train R: 0.9207, Train RRSE: 0.3932, Test Loss: 1674.3001, Test Node Loss: 0.1139, Test Reg Loss: 16.7419, Test MAPE: 20.2976, Test R: 0.8383, Test RRSE: 1.0049
2025-02-10 16:09:25,482:INFO:Epoch 221: Train Loss: 261.7651, Train Node Loss: 0.2815, Train Reg Loss: 2.6148, Train MAPE: 18.2222, Train R: 0.9078, Train RRSE: 0.4196, Test Loss: 1317.8686, Test Node Loss: 0.1347, Test Reg Loss: 13.1773, Test MAPE: 19.5971, Test R: 0.8356, Test RRSE: 0.8915
2025-02-10 16:09:44,254:INFO:Epoch 222: Train Loss: 324.9307, Train Node Loss: 0.3274, Train Reg Loss: 3.2460, Train MAPE: 19.1120, Train R: 0.8905, Train RRSE: 0.4675, Test Loss: 774.3174, Test Node Loss: 0.1826, Test Reg Loss: 7.7413, Test MAPE: 19.2015, Test R: 0.8518, Test RRSE: 0.6833
2025-02-10 16:10:02,842:INFO:Epoch 223: Train Loss: 320.4616, Train Node Loss: 0.2195, Train Reg Loss: 3.2024, Train MAPE: 17.5724, Train R: 0.9010, Train RRSE: 0.4644, Test Loss: 704.0899, Test Node Loss: 0.1691, Test Reg Loss: 7.0392, Test MAPE: 18.3846, Test R: 0.8545, Test RRSE: 0.6516
2025-02-10 16:10:21,487:INFO:Epoch 224: Train Loss: 270.1335, Train Node Loss: 0.2795, Train Reg Loss: 2.6985, Train MAPE: 18.7547, Train R: 0.9076, Train RRSE: 0.4263, Test Loss: 1790.3787, Test Node Loss: 0.0848, Test Reg Loss: 17.9029, Test MAPE: 20.9568, Test R: 0.8472, Test RRSE: 1.0391
2025-02-10 16:10:40,307:INFO:Epoch 225: Train Loss: 256.4664, Train Node Loss: 0.2464, Train Reg Loss: 2.5622, Train MAPE: 18.6094, Train R: 0.9102, Train RRSE: 0.4154, Test Loss: 1789.6376, Test Node Loss: 0.0771, Test Reg Loss: 17.8956, Test MAPE: 20.3804, Test R: 0.8394, Test RRSE: 1.0389
2025-02-10 16:10:59,185:INFO:Epoch 226: Train Loss: 267.5908, Train Node Loss: 0.2183, Train Reg Loss: 2.6737, Train MAPE: 18.1776, Train R: 0.9067, Train RRSE: 0.4243, Test Loss: 896.5023, Test Node Loss: 0.1262, Test Reg Loss: 8.9638, Test MAPE: 18.9489, Test R: 0.8488, Test RRSE: 0.7353
2025-02-10 16:11:18,415:INFO:Epoch 227: Train Loss: 269.5326, Train Node Loss: 0.2360, Train Reg Loss: 2.6930, Train MAPE: 18.5798, Train R: 0.9053, Train RRSE: 0.4258, Test Loss: 1276.4850, Test Node Loss: 0.1072, Test Reg Loss: 12.7638, Test MAPE: 19.5327, Test R: 0.8502, Test RRSE: 0.8774
2025-02-10 16:11:37,519:INFO:Epoch 228: Train Loss: 246.7335, Train Node Loss: 0.2259, Train Reg Loss: 2.4651, Train MAPE: 18.4358, Train R: 0.9133, Train RRSE: 0.4074, Test Loss: 1582.7409, Test Node Loss: 0.0955, Test Reg Loss: 15.8265, Test MAPE: 20.1211, Test R: 0.8409, Test RRSE: 0.9770
2025-02-10 16:11:56,325:INFO:Epoch 229: Train Loss: 258.8014, Train Node Loss: 0.2229, Train Reg Loss: 2.5858, Train MAPE: 18.2688, Train R: 0.9091, Train RRSE: 0.4173, Test Loss: 796.9456, Test Node Loss: 0.1326, Test Reg Loss: 7.9681, Test MAPE: 18.9331, Test R: 0.8533, Test RRSE: 0.6932
2025-02-10 16:12:15,352:INFO:Epoch 230: Train Loss: 244.8406, Train Node Loss: 0.2272, Train Reg Loss: 2.4461, Train MAPE: 18.4965, Train R: 0.9142, Train RRSE: 0.4059, Test Loss: 1987.8891, Test Node Loss: 0.0837, Test Reg Loss: 19.8781, Test MAPE: 21.7088, Test R: 0.8369, Test RRSE: 1.0950
2025-02-10 16:12:33,929:INFO:Epoch 231: Train Loss: 258.8436, Train Node Loss: 0.2460, Train Reg Loss: 2.5860, Train MAPE: 18.6175, Train R: 0.9092, Train RRSE: 0.4173, Test Loss: 1220.5396, Test Node Loss: 0.1293, Test Reg Loss: 12.2041, Test MAPE: 19.2220, Test R: 0.8339, Test RRSE: 0.8580
2025-02-10 16:12:52,598:INFO:Epoch 232: Train Loss: 234.2492, Train Node Loss: 0.2619, Train Reg Loss: 2.3399, Train MAPE: 18.5075, Train R: 0.9182, Train RRSE: 0.3969, Test Loss: 767.1829, Test Node Loss: 0.1663, Test Reg Loss: 7.6702, Test MAPE: 19.1441, Test R: 0.8493, Test RRSE: 0.6802
2025-02-10 16:13:11,364:INFO:Epoch 233: Train Loss: 318.5628, Train Node Loss: 0.2759, Train Reg Loss: 3.1829, Train MAPE: 18.8357, Train R: 0.8882, Train RRSE: 0.4630, Test Loss: 1814.9553, Test Node Loss: 0.0934, Test Reg Loss: 18.1486, Test MAPE: 20.6593, Test R: 0.8283, Test RRSE: 1.0462
2025-02-10 16:13:29,815:INFO:Epoch 234: Train Loss: 269.2032, Train Node Loss: 0.2402, Train Reg Loss: 2.6896, Train MAPE: 18.0324, Train R: 0.9074, Train RRSE: 0.4256, Test Loss: 752.2418, Test Node Loss: 0.1562, Test Reg Loss: 7.5209, Test MAPE: 19.4029, Test R: 0.8492, Test RRSE: 0.6735
2025-02-10 16:13:48,580:INFO:Epoch 235: Train Loss: 241.6945, Train Node Loss: 0.2575, Train Reg Loss: 2.4144, Train MAPE: 18.7756, Train R: 0.9155, Train RRSE: 0.4032, Test Loss: 1064.5657, Test Node Loss: 0.1242, Test Reg Loss: 10.6444, Test MAPE: 19.1245, Test R: 0.8417, Test RRSE: 0.8013
2025-02-10 16:14:07,141:INFO:Epoch 236: Train Loss: 291.2189, Train Node Loss: 0.2179, Train Reg Loss: 2.9100, Train MAPE: 17.8830, Train R: 0.9005, Train RRSE: 0.4427, Test Loss: 1437.4077, Test Node Loss: 0.0970, Test Reg Loss: 14.3731, Test MAPE: 19.3294, Test R: 0.8341, Test RRSE: 0.9311
2025-02-10 16:14:25,611:INFO:Epoch 237: Train Loss: 260.5733, Train Node Loss: 0.2526, Train Reg Loss: 2.6032, Train MAPE: 18.7840, Train R: 0.9097, Train RRSE: 0.4187, Test Loss: 1276.4758, Test Node Loss: 0.1007, Test Reg Loss: 12.7638, Test MAPE: 19.7611, Test R: 0.8381, Test RRSE: 0.8774
2025-02-10 16:14:44,004:INFO:Epoch 238: Train Loss: 284.1990, Train Node Loss: 0.2422, Train Reg Loss: 2.8396, Train MAPE: 18.4431, Train R: 0.9005, Train RRSE: 0.4373, Test Loss: 1008.6225, Test Node Loss: 0.1148, Test Reg Loss: 10.0851, Test MAPE: 18.4762, Test R: 0.8442, Test RRSE: 0.7799
2025-02-10 16:15:02,306:INFO:Epoch 239: Train Loss: 305.4042, Train Node Loss: 0.1895, Train Reg Loss: 3.0521, Train MAPE: 17.8169, Train R: 0.8994, Train RRSE: 0.4534, Test Loss: 1751.1304, Test Node Loss: 0.0810, Test Reg Loss: 17.5105, Test MAPE: 20.7377, Test R: 0.8361, Test RRSE: 1.0277
2025-02-10 16:15:20,443:INFO:Epoch 240: Train Loss: 260.9498, Train Node Loss: 0.2341, Train Reg Loss: 2.6072, Train MAPE: 18.8722, Train R: 0.9122, Train RRSE: 0.4190, Test Loss: 817.2518, Test Node Loss: 0.1283, Test Reg Loss: 8.1712, Test MAPE: 18.4172, Test R: 0.8373, Test RRSE: 0.7020
2025-02-10 16:15:38,841:INFO:Epoch 241: Train Loss: 239.4734, Train Node Loss: 0.2014, Train Reg Loss: 2.3927, Train MAPE: 18.2138, Train R: 0.9168, Train RRSE: 0.4014, Test Loss: 1115.0607, Test Node Loss: 0.0924, Test Reg Loss: 11.1497, Test MAPE: 19.2785, Test R: 0.8413, Test RRSE: 0.8201
2025-02-10 16:15:57,413:INFO:Epoch 242: Train Loss: 249.3588, Train Node Loss: 0.1988, Train Reg Loss: 2.4916, Train MAPE: 18.7170, Train R: 0.9129, Train RRSE: 0.4096, Test Loss: 1571.8583, Test Node Loss: 0.0675, Test Reg Loss: 15.7179, Test MAPE: 20.2843, Test R: 0.8342, Test RRSE: 0.9737
2025-02-10 16:16:16,004:INFO:Epoch 243: Train Loss: 238.7172, Train Node Loss: 0.1796, Train Reg Loss: 2.3854, Train MAPE: 18.2875, Train R: 0.9167, Train RRSE: 0.4008, Test Loss: 1017.2727, Test Node Loss: 0.0942, Test Reg Loss: 10.1718, Test MAPE: 19.1928, Test R: 0.8381, Test RRSE: 0.7833
2025-02-10 16:16:34,766:INFO:Epoch 244: Train Loss: 296.5430, Train Node Loss: 0.1831, Train Reg Loss: 2.9636, Train MAPE: 18.5403, Train R: 0.8949, Train RRSE: 0.4467, Test Loss: 675.8730, Test Node Loss: 0.1287, Test Reg Loss: 6.7574, Test MAPE: 18.4991, Test R: 0.8443, Test RRSE: 0.6384
2025-02-10 16:16:53,687:INFO:Epoch 245: Train Loss: 235.1958, Train Node Loss: 0.2006, Train Reg Loss: 2.3500, Train MAPE: 18.1550, Train R: 0.9198, Train RRSE: 0.3978, Test Loss: 1394.8671, Test Node Loss: 0.0840, Test Reg Loss: 13.9478, Test MAPE: 19.6218, Test R: 0.8328, Test RRSE: 0.9172
2025-02-10 16:17:12,448:INFO:Epoch 246: Train Loss: 260.7629, Train Node Loss: 0.2043, Train Reg Loss: 2.6056, Train MAPE: 18.6354, Train R: 0.9081, Train RRSE: 0.4189, Test Loss: 1453.2353, Test Node Loss: 0.0809, Test Reg Loss: 14.5315, Test MAPE: 19.9066, Test R: 0.8379, Test RRSE: 0.9362
2025-02-10 16:17:30,834:INFO:Epoch 247: Train Loss: 281.0584, Train Node Loss: 0.1976, Train Reg Loss: 2.8086, Train MAPE: 18.2310, Train R: 0.9006, Train RRSE: 0.4349, Test Loss: 812.5054, Test Node Loss: 0.1146, Test Reg Loss: 8.1239, Test MAPE: 18.5401, Test R: 0.8376, Test RRSE: 0.7000
2025-02-10 16:17:49,300:INFO:Epoch 248: Train Loss: 249.4158, Train Node Loss: 0.1990, Train Reg Loss: 2.4922, Train MAPE: 18.0214, Train R: 0.9136, Train RRSE: 0.4097, Test Loss: 997.2586, Test Node Loss: 0.0959, Test Reg Loss: 9.9716, Test MAPE: 18.8831, Test R: 0.8456, Test RRSE: 0.7755
2025-02-10 16:18:08,155:INFO:Epoch 249: Train Loss: 271.3364, Train Node Loss: 0.1734, Train Reg Loss: 2.7116, Train MAPE: 18.6676, Train R: 0.9080, Train RRSE: 0.4273, Test Loss: 3400.8476, Test Node Loss: 0.0363, Test Reg Loss: 34.0081, Test MAPE: 24.9379, Test R: 0.8215, Test RRSE: 1.4322
2025-02-10 16:18:26,734:INFO:Epoch 250: Train Loss: 331.9800, Train Node Loss: 0.1968, Train Reg Loss: 3.3178, Train MAPE: 18.8147, Train R: 0.8935, Train RRSE: 0.4727, Test Loss: 666.7891, Test Node Loss: 0.1187, Test Reg Loss: 6.6667, Test MAPE: 18.6029, Test R: 0.8342, Test RRSE: 0.6341
2025-02-10 16:18:45,708:INFO:Epoch 251: Train Loss: 320.4591, Train Node Loss: 0.1638, Train Reg Loss: 3.2030, Train MAPE: 17.7255, Train R: 0.8908, Train RRSE: 0.4644, Test Loss: 496.0731, Test Node Loss: 0.1708, Test Reg Loss: 4.9590, Test MAPE: 20.5439, Test R: 0.8548, Test RRSE: 0.5469
2025-02-10 16:19:04,289:INFO:Epoch 252: Train Loss: 330.7105, Train Node Loss: 0.1736, Train Reg Loss: 3.3054, Train MAPE: 18.5447, Train R: 0.8840, Train RRSE: 0.4718, Test Loss: 1404.4515, Test Node Loss: 0.0896, Test Reg Loss: 14.0436, Test MAPE: 19.5388, Test R: 0.8336, Test RRSE: 0.9203
2025-02-10 16:19:22,934:INFO:Epoch 253: Train Loss: 268.3096, Train Node Loss: 0.2156, Train Reg Loss: 2.6809, Train MAPE: 18.5775, Train R: 0.9115, Train RRSE: 0.4249, Test Loss: 1485.4610, Test Node Loss: 0.0681, Test Reg Loss: 14.8539, Test MAPE: 19.6381, Test R: 0.8354, Test RRSE: 0.9465
2025-02-10 16:19:41,423:INFO:Epoch 254: Train Loss: 253.3854, Train Node Loss: 0.1687, Train Reg Loss: 2.5322, Train MAPE: 18.6587, Train R: 0.9128, Train RRSE: 0.4129, Test Loss: 992.5480, Test Node Loss: 0.0731, Test Reg Loss: 9.9247, Test MAPE: 18.6760, Test R: 0.8395, Test RRSE: 0.7737
2025-02-10 16:19:59,732:INFO:Epoch 255: Train Loss: 258.0537, Train Node Loss: 0.1667, Train Reg Loss: 2.5789, Train MAPE: 18.4295, Train R: 0.9092, Train RRSE: 0.4167, Test Loss: 783.7258, Test Node Loss: 0.0884, Test Reg Loss: 7.8364, Test MAPE: 18.5020, Test R: 0.8443, Test RRSE: 0.6875
2025-02-10 16:20:18,015:INFO:Epoch 256: Train Loss: 268.9956, Train Node Loss: 0.1780, Train Reg Loss: 2.6882, Train MAPE: 18.7417, Train R: 0.9072, Train RRSE: 0.4255, Test Loss: 1156.2275, Test Node Loss: 0.0708, Test Reg Loss: 11.5616, Test MAPE: 18.9841, Test R: 0.8411, Test RRSE: 0.8351
2025-02-10 16:20:36,333:INFO:Epoch 257: Train Loss: 266.1934, Train Node Loss: 0.1657, Train Reg Loss: 2.6603, Train MAPE: 18.3171, Train R: 0.9073, Train RRSE: 0.4233, Test Loss: 1651.8692, Test Node Loss: 0.0579, Test Reg Loss: 16.5181, Test MAPE: 20.2916, Test R: 0.8277, Test RRSE: 0.9981
2025-02-10 16:20:54,809:INFO:Epoch 258: Train Loss: 231.1189, Train Node Loss: 0.1542, Train Reg Loss: 2.3096, Train MAPE: 18.4366, Train R: 0.9209, Train RRSE: 0.3944, Test Loss: 1510.4054, Test Node Loss: 0.0640, Test Reg Loss: 15.1034, Test MAPE: 20.1330, Test R: 0.8319, Test RRSE: 0.9544
2025-02-10 16:21:13,365:INFO:Epoch 259: Train Loss: 267.3785, Train Node Loss: 0.1699, Train Reg Loss: 2.6721, Train MAPE: 18.3263, Train R: 0.9057, Train RRSE: 0.4242, Test Loss: 885.4930, Test Node Loss: 0.1008, Test Reg Loss: 8.8539, Test MAPE: 19.0353, Test R: 0.8371, Test RRSE: 0.7308
2025-02-10 16:21:32,059:INFO:Epoch 260: Train Loss: 222.6073, Train Node Loss: 0.1750, Train Reg Loss: 2.2243, Train MAPE: 18.6097, Train R: 0.9221, Train RRSE: 0.3870, Test Loss: 956.0117, Test Node Loss: 0.0926, Test Reg Loss: 9.5592, Test MAPE: 18.6221, Test R: 0.8363, Test RRSE: 0.7593
2025-02-10 16:21:50,522:INFO:Epoch 261: Train Loss: 252.7663, Train Node Loss: 0.1909, Train Reg Loss: 2.5258, Train MAPE: 18.5432, Train R: 0.9127, Train RRSE: 0.4124, Test Loss: 1751.3011, Test Node Loss: 0.0651, Test Reg Loss: 17.5124, Test MAPE: 20.4147, Test R: 0.8279, Test RRSE: 1.0277
2025-02-10 16:22:08,946:INFO:Epoch 262: Train Loss: 252.1388, Train Node Loss: 0.1880, Train Reg Loss: 2.5195, Train MAPE: 18.6336, Train R: 0.9125, Train RRSE: 0.4119, Test Loss: 1685.2014, Test Node Loss: 0.0571, Test Reg Loss: 16.8514, Test MAPE: 20.5502, Test R: 0.8289, Test RRSE: 1.0082
2025-02-10 16:22:27,451:INFO:Epoch 263: Train Loss: 302.9657, Train Node Loss: 0.1389, Train Reg Loss: 3.0283, Train MAPE: 17.7636, Train R: 0.9064, Train RRSE: 0.4516, Test Loss: 729.1429, Test Node Loss: 0.0908, Test Reg Loss: 7.2905, Test MAPE: 18.6691, Test R: 0.8420, Test RRSE: 0.6631
2025-02-10 16:22:46,208:INFO:Epoch 264: Train Loss: 327.7009, Train Node Loss: 0.1927, Train Reg Loss: 3.2751, Train MAPE: 19.3072, Train R: 0.8939, Train RRSE: 0.4696, Test Loss: 2031.9547, Test Node Loss: 0.0477, Test Reg Loss: 20.3191, Test MAPE: 20.7166, Test R: 0.8264, Test RRSE: 1.1070
2025-02-10 16:23:04,403:INFO:Epoch 265: Train Loss: 249.0923, Train Node Loss: 0.1317, Train Reg Loss: 2.4896, Train MAPE: 17.7130, Train R: 0.9194, Train RRSE: 0.4095, Test Loss: 2583.8653, Test Node Loss: 0.0391, Test Reg Loss: 25.8383, Test MAPE: 22.2324, Test R: 0.8198, Test RRSE: 1.2484
2025-02-10 16:23:22,955:INFO:Epoch 266: Train Loss: 245.8383, Train Node Loss: 0.1513, Train Reg Loss: 2.4569, Train MAPE: 18.7451, Train R: 0.9155, Train RRSE: 0.4068, Test Loss: 951.4078, Test Node Loss: 0.0667, Test Reg Loss: 9.5134, Test MAPE: 19.0864, Test R: 0.8340, Test RRSE: 0.7575
2025-02-10 16:23:41,054:INFO:Epoch 267: Train Loss: 238.6920, Train Node Loss: 0.1373, Train Reg Loss: 2.3855, Train MAPE: 18.2309, Train R: 0.9171, Train RRSE: 0.4008, Test Loss: 596.4431, Test Node Loss: 0.0806, Test Reg Loss: 5.9636, Test MAPE: 18.5500, Test R: 0.8438, Test RRSE: 0.5997
2025-02-10 16:23:59,407:INFO:Epoch 268: Train Loss: 253.9993, Train Node Loss: 0.1544, Train Reg Loss: 2.5384, Train MAPE: 18.7284, Train R: 0.9131, Train RRSE: 0.4134, Test Loss: 1290.9619, Test Node Loss: 0.0549, Test Reg Loss: 12.9091, Test MAPE: 19.6680, Test R: 0.8365, Test RRSE: 0.8824
2025-02-10 16:24:17,895:INFO:Epoch 269: Train Loss: 276.6586, Train Node Loss: 0.1257, Train Reg Loss: 2.7653, Train MAPE: 18.2935, Train R: 0.9076, Train RRSE: 0.4315, Test Loss: 1215.1803, Test Node Loss: 0.0557, Test Reg Loss: 12.1512, Test MAPE: 19.4749, Test R: 0.8348, Test RRSE: 0.8561
2025-02-10 16:24:36,531:INFO:Epoch 270: Train Loss: 219.7936, Train Node Loss: 0.1353, Train Reg Loss: 2.1966, Train MAPE: 18.3627, Train R: 0.9237, Train RRSE: 0.3846, Test Loss: 791.3501, Test Node Loss: 0.0687, Test Reg Loss: 7.9128, Test MAPE: 18.9473, Test R: 0.8434, Test RRSE: 0.6908
2025-02-10 16:24:54,718:INFO:Epoch 271: Train Loss: 207.9790, Train Node Loss: 0.1404, Train Reg Loss: 2.0784, Train MAPE: 18.9563, Train R: 0.9276, Train RRSE: 0.3741, Test Loss: 1134.8819, Test Node Loss: 0.0623, Test Reg Loss: 11.3482, Test MAPE: 19.5985, Test R: 0.8405, Test RRSE: 0.8273
2025-02-10 16:25:12,887:INFO:Epoch 272: Train Loss: 231.1492, Train Node Loss: 0.1459, Train Reg Loss: 2.3100, Train MAPE: 18.4641, Train R: 0.9189, Train RRSE: 0.3944, Test Loss: 1444.8841, Test Node Loss: 0.0558, Test Reg Loss: 14.4483, Test MAPE: 19.5201, Test R: 0.8224, Test RRSE: 0.9335
2025-02-10 16:25:30,954:INFO:Epoch 273: Train Loss: 294.8801, Train Node Loss: 0.1364, Train Reg Loss: 2.9474, Train MAPE: 17.6978, Train R: 0.8979, Train RRSE: 0.4455, Test Loss: 943.9645, Test Node Loss: 0.0702, Test Reg Loss: 9.4389, Test MAPE: 19.0066, Test R: 0.8360, Test RRSE: 0.7545
2025-02-10 16:25:48,861:INFO:Epoch 274: Train Loss: 275.6480, Train Node Loss: 0.1524, Train Reg Loss: 2.7550, Train MAPE: 18.6073, Train R: 0.9033, Train RRSE: 0.4307, Test Loss: 1101.8655, Test Node Loss: 0.0626, Test Reg Loss: 11.0180, Test MAPE: 19.4909, Test R: 0.8383, Test RRSE: 0.8152
2025-02-10 16:26:07,479:INFO:Epoch 275: Train Loss: 298.0628, Train Node Loss: 0.1344, Train Reg Loss: 2.9793, Train MAPE: 17.9304, Train R: 0.8992, Train RRSE: 0.4479, Test Loss: 668.6651, Test Node Loss: 0.0844, Test Reg Loss: 6.6858, Test MAPE: 18.9187, Test R: 0.8408, Test RRSE: 0.6350
2025-02-10 16:26:26,287:INFO:Epoch 276: Train Loss: 243.2279, Train Node Loss: 0.1656, Train Reg Loss: 2.4306, Train MAPE: 19.1499, Train R: 0.9226, Train RRSE: 0.4046, Test Loss: 1339.0270, Test Node Loss: 0.0540, Test Reg Loss: 13.3897, Test MAPE: 20.0203, Test R: 0.8375, Test RRSE: 0.8987
2025-02-10 16:26:45,058:INFO:Epoch 277: Train Loss: 231.8979, Train Node Loss: 0.1282, Train Reg Loss: 2.3177, Train MAPE: 18.6414, Train R: 0.9212, Train RRSE: 0.3951, Test Loss: 1448.1570, Test Node Loss: 0.0505, Test Reg Loss: 14.4811, Test MAPE: 19.5414, Test R: 0.8238, Test RRSE: 0.9346
2025-02-10 16:27:03,520:INFO:Epoch 278: Train Loss: 244.8721, Train Node Loss: 0.1276, Train Reg Loss: 2.4474, Train MAPE: 17.8520, Train R: 0.9169, Train RRSE: 0.4060, Test Loss: 1291.1417, Test Node Loss: 0.0558, Test Reg Loss: 12.9109, Test MAPE: 19.4481, Test R: 0.8276, Test RRSE: 0.8824
2025-02-10 16:27:22,334:INFO:Epoch 279: Train Loss: 229.3618, Train Node Loss: 0.1367, Train Reg Loss: 2.2923, Train MAPE: 18.9337, Train R: 0.9204, Train RRSE: 0.3929, Test Loss: 1017.6492, Test Node Loss: 0.0612, Test Reg Loss: 10.1759, Test MAPE: 19.2905, Test R: 0.8338, Test RRSE: 0.7834
2025-02-10 16:27:40,968:INFO:Epoch 280: Train Loss: 264.3306, Train Node Loss: 0.1293, Train Reg Loss: 2.6420, Train MAPE: 18.0064, Train R: 0.9087, Train RRSE: 0.4218, Test Loss: 939.6087, Test Node Loss: 0.0649, Test Reg Loss: 9.3954, Test MAPE: 18.5123, Test R: 0.8294, Test RRSE: 0.7528
2025-02-10 16:27:59,859:INFO:Epoch 281: Train Loss: 236.4898, Train Node Loss: 0.1455, Train Reg Loss: 2.3634, Train MAPE: 18.5775, Train R: 0.9186, Train RRSE: 0.3989, Test Loss: 1583.7096, Test Node Loss: 0.0496, Test Reg Loss: 15.8366, Test MAPE: 20.7334, Test R: 0.8333, Test RRSE: 0.9773
2025-02-10 16:28:18,753:INFO:Epoch 282: Train Loss: 229.2143, Train Node Loss: 0.1372, Train Reg Loss: 2.2908, Train MAPE: 18.8814, Train R: 0.9202, Train RRSE: 0.3928, Test Loss: 968.6735, Test Node Loss: 0.0653, Test Reg Loss: 9.6861, Test MAPE: 18.8379, Test R: 0.8328, Test RRSE: 0.7643
2025-02-10 16:28:37,723:INFO:Epoch 283: Train Loss: 260.1198, Train Node Loss: 0.1320, Train Reg Loss: 2.5999, Train MAPE: 18.1233, Train R: 0.9092, Train RRSE: 0.4184, Test Loss: 1035.9149, Test Node Loss: 0.0573, Test Reg Loss: 10.3586, Test MAPE: 18.7147, Test R: 0.8381, Test RRSE: 0.7904
2025-02-10 16:28:56,842:INFO:Epoch 284: Train Loss: 241.0375, Train Node Loss: 0.1341, Train Reg Loss: 2.4090, Train MAPE: 18.5721, Train R: 0.9155, Train RRSE: 0.4028, Test Loss: 2285.8087, Test Node Loss: 0.0361, Test Reg Loss: 22.8577, Test MAPE: 21.9644, Test R: 0.8283, Test RRSE: 1.1742
2025-02-10 16:29:15,597:INFO:Epoch 285: Train Loss: 212.2019, Train Node Loss: 0.1298, Train Reg Loss: 2.1207, Train MAPE: 18.3500, Train R: 0.9259, Train RRSE: 0.3779, Test Loss: 1059.1234, Test Node Loss: 0.0628, Test Reg Loss: 10.5906, Test MAPE: 18.9657, Test R: 0.8239, Test RRSE: 0.7992
2025-02-10 16:29:34,123:INFO:Epoch 286: Train Loss: 210.5601, Train Node Loss: 0.1388, Train Reg Loss: 2.1042, Train MAPE: 18.5225, Train R: 0.9268, Train RRSE: 0.3764, Test Loss: 1436.1095, Test Node Loss: 0.0541, Test Reg Loss: 14.3606, Test MAPE: 20.0706, Test R: 0.8333, Test RRSE: 0.9307
2025-02-10 16:29:52,427:INFO:Epoch 287: Train Loss: 283.8538, Train Node Loss: 0.1198, Train Reg Loss: 2.8373, Train MAPE: 17.9034, Train R: 0.9037, Train RRSE: 0.4371, Test Loss: 1372.6780, Test Node Loss: 0.0529, Test Reg Loss: 13.7263, Test MAPE: 19.2034, Test R: 0.8218, Test RRSE: 0.9099
2025-02-10 16:30:10,996:INFO:Epoch 288: Train Loss: 261.1129, Train Node Loss: 0.1428, Train Reg Loss: 2.6097, Train MAPE: 18.7104, Train R: 0.9124, Train RRSE: 0.4192, Test Loss: 830.9304, Test Node Loss: 0.0704, Test Reg Loss: 8.3086, Test MAPE: 19.1079, Test R: 0.8358, Test RRSE: 0.7079
2025-02-10 16:30:29,975:INFO:Epoch 289: Train Loss: 215.4284, Train Node Loss: 0.1283, Train Reg Loss: 2.1530, Train MAPE: 18.7147, Train R: 0.9249, Train RRSE: 0.3808, Test Loss: 1793.5097, Test Node Loss: 0.0423, Test Reg Loss: 17.9347, Test MAPE: 20.7671, Test R: 0.8250, Test RRSE: 1.0401
2025-02-10 16:30:48,827:INFO:Epoch 290: Train Loss: 247.7117, Train Node Loss: 0.1275, Train Reg Loss: 2.4758, Train MAPE: 18.8382, Train R: 0.9133, Train RRSE: 0.4083, Test Loss: 1167.0266, Test Node Loss: 0.0560, Test Reg Loss: 11.6697, Test MAPE: 19.8412, Test R: 0.8330, Test RRSE: 0.8390
2025-02-10 16:31:07,494:INFO:Epoch 291: Train Loss: 222.8883, Train Node Loss: 0.1220, Train Reg Loss: 2.2277, Train MAPE: 18.4043, Train R: 0.9225, Train RRSE: 0.3873, Test Loss: 1216.5185, Test Node Loss: 0.0538, Test Reg Loss: 12.1646, Test MAPE: 19.4607, Test R: 0.8282, Test RRSE: 0.8566
2025-02-10 16:31:25,873:INFO:Epoch 292: Train Loss: 270.4767, Train Node Loss: 0.1345, Train Reg Loss: 2.7034, Train MAPE: 18.7742, Train R: 0.9073, Train RRSE: 0.4267, Test Loss: 1483.0695, Test Node Loss: 0.0501, Test Reg Loss: 14.8302, Test MAPE: 19.7581, Test R: 0.8224, Test RRSE: 0.9458
2025-02-10 16:31:44,060:INFO:Epoch 293: Train Loss: 235.4615, Train Node Loss: 0.1172, Train Reg Loss: 2.3534, Train MAPE: 17.9670, Train R: 0.9234, Train RRSE: 0.3981, Test Loss: 1384.7273, Test Node Loss: 0.0515, Test Reg Loss: 13.8468, Test MAPE: 19.7803, Test R: 0.8300, Test RRSE: 0.9139
2025-02-10 16:32:02,515:INFO:Epoch 294: Train Loss: 261.3832, Train Node Loss: 0.1340, Train Reg Loss: 2.6125, Train MAPE: 18.7134, Train R: 0.9094, Train RRSE: 0.4194, Test Loss: 679.8502, Test Node Loss: 0.0736, Test Reg Loss: 6.7978, Test MAPE: 19.1990, Test R: 0.8363, Test RRSE: 0.6403
2025-02-10 16:32:20,999:INFO:Epoch 295: Train Loss: 268.7317, Train Node Loss: 0.1161, Train Reg Loss: 2.6862, Train MAPE: 18.0208, Train R: 0.9065, Train RRSE: 0.4253, Test Loss: 1858.1384, Test Node Loss: 0.0409, Test Reg Loss: 18.5810, Test MAPE: 20.5661, Test R: 0.8227, Test RRSE: 1.0586
2025-02-10 16:32:39,221:INFO:Epoch 296: Train Loss: 239.8098, Train Node Loss: 0.1242, Train Reg Loss: 2.3969, Train MAPE: 18.4778, Train R: 0.9185, Train RRSE: 0.4018, Test Loss: 1132.4250, Test Node Loss: 0.0577, Test Reg Loss: 11.3237, Test MAPE: 19.3032, Test R: 0.8227, Test RRSE: 0.8264
2025-02-10 16:32:57,501:INFO:Epoch 297: Train Loss: 247.3692, Train Node Loss: 0.1165, Train Reg Loss: 2.4725, Train MAPE: 18.0566, Train R: 0.9157, Train RRSE: 0.4080, Test Loss: 849.7481, Test Node Loss: 0.0701, Test Reg Loss: 8.4968, Test MAPE: 19.1909, Test R: 0.8306, Test RRSE: 0.7159
2025-02-10 16:33:15,290:INFO:Epoch 298: Train Loss: 298.6766, Train Node Loss: 0.1389, Train Reg Loss: 2.9854, Train MAPE: 19.2788, Train R: 0.9017, Train RRSE: 0.4484, Test Loss: 1315.2242, Test Node Loss: 0.0496, Test Reg Loss: 13.1517, Test MAPE: 19.5504, Test R: 0.8285, Test RRSE: 0.8906
2025-02-10 16:33:33,342:INFO:Epoch 299: Train Loss: 266.6402, Train Node Loss: 0.1015, Train Reg Loss: 2.6654, Train MAPE: 17.5984, Train R: 0.9148, Train RRSE: 0.4237, Test Loss: 2053.1633, Test Node Loss: 0.0333, Test Reg Loss: 20.5313, Test MAPE: 20.7890, Test R: 0.8126, Test RRSE: 1.1128
2025-02-10 16:33:51,515:INFO:Epoch 300: Train Loss: 294.8991, Train Node Loss: 0.1105, Train Reg Loss: 2.9479, Train MAPE: 18.7193, Train R: 0.9003, Train RRSE: 0.4455, Test Loss: 935.8386, Test Node Loss: 0.0441, Test Reg Loss: 9.3579, Test MAPE: 18.8922, Test R: 0.8369, Test RRSE: 0.7513
2025-02-10 16:33:51,516:INFO:Best performance at epoch 133 with Test MAPE: 0.8697
