2025-02-10 14:55:32,808:INFO:Learning rate: 0.0008
2025-02-10 14:55:32,809:INFO:Weight decay: 0.001
2025-02-10 14:55:32,809:INFO:Batch size: 32
2025-02-10 14:55:32,809:INFO:Number of layers: 2
2025-02-10 14:55:32,809:INFO:Convolution type: SAGE
2025-02-10 14:55:32,809:INFO:Convolution neurons: 256
2025-02-10 15:00:13,056:INFO:Learning rate: 0.0008
2025-02-10 15:00:13,057:INFO:Weight decay: 0.001
2025-02-10 15:00:13,057:INFO:Batch size: 32
2025-02-10 15:00:13,057:INFO:Number of layers: 2
2025-02-10 15:00:13,057:INFO:Convolution type: SAGE
2025-02-10 15:00:13,057:INFO:Convolution neurons: 256
2025-02-10 15:00:27,552:INFO:Epoch 1: Train Loss: 42572.6605, Train Node Loss: 17.8959, Train Reg Loss: 425.5476, Train MAPE: 94.4592, Train R: 0.0429, Train RRSE: 5.3532, Test Loss: 32284.9601, Test Node Loss: 150.1906, Test Reg Loss: 321.3477, Test MAPE: 79.1947, Test R: 0.8158, Test RRSE: 4.4025
2025-02-10 15:00:27,574:INFO:Checkpoint saved at best_0.0008_0.001_256_SAGE_2_32_0.8158_epoch_1.pth
2025-02-10 15:00:41,623:INFO:Epoch 2: Train Loss: 14821.6222, Train Node Loss: 971.7475, Train Reg Loss: 138.4987, Train MAPE: 46.4192, Train R: 0.0778, Train RRSE: 3.0539, Test Loss: 24618.2124, Test Node Loss: 5083.2806, Test Reg Loss: 195.3493, Test MAPE: 67.4253, Test R: 0.8225, Test RRSE: 3.4325
2025-02-10 15:00:41,658:INFO:Checkpoint saved at best_0.0008_0.001_256_SAGE_2_32_0.8225_epoch_2.pth
2025-02-10 15:00:55,872:INFO:Epoch 3: Train Loss: 5848.2255, Train Node Loss: 2436.9302, Train Reg Loss: 34.1130, Train MAPE: 25.7659, Train R: 0.2678, Train RRSE: 1.5156, Test Loss: 4120.3945, Test Node Loss: 1223.9944, Test Reg Loss: 28.9640, Test MAPE: 17.8701, Test R: 0.8342, Test RRSE: 1.3217
2025-02-10 15:00:55,897:INFO:Checkpoint saved at best_0.0008_0.001_256_SAGE_2_32_0.8342_epoch_3.pth
2025-02-10 15:01:10,236:INFO:Epoch 4: Train Loss: 4338.7436, Train Node Loss: 956.6233, Train Reg Loss: 33.8212, Train MAPE: 20.0461, Train R: 0.3190, Train RRSE: 1.5092, Test Loss: 2523.6311, Test Node Loss: 1203.2535, Test Reg Loss: 13.2038, Test MAPE: 13.7396, Test R: 0.8405, Test RRSE: 0.8924
2025-02-10 15:01:10,256:INFO:Checkpoint saved at best_0.0008_0.001_256_SAGE_2_32_0.8405_epoch_4.pth
2025-02-10 15:01:24,687:INFO:Epoch 5: Train Loss: 2608.6495, Train Node Loss: 1245.1965, Train Reg Loss: 13.6345, Train MAPE: 17.0381, Train R: 0.4075, Train RRSE: 0.9582, Test Loss: 2253.1901, Test Node Loss: 1111.0332, Test Reg Loss: 11.4216, Test MAPE: 15.2439, Test R: 0.8466, Test RRSE: 0.8300
2025-02-10 15:01:24,706:INFO:Checkpoint saved at best_0.0008_0.001_256_SAGE_2_32_0.8466_epoch_5.pth
2025-02-10 15:01:39,380:INFO:Epoch 6: Train Loss: 2108.3718, Train Node Loss: 863.1616, Train Reg Loss: 12.4521, Train MAPE: 13.7803, Train R: 0.5133, Train RRSE: 0.9157, Test Loss: 2387.9069, Test Node Loss: 728.8452, Test Reg Loss: 16.5906, Test MAPE: 14.4004, Test R: 0.8520, Test RRSE: 1.0003
2025-02-10 15:01:39,405:INFO:Checkpoint saved at best_0.0008_0.001_256_SAGE_2_32_0.8520_epoch_6.pth
2025-02-10 15:01:54,259:INFO:Epoch 7: Train Loss: 1836.8187, Train Node Loss: 755.9573, Train Reg Loss: 10.8086, Train MAPE: 13.2999, Train R: 0.6968, Train RRSE: 0.8531, Test Loss: 1858.5246, Test Node Loss: 771.0327, Test Reg Loss: 10.8749, Test MAPE: 14.2796, Test R: 0.8556, Test RRSE: 0.8099
2025-02-10 15:01:54,277:INFO:Checkpoint saved at best_0.0008_0.001_256_SAGE_2_32_0.8556_epoch_7.pth
2025-02-10 15:02:08,976:INFO:Epoch 8: Train Loss: 1775.7542, Train Node Loss: 736.6540, Train Reg Loss: 10.3910, Train MAPE: 15.0479, Train R: 0.7285, Train RRSE: 0.8365, Test Loss: 1919.2196, Test Node Loss: 589.8170, Test Reg Loss: 13.2940, Test MAPE: 13.9520, Test R: 0.8583, Test RRSE: 0.8954
2025-02-10 15:02:08,992:INFO:Checkpoint saved at best_0.0008_0.001_256_SAGE_2_32_0.8583_epoch_8.pth
2025-02-10 15:02:23,445:INFO:Epoch 9: Train Loss: 1616.1512, Train Node Loss: 592.5450, Train Reg Loss: 10.2361, Train MAPE: 13.8242, Train R: 0.7731, Train RRSE: 0.8302, Test Loss: 1769.4558, Test Node Loss: 534.2141, Test Reg Loss: 12.3524, Test MAPE: 13.7487, Test R: 0.8597, Test RRSE: 0.8631
2025-02-10 15:02:23,464:INFO:Checkpoint saved at best_0.0008_0.001_256_SAGE_2_32_0.8597_epoch_9.pth
2025-02-10 15:02:38,433:INFO:Epoch 10: Train Loss: 1499.1897, Train Node Loss: 542.8369, Train Reg Loss: 9.5635, Train MAPE: 14.1730, Train R: 0.7804, Train RRSE: 0.8025, Test Loss: 1697.6433, Test Node Loss: 471.4286, Test Reg Loss: 12.2621, Test MAPE: 14.0984, Test R: 0.8600, Test RRSE: 0.8600
2025-02-10 15:02:38,460:INFO:Checkpoint saved at best_0.0008_0.001_256_SAGE_2_32_0.8600_epoch_10.pth
2025-02-10 15:02:53,454:INFO:Epoch 11: Train Loss: 1421.6346, Train Node Loss: 474.9087, Train Reg Loss: 9.4673, Train MAPE: 14.2317, Train R: 0.7431, Train RRSE: 0.7985, Test Loss: 1651.2625, Test Node Loss: 411.1199, Test Reg Loss: 12.4014, Test MAPE: 14.2680, Test R: 0.8587, Test RRSE: 0.8649
2025-02-10 15:03:08,482:INFO:Epoch 12: Train Loss: 1385.7353, Train Node Loss: 455.3535, Train Reg Loss: 9.3038, Train MAPE: 15.4490, Train R: 0.7015, Train RRSE: 0.7915, Test Loss: 1861.2579, Test Node Loss: 340.8177, Test Reg Loss: 15.2044, Test MAPE: 15.0626, Test R: 0.8537, Test RRSE: 0.9576
2025-02-10 15:03:23,197:INFO:Epoch 13: Train Loss: 1240.3148, Train Node Loss: 377.4538, Train Reg Loss: 8.6286, Train MAPE: 14.4037, Train R: 0.7583, Train RRSE: 0.7623, Test Loss: 1502.5088, Test Node Loss: 340.6074, Test Reg Loss: 11.6190, Test MAPE: 14.7274, Test R: 0.8473, Test RRSE: 0.8371
2025-02-10 15:03:37,595:INFO:Epoch 14: Train Loss: 1145.8097, Train Node Loss: 374.8862, Train Reg Loss: 7.7092, Train MAPE: 15.3748, Train R: 0.7568, Train RRSE: 0.7205, Test Loss: 2213.7969, Test Node Loss: 258.2417, Test Reg Loss: 19.5556, Test MAPE: 17.0101, Test R: 0.8361, Test RRSE: 1.0860
2025-02-10 15:03:52,131:INFO:Epoch 15: Train Loss: 1083.2990, Train Node Loss: 331.3760, Train Reg Loss: 7.5192, Train MAPE: 15.5524, Train R: 0.7342, Train RRSE: 0.7116, Test Loss: 1420.8391, Test Node Loss: 285.2758, Test Reg Loss: 11.3556, Test MAPE: 15.4631, Test R: 0.8280, Test RRSE: 0.8276
2025-02-10 15:04:06,687:INFO:Epoch 16: Train Loss: 1056.2092, Train Node Loss: 298.6462, Train Reg Loss: 7.5756, Train MAPE: 15.8066, Train R: 0.7259, Train RRSE: 0.7142, Test Loss: 1318.9110, Test Node Loss: 268.7208, Test Reg Loss: 10.5019, Test MAPE: 15.7749, Test R: 0.8206, Test RRSE: 0.7959
2025-02-10 15:04:21,144:INFO:Epoch 17: Train Loss: 1041.4772, Train Node Loss: 312.7010, Train Reg Loss: 7.2878, Train MAPE: 17.1585, Train R: 0.7262, Train RRSE: 0.7005, Test Loss: 3093.6004, Test Node Loss: 172.1148, Test Reg Loss: 29.2149, Test MAPE: 21.6782, Test R: 0.8124, Test RRSE: 1.3274
2025-02-10 15:04:35,895:INFO:Epoch 18: Train Loss: 986.6756, Train Node Loss: 262.5602, Train Reg Loss: 7.2412, Train MAPE: 16.4656, Train R: 0.7244, Train RRSE: 0.6983, Test Loss: 938.1012, Test Node Loss: 269.6738, Test Reg Loss: 6.6843, Test MAPE: 15.9957, Test R: 0.8227, Test RRSE: 0.6349
2025-02-10 15:04:50,839:INFO:Epoch 19: Train Loss: 872.4318, Train Node Loss: 255.7549, Train Reg Loss: 6.1668, Train MAPE: 16.3161, Train R: 0.7734, Train RRSE: 0.6444, Test Loss: 2002.2050, Test Node Loss: 180.3996, Test Reg Loss: 18.2181, Test MAPE: 18.2703, Test R: 0.8175, Test RRSE: 1.0482
2025-02-10 15:05:05,718:INFO:Epoch 20: Train Loss: 886.0423, Train Node Loss: 235.2287, Train Reg Loss: 6.5081, Train MAPE: 16.4892, Train R: 0.7561, Train RRSE: 0.6620, Test Loss: 908.8318, Test Node Loss: 234.7190, Test Reg Loss: 6.7411, Test MAPE: 16.2969, Test R: 0.8254, Test RRSE: 0.6376
2025-02-10 15:05:20,404:INFO:Epoch 21: Train Loss: 918.6789, Train Node Loss: 216.1078, Train Reg Loss: 7.0257, Train MAPE: 16.4501, Train R: 0.7371, Train RRSE: 0.6878, Test Loss: 979.1467, Test Node Loss: 210.2868, Test Reg Loss: 7.6886, Test MAPE: 16.2915, Test R: 0.8269, Test RRSE: 0.6810
2025-02-10 15:05:35,291:INFO:Epoch 22: Train Loss: 1018.2285, Train Node Loss: 223.1548, Train Reg Loss: 7.9507, Train MAPE: 17.3852, Train R: 0.6851, Train RRSE: 0.7317, Test Loss: 2348.8650, Test Node Loss: 138.9789, Test Reg Loss: 22.0989, Test MAPE: 19.7486, Test R: 0.8235, Test RRSE: 1.1545
2025-02-10 15:05:50,135:INFO:Epoch 23: Train Loss: 855.3354, Train Node Loss: 204.9873, Train Reg Loss: 6.5035, Train MAPE: 16.8132, Train R: 0.7509, Train RRSE: 0.6618, Test Loss: 993.9541, Test Node Loss: 184.5259, Test Reg Loss: 8.0943, Test MAPE: 16.2081, Test R: 0.8307, Test RRSE: 0.6987
2025-02-10 15:06:05,025:INFO:Epoch 24: Train Loss: 827.6028, Train Node Loss: 182.5343, Train Reg Loss: 6.4507, Train MAPE: 16.1682, Train R: 0.7673, Train RRSE: 0.6591, Test Loss: 1020.7977, Test Node Loss: 171.1924, Test Reg Loss: 8.4961, Test MAPE: 16.2926, Test R: 0.8338, Test RRSE: 0.7158
2025-02-10 15:06:20,078:INFO:Epoch 25: Train Loss: 869.0089, Train Node Loss: 191.0385, Train Reg Loss: 6.7797, Train MAPE: 16.9972, Train R: 0.7444, Train RRSE: 0.6757, Test Loss: 1966.5578, Test Node Loss: 125.3961, Test Reg Loss: 18.4116, Test MAPE: 18.6692, Test R: 0.8328, Test RRSE: 1.0538
2025-02-10 15:06:34,683:INFO:Epoch 26: Train Loss: 832.0399, Train Node Loss: 168.4420, Train Reg Loss: 6.6360, Train MAPE: 16.6542, Train R: 0.7485, Train RRSE: 0.6685, Test Loss: 779.9597, Test Node Loss: 175.9627, Test Reg Loss: 6.0400, Test MAPE: 16.4843, Test R: 0.8377, Test RRSE: 0.6036
2025-02-10 15:06:49,478:INFO:Epoch 27: Train Loss: 903.4425, Train Node Loss: 150.1746, Train Reg Loss: 7.5327, Train MAPE: 16.8703, Train R: 0.7275, Train RRSE: 0.7122, Test Loss: 743.8267, Test Node Loss: 170.6625, Test Reg Loss: 5.7316, Test MAPE: 16.5653, Test R: 0.8390, Test RRSE: 0.5880
2025-02-10 15:07:04,015:INFO:Epoch 28: Train Loss: 830.7928, Train Node Loss: 173.3408, Train Reg Loss: 6.5745, Train MAPE: 17.8282, Train R: 0.7659, Train RRSE: 0.6654, Test Loss: 1794.1068, Test Node Loss: 111.3051, Test Reg Loss: 16.8280, Test MAPE: 18.4761, Test R: 0.8362, Test RRSE: 1.0075
2025-02-10 15:07:18,705:INFO:Epoch 29: Train Loss: 739.3233, Train Node Loss: 146.6661, Train Reg Loss: 5.9266, Train MAPE: 16.8155, Train R: 0.7794, Train RRSE: 0.6317, Test Loss: 914.3455, Test Node Loss: 139.6011, Test Reg Loss: 7.7474, Test MAPE: 16.2510, Test R: 0.8396, Test RRSE: 0.6836
2025-02-10 15:07:33,184:INFO:Epoch 30: Train Loss: 683.1376, Train Node Loss: 143.5213, Train Reg Loss: 5.3962, Train MAPE: 16.7995, Train R: 0.8042, Train RRSE: 0.6028, Test Loss: 1667.3899, Test Node Loss: 105.9464, Test Reg Loss: 15.6144, Test MAPE: 18.2657, Test R: 0.8360, Test RRSE: 0.9704
2025-02-10 15:07:47,783:INFO:Epoch 31: Train Loss: 667.1048, Train Node Loss: 136.8306, Train Reg Loss: 5.3027, Train MAPE: 17.0947, Train R: 0.8051, Train RRSE: 0.5976, Test Loss: 1211.4357, Test Node Loss: 113.9653, Test Reg Loss: 10.9747, Test MAPE: 17.1444, Test R: 0.8384, Test RRSE: 0.8136
2025-02-10 15:08:02,483:INFO:Epoch 32: Train Loss: 663.8768, Train Node Loss: 124.3044, Train Reg Loss: 5.3957, Train MAPE: 16.6783, Train R: 0.8081, Train RRSE: 0.6028, Test Loss: 783.2730, Test Node Loss: 127.3871, Test Reg Loss: 6.5589, Test MAPE: 16.5256, Test R: 0.8434, Test RRSE: 0.6290
2025-02-10 15:08:17,243:INFO:Epoch 33: Train Loss: 773.5909, Train Node Loss: 128.0421, Train Reg Loss: 6.4555, Train MAPE: 17.1005, Train R: 0.7534, Train RRSE: 0.6593, Test Loss: 2520.6530, Test Node Loss: 75.2904, Test Reg Loss: 24.4536, Test MAPE: 20.9769, Test R: 0.8365, Test RRSE: 1.2145
2025-02-10 15:08:32,316:INFO:Epoch 34: Train Loss: 697.4025, Train Node Loss: 121.9269, Train Reg Loss: 5.7548, Train MAPE: 17.3547, Train R: 0.7846, Train RRSE: 0.6225, Test Loss: 861.3492, Test Node Loss: 109.4258, Test Reg Loss: 7.5192, Test MAPE: 16.4769, Test R: 0.8462, Test RRSE: 0.6734
2025-02-10 15:08:47,068:INFO:Epoch 35: Train Loss: 610.3794, Train Node Loss: 106.7195, Train Reg Loss: 5.0366, Train MAPE: 16.6340, Train R: 0.8287, Train RRSE: 0.5824, Test Loss: 739.2911, Test Node Loss: 112.9075, Test Reg Loss: 6.2638, Test MAPE: 16.6574, Test R: 0.8461, Test RRSE: 0.6147
2025-02-10 15:09:02,053:INFO:Epoch 36: Train Loss: 651.7192, Train Node Loss: 109.1146, Train Reg Loss: 5.4260, Train MAPE: 17.2323, Train R: 0.7985, Train RRSE: 0.6045, Test Loss: 1110.4831, Test Node Loss: 93.8501, Test Reg Loss: 10.1663, Test MAPE: 17.3614, Test R: 0.8417, Test RRSE: 0.7831
2025-02-10 15:09:17,149:INFO:Epoch 37: Train Loss: 776.0953, Train Node Loss: 115.3413, Train Reg Loss: 6.6075, Train MAPE: 18.1051, Train R: 0.7579, Train RRSE: 0.6670, Test Loss: 2894.8553, Test Node Loss: 57.8673, Test Reg Loss: 28.3699, Test MAPE: 22.3291, Test R: 0.8341, Test RRSE: 1.3081
2025-02-10 15:09:31,836:INFO:Epoch 38: Train Loss: 719.6052, Train Node Loss: 97.6148, Train Reg Loss: 6.2199, Train MAPE: 17.4051, Train R: 0.7637, Train RRSE: 0.6472, Test Loss: 654.7515, Test Node Loss: 102.3595, Test Reg Loss: 5.5239, Test MAPE: 16.8978, Test R: 0.8485, Test RRSE: 0.5772
2025-02-10 15:09:46,607:INFO:Epoch 39: Train Loss: 597.4981, Train Node Loss: 90.0115, Train Reg Loss: 5.0749, Train MAPE: 16.7948, Train R: 0.8224, Train RRSE: 0.5846, Test Loss: 810.0310, Test Node Loss: 89.0591, Test Reg Loss: 7.2097, Test MAPE: 16.7564, Test R: 0.8473, Test RRSE: 0.6594
2025-02-10 15:10:01,257:INFO:Epoch 40: Train Loss: 596.3043, Train Node Loss: 98.1075, Train Reg Loss: 4.9820, Train MAPE: 17.6317, Train R: 0.8249, Train RRSE: 0.5792, Test Loss: 1566.4291, Test Node Loss: 66.7616, Test Reg Loss: 14.9967, Test MAPE: 18.3791, Test R: 0.8437, Test RRSE: 0.9511
2025-02-10 15:10:15,565:INFO:Epoch 41: Train Loss: 585.6149, Train Node Loss: 81.7394, Train Reg Loss: 5.0388, Train MAPE: 16.8854, Train R: 0.8250, Train RRSE: 0.5825, Test Loss: 611.8527, Test Node Loss: 96.2559, Test Reg Loss: 5.1560, Test MAPE: 17.1709, Test R: 0.8483, Test RRSE: 0.5577
2025-02-10 15:10:30,345:INFO:Epoch 42: Train Loss: 632.9877, Train Node Loss: 83.6439, Train Reg Loss: 5.4934, Train MAPE: 17.6395, Train R: 0.7946, Train RRSE: 0.6082, Test Loss: 957.4021, Test Node Loss: 74.2484, Test Reg Loss: 8.8315, Test MAPE: 17.1928, Test R: 0.8456, Test RRSE: 0.7298
2025-02-10 15:10:44,966:INFO:Epoch 43: Train Loss: 558.0034, Train Node Loss: 87.0043, Train Reg Loss: 4.7100, Train MAPE: 17.6777, Train R: 0.8333, Train RRSE: 0.5632, Test Loss: 1070.9706, Test Node Loss: 68.1683, Test Reg Loss: 10.0280, Test MAPE: 17.2560, Test R: 0.8461, Test RRSE: 0.7777
2025-02-10 15:10:59,787:INFO:Epoch 44: Train Loss: 510.3060, Train Node Loss: 75.3221, Train Reg Loss: 4.3498, Train MAPE: 17.1961, Train R: 0.8471, Train RRSE: 0.5412, Test Loss: 771.2513, Test Node Loss: 75.0110, Test Reg Loss: 6.9624, Test MAPE: 16.8434, Test R: 0.8469, Test RRSE: 0.6480
2025-02-10 15:11:14,594:INFO:Epoch 45: Train Loss: 521.4575, Train Node Loss: 78.5412, Train Reg Loss: 4.4292, Train MAPE: 17.6165, Train R: 0.8411, Train RRSE: 0.5461, Test Loss: 1629.5131, Test Node Loss: 55.0820, Test Reg Loss: 15.7443, Test MAPE: 19.0443, Test R: 0.8403, Test RRSE: 0.9745
2025-02-10 15:11:29,410:INFO:Epoch 46: Train Loss: 541.5884, Train Node Loss: 73.3182, Train Reg Loss: 4.6827, Train MAPE: 17.4175, Train R: 0.8290, Train RRSE: 0.5615, Test Loss: 1216.9234, Test Node Loss: 58.1828, Test Reg Loss: 11.5874, Test MAPE: 17.9182, Test R: 0.8435, Test RRSE: 0.8360
2025-02-10 15:11:44,426:INFO:Epoch 47: Train Loss: 516.3068, Train Node Loss: 64.6263, Train Reg Loss: 4.5168, Train MAPE: 16.8921, Train R: 0.8465, Train RRSE: 0.5515, Test Loss: 627.1096, Test Node Loss: 73.3331, Test Reg Loss: 5.5378, Test MAPE: 16.8818, Test R: 0.8499, Test RRSE: 0.5779
2025-02-10 15:11:59,259:INFO:Epoch 48: Train Loss: 512.3747, Train Node Loss: 70.8914, Train Reg Loss: 4.4148, Train MAPE: 17.5923, Train R: 0.8441, Train RRSE: 0.5452, Test Loss: 2147.2004, Test Node Loss: 43.5149, Test Reg Loss: 21.0369, Test MAPE: 20.4606, Test R: 0.8380, Test RRSE: 1.1264
2025-02-10 15:12:13,624:INFO:Epoch 49: Train Loss: 552.5569, Train Node Loss: 64.2765, Train Reg Loss: 4.8828, Train MAPE: 17.5941, Train R: 0.8197, Train RRSE: 0.5734, Test Loss: 599.1469, Test Node Loss: 68.9614, Test Reg Loss: 5.3019, Test MAPE: 17.0530, Test R: 0.8497, Test RRSE: 0.5655
2025-02-10 15:12:28,363:INFO:Epoch 50: Train Loss: 493.5231, Train Node Loss: 59.9686, Train Reg Loss: 4.3355, Train MAPE: 17.1899, Train R: 0.8472, Train RRSE: 0.5403, Test Loss: 1135.9463, Test Node Loss: 51.1537, Test Reg Loss: 10.8479, Test MAPE: 17.7713, Test R: 0.8449, Test RRSE: 0.8089
2025-02-10 15:12:42,719:INFO:Epoch 51: Train Loss: 510.5267, Train Node Loss: 62.5112, Train Reg Loss: 4.4802, Train MAPE: 17.4867, Train R: 0.8410, Train RRSE: 0.5493, Test Loss: 1369.8777, Test Node Loss: 46.1006, Test Reg Loss: 13.2378, Test MAPE: 18.4103, Test R: 0.8441, Test RRSE: 0.8935
2025-02-10 15:12:57,291:INFO:Epoch 52: Train Loss: 547.4262, Train Node Loss: 53.6060, Train Reg Loss: 4.9382, Train MAPE: 17.1041, Train R: 0.8253, Train RRSE: 0.5767, Test Loss: 558.7690, Test Node Loss: 64.6538, Test Reg Loss: 4.9412, Test MAPE: 17.5696, Test R: 0.8503, Test RRSE: 0.5459
2025-02-10 15:13:12,049:INFO:Epoch 53: Train Loss: 516.3587, Train Node Loss: 57.2052, Train Reg Loss: 4.5915, Train MAPE: 17.5312, Train R: 0.8330, Train RRSE: 0.5561, Test Loss: 1552.6694, Test Node Loss: 39.5092, Test Reg Loss: 15.1316, Test MAPE: 18.9887, Test R: 0.8437, Test RRSE: 0.9553
2025-02-10 15:13:26,787:INFO:Epoch 54: Train Loss: 517.6995, Train Node Loss: 56.0986, Train Reg Loss: 4.6160, Train MAPE: 17.7035, Train R: 0.8324, Train RRSE: 0.5575, Test Loss: 1123.6560, Test Node Loss: 44.6131, Test Reg Loss: 10.7904, Test MAPE: 18.0797, Test R: 0.8447, Test RRSE: 0.8067
2025-02-10 15:13:41,303:INFO:Epoch 55: Train Loss: 491.5551, Train Node Loss: 48.1221, Train Reg Loss: 4.4343, Train MAPE: 17.4085, Train R: 0.8456, Train RRSE: 0.5465, Test Loss: 539.5241, Test Node Loss: 58.1353, Test Reg Loss: 4.8139, Test MAPE: 17.3412, Test R: 0.8505, Test RRSE: 0.5388
2025-02-10 15:13:55,820:INFO:Epoch 56: Train Loss: 528.7135, Train Node Loss: 52.8048, Train Reg Loss: 4.7591, Train MAPE: 17.9846, Train R: 0.8269, Train RRSE: 0.5661, Test Loss: 1849.8256, Test Node Loss: 31.6000, Test Reg Loss: 18.1823, Test MAPE: 19.9374, Test R: 0.8417, Test RRSE: 1.0472
2025-02-10 15:14:10,797:INFO:Epoch 57: Train Loss: 544.7857, Train Node Loss: 47.7970, Train Reg Loss: 4.9699, Train MAPE: 17.5503, Train R: 0.8170, Train RRSE: 0.5785, Test Loss: 555.7007, Test Node Loss: 49.6229, Test Reg Loss: 5.0608, Test MAPE: 17.1462, Test R: 0.8535, Test RRSE: 0.5525
2025-02-10 15:14:25,404:INFO:Epoch 58: Train Loss: 534.2389, Train Node Loss: 41.0702, Train Reg Loss: 4.9317, Train MAPE: 16.8108, Train R: 0.8309, Train RRSE: 0.5763, Test Loss: 622.0032, Test Node Loss: 46.3127, Test Reg Loss: 5.7569, Test MAPE: 16.9647, Test R: 0.8525, Test RRSE: 0.5893
2025-02-10 15:14:40,274:INFO:Epoch 59: Train Loss: 569.8927, Train Node Loss: 48.4605, Train Reg Loss: 5.2143, Train MAPE: 17.9959, Train R: 0.8136, Train RRSE: 0.5926, Test Loss: 2637.2742, Test Node Loss: 23.9790, Test Reg Loss: 26.1330, Test MAPE: 22.2965, Test R: 0.8369, Test RRSE: 1.2555
2025-02-10 15:14:55,041:INFO:Epoch 60: Train Loss: 532.0508, Train Node Loss: 39.0467, Train Reg Loss: 4.9300, Train MAPE: 16.9397, Train R: 0.8250, Train RRSE: 0.5762, Test Loss: 518.0255, Test Node Loss: 49.5846, Test Reg Loss: 4.6844, Test MAPE: 17.7180, Test R: 0.8538, Test RRSE: 0.5315
2025-02-10 15:15:09,294:INFO:Epoch 61: Train Loss: 523.5444, Train Node Loss: 41.7731, Train Reg Loss: 4.8177, Train MAPE: 17.7696, Train R: 0.8239, Train RRSE: 0.5696, Test Loss: 988.0581, Test Node Loss: 33.7264, Test Reg Loss: 9.5433, Test MAPE: 17.3923, Test R: 0.8514, Test RRSE: 0.7587
2025-02-10 15:15:23,041:INFO:Epoch 62: Train Loss: 483.5918, Train Node Loss: 40.9400, Train Reg Loss: 4.4265, Train MAPE: 17.4884, Train R: 0.8434, Train RRSE: 0.5460, Test Loss: 1420.2494, Test Node Loss: 28.9146, Test Reg Loss: 13.9133, Test MAPE: 18.6851, Test R: 0.8493, Test RRSE: 0.9161
2025-02-10 15:15:36,824:INFO:Epoch 63: Train Loss: 467.4277, Train Node Loss: 34.7492, Train Reg Loss: 4.3268, Train MAPE: 17.0717, Train R: 0.8514, Train RRSE: 0.5398, Test Loss: 582.3499, Test Node Loss: 39.5706, Test Reg Loss: 5.4278, Test MAPE: 17.3285, Test R: 0.8532, Test RRSE: 0.5722
2025-02-10 15:15:50,542:INFO:Epoch 64: Train Loss: 465.0453, Train Node Loss: 40.8536, Train Reg Loss: 4.2419, Train MAPE: 18.0322, Train R: 0.8571, Train RRSE: 0.5345, Test Loss: 1709.1072, Test Node Loss: 24.5775, Test Reg Loss: 16.8453, Test MAPE: 19.7393, Test R: 0.8472, Test RRSE: 1.0080
2025-02-10 15:16:04,482:INFO:Epoch 65: Train Loss: 489.7056, Train Node Loss: 30.2144, Train Reg Loss: 4.5949, Train MAPE: 16.9940, Train R: 0.8528, Train RRSE: 0.5563, Test Loss: 603.0399, Test Node Loss: 47.3033, Test Reg Loss: 5.5574, Test MAPE: 19.1118, Test R: 0.8549, Test RRSE: 0.5790
2025-02-10 15:16:18,347:INFO:Epoch 66: Train Loss: 615.8224, Train Node Loss: 39.3537, Train Reg Loss: 5.7647, Train MAPE: 18.1881, Train R: 0.8089, Train RRSE: 0.6231, Test Loss: 1930.4049, Test Node Loss: 18.2656, Test Reg Loss: 19.1214, Test MAPE: 19.8159, Test R: 0.8491, Test RRSE: 1.0739
2025-02-10 15:16:32,131:INFO:Epoch 67: Train Loss: 566.1563, Train Node Loss: 26.7131, Train Reg Loss: 5.3944, Train MAPE: 16.9229, Train R: 0.8177, Train RRSE: 0.6027, Test Loss: 495.9962, Test Node Loss: 38.0175, Test Reg Loss: 4.5798, Test MAPE: 17.9567, Test R: 0.8561, Test RRSE: 0.5256
2025-02-10 15:16:46,106:INFO:Epoch 68: Train Loss: 510.9926, Train Node Loss: 32.5506, Train Reg Loss: 4.7844, Train MAPE: 18.2874, Train R: 0.8276, Train RRSE: 0.5676, Test Loss: 2420.0770, Test Node Loss: 16.2847, Test Reg Loss: 24.0379, Test MAPE: 21.5367, Test R: 0.8416, Test RRSE: 1.2041
2025-02-10 15:17:00,002:INFO:Epoch 69: Train Loss: 494.5474, Train Node Loss: 26.1646, Train Reg Loss: 4.6838, Train MAPE: 17.2445, Train R: 0.8318, Train RRSE: 0.5616, Test Loss: 508.2595, Test Node Loss: 31.9847, Test Reg Loss: 4.7627, Test MAPE: 17.5480, Test R: 0.8549, Test RRSE: 0.5360
2025-02-10 15:17:13,836:INFO:Epoch 70: Train Loss: 458.2621, Train Node Loss: 27.6044, Train Reg Loss: 4.3066, Train MAPE: 17.5854, Train R: 0.8457, Train RRSE: 0.5385, Test Loss: 1735.1209, Test Node Loss: 18.5673, Test Reg Loss: 17.1655, Test MAPE: 19.6876, Test R: 0.8430, Test RRSE: 1.0175
2025-02-10 15:17:28,413:INFO:Epoch 71: Train Loss: 433.1690, Train Node Loss: 25.9176, Train Reg Loss: 4.0725, Train MAPE: 17.6707, Train R: 0.8535, Train RRSE: 0.5237, Test Loss: 843.9940, Test Node Loss: 23.7098, Test Reg Loss: 8.2028, Test MAPE: 17.5514, Test R: 0.8492, Test RRSE: 0.7034
2025-02-10 15:17:43,004:INFO:Epoch 72: Train Loss: 437.5800, Train Node Loss: 23.4270, Train Reg Loss: 4.1415, Train MAPE: 17.4747, Train R: 0.8534, Train RRSE: 0.5281, Test Loss: 630.1895, Test Node Loss: 24.6860, Test Reg Loss: 6.0550, Test MAPE: 17.1723, Test R: 0.8516, Test RRSE: 0.6043
2025-02-10 15:17:57,881:INFO:Epoch 73: Train Loss: 448.9710, Train Node Loss: 25.5056, Train Reg Loss: 4.2347, Train MAPE: 17.8404, Train R: 0.8480, Train RRSE: 0.5340, Test Loss: 989.9695, Test Node Loss: 20.5493, Test Reg Loss: 9.6942, Test MAPE: 18.0431, Test R: 0.8492, Test RRSE: 0.7647
2025-02-10 15:18:12,520:INFO:Epoch 74: Train Loss: 446.8542, Train Node Loss: 23.4225, Train Reg Loss: 4.2343, Train MAPE: 17.4919, Train R: 0.8474, Train RRSE: 0.5340, Test Loss: 792.8808, Test Node Loss: 20.5977, Test Reg Loss: 7.7228, Test MAPE: 17.3795, Test R: 0.8525, Test RRSE: 0.6825
2025-02-10 15:18:27,126:INFO:Epoch 75: Train Loss: 440.5303, Train Node Loss: 23.1022, Train Reg Loss: 4.1743, Train MAPE: 17.6645, Train R: 0.8486, Train RRSE: 0.5302, Test Loss: 949.1155, Test Node Loss: 20.2394, Test Reg Loss: 9.2888, Test MAPE: 17.9569, Test R: 0.8505, Test RRSE: 0.7485
2025-02-10 15:18:41,781:INFO:Epoch 76: Train Loss: 416.7399, Train Node Loss: 21.3007, Train Reg Loss: 3.9544, Train MAPE: 17.5216, Train R: 0.8602, Train RRSE: 0.5160, Test Loss: 652.8010, Test Node Loss: 21.1522, Test Reg Loss: 6.3165, Test MAPE: 17.2952, Test R: 0.8545, Test RRSE: 0.6172
2025-02-10 15:18:56,558:INFO:Epoch 77: Train Loss: 466.7152, Train Node Loss: 23.6294, Train Reg Loss: 4.4309, Train MAPE: 17.7198, Train R: 0.8453, Train RRSE: 0.5462, Test Loss: 895.6242, Test Node Loss: 19.0613, Test Reg Loss: 8.7656, Test MAPE: 18.0806, Test R: 0.8527, Test RRSE: 0.7271
2025-02-10 15:19:11,311:INFO:Epoch 78: Train Loss: 455.8114, Train Node Loss: 18.4788, Train Reg Loss: 4.3733, Train MAPE: 17.3732, Train R: 0.8539, Train RRSE: 0.5427, Test Loss: 572.5778, Test Node Loss: 20.7845, Test Reg Loss: 5.5179, Test MAPE: 17.2716, Test R: 0.8554, Test RRSE: 0.5769
2025-02-10 15:19:25,984:INFO:Epoch 79: Train Loss: 423.5758, Train Node Loss: 22.2700, Train Reg Loss: 4.0131, Train MAPE: 17.9699, Train R: 0.8623, Train RRSE: 0.5198, Test Loss: 736.5235, Test Node Loss: 18.9690, Test Reg Loss: 7.1755, Test MAPE: 17.8028, Test R: 0.8533, Test RRSE: 0.6579
2025-02-10 15:19:40,545:INFO:Epoch 80: Train Loss: 446.2846, Train Node Loss: 18.5413, Train Reg Loss: 4.2774, Train MAPE: 17.6493, Train R: 0.8469, Train RRSE: 0.5367, Test Loss: 599.9413, Test Node Loss: 19.4942, Test Reg Loss: 5.8045, Test MAPE: 17.3592, Test R: 0.8543, Test RRSE: 0.5917
2025-02-10 15:19:54,931:INFO:Epoch 81: Train Loss: 418.5371, Train Node Loss: 20.2681, Train Reg Loss: 3.9827, Train MAPE: 17.8824, Train R: 0.8602, Train RRSE: 0.5179, Test Loss: 1681.7263, Test Node Loss: 12.6871, Test Reg Loss: 16.6904, Test MAPE: 19.9402, Test R: 0.8489, Test RRSE: 1.0033
2025-02-10 15:20:09,429:INFO:Epoch 82: Train Loss: 478.0589, Train Node Loss: 18.3911, Train Reg Loss: 4.5967, Train MAPE: 17.9120, Train R: 0.8311, Train RRSE: 0.5564, Test Loss: 586.6189, Test Node Loss: 19.1347, Test Reg Loss: 5.6748, Test MAPE: 17.6539, Test R: 0.8547, Test RRSE: 0.5850
2025-02-10 15:20:24,017:INFO:Epoch 83: Train Loss: 496.9197, Train Node Loss: 16.1146, Train Reg Loss: 4.8081, Train MAPE: 17.3573, Train R: 0.8284, Train RRSE: 0.5690, Test Loss: 889.6244, Test Node Loss: 15.4599, Test Reg Loss: 8.7416, Test MAPE: 18.2774, Test R: 0.8530, Test RRSE: 0.7261
2025-02-10 15:20:39,076:INFO:Epoch 84: Train Loss: 449.3173, Train Node Loss: 19.5121, Train Reg Loss: 4.2981, Train MAPE: 18.2975, Train R: 0.8527, Train RRSE: 0.5380, Test Loss: 848.1620, Test Node Loss: 14.3616, Test Reg Loss: 8.3380, Test MAPE: 17.5929, Test R: 0.8541, Test RRSE: 0.7092
2025-02-10 15:20:53,886:INFO:Epoch 85: Train Loss: 413.8986, Train Node Loss: 15.4064, Train Reg Loss: 3.9849, Train MAPE: 17.5552, Train R: 0.8579, Train RRSE: 0.5180, Test Loss: 995.8388, Test Node Loss: 13.2942, Test Reg Loss: 9.8254, Test MAPE: 18.2243, Test R: 0.8532, Test RRSE: 0.7698
2025-02-10 15:21:08,593:INFO:Epoch 86: Train Loss: 385.9326, Train Node Loss: 15.2386, Train Reg Loss: 3.7069, Train MAPE: 17.7206, Train R: 0.8683, Train RRSE: 0.4996, Test Loss: 694.1579, Test Node Loss: 14.8703, Test Reg Loss: 6.7929, Test MAPE: 17.8860, Test R: 0.8556, Test RRSE: 0.6401
2025-02-10 15:21:23,243:INFO:Epoch 87: Train Loss: 386.2079, Train Node Loss: 16.8912, Train Reg Loss: 3.6932, Train MAPE: 18.2060, Train R: 0.8723, Train RRSE: 0.4987, Test Loss: 2185.1426, Test Node Loss: 9.4272, Test Reg Loss: 21.7572, Test MAPE: 21.7681, Test R: 0.8462, Test RRSE: 1.1455
2025-02-10 15:21:38,063:INFO:Epoch 88: Train Loss: 443.6748, Train Node Loss: 13.3700, Train Reg Loss: 4.3030, Train MAPE: 17.6219, Train R: 0.8485, Train RRSE: 0.5383, Test Loss: 516.3521, Test Node Loss: 15.6691, Test Reg Loss: 5.0068, Test MAPE: 17.8275, Test R: 0.8556, Test RRSE: 0.5495
2025-02-10 15:21:52,590:INFO:Epoch 89: Train Loss: 397.4754, Train Node Loss: 14.7713, Train Reg Loss: 3.8270, Train MAPE: 17.7063, Train R: 0.8673, Train RRSE: 0.5077, Test Loss: 1041.2914, Test Node Loss: 10.5734, Test Reg Loss: 10.3072, Test MAPE: 18.1812, Test R: 0.8559, Test RRSE: 0.7885
2025-02-10 15:22:07,159:INFO:Epoch 90: Train Loss: 389.8959, Train Node Loss: 12.0174, Train Reg Loss: 3.7788, Train MAPE: 17.2061, Train R: 0.8731, Train RRSE: 0.5044, Test Loss: 695.5919, Test Node Loss: 13.1727, Test Reg Loss: 6.8242, Test MAPE: 17.7705, Test R: 0.8572, Test RRSE: 0.6416
2025-02-10 15:22:21,628:INFO:Epoch 91: Train Loss: 447.3818, Train Node Loss: 15.8708, Train Reg Loss: 4.3151, Train MAPE: 18.5633, Train R: 0.8550, Train RRSE: 0.5391, Test Loss: 2189.7790, Test Node Loss: 8.0812, Test Reg Loss: 21.8170, Test MAPE: 21.7564, Test R: 0.8490, Test RRSE: 1.1471
2025-02-10 15:22:36,326:INFO:Epoch 92: Train Loss: 430.1985, Train Node Loss: 11.0151, Train Reg Loss: 4.1918, Train MAPE: 17.5554, Train R: 0.8578, Train RRSE: 0.5313, Test Loss: 468.9327, Test Node Loss: 13.6036, Test Reg Loss: 4.5533, Test MAPE: 17.5283, Test R: 0.8592, Test RRSE: 0.5240
2025-02-10 15:22:51,158:INFO:Epoch 93: Train Loss: 395.8056, Train Node Loss: 12.9211, Train Reg Loss: 3.8288, Train MAPE: 17.8846, Train R: 0.8676, Train RRSE: 0.5078, Test Loss: 1151.9111, Test Node Loss: 8.8198, Test Reg Loss: 11.4309, Test MAPE: 18.6933, Test R: 0.8572, Test RRSE: 0.8303
2025-02-10 15:23:06,033:INFO:Epoch 94: Train Loss: 401.3898, Train Node Loss: 11.0870, Train Reg Loss: 3.9030, Train MAPE: 17.7154, Train R: 0.8615, Train RRSE: 0.5127, Test Loss: 854.1161, Test Node Loss: 10.6162, Test Reg Loss: 8.4350, Test MAPE: 18.1947, Test R: 0.8571, Test RRSE: 0.7133
2025-02-10 15:23:20,574:INFO:Epoch 95: Train Loss: 430.8167, Train Node Loss: 11.3987, Train Reg Loss: 4.1942, Train MAPE: 17.8795, Train R: 0.8475, Train RRSE: 0.5314, Test Loss: 679.1487, Test Node Loss: 11.0168, Test Reg Loss: 6.6813, Test MAPE: 17.9494, Test R: 0.8576, Test RRSE: 0.6348
2025-02-10 15:23:35,568:INFO:Epoch 96: Train Loss: 397.3174, Train Node Loss: 12.1595, Train Reg Loss: 3.8516, Train MAPE: 18.1221, Train R: 0.8647, Train RRSE: 0.5093, Test Loss: 1369.3330, Test Node Loss: 8.3910, Test Reg Loss: 13.6094, Test MAPE: 19.6448, Test R: 0.8549, Test RRSE: 0.9060
2025-02-10 15:23:50,061:INFO:Epoch 97: Train Loss: 418.8110, Train Node Loss: 10.5972, Train Reg Loss: 4.0821, Train MAPE: 17.8770, Train R: 0.8521, Train RRSE: 0.5243, Test Loss: 572.7184, Test Node Loss: 10.3588, Test Reg Loss: 5.6236, Test MAPE: 17.6551, Test R: 0.8600, Test RRSE: 0.5824
2025-02-10 15:24:04,517:INFO:Epoch 98: Train Loss: 392.4214, Train Node Loss: 9.4837, Train Reg Loss: 3.8294, Train MAPE: 17.3167, Train R: 0.8674, Train RRSE: 0.5078, Test Loss: 868.2121, Test Node Loss: 9.0786, Test Reg Loss: 8.5913, Test MAPE: 18.0015, Test R: 0.8600, Test RRSE: 0.7198
2025-02-10 15:24:19,283:INFO:Epoch 99: Train Loss: 371.3586, Train Node Loss: 10.7689, Train Reg Loss: 3.6059, Train MAPE: 17.9369, Train R: 0.8710, Train RRSE: 0.4928, Test Loss: 1537.9950, Test Node Loss: 8.2934, Test Reg Loss: 15.2970, Test MAPE: 20.1344, Test R: 0.8544, Test RRSE: 0.9605
2025-02-10 15:24:33,919:INFO:Epoch 100: Train Loss: 409.3079, Train Node Loss: 10.0193, Train Reg Loss: 3.9929, Train MAPE: 17.9234, Train R: 0.8571, Train RRSE: 0.5185, Test Loss: 713.0233, Test Node Loss: 10.1975, Test Reg Loss: 7.0283, Test MAPE: 18.1830, Test R: 0.8605, Test RRSE: 0.6511
2025-02-10 15:24:33,957:INFO:Checkpoint saved at best_0.0008_0.001_256_SAGE_2_32_0.8605_epoch_100.pth
2025-02-10 15:24:48,690:INFO:Epoch 101: Train Loss: 473.4507, Train Node Loss: 12.0010, Train Reg Loss: 4.6145, Train MAPE: 18.4142, Train R: 0.8463, Train RRSE: 0.5574, Test Loss: 1687.0290, Test Node Loss: 5.9996, Test Reg Loss: 16.8103, Test MAPE: 20.2528, Test R: 0.8558, Test RRSE: 1.0069
2025-02-10 15:25:03,454:INFO:Epoch 102: Train Loss: 431.9220, Train Node Loss: 7.2670, Train Reg Loss: 4.2466, Train MAPE: 17.5092, Train R: 0.8668, Train RRSE: 0.5348, Test Loss: 454.3994, Test Node Loss: 11.6087, Test Reg Loss: 4.4279, Test MAPE: 18.9972, Test R: 0.8621, Test RRSE: 0.5168
2025-02-10 15:25:03,488:INFO:Checkpoint saved at best_0.0008_0.001_256_SAGE_2_32_0.8621_epoch_102.pth
2025-02-10 15:25:18,099:INFO:Epoch 103: Train Loss: 438.6834, Train Node Loss: 10.0008, Train Reg Loss: 4.2868, Train MAPE: 17.9941, Train R: 0.8570, Train RRSE: 0.5373, Test Loss: 993.7968, Test Node Loss: 7.1282, Test Reg Loss: 9.8667, Test MAPE: 18.7126, Test R: 0.8589, Test RRSE: 0.7714
2025-02-10 15:25:32,998:INFO:Epoch 104: Train Loss: 429.5043, Train Node Loss: 6.7664, Train Reg Loss: 4.2274, Train MAPE: 17.4719, Train R: 0.8586, Train RRSE: 0.5335, Test Loss: 747.9542, Test Node Loss: 7.2317, Test Reg Loss: 7.4072, Test MAPE: 18.1899, Test R: 0.8604, Test RRSE: 0.6684
2025-02-10 15:25:47,912:INFO:Epoch 105: Train Loss: 401.9067, Train Node Loss: 8.9277, Train Reg Loss: 3.9298, Train MAPE: 18.1033, Train R: 0.8673, Train RRSE: 0.5144, Test Loss: 830.2854, Test Node Loss: 7.1524, Test Reg Loss: 8.2313, Test MAPE: 18.5354, Test R: 0.8601, Test RRSE: 0.7046
2025-02-10 15:26:02,638:INFO:Epoch 106: Train Loss: 372.9901, Train Node Loss: 7.2636, Train Reg Loss: 3.6573, Train MAPE: 17.8788, Train R: 0.8687, Train RRSE: 0.4963, Test Loss: 1737.3099, Test Node Loss: 4.3586, Test Reg Loss: 17.3295, Test MAPE: 20.3272, Test R: 0.8569, Test RRSE: 1.0224
2025-02-10 15:26:17,488:INFO:Epoch 107: Train Loss: 449.8802, Train Node Loss: 6.9737, Train Reg Loss: 4.4291, Train MAPE: 17.7045, Train R: 0.8390, Train RRSE: 0.5461, Test Loss: 565.3823, Test Node Loss: 6.9282, Test Reg Loss: 5.5845, Test MAPE: 17.5389, Test R: 0.8624, Test RRSE: 0.5804
2025-02-10 15:26:17,521:INFO:Checkpoint saved at best_0.0008_0.001_256_SAGE_2_32_0.8624_epoch_107.pth
2025-02-10 15:26:32,346:INFO:Epoch 108: Train Loss: 339.6989, Train Node Loss: 7.1566, Train Reg Loss: 3.3254, Train MAPE: 18.0445, Train R: 0.8823, Train RRSE: 0.4732, Test Loss: 1534.0890, Test Node Loss: 4.6934, Test Reg Loss: 15.2940, Test MAPE: 20.1643, Test R: 0.8584, Test RRSE: 0.9604
2025-02-10 15:26:47,323:INFO:Epoch 109: Train Loss: 357.3329, Train Node Loss: 6.3050, Train Reg Loss: 3.5103, Train MAPE: 18.0132, Train R: 0.8759, Train RRSE: 0.4862, Test Loss: 551.8525, Test Node Loss: 6.7249, Test Reg Loss: 5.4513, Test MAPE: 18.1394, Test R: 0.8643, Test RRSE: 0.5734
2025-02-10 15:26:47,344:INFO:Checkpoint saved at best_0.0008_0.001_256_SAGE_2_32_0.8643_epoch_109.pth
2025-02-10 15:27:02,022:INFO:Epoch 110: Train Loss: 364.3525, Train Node Loss: 6.9719, Train Reg Loss: 3.5738, Train MAPE: 18.0162, Train R: 0.8742, Train RRSE: 0.4906, Test Loss: 1224.8685, Test Node Loss: 4.9621, Test Reg Loss: 12.1991, Test MAPE: 19.3402, Test R: 0.8596, Test RRSE: 0.8578
2025-02-10 15:27:17,022:INFO:Epoch 111: Train Loss: 342.4491, Train Node Loss: 6.4343, Train Reg Loss: 3.3601, Train MAPE: 17.8943, Train R: 0.8807, Train RRSE: 0.4757, Test Loss: 1169.6457, Test Node Loss: 5.1728, Test Reg Loss: 11.6447, Test MAPE: 19.2871, Test R: 0.8598, Test RRSE: 0.8381
2025-02-10 15:27:31,699:INFO:Epoch 112: Train Loss: 358.6264, Train Node Loss: 5.9521, Train Reg Loss: 3.5267, Train MAPE: 17.6507, Train R: 0.8766, Train RRSE: 0.4873, Test Loss: 1002.2801, Test Node Loss: 5.5976, Test Reg Loss: 9.9668, Test MAPE: 18.9827, Test R: 0.8617, Test RRSE: 0.7753
2025-02-10 15:27:46,507:INFO:Epoch 113: Train Loss: 357.4002, Train Node Loss: 6.9594, Train Reg Loss: 3.5044, Train MAPE: 18.2933, Train R: 0.8755, Train RRSE: 0.4858, Test Loss: 1223.1758, Test Node Loss: 5.0472, Test Reg Loss: 12.1813, Test MAPE: 19.5953, Test R: 0.8601, Test RRSE: 0.8571
2025-02-10 15:28:01,482:INFO:Epoch 114: Train Loss: 362.8238, Train Node Loss: 6.2287, Train Reg Loss: 3.5660, Train MAPE: 18.2125, Train R: 0.8720, Train RRSE: 0.4900, Test Loss: 814.3205, Test Node Loss: 5.5166, Test Reg Loss: 8.0880, Test MAPE: 18.4857, Test R: 0.8624, Test RRSE: 0.6984
2025-02-10 15:28:16,229:INFO:Epoch 115: Train Loss: 414.3095, Train Node Loss: 5.9921, Train Reg Loss: 4.0832, Train MAPE: 17.5562, Train R: 0.8538, Train RRSE: 0.5244, Test Loss: 949.3557, Test Node Loss: 5.0529, Test Reg Loss: 9.4430, Test MAPE: 18.9951, Test R: 0.8639, Test RRSE: 0.7547
2025-02-10 15:28:31,249:INFO:Epoch 116: Train Loss: 360.1280, Train Node Loss: 6.8670, Train Reg Loss: 3.5326, Train MAPE: 18.4709, Train R: 0.8775, Train RRSE: 0.4877, Test Loss: 1357.5980, Test Node Loss: 4.7234, Test Reg Loss: 13.5287, Test MAPE: 20.3942, Test R: 0.8596, Test RRSE: 0.9033
2025-02-10 15:28:46,345:INFO:Epoch 117: Train Loss: 389.6296, Train Node Loss: 5.8498, Train Reg Loss: 3.8378, Train MAPE: 18.2275, Train R: 0.8613, Train RRSE: 0.5084, Test Loss: 696.7839, Test Node Loss: 4.9032, Test Reg Loss: 6.9188, Test MAPE: 18.3739, Test R: 0.8646, Test RRSE: 0.6460
2025-02-10 15:28:46,396:INFO:Checkpoint saved at best_0.0008_0.001_256_SAGE_2_32_0.8646_epoch_117.pth
2025-02-10 15:29:01,333:INFO:Epoch 118: Train Loss: 344.2161, Train Node Loss: 5.3120, Train Reg Loss: 3.3890, Train MAPE: 17.7404, Train R: 0.8821, Train RRSE: 0.4777, Test Loss: 1773.1557, Test Node Loss: 3.8333, Test Reg Loss: 17.6932, Test MAPE: 21.2234, Test R: 0.8606, Test RRSE: 1.0330
2025-02-10 15:29:16,501:INFO:Epoch 119: Train Loss: 355.7946, Train Node Loss: 5.9320, Train Reg Loss: 3.4986, Train MAPE: 18.2615, Train R: 0.8744, Train RRSE: 0.4854, Test Loss: 1982.3231, Test Node Loss: 4.0371, Test Reg Loss: 19.7829, Test MAPE: 22.0488, Test R: 0.8589, Test RRSE: 1.0923
2025-02-10 15:29:31,250:INFO:Epoch 120: Train Loss: 368.2859, Train Node Loss: 5.5239, Train Reg Loss: 3.6276, Train MAPE: 17.9355, Train R: 0.8708, Train RRSE: 0.4943, Test Loss: 670.1702, Test Node Loss: 5.6830, Test Reg Loss: 6.6449, Test MAPE: 18.8225, Test R: 0.8651, Test RRSE: 0.6331
2025-02-10 15:29:31,281:INFO:Checkpoint saved at best_0.0008_0.001_256_SAGE_2_32_0.8651_epoch_120.pth
2025-02-10 15:29:46,133:INFO:Epoch 121: Train Loss: 408.2822, Train Node Loss: 6.3942, Train Reg Loss: 4.0189, Train MAPE: 18.1430, Train R: 0.8590, Train RRSE: 0.5202, Test Loss: 2201.6872, Test Node Loss: 3.1938, Test Reg Loss: 21.9849, Test MAPE: 22.2177, Test R: 0.8577, Test RRSE: 1.1515
2025-02-10 15:30:01,160:INFO:Epoch 122: Train Loss: 363.7944, Train Node Loss: 4.7037, Train Reg Loss: 3.5909, Train MAPE: 17.6958, Train R: 0.8788, Train RRSE: 0.4917, Test Loss: 753.9533, Test Node Loss: 5.1885, Test Reg Loss: 7.4876, Test MAPE: 18.9196, Test R: 0.8641, Test RRSE: 0.6720
2025-02-10 15:30:16,016:INFO:Epoch 123: Train Loss: 375.3138, Train Node Loss: 6.2957, Train Reg Loss: 3.6902, Train MAPE: 18.3543, Train R: 0.8742, Train RRSE: 0.4985, Test Loss: 1388.2831, Test Node Loss: 4.0190, Test Reg Loss: 13.8426, Test MAPE: 20.4013, Test R: 0.8628, Test RRSE: 0.9137
2025-02-10 15:30:30,757:INFO:Epoch 124: Train Loss: 397.3406, Train Node Loss: 3.9054, Train Reg Loss: 3.9344, Train MAPE: 17.6064, Train R: 0.8768, Train RRSE: 0.5147, Test Loss: 949.7654, Test Node Loss: 4.0111, Test Reg Loss: 9.4575, Test MAPE: 19.3946, Test R: 0.8653, Test RRSE: 0.7553
2025-02-10 15:30:30,789:INFO:Checkpoint saved at best_0.0008_0.001_256_SAGE_2_32_0.8653_epoch_124.pth
2025-02-10 15:30:45,524:INFO:Epoch 125: Train Loss: 374.6032, Train Node Loss: 5.1754, Train Reg Loss: 3.6943, Train MAPE: 18.2247, Train R: 0.8735, Train RRSE: 0.4988, Test Loss: 972.7740, Test Node Loss: 3.8731, Test Reg Loss: 9.6890, Test MAPE: 19.0437, Test R: 0.8670, Test RRSE: 0.7645
2025-02-10 15:30:45,541:INFO:Checkpoint saved at best_0.0008_0.001_256_SAGE_2_32_0.8670_epoch_125.pth
2025-02-10 15:31:00,052:INFO:Epoch 126: Train Loss: 323.0439, Train Node Loss: 4.5626, Train Reg Loss: 3.1848, Train MAPE: 18.1768, Train R: 0.8868, Train RRSE: 0.4631, Test Loss: 1984.2780, Test Node Loss: 2.7523, Test Reg Loss: 19.8153, Test MAPE: 22.0983, Test R: 0.8628, Test RRSE: 1.0932
2025-02-10 15:31:14,572:INFO:Epoch 127: Train Loss: 342.9660, Train Node Loss: 3.9533, Train Reg Loss: 3.3901, Train MAPE: 18.0730, Train R: 0.8794, Train RRSE: 0.4778, Test Loss: 630.5427, Test Node Loss: 3.8202, Test Reg Loss: 6.2672, Test MAPE: 17.7839, Test R: 0.8680, Test RRSE: 0.6148
2025-02-10 15:31:14,593:INFO:Checkpoint saved at best_0.0008_0.001_256_SAGE_2_32_0.8680_epoch_127.pth
2025-02-10 15:31:29,021:INFO:Epoch 128: Train Loss: 456.3706, Train Node Loss: 5.0128, Train Reg Loss: 4.5136, Train MAPE: 18.5480, Train R: 0.8478, Train RRSE: 0.5513, Test Loss: 2257.5714, Test Node Loss: 2.3902, Test Reg Loss: 22.5518, Test MAPE: 22.4701, Test R: 0.8612, Test RRSE: 1.1663
2025-02-10 15:31:43,364:INFO:Epoch 129: Train Loss: 424.1358, Train Node Loss: 2.6226, Train Reg Loss: 4.2151, Train MAPE: 17.2441, Train R: 0.8811, Train RRSE: 0.5328, Test Loss: 1958.5551, Test Node Loss: 2.1356, Test Reg Loss: 19.5642, Test MAPE: 21.8223, Test R: 0.8592, Test RRSE: 1.0863
2025-02-10 15:31:57,693:INFO:Epoch 130: Train Loss: 536.5822, Train Node Loss: 4.5759, Train Reg Loss: 5.3201, Train MAPE: 19.3915, Train R: 0.8217, Train RRSE: 0.5985, Test Loss: 1457.1766, Test Node Loss: 2.4677, Test Reg Loss: 14.5471, Test MAPE: 20.8727, Test R: 0.8599, Test RRSE: 0.9367
2025-02-10 15:32:12,059:INFO:Epoch 131: Train Loss: 432.8319, Train Node Loss: 2.0623, Train Reg Loss: 4.3077, Train MAPE: 17.3283, Train R: 0.8634, Train RRSE: 0.5386, Test Loss: 1429.4112, Test Node Loss: 1.3160, Test Reg Loss: 14.2810, Test MAPE: 19.9024, Test R: 0.8590, Test RRSE: 0.9281
2025-02-10 15:32:26,465:INFO:Epoch 132: Train Loss: 359.8586, Train Node Loss: 2.2012, Train Reg Loss: 3.5766, Train MAPE: 18.0234, Train R: 0.8714, Train RRSE: 0.4908, Test Loss: 422.8084, Test Node Loss: 2.6371, Test Reg Loss: 4.2017, Test MAPE: 18.9230, Test R: 0.8644, Test RRSE: 0.5034
2025-02-10 15:32:41,106:INFO:Epoch 133: Train Loss: 379.7449, Train Node Loss: 2.1906, Train Reg Loss: 3.7755, Train MAPE: 18.3513, Train R: 0.8689, Train RRSE: 0.5042, Test Loss: 1055.1245, Test Node Loss: 1.3661, Test Reg Loss: 10.5376, Test MAPE: 19.1040, Test R: 0.8642, Test RRSE: 0.7972
2025-02-10 15:32:55,391:INFO:Epoch 134: Train Loss: 349.0897, Train Node Loss: 1.7294, Train Reg Loss: 3.4736, Train MAPE: 17.6821, Train R: 0.8770, Train RRSE: 0.4836, Test Loss: 2154.1998, Test Node Loss: 1.0880, Test Reg Loss: 21.5311, Test MAPE: 22.2399, Test R: 0.8608, Test RRSE: 1.1396
2025-02-10 15:33:09,991:INFO:Epoch 135: Train Loss: 342.1914, Train Node Loss: 1.7578, Train Reg Loss: 3.4043, Train MAPE: 17.9975, Train R: 0.8789, Train RRSE: 0.4788, Test Loss: 1648.2737, Test Node Loss: 1.2908, Test Reg Loss: 16.4698, Test MAPE: 21.0060, Test R: 0.8632, Test RRSE: 0.9967
2025-02-10 15:33:24,382:INFO:Epoch 136: Train Loss: 337.1376, Train Node Loss: 2.0546, Train Reg Loss: 3.3508, Train MAPE: 18.2426, Train R: 0.8812, Train RRSE: 0.4750, Test Loss: 1644.7025, Test Node Loss: 1.3977, Test Reg Loss: 16.4330, Test MAPE: 21.5869, Test R: 0.8618, Test RRSE: 0.9956
2025-02-10 15:33:39,076:INFO:Epoch 137: Train Loss: 389.8522, Train Node Loss: 1.7545, Train Reg Loss: 3.8810, Train MAPE: 17.7806, Train R: 0.8620, Train RRSE: 0.5112, Test Loss: 991.7022, Test Node Loss: 1.5035, Test Reg Loss: 9.9020, Test MAPE: 19.3251, Test R: 0.8616, Test RRSE: 0.7728
2025-02-10 15:33:53,679:INFO:Epoch 138: Train Loss: 355.0943, Train Node Loss: 2.2326, Train Reg Loss: 3.5286, Train MAPE: 18.2700, Train R: 0.8770, Train RRSE: 0.4875, Test Loss: 1528.8754, Test Node Loss: 1.6276, Test Reg Loss: 15.2725, Test MAPE: 21.0153, Test R: 0.8621, Test RRSE: 0.9598
2025-02-10 15:34:08,250:INFO:Epoch 139: Train Loss: 336.7918, Train Node Loss: 1.8967, Train Reg Loss: 3.3490, Train MAPE: 18.2481, Train R: 0.8811, Train RRSE: 0.4749, Test Loss: 1946.9038, Test Node Loss: 1.1622, Test Reg Loss: 19.4574, Test MAPE: 21.8120, Test R: 0.8590, Test RRSE: 1.0833
2025-02-10 15:34:23,041:INFO:Epoch 140: Train Loss: 342.3587, Train Node Loss: 1.7713, Train Reg Loss: 3.4059, Train MAPE: 17.6637, Train R: 0.8818, Train RRSE: 0.4789, Test Loss: 493.1577, Test Node Loss: 2.0332, Test Reg Loss: 4.9112, Test MAPE: 18.4970, Test R: 0.8676, Test RRSE: 0.5443
2025-02-10 15:34:37,537:INFO:Epoch 141: Train Loss: 330.0941, Train Node Loss: 2.2211, Train Reg Loss: 3.2787, Train MAPE: 18.6387, Train R: 0.8875, Train RRSE: 0.4699, Test Loss: 1483.8125, Test Node Loss: 1.4795, Test Reg Loss: 14.8233, Test MAPE: 20.9771, Test R: 0.8652, Test RRSE: 0.9455
2025-02-10 15:34:52,655:INFO:Epoch 142: Train Loss: 335.3187, Train Node Loss: 1.9390, Train Reg Loss: 3.3338, Train MAPE: 18.5393, Train R: 0.8809, Train RRSE: 0.4738, Test Loss: 1519.3857, Test Node Loss: 1.2692, Test Reg Loss: 15.1812, Test MAPE: 20.6727, Test R: 0.8632, Test RRSE: 0.9569
2025-02-10 15:35:07,430:INFO:Epoch 143: Train Loss: 315.8776, Train Node Loss: 1.6844, Train Reg Loss: 3.1419, Train MAPE: 17.9432, Train R: 0.8906, Train RRSE: 0.4600, Test Loss: 817.9512, Test Node Loss: 1.6121, Test Reg Loss: 8.1634, Test MAPE: 19.0396, Test R: 0.8703, Test RRSE: 0.7017
2025-02-10 15:35:07,463:INFO:Checkpoint saved at best_0.0008_0.001_256_SAGE_2_32_0.8703_epoch_143.pth
2025-02-10 15:35:21,901:INFO:Epoch 144: Train Loss: 329.9132, Train Node Loss: 1.9341, Train Reg Loss: 3.2798, Train MAPE: 18.2097, Train R: 0.8833, Train RRSE: 0.4700, Test Loss: 2491.0597, Test Node Loss: 1.1374, Test Reg Loss: 24.8992, Test MAPE: 23.5010, Test R: 0.8561, Test RRSE: 1.2255
2025-02-10 15:35:35,725:INFO:Epoch 145: Train Loss: 322.3637, Train Node Loss: 1.8977, Train Reg Loss: 3.2047, Train MAPE: 18.2814, Train R: 0.8856, Train RRSE: 0.4645, Test Loss: 464.0780, Test Node Loss: 1.9501, Test Reg Loss: 4.6213, Test MAPE: 18.8260, Test R: 0.8710, Test RRSE: 0.5279
2025-02-10 15:35:35,748:INFO:Checkpoint saved at best_0.0008_0.001_256_SAGE_2_32_0.8710_epoch_145.pth
2025-02-10 15:35:50,342:INFO:Epoch 146: Train Loss: 346.1497, Train Node Loss: 1.9710, Train Reg Loss: 3.4418, Train MAPE: 18.0090, Train R: 0.8790, Train RRSE: 0.4814, Test Loss: 1038.4587, Test Node Loss: 1.4307, Test Reg Loss: 10.3703, Test MAPE: 19.4550, Test R: 0.8687, Test RRSE: 0.7909
2025-02-10 15:36:05,089:INFO:Epoch 147: Train Loss: 300.3185, Train Node Loss: 1.7913, Train Reg Loss: 2.9853, Train MAPE: 18.1705, Train R: 0.8953, Train RRSE: 0.4484, Test Loss: 1527.2499, Test Node Loss: 1.3427, Test Reg Loss: 15.2591, Test MAPE: 20.8575, Test R: 0.8672, Test RRSE: 0.9593
2025-02-10 15:36:19,923:INFO:Epoch 148: Train Loss: 358.9478, Train Node Loss: 2.1110, Train Reg Loss: 3.5684, Train MAPE: 18.3463, Train R: 0.8728, Train RRSE: 0.4902, Test Loss: 1878.6453, Test Node Loss: 1.2785, Test Reg Loss: 18.7737, Test MAPE: 21.6688, Test R: 0.8641, Test RRSE: 1.0641
2025-02-10 15:36:34,319:INFO:Epoch 149: Train Loss: 347.3014, Train Node Loss: 1.9642, Train Reg Loss: 3.4534, Train MAPE: 18.0549, Train R: 0.8768, Train RRSE: 0.4822, Test Loss: 1770.3056, Test Node Loss: 1.3765, Test Reg Loss: 17.6893, Test MAPE: 21.6795, Test R: 0.8663, Test RRSE: 1.0329
2025-02-10 15:36:49,233:INFO:Epoch 150: Train Loss: 336.1699, Train Node Loss: 1.8445, Train Reg Loss: 3.3433, Train MAPE: 17.7195, Train R: 0.8826, Train RRSE: 0.4745, Test Loss: 1596.4683, Test Node Loss: 1.4236, Test Reg Loss: 15.9504, Test MAPE: 21.3834, Test R: 0.8657, Test RRSE: 0.9808
2025-02-10 15:37:03,774:INFO:Epoch 151: Train Loss: 307.1276, Train Node Loss: 2.0901, Train Reg Loss: 3.0504, Train MAPE: 18.4107, Train R: 0.8915, Train RRSE: 0.4532, Test Loss: 1364.9585, Test Node Loss: 1.5507, Test Reg Loss: 13.6341, Test MAPE: 21.1302, Test R: 0.8698, Test RRSE: 0.9068
2025-02-10 15:37:18,825:INFO:Epoch 152: Train Loss: 299.0453, Train Node Loss: 2.0194, Train Reg Loss: 2.9703, Train MAPE: 18.3352, Train R: 0.8951, Train RRSE: 0.4472, Test Loss: 768.9734, Test Node Loss: 1.9204, Test Reg Loss: 7.6705, Test MAPE: 19.4647, Test R: 0.8687, Test RRSE: 0.6802
2025-02-10 15:37:33,784:INFO:Epoch 153: Train Loss: 313.0590, Train Node Loss: 2.1782, Train Reg Loss: 3.1088, Train MAPE: 18.5363, Train R: 0.8899, Train RRSE: 0.4575, Test Loss: 813.2445, Test Node Loss: 1.7756, Test Reg Loss: 8.1147, Test MAPE: 19.1718, Test R: 0.8686, Test RRSE: 0.6996
2025-02-10 15:37:48,537:INFO:Epoch 154: Train Loss: 284.3733, Train Node Loss: 1.9968, Train Reg Loss: 2.8238, Train MAPE: 18.0931, Train R: 0.9005, Train RRSE: 0.4361, Test Loss: 2362.4190, Test Node Loss: 1.2429, Test Reg Loss: 23.6118, Test MAPE: 23.0996, Test R: 0.8626, Test RRSE: 1.1934
2025-02-10 15:38:03,106:INFO:Epoch 155: Train Loss: 296.3108, Train Node Loss: 2.0120, Train Reg Loss: 2.9430, Train MAPE: 17.9290, Train R: 0.8976, Train RRSE: 0.4452, Test Loss: 1069.2830, Test Node Loss: 1.6908, Test Reg Loss: 10.6759, Test MAPE: 20.2073, Test R: 0.8697, Test RRSE: 0.8024
2025-02-10 15:38:17,866:INFO:Epoch 156: Train Loss: 317.4278, Train Node Loss: 2.2257, Train Reg Loss: 3.1520, Train MAPE: 18.6872, Train R: 0.8884, Train RRSE: 0.4607, Test Loss: 935.6670, Test Node Loss: 1.9684, Test Reg Loss: 9.3370, Test MAPE: 20.4120, Test R: 0.8693, Test RRSE: 0.7504
2025-02-10 15:38:32,443:INFO:Epoch 157: Train Loss: 288.6953, Train Node Loss: 2.2069, Train Reg Loss: 2.8649, Train MAPE: 18.4228, Train R: 0.8990, Train RRSE: 0.4392, Test Loss: 2558.6488, Test Node Loss: 1.1452, Test Reg Loss: 25.5750, Test MAPE: 23.3796, Test R: 0.8595, Test RRSE: 1.2420
2025-02-10 15:38:47,107:INFO:Epoch 158: Train Loss: 328.3805, Train Node Loss: 1.6958, Train Reg Loss: 3.2668, Train MAPE: 17.6645, Train R: 0.8904, Train RRSE: 0.4690, Test Loss: 1524.0945, Test Node Loss: 1.5748, Test Reg Loss: 15.2252, Test MAPE: 21.2947, Test R: 0.8672, Test RRSE: 0.9583
2025-02-10 15:39:01,947:INFO:Epoch 159: Train Loss: 318.8909, Train Node Loss: 2.2965, Train Reg Loss: 3.1659, Train MAPE: 18.5478, Train R: 0.8893, Train RRSE: 0.4617, Test Loss: 1538.5850, Test Node Loss: 1.5336, Test Reg Loss: 15.3705, Test MAPE: 21.7418, Test R: 0.8691, Test RRSE: 0.9628
2025-02-10 15:39:16,480:INFO:Epoch 160: Train Loss: 401.3457, Train Node Loss: 1.6508, Train Reg Loss: 3.9969, Train MAPE: 17.9911, Train R: 0.8613, Train RRSE: 0.5188, Test Loss: 2511.0876, Test Node Loss: 1.1148, Test Reg Loss: 25.0997, Test MAPE: 23.7885, Test R: 0.8605, Test RRSE: 1.2304
2025-02-10 15:39:31,209:INFO:Epoch 161: Train Loss: 323.7561, Train Node Loss: 2.0663, Train Reg Loss: 3.2169, Train MAPE: 18.5366, Train R: 0.8901, Train RRSE: 0.4654, Test Loss: 1409.7816, Test Node Loss: 1.4264, Test Reg Loss: 14.0836, Test MAPE: 20.7911, Test R: 0.8655, Test RRSE: 0.9216
2025-02-10 15:39:45,947:INFO:Epoch 162: Train Loss: 299.9233, Train Node Loss: 1.8418, Train Reg Loss: 2.9808, Train MAPE: 18.4780, Train R: 0.8977, Train RRSE: 0.4480, Test Loss: 2039.4277, Test Node Loss: 0.8847, Test Reg Loss: 20.3854, Test MAPE: 22.0745, Test R: 0.8638, Test RRSE: 1.1088
2025-02-10 15:40:00,590:INFO:Epoch 163: Train Loss: 307.1889, Train Node Loss: 1.4338, Train Reg Loss: 3.0576, Train MAPE: 18.0911, Train R: 0.8970, Train RRSE: 0.4538, Test Loss: 1403.7765, Test Node Loss: 1.3799, Test Reg Loss: 14.0240, Test MAPE: 21.1693, Test R: 0.8718, Test RRSE: 0.9197
2025-02-10 15:40:00,615:INFO:Checkpoint saved at best_0.0008_0.001_256_SAGE_2_32_0.8718_epoch_163.pth
2025-02-10 15:40:15,639:INFO:Epoch 164: Train Loss: 354.0128, Train Node Loss: 1.9339, Train Reg Loss: 3.5208, Train MAPE: 18.1365, Train R: 0.8747, Train RRSE: 0.4869, Test Loss: 1919.6846, Test Node Loss: 1.2460, Test Reg Loss: 19.1844, Test MAPE: 22.3336, Test R: 0.8642, Test RRSE: 1.0757
2025-02-10 15:40:30,745:INFO:Epoch 165: Train Loss: 281.3930, Train Node Loss: 1.8233, Train Reg Loss: 2.7957, Train MAPE: 18.2826, Train R: 0.9011, Train RRSE: 0.4339, Test Loss: 1201.9013, Test Node Loss: 1.3647, Test Reg Loss: 12.0054, Test MAPE: 20.7486, Test R: 0.8699, Test RRSE: 0.8509
2025-02-10 15:40:45,570:INFO:Epoch 166: Train Loss: 306.2344, Train Node Loss: 1.6948, Train Reg Loss: 3.0454, Train MAPE: 18.1826, Train R: 0.8934, Train RRSE: 0.4529, Test Loss: 1041.7320, Test Node Loss: 1.4829, Test Reg Loss: 10.4025, Test MAPE: 19.8378, Test R: 0.8693, Test RRSE: 0.7921
2025-02-10 15:41:00,235:INFO:Epoch 167: Train Loss: 348.3314, Train Node Loss: 2.2780, Train Reg Loss: 3.4605, Train MAPE: 18.8327, Train R: 0.8856, Train RRSE: 0.4827, Test Loss: 4153.8261, Test Node Loss: 0.6915, Test Reg Loss: 41.5313, Test MAPE: 27.2761, Test R: 0.8448, Test RRSE: 1.5827
2025-02-10 15:41:14,923:INFO:Epoch 168: Train Loss: 328.0247, Train Node Loss: 1.5137, Train Reg Loss: 3.2651, Train MAPE: 17.4963, Train R: 0.8937, Train RRSE: 0.4689, Test Loss: 499.8931, Test Node Loss: 2.1885, Test Reg Loss: 4.9770, Test MAPE: 19.6500, Test R: 0.8703, Test RRSE: 0.5479
2025-02-10 15:41:29,889:INFO:Epoch 169: Train Loss: 306.5807, Train Node Loss: 2.1651, Train Reg Loss: 3.0442, Train MAPE: 18.8594, Train R: 0.8931, Train RRSE: 0.4528, Test Loss: 1061.7863, Test Node Loss: 1.5978, Test Reg Loss: 10.6019, Test MAPE: 20.7497, Test R: 0.8733, Test RRSE: 0.7997
2025-02-10 15:41:29,907:INFO:Checkpoint saved at best_0.0008_0.001_256_SAGE_2_32_0.8733_epoch_169.pth
2025-02-10 15:41:44,879:INFO:Epoch 170: Train Loss: 295.0541, Train Node Loss: 1.6212, Train Reg Loss: 2.9343, Train MAPE: 18.4275, Train R: 0.8970, Train RRSE: 0.4445, Test Loss: 1868.9052, Test Node Loss: 0.8783, Test Reg Loss: 18.6803, Test MAPE: 22.0600, Test R: 0.8688, Test RRSE: 1.0615
2025-02-10 15:41:59,595:INFO:Epoch 171: Train Loss: 331.1767, Train Node Loss: 1.6002, Train Reg Loss: 3.2958, Train MAPE: 18.1948, Train R: 0.8826, Train RRSE: 0.4711, Test Loss: 800.1668, Test Node Loss: 1.4246, Test Reg Loss: 7.9874, Test MAPE: 19.4252, Test R: 0.8666, Test RRSE: 0.6941
2025-02-10 15:42:14,407:INFO:Epoch 172: Train Loss: 288.9084, Train Node Loss: 1.6003, Train Reg Loss: 2.8731, Train MAPE: 18.4639, Train R: 0.8989, Train RRSE: 0.4399, Test Loss: 2431.9059, Test Node Loss: 0.8298, Test Reg Loss: 24.3108, Test MAPE: 23.7672, Test R: 0.8655, Test RRSE: 1.2109
2025-02-10 15:42:29,314:INFO:Epoch 173: Train Loss: 286.7749, Train Node Loss: 1.4986, Train Reg Loss: 2.8528, Train MAPE: 18.7056, Train R: 0.8993, Train RRSE: 0.4383, Test Loss: 1316.5436, Test Node Loss: 0.9975, Test Reg Loss: 13.1555, Test MAPE: 20.5273, Test R: 0.8707, Test RRSE: 0.8908
2025-02-10 15:42:44,160:INFO:Epoch 174: Train Loss: 293.5248, Train Node Loss: 1.4127, Train Reg Loss: 2.9211, Train MAPE: 17.9972, Train R: 0.8980, Train RRSE: 0.4435, Test Loss: 2004.5918, Test Node Loss: 0.9630, Test Reg Loss: 20.0363, Test MAPE: 22.3855, Test R: 0.8643, Test RRSE: 1.0993
2025-02-10 15:42:58,842:INFO:Epoch 175: Train Loss: 271.5952, Train Node Loss: 1.4648, Train Reg Loss: 2.7013, Train MAPE: 18.1563, Train R: 0.9054, Train RRSE: 0.4265, Test Loss: 1641.0968, Test Node Loss: 1.1638, Test Reg Loss: 16.3993, Test MAPE: 22.0300, Test R: 0.8686, Test RRSE: 0.9945
2025-02-10 15:43:13,705:INFO:Epoch 176: Train Loss: 265.2873, Train Node Loss: 1.6541, Train Reg Loss: 2.6363, Train MAPE: 18.5966, Train R: 0.9071, Train RRSE: 0.4213, Test Loss: 1219.9986, Test Node Loss: 1.1589, Test Reg Loss: 12.1884, Test MAPE: 20.7216, Test R: 0.8707, Test RRSE: 0.8574
2025-02-10 15:43:28,413:INFO:Epoch 177: Train Loss: 302.0323, Train Node Loss: 1.5588, Train Reg Loss: 3.0047, Train MAPE: 18.3468, Train R: 0.8932, Train RRSE: 0.4498, Test Loss: 1995.6139, Test Node Loss: 0.8522, Test Reg Loss: 19.9476, Test MAPE: 22.4211, Test R: 0.8683, Test RRSE: 1.0969
2025-02-10 15:43:43,217:INFO:Epoch 178: Train Loss: 292.1059, Train Node Loss: 1.2264, Train Reg Loss: 2.9088, Train MAPE: 17.7491, Train R: 0.9041, Train RRSE: 0.4426, Test Loss: 1769.6854, Test Node Loss: 0.9694, Test Reg Loss: 17.6872, Test MAPE: 21.8539, Test R: 0.8657, Test RRSE: 1.0329
2025-02-10 15:43:58,084:INFO:Epoch 179: Train Loss: 364.4512, Train Node Loss: 1.7695, Train Reg Loss: 3.6268, Train MAPE: 19.1978, Train R: 0.8775, Train RRSE: 0.4942, Test Loss: 2895.4354, Test Node Loss: 0.6762, Test Reg Loss: 28.9476, Test MAPE: 24.7401, Test R: 0.8559, Test RRSE: 1.3213
2025-02-10 15:44:12,751:INFO:Epoch 180: Train Loss: 283.6361, Train Node Loss: 1.1250, Train Reg Loss: 2.8251, Train MAPE: 17.8690, Train R: 0.9069, Train RRSE: 0.4362, Test Loss: 1265.9314, Test Node Loss: 0.9925, Test Reg Loss: 12.6494, Test MAPE: 20.7713, Test R: 0.8678, Test RRSE: 0.8735
2025-02-10 15:44:27,498:INFO:Epoch 181: Train Loss: 312.3902, Train Node Loss: 1.4352, Train Reg Loss: 3.1096, Train MAPE: 18.5413, Train R: 0.8901, Train RRSE: 0.4576, Test Loss: 1432.8471, Test Node Loss: 0.9917, Test Reg Loss: 14.3186, Test MAPE: 20.9313, Test R: 0.8670, Test RRSE: 0.9293
2025-02-10 15:44:42,253:INFO:Epoch 182: Train Loss: 295.7674, Train Node Loss: 1.0784, Train Reg Loss: 2.9469, Train MAPE: 17.9641, Train R: 0.8980, Train RRSE: 0.4455, Test Loss: 2631.8191, Test Node Loss: 0.6238, Test Reg Loss: 26.3120, Test MAPE: 23.8177, Test R: 0.8566, Test RRSE: 1.2598
2025-02-10 15:44:56,933:INFO:Epoch 183: Train Loss: 297.5362, Train Node Loss: 1.3055, Train Reg Loss: 2.9623, Train MAPE: 18.6379, Train R: 0.8951, Train RRSE: 0.4466, Test Loss: 955.1166, Test Node Loss: 1.1378, Test Reg Loss: 9.5398, Test MAPE: 20.5440, Test R: 0.8712, Test RRSE: 0.7585
2025-02-10 15:45:11,327:INFO:Epoch 184: Train Loss: 337.3219, Train Node Loss: 1.4197, Train Reg Loss: 3.3590, Train MAPE: 18.9477, Train R: 0.8861, Train RRSE: 0.4756, Test Loss: 3141.5007, Test Node Loss: 0.4015, Test Reg Loss: 31.4110, Test MAPE: 24.7635, Test R: 0.8531, Test RRSE: 1.3764
2025-02-10 15:45:26,340:INFO:Epoch 185: Train Loss: 355.8822, Train Node Loss: 0.9499, Train Reg Loss: 3.5493, Train MAPE: 17.5992, Train R: 0.8760, Train RRSE: 0.4889, Test Loss: 1092.6025, Test Node Loss: 0.9290, Test Reg Loss: 10.9167, Test MAPE: 20.5956, Test R: 0.8689, Test RRSE: 0.8114
2025-02-10 15:45:41,122:INFO:Epoch 186: Train Loss: 327.1060, Train Node Loss: 1.3956, Train Reg Loss: 3.2571, Train MAPE: 18.7260, Train R: 0.8854, Train RRSE: 0.4683, Test Loss: 1118.7286, Test Node Loss: 0.9592, Test Reg Loss: 11.1777, Test MAPE: 20.2321, Test R: 0.8706, Test RRSE: 0.8211
2025-02-10 15:45:55,486:INFO:Epoch 187: Train Loss: 278.3923, Train Node Loss: 1.0767, Train Reg Loss: 2.7732, Train MAPE: 18.1295, Train R: 0.9044, Train RRSE: 0.4321, Test Loss: 3450.3427, Test Node Loss: 0.4768, Test Reg Loss: 34.4987, Test MAPE: 26.0575, Test R: 0.8568, Test RRSE: 1.4425
2025-02-10 15:46:10,192:INFO:Epoch 188: Train Loss: 330.0565, Train Node Loss: 1.1922, Train Reg Loss: 3.2886, Train MAPE: 18.2056, Train R: 0.8828, Train RRSE: 0.4706, Test Loss: 1791.3050, Test Node Loss: 0.7997, Test Reg Loss: 17.9051, Test MAPE: 21.8101, Test R: 0.8642, Test RRSE: 1.0392
2025-02-10 15:46:24,976:INFO:Epoch 189: Train Loss: 303.5375, Train Node Loss: 1.2299, Train Reg Loss: 3.0231, Train MAPE: 18.1669, Train R: 0.8927, Train RRSE: 0.4512, Test Loss: 1345.1914, Test Node Loss: 0.9366, Test Reg Loss: 13.4425, Test MAPE: 21.1607, Test R: 0.8677, Test RRSE: 0.9004
2025-02-10 15:46:39,841:INFO:Epoch 190: Train Loss: 295.2659, Train Node Loss: 1.3792, Train Reg Loss: 2.9389, Train MAPE: 18.8231, Train R: 0.8995, Train RRSE: 0.4449, Test Loss: 2508.8374, Test Node Loss: 0.7026, Test Reg Loss: 25.0813, Test MAPE: 23.8337, Test R: 0.8573, Test RRSE: 1.2299
2025-02-10 15:46:54,757:INFO:Epoch 191: Train Loss: 341.6442, Train Node Loss: 0.8667, Train Reg Loss: 3.4078, Train MAPE: 17.6177, Train R: 0.8924, Train RRSE: 0.4790, Test Loss: 1976.5791, Test Node Loss: 0.7742, Test Reg Loss: 19.7580, Test MAPE: 22.3105, Test R: 0.8659, Test RRSE: 1.0916
2025-02-10 15:47:09,142:INFO:Epoch 192: Train Loss: 278.0221, Train Node Loss: 1.4375, Train Reg Loss: 2.7658, Train MAPE: 18.5421, Train R: 0.9056, Train RRSE: 0.4316, Test Loss: 867.4178, Test Node Loss: 1.4258, Test Reg Loss: 8.6599, Test MAPE: 20.4871, Test R: 0.8720, Test RRSE: 0.7227
2025-02-10 15:47:23,631:INFO:Epoch 193: Train Loss: 343.0822, Train Node Loss: 1.1810, Train Reg Loss: 3.4190, Train MAPE: 18.3056, Train R: 0.8775, Train RRSE: 0.4798, Test Loss: 2316.3151, Test Node Loss: 0.5230, Test Reg Loss: 23.1579, Test MAPE: 23.3574, Test R: 0.8666, Test RRSE: 1.1818
2025-02-10 15:47:38,508:INFO:Epoch 194: Train Loss: 271.4792, Train Node Loss: 0.9841, Train Reg Loss: 2.7050, Train MAPE: 18.4956, Train R: 0.9046, Train RRSE: 0.4268, Test Loss: 1229.9210, Test Node Loss: 0.7646, Test Reg Loss: 12.2916, Test MAPE: 20.5934, Test R: 0.8623, Test RRSE: 0.8610
2025-02-10 15:47:53,332:INFO:Epoch 195: Train Loss: 292.6568, Train Node Loss: 1.0496, Train Reg Loss: 2.9161, Train MAPE: 18.3708, Train R: 0.8966, Train RRSE: 0.4431, Test Loss: 1406.5639, Test Node Loss: 0.7197, Test Reg Loss: 14.0584, Test MAPE: 20.8614, Test R: 0.8653, Test RRSE: 0.9208
2025-02-10 15:48:07,650:INFO:Epoch 196: Train Loss: 333.9055, Train Node Loss: 0.9277, Train Reg Loss: 3.3298, Train MAPE: 17.7314, Train R: 0.8852, Train RRSE: 0.4735, Test Loss: 2282.7427, Test Node Loss: 0.6370, Test Reg Loss: 22.8211, Test MAPE: 23.5586, Test R: 0.8680, Test RRSE: 1.1732
2025-02-10 15:48:22,492:INFO:Epoch 197: Train Loss: 331.7437, Train Node Loss: 1.4391, Train Reg Loss: 3.3030, Train MAPE: 19.2211, Train R: 0.8929, Train RRSE: 0.4716, Test Loss: 2862.7829, Test Node Loss: 0.6119, Test Reg Loss: 28.6217, Test MAPE: 24.5825, Test R: 0.8579, Test RRSE: 1.3139
2025-02-10 15:48:37,297:INFO:Epoch 198: Train Loss: 303.9936, Train Node Loss: 0.9208, Train Reg Loss: 3.0307, Train MAPE: 17.8327, Train R: 0.8981, Train RRSE: 0.4518, Test Loss: 3439.2804, Test Node Loss: 0.4768, Test Reg Loss: 34.3880, Test MAPE: 26.3771, Test R: 0.8626, Test RRSE: 1.4402
2025-02-10 15:48:51,916:INFO:Epoch 199: Train Loss: 283.7652, Train Node Loss: 1.0158, Train Reg Loss: 2.8275, Train MAPE: 18.7010, Train R: 0.9000, Train RRSE: 0.4364, Test Loss: 1623.3960, Test Node Loss: 0.7471, Test Reg Loss: 16.2265, Test MAPE: 22.3607, Test R: 0.8677, Test RRSE: 0.9893
2025-02-10 15:49:06,274:INFO:Epoch 200: Train Loss: 278.5932, Train Node Loss: 0.9676, Train Reg Loss: 2.7763, Train MAPE: 18.5495, Train R: 0.9018, Train RRSE: 0.4324, Test Loss: 1602.7551, Test Node Loss: 0.5847, Test Reg Loss: 16.0217, Test MAPE: 21.2346, Test R: 0.8653, Test RRSE: 0.9830
2025-02-10 15:49:20,605:INFO:Epoch 201: Train Loss: 271.0156, Train Node Loss: 0.8846, Train Reg Loss: 2.7013, Train MAPE: 17.8644, Train R: 0.9071, Train RRSE: 0.4265, Test Loss: 1602.5547, Test Node Loss: 0.6950, Test Reg Loss: 16.0186, Test MAPE: 21.7508, Test R: 0.8676, Test RRSE: 0.9829
2025-02-10 15:49:34,855:INFO:Epoch 202: Train Loss: 248.8042, Train Node Loss: 1.0888, Train Reg Loss: 2.4772, Train MAPE: 18.7349, Train R: 0.9146, Train RRSE: 0.4084, Test Loss: 2446.9649, Test Node Loss: 0.5499, Test Reg Loss: 24.4641, Test MAPE: 23.8674, Test R: 0.8645, Test RRSE: 1.2147
2025-02-10 15:49:48,957:INFO:Epoch 203: Train Loss: 265.6024, Train Node Loss: 0.9751, Train Reg Loss: 2.6463, Train MAPE: 18.5505, Train R: 0.9068, Train RRSE: 0.4221, Test Loss: 2413.9428, Test Node Loss: 0.5163, Test Reg Loss: 24.1343, Test MAPE: 23.8920, Test R: 0.8620, Test RRSE: 1.2065
2025-02-10 15:50:03,313:INFO:Epoch 204: Train Loss: 249.8971, Train Node Loss: 0.9392, Train Reg Loss: 2.4896, Train MAPE: 18.3682, Train R: 0.9130, Train RRSE: 0.4095, Test Loss: 1573.4809, Test Node Loss: 0.7746, Test Reg Loss: 15.7271, Test MAPE: 21.8497, Test R: 0.8655, Test RRSE: 0.9739
2025-02-10 15:50:17,492:INFO:Epoch 205: Train Loss: 265.0854, Train Node Loss: 0.9938, Train Reg Loss: 2.6409, Train MAPE: 18.2177, Train R: 0.9072, Train RRSE: 0.4217, Test Loss: 2598.4808, Test Node Loss: 0.5294, Test Reg Loss: 25.9795, Test MAPE: 24.1917, Test R: 0.8592, Test RRSE: 1.2518
2025-02-10 15:50:31,718:INFO:Epoch 206: Train Loss: 269.8683, Train Node Loss: 1.2462, Train Reg Loss: 2.6862, Train MAPE: 19.0231, Train R: 0.9068, Train RRSE: 0.4253, Test Loss: 2362.2247, Test Node Loss: 0.6787, Test Reg Loss: 23.6155, Test MAPE: 24.0538, Test R: 0.8666, Test RRSE: 1.1935
2025-02-10 15:50:46,211:INFO:Epoch 207: Train Loss: 309.5822, Train Node Loss: 1.0613, Train Reg Loss: 3.0852, Train MAPE: 17.9586, Train R: 0.8915, Train RRSE: 0.4558, Test Loss: 2182.8932, Test Node Loss: 0.6346, Test Reg Loss: 21.8226, Test MAPE: 22.8104, Test R: 0.8651, Test RRSE: 1.1473
2025-02-10 15:51:00,492:INFO:Epoch 208: Train Loss: 286.0403, Train Node Loss: 1.1017, Train Reg Loss: 2.8494, Train MAPE: 18.2614, Train R: 0.8994, Train RRSE: 0.4380, Test Loss: 1593.6369, Test Node Loss: 0.8159, Test Reg Loss: 15.9282, Test MAPE: 21.5417, Test R: 0.8663, Test RRSE: 0.9802
2025-02-10 15:51:15,096:INFO:Epoch 209: Train Loss: 329.3299, Train Node Loss: 1.0600, Train Reg Loss: 3.2827, Train MAPE: 18.0757, Train R: 0.8836, Train RRSE: 0.4702, Test Loss: 1608.3490, Test Node Loss: 0.8315, Test Reg Loss: 16.0752, Test MAPE: 22.0872, Test R: 0.8671, Test RRSE: 0.9847
2025-02-10 15:51:29,752:INFO:Epoch 210: Train Loss: 274.7526, Train Node Loss: 1.4479, Train Reg Loss: 2.7330, Train MAPE: 19.0260, Train R: 0.9083, Train RRSE: 0.4290, Test Loss: 2391.0515, Test Node Loss: 0.7262, Test Reg Loss: 23.9033, Test MAPE: 23.3184, Test R: 0.8601, Test RRSE: 1.2007
2025-02-10 15:51:44,387:INFO:Epoch 211: Train Loss: 273.3265, Train Node Loss: 1.0209, Train Reg Loss: 2.7231, Train MAPE: 18.1036, Train R: 0.9082, Train RRSE: 0.4282, Test Loss: 1618.2220, Test Node Loss: 0.8845, Test Reg Loss: 16.1734, Test MAPE: 22.1087, Test R: 0.8672, Test RRSE: 0.9877
2025-02-10 15:51:59,011:INFO:Epoch 212: Train Loss: 277.5922, Train Node Loss: 1.4162, Train Reg Loss: 2.7618, Train MAPE: 18.9193, Train R: 0.9044, Train RRSE: 0.4313, Test Loss: 2147.9729, Test Node Loss: 0.8023, Test Reg Loss: 21.4717, Test MAPE: 23.2110, Test R: 0.8611, Test RRSE: 1.1380
2025-02-10 15:52:13,520:INFO:Epoch 213: Train Loss: 292.9515, Train Node Loss: 0.9685, Train Reg Loss: 2.9198, Train MAPE: 17.6880, Train R: 0.8992, Train RRSE: 0.4434, Test Loss: 1784.0082, Test Node Loss: 0.6563, Test Reg Loss: 17.8335, Test MAPE: 22.0469, Test R: 0.8625, Test RRSE: 1.0371
2025-02-10 15:52:28,289:INFO:Epoch 214: Train Loss: 296.1952, Train Node Loss: 1.1514, Train Reg Loss: 2.9504, Train MAPE: 18.4322, Train R: 0.8959, Train RRSE: 0.4457, Test Loss: 1582.8138, Test Node Loss: 0.8158, Test Reg Loss: 15.8200, Test MAPE: 22.2738, Test R: 0.8674, Test RRSE: 0.9768
2025-02-10 15:52:42,918:INFO:Epoch 215: Train Loss: 275.7204, Train Node Loss: 1.2217, Train Reg Loss: 2.7450, Train MAPE: 18.4880, Train R: 0.9032, Train RRSE: 0.4299, Test Loss: 2429.8072, Test Node Loss: 0.6463, Test Reg Loss: 24.2916, Test MAPE: 23.9227, Test R: 0.8598, Test RRSE: 1.2104
2025-02-10 15:52:57,553:INFO:Epoch 216: Train Loss: 252.3621, Train Node Loss: 1.0566, Train Reg Loss: 2.5131, Train MAPE: 18.4879, Train R: 0.9115, Train RRSE: 0.4114, Test Loss: 2258.6470, Test Node Loss: 0.5535, Test Reg Loss: 22.5809, Test MAPE: 23.0566, Test R: 0.8543, Test RRSE: 1.1670
2025-02-10 15:53:12,287:INFO:Epoch 217: Train Loss: 255.9512, Train Node Loss: 1.0763, Train Reg Loss: 2.5487, Train MAPE: 18.3995, Train R: 0.9104, Train RRSE: 0.4143, Test Loss: 2408.1160, Test Node Loss: 0.6858, Test Reg Loss: 24.0743, Test MAPE: 24.0668, Test R: 0.8624, Test RRSE: 1.2050
2025-02-10 15:53:27,076:INFO:Epoch 218: Train Loss: 302.7486, Train Node Loss: 1.0178, Train Reg Loss: 3.0173, Train MAPE: 18.2361, Train R: 0.8978, Train RRSE: 0.4508, Test Loss: 1845.7227, Test Node Loss: 0.8606, Test Reg Loss: 18.4486, Test MAPE: 22.5465, Test R: 0.8601, Test RRSE: 1.0549
2025-02-10 15:53:42,049:INFO:Epoch 219: Train Loss: 311.3129, Train Node Loss: 1.2861, Train Reg Loss: 3.1003, Train MAPE: 18.7407, Train R: 0.8980, Train RRSE: 0.4569, Test Loss: 2279.8617, Test Node Loss: 0.5397, Test Reg Loss: 22.7932, Test MAPE: 22.8541, Test R: 0.8540, Test RRSE: 1.1725
2025-02-10 15:53:57,102:INFO:Epoch 220: Train Loss: 291.8151, Train Node Loss: 1.0486, Train Reg Loss: 2.9077, Train MAPE: 18.3710, Train R: 0.8990, Train RRSE: 0.4425, Test Loss: 537.9245, Test Node Loss: 1.7163, Test Reg Loss: 5.3621, Test MAPE: 20.9343, Test R: 0.8649, Test RRSE: 0.5687
2025-02-10 15:54:12,083:INFO:Epoch 221: Train Loss: 325.6265, Train Node Loss: 1.2913, Train Reg Loss: 3.2434, Train MAPE: 18.3081, Train R: 0.8856, Train RRSE: 0.4673, Test Loss: 1725.3001, Test Node Loss: 0.8585, Test Reg Loss: 17.2444, Test MAPE: 21.9218, Test R: 0.8633, Test RRSE: 1.0198
2025-02-10 15:54:27,178:INFO:Epoch 222: Train Loss: 287.0820, Train Node Loss: 1.1606, Train Reg Loss: 2.8592, Train MAPE: 18.4887, Train R: 0.8997, Train RRSE: 0.4388, Test Loss: 2304.6177, Test Node Loss: 0.6447, Test Reg Loss: 23.0397, Test MAPE: 22.7368, Test R: 0.8592, Test RRSE: 1.1788
2025-02-10 15:54:41,890:INFO:Epoch 223: Train Loss: 342.2790, Train Node Loss: 1.0654, Train Reg Loss: 3.4121, Train MAPE: 17.7039, Train R: 0.8796, Train RRSE: 0.4793, Test Loss: 1699.2971, Test Node Loss: 0.7922, Test Reg Loss: 16.9850, Test MAPE: 21.4712, Test R: 0.8554, Test RRSE: 1.0121
2025-02-10 15:54:57,109:INFO:Epoch 224: Train Loss: 265.5562, Train Node Loss: 1.1975, Train Reg Loss: 2.6436, Train MAPE: 18.5655, Train R: 0.9067, Train RRSE: 0.4219, Test Loss: 3194.7836, Test Node Loss: 0.5053, Test Reg Loss: 31.9428, Test MAPE: 25.7897, Test R: 0.8452, Test RRSE: 1.3880
2025-02-10 15:55:12,199:INFO:Epoch 225: Train Loss: 245.1486, Train Node Loss: 1.1972, Train Reg Loss: 2.4395, Train MAPE: 18.5769, Train R: 0.9144, Train RRSE: 0.4053, Test Loss: 2857.4929, Test Node Loss: 0.6162, Test Reg Loss: 28.5688, Test MAPE: 24.6428, Test R: 0.8505, Test RRSE: 1.3127
2025-02-10 15:55:27,305:INFO:Epoch 226: Train Loss: 251.3919, Train Node Loss: 1.1749, Train Reg Loss: 2.5022, Train MAPE: 18.0656, Train R: 0.9131, Train RRSE: 0.4105, Test Loss: 1349.1754, Test Node Loss: 1.1407, Test Reg Loss: 13.4803, Test MAPE: 21.5487, Test R: 0.8601, Test RRSE: 0.9017
2025-02-10 15:55:42,134:INFO:Epoch 227: Train Loss: 270.3310, Train Node Loss: 1.3583, Train Reg Loss: 2.6897, Train MAPE: 18.7191, Train R: 0.9049, Train RRSE: 0.4256, Test Loss: 1942.7944, Test Node Loss: 0.7600, Test Reg Loss: 19.4203, Test MAPE: 22.4827, Test R: 0.8589, Test RRSE: 1.0823
2025-02-10 15:55:57,081:INFO:Epoch 228: Train Loss: 280.0897, Train Node Loss: 1.5198, Train Reg Loss: 2.7857, Train MAPE: 18.8162, Train R: 0.9055, Train RRSE: 0.4331, Test Loss: 2249.6937, Test Node Loss: 0.7040, Test Reg Loss: 22.4899, Test MAPE: 23.0473, Test R: 0.8515, Test RRSE: 1.1647
2025-02-10 15:56:12,262:INFO:Epoch 229: Train Loss: 267.8994, Train Node Loss: 1.0543, Train Reg Loss: 2.6685, Train MAPE: 17.6962, Train R: 0.9102, Train RRSE: 0.4239, Test Loss: 1806.5665, Test Node Loss: 0.8179, Test Reg Loss: 18.0575, Test MAPE: 22.6545, Test R: 0.8615, Test RRSE: 1.0436
2025-02-10 15:56:27,093:INFO:Epoch 230: Train Loss: 257.2066, Train Node Loss: 1.4136, Train Reg Loss: 2.5579, Train MAPE: 18.7208, Train R: 0.9103, Train RRSE: 0.4150, Test Loss: 1658.6284, Test Node Loss: 0.9085, Test Reg Loss: 16.5772, Test MAPE: 22.1387, Test R: 0.8627, Test RRSE: 0.9999
2025-02-10 15:56:41,952:INFO:Epoch 231: Train Loss: 259.6784, Train Node Loss: 1.1956, Train Reg Loss: 2.5848, Train MAPE: 18.0881, Train R: 0.9095, Train RRSE: 0.4172, Test Loss: 2936.0260, Test Node Loss: 0.4860, Test Reg Loss: 29.3554, Test MAPE: 24.5803, Test R: 0.8539, Test RRSE: 1.3306
2025-02-10 15:56:56,800:INFO:Epoch 232: Train Loss: 244.1586, Train Node Loss: 1.1673, Train Reg Loss: 2.4299, Train MAPE: 18.2139, Train R: 0.9163, Train RRSE: 0.4045, Test Loss: 1579.4544, Test Node Loss: 1.0600, Test Reg Loss: 15.7839, Test MAPE: 21.9488, Test R: 0.8637, Test RRSE: 0.9757
2025-02-10 15:57:11,722:INFO:Epoch 233: Train Loss: 265.1584, Train Node Loss: 1.5453, Train Reg Loss: 2.6361, Train MAPE: 19.0641, Train R: 0.9109, Train RRSE: 0.4213, Test Loss: 2250.1480, Test Node Loss: 0.7410, Test Reg Loss: 22.4941, Test MAPE: 23.0401, Test R: 0.8537, Test RRSE: 1.1648
2025-02-10 15:57:26,748:INFO:Epoch 234: Train Loss: 281.7284, Train Node Loss: 1.1147, Train Reg Loss: 2.8061, Train MAPE: 17.6818, Train R: 0.9027, Train RRSE: 0.4347, Test Loss: 1612.2635, Test Node Loss: 0.8646, Test Reg Loss: 16.1140, Test MAPE: 21.4253, Test R: 0.8574, Test RRSE: 0.9859
2025-02-10 15:57:41,827:INFO:Epoch 235: Train Loss: 288.9490, Train Node Loss: 1.5224, Train Reg Loss: 2.8743, Train MAPE: 18.5878, Train R: 0.8998, Train RRSE: 0.4399, Test Loss: 2156.0951, Test Node Loss: 0.8015, Test Reg Loss: 21.5529, Test MAPE: 22.8783, Test R: 0.8510, Test RRSE: 1.1402
2025-02-10 15:57:56,958:INFO:Epoch 236: Train Loss: 256.9163, Train Node Loss: 1.2118, Train Reg Loss: 2.5570, Train MAPE: 18.2691, Train R: 0.9125, Train RRSE: 0.4150, Test Loss: 2392.7934, Test Node Loss: 0.8355, Test Reg Loss: 23.9196, Test MAPE: 23.5612, Test R: 0.8550, Test RRSE: 1.2011
2025-02-10 15:58:11,518:INFO:Epoch 237: Train Loss: 231.1406, Train Node Loss: 1.4907, Train Reg Loss: 2.2965, Train MAPE: 18.5092, Train R: 0.9198, Train RRSE: 0.3933, Test Loss: 1965.1436, Test Node Loss: 0.9352, Test Reg Loss: 19.6421, Test MAPE: 22.4771, Test R: 0.8544, Test RRSE: 1.0884
2025-02-10 15:58:26,170:INFO:Epoch 238: Train Loss: 278.0569, Train Node Loss: 1.1927, Train Reg Loss: 2.7686, Train MAPE: 18.3690, Train R: 0.9020, Train RRSE: 0.4318, Test Loss: 1849.4957, Test Node Loss: 0.6684, Test Reg Loss: 18.4883, Test MAPE: 21.9711, Test R: 0.8486, Test RRSE: 1.0560
2025-02-10 15:58:40,995:INFO:Epoch 239: Train Loss: 252.8969, Train Node Loss: 1.2346, Train Reg Loss: 2.5166, Train MAPE: 18.4302, Train R: 0.9115, Train RRSE: 0.4117, Test Loss: 2486.1259, Test Node Loss: 0.8364, Test Reg Loss: 24.8529, Test MAPE: 23.8950, Test R: 0.8525, Test RRSE: 1.2243
2025-02-10 15:58:55,438:INFO:Epoch 240: Train Loss: 299.8858, Train Node Loss: 1.1859, Train Reg Loss: 2.9870, Train MAPE: 17.6846, Train R: 0.8978, Train RRSE: 0.4485, Test Loss: 1741.7084, Test Node Loss: 0.8939, Test Reg Loss: 17.4081, Test MAPE: 21.8274, Test R: 0.8608, Test RRSE: 1.0247
2025-02-10 15:59:09,971:INFO:Epoch 241: Train Loss: 302.7890, Train Node Loss: 1.7265, Train Reg Loss: 3.0106, Train MAPE: 19.2752, Train R: 0.9027, Train RRSE: 0.4503, Test Loss: 2381.2196, Test Node Loss: 0.6801, Test Reg Loss: 23.8054, Test MAPE: 23.3753, Test R: 0.8586, Test RRSE: 1.1982
2025-02-10 15:59:24,696:INFO:Epoch 242: Train Loss: 268.1302, Train Node Loss: 0.9118, Train Reg Loss: 2.6722, Train MAPE: 17.4703, Train R: 0.9124, Train RRSE: 0.4242, Test Loss: 1348.7903, Test Node Loss: 0.7035, Test Reg Loss: 13.4809, Test MAPE: 21.2326, Test R: 0.8652, Test RRSE: 0.9017
2025-02-10 15:59:39,268:INFO:Epoch 243: Train Loss: 286.6227, Train Node Loss: 1.1939, Train Reg Loss: 2.8543, Train MAPE: 19.1629, Train R: 0.9024, Train RRSE: 0.4384, Test Loss: 1660.3784, Test Node Loss: 0.5688, Test Reg Loss: 16.5981, Test MAPE: 21.9322, Test R: 0.8647, Test RRSE: 1.0005
2025-02-10 15:59:53,829:INFO:Epoch 244: Train Loss: 260.3907, Train Node Loss: 0.8050, Train Reg Loss: 2.5959, Train MAPE: 18.0782, Train R: 0.9102, Train RRSE: 0.4181, Test Loss: 1687.2799, Test Node Loss: 0.4849, Test Reg Loss: 16.8680, Test MAPE: 21.7002, Test R: 0.8598, Test RRSE: 1.0087
2025-02-10 16:00:08,546:INFO:Epoch 245: Train Loss: 260.1238, Train Node Loss: 0.8220, Train Reg Loss: 2.5930, Train MAPE: 18.3203, Train R: 0.9090, Train RRSE: 0.4179, Test Loss: 1354.4017, Test Node Loss: 0.6162, Test Reg Loss: 13.5379, Test MAPE: 21.2264, Test R: 0.8603, Test RRSE: 0.9036
2025-02-10 16:00:23,145:INFO:Epoch 246: Train Loss: 264.8172, Train Node Loss: 1.0770, Train Reg Loss: 2.6374, Train MAPE: 19.0746, Train R: 0.9127, Train RRSE: 0.4214, Test Loss: 2519.7474, Test Node Loss: 0.4582, Test Reg Loss: 25.1929, Test MAPE: 23.7167, Test R: 0.8549, Test RRSE: 1.2327
2025-02-10 16:00:37,690:INFO:Epoch 247: Train Loss: 265.5493, Train Node Loss: 0.7357, Train Reg Loss: 2.6481, Train MAPE: 17.9994, Train R: 0.9114, Train RRSE: 0.4223, Test Loss: 2987.0979, Test Node Loss: 0.3762, Test Reg Loss: 29.8672, Test MAPE: 24.9156, Test R: 0.8516, Test RRSE: 1.3422
2025-02-10 16:00:52,493:INFO:Epoch 248: Train Loss: 268.7566, Train Node Loss: 0.9966, Train Reg Loss: 2.6776, Train MAPE: 18.5051, Train R: 0.9054, Train RRSE: 0.4246, Test Loss: 1516.1646, Test Node Loss: 0.6676, Test Reg Loss: 15.1550, Test MAPE: 21.1895, Test R: 0.8581, Test RRSE: 0.9561
2025-02-10 16:01:07,413:INFO:Epoch 249: Train Loss: 232.6075, Train Node Loss: 0.9489, Train Reg Loss: 2.3166, Train MAPE: 18.5443, Train R: 0.9192, Train RRSE: 0.3950, Test Loss: 2980.0816, Test Node Loss: 0.3436, Test Reg Loss: 29.7974, Test MAPE: 24.7215, Test R: 0.8481, Test RRSE: 1.3406
2025-02-10 16:01:21,999:INFO:Epoch 250: Train Loss: 280.0499, Train Node Loss: 0.8425, Train Reg Loss: 2.7921, Train MAPE: 18.3109, Train R: 0.9022, Train RRSE: 0.4336, Test Loss: 1113.4159, Test Node Loss: 0.7714, Test Reg Loss: 11.1264, Test MAPE: 20.8148, Test R: 0.8625, Test RRSE: 0.8192
2025-02-10 16:01:37,152:INFO:Epoch 251: Train Loss: 240.6823, Train Node Loss: 1.0151, Train Reg Loss: 2.3967, Train MAPE: 18.4156, Train R: 0.9163, Train RRSE: 0.4017, Test Loss: 2063.0448, Test Node Loss: 0.5721, Test Reg Loss: 20.6247, Test MAPE: 22.6780, Test R: 0.8550, Test RRSE: 1.1153
2025-02-10 16:01:52,320:INFO:Epoch 252: Train Loss: 239.6884, Train Node Loss: 0.9095, Train Reg Loss: 2.3878, Train MAPE: 18.4976, Train R: 0.9161, Train RRSE: 0.4010, Test Loss: 2468.4949, Test Node Loss: 0.5101, Test Reg Loss: 24.6798, Test MAPE: 23.8624, Test R: 0.8510, Test RRSE: 1.2201
2025-02-10 16:02:07,321:INFO:Epoch 253: Train Loss: 257.7511, Train Node Loss: 1.0013, Train Reg Loss: 2.5675, Train MAPE: 18.4077, Train R: 0.9099, Train RRSE: 0.4158, Test Loss: 2013.8671, Test Node Loss: 0.6782, Test Reg Loss: 20.1319, Test MAPE: 22.8096, Test R: 0.8526, Test RRSE: 1.1019
2025-02-10 16:02:22,419:INFO:Epoch 254: Train Loss: 239.6540, Train Node Loss: 1.2085, Train Reg Loss: 2.3845, Train MAPE: 18.7598, Train R: 0.9173, Train RRSE: 0.4007, Test Loss: 2319.1883, Test Node Loss: 0.6740, Test Reg Loss: 23.1851, Test MAPE: 23.2830, Test R: 0.8510, Test RRSE: 1.1825
2025-02-10 16:02:37,053:INFO:Epoch 255: Train Loss: 279.7285, Train Node Loss: 0.9775, Train Reg Loss: 2.7875, Train MAPE: 18.2316, Train R: 0.9024, Train RRSE: 0.4333, Test Loss: 1409.0281, Test Node Loss: 0.8010, Test Reg Loss: 14.0823, Test MAPE: 21.0107, Test R: 0.8556, Test RRSE: 0.9216
2025-02-10 16:02:52,251:INFO:Epoch 256: Train Loss: 301.3138, Train Node Loss: 1.0673, Train Reg Loss: 3.0025, Train MAPE: 17.8932, Train R: 0.8988, Train RRSE: 0.4497, Test Loss: 523.2815, Test Node Loss: 1.4577, Test Reg Loss: 5.2182, Test MAPE: 19.6111, Test R: 0.8590, Test RRSE: 0.5610
2025-02-10 16:03:07,761:INFO:Epoch 257: Train Loss: 305.8739, Train Node Loss: 1.4753, Train Reg Loss: 3.0440, Train MAPE: 19.4067, Train R: 0.9031, Train RRSE: 0.4528, Test Loss: 3018.2664, Test Node Loss: 0.3691, Test Reg Loss: 30.1790, Test MAPE: 24.8383, Test R: 0.8386, Test RRSE: 1.3492
2025-02-10 16:03:22,999:INFO:Epoch 258: Train Loss: 314.3106, Train Node Loss: 0.6315, Train Reg Loss: 3.1368, Train MAPE: 17.6317, Train R: 0.9003, Train RRSE: 0.4596, Test Loss: 669.6934, Test Node Loss: 0.8425, Test Reg Loss: 6.6885, Test MAPE: 19.6757, Test R: 0.8593, Test RRSE: 0.6351
2025-02-10 16:03:38,256:INFO:Epoch 259: Train Loss: 285.7898, Train Node Loss: 0.9828, Train Reg Loss: 2.8481, Train MAPE: 18.7909, Train R: 0.9051, Train RRSE: 0.4379, Test Loss: 682.1713, Test Node Loss: 0.7290, Test Reg Loss: 6.8144, Test MAPE: 19.6731, Test R: 0.8689, Test RRSE: 0.6411
2025-02-10 16:03:53,589:INFO:Epoch 260: Train Loss: 304.9516, Train Node Loss: 0.6999, Train Reg Loss: 3.0425, Train MAPE: 18.1264, Train R: 0.8926, Train RRSE: 0.4526, Test Loss: 1872.9595, Test Node Loss: 0.3303, Test Reg Loss: 18.7263, Test MAPE: 21.8142, Test R: 0.8602, Test RRSE: 1.0628
2025-02-10 16:04:08,745:INFO:Epoch 261: Train Loss: 243.3207, Train Node Loss: 0.7415, Train Reg Loss: 2.4258, Train MAPE: 18.6855, Train R: 0.9149, Train RRSE: 0.4042, Test Loss: 1446.8477, Test Node Loss: 0.4825, Test Reg Loss: 14.4637, Test MAPE: 20.7866, Test R: 0.8573, Test RRSE: 0.9340
2025-02-10 16:04:23,672:INFO:Epoch 262: Train Loss: 238.0023, Train Node Loss: 0.7627, Train Reg Loss: 2.3724, Train MAPE: 18.4648, Train R: 0.9181, Train RRSE: 0.3997, Test Loss: 2044.1702, Test Node Loss: 0.3872, Test Reg Loss: 20.4378, Test MAPE: 22.2013, Test R: 0.8570, Test RRSE: 1.1103
2025-02-10 16:04:38,802:INFO:Epoch 263: Train Loss: 227.7964, Train Node Loss: 0.7174, Train Reg Loss: 2.2708, Train MAPE: 18.1192, Train R: 0.9215, Train RRSE: 0.3910, Test Loss: 1972.7531, Test Node Loss: 0.4505, Test Reg Loss: 19.7230, Test MAPE: 22.4120, Test R: 0.8556, Test RRSE: 1.0907
2025-02-10 16:04:53,619:INFO:Epoch 264: Train Loss: 264.5185, Train Node Loss: 0.9265, Train Reg Loss: 2.6359, Train MAPE: 18.5039, Train R: 0.9070, Train RRSE: 0.4213, Test Loss: 2159.3185, Test Node Loss: 0.5185, Test Reg Loss: 21.5880, Test MAPE: 22.5755, Test R: 0.8519, Test RRSE: 1.1411
2025-02-10 16:05:08,792:INFO:Epoch 265: Train Loss: 245.6757, Train Node Loss: 0.8957, Train Reg Loss: 2.4478, Train MAPE: 18.1032, Train R: 0.9151, Train RRSE: 0.4060, Test Loss: 2133.4358, Test Node Loss: 0.5241, Test Reg Loss: 21.3291, Test MAPE: 22.6238, Test R: 0.8502, Test RRSE: 1.1342
2025-02-10 16:05:23,643:INFO:Epoch 266: Train Loss: 251.5309, Train Node Loss: 1.1405, Train Reg Loss: 2.5039, Train MAPE: 19.2596, Train R: 0.9169, Train RRSE: 0.4106, Test Loss: 2168.5654, Test Node Loss: 0.5810, Test Reg Loss: 21.6798, Test MAPE: 23.1088, Test R: 0.8565, Test RRSE: 1.1435
2025-02-10 16:05:38,447:INFO:Epoch 267: Train Loss: 279.4509, Train Node Loss: 0.9378, Train Reg Loss: 2.7851, Train MAPE: 18.1439, Train R: 0.9054, Train RRSE: 0.4331, Test Loss: 2359.0920, Test Node Loss: 0.5979, Test Reg Loss: 23.5849, Test MAPE: 23.2899, Test R: 0.8497, Test RRSE: 1.1927
2025-02-10 16:05:53,301:INFO:Epoch 268: Train Loss: 220.7066, Train Node Loss: 1.0194, Train Reg Loss: 2.1969, Train MAPE: 18.2084, Train R: 0.9237, Train RRSE: 0.3846, Test Loss: 1465.0446, Test Node Loss: 0.8261, Test Reg Loss: 14.6422, Test MAPE: 21.4276, Test R: 0.8567, Test RRSE: 0.9398
2025-02-10 16:06:08,333:INFO:Epoch 269: Train Loss: 225.6482, Train Node Loss: 1.3204, Train Reg Loss: 2.2433, Train MAPE: 18.8752, Train R: 0.9237, Train RRSE: 0.3887, Test Loss: 1648.7784, Test Node Loss: 0.7620, Test Reg Loss: 16.4802, Test MAPE: 21.5767, Test R: 0.8546, Test RRSE: 0.9970
2025-02-10 16:06:23,222:INFO:Epoch 270: Train Loss: 232.0629, Train Node Loss: 0.9924, Train Reg Loss: 2.3107, Train MAPE: 18.3167, Train R: 0.9201, Train RRSE: 0.3945, Test Loss: 1921.7055, Test Node Loss: 0.6844, Test Reg Loss: 19.2102, Test MAPE: 22.4452, Test R: 0.8504, Test RRSE: 1.0764
2025-02-10 16:06:38,098:INFO:Epoch 271: Train Loss: 297.5279, Train Node Loss: 1.0030, Train Reg Loss: 2.9652, Train MAPE: 17.8750, Train R: 0.8972, Train RRSE: 0.4469, Test Loss: 1608.7427, Test Node Loss: 0.8710, Test Reg Loss: 16.0787, Test MAPE: 21.5646, Test R: 0.8504, Test RRSE: 0.9848
2025-02-10 16:06:52,927:INFO:Epoch 272: Train Loss: 244.9600, Train Node Loss: 1.4910, Train Reg Loss: 2.4347, Train MAPE: 19.2568, Train R: 0.9215, Train RRSE: 0.4049, Test Loss: 2887.9692, Test Node Loss: 0.5635, Test Reg Loss: 28.8741, Test MAPE: 24.6134, Test R: 0.8372, Test RRSE: 1.3197
2025-02-10 16:07:07,835:INFO:Epoch 273: Train Loss: 275.5629, Train Node Loss: 1.0197, Train Reg Loss: 2.7454, Train MAPE: 17.9498, Train R: 0.9049, Train RRSE: 0.4300, Test Loss: 1199.8613, Test Node Loss: 0.9739, Test Reg Loss: 11.9889, Test MAPE: 20.6314, Test R: 0.8566, Test RRSE: 0.8504
2025-02-10 16:07:22,751:INFO:Epoch 274: Train Loss: 333.1407, Train Node Loss: 1.3374, Train Reg Loss: 3.3180, Train MAPE: 18.5022, Train R: 0.8825, Train RRSE: 0.4727, Test Loss: 2835.6069, Test Node Loss: 0.4782, Test Reg Loss: 28.3513, Test MAPE: 24.1866, Test R: 0.8462, Test RRSE: 1.3077
2025-02-10 16:07:37,627:INFO:Epoch 275: Train Loss: 240.3975, Train Node Loss: 0.9348, Train Reg Loss: 2.3946, Train MAPE: 18.0785, Train R: 0.9205, Train RRSE: 0.4016, Test Loss: 1430.3378, Test Node Loss: 0.8572, Test Reg Loss: 14.2948, Test MAPE: 21.2649, Test R: 0.8527, Test RRSE: 0.9285
2025-02-10 16:07:52,683:INFO:Epoch 276: Train Loss: 240.7865, Train Node Loss: 1.1792, Train Reg Loss: 2.3961, Train MAPE: 18.6196, Train R: 0.9184, Train RRSE: 0.4017, Test Loss: 1985.7167, Test Node Loss: 0.6671, Test Reg Loss: 19.8505, Test MAPE: 22.3963, Test R: 0.8534, Test RRSE: 1.0942
2025-02-10 16:08:07,755:INFO:Epoch 277: Train Loss: 253.9003, Train Node Loss: 1.0892, Train Reg Loss: 2.5281, Train MAPE: 18.1219, Train R: 0.9120, Train RRSE: 0.4126, Test Loss: 1369.4742, Test Node Loss: 0.9249, Test Reg Loss: 13.6855, Test MAPE: 21.2535, Test R: 0.8551, Test RRSE: 0.9085
2025-02-10 16:08:22,989:INFO:Epoch 278: Train Loss: 238.7219, Train Node Loss: 1.2898, Train Reg Loss: 2.3743, Train MAPE: 18.6445, Train R: 0.9166, Train RRSE: 0.3999, Test Loss: 1586.9758, Test Node Loss: 0.8786, Test Reg Loss: 15.8610, Test MAPE: 21.7367, Test R: 0.8538, Test RRSE: 0.9781
2025-02-10 16:08:37,783:INFO:Epoch 279: Train Loss: 280.6028, Train Node Loss: 1.1629, Train Reg Loss: 2.7944, Train MAPE: 18.0176, Train R: 0.9014, Train RRSE: 0.4338, Test Loss: 1463.7015, Test Node Loss: 0.8789, Test Reg Loss: 14.6282, Test MAPE: 20.7245, Test R: 0.8516, Test RRSE: 0.9393
2025-02-10 16:08:52,688:INFO:Epoch 280: Train Loss: 264.0069, Train Node Loss: 1.2878, Train Reg Loss: 2.6272, Train MAPE: 18.5301, Train R: 0.9073, Train RRSE: 0.4206, Test Loss: 2344.8655, Test Node Loss: 0.6984, Test Reg Loss: 23.4417, Test MAPE: 23.1234, Test R: 0.8501, Test RRSE: 1.1891
2025-02-10 16:09:07,767:INFO:Epoch 281: Train Loss: 277.9488, Train Node Loss: 1.2424, Train Reg Loss: 2.7671, Train MAPE: 18.2971, Train R: 0.9036, Train RRSE: 0.4317, Test Loss: 872.4936, Test Node Loss: 1.2810, Test Reg Loss: 8.7121, Test MAPE: 20.0116, Test R: 0.8543, Test RRSE: 0.7249
2025-02-10 16:09:22,563:INFO:Epoch 282: Train Loss: 294.6153, Train Node Loss: 1.5002, Train Reg Loss: 2.9312, Train MAPE: 18.6731, Train R: 0.8994, Train RRSE: 0.4443, Test Loss: 2070.1464, Test Node Loss: 0.6489, Test Reg Loss: 20.6950, Test MAPE: 21.7983, Test R: 0.8479, Test RRSE: 1.1172
2025-02-10 16:09:37,705:INFO:Epoch 283: Train Loss: 273.0330, Train Node Loss: 1.1318, Train Reg Loss: 2.7190, Train MAPE: 17.7422, Train R: 0.9059, Train RRSE: 0.4279, Test Loss: 1464.0182, Test Node Loss: 0.9668, Test Reg Loss: 14.6305, Test MAPE: 21.3461, Test R: 0.8499, Test RRSE: 0.9394
2025-02-10 16:09:52,457:INFO:Epoch 284: Train Loss: 222.6234, Train Node Loss: 1.5017, Train Reg Loss: 2.2112, Train MAPE: 18.6935, Train R: 0.9226, Train RRSE: 0.3859, Test Loss: 1744.3770, Test Node Loss: 0.9419, Test Reg Loss: 17.4344, Test MAPE: 21.9093, Test R: 0.8444, Test RRSE: 1.0254
2025-02-10 16:10:07,713:INFO:Epoch 285: Train Loss: 226.2349, Train Node Loss: 1.6844, Train Reg Loss: 2.2455, Train MAPE: 19.0531, Train R: 0.9236, Train RRSE: 0.3889, Test Loss: 2271.8876, Test Node Loss: 0.7981, Test Reg Loss: 22.7109, Test MAPE: 22.8691, Test R: 0.8396, Test RRSE: 1.1704
2025-02-10 16:10:22,577:INFO:Epoch 286: Train Loss: 231.9361, Train Node Loss: 1.2204, Train Reg Loss: 2.3072, Train MAPE: 17.7891, Train R: 0.9263, Train RRSE: 0.3942, Test Loss: 754.9420, Test Node Loss: 1.8321, Test Reg Loss: 7.5311, Test MAPE: 20.4426, Test R: 0.8566, Test RRSE: 0.6740
2025-02-10 16:10:37,722:INFO:Epoch 287: Train Loss: 243.2055, Train Node Loss: 1.7827, Train Reg Loss: 2.4142, Train MAPE: 19.1947, Train R: 0.9192, Train RRSE: 0.4032, Test Loss: 1575.4386, Test Node Loss: 0.7465, Test Reg Loss: 15.7469, Test MAPE: 21.1978, Test R: 0.8511, Test RRSE: 0.9746
2025-02-10 16:10:52,560:INFO:Epoch 288: Train Loss: 242.9211, Train Node Loss: 0.9908, Train Reg Loss: 2.4193, Train MAPE: 17.8398, Train R: 0.9179, Train RRSE: 0.4036, Test Loss: 1414.2789, Test Node Loss: 0.7471, Test Reg Loss: 14.1353, Test MAPE: 21.2232, Test R: 0.8527, Test RRSE: 0.9233
2025-02-10 16:11:07,696:INFO:Epoch 289: Train Loss: 221.3134, Train Node Loss: 1.1309, Train Reg Loss: 2.2018, Train MAPE: 18.6097, Train R: 0.9235, Train RRSE: 0.3851, Test Loss: 1899.6778, Test Node Loss: 0.7461, Test Reg Loss: 18.9893, Test MAPE: 22.2632, Test R: 0.8460, Test RRSE: 1.0702
2025-02-10 16:11:22,557:INFO:Epoch 290: Train Loss: 224.3044, Train Node Loss: 1.3447, Train Reg Loss: 2.2296, Train MAPE: 18.6364, Train R: 0.9233, Train RRSE: 0.3875, Test Loss: 2385.2801, Test Node Loss: 0.7324, Test Reg Loss: 23.8455, Test MAPE: 23.2843, Test R: 0.8419, Test RRSE: 1.1993
2025-02-10 16:11:37,693:INFO:Epoch 291: Train Loss: 225.3637, Train Node Loss: 1.2660, Train Reg Loss: 2.2410, Train MAPE: 18.1388, Train R: 0.9222, Train RRSE: 0.3885, Test Loss: 1611.2837, Test Node Loss: 1.0754, Test Reg Loss: 16.1021, Test MAPE: 21.8720, Test R: 0.8491, Test RRSE: 0.9855
2025-02-10 16:11:52,674:INFO:Epoch 292: Train Loss: 240.4724, Train Node Loss: 1.2737, Train Reg Loss: 2.3920, Train MAPE: 18.4524, Train R: 0.9166, Train RRSE: 0.4013, Test Loss: 1830.1065, Test Node Loss: 0.9532, Test Reg Loss: 18.2915, Test MAPE: 22.1129, Test R: 0.8472, Test RRSE: 1.0504
2025-02-10 16:12:07,498:INFO:Epoch 293: Train Loss: 224.2143, Train Node Loss: 1.3570, Train Reg Loss: 2.2286, Train MAPE: 18.5525, Train R: 0.9233, Train RRSE: 0.3874, Test Loss: 1451.6105, Test Node Loss: 1.1288, Test Reg Loss: 14.5048, Test MAPE: 21.3948, Test R: 0.8491, Test RRSE: 0.9353
2025-02-10 16:12:22,563:INFO:Epoch 294: Train Loss: 233.2778, Train Node Loss: 1.3301, Train Reg Loss: 2.3195, Train MAPE: 18.4391, Train R: 0.9205, Train RRSE: 0.3952, Test Loss: 2344.4061, Test Node Loss: 0.7702, Test Reg Loss: 23.4364, Test MAPE: 23.3255, Test R: 0.8419, Test RRSE: 1.1889
2025-02-10 16:12:37,569:INFO:Epoch 295: Train Loss: 220.9167, Train Node Loss: 1.3470, Train Reg Loss: 2.1957, Train MAPE: 18.6962, Train R: 0.9237, Train RRSE: 0.3845, Test Loss: 1719.4609, Test Node Loss: 0.8882, Test Reg Loss: 17.1857, Test MAPE: 21.8176, Test R: 0.8463, Test RRSE: 1.0181
2025-02-10 16:12:52,541:INFO:Epoch 296: Train Loss: 207.3081, Train Node Loss: 1.4609, Train Reg Loss: 2.0585, Train MAPE: 18.4898, Train R: 0.9300, Train RRSE: 0.3723, Test Loss: 2575.4033, Test Node Loss: 0.7678, Test Reg Loss: 25.7464, Test MAPE: 23.4698, Test R: 0.8422, Test RRSE: 1.2461
2025-02-10 16:13:07,040:INFO:Epoch 297: Train Loss: 231.0080, Train Node Loss: 1.4861, Train Reg Loss: 2.2952, Train MAPE: 18.3912, Train R: 0.9198, Train RRSE: 0.3931, Test Loss: 2471.0985, Test Node Loss: 0.8296, Test Reg Loss: 24.7027, Test MAPE: 23.8242, Test R: 0.8455, Test RRSE: 1.2206
2025-02-10 16:13:21,594:INFO:Epoch 298: Train Loss: 232.6986, Train Node Loss: 1.4441, Train Reg Loss: 2.3125, Train MAPE: 18.5858, Train R: 0.9189, Train RRSE: 0.3946, Test Loss: 2543.9156, Test Node Loss: 0.7288, Test Reg Loss: 25.4319, Test MAPE: 23.1405, Test R: 0.8358, Test RRSE: 1.2385
2025-02-10 16:13:36,077:INFO:Epoch 299: Train Loss: 257.8700, Train Node Loss: 1.3705, Train Reg Loss: 2.5650, Train MAPE: 17.9602, Train R: 0.9159, Train RRSE: 0.4156, Test Loss: 1006.1164, Test Node Loss: 1.9096, Test Reg Loss: 10.0421, Test MAPE: 20.8961, Test R: 0.8497, Test RRSE: 0.7783
2025-02-10 16:13:50,635:INFO:Epoch 300: Train Loss: 237.0931, Train Node Loss: 2.0231, Train Reg Loss: 2.3507, Train MAPE: 19.1293, Train R: 0.9240, Train RRSE: 0.3979, Test Loss: 3372.1264, Test Node Loss: 0.5122, Test Reg Loss: 33.7161, Test MAPE: 25.0040, Test R: 0.8227, Test RRSE: 1.4260
2025-02-10 16:13:50,635:INFO:Best performance at epoch 169 with Test MAPE: 0.8733
