2025-02-10 14:55:32,886:INFO:Learning rate: 0.001
2025-02-10 14:55:32,887:INFO:Weight decay: 0.001
2025-02-10 14:55:32,887:INFO:Batch size: 32
2025-02-10 14:55:32,887:INFO:Number of layers: 3
2025-02-10 14:55:32,887:INFO:Convolution type: SAGE
2025-02-10 14:55:32,887:INFO:Convolution neurons: 256
2025-02-10 15:00:11,432:INFO:Learning rate: 0.001
2025-02-10 15:00:11,433:INFO:Weight decay: 0.001
2025-02-10 15:00:11,433:INFO:Batch size: 32
2025-02-10 15:00:11,433:INFO:Number of layers: 3
2025-02-10 15:00:11,433:INFO:Convolution type: SAGE
2025-02-10 15:00:11,433:INFO:Convolution neurons: 256
2025-02-10 15:00:32,273:INFO:Epoch 1: Train Loss: 40662.8577, Train Node Loss: 2.4949, Train Reg Loss: 406.6036, Train MAPE: 92.1354, Train R: 0.0235, Train RRSE: 5.2327, Test Loss: 35734.1725, Test Node Loss: 20.8035, Test Reg Loss: 357.1337, Test MAPE: 83.8102, Test R: 0.8072, Test RRSE: 4.6411
2025-02-10 15:00:32,374:INFO:Checkpoint saved at best_0.001_0.001_256_SAGE_3_32_0.8072_epoch_1.pth
2025-02-10 15:00:51,584:INFO:Epoch 2: Train Loss: 13698.9885, Train Node Loss: 696.2277, Train Reg Loss: 130.0276, Train MAPE: 46.1815, Train R: 0.2372, Train RRSE: 2.9591, Test Loss: 59876.7340, Test Node Loss: 6938.0840, Test Reg Loss: 529.3865, Test MAPE: 110.5816, Test R: 0.8290, Test RRSE: 5.6506
2025-02-10 15:00:51,602:INFO:Checkpoint saved at best_0.001_0.001_256_SAGE_3_32_0.8290_epoch_2.pth
2025-02-10 15:01:11,483:INFO:Epoch 3: Train Loss: 5640.8985, Train Node Loss: 1586.3311, Train Reg Loss: 40.5457, Train MAPE: 26.5083, Train R: -0.0005, Train RRSE: 1.6524, Test Loss: 3837.1237, Test Node Loss: 491.4725, Test Reg Loss: 33.4565, Test MAPE: 19.0841, Test R: 0.8519, Test RRSE: 1.4205
2025-02-10 15:01:11,502:INFO:Checkpoint saved at best_0.001_0.001_256_SAGE_3_32_0.8519_epoch_3.pth
2025-02-10 15:01:30,301:INFO:Epoch 4: Train Loss: 3196.4305, Train Node Loss: 351.3988, Train Reg Loss: 28.4503, Train MAPE: 17.6297, Train R: 0.3479, Train RRSE: 1.3841, Test Loss: 2067.1275, Test Node Loss: 374.8952, Test Reg Loss: 16.9223, Test MAPE: 13.9387, Test R: 0.8569, Test RRSE: 1.0103
2025-02-10 15:01:30,337:INFO:Checkpoint saved at best_0.001_0.001_256_SAGE_3_32_0.8569_epoch_4.pth
2025-02-10 15:01:49,376:INFO:Epoch 5: Train Loss: 1659.3014, Train Node Loss: 409.3556, Train Reg Loss: 12.4995, Train MAPE: 15.1101, Train R: 0.4135, Train RRSE: 0.9175, Test Loss: 1664.1700, Test Node Loss: 402.8901, Test Reg Loss: 12.6128, Test MAPE: 15.6404, Test R: 0.8589, Test RRSE: 0.8722
2025-02-10 15:01:49,407:INFO:Checkpoint saved at best_0.001_0.001_256_SAGE_3_32_0.8589_epoch_5.pth
2025-02-10 15:02:08,307:INFO:Epoch 6: Train Loss: 1447.9454, Train Node Loss: 332.2270, Train Reg Loss: 11.1572, Train MAPE: 14.5049, Train R: 0.6139, Train RRSE: 0.8668, Test Loss: 1990.9354, Test Node Loss: 208.5098, Test Reg Loss: 17.8243, Test MAPE: 14.3737, Test R: 0.8574, Test RRSE: 1.0368
2025-02-10 15:02:27,377:INFO:Epoch 7: Train Loss: 1470.7796, Train Node Loss: 218.8879, Train Reg Loss: 12.5189, Train MAPE: 13.6158, Train R: 0.5754, Train RRSE: 0.9182, Test Loss: 1400.5662, Test Node Loss: 240.7756, Test Reg Loss: 11.5979, Test MAPE: 13.9676, Test R: 0.8520, Test RRSE: 0.8364
2025-02-10 15:02:46,257:INFO:Epoch 8: Train Loss: 1279.0809, Train Node Loss: 238.1368, Train Reg Loss: 10.4094, Train MAPE: 14.9670, Train R: 0.7262, Train RRSE: 0.8372, Test Loss: 1531.2453, Test Node Loss: 174.9338, Test Reg Loss: 13.5631, Test MAPE: 13.8849, Test R: 0.8451, Test RRSE: 0.9045
2025-02-10 15:03:05,344:INFO:Epoch 9: Train Loss: 1161.5206, Train Node Loss: 189.3789, Train Reg Loss: 9.7214, Train MAPE: 14.3313, Train R: 0.7173, Train RRSE: 0.8091, Test Loss: 1443.3314, Test Node Loss: 160.9206, Test Reg Loss: 12.8241, Test MAPE: 14.0995, Test R: 0.8341, Test RRSE: 0.8795
2025-02-10 15:03:24,285:INFO:Epoch 10: Train Loss: 1048.3896, Train Node Loss: 171.3489, Train Reg Loss: 8.7704, Train MAPE: 14.6171, Train R: 0.7277, Train RRSE: 0.7685, Test Loss: 1714.9145, Test Node Loss: 132.9752, Test Reg Loss: 15.8194, Test MAPE: 15.3356, Test R: 0.8182, Test RRSE: 0.9768
2025-02-10 15:03:43,266:INFO:Epoch 11: Train Loss: 957.9420, Train Node Loss: 180.0565, Train Reg Loss: 7.7789, Train MAPE: 16.1147, Train R: 0.7154, Train RRSE: 0.7238, Test Loss: 2735.9545, Test Node Loss: 96.4940, Test Reg Loss: 26.3946, Test MAPE: 19.5099, Test R: 0.8010, Test RRSE: 1.2617
2025-02-10 15:04:01,739:INFO:Epoch 12: Train Loss: 947.7978, Train Node Loss: 144.6334, Train Reg Loss: 8.0316, Train MAPE: 15.9631, Train R: 0.7043, Train RRSE: 0.7354, Test Loss: 1082.3875, Test Node Loss: 155.3405, Test Reg Loss: 9.2705, Test MAPE: 15.8640, Test R: 0.8003, Test RRSE: 0.7478
2025-02-10 15:04:20,936:INFO:Epoch 13: Train Loss: 860.2632, Train Node Loss: 168.6403, Train Reg Loss: 6.9162, Train MAPE: 16.9204, Train R: 0.7402, Train RRSE: 0.6825, Test Loss: 1612.3730, Test Node Loss: 113.5008, Test Reg Loss: 14.9887, Test MAPE: 17.2572, Test R: 0.8003, Test RRSE: 0.9508
2025-02-10 15:04:39,249:INFO:Epoch 14: Train Loss: 790.0609, Train Node Loss: 146.2759, Train Reg Loss: 6.4378, Train MAPE: 16.7260, Train R: 0.7575, Train RRSE: 0.6584, Test Loss: 1357.2772, Test Node Loss: 119.0458, Test Reg Loss: 12.3823, Test MAPE: 16.9449, Test R: 0.8087, Test RRSE: 0.8642
2025-02-10 15:04:58,124:INFO:Epoch 15: Train Loss: 801.8008, Train Node Loss: 121.9410, Train Reg Loss: 6.7986, Train MAPE: 16.1976, Train R: 0.7560, Train RRSE: 0.6766, Test Loss: 1070.7624, Test Node Loss: 121.0788, Test Reg Loss: 9.4968, Test MAPE: 16.3329, Test R: 0.8182, Test RRSE: 0.7568
2025-02-10 15:05:16,920:INFO:Epoch 16: Train Loss: 708.5066, Train Node Loss: 131.8989, Train Reg Loss: 5.7661, Train MAPE: 17.0364, Train R: 0.7904, Train RRSE: 0.6231, Test Loss: 1901.9048, Test Node Loss: 89.0723, Test Reg Loss: 18.1283, Test MAPE: 18.5244, Test R: 0.8194, Test RRSE: 1.0457
2025-02-10 15:05:35,803:INFO:Epoch 17: Train Loss: 753.6687, Train Node Loss: 119.4770, Train Reg Loss: 6.3419, Train MAPE: 16.9843, Train R: 0.7594, Train RRSE: 0.6535, Test Loss: 2278.6524, Test Node Loss: 73.9041, Test Reg Loss: 22.0475, Test MAPE: 19.8114, Test R: 0.8236, Test RRSE: 1.1532
2025-02-10 15:05:54,804:INFO:Epoch 18: Train Loss: 759.2162, Train Node Loss: 107.7837, Train Reg Loss: 6.5143, Train MAPE: 17.0067, Train R: 0.7515, Train RRSE: 0.6623, Test Loss: 1560.0325, Test Node Loss: 80.0889, Test Reg Loss: 14.7994, Test MAPE: 17.5941, Test R: 0.8308, Test RRSE: 0.9448
2025-02-10 15:06:13,489:INFO:Epoch 19: Train Loss: 677.9752, Train Node Loss: 88.4405, Train Reg Loss: 5.8953, Train MAPE: 16.8299, Train R: 0.7861, Train RRSE: 0.6301, Test Loss: 894.7276, Test Node Loss: 86.6551, Test Reg Loss: 8.0807, Test MAPE: 16.4755, Test R: 0.8374, Test RRSE: 0.6981
2025-02-10 15:06:32,756:INFO:Epoch 20: Train Loss: 681.7613, Train Node Loss: 92.6283, Train Reg Loss: 5.8913, Train MAPE: 16.8058, Train R: 0.7913, Train RRSE: 0.6299, Test Loss: 657.4952, Test Node Loss: 91.0833, Test Reg Loss: 5.6641, Test MAPE: 16.4688, Test R: 0.8425, Test RRSE: 0.5845
2025-02-10 15:06:51,712:INFO:Epoch 21: Train Loss: 657.6765, Train Node Loss: 71.8054, Train Reg Loss: 5.8587, Train MAPE: 16.3423, Train R: 0.8002, Train RRSE: 0.6281, Test Loss: 716.9797, Test Node Loss: 79.2637, Test Reg Loss: 6.3772, Test MAPE: 16.6092, Test R: 0.8423, Test RRSE: 0.6202
2025-02-10 15:07:10,421:INFO:Epoch 22: Train Loss: 617.0409, Train Node Loss: 84.3088, Train Reg Loss: 5.3273, Train MAPE: 17.1201, Train R: 0.8086, Train RRSE: 0.5990, Test Loss: 1088.3814, Test Node Loss: 67.6212, Test Reg Loss: 10.2076, Test MAPE: 17.0626, Test R: 0.8408, Test RRSE: 0.7846
2025-02-10 15:07:29,100:INFO:Epoch 23: Train Loss: 583.6058, Train Node Loss: 70.1096, Train Reg Loss: 5.1350, Train MAPE: 17.1155, Train R: 0.8151, Train RRSE: 0.5880, Test Loss: 1127.0242, Test Node Loss: 60.9772, Test Reg Loss: 10.6605, Test MAPE: 17.0748, Test R: 0.8434, Test RRSE: 0.8019
2025-02-10 15:07:47,860:INFO:Epoch 24: Train Loss: 619.1090, Train Node Loss: 74.8782, Train Reg Loss: 5.4423, Train MAPE: 17.5444, Train R: 0.8028, Train RRSE: 0.6054, Test Loss: 1191.7073, Test Node Loss: 53.2811, Test Reg Loss: 11.3843, Test MAPE: 17.5148, Test R: 0.8455, Test RRSE: 0.8286
2025-02-10 15:08:06,767:INFO:Epoch 25: Train Loss: 610.6696, Train Node Loss: 51.8556, Train Reg Loss: 5.5881, Train MAPE: 16.5508, Train R: 0.8146, Train RRSE: 0.6134, Test Loss: 645.6676, Test Node Loss: 60.5065, Test Reg Loss: 5.8516, Test MAPE: 16.6928, Test R: 0.8519, Test RRSE: 0.5941
2025-02-10 15:08:25,761:INFO:Epoch 26: Train Loss: 652.5624, Train Node Loss: 62.8797, Train Reg Loss: 5.8968, Train MAPE: 17.4768, Train R: 0.7873, Train RRSE: 0.6302, Test Loss: 1200.9012, Test Node Loss: 40.2158, Test Reg Loss: 11.6069, Test MAPE: 17.5179, Test R: 0.8487, Test RRSE: 0.8367
2025-02-10 15:08:44,587:INFO:Epoch 27: Train Loss: 549.2156, Train Node Loss: 47.6554, Train Reg Loss: 5.0156, Train MAPE: 17.0018, Train R: 0.8225, Train RRSE: 0.5812, Test Loss: 601.7256, Test Node Loss: 57.3682, Test Reg Loss: 5.4436, Test MAPE: 17.2215, Test R: 0.8460, Test RRSE: 0.5730
2025-02-10 15:09:04,036:INFO:Epoch 28: Train Loss: 632.4615, Train Node Loss: 57.2338, Train Reg Loss: 5.7523, Train MAPE: 17.9438, Train R: 0.7966, Train RRSE: 0.6224, Test Loss: 1708.4974, Test Node Loss: 27.3727, Test Reg Loss: 16.8112, Test MAPE: 18.8094, Test R: 0.8453, Test RRSE: 1.0070
2025-02-10 15:09:22,903:INFO:Epoch 29: Train Loss: 711.0366, Train Node Loss: 33.3237, Train Reg Loss: 6.7771, Train MAPE: 16.7919, Train R: 0.7691, Train RRSE: 0.6756, Test Loss: 542.9025, Test Node Loss: 51.1922, Test Reg Loss: 4.9171, Test MAPE: 17.5736, Test R: 0.8521, Test RRSE: 0.5446
2025-02-10 15:09:41,423:INFO:Epoch 30: Train Loss: 542.2171, Train Node Loss: 42.0495, Train Reg Loss: 5.0017, Train MAPE: 17.5456, Train R: 0.8218, Train RRSE: 0.5804, Test Loss: 1329.1048, Test Node Loss: 26.6926, Test Reg Loss: 13.0241, Test MAPE: 17.7961, Test R: 0.8477, Test RRSE: 0.8863
2025-02-10 15:10:00,164:INFO:Epoch 31: Train Loss: 513.7476, Train Node Loss: 33.6808, Train Reg Loss: 4.8007, Train MAPE: 17.1031, Train R: 0.8271, Train RRSE: 0.5686, Test Loss: 835.2735, Test Node Loss: 32.3480, Test Reg Loss: 8.0293, Test MAPE: 17.0927, Test R: 0.8490, Test RRSE: 0.6959
2025-02-10 15:10:18,762:INFO:Epoch 32: Train Loss: 507.4012, Train Node Loss: 33.2772, Train Reg Loss: 4.7412, Train MAPE: 17.3799, Train R: 0.8274, Train RRSE: 0.5650, Test Loss: 1413.8516, Test Node Loss: 23.3743, Test Reg Loss: 13.9048, Test MAPE: 18.3647, Test R: 0.8442, Test RRSE: 0.9158
2025-02-10 15:10:37,552:INFO:Epoch 33: Train Loss: 485.4358, Train Node Loss: 31.4422, Train Reg Loss: 4.5399, Train MAPE: 17.5920, Train R: 0.8348, Train RRSE: 0.5529, Test Loss: 524.9004, Test Node Loss: 33.2529, Test Reg Loss: 4.9165, Test MAPE: 17.5251, Test R: 0.8502, Test RRSE: 0.5445
2025-02-10 15:10:56,420:INFO:Epoch 34: Train Loss: 482.3318, Train Node Loss: 26.2482, Train Reg Loss: 4.5608, Train MAPE: 17.3716, Train R: 0.8359, Train RRSE: 0.5542, Test Loss: 682.7201, Test Node Loss: 23.4428, Test Reg Loss: 6.5928, Test MAPE: 17.1081, Test R: 0.8489, Test RRSE: 0.6306
2025-02-10 15:11:15,348:INFO:Epoch 35: Train Loss: 475.4124, Train Node Loss: 25.7988, Train Reg Loss: 4.4961, Train MAPE: 17.3740, Train R: 0.8421, Train RRSE: 0.5502, Test Loss: 559.3159, Test Node Loss: 26.3255, Test Reg Loss: 5.3299, Test MAPE: 17.1387, Test R: 0.8512, Test RRSE: 0.5670
2025-02-10 15:11:34,109:INFO:Epoch 36: Train Loss: 484.9556, Train Node Loss: 22.3040, Train Reg Loss: 4.6265, Train MAPE: 17.3054, Train R: 0.8356, Train RRSE: 0.5582, Test Loss: 1390.2992, Test Node Loss: 17.4165, Test Reg Loss: 13.7288, Test MAPE: 18.7018, Test R: 0.8448, Test RRSE: 0.9100
2025-02-10 15:11:53,246:INFO:Epoch 37: Train Loss: 432.4136, Train Node Loss: 23.4262, Train Reg Loss: 4.0899, Train MAPE: 17.5825, Train R: 0.8522, Train RRSE: 0.5248, Test Loss: 544.1704, Test Node Loss: 25.6202, Test Reg Loss: 5.1855, Test MAPE: 17.2320, Test R: 0.8505, Test RRSE: 0.5592
2025-02-10 15:12:11,955:INFO:Epoch 38: Train Loss: 473.2571, Train Node Loss: 23.7770, Train Reg Loss: 4.4948, Train MAPE: 18.1258, Train R: 0.8378, Train RRSE: 0.5502, Test Loss: 1441.4181, Test Node Loss: 14.1806, Test Reg Loss: 14.2724, Test MAPE: 18.8478, Test R: 0.8448, Test RRSE: 0.9278
2025-02-10 15:12:30,007:INFO:Epoch 39: Train Loss: 453.9852, Train Node Loss: 18.2154, Train Reg Loss: 4.3577, Train MAPE: 17.1658, Train R: 0.8457, Train RRSE: 0.5417, Test Loss: 612.8064, Test Node Loss: 18.8555, Test Reg Loss: 5.9395, Test MAPE: 17.0458, Test R: 0.8525, Test RRSE: 0.5985
2025-02-10 15:12:48,433:INFO:Epoch 40: Train Loss: 436.2802, Train Node Loss: 19.2367, Train Reg Loss: 4.1704, Train MAPE: 17.3823, Train R: 0.8509, Train RRSE: 0.5299, Test Loss: 1213.1512, Test Node Loss: 13.7350, Test Reg Loss: 11.9942, Test MAPE: 18.1686, Test R: 0.8462, Test RRSE: 0.8505
2025-02-10 15:13:07,447:INFO:Epoch 41: Train Loss: 436.8926, Train Node Loss: 17.9401, Train Reg Loss: 4.1895, Train MAPE: 17.7925, Train R: 0.8478, Train RRSE: 0.5312, Test Loss: 670.7012, Test Node Loss: 17.2196, Test Reg Loss: 6.5348, Test MAPE: 17.6475, Test R: 0.8498, Test RRSE: 0.6278
2025-02-10 15:13:26,053:INFO:Epoch 42: Train Loss: 460.3516, Train Node Loss: 16.9860, Train Reg Loss: 4.4337, Train MAPE: 17.7036, Train R: 0.8389, Train RRSE: 0.5464, Test Loss: 678.6878, Test Node Loss: 13.6934, Test Reg Loss: 6.6499, Test MAPE: 17.1337, Test R: 0.8536, Test RRSE: 0.6333
2025-02-10 15:13:44,590:INFO:Epoch 43: Train Loss: 438.2208, Train Node Loss: 12.7432, Train Reg Loss: 4.2548, Train MAPE: 16.9628, Train R: 0.8546, Train RRSE: 0.5353, Test Loss: 483.0311, Test Node Loss: 15.3635, Test Reg Loss: 4.6767, Test MAPE: 17.4555, Test R: 0.8562, Test RRSE: 0.5311
2025-02-10 15:14:03,477:INFO:Epoch 44: Train Loss: 481.8481, Train Node Loss: 13.2734, Train Reg Loss: 4.6857, Train MAPE: 17.2201, Train R: 0.8305, Train RRSE: 0.5617, Test Loss: 480.9093, Test Node Loss: 14.9865, Test Reg Loss: 4.6592, Test MAPE: 17.6454, Test R: 0.8557, Test RRSE: 0.5301
2025-02-10 15:14:22,291:INFO:Epoch 45: Train Loss: 426.2476, Train Node Loss: 14.5484, Train Reg Loss: 4.1170, Train MAPE: 17.8477, Train R: 0.8577, Train RRSE: 0.5265, Test Loss: 1258.9902, Test Node Loss: 8.9556, Test Reg Loss: 12.5003, Test MAPE: 18.6341, Test R: 0.8506, Test RRSE: 0.8683
2025-02-10 15:14:41,167:INFO:Epoch 46: Train Loss: 441.1039, Train Node Loss: 10.7398, Train Reg Loss: 4.3036, Train MAPE: 17.5726, Train R: 0.8480, Train RRSE: 0.5383, Test Loss: 491.7449, Test Node Loss: 14.1017, Test Reg Loss: 4.7764, Test MAPE: 18.3463, Test R: 0.8558, Test RRSE: 0.5367
2025-02-10 15:14:59,504:INFO:Epoch 47: Train Loss: 431.7765, Train Node Loss: 11.8153, Train Reg Loss: 4.1996, Train MAPE: 17.5435, Train R: 0.8579, Train RRSE: 0.5318, Test Loss: 997.5817, Test Node Loss: 8.3825, Test Reg Loss: 9.8920, Test MAPE: 17.8643, Test R: 0.8547, Test RRSE: 0.7724
2025-02-10 15:15:18,338:INFO:Epoch 48: Train Loss: 506.2534, Train Node Loss: 10.6793, Train Reg Loss: 4.9557, Train MAPE: 17.4416, Train R: 0.8169, Train RRSE: 0.5777, Test Loss: 1488.4148, Test Node Loss: 7.2442, Test Reg Loss: 14.8117, Test MAPE: 19.2993, Test R: 0.8518, Test RRSE: 0.9452
2025-02-10 15:15:37,299:INFO:Epoch 49: Train Loss: 455.0028, Train Node Loss: 11.2892, Train Reg Loss: 4.4371, Train MAPE: 17.6373, Train R: 0.8382, Train RRSE: 0.5466, Test Loss: 1276.4344, Test Node Loss: 7.6969, Test Reg Loss: 12.6874, Test MAPE: 18.5484, Test R: 0.8512, Test RRSE: 0.8748
2025-02-10 15:15:55,963:INFO:Epoch 50: Train Loss: 431.4691, Train Node Loss: 10.1857, Train Reg Loss: 4.2128, Train MAPE: 17.8479, Train R: 0.8468, Train RRSE: 0.5326, Test Loss: 867.6565, Test Node Loss: 8.0983, Test Reg Loss: 8.5956, Test MAPE: 17.6822, Test R: 0.8540, Test RRSE: 0.7200
2025-02-10 15:16:14,370:INFO:Epoch 51: Train Loss: 440.8440, Train Node Loss: 8.6715, Train Reg Loss: 4.3217, Train MAPE: 17.5661, Train R: 0.8458, Train RRSE: 0.5395, Test Loss: 460.0772, Test Node Loss: 10.7671, Test Reg Loss: 4.4931, Test MAPE: 17.9114, Test R: 0.8577, Test RRSE: 0.5206
2025-02-10 15:16:34,262:INFO:Epoch 52: Train Loss: 414.8855, Train Node Loss: 9.9186, Train Reg Loss: 4.0497, Train MAPE: 17.7905, Train R: 0.8629, Train RRSE: 0.5222, Test Loss: 1018.4626, Test Node Loss: 6.5326, Test Reg Loss: 10.1193, Test MAPE: 18.1262, Test R: 0.8570, Test RRSE: 0.7812
2025-02-10 15:16:54,385:INFO:Epoch 53: Train Loss: 393.3211, Train Node Loss: 7.5069, Train Reg Loss: 3.8581, Train MAPE: 17.5688, Train R: 0.8674, Train RRSE: 0.5097, Test Loss: 1136.2647, Test Node Loss: 6.4547, Test Reg Loss: 11.2981, Test MAPE: 18.2965, Test R: 0.8538, Test RRSE: 0.8255
2025-02-10 15:17:13,119:INFO:Epoch 54: Train Loss: 464.9331, Train Node Loss: 9.5182, Train Reg Loss: 4.5541, Train MAPE: 18.4527, Train R: 0.8374, Train RRSE: 0.5538, Test Loss: 1001.3603, Test Node Loss: 5.8237, Test Reg Loss: 9.9554, Test MAPE: 18.3449, Test R: 0.8573, Test RRSE: 0.7749
2025-02-10 15:17:31,824:INFO:Epoch 55: Train Loss: 388.6092, Train Node Loss: 6.2936, Train Reg Loss: 3.8232, Train MAPE: 17.5085, Train R: 0.8658, Train RRSE: 0.5074, Test Loss: 703.5880, Test Node Loss: 5.4763, Test Reg Loss: 6.9811, Test MAPE: 17.2464, Test R: 0.8593, Test RRSE: 0.6489
2025-02-10 15:17:31,857:INFO:Checkpoint saved at best_0.001_0.001_256_SAGE_3_32_0.8593_epoch_55.pth
2025-02-10 15:17:50,500:INFO:Epoch 56: Train Loss: 408.0583, Train Node Loss: 5.6834, Train Reg Loss: 4.0237, Train MAPE: 17.3478, Train R: 0.8598, Train RRSE: 0.5205, Test Loss: 466.1292, Test Node Loss: 7.1397, Test Reg Loss: 4.5899, Test MAPE: 17.9539, Test R: 0.8600, Test RRSE: 0.5262
2025-02-10 15:17:50,531:INFO:Checkpoint saved at best_0.001_0.001_256_SAGE_3_32_0.8600_epoch_56.pth
2025-02-10 15:18:10,698:INFO:Epoch 57: Train Loss: 427.8301, Train Node Loss: 7.2478, Train Reg Loss: 4.2058, Train MAPE: 18.1873, Train R: 0.8585, Train RRSE: 0.5322, Test Loss: 1695.6493, Test Node Loss: 3.6833, Test Reg Loss: 16.9197, Test MAPE: 20.0876, Test R: 0.8532, Test RRSE: 1.0102
2025-02-10 15:18:29,424:INFO:Epoch 58: Train Loss: 457.5485, Train Node Loss: 5.6815, Train Reg Loss: 4.5187, Train MAPE: 18.0959, Train R: 0.8356, Train RRSE: 0.5516, Test Loss: 437.7630, Test Node Loss: 6.4698, Test Reg Loss: 4.3129, Test MAPE: 18.3232, Test R: 0.8615, Test RRSE: 0.5100
2025-02-10 15:18:29,441:INFO:Checkpoint saved at best_0.001_0.001_256_SAGE_3_32_0.8615_epoch_58.pth
2025-02-10 15:18:48,554:INFO:Epoch 59: Train Loss: 386.8677, Train Node Loss: 5.1462, Train Reg Loss: 3.8172, Train MAPE: 17.5400, Train R: 0.8644, Train RRSE: 0.5070, Test Loss: 538.6511, Test Node Loss: 5.0084, Test Reg Loss: 5.3364, Test MAPE: 17.7398, Test R: 0.8619, Test RRSE: 0.5673
2025-02-10 15:18:48,572:INFO:Checkpoint saved at best_0.001_0.001_256_SAGE_3_32_0.8619_epoch_59.pth
2025-02-10 15:19:07,028:INFO:Epoch 60: Train Loss: 441.9855, Train Node Loss: 5.4059, Train Reg Loss: 4.3658, Train MAPE: 17.6233, Train R: 0.8413, Train RRSE: 0.5422, Test Loss: 577.3641, Test Node Loss: 5.1455, Test Reg Loss: 5.7222, Test MAPE: 17.9022, Test R: 0.8613, Test RRSE: 0.5875
2025-02-10 15:19:25,607:INFO:Epoch 61: Train Loss: 399.9815, Train Node Loss: 5.0154, Train Reg Loss: 3.9497, Train MAPE: 17.7831, Train R: 0.8576, Train RRSE: 0.5157, Test Loss: 544.8844, Test Node Loss: 5.0298, Test Reg Loss: 5.3985, Test MAPE: 17.2780, Test R: 0.8622, Test RRSE: 0.5706
2025-02-10 15:19:25,626:INFO:Checkpoint saved at best_0.001_0.001_256_SAGE_3_32_0.8622_epoch_61.pth
2025-02-10 15:19:43,869:INFO:Epoch 62: Train Loss: 369.5195, Train Node Loss: 5.3110, Train Reg Loss: 3.6421, Train MAPE: 17.8732, Train R: 0.8724, Train RRSE: 0.4952, Test Loss: 1234.8482, Test Node Loss: 3.6192, Test Reg Loss: 12.3123, Test MAPE: 18.8476, Test R: 0.8570, Test RRSE: 0.8617
2025-02-10 15:20:02,535:INFO:Epoch 63: Train Loss: 440.4309, Train Node Loss: 5.0585, Train Reg Loss: 4.3537, Train MAPE: 18.0603, Train R: 0.8434, Train RRSE: 0.5415, Test Loss: 1035.2543, Test Node Loss: 4.2610, Test Reg Loss: 10.3099, Test MAPE: 18.7138, Test R: 0.8546, Test RRSE: 0.7886
2025-02-10 15:20:21,119:INFO:Epoch 64: Train Loss: 389.3467, Train Node Loss: 5.1321, Train Reg Loss: 3.8421, Train MAPE: 17.9920, Train R: 0.8616, Train RRSE: 0.5087, Test Loss: 729.4835, Test Node Loss: 4.5106, Test Reg Loss: 7.2497, Test MAPE: 17.5519, Test R: 0.8573, Test RRSE: 0.6613
2025-02-10 15:20:39,965:INFO:Epoch 65: Train Loss: 398.4179, Train Node Loss: 5.6595, Train Reg Loss: 3.9276, Train MAPE: 17.8665, Train R: 0.8683, Train RRSE: 0.5143, Test Loss: 1041.2325, Test Node Loss: 3.6458, Test Reg Loss: 10.3759, Test MAPE: 17.7598, Test R: 0.8562, Test RRSE: 0.7911
2025-02-10 15:20:59,584:INFO:Epoch 66: Train Loss: 439.1980, Train Node Loss: 3.7484, Train Reg Loss: 4.3545, Train MAPE: 17.2885, Train R: 0.8518, Train RRSE: 0.5415, Test Loss: 681.0897, Test Node Loss: 3.7472, Test Reg Loss: 6.7734, Test MAPE: 18.0315, Test R: 0.8619, Test RRSE: 0.6392
2025-02-10 15:21:17,703:INFO:Epoch 67: Train Loss: 404.1286, Train Node Loss: 4.5913, Train Reg Loss: 3.9954, Train MAPE: 18.5021, Train R: 0.8631, Train RRSE: 0.5187, Test Loss: 442.8888, Test Node Loss: 4.0713, Test Reg Loss: 4.3882, Test MAPE: 18.0195, Test R: 0.8641, Test RRSE: 0.5145
2025-02-10 15:21:17,722:INFO:Checkpoint saved at best_0.001_0.001_256_SAGE_3_32_0.8641_epoch_67.pth
2025-02-10 15:21:36,166:INFO:Epoch 68: Train Loss: 398.2869, Train Node Loss: 3.4779, Train Reg Loss: 3.9481, Train MAPE: 17.8023, Train R: 0.8571, Train RRSE: 0.5156, Test Loss: 992.6739, Test Node Loss: 2.1741, Test Reg Loss: 9.9050, Test MAPE: 18.7700, Test R: 0.8623, Test RRSE: 0.7729
2025-02-10 15:21:54,716:INFO:Epoch 69: Train Loss: 378.5634, Train Node Loss: 2.6783, Train Reg Loss: 3.7589, Train MAPE: 17.6784, Train R: 0.8691, Train RRSE: 0.5031, Test Loss: 434.8960, Test Node Loss: 3.4123, Test Reg Loss: 4.3148, Test MAPE: 18.3918, Test R: 0.8645, Test RRSE: 0.5101
2025-02-10 15:21:54,758:INFO:Checkpoint saved at best_0.001_0.001_256_SAGE_3_32_0.8645_epoch_69.pth
2025-02-10 15:22:13,343:INFO:Epoch 70: Train Loss: 395.9170, Train Node Loss: 2.8522, Train Reg Loss: 3.9306, Train MAPE: 17.7234, Train R: 0.8640, Train RRSE: 0.5145, Test Loss: 1231.4893, Test Node Loss: 1.5717, Test Reg Loss: 12.2992, Test MAPE: 18.8710, Test R: 0.8615, Test RRSE: 0.8613
2025-02-10 15:22:31,512:INFO:Epoch 71: Train Loss: 399.0211, Train Node Loss: 2.9568, Train Reg Loss: 3.9606, Train MAPE: 18.2595, Train R: 0.8563, Train RRSE: 0.5164, Test Loss: 1863.2880, Test Node Loss: 1.6813, Test Reg Loss: 18.6161, Test MAPE: 20.9334, Test R: 0.8532, Test RRSE: 1.0596
2025-02-10 15:22:49,814:INFO:Epoch 72: Train Loss: 391.9758, Train Node Loss: 3.2459, Train Reg Loss: 3.8873, Train MAPE: 18.4614, Train R: 0.8597, Train RRSE: 0.5116, Test Loss: 952.2462, Test Node Loss: 2.1661, Test Reg Loss: 9.5008, Test MAPE: 18.4586, Test R: 0.8600, Test RRSE: 0.7570
2025-02-10 15:23:08,299:INFO:Epoch 73: Train Loss: 395.1010, Train Node Loss: 2.4384, Train Reg Loss: 3.9266, Train MAPE: 17.4450, Train R: 0.8658, Train RRSE: 0.5142, Test Loss: 541.9991, Test Node Loss: 2.6035, Test Reg Loss: 5.3940, Test MAPE: 17.9394, Test R: 0.8640, Test RRSE: 0.5704
2025-02-10 15:23:26,427:INFO:Epoch 74: Train Loss: 395.9267, Train Node Loss: 2.7143, Train Reg Loss: 3.9321, Train MAPE: 17.9412, Train R: 0.8603, Train RRSE: 0.5146, Test Loss: 564.7860, Test Node Loss: 2.5358, Test Reg Loss: 5.6225, Test MAPE: 18.1491, Test R: 0.8652, Test RRSE: 0.5823
2025-02-10 15:23:26,478:INFO:Checkpoint saved at best_0.001_0.001_256_SAGE_3_32_0.8652_epoch_74.pth
2025-02-10 15:23:44,980:INFO:Epoch 75: Train Loss: 434.9047, Train Node Loss: 2.6141, Train Reg Loss: 4.3229, Train MAPE: 18.0592, Train R: 0.8428, Train RRSE: 0.5395, Test Loss: 702.8573, Test Node Loss: 2.4137, Test Reg Loss: 7.0044, Test MAPE: 18.0678, Test R: 0.8635, Test RRSE: 0.6500
2025-02-10 15:24:03,827:INFO:Epoch 76: Train Loss: 387.7167, Train Node Loss: 3.1726, Train Reg Loss: 3.8454, Train MAPE: 18.5547, Train R: 0.8675, Train RRSE: 0.5089, Test Loss: 1272.5943, Test Node Loss: 1.7507, Test Reg Loss: 12.7084, Test MAPE: 19.0453, Test R: 0.8568, Test RRSE: 0.8755
2025-02-10 15:24:22,562:INFO:Epoch 77: Train Loss: 454.1958, Train Node Loss: 2.3896, Train Reg Loss: 4.5181, Train MAPE: 17.5806, Train R: 0.8383, Train RRSE: 0.5516, Test Loss: 463.3795, Test Node Loss: 2.7907, Test Reg Loss: 4.6059, Test MAPE: 17.8075, Test R: 0.8637, Test RRSE: 0.5271
2025-02-10 15:24:41,559:INFO:Epoch 78: Train Loss: 402.4881, Train Node Loss: 2.5505, Train Reg Loss: 3.9994, Train MAPE: 17.7312, Train R: 0.8574, Train RRSE: 0.5190, Test Loss: 588.0049, Test Node Loss: 1.9919, Test Reg Loss: 5.8601, Test MAPE: 17.5517, Test R: 0.8662, Test RRSE: 0.5945
2025-02-10 15:24:41,584:INFO:Checkpoint saved at best_0.001_0.001_256_SAGE_3_32_0.8662_epoch_78.pth
2025-02-10 15:25:00,270:INFO:Epoch 79: Train Loss: 413.7117, Train Node Loss: 2.2096, Train Reg Loss: 4.1150, Train MAPE: 17.7388, Train R: 0.8516, Train RRSE: 0.5264, Test Loss: 959.2281, Test Node Loss: 1.5158, Test Reg Loss: 9.5771, Test MAPE: 18.4245, Test R: 0.8653, Test RRSE: 0.7600
2025-02-10 15:25:18,647:INFO:Epoch 80: Train Loss: 343.1547, Train Node Loss: 2.1107, Train Reg Loss: 3.4104, Train MAPE: 18.2008, Train R: 0.8782, Train RRSE: 0.4792, Test Loss: 1030.7266, Test Node Loss: 1.5112, Test Reg Loss: 10.2922, Test MAPE: 19.2586, Test R: 0.8647, Test RRSE: 0.7879
2025-02-10 15:25:37,091:INFO:Epoch 81: Train Loss: 396.0033, Train Node Loss: 1.8706, Train Reg Loss: 3.9413, Train MAPE: 17.7654, Train R: 0.8581, Train RRSE: 0.5152, Test Loss: 518.7185, Test Node Loss: 1.7717, Test Reg Loss: 5.1695, Test MAPE: 17.7302, Test R: 0.8670, Test RRSE: 0.5584
2025-02-10 15:25:37,124:INFO:Checkpoint saved at best_0.001_0.001_256_SAGE_3_32_0.8670_epoch_81.pth
2025-02-10 15:25:56,267:INFO:Epoch 82: Train Loss: 413.7262, Train Node Loss: 1.9395, Train Reg Loss: 4.1179, Train MAPE: 17.3695, Train R: 0.8529, Train RRSE: 0.5266, Test Loss: 617.9252, Test Node Loss: 2.0270, Test Reg Loss: 6.1590, Test MAPE: 18.2541, Test R: 0.8669, Test RRSE: 0.6095
2025-02-10 15:26:14,855:INFO:Epoch 83: Train Loss: 415.7330, Train Node Loss: 2.3178, Train Reg Loss: 4.1342, Train MAPE: 18.4900, Train R: 0.8515, Train RRSE: 0.5276, Test Loss: 807.3471, Test Node Loss: 1.6303, Test Reg Loss: 8.0572, Test MAPE: 18.4738, Test R: 0.8643, Test RRSE: 0.6971
2025-02-10 15:26:33,390:INFO:Epoch 84: Train Loss: 352.5648, Train Node Loss: 2.0993, Train Reg Loss: 3.5047, Train MAPE: 18.2759, Train R: 0.8748, Train RRSE: 0.4858, Test Loss: 733.7886, Test Node Loss: 1.4793, Test Reg Loss: 7.3231, Test MAPE: 18.2627, Test R: 0.8664, Test RRSE: 0.6646
2025-02-10 15:26:51,932:INFO:Epoch 85: Train Loss: 395.7585, Train Node Loss: 1.6658, Train Reg Loss: 3.9409, Train MAPE: 17.6160, Train R: 0.8585, Train RRSE: 0.5152, Test Loss: 641.9603, Test Node Loss: 1.3083, Test Reg Loss: 6.4065, Test MAPE: 17.7255, Test R: 0.8645, Test RRSE: 0.6216
2025-02-10 15:27:10,786:INFO:Epoch 86: Train Loss: 390.1506, Train Node Loss: 1.6746, Train Reg Loss: 3.8848, Train MAPE: 17.9021, Train R: 0.8600, Train RRSE: 0.5115, Test Loss: 864.0335, Test Node Loss: 1.2193, Test Reg Loss: 8.6281, Test MAPE: 18.3272, Test R: 0.8648, Test RRSE: 0.7214
2025-02-10 15:27:29,431:INFO:Epoch 87: Train Loss: 364.4700, Train Node Loss: 1.6519, Train Reg Loss: 3.6282, Train MAPE: 17.9412, Train R: 0.8704, Train RRSE: 0.4943, Test Loss: 773.7492, Test Node Loss: 1.4268, Test Reg Loss: 7.7232, Test MAPE: 18.4717, Test R: 0.8656, Test RRSE: 0.6825
2025-02-10 15:27:47,783:INFO:Epoch 88: Train Loss: 415.2562, Train Node Loss: 1.8370, Train Reg Loss: 4.1342, Train MAPE: 17.9815, Train R: 0.8500, Train RRSE: 0.5276, Test Loss: 1203.6883, Test Node Loss: 1.0951, Test Reg Loss: 12.0259, Test MAPE: 18.6779, Test R: 0.8620, Test RRSE: 0.8517
2025-02-10 15:28:06,038:INFO:Epoch 89: Train Loss: 417.2966, Train Node Loss: 1.6912, Train Reg Loss: 4.1561, Train MAPE: 17.5310, Train R: 0.8501, Train RRSE: 0.5290, Test Loss: 543.5645, Test Node Loss: 1.6707, Test Reg Loss: 5.4189, Test MAPE: 17.8740, Test R: 0.8671, Test RRSE: 0.5717
2025-02-10 15:28:06,062:INFO:Checkpoint saved at best_0.001_0.001_256_SAGE_3_32_0.8671_epoch_89.pth
2025-02-10 15:28:25,371:INFO:Epoch 90: Train Loss: 367.6825, Train Node Loss: 1.8406, Train Reg Loss: 3.6584, Train MAPE: 18.3161, Train R: 0.8689, Train RRSE: 0.4963, Test Loss: 870.3150, Test Node Loss: 1.2111, Test Reg Loss: 8.6910, Test MAPE: 18.4920, Test R: 0.8661, Test RRSE: 0.7240
2025-02-10 15:28:44,579:INFO:Epoch 91: Train Loss: 346.0848, Train Node Loss: 1.6030, Train Reg Loss: 3.4448, Train MAPE: 17.9961, Train R: 0.8771, Train RRSE: 0.4816, Test Loss: 406.8831, Test Node Loss: 1.8389, Test Reg Loss: 4.0504, Test MAPE: 18.7392, Test R: 0.8695, Test RRSE: 0.4943
2025-02-10 15:28:44,605:INFO:Checkpoint saved at best_0.001_0.001_256_SAGE_3_32_0.8695_epoch_91.pth
2025-02-10 15:29:03,931:INFO:Epoch 92: Train Loss: 405.4702, Train Node Loss: 1.6052, Train Reg Loss: 4.0386, Train MAPE: 18.2201, Train R: 0.8534, Train RRSE: 0.5215, Test Loss: 1050.3662, Test Node Loss: 1.0509, Test Reg Loss: 10.4932, Test MAPE: 19.1507, Test R: 0.8655, Test RRSE: 0.7955
2025-02-10 15:29:22,230:INFO:Epoch 93: Train Loss: 354.7433, Train Node Loss: 1.7247, Train Reg Loss: 3.5302, Train MAPE: 18.2047, Train R: 0.8743, Train RRSE: 0.4876, Test Loss: 796.5450, Test Node Loss: 1.2767, Test Reg Loss: 7.9527, Test MAPE: 18.2634, Test R: 0.8661, Test RRSE: 0.6926
2025-02-10 15:29:40,471:INFO:Epoch 94: Train Loss: 362.6634, Train Node Loss: 1.7900, Train Reg Loss: 3.6087, Train MAPE: 18.2119, Train R: 0.8706, Train RRSE: 0.4930, Test Loss: 2035.7648, Test Node Loss: 0.6801, Test Reg Loss: 20.3508, Test MAPE: 21.0156, Test R: 0.8574, Test RRSE: 1.1079
2025-02-10 15:29:58,286:INFO:Epoch 95: Train Loss: 354.6746, Train Node Loss: 1.3738, Train Reg Loss: 3.5330, Train MAPE: 17.7103, Train R: 0.8794, Train RRSE: 0.4878, Test Loss: 551.1240, Test Node Loss: 1.3919, Test Reg Loss: 5.4973, Test MAPE: 17.9269, Test R: 0.8628, Test RRSE: 0.5758
2025-02-10 15:30:16,315:INFO:Epoch 96: Train Loss: 408.2405, Train Node Loss: 1.3941, Train Reg Loss: 4.0685, Train MAPE: 18.1569, Train R: 0.8523, Train RRSE: 0.5234, Test Loss: 804.1554, Test Node Loss: 1.1771, Test Reg Loss: 8.0298, Test MAPE: 18.7085, Test R: 0.8644, Test RRSE: 0.6959
2025-02-10 15:30:34,022:INFO:Epoch 97: Train Loss: 340.3788, Train Node Loss: 1.7088, Train Reg Loss: 3.3867, Train MAPE: 18.6128, Train R: 0.8841, Train RRSE: 0.4776, Test Loss: 559.0386, Test Node Loss: 1.3410, Test Reg Loss: 5.5770, Test MAPE: 18.2239, Test R: 0.8668, Test RRSE: 0.5800
2025-02-10 15:30:51,873:INFO:Epoch 98: Train Loss: 356.2368, Train Node Loss: 1.0930, Train Reg Loss: 3.5514, Train MAPE: 17.9233, Train R: 0.8766, Train RRSE: 0.4890, Test Loss: 893.3054, Test Node Loss: 0.7483, Test Reg Loss: 8.9256, Test MAPE: 18.6077, Test R: 0.8674, Test RRSE: 0.7337
2025-02-10 15:31:09,994:INFO:Epoch 99: Train Loss: 359.0096, Train Node Loss: 1.2045, Train Reg Loss: 3.5781, Train MAPE: 18.3376, Train R: 0.8729, Train RRSE: 0.4909, Test Loss: 981.1437, Test Node Loss: 0.7960, Test Reg Loss: 9.8035, Test MAPE: 18.5383, Test R: 0.8665, Test RRSE: 0.7690
2025-02-10 15:31:27,444:INFO:Epoch 100: Train Loss: 364.4621, Train Node Loss: 1.0736, Train Reg Loss: 3.6339, Train MAPE: 18.1246, Train R: 0.8707, Train RRSE: 0.4947, Test Loss: 1270.2588, Test Node Loss: 0.6549, Test Reg Loss: 12.6960, Test MAPE: 19.1759, Test R: 0.8634, Test RRSE: 0.8751
2025-02-10 15:31:45,469:INFO:Epoch 101: Train Loss: 336.6968, Train Node Loss: 1.2924, Train Reg Loss: 3.3540, Train MAPE: 18.5837, Train R: 0.8853, Train RRSE: 0.4753, Test Loss: 1017.2074, Test Node Loss: 0.7218, Test Reg Loss: 10.1649, Test MAPE: 18.6622, Test R: 0.8657, Test RRSE: 0.7830
2025-02-10 15:32:03,580:INFO:Epoch 102: Train Loss: 323.8030, Train Node Loss: 0.9139, Train Reg Loss: 3.2289, Train MAPE: 17.8354, Train R: 0.8885, Train RRSE: 0.4663, Test Loss: 893.7826, Test Node Loss: 0.6538, Test Reg Loss: 8.9313, Test MAPE: 18.4024, Test R: 0.8644, Test RRSE: 0.7340
2025-02-10 15:32:22,757:INFO:Epoch 103: Train Loss: 360.1119, Train Node Loss: 0.9629, Train Reg Loss: 3.5915, Train MAPE: 17.9219, Train R: 0.8714, Train RRSE: 0.4918, Test Loss: 418.6234, Test Node Loss: 1.1755, Test Reg Loss: 4.1745, Test MAPE: 19.2110, Test R: 0.8715, Test RRSE: 0.5018
2025-02-10 15:32:22,780:INFO:Checkpoint saved at best_0.001_0.001_256_SAGE_3_32_0.8715_epoch_103.pth
2025-02-10 15:32:40,868:INFO:Epoch 104: Train Loss: 391.5989, Train Node Loss: 0.8456, Train Reg Loss: 3.9075, Train MAPE: 17.9183, Train R: 0.8596, Train RRSE: 0.5130, Test Loss: 976.0457, Test Node Loss: 0.5391, Test Reg Loss: 9.7551, Test MAPE: 18.3842, Test R: 0.8643, Test RRSE: 0.7671
2025-02-10 15:32:59,013:INFO:Epoch 105: Train Loss: 355.5822, Train Node Loss: 1.0397, Train Reg Loss: 3.5454, Train MAPE: 18.4737, Train R: 0.8756, Train RRSE: 0.4886, Test Loss: 986.4591, Test Node Loss: 0.5466, Test Reg Loss: 9.8591, Test MAPE: 18.9035, Test R: 0.8648, Test RRSE: 0.7711
2025-02-10 15:33:17,002:INFO:Epoch 106: Train Loss: 348.2382, Train Node Loss: 0.8174, Train Reg Loss: 3.4742, Train MAPE: 18.0195, Train R: 0.8756, Train RRSE: 0.4837, Test Loss: 592.0257, Test Node Loss: 0.5523, Test Reg Loss: 5.9147, Test MAPE: 17.9540, Test R: 0.8676, Test RRSE: 0.5973
2025-02-10 15:33:35,246:INFO:Epoch 107: Train Loss: 350.0523, Train Node Loss: 0.7457, Train Reg Loss: 3.4931, Train MAPE: 18.0948, Train R: 0.8749, Train RRSE: 0.4850, Test Loss: 821.2232, Test Node Loss: 0.5140, Test Reg Loss: 8.2071, Test MAPE: 18.6631, Test R: 0.8682, Test RRSE: 0.7036
2025-02-10 15:33:53,292:INFO:Epoch 108: Train Loss: 364.3399, Train Node Loss: 0.7834, Train Reg Loss: 3.6356, Train MAPE: 18.0424, Train R: 0.8693, Train RRSE: 0.4948, Test Loss: 1044.0495, Test Node Loss: 0.5147, Test Reg Loss: 10.4353, Test MAPE: 19.0275, Test R: 0.8642, Test RRSE: 0.7933
2025-02-10 15:34:11,002:INFO:Epoch 109: Train Loss: 364.9141, Train Node Loss: 0.7311, Train Reg Loss: 3.6418, Train MAPE: 18.0653, Train R: 0.8689, Train RRSE: 0.4952, Test Loss: 619.4088, Test Node Loss: 0.9656, Test Reg Loss: 6.1844, Test MAPE: 20.9782, Test R: 0.8715, Test RRSE: 0.6107
2025-02-10 15:34:28,923:INFO:Epoch 110: Train Loss: 356.7795, Train Node Loss: 0.8080, Train Reg Loss: 3.5597, Train MAPE: 18.6293, Train R: 0.8757, Train RRSE: 0.4896, Test Loss: 1187.3175, Test Node Loss: 0.4637, Test Reg Loss: 11.8685, Test MAPE: 19.3569, Test R: 0.8635, Test RRSE: 0.8461
2025-02-10 15:34:47,144:INFO:Epoch 111: Train Loss: 358.5365, Train Node Loss: 0.6843, Train Reg Loss: 3.5785, Train MAPE: 17.9502, Train R: 0.8778, Train RRSE: 0.4909, Test Loss: 644.3161, Test Node Loss: 0.6709, Test Reg Loss: 6.4365, Test MAPE: 17.8943, Test R: 0.8659, Test RRSE: 0.6231
2025-02-10 15:35:05,442:INFO:Epoch 112: Train Loss: 374.5440, Train Node Loss: 0.9053, Train Reg Loss: 3.7364, Train MAPE: 17.9120, Train R: 0.8720, Train RRSE: 0.5016, Test Loss: 563.9409, Test Node Loss: 0.6791, Test Reg Loss: 5.6326, Test MAPE: 18.1985, Test R: 0.8709, Test RRSE: 0.5829
2025-02-10 15:35:23,864:INFO:Epoch 113: Train Loss: 344.6062, Train Node Loss: 0.7312, Train Reg Loss: 3.4387, Train MAPE: 17.6825, Train R: 0.8806, Train RRSE: 0.4812, Test Loss: 880.5372, Test Node Loss: 0.5337, Test Reg Loss: 8.8000, Test MAPE: 18.6185, Test R: 0.8680, Test RRSE: 0.7285
2025-02-10 15:35:43,546:INFO:Epoch 114: Train Loss: 313.6035, Train Node Loss: 0.8858, Train Reg Loss: 3.1272, Train MAPE: 18.1809, Train R: 0.8894, Train RRSE: 0.4589, Test Loss: 571.7844, Test Node Loss: 0.7018, Test Reg Loss: 5.7108, Test MAPE: 18.3142, Test R: 0.8710, Test RRSE: 0.5869
2025-02-10 15:36:02,136:INFO:Epoch 115: Train Loss: 365.9910, Train Node Loss: 0.9810, Train Reg Loss: 3.6501, Train MAPE: 18.9904, Train R: 0.8733, Train RRSE: 0.4958, Test Loss: 1908.8438, Test Node Loss: 0.2994, Test Reg Loss: 19.0854, Test MAPE: 20.8962, Test R: 0.8633, Test RRSE: 1.0729
2025-02-10 15:36:20,573:INFO:Epoch 116: Train Loss: 367.1972, Train Node Loss: 0.6844, Train Reg Loss: 3.6651, Train MAPE: 17.7058, Train R: 0.8724, Train RRSE: 0.4968, Test Loss: 667.2664, Test Node Loss: 0.5448, Test Reg Loss: 6.6672, Test MAPE: 18.0636, Test R: 0.8683, Test RRSE: 0.6341
2025-02-10 15:36:38,692:INFO:Epoch 117: Train Loss: 376.4100, Train Node Loss: 0.6768, Train Reg Loss: 3.7573, Train MAPE: 17.9534, Train R: 0.8648, Train RRSE: 0.5030, Test Loss: 405.9345, Test Node Loss: 0.8548, Test Reg Loss: 4.0508, Test MAPE: 19.9101, Test R: 0.8753, Test RRSE: 0.4943
2025-02-10 15:36:38,724:INFO:Checkpoint saved at best_0.001_0.001_256_SAGE_3_32_0.8753_epoch_117.pth
2025-02-10 15:36:56,904:INFO:Epoch 118: Train Loss: 375.1107, Train Node Loss: 0.7389, Train Reg Loss: 3.7437, Train MAPE: 18.4123, Train R: 0.8665, Train RRSE: 0.5021, Test Loss: 903.5163, Test Node Loss: 0.4564, Test Reg Loss: 9.0306, Test MAPE: 18.4890, Test R: 0.8719, Test RRSE: 0.7380
2025-02-10 15:37:15,667:INFO:Epoch 119: Train Loss: 370.2957, Train Node Loss: 0.7436, Train Reg Loss: 3.6955, Train MAPE: 17.5552, Train R: 0.8688, Train RRSE: 0.4989, Test Loss: 1473.3874, Test Node Loss: 0.3545, Test Reg Loss: 14.7303, Test MAPE: 19.5777, Test R: 0.8663, Test RRSE: 0.9426
2025-02-10 15:37:33,959:INFO:Epoch 120: Train Loss: 329.0596, Train Node Loss: 0.7900, Train Reg Loss: 3.2827, Train MAPE: 17.9723, Train R: 0.8836, Train RRSE: 0.4702, Test Loss: 1188.4161, Test Node Loss: 0.4639, Test Reg Loss: 11.8795, Test MAPE: 19.6924, Test R: 0.8654, Test RRSE: 0.8465
2025-02-10 15:37:52,377:INFO:Epoch 121: Train Loss: 345.5896, Train Node Loss: 0.8808, Train Reg Loss: 3.4471, Train MAPE: 18.5873, Train R: 0.8771, Train RRSE: 0.4818, Test Loss: 632.0677, Test Node Loss: 0.5816, Test Reg Loss: 6.3149, Test MAPE: 18.1747, Test R: 0.8703, Test RRSE: 0.6172
2025-02-10 15:38:11,017:INFO:Epoch 122: Train Loss: 361.1434, Train Node Loss: 0.8723, Train Reg Loss: 3.6027, Train MAPE: 18.3026, Train R: 0.8714, Train RRSE: 0.4926, Test Loss: 1586.3998, Test Node Loss: 0.3509, Test Reg Loss: 15.8605, Test MAPE: 19.9294, Test R: 0.8642, Test RRSE: 0.9781
2025-02-10 15:38:29,470:INFO:Epoch 123: Train Loss: 346.6348, Train Node Loss: 0.6935, Train Reg Loss: 3.4594, Train MAPE: 17.8179, Train R: 0.8814, Train RRSE: 0.4827, Test Loss: 1376.9228, Test Node Loss: 0.4190, Test Reg Loss: 13.7650, Test MAPE: 19.1873, Test R: 0.8603, Test RRSE: 0.9112
2025-02-10 15:38:48,034:INFO:Epoch 124: Train Loss: 332.9589, Train Node Loss: 0.7943, Train Reg Loss: 3.3216, Train MAPE: 17.8821, Train R: 0.8822, Train RRSE: 0.4729, Test Loss: 644.9141, Test Node Loss: 0.5298, Test Reg Loss: 6.4438, Test MAPE: 18.6110, Test R: 0.8694, Test RRSE: 0.6234
2025-02-10 15:39:06,223:INFO:Epoch 125: Train Loss: 344.7014, Train Node Loss: 0.7153, Train Reg Loss: 3.4399, Train MAPE: 18.2541, Train R: 0.8775, Train RRSE: 0.4813, Test Loss: 955.7109, Test Node Loss: 0.4079, Test Reg Loss: 9.5530, Test MAPE: 19.1073, Test R: 0.8686, Test RRSE: 0.7591
2025-02-10 15:39:24,875:INFO:Epoch 126: Train Loss: 301.9305, Train Node Loss: 0.6874, Train Reg Loss: 3.0124, Train MAPE: 18.1382, Train R: 0.8932, Train RRSE: 0.4504, Test Loss: 711.8674, Test Node Loss: 0.5216, Test Reg Loss: 7.1135, Test MAPE: 18.7810, Test R: 0.8688, Test RRSE: 0.6550
2025-02-10 15:39:43,490:INFO:Epoch 127: Train Loss: 364.0436, Train Node Loss: 0.6684, Train Reg Loss: 3.6338, Train MAPE: 18.4487, Train R: 0.8704, Train RRSE: 0.4947, Test Loss: 495.7705, Test Node Loss: 0.5833, Test Reg Loss: 4.9519, Test MAPE: 18.7863, Test R: 0.8721, Test RRSE: 0.5465
2025-02-10 15:40:01,572:INFO:Epoch 128: Train Loss: 318.1639, Train Node Loss: 0.7152, Train Reg Loss: 3.1745, Train MAPE: 18.2445, Train R: 0.8875, Train RRSE: 0.4624, Test Loss: 1259.6214, Test Node Loss: 0.3508, Test Reg Loss: 12.5927, Test MAPE: 19.2049, Test R: 0.8662, Test RRSE: 0.8715
2025-02-10 15:40:19,996:INFO:Epoch 129: Train Loss: 303.1485, Train Node Loss: 0.6778, Train Reg Loss: 3.0247, Train MAPE: 18.0713, Train R: 0.8938, Train RRSE: 0.4513, Test Loss: 1254.9869, Test Node Loss: 0.3939, Test Reg Loss: 12.5459, Test MAPE: 19.8098, Test R: 0.8622, Test RRSE: 0.8699
2025-02-10 15:40:38,385:INFO:Epoch 130: Train Loss: 323.2420, Train Node Loss: 0.7571, Train Reg Loss: 3.2248, Train MAPE: 18.4364, Train R: 0.8871, Train RRSE: 0.4660, Test Loss: 559.0104, Test Node Loss: 0.5134, Test Reg Loss: 5.5850, Test MAPE: 18.1563, Test R: 0.8686, Test RRSE: 0.5804
2025-02-10 15:40:56,547:INFO:Epoch 131: Train Loss: 339.4009, Train Node Loss: 0.5179, Train Reg Loss: 3.3888, Train MAPE: 17.7552, Train R: 0.8847, Train RRSE: 0.4777, Test Loss: 410.8362, Test Node Loss: 0.6595, Test Reg Loss: 4.1018, Test MAPE: 19.5344, Test R: 0.8723, Test RRSE: 0.4974
2025-02-10 15:41:14,977:INFO:Epoch 132: Train Loss: 361.6101, Train Node Loss: 0.6480, Train Reg Loss: 3.6096, Train MAPE: 18.8424, Train R: 0.8776, Train RRSE: 0.4930, Test Loss: 1332.5598, Test Node Loss: 0.3101, Test Reg Loss: 13.3225, Test MAPE: 20.4886, Test R: 0.8643, Test RRSE: 0.8964
2025-02-10 15:41:34,288:INFO:Epoch 133: Train Loss: 402.6451, Train Node Loss: 0.4184, Train Reg Loss: 4.0223, Train MAPE: 17.5987, Train R: 0.8690, Train RRSE: 0.5204, Test Loss: 2084.7051, Test Node Loss: 0.1700, Test Reg Loss: 20.8454, Test MAPE: 20.9282, Test R: 0.8596, Test RRSE: 1.1213
2025-02-10 15:41:52,459:INFO:Epoch 134: Train Loss: 397.8085, Train Node Loss: 0.5700, Train Reg Loss: 3.9724, Train MAPE: 18.3024, Train R: 0.8636, Train RRSE: 0.5172, Test Loss: 627.9376, Test Node Loss: 0.3444, Test Reg Loss: 6.2759, Test MAPE: 18.4125, Test R: 0.8705, Test RRSE: 0.6152
2025-02-10 15:42:11,042:INFO:Epoch 135: Train Loss: 323.8512, Train Node Loss: 0.4162, Train Reg Loss: 3.2344, Train MAPE: 18.4651, Train R: 0.8847, Train RRSE: 0.4667, Test Loss: 407.7614, Test Node Loss: 0.4057, Test Reg Loss: 4.0736, Test MAPE: 19.6573, Test R: 0.8746, Test RRSE: 0.4957
2025-02-10 15:42:29,512:INFO:Epoch 136: Train Loss: 343.2447, Train Node Loss: 0.4043, Train Reg Loss: 3.4284, Train MAPE: 18.3770, Train R: 0.8778, Train RRSE: 0.4805, Test Loss: 970.0477, Test Node Loss: 0.2148, Test Reg Loss: 9.6983, Test MAPE: 18.6144, Test R: 0.8710, Test RRSE: 0.7648
2025-02-10 15:42:47,514:INFO:Epoch 137: Train Loss: 363.2101, Train Node Loss: 0.4137, Train Reg Loss: 3.6280, Train MAPE: 17.6754, Train R: 0.8719, Train RRSE: 0.4943, Test Loss: 1139.8655, Test Node Loss: 0.2556, Test Reg Loss: 11.3961, Test MAPE: 18.7652, Test R: 0.8659, Test RRSE: 0.8291
2025-02-10 15:43:06,420:INFO:Epoch 138: Train Loss: 325.6326, Train Node Loss: 0.5279, Train Reg Loss: 3.2510, Train MAPE: 18.0221, Train R: 0.8847, Train RRSE: 0.4679, Test Loss: 836.8398, Test Node Loss: 0.3415, Test Reg Loss: 8.3650, Test MAPE: 18.6310, Test R: 0.8685, Test RRSE: 0.7103
2025-02-10 15:43:25,057:INFO:Epoch 139: Train Loss: 311.5513, Train Node Loss: 0.6463, Train Reg Loss: 3.1091, Train MAPE: 18.5826, Train R: 0.8899, Train RRSE: 0.4576, Test Loss: 735.9944, Test Node Loss: 0.3776, Test Reg Loss: 7.3562, Test MAPE: 18.8319, Test R: 0.8705, Test RRSE: 0.6661
2025-02-10 15:43:43,162:INFO:Epoch 140: Train Loss: 301.1860, Train Node Loss: 0.6081, Train Reg Loss: 3.0058, Train MAPE: 18.2231, Train R: 0.8933, Train RRSE: 0.4499, Test Loss: 449.9259, Test Node Loss: 0.5657, Test Reg Loss: 4.4936, Test MAPE: 18.6779, Test R: 0.8725, Test RRSE: 0.5206
2025-02-10 15:44:01,450:INFO:Epoch 141: Train Loss: 307.6351, Train Node Loss: 0.6757, Train Reg Loss: 3.0696, Train MAPE: 18.3065, Train R: 0.8909, Train RRSE: 0.4547, Test Loss: 927.5769, Test Node Loss: 0.3749, Test Reg Loss: 9.2720, Test MAPE: 18.7409, Test R: 0.8681, Test RRSE: 0.7478
2025-02-10 15:44:20,095:INFO:Epoch 142: Train Loss: 337.5692, Train Node Loss: 0.7038, Train Reg Loss: 3.3687, Train MAPE: 18.0784, Train R: 0.8797, Train RRSE: 0.4763, Test Loss: 1215.4307, Test Node Loss: 0.3435, Test Reg Loss: 12.1509, Test MAPE: 19.3961, Test R: 0.8647, Test RRSE: 0.8561
2025-02-10 15:44:38,601:INFO:Epoch 143: Train Loss: 294.5757, Train Node Loss: 0.7384, Train Reg Loss: 2.9384, Train MAPE: 18.2903, Train R: 0.8957, Train RRSE: 0.4448, Test Loss: 571.9622, Test Node Loss: 0.6427, Test Reg Loss: 5.7132, Test MAPE: 18.7050, Test R: 0.8708, Test RRSE: 0.5870
2025-02-10 15:44:57,100:INFO:Epoch 144: Train Loss: 334.8088, Train Node Loss: 0.8631, Train Reg Loss: 3.3395, Train MAPE: 18.6568, Train R: 0.8815, Train RRSE: 0.4742, Test Loss: 1225.6449, Test Node Loss: 0.3949, Test Reg Loss: 12.2525, Test MAPE: 19.7610, Test R: 0.8677, Test RRSE: 0.8597
2025-02-10 15:45:15,253:INFO:Epoch 145: Train Loss: 336.6617, Train Node Loss: 0.6465, Train Reg Loss: 3.3602, Train MAPE: 17.8226, Train R: 0.8844, Train RRSE: 0.4757, Test Loss: 1094.6436, Test Node Loss: 0.4328, Test Reg Loss: 10.9421, Test MAPE: 19.1768, Test R: 0.8676, Test RRSE: 0.8124
2025-02-10 15:45:33,621:INFO:Epoch 146: Train Loss: 352.6870, Train Node Loss: 0.8259, Train Reg Loss: 3.5186, Train MAPE: 18.4998, Train R: 0.8754, Train RRSE: 0.4868, Test Loss: 1009.6365, Test Node Loss: 0.4407, Test Reg Loss: 10.0920, Test MAPE: 18.9683, Test R: 0.8681, Test RRSE: 0.7802
2025-02-10 15:45:51,593:INFO:Epoch 147: Train Loss: 321.7018, Train Node Loss: 0.6263, Train Reg Loss: 3.2108, Train MAPE: 17.6765, Train R: 0.8879, Train RRSE: 0.4650, Test Loss: 950.8434, Test Node Loss: 0.3294, Test Reg Loss: 9.5051, Test MAPE: 18.9615, Test R: 0.8706, Test RRSE: 0.7572
2025-02-10 15:46:09,477:INFO:Epoch 148: Train Loss: 390.1574, Train Node Loss: 0.7011, Train Reg Loss: 3.8946, Train MAPE: 18.8645, Train R: 0.8629, Train RRSE: 0.5121, Test Loss: 1180.4705, Test Node Loss: 0.3236, Test Reg Loss: 11.8015, Test MAPE: 19.6325, Test R: 0.8667, Test RRSE: 0.8437
2025-02-10 15:46:27,736:INFO:Epoch 149: Train Loss: 276.0085, Train Node Loss: 0.5253, Train Reg Loss: 2.7548, Train MAPE: 17.9686, Train R: 0.9057, Train RRSE: 0.4307, Test Loss: 1625.0113, Test Node Loss: 0.2007, Test Reg Loss: 16.2481, Test MAPE: 20.1060, Test R: 0.8616, Test RRSE: 0.9899
2025-02-10 15:46:45,991:INFO:Epoch 150: Train Loss: 302.8582, Train Node Loss: 0.5317, Train Reg Loss: 3.0233, Train MAPE: 18.1342, Train R: 0.8934, Train RRSE: 0.4512, Test Loss: 1143.2554, Test Node Loss: 0.2886, Test Reg Loss: 11.4297, Test MAPE: 19.3733, Test R: 0.8629, Test RRSE: 0.8303
2025-02-10 15:47:03,965:INFO:Epoch 151: Train Loss: 303.8393, Train Node Loss: 0.6015, Train Reg Loss: 3.0324, Train MAPE: 18.5146, Train R: 0.8930, Train RRSE: 0.4519, Test Loss: 741.1541, Test Node Loss: 0.3702, Test Reg Loss: 7.4078, Test MAPE: 18.9640, Test R: 0.8655, Test RRSE: 0.6684
2025-02-10 15:47:21,845:INFO:Epoch 152: Train Loss: 328.3059, Train Node Loss: 0.5123, Train Reg Loss: 3.2779, Train MAPE: 18.2523, Train R: 0.8835, Train RRSE: 0.4698, Test Loss: 579.9616, Test Node Loss: 0.3708, Test Reg Loss: 5.7959, Test MAPE: 18.6473, Test R: 0.8693, Test RRSE: 0.5912
2025-02-10 15:47:39,727:INFO:Epoch 153: Train Loss: 313.6724, Train Node Loss: 0.5744, Train Reg Loss: 3.1310, Train MAPE: 18.3970, Train R: 0.8890, Train RRSE: 0.4592, Test Loss: 1163.1583, Test Node Loss: 0.3116, Test Reg Loss: 11.6285, Test MAPE: 19.6962, Test R: 0.8674, Test RRSE: 0.8375
2025-02-10 15:47:57,793:INFO:Epoch 154: Train Loss: 269.8091, Train Node Loss: 0.6803, Train Reg Loss: 2.6913, Train MAPE: 18.7457, Train R: 0.9064, Train RRSE: 0.4257, Test Loss: 1285.8154, Test Node Loss: 0.2661, Test Reg Loss: 12.8555, Test MAPE: 19.6417, Test R: 0.8669, Test RRSE: 0.8805
2025-02-10 15:48:16,100:INFO:Epoch 155: Train Loss: 337.0369, Train Node Loss: 0.5958, Train Reg Loss: 3.3644, Train MAPE: 17.8599, Train R: 0.8804, Train RRSE: 0.4760, Test Loss: 1146.7896, Test Node Loss: 0.3265, Test Reg Loss: 11.4646, Test MAPE: 19.4261, Test R: 0.8657, Test RRSE: 0.8316
2025-02-10 15:48:34,723:INFO:Epoch 156: Train Loss: 342.4489, Train Node Loss: 0.5107, Train Reg Loss: 3.4194, Train MAPE: 18.3016, Train R: 0.8801, Train RRSE: 0.4799, Test Loss: 841.6720, Test Node Loss: 1.0345, Test Reg Loss: 8.4064, Test MAPE: 22.6441, Test R: 0.8747, Test RRSE: 0.7121
2025-02-10 15:48:53,215:INFO:Epoch 157: Train Loss: 347.2668, Train Node Loss: 0.4898, Train Reg Loss: 3.4678, Train MAPE: 17.5941, Train R: 0.8807, Train RRSE: 0.4832, Test Loss: 813.8740, Test Node Loss: 0.3726, Test Reg Loss: 8.1350, Test MAPE: 18.5630, Test R: 0.8740, Test RRSE: 0.7005
2025-02-10 15:49:11,830:INFO:Epoch 158: Train Loss: 304.3749, Train Node Loss: 0.6924, Train Reg Loss: 3.0368, Train MAPE: 18.8713, Train R: 0.8932, Train RRSE: 0.4522, Test Loss: 1541.0286, Test Node Loss: 0.3446, Test Reg Loss: 15.4068, Test MAPE: 20.2665, Test R: 0.8636, Test RRSE: 0.9640
2025-02-10 15:49:30,213:INFO:Epoch 159: Train Loss: 312.8209, Train Node Loss: 0.7400, Train Reg Loss: 3.1208, Train MAPE: 18.0228, Train R: 0.8903, Train RRSE: 0.4584, Test Loss: 405.2332, Test Node Loss: 0.7289, Test Reg Loss: 4.0450, Test MAPE: 18.7090, Test R: 0.8716, Test RRSE: 0.4939
2025-02-10 15:49:48,916:INFO:Epoch 160: Train Loss: 317.9812, Train Node Loss: 0.6632, Train Reg Loss: 3.1732, Train MAPE: 17.8061, Train R: 0.8886, Train RRSE: 0.4623, Test Loss: 453.6032, Test Node Loss: 0.7273, Test Reg Loss: 4.5288, Test MAPE: 18.9073, Test R: 0.8732, Test RRSE: 0.5226
2025-02-10 15:50:07,643:INFO:Epoch 161: Train Loss: 313.9249, Train Node Loss: 0.9472, Train Reg Loss: 3.1298, Train MAPE: 19.0645, Train R: 0.8936, Train RRSE: 0.4591, Test Loss: 1544.1264, Test Node Loss: 0.2799, Test Reg Loss: 15.4385, Test MAPE: 20.2415, Test R: 0.8668, Test RRSE: 0.9650
2025-02-10 15:50:25,859:INFO:Epoch 162: Train Loss: 340.3624, Train Node Loss: 0.5670, Train Reg Loss: 3.3980, Train MAPE: 17.5049, Train R: 0.8905, Train RRSE: 0.4784, Test Loss: 820.5814, Test Node Loss: 0.3737, Test Reg Loss: 8.2021, Test MAPE: 18.5402, Test R: 0.8647, Test RRSE: 0.7033
2025-02-10 15:50:44,169:INFO:Epoch 163: Train Loss: 339.0374, Train Node Loss: 0.6353, Train Reg Loss: 3.3840, Train MAPE: 18.3273, Train R: 0.8801, Train RRSE: 0.4774, Test Loss: 1230.4226, Test Node Loss: 0.2060, Test Reg Loss: 12.3022, Test MAPE: 19.5207, Test R: 0.8656, Test RRSE: 0.8614
2025-02-10 15:51:02,363:INFO:Epoch 164: Train Loss: 305.5825, Train Node Loss: 0.5419, Train Reg Loss: 3.0504, Train MAPE: 18.4570, Train R: 0.8916, Train RRSE: 0.4532, Test Loss: 1761.5876, Test Node Loss: 0.1722, Test Reg Loss: 17.6142, Test MAPE: 20.6128, Test R: 0.8598, Test RRSE: 1.0307
2025-02-10 15:51:20,417:INFO:Epoch 165: Train Loss: 302.0833, Train Node Loss: 0.5005, Train Reg Loss: 3.0158, Train MAPE: 18.4092, Train R: 0.8927, Train RRSE: 0.4507, Test Loss: 734.5799, Test Node Loss: 0.2947, Test Reg Loss: 7.3429, Test MAPE: 18.9675, Test R: 0.8666, Test RRSE: 0.6655
2025-02-10 15:51:38,488:INFO:Epoch 166: Train Loss: 287.4077, Train Node Loss: 0.4704, Train Reg Loss: 2.8694, Train MAPE: 18.0616, Train R: 0.8990, Train RRSE: 0.4396, Test Loss: 1223.5528, Test Node Loss: 0.2015, Test Reg Loss: 12.2335, Test MAPE: 19.1433, Test R: 0.8623, Test RRSE: 0.8590
2025-02-10 15:51:56,946:INFO:Epoch 167: Train Loss: 294.6378, Train Node Loss: 0.5064, Train Reg Loss: 2.9413, Train MAPE: 18.0162, Train R: 0.8961, Train RRSE: 0.4451, Test Loss: 1403.6487, Test Node Loss: 0.2608, Test Reg Loss: 14.0339, Test MAPE: 20.1836, Test R: 0.8612, Test RRSE: 0.9200
2025-02-10 15:52:15,264:INFO:Epoch 168: Train Loss: 321.8517, Train Node Loss: 0.6188, Train Reg Loss: 3.2123, Train MAPE: 18.9029, Train R: 0.8868, Train RRSE: 0.4651, Test Loss: 552.5870, Test Node Loss: 0.4639, Test Reg Loss: 5.5212, Test MAPE: 18.7828, Test R: 0.8670, Test RRSE: 0.5771
2025-02-10 15:52:34,023:INFO:Epoch 169: Train Loss: 317.5974, Train Node Loss: 0.4134, Train Reg Loss: 3.1718, Train MAPE: 17.4343, Train R: 0.8922, Train RRSE: 0.4622, Test Loss: 410.3108, Test Node Loss: 0.4482, Test Reg Loss: 4.0986, Test MAPE: 18.6541, Test R: 0.8733, Test RRSE: 0.4972
2025-02-10 15:52:52,731:INFO:Epoch 170: Train Loss: 300.1214, Train Node Loss: 0.5742, Train Reg Loss: 2.9955, Train MAPE: 18.6019, Train R: 0.8972, Train RRSE: 0.4491, Test Loss: 2829.3301, Test Node Loss: 0.1257, Test Reg Loss: 28.2920, Test MAPE: 23.6519, Test R: 0.8602, Test RRSE: 1.3063
2025-02-10 15:53:10,986:INFO:Epoch 171: Train Loss: 297.7739, Train Node Loss: 0.4998, Train Reg Loss: 2.9727, Train MAPE: 18.1886, Train R: 0.8967, Train RRSE: 0.4474, Test Loss: 1260.0490, Test Node Loss: 0.2624, Test Reg Loss: 12.5979, Test MAPE: 19.5789, Test R: 0.8627, Test RRSE: 0.8717
2025-02-10 15:53:29,484:INFO:Epoch 172: Train Loss: 316.2334, Train Node Loss: 0.5835, Train Reg Loss: 3.1565, Train MAPE: 18.0063, Train R: 0.8892, Train RRSE: 0.4610, Test Loss: 1094.5159, Test Node Loss: 0.3072, Test Reg Loss: 10.9421, Test MAPE: 19.7225, Test R: 0.8646, Test RRSE: 0.8124
2025-02-10 15:53:47,945:INFO:Epoch 173: Train Loss: 321.9161, Train Node Loss: 0.6291, Train Reg Loss: 3.2129, Train MAPE: 19.2238, Train R: 0.8891, Train RRSE: 0.4651, Test Loss: 645.4452, Test Node Loss: 0.4140, Test Reg Loss: 6.4503, Test MAPE: 18.9930, Test R: 0.8672, Test RRSE: 0.6237
2025-02-10 15:54:06,875:INFO:Epoch 174: Train Loss: 308.5581, Train Node Loss: 0.4792, Train Reg Loss: 3.0808, Train MAPE: 17.9608, Train R: 0.8919, Train RRSE: 0.4555, Test Loss: 773.6893, Test Node Loss: 0.3733, Test Reg Loss: 7.7332, Test MAPE: 18.9952, Test R: 0.8685, Test RRSE: 0.6829
2025-02-10 15:54:25,711:INFO:Epoch 175: Train Loss: 297.8583, Train Node Loss: 0.5367, Train Reg Loss: 2.9732, Train MAPE: 18.1315, Train R: 0.8950, Train RRSE: 0.4475, Test Loss: 1425.1406, Test Node Loss: 0.3174, Test Reg Loss: 14.2482, Test MAPE: 20.4506, Test R: 0.8620, Test RRSE: 0.9270
2025-02-10 15:54:44,117:INFO:Epoch 176: Train Loss: 258.4910, Train Node Loss: 0.5743, Train Reg Loss: 2.5792, Train MAPE: 18.3125, Train R: 0.9100, Train RRSE: 0.4168, Test Loss: 892.0256, Test Node Loss: 0.3398, Test Reg Loss: 8.9169, Test MAPE: 18.8477, Test R: 0.8686, Test RRSE: 0.7334
2025-02-10 15:55:02,652:INFO:Epoch 177: Train Loss: 275.0788, Train Node Loss: 0.5599, Train Reg Loss: 2.7452, Train MAPE: 18.5318, Train R: 0.9029, Train RRSE: 0.4300, Test Loss: 820.2465, Test Node Loss: 0.2892, Test Reg Loss: 8.1996, Test MAPE: 18.9325, Test R: 0.8687, Test RRSE: 0.7032
2025-02-10 15:55:20,956:INFO:Epoch 178: Train Loss: 295.8820, Train Node Loss: 0.5091, Train Reg Loss: 2.9537, Train MAPE: 17.7952, Train R: 0.8977, Train RRSE: 0.4460, Test Loss: 704.2566, Test Node Loss: 0.3809, Test Reg Loss: 7.0388, Test MAPE: 19.0437, Test R: 0.8686, Test RRSE: 0.6516
2025-02-10 15:55:39,442:INFO:Epoch 179: Train Loss: 318.2525, Train Node Loss: 0.6795, Train Reg Loss: 3.1757, Train MAPE: 18.6230, Train R: 0.8881, Train RRSE: 0.4624, Test Loss: 1506.7927, Test Node Loss: 0.2680, Test Reg Loss: 15.0652, Test MAPE: 20.3984, Test R: 0.8645, Test RRSE: 0.9532
2025-02-10 15:55:57,226:INFO:Epoch 180: Train Loss: 268.3816, Train Node Loss: 0.6728, Train Reg Loss: 2.6771, Train MAPE: 18.2850, Train R: 0.9063, Train RRSE: 0.4246, Test Loss: 1020.6185, Test Node Loss: 0.3903, Test Reg Loss: 10.2023, Test MAPE: 19.3820, Test R: 0.8626, Test RRSE: 0.7844
2025-02-10 15:56:15,373:INFO:Epoch 181: Train Loss: 235.5746, Train Node Loss: 0.6365, Train Reg Loss: 2.3494, Train MAPE: 18.5436, Train R: 0.9177, Train RRSE: 0.3978, Test Loss: 1162.7068, Test Node Loss: 0.3934, Test Reg Loss: 11.6231, Test MAPE: 19.7566, Test R: 0.8634, Test RRSE: 0.8373
2025-02-10 15:56:33,808:INFO:Epoch 182: Train Loss: 272.2859, Train Node Loss: 0.6577, Train Reg Loss: 2.7163, Train MAPE: 18.4361, Train R: 0.9042, Train RRSE: 0.4277, Test Loss: 1093.6228, Test Node Loss: 0.4140, Test Reg Loss: 10.9321, Test MAPE: 19.6061, Test R: 0.8620, Test RRSE: 0.8120
2025-02-10 15:56:52,008:INFO:Epoch 183: Train Loss: 272.8456, Train Node Loss: 0.7835, Train Reg Loss: 2.7206, Train MAPE: 18.5421, Train R: 0.9061, Train RRSE: 0.4280, Test Loss: 1124.5184, Test Node Loss: 0.4287, Test Reg Loss: 11.2409, Test MAPE: 20.0538, Test R: 0.8650, Test RRSE: 0.8234
2025-02-10 15:57:10,334:INFO:Epoch 184: Train Loss: 274.2825, Train Node Loss: 0.6637, Train Reg Loss: 2.7362, Train MAPE: 18.6039, Train R: 0.9037, Train RRSE: 0.4293, Test Loss: 873.2400, Test Node Loss: 0.4435, Test Reg Loss: 8.7280, Test MAPE: 19.3342, Test R: 0.8701, Test RRSE: 0.7255
2025-02-10 15:57:29,320:INFO:Epoch 185: Train Loss: 251.0770, Train Node Loss: 0.6434, Train Reg Loss: 2.5043, Train MAPE: 18.0075, Train R: 0.9135, Train RRSE: 0.4107, Test Loss: 1234.5395, Test Node Loss: 0.4320, Test Reg Loss: 12.3411, Test MAPE: 19.8565, Test R: 0.8678, Test RRSE: 0.8628
2025-02-10 15:57:47,852:INFO:Epoch 186: Train Loss: 303.8988, Train Node Loss: 0.8117, Train Reg Loss: 3.0309, Train MAPE: 19.0191, Train R: 0.8949, Train RRSE: 0.4518, Test Loss: 2513.8719, Test Node Loss: 0.2113, Test Reg Loss: 25.1366, Test MAPE: 22.4817, Test R: 0.8641, Test RRSE: 1.2313
2025-02-10 15:58:06,505:INFO:Epoch 187: Train Loss: 288.3157, Train Node Loss: 0.5192, Train Reg Loss: 2.8780, Train MAPE: 17.6239, Train R: 0.9037, Train RRSE: 0.4402, Test Loss: 2317.0699, Test Node Loss: 0.2099, Test Reg Loss: 23.1686, Test MAPE: 22.1481, Test R: 0.8584, Test RRSE: 1.1821
2025-02-10 15:58:25,378:INFO:Epoch 188: Train Loss: 265.1647, Train Node Loss: 0.5616, Train Reg Loss: 2.6460, Train MAPE: 18.5887, Train R: 0.9066, Train RRSE: 0.4221, Test Loss: 709.8680, Test Node Loss: 0.3813, Test Reg Loss: 7.0949, Test MAPE: 19.2640, Test R: 0.8688, Test RRSE: 0.6542
2025-02-10 15:58:44,280:INFO:Epoch 189: Train Loss: 300.2545, Train Node Loss: 0.5226, Train Reg Loss: 2.9973, Train MAPE: 18.2472, Train R: 0.8935, Train RRSE: 0.4493, Test Loss: 670.5810, Test Node Loss: 0.3945, Test Reg Loss: 6.7019, Test MAPE: 19.2707, Test R: 0.8701, Test RRSE: 0.6358
2025-02-10 15:59:03,307:INFO:Epoch 190: Train Loss: 277.0332, Train Node Loss: 0.6402, Train Reg Loss: 2.7639, Train MAPE: 18.9122, Train R: 0.9054, Train RRSE: 0.4314, Test Loss: 1634.9124, Test Node Loss: 0.2301, Test Reg Loss: 16.3468, Test MAPE: 20.1777, Test R: 0.8620, Test RRSE: 0.9929
2025-02-10 15:59:22,079:INFO:Epoch 191: Train Loss: 371.2719, Train Node Loss: 0.4894, Train Reg Loss: 3.7078, Train MAPE: 17.9710, Train R: 0.8687, Train RRSE: 0.4997, Test Loss: 1135.1988, Test Node Loss: 0.3011, Test Reg Loss: 11.3490, Test MAPE: 19.1884, Test R: 0.8637, Test RRSE: 0.8273
2025-02-10 15:59:41,097:INFO:Epoch 192: Train Loss: 331.6895, Train Node Loss: 0.4700, Train Reg Loss: 3.3122, Train MAPE: 17.8928, Train R: 0.8818, Train RRSE: 0.4723, Test Loss: 932.4633, Test Node Loss: 0.1898, Test Reg Loss: 9.3227, Test MAPE: 19.2697, Test R: 0.8696, Test RRSE: 0.7499
2025-02-10 16:00:00,245:INFO:Epoch 193: Train Loss: 270.9852, Train Node Loss: 0.3641, Train Reg Loss: 2.7062, Train MAPE: 18.4029, Train R: 0.9050, Train RRSE: 0.4269, Test Loss: 679.4795, Test Node Loss: 0.2500, Test Reg Loss: 6.7923, Test MAPE: 18.7193, Test R: 0.8674, Test RRSE: 0.6401
2025-02-10 16:00:19,016:INFO:Epoch 194: Train Loss: 231.8832, Train Node Loss: 0.4295, Train Reg Loss: 2.3145, Train MAPE: 18.5622, Train R: 0.9196, Train RRSE: 0.3948, Test Loss: 1949.3744, Test Node Loss: 0.1287, Test Reg Loss: 19.4925, Test MAPE: 21.1130, Test R: 0.8609, Test RRSE: 1.0843
2025-02-10 16:00:37,283:INFO:Epoch 195: Train Loss: 275.2124, Train Node Loss: 0.4681, Train Reg Loss: 2.7474, Train MAPE: 18.4842, Train R: 0.9032, Train RRSE: 0.4301, Test Loss: 946.1062, Test Node Loss: 0.2738, Test Reg Loss: 9.4583, Test MAPE: 19.8051, Test R: 0.8674, Test RRSE: 0.7553
2025-02-10 16:00:55,932:INFO:Epoch 196: Train Loss: 294.1079, Train Node Loss: 0.3931, Train Reg Loss: 2.9371, Train MAPE: 18.4124, Train R: 0.8974, Train RRSE: 0.4447, Test Loss: 436.9130, Test Node Loss: 0.5333, Test Reg Loss: 4.3638, Test MAPE: 20.0072, Test R: 0.8735, Test RRSE: 0.5130
2025-02-10 16:01:14,641:INFO:Epoch 197: Train Loss: 307.3408, Train Node Loss: 0.4738, Train Reg Loss: 3.0687, Train MAPE: 18.6058, Train R: 0.8968, Train RRSE: 0.4546, Test Loss: 2316.2006, Test Node Loss: 0.1554, Test Reg Loss: 23.1605, Test MAPE: 22.2151, Test R: 0.8621, Test RRSE: 1.1819
2025-02-10 16:01:33,008:INFO:Epoch 198: Train Loss: 296.3884, Train Node Loss: 0.4062, Train Reg Loss: 2.9598, Train MAPE: 17.8111, Train R: 0.9043, Train RRSE: 0.4464, Test Loss: 1267.7821, Test Node Loss: 0.2658, Test Reg Loss: 12.6752, Test MAPE: 19.5067, Test R: 0.8582, Test RRSE: 0.8744
2025-02-10 16:01:51,744:INFO:Epoch 199: Train Loss: 285.7986, Train Node Loss: 0.5326, Train Reg Loss: 2.8527, Train MAPE: 18.5423, Train R: 0.9016, Train RRSE: 0.4383, Test Loss: 430.7789, Test Node Loss: 0.4311, Test Reg Loss: 4.3035, Test MAPE: 19.5997, Test R: 0.8696, Test RRSE: 0.5095
2025-02-10 16:02:10,659:INFO:Epoch 200: Train Loss: 327.5450, Train Node Loss: 0.3981, Train Reg Loss: 3.2715, Train MAPE: 18.7807, Train R: 0.8845, Train RRSE: 0.4694, Test Loss: 1312.5608, Test Node Loss: 0.1503, Test Reg Loss: 13.1241, Test MAPE: 19.8568, Test R: 0.8672, Test RRSE: 0.8897
2025-02-10 16:02:29,233:INFO:Epoch 201: Train Loss: 328.4634, Train Node Loss: 0.4467, Train Reg Loss: 3.2802, Train MAPE: 18.9099, Train R: 0.8899, Train RRSE: 0.4700, Test Loss: 1041.8361, Test Node Loss: 0.1837, Test Reg Loss: 10.4165, Test MAPE: 19.2274, Test R: 0.8637, Test RRSE: 0.7926
2025-02-10 16:02:47,904:INFO:Epoch 202: Train Loss: 303.8287, Train Node Loss: 0.2636, Train Reg Loss: 3.0357, Train MAPE: 17.7702, Train R: 0.9020, Train RRSE: 0.4521, Test Loss: 890.2656, Test Node Loss: 0.1667, Test Reg Loss: 8.9010, Test MAPE: 19.1245, Test R: 0.8686, Test RRSE: 0.7327
2025-02-10 16:03:06,400:INFO:Epoch 203: Train Loss: 291.0320, Train Node Loss: 0.3260, Train Reg Loss: 2.9071, Train MAPE: 18.7653, Train R: 0.9018, Train RRSE: 0.4425, Test Loss: 1110.9234, Test Node Loss: 0.1393, Test Reg Loss: 11.1078, Test MAPE: 19.2049, Test R: 0.8658, Test RRSE: 0.8185
2025-02-10 16:03:25,002:INFO:Epoch 204: Train Loss: 285.0610, Train Node Loss: 0.2373, Train Reg Loss: 2.8482, Train MAPE: 18.0211, Train R: 0.9030, Train RRSE: 0.4380, Test Loss: 533.8455, Test Node Loss: 0.1629, Test Reg Loss: 5.3368, Test MAPE: 18.8996, Test R: 0.8714, Test RRSE: 0.5673
2025-02-10 16:03:43,792:INFO:Epoch 205: Train Loss: 262.7806, Train Node Loss: 0.2564, Train Reg Loss: 2.6252, Train MAPE: 18.6596, Train R: 0.9095, Train RRSE: 0.4205, Test Loss: 1585.7949, Test Node Loss: 0.0807, Test Reg Loss: 15.8571, Test MAPE: 20.4314, Test R: 0.8637, Test RRSE: 0.9780
2025-02-10 16:04:02,319:INFO:Epoch 206: Train Loss: 284.5697, Train Node Loss: 0.2648, Train Reg Loss: 2.8430, Train MAPE: 18.2963, Train R: 0.9006, Train RRSE: 0.4376, Test Loss: 1891.9064, Test Node Loss: 0.0821, Test Reg Loss: 18.9182, Test MAPE: 20.7403, Test R: 0.8522, Test RRSE: 1.0682
2025-02-10 16:04:20,978:INFO:Epoch 207: Train Loss: 293.7124, Train Node Loss: 0.3325, Train Reg Loss: 2.9338, Train MAPE: 18.3775, Train R: 0.8975, Train RRSE: 0.4445, Test Loss: 610.9148, Test Node Loss: 0.2625, Test Reg Loss: 6.1065, Test MAPE: 18.5106, Test R: 0.8660, Test RRSE: 0.6069
2025-02-10 16:04:39,706:INFO:Epoch 208: Train Loss: 294.9581, Train Node Loss: 0.3299, Train Reg Loss: 2.9463, Train MAPE: 18.0513, Train R: 0.8972, Train RRSE: 0.4454, Test Loss: 583.3446, Test Node Loss: 0.2561, Test Reg Loss: 5.8309, Test MAPE: 18.7189, Test R: 0.8696, Test RRSE: 0.5930
2025-02-10 16:04:58,514:INFO:Epoch 209: Train Loss: 249.0131, Train Node Loss: 0.3971, Train Reg Loss: 2.4862, Train MAPE: 19.0571, Train R: 0.9144, Train RRSE: 0.4092, Test Loss: 1389.5892, Test Node Loss: 0.1326, Test Reg Loss: 13.8946, Test MAPE: 20.2639, Test R: 0.8663, Test RRSE: 0.9154
2025-02-10 16:05:17,218:INFO:Epoch 210: Train Loss: 267.0433, Train Node Loss: 0.3331, Train Reg Loss: 2.6671, Train MAPE: 17.9672, Train R: 0.9107, Train RRSE: 0.4238, Test Loss: 1638.6977, Test Node Loss: 0.1257, Test Reg Loss: 16.3857, Test MAPE: 20.2671, Test R: 0.8579, Test RRSE: 0.9941
2025-02-10 16:05:35,783:INFO:Epoch 211: Train Loss: 289.0031, Train Node Loss: 0.4281, Train Reg Loss: 2.8858, Train MAPE: 18.8542, Train R: 0.9018, Train RRSE: 0.4408, Test Loss: 1188.7155, Test Node Loss: 0.1220, Test Reg Loss: 11.8859, Test MAPE: 19.4239, Test R: 0.8652, Test RRSE: 0.8467
2025-02-10 16:05:54,319:INFO:Epoch 212: Train Loss: 265.5783, Train Node Loss: 0.2750, Train Reg Loss: 2.6530, Train MAPE: 18.1222, Train R: 0.9091, Train RRSE: 0.4227, Test Loss: 574.4894, Test Node Loss: 0.1885, Test Reg Loss: 5.7430, Test MAPE: 18.8723, Test R: 0.8685, Test RRSE: 0.5885
2025-02-10 16:06:12,852:INFO:Epoch 213: Train Loss: 292.4643, Train Node Loss: 0.3308, Train Reg Loss: 2.9213, Train MAPE: 19.0399, Train R: 0.9025, Train RRSE: 0.4435, Test Loss: 1942.3599, Test Node Loss: 0.1144, Test Reg Loss: 19.4225, Test MAPE: 21.4515, Test R: 0.8571, Test RRSE: 1.0823
2025-02-10 16:06:31,012:INFO:Epoch 214: Train Loss: 321.5698, Train Node Loss: 0.2458, Train Reg Loss: 3.2132, Train MAPE: 17.7244, Train R: 0.8896, Train RRSE: 0.4652, Test Loss: 1032.8456, Test Node Loss: 0.1485, Test Reg Loss: 10.3270, Test MAPE: 18.9276, Test R: 0.8564, Test RRSE: 0.7892
2025-02-10 16:06:49,914:INFO:Epoch 215: Train Loss: 267.5092, Train Node Loss: 0.2798, Train Reg Loss: 2.6723, Train MAPE: 18.3298, Train R: 0.9058, Train RRSE: 0.4242, Test Loss: 889.1057, Test Node Loss: 0.1404, Test Reg Loss: 8.8897, Test MAPE: 19.4259, Test R: 0.8669, Test RRSE: 0.7322
2025-02-10 16:07:08,458:INFO:Epoch 216: Train Loss: 272.9153, Train Node Loss: 0.2979, Train Reg Loss: 2.7262, Train MAPE: 18.6512, Train R: 0.9043, Train RRSE: 0.4285, Test Loss: 724.1168, Test Node Loss: 0.1643, Test Reg Loss: 7.2395, Test MAPE: 18.8486, Test R: 0.8660, Test RRSE: 0.6608
2025-02-10 16:07:27,261:INFO:Epoch 217: Train Loss: 262.3472, Train Node Loss: 0.3403, Train Reg Loss: 2.6201, Train MAPE: 18.4268, Train R: 0.9092, Train RRSE: 0.4200, Test Loss: 901.3647, Test Node Loss: 0.2833, Test Reg Loss: 9.0108, Test MAPE: 18.8990, Test R: 0.8632, Test RRSE: 0.7372
2025-02-10 16:07:45,771:INFO:Epoch 218: Train Loss: 241.7946, Train Node Loss: 0.4685, Train Reg Loss: 2.4133, Train MAPE: 18.3631, Train R: 0.9190, Train RRSE: 0.4031, Test Loss: 1201.3854, Test Node Loss: 0.2036, Test Reg Loss: 12.0118, Test MAPE: 19.7305, Test R: 0.8649, Test RRSE: 0.8512
2025-02-10 16:08:04,779:INFO:Epoch 219: Train Loss: 238.5248, Train Node Loss: 0.4532, Train Reg Loss: 2.3807, Train MAPE: 18.6961, Train R: 0.9167, Train RRSE: 0.4004, Test Loss: 1633.6567, Test Node Loss: 0.1586, Test Reg Loss: 16.3350, Test MAPE: 20.3546, Test R: 0.8562, Test RRSE: 0.9926
2025-02-10 16:08:23,406:INFO:Epoch 220: Train Loss: 286.0877, Train Node Loss: 0.4447, Train Reg Loss: 2.8564, Train MAPE: 18.3791, Train R: 0.8993, Train RRSE: 0.4386, Test Loss: 927.0976, Test Node Loss: 0.2522, Test Reg Loss: 9.2685, Test MAPE: 18.7127, Test R: 0.8641, Test RRSE: 0.7477
2025-02-10 16:08:42,205:INFO:Epoch 221: Train Loss: 244.1846, Train Node Loss: 0.3817, Train Reg Loss: 2.4380, Train MAPE: 18.0224, Train R: 0.9173, Train RRSE: 0.4052, Test Loss: 1027.6787, Test Node Loss: 0.2576, Test Reg Loss: 10.2742, Test MAPE: 19.5261, Test R: 0.8669, Test RRSE: 0.7872
2025-02-10 16:09:00,941:INFO:Epoch 222: Train Loss: 298.1461, Train Node Loss: 0.4280, Train Reg Loss: 2.9772, Train MAPE: 18.2950, Train R: 0.8957, Train RRSE: 0.4478, Test Loss: 1425.5393, Test Node Loss: 0.1495, Test Reg Loss: 14.2539, Test MAPE: 20.2616, Test R: 0.8642, Test RRSE: 0.9272
2025-02-10 16:09:19,751:INFO:Epoch 223: Train Loss: 239.3557, Train Node Loss: 0.4096, Train Reg Loss: 2.3895, Train MAPE: 18.4343, Train R: 0.9165, Train RRSE: 0.4011, Test Loss: 1626.3523, Test Node Loss: 0.1780, Test Reg Loss: 16.2617, Test MAPE: 20.7098, Test R: 0.8567, Test RRSE: 0.9904
2025-02-10 16:09:38,306:INFO:Epoch 224: Train Loss: 226.3361, Train Node Loss: 0.4927, Train Reg Loss: 2.2584, Train MAPE: 18.4156, Train R: 0.9224, Train RRSE: 0.3900, Test Loss: 1159.7907, Test Node Loss: 0.1923, Test Reg Loss: 11.5960, Test MAPE: 18.9305, Test R: 0.8546, Test RRSE: 0.8363
2025-02-10 16:09:57,144:INFO:Epoch 225: Train Loss: 263.5737, Train Node Loss: 0.3874, Train Reg Loss: 2.6319, Train MAPE: 17.7005, Train R: 0.9145, Train RRSE: 0.4210, Test Loss: 453.3446, Test Node Loss: 0.4577, Test Reg Loss: 4.5289, Test MAPE: 20.0194, Test R: 0.8708, Test RRSE: 0.5226
2025-02-10 16:10:15,993:INFO:Epoch 226: Train Loss: 340.0185, Train Node Loss: 0.4594, Train Reg Loss: 3.3956, Train MAPE: 19.1648, Train R: 0.8852, Train RRSE: 0.4782, Test Loss: 437.8596, Test Node Loss: 0.2257, Test Reg Loss: 4.3763, Test MAPE: 18.8084, Test R: 0.8714, Test RRSE: 0.5138
2025-02-10 16:10:34,641:INFO:Epoch 227: Train Loss: 289.2347, Train Node Loss: 0.2723, Train Reg Loss: 2.8896, Train MAPE: 17.8305, Train R: 0.9007, Train RRSE: 0.4411, Test Loss: 1665.3950, Test Node Loss: 0.0826, Test Reg Loss: 16.6531, Test MAPE: 20.0336, Test R: 0.8555, Test RRSE: 1.0022
2025-02-10 16:10:53,371:INFO:Epoch 228: Train Loss: 299.0856, Train Node Loss: 0.3968, Train Reg Loss: 2.9869, Train MAPE: 19.3631, Train R: 0.9028, Train RRSE: 0.4485, Test Loss: 1455.6597, Test Node Loss: 0.0814, Test Reg Loss: 14.5558, Test MAPE: 20.0384, Test R: 0.8598, Test RRSE: 0.9370
2025-02-10 16:11:11,407:INFO:Epoch 229: Train Loss: 326.2890, Train Node Loss: 0.2180, Train Reg Loss: 3.2607, Train MAPE: 17.8454, Train R: 0.8887, Train RRSE: 0.4686, Test Loss: 1391.6900, Test Node Loss: 0.0704, Test Reg Loss: 13.9162, Test MAPE: 19.7407, Test R: 0.8629, Test RRSE: 0.9162
2025-02-10 16:11:29,943:INFO:Epoch 230: Train Loss: 233.7174, Train Node Loss: 0.1881, Train Reg Loss: 2.3353, Train MAPE: 18.3245, Train R: 0.9188, Train RRSE: 0.3966, Test Loss: 678.1757, Test Node Loss: 0.0878, Test Reg Loss: 6.7809, Test MAPE: 18.9479, Test R: 0.8674, Test RRSE: 0.6395
2025-02-10 16:11:48,209:INFO:Epoch 231: Train Loss: 261.0751, Train Node Loss: 0.2149, Train Reg Loss: 2.6086, Train MAPE: 18.5384, Train R: 0.9085, Train RRSE: 0.4191, Test Loss: 1031.2878, Test Node Loss: 0.0709, Test Reg Loss: 10.3122, Test MAPE: 19.2298, Test R: 0.8598, Test RRSE: 0.7887
2025-02-10 16:12:06,540:INFO:Epoch 232: Train Loss: 245.3657, Train Node Loss: 0.2187, Train Reg Loss: 2.4515, Train MAPE: 18.2369, Train R: 0.9139, Train RRSE: 0.4063, Test Loss: 1542.4880, Test Node Loss: 0.0706, Test Reg Loss: 15.4242, Test MAPE: 20.0603, Test R: 0.8578, Test RRSE: 0.9645
2025-02-10 16:12:25,034:INFO:Epoch 233: Train Loss: 290.5099, Train Node Loss: 0.2700, Train Reg Loss: 2.9024, Train MAPE: 18.8974, Train R: 0.9002, Train RRSE: 0.4421, Test Loss: 800.9810, Test Node Loss: 0.1302, Test Reg Loss: 8.0085, Test MAPE: 18.5805, Test R: 0.8584, Test RRSE: 0.6950
2025-02-10 16:12:43,242:INFO:Epoch 234: Train Loss: 250.0307, Train Node Loss: 0.2041, Train Reg Loss: 2.4983, Train MAPE: 18.0305, Train R: 0.9184, Train RRSE: 0.4102, Test Loss: 692.8655, Test Node Loss: 0.1131, Test Reg Loss: 6.9275, Test MAPE: 19.1236, Test R: 0.8667, Test RRSE: 0.6464
2025-02-10 16:13:01,551:INFO:Epoch 235: Train Loss: 260.7090, Train Node Loss: 0.2584, Train Reg Loss: 2.6045, Train MAPE: 18.6614, Train R: 0.9082, Train RRSE: 0.4188, Test Loss: 1243.1307, Test Node Loss: 0.1164, Test Reg Loss: 12.4301, Test MAPE: 19.6434, Test R: 0.8550, Test RRSE: 0.8659
2025-02-10 16:13:19,985:INFO:Epoch 236: Train Loss: 245.9162, Train Node Loss: 0.3020, Train Reg Loss: 2.4561, Train MAPE: 18.4798, Train R: 0.9147, Train RRSE: 0.4067, Test Loss: 1059.8240, Test Node Loss: 0.1273, Test Reg Loss: 10.5970, Test MAPE: 19.2494, Test R: 0.8600, Test RRSE: 0.7995
2025-02-10 16:13:38,097:INFO:Epoch 237: Train Loss: 257.3743, Train Node Loss: 0.3394, Train Reg Loss: 2.5703, Train MAPE: 18.7202, Train R: 0.9102, Train RRSE: 0.4160, Test Loss: 932.2269, Test Node Loss: 0.2023, Test Reg Loss: 9.3202, Test MAPE: 19.5770, Test R: 0.8588, Test RRSE: 0.7498
2025-02-10 16:13:56,218:INFO:Epoch 238: Train Loss: 268.0119, Train Node Loss: 0.2936, Train Reg Loss: 2.6772, Train MAPE: 17.7678, Train R: 0.9095, Train RRSE: 0.4246, Test Loss: 639.6735, Test Node Loss: 0.2141, Test Reg Loss: 6.3946, Test MAPE: 18.7617, Test R: 0.8618, Test RRSE: 0.6210
2025-02-10 16:14:13,818:INFO:Epoch 239: Train Loss: 305.3646, Train Node Loss: 0.4079, Train Reg Loss: 3.0496, Train MAPE: 19.3434, Train R: 0.9064, Train RRSE: 0.4532, Test Loss: 2694.7551, Test Node Loss: 0.0437, Test Reg Loss: 26.9471, Test MAPE: 23.0988, Test R: 0.8531, Test RRSE: 1.2749
2025-02-10 16:14:31,408:INFO:Epoch 240: Train Loss: 359.5078, Train Node Loss: 0.1913, Train Reg Loss: 3.5932, Train MAPE: 16.8974, Train R: 0.8943, Train RRSE: 0.4919, Test Loss: 3652.2025, Test Node Loss: 0.0240, Test Reg Loss: 36.5218, Test MAPE: 24.5304, Test R: 0.8369, Test RRSE: 1.4842
2025-02-10 16:14:49,335:INFO:Epoch 241: Train Loss: 444.4523, Train Node Loss: 0.2950, Train Reg Loss: 4.4416, Train MAPE: 18.7218, Train R: 0.8537, Train RRSE: 0.5469, Test Loss: 543.5545, Test Node Loss: 0.1111, Test Reg Loss: 5.4344, Test MAPE: 19.8388, Test R: 0.8661, Test RRSE: 0.5725
2025-02-10 16:15:07,499:INFO:Epoch 242: Train Loss: 342.7582, Train Node Loss: 0.1115, Train Reg Loss: 3.4265, Train MAPE: 17.5000, Train R: 0.8874, Train RRSE: 0.4804, Test Loss: 444.8405, Test Node Loss: 0.0984, Test Reg Loss: 4.4474, Test MAPE: 19.1930, Test R: 0.8609, Test RRSE: 0.5179
2025-02-10 16:15:25,667:INFO:Epoch 243: Train Loss: 296.9938, Train Node Loss: 0.1921, Train Reg Loss: 2.9680, Train MAPE: 18.8506, Train R: 0.8990, Train RRSE: 0.4471, Test Loss: 2193.0937, Test Node Loss: 0.0477, Test Reg Loss: 21.9305, Test MAPE: 22.4336, Test R: 0.8502, Test RRSE: 1.1501
2025-02-10 16:15:43,960:INFO:Epoch 244: Train Loss: 296.3698, Train Node Loss: 0.2097, Train Reg Loss: 2.9616, Train MAPE: 17.9217, Train R: 0.9004, Train RRSE: 0.4466, Test Loss: 1764.8619, Test Node Loss: 0.0607, Test Reg Loss: 17.6480, Test MAPE: 19.7524, Test R: 0.8321, Test RRSE: 1.0317
2025-02-10 16:16:01,461:INFO:Epoch 245: Train Loss: 278.0129, Train Node Loss: 0.2801, Train Reg Loss: 2.7773, Train MAPE: 18.8185, Train R: 0.9077, Train RRSE: 0.4325, Test Loss: 438.6052, Test Node Loss: 0.1584, Test Reg Loss: 4.3845, Test MAPE: 20.1460, Test R: 0.8672, Test RRSE: 0.5142
2025-02-10 16:16:19,555:INFO:Epoch 246: Train Loss: 303.8682, Train Node Loss: 0.1804, Train Reg Loss: 3.0369, Train MAPE: 18.1494, Train R: 0.8953, Train RRSE: 0.4522, Test Loss: 791.5816, Test Node Loss: 0.1217, Test Reg Loss: 7.9146, Test MAPE: 22.0970, Test R: 0.8661, Test RRSE: 0.6909
2025-02-10 16:16:37,455:INFO:Epoch 247: Train Loss: 245.4948, Train Node Loss: 0.2325, Train Reg Loss: 2.4526, Train MAPE: 18.5557, Train R: 0.9142, Train RRSE: 0.4064, Test Loss: 2198.2133, Test Node Loss: 0.1145, Test Reg Loss: 21.9810, Test MAPE: 22.0363, Test R: 0.8591, Test RRSE: 1.1514
2025-02-10 16:16:55,129:INFO:Epoch 248: Train Loss: 244.5833, Train Node Loss: 0.3716, Train Reg Loss: 2.4421, Train MAPE: 18.8097, Train R: 0.9155, Train RRSE: 0.4055, Test Loss: 1564.5818, Test Node Loss: 0.2279, Test Reg Loss: 15.6435, Test MAPE: 20.4311, Test R: 0.8554, Test RRSE: 0.9714
2025-02-10 16:17:12,161:INFO:Epoch 249: Train Loss: 367.7462, Train Node Loss: 0.5764, Train Reg Loss: 3.6717, Train MAPE: 18.7114, Train R: 0.8787, Train RRSE: 0.4972, Test Loss: 2289.0360, Test Node Loss: 0.1295, Test Reg Loss: 22.8891, Test MAPE: 21.6853, Test R: 0.8502, Test RRSE: 1.1750
2025-02-10 16:17:29,358:INFO:Epoch 250: Train Loss: 308.3679, Train Node Loss: 0.2520, Train Reg Loss: 3.0812, Train MAPE: 17.4804, Train R: 0.9144, Train RRSE: 0.4555, Test Loss: 930.4539, Test Node Loss: 0.1636, Test Reg Loss: 9.3029, Test MAPE: 19.0272, Test R: 0.8543, Test RRSE: 0.7491
2025-02-10 16:17:46,749:INFO:Epoch 251: Train Loss: 295.3558, Train Node Loss: 0.3758, Train Reg Loss: 2.9498, Train MAPE: 19.2008, Train R: 0.9108, Train RRSE: 0.4457, Test Loss: 1017.5957, Test Node Loss: 0.1081, Test Reg Loss: 10.1749, Test MAPE: 19.2634, Test R: 0.8571, Test RRSE: 0.7834
2025-02-10 16:18:04,098:INFO:Epoch 252: Train Loss: 279.3477, Train Node Loss: 0.2149, Train Reg Loss: 2.7913, Train MAPE: 18.3707, Train R: 0.9149, Train RRSE: 0.4336, Test Loss: 487.9089, Test Node Loss: 0.0922, Test Reg Loss: 4.8782, Test MAPE: 19.2393, Test R: 0.8606, Test RRSE: 0.5424
2025-02-10 16:18:21,146:INFO:Epoch 253: Train Loss: 287.7782, Train Node Loss: 0.2037, Train Reg Loss: 2.8757, Train MAPE: 19.3667, Train R: 0.9077, Train RRSE: 0.4401, Test Loss: 860.0791, Test Node Loss: 0.0756, Test Reg Loss: 8.6000, Test MAPE: 18.7939, Test R: 0.8597, Test RRSE: 0.7202
2025-02-10 16:18:38,728:INFO:Epoch 254: Train Loss: 252.4383, Train Node Loss: 0.1531, Train Reg Loss: 2.5229, Train MAPE: 17.6871, Train R: 0.9190, Train RRSE: 0.4122, Test Loss: 1811.4929, Test Node Loss: 0.0580, Test Reg Loss: 18.1143, Test MAPE: 20.3181, Test R: 0.8530, Test RRSE: 1.0453
2025-02-10 16:18:55,751:INFO:Epoch 255: Train Loss: 274.0499, Train Node Loss: 0.2474, Train Reg Loss: 2.7380, Train MAPE: 18.4805, Train R: 0.9055, Train RRSE: 0.4294, Test Loss: 848.6093, Test Node Loss: 0.1090, Test Reg Loss: 8.4850, Test MAPE: 19.0141, Test R: 0.8608, Test RRSE: 0.7154
2025-02-10 16:19:13,076:INFO:Epoch 256: Train Loss: 236.5516, Train Node Loss: 0.2120, Train Reg Loss: 2.3634, Train MAPE: 18.5705, Train R: 0.9196, Train RRSE: 0.3989, Test Loss: 468.2311, Test Node Loss: 0.0959, Test Reg Loss: 4.6814, Test MAPE: 18.6134, Test R: 0.8611, Test RRSE: 0.5314
2025-02-10 16:19:30,165:INFO:Epoch 257: Train Loss: 226.2912, Train Node Loss: 0.1983, Train Reg Loss: 2.2609, Train MAPE: 18.4825, Train R: 0.9216, Train RRSE: 0.3902, Test Loss: 526.5259, Test Node Loss: 0.1183, Test Reg Loss: 5.2641, Test MAPE: 18.9804, Test R: 0.8648, Test RRSE: 0.5635
2025-02-10 16:19:47,381:INFO:Epoch 258: Train Loss: 242.5123, Train Node Loss: 0.2233, Train Reg Loss: 2.4229, Train MAPE: 18.4177, Train R: 0.9152, Train RRSE: 0.4039, Test Loss: 2443.6978, Test Node Loss: 0.0512, Test Reg Loss: 24.4365, Test MAPE: 22.6073, Test R: 0.8543, Test RRSE: 1.2140
2025-02-10 16:20:05,469:INFO:Epoch 259: Train Loss: 250.5796, Train Node Loss: 0.2650, Train Reg Loss: 2.5031, Train MAPE: 18.0365, Train R: 0.9178, Train RRSE: 0.4106, Test Loss: 934.4189, Test Node Loss: 0.1841, Test Reg Loss: 9.3423, Test MAPE: 18.8543, Test R: 0.8538, Test RRSE: 0.7507
2025-02-10 16:20:23,232:INFO:Epoch 260: Train Loss: 248.9220, Train Node Loss: 0.3602, Train Reg Loss: 2.4856, Train MAPE: 18.5159, Train R: 0.9154, Train RRSE: 0.4091, Test Loss: 1204.1894, Test Node Loss: 0.0929, Test Reg Loss: 12.0410, Test MAPE: 19.7557, Test R: 0.8583, Test RRSE: 0.8522
2025-02-10 16:20:41,447:INFO:Epoch 261: Train Loss: 239.5739, Train Node Loss: 0.3274, Train Reg Loss: 2.3925, Train MAPE: 19.2471, Train R: 0.9186, Train RRSE: 0.4014, Test Loss: 919.3349, Test Node Loss: 0.1205, Test Reg Loss: 9.1921, Test MAPE: 19.4468, Test R: 0.8606, Test RRSE: 0.7446
2025-02-10 16:20:59,959:INFO:Epoch 262: Train Loss: 251.8612, Train Node Loss: 0.2473, Train Reg Loss: 2.5161, Train MAPE: 17.8070, Train R: 0.9186, Train RRSE: 0.4116, Test Loss: 1668.0021, Test Node Loss: 0.1328, Test Reg Loss: 16.6787, Test MAPE: 20.4388, Test R: 0.8537, Test RRSE: 1.0030
2025-02-10 16:21:18,668:INFO:Epoch 263: Train Loss: 201.3537, Train Node Loss: 0.4174, Train Reg Loss: 2.0094, Train MAPE: 18.5287, Train R: 0.9301, Train RRSE: 0.3678, Test Loss: 1258.7603, Test Node Loss: 0.2055, Test Reg Loss: 12.5855, Test MAPE: 19.7710, Test R: 0.8570, Test RRSE: 0.8713
2025-02-10 16:21:37,431:INFO:Epoch 264: Train Loss: 221.1114, Train Node Loss: 0.4571, Train Reg Loss: 2.2065, Train MAPE: 18.4176, Train R: 0.9241, Train RRSE: 0.3855, Test Loss: 869.2074, Test Node Loss: 0.2204, Test Reg Loss: 8.6899, Test MAPE: 18.9293, Test R: 0.8587, Test RRSE: 0.7240
2025-02-10 16:21:56,243:INFO:Epoch 265: Train Loss: 232.1799, Train Node Loss: 0.3878, Train Reg Loss: 2.3179, Train MAPE: 18.5182, Train R: 0.9194, Train RRSE: 0.3951, Test Loss: 692.3885, Test Node Loss: 0.2400, Test Reg Loss: 6.9215, Test MAPE: 19.1931, Test R: 0.8629, Test RRSE: 0.6461
2025-02-10 16:22:15,135:INFO:Epoch 266: Train Loss: 223.9138, Train Node Loss: 0.3785, Train Reg Loss: 2.2354, Train MAPE: 18.2379, Train R: 0.9233, Train RRSE: 0.3880, Test Loss: 1688.4127, Test Node Loss: 0.1493, Test Reg Loss: 16.8826, Test MAPE: 20.6857, Test R: 0.8490, Test RRSE: 1.0091
2025-02-10 16:22:33,784:INFO:Epoch 267: Train Loss: 253.7116, Train Node Loss: 0.5101, Train Reg Loss: 2.5320, Train MAPE: 18.7638, Train R: 0.9131, Train RRSE: 0.4129, Test Loss: 675.5903, Test Node Loss: 0.2626, Test Reg Loss: 6.7533, Test MAPE: 18.8586, Test R: 0.8577, Test RRSE: 0.6382
2025-02-10 16:22:52,584:INFO:Epoch 268: Train Loss: 250.0865, Train Node Loss: 0.3424, Train Reg Loss: 2.4974, Train MAPE: 18.1556, Train R: 0.9162, Train RRSE: 0.4101, Test Loss: 489.9463, Test Node Loss: 0.3380, Test Reg Loss: 4.8961, Test MAPE: 19.4613, Test R: 0.8625, Test RRSE: 0.5434
2025-02-10 16:23:11,092:INFO:Epoch 269: Train Loss: 273.5180, Train Node Loss: 0.4589, Train Reg Loss: 2.7306, Train MAPE: 18.9726, Train R: 0.9082, Train RRSE: 0.4288, Test Loss: 1815.7134, Test Node Loss: 0.1030, Test Reg Loss: 18.1561, Test MAPE: 20.7723, Test R: 0.8531, Test RRSE: 1.0465
2025-02-10 16:23:29,485:INFO:Epoch 270: Train Loss: 197.2663, Train Node Loss: 0.3525, Train Reg Loss: 1.9691, Train MAPE: 18.1167, Train R: 0.9325, Train RRSE: 0.3641, Test Loss: 1110.7981, Test Node Loss: 0.1833, Test Reg Loss: 11.1061, Test MAPE: 19.4030, Test R: 0.8538, Test RRSE: 0.8184
2025-02-10 16:23:47,866:INFO:Epoch 271: Train Loss: 213.0446, Train Node Loss: 0.4233, Train Reg Loss: 2.1262, Train MAPE: 18.4525, Train R: 0.9283, Train RRSE: 0.3784, Test Loss: 1158.5399, Test Node Loss: 0.1506, Test Reg Loss: 11.5839, Test MAPE: 19.3751, Test R: 0.8565, Test RRSE: 0.8359
2025-02-10 16:24:05,791:INFO:Epoch 272: Train Loss: 229.0033, Train Node Loss: 0.3230, Train Reg Loss: 2.2868, Train MAPE: 18.1696, Train R: 0.9257, Train RRSE: 0.3924, Test Loss: 1050.3069, Test Node Loss: 0.1775, Test Reg Loss: 10.5013, Test MAPE: 19.5550, Test R: 0.8553, Test RRSE: 0.7958
2025-02-10 16:24:23,714:INFO:Epoch 273: Train Loss: 230.1647, Train Node Loss: 0.4109, Train Reg Loss: 2.2975, Train MAPE: 18.8199, Train R: 0.9211, Train RRSE: 0.3933, Test Loss: 1489.7118, Test Node Loss: 0.1313, Test Reg Loss: 14.8958, Test MAPE: 19.9535, Test R: 0.8519, Test RRSE: 0.9479
2025-02-10 16:24:41,828:INFO:Epoch 274: Train Loss: 221.9839, Train Node Loss: 0.4222, Train Reg Loss: 2.2156, Train MAPE: 18.5735, Train R: 0.9227, Train RRSE: 0.3863, Test Loss: 1365.8269, Test Node Loss: 0.2123, Test Reg Loss: 13.6561, Test MAPE: 20.0780, Test R: 0.8468, Test RRSE: 0.9076
2025-02-10 16:25:00,176:INFO:Epoch 275: Train Loss: 224.7443, Train Node Loss: 0.4996, Train Reg Loss: 2.2424, Train MAPE: 18.4165, Train R: 0.9217, Train RRSE: 0.3886, Test Loss: 638.4069, Test Node Loss: 0.3952, Test Reg Loss: 6.3801, Test MAPE: 19.1454, Test R: 0.8600, Test RRSE: 0.6203
2025-02-10 16:25:18,507:INFO:Epoch 276: Train Loss: 280.2127, Train Node Loss: 0.6008, Train Reg Loss: 2.7961, Train MAPE: 18.6019, Train R: 0.9039, Train RRSE: 0.4339, Test Loss: 1108.8218, Test Node Loss: 0.2599, Test Reg Loss: 11.0856, Test MAPE: 19.7524, Test R: 0.8526, Test RRSE: 0.8177
2025-02-10 16:25:36,499:INFO:Epoch 277: Train Loss: 273.0845, Train Node Loss: 0.3277, Train Reg Loss: 2.7276, Train MAPE: 17.8832, Train R: 0.9144, Train RRSE: 0.4286, Test Loss: 1215.6151, Test Node Loss: 0.0995, Test Reg Loss: 12.1552, Test MAPE: 19.7242, Test R: 0.8554, Test RRSE: 0.8562
2025-02-10 16:25:55,134:INFO:Epoch 278: Train Loss: 246.1040, Train Node Loss: 0.2958, Train Reg Loss: 2.4581, Train MAPE: 19.3982, Train R: 0.9206, Train RRSE: 0.4069, Test Loss: 504.3538, Test Node Loss: 0.0874, Test Reg Loss: 5.0427, Test MAPE: 18.8762, Test R: 0.8608, Test RRSE: 0.5515
2025-02-10 16:26:13,973:INFO:Epoch 279: Train Loss: 258.2742, Train Node Loss: 0.1657, Train Reg Loss: 2.5811, Train MAPE: 17.8463, Train R: 0.9132, Train RRSE: 0.4169, Test Loss: 1564.5254, Test Node Loss: 0.0466, Test Reg Loss: 15.6448, Test MAPE: 19.9573, Test R: 0.8505, Test RRSE: 0.9714
2025-02-10 16:26:32,339:INFO:Epoch 280: Train Loss: 207.8465, Train Node Loss: 0.2783, Train Reg Loss: 2.0757, Train MAPE: 18.8729, Train R: 0.9287, Train RRSE: 0.3739, Test Loss: 2174.6594, Test Node Loss: 0.0478, Test Reg Loss: 21.7461, Test MAPE: 22.0748, Test R: 0.8489, Test RRSE: 1.1453
2025-02-10 16:26:50,988:INFO:Epoch 281: Train Loss: 214.3013, Train Node Loss: 0.3064, Train Reg Loss: 2.1399, Train MAPE: 18.3424, Train R: 0.9253, Train RRSE: 0.3796, Test Loss: 1678.2735, Test Node Loss: 0.0782, Test Reg Loss: 16.7820, Test MAPE: 20.5513, Test R: 0.8512, Test RRSE: 1.0061
2025-02-10 16:27:09,894:INFO:Epoch 282: Train Loss: 206.3585, Train Node Loss: 0.3117, Train Reg Loss: 2.0605, Train MAPE: 18.6904, Train R: 0.9289, Train RRSE: 0.3725, Test Loss: 760.6688, Test Node Loss: 0.1879, Test Reg Loss: 7.6048, Test MAPE: 18.8760, Test R: 0.8549, Test RRSE: 0.6773
2025-02-10 16:27:28,915:INFO:Epoch 283: Train Loss: 211.6010, Train Node Loss: 0.3818, Train Reg Loss: 2.1122, Train MAPE: 18.5159, Train R: 0.9288, Train RRSE: 0.3771, Test Loss: 1477.9424, Test Node Loss: 0.1061, Test Reg Loss: 14.7784, Test MAPE: 20.3741, Test R: 0.8572, Test RRSE: 0.9441
2025-02-10 16:27:48,006:INFO:Epoch 284: Train Loss: 214.9829, Train Node Loss: 0.3232, Train Reg Loss: 2.1466, Train MAPE: 18.3763, Train R: 0.9290, Train RRSE: 0.3802, Test Loss: 1682.8455, Test Node Loss: 0.1055, Test Reg Loss: 16.8274, Test MAPE: 20.4701, Test R: 0.8495, Test RRSE: 1.0074
2025-02-10 16:28:06,734:INFO:Epoch 285: Train Loss: 218.8647, Train Node Loss: 0.4194, Train Reg Loss: 2.1845, Train MAPE: 18.5399, Train R: 0.9270, Train RRSE: 0.3835, Test Loss: 804.2512, Test Node Loss: 0.1392, Test Reg Loss: 8.0411, Test MAPE: 18.9345, Test R: 0.8551, Test RRSE: 0.6964
2025-02-10 16:28:25,757:INFO:Epoch 286: Train Loss: 234.9547, Train Node Loss: 0.3115, Train Reg Loss: 2.3464, Train MAPE: 18.9514, Train R: 0.9190, Train RRSE: 0.3975, Test Loss: 541.5702, Test Node Loss: 0.1272, Test Reg Loss: 5.4144, Test MAPE: 19.0465, Test R: 0.8578, Test RRSE: 0.5715
2025-02-10 16:28:45,114:INFO:Epoch 287: Train Loss: 261.5612, Train Node Loss: 0.2384, Train Reg Loss: 2.6132, Train MAPE: 17.9699, Train R: 0.9104, Train RRSE: 0.4195, Test Loss: 1292.9301, Test Node Loss: 0.1052, Test Reg Loss: 12.9282, Test MAPE: 19.6987, Test R: 0.8488, Test RRSE: 0.8830
2025-02-10 16:29:04,149:INFO:Epoch 288: Train Loss: 241.9770, Train Node Loss: 0.3897, Train Reg Loss: 2.4159, Train MAPE: 18.5859, Train R: 0.9174, Train RRSE: 0.4033, Test Loss: 1588.7875, Test Node Loss: 0.1082, Test Reg Loss: 15.8868, Test MAPE: 20.5188, Test R: 0.8504, Test RRSE: 0.9789
2025-02-10 16:29:23,215:INFO:Epoch 289: Train Loss: 235.7020, Train Node Loss: 0.4139, Train Reg Loss: 2.3529, Train MAPE: 18.7172, Train R: 0.9180, Train RRSE: 0.3981, Test Loss: 965.2687, Test Node Loss: 0.2293, Test Reg Loss: 9.6504, Test MAPE: 19.2829, Test R: 0.8525, Test RRSE: 0.7629
2025-02-10 16:29:42,502:INFO:Epoch 290: Train Loss: 245.5611, Train Node Loss: 0.3971, Train Reg Loss: 2.4516, Train MAPE: 18.0954, Train R: 0.9150, Train RRSE: 0.4063, Test Loss: 1183.6025, Test Node Loss: 0.2394, Test Reg Loss: 11.8336, Test MAPE: 19.6432, Test R: 0.8475, Test RRSE: 0.8448
2025-02-10 16:30:01,911:INFO:Epoch 291: Train Loss: 246.4030, Train Node Loss: 0.5611, Train Reg Loss: 2.4584, Train MAPE: 18.4847, Train R: 0.9143, Train RRSE: 0.4069, Test Loss: 977.8396, Test Node Loss: 0.3037, Test Reg Loss: 9.7754, Test MAPE: 19.2878, Test R: 0.8541, Test RRSE: 0.7678
2025-02-10 16:30:21,364:INFO:Epoch 292: Train Loss: 251.6732, Train Node Loss: 0.5373, Train Reg Loss: 2.5114, Train MAPE: 18.4994, Train R: 0.9148, Train RRSE: 0.4112, Test Loss: 1421.3177, Test Node Loss: 0.2866, Test Reg Loss: 14.2103, Test MAPE: 20.1743, Test R: 0.8472, Test RRSE: 0.9258
2025-02-10 16:30:40,537:INFO:Epoch 293: Train Loss: 260.8289, Train Node Loss: 0.7432, Train Reg Loss: 2.6009, Train MAPE: 19.1683, Train R: 0.9167, Train RRSE: 0.4185, Test Loss: 1181.5375, Test Node Loss: 0.1008, Test Reg Loss: 11.8144, Test MAPE: 19.4040, Test R: 0.8505, Test RRSE: 0.8441
2025-02-10 16:30:59,643:INFO:Epoch 294: Train Loss: 247.6129, Train Node Loss: 0.2305, Train Reg Loss: 2.4738, Train MAPE: 17.7755, Train R: 0.9201, Train RRSE: 0.4082, Test Loss: 1135.3177, Test Node Loss: 0.0479, Test Reg Loss: 11.3527, Test MAPE: 19.7298, Test R: 0.8554, Test RRSE: 0.8275
2025-02-10 16:31:18,878:INFO:Epoch 295: Train Loss: 227.3915, Train Node Loss: 0.2345, Train Reg Loss: 2.2716, Train MAPE: 18.9077, Train R: 0.9215, Train RRSE: 0.3911, Test Loss: 856.9974, Test Node Loss: 0.0887, Test Reg Loss: 8.5691, Test MAPE: 18.9944, Test R: 0.8502, Test RRSE: 0.7189
2025-02-10 16:31:38,681:INFO:Epoch 296: Train Loss: 206.2767, Train Node Loss: 0.2596, Train Reg Loss: 2.0602, Train MAPE: 18.2193, Train R: 0.9311, Train RRSE: 0.3725, Test Loss: 1278.3298, Test Node Loss: 0.1148, Test Reg Loss: 12.7822, Test MAPE: 19.6578, Test R: 0.8516, Test RRSE: 0.8780
2025-02-10 16:31:58,044:INFO:Epoch 297: Train Loss: 219.7123, Train Node Loss: 0.3041, Train Reg Loss: 2.1941, Train MAPE: 18.5494, Train R: 0.9250, Train RRSE: 0.3844, Test Loss: 1274.5949, Test Node Loss: 0.1204, Test Reg Loss: 12.7447, Test MAPE: 19.5915, Test R: 0.8468, Test RRSE: 0.8767
2025-02-10 16:32:17,533:INFO:Epoch 298: Train Loss: 220.6013, Train Node Loss: 0.3599, Train Reg Loss: 2.2024, Train MAPE: 18.3223, Train R: 0.9268, Train RRSE: 0.3851, Test Loss: 1110.0283, Test Node Loss: 0.1764, Test Reg Loss: 11.0985, Test MAPE: 19.0300, Test R: 0.8494, Test RRSE: 0.8182
2025-02-10 16:32:36,851:INFO:Epoch 299: Train Loss: 207.9885, Train Node Loss: 0.4655, Train Reg Loss: 2.0752, Train MAPE: 18.8140, Train R: 0.9282, Train RRSE: 0.3738, Test Loss: 1252.3796, Test Node Loss: 0.2784, Test Reg Loss: 12.5210, Test MAPE: 20.1660, Test R: 0.8558, Test RRSE: 0.8690
2025-02-10 16:32:56,387:INFO:Epoch 300: Train Loss: 202.0363, Train Node Loss: 0.5840, Train Reg Loss: 2.0145, Train MAPE: 18.4393, Train R: 0.9299, Train RRSE: 0.3683, Test Loss: 1290.1791, Test Node Loss: 0.2163, Test Reg Loss: 12.8996, Test MAPE: 19.2559, Test R: 0.8479, Test RRSE: 0.8821
2025-02-10 16:32:56,388:INFO:Best performance at epoch 117 with Test MAPE: 0.8753
