2025-02-10 14:55:32,573:INFO:Learning rate: 0.001
2025-02-10 14:55:32,574:INFO:Weight decay: 0.001
2025-02-10 14:55:32,574:INFO:Batch size: 32
2025-02-10 14:55:32,574:INFO:Number of layers: 2
2025-02-10 14:55:32,574:INFO:Convolution type: SAGE
2025-02-10 14:55:32,574:INFO:Convolution neurons: 256
2025-02-10 15:00:22,288:INFO:Learning rate: 0.001
2025-02-10 15:00:22,289:INFO:Weight decay: 0.001
2025-02-10 15:00:22,289:INFO:Batch size: 32
2025-02-10 15:00:22,289:INFO:Number of layers: 2
2025-02-10 15:00:22,289:INFO:Convolution type: SAGE
2025-02-10 15:00:22,289:INFO:Convolution neurons: 256
2025-02-10 15:00:36,929:INFO:Epoch 1: Train Loss: 40131.3912, Train Node Loss: 15.8606, Train Reg Loss: 401.1553, Train MAPE: 91.2236, Train R: -0.0249, Train RRSE: 5.1975, Test Loss: 23731.7218, Test Node Loss: 146.8235, Test Reg Loss: 235.8490, Test MAPE: 66.8456, Test R: 0.8238, Test RRSE: 3.7716
2025-02-10 15:00:36,955:INFO:Checkpoint saved at best_0.001_0.001_256_SAGE_2_32_0.8238_epoch_1.pth
2025-02-10 15:00:50,849:INFO:Epoch 2: Train Loss: 10450.3469, Train Node Loss: 1011.5843, Train Reg Loss: 94.3876, Train MAPE: 39.7862, Train R: -0.0330, Train RRSE: 2.5211, Test Loss: 13375.9420, Test Node Loss: 2373.7289, Test Reg Loss: 110.0221, Test MAPE: 50.7378, Test R: 0.8343, Test RRSE: 2.5760
2025-02-10 15:00:50,881:INFO:Checkpoint saved at best_0.001_0.001_256_SAGE_2_32_0.8343_epoch_2.pth
2025-02-10 15:01:04,933:INFO:Epoch 3: Train Loss: 3477.9974, Train Node Loss: 994.3114, Train Reg Loss: 24.8369, Train MAPE: 19.6482, Train R: 0.1587, Train RRSE: 1.2933, Test Loss: 3810.1347, Test Node Loss: 646.8805, Test Reg Loss: 31.6325, Test MAPE: 18.9340, Test R: 0.8432, Test RRSE: 1.3813
2025-02-10 15:01:04,966:INFO:Checkpoint saved at best_0.001_0.001_256_SAGE_2_32_0.8432_epoch_3.pth
2025-02-10 15:01:18,850:INFO:Epoch 4: Train Loss: 2835.0612, Train Node Loss: 694.1987, Train Reg Loss: 21.4086, Train MAPE: 16.2721, Train R: 0.1791, Train RRSE: 1.2007, Test Loss: 2629.7806, Test Node Loss: 1003.0580, Test Reg Loss: 16.2672, Test MAPE: 19.8970, Test R: 0.8475, Test RRSE: 0.9905
2025-02-10 15:01:18,884:INFO:Checkpoint saved at best_0.001_0.001_256_SAGE_2_32_0.8475_epoch_4.pth
2025-02-10 15:01:32,904:INFO:Epoch 5: Train Loss: 2113.2413, Train Node Loss: 809.3540, Train Reg Loss: 13.0389, Train MAPE: 16.3289, Train R: 0.4503, Train RRSE: 0.9370, Test Loss: 2018.9903, Test Node Loss: 617.1219, Test Reg Loss: 14.0187, Test MAPE: 13.8611, Test R: 0.8526, Test RRSE: 0.9195
2025-02-10 15:01:32,935:INFO:Checkpoint saved at best_0.001_0.001_256_SAGE_2_32_0.8526_epoch_5.pth
2025-02-10 15:01:47,564:INFO:Epoch 6: Train Loss: 1790.9455, Train Node Loss: 573.1343, Train Reg Loss: 12.1781, Train MAPE: 13.4170, Train R: 0.7302, Train RRSE: 0.9056, Test Loss: 1728.1023, Test Node Loss: 595.8529, Test Reg Loss: 11.3225, Test MAPE: 13.9780, Test R: 0.8564, Test RRSE: 0.8264
2025-02-10 15:01:47,589:INFO:Checkpoint saved at best_0.001_0.001_256_SAGE_2_32_0.8564_epoch_6.pth
2025-02-10 15:02:01,840:INFO:Epoch 7: Train Loss: 1663.1438, Train Node Loss: 601.3949, Train Reg Loss: 10.6175, Train MAPE: 15.0931, Train R: 0.7240, Train RRSE: 0.8456, Test Loss: 1680.2596, Test Node Loss: 514.0263, Test Reg Loss: 11.6623, Test MAPE: 13.8407, Test R: 0.8593, Test RRSE: 0.8387
2025-02-10 15:02:01,865:INFO:Checkpoint saved at best_0.001_0.001_256_SAGE_2_32_0.8593_epoch_7.pth
2025-02-10 15:02:16,485:INFO:Epoch 8: Train Loss: 1546.2921, Train Node Loss: 478.0412, Train Reg Loss: 10.6825, Train MAPE: 13.7017, Train R: 0.7446, Train RRSE: 0.8482, Test Loss: 1655.5231, Test Node Loss: 450.5243, Test Reg Loss: 12.0500, Test MAPE: 13.8618, Test R: 0.8612, Test RRSE: 0.8525
2025-02-10 15:02:16,503:INFO:Checkpoint saved at best_0.001_0.001_256_SAGE_2_32_0.8612_epoch_8.pth
2025-02-10 15:02:31,009:INFO:Epoch 9: Train Loss: 1456.1959, Train Node Loss: 482.6790, Train Reg Loss: 9.7352, Train MAPE: 14.8205, Train R: 0.7676, Train RRSE: 0.8097, Test Loss: 1577.4995, Test Node Loss: 412.9663, Test Reg Loss: 11.6453, Test MAPE: 13.9617, Test R: 0.8623, Test RRSE: 0.8381
2025-02-10 15:02:31,031:INFO:Checkpoint saved at best_0.001_0.001_256_SAGE_2_32_0.8623_epoch_9.pth
2025-02-10 15:02:45,347:INFO:Epoch 10: Train Loss: 1359.9409, Train Node Loss: 405.0887, Train Reg Loss: 9.5485, Train MAPE: 14.0339, Train R: 0.7783, Train RRSE: 0.8019, Test Loss: 1582.7191, Test Node Loss: 366.9305, Test Reg Loss: 12.1579, Test MAPE: 14.1396, Test R: 0.8620, Test RRSE: 0.8563
2025-02-10 15:02:59,635:INFO:Epoch 11: Train Loss: 1322.0703, Train Node Loss: 409.8214, Train Reg Loss: 9.1225, Train MAPE: 15.1987, Train R: 0.7541, Train RRSE: 0.7838, Test Loss: 1807.4965, Test Node Loss: 308.6628, Test Reg Loss: 14.9883, Test MAPE: 14.9031, Test R: 0.8601, Test RRSE: 0.9508
2025-02-10 15:03:13,740:INFO:Epoch 12: Train Loss: 1264.6602, Train Node Loss: 335.7306, Train Reg Loss: 9.2893, Train MAPE: 14.3014, Train R: 0.7433, Train RRSE: 0.7909, Test Loss: 1282.4081, Test Node Loss: 340.8082, Test Reg Loss: 9.4160, Test MAPE: 14.4690, Test R: 0.8571, Test RRSE: 0.7536
2025-02-10 15:03:28,145:INFO:Epoch 13: Train Loss: 1200.8969, Train Node Loss: 371.3480, Train Reg Loss: 8.2955, Train MAPE: 15.9798, Train R: 0.7554, Train RRSE: 0.7474, Test Loss: 2313.0601, Test Node Loss: 234.1076, Test Reg Loss: 20.7895, Test MAPE: 17.1816, Test R: 0.8495, Test RRSE: 1.1198
2025-02-10 15:03:42,701:INFO:Epoch 14: Train Loss: 1212.2451, Train Node Loss: 295.5132, Train Reg Loss: 9.1673, Train MAPE: 14.8850, Train R: 0.6787, Train RRSE: 0.7857, Test Loss: 1296.6778, Test Node Loss: 278.0766, Test Reg Loss: 10.1860, Test MAPE: 15.0307, Test R: 0.8443, Test RRSE: 0.7838
2025-02-10 15:03:57,348:INFO:Epoch 15: Train Loss: 1020.9442, Train Node Loss: 294.8715, Train Reg Loss: 7.2607, Train MAPE: 15.4806, Train R: 0.7501, Train RRSE: 0.6992, Test Loss: 1639.2183, Test Node Loss: 233.7308, Test Reg Loss: 14.0549, Test MAPE: 16.3062, Test R: 0.8351, Test RRSE: 0.9207
2025-02-10 15:04:11,964:INFO:Epoch 16: Train Loss: 972.8884, Train Node Loss: 296.2488, Train Reg Loss: 6.7664, Train MAPE: 16.5250, Train R: 0.7569, Train RRSE: 0.6750, Test Loss: 2276.4849, Test Node Loss: 190.4365, Test Reg Loss: 20.8605, Test MAPE: 18.7915, Test R: 0.8256, Test RRSE: 1.1217
2025-02-10 15:04:26,249:INFO:Epoch 17: Train Loss: 927.8774, Train Node Loss: 242.8388, Train Reg Loss: 6.8504, Train MAPE: 15.9807, Train R: 0.7693, Train RRSE: 0.6792, Test Loss: 942.6491, Test Node Loss: 255.3176, Test Reg Loss: 6.8733, Test MAPE: 16.1632, Test R: 0.8294, Test RRSE: 0.6439
2025-02-10 15:04:40,496:INFO:Epoch 18: Train Loss: 942.0035, Train Node Loss: 255.7990, Train Reg Loss: 6.8620, Train MAPE: 17.0616, Train R: 0.7357, Train RRSE: 0.6798, Test Loss: 1454.6051, Test Node Loss: 197.8863, Test Reg Loss: 12.5672, Test MAPE: 16.9185, Test R: 0.8248, Test RRSE: 0.8706
2025-02-10 15:04:54,741:INFO:Epoch 19: Train Loss: 850.8981, Train Node Loss: 238.0716, Train Reg Loss: 6.1283, Train MAPE: 16.7197, Train R: 0.7725, Train RRSE: 0.6424, Test Loss: 1107.7580, Test Node Loss: 206.4213, Test Reg Loss: 9.0134, Test MAPE: 16.3314, Test R: 0.8296, Test RRSE: 0.7373
2025-02-10 15:05:09,021:INFO:Epoch 20: Train Loss: 839.4637, Train Node Loss: 222.7056, Train Reg Loss: 6.1676, Train MAPE: 16.5833, Train R: 0.7707, Train RRSE: 0.6445, Test Loss: 1228.4876, Test Node Loss: 186.7500, Test Reg Loss: 10.4174, Test MAPE: 16.7359, Test R: 0.8299, Test RRSE: 0.7927
2025-02-10 15:05:23,568:INFO:Epoch 21: Train Loss: 803.3994, Train Node Loss: 214.1088, Train Reg Loss: 5.8929, Train MAPE: 16.7093, Train R: 0.7818, Train RRSE: 0.6299, Test Loss: 1322.0291, Test Node Loss: 170.9267, Test Reg Loss: 11.5110, Test MAPE: 17.0532, Test R: 0.8315, Test RRSE: 0.8332
2025-02-10 15:05:37,878:INFO:Epoch 22: Train Loss: 779.1531, Train Node Loss: 198.9182, Train Reg Loss: 5.8023, Train MAPE: 16.7978, Train R: 0.7861, Train RRSE: 0.6251, Test Loss: 1533.1271, Test Node Loss: 151.8446, Test Reg Loss: 13.8128, Test MAPE: 17.2912, Test R: 0.8339, Test RRSE: 0.9127
2025-02-10 15:05:51,935:INFO:Epoch 23: Train Loss: 764.9939, Train Node Loss: 187.6921, Train Reg Loss: 5.7730, Train MAPE: 16.6647, Train R: 0.7880, Train RRSE: 0.6235, Test Loss: 1110.4625, Test Node Loss: 163.0889, Test Reg Loss: 9.4737, Test MAPE: 16.8244, Test R: 0.8361, Test RRSE: 0.7559
2025-02-10 15:06:05,874:INFO:Epoch 24: Train Loss: 757.2534, Train Node Loss: 172.9807, Train Reg Loss: 5.8427, Train MAPE: 16.4062, Train R: 0.7893, Train RRSE: 0.6273, Test Loss: 896.2439, Test Node Loss: 165.5660, Test Reg Loss: 7.3068, Test MAPE: 16.3764, Test R: 0.8400, Test RRSE: 0.6639
2025-02-10 15:06:20,237:INFO:Epoch 25: Train Loss: 705.9782, Train Node Loss: 173.0250, Train Reg Loss: 5.3295, Train MAPE: 17.0577, Train R: 0.8066, Train RRSE: 0.5991, Test Loss: 1860.8290, Test Node Loss: 119.5304, Test Reg Loss: 17.4130, Test MAPE: 18.7067, Test R: 0.8369, Test RRSE: 1.0248
2025-02-10 15:06:34,732:INFO:Epoch 26: Train Loss: 740.3551, Train Node Loss: 164.8772, Train Reg Loss: 5.7548, Train MAPE: 17.2695, Train R: 0.7847, Train RRSE: 0.6225, Test Loss: 1294.5807, Test Node Loss: 130.0517, Test Reg Loss: 11.6453, Test MAPE: 17.2560, Test R: 0.8401, Test RRSE: 0.8381
2025-02-10 15:06:48,840:INFO:Epoch 27: Train Loss: 731.9275, Train Node Loss: 147.7932, Train Reg Loss: 5.8413, Train MAPE: 17.0421, Train R: 0.7861, Train RRSE: 0.6272, Test Loss: 756.9690, Test Node Loss: 152.8347, Test Reg Loss: 6.0413, Test MAPE: 16.5409, Test R: 0.8457, Test RRSE: 0.6036
2025-02-10 15:07:02,742:INFO:Epoch 28: Train Loss: 695.6278, Train Node Loss: 146.3456, Train Reg Loss: 5.4928, Train MAPE: 16.7713, Train R: 0.7985, Train RRSE: 0.6082, Test Loss: 1210.9678, Test Node Loss: 120.9695, Test Reg Loss: 10.9000, Test MAPE: 17.1542, Test R: 0.8452, Test RRSE: 0.8108
2025-02-10 15:07:16,813:INFO:Epoch 29: Train Loss: 707.0631, Train Node Loss: 143.1367, Train Reg Loss: 5.6393, Train MAPE: 17.0552, Train R: 0.7925, Train RRSE: 0.6162, Test Loss: 1741.2131, Test Node Loss: 103.1866, Test Reg Loss: 16.3803, Test MAPE: 18.6505, Test R: 0.8408, Test RRSE: 0.9940
2025-02-10 15:07:30,961:INFO:Epoch 30: Train Loss: 697.2136, Train Node Loss: 137.5199, Train Reg Loss: 5.5969, Train MAPE: 17.2143, Train R: 0.7907, Train RRSE: 0.6139, Test Loss: 1541.8175, Test Node Loss: 103.1045, Test Reg Loss: 14.3871, Test MAPE: 18.1507, Test R: 0.8422, Test RRSE: 0.9315
2025-02-10 15:07:45,268:INFO:Epoch 31: Train Loss: 788.2194, Train Node Loss: 127.9569, Train Reg Loss: 6.6026, Train MAPE: 17.1529, Train R: 0.7464, Train RRSE: 0.6668, Test Loss: 828.7626, Test Node Loss: 122.2795, Test Reg Loss: 7.0648, Test MAPE: 16.6887, Test R: 0.8480, Test RRSE: 0.6528
2025-02-10 15:07:59,451:INFO:Epoch 32: Train Loss: 656.0943, Train Node Loss: 114.4730, Train Reg Loss: 5.4162, Train MAPE: 16.4907, Train R: 0.8160, Train RRSE: 0.6039, Test Loss: 652.2378, Test Node Loss: 141.2659, Test Reg Loss: 5.1097, Test MAPE: 17.2286, Test R: 0.8527, Test RRSE: 0.5551
2025-02-10 15:08:13,864:INFO:Epoch 33: Train Loss: 640.7591, Train Node Loss: 123.4013, Train Reg Loss: 5.1736, Train MAPE: 17.1616, Train R: 0.8133, Train RRSE: 0.5902, Test Loss: 1592.3235, Test Node Loss: 87.5040, Test Reg Loss: 15.0482, Test MAPE: 18.4022, Test R: 0.8441, Test RRSE: 0.9527
2025-02-10 15:08:27,889:INFO:Epoch 34: Train Loss: 646.1739, Train Node Loss: 113.9002, Train Reg Loss: 5.3227, Train MAPE: 17.1842, Train R: 0.8026, Train RRSE: 0.5987, Test Loss: 914.8337, Test Node Loss: 102.4926, Test Reg Loss: 8.1234, Test MAPE: 16.9030, Test R: 0.8454, Test RRSE: 0.7000
2025-02-10 15:08:42,206:INFO:Epoch 35: Train Loss: 596.9618, Train Node Loss: 107.5522, Train Reg Loss: 4.8941, Train MAPE: 17.0692, Train R: 0.8237, Train RRSE: 0.5741, Test Loss: 805.1449, Test Node Loss: 102.6393, Test Reg Loss: 7.0251, Test MAPE: 16.9283, Test R: 0.8483, Test RRSE: 0.6509
2025-02-10 15:08:56,315:INFO:Epoch 36: Train Loss: 604.0046, Train Node Loss: 101.5704, Train Reg Loss: 5.0243, Train MAPE: 16.8494, Train R: 0.8203, Train RRSE: 0.5817, Test Loss: 670.6872, Test Node Loss: 107.1345, Test Reg Loss: 5.6355, Test MAPE: 16.8081, Test R: 0.8484, Test RRSE: 0.5830
2025-02-10 15:09:10,366:INFO:Epoch 37: Train Loss: 583.1067, Train Node Loss: 107.2961, Train Reg Loss: 4.7581, Train MAPE: 17.5023, Train R: 0.8293, Train RRSE: 0.5661, Test Loss: 2023.5393, Test Node Loss: 67.5906, Test Reg Loss: 19.5595, Test MAPE: 19.8079, Test R: 0.8404, Test RRSE: 1.0861
2025-02-10 15:09:24,423:INFO:Epoch 38: Train Loss: 563.8927, Train Node Loss: 94.8685, Train Reg Loss: 4.6902, Train MAPE: 17.0111, Train R: 0.8325, Train RRSE: 0.5620, Test Loss: 599.0966, Test Node Loss: 111.3478, Test Reg Loss: 4.8775, Test MAPE: 17.6572, Test R: 0.8508, Test RRSE: 0.5424
2025-02-10 15:09:38,214:INFO:Epoch 39: Train Loss: 611.4837, Train Node Loss: 95.8303, Train Reg Loss: 5.1565, Train MAPE: 17.4207, Train R: 0.8090, Train RRSE: 0.5893, Test Loss: 880.5525, Test Node Loss: 85.6900, Test Reg Loss: 7.9486, Test MAPE: 16.8454, Test R: 0.8476, Test RRSE: 0.6924
2025-02-10 15:09:52,010:INFO:Epoch 40: Train Loss: 565.4275, Train Node Loss: 95.4647, Train Reg Loss: 4.6996, Train MAPE: 17.5136, Train R: 0.8328, Train RRSE: 0.5626, Test Loss: 1579.6037, Test Node Loss: 65.9219, Test Reg Loss: 15.1368, Test MAPE: 18.6947, Test R: 0.8429, Test RRSE: 0.9555
2025-02-10 15:10:06,259:INFO:Epoch 41: Train Loss: 544.9590, Train Node Loss: 79.6200, Train Reg Loss: 4.6534, Train MAPE: 16.6764, Train R: 0.8452, Train RRSE: 0.5598, Test Loss: 795.1757, Test Node Loss: 115.7945, Test Reg Loss: 6.7938, Test MAPE: 19.5533, Test R: 0.8529, Test RRSE: 0.6401
2025-02-10 15:10:20,334:INFO:Epoch 42: Train Loss: 687.3972, Train Node Loss: 84.9735, Train Reg Loss: 6.0242, Train MAPE: 17.6066, Train R: 0.7712, Train RRSE: 0.6369, Test Loss: 1266.6168, Test Node Loss: 67.2779, Test Reg Loss: 11.9934, Test MAPE: 17.7790, Test R: 0.8458, Test RRSE: 0.8505
2025-02-10 15:10:34,314:INFO:Epoch 43: Train Loss: 627.3203, Train Node Loss: 80.8520, Train Reg Loss: 5.4647, Train MAPE: 17.3882, Train R: 0.7961, Train RRSE: 0.6066, Test Loss: 723.7043, Test Node Loss: 80.4411, Test Reg Loss: 6.4326, Test MAPE: 16.7802, Test R: 0.8482, Test RRSE: 0.6229
2025-02-10 15:10:48,132:INFO:Epoch 44: Train Loss: 637.4023, Train Node Loss: 83.6459, Train Reg Loss: 5.5376, Train MAPE: 17.7724, Train R: 0.7974, Train RRSE: 0.6107, Test Loss: 1202.4072, Test Node Loss: 61.6406, Test Reg Loss: 11.4077, Test MAPE: 17.6929, Test R: 0.8452, Test RRSE: 0.8295
2025-02-10 15:11:02,344:INFO:Epoch 45: Train Loss: 563.2652, Train Node Loss: 74.8428, Train Reg Loss: 4.8842, Train MAPE: 17.5196, Train R: 0.8208, Train RRSE: 0.5735, Test Loss: 793.3870, Test Node Loss: 68.9957, Test Reg Loss: 7.2439, Test MAPE: 17.0880, Test R: 0.8483, Test RRSE: 0.6610
2025-02-10 15:11:16,540:INFO:Epoch 46: Train Loss: 598.6836, Train Node Loss: 63.6261, Train Reg Loss: 5.3506, Train MAPE: 16.5734, Train R: 0.8201, Train RRSE: 0.6003, Test Loss: 564.8748, Test Node Loss: 83.3966, Test Reg Loss: 4.8148, Test MAPE: 18.0660, Test R: 0.8502, Test RRSE: 0.5389
2025-02-10 15:11:30,903:INFO:Epoch 47: Train Loss: 588.5653, Train Node Loss: 72.3861, Train Reg Loss: 5.1618, Train MAPE: 18.0566, Train R: 0.8136, Train RRSE: 0.5896, Test Loss: 1667.6549, Test Node Loss: 46.0236, Test Reg Loss: 16.2163, Test MAPE: 18.9557, Test R: 0.8443, Test RRSE: 0.9890
2025-02-10 15:11:45,084:INFO:Epoch 48: Train Loss: 545.2356, Train Node Loss: 64.2002, Train Reg Loss: 4.8104, Train MAPE: 17.4429, Train R: 0.8255, Train RRSE: 0.5692, Test Loss: 897.6778, Test Node Loss: 56.4586, Test Reg Loss: 8.4122, Test MAPE: 16.9567, Test R: 0.8500, Test RRSE: 0.7123
2025-02-10 15:11:59,263:INFO:Epoch 49: Train Loss: 557.9592, Train Node Loss: 59.6473, Train Reg Loss: 4.9831, Train MAPE: 17.1677, Train R: 0.8188, Train RRSE: 0.5793, Test Loss: 757.7596, Test Node Loss: 59.0685, Test Reg Loss: 6.9869, Test MAPE: 17.0560, Test R: 0.8485, Test RRSE: 0.6492
2025-02-10 15:12:13,225:INFO:Epoch 50: Train Loss: 548.0868, Train Node Loss: 55.4789, Train Reg Loss: 4.9261, Train MAPE: 17.3711, Train R: 0.8243, Train RRSE: 0.5760, Test Loss: 661.3098, Test Node Loss: 58.5010, Test Reg Loss: 6.0281, Test MAPE: 17.1555, Test R: 0.8493, Test RRSE: 0.6030
2025-02-10 15:12:27,218:INFO:Epoch 51: Train Loss: 548.1540, Train Node Loss: 61.3299, Train Reg Loss: 4.8682, Train MAPE: 18.2535, Train R: 0.8289, Train RRSE: 0.5726, Test Loss: 1569.6915, Test Node Loss: 39.1243, Test Reg Loss: 15.3057, Test MAPE: 18.8040, Test R: 0.8453, Test RRSE: 0.9608
2025-02-10 15:12:41,052:INFO:Epoch 52: Train Loss: 661.7106, Train Node Loss: 55.7446, Train Reg Loss: 6.0597, Train MAPE: 17.7815, Train R: 0.7720, Train RRSE: 0.6388, Test Loss: 1297.6991, Test Node Loss: 38.8714, Test Reg Loss: 12.5883, Test MAPE: 18.0721, Test R: 0.8470, Test RRSE: 0.8714
2025-02-10 15:12:55,387:INFO:Epoch 53: Train Loss: 625.2100, Train Node Loss: 48.2718, Train Reg Loss: 5.7694, Train MAPE: 17.3356, Train R: 0.7854, Train RRSE: 0.6233, Test Loss: 744.3441, Test Node Loss: 46.7012, Test Reg Loss: 6.9764, Test MAPE: 17.2862, Test R: 0.8480, Test RRSE: 0.6487
2025-02-10 15:13:09,730:INFO:Epoch 54: Train Loss: 514.9335, Train Node Loss: 44.6678, Train Reg Loss: 4.7027, Train MAPE: 17.2227, Train R: 0.8352, Train RRSE: 0.5627, Test Loss: 561.8070, Test Node Loss: 51.3197, Test Reg Loss: 5.1049, Test MAPE: 17.2567, Test R: 0.8516, Test RRSE: 0.5549
2025-02-10 15:13:23,841:INFO:Epoch 55: Train Loss: 484.3502, Train Node Loss: 47.4990, Train Reg Loss: 4.3685, Train MAPE: 17.4961, Train R: 0.8450, Train RRSE: 0.5424, Test Loss: 1285.6713, Test Node Loss: 35.2154, Test Reg Loss: 12.5046, Test MAPE: 18.0903, Test R: 0.8468, Test RRSE: 0.8684
2025-02-10 15:13:38,379:INFO:Epoch 56: Train Loss: 495.7553, Train Node Loss: 45.5761, Train Reg Loss: 4.5018, Train MAPE: 17.4499, Train R: 0.8362, Train RRSE: 0.5506, Test Loss: 894.1883, Test Node Loss: 41.8161, Test Reg Loss: 8.5237, Test MAPE: 17.6725, Test R: 0.8454, Test RRSE: 0.7170
2025-02-10 15:13:52,485:INFO:Epoch 57: Train Loss: 515.4590, Train Node Loss: 40.1851, Train Reg Loss: 4.7527, Train MAPE: 17.4973, Train R: 0.8296, Train RRSE: 0.5657, Test Loss: 716.9628, Test Node Loss: 40.6278, Test Reg Loss: 6.7634, Test MAPE: 17.1176, Test R: 0.8500, Test RRSE: 0.6387
2025-02-10 15:14:06,615:INFO:Epoch 58: Train Loss: 455.1126, Train Node Loss: 44.6542, Train Reg Loss: 4.1046, Train MAPE: 17.8220, Train R: 0.8643, Train RRSE: 0.5257, Test Loss: 1499.5439, Test Node Loss: 29.4947, Test Reg Loss: 14.7005, Test MAPE: 18.8597, Test R: 0.8432, Test RRSE: 0.9416
2025-02-10 15:14:20,988:INFO:Epoch 59: Train Loss: 523.8389, Train Node Loss: 36.6957, Train Reg Loss: 4.8714, Train MAPE: 17.3344, Train R: 0.8250, Train RRSE: 0.5728, Test Loss: 701.0864, Test Node Loss: 38.4585, Test Reg Loss: 6.6263, Test MAPE: 17.2544, Test R: 0.8486, Test RRSE: 0.6322
2025-02-10 15:14:35,169:INFO:Epoch 60: Train Loss: 497.4729, Train Node Loss: 35.8863, Train Reg Loss: 4.6159, Train MAPE: 17.3307, Train R: 0.8344, Train RRSE: 0.5575, Test Loss: 542.5335, Test Node Loss: 42.1965, Test Reg Loss: 5.0034, Test MAPE: 17.5992, Test R: 0.8512, Test RRSE: 0.5493
2025-02-10 15:14:49,413:INFO:Epoch 61: Train Loss: 502.1162, Train Node Loss: 38.2451, Train Reg Loss: 4.6387, Train MAPE: 17.7804, Train R: 0.8316, Train RRSE: 0.5589, Test Loss: 1062.4811, Test Node Loss: 30.0465, Test Reg Loss: 10.3243, Test MAPE: 18.0424, Test R: 0.8482, Test RRSE: 0.7891
2025-02-10 15:15:03,862:INFO:Epoch 62: Train Loss: 494.0677, Train Node Loss: 37.9859, Train Reg Loss: 4.5608, Train MAPE: 17.9276, Train R: 0.8385, Train RRSE: 0.5542, Test Loss: 1357.9778, Test Node Loss: 26.5754, Test Reg Loss: 13.3140, Test MAPE: 18.5295, Test R: 0.8454, Test RRSE: 0.8961
2025-02-10 15:15:17,939:INFO:Epoch 63: Train Loss: 511.3216, Train Node Loss: 31.3595, Train Reg Loss: 4.7996, Train MAPE: 17.3753, Train R: 0.8291, Train RRSE: 0.5685, Test Loss: 604.7804, Test Node Loss: 34.4095, Test Reg Loss: 5.7037, Test MAPE: 17.4503, Test R: 0.8501, Test RRSE: 0.5865
2025-02-10 15:15:32,185:INFO:Epoch 64: Train Loss: 466.4373, Train Node Loss: 32.0788, Train Reg Loss: 4.3436, Train MAPE: 17.3671, Train R: 0.8431, Train RRSE: 0.5408, Test Loss: 853.6324, Test Node Loss: 27.5075, Test Reg Loss: 8.2612, Test MAPE: 17.4432, Test R: 0.8506, Test RRSE: 0.7059
2025-02-10 15:15:46,361:INFO:Epoch 65: Train Loss: 462.9088, Train Node Loss: 29.0171, Train Reg Loss: 4.3389, Train MAPE: 16.9320, Train R: 0.8493, Train RRSE: 0.5405, Test Loss: 507.0031, Test Node Loss: 36.6442, Test Reg Loss: 4.7036, Test MAPE: 17.4937, Test R: 0.8535, Test RRSE: 0.5326
2025-02-10 15:16:00,506:INFO:Epoch 66: Train Loss: 492.8585, Train Node Loss: 32.4235, Train Reg Loss: 4.6043, Train MAPE: 17.9338, Train R: 0.8335, Train RRSE: 0.5568, Test Loss: 1528.6083, Test Node Loss: 21.7272, Test Reg Loss: 15.0688, Test MAPE: 19.1703, Test R: 0.8447, Test RRSE: 0.9533
2025-02-10 15:16:15,042:INFO:Epoch 67: Train Loss: 464.4282, Train Node Loss: 30.5112, Train Reg Loss: 4.3392, Train MAPE: 17.7422, Train R: 0.8423, Train RRSE: 0.5406, Test Loss: 598.1100, Test Node Loss: 30.2375, Test Reg Loss: 5.6787, Test MAPE: 17.5393, Test R: 0.8534, Test RRSE: 0.5852
2025-02-10 15:16:29,291:INFO:Epoch 68: Train Loss: 436.0018, Train Node Loss: 26.3163, Train Reg Loss: 4.0969, Train MAPE: 17.3611, Train R: 0.8588, Train RRSE: 0.5252, Test Loss: 694.8072, Test Node Loss: 28.1695, Test Reg Loss: 6.6664, Test MAPE: 17.4252, Test R: 0.8522, Test RRSE: 0.6341
2025-02-10 15:16:43,412:INFO:Epoch 69: Train Loss: 426.7144, Train Node Loss: 31.8117, Train Reg Loss: 3.9490, Train MAPE: 18.1220, Train R: 0.8710, Train RRSE: 0.5157, Test Loss: 3337.4917, Test Node Loss: 13.3574, Test Reg Loss: 33.2413, Test MAPE: 24.6499, Test R: 0.8307, Test RRSE: 1.4160
2025-02-10 15:16:57,772:INFO:Epoch 70: Train Loss: 504.8560, Train Node Loss: 24.9612, Train Reg Loss: 4.7989, Train MAPE: 17.3398, Train R: 0.8275, Train RRSE: 0.5685, Test Loss: 620.5208, Test Node Loss: 27.3267, Test Reg Loss: 5.9319, Test MAPE: 17.6850, Test R: 0.8512, Test RRSE: 0.5981
2025-02-10 15:17:11,852:INFO:Epoch 71: Train Loss: 440.4308, Train Node Loss: 25.5124, Train Reg Loss: 4.1492, Train MAPE: 17.5927, Train R: 0.8500, Train RRSE: 0.5286, Test Loss: 787.1015, Test Node Loss: 23.4692, Test Reg Loss: 7.6363, Test MAPE: 17.8343, Test R: 0.8520, Test RRSE: 0.6787
2025-02-10 15:17:26,255:INFO:Epoch 72: Train Loss: 421.0559, Train Node Loss: 26.7046, Train Reg Loss: 3.9435, Train MAPE: 18.0675, Train R: 0.8618, Train RRSE: 0.5153, Test Loss: 1156.9091, Test Node Loss: 19.0896, Test Reg Loss: 11.3782, Test MAPE: 18.2696, Test R: 0.8496, Test RRSE: 0.8284
2025-02-10 15:17:40,710:INFO:Epoch 73: Train Loss: 426.8537, Train Node Loss: 21.9209, Train Reg Loss: 4.0493, Train MAPE: 17.2109, Train R: 0.8610, Train RRSE: 0.5222, Test Loss: 488.6753, Test Node Loss: 29.2397, Test Reg Loss: 4.5944, Test MAPE: 17.8340, Test R: 0.8562, Test RRSE: 0.5264
2025-02-10 15:17:54,922:INFO:Epoch 74: Train Loss: 458.1839, Train Node Loss: 25.2064, Train Reg Loss: 4.3298, Train MAPE: 17.9354, Train R: 0.8469, Train RRSE: 0.5400, Test Loss: 1593.7202, Test Node Loss: 15.7955, Test Reg Loss: 15.7792, Test MAPE: 19.7330, Test R: 0.8488, Test RRSE: 0.9756
2025-02-10 15:18:09,143:INFO:Epoch 75: Train Loss: 448.4989, Train Node Loss: 21.6662, Train Reg Loss: 4.2683, Train MAPE: 17.7055, Train R: 0.8459, Train RRSE: 0.5361, Test Loss: 543.6174, Test Node Loss: 23.6168, Test Reg Loss: 5.2000, Test MAPE: 17.6831, Test R: 0.8545, Test RRSE: 0.5600
2025-02-10 15:18:23,412:INFO:Epoch 76: Train Loss: 403.8265, Train Node Loss: 22.6804, Train Reg Loss: 3.8115, Train MAPE: 17.7754, Train R: 0.8656, Train RRSE: 0.5066, Test Loss: 983.7068, Test Node Loss: 18.5197, Test Reg Loss: 9.6519, Test MAPE: 18.2223, Test R: 0.8520, Test RRSE: 0.7630
2025-02-10 15:18:37,804:INFO:Epoch 77: Train Loss: 407.7252, Train Node Loss: 20.3882, Train Reg Loss: 3.8734, Train MAPE: 17.6591, Train R: 0.8619, Train RRSE: 0.5107, Test Loss: 897.6198, Test Node Loss: 18.4597, Test Reg Loss: 8.7916, Test MAPE: 17.9446, Test R: 0.8529, Test RRSE: 0.7282
2025-02-10 15:18:52,266:INFO:Epoch 78: Train Loss: 495.3714, Train Node Loss: 22.0979, Train Reg Loss: 4.7327, Train MAPE: 18.0158, Train R: 0.8295, Train RRSE: 0.5645, Test Loss: 2312.4679, Test Node Loss: 11.5967, Test Reg Loss: 23.0087, Test MAPE: 21.6050, Test R: 0.8450, Test RRSE: 1.1780
2025-02-10 15:19:06,804:INFO:Epoch 79: Train Loss: 429.6503, Train Node Loss: 18.3609, Train Reg Loss: 4.1129, Train MAPE: 17.3148, Train R: 0.8548, Train RRSE: 0.5263, Test Loss: 481.3059, Test Node Loss: 25.9897, Test Reg Loss: 4.5532, Test MAPE: 18.3739, Test R: 0.8576, Test RRSE: 0.5240
2025-02-10 15:19:21,245:INFO:Epoch 80: Train Loss: 448.0096, Train Node Loss: 20.0151, Train Reg Loss: 4.2799, Train MAPE: 17.9206, Train R: 0.8452, Train RRSE: 0.5369, Test Loss: 1888.1602, Test Node Loss: 12.4685, Test Reg Loss: 18.7569, Test MAPE: 20.5692, Test R: 0.8457, Test RRSE: 1.0636
2025-02-10 15:19:35,850:INFO:Epoch 81: Train Loss: 401.6403, Train Node Loss: 18.5970, Train Reg Loss: 3.8304, Train MAPE: 17.7102, Train R: 0.8623, Train RRSE: 0.5079, Test Loss: 553.0974, Test Node Loss: 20.2457, Test Reg Loss: 5.3285, Test MAPE: 17.4351, Test R: 0.8577, Test RRSE: 0.5669
2025-02-10 15:19:50,167:INFO:Epoch 82: Train Loss: 373.8933, Train Node Loss: 17.8778, Train Reg Loss: 3.5602, Train MAPE: 17.4676, Train R: 0.8747, Train RRSE: 0.4896, Test Loss: 1046.6679, Test Node Loss: 15.4348, Test Reg Loss: 10.3123, Test MAPE: 18.4403, Test R: 0.8547, Test RRSE: 0.7887
2025-02-10 15:20:04,405:INFO:Epoch 83: Train Loss: 411.3722, Train Node Loss: 18.9028, Train Reg Loss: 3.9247, Train MAPE: 18.2559, Train R: 0.8592, Train RRSE: 0.5141, Test Loss: 2341.4693, Test Node Loss: 10.6693, Test Reg Loss: 23.3080, Test MAPE: 22.1525, Test R: 0.8424, Test RRSE: 1.1857
2025-02-10 15:20:18,857:INFO:Epoch 84: Train Loss: 400.2417, Train Node Loss: 16.0901, Train Reg Loss: 3.8415, Train MAPE: 17.7708, Train R: 0.8629, Train RRSE: 0.5086, Test Loss: 480.5995, Test Node Loss: 19.8547, Test Reg Loss: 4.6074, Test MAPE: 17.6194, Test R: 0.8587, Test RRSE: 0.5272
2025-02-10 15:20:33,116:INFO:Epoch 85: Train Loss: 402.7945, Train Node Loss: 17.5051, Train Reg Loss: 3.8529, Train MAPE: 18.3536, Train R: 0.8620, Train RRSE: 0.5094, Test Loss: 2618.1374, Test Node Loss: 8.7933, Test Reg Loss: 26.0934, Test MAPE: 22.6339, Test R: 0.8403, Test RRSE: 1.2545
2025-02-10 15:20:47,370:INFO:Epoch 86: Train Loss: 388.0530, Train Node Loss: 14.4724, Train Reg Loss: 3.7358, Train MAPE: 17.2542, Train R: 0.8712, Train RRSE: 0.5016, Test Loss: 461.3671, Test Node Loss: 21.6098, Test Reg Loss: 4.3976, Test MAPE: 18.6416, Test R: 0.8619, Test RRSE: 0.5150
2025-02-10 15:21:01,654:INFO:Epoch 87: Train Loss: 441.9126, Train Node Loss: 16.5754, Train Reg Loss: 4.2534, Train MAPE: 18.3274, Train R: 0.8483, Train RRSE: 0.5352, Test Loss: 2213.4751, Test Node Loss: 8.2470, Test Reg Loss: 22.0523, Test MAPE: 21.3871, Test R: 0.8488, Test RRSE: 1.1533
2025-02-10 15:21:16,016:INFO:Epoch 88: Train Loss: 452.3065, Train Node Loss: 14.6786, Train Reg Loss: 4.3763, Train MAPE: 18.0554, Train R: 0.8416, Train RRSE: 0.5429, Test Loss: 810.1256, Test Node Loss: 12.6008, Test Reg Loss: 7.9752, Test MAPE: 18.1556, Test R: 0.8574, Test RRSE: 0.6936
2025-02-10 15:21:30,530:INFO:Epoch 89: Train Loss: 393.5961, Train Node Loss: 11.4088, Train Reg Loss: 3.8219, Train MAPE: 17.4166, Train R: 0.8724, Train RRSE: 0.5073, Test Loss: 953.3101, Test Node Loss: 10.9028, Test Reg Loss: 9.4241, Test MAPE: 18.3387, Test R: 0.8576, Test RRSE: 0.7539
2025-02-10 15:21:44,932:INFO:Epoch 90: Train Loss: 436.9687, Train Node Loss: 14.0446, Train Reg Loss: 4.2292, Train MAPE: 18.5327, Train R: 0.8517, Train RRSE: 0.5337, Test Loss: 2329.3729, Test Node Loss: 7.3149, Test Reg Loss: 23.2206, Test MAPE: 22.2316, Test R: 0.8437, Test RRSE: 1.1834
2025-02-10 15:21:59,363:INFO:Epoch 91: Train Loss: 396.0345, Train Node Loss: 10.5981, Train Reg Loss: 3.8544, Train MAPE: 17.6109, Train R: 0.8652, Train RRSE: 0.5095, Test Loss: 494.2379, Test Node Loss: 12.8430, Test Reg Loss: 4.8139, Test MAPE: 17.9104, Test R: 0.8574, Test RRSE: 0.5388
2025-02-10 15:22:14,046:INFO:Epoch 92: Train Loss: 430.5933, Train Node Loss: 10.7618, Train Reg Loss: 4.1983, Train MAPE: 17.3776, Train R: 0.8507, Train RRSE: 0.5317, Test Loss: 562.5593, Test Node Loss: 12.3503, Test Reg Loss: 5.5021, Test MAPE: 17.7548, Test R: 0.8577, Test RRSE: 0.5761
2025-02-10 15:22:28,654:INFO:Epoch 93: Train Loss: 397.2838, Train Node Loss: 12.7941, Train Reg Loss: 3.8449, Train MAPE: 18.5775, Train R: 0.8693, Train RRSE: 0.5088, Test Loss: 2775.6566, Test Node Loss: 5.7481, Test Reg Loss: 27.6991, Test MAPE: 23.0156, Test R: 0.8396, Test RRSE: 1.2925
2025-02-10 15:22:43,057:INFO:Epoch 94: Train Loss: 399.1381, Train Node Loss: 9.1081, Train Reg Loss: 3.9003, Train MAPE: 17.2863, Train R: 0.8681, Train RRSE: 0.5125, Test Loss: 602.0457, Test Node Loss: 10.7184, Test Reg Loss: 5.9133, Test MAPE: 18.0052, Test R: 0.8539, Test RRSE: 0.5972
2025-02-10 15:22:57,421:INFO:Epoch 95: Train Loss: 388.0829, Train Node Loss: 11.4148, Train Reg Loss: 3.7667, Train MAPE: 18.4193, Train R: 0.8686, Train RRSE: 0.5036, Test Loss: 1893.8956, Test Node Loss: 6.7698, Test Reg Loss: 18.8713, Test MAPE: 21.2915, Test R: 0.8486, Test RRSE: 1.0669
2025-02-10 15:23:12,283:INFO:Epoch 96: Train Loss: 384.0252, Train Node Loss: 9.5919, Train Reg Loss: 3.7443, Train MAPE: 17.7454, Train R: 0.8661, Train RRSE: 0.5021, Test Loss: 935.9507, Test Node Loss: 9.0254, Test Reg Loss: 9.2693, Test MAPE: 18.8916, Test R: 0.8549, Test RRSE: 0.7477
2025-02-10 15:23:26,758:INFO:Epoch 97: Train Loss: 418.5005, Train Node Loss: 10.2579, Train Reg Loss: 4.0824, Train MAPE: 18.1500, Train R: 0.8529, Train RRSE: 0.5243, Test Loss: 1115.3382, Test Node Loss: 7.9649, Test Reg Loss: 11.0737, Test MAPE: 19.1064, Test R: 0.8552, Test RRSE: 0.8173
2025-02-10 15:23:41,262:INFO:Epoch 98: Train Loss: 368.1772, Train Node Loss: 9.1029, Train Reg Loss: 3.5907, Train MAPE: 17.7233, Train R: 0.8724, Train RRSE: 0.4917, Test Loss: 724.0214, Test Node Loss: 9.1372, Test Reg Loss: 7.1488, Test MAPE: 18.5082, Test R: 0.8568, Test RRSE: 0.6566
2025-02-10 15:23:55,676:INFO:Epoch 99: Train Loss: 385.0281, Train Node Loss: 9.6044, Train Reg Loss: 3.7542, Train MAPE: 18.0523, Train R: 0.8654, Train RRSE: 0.5028, Test Loss: 897.1817, Test Node Loss: 7.8429, Test Reg Loss: 8.8934, Test MAPE: 18.2371, Test R: 0.8539, Test RRSE: 0.7324
2025-02-10 15:24:10,086:INFO:Epoch 100: Train Loss: 337.2320, Train Node Loss: 8.8188, Train Reg Loss: 3.2841, Train MAPE: 17.6378, Train R: 0.8853, Train RRSE: 0.4703, Test Loss: 1303.3976, Test Node Loss: 7.4017, Test Reg Loss: 12.9600, Test MAPE: 19.6581, Test R: 0.8543, Test RRSE: 0.8841
2025-02-10 15:24:24,633:INFO:Epoch 101: Train Loss: 361.4025, Train Node Loss: 8.6783, Train Reg Loss: 3.5272, Train MAPE: 18.2084, Train R: 0.8756, Train RRSE: 0.4874, Test Loss: 1129.6869, Test Node Loss: 8.0323, Test Reg Loss: 11.2165, Test MAPE: 19.9026, Test R: 0.8557, Test RRSE: 0.8225
2025-02-10 15:24:39,366:INFO:Epoch 102: Train Loss: 392.7744, Train Node Loss: 10.0380, Train Reg Loss: 3.8274, Train MAPE: 18.2918, Train R: 0.8661, Train RRSE: 0.5077, Test Loss: 1358.5033, Test Node Loss: 6.3060, Test Reg Loss: 13.5220, Test MAPE: 19.4730, Test R: 0.8532, Test RRSE: 0.9031
2025-02-10 15:24:53,857:INFO:Epoch 103: Train Loss: 358.6280, Train Node Loss: 7.9002, Train Reg Loss: 3.5073, Train MAPE: 17.5558, Train R: 0.8784, Train RRSE: 0.4860, Test Loss: 843.8706, Test Node Loss: 8.5546, Test Reg Loss: 8.3532, Test MAPE: 18.6055, Test R: 0.8548, Test RRSE: 0.7098
2025-02-10 15:25:08,215:INFO:Epoch 104: Train Loss: 402.0253, Train Node Loss: 9.2404, Train Reg Loss: 3.9278, Train MAPE: 18.3001, Train R: 0.8589, Train RRSE: 0.5143, Test Loss: 2704.6834, Test Node Loss: 4.8783, Test Reg Loss: 26.9981, Test MAPE: 23.8681, Test R: 0.8499, Test RRSE: 1.2761
2025-02-10 15:25:22,809:INFO:Epoch 105: Train Loss: 363.6152, Train Node Loss: 8.8527, Train Reg Loss: 3.5476, Train MAPE: 17.8539, Train R: 0.8729, Train RRSE: 0.4888, Test Loss: 561.5489, Test Node Loss: 9.7860, Test Reg Loss: 5.5176, Test MAPE: 18.1803, Test R: 0.8617, Test RRSE: 0.5769
2025-02-10 15:25:37,335:INFO:Epoch 106: Train Loss: 383.2153, Train Node Loss: 9.1234, Train Reg Loss: 3.7409, Train MAPE: 18.1025, Train R: 0.8672, Train RRSE: 0.5019, Test Loss: 1499.4324, Test Node Loss: 5.7079, Test Reg Loss: 14.9372, Test MAPE: 19.9464, Test R: 0.8553, Test RRSE: 0.9492
2025-02-10 15:25:51,983:INFO:Epoch 107: Train Loss: 390.5516, Train Node Loss: 8.1443, Train Reg Loss: 3.8241, Train MAPE: 17.9020, Train R: 0.8623, Train RRSE: 0.5075, Test Loss: 984.1872, Test Node Loss: 7.6348, Test Reg Loss: 9.7655, Test MAPE: 19.3475, Test R: 0.8608, Test RRSE: 0.7675
2025-02-10 15:26:06,368:INFO:Epoch 108: Train Loss: 352.4410, Train Node Loss: 7.7149, Train Reg Loss: 3.4473, Train MAPE: 18.0812, Train R: 0.8783, Train RRSE: 0.4818, Test Loss: 955.3836, Test Node Loss: 7.3171, Test Reg Loss: 9.4807, Test MAPE: 19.5171, Test R: 0.8610, Test RRSE: 0.7562
2025-02-10 15:26:20,765:INFO:Epoch 109: Train Loss: 346.1361, Train Node Loss: 8.7417, Train Reg Loss: 3.3739, Train MAPE: 18.3205, Train R: 0.8840, Train RRSE: 0.4767, Test Loss: 2368.5318, Test Node Loss: 4.0540, Test Reg Loss: 23.6448, Test MAPE: 22.2326, Test R: 0.8514, Test RRSE: 1.1942
2025-02-10 15:26:35,064:INFO:Epoch 110: Train Loss: 334.5534, Train Node Loss: 6.3677, Train Reg Loss: 3.2819, Train MAPE: 17.7591, Train R: 0.8898, Train RRSE: 0.4701, Test Loss: 468.3287, Test Node Loss: 9.2312, Test Reg Loss: 4.5910, Test MAPE: 18.9997, Test R: 0.8593, Test RRSE: 0.5262
2025-02-10 15:26:49,960:INFO:Epoch 111: Train Loss: 349.0206, Train Node Loss: 7.4256, Train Reg Loss: 3.4160, Train MAPE: 18.3674, Train R: 0.8778, Train RRSE: 0.4796, Test Loss: 1314.5506, Test Node Loss: 5.5129, Test Reg Loss: 13.0904, Test MAPE: 20.1803, Test R: 0.8576, Test RRSE: 0.8886
2025-02-10 15:27:04,508:INFO:Epoch 112: Train Loss: 424.7326, Train Node Loss: 7.6206, Train Reg Loss: 4.1711, Train MAPE: 18.2575, Train R: 0.8516, Train RRSE: 0.5300, Test Loss: 1962.3260, Test Node Loss: 3.8641, Test Reg Loss: 19.5846, Test MAPE: 21.4372, Test R: 0.8486, Test RRSE: 1.0868
2025-02-10 15:27:18,913:INFO:Epoch 113: Train Loss: 391.3155, Train Node Loss: 5.7205, Train Reg Loss: 3.8559, Train MAPE: 17.5566, Train R: 0.8651, Train RRSE: 0.5096, Test Loss: 440.3420, Test Node Loss: 7.8689, Test Reg Loss: 4.3247, Test MAPE: 18.5570, Test R: 0.8620, Test RRSE: 0.5107
2025-02-10 15:27:33,504:INFO:Epoch 114: Train Loss: 405.9977, Train Node Loss: 5.6611, Train Reg Loss: 4.0034, Train MAPE: 17.7001, Train R: 0.8570, Train RRSE: 0.5192, Test Loss: 1657.8109, Test Node Loss: 4.2396, Test Reg Loss: 16.5357, Test MAPE: 21.2145, Test R: 0.8577, Test RRSE: 0.9987
2025-02-10 15:27:47,872:INFO:Epoch 115: Train Loss: 397.7461, Train Node Loss: 6.6816, Train Reg Loss: 3.9106, Train MAPE: 18.9097, Train R: 0.8632, Train RRSE: 0.5132, Test Loss: 1905.6486, Test Node Loss: 3.6560, Test Reg Loss: 19.0199, Test MAPE: 21.4923, Test R: 0.8555, Test RRSE: 1.0711
2025-02-10 15:28:02,286:INFO:Epoch 116: Train Loss: 351.6609, Train Node Loss: 5.5382, Train Reg Loss: 3.4612, Train MAPE: 18.1175, Train R: 0.8771, Train RRSE: 0.4828, Test Loss: 1936.7137, Test Node Loss: 3.3472, Test Reg Loss: 19.3337, Test MAPE: 21.2691, Test R: 0.8515, Test RRSE: 1.0799
2025-02-10 15:28:16,998:INFO:Epoch 117: Train Loss: 343.3310, Train Node Loss: 4.4123, Train Reg Loss: 3.3892, Train MAPE: 17.6587, Train R: 0.8842, Train RRSE: 0.4777, Test Loss: 760.8034, Test Node Loss: 5.0187, Test Reg Loss: 7.5578, Test MAPE: 19.2067, Test R: 0.8583, Test RRSE: 0.6752
2025-02-10 15:28:31,474:INFO:Epoch 118: Train Loss: 331.9717, Train Node Loss: 5.5655, Train Reg Loss: 3.2641, Train MAPE: 18.4543, Train R: 0.8855, Train RRSE: 0.4688, Test Loss: 1862.7128, Test Node Loss: 3.5203, Test Reg Loss: 18.5919, Test MAPE: 21.5988, Test R: 0.8540, Test RRSE: 1.0589
2025-02-10 15:28:45,929:INFO:Epoch 119: Train Loss: 318.9378, Train Node Loss: 4.8048, Train Reg Loss: 3.1413, Train MAPE: 17.9043, Train R: 0.8894, Train RRSE: 0.4599, Test Loss: 1085.0500, Test Node Loss: 4.4033, Test Reg Loss: 10.8065, Test MAPE: 19.6484, Test R: 0.8597, Test RRSE: 0.8073
2025-02-10 15:29:00,221:INFO:Epoch 120: Train Loss: 343.5063, Train Node Loss: 5.1056, Train Reg Loss: 3.3840, Train MAPE: 18.3776, Train R: 0.8788, Train RRSE: 0.4774, Test Loss: 1125.3388, Test Node Loss: 4.2804, Test Reg Loss: 11.2106, Test MAPE: 20.3438, Test R: 0.8605, Test RRSE: 0.8223
2025-02-10 15:29:14,715:INFO:Epoch 121: Train Loss: 336.8521, Train Node Loss: 4.8388, Train Reg Loss: 3.3201, Train MAPE: 18.2910, Train R: 0.8813, Train RRSE: 0.4728, Test Loss: 1047.4471, Test Node Loss: 4.2810, Test Reg Loss: 10.4317, Test MAPE: 19.0922, Test R: 0.8579, Test RRSE: 0.7932
2025-02-10 15:29:29,238:INFO:Epoch 122: Train Loss: 374.6160, Train Node Loss: 4.1076, Train Reg Loss: 3.7051, Train MAPE: 17.1678, Train R: 0.8753, Train RRSE: 0.4995, Test Loss: 882.4017, Test Node Loss: 4.6347, Test Reg Loss: 8.7777, Test MAPE: 18.8655, Test R: 0.8575, Test RRSE: 0.7276
2025-02-10 15:29:44,069:INFO:Epoch 123: Train Loss: 346.0930, Train Node Loss: 5.5151, Train Reg Loss: 3.4058, Train MAPE: 18.5277, Train R: 0.8836, Train RRSE: 0.4789, Test Loss: 3118.6107, Test Node Loss: 2.4018, Test Reg Loss: 31.1621, Test MAPE: 24.8008, Test R: 0.8375, Test RRSE: 1.3710
2025-02-10 15:29:58,915:INFO:Epoch 124: Train Loss: 369.4187, Train Node Loss: 4.6657, Train Reg Loss: 3.6475, Train MAPE: 18.0547, Train R: 0.8686, Train RRSE: 0.4956, Test Loss: 837.4449, Test Node Loss: 4.1535, Test Reg Loss: 8.3329, Test MAPE: 19.0924, Test R: 0.8578, Test RRSE: 0.7089
2025-02-10 15:30:13,293:INFO:Epoch 125: Train Loss: 365.2431, Train Node Loss: 4.0907, Train Reg Loss: 3.6115, Train MAPE: 17.5946, Train R: 0.8728, Train RRSE: 0.4932, Test Loss: 562.3571, Test Node Loss: 4.9447, Test Reg Loss: 5.5741, Test MAPE: 18.6110, Test R: 0.8647, Test RRSE: 0.5798
2025-02-10 15:30:13,325:INFO:Checkpoint saved at best_0.001_0.001_256_SAGE_2_32_0.8647_epoch_125.pth
2025-02-10 15:30:28,161:INFO:Epoch 126: Train Loss: 407.9952, Train Node Loss: 4.9467, Train Reg Loss: 4.0305, Train MAPE: 18.1995, Train R: 0.8568, Train RRSE: 0.5210, Test Loss: 2197.3169, Test Node Loss: 2.7686, Test Reg Loss: 21.9455, Test MAPE: 22.3306, Test R: 0.8588, Test RRSE: 1.1505
2025-02-10 15:30:42,843:INFO:Epoch 127: Train Loss: 344.3594, Train Node Loss: 3.8642, Train Reg Loss: 3.4050, Train MAPE: 17.6701, Train R: 0.8830, Train RRSE: 0.4788, Test Loss: 1134.7586, Test Node Loss: 3.7965, Test Reg Loss: 11.3096, Test MAPE: 19.5162, Test R: 0.8603, Test RRSE: 0.8259
2025-02-10 15:30:57,584:INFO:Epoch 128: Train Loss: 354.8894, Train Node Loss: 4.9982, Train Reg Loss: 3.4989, Train MAPE: 18.6165, Train R: 0.8788, Train RRSE: 0.4854, Test Loss: 3261.0748, Test Node Loss: 2.0339, Test Reg Loss: 32.5904, Test MAPE: 25.0206, Test R: 0.8452, Test RRSE: 1.4020
2025-02-10 15:31:11,827:INFO:Epoch 129: Train Loss: 349.8196, Train Node Loss: 4.3560, Train Reg Loss: 3.4546, Train MAPE: 18.1905, Train R: 0.8770, Train RRSE: 0.4823, Test Loss: 815.9453, Test Node Loss: 3.8907, Test Reg Loss: 8.1205, Test MAPE: 18.7386, Test R: 0.8590, Test RRSE: 0.6998
2025-02-10 15:31:26,260:INFO:Epoch 130: Train Loss: 319.6201, Train Node Loss: 3.9429, Train Reg Loss: 3.1568, Train MAPE: 17.9902, Train R: 0.8880, Train RRSE: 0.4611, Test Loss: 2506.5741, Test Node Loss: 2.2196, Test Reg Loss: 25.0435, Test MAPE: 23.2149, Test R: 0.8576, Test RRSE: 1.2290
2025-02-10 15:31:41,082:INFO:Epoch 131: Train Loss: 373.2033, Train Node Loss: 4.3341, Train Reg Loss: 3.6887, Train MAPE: 18.8052, Train R: 0.8681, Train RRSE: 0.4984, Test Loss: 1461.9095, Test Node Loss: 3.1459, Test Reg Loss: 14.5876, Test MAPE: 20.4185, Test R: 0.8568, Test RRSE: 0.9380
2025-02-10 15:31:55,730:INFO:Epoch 132: Train Loss: 377.0014, Train Node Loss: 2.8545, Train Reg Loss: 3.7415, Train MAPE: 17.0696, Train R: 0.8819, Train RRSE: 0.5019, Test Loss: 968.3997, Test Node Loss: 3.5051, Test Reg Loss: 9.6489, Test MAPE: 19.6407, Test R: 0.8599, Test RRSE: 0.7629
2025-02-10 15:32:10,594:INFO:Epoch 133: Train Loss: 355.5300, Train Node Loss: 4.5802, Train Reg Loss: 3.5095, Train MAPE: 18.9563, Train R: 0.8864, Train RRSE: 0.4861, Test Loss: 1262.3864, Test Node Loss: 2.7678, Test Reg Loss: 12.5962, Test MAPE: 20.4593, Test R: 0.8629, Test RRSE: 0.8716
2025-02-10 15:32:24,838:INFO:Epoch 134: Train Loss: 341.3099, Train Node Loss: 2.6109, Train Reg Loss: 3.3870, Train MAPE: 17.8281, Train R: 0.8880, Train RRSE: 0.4776, Test Loss: 703.1391, Test Node Loss: 2.8385, Test Reg Loss: 7.0030, Test MAPE: 18.5122, Test R: 0.8611, Test RRSE: 0.6499
2025-02-10 15:32:39,505:INFO:Epoch 135: Train Loss: 344.8926, Train Node Loss: 3.1558, Train Reg Loss: 3.4174, Train MAPE: 18.0827, Train R: 0.8811, Train RRSE: 0.4797, Test Loss: 1308.9274, Test Node Loss: 2.2579, Test Reg Loss: 13.0667, Test MAPE: 19.8443, Test R: 0.8564, Test RRSE: 0.8878
2025-02-10 15:32:53,899:INFO:Epoch 136: Train Loss: 312.2418, Train Node Loss: 2.9904, Train Reg Loss: 3.0925, Train MAPE: 18.2373, Train R: 0.8901, Train RRSE: 0.4563, Test Loss: 1579.8881, Test Node Loss: 2.4152, Test Reg Loss: 15.7747, Test MAPE: 21.2783, Test R: 0.8614, Test RRSE: 0.9754
2025-02-10 15:33:08,052:INFO:Epoch 137: Train Loss: 292.3716, Train Node Loss: 2.9151, Train Reg Loss: 2.8946, Train MAPE: 18.1799, Train R: 0.8976, Train RRSE: 0.4415, Test Loss: 1686.3907, Test Node Loss: 2.0676, Test Reg Loss: 16.8432, Test MAPE: 21.1946, Test R: 0.8588, Test RRSE: 1.0079
2025-02-10 15:33:22,535:INFO:Epoch 138: Train Loss: 294.7947, Train Node Loss: 3.0436, Train Reg Loss: 2.9175, Train MAPE: 18.5296, Train R: 0.8965, Train RRSE: 0.4432, Test Loss: 1909.1481, Test Node Loss: 2.1252, Test Reg Loss: 19.0702, Test MAPE: 22.2602, Test R: 0.8546, Test RRSE: 1.0725
2025-02-10 15:33:37,098:INFO:Epoch 139: Train Loss: 394.2730, Train Node Loss: 2.5415, Train Reg Loss: 3.9173, Train MAPE: 17.8693, Train R: 0.8593, Train RRSE: 0.5136, Test Loss: 1761.6149, Test Node Loss: 1.8701, Test Reg Loss: 17.5974, Test MAPE: 20.9275, Test R: 0.8499, Test RRSE: 1.0302
2025-02-10 15:33:51,883:INFO:Epoch 140: Train Loss: 290.8851, Train Node Loss: 3.1120, Train Reg Loss: 2.8777, Train MAPE: 18.3094, Train R: 0.8993, Train RRSE: 0.4402, Test Loss: 1721.3676, Test Node Loss: 2.4404, Test Reg Loss: 17.1893, Test MAPE: 22.0211, Test R: 0.8616, Test RRSE: 1.0182
2025-02-10 15:34:06,161:INFO:Epoch 141: Train Loss: 289.5579, Train Node Loss: 3.1389, Train Reg Loss: 2.8642, Train MAPE: 18.4792, Train R: 0.8985, Train RRSE: 0.4392, Test Loss: 1963.4074, Test Node Loss: 1.9525, Test Reg Loss: 19.6145, Test MAPE: 21.8848, Test R: 0.8616, Test RRSE: 1.0877
2025-02-10 15:34:20,601:INFO:Epoch 142: Train Loss: 308.9368, Train Node Loss: 2.6698, Train Reg Loss: 3.0627, Train MAPE: 17.4222, Train R: 0.8961, Train RRSE: 0.4541, Test Loss: 1241.6641, Test Node Loss: 2.7441, Test Reg Loss: 12.3892, Test MAPE: 20.0857, Test R: 0.8610, Test RRSE: 0.8644
2025-02-10 15:34:35,409:INFO:Epoch 143: Train Loss: 304.1816, Train Node Loss: 3.5617, Train Reg Loss: 3.0062, Train MAPE: 18.8651, Train R: 0.8972, Train RRSE: 0.4499, Test Loss: 1976.9250, Test Node Loss: 1.9843, Test Reg Loss: 19.7494, Test MAPE: 22.1145, Test R: 0.8602, Test RRSE: 1.0914
2025-02-10 15:34:49,847:INFO:Epoch 144: Train Loss: 311.7494, Train Node Loss: 2.5580, Train Reg Loss: 3.0919, Train MAPE: 18.0117, Train R: 0.8961, Train RRSE: 0.4563, Test Loss: 667.5241, Test Node Loss: 3.0936, Test Reg Loss: 6.6443, Test MAPE: 18.8257, Test R: 0.8580, Test RRSE: 0.6330
2025-02-10 15:35:04,111:INFO:Epoch 145: Train Loss: 300.3094, Train Node Loss: 3.1037, Train Reg Loss: 2.9721, Train MAPE: 18.1297, Train R: 0.8999, Train RRSE: 0.4474, Test Loss: 2551.9243, Test Node Loss: 1.4891, Test Reg Loss: 25.5044, Test MAPE: 23.0502, Test R: 0.8515, Test RRSE: 1.2403
2025-02-10 15:35:18,289:INFO:Epoch 146: Train Loss: 283.8185, Train Node Loss: 2.8630, Train Reg Loss: 2.8096, Train MAPE: 18.3643, Train R: 0.9005, Train RRSE: 0.4350, Test Loss: 2366.9408, Test Node Loss: 1.7518, Test Reg Loss: 23.6519, Test MAPE: 23.4858, Test R: 0.8592, Test RRSE: 1.1944
2025-02-10 15:35:32,631:INFO:Epoch 147: Train Loss: 321.6277, Train Node Loss: 2.8657, Train Reg Loss: 3.1876, Train MAPE: 18.3779, Train R: 0.8869, Train RRSE: 0.4633, Test Loss: 540.3437, Test Node Loss: 3.7636, Test Reg Loss: 5.3658, Test MAPE: 18.7431, Test R: 0.8614, Test RRSE: 0.5689
2025-02-10 15:35:46,770:INFO:Epoch 148: Train Loss: 322.7397, Train Node Loss: 2.8435, Train Reg Loss: 3.1990, Train MAPE: 17.7162, Train R: 0.8888, Train RRSE: 0.4641, Test Loss: 2025.3710, Test Node Loss: 1.9726, Test Reg Loss: 20.2340, Test MAPE: 22.3603, Test R: 0.8590, Test RRSE: 1.1047
2025-02-10 15:36:00,853:INFO:Epoch 149: Train Loss: 277.0319, Train Node Loss: 3.2789, Train Reg Loss: 2.7375, Train MAPE: 19.1786, Train R: 0.9057, Train RRSE: 0.4294, Test Loss: 2453.6230, Test Node Loss: 1.5073, Test Reg Loss: 24.5212, Test MAPE: 23.0403, Test R: 0.8500, Test RRSE: 1.2161
2025-02-10 15:36:15,128:INFO:Epoch 150: Train Loss: 322.6630, Train Node Loss: 2.1651, Train Reg Loss: 3.2050, Train MAPE: 17.3368, Train R: 0.8933, Train RRSE: 0.4646, Test Loss: 436.2110, Test Node Loss: 3.7764, Test Reg Loss: 4.3243, Test MAPE: 19.7535, Test R: 0.8631, Test RRSE: 0.5107
2025-02-10 15:36:29,489:INFO:Epoch 151: Train Loss: 312.0495, Train Node Loss: 3.3508, Train Reg Loss: 3.0870, Train MAPE: 18.6669, Train R: 0.8948, Train RRSE: 0.4559, Test Loss: 1331.9408, Test Node Loss: 1.9326, Test Reg Loss: 13.3001, Test MAPE: 20.2197, Test R: 0.8630, Test RRSE: 0.8956
2025-02-10 15:36:44,075:INFO:Epoch 152: Train Loss: 299.8739, Train Node Loss: 2.6980, Train Reg Loss: 2.9718, Train MAPE: 18.6310, Train R: 0.8952, Train RRSE: 0.4473, Test Loss: 1970.7091, Test Node Loss: 1.8637, Test Reg Loss: 19.6885, Test MAPE: 21.7905, Test R: 0.8521, Test RRSE: 1.0897
2025-02-10 15:36:58,449:INFO:Epoch 153: Train Loss: 268.7979, Train Node Loss: 2.4936, Train Reg Loss: 2.6630, Train MAPE: 18.0545, Train R: 0.9075, Train RRSE: 0.4235, Test Loss: 2486.3956, Test Node Loss: 1.3618, Test Reg Loss: 24.8503, Test MAPE: 22.9352, Test R: 0.8503, Test RRSE: 1.2243
2025-02-10 15:37:12,955:INFO:Epoch 154: Train Loss: 260.6560, Train Node Loss: 2.3992, Train Reg Loss: 2.5826, Train MAPE: 18.2215, Train R: 0.9101, Train RRSE: 0.4170, Test Loss: 745.4738, Test Node Loss: 2.6620, Test Reg Loss: 7.4281, Test MAPE: 19.4694, Test R: 0.8644, Test RRSE: 0.6693
2025-02-10 15:37:27,205:INFO:Epoch 155: Train Loss: 295.5752, Train Node Loss: 2.6351, Train Reg Loss: 2.9294, Train MAPE: 18.3209, Train R: 0.8962, Train RRSE: 0.4441, Test Loss: 1100.1451, Test Node Loss: 2.3614, Test Reg Loss: 10.9778, Test MAPE: 20.0102, Test R: 0.8623, Test RRSE: 0.8137
2025-02-10 15:37:41,381:INFO:Epoch 156: Train Loss: 255.3687, Train Node Loss: 2.6006, Train Reg Loss: 2.5277, Train MAPE: 18.4806, Train R: 0.9111, Train RRSE: 0.4126, Test Loss: 2064.9607, Test Node Loss: 1.7642, Test Reg Loss: 20.6320, Test MAPE: 22.3927, Test R: 0.8550, Test RRSE: 1.1155
2025-02-10 15:37:55,756:INFO:Epoch 157: Train Loss: 305.0731, Train Node Loss: 2.6600, Train Reg Loss: 3.0241, Train MAPE: 18.3660, Train R: 0.8937, Train RRSE: 0.4513, Test Loss: 1795.5239, Test Node Loss: 1.6650, Test Reg Loss: 17.9386, Test MAPE: 21.2155, Test R: 0.8506, Test RRSE: 1.0402
2025-02-10 15:38:10,082:INFO:Epoch 158: Train Loss: 246.7362, Train Node Loss: 2.3340, Train Reg Loss: 2.4440, Train MAPE: 18.2733, Train R: 0.9146, Train RRSE: 0.4057, Test Loss: 1317.8133, Test Node Loss: 2.2143, Test Reg Loss: 13.1560, Test MAPE: 20.9399, Test R: 0.8661, Test RRSE: 0.8908
2025-02-10 15:38:10,118:INFO:Checkpoint saved at best_0.001_0.001_256_SAGE_2_32_0.8661_epoch_158.pth
2025-02-10 15:38:24,355:INFO:Epoch 159: Train Loss: 301.5993, Train Node Loss: 2.5377, Train Reg Loss: 2.9906, Train MAPE: 18.0743, Train R: 0.8946, Train RRSE: 0.4488, Test Loss: 2011.2108, Test Node Loss: 1.9557, Test Reg Loss: 20.0926, Test MAPE: 22.2743, Test R: 0.8569, Test RRSE: 1.1008
2025-02-10 15:38:38,762:INFO:Epoch 160: Train Loss: 308.6271, Train Node Loss: 3.1898, Train Reg Loss: 3.0544, Train MAPE: 18.4515, Train R: 0.8984, Train RRSE: 0.4535, Test Loss: 1999.4276, Test Node Loss: 1.6087, Test Reg Loss: 19.9782, Test MAPE: 21.8021, Test R: 0.8525, Test RRSE: 1.0977
2025-02-10 15:38:53,189:INFO:Epoch 161: Train Loss: 287.6016, Train Node Loss: 2.3726, Train Reg Loss: 2.8523, Train MAPE: 18.2435, Train R: 0.9029, Train RRSE: 0.4383, Test Loss: 1237.1987, Test Node Loss: 2.5012, Test Reg Loss: 12.3470, Test MAPE: 20.9210, Test R: 0.8670, Test RRSE: 0.8630
2025-02-10 15:38:53,205:INFO:Checkpoint saved at best_0.001_0.001_256_SAGE_2_32_0.8670_epoch_161.pth
2025-02-10 15:39:07,576:INFO:Epoch 162: Train Loss: 274.9529, Train Node Loss: 2.8866, Train Reg Loss: 2.7207, Train MAPE: 18.7149, Train R: 0.9047, Train RRSE: 0.4280, Test Loss: 3621.0716, Test Node Loss: 0.8218, Test Reg Loss: 36.2025, Test MAPE: 25.2768, Test R: 0.8382, Test RRSE: 1.4777
2025-02-10 15:39:22,265:INFO:Epoch 163: Train Loss: 302.1703, Train Node Loss: 2.0898, Train Reg Loss: 3.0008, Train MAPE: 17.1798, Train R: 0.9041, Train RRSE: 0.4495, Test Loss: 448.5866, Test Node Loss: 3.4354, Test Reg Loss: 4.4515, Test MAPE: 19.5697, Test R: 0.8664, Test RRSE: 0.5182
2025-02-10 15:39:36,507:INFO:Epoch 164: Train Loss: 304.3804, Train Node Loss: 2.8074, Train Reg Loss: 3.0157, Train MAPE: 19.0640, Train R: 0.8946, Train RRSE: 0.4506, Test Loss: 1104.5702, Test Node Loss: 1.8193, Test Reg Loss: 11.0275, Test MAPE: 19.8779, Test R: 0.8630, Test RRSE: 0.8155
2025-02-10 15:39:51,173:INFO:Epoch 165: Train Loss: 261.5644, Train Node Loss: 2.4455, Train Reg Loss: 2.5912, Train MAPE: 18.2737, Train R: 0.9099, Train RRSE: 0.4177, Test Loss: 2081.7000, Test Node Loss: 1.6786, Test Reg Loss: 20.8002, Test MAPE: 22.3631, Test R: 0.8564, Test RRSE: 1.1201
2025-02-10 15:40:05,374:INFO:Epoch 166: Train Loss: 279.7081, Train Node Loss: 2.5536, Train Reg Loss: 2.7715, Train MAPE: 18.0574, Train R: 0.9027, Train RRSE: 0.4320, Test Loss: 2179.8014, Test Node Loss: 1.8395, Test Reg Loss: 21.7796, Test MAPE: 22.5071, Test R: 0.8529, Test RRSE: 1.1461
2025-02-10 15:40:19,321:INFO:Epoch 167: Train Loss: 264.4487, Train Node Loss: 2.7550, Train Reg Loss: 2.6169, Train MAPE: 18.5135, Train R: 0.9076, Train RRSE: 0.4198, Test Loss: 3037.0339, Test Node Loss: 1.3921, Test Reg Loss: 30.3564, Test MAPE: 25.1883, Test R: 0.8541, Test RRSE: 1.3531
2025-02-10 15:40:33,669:INFO:Epoch 168: Train Loss: 275.1832, Train Node Loss: 2.5281, Train Reg Loss: 2.7266, Train MAPE: 18.1589, Train R: 0.9040, Train RRSE: 0.4285, Test Loss: 707.4748, Test Node Loss: 2.9686, Test Reg Loss: 7.0451, Test MAPE: 19.6059, Test R: 0.8613, Test RRSE: 0.6519
2025-02-10 15:40:47,998:INFO:Epoch 169: Train Loss: 236.8276, Train Node Loss: 2.7611, Train Reg Loss: 2.3407, Train MAPE: 18.4051, Train R: 0.9180, Train RRSE: 0.3970, Test Loss: 1837.6011, Test Node Loss: 1.9725, Test Reg Loss: 18.3563, Test MAPE: 22.2744, Test R: 0.8594, Test RRSE: 1.0522
2025-02-10 15:41:02,711:INFO:Epoch 170: Train Loss: 319.8999, Train Node Loss: 2.8493, Train Reg Loss: 3.1705, Train MAPE: 18.3479, Train R: 0.8869, Train RRSE: 0.4621, Test Loss: 1570.7299, Test Node Loss: 2.1581, Test Reg Loss: 15.6857, Test MAPE: 20.8644, Test R: 0.8538, Test RRSE: 0.9727
2025-02-10 15:41:17,488:INFO:Epoch 171: Train Loss: 255.5582, Train Node Loss: 2.4987, Train Reg Loss: 2.5306, Train MAPE: 18.0901, Train R: 0.9129, Train RRSE: 0.4128, Test Loss: 1906.0964, Test Node Loss: 2.1808, Test Reg Loss: 19.0392, Test MAPE: 22.5574, Test R: 0.8579, Test RRSE: 1.0716
2025-02-10 15:41:32,014:INFO:Epoch 172: Train Loss: 277.5384, Train Node Loss: 2.8763, Train Reg Loss: 2.7466, Train MAPE: 18.8002, Train R: 0.9037, Train RRSE: 0.4301, Test Loss: 3218.6461, Test Node Loss: 0.8746, Test Reg Loss: 32.1777, Test MAPE: 24.5974, Test R: 0.8431, Test RRSE: 1.3931
2025-02-10 15:41:46,527:INFO:Epoch 173: Train Loss: 268.7540, Train Node Loss: 2.3230, Train Reg Loss: 2.6643, Train MAPE: 18.1960, Train R: 0.9066, Train RRSE: 0.4236, Test Loss: 714.2743, Test Node Loss: 2.6210, Test Reg Loss: 7.1165, Test MAPE: 19.6019, Test R: 0.8610, Test RRSE: 0.6552
2025-02-10 15:42:01,117:INFO:Epoch 174: Train Loss: 253.7889, Train Node Loss: 2.4320, Train Reg Loss: 2.5136, Train MAPE: 18.4801, Train R: 0.9116, Train RRSE: 0.4114, Test Loss: 1543.5396, Test Node Loss: 1.4947, Test Reg Loss: 15.4204, Test MAPE: 20.3202, Test R: 0.8544, Test RRSE: 0.9644
2025-02-10 15:42:15,635:INFO:Epoch 175: Train Loss: 272.9571, Train Node Loss: 2.3053, Train Reg Loss: 2.7065, Train MAPE: 18.1320, Train R: 0.9046, Train RRSE: 0.4269, Test Loss: 1585.7524, Test Node Loss: 1.8595, Test Reg Loss: 15.8389, Test MAPE: 21.4339, Test R: 0.8569, Test RRSE: 0.9774
2025-02-10 15:42:30,277:INFO:Epoch 176: Train Loss: 308.3209, Train Node Loss: 2.2235, Train Reg Loss: 3.0610, Train MAPE: 18.2174, Train R: 0.8915, Train RRSE: 0.4540, Test Loss: 883.1169, Test Node Loss: 2.1562, Test Reg Loss: 8.8096, Test MAPE: 19.4207, Test R: 0.8559, Test RRSE: 0.7289
2025-02-10 15:42:44,832:INFO:Epoch 177: Train Loss: 255.8837, Train Node Loss: 2.4517, Train Reg Loss: 2.5343, Train MAPE: 18.3623, Train R: 0.9119, Train RRSE: 0.4131, Test Loss: 3289.3778, Test Node Loss: 0.9897, Test Reg Loss: 32.8839, Test MAPE: 25.6148, Test R: 0.8483, Test RRSE: 1.4083
2025-02-10 15:42:59,269:INFO:Epoch 178: Train Loss: 280.9314, Train Node Loss: 2.1455, Train Reg Loss: 2.7879, Train MAPE: 18.5184, Train R: 0.9025, Train RRSE: 0.4333, Test Loss: 2113.3404, Test Node Loss: 1.4378, Test Reg Loss: 21.1190, Test MAPE: 22.3985, Test R: 0.8520, Test RRSE: 1.1286
2025-02-10 15:43:13,578:INFO:Epoch 179: Train Loss: 246.0954, Train Node Loss: 2.4618, Train Reg Loss: 2.4363, Train MAPE: 18.3235, Train R: 0.9182, Train RRSE: 0.4050, Test Loss: 2588.3595, Test Node Loss: 1.1550, Test Reg Loss: 25.8720, Test MAPE: 23.4680, Test R: 0.8530, Test RRSE: 1.2492
2025-02-10 15:43:27,791:INFO:Epoch 180: Train Loss: 276.5445, Train Node Loss: 2.1709, Train Reg Loss: 2.7437, Train MAPE: 18.4822, Train R: 0.9056, Train RRSE: 0.4298, Test Loss: 1419.8974, Test Node Loss: 1.7600, Test Reg Loss: 14.1814, Test MAPE: 20.9305, Test R: 0.8609, Test RRSE: 0.9248
2025-02-10 15:43:41,891:INFO:Epoch 181: Train Loss: 285.6081, Train Node Loss: 2.2999, Train Reg Loss: 2.8331, Train MAPE: 17.8547, Train R: 0.9025, Train RRSE: 0.4368, Test Loss: 2371.8122, Test Node Loss: 1.4661, Test Reg Loss: 23.7035, Test MAPE: 22.9216, Test R: 0.8493, Test RRSE: 1.1957
2025-02-10 15:43:56,091:INFO:Epoch 182: Train Loss: 310.5864, Train Node Loss: 2.1179, Train Reg Loss: 3.0847, Train MAPE: 17.8455, Train R: 0.8933, Train RRSE: 0.4558, Test Loss: 1120.6101, Test Node Loss: 3.0195, Test Reg Loss: 11.1759, Test MAPE: 21.3071, Test R: 0.8585, Test RRSE: 0.8210
2025-02-10 15:44:10,430:INFO:Epoch 183: Train Loss: 282.1709, Train Node Loss: 2.9489, Train Reg Loss: 2.7922, Train MAPE: 18.6134, Train R: 0.9051, Train RRSE: 0.4336, Test Loss: 1588.0521, Test Node Loss: 1.4813, Test Reg Loss: 15.8657, Test MAPE: 20.0980, Test R: 0.8492, Test RRSE: 0.9782
2025-02-10 15:44:24,804:INFO:Epoch 184: Train Loss: 270.3797, Train Node Loss: 2.3490, Train Reg Loss: 2.6803, Train MAPE: 18.1443, Train R: 0.9056, Train RRSE: 0.4248, Test Loss: 2831.6884, Test Node Loss: 1.2967, Test Reg Loss: 28.3039, Test MAPE: 24.1984, Test R: 0.8371, Test RRSE: 1.3066
2025-02-10 15:44:38,992:INFO:Epoch 185: Train Loss: 321.8127, Train Node Loss: 2.2805, Train Reg Loss: 3.1953, Train MAPE: 18.2053, Train R: 0.8865, Train RRSE: 0.4639, Test Loss: 494.2413, Test Node Loss: 3.1040, Test Reg Loss: 4.9114, Test MAPE: 19.7992, Test R: 0.8535, Test RRSE: 0.5443
2025-02-10 15:44:53,534:INFO:Epoch 186: Train Loss: 271.0016, Train Node Loss: 2.3918, Train Reg Loss: 2.6861, Train MAPE: 18.3922, Train R: 0.9055, Train RRSE: 0.4253, Test Loss: 1231.1205, Test Node Loss: 1.3583, Test Reg Loss: 12.2976, Test MAPE: 19.8643, Test R: 0.8513, Test RRSE: 0.8612
2025-02-10 15:45:07,971:INFO:Epoch 187: Train Loss: 240.4164, Train Node Loss: 2.0602, Train Reg Loss: 2.3836, Train MAPE: 18.2421, Train R: 0.9167, Train RRSE: 0.4006, Test Loss: 2013.5622, Test Node Loss: 1.5858, Test Reg Loss: 20.1198, Test MAPE: 22.4087, Test R: 0.8484, Test RRSE: 1.1016
2025-02-10 15:45:22,398:INFO:Epoch 188: Train Loss: 261.7146, Train Node Loss: 2.4121, Train Reg Loss: 2.5930, Train MAPE: 18.8122, Train R: 0.9108, Train RRSE: 0.4179, Test Loss: 3036.5896, Test Node Loss: 0.7576, Test Reg Loss: 30.3583, Test MAPE: 24.7034, Test R: 0.8483, Test RRSE: 1.3532
2025-02-10 15:45:36,949:INFO:Epoch 189: Train Loss: 271.3932, Train Node Loss: 1.8093, Train Reg Loss: 2.6958, Train MAPE: 17.8555, Train R: 0.9068, Train RRSE: 0.4261, Test Loss: 1207.6246, Test Node Loss: 1.6508, Test Reg Loss: 12.0597, Test MAPE: 20.4202, Test R: 0.8544, Test RRSE: 0.8529
2025-02-10 15:45:51,525:INFO:Epoch 190: Train Loss: 261.6378, Train Node Loss: 2.1801, Train Reg Loss: 2.5946, Train MAPE: 18.6556, Train R: 0.9087, Train RRSE: 0.4180, Test Loss: 2069.2162, Test Node Loss: 1.2124, Test Reg Loss: 20.6800, Test MAPE: 22.4239, Test R: 0.8563, Test RRSE: 1.1168
2025-02-10 15:46:06,077:INFO:Epoch 191: Train Loss: 296.1487, Train Node Loss: 1.6562, Train Reg Loss: 2.9449, Train MAPE: 17.8977, Train R: 0.9012, Train RRSE: 0.4453, Test Loss: 1363.4508, Test Node Loss: 1.7841, Test Reg Loss: 13.6167, Test MAPE: 21.1682, Test R: 0.8598, Test RRSE: 0.9062
2025-02-10 15:46:20,648:INFO:Epoch 192: Train Loss: 264.9763, Train Node Loss: 2.3426, Train Reg Loss: 2.6263, Train MAPE: 18.8187, Train R: 0.9107, Train RRSE: 0.4205, Test Loss: 2389.5427, Test Node Loss: 0.9728, Test Reg Loss: 23.8857, Test MAPE: 22.7809, Test R: 0.8450, Test RRSE: 1.2003
2025-02-10 15:46:35,363:INFO:Epoch 193: Train Loss: 230.2209, Train Node Loss: 1.7331, Train Reg Loss: 2.2849, Train MAPE: 18.1671, Train R: 0.9217, Train RRSE: 0.3923, Test Loss: 1734.5554, Test Node Loss: 1.5688, Test Reg Loss: 17.3299, Test MAPE: 22.0660, Test R: 0.8497, Test RRSE: 1.0224
2025-02-10 15:46:49,907:INFO:Epoch 194: Train Loss: 275.9067, Train Node Loss: 2.1249, Train Reg Loss: 2.7378, Train MAPE: 18.6345, Train R: 0.9051, Train RRSE: 0.4294, Test Loss: 2586.6620, Test Node Loss: 0.8340, Test Reg Loss: 25.8583, Test MAPE: 23.3051, Test R: 0.8409, Test RRSE: 1.2488
2025-02-10 15:47:04,384:INFO:Epoch 195: Train Loss: 220.5758, Train Node Loss: 1.5224, Train Reg Loss: 2.1905, Train MAPE: 18.2225, Train R: 0.9273, Train RRSE: 0.3841, Test Loss: 583.4402, Test Node Loss: 1.8125, Test Reg Loss: 5.8163, Test MAPE: 19.3506, Test R: 0.8559, Test RRSE: 0.5923
2025-02-10 15:47:18,848:INFO:Epoch 196: Train Loss: 299.0696, Train Node Loss: 2.0336, Train Reg Loss: 2.9704, Train MAPE: 18.9733, Train R: 0.9005, Train RRSE: 0.4472, Test Loss: 1987.2101, Test Node Loss: 0.7277, Test Reg Loss: 19.8648, Test MAPE: 21.1239, Test R: 0.8428, Test RRSE: 1.0946
2025-02-10 15:47:33,267:INFO:Epoch 197: Train Loss: 264.2207, Train Node Loss: 1.2659, Train Reg Loss: 2.6295, Train MAPE: 17.6121, Train R: 0.9185, Train RRSE: 0.4208, Test Loss: 1013.2423, Test Node Loss: 1.6148, Test Reg Loss: 10.1163, Test MAPE: 19.9834, Test R: 0.8481, Test RRSE: 0.7811
2025-02-10 15:47:47,888:INFO:Epoch 198: Train Loss: 264.5856, Train Node Loss: 2.0426, Train Reg Loss: 2.6254, Train MAPE: 19.1462, Train R: 0.9127, Train RRSE: 0.4205, Test Loss: 3042.8386, Test Node Loss: 0.4931, Test Reg Loss: 30.4235, Test MAPE: 24.1687, Test R: 0.8399, Test RRSE: 1.3546
2025-02-10 15:48:02,533:INFO:Epoch 199: Train Loss: 251.5625, Train Node Loss: 1.3470, Train Reg Loss: 2.5022, Train MAPE: 18.2111, Train R: 0.9129, Train RRSE: 0.4105, Test Loss: 915.3691, Test Node Loss: 1.2837, Test Reg Loss: 9.1409, Test MAPE: 19.5900, Test R: 0.8553, Test RRSE: 0.7425
2025-02-10 15:48:17,106:INFO:Epoch 200: Train Loss: 240.7664, Train Node Loss: 1.8604, Train Reg Loss: 2.3891, Train MAPE: 18.7201, Train R: 0.9177, Train RRSE: 0.4011, Test Loss: 1940.0510, Test Node Loss: 0.7903, Test Reg Loss: 19.3926, Test MAPE: 21.3841, Test R: 0.8489, Test RRSE: 1.0815
2025-02-10 15:48:31,515:INFO:Epoch 201: Train Loss: 268.0139, Train Node Loss: 1.2178, Train Reg Loss: 2.6680, Train MAPE: 17.6302, Train R: 0.9145, Train RRSE: 0.4239, Test Loss: 2547.3541, Test Node Loss: 0.8601, Test Reg Loss: 25.4649, Test MAPE: 23.4585, Test R: 0.8446, Test RRSE: 1.2393
2025-02-10 15:48:45,809:INFO:Epoch 202: Train Loss: 271.1804, Train Node Loss: 1.8928, Train Reg Loss: 2.6929, Train MAPE: 18.9096, Train R: 0.9109, Train RRSE: 0.4258, Test Loss: 3617.5145, Test Node Loss: 0.4441, Test Reg Loss: 36.1707, Test MAPE: 25.7756, Test R: 0.8376, Test RRSE: 1.4770
2025-02-10 15:49:00,323:INFO:Epoch 203: Train Loss: 276.7664, Train Node Loss: 1.1690, Train Reg Loss: 2.7560, Train MAPE: 17.7113, Train R: 0.9104, Train RRSE: 0.4308, Test Loss: 1242.7407, Test Node Loss: 1.3799, Test Reg Loss: 12.4136, Test MAPE: 20.1779, Test R: 0.8530, Test RRSE: 0.8653
2025-02-10 15:49:14,778:INFO:Epoch 204: Train Loss: 246.1516, Train Node Loss: 1.8745, Train Reg Loss: 2.4428, Train MAPE: 18.6067, Train R: 0.9161, Train RRSE: 0.4056, Test Loss: 2284.8983, Test Node Loss: 0.8115, Test Reg Loss: 22.8409, Test MAPE: 22.5561, Test R: 0.8508, Test RRSE: 1.1737
2025-02-10 15:49:29,519:INFO:Epoch 205: Train Loss: 255.7354, Train Node Loss: 1.2789, Train Reg Loss: 2.5446, Train MAPE: 17.7833, Train R: 0.9155, Train RRSE: 0.4139, Test Loss: 1441.6493, Test Node Loss: 1.1383, Test Reg Loss: 14.4051, Test MAPE: 21.4411, Test R: 0.8567, Test RRSE: 0.9321
2025-02-10 15:49:44,219:INFO:Epoch 206: Train Loss: 319.0522, Train Node Loss: 1.8113, Train Reg Loss: 3.1724, Train MAPE: 19.0402, Train R: 0.8925, Train RRSE: 0.4622, Test Loss: 2234.6460, Test Node Loss: 0.5916, Test Reg Loss: 22.3405, Test MAPE: 22.3952, Test R: 0.8526, Test RRSE: 1.1608
2025-02-10 15:49:58,703:INFO:Epoch 207: Train Loss: 313.1309, Train Node Loss: 1.3262, Train Reg Loss: 3.1180, Train MAPE: 18.2449, Train R: 0.8890, Train RRSE: 0.4582, Test Loss: 1839.9209, Test Node Loss: 0.7652, Test Reg Loss: 18.3916, Test MAPE: 21.3456, Test R: 0.8491, Test RRSE: 1.0532
2025-02-10 15:50:13,230:INFO:Epoch 208: Train Loss: 350.9496, Train Node Loss: 0.9443, Train Reg Loss: 3.5001, Train MAPE: 17.5533, Train R: 0.8900, Train RRSE: 0.4855, Test Loss: 1053.6575, Test Node Loss: 0.9966, Test Reg Loss: 10.5266, Test MAPE: 20.3308, Test R: 0.8569, Test RRSE: 0.7968
2025-02-10 15:50:27,804:INFO:Epoch 209: Train Loss: 258.1350, Train Node Loss: 1.4398, Train Reg Loss: 2.5670, Train MAPE: 18.8416, Train R: 0.9165, Train RRSE: 0.4158, Test Loss: 1331.5610, Test Node Loss: 0.6605, Test Reg Loss: 13.3090, Test MAPE: 19.8698, Test R: 0.8476, Test RRSE: 0.8959
2025-02-10 15:50:42,497:INFO:Epoch 210: Train Loss: 248.6199, Train Node Loss: 0.9793, Train Reg Loss: 2.4764, Train MAPE: 18.3035, Train R: 0.9133, Train RRSE: 0.4084, Test Loss: 3045.6959, Test Node Loss: 0.3666, Test Reg Loss: 30.4533, Test MAPE: 24.6134, Test R: 0.8459, Test RRSE: 1.3553
2025-02-10 15:50:57,251:INFO:Epoch 211: Train Loss: 228.1634, Train Node Loss: 0.9665, Train Reg Loss: 2.2720, Train MAPE: 18.4205, Train R: 0.9204, Train RRSE: 0.3911, Test Loss: 1504.9761, Test Node Loss: 0.6952, Test Reg Loss: 15.0428, Test MAPE: 20.6857, Test R: 0.8482, Test RRSE: 0.9525
2025-02-10 15:51:11,949:INFO:Epoch 212: Train Loss: 232.7647, Train Node Loss: 1.1821, Train Reg Loss: 2.3158, Train MAPE: 18.7450, Train R: 0.9225, Train RRSE: 0.3949, Test Loss: 1912.9324, Test Node Loss: 0.5350, Test Reg Loss: 19.1240, Test MAPE: 21.6918, Test R: 0.8498, Test RRSE: 1.0740
2025-02-10 15:51:26,640:INFO:Epoch 213: Train Loss: 301.8272, Train Node Loss: 0.8262, Train Reg Loss: 3.0100, Train MAPE: 17.5930, Train R: 0.9072, Train RRSE: 0.4502, Test Loss: 1968.2239, Test Node Loss: 0.6496, Test Reg Loss: 19.6757, Test MAPE: 21.7399, Test R: 0.8465, Test RRSE: 1.0894
2025-02-10 15:51:41,309:INFO:Epoch 214: Train Loss: 273.3999, Train Node Loss: 1.2949, Train Reg Loss: 2.7210, Train MAPE: 18.8785, Train R: 0.9096, Train RRSE: 0.4281, Test Loss: 2473.6236, Test Node Loss: 0.4160, Test Reg Loss: 24.7321, Test MAPE: 22.4410, Test R: 0.8344, Test RRSE: 1.2213
2025-02-10 15:51:55,976:INFO:Epoch 215: Train Loss: 330.4099, Train Node Loss: 1.0200, Train Reg Loss: 3.2939, Train MAPE: 18.2201, Train R: 0.8838, Train RRSE: 0.4710, Test Loss: 531.0978, Test Node Loss: 0.9592, Test Reg Loss: 5.3014, Test MAPE: 19.0702, Test R: 0.8520, Test RRSE: 0.5655
2025-02-10 15:52:10,533:INFO:Epoch 216: Train Loss: 287.1225, Train Node Loss: 0.9765, Train Reg Loss: 2.8615, Train MAPE: 17.8195, Train R: 0.9019, Train RRSE: 0.4390, Test Loss: 656.5767, Test Node Loss: 1.0904, Test Reg Loss: 6.5549, Test MAPE: 18.9020, Test R: 0.8546, Test RRSE: 0.6288
2025-02-10 15:52:25,369:INFO:Epoch 217: Train Loss: 224.0516, Train Node Loss: 1.3829, Train Reg Loss: 2.2267, Train MAPE: 18.5775, Train R: 0.9221, Train RRSE: 0.3872, Test Loss: 1328.5297, Test Node Loss: 0.9005, Test Reg Loss: 13.2763, Test MAPE: 20.0112, Test R: 0.8469, Test RRSE: 0.8948
2025-02-10 15:52:40,097:INFO:Epoch 218: Train Loss: 215.7463, Train Node Loss: 1.5179, Train Reg Loss: 2.1423, Train MAPE: 18.7668, Train R: 0.9252, Train RRSE: 0.3798, Test Loss: 2430.7163, Test Node Loss: 0.6941, Test Reg Loss: 24.3002, Test MAPE: 23.0680, Test R: 0.8436, Test RRSE: 1.2106
2025-02-10 15:52:54,699:INFO:Epoch 219: Train Loss: 230.9902, Train Node Loss: 1.5389, Train Reg Loss: 2.2945, Train MAPE: 18.7336, Train R: 0.9195, Train RRSE: 0.3931, Test Loss: 2735.4117, Test Node Loss: 0.5908, Test Reg Loss: 27.3482, Test MAPE: 23.3011, Test R: 0.8324, Test RRSE: 1.2843
2025-02-10 15:53:09,408:INFO:Epoch 220: Train Loss: 265.5514, Train Node Loss: 1.5759, Train Reg Loss: 2.6398, Train MAPE: 18.5418, Train R: 0.9075, Train RRSE: 0.4216, Test Loss: 2202.8091, Test Node Loss: 0.6652, Test Reg Loss: 22.0214, Test MAPE: 22.2434, Test R: 0.8456, Test RRSE: 1.1525
2025-02-10 15:53:24,004:INFO:Epoch 221: Train Loss: 266.4862, Train Node Loss: 1.0269, Train Reg Loss: 2.6546, Train MAPE: 17.6859, Train R: 0.9194, Train RRSE: 0.4228, Test Loss: 769.7516, Test Node Loss: 1.2133, Test Reg Loss: 7.6854, Test MAPE: 19.3336, Test R: 0.8484, Test RRSE: 0.6808
2025-02-10 15:53:38,535:INFO:Epoch 222: Train Loss: 263.6545, Train Node Loss: 1.5109, Train Reg Loss: 2.6214, Train MAPE: 18.9512, Train R: 0.9136, Train RRSE: 0.4202, Test Loss: 2011.1013, Test Node Loss: 0.6136, Test Reg Loss: 20.1049, Test MAPE: 21.9649, Test R: 0.8477, Test RRSE: 1.1012
2025-02-10 15:53:52,983:INFO:Epoch 223: Train Loss: 231.8760, Train Node Loss: 1.0225, Train Reg Loss: 2.3085, Train MAPE: 18.0506, Train R: 0.9209, Train RRSE: 0.3943, Test Loss: 3164.7852, Test Node Loss: 0.4250, Test Reg Loss: 31.6436, Test MAPE: 24.3558, Test R: 0.8321, Test RRSE: 1.3815
2025-02-10 15:54:07,655:INFO:Epoch 224: Train Loss: 266.9588, Train Node Loss: 1.2481, Train Reg Loss: 2.6571, Train MAPE: 18.5400, Train R: 0.9072, Train RRSE: 0.4230, Test Loss: 1801.2078, Test Node Loss: 0.6980, Test Reg Loss: 18.0051, Test MAPE: 21.4556, Test R: 0.8427, Test RRSE: 1.0421
2025-02-10 15:54:22,300:INFO:Epoch 225: Train Loss: 221.0610, Train Node Loss: 1.4489, Train Reg Loss: 2.1961, Train MAPE: 18.8925, Train R: 0.9259, Train RRSE: 0.3846, Test Loss: 796.7726, Test Node Loss: 0.9997, Test Reg Loss: 7.9577, Test MAPE: 19.1271, Test R: 0.8495, Test RRSE: 0.6928
2025-02-10 15:54:37,010:INFO:Epoch 226: Train Loss: 246.0499, Train Node Loss: 0.9699, Train Reg Loss: 2.4508, Train MAPE: 17.8276, Train R: 0.9202, Train RRSE: 0.4062, Test Loss: 3669.3634, Test Node Loss: 0.4228, Test Reg Loss: 36.6894, Test MAPE: 26.3309, Test R: 0.8369, Test RRSE: 1.4876
2025-02-10 15:54:51,912:INFO:Epoch 227: Train Loss: 271.0771, Train Node Loss: 1.4874, Train Reg Loss: 2.6959, Train MAPE: 18.9370, Train R: 0.9089, Train RRSE: 0.4261, Test Loss: 2880.6454, Test Node Loss: 0.5280, Test Reg Loss: 28.8012, Test MAPE: 23.6430, Test R: 0.8309, Test RRSE: 1.3180
2025-02-10 15:55:06,631:INFO:Epoch 228: Train Loss: 244.2652, Train Node Loss: 1.0912, Train Reg Loss: 2.4317, Train MAPE: 18.0218, Train R: 0.9188, Train RRSE: 0.4047, Test Loss: 776.8284, Test Node Loss: 0.9961, Test Reg Loss: 7.7583, Test MAPE: 19.3963, Test R: 0.8451, Test RRSE: 0.6841
2025-02-10 15:55:21,050:INFO:Epoch 229: Train Loss: 277.4408, Train Node Loss: 1.2936, Train Reg Loss: 2.7615, Train MAPE: 18.6709, Train R: 0.9034, Train RRSE: 0.4312, Test Loss: 977.1103, Test Node Loss: 0.8204, Test Reg Loss: 9.7629, Test MAPE: 19.2279, Test R: 0.8456, Test RRSE: 0.7674
2025-02-10 15:55:36,159:INFO:Epoch 230: Train Loss: 221.3673, Train Node Loss: 1.0601, Train Reg Loss: 2.2031, Train MAPE: 18.0848, Train R: 0.9252, Train RRSE: 0.3852, Test Loss: 2530.0124, Test Node Loss: 0.5118, Test Reg Loss: 25.2950, Test MAPE: 23.0693, Test R: 0.8374, Test RRSE: 1.2352
2025-02-10 15:55:51,176:INFO:Epoch 231: Train Loss: 199.6818, Train Node Loss: 1.2901, Train Reg Loss: 1.9839, Train MAPE: 18.5525, Train R: 0.9310, Train RRSE: 0.3655, Test Loss: 617.4724, Test Node Loss: 1.3714, Test Reg Loss: 6.1610, Test MAPE: 19.3740, Test R: 0.8506, Test RRSE: 0.6096
2025-02-10 15:56:06,174:INFO:Epoch 232: Train Loss: 298.2603, Train Node Loss: 1.1922, Train Reg Loss: 2.9707, Train MAPE: 18.2083, Train R: 0.8955, Train RRSE: 0.4473, Test Loss: 1759.6995, Test Node Loss: 0.6299, Test Reg Loss: 17.5907, Test MAPE: 21.0503, Test R: 0.8461, Test RRSE: 1.0300
2025-02-10 15:56:20,854:INFO:Epoch 233: Train Loss: 239.0223, Train Node Loss: 1.4078, Train Reg Loss: 2.3761, Train MAPE: 19.0583, Train R: 0.9183, Train RRSE: 0.4000, Test Loss: 2718.9099, Test Node Loss: 0.5280, Test Reg Loss: 27.1838, Test MAPE: 23.5457, Test R: 0.8358, Test RRSE: 1.2805
2025-02-10 15:56:35,264:INFO:Epoch 234: Train Loss: 244.2890, Train Node Loss: 1.1277, Train Reg Loss: 2.4316, Train MAPE: 18.1354, Train R: 0.9150, Train RRSE: 0.4047, Test Loss: 1528.6068, Test Node Loss: 0.7637, Test Reg Loss: 15.2784, Test MAPE: 20.8781, Test R: 0.8430, Test RRSE: 0.9600
2025-02-10 15:56:50,072:INFO:Epoch 235: Train Loss: 274.7301, Train Node Loss: 1.2895, Train Reg Loss: 2.7344, Train MAPE: 18.4791, Train R: 0.9034, Train RRSE: 0.4291, Test Loss: 1334.1529, Test Node Loss: 0.7052, Test Reg Loss: 13.3345, Test MAPE: 20.8129, Test R: 0.8546, Test RRSE: 0.8968
2025-02-10 15:57:04,914:INFO:Epoch 236: Train Loss: 244.4467, Train Node Loss: 0.9332, Train Reg Loss: 2.4351, Train MAPE: 18.1029, Train R: 0.9201, Train RRSE: 0.4049, Test Loss: 1244.2928, Test Node Loss: 0.7653, Test Reg Loss: 12.4353, Test MAPE: 20.1009, Test R: 0.8465, Test RRSE: 0.8660
2025-02-10 15:57:19,465:INFO:Epoch 237: Train Loss: 245.9951, Train Node Loss: 1.3296, Train Reg Loss: 2.4467, Train MAPE: 18.9464, Train R: 0.9230, Train RRSE: 0.4059, Test Loss: 3515.2039, Test Node Loss: 0.3057, Test Reg Loss: 35.1490, Test MAPE: 25.3431, Test R: 0.8321, Test RRSE: 1.4560
2025-02-10 15:57:34,271:INFO:Epoch 238: Train Loss: 233.5174, Train Node Loss: 1.0509, Train Reg Loss: 2.3247, Train MAPE: 18.4592, Train R: 0.9214, Train RRSE: 0.3957, Test Loss: 911.6890, Test Node Loss: 0.9565, Test Reg Loss: 9.1073, Test MAPE: 19.4155, Test R: 0.8456, Test RRSE: 0.7411
2025-02-10 15:57:48,785:INFO:Epoch 239: Train Loss: 294.0283, Train Node Loss: 1.2993, Train Reg Loss: 2.9273, Train MAPE: 18.2880, Train R: 0.9004, Train RRSE: 0.4440, Test Loss: 3046.8278, Test Node Loss: 0.4667, Test Reg Loss: 30.4636, Test MAPE: 24.5921, Test R: 0.8370, Test RRSE: 1.3555
2025-02-10 15:58:03,773:INFO:Epoch 240: Train Loss: 266.9961, Train Node Loss: 1.0044, Train Reg Loss: 2.6599, Train MAPE: 17.9739, Train R: 0.9094, Train RRSE: 0.4232, Test Loss: 2484.8403, Test Node Loss: 0.6162, Test Reg Loss: 24.8422, Test MAPE: 23.5558, Test R: 0.8369, Test RRSE: 1.2241
2025-02-10 15:58:18,841:INFO:Epoch 241: Train Loss: 230.8248, Train Node Loss: 1.3307, Train Reg Loss: 2.2949, Train MAPE: 18.9566, Train R: 0.9208, Train RRSE: 0.3931, Test Loss: 1436.2052, Test Node Loss: 0.7281, Test Reg Loss: 14.3548, Test MAPE: 20.0540, Test R: 0.8348, Test RRSE: 0.9305
2025-02-10 15:58:33,281:INFO:Epoch 242: Train Loss: 227.3132, Train Node Loss: 1.1707, Train Reg Loss: 2.2614, Train MAPE: 17.9697, Train R: 0.9228, Train RRSE: 0.3902, Test Loss: 1104.4340, Test Node Loss: 0.9083, Test Reg Loss: 11.0353, Test MAPE: 19.9435, Test R: 0.8406, Test RRSE: 0.8158
2025-02-10 15:58:47,896:INFO:Epoch 243: Train Loss: 235.7547, Train Node Loss: 1.2964, Train Reg Loss: 2.3446, Train MAPE: 18.5130, Train R: 0.9184, Train RRSE: 0.3973, Test Loss: 1851.5033, Test Node Loss: 0.7947, Test Reg Loss: 18.5071, Test MAPE: 21.9025, Test R: 0.8420, Test RRSE: 1.0565
2025-02-10 15:59:02,537:INFO:Epoch 244: Train Loss: 253.9170, Train Node Loss: 1.2563, Train Reg Loss: 2.5266, Train MAPE: 18.2276, Train R: 0.9113, Train RRSE: 0.4125, Test Loss: 1047.7431, Test Node Loss: 1.0073, Test Reg Loss: 10.4674, Test MAPE: 19.6889, Test R: 0.8439, Test RRSE: 0.7946
2025-02-10 15:59:17,166:INFO:Epoch 245: Train Loss: 270.5399, Train Node Loss: 1.3710, Train Reg Loss: 2.6917, Train MAPE: 18.2557, Train R: 0.9051, Train RRSE: 0.4257, Test Loss: 2466.1711, Test Node Loss: 0.6620, Test Reg Loss: 24.6551, Test MAPE: 22.6436, Test R: 0.8312, Test RRSE: 1.2194
2025-02-10 15:59:31,898:INFO:Epoch 246: Train Loss: 329.5391, Train Node Loss: 1.8589, Train Reg Loss: 3.2768, Train MAPE: 19.2128, Train R: 0.8899, Train RRSE: 0.4697, Test Loss: 2070.7417, Test Node Loss: 0.6312, Test Reg Loss: 20.7011, Test MAPE: 21.7488, Test R: 0.8414, Test RRSE: 1.1174
2025-02-10 15:59:47,017:INFO:Epoch 247: Train Loss: 267.6308, Train Node Loss: 0.8140, Train Reg Loss: 2.6682, Train MAPE: 17.5380, Train R: 0.9201, Train RRSE: 0.4239, Test Loss: 1712.3037, Test Node Loss: 0.5810, Test Reg Loss: 17.1172, Test MAPE: 21.2692, Test R: 0.8479, Test RRSE: 1.0161
2025-02-10 16:00:01,732:INFO:Epoch 248: Train Loss: 217.7588, Train Node Loss: 1.1248, Train Reg Loss: 2.1663, Train MAPE: 18.8077, Train R: 0.9263, Train RRSE: 0.3819, Test Loss: 1907.2695, Test Node Loss: 0.5550, Test Reg Loss: 19.0671, Test MAPE: 21.2683, Test R: 0.8412, Test RRSE: 1.0724
2025-02-10 16:00:16,847:INFO:Epoch 249: Train Loss: 222.9711, Train Node Loss: 1.0981, Train Reg Loss: 2.2187, Train MAPE: 18.4399, Train R: 0.9224, Train RRSE: 0.3865, Test Loss: 2031.4138, Test Node Loss: 0.5429, Test Reg Loss: 20.3087, Test MAPE: 21.4802, Test R: 0.8419, Test RRSE: 1.1068
2025-02-10 16:00:31,682:INFO:Epoch 250: Train Loss: 246.4262, Train Node Loss: 1.2505, Train Reg Loss: 2.4518, Train MAPE: 18.4350, Train R: 0.9142, Train RRSE: 0.4063, Test Loss: 2205.6519, Test Node Loss: 0.5384, Test Reg Loss: 22.0511, Test MAPE: 21.8999, Test R: 0.8393, Test RRSE: 1.1533
2025-02-10 16:00:46,610:INFO:Epoch 251: Train Loss: 249.8247, Train Node Loss: 0.9621, Train Reg Loss: 2.4886, Train MAPE: 17.9050, Train R: 0.9145, Train RRSE: 0.4094, Test Loss: 1585.3250, Test Node Loss: 0.5916, Test Reg Loss: 15.8473, Test MAPE: 21.0923, Test R: 0.8450, Test RRSE: 0.9777
2025-02-10 16:01:01,284:INFO:Epoch 252: Train Loss: 231.6011, Train Node Loss: 1.0912, Train Reg Loss: 2.3051, Train MAPE: 18.5170, Train R: 0.9195, Train RRSE: 0.3940, Test Loss: 1190.5196, Test Node Loss: 0.8173, Test Reg Loss: 11.8970, Test MAPE: 20.3856, Test R: 0.8479, Test RRSE: 0.8471
2025-02-10 16:01:15,920:INFO:Epoch 253: Train Loss: 264.8804, Train Node Loss: 0.9075, Train Reg Loss: 2.6397, Train MAPE: 17.7416, Train R: 0.9098, Train RRSE: 0.4216, Test Loss: 1214.9192, Test Node Loss: 0.6684, Test Reg Loss: 12.1425, Test MAPE: 19.9032, Test R: 0.8437, Test RRSE: 0.8558
2025-02-10 16:01:30,509:INFO:Epoch 254: Train Loss: 226.7422, Train Node Loss: 1.2440, Train Reg Loss: 2.2550, Train MAPE: 18.8299, Train R: 0.9222, Train RRSE: 0.3897, Test Loss: 1640.8834, Test Node Loss: 0.7940, Test Reg Loss: 16.4009, Test MAPE: 21.2393, Test R: 0.8448, Test RRSE: 0.9946
2025-02-10 16:01:45,043:INFO:Epoch 255: Train Loss: 255.9105, Train Node Loss: 1.2536, Train Reg Loss: 2.5466, Train MAPE: 18.1896, Train R: 0.9120, Train RRSE: 0.4141, Test Loss: 1623.9613, Test Node Loss: 0.8641, Test Reg Loss: 16.2310, Test MAPE: 20.8445, Test R: 0.8359, Test RRSE: 0.9894
2025-02-10 16:01:59,586:INFO:Epoch 256: Train Loss: 381.8243, Train Node Loss: 1.6200, Train Reg Loss: 3.8020, Train MAPE: 18.8248, Train R: 0.8738, Train RRSE: 0.5060, Test Loss: 3189.3770, Test Node Loss: 0.3988, Test Reg Loss: 31.8898, Test MAPE: 24.4594, Test R: 0.8376, Test RRSE: 1.3869
2025-02-10 16:02:14,778:INFO:Epoch 257: Train Loss: 243.6599, Train Node Loss: 1.1844, Train Reg Loss: 2.4248, Train MAPE: 18.2738, Train R: 0.9151, Train RRSE: 0.4041, Test Loss: 1893.5252, Test Node Loss: 0.7156, Test Reg Loss: 18.9281, Test MAPE: 21.8768, Test R: 0.8433, Test RRSE: 1.0685
2025-02-10 16:02:29,187:INFO:Epoch 258: Train Loss: 274.9132, Train Node Loss: 1.2592, Train Reg Loss: 2.7365, Train MAPE: 18.3787, Train R: 0.9037, Train RRSE: 0.4293, Test Loss: 2201.5567, Test Node Loss: 0.6978, Test Reg Loss: 22.0086, Test MAPE: 22.1369, Test R: 0.8345, Test RRSE: 1.1521
2025-02-10 16:02:43,707:INFO:Epoch 259: Train Loss: 203.6874, Train Node Loss: 1.3864, Train Reg Loss: 2.0230, Train MAPE: 18.1822, Train R: 0.9315, Train RRSE: 0.3691, Test Loss: 1088.0732, Test Node Loss: 1.3472, Test Reg Loss: 10.8673, Test MAPE: 20.2587, Test R: 0.8442, Test RRSE: 0.8096
2025-02-10 16:02:58,106:INFO:Epoch 260: Train Loss: 224.0799, Train Node Loss: 1.5755, Train Reg Loss: 2.2250, Train MAPE: 18.4721, Train R: 0.9221, Train RRSE: 0.3871, Test Loss: 1752.7264, Test Node Loss: 0.8670, Test Reg Loss: 17.5186, Test MAPE: 21.0436, Test R: 0.8360, Test RRSE: 1.0279
2025-02-10 16:03:12,689:INFO:Epoch 261: Train Loss: 245.8119, Train Node Loss: 1.6688, Train Reg Loss: 2.4414, Train MAPE: 18.6192, Train R: 0.9163, Train RRSE: 0.4055, Test Loss: 3278.5176, Test Node Loss: 0.5678, Test Reg Loss: 32.7795, Test MAPE: 24.7120, Test R: 0.8233, Test RRSE: 1.4061
2025-02-10 16:03:27,180:INFO:Epoch 262: Train Loss: 277.6341, Train Node Loss: 1.4319, Train Reg Loss: 2.7620, Train MAPE: 17.8719, Train R: 0.9100, Train RRSE: 0.4313, Test Loss: 611.0317, Test Node Loss: 2.6063, Test Reg Loss: 6.0843, Test MAPE: 19.5254, Test R: 0.8416, Test RRSE: 0.6058
2025-02-10 16:03:41,441:INFO:Epoch 263: Train Loss: 227.4729, Train Node Loss: 1.9668, Train Reg Loss: 2.2551, Train MAPE: 18.5333, Train R: 0.9230, Train RRSE: 0.3897, Test Loss: 2314.5030, Test Node Loss: 0.6217, Test Reg Loss: 23.1388, Test MAPE: 22.1269, Test R: 0.8358, Test RRSE: 1.1814
2025-02-10 16:03:55,698:INFO:Epoch 264: Train Loss: 204.4850, Train Node Loss: 1.4022, Train Reg Loss: 2.0308, Train MAPE: 18.2686, Train R: 0.9310, Train RRSE: 0.3698, Test Loss: 1087.3000, Test Node Loss: 1.2681, Test Reg Loss: 10.8603, Test MAPE: 20.6481, Test R: 0.8481, Test RRSE: 0.8093
2025-02-10 16:04:09,959:INFO:Epoch 265: Train Loss: 205.8920, Train Node Loss: 1.7369, Train Reg Loss: 2.0416, Train MAPE: 18.8669, Train R: 0.9321, Train RRSE: 0.3708, Test Loss: 1881.7265, Test Node Loss: 0.7010, Test Reg Loss: 18.8103, Test MAPE: 20.8196, Test R: 0.8281, Test RRSE: 1.0651
2025-02-10 16:04:24,504:INFO:Epoch 266: Train Loss: 253.7296, Train Node Loss: 1.5030, Train Reg Loss: 2.5223, Train MAPE: 18.0927, Train R: 0.9130, Train RRSE: 0.4121, Test Loss: 1821.9090, Test Node Loss: 1.1753, Test Reg Loss: 18.2073, Test MAPE: 22.0677, Test R: 0.8395, Test RRSE: 1.0479
2025-02-10 16:04:39,010:INFO:Epoch 267: Train Loss: 211.8005, Train Node Loss: 1.7598, Train Reg Loss: 2.1004, Train MAPE: 18.6388, Train R: 0.9271, Train RRSE: 0.3761, Test Loss: 2089.1740, Test Node Loss: 0.9030, Test Reg Loss: 20.8827, Test MAPE: 21.8859, Test R: 0.8338, Test RRSE: 1.1223
2025-02-10 16:04:53,482:INFO:Epoch 268: Train Loss: 257.7281, Train Node Loss: 1.8346, Train Reg Loss: 2.5589, Train MAPE: 18.8242, Train R: 0.9155, Train RRSE: 0.4151, Test Loss: 2686.8015, Test Node Loss: 0.5998, Test Reg Loss: 26.8620, Test MAPE: 22.9303, Test R: 0.8273, Test RRSE: 1.2729
2025-02-10 16:05:08,007:INFO:Epoch 269: Train Loss: 321.7258, Train Node Loss: 1.0861, Train Reg Loss: 3.2064, Train MAPE: 17.2947, Train R: 0.9013, Train RRSE: 0.4647, Test Loss: 971.4880, Test Node Loss: 1.2654, Test Reg Loss: 9.7022, Test MAPE: 20.3251, Test R: 0.8454, Test RRSE: 0.7650
2025-02-10 16:05:22,517:INFO:Epoch 270: Train Loss: 292.2093, Train Node Loss: 1.6421, Train Reg Loss: 2.9057, Train MAPE: 19.3818, Train R: 0.9065, Train RRSE: 0.4423, Test Loss: 944.7384, Test Node Loss: 0.5632, Test Reg Loss: 9.4418, Test MAPE: 19.0409, Test R: 0.8566, Test RRSE: 0.7546
2025-02-10 16:05:37,037:INFO:Epoch 271: Train Loss: 211.3692, Train Node Loss: 0.9170, Train Reg Loss: 2.1045, Train MAPE: 18.1311, Train R: 0.9287, Train RRSE: 0.3765, Test Loss: 3727.7903, Test Node Loss: 0.4532, Test Reg Loss: 37.2734, Test MAPE: 25.9683, Test R: 0.8329, Test RRSE: 1.4994
2025-02-10 16:05:51,476:INFO:Epoch 272: Train Loss: 229.3039, Train Node Loss: 1.4235, Train Reg Loss: 2.2788, Train MAPE: 18.9364, Train R: 0.9211, Train RRSE: 0.3917, Test Loss: 2147.6586, Test Node Loss: 0.7162, Test Reg Loss: 21.4694, Test MAPE: 22.3186, Test R: 0.8375, Test RRSE: 1.1379
2025-02-10 16:06:06,005:INFO:Epoch 273: Train Loss: 262.4032, Train Node Loss: 1.0594, Train Reg Loss: 2.6134, Train MAPE: 17.8803, Train R: 0.9108, Train RRSE: 0.4195, Test Loss: 1474.2501, Test Node Loss: 0.6768, Test Reg Loss: 14.7357, Test MAPE: 20.2688, Test R: 0.8396, Test RRSE: 0.9427
2025-02-10 16:06:20,453:INFO:Epoch 274: Train Loss: 250.7240, Train Node Loss: 1.2874, Train Reg Loss: 2.4944, Train MAPE: 18.6707, Train R: 0.9130, Train RRSE: 0.4098, Test Loss: 1214.5914, Test Node Loss: 0.8254, Test Reg Loss: 12.1377, Test MAPE: 20.1354, Test R: 0.8472, Test RRSE: 0.8556
2025-02-10 16:06:35,065:INFO:Epoch 275: Train Loss: 196.2141, Train Node Loss: 1.1571, Train Reg Loss: 1.9506, Train MAPE: 18.5877, Train R: 0.9324, Train RRSE: 0.3624, Test Loss: 1406.7011, Test Node Loss: 0.6520, Test Reg Loss: 14.0605, Test MAPE: 20.5099, Test R: 0.8427, Test RRSE: 0.9209
2025-02-10 16:06:49,691:INFO:Epoch 276: Train Loss: 226.7772, Train Node Loss: 1.0694, Train Reg Loss: 2.2571, Train MAPE: 18.2459, Train R: 0.9241, Train RRSE: 0.3899, Test Loss: 1328.5062, Test Node Loss: 1.0367, Test Reg Loss: 13.2747, Test MAPE: 20.5875, Test R: 0.8386, Test RRSE: 0.8948
2025-02-10 16:07:04,591:INFO:Epoch 277: Train Loss: 207.5028, Train Node Loss: 1.4917, Train Reg Loss: 2.0601, Train MAPE: 19.0382, Train R: 0.9344, Train RRSE: 0.3725, Test Loss: 2784.1833, Test Node Loss: 0.4434, Test Reg Loss: 27.8374, Test MAPE: 23.4913, Test R: 0.8329, Test RRSE: 1.2958
2025-02-10 16:07:19,008:INFO:Epoch 278: Train Loss: 211.0827, Train Node Loss: 0.9187, Train Reg Loss: 2.1016, Train MAPE: 17.9941, Train R: 0.9333, Train RRSE: 0.3762, Test Loss: 1277.1636, Test Node Loss: 0.8160, Test Reg Loss: 12.7635, Test MAPE: 20.8111, Test R: 0.8451, Test RRSE: 0.8774
2025-02-10 16:07:33,897:INFO:Epoch 279: Train Loss: 221.8923, Train Node Loss: 1.2552, Train Reg Loss: 2.2064, Train MAPE: 18.7939, Train R: 0.9257, Train RRSE: 0.3855, Test Loss: 1871.7847, Test Node Loss: 0.4717, Test Reg Loss: 18.7131, Test MAPE: 20.7316, Test R: 0.8273, Test RRSE: 1.0624
2025-02-10 16:07:48,538:INFO:Epoch 280: Train Loss: 233.5618, Train Node Loss: 0.8960, Train Reg Loss: 2.3267, Train MAPE: 17.8372, Train R: 0.9227, Train RRSE: 0.3958, Test Loss: 1653.8668, Test Node Loss: 0.7528, Test Reg Loss: 16.5311, Test MAPE: 21.1690, Test R: 0.8405, Test RRSE: 0.9985
2025-02-10 16:08:03,217:INFO:Epoch 281: Train Loss: 223.9127, Train Node Loss: 1.4350, Train Reg Loss: 2.2248, Train MAPE: 18.6743, Train R: 0.9223, Train RRSE: 0.3871, Test Loss: 1681.1898, Test Node Loss: 0.8259, Test Reg Loss: 16.8036, Test MAPE: 20.7853, Test R: 0.8315, Test RRSE: 1.0067
2025-02-10 16:08:17,665:INFO:Epoch 282: Train Loss: 185.0988, Train Node Loss: 1.4274, Train Reg Loss: 1.8367, Train MAPE: 18.4825, Train R: 0.9371, Train RRSE: 0.3517, Test Loss: 1747.1199, Test Node Loss: 0.8617, Test Reg Loss: 17.4626, Test MAPE: 21.8451, Test R: 0.8388, Test RRSE: 1.0263
2025-02-10 16:08:32,130:INFO:Epoch 283: Train Loss: 227.7794, Train Node Loss: 1.4861, Train Reg Loss: 2.2629, Train MAPE: 18.4815, Train R: 0.9208, Train RRSE: 0.3904, Test Loss: 1948.8831, Test Node Loss: 0.8175, Test Reg Loss: 19.4807, Test MAPE: 21.5796, Test R: 0.8254, Test RRSE: 1.0840
2025-02-10 16:08:46,821:INFO:Epoch 284: Train Loss: 207.3092, Train Node Loss: 1.6495, Train Reg Loss: 2.0566, Train MAPE: 18.4429, Train R: 0.9285, Train RRSE: 0.3721, Test Loss: 2105.6021, Test Node Loss: 0.9047, Test Reg Loss: 21.0470, Test MAPE: 22.0737, Test R: 0.8281, Test RRSE: 1.1267
2025-02-10 16:09:01,450:INFO:Epoch 285: Train Loss: 263.6626, Train Node Loss: 1.4301, Train Reg Loss: 2.6223, Train MAPE: 18.1236, Train R: 0.9105, Train RRSE: 0.4202, Test Loss: 1392.9677, Test Node Loss: 1.2303, Test Reg Loss: 13.9174, Test MAPE: 20.5609, Test R: 0.8313, Test RRSE: 0.9162
2025-02-10 16:09:15,911:INFO:Epoch 286: Train Loss: 241.7220, Train Node Loss: 1.8974, Train Reg Loss: 2.3982, Train MAPE: 18.8121, Train R: 0.9207, Train RRSE: 0.4019, Test Loss: 2401.1831, Test Node Loss: 0.7439, Test Reg Loss: 24.0044, Test MAPE: 22.1683, Test R: 0.8174, Test RRSE: 1.2032
2025-02-10 16:09:30,530:INFO:Epoch 287: Train Loss: 202.8444, Train Node Loss: 1.6123, Train Reg Loss: 2.0123, Train MAPE: 18.1338, Train R: 0.9318, Train RRSE: 0.3681, Test Loss: 1022.2470, Test Node Loss: 1.6076, Test Reg Loss: 10.2064, Test MAPE: 20.0535, Test R: 0.8408, Test RRSE: 0.7846
2025-02-10 16:09:45,273:INFO:Epoch 288: Train Loss: 219.3906, Train Node Loss: 1.8415, Train Reg Loss: 2.1755, Train MAPE: 19.0371, Train R: 0.9248, Train RRSE: 0.3828, Test Loss: 2192.6732, Test Node Loss: 0.7275, Test Reg Loss: 21.9195, Test MAPE: 21.9803, Test R: 0.8304, Test RRSE: 1.1498
2025-02-10 16:10:00,088:INFO:Epoch 289: Train Loss: 211.1666, Train Node Loss: 1.4211, Train Reg Loss: 2.0975, Train MAPE: 18.1532, Train R: 0.9278, Train RRSE: 0.3758, Test Loss: 1364.3354, Test Node Loss: 1.0725, Test Reg Loss: 13.6326, Test MAPE: 20.0683, Test R: 0.8267, Test RRSE: 0.9068
2025-02-10 16:10:15,075:INFO:Epoch 290: Train Loss: 227.8622, Train Node Loss: 2.0614, Train Reg Loss: 2.2580, Train MAPE: 18.9086, Train R: 0.9224, Train RRSE: 0.3899, Test Loss: 1516.9413, Test Node Loss: 1.1763, Test Reg Loss: 15.1577, Test MAPE: 20.7047, Test R: 0.8347, Test RRSE: 0.9561
2025-02-10 16:10:29,856:INFO:Epoch 291: Train Loss: 233.5491, Train Node Loss: 1.4393, Train Reg Loss: 2.3211, Train MAPE: 17.6721, Train R: 0.9226, Train RRSE: 0.3954, Test Loss: 1221.1972, Test Node Loss: 1.1857, Test Reg Loss: 12.2001, Test MAPE: 20.0519, Test R: 0.8343, Test RRSE: 0.8578
2025-02-10 16:10:44,603:INFO:Epoch 292: Train Loss: 222.8342, Train Node Loss: 1.7652, Train Reg Loss: 2.2107, Train MAPE: 18.4933, Train R: 0.9233, Train RRSE: 0.3858, Test Loss: 2220.3595, Test Node Loss: 0.9232, Test Reg Loss: 22.1944, Test MAPE: 22.7564, Test R: 0.8356, Test RRSE: 1.1570
2025-02-10 16:10:59,780:INFO:Epoch 293: Train Loss: 224.4807, Train Node Loss: 1.8082, Train Reg Loss: 2.2267, Train MAPE: 18.8274, Train R: 0.9225, Train RRSE: 0.3872, Test Loss: 1869.3005, Test Node Loss: 0.9211, Test Reg Loss: 18.6838, Test MAPE: 21.2882, Test R: 0.8344, Test RRSE: 1.0616
2025-02-10 16:11:14,611:INFO:Epoch 294: Train Loss: 202.8399, Train Node Loss: 1.3527, Train Reg Loss: 2.0149, Train MAPE: 17.7686, Train R: 0.9340, Train RRSE: 0.3684, Test Loss: 1321.8083, Test Node Loss: 1.1601, Test Reg Loss: 13.2065, Test MAPE: 20.0962, Test R: 0.8402, Test RRSE: 0.8925
2025-02-10 16:11:29,499:INFO:Epoch 295: Train Loss: 208.7206, Train Node Loss: 1.9521, Train Reg Loss: 2.0677, Train MAPE: 19.1049, Train R: 0.9331, Train RRSE: 0.3731, Test Loss: 3088.2042, Test Node Loss: 0.4082, Test Reg Loss: 30.8780, Test MAPE: 24.0021, Test R: 0.8313, Test RRSE: 1.3647
2025-02-10 16:11:44,768:INFO:Epoch 296: Train Loss: 227.5598, Train Node Loss: 1.1128, Train Reg Loss: 2.2645, Train MAPE: 17.5213, Train R: 0.9285, Train RRSE: 0.3905, Test Loss: 1857.5837, Test Node Loss: 0.7076, Test Reg Loss: 18.5688, Test MAPE: 21.5211, Test R: 0.8351, Test RRSE: 1.0583
2025-02-10 16:11:59,570:INFO:Epoch 297: Train Loss: 220.3578, Train Node Loss: 1.4427, Train Reg Loss: 2.1892, Train MAPE: 18.9791, Train R: 0.9260, Train RRSE: 0.3840, Test Loss: 1026.2047, Test Node Loss: 0.7345, Test Reg Loss: 10.2547, Test MAPE: 19.8828, Test R: 0.8447, Test RRSE: 0.7864
2025-02-10 16:12:14,271:INFO:Epoch 298: Train Loss: 220.4996, Train Node Loss: 1.3538, Train Reg Loss: 2.1915, Train MAPE: 18.4736, Train R: 0.9245, Train RRSE: 0.3842, Test Loss: 1118.3370, Test Node Loss: 0.9952, Test Reg Loss: 11.1734, Test MAPE: 19.9458, Test R: 0.8411, Test RRSE: 0.8209
2025-02-10 16:12:29,129:INFO:Epoch 299: Train Loss: 208.2603, Train Node Loss: 1.3980, Train Reg Loss: 2.0686, Train MAPE: 18.2031, Train R: 0.9289, Train RRSE: 0.3732, Test Loss: 2155.6384, Test Node Loss: 0.6740, Test Reg Loss: 21.5496, Test MAPE: 21.6716, Test R: 0.8356, Test RRSE: 1.1401
2025-02-10 16:12:43,892:INFO:Epoch 300: Train Loss: 196.9910, Train Node Loss: 1.5164, Train Reg Loss: 1.9547, Train MAPE: 18.3207, Train R: 0.9330, Train RRSE: 0.3628, Test Loss: 1716.4973, Test Node Loss: 1.0868, Test Reg Loss: 17.1541, Test MAPE: 21.6009, Test R: 0.8385, Test RRSE: 1.0172
2025-02-10 16:12:43,893:INFO:Best performance at epoch 161 with Test MAPE: 0.8670
