2025-02-10 14:55:38,990:INFO:Learning rate: 0.001
2025-02-10 14:55:38,991:INFO:Weight decay: 0.001
2025-02-10 14:55:38,991:INFO:Batch size: 32
2025-02-10 14:55:38,991:INFO:Number of layers: 2
2025-02-10 14:55:38,991:INFO:Convolution type: SAGE
2025-02-10 14:55:38,991:INFO:Convolution neurons: 256
2025-02-10 15:00:22,307:INFO:Learning rate: 0.001
2025-02-10 15:00:22,308:INFO:Weight decay: 0.001
2025-02-10 15:00:22,308:INFO:Batch size: 32
2025-02-10 15:00:22,308:INFO:Number of layers: 2
2025-02-10 15:00:22,308:INFO:Convolution type: SAGE
2025-02-10 15:00:22,308:INFO:Convolution neurons: 256
2025-02-10 15:00:36,933:INFO:Epoch 1: Train Loss: 238545.6895, Train Node Loss: 17.8408, Train Reg Loss: 2385.2785, Train MAPE: 96.6173, Train R: 0.0094, Train RRSE: 8.3145, Test Loss: 209092.3947, Test Node Loss: 155.0279, Test Reg Loss: 2089.3737, Test MAPE: 89.1141, Test R: 0.8695, Test RRSE: 7.8415
2025-02-10 15:00:36,955:INFO:Checkpoint saved at best_0.001_0.001_256_SAGE_2_32_0.8695_epoch_1.pth
2025-02-10 15:00:51,079:INFO:Epoch 2: Train Loss: 125715.0090, Train Node Loss: 1437.7475, Train Reg Loss: 1242.7726, Train MAPE: 66.5239, Train R: 0.0799, Train RRSE: 6.0016, Test Loss: 21148.0222, Test Node Loss: 11508.1922, Test Reg Loss: 96.3983, Test MAPE: 20.2808, Test R: 0.8803, Test RRSE: 1.6843
2025-02-10 15:00:51,112:INFO:Checkpoint saved at best_0.001_0.001_256_SAGE_2_32_0.8803_epoch_2.pth
2025-02-10 15:01:05,942:INFO:Epoch 3: Train Loss: 27673.3414, Train Node Loss: 10311.4594, Train Reg Loss: 173.6188, Train MAPE: 24.9172, Train R: 0.2350, Train RRSE: 2.2432, Test Loss: 13637.9926, Test Node Loss: 9369.4752, Test Reg Loss: 42.6852, Test MAPE: 14.4309, Test R: 0.8834, Test RRSE: 1.1208
2025-02-10 15:01:06,017:INFO:Checkpoint saved at best_0.001_0.001_256_SAGE_2_32_0.8834_epoch_3.pth
2025-02-10 15:01:21,550:INFO:Epoch 4: Train Loss: 16167.7609, Train Node Loss: 5196.5509, Train Reg Loss: 109.7121, Train MAPE: 17.5763, Train R: 0.3655, Train RRSE: 1.7832, Test Loss: 11244.6031, Test Node Loss: 5764.6911, Test Reg Loss: 54.7991, Test MAPE: 11.8519, Test R: 0.8849, Test RRSE: 1.2699
2025-02-10 15:01:21,578:INFO:Checkpoint saved at best_0.001_0.001_256_SAGE_2_32_0.8849_epoch_4.pth
2025-02-10 15:01:36,364:INFO:Epoch 5: Train Loss: 10145.6144, Train Node Loss: 6215.9766, Train Reg Loss: 39.2964, Train MAPE: 11.6794, Train R: 0.3850, Train RRSE: 1.0672, Test Loss: 16380.9462, Test Node Loss: 8224.7756, Test Reg Loss: 81.5617, Test MAPE: 18.9633, Test R: 0.8864, Test RRSE: 1.5493
2025-02-10 15:01:36,393:INFO:Checkpoint saved at best_0.001_0.001_256_SAGE_2_32_0.8864_epoch_5.pth
2025-02-10 15:01:50,706:INFO:Epoch 6: Train Loss: 9184.3714, Train Node Loss: 6144.1359, Train Reg Loss: 30.4024, Train MAPE: 11.3373, Train R: 0.4410, Train RRSE: 0.9387, Test Loss: 8134.1656, Test Node Loss: 4960.5759, Test Reg Loss: 31.7359, Test MAPE: 9.7608, Test R: 0.8860, Test RRSE: 0.9664
2025-02-10 15:02:05,154:INFO:Epoch 7: Train Loss: 7765.4307, Train Node Loss: 4751.4176, Train Reg Loss: 30.1401, Train MAPE: 9.7517, Train R: 0.6850, Train RRSE: 0.9346, Test Loss: 6739.4321, Test Node Loss: 5143.2282, Test Reg Loss: 15.9620, Test MAPE: 9.5205, Test R: 0.8866, Test RRSE: 0.6854
2025-02-10 15:02:05,192:INFO:Checkpoint saved at best_0.001_0.001_256_SAGE_2_32_0.8866_epoch_7.pth
2025-02-10 15:02:19,560:INFO:Epoch 8: Train Loss: 6943.9385, Train Node Loss: 4982.9649, Train Reg Loss: 19.6097, Train MAPE: 10.2024, Train R: 0.7968, Train RRSE: 0.7539, Test Loss: 6311.7090, Test Node Loss: 4284.0859, Test Reg Loss: 20.2762, Test MAPE: 9.1338, Test R: 0.8861, Test RRSE: 0.7725
2025-02-10 15:02:33,936:INFO:Epoch 9: Train Loss: 6274.2485, Train Node Loss: 4033.1864, Train Reg Loss: 22.4106, Train MAPE: 9.2517, Train R: 0.8220, Train RRSE: 0.8059, Test Loss: 5911.2921, Test Node Loss: 3907.3235, Test Reg Loss: 20.0397, Test MAPE: 9.1210, Test R: 0.8857, Test RRSE: 0.7680
2025-02-10 15:02:48,184:INFO:Epoch 10: Train Loss: 5770.4165, Train Node Loss: 4034.2194, Train Reg Loss: 17.3620, Train MAPE: 9.6804, Train R: 0.8293, Train RRSE: 0.7094, Test Loss: 5455.7511, Test Node Loss: 3643.8208, Test Reg Loss: 18.1193, Test MAPE: 9.1596, Test R: 0.8848, Test RRSE: 0.7302
2025-02-10 15:03:02,435:INFO:Epoch 11: Train Loss: 5350.8642, Train Node Loss: 3525.8392, Train Reg Loss: 18.2503, Train MAPE: 9.2843, Train R: 0.8375, Train RRSE: 0.7273, Test Loss: 5336.8378, Test Node Loss: 3282.2203, Test Reg Loss: 20.5462, Test MAPE: 9.2160, Test R: 0.8840, Test RRSE: 0.7776
2025-02-10 15:03:16,790:INFO:Epoch 12: Train Loss: 5025.4490, Train Node Loss: 3332.3032, Train Reg Loss: 16.9315, Train MAPE: 9.3784, Train R: 0.8468, Train RRSE: 0.7005, Test Loss: 4843.6361, Test Node Loss: 3179.8295, Test Reg Loss: 16.6381, Test MAPE: 9.1898, Test R: 0.8832, Test RRSE: 0.6997
2025-02-10 15:03:31,106:INFO:Epoch 13: Train Loss: 4860.2769, Train Node Loss: 3261.1643, Train Reg Loss: 15.9911, Train MAPE: 9.9736, Train R: 0.8330, Train RRSE: 0.6808, Test Loss: 5248.2642, Test Node Loss: 2757.5453, Test Reg Loss: 24.9072, Test MAPE: 9.5596, Test R: 0.8815, Test RRSE: 0.8562
2025-02-10 15:03:45,343:INFO:Epoch 14: Train Loss: 4692.6132, Train Node Loss: 2855.0749, Train Reg Loss: 18.3754, Train MAPE: 9.3870, Train R: 0.8143, Train RRSE: 0.7298, Test Loss: 4467.7270, Test Node Loss: 2760.6237, Test Reg Loss: 17.0710, Test MAPE: 9.2762, Test R: 0.8803, Test RRSE: 0.7088
2025-02-10 15:03:59,777:INFO:Epoch 15: Train Loss: 4392.8396, Train Node Loss: 2797.5690, Train Reg Loss: 15.9527, Train MAPE: 9.6826, Train R: 0.8255, Train RRSE: 0.6800, Test Loss: 4566.4912, Test Node Loss: 2516.1878, Test Reg Loss: 20.5030, Test MAPE: 9.5326, Test R: 0.8784, Test RRSE: 0.7768
2025-02-10 15:04:14,028:INFO:Epoch 16: Train Loss: 4196.5664, Train Node Loss: 2590.3190, Train Reg Loss: 16.0625, Train MAPE: 9.6197, Train R: 0.8175, Train RRSE: 0.6823, Test Loss: 3965.2187, Test Node Loss: 2554.5992, Test Reg Loss: 14.1062, Test MAPE: 9.5074, Test R: 0.8776, Test RRSE: 0.6443
2025-02-10 15:04:28,319:INFO:Epoch 17: Train Loss: 4030.0388, Train Node Loss: 2541.9556, Train Reg Loss: 14.8808, Train MAPE: 9.9141, Train R: 0.8242, Train RRSE: 0.6567, Test Loss: 4616.5092, Test Node Loss: 2186.4311, Test Reg Loss: 24.3008, Test MAPE: 9.8914, Test R: 0.8761, Test RRSE: 0.8457
2025-02-10 15:04:42,663:INFO:Epoch 18: Train Loss: 3989.2228, Train Node Loss: 2378.0618, Train Reg Loss: 16.1116, Train MAPE: 9.9416, Train R: 0.7814, Train RRSE: 0.6833, Test Loss: 4105.1549, Test Node Loss: 2140.8675, Test Reg Loss: 19.6429, Test MAPE: 9.6489, Test R: 0.8746, Test RRSE: 0.7603
2025-02-10 15:04:57,088:INFO:Epoch 19: Train Loss: 3736.5906, Train Node Loss: 2187.7072, Train Reg Loss: 15.4888, Train MAPE: 9.6958, Train R: 0.8270, Train RRSE: 0.6700, Test Loss: 3633.9176, Test Node Loss: 2128.9570, Test Reg Loss: 15.0496, Test MAPE: 9.5348, Test R: 0.8742, Test RRSE: 0.6655
2025-02-10 15:05:11,382:INFO:Epoch 20: Train Loss: 3630.6015, Train Node Loss: 2161.3415, Train Reg Loss: 14.6926, Train MAPE: 10.1026, Train R: 0.8042, Train RRSE: 0.6526, Test Loss: 3655.7194, Test Node Loss: 1988.7519, Test Reg Loss: 16.6697, Test MAPE: 9.6368, Test R: 0.8737, Test RRSE: 0.7004
2025-02-10 15:05:25,532:INFO:Epoch 21: Train Loss: 3423.5812, Train Node Loss: 2108.1939, Train Reg Loss: 13.1539, Train MAPE: 10.3108, Train R: 0.8336, Train RRSE: 0.6174, Test Loss: 4925.7042, Test Node Loss: 1703.1033, Test Reg Loss: 32.2260, Test MAPE: 10.9362, Test R: 0.8720, Test RRSE: 0.9738
2025-02-10 15:05:39,796:INFO:Epoch 22: Train Loss: 3433.4695, Train Node Loss: 1939.8814, Train Reg Loss: 14.9359, Train MAPE: 10.1695, Train R: 0.7940, Train RRSE: 0.6579, Test Loss: 3829.2673, Test Node Loss: 1740.2836, Test Reg Loss: 20.8898, Test MAPE: 10.0015, Test R: 0.8723, Test RRSE: 0.7841
2025-02-10 15:05:54,805:INFO:Epoch 23: Train Loss: 3220.6922, Train Node Loss: 1860.1820, Train Reg Loss: 13.6051, Train MAPE: 10.1555, Train R: 0.8196, Train RRSE: 0.6279, Test Loss: 3129.9818, Test Node Loss: 1790.0727, Test Reg Loss: 13.3991, Test MAPE: 9.8298, Test R: 0.8729, Test RRSE: 0.6280
2025-02-10 15:06:09,171:INFO:Epoch 24: Train Loss: 3139.6679, Train Node Loss: 1807.6341, Train Reg Loss: 13.3203, Train MAPE: 10.3209, Train R: 0.8162, Train RRSE: 0.6213, Test Loss: 3078.5781, Test Node Loss: 1702.4889, Test Reg Loss: 13.7609, Test MAPE: 9.9388, Test R: 0.8742, Test RRSE: 0.6364
2025-02-10 15:06:23,502:INFO:Epoch 25: Train Loss: 3003.4737, Train Node Loss: 1730.2867, Train Reg Loss: 12.7319, Train MAPE: 10.2347, Train R: 0.8261, Train RRSE: 0.6075, Test Loss: 3173.6209, Test Node Loss: 1589.3257, Test Reg Loss: 15.8430, Test MAPE: 9.9906, Test R: 0.8746, Test RRSE: 0.6828
2025-02-10 15:06:37,926:INFO:Epoch 26: Train Loss: 2881.7411, Train Node Loss: 1667.5975, Train Reg Loss: 12.1414, Train MAPE: 10.5224, Train R: 0.8291, Train RRSE: 0.5932, Test Loss: 2989.0107, Test Node Loss: 1545.1160, Test Reg Loss: 14.4389, Test MAPE: 10.1215, Test R: 0.8756, Test RRSE: 0.6519
2025-02-10 15:06:52,232:INFO:Epoch 27: Train Loss: 2779.4073, Train Node Loss: 1567.0917, Train Reg Loss: 12.1232, Train MAPE: 10.4298, Train R: 0.8400, Train RRSE: 0.5928, Test Loss: 2746.9453, Test Node Loss: 1521.9141, Test Reg Loss: 12.2503, Test MAPE: 9.8176, Test R: 0.8794, Test RRSE: 0.6004
2025-02-10 15:07:06,628:INFO:Epoch 28: Train Loss: 2687.3364, Train Node Loss: 1560.2753, Train Reg Loss: 11.2706, Train MAPE: 10.6231, Train R: 0.8440, Train RRSE: 0.5715, Test Loss: 3227.8835, Test Node Loss: 1372.3457, Test Reg Loss: 18.5554, Test MAPE: 10.4036, Test R: 0.8799, Test RRSE: 0.7390
2025-02-10 15:07:21,462:INFO:Epoch 29: Train Loss: 2577.8969, Train Node Loss: 1510.8916, Train Reg Loss: 10.6701, Train MAPE: 10.5814, Train R: 0.8531, Train RRSE: 0.5561, Test Loss: 3991.5187, Test Node Loss: 1244.1118, Test Reg Loss: 27.4741, Test MAPE: 11.1474, Test R: 0.8805, Test RRSE: 0.8992
2025-02-10 15:07:35,731:INFO:Epoch 30: Train Loss: 2508.2531, Train Node Loss: 1415.1534, Train Reg Loss: 10.9310, Train MAPE: 10.6457, Train R: 0.8470, Train RRSE: 0.5629, Test Loss: 2599.1933, Test Node Loss: 1345.7696, Test Reg Loss: 12.5342, Test MAPE: 10.1162, Test R: 0.8840, Test RRSE: 0.6073
2025-02-10 15:07:50,727:INFO:Epoch 31: Train Loss: 2475.9167, Train Node Loss: 1365.3605, Train Reg Loss: 11.1056, Train MAPE: 10.7917, Train R: 0.8400, Train RRSE: 0.5673, Test Loss: 2480.1256, Test Node Loss: 1311.1565, Test Reg Loss: 11.6897, Test MAPE: 10.1509, Test R: 0.8852, Test RRSE: 0.5865
2025-02-10 15:08:05,051:INFO:Epoch 32: Train Loss: 2424.2246, Train Node Loss: 1328.3976, Train Reg Loss: 10.9583, Train MAPE: 10.6685, Train R: 0.8430, Train RRSE: 0.5636, Test Loss: 2366.7483, Test Node Loss: 1280.0202, Test Reg Loss: 10.8673, Test MAPE: 10.2134, Test R: 0.8893, Test RRSE: 0.5655
2025-02-10 15:08:05,094:INFO:Checkpoint saved at best_0.001_0.001_256_SAGE_2_32_0.8893_epoch_32.pth
2025-02-10 15:08:19,318:INFO:Epoch 33: Train Loss: 2267.5866, Train Node Loss: 1276.7787, Train Reg Loss: 9.9081, Train MAPE: 10.6956, Train R: 0.8662, Train RRSE: 0.5359, Test Loss: 2643.9607, Test Node Loss: 1182.6071, Test Reg Loss: 14.6135, Test MAPE: 10.4987, Test R: 0.8876, Test RRSE: 0.6558
2025-02-10 15:08:33,827:INFO:Epoch 34: Train Loss: 2311.6999, Train Node Loss: 1283.3788, Train Reg Loss: 10.2832, Train MAPE: 11.1386, Train R: 0.8450, Train RRSE: 0.5459, Test Loss: 3840.4120, Test Node Loss: 1047.4667, Test Reg Loss: 27.9295, Test MAPE: 11.5700, Test R: 0.8858, Test RRSE: 0.9066
2025-02-10 15:08:48,131:INFO:Epoch 35: Train Loss: 2201.1852, Train Node Loss: 1250.1186, Train Reg Loss: 9.5107, Train MAPE: 11.1552, Train R: 0.8624, Train RRSE: 0.5250, Test Loss: 4174.5939, Test Node Loss: 987.4464, Test Reg Loss: 31.8715, Test MAPE: 11.8652, Test R: 0.8869, Test RRSE: 0.9685
2025-02-10 15:09:02,479:INFO:Epoch 36: Train Loss: 2276.7234, Train Node Loss: 1161.5129, Train Reg Loss: 11.1521, Train MAPE: 10.9778, Train R: 0.8325, Train RRSE: 0.5685, Test Loss: 2014.2262, Test Node Loss: 1176.5741, Test Reg Loss: 8.3765, Test MAPE: 10.6283, Test R: 0.8922, Test RRSE: 0.4965
2025-02-10 15:09:02,499:INFO:Checkpoint saved at best_0.001_0.001_256_SAGE_2_32_0.8922_epoch_36.pth
2025-02-10 15:09:17,076:INFO:Epoch 37: Train Loss: 2132.7606, Train Node Loss: 1120.1407, Train Reg Loss: 10.1262, Train MAPE: 10.8727, Train R: 0.8577, Train RRSE: 0.5417, Test Loss: 2145.6668, Test Node Loss: 1222.4480, Test Reg Loss: 9.2322, Test MAPE: 11.2964, Test R: 0.8951, Test RRSE: 0.5212
2025-02-10 15:09:17,099:INFO:Checkpoint saved at best_0.001_0.001_256_SAGE_2_32_0.8951_epoch_37.pth
2025-02-10 15:09:31,442:INFO:Epoch 38: Train Loss: 2080.8000, Train Node Loss: 1104.3403, Train Reg Loss: 9.7646, Train MAPE: 11.0162, Train R: 0.8572, Train RRSE: 0.5320, Test Loss: 2021.0008, Test Node Loss: 1078.7761, Test Reg Loss: 9.4222, Test MAPE: 10.6549, Test R: 0.8910, Test RRSE: 0.5266
2025-02-10 15:09:45,831:INFO:Epoch 39: Train Loss: 1950.8188, Train Node Loss: 1098.5578, Train Reg Loss: 8.5226, Train MAPE: 11.0146, Train R: 0.8801, Train RRSE: 0.4970, Test Loss: 2181.1923, Test Node Loss: 1004.5584, Test Reg Loss: 11.7663, Test MAPE: 10.4652, Test R: 0.8937, Test RRSE: 0.5884
2025-02-10 15:10:00,227:INFO:Epoch 40: Train Loss: 1873.0921, Train Node Loss: 1048.9225, Train Reg Loss: 8.2417, Train MAPE: 10.8962, Train R: 0.8901, Train RRSE: 0.4887, Test Loss: 2563.9174, Test Node Loss: 928.5614, Test Reg Loss: 16.3536, Test MAPE: 10.8773, Test R: 0.8937, Test RRSE: 0.6937
2025-02-10 15:10:14,567:INFO:Epoch 41: Train Loss: 1851.5271, Train Node Loss: 1007.9240, Train Reg Loss: 8.4360, Train MAPE: 11.0080, Train R: 0.8833, Train RRSE: 0.4945, Test Loss: 2404.9438, Test Node Loss: 914.9323, Test Reg Loss: 14.9001, Test MAPE: 10.8395, Test R: 0.8925, Test RRSE: 0.6622
2025-02-10 15:10:29,050:INFO:Epoch 42: Train Loss: 1816.2899, Train Node Loss: 970.3685, Train Reg Loss: 8.4592, Train MAPE: 10.8586, Train R: 0.8845, Train RRSE: 0.4951, Test Loss: 1770.6664, Test Node Loss: 1006.0840, Test Reg Loss: 7.6458, Test MAPE: 10.9149, Test R: 0.8985, Test RRSE: 0.4744
2025-02-10 15:10:29,087:INFO:Checkpoint saved at best_0.001_0.001_256_SAGE_2_32_0.8985_epoch_42.pth
2025-02-10 15:10:43,388:INFO:Epoch 43: Train Loss: 1797.8591, Train Node Loss: 966.3207, Train Reg Loss: 8.3154, Train MAPE: 11.0344, Train R: 0.8820, Train RRSE: 0.4909, Test Loss: 2974.0373, Test Node Loss: 828.7512, Test Reg Loss: 21.4529, Test MAPE: 11.4113, Test R: 0.8954, Test RRSE: 0.7946
2025-02-10 15:10:57,705:INFO:Epoch 44: Train Loss: 1689.3420, Train Node Loss: 945.0521, Train Reg Loss: 7.4429, Train MAPE: 11.1316, Train R: 0.8946, Train RRSE: 0.4645, Test Loss: 1721.0810, Test Node Loss: 922.3436, Test Reg Loss: 7.9874, Test MAPE: 10.7382, Test R: 0.8982, Test RRSE: 0.4848
2025-02-10 15:11:11,741:INFO:Epoch 45: Train Loss: 1697.6419, Train Node Loss: 912.7755, Train Reg Loss: 7.8487, Train MAPE: 11.1530, Train R: 0.8872, Train RRSE: 0.4769, Test Loss: 1912.5615, Test Node Loss: 851.9957, Test Reg Loss: 10.6057, Test MAPE: 10.6612, Test R: 0.8989, Test RRSE: 0.5587
2025-02-10 15:11:11,775:INFO:Checkpoint saved at best_0.001_0.001_256_SAGE_2_32_0.8989_epoch_45.pth
2025-02-10 15:11:26,258:INFO:Epoch 46: Train Loss: 1661.2939, Train Node Loss: 886.6422, Train Reg Loss: 7.7465, Train MAPE: 11.1583, Train R: 0.8900, Train RRSE: 0.4738, Test Loss: 2727.9793, Test Node Loss: 762.5600, Test Reg Loss: 19.6542, Test MAPE: 11.3066, Test R: 0.8974, Test RRSE: 0.7605
2025-02-10 15:11:41,164:INFO:Epoch 47: Train Loss: 1824.1355, Train Node Loss: 864.7796, Train Reg Loss: 9.5936, Train MAPE: 10.9626, Train R: 0.8575, Train RRSE: 0.5273, Test Loss: 2008.2943, Test Node Loss: 788.3497, Test Reg Loss: 12.1994, Test MAPE: 10.6243, Test R: 0.8996, Test RRSE: 0.5992
2025-02-10 15:11:41,195:INFO:Checkpoint saved at best_0.001_0.001_256_SAGE_2_32_0.8996_epoch_47.pth
2025-02-10 15:11:55,476:INFO:Epoch 48: Train Loss: 1797.5928, Train Node Loss: 836.8649, Train Reg Loss: 9.6073, Train MAPE: 11.3002, Train R: 0.8524, Train RRSE: 0.5277, Test Loss: 2075.4231, Test Node Loss: 763.4460, Test Reg Loss: 13.1198, Test MAPE: 10.9737, Test R: 0.9004, Test RRSE: 0.6214
2025-02-10 15:11:55,495:INFO:Checkpoint saved at best_0.001_0.001_256_SAGE_2_32_0.9004_epoch_48.pth
2025-02-10 15:12:09,834:INFO:Epoch 49: Train Loss: 1697.4540, Train Node Loss: 796.9904, Train Reg Loss: 9.0046, Train MAPE: 11.0723, Train R: 0.8722, Train RRSE: 0.5109, Test Loss: 1889.7315, Test Node Loss: 901.0128, Test Reg Loss: 9.8872, Test MAPE: 11.8095, Test R: 0.9075, Test RRSE: 0.5394
2025-02-10 15:12:09,856:INFO:Checkpoint saved at best_0.001_0.001_256_SAGE_2_32_0.9075_epoch_49.pth
2025-02-10 15:12:24,098:INFO:Epoch 50: Train Loss: 1616.5546, Train Node Loss: 790.4443, Train Reg Loss: 8.2611, Train MAPE: 11.0504, Train R: 0.8838, Train RRSE: 0.4893, Test Loss: 1505.1693, Test Node Loss: 818.7265, Test Reg Loss: 6.8644, Test MAPE: 10.5818, Test R: 0.9075, Test RRSE: 0.4495
2025-02-10 15:12:39,028:INFO:Epoch 51: Train Loss: 1627.5898, Train Node Loss: 776.2658, Train Reg Loss: 8.5132, Train MAPE: 11.2641, Train R: 0.8727, Train RRSE: 0.4967, Test Loss: 1806.8601, Test Node Loss: 719.7317, Test Reg Loss: 10.8713, Test MAPE: 10.7595, Test R: 0.9062, Test RRSE: 0.5656
2025-02-10 15:12:53,506:INFO:Epoch 52: Train Loss: 1532.4996, Train Node Loss: 765.6586, Train Reg Loss: 7.6684, Train MAPE: 11.1646, Train R: 0.8935, Train RRSE: 0.4714, Test Loss: 2280.9194, Test Node Loss: 670.0088, Test Reg Loss: 16.1091, Test MAPE: 11.2424, Test R: 0.9054, Test RRSE: 0.6885
2025-02-10 15:13:08,034:INFO:Epoch 53: Train Loss: 1518.2206, Train Node Loss: 745.6165, Train Reg Loss: 7.7260, Train MAPE: 11.2278, Train R: 0.8894, Train RRSE: 0.4732, Test Loss: 1846.3551, Test Node Loss: 686.7841, Test Reg Loss: 11.5957, Test MAPE: 11.1102, Test R: 0.9063, Test RRSE: 0.5842
2025-02-10 15:13:22,393:INFO:Epoch 54: Train Loss: 1423.0039, Train Node Loss: 739.1695, Train Reg Loss: 6.8383, Train MAPE: 11.2799, Train R: 0.9047, Train RRSE: 0.4452, Test Loss: 2707.8702, Test Node Loss: 618.9548, Test Reg Loss: 20.8892, Test MAPE: 11.6427, Test R: 0.9063, Test RRSE: 0.7841
2025-02-10 15:13:36,795:INFO:Epoch 55: Train Loss: 1489.1011, Train Node Loss: 698.5998, Train Reg Loss: 7.9050, Train MAPE: 11.1580, Train R: 0.8880, Train RRSE: 0.4787, Test Loss: 1551.6787, Test Node Loss: 673.1225, Test Reg Loss: 8.7856, Test MAPE: 11.0030, Test R: 0.9082, Test RRSE: 0.5085
2025-02-10 15:13:36,823:INFO:Checkpoint saved at best_0.001_0.001_256_SAGE_2_32_0.9082_epoch_55.pth
2025-02-10 15:13:51,046:INFO:Epoch 56: Train Loss: 1552.7445, Train Node Loss: 684.3624, Train Reg Loss: 8.6838, Train MAPE: 11.3308, Train R: 0.8702, Train RRSE: 0.5017, Test Loss: 2288.7789, Test Node Loss: 608.4384, Test Reg Loss: 16.8034, Test MAPE: 11.3799, Test R: 0.9053, Test RRSE: 0.7032
2025-02-10 15:14:05,266:INFO:Epoch 57: Train Loss: 1408.5683, Train Node Loss: 690.6081, Train Reg Loss: 7.1796, Train MAPE: 11.4977, Train R: 0.8955, Train RRSE: 0.4562, Test Loss: 2980.4201, Test Node Loss: 563.7166, Test Reg Loss: 24.1670, Test MAPE: 11.9123, Test R: 0.9070, Test RRSE: 0.8433
2025-02-10 15:14:19,566:INFO:Epoch 58: Train Loss: 1391.3514, Train Node Loss: 663.1573, Train Reg Loss: 7.2819, Train MAPE: 11.3507, Train R: 0.8942, Train RRSE: 0.4594, Test Loss: 2180.2272, Test Node Loss: 587.5923, Test Reg Loss: 15.9263, Test MAPE: 11.4797, Test R: 0.9083, Test RRSE: 0.6846
2025-02-10 15:14:19,593:INFO:Checkpoint saved at best_0.001_0.001_256_SAGE_2_32_0.9083_epoch_58.pth
2025-02-10 15:14:33,894:INFO:Epoch 59: Train Loss: 1386.4758, Train Node Loss: 644.5289, Train Reg Loss: 7.4195, Train MAPE: 11.2967, Train R: 0.8919, Train RRSE: 0.4637, Test Loss: 2056.3707, Test Node Loss: 574.4545, Test Reg Loss: 14.8192, Test MAPE: 11.4456, Test R: 0.9085, Test RRSE: 0.6604
2025-02-10 15:14:33,933:INFO:Checkpoint saved at best_0.001_0.001_256_SAGE_2_32_0.9085_epoch_59.pth
2025-02-10 15:14:48,282:INFO:Epoch 60: Train Loss: 1455.0002, Train Node Loss: 627.7285, Train Reg Loss: 8.2727, Train MAPE: 11.5040, Train R: 0.8755, Train RRSE: 0.4897, Test Loss: 2963.2138, Test Node Loss: 520.2493, Test Reg Loss: 24.4296, Test MAPE: 11.9912, Test R: 0.9109, Test RRSE: 0.8479
2025-02-10 15:14:48,305:INFO:Checkpoint saved at best_0.001_0.001_256_SAGE_2_32_0.9109_epoch_60.pth
2025-02-10 15:15:02,599:INFO:Epoch 61: Train Loss: 1383.4125, Train Node Loss: 611.1099, Train Reg Loss: 7.7230, Train MAPE: 11.2469, Train R: 0.8834, Train RRSE: 0.4731, Test Loss: 1630.5242, Test Node Loss: 575.0395, Test Reg Loss: 10.5548, Test MAPE: 11.1822, Test R: 0.9129, Test RRSE: 0.5573
2025-02-10 15:15:02,636:INFO:Checkpoint saved at best_0.001_0.001_256_SAGE_2_32_0.9129_epoch_61.pth
2025-02-10 15:15:16,748:INFO:Epoch 62: Train Loss: 1424.6107, Train Node Loss: 594.2425, Train Reg Loss: 8.3037, Train MAPE: 11.2123, Train R: 0.8786, Train RRSE: 0.4906, Test Loss: 1543.3183, Test Node Loss: 567.9114, Test Reg Loss: 9.7541, Test MAPE: 11.1261, Test R: 0.9131, Test RRSE: 0.5358
2025-02-10 15:15:16,777:INFO:Checkpoint saved at best_0.001_0.001_256_SAGE_2_32_0.9131_epoch_62.pth
2025-02-10 15:15:31,098:INFO:Epoch 63: Train Loss: 1224.9306, Train Node Loss: 573.9047, Train Reg Loss: 6.5103, Train MAPE: 11.0521, Train R: 0.9151, Train RRSE: 0.4344, Test Loss: 1220.2113, Test Node Loss: 612.2275, Test Reg Loss: 6.0798, Test MAPE: 11.3295, Test R: 0.9153, Test RRSE: 0.4230
2025-02-10 15:15:31,124:INFO:Checkpoint saved at best_0.001_0.001_256_SAGE_2_32_0.9153_epoch_63.pth
2025-02-10 15:15:45,437:INFO:Epoch 64: Train Loss: 1255.7616, Train Node Loss: 584.2697, Train Reg Loss: 6.7149, Train MAPE: 11.4019, Train R: 0.9036, Train RRSE: 0.4412, Test Loss: 2556.1152, Test Node Loss: 492.9375, Test Reg Loss: 20.6318, Test MAPE: 11.8936, Test R: 0.9129, Test RRSE: 0.7792
2025-02-10 15:15:59,740:INFO:Epoch 65: Train Loss: 1343.2266, Train Node Loss: 567.5281, Train Reg Loss: 7.7570, Train MAPE: 11.4656, Train R: 0.8842, Train RRSE: 0.4741, Test Loss: 3191.6049, Test Node Loss: 459.3213, Test Reg Loss: 27.3228, Test MAPE: 12.3439, Test R: 0.9125, Test RRSE: 0.8967
2025-02-10 15:16:13,971:INFO:Epoch 66: Train Loss: 1369.2857, Train Node Loss: 543.1187, Train Reg Loss: 8.2617, Train MAPE: 11.4638, Train R: 0.8750, Train RRSE: 0.4893, Test Loss: 1256.8174, Test Node Loss: 530.4710, Test Reg Loss: 7.2635, Test MAPE: 11.1346, Test R: 0.9157, Test RRSE: 0.4623
2025-02-10 15:16:14,005:INFO:Checkpoint saved at best_0.001_0.001_256_SAGE_2_32_0.9157_epoch_66.pth
2025-02-10 15:16:28,253:INFO:Epoch 67: Train Loss: 1323.4032, Train Node Loss: 519.7130, Train Reg Loss: 8.0369, Train MAPE: 11.3067, Train R: 0.8850, Train RRSE: 0.4826, Test Loss: 1651.3992, Test Node Loss: 615.4664, Test Reg Loss: 10.3593, Test MAPE: 12.4124, Test R: 0.9182, Test RRSE: 0.5521
2025-02-10 15:16:28,299:INFO:Checkpoint saved at best_0.001_0.001_256_SAGE_2_32_0.9182_epoch_67.pth
2025-02-10 15:16:42,497:INFO:Epoch 68: Train Loss: 1539.8603, Train Node Loss: 515.1777, Train Reg Loss: 10.2468, Train MAPE: 11.4974, Train R: 0.8415, Train RRSE: 0.5450, Test Loss: 1484.6348, Test Node Loss: 592.0728, Test Reg Loss: 8.9256, Test MAPE: 12.3001, Test R: 0.9183, Test RRSE: 0.5125
2025-02-10 15:16:42,519:INFO:Checkpoint saved at best_0.001_0.001_256_SAGE_2_32_0.9183_epoch_68.pth
2025-02-10 15:16:56,783:INFO:Epoch 69: Train Loss: 1592.1888, Train Node Loss: 511.5658, Train Reg Loss: 10.8062, Train MAPE: 11.7396, Train R: 0.8293, Train RRSE: 0.5596, Test Loss: 1190.9719, Test Node Loss: 506.8147, Test Reg Loss: 6.8416, Test MAPE: 11.1691, Test R: 0.9189, Test RRSE: 0.4487
2025-02-10 15:16:56,817:INFO:Checkpoint saved at best_0.001_0.001_256_SAGE_2_32_0.9189_epoch_69.pth
2025-02-10 15:17:11,287:INFO:Epoch 70: Train Loss: 1703.9488, Train Node Loss: 505.2470, Train Reg Loss: 11.9870, Train MAPE: 11.8437, Train R: 0.8088, Train RRSE: 0.5894, Test Loss: 1283.8016, Test Node Loss: 474.1529, Test Reg Loss: 8.0965, Test MAPE: 10.9711, Test R: 0.9224, Test RRSE: 0.4881
2025-02-10 15:17:11,316:INFO:Checkpoint saved at best_0.001_0.001_256_SAGE_2_32_0.9224_epoch_70.pth
2025-02-10 15:17:25,649:INFO:Epoch 71: Train Loss: 1630.3906, Train Node Loss: 490.8525, Train Reg Loss: 11.3954, Train MAPE: 11.6565, Train R: 0.8186, Train RRSE: 0.5747, Test Loss: 1421.4733, Test Node Loss: 452.8826, Test Reg Loss: 9.6859, Test MAPE: 11.0236, Test R: 0.9243, Test RRSE: 0.5339
2025-02-10 15:17:25,678:INFO:Checkpoint saved at best_0.001_0.001_256_SAGE_2_32_0.9243_epoch_71.pth
2025-02-10 15:17:39,991:INFO:Epoch 72: Train Loss: 1560.0399, Train Node Loss: 487.5650, Train Reg Loss: 10.7247, Train MAPE: 11.7395, Train R: 0.8318, Train RRSE: 0.5575, Test Loss: 2611.4345, Test Node Loss: 399.0435, Test Reg Loss: 22.1239, Test MAPE: 11.9966, Test R: 0.9233, Test RRSE: 0.8069
2025-02-10 15:17:54,279:INFO:Epoch 73: Train Loss: 1245.1402, Train Node Loss: 486.7398, Train Reg Loss: 7.5840, Train MAPE: 11.5046, Train R: 0.8912, Train RRSE: 0.4688, Test Loss: 3645.0004, Test Node Loss: 366.7342, Test Reg Loss: 32.7827, Test MAPE: 12.9246, Test R: 0.9219, Test RRSE: 0.9822
2025-02-10 15:18:08,863:INFO:Epoch 74: Train Loss: 1665.7485, Train Node Loss: 458.4894, Train Reg Loss: 12.0726, Train MAPE: 12.1132, Train R: 0.8078, Train RRSE: 0.5915, Test Loss: 1817.7362, Test Node Loss: 410.4513, Test Reg Loss: 14.0728, Test MAPE: 11.3968, Test R: 0.9235, Test RRSE: 0.6435
2025-02-10 15:18:23,116:INFO:Epoch 75: Train Loss: 1328.1239, Train Node Loss: 423.1296, Train Reg Loss: 9.0499, Train MAPE: 11.3747, Train R: 0.8805, Train RRSE: 0.5121, Test Loss: 1690.5640, Test Node Loss: 531.4685, Test Reg Loss: 11.5910, Test MAPE: 12.8813, Test R: 0.9249, Test RRSE: 0.5840
2025-02-10 15:18:23,145:INFO:Checkpoint saved at best_0.001_0.001_256_SAGE_2_32_0.9249_epoch_75.pth
2025-02-10 15:18:37,300:INFO:Epoch 76: Train Loss: 1372.9633, Train Node Loss: 428.1003, Train Reg Loss: 9.4486, Train MAPE: 11.5519, Train R: 0.8557, Train RRSE: 0.5233, Test Loss: 1019.7100, Test Node Loss: 467.0959, Test Reg Loss: 5.5261, Test MAPE: 11.6541, Test R: 0.9244, Test RRSE: 0.4033
2025-02-10 15:18:51,632:INFO:Epoch 77: Train Loss: 1197.7747, Train Node Loss: 436.2422, Train Reg Loss: 7.6153, Train MAPE: 11.6462, Train R: 0.8861, Train RRSE: 0.4698, Test Loss: 1915.7210, Test Node Loss: 380.5960, Test Reg Loss: 15.3512, Test MAPE: 11.4923, Test R: 0.9237, Test RRSE: 0.6721
2025-02-10 15:19:05,815:INFO:Epoch 78: Train Loss: 1041.4111, Train Node Loss: 423.6189, Train Reg Loss: 6.1779, Train MAPE: 11.4843, Train R: 0.9118, Train RRSE: 0.4231, Test Loss: 1347.9289, Test Node Loss: 391.1769, Test Reg Loss: 9.5675, Test MAPE: 11.2941, Test R: 0.9231, Test RRSE: 0.5306
2025-02-10 15:19:20,187:INFO:Epoch 79: Train Loss: 1095.6902, Train Node Loss: 408.5951, Train Reg Loss: 6.8710, Train MAPE: 11.5848, Train R: 0.8986, Train RRSE: 0.4462, Test Loss: 1410.8446, Test Node Loss: 376.8639, Test Reg Loss: 10.3398, Test MAPE: 11.4225, Test R: 0.9241, Test RRSE: 0.5516
2025-02-10 15:19:34,399:INFO:Epoch 80: Train Loss: 1006.7734, Train Node Loss: 410.0962, Train Reg Loss: 5.9668, Train MAPE: 11.5342, Train R: 0.9167, Train RRSE: 0.4159, Test Loss: 2309.2843, Test Node Loss: 341.0207, Test Reg Loss: 19.6826, Test MAPE: 11.9689, Test R: 0.9243, Test RRSE: 0.7611
2025-02-10 15:19:48,711:INFO:Epoch 81: Train Loss: 1070.7756, Train Node Loss: 392.0092, Train Reg Loss: 6.7877, Train MAPE: 11.5581, Train R: 0.8989, Train RRSE: 0.4435, Test Loss: 1049.2069, Test Node Loss: 382.5630, Test Reg Loss: 6.6664, Test MAPE: 11.1922, Test R: 0.9253, Test RRSE: 0.4429
2025-02-10 15:19:48,735:INFO:Checkpoint saved at best_0.001_0.001_256_SAGE_2_32_0.9253_epoch_81.pth
2025-02-10 15:20:02,975:INFO:Epoch 82: Train Loss: 1044.1873, Train Node Loss: 384.3968, Train Reg Loss: 6.5979, Train MAPE: 11.5691, Train R: 0.9034, Train RRSE: 0.4373, Test Loss: 1352.8091, Test Node Loss: 363.0516, Test Reg Loss: 9.8976, Test MAPE: 11.6326, Test R: 0.9236, Test RRSE: 0.5397
2025-02-10 15:20:17,250:INFO:Epoch 83: Train Loss: 1073.9355, Train Node Loss: 365.5353, Train Reg Loss: 7.0840, Train MAPE: 11.4761, Train R: 0.8996, Train RRSE: 0.4531, Test Loss: 1441.7329, Test Node Loss: 434.4340, Test Reg Loss: 10.0730, Test MAPE: 12.7909, Test R: 0.9235, Test RRSE: 0.5445
2025-02-10 15:20:31,421:INFO:Epoch 84: Train Loss: 1087.2583, Train Node Loss: 360.2081, Train Reg Loss: 7.2705, Train MAPE: 11.5084, Train R: 0.8904, Train RRSE: 0.4590, Test Loss: 1015.8100, Test Node Loss: 361.3176, Test Reg Loss: 6.5449, Test MAPE: 11.3840, Test R: 0.9251, Test RRSE: 0.4389
2025-02-10 15:20:45,577:INFO:Epoch 85: Train Loss: 1052.4250, Train Node Loss: 365.2064, Train Reg Loss: 6.8722, Train MAPE: 11.7444, Train R: 0.8974, Train RRSE: 0.4463, Test Loss: 1568.3591, Test Node Loss: 330.5456, Test Reg Loss: 12.3781, Test MAPE: 11.4873, Test R: 0.9242, Test RRSE: 0.6036
2025-02-10 15:20:59,914:INFO:Epoch 86: Train Loss: 1027.6458, Train Node Loss: 364.6463, Train Reg Loss: 6.6300, Train MAPE: 11.5460, Train R: 0.9054, Train RRSE: 0.4384, Test Loss: 1443.9467, Test Node Loss: 323.5561, Test Reg Loss: 11.2039, Test MAPE: 11.5271, Test R: 0.9259, Test RRSE: 0.5742
2025-02-10 15:20:59,941:INFO:Checkpoint saved at best_0.001_0.001_256_SAGE_2_32_0.9259_epoch_86.pth
2025-02-10 15:21:14,222:INFO:Epoch 87: Train Loss: 945.6466, Train Node Loss: 341.1350, Train Reg Loss: 6.0451, Train MAPE: 11.5314, Train R: 0.9148, Train RRSE: 0.4186, Test Loss: 1253.7509, Test Node Loss: 324.6642, Test Reg Loss: 9.2909, Test MAPE: 11.2588, Test R: 0.9271, Test RRSE: 0.5229
2025-02-10 15:21:14,247:INFO:Checkpoint saved at best_0.001_0.001_256_SAGE_2_32_0.9271_epoch_87.pth
2025-02-10 15:21:28,616:INFO:Epoch 88: Train Loss: 930.7642, Train Node Loss: 329.5360, Train Reg Loss: 6.0123, Train MAPE: 11.3588, Train R: 0.9138, Train RRSE: 0.4174, Test Loss: 1051.5381, Test Node Loss: 380.5505, Test Reg Loss: 6.7099, Test MAPE: 12.2116, Test R: 0.9272, Test RRSE: 0.4444
2025-02-10 15:21:28,652:INFO:Checkpoint saved at best_0.001_0.001_256_SAGE_2_32_0.9272_epoch_88.pth
2025-02-10 15:21:43,045:INFO:Epoch 89: Train Loss: 1267.2289, Train Node Loss: 330.3681, Train Reg Loss: 9.3686, Train MAPE: 11.7434, Train R: 0.8555, Train RRSE: 0.5211, Test Loss: 1531.0624, Test Node Loss: 394.7455, Test Reg Loss: 11.3632, Test MAPE: 13.1358, Test R: 0.9284, Test RRSE: 0.5783
2025-02-10 15:21:43,088:INFO:Checkpoint saved at best_0.001_0.001_256_SAGE_2_32_0.9284_epoch_89.pth
2025-02-10 15:21:57,341:INFO:Epoch 90: Train Loss: 1154.5668, Train Node Loss: 330.8189, Train Reg Loss: 8.2375, Train MAPE: 12.0191, Train R: 0.8738, Train RRSE: 0.4886, Test Loss: 1911.4514, Test Node Loss: 279.5224, Test Reg Loss: 16.3193, Test MAPE: 11.8409, Test R: 0.9276, Test RRSE: 0.6930
2025-02-10 15:22:11,778:INFO:Epoch 91: Train Loss: 908.8215, Train Node Loss: 326.0107, Train Reg Loss: 5.8281, Train MAPE: 11.6647, Train R: 0.9190, Train RRSE: 0.4110, Test Loss: 1620.5692, Test Node Loss: 282.7939, Test Reg Loss: 13.3778, Test MAPE: 11.7277, Test R: 0.9297, Test RRSE: 0.6275
2025-02-10 15:22:11,801:INFO:Checkpoint saved at best_0.001_0.001_256_SAGE_2_32_0.9297_epoch_91.pth
2025-02-10 15:22:26,033:INFO:Epoch 92: Train Loss: 975.0060, Train Node Loss: 305.7747, Train Reg Loss: 6.6923, Train MAPE: 11.4272, Train R: 0.9054, Train RRSE: 0.4404, Test Loss: 1159.7743, Test Node Loss: 294.6309, Test Reg Loss: 8.6514, Test MAPE: 11.3578, Test R: 0.9297, Test RRSE: 0.5046
2025-02-10 15:22:26,065:INFO:Checkpoint saved at best_0.001_0.001_256_SAGE_2_32_0.9297_epoch_92.pth
2025-02-10 15:22:40,426:INFO:Epoch 93: Train Loss: 836.5406, Train Node Loss: 309.2728, Train Reg Loss: 5.2727, Train MAPE: 11.6407, Train R: 0.9246, Train RRSE: 0.3909, Test Loss: 1530.7109, Test Node Loss: 276.6504, Test Reg Loss: 12.5406, Test MAPE: 11.7650, Test R: 0.9293, Test RRSE: 0.6075
2025-02-10 15:22:54,652:INFO:Epoch 94: Train Loss: 986.5017, Train Node Loss: 309.6933, Train Reg Loss: 6.7681, Train MAPE: 11.9571, Train R: 0.8986, Train RRSE: 0.4429, Test Loss: 4388.0250, Test Node Loss: 224.5596, Test Reg Loss: 41.6347, Test MAPE: 14.0154, Test R: 0.9287, Test RRSE: 1.1069
2025-02-10 15:23:08,782:INFO:Epoch 95: Train Loss: 1013.2471, Train Node Loss: 291.2730, Train Reg Loss: 7.2197, Train MAPE: 11.7213, Train R: 0.8899, Train RRSE: 0.4574, Test Loss: 796.8728, Test Node Loss: 300.4700, Test Reg Loss: 4.9640, Test MAPE: 11.4239, Test R: 0.9313, Test RRSE: 0.3822
2025-02-10 15:23:08,806:INFO:Checkpoint saved at best_0.001_0.001_256_SAGE_2_32_0.9313_epoch_95.pth
2025-02-10 15:23:23,117:INFO:Epoch 96: Train Loss: 749.5312, Train Node Loss: 282.8854, Train Reg Loss: 4.6665, Train MAPE: 11.5136, Train R: 0.9360, Train RRSE: 0.3678, Test Loss: 1447.9495, Test Node Loss: 263.7040, Test Reg Loss: 11.8425, Test MAPE: 11.8582, Test R: 0.9310, Test RRSE: 0.5903
2025-02-10 15:23:37,429:INFO:Epoch 97: Train Loss: 841.9714, Train Node Loss: 286.5457, Train Reg Loss: 5.5543, Train MAPE: 11.6284, Train R: 0.9217, Train RRSE: 0.4012, Test Loss: 2075.2036, Test Node Loss: 240.7864, Test Reg Loss: 18.3442, Test MAPE: 12.1717, Test R: 0.9312, Test RRSE: 0.7347
2025-02-10 15:23:51,635:INFO:Epoch 98: Train Loss: 862.8965, Train Node Loss: 268.6491, Train Reg Loss: 5.9425, Train MAPE: 11.7665, Train R: 0.9134, Train RRSE: 0.4150, Test Loss: 750.7310, Test Node Loss: 279.6162, Test Reg Loss: 4.7111, Test MAPE: 11.7275, Test R: 0.9307, Test RRSE: 0.3724
2025-02-10 15:24:06,269:INFO:Epoch 99: Train Loss: 779.5818, Train Node Loss: 267.6708, Train Reg Loss: 5.1191, Train MAPE: 11.5774, Train R: 0.9267, Train RRSE: 0.3852, Test Loss: 1338.8350, Test Node Loss: 251.1343, Test Reg Loss: 10.8770, Test MAPE: 11.8463, Test R: 0.9319, Test RRSE: 0.5658
2025-02-10 15:24:06,302:INFO:Checkpoint saved at best_0.001_0.001_256_SAGE_2_32_0.9319_epoch_99.pth
2025-02-10 15:24:20,792:INFO:Epoch 100: Train Loss: 755.3386, Train Node Loss: 264.3020, Train Reg Loss: 4.9104, Train MAPE: 11.6201, Train R: 0.9305, Train RRSE: 0.3772, Test Loss: 1323.7230, Test Node Loss: 248.3871, Test Reg Loss: 10.7534, Test MAPE: 11.8648, Test R: 0.9328, Test RRSE: 0.5625
2025-02-10 15:24:20,820:INFO:Checkpoint saved at best_0.001_0.001_256_SAGE_2_32_0.9328_epoch_100.pth
2025-02-10 15:24:35,298:INFO:Epoch 101: Train Loss: 837.3350, Train Node Loss: 261.8880, Train Reg Loss: 5.7545, Train MAPE: 11.8209, Train R: 0.9146, Train RRSE: 0.4084, Test Loss: 1088.3335, Test Node Loss: 242.2366, Test Reg Loss: 8.4610, Test MAPE: 11.7897, Test R: 0.9319, Test RRSE: 0.4990
2025-02-10 15:24:49,838:INFO:Epoch 102: Train Loss: 765.6962, Train Node Loss: 249.9743, Train Reg Loss: 5.1572, Train MAPE: 11.6738, Train R: 0.9255, Train RRSE: 0.3866, Test Loss: 1211.1048, Test Node Loss: 240.2050, Test Reg Loss: 9.7090, Test MAPE: 11.8277, Test R: 0.9349, Test RRSE: 0.5345
2025-02-10 15:24:49,867:INFO:Checkpoint saved at best_0.001_0.001_256_SAGE_2_32_0.9349_epoch_102.pth
2025-02-10 15:25:04,460:INFO:Epoch 103: Train Loss: 791.0722, Train Node Loss: 247.7736, Train Reg Loss: 5.4330, Train MAPE: 11.5900, Train R: 0.9229, Train RRSE: 0.3968, Test Loss: 1449.1391, Test Node Loss: 231.4639, Test Reg Loss: 12.1768, Test MAPE: 12.2179, Test R: 0.9336, Test RRSE: 0.5986
2025-02-10 15:25:18,933:INFO:Epoch 104: Train Loss: 776.6228, Train Node Loss: 251.7645, Train Reg Loss: 5.2486, Train MAPE: 11.7240, Train R: 0.9266, Train RRSE: 0.3900, Test Loss: 3216.1531, Test Node Loss: 190.3700, Test Reg Loss: 30.2578, Test MAPE: 13.2554, Test R: 0.9330, Test RRSE: 0.9436
2025-02-10 15:25:33,338:INFO:Epoch 105: Train Loss: 1125.1411, Train Node Loss: 238.6252, Train Reg Loss: 8.8652, Train MAPE: 11.9275, Train R: 0.8621, Train RRSE: 0.5069, Test Loss: 1644.0211, Test Node Loss: 211.6696, Test Reg Loss: 14.3235, Test MAPE: 11.9354, Test R: 0.9349, Test RRSE: 0.6493
2025-02-10 15:25:47,827:INFO:Epoch 106: Train Loss: 774.1679, Train Node Loss: 232.9579, Train Reg Loss: 5.4121, Train MAPE: 11.5939, Train R: 0.9225, Train RRSE: 0.3961, Test Loss: 978.0597, Test Node Loss: 227.5538, Test Reg Loss: 7.5051, Test MAPE: 11.6963, Test R: 0.9342, Test RRSE: 0.4700
2025-02-10 15:26:02,108:INFO:Epoch 107: Train Loss: 718.8540, Train Node Loss: 233.8531, Train Reg Loss: 4.8500, Train MAPE: 11.7277, Train R: 0.9303, Train RRSE: 0.3749, Test Loss: 1269.2408, Test Node Loss: 213.4123, Test Reg Loss: 10.5583, Test MAPE: 11.9598, Test R: 0.9344, Test RRSE: 0.5574
2025-02-10 15:26:16,717:INFO:Epoch 108: Train Loss: 720.8083, Train Node Loss: 222.0131, Train Reg Loss: 4.9880, Train MAPE: 11.6686, Train R: 0.9284, Train RRSE: 0.3802, Test Loss: 718.9234, Test Node Loss: 230.7216, Test Reg Loss: 4.8820, Test MAPE: 11.9373, Test R: 0.9350, Test RRSE: 0.3790
2025-02-10 15:26:16,742:INFO:Checkpoint saved at best_0.001_0.001_256_SAGE_2_32_0.9350_epoch_108.pth
2025-02-10 15:26:31,111:INFO:Epoch 109: Train Loss: 728.8304, Train Node Loss: 223.4366, Train Reg Loss: 5.0539, Train MAPE: 11.7933, Train R: 0.9248, Train RRSE: 0.3827, Test Loss: 2827.2199, Test Node Loss: 182.5669, Test Reg Loss: 26.4465, Test MAPE: 13.2159, Test R: 0.9362, Test RRSE: 0.8822
2025-02-10 15:26:31,141:INFO:Checkpoint saved at best_0.001_0.001_256_SAGE_2_32_0.9362_epoch_109.pth
2025-02-10 15:26:45,626:INFO:Epoch 110: Train Loss: 861.1352, Train Node Loss: 218.9427, Train Reg Loss: 6.4219, Train MAPE: 11.9313, Train R: 0.9023, Train RRSE: 0.4314, Test Loss: 1337.0719, Test Node Loss: 194.9354, Test Reg Loss: 11.4214, Test MAPE: 12.0265, Test R: 0.9365, Test RRSE: 0.5798
2025-02-10 15:26:45,644:INFO:Checkpoint saved at best_0.001_0.001_256_SAGE_2_32_0.9365_epoch_110.pth
2025-02-10 15:27:00,173:INFO:Epoch 111: Train Loss: 788.5307, Train Node Loss: 213.1176, Train Reg Loss: 5.7541, Train MAPE: 11.6405, Train R: 0.9168, Train RRSE: 0.4084, Test Loss: 1614.7645, Test Node Loss: 189.1274, Test Reg Loss: 14.2564, Test MAPE: 11.9296, Test R: 0.9381, Test RRSE: 0.6477
2025-02-10 15:27:00,191:INFO:Checkpoint saved at best_0.001_0.001_256_SAGE_2_32_0.9381_epoch_111.pth
2025-02-10 15:27:14,511:INFO:Epoch 112: Train Loss: 730.6150, Train Node Loss: 211.8043, Train Reg Loss: 5.1881, Train MAPE: 11.7081, Train R: 0.9244, Train RRSE: 0.3878, Test Loss: 1705.6268, Test Node Loss: 194.2277, Test Reg Loss: 15.1140, Test MAPE: 12.4071, Test R: 0.9374, Test RRSE: 0.6669
2025-02-10 15:27:28,753:INFO:Epoch 113: Train Loss: 701.8112, Train Node Loss: 207.9665, Train Reg Loss: 4.9384, Train MAPE: 11.8610, Train R: 0.9277, Train RRSE: 0.3783, Test Loss: 858.9846, Test Node Loss: 198.7300, Test Reg Loss: 6.6025, Test MAPE: 11.6477, Test R: 0.9377, Test RRSE: 0.4408
2025-02-10 15:27:43,073:INFO:Epoch 114: Train Loss: 678.8278, Train Node Loss: 201.3266, Train Reg Loss: 4.7750, Train MAPE: 11.7521, Train R: 0.9304, Train RRSE: 0.3720, Test Loss: 1247.3557, Test Node Loss: 186.1103, Test Reg Loss: 10.6125, Test MAPE: 12.0242, Test R: 0.9384, Test RRSE: 0.5589
2025-02-10 15:27:43,096:INFO:Checkpoint saved at best_0.001_0.001_256_SAGE_2_32_0.9384_epoch_114.pth
2025-02-10 15:27:57,395:INFO:Epoch 115: Train Loss: 729.6955, Train Node Loss: 194.7944, Train Reg Loss: 5.3490, Train MAPE: 11.8081, Train R: 0.9219, Train RRSE: 0.3937, Test Loss: 748.7756, Test Node Loss: 202.4844, Test Reg Loss: 5.4629, Test MAPE: 11.8202, Test R: 0.9387, Test RRSE: 0.4010
2025-02-10 15:27:57,435:INFO:Checkpoint saved at best_0.001_0.001_256_SAGE_2_32_0.9387_epoch_115.pth
2025-02-10 15:28:12,077:INFO:Epoch 116: Train Loss: 625.6726, Train Node Loss: 198.9286, Train Reg Loss: 4.2674, Train MAPE: 11.8384, Train R: 0.9379, Train RRSE: 0.3517, Test Loss: 1915.4707, Test Node Loss: 170.7280, Test Reg Loss: 17.4474, Test MAPE: 12.4393, Test R: 0.9394, Test RRSE: 0.7166
2025-02-10 15:28:12,119:INFO:Checkpoint saved at best_0.001_0.001_256_SAGE_2_32_0.9394_epoch_116.pth
2025-02-10 15:28:26,599:INFO:Epoch 117: Train Loss: 662.7700, Train Node Loss: 189.5898, Train Reg Loss: 4.7318, Train MAPE: 11.8326, Train R: 0.9307, Train RRSE: 0.3703, Test Loss: 1131.3098, Test Node Loss: 177.3563, Test Reg Loss: 9.5395, Test MAPE: 11.8651, Test R: 0.9385, Test RRSE: 0.5298
2025-02-10 15:28:41,136:INFO:Epoch 118: Train Loss: 689.0655, Train Node Loss: 184.6639, Train Reg Loss: 5.0440, Train MAPE: 11.5845, Train R: 0.9266, Train RRSE: 0.3823, Test Loss: 643.5751, Test Node Loss: 208.8274, Test Reg Loss: 4.3475, Test MAPE: 12.1293, Test R: 0.9390, Test RRSE: 0.3577
2025-02-10 15:28:55,510:INFO:Epoch 119: Train Loss: 650.8909, Train Node Loss: 184.5668, Train Reg Loss: 4.6632, Train MAPE: 11.8035, Train R: 0.9314, Train RRSE: 0.3676, Test Loss: 968.7489, Test Node Loss: 174.7234, Test Reg Loss: 7.9403, Test MAPE: 12.1358, Test R: 0.9394, Test RRSE: 0.4834
2025-02-10 15:29:09,959:INFO:Epoch 120: Train Loss: 603.9303, Train Node Loss: 179.4406, Train Reg Loss: 4.2449, Train MAPE: 11.7599, Train R: 0.9394, Train RRSE: 0.3508, Test Loss: 1260.4275, Test Node Loss: 169.1145, Test Reg Loss: 10.9131, Test MAPE: 12.0988, Test R: 0.9393, Test RRSE: 0.5667
2025-02-10 15:29:24,128:INFO:Epoch 121: Train Loss: 784.7940, Train Node Loss: 177.1862, Train Reg Loss: 6.0761, Train MAPE: 11.8783, Train R: 0.9083, Train RRSE: 0.4196, Test Loss: 607.1076, Test Node Loss: 185.5146, Test Reg Loss: 4.2159, Test MAPE: 12.0766, Test R: 0.9393, Test RRSE: 0.3522
2025-02-10 15:29:38,506:INFO:Epoch 122: Train Loss: 599.6310, Train Node Loss: 175.3254, Train Reg Loss: 4.2431, Train MAPE: 11.7688, Train R: 0.9380, Train RRSE: 0.3507, Test Loss: 1052.3845, Test Node Loss: 164.4531, Test Reg Loss: 8.8793, Test MAPE: 12.0630, Test R: 0.9411, Test RRSE: 0.5112
2025-02-10 15:29:38,531:INFO:Checkpoint saved at best_0.001_0.001_256_SAGE_2_32_0.9411_epoch_122.pth
2025-02-10 15:29:53,028:INFO:Epoch 123: Train Loss: 727.3074, Train Node Loss: 166.7876, Train Reg Loss: 5.6052, Train MAPE: 11.6460, Train R: 0.9186, Train RRSE: 0.4031, Test Loss: 725.2087, Test Node Loss: 195.9493, Test Reg Loss: 5.2926, Test MAPE: 12.4900, Test R: 0.9396, Test RRSE: 0.3947
2025-02-10 15:30:07,428:INFO:Epoch 124: Train Loss: 657.7969, Train Node Loss: 166.0251, Train Reg Loss: 4.9177, Train MAPE: 11.7141, Train R: 0.9286, Train RRSE: 0.3775, Test Loss: 595.0643, Test Node Loss: 185.0893, Test Reg Loss: 4.0998, Test MAPE: 12.3026, Test R: 0.9390, Test RRSE: 0.3474
2025-02-10 15:30:21,936:INFO:Epoch 125: Train Loss: 683.5903, Train Node Loss: 167.0465, Train Reg Loss: 5.1654, Train MAPE: 11.8800, Train R: 0.9229, Train RRSE: 0.3869, Test Loss: 1163.2608, Test Node Loss: 150.6357, Test Reg Loss: 10.1263, Test MAPE: 12.0299, Test R: 0.9404, Test RRSE: 0.5459
2025-02-10 15:30:36,056:INFO:Epoch 126: Train Loss: 625.3547, Train Node Loss: 163.6840, Train Reg Loss: 4.6167, Train MAPE: 11.8968, Train R: 0.9325, Train RRSE: 0.3658, Test Loss: 1921.1399, Test Node Loss: 141.8350, Test Reg Loss: 17.7930, Test MAPE: 12.6982, Test R: 0.9409, Test RRSE: 0.7236
2025-02-10 15:30:50,524:INFO:Epoch 127: Train Loss: 642.5716, Train Node Loss: 153.1411, Train Reg Loss: 4.8943, Train MAPE: 11.5906, Train R: 0.9302, Train RRSE: 0.3766, Test Loss: 800.2597, Test Node Loss: 178.2215, Test Reg Loss: 6.2204, Test MAPE: 12.3861, Test R: 0.9382, Test RRSE: 0.4279
2025-02-10 15:31:04,999:INFO:Epoch 128: Train Loss: 656.5812, Train Node Loss: 154.5901, Train Reg Loss: 5.0199, Train MAPE: 11.8646, Train R: 0.9257, Train RRSE: 0.3814, Test Loss: 1159.8531, Test Node Loss: 149.2324, Test Reg Loss: 10.1062, Test MAPE: 11.9821, Test R: 0.9420, Test RRSE: 0.5454
2025-02-10 15:31:05,031:INFO:Checkpoint saved at best_0.001_0.001_256_SAGE_2_32_0.9420_epoch_128.pth
2025-02-10 15:31:19,378:INFO:Epoch 129: Train Loss: 539.5864, Train Node Loss: 153.6275, Train Reg Loss: 3.8596, Train MAPE: 11.8415, Train R: 0.9444, Train RRSE: 0.3345, Test Loss: 1544.5837, Test Node Loss: 139.1413, Test Reg Loss: 14.0544, Test MAPE: 12.4960, Test R: 0.9419, Test RRSE: 0.6431
2025-02-10 15:31:33,699:INFO:Epoch 130: Train Loss: 638.3709, Train Node Loss: 152.0183, Train Reg Loss: 4.8635, Train MAPE: 11.8320, Train R: 0.9287, Train RRSE: 0.3754, Test Loss: 1358.2072, Test Node Loss: 132.2748, Test Reg Loss: 12.2593, Test MAPE: 12.1767, Test R: 0.9421, Test RRSE: 0.6007
2025-02-10 15:31:33,716:INFO:Checkpoint saved at best_0.001_0.001_256_SAGE_2_32_0.9421_epoch_130.pth
2025-02-10 15:31:48,122:INFO:Epoch 131: Train Loss: 653.2860, Train Node Loss: 146.7776, Train Reg Loss: 5.0651, Train MAPE: 11.9313, Train R: 0.9249, Train RRSE: 0.3831, Test Loss: 2341.8809, Test Node Loss: 123.8126, Test Reg Loss: 22.1807, Test MAPE: 13.0318, Test R: 0.9440, Test RRSE: 0.8079
2025-02-10 15:31:48,147:INFO:Checkpoint saved at best_0.001_0.001_256_SAGE_2_32_0.9440_epoch_131.pth
2025-02-10 15:32:02,702:INFO:Epoch 132: Train Loss: 818.3736, Train Node Loss: 144.5509, Train Reg Loss: 6.7382, Train MAPE: 11.9904, Train R: 0.8971, Train RRSE: 0.4419, Test Loss: 1739.3811, Test Node Loss: 126.0823, Test Reg Loss: 16.1330, Test MAPE: 12.4759, Test R: 0.9431, Test RRSE: 0.6890
2025-02-10 15:32:17,106:INFO:Epoch 133: Train Loss: 963.2090, Train Node Loss: 135.1818, Train Reg Loss: 8.2803, Train MAPE: 12.1232, Train R: 0.8783, Train RRSE: 0.4899, Test Loss: 1383.9122, Test Node Loss: 170.5178, Test Reg Loss: 12.1339, Test MAPE: 13.6342, Test R: 0.9388, Test RRSE: 0.5976
2025-02-10 15:32:31,492:INFO:Epoch 134: Train Loss: 659.3558, Train Node Loss: 131.0103, Train Reg Loss: 5.2835, Train MAPE: 11.6736, Train R: 0.9264, Train RRSE: 0.3913, Test Loss: 648.2910, Test Node Loss: 142.3480, Test Reg Loss: 5.0594, Test MAPE: 11.5890, Test R: 0.9427, Test RRSE: 0.3859
2025-02-10 15:32:45,768:INFO:Epoch 135: Train Loss: 603.3151, Train Node Loss: 137.7588, Train Reg Loss: 4.6556, Train MAPE: 11.8295, Train R: 0.9314, Train RRSE: 0.3673, Test Loss: 2779.9342, Test Node Loss: 110.7411, Test Reg Loss: 26.6919, Test MAPE: 13.2832, Test R: 0.9437, Test RRSE: 0.8863
2025-02-10 15:33:00,293:INFO:Epoch 136: Train Loss: 562.2929, Train Node Loss: 132.6680, Train Reg Loss: 4.2962, Train MAPE: 11.9281, Train R: 0.9376, Train RRSE: 0.3529, Test Loss: 865.3076, Test Node Loss: 124.9704, Test Reg Loss: 7.4034, Test MAPE: 11.8742, Test R: 0.9426, Test RRSE: 0.4668
2025-02-10 15:33:14,741:INFO:Epoch 137: Train Loss: 746.2788, Train Node Loss: 125.3006, Train Reg Loss: 6.2098, Train MAPE: 11.6566, Train R: 0.9088, Train RRSE: 0.4242, Test Loss: 1153.6205, Test Node Loss: 117.6904, Test Reg Loss: 10.3593, Test MAPE: 12.0114, Test R: 0.9431, Test RRSE: 0.5521
2025-02-10 15:33:29,281:INFO:Epoch 138: Train Loss: 596.7470, Train Node Loss: 129.9151, Train Reg Loss: 4.6683, Train MAPE: 12.0547, Train R: 0.9333, Train RRSE: 0.3678, Test Loss: 3463.1997, Test Node Loss: 96.8431, Test Reg Loss: 33.6636, Test MAPE: 13.8258, Test R: 0.9431, Test RRSE: 0.9953
2025-02-10 15:33:43,922:INFO:Epoch 139: Train Loss: 619.6154, Train Node Loss: 119.9768, Train Reg Loss: 4.9964, Train MAPE: 11.9639, Train R: 0.9267, Train RRSE: 0.3805, Test Loss: 521.9400, Test Node Loss: 134.6945, Test Reg Loss: 3.8725, Test MAPE: 12.3932, Test R: 0.9418, Test RRSE: 0.3376
2025-02-10 15:33:58,357:INFO:Epoch 140: Train Loss: 640.4047, Train Node Loss: 116.5687, Train Reg Loss: 5.2384, Train MAPE: 11.8706, Train R: 0.9262, Train RRSE: 0.3896, Test Loss: 533.4797, Test Node Loss: 138.1423, Test Reg Loss: 3.9534, Test MAPE: 12.5852, Test R: 0.9420, Test RRSE: 0.3411
2025-02-10 15:34:12,611:INFO:Epoch 141: Train Loss: 824.9823, Train Node Loss: 121.1632, Train Reg Loss: 7.0382, Train MAPE: 12.0001, Train R: 0.8936, Train RRSE: 0.4516, Test Loss: 860.3068, Test Node Loss: 113.0924, Test Reg Loss: 7.4721, Test MAPE: 11.7732, Test R: 0.9437, Test RRSE: 0.4689
2025-02-10 15:34:27,011:INFO:Epoch 142: Train Loss: 672.7728, Train Node Loss: 119.1788, Train Reg Loss: 5.5359, Train MAPE: 12.0725, Train R: 0.9196, Train RRSE: 0.4006, Test Loss: 3499.0665, Test Node Loss: 91.3255, Test Reg Loss: 34.0774, Test MAPE: 13.8998, Test R: 0.9442, Test RRSE: 1.0014
2025-02-10 15:34:27,051:INFO:Checkpoint saved at best_0.001_0.001_256_SAGE_2_32_0.9442_epoch_142.pth
2025-02-10 15:34:41,301:INFO:Epoch 143: Train Loss: 565.3853, Train Node Loss: 113.2997, Train Reg Loss: 4.5209, Train MAPE: 11.9833, Train R: 0.9330, Train RRSE: 0.3620, Test Loss: 1600.8172, Test Node Loss: 99.2027, Test Reg Loss: 15.0161, Test MAPE: 12.4502, Test R: 0.9439, Test RRSE: 0.6648
2025-02-10 15:34:55,683:INFO:Epoch 144: Train Loss: 620.5219, Train Node Loss: 105.3424, Train Reg Loss: 5.1518, Train MAPE: 11.7909, Train R: 0.9248, Train RRSE: 0.3864, Test Loss: 507.0447, Test Node Loss: 119.1178, Test Reg Loss: 3.8793, Test MAPE: 12.2567, Test R: 0.9419, Test RRSE: 0.3379
2025-02-10 15:35:09,981:INFO:Epoch 145: Train Loss: 593.5077, Train Node Loss: 106.5612, Train Reg Loss: 4.8695, Train MAPE: 11.7262, Train R: 0.9279, Train RRSE: 0.3757, Test Loss: 1169.4050, Test Node Loss: 103.0487, Test Reg Loss: 10.6636, Test MAPE: 12.4382, Test R: 0.9443, Test RRSE: 0.5602
2025-02-10 15:35:10,036:INFO:Checkpoint saved at best_0.001_0.001_256_SAGE_2_32_0.9443_epoch_145.pth
2025-02-10 15:35:24,301:INFO:Epoch 146: Train Loss: 604.0199, Train Node Loss: 108.5470, Train Reg Loss: 4.9547, Train MAPE: 11.8241, Train R: 0.9287, Train RRSE: 0.3789, Test Loss: 1047.3482, Test Node Loss: 96.3601, Test Reg Loss: 9.5099, Test MAPE: 12.1931, Test R: 0.9440, Test RRSE: 0.5290
2025-02-10 15:35:38,496:INFO:Epoch 147: Train Loss: 578.4780, Train Node Loss: 102.3960, Train Reg Loss: 4.7608, Train MAPE: 11.8871, Train R: 0.9298, Train RRSE: 0.3715, Test Loss: 1910.5612, Test Node Loss: 91.3053, Test Reg Loss: 18.1926, Test MAPE: 13.1341, Test R: 0.9425, Test RRSE: 0.7317
2025-02-10 15:35:52,832:INFO:Epoch 148: Train Loss: 704.0609, Train Node Loss: 99.1248, Train Reg Loss: 6.0494, Train MAPE: 11.6520, Train R: 0.9100, Train RRSE: 0.4187, Test Loss: 824.9277, Test Node Loss: 126.3247, Test Reg Loss: 6.9860, Test MAPE: 13.1113, Test R: 0.9414, Test RRSE: 0.4534
2025-02-10 15:36:07,060:INFO:Epoch 149: Train Loss: 872.8734, Train Node Loss: 97.8484, Train Reg Loss: 7.7502, Train MAPE: 12.0550, Train R: 0.8817, Train RRSE: 0.4739, Test Loss: 797.5444, Test Node Loss: 117.4599, Test Reg Loss: 6.8008, Test MAPE: 12.8337, Test R: 0.9427, Test RRSE: 0.4474
2025-02-10 15:36:21,383:INFO:Epoch 150: Train Loss: 571.8092, Train Node Loss: 96.1791, Train Reg Loss: 4.7563, Train MAPE: 11.9061, Train R: 0.9302, Train RRSE: 0.3713, Test Loss: 1131.3758, Test Node Loss: 88.2919, Test Reg Loss: 10.4308, Test MAPE: 12.1855, Test R: 0.9445, Test RRSE: 0.5540
2025-02-10 15:36:21,421:INFO:Checkpoint saved at best_0.001_0.001_256_SAGE_2_32_0.9445_epoch_150.pth
2025-02-10 15:36:35,734:INFO:Epoch 151: Train Loss: 546.4147, Train Node Loss: 95.4180, Train Reg Loss: 4.5100, Train MAPE: 11.8050, Train R: 0.9346, Train RRSE: 0.3615, Test Loss: 1800.4325, Test Node Loss: 84.3788, Test Reg Loss: 17.1605, Test MAPE: 12.8646, Test R: 0.9447, Test RRSE: 0.7106
2025-02-10 15:36:35,759:INFO:Checkpoint saved at best_0.001_0.001_256_SAGE_2_32_0.9447_epoch_151.pth
2025-02-10 15:36:50,042:INFO:Epoch 152: Train Loss: 505.3158, Train Node Loss: 90.2132, Train Reg Loss: 4.1510, Train MAPE: 12.0132, Train R: 0.9393, Train RRSE: 0.3469, Test Loss: 873.4606, Test Node Loss: 89.0956, Test Reg Loss: 7.8437, Test MAPE: 12.2458, Test R: 0.9446, Test RRSE: 0.4804
2025-02-10 15:37:04,278:INFO:Epoch 153: Train Loss: 619.6043, Train Node Loss: 90.1771, Train Reg Loss: 5.2943, Train MAPE: 11.9005, Train R: 0.9214, Train RRSE: 0.3917, Test Loss: 1618.1209, Test Node Loss: 80.5509, Test Reg Loss: 15.3757, Test MAPE: 12.8745, Test R: 0.9451, Test RRSE: 0.6727
2025-02-10 15:37:04,313:INFO:Checkpoint saved at best_0.001_0.001_256_SAGE_2_32_0.9451_epoch_153.pth
2025-02-10 15:37:18,660:INFO:Epoch 154: Train Loss: 727.7036, Train Node Loss: 84.5981, Train Reg Loss: 6.4311, Train MAPE: 12.0110, Train R: 0.9050, Train RRSE: 0.4317, Test Loss: 476.5463, Test Node Loss: 96.2197, Test Reg Loss: 3.8033, Test MAPE: 12.1681, Test R: 0.9431, Test RRSE: 0.3346
2025-02-10 15:37:32,842:INFO:Epoch 155: Train Loss: 537.7206, Train Node Loss: 82.8705, Train Reg Loss: 4.5485, Train MAPE: 11.7756, Train R: 0.9347, Train RRSE: 0.3631, Test Loss: 652.0925, Test Node Loss: 85.7661, Test Reg Loss: 5.6633, Test MAPE: 12.0983, Test R: 0.9443, Test RRSE: 0.4082
2025-02-10 15:37:47,222:INFO:Epoch 156: Train Loss: 595.4269, Train Node Loss: 84.2204, Train Reg Loss: 5.1121, Train MAPE: 11.8221, Train R: 0.9245, Train RRSE: 0.3849, Test Loss: 1281.0382, Test Node Loss: 79.1575, Test Reg Loss: 12.0188, Test MAPE: 12.4848, Test R: 0.9448, Test RRSE: 0.5947
2025-02-10 15:38:01,530:INFO:Epoch 157: Train Loss: 579.2975, Train Node Loss: 87.1728, Train Reg Loss: 4.9212, Train MAPE: 12.0791, Train R: 0.9300, Train RRSE: 0.3777, Test Loss: 3106.7216, Test Node Loss: 63.6993, Test Reg Loss: 30.4302, Test MAPE: 13.8385, Test R: 0.9460, Test RRSE: 0.9463
2025-02-10 15:38:01,556:INFO:Checkpoint saved at best_0.001_0.001_256_SAGE_2_32_0.9460_epoch_157.pth
2025-02-10 15:38:15,698:INFO:Epoch 158: Train Loss: 680.0429, Train Node Loss: 79.8081, Train Reg Loss: 6.0023, Train MAPE: 11.7993, Train R: 0.9092, Train RRSE: 0.4171, Test Loss: 528.2111, Test Node Loss: 81.2507, Test Reg Loss: 4.4696, Test MAPE: 12.1095, Test R: 0.9443, Test RRSE: 0.3627
2025-02-10 15:38:29,984:INFO:Epoch 159: Train Loss: 554.9336, Train Node Loss: 72.8519, Train Reg Loss: 4.8208, Train MAPE: 11.5985, Train R: 0.9372, Train RRSE: 0.3738, Test Loss: 738.8068, Test Node Loss: 95.9161, Test Reg Loss: 6.4289, Test MAPE: 12.9807, Test R: 0.9432, Test RRSE: 0.4350
2025-02-10 15:38:44,191:INFO:Epoch 160: Train Loss: 638.4780, Train Node Loss: 78.9628, Train Reg Loss: 5.5952, Train MAPE: 12.1403, Train R: 0.9167, Train RRSE: 0.4027, Test Loss: 1808.1794, Test Node Loss: 66.7684, Test Reg Loss: 17.4141, Test MAPE: 12.8016, Test R: 0.9456, Test RRSE: 0.7159
2025-02-10 15:38:58,437:INFO:Epoch 161: Train Loss: 551.0290, Train Node Loss: 73.0739, Train Reg Loss: 4.7796, Train MAPE: 11.8039, Train R: 0.9301, Train RRSE: 0.3722, Test Loss: 554.4366, Test Node Loss: 76.4192, Test Reg Loss: 4.7802, Test MAPE: 12.0632, Test R: 0.9435, Test RRSE: 0.3751
2025-02-10 15:39:12,574:INFO:Epoch 162: Train Loss: 592.3938, Train Node Loss: 77.0679, Train Reg Loss: 5.1533, Train MAPE: 12.0859, Train R: 0.9272, Train RRSE: 0.3865, Test Loss: 5345.6953, Test Node Loss: 50.9352, Test Reg Loss: 52.9476, Test MAPE: 15.5204, Test R: 0.9453, Test RRSE: 1.2483
2025-02-10 15:39:26,957:INFO:Epoch 163: Train Loss: 556.5589, Train Node Loss: 68.3678, Train Reg Loss: 4.8819, Train MAPE: 11.7488, Train R: 0.9298, Train RRSE: 0.3762, Test Loss: 713.5789, Test Node Loss: 88.7840, Test Reg Loss: 6.2479, Test MAPE: 12.9565, Test R: 0.9429, Test RRSE: 0.4288
2025-02-10 15:39:41,189:INFO:Epoch 164: Train Loss: 686.3456, Train Node Loss: 68.6825, Train Reg Loss: 6.1766, Train MAPE: 11.9314, Train R: 0.9068, Train RRSE: 0.4231, Test Loss: 796.4514, Test Node Loss: 70.8913, Test Reg Loss: 7.2556, Test MAPE: 12.2488, Test R: 0.9443, Test RRSE: 0.4621
2025-02-10 15:39:55,558:INFO:Epoch 165: Train Loss: 585.1074, Train Node Loss: 72.6842, Train Reg Loss: 5.1242, Train MAPE: 12.2199, Train R: 0.9291, Train RRSE: 0.3854, Test Loss: 2988.1927, Test Node Loss: 52.2793, Test Reg Loss: 29.3591, Test MAPE: 13.5348, Test R: 0.9460, Test RRSE: 0.9295
2025-02-10 15:40:09,736:INFO:Epoch 166: Train Loss: 649.9777, Train Node Loss: 65.1114, Train Reg Loss: 5.8487, Train MAPE: 11.9464, Train R: 0.9117, Train RRSE: 0.4117, Test Loss: 579.8689, Test Node Loss: 69.2721, Test Reg Loss: 5.1060, Test MAPE: 11.7506, Test R: 0.9455, Test RRSE: 0.3876
2025-02-10 15:40:23,830:INFO:Epoch 167: Train Loss: 538.2450, Train Node Loss: 61.9406, Train Reg Loss: 4.7630, Train MAPE: 11.6188, Train R: 0.9333, Train RRSE: 0.3715, Test Loss: 647.0865, Test Node Loss: 66.7427, Test Reg Loss: 5.8034, Test MAPE: 12.2008, Test R: 0.9455, Test RRSE: 0.4133
2025-02-10 15:40:38,126:INFO:Epoch 168: Train Loss: 462.2832, Train Node Loss: 64.6203, Train Reg Loss: 3.9766, Train MAPE: 12.0219, Train R: 0.9430, Train RRSE: 0.3395, Test Loss: 1818.2729, Test Node Loss: 54.5253, Test Reg Loss: 17.6375, Test MAPE: 12.8443, Test R: 0.9463, Test RRSE: 0.7205
2025-02-10 15:40:38,155:INFO:Checkpoint saved at best_0.001_0.001_256_SAGE_2_32_0.9463_epoch_168.pth
2025-02-10 15:40:52,268:INFO:Epoch 169: Train Loss: 440.1201, Train Node Loss: 58.9569, Train Reg Loss: 3.8116, Train MAPE: 11.9021, Train R: 0.9450, Train RRSE: 0.3324, Test Loss: 510.4584, Test Node Loss: 64.2470, Test Reg Loss: 4.4621, Test MAPE: 12.2835, Test R: 0.9443, Test RRSE: 0.3624
2025-02-10 15:41:06,470:INFO:Epoch 170: Train Loss: 569.8346, Train Node Loss: 57.4994, Train Reg Loss: 5.1234, Train MAPE: 11.8042, Train R: 0.9243, Train RRSE: 0.3853, Test Loss: 838.7565, Test Node Loss: 59.3479, Test Reg Loss: 7.7941, Test MAPE: 12.5815, Test R: 0.9451, Test RRSE: 0.4789
2025-02-10 15:41:20,684:INFO:Epoch 171: Train Loss: 453.8273, Train Node Loss: 61.5192, Train Reg Loss: 3.9231, Train MAPE: 12.2102, Train R: 0.9440, Train RRSE: 0.3372, Test Loss: 3198.0474, Test Node Loss: 47.2440, Test Reg Loss: 31.5080, Test MAPE: 14.0615, Test R: 0.9469, Test RRSE: 0.9629
2025-02-10 15:41:20,709:INFO:Checkpoint saved at best_0.001_0.001_256_SAGE_2_32_0.9469_epoch_171.pth
2025-02-10 15:41:34,811:INFO:Epoch 172: Train Loss: 564.0249, Train Node Loss: 59.6660, Train Reg Loss: 5.0436, Train MAPE: 12.1016, Train R: 0.9249, Train RRSE: 0.3823, Test Loss: 1693.6753, Test Node Loss: 51.5959, Test Reg Loss: 16.4208, Test MAPE: 12.8525, Test R: 0.9465, Test RRSE: 0.6952
2025-02-10 15:41:48,924:INFO:Epoch 173: Train Loss: 551.8144, Train Node Loss: 51.2730, Train Reg Loss: 5.0054, Train MAPE: 11.9593, Train R: 0.9358, Train RRSE: 0.3809, Test Loss: 816.4748, Test Node Loss: 69.8262, Test Reg Loss: 7.4665, Test MAPE: 12.8660, Test R: 0.9426, Test RRSE: 0.4688
2025-02-10 15:42:03,209:INFO:Epoch 174: Train Loss: 679.3036, Train Node Loss: 52.7935, Train Reg Loss: 6.2651, Train MAPE: 11.9054, Train R: 0.9052, Train RRSE: 0.4261, Test Loss: 1045.5437, Test Node Loss: 50.6390, Test Reg Loss: 9.9490, Test MAPE: 12.1956, Test R: 0.9469, Test RRSE: 0.5411
2025-02-10 15:42:03,234:INFO:Checkpoint saved at best_0.001_0.001_256_SAGE_2_32_0.9469_epoch_174.pth
2025-02-10 15:42:17,400:INFO:Epoch 175: Train Loss: 619.0175, Train Node Loss: 55.6431, Train Reg Loss: 5.6337, Train MAPE: 12.0185, Train R: 0.9185, Train RRSE: 0.4041, Test Loss: 3810.3164, Test Node Loss: 40.7063, Test Reg Loss: 37.6961, Test MAPE: 14.3632, Test R: 0.9465, Test RRSE: 1.0533
2025-02-10 15:42:31,527:INFO:Epoch 176: Train Loss: 488.2842, Train Node Loss: 51.8637, Train Reg Loss: 4.3642, Train MAPE: 12.0519, Train R: 0.9349, Train RRSE: 0.3556, Test Loss: 1090.6079, Test Node Loss: 49.5753, Test Reg Loss: 10.4103, Test MAPE: 12.6774, Test R: 0.9460, Test RRSE: 0.5535
2025-02-10 15:42:45,887:INFO:Epoch 177: Train Loss: 406.5347, Train Node Loss: 50.4729, Train Reg Loss: 3.5606, Train MAPE: 12.1482, Train R: 0.9472, Train RRSE: 0.3212, Test Loss: 1083.2629, Test Node Loss: 49.1552, Test Reg Loss: 10.3411, Test MAPE: 12.5853, Test R: 0.9468, Test RRSE: 0.5517
2025-02-10 15:42:59,871:INFO:Epoch 178: Train Loss: 536.4856, Train Node Loss: 47.3998, Train Reg Loss: 4.8909, Train MAPE: 11.8091, Train R: 0.9293, Train RRSE: 0.3765, Test Loss: 439.0965, Test Node Loss: 56.2449, Test Reg Loss: 3.8285, Test MAPE: 12.4890, Test R: 0.9454, Test RRSE: 0.3357
2025-02-10 15:43:13,978:INFO:Epoch 179: Train Loss: 528.4608, Train Node Loss: 49.6593, Train Reg Loss: 4.7880, Train MAPE: 11.8499, Train R: 0.9292, Train RRSE: 0.3725, Test Loss: 2394.5036, Test Node Loss: 40.8637, Test Reg Loss: 23.5364, Test MAPE: 13.5908, Test R: 0.9477, Test RRSE: 0.8323
2025-02-10 15:43:14,005:INFO:Checkpoint saved at best_0.001_0.001_256_SAGE_2_32_0.9477_epoch_179.pth
2025-02-10 15:43:28,183:INFO:Epoch 180: Train Loss: 501.0144, Train Node Loss: 49.9505, Train Reg Loss: 4.5106, Train MAPE: 12.0558, Train R: 0.9348, Train RRSE: 0.3616, Test Loss: 2341.9543, Test Node Loss: 40.6034, Test Reg Loss: 23.0135, Test MAPE: 13.4209, Test R: 0.9481, Test RRSE: 0.8230
2025-02-10 15:43:28,204:INFO:Checkpoint saved at best_0.001_0.001_256_SAGE_2_32_0.9481_epoch_180.pth
2025-02-10 15:43:42,314:INFO:Epoch 181: Train Loss: 574.1797, Train Node Loss: 45.3952, Train Reg Loss: 5.2878, Train MAPE: 11.8558, Train R: 0.9216, Train RRSE: 0.3915, Test Loss: 1011.1083, Test Node Loss: 43.6787, Test Reg Loss: 9.6743, Test MAPE: 12.3534, Test R: 0.9473, Test RRSE: 0.5336
2025-02-10 15:43:56,497:INFO:Epoch 182: Train Loss: 395.5841, Train Node Loss: 43.7732, Train Reg Loss: 3.5181, Train MAPE: 11.7878, Train R: 0.9501, Train RRSE: 0.3193, Test Loss: 655.9554, Test Node Loss: 47.7835, Test Reg Loss: 6.0817, Test MAPE: 12.4334, Test R: 0.9458, Test RRSE: 0.4231
2025-02-10 15:44:10,595:INFO:Epoch 183: Train Loss: 489.9052, Train Node Loss: 44.6816, Train Reg Loss: 4.4522, Train MAPE: 12.0358, Train R: 0.9335, Train RRSE: 0.3592, Test Loss: 682.0393, Test Node Loss: 48.6714, Test Reg Loss: 6.3337, Test MAPE: 12.4813, Test R: 0.9460, Test RRSE: 0.4317
2025-02-10 15:44:24,907:INFO:Epoch 184: Train Loss: 469.5087, Train Node Loss: 45.0188, Train Reg Loss: 4.2449, Train MAPE: 12.1390, Train R: 0.9366, Train RRSE: 0.3508, Test Loss: 1139.1822, Test Node Loss: 41.8347, Test Reg Loss: 10.9735, Test MAPE: 12.5193, Test R: 0.9475, Test RRSE: 0.5683
2025-02-10 15:44:39,182:INFO:Epoch 185: Train Loss: 506.3626, Train Node Loss: 42.7392, Train Reg Loss: 4.6362, Train MAPE: 11.9703, Train R: 0.9314, Train RRSE: 0.3666, Test Loss: 932.8001, Test Node Loss: 41.1387, Test Reg Loss: 8.9166, Test MAPE: 12.4720, Test R: 0.9467, Test RRSE: 0.5123
2025-02-10 15:44:53,303:INFO:Epoch 186: Train Loss: 434.6080, Train Node Loss: 44.8953, Train Reg Loss: 3.8971, Train MAPE: 12.2150, Train R: 0.9451, Train RRSE: 0.3361, Test Loss: 3615.5409, Test Node Loss: 33.7053, Test Reg Loss: 35.8184, Test MAPE: 14.4272, Test R: 0.9479, Test RRSE: 1.0267
2025-02-10 15:45:07,354:INFO:Epoch 187: Train Loss: 534.7084, Train Node Loss: 38.8072, Train Reg Loss: 4.9590, Train MAPE: 11.9166, Train R: 0.9314, Train RRSE: 0.3791, Test Loss: 473.0898, Test Node Loss: 47.8339, Test Reg Loss: 4.2526, Test MAPE: 12.8102, Test R: 0.9440, Test RRSE: 0.3538
2025-02-10 15:45:21,481:INFO:Epoch 188: Train Loss: 539.0430, Train Node Loss: 40.4119, Train Reg Loss: 4.9863, Train MAPE: 11.8220, Train R: 0.9254, Train RRSE: 0.3802, Test Loss: 3833.9547, Test Node Loss: 30.0040, Test Reg Loss: 38.0395, Test MAPE: 14.6802, Test R: 0.9482, Test RRSE: 1.0580
2025-02-10 15:45:21,515:INFO:Checkpoint saved at best_0.001_0.001_256_SAGE_2_32_0.9482_epoch_188.pth
2025-02-10 15:45:35,662:INFO:Epoch 189: Train Loss: 515.4236, Train Node Loss: 41.1714, Train Reg Loss: 4.7425, Train MAPE: 12.2485, Train R: 0.9304, Train RRSE: 0.3707, Test Loss: 2104.3792, Test Node Loss: 34.7117, Test Reg Loss: 20.6967, Test MAPE: 13.4768, Test R: 0.9479, Test RRSE: 0.7804
2025-02-10 15:45:49,977:INFO:Epoch 190: Train Loss: 554.1693, Train Node Loss: 37.8490, Train Reg Loss: 5.1632, Train MAPE: 11.9054, Train R: 0.9231, Train RRSE: 0.3868, Test Loss: 809.8139, Test Node Loss: 38.9240, Test Reg Loss: 7.7089, Test MAPE: 12.5824, Test R: 0.9472, Test RRSE: 0.4763
2025-02-10 15:46:04,303:INFO:Epoch 191: Train Loss: 424.3972, Train Node Loss: 35.8563, Train Reg Loss: 3.8854, Train MAPE: 11.8353, Train R: 0.9438, Train RRSE: 0.3356, Test Loss: 1515.6863, Test Node Loss: 33.0415, Test Reg Loss: 14.8264, Test MAPE: 13.0601, Test R: 0.9477, Test RRSE: 0.6606
2025-02-10 15:46:18,615:INFO:Epoch 192: Train Loss: 540.4277, Train Node Loss: 39.2094, Train Reg Loss: 5.0122, Train MAPE: 12.1599, Train R: 0.9318, Train RRSE: 0.3811, Test Loss: 5870.1445, Test Node Loss: 25.4621, Test Reg Loss: 58.4468, Test MAPE: 16.1221, Test R: 0.9475, Test RRSE: 1.3115
2025-02-10 15:46:32,873:INFO:Epoch 193: Train Loss: 594.0916, Train Node Loss: 32.0881, Train Reg Loss: 5.6200, Train MAPE: 11.9429, Train R: 0.9259, Train RRSE: 0.4036, Test Loss: 719.7532, Test Node Loss: 44.3065, Test Reg Loss: 6.7545, Test MAPE: 13.2734, Test R: 0.9441, Test RRSE: 0.4458
2025-02-10 15:46:47,304:INFO:Epoch 194: Train Loss: 616.3143, Train Node Loss: 32.3665, Train Reg Loss: 5.8395, Train MAPE: 11.9667, Train R: 0.9128, Train RRSE: 0.4114, Test Loss: 989.5079, Test Node Loss: 31.8157, Test Reg Loss: 9.5769, Test MAPE: 12.5665, Test R: 0.9479, Test RRSE: 0.5309
2025-02-10 15:47:01,630:INFO:Epoch 195: Train Loss: 437.0931, Train Node Loss: 34.6243, Train Reg Loss: 4.0247, Train MAPE: 12.1131, Train R: 0.9448, Train RRSE: 0.3415, Test Loss: 2892.4384, Test Node Loss: 27.3196, Test Reg Loss: 28.6512, Test MAPE: 13.8431, Test R: 0.9494, Test RRSE: 0.9182
2025-02-10 15:47:01,651:INFO:Checkpoint saved at best_0.001_0.001_256_SAGE_2_32_0.9494_epoch_195.pth
2025-02-10 15:47:15,740:INFO:Epoch 196: Train Loss: 395.9921, Train Node Loss: 30.7874, Train Reg Loss: 3.6520, Train MAPE: 11.9690, Train R: 0.9480, Train RRSE: 0.3253, Test Loss: 654.8172, Test Node Loss: 34.9285, Test Reg Loss: 6.1989, Test MAPE: 12.6910, Test R: 0.9469, Test RRSE: 0.4271
2025-02-10 15:47:30,018:INFO:Epoch 197: Train Loss: 430.5144, Train Node Loss: 32.0917, Train Reg Loss: 3.9842, Train MAPE: 12.1123, Train R: 0.9408, Train RRSE: 0.3398, Test Loss: 2779.4029, Test Node Loss: 25.2282, Test Reg Loss: 27.5417, Test MAPE: 14.1334, Test R: 0.9479, Test RRSE: 0.9003
2025-02-10 15:47:44,208:INFO:Epoch 198: Train Loss: 409.5960, Train Node Loss: 29.5168, Train Reg Loss: 3.8008, Train MAPE: 12.1331, Train R: 0.9436, Train RRSE: 0.3319, Test Loss: 441.5180, Test Node Loss: 33.3079, Test Reg Loss: 4.0821, Test MAPE: 12.4500, Test R: 0.9444, Test RRSE: 0.3466
2025-02-10 15:47:58,457:INFO:Epoch 199: Train Loss: 510.0718, Train Node Loss: 28.4487, Train Reg Loss: 4.8162, Train MAPE: 11.9188, Train R: 0.9288, Train RRSE: 0.3736, Test Loss: 929.9681, Test Node Loss: 30.0899, Test Reg Loss: 8.9988, Test MAPE: 12.6407, Test R: 0.9481, Test RRSE: 0.5146
2025-02-10 15:48:12,699:INFO:Epoch 200: Train Loss: 548.4447, Train Node Loss: 29.5979, Train Reg Loss: 5.1885, Train MAPE: 11.8265, Train R: 0.9222, Train RRSE: 0.3878, Test Loss: 1737.2183, Test Node Loss: 26.4807, Test Reg Loss: 17.1074, Test MAPE: 12.9021, Test R: 0.9483, Test RRSE: 0.7095
2025-02-10 15:48:26,990:INFO:Epoch 201: Train Loss: 640.6464, Train Node Loss: 32.0245, Train Reg Loss: 6.0862, Train MAPE: 12.1200, Train R: 0.9202, Train RRSE: 0.4200, Test Loss: 5477.5097, Test Node Loss: 18.9559, Test Reg Loss: 54.5855, Test MAPE: 15.7164, Test R: 0.9490, Test RRSE: 1.2674
2025-02-10 15:48:41,384:INFO:Epoch 202: Train Loss: 761.9705, Train Node Loss: 21.6888, Train Reg Loss: 7.4028, Train MAPE: 11.6726, Train R: 0.9205, Train RRSE: 0.4632, Test Loss: 2337.1792, Test Node Loss: 38.5561, Test Reg Loss: 22.9862, Test MAPE: 15.3618, Test R: 0.9409, Test RRSE: 0.8225
2025-02-10 15:48:55,669:INFO:Epoch 203: Train Loss: 915.3638, Train Node Loss: 24.5575, Train Reg Loss: 8.9081, Train MAPE: 12.3764, Train R: 0.8630, Train RRSE: 0.5081, Test Loss: 3687.7814, Test Node Loss: 16.8278, Test Reg Loss: 36.7095, Test MAPE: 14.4493, Test R: 0.9479, Test RRSE: 1.0394
2025-02-10 15:49:09,976:INFO:Epoch 204: Train Loss: 555.1387, Train Node Loss: 24.1124, Train Reg Loss: 5.3103, Train MAPE: 12.3891, Train R: 0.9285, Train RRSE: 0.3923, Test Loss: 1884.0138, Test Node Loss: 18.5490, Test Reg Loss: 18.6546, Test MAPE: 13.0676, Test R: 0.9483, Test RRSE: 0.7409
2025-02-10 15:49:24,202:INFO:Epoch 205: Train Loss: 620.1165, Train Node Loss: 16.2612, Train Reg Loss: 6.0386, Train MAPE: 11.8490, Train R: 0.9306, Train RRSE: 0.4183, Test Loss: 446.1078, Test Node Loss: 21.3008, Test Reg Loss: 4.2481, Test MAPE: 12.4637, Test R: 0.9457, Test RRSE: 0.3536
2025-02-10 15:49:38,401:INFO:Epoch 206: Train Loss: 532.9337, Train Node Loss: 21.3175, Train Reg Loss: 5.1162, Train MAPE: 12.3764, Train R: 0.9424, Train RRSE: 0.3851, Test Loss: 4019.3768, Test Node Loss: 13.1367, Test Reg Loss: 40.0624, Test MAPE: 14.7005, Test R: 0.9482, Test RRSE: 1.0858
2025-02-10 15:49:52,716:INFO:Epoch 207: Train Loss: 586.5010, Train Node Loss: 13.7313, Train Reg Loss: 5.7277, Train MAPE: 11.7046, Train R: 0.9381, Train RRSE: 0.4074, Test Loss: 622.8238, Test Node Loss: 18.0346, Test Reg Loss: 6.0479, Test MAPE: 12.4525, Test R: 0.9473, Test RRSE: 0.4219
2025-02-10 15:50:06,980:INFO:Epoch 208: Train Loss: 620.5898, Train Node Loss: 18.7133, Train Reg Loss: 6.0188, Train MAPE: 12.4121, Train R: 0.9290, Train RRSE: 0.4177, Test Loss: 2831.9990, Test Node Loss: 11.8951, Test Reg Loss: 28.2010, Test MAPE: 13.5829, Test R: 0.9484, Test RRSE: 0.9110
2025-02-10 15:50:21,170:INFO:Epoch 209: Train Loss: 433.9492, Train Node Loss: 13.0541, Train Reg Loss: 4.2090, Train MAPE: 11.7378, Train R: 0.9468, Train RRSE: 0.3493, Test Loss: 1332.0065, Test Node Loss: 14.0236, Test Reg Loss: 13.1798, Test MAPE: 12.8144, Test R: 0.9477, Test RRSE: 0.6228
2025-02-10 15:50:35,476:INFO:Epoch 210: Train Loss: 485.4709, Train Node Loss: 15.7328, Train Reg Loss: 4.6974, Train MAPE: 12.2254, Train R: 0.9358, Train RRSE: 0.3690, Test Loss: 2567.7366, Test Node Loss: 11.6435, Test Reg Loss: 25.5609, Test MAPE: 13.5727, Test R: 0.9485, Test RRSE: 0.8673
2025-02-10 15:50:49,656:INFO:Epoch 211: Train Loss: 405.7916, Train Node Loss: 12.0792, Train Reg Loss: 3.9371, Train MAPE: 11.8891, Train R: 0.9498, Train RRSE: 0.3378, Test Loss: 785.4828, Test Node Loss: 13.7907, Test Reg Loss: 7.7169, Test MAPE: 12.6272, Test R: 0.9476, Test RRSE: 0.4766
2025-02-10 15:51:03,882:INFO:Epoch 212: Train Loss: 365.9981, Train Node Loss: 14.2827, Train Reg Loss: 3.5172, Train MAPE: 12.2032, Train R: 0.9523, Train RRSE: 0.3193, Test Loss: 1837.2715, Test Node Loss: 12.1683, Test Reg Loss: 18.2510, Test MAPE: 13.2185, Test R: 0.9482, Test RRSE: 0.7329
2025-02-10 15:51:18,147:INFO:Epoch 213: Train Loss: 434.8037, Train Node Loss: 12.0109, Train Reg Loss: 4.2279, Train MAPE: 11.8585, Train R: 0.9412, Train RRSE: 0.3501, Test Loss: 1627.9930, Test Node Loss: 12.0354, Test Reg Loss: 16.1596, Test MAPE: 13.2180, Test R: 0.9474, Test RRSE: 0.6896
2025-02-10 15:51:32,634:INFO:Epoch 214: Train Loss: 374.6371, Train Node Loss: 13.9286, Train Reg Loss: 3.6071, Train MAPE: 12.3046, Train R: 0.9502, Train RRSE: 0.3233, Test Loss: 1904.6823, Test Node Loss: 12.4336, Test Reg Loss: 18.9225, Test MAPE: 13.4432, Test R: 0.9482, Test RRSE: 0.7462
2025-02-10 15:51:46,923:INFO:Epoch 215: Train Loss: 360.2530, Train Node Loss: 12.6614, Train Reg Loss: 3.4759, Train MAPE: 11.9061, Train R: 0.9492, Train RRSE: 0.3174, Test Loss: 1786.0690, Test Node Loss: 11.6113, Test Reg Loss: 17.7446, Test MAPE: 13.2737, Test R: 0.9482, Test RRSE: 0.7226
2025-02-10 15:52:01,426:INFO:Epoch 216: Train Loss: 469.9436, Train Node Loss: 13.4899, Train Reg Loss: 4.5645, Train MAPE: 12.1317, Train R: 0.9329, Train RRSE: 0.3637, Test Loss: 1401.3094, Test Node Loss: 11.8885, Test Reg Loss: 13.8942, Test MAPE: 13.2030, Test R: 0.9476, Test RRSE: 0.6394
2025-02-10 15:52:15,664:INFO:Epoch 217: Train Loss: 404.7304, Train Node Loss: 11.2022, Train Reg Loss: 3.9353, Train MAPE: 11.9363, Train R: 0.9497, Train RRSE: 0.3377, Test Loss: 1213.8239, Test Node Loss: 12.0681, Test Reg Loss: 12.0176, Test MAPE: 12.9347, Test R: 0.9476, Test RRSE: 0.5947
2025-02-10 15:52:30,170:INFO:Epoch 218: Train Loss: 374.2985, Train Node Loss: 13.6163, Train Reg Loss: 3.6068, Train MAPE: 12.2828, Train R: 0.9512, Train RRSE: 0.3233, Test Loss: 2727.0965, Test Node Loss: 10.5921, Test Reg Loss: 27.1650, Test MAPE: 13.7819, Test R: 0.9472, Test RRSE: 0.8941
2025-02-10 15:52:44,511:INFO:Epoch 219: Train Loss: 427.0548, Train Node Loss: 10.8984, Train Reg Loss: 4.1616, Train MAPE: 11.7779, Train R: 0.9436, Train RRSE: 0.3473, Test Loss: 699.7785, Test Node Loss: 12.2093, Test Reg Loss: 6.8757, Test MAPE: 12.7086, Test R: 0.9466, Test RRSE: 0.4498
2025-02-10 15:52:58,895:INFO:Epoch 220: Train Loss: 438.4562, Train Node Loss: 12.7801, Train Reg Loss: 4.2568, Train MAPE: 12.2644, Train R: 0.9416, Train RRSE: 0.3512, Test Loss: 2654.9044, Test Node Loss: 9.4989, Test Reg Loss: 26.4541, Test MAPE: 14.1556, Test R: 0.9481, Test RRSE: 0.8823
2025-02-10 15:53:13,194:INFO:Epoch 221: Train Loss: 428.7242, Train Node Loss: 10.4501, Train Reg Loss: 4.1827, Train MAPE: 11.7714, Train R: 0.9416, Train RRSE: 0.3482, Test Loss: 875.8402, Test Node Loss: 11.6519, Test Reg Loss: 8.6419, Test MAPE: 12.8348, Test R: 0.9478, Test RRSE: 0.5043
2025-02-10 15:53:27,533:INFO:Epoch 222: Train Loss: 413.2013, Train Node Loss: 11.9801, Train Reg Loss: 4.0122, Train MAPE: 12.2340, Train R: 0.9440, Train RRSE: 0.3410, Test Loss: 2558.5072, Test Node Loss: 9.1104, Test Reg Loss: 25.4940, Test MAPE: 13.8930, Test R: 0.9486, Test RRSE: 0.8662
2025-02-10 15:53:41,910:INFO:Epoch 223: Train Loss: 515.8640, Train Node Loss: 10.0200, Train Reg Loss: 5.0584, Train MAPE: 11.7608, Train R: 0.9269, Train RRSE: 0.3829, Test Loss: 575.7740, Test Node Loss: 11.6608, Test Reg Loss: 5.6411, Test MAPE: 12.7358, Test R: 0.9458, Test RRSE: 0.4074
2025-02-10 15:53:56,431:INFO:Epoch 224: Train Loss: 675.8238, Train Node Loss: 9.3863, Train Reg Loss: 6.6644, Train MAPE: 11.9707, Train R: 0.9053, Train RRSE: 0.4395, Test Loss: 957.4257, Test Node Loss: 10.5417, Test Reg Loss: 9.4688, Test MAPE: 12.9911, Test R: 0.9477, Test RRSE: 0.5279
2025-02-10 15:54:10,804:INFO:Epoch 225: Train Loss: 752.9139, Train Node Loss: 12.8981, Train Reg Loss: 7.4002, Train MAPE: 12.7547, Train R: 0.9219, Train RRSE: 0.4631, Test Loss: 5307.9739, Test Node Loss: 6.3047, Test Reg Loss: 53.0167, Test MAPE: 15.5153, Test R: 0.9467, Test RRSE: 1.2491
2025-02-10 15:54:25,275:INFO:Epoch 226: Train Loss: 643.1116, Train Node Loss: 6.2703, Train Reg Loss: 6.3684, Train MAPE: 11.6260, Train R: 0.9446, Train RRSE: 0.4296, Test Loss: 601.5569, Test Node Loss: 8.0149, Test Reg Loss: 5.9354, Test MAPE: 12.6747, Test R: 0.9463, Test RRSE: 0.4179
2025-02-10 15:54:39,625:INFO:Epoch 227: Train Loss: 619.1910, Train Node Loss: 9.3150, Train Reg Loss: 6.0988, Train MAPE: 12.6478, Train R: 0.9330, Train RRSE: 0.4204, Test Loss: 2716.5851, Test Node Loss: 5.5801, Test Reg Loss: 27.1101, Test MAPE: 13.7684, Test R: 0.9470, Test RRSE: 0.8932
2025-02-10 15:54:54,021:INFO:Epoch 228: Train Loss: 547.4427, Train Node Loss: 4.9306, Train Reg Loss: 5.4251, Train MAPE: 11.7019, Train R: 0.9400, Train RRSE: 0.3965, Test Loss: 3145.7301, Test Node Loss: 4.3456, Test Reg Loss: 31.4138, Test MAPE: 14.0173, Test R: 0.9463, Test RRSE: 0.9615
2025-02-10 15:55:08,438:INFO:Epoch 229: Train Loss: 510.8951, Train Node Loss: 6.2984, Train Reg Loss: 5.0460, Train MAPE: 12.4078, Train R: 0.9329, Train RRSE: 0.3824, Test Loss: 477.4982, Test Node Loss: 6.0082, Test Reg Loss: 4.7149, Test MAPE: 12.5276, Test R: 0.9457, Test RRSE: 0.3725
2025-02-10 15:55:22,884:INFO:Epoch 230: Train Loss: 438.1059, Train Node Loss: 4.8418, Train Reg Loss: 4.3326, Train MAPE: 11.8428, Train R: 0.9380, Train RRSE: 0.3544, Test Loss: 2511.1304, Test Node Loss: 4.0027, Test Reg Loss: 25.0713, Test MAPE: 13.8765, Test R: 0.9484, Test RRSE: 0.8590
2025-02-10 15:55:37,529:INFO:Epoch 231: Train Loss: 399.0336, Train Node Loss: 5.1225, Train Reg Loss: 3.9391, Train MAPE: 12.1457, Train R: 0.9412, Train RRSE: 0.3379, Test Loss: 1570.5752, Test Node Loss: 5.1003, Test Reg Loss: 15.6547, Test MAPE: 13.1213, Test R: 0.9476, Test RRSE: 0.6788
2025-02-10 15:55:52,001:INFO:Epoch 232: Train Loss: 530.7546, Train Node Loss: 5.2118, Train Reg Loss: 5.2554, Train MAPE: 11.8575, Train R: 0.9216, Train RRSE: 0.3903, Test Loss: 1703.7735, Test Node Loss: 4.6601, Test Reg Loss: 16.9911, Test MAPE: 13.4007, Test R: 0.9476, Test RRSE: 0.7071
2025-02-10 15:56:06,223:INFO:Epoch 233: Train Loss: 385.0160, Train Node Loss: 4.8311, Train Reg Loss: 3.8018, Train MAPE: 11.9406, Train R: 0.9459, Train RRSE: 0.3319, Test Loss: 1053.3518, Test Node Loss: 5.2787, Test Reg Loss: 10.4807, Test MAPE: 12.6754, Test R: 0.9472, Test RRSE: 0.5554
2025-02-10 15:56:20,619:INFO:Epoch 234: Train Loss: 373.0852, Train Node Loss: 5.5968, Train Reg Loss: 3.6749, Train MAPE: 12.2281, Train R: 0.9482, Train RRSE: 0.3264, Test Loss: 2245.9127, Test Node Loss: 4.6406, Test Reg Loss: 22.4127, Test MAPE: 13.7328, Test R: 0.9473, Test RRSE: 0.8121
2025-02-10 15:56:34,778:INFO:Epoch 235: Train Loss: 405.3739, Train Node Loss: 4.9750, Train Reg Loss: 4.0040, Train MAPE: 11.9144, Train R: 0.9415, Train RRSE: 0.3407, Test Loss: 1640.6047, Test Node Loss: 4.6688, Test Reg Loss: 16.3594, Test MAPE: 13.3680, Test R: 0.9458, Test RRSE: 0.6939
2025-02-10 15:56:48,920:INFO:Epoch 236: Train Loss: 431.5368, Train Node Loss: 5.6474, Train Reg Loss: 4.2589, Train MAPE: 12.2287, Train R: 0.9385, Train RRSE: 0.3513, Test Loss: 2484.9859, Test Node Loss: 4.5769, Test Reg Loss: 24.8041, Test MAPE: 13.9352, Test R: 0.9467, Test RRSE: 0.8544
2025-02-10 15:57:03,212:INFO:Epoch 237: Train Loss: 412.8046, Train Node Loss: 4.9060, Train Reg Loss: 4.0790, Train MAPE: 11.8569, Train R: 0.9407, Train RRSE: 0.3438, Test Loss: 1554.9671, Test Node Loss: 4.7817, Test Reg Loss: 15.5019, Test MAPE: 13.3374, Test R: 0.9472, Test RRSE: 0.6754
2025-02-10 15:57:17,342:INFO:Epoch 238: Train Loss: 358.4343, Train Node Loss: 5.1814, Train Reg Loss: 3.5325, Train MAPE: 12.2017, Train R: 0.9474, Train RRSE: 0.3200, Test Loss: 1544.0413, Test Node Loss: 4.9176, Test Reg Loss: 15.3912, Test MAPE: 13.3984, Test R: 0.9470, Test RRSE: 0.6730
2025-02-10 15:57:31,699:INFO:Epoch 239: Train Loss: 327.0173, Train Node Loss: 5.1699, Train Reg Loss: 3.2185, Train MAPE: 12.1043, Train R: 0.9524, Train RRSE: 0.3054, Test Loss: 2846.1684, Test Node Loss: 4.3584, Test Reg Loss: 28.4181, Test MAPE: 14.1517, Test R: 0.9472, Test RRSE: 0.9145
2025-02-10 15:57:45,949:INFO:Epoch 240: Train Loss: 307.5707, Train Node Loss: 5.2587, Train Reg Loss: 3.0231, Train MAPE: 12.1864, Train R: 0.9552, Train RRSE: 0.2960, Test Loss: 1962.7436, Test Node Loss: 4.8987, Test Reg Loss: 19.5784, Test MAPE: 13.6182, Test R: 0.9479, Test RRSE: 0.7591
2025-02-10 15:58:00,048:INFO:Epoch 241: Train Loss: 386.6082, Train Node Loss: 5.4726, Train Reg Loss: 3.8114, Train MAPE: 11.9598, Train R: 0.9444, Train RRSE: 0.3324, Test Loss: 3075.7077, Test Node Loss: 4.2411, Test Reg Loss: 30.7147, Test MAPE: 14.4467, Test R: 0.9469, Test RRSE: 0.9507
2025-02-10 15:58:14,277:INFO:Epoch 242: Train Loss: 406.7385, Train Node Loss: 4.6348, Train Reg Loss: 4.0210, Train MAPE: 12.0152, Train R: 0.9448, Train RRSE: 0.3414, Test Loss: 697.4986, Test Node Loss: 5.2408, Test Reg Loss: 6.9226, Test MAPE: 13.0663, Test R: 0.9449, Test RRSE: 0.4514
2025-02-10 15:58:28,450:INFO:Epoch 243: Train Loss: 429.0148, Train Node Loss: 5.3621, Train Reg Loss: 4.2365, Train MAPE: 12.0195, Train R: 0.9378, Train RRSE: 0.3504, Test Loss: 1357.4991, Test Node Loss: 5.1571, Test Reg Loss: 13.5234, Test MAPE: 13.1800, Test R: 0.9481, Test RRSE: 0.6309
2025-02-10 15:58:42,747:INFO:Epoch 244: Train Loss: 394.9792, Train Node Loss: 5.1911, Train Reg Loss: 3.8979, Train MAPE: 12.0453, Train R: 0.9420, Train RRSE: 0.3361, Test Loss: 2586.1915, Test Node Loss: 4.4260, Test Reg Loss: 25.8177, Test MAPE: 14.0201, Test R: 0.9478, Test RRSE: 0.8717
2025-02-10 15:58:56,897:INFO:Epoch 245: Train Loss: 301.7217, Train Node Loss: 5.0006, Train Reg Loss: 2.9672, Train MAPE: 12.0199, Train R: 0.9571, Train RRSE: 0.2933, Test Loss: 1066.6518, Test Node Loss: 5.2264, Test Reg Loss: 10.6143, Test MAPE: 13.1140, Test R: 0.9479, Test RRSE: 0.5589
2025-02-10 15:59:11,122:INFO:Epoch 246: Train Loss: 391.2701, Train Node Loss: 5.5766, Train Reg Loss: 3.8569, Train MAPE: 12.3427, Train R: 0.9451, Train RRSE: 0.3343, Test Loss: 2825.3660, Test Node Loss: 4.1586, Test Reg Loss: 28.2121, Test MAPE: 13.9931, Test R: 0.9470, Test RRSE: 0.9112
2025-02-10 15:59:25,166:INFO:Epoch 247: Train Loss: 449.2364, Train Node Loss: 4.5056, Train Reg Loss: 4.4473, Train MAPE: 11.8099, Train R: 0.9421, Train RRSE: 0.3590, Test Loss: 676.5861, Test Node Loss: 5.5282, Test Reg Loss: 6.7106, Test MAPE: 13.0917, Test R: 0.9477, Test RRSE: 0.4444
2025-02-10 15:59:39,320:INFO:Epoch 248: Train Loss: 412.3826, Train Node Loss: 5.7730, Train Reg Loss: 4.0661, Train MAPE: 12.3995, Train R: 0.9483, Train RRSE: 0.3433, Test Loss: 2514.3058, Test Node Loss: 4.2331, Test Reg Loss: 25.1007, Test MAPE: 13.6425, Test R: 0.9449, Test RRSE: 0.8595
2025-02-10 15:59:53,528:INFO:Epoch 249: Train Loss: 400.7190, Train Node Loss: 4.4454, Train Reg Loss: 3.9627, Train MAPE: 11.8265, Train R: 0.9442, Train RRSE: 0.3389, Test Loss: 1079.4471, Test Node Loss: 4.4109, Test Reg Loss: 10.7504, Test MAPE: 13.0950, Test R: 0.9476, Test RRSE: 0.5625
2025-02-10 16:00:07,781:INFO:Epoch 250: Train Loss: 341.4146, Train Node Loss: 4.7031, Train Reg Loss: 3.3671, Train MAPE: 12.0550, Train R: 0.9501, Train RRSE: 0.3124, Test Loss: 1073.7912, Test Node Loss: 4.7795, Test Reg Loss: 10.6901, Test MAPE: 13.0553, Test R: 0.9484, Test RRSE: 0.5609
2025-02-10 16:00:22,039:INFO:Epoch 251: Train Loss: 346.3113, Train Node Loss: 4.9880, Train Reg Loss: 3.4132, Train MAPE: 12.1453, Train R: 0.9522, Train RRSE: 0.3145, Test Loss: 3294.4704, Test Node Loss: 3.6237, Test Reg Loss: 32.9085, Test MAPE: 14.3639, Test R: 0.9478, Test RRSE: 0.9841
2025-02-10 16:00:36,252:INFO:Epoch 252: Train Loss: 394.0214, Train Node Loss: 4.2928, Train Reg Loss: 3.8973, Train MAPE: 11.9466, Train R: 0.9445, Train RRSE: 0.3361, Test Loss: 1608.3188, Test Node Loss: 4.2598, Test Reg Loss: 16.0406, Test MAPE: 13.4055, Test R: 0.9482, Test RRSE: 0.6871
2025-02-10 16:00:50,560:INFO:Epoch 253: Train Loss: 334.3666, Train Node Loss: 4.4389, Train Reg Loss: 3.2993, Train MAPE: 11.9677, Train R: 0.9519, Train RRSE: 0.3092, Test Loss: 849.0419, Test Node Loss: 4.7440, Test Reg Loss: 8.4430, Test MAPE: 13.0239, Test R: 0.9478, Test RRSE: 0.4985
2025-02-10 16:01:04,803:INFO:Epoch 254: Train Loss: 338.5527, Train Node Loss: 4.6892, Train Reg Loss: 3.3386, Train MAPE: 12.1568, Train R: 0.9510, Train RRSE: 0.3111, Test Loss: 1693.4889, Test Node Loss: 4.1230, Test Reg Loss: 16.8937, Test MAPE: 13.4668, Test R: 0.9486, Test RRSE: 0.7051
2025-02-10 16:01:19,058:INFO:Epoch 255: Train Loss: 417.3779, Train Node Loss: 4.5478, Train Reg Loss: 4.1283, Train MAPE: 11.9840, Train R: 0.9387, Train RRSE: 0.3459, Test Loss: 1425.7730, Test Node Loss: 4.3995, Test Reg Loss: 14.2137, Test MAPE: 13.2565, Test R: 0.9483, Test RRSE: 0.6468
2025-02-10 16:01:33,183:INFO:Epoch 256: Train Loss: 443.2480, Train Node Loss: 4.3421, Train Reg Loss: 4.3891, Train MAPE: 11.8079, Train R: 0.9363, Train RRSE: 0.3567, Test Loss: 1839.7221, Test Node Loss: 4.1346, Test Reg Loss: 18.3559, Test MAPE: 13.3321, Test R: 0.9481, Test RRSE: 0.7350
2025-02-10 16:01:47,488:INFO:Epoch 257: Train Loss: 352.1554, Train Node Loss: 4.8661, Train Reg Loss: 3.4729, Train MAPE: 12.3244, Train R: 0.9502, Train RRSE: 0.3173, Test Loss: 1770.2514, Test Node Loss: 4.0636, Test Reg Loss: 17.6619, Test MAPE: 13.4133, Test R: 0.9487, Test RRSE: 0.7210
2025-02-10 16:02:01,766:INFO:Epoch 258: Train Loss: 353.3817, Train Node Loss: 4.3194, Train Reg Loss: 3.4906, Train MAPE: 11.9645, Train R: 0.9486, Train RRSE: 0.3181, Test Loss: 1792.2044, Test Node Loss: 4.0057, Test Reg Loss: 17.8820, Test MAPE: 13.0978, Test R: 0.9481, Test RRSE: 0.7254
2025-02-10 16:02:16,101:INFO:Epoch 259: Train Loss: 378.0190, Train Node Loss: 4.3962, Train Reg Loss: 3.7362, Train MAPE: 12.0099, Train R: 0.9444, Train RRSE: 0.3291, Test Loss: 864.1650, Test Node Loss: 4.4336, Test Reg Loss: 8.5973, Test MAPE: 12.8483, Test R: 0.9476, Test RRSE: 0.5030
2025-02-10 16:02:30,616:INFO:Epoch 260: Train Loss: 423.7557, Train Node Loss: 4.4465, Train Reg Loss: 4.1931, Train MAPE: 12.2966, Train R: 0.9374, Train RRSE: 0.3486, Test Loss: 1364.5887, Test Node Loss: 4.1191, Test Reg Loss: 13.6047, Test MAPE: 13.2829, Test R: 0.9472, Test RRSE: 0.6328
2025-02-10 16:02:44,746:INFO:Epoch 261: Train Loss: 341.6579, Train Node Loss: 4.3466, Train Reg Loss: 3.3731, Train MAPE: 11.9960, Train R: 0.9505, Train RRSE: 0.3127, Test Loss: 2221.4590, Test Node Loss: 3.8900, Test Reg Loss: 22.1757, Test MAPE: 13.5824, Test R: 0.9471, Test RRSE: 0.8078
2025-02-10 16:02:59,139:INFO:Epoch 262: Train Loss: 408.9497, Train Node Loss: 4.3906, Train Reg Loss: 4.0456, Train MAPE: 12.0006, Train R: 0.9400, Train RRSE: 0.3424, Test Loss: 798.7092, Test Node Loss: 4.5338, Test Reg Loss: 7.9418, Test MAPE: 13.0984, Test R: 0.9464, Test RRSE: 0.4834
2025-02-10 16:03:13,564:INFO:Epoch 263: Train Loss: 373.9134, Train Node Loss: 4.5117, Train Reg Loss: 3.6940, Train MAPE: 12.2747, Train R: 0.9452, Train RRSE: 0.3272, Test Loss: 3041.9430, Test Node Loss: 3.5302, Test Reg Loss: 30.3841, Test MAPE: 14.3087, Test R: 0.9486, Test RRSE: 0.9456
2025-02-10 16:03:27,661:INFO:Epoch 264: Train Loss: 335.3994, Train Node Loss: 4.3473, Train Reg Loss: 3.3105, Train MAPE: 12.0154, Train R: 0.9511, Train RRSE: 0.3098, Test Loss: 1311.4627, Test Node Loss: 4.2364, Test Reg Loss: 13.0723, Test MAPE: 13.0832, Test R: 0.9488, Test RRSE: 0.6202
2025-02-10 16:03:41,966:INFO:Epoch 265: Train Loss: 443.0002, Train Node Loss: 4.1117, Train Reg Loss: 4.3889, Train MAPE: 12.0085, Train R: 0.9362, Train RRSE: 0.3567, Test Loss: 610.6465, Test Node Loss: 4.4619, Test Reg Loss: 6.0618, Test MAPE: 12.7110, Test R: 0.9467, Test RRSE: 0.4224
2025-02-10 16:03:56,111:INFO:Epoch 266: Train Loss: 483.7058, Train Node Loss: 4.2031, Train Reg Loss: 4.7950, Train MAPE: 11.7847, Train R: 0.9291, Train RRSE: 0.3728, Test Loss: 1455.3772, Test Node Loss: 3.9963, Test Reg Loss: 14.5138, Test MAPE: 12.7800, Test R: 0.9490, Test RRSE: 0.6536
2025-02-10 16:04:10,391:INFO:Epoch 267: Train Loss: 347.3767, Train Node Loss: 4.7576, Train Reg Loss: 3.4262, Train MAPE: 12.1087, Train R: 0.9542, Train RRSE: 0.3151, Test Loss: 2790.9016, Test Node Loss: 3.4497, Test Reg Loss: 27.8745, Test MAPE: 13.9731, Test R: 0.9476, Test RRSE: 0.9057
2025-02-10 16:04:24,963:INFO:Epoch 268: Train Loss: 378.9932, Train Node Loss: 3.7980, Train Reg Loss: 3.7520, Train MAPE: 12.0792, Train R: 0.9492, Train RRSE: 0.3298, Test Loss: 1352.7377, Test Node Loss: 3.9192, Test Reg Loss: 13.4882, Test MAPE: 13.4502, Test R: 0.9479, Test RRSE: 0.6300
2025-02-10 16:04:39,213:INFO:Epoch 269: Train Loss: 401.5773, Train Node Loss: 4.6536, Train Reg Loss: 3.9692, Train MAPE: 12.4088, Train R: 0.9477, Train RRSE: 0.3392, Test Loss: 3177.2511, Test Node Loss: 3.2125, Test Reg Loss: 31.7404, Test MAPE: 14.1056, Test R: 0.9456, Test RRSE: 0.9665
2025-02-10 16:04:53,305:INFO:Epoch 270: Train Loss: 561.1361, Train Node Loss: 3.4105, Train Reg Loss: 5.5773, Train MAPE: 11.5961, Train R: 0.9231, Train RRSE: 0.4020, Test Loss: 569.2485, Test Node Loss: 3.9055, Test Reg Loss: 5.6534, Test MAPE: 12.8050, Test R: 0.9460, Test RRSE: 0.4079
2025-02-10 16:05:07,544:INFO:Epoch 271: Train Loss: 421.5732, Train Node Loss: 3.9470, Train Reg Loss: 4.1763, Train MAPE: 12.2069, Train R: 0.9397, Train RRSE: 0.3479, Test Loss: 1253.8230, Test Node Loss: 3.5523, Test Reg Loss: 12.5027, Test MAPE: 13.4133, Test R: 0.9483, Test RRSE: 0.6066
2025-02-10 16:05:21,826:INFO:Epoch 272: Train Loss: 397.6656, Train Node Loss: 3.3188, Train Reg Loss: 3.9435, Train MAPE: 11.8972, Train R: 0.9441, Train RRSE: 0.3381, Test Loss: 2794.5866, Test Node Loss: 2.9449, Test Reg Loss: 27.9164, Test MAPE: 13.9237, Test R: 0.9456, Test RRSE: 0.9064
2025-02-10 16:05:36,258:INFO:Epoch 273: Train Loss: 429.1530, Train Node Loss: 3.8035, Train Reg Loss: 4.2535, Train MAPE: 12.0737, Train R: 0.9374, Train RRSE: 0.3511, Test Loss: 797.8434, Test Node Loss: 3.5340, Test Reg Loss: 7.9431, Test MAPE: 12.9415, Test R: 0.9467, Test RRSE: 0.4835
2025-02-10 16:05:50,446:INFO:Epoch 274: Train Loss: 358.3237, Train Node Loss: 3.4729, Train Reg Loss: 3.5485, Train MAPE: 12.1329, Train R: 0.9475, Train RRSE: 0.3207, Test Loss: 1007.9283, Test Node Loss: 3.4885, Test Reg Loss: 10.0444, Test MAPE: 13.1314, Test R: 0.9475, Test RRSE: 0.5437
2025-02-10 16:06:04,739:INFO:Epoch 275: Train Loss: 298.9971, Train Node Loss: 3.6387, Train Reg Loss: 2.9536, Train MAPE: 12.0269, Train R: 0.9571, Train RRSE: 0.2926, Test Loss: 2297.4342, Test Node Loss: 3.0615, Test Reg Loss: 22.9437, Test MAPE: 13.5632, Test R: 0.9464, Test RRSE: 0.8217
2025-02-10 16:06:19,013:INFO:Epoch 276: Train Loss: 313.9263, Train Node Loss: 3.5444, Train Reg Loss: 3.1038, Train MAPE: 12.0001, Train R: 0.9542, Train RRSE: 0.2999, Test Loss: 1329.5657, Test Node Loss: 3.3663, Test Reg Loss: 13.2620, Test MAPE: 13.2112, Test R: 0.9479, Test RRSE: 0.6247
2025-02-10 16:06:33,278:INFO:Epoch 277: Train Loss: 296.7332, Train Node Loss: 3.6262, Train Reg Loss: 2.9311, Train MAPE: 12.2591, Train R: 0.9566, Train RRSE: 0.2915, Test Loss: 2176.9544, Test Node Loss: 3.0700, Test Reg Loss: 21.7388, Test MAPE: 13.5732, Test R: 0.9484, Test RRSE: 0.7998
2025-02-10 16:06:47,533:INFO:Epoch 278: Train Loss: 358.3624, Train Node Loss: 3.5611, Train Reg Loss: 3.5480, Train MAPE: 11.9898, Train R: 0.9477, Train RRSE: 0.3207, Test Loss: 1196.3229, Test Node Loss: 3.4094, Test Reg Loss: 11.9291, Test MAPE: 12.7981, Test R: 0.9490, Test RRSE: 0.5925
2025-02-10 16:07:01,774:INFO:Epoch 279: Train Loss: 337.0344, Train Node Loss: 3.4110, Train Reg Loss: 3.3362, Train MAPE: 12.1065, Train R: 0.9506, Train RRSE: 0.3110, Test Loss: 2233.9358, Test Node Loss: 2.8977, Test Reg Loss: 22.3104, Test MAPE: 13.5741, Test R: 0.9481, Test RRSE: 0.8103
2025-02-10 16:07:15,995:INFO:Epoch 280: Train Loss: 305.9806, Train Node Loss: 3.3334, Train Reg Loss: 3.0265, Train MAPE: 12.0512, Train R: 0.9556, Train RRSE: 0.2962, Test Loss: 1133.4546, Test Node Loss: 3.3641, Test Reg Loss: 11.3009, Test MAPE: 12.9526, Test R: 0.9485, Test RRSE: 0.5767
2025-02-10 16:07:30,286:INFO:Epoch 281: Train Loss: 373.6428, Train Node Loss: 3.6316, Train Reg Loss: 3.7001, Train MAPE: 12.2290, Train R: 0.9465, Train RRSE: 0.3275, Test Loss: 1568.7345, Test Node Loss: 3.1636, Test Reg Loss: 15.6557, Test MAPE: 13.1596, Test R: 0.9488, Test RRSE: 0.6788
2025-02-10 16:07:44,539:INFO:Epoch 282: Train Loss: 386.8474, Train Node Loss: 3.1917, Train Reg Loss: 3.8366, Train MAPE: 11.8991, Train R: 0.9467, Train RRSE: 0.3335, Test Loss: 1179.2944, Test Node Loss: 3.2780, Test Reg Loss: 11.7602, Test MAPE: 12.9237, Test R: 0.9481, Test RRSE: 0.5883
2025-02-10 16:07:58,730:INFO:Epoch 283: Train Loss: 362.1959, Train Node Loss: 3.8736, Train Reg Loss: 3.5832, Train MAPE: 12.5095, Train R: 0.9560, Train RRSE: 0.3223, Test Loss: 2619.0585, Test Node Loss: 2.5808, Test Reg Loss: 26.1648, Test MAPE: 13.7590, Test R: 0.9475, Test RRSE: 0.8775
2025-02-10 16:08:12,969:INFO:Epoch 284: Train Loss: 510.5712, Train Node Loss: 2.5347, Train Reg Loss: 5.0804, Train MAPE: 11.6657, Train R: 0.9362, Train RRSE: 0.3837, Test Loss: 798.7871, Test Node Loss: 2.8137, Test Reg Loss: 7.9597, Test MAPE: 12.9097, Test R: 0.9483, Test RRSE: 0.4840
2025-02-10 16:08:27,127:INFO:Epoch 285: Train Loss: 463.9269, Train Node Loss: 3.2278, Train Reg Loss: 4.6070, Train MAPE: 12.4929, Train R: 0.9398, Train RRSE: 0.3654, Test Loss: 1444.9365, Test Node Loss: 2.2725, Test Reg Loss: 14.4266, Test MAPE: 13.1254, Test R: 0.9489, Test RRSE: 0.6516
2025-02-10 16:08:41,306:INFO:Epoch 286: Train Loss: 415.3861, Train Node Loss: 2.2403, Train Reg Loss: 4.1315, Train MAPE: 11.7545, Train R: 0.9440, Train RRSE: 0.3460, Test Loss: 2047.1126, Test Node Loss: 2.0180, Test Reg Loss: 20.4509, Test MAPE: 13.0850, Test R: 0.9486, Test RRSE: 0.7758
2025-02-10 16:08:55,705:INFO:Epoch 287: Train Loss: 385.7026, Train Node Loss: 2.6935, Train Reg Loss: 3.8301, Train MAPE: 12.3118, Train R: 0.9496, Train RRSE: 0.3332, Test Loss: 1458.6481, Test Node Loss: 2.1724, Test Reg Loss: 14.5648, Test MAPE: 13.3308, Test R: 0.9484, Test RRSE: 0.6547
2025-02-10 16:09:09,824:INFO:Epoch 288: Train Loss: 327.3255, Train Node Loss: 2.1031, Train Reg Loss: 3.2522, Train MAPE: 12.0995, Train R: 0.9550, Train RRSE: 0.3070, Test Loss: 2606.2674, Test Node Loss: 1.7657, Test Reg Loss: 26.0450, Test MAPE: 13.8923, Test R: 0.9467, Test RRSE: 0.8755
2025-02-10 16:09:23,967:INFO:Epoch 289: Train Loss: 295.5868, Train Node Loss: 2.2222, Train Reg Loss: 2.9336, Train MAPE: 12.0805, Train R: 0.9573, Train RRSE: 0.2916, Test Loss: 982.3209, Test Node Loss: 2.1013, Test Reg Loss: 9.8022, Test MAPE: 12.9935, Test R: 0.9482, Test RRSE: 0.5371
2025-02-10 16:09:38,295:INFO:Epoch 290: Train Loss: 397.1532, Train Node Loss: 2.2165, Train Reg Loss: 3.9494, Train MAPE: 12.0851, Train R: 0.9411, Train RRSE: 0.3383, Test Loss: 1931.0058, Test Node Loss: 1.8267, Test Reg Loss: 19.2918, Test MAPE: 13.8262, Test R: 0.9485, Test RRSE: 0.7535
2025-02-10 16:09:52,559:INFO:Epoch 291: Train Loss: 403.3085, Train Node Loss: 2.1019, Train Reg Loss: 4.0121, Train MAPE: 11.9225, Train R: 0.9414, Train RRSE: 0.3410, Test Loss: 1446.7603, Test Node Loss: 2.0986, Test Reg Loss: 14.4466, Test MAPE: 13.2632, Test R: 0.9488, Test RRSE: 0.6520
2025-02-10 16:10:06,741:INFO:Epoch 292: Train Loss: 327.0157, Train Node Loss: 2.5373, Train Reg Loss: 3.2448, Train MAPE: 12.3707, Train R: 0.9565, Train RRSE: 0.3067, Test Loss: 2426.2833, Test Node Loss: 1.8950, Test Reg Loss: 24.2439, Test MAPE: 13.5773, Test R: 0.9460, Test RRSE: 0.8447
2025-02-10 16:10:20,897:INFO:Epoch 293: Train Loss: 463.8423, Train Node Loss: 2.1240, Train Reg Loss: 4.6172, Train MAPE: 11.7542, Train R: 0.9325, Train RRSE: 0.3658, Test Loss: 1451.4917, Test Node Loss: 1.9833, Test Reg Loss: 14.4951, Test MAPE: 13.1290, Test R: 0.9485, Test RRSE: 0.6531
2025-02-10 16:10:35,126:INFO:Epoch 294: Train Loss: 350.2841, Train Node Loss: 2.4266, Train Reg Loss: 3.4786, Train MAPE: 12.1818, Train R: 0.9503, Train RRSE: 0.3175, Test Loss: 1861.7031, Test Node Loss: 1.9106, Test Reg Loss: 18.5979, Test MAPE: 13.5731, Test R: 0.9484, Test RRSE: 0.7398
2025-02-10 16:10:49,497:INFO:Epoch 295: Train Loss: 334.1996, Train Node Loss: 2.1735, Train Reg Loss: 3.3203, Train MAPE: 11.9206, Train R: 0.9514, Train RRSE: 0.3102, Test Loss: 1312.9327, Test Node Loss: 1.9929, Test Reg Loss: 13.1094, Test MAPE: 13.3086, Test R: 0.9482, Test RRSE: 0.6211
2025-02-10 16:11:03,829:INFO:Epoch 296: Train Loss: 361.8357, Train Node Loss: 2.2335, Train Reg Loss: 3.5960, Train MAPE: 12.0270, Train R: 0.9466, Train RRSE: 0.3228, Test Loss: 2574.4493, Test Node Loss: 1.7404, Test Reg Loss: 25.7271, Test MAPE: 13.7901, Test R: 0.9475, Test RRSE: 0.8701
2025-02-10 16:11:18,150:INFO:Epoch 297: Train Loss: 294.0426, Train Node Loss: 2.2505, Train Reg Loss: 2.9179, Train MAPE: 12.0828, Train R: 0.9569, Train RRSE: 0.2908, Test Loss: 1322.3981, Test Node Loss: 2.1827, Test Reg Loss: 13.2022, Test MAPE: 13.1788, Test R: 0.9484, Test RRSE: 0.6233
2025-02-10 16:11:32,535:INFO:Epoch 298: Train Loss: 327.7639, Train Node Loss: 2.3437, Train Reg Loss: 3.2542, Train MAPE: 12.1763, Train R: 0.9519, Train RRSE: 0.3071, Test Loss: 2440.1255, Test Node Loss: 1.8281, Test Reg Loss: 24.3830, Test MAPE: 13.7581, Test R: 0.9474, Test RRSE: 0.8471
2025-02-10 16:11:47,156:INFO:Epoch 299: Train Loss: 348.5527, Train Node Loss: 2.3575, Train Reg Loss: 3.4620, Train MAPE: 12.1294, Train R: 0.9486, Train RRSE: 0.3168, Test Loss: 1955.8984, Test Node Loss: 1.9147, Test Reg Loss: 19.5398, Test MAPE: 13.2409, Test R: 0.9472, Test RRSE: 0.7583
2025-02-10 16:12:01,382:INFO:Epoch 300: Train Loss: 398.4272, Train Node Loss: 2.3181, Train Reg Loss: 3.9611, Train MAPE: 12.0693, Train R: 0.9410, Train RRSE: 0.3388, Test Loss: 1276.1154, Test Node Loss: 2.0899, Test Reg Loss: 12.7403, Test MAPE: 12.9452, Test R: 0.9490, Test RRSE: 0.6123
2025-02-10 16:12:01,382:INFO:Best performance at epoch 195 with Test MAPE: 0.9494
