2025-02-10 14:55:38,936:INFO:Learning rate: 0.0008
2025-02-10 14:55:38,936:INFO:Weight decay: 0.001
2025-02-10 14:55:38,936:INFO:Batch size: 32
2025-02-10 14:55:38,936:INFO:Number of layers: 2
2025-02-10 14:55:38,937:INFO:Convolution type: SAGE
2025-02-10 14:55:38,937:INFO:Convolution neurons: 256
2025-02-10 15:00:22,306:INFO:Learning rate: 0.0008
2025-02-10 15:00:22,306:INFO:Weight decay: 0.001
2025-02-10 15:00:22,306:INFO:Batch size: 32
2025-02-10 15:00:22,306:INFO:Number of layers: 2
2025-02-10 15:00:22,306:INFO:Convolution type: SAGE
2025-02-10 15:00:22,306:INFO:Convolution neurons: 256
2025-02-10 15:00:36,851:INFO:Epoch 1: Train Loss: 243833.8114, Train Node Loss: 1.1083, Train Reg Loss: 2438.3270, Train MAPE: 97.7260, Train R: -0.0250, Train RRSE: 8.4065, Test Loss: 242447.2867, Test Node Loss: 5.9404, Test Reg Loss: 2424.4134, Test MAPE: 96.1633, Test R: 0.8255, Test RRSE: 8.4468
2025-02-10 15:00:36,873:INFO:Checkpoint saved at best_0.0008_0.001_256_SAGE_2_32_0.8255_epoch_1.pth
2025-02-10 15:00:50,657:INFO:Epoch 2: Train Loss: 210384.0008, Train Node Loss: 79.3790, Train Reg Loss: 2103.0462, Train MAPE: 90.4742, Train R: -0.0312, Train RRSE: 7.8072, Test Loss: 167180.6908, Test Node Loss: 474.9776, Test Reg Loss: 1667.0571, Test MAPE: 79.3442, Test R: 0.8824, Test RRSE: 7.0043
2025-02-10 15:00:50,703:INFO:Checkpoint saved at best_0.0008_0.001_256_SAGE_2_32_0.8824_epoch_2.pth
2025-02-10 15:01:04,932:INFO:Epoch 3: Train Loss: 88944.9857, Train Node Loss: 2388.8528, Train Reg Loss: 865.5613, Train MAPE: 52.5841, Train R: -0.0115, Train RRSE: 5.0086, Test Loss: 40972.7614, Test Node Loss: 13244.7925, Test Reg Loss: 277.2797, Test MAPE: 33.6125, Test R: 0.8875, Test RRSE: 2.8566
2025-02-10 15:01:04,963:INFO:Checkpoint saved at best_0.0008_0.001_256_SAGE_2_32_0.8875_epoch_3.pth
2025-02-10 15:01:19,295:INFO:Epoch 4: Train Loss: 26067.6670, Train Node Loss: 9905.4959, Train Reg Loss: 161.6217, Train MAPE: 24.3948, Train R: 0.2991, Train RRSE: 2.1643, Test Loss: 8749.4941, Test Node Loss: 6920.3313, Test Reg Loss: 18.2916, Test MAPE: 9.3048, Test R: 0.8885, Test RRSE: 0.7337
2025-02-10 15:01:19,318:INFO:Checkpoint saved at best_0.0008_0.001_256_SAGE_2_32_0.8885_epoch_4.pth
2025-02-10 15:01:33,695:INFO:Epoch 5: Train Loss: 14774.8738, Train Node Loss: 4529.1511, Train Reg Loss: 102.4572, Train MAPE: 16.7504, Train R: 0.3841, Train RRSE: 1.7232, Test Loss: 11751.5788, Test Node Loss: 4656.4603, Test Reg Loss: 70.9512, Test MAPE: 13.4669, Test R: 0.8892, Test RRSE: 1.4450
2025-02-10 15:01:33,715:INFO:Checkpoint saved at best_0.0008_0.001_256_SAGE_2_32_0.8892_epoch_5.pth
2025-02-10 15:01:48,023:INFO:Epoch 6: Train Loss: 9710.4580, Train Node Loss: 5450.9629, Train Reg Loss: 42.5950, Train MAPE: 11.7371, Train R: 0.2893, Train RRSE: 1.1111, Test Loss: 12951.3636, Test Node Loss: 7031.0679, Test Reg Loss: 59.2030, Test MAPE: 16.4856, Test R: 0.8895, Test RRSE: 1.3200
2025-02-10 15:01:48,038:INFO:Checkpoint saved at best_0.0008_0.001_256_SAGE_2_32_0.8895_epoch_6.pth
2025-02-10 15:02:02,494:INFO:Epoch 7: Train Loss: 8252.9917, Train Node Loss: 5610.4481, Train Reg Loss: 26.4254, Train MAPE: 11.0198, Train R: 0.5638, Train RRSE: 0.8751, Test Loss: 7458.0151, Test Node Loss: 4464.4185, Test Reg Loss: 29.9360, Test MAPE: 9.5072, Test R: 0.8891, Test RRSE: 0.9386
2025-02-10 15:02:16,863:INFO:Epoch 8: Train Loss: 7506.2296, Train Node Loss: 4173.2714, Train Reg Loss: 33.3296, Train MAPE: 9.7311, Train R: 0.7959, Train RRSE: 0.9828, Test Loss: 6330.7051, Test Node Loss: 4483.8953, Test Reg Loss: 18.4681, Test MAPE: 9.0253, Test R: 0.8886, Test RRSE: 0.7372
2025-02-10 15:02:31,199:INFO:Epoch 9: Train Loss: 6715.4193, Train Node Loss: 4636.2258, Train Reg Loss: 20.7919, Train MAPE: 10.3229, Train R: 0.7536, Train RRSE: 0.7763, Test Loss: 5918.7805, Test Node Loss: 4248.8817, Test Reg Loss: 16.6990, Test MAPE: 9.2362, Test R: 0.8881, Test RRSE: 0.7010
2025-02-10 15:02:45,422:INFO:Epoch 10: Train Loss: 6065.6875, Train Node Loss: 3883.2308, Train Reg Loss: 21.8246, Train MAPE: 9.2093, Train R: 0.7778, Train RRSE: 0.7953, Test Loss: 6049.8610, Test Node Loss: 3595.9963, Test Reg Loss: 24.5386, Test MAPE: 9.2804, Test R: 0.8871, Test RRSE: 0.8498
2025-02-10 15:02:59,766:INFO:Epoch 11: Train Loss: 5656.7462, Train Node Loss: 3736.5324, Train Reg Loss: 19.2021, Train MAPE: 9.2903, Train R: 0.8000, Train RRSE: 0.7460, Test Loss: 5290.0740, Test Node Loss: 3627.0397, Test Reg Loss: 16.6303, Test MAPE: 9.0732, Test R: 0.8868, Test RRSE: 0.6996
2025-02-10 15:03:14,346:INFO:Epoch 12: Train Loss: 5345.2738, Train Node Loss: 3501.7590, Train Reg Loss: 18.4351, Train MAPE: 9.3446, Train R: 0.8189, Train RRSE: 0.7310, Test Loss: 5264.7127, Test Node Loss: 3219.1621, Test Reg Loss: 20.4555, Test MAPE: 9.1232, Test R: 0.8859, Test RRSE: 0.7759
2025-02-10 15:03:28,871:INFO:Epoch 13: Train Loss: 5082.1261, Train Node Loss: 3292.1296, Train Reg Loss: 17.9000, Train MAPE: 9.3101, Train R: 0.8320, Train RRSE: 0.7203, Test Loss: 4846.5793, Test Node Loss: 3124.5395, Test Reg Loss: 17.2204, Test MAPE: 9.2057, Test R: 0.8845, Test RRSE: 0.7119
2025-02-10 15:03:43,113:INFO:Epoch 14: Train Loss: 4819.5766, Train Node Loss: 3085.0020, Train Reg Loss: 17.3457, Train MAPE: 9.3845, Train R: 0.8357, Train RRSE: 0.7090, Test Loss: 4672.6765, Test Node Loss: 2917.7501, Test Reg Loss: 17.5493, Test MAPE: 9.1585, Test R: 0.8833, Test RRSE: 0.7187
2025-02-10 15:03:57,410:INFO:Epoch 15: Train Loss: 4636.5534, Train Node Loss: 2959.0290, Train Reg Loss: 16.7752, Train MAPE: 9.5227, Train R: 0.8418, Train RRSE: 0.6973, Test Loss: 4642.5977, Test Node Loss: 2688.1370, Test Reg Loss: 19.5446, Test MAPE: 9.3179, Test R: 0.8823, Test RRSE: 0.7584
2025-02-10 15:04:11,852:INFO:Epoch 16: Train Loss: 4479.5931, Train Node Loss: 2710.1527, Train Reg Loss: 17.6944, Train MAPE: 9.4073, Train R: 0.8203, Train RRSE: 0.7161, Test Loss: 4255.2753, Test Node Loss: 2635.2662, Test Reg Loss: 16.2001, Test MAPE: 9.2380, Test R: 0.8813, Test RRSE: 0.6905
2025-02-10 15:04:26,204:INFO:Epoch 17: Train Loss: 4275.8347, Train Node Loss: 2658.8448, Train Reg Loss: 16.1699, Train MAPE: 9.6205, Train R: 0.8224, Train RRSE: 0.6846, Test Loss: 4383.1332, Test Node Loss: 2384.5061, Test Reg Loss: 19.9863, Test MAPE: 9.4114, Test R: 0.8802, Test RRSE: 0.7669
2025-02-10 15:04:40,387:INFO:Epoch 18: Train Loss: 4186.3844, Train Node Loss: 2402.7506, Train Reg Loss: 17.8363, Train MAPE: 9.3814, Train R: 0.8234, Train RRSE: 0.7190, Test Loss: 3850.2056, Test Node Loss: 2452.9023, Test Reg Loss: 13.9730, Test MAPE: 9.3541, Test R: 0.8790, Test RRSE: 0.6413
2025-02-10 15:04:54,820:INFO:Epoch 19: Train Loss: 4139.1640, Train Node Loss: 2508.4978, Train Reg Loss: 16.3067, Train MAPE: 10.3748, Train R: 0.7915, Train RRSE: 0.6875, Test Loss: 4862.4807, Test Node Loss: 2028.2493, Test Reg Loss: 28.3423, Test MAPE: 10.1335, Test R: 0.8771, Test RRSE: 0.9133
2025-02-10 15:05:09,405:INFO:Epoch 20: Train Loss: 3888.8911, Train Node Loss: 2168.5734, Train Reg Loss: 17.2032, Train MAPE: 9.6939, Train R: 0.8007, Train RRSE: 0.7061, Test Loss: 3584.7718, Test Node Loss: 2313.2511, Test Reg Loss: 12.7152, Test MAPE: 9.7786, Test R: 0.8772, Test RRSE: 0.6117
2025-02-10 15:05:23,690:INFO:Epoch 21: Train Loss: 3762.0077, Train Node Loss: 2249.9490, Train Reg Loss: 15.1206, Train MAPE: 10.1294, Train R: 0.7921, Train RRSE: 0.6620, Test Loss: 4304.2575, Test Node Loss: 1913.4425, Test Reg Loss: 23.9082, Test MAPE: 9.9215, Test R: 0.8763, Test RRSE: 0.8388
2025-02-10 15:05:38,144:INFO:Epoch 22: Train Loss: 3768.7713, Train Node Loss: 2114.6806, Train Reg Loss: 16.5409, Train MAPE: 10.1565, Train R: 0.7642, Train RRSE: 0.6924, Test Loss: 3705.0374, Test Node Loss: 1933.1415, Test Reg Loss: 17.7190, Test MAPE: 9.5911, Test R: 0.8751, Test RRSE: 0.7221
2025-02-10 15:05:52,348:INFO:Epoch 23: Train Loss: 3470.2086, Train Node Loss: 2005.2914, Train Reg Loss: 14.6492, Train MAPE: 9.8493, Train R: 0.8208, Train RRSE: 0.6516, Test Loss: 3448.8729, Test Node Loss: 1906.4876, Test Reg Loss: 15.4239, Test MAPE: 9.5774, Test R: 0.8740, Test RRSE: 0.6737
2025-02-10 15:06:06,622:INFO:Epoch 24: Train Loss: 3339.3482, Train Node Loss: 1990.4467, Train Reg Loss: 13.4890, Train MAPE: 10.1445, Train R: 0.8329, Train RRSE: 0.6253, Test Loss: 3779.0678, Test Node Loss: 1755.2659, Test Reg Loss: 20.2380, Test MAPE: 9.8801, Test R: 0.8737, Test RRSE: 0.7717
2025-02-10 15:06:20,967:INFO:Epoch 25: Train Loss: 3283.0762, Train Node Loss: 1866.0368, Train Reg Loss: 14.1704, Train MAPE: 10.1119, Train R: 0.8154, Train RRSE: 0.6409, Test Loss: 3129.6950, Test Node Loss: 1831.4906, Test Reg Loss: 12.9820, Test MAPE: 9.7613, Test R: 0.8733, Test RRSE: 0.6181
2025-02-10 15:06:35,302:INFO:Epoch 26: Train Loss: 3239.3647, Train Node Loss: 1816.9375, Train Reg Loss: 14.2243, Train MAPE: 10.1597, Train R: 0.8087, Train RRSE: 0.6421, Test Loss: 3040.6400, Test Node Loss: 1773.9708, Test Reg Loss: 12.6667, Test MAPE: 9.8608, Test R: 0.8737, Test RRSE: 0.6105
2025-02-10 15:06:49,820:INFO:Epoch 27: Train Loss: 3142.5380, Train Node Loss: 1821.8224, Train Reg Loss: 13.2072, Train MAPE: 10.3507, Train R: 0.8158, Train RRSE: 0.6187, Test Loss: 3749.9035, Test Node Loss: 1566.1792, Test Reg Loss: 21.8372, Test MAPE: 10.1704, Test R: 0.8747, Test RRSE: 0.8017
2025-02-10 15:07:04,209:INFO:Epoch 28: Train Loss: 3045.5918, Train Node Loss: 1709.0560, Train Reg Loss: 13.3654, Train MAPE: 10.2498, Train R: 0.8199, Train RRSE: 0.6224, Test Loss: 2945.1981, Test Node Loss: 1653.0264, Test Reg Loss: 12.9217, Test MAPE: 9.9314, Test R: 0.8756, Test RRSE: 0.6167
2025-02-10 15:07:18,442:INFO:Epoch 29: Train Loss: 2949.1207, Train Node Loss: 1662.1426, Train Reg Loss: 12.8698, Train MAPE: 10.2481, Train R: 0.8253, Train RRSE: 0.6107, Test Loss: 3134.5107, Test Node Loss: 1548.2874, Test Reg Loss: 15.8622, Test MAPE: 10.0765, Test R: 0.8763, Test RRSE: 0.6832
2025-02-10 15:07:32,694:INFO:Epoch 30: Train Loss: 2914.3140, Train Node Loss: 1663.2480, Train Reg Loss: 12.5107, Train MAPE: 10.4460, Train R: 0.8257, Train RRSE: 0.6022, Test Loss: 3367.2147, Test Node Loss: 1461.2939, Test Reg Loss: 19.0592, Test MAPE: 10.2967, Test R: 0.8782, Test RRSE: 0.7489
2025-02-10 15:07:47,025:INFO:Epoch 31: Train Loss: 2875.6309, Train Node Loss: 1585.8791, Train Reg Loss: 12.8975, Train MAPE: 10.4592, Train R: 0.8144, Train RRSE: 0.6114, Test Loss: 2818.9107, Test Node Loss: 1504.8867, Test Reg Loss: 13.1402, Test MAPE: 9.9972, Test R: 0.8799, Test RRSE: 0.6219
2025-02-10 15:08:01,355:INFO:Epoch 32: Train Loss: 2815.9098, Train Node Loss: 1516.5165, Train Reg Loss: 12.9939, Train MAPE: 10.3137, Train R: 0.8210, Train RRSE: 0.6137, Test Loss: 2905.7003, Test Node Loss: 1437.9881, Test Reg Loss: 14.6771, Test MAPE: 10.0751, Test R: 0.8802, Test RRSE: 0.6572
2025-02-10 15:08:15,766:INFO:Epoch 33: Train Loss: 2690.6997, Train Node Loss: 1555.9571, Train Reg Loss: 11.3474, Train MAPE: 10.7165, Train R: 0.8425, Train RRSE: 0.5735, Test Loss: 3291.7826, Test Node Loss: 1339.8429, Test Reg Loss: 19.5194, Test MAPE: 10.4174, Test R: 0.8825, Test RRSE: 0.7579
2025-02-10 15:08:30,131:INFO:Epoch 34: Train Loss: 2527.7218, Train Node Loss: 1481.8295, Train Reg Loss: 10.4589, Train MAPE: 10.6331, Train R: 0.8589, Train RRSE: 0.5506, Test Loss: 3135.3924, Test Node Loss: 1316.2953, Test Reg Loss: 18.1910, Test MAPE: 10.4092, Test R: 0.8860, Test RRSE: 0.7317
2025-02-10 15:08:44,537:INFO:Epoch 35: Train Loss: 2607.5603, Train Node Loss: 1414.0530, Train Reg Loss: 11.9351, Train MAPE: 10.5123, Train R: 0.8297, Train RRSE: 0.5881, Test Loss: 2403.8738, Test Node Loss: 1407.1545, Test Reg Loss: 9.9672, Test MAPE: 10.3412, Test R: 0.8869, Test RRSE: 0.5416
2025-02-10 15:08:59,141:INFO:Epoch 36: Train Loss: 2393.6944, Train Node Loss: 1423.3099, Train Reg Loss: 9.7038, Train MAPE: 10.8124, Train R: 0.8625, Train RRSE: 0.5303, Test Loss: 4123.7498, Test Node Loss: 1157.1220, Test Reg Loss: 29.6663, Test MAPE: 11.5265, Test R: 0.8892, Test RRSE: 0.9344
2025-02-10 15:09:13,528:INFO:Epoch 37: Train Loss: 2372.4790, Train Node Loss: 1347.7103, Train Reg Loss: 10.2477, Train MAPE: 10.4979, Train R: 0.8586, Train RRSE: 0.5450, Test Loss: 2252.9685, Test Node Loss: 1399.9569, Test Reg Loss: 8.5301, Test MAPE: 10.6061, Test R: 0.8919, Test RRSE: 0.5010
2025-02-10 15:09:13,562:INFO:Checkpoint saved at best_0.0008_0.001_256_SAGE_2_32_0.8919_epoch_37.pth
2025-02-10 15:09:27,947:INFO:Epoch 38: Train Loss: 2518.2687, Train Node Loss: 1326.9468, Train Reg Loss: 11.9132, Train MAPE: 10.8807, Train R: 0.8213, Train RRSE: 0.5876, Test Loss: 2223.6496, Test Node Loss: 1315.4598, Test Reg Loss: 9.0819, Test MAPE: 10.5634, Test R: 0.8920, Test RRSE: 0.5170
2025-02-10 15:09:27,995:INFO:Checkpoint saved at best_0.0008_0.001_256_SAGE_2_32_0.8920_epoch_38.pth
2025-02-10 15:09:42,300:INFO:Epoch 39: Train Loss: 2358.7906, Train Node Loss: 1319.5367, Train Reg Loss: 10.3925, Train MAPE: 10.8455, Train R: 0.8529, Train RRSE: 0.5488, Test Loss: 2300.2066, Test Node Loss: 1243.3845, Test Reg Loss: 10.5682, Test MAPE: 10.2947, Test R: 0.8936, Test RRSE: 0.5577
2025-02-10 15:09:42,316:INFO:Checkpoint saved at best_0.0008_0.001_256_SAGE_2_32_0.8936_epoch_39.pth
2025-02-10 15:09:56,556:INFO:Epoch 40: Train Loss: 2166.2184, Train Node Loss: 1268.1877, Train Reg Loss: 8.9803, Train MAPE: 10.7975, Train R: 0.8782, Train RRSE: 0.5102, Test Loss: 2355.2032, Test Node Loss: 1192.9529, Test Reg Loss: 11.6225, Test MAPE: 10.4118, Test R: 0.8963, Test RRSE: 0.5848
2025-02-10 15:09:56,578:INFO:Checkpoint saved at best_0.0008_0.001_256_SAGE_2_32_0.8963_epoch_40.pth
2025-02-10 15:10:10,897:INFO:Epoch 41: Train Loss: 2111.2157, Train Node Loss: 1253.6308, Train Reg Loss: 8.5758, Train MAPE: 10.8495, Train R: 0.8863, Train RRSE: 0.4985, Test Loss: 3235.6946, Test Node Loss: 1069.5988, Test Reg Loss: 21.6610, Test MAPE: 11.0405, Test R: 0.8964, Test RRSE: 0.7984
2025-02-10 15:10:10,913:INFO:Checkpoint saved at best_0.0008_0.001_256_SAGE_2_32_0.8964_epoch_41.pth
2025-02-10 15:10:25,301:INFO:Epoch 42: Train Loss: 2090.9187, Train Node Loss: 1209.8053, Train Reg Loss: 8.8111, Train MAPE: 10.8719, Train R: 0.8785, Train RRSE: 0.5053, Test Loss: 2282.3079, Test Node Loss: 1140.5783, Test Reg Loss: 11.4173, Test MAPE: 10.5160, Test R: 0.8969, Test RRSE: 0.5797
2025-02-10 15:10:25,321:INFO:Checkpoint saved at best_0.0008_0.001_256_SAGE_2_32_0.8969_epoch_42.pth
2025-02-10 15:10:39,732:INFO:Epoch 43: Train Loss: 2085.5542, Train Node Loss: 1174.8228, Train Reg Loss: 9.1073, Train MAPE: 10.7258, Train R: 0.8755, Train RRSE: 0.5138, Test Loss: 2188.1519, Test Node Loss: 1117.8881, Test Reg Loss: 10.7026, Test MAPE: 10.6269, Test R: 0.8963, Test RRSE: 0.5612
2025-02-10 15:10:54,051:INFO:Epoch 44: Train Loss: 2115.5760, Train Node Loss: 1159.6343, Train Reg Loss: 9.5594, Train MAPE: 11.0787, Train R: 0.8580, Train RRSE: 0.5264, Test Loss: 2451.4634, Test Node Loss: 1046.7618, Test Reg Loss: 14.0470, Test MAPE: 10.7513, Test R: 0.8965, Test RRSE: 0.6430
2025-02-10 15:11:08,224:INFO:Epoch 45: Train Loss: 2004.8746, Train Node Loss: 1148.1238, Train Reg Loss: 8.5675, Train MAPE: 11.2009, Train R: 0.8757, Train RRSE: 0.4983, Test Loss: 3435.1441, Test Node Loss: 950.7747, Test Reg Loss: 24.8437, Test MAPE: 11.5419, Test R: 0.8964, Test RRSE: 0.8551
2025-02-10 15:11:22,482:INFO:Epoch 46: Train Loss: 2008.5337, Train Node Loss: 1100.5075, Train Reg Loss: 9.0803, Train MAPE: 10.9032, Train R: 0.8686, Train RRSE: 0.5130, Test Loss: 2093.3516, Test Node Loss: 1044.4659, Test Reg Loss: 10.4889, Test MAPE: 10.7708, Test R: 0.8971, Test RRSE: 0.5556
2025-02-10 15:11:22,516:INFO:Checkpoint saved at best_0.0008_0.001_256_SAGE_2_32_0.8971_epoch_46.pth
2025-02-10 15:11:36,953:INFO:Epoch 47: Train Loss: 2013.0499, Train Node Loss: 1070.5379, Train Reg Loss: 9.4251, Train MAPE: 10.9696, Train R: 0.8606, Train RRSE: 0.5227, Test Loss: 1887.9645, Test Node Loss: 1132.0296, Test Reg Loss: 7.5593, Test MAPE: 11.0813, Test R: 0.8997, Test RRSE: 0.4717
2025-02-10 15:11:36,969:INFO:Checkpoint saved at best_0.0008_0.001_256_SAGE_2_32_0.8997_epoch_47.pth
2025-02-10 15:11:51,445:INFO:Epoch 48: Train Loss: 1925.2396, Train Node Loss: 1036.6309, Train Reg Loss: 8.8861, Train MAPE: 10.8225, Train R: 0.8763, Train RRSE: 0.5075, Test Loss: 1814.4277, Test Node Loss: 1055.2228, Test Reg Loss: 7.5920, Test MAPE: 10.8138, Test R: 0.9012, Test RRSE: 0.4727
2025-02-10 15:11:51,472:INFO:Checkpoint saved at best_0.0008_0.001_256_SAGE_2_32_0.9012_epoch_48.pth
2025-02-10 15:12:05,780:INFO:Epoch 49: Train Loss: 1890.5157, Train Node Loss: 1052.1258, Train Reg Loss: 8.3839, Train MAPE: 11.1198, Train R: 0.8810, Train RRSE: 0.4929, Test Loss: 2454.0689, Test Node Loss: 932.6478, Test Reg Loss: 15.2142, Test MAPE: 10.7985, Test R: 0.9015, Test RRSE: 0.6691
2025-02-10 15:12:05,803:INFO:Checkpoint saved at best_0.0008_0.001_256_SAGE_2_32_0.9015_epoch_49.pth
2025-02-10 15:12:20,263:INFO:Epoch 50: Train Loss: 1959.6513, Train Node Loss: 1023.3762, Train Reg Loss: 9.3628, Train MAPE: 11.1985, Train R: 0.8590, Train RRSE: 0.5209, Test Loss: 2759.7447, Test Node Loss: 881.9246, Test Reg Loss: 18.7782, Test MAPE: 11.1654, Test R: 0.9019, Test RRSE: 0.7434
2025-02-10 15:12:20,287:INFO:Checkpoint saved at best_0.0008_0.001_256_SAGE_2_32_0.9019_epoch_50.pth
2025-02-10 15:12:34,637:INFO:Epoch 51: Train Loss: 1864.5596, Train Node Loss: 972.8313, Train Reg Loss: 8.9173, Train MAPE: 10.9113, Train R: 0.8765, Train RRSE: 0.5084, Test Loss: 1744.4317, Test Node Loss: 981.4896, Test Reg Loss: 7.6294, Test MAPE: 10.7913, Test R: 0.9043, Test RRSE: 0.4738
2025-02-10 15:12:34,684:INFO:Checkpoint saved at best_0.0008_0.001_256_SAGE_2_32_0.9043_epoch_51.pth
2025-02-10 15:12:49,106:INFO:Epoch 52: Train Loss: 1823.7937, Train Node Loss: 967.3112, Train Reg Loss: 8.5648, Train MAPE: 11.0529, Train R: 0.8775, Train RRSE: 0.4982, Test Loss: 1687.6580, Test Node Loss: 998.3319, Test Reg Loss: 6.8933, Test MAPE: 11.0437, Test R: 0.9039, Test RRSE: 0.4504
2025-02-10 15:13:03,544:INFO:Epoch 53: Train Loss: 2063.1312, Train Node Loss: 950.2364, Train Reg Loss: 11.1289, Train MAPE: 11.2921, Train R: 0.8266, Train RRSE: 0.5679, Test Loss: 1737.7572, Test Node Loss: 1001.1775, Test Reg Loss: 7.3658, Test MAPE: 11.2379, Test R: 0.9044, Test RRSE: 0.4656
2025-02-10 15:13:03,573:INFO:Checkpoint saved at best_0.0008_0.001_256_SAGE_2_32_0.9044_epoch_53.pth
2025-02-10 15:13:17,936:INFO:Epoch 54: Train Loss: 1849.0872, Train Node Loss: 942.3311, Train Reg Loss: 9.0676, Train MAPE: 11.2752, Train R: 0.8603, Train RRSE: 0.5126, Test Loss: 2624.6334, Test Node Loss: 823.6635, Test Reg Loss: 18.0097, Test MAPE: 11.3902, Test R: 0.9042, Test RRSE: 0.7280
2025-02-10 15:13:32,091:INFO:Epoch 55: Train Loss: 1888.7700, Train Node Loss: 924.8351, Train Reg Loss: 9.6393, Train MAPE: 11.4480, Train R: 0.8522, Train RRSE: 0.5286, Test Loss: 2470.4935, Test Node Loss: 805.2940, Test Reg Loss: 16.6520, Test MAPE: 11.2493, Test R: 0.9057, Test RRSE: 0.7000
2025-02-10 15:13:32,114:INFO:Checkpoint saved at best_0.0008_0.001_256_SAGE_2_32_0.9057_epoch_55.pth
2025-02-10 15:13:46,220:INFO:Epoch 56: Train Loss: 1740.9949, Train Node Loss: 910.4633, Train Reg Loss: 8.3053, Train MAPE: 11.2242, Train R: 0.8773, Train RRSE: 0.4906, Test Loss: 2477.1847, Test Node Loss: 786.7104, Test Reg Loss: 16.9047, Test MAPE: 11.2530, Test R: 0.9066, Test RRSE: 0.7053
2025-02-10 15:13:46,241:INFO:Checkpoint saved at best_0.0008_0.001_256_SAGE_2_32_0.9066_epoch_56.pth
2025-02-10 15:14:00,223:INFO:Epoch 57: Train Loss: 1845.0659, Train Node Loss: 850.7503, Train Reg Loss: 9.9432, Train MAPE: 11.1340, Train R: 0.8529, Train RRSE: 0.5368, Test Loss: 1902.2344, Test Node Loss: 970.6578, Test Reg Loss: 9.3158, Test MAPE: 11.8079, Test R: 0.9092, Test RRSE: 0.5236
2025-02-10 15:14:00,239:INFO:Checkpoint saved at best_0.0008_0.001_256_SAGE_2_32_0.9092_epoch_57.pth
2025-02-10 15:14:14,351:INFO:Epoch 58: Train Loss: 1810.4228, Train Node Loss: 839.2024, Train Reg Loss: 9.7122, Train MAPE: 11.1221, Train R: 0.8581, Train RRSE: 0.5306, Test Loss: 1544.5659, Test Node Loss: 876.8514, Test Reg Loss: 6.6771, Test MAPE: 10.9990, Test R: 0.9086, Test RRSE: 0.4433
2025-02-10 15:14:28,407:INFO:Epoch 59: Train Loss: 1696.6744, Train Node Loss: 851.9974, Train Reg Loss: 8.4468, Train MAPE: 11.4744, Train R: 0.8716, Train RRSE: 0.4948, Test Loss: 2162.9459, Test Node Loss: 762.5732, Test Reg Loss: 14.0037, Test MAPE: 11.1940, Test R: 0.9082, Test RRSE: 0.6420
2025-02-10 15:14:42,466:INFO:Epoch 60: Train Loss: 1542.2512, Train Node Loss: 837.6399, Train Reg Loss: 7.0461, Train MAPE: 11.2408, Train R: 0.9036, Train RRSE: 0.4519, Test Loss: 2183.5207, Test Node Loss: 739.9557, Test Reg Loss: 14.4357, Test MAPE: 11.0444, Test R: 0.9093, Test RRSE: 0.6518
2025-02-10 15:14:42,488:INFO:Checkpoint saved at best_0.0008_0.001_256_SAGE_2_32_0.9093_epoch_60.pth
2025-02-10 15:14:56,848:INFO:Epoch 61: Train Loss: 1789.9238, Train Node Loss: 796.8342, Train Reg Loss: 9.9309, Train MAPE: 11.0880, Train R: 0.8488, Train RRSE: 0.5365, Test Loss: 1624.9000, Test Node Loss: 871.1495, Test Reg Loss: 7.5375, Test MAPE: 11.4722, Test R: 0.9100, Test RRSE: 0.4710
2025-02-10 15:14:56,865:INFO:Checkpoint saved at best_0.0008_0.001_256_SAGE_2_32_0.9100_epoch_61.pth
2025-02-10 15:15:11,290:INFO:Epoch 62: Train Loss: 1833.4956, Train Node Loss: 764.1918, Train Reg Loss: 10.6930, Train MAPE: 11.4326, Train R: 0.8444, Train RRSE: 0.5567, Test Loss: 2166.0738, Test Node Loss: 914.5539, Test Reg Loss: 12.5152, Test MAPE: 12.5728, Test R: 0.9106, Test RRSE: 0.6069
2025-02-10 15:15:11,321:INFO:Checkpoint saved at best_0.0008_0.001_256_SAGE_2_32_0.9106_epoch_62.pth
2025-02-10 15:15:26,018:INFO:Epoch 63: Train Loss: 1708.3823, Train Node Loss: 785.5265, Train Reg Loss: 9.2286, Train MAPE: 11.4540, Train R: 0.8573, Train RRSE: 0.5172, Test Loss: 1732.4905, Test Node Loss: 730.3504, Test Reg Loss: 10.0214, Test MAPE: 10.9653, Test R: 0.9108, Test RRSE: 0.5431
2025-02-10 15:15:26,054:INFO:Checkpoint saved at best_0.0008_0.001_256_SAGE_2_32_0.9108_epoch_63.pth
2025-02-10 15:15:40,692:INFO:Epoch 64: Train Loss: 1499.2199, Train Node Loss: 771.9121, Train Reg Loss: 7.2731, Train MAPE: 11.1064, Train R: 0.9008, Train RRSE: 0.4591, Test Loss: 1721.1047, Test Node Loss: 717.1497, Test Reg Loss: 10.0396, Test MAPE: 10.9405, Test R: 0.9122, Test RRSE: 0.5436
2025-02-10 15:15:40,709:INFO:Checkpoint saved at best_0.0008_0.001_256_SAGE_2_32_0.9122_epoch_64.pth
2025-02-10 15:15:55,033:INFO:Epoch 65: Train Loss: 1522.8851, Train Node Loss: 738.1980, Train Reg Loss: 7.8469, Train MAPE: 11.0336, Train R: 0.8873, Train RRSE: 0.4769, Test Loss: 1414.1859, Test Node Loss: 787.9868, Test Reg Loss: 6.2620, Test MAPE: 11.1788, Test R: 0.9130, Test RRSE: 0.4293
2025-02-10 15:15:55,050:INFO:Checkpoint saved at best_0.0008_0.001_256_SAGE_2_32_0.9130_epoch_65.pth
2025-02-10 15:16:09,415:INFO:Epoch 66: Train Loss: 1542.9075, Train Node Loss: 718.9021, Train Reg Loss: 8.2401, Train MAPE: 11.2244, Train R: 0.8827, Train RRSE: 0.4887, Test Loss: 1400.7440, Test Node Loss: 769.4969, Test Reg Loss: 6.3125, Test MAPE: 11.2497, Test R: 0.9134, Test RRSE: 0.4310
2025-02-10 15:16:09,433:INFO:Checkpoint saved at best_0.0008_0.001_256_SAGE_2_32_0.9134_epoch_66.pth
2025-02-10 15:16:23,791:INFO:Epoch 67: Train Loss: 1734.6476, Train Node Loss: 729.6333, Train Reg Loss: 10.0501, Train MAPE: 11.8204, Train R: 0.8422, Train RRSE: 0.5397, Test Loss: 1819.7667, Test Node Loss: 665.8934, Test Reg Loss: 11.5387, Test MAPE: 11.1302, Test R: 0.9115, Test RRSE: 0.5827
2025-02-10 15:16:38,358:INFO:Epoch 68: Train Loss: 1447.1175, Train Node Loss: 711.9055, Train Reg Loss: 7.3521, Train MAPE: 11.4137, Train R: 0.8925, Train RRSE: 0.4616, Test Loss: 1679.8974, Test Node Loss: 646.3264, Test Reg Loss: 10.3357, Test MAPE: 10.8237, Test R: 0.9129, Test RRSE: 0.5515
2025-02-10 15:16:52,836:INFO:Epoch 69: Train Loss: 1403.3003, Train Node Loss: 700.6529, Train Reg Loss: 7.0265, Train MAPE: 11.3791, Train R: 0.9022, Train RRSE: 0.4513, Test Loss: 3046.7477, Test Node Loss: 576.3721, Test Reg Loss: 24.7038, Test MAPE: 12.1223, Test R: 0.9133, Test RRSE: 0.8526
2025-02-10 15:17:07,446:INFO:Epoch 70: Train Loss: 1402.3159, Train Node Loss: 656.5995, Train Reg Loss: 7.4572, Train MAPE: 11.0952, Train R: 0.9000, Train RRSE: 0.4649, Test Loss: 1338.1202, Test Node Loss: 717.1932, Test Reg Loss: 6.2093, Test MAPE: 11.4660, Test R: 0.9146, Test RRSE: 0.4275
2025-02-10 15:17:07,467:INFO:Checkpoint saved at best_0.0008_0.001_256_SAGE_2_32_0.9146_epoch_70.pth
2025-02-10 15:17:21,969:INFO:Epoch 71: Train Loss: 1357.4794, Train Node Loss: 667.1105, Train Reg Loss: 6.9037, Train MAPE: 11.3517, Train R: 0.8995, Train RRSE: 0.4473, Test Loss: 1631.1152, Test Node Loss: 615.3506, Test Reg Loss: 10.1576, Test MAPE: 10.9072, Test R: 0.9145, Test RRSE: 0.5467
2025-02-10 15:17:36,313:INFO:Epoch 72: Train Loss: 1328.2245, Train Node Loss: 648.5901, Train Reg Loss: 6.7963, Train MAPE: 11.3178, Train R: 0.9034, Train RRSE: 0.4438, Test Loss: 1441.6679, Test Node Loss: 619.9283, Test Reg Loss: 8.2174, Test MAPE: 11.1098, Test R: 0.9149, Test RRSE: 0.4918
2025-02-10 15:17:36,339:INFO:Checkpoint saved at best_0.0008_0.001_256_SAGE_2_32_0.9149_epoch_72.pth
2025-02-10 15:17:50,635:INFO:Epoch 73: Train Loss: 1335.1809, Train Node Loss: 626.5044, Train Reg Loss: 7.0868, Train MAPE: 11.2059, Train R: 0.8993, Train RRSE: 0.4532, Test Loss: 1244.4310, Test Node Loss: 653.6364, Test Reg Loss: 5.9079, Test MAPE: 11.2094, Test R: 0.9158, Test RRSE: 0.4170
2025-02-10 15:17:50,652:INFO:Checkpoint saved at best_0.0008_0.001_256_SAGE_2_32_0.9158_epoch_73.pth
2025-02-10 15:18:05,052:INFO:Epoch 74: Train Loss: 1549.7829, Train Node Loss: 620.9233, Train Reg Loss: 9.2886, Train MAPE: 11.4110, Train R: 0.8584, Train RRSE: 0.5189, Test Loss: 1265.9701, Test Node Loss: 661.5403, Test Reg Loss: 6.0443, Test MAPE: 11.5984, Test R: 0.9159, Test RRSE: 0.4218
2025-02-10 15:18:05,071:INFO:Checkpoint saved at best_0.0008_0.001_256_SAGE_2_32_0.9159_epoch_74.pth
2025-02-10 15:18:19,431:INFO:Epoch 75: Train Loss: 1304.3126, Train Node Loss: 594.6254, Train Reg Loss: 7.0969, Train MAPE: 11.3154, Train R: 0.9008, Train RRSE: 0.4535, Test Loss: 1425.8012, Test Node Loss: 669.5021, Test Reg Loss: 7.5630, Test MAPE: 11.8110, Test R: 0.9167, Test RRSE: 0.4718
2025-02-10 15:18:19,448:INFO:Checkpoint saved at best_0.0008_0.001_256_SAGE_2_32_0.9167_epoch_75.pth
2025-02-10 15:18:33,872:INFO:Epoch 76: Train Loss: 1625.9650, Train Node Loss: 605.2500, Train Reg Loss: 10.2071, Train MAPE: 11.6930, Train R: 0.8398, Train RRSE: 0.5439, Test Loss: 2040.4316, Test Node Loss: 537.4849, Test Reg Loss: 15.0295, Test MAPE: 11.6611, Test R: 0.9170, Test RRSE: 0.6651
2025-02-10 15:18:33,891:INFO:Checkpoint saved at best_0.0008_0.001_256_SAGE_2_32_0.9170_epoch_76.pth
2025-02-10 15:18:48,408:INFO:Epoch 77: Train Loss: 1468.1305, Train Node Loss: 597.5446, Train Reg Loss: 8.7059, Train MAPE: 11.6676, Train R: 0.8667, Train RRSE: 0.5023, Test Loss: 1867.9292, Test Node Loss: 519.0645, Test Reg Loss: 13.4886, Test MAPE: 11.1504, Test R: 0.9188, Test RRSE: 0.6300
2025-02-10 15:18:48,424:INFO:Checkpoint saved at best_0.0008_0.001_256_SAGE_2_32_0.9188_epoch_77.pth
2025-02-10 15:19:02,861:INFO:Epoch 78: Train Loss: 1419.0765, Train Node Loss: 571.6335, Train Reg Loss: 8.4744, Train MAPE: 11.2674, Train R: 0.8742, Train RRSE: 0.4956, Test Loss: 1963.9482, Test Node Loss: 513.3362, Test Reg Loss: 14.5061, Test MAPE: 11.3837, Test R: 0.9208, Test RRSE: 0.6534
2025-02-10 15:19:02,907:INFO:Checkpoint saved at best_0.0008_0.001_256_SAGE_2_32_0.9208_epoch_78.pth
2025-02-10 15:19:17,350:INFO:Epoch 79: Train Loss: 1152.6337, Train Node Loss: 558.5500, Train Reg Loss: 5.9408, Train MAPE: 10.9491, Train R: 0.9227, Train RRSE: 0.4149, Test Loss: 1179.1494, Test Node Loss: 609.1160, Test Reg Loss: 5.7003, Test MAPE: 11.2320, Test R: 0.9205, Test RRSE: 0.4096
2025-02-10 15:19:31,774:INFO:Epoch 80: Train Loss: 1372.0963, Train Node Loss: 557.1000, Train Reg Loss: 8.1500, Train MAPE: 11.5474, Train R: 0.8746, Train RRSE: 0.4860, Test Loss: 1463.1239, Test Node Loss: 520.3587, Test Reg Loss: 9.4277, Test MAPE: 11.1098, Test R: 0.9205, Test RRSE: 0.5267
2025-02-10 15:19:46,167:INFO:Epoch 81: Train Loss: 1440.0909, Train Node Loss: 560.0663, Train Reg Loss: 8.8002, Train MAPE: 11.7376, Train R: 0.8676, Train RRSE: 0.5050, Test Loss: 2595.3937, Test Node Loss: 461.8353, Test Reg Loss: 21.3356, Test MAPE: 11.8868, Test R: 0.9210, Test RRSE: 0.7924
2025-02-10 15:19:46,186:INFO:Checkpoint saved at best_0.0008_0.001_256_SAGE_2_32_0.9210_epoch_81.pth
2025-02-10 15:20:00,547:INFO:Epoch 82: Train Loss: 1237.0096, Train Node Loss: 538.3716, Train Reg Loss: 6.9864, Train MAPE: 11.3780, Train R: 0.8988, Train RRSE: 0.4500, Test Loss: 1570.3180, Test Node Loss: 496.9386, Test Reg Loss: 10.7338, Test MAPE: 11.0414, Test R: 0.9219, Test RRSE: 0.5620
2025-02-10 15:20:00,563:INFO:Checkpoint saved at best_0.0008_0.001_256_SAGE_2_32_0.9219_epoch_82.pth
2025-02-10 15:20:14,952:INFO:Epoch 83: Train Loss: 1156.2695, Train Node Loss: 527.4610, Train Reg Loss: 6.2881, Train MAPE: 11.3694, Train R: 0.9125, Train RRSE: 0.4269, Test Loss: 1499.8237, Test Node Loss: 491.0216, Test Reg Loss: 10.0880, Test MAPE: 11.0756, Test R: 0.9217, Test RRSE: 0.5449
2025-02-10 15:20:29,258:INFO:Epoch 84: Train Loss: 1437.5493, Train Node Loss: 521.7510, Train Reg Loss: 9.1580, Train MAPE: 11.5051, Train R: 0.8581, Train RRSE: 0.5152, Test Loss: 3590.7975, Test Node Loss: 414.3751, Test Reg Loss: 31.7642, Test MAPE: 12.9423, Test R: 0.9206, Test RRSE: 0.9668
2025-02-10 15:20:43,671:INFO:Epoch 85: Train Loss: 1308.8196, Train Node Loss: 520.9213, Train Reg Loss: 7.8790, Train MAPE: 11.3960, Train R: 0.8814, Train RRSE: 0.4779, Test Loss: 1572.0148, Test Node Loss: 469.3937, Test Reg Loss: 11.0262, Test MAPE: 11.1937, Test R: 0.9221, Test RRSE: 0.5696
2025-02-10 15:20:43,697:INFO:Checkpoint saved at best_0.0008_0.001_256_SAGE_2_32_0.9221_epoch_85.pth
2025-02-10 15:20:58,152:INFO:Epoch 86: Train Loss: 1272.5327, Train Node Loss: 495.1830, Train Reg Loss: 7.7735, Train MAPE: 11.3455, Train R: 0.8850, Train RRSE: 0.4747, Test Loss: 1064.7746, Test Node Loss: 520.2106, Test Reg Loss: 5.4456, Test MAPE: 11.3381, Test R: 0.9224, Test RRSE: 0.4003
2025-02-10 15:20:58,174:INFO:Checkpoint saved at best_0.0008_0.001_256_SAGE_2_32_0.9224_epoch_86.pth
2025-02-10 15:21:12,643:INFO:Epoch 87: Train Loss: 1199.4324, Train Node Loss: 485.1682, Train Reg Loss: 7.1426, Train MAPE: 11.4291, Train R: 0.8977, Train RRSE: 0.4550, Test Loss: 1083.7113, Test Node Loss: 529.2030, Test Reg Loss: 5.5451, Test MAPE: 11.6021, Test R: 0.9223, Test RRSE: 0.4040
2025-02-10 15:21:27,138:INFO:Epoch 88: Train Loss: 1183.0375, Train Node Loss: 482.5613, Train Reg Loss: 7.0048, Train MAPE: 11.4151, Train R: 0.8972, Train RRSE: 0.4506, Test Loss: 1068.9522, Test Node Loss: 511.5595, Test Reg Loss: 5.5739, Test MAPE: 11.3464, Test R: 0.9218, Test RRSE: 0.4050
2025-02-10 15:21:41,447:INFO:Epoch 89: Train Loss: 1209.2478, Train Node Loss: 493.0861, Train Reg Loss: 7.1616, Train MAPE: 11.6629, Train R: 0.8953, Train RRSE: 0.4556, Test Loss: 2961.4872, Test Node Loss: 395.9421, Test Reg Loss: 25.6555, Test MAPE: 12.4144, Test R: 0.9233, Test RRSE: 0.8689
2025-02-10 15:21:41,475:INFO:Checkpoint saved at best_0.0008_0.001_256_SAGE_2_32_0.9233_epoch_89.pth
2025-02-10 15:21:55,963:INFO:Epoch 90: Train Loss: 1281.6075, Train Node Loss: 478.0738, Train Reg Loss: 8.0353, Train MAPE: 11.7237, Train R: 0.8779, Train RRSE: 0.4826, Test Loss: 2269.4716, Test Node Loss: 398.1530, Test Reg Loss: 18.7132, Test MAPE: 11.8174, Test R: 0.9248, Test RRSE: 0.7421
2025-02-10 15:21:55,982:INFO:Checkpoint saved at best_0.0008_0.001_256_SAGE_2_32_0.9248_epoch_90.pth
2025-02-10 15:22:10,625:INFO:Epoch 91: Train Loss: 1120.9762, Train Node Loss: 442.4549, Train Reg Loss: 6.7852, Train MAPE: 11.1255, Train R: 0.9102, Train RRSE: 0.4435, Test Loss: 1432.5359, Test Node Loss: 525.3135, Test Reg Loss: 9.0722, Test MAPE: 12.3744, Test R: 0.9238, Test RRSE: 0.5167
2025-02-10 15:22:25,046:INFO:Epoch 92: Train Loss: 1399.0860, Train Node Loss: 449.3998, Train Reg Loss: 9.4969, Train MAPE: 11.7597, Train R: 0.8537, Train RRSE: 0.5246, Test Loss: 1147.4482, Test Node Loss: 449.2126, Test Reg Loss: 6.9824, Test MAPE: 10.9685, Test R: 0.9249, Test RRSE: 0.4533
2025-02-10 15:22:25,065:INFO:Checkpoint saved at best_0.0008_0.001_256_SAGE_2_32_0.9249_epoch_92.pth
2025-02-10 15:22:39,523:INFO:Epoch 93: Train Loss: 1424.7978, Train Node Loss: 464.1729, Train Reg Loss: 9.6062, Train MAPE: 11.9990, Train R: 0.8534, Train RRSE: 0.5277, Test Loss: 2818.6007, Test Node Loss: 366.0429, Test Reg Loss: 24.5256, Test MAPE: 12.3557, Test R: 0.9257, Test RRSE: 0.8496
2025-02-10 15:22:39,566:INFO:Checkpoint saved at best_0.0008_0.001_256_SAGE_2_32_0.9257_epoch_93.pth
2025-02-10 15:22:53,978:INFO:Epoch 94: Train Loss: 1270.3106, Train Node Loss: 447.5290, Train Reg Loss: 8.2278, Train MAPE: 11.7342, Train R: 0.8749, Train RRSE: 0.4883, Test Loss: 1858.6561, Test Node Loss: 383.5201, Test Reg Loss: 14.7514, Test MAPE: 11.5616, Test R: 0.9262, Test RRSE: 0.6589
2025-02-10 15:22:53,996:INFO:Checkpoint saved at best_0.0008_0.001_256_SAGE_2_32_0.9262_epoch_94.pth
2025-02-10 15:23:08,407:INFO:Epoch 95: Train Loss: 1238.8922, Train Node Loss: 420.3907, Train Reg Loss: 8.1850, Train MAPE: 11.5184, Train R: 0.8772, Train RRSE: 0.4871, Test Loss: 1007.9380, Test Node Loss: 432.0852, Test Reg Loss: 5.7585, Test MAPE: 11.2690, Test R: 0.9266, Test RRSE: 0.4117
2025-02-10 15:23:08,436:INFO:Checkpoint saved at best_0.0008_0.001_256_SAGE_2_32_0.9266_epoch_95.pth
2025-02-10 15:23:22,726:INFO:Epoch 96: Train Loss: 1113.1864, Train Node Loss: 421.2424, Train Reg Loss: 6.9194, Train MAPE: 11.1393, Train R: 0.9039, Train RRSE: 0.4478, Test Loss: 1566.0246, Test Node Loss: 389.3477, Test Reg Loss: 11.7668, Test MAPE: 11.5913, Test R: 0.9264, Test RRSE: 0.5885
2025-02-10 15:23:36,849:INFO:Epoch 97: Train Loss: 999.4460, Train Node Loss: 424.9387, Train Reg Loss: 5.7451, Train MAPE: 11.5219, Train R: 0.9189, Train RRSE: 0.4081, Test Loss: 1710.4320, Test Node Loss: 367.9642, Test Reg Loss: 13.4247, Test MAPE: 11.5817, Test R: 0.9247, Test RRSE: 0.6286
2025-02-10 15:23:51,150:INFO:Epoch 98: Train Loss: 1027.0522, Train Node Loss: 401.3062, Train Reg Loss: 6.2575, Train MAPE: 11.2827, Train R: 0.9084, Train RRSE: 0.4259, Test Loss: 932.2427, Test Node Loss: 424.2345, Test Reg Loss: 5.0801, Test MAPE: 11.5187, Test R: 0.9256, Test RRSE: 0.3867
2025-02-10 15:24:05,582:INFO:Epoch 99: Train Loss: 976.1104, Train Node Loss: 404.7058, Train Reg Loss: 5.7140, Train MAPE: 11.5819, Train R: 0.9179, Train RRSE: 0.4069, Test Loss: 1473.6696, Test Node Loss: 373.5543, Test Reg Loss: 11.0012, Test MAPE: 11.6418, Test R: 0.9263, Test RRSE: 0.5690
2025-02-10 15:24:19,995:INFO:Epoch 100: Train Loss: 929.1881, Train Node Loss: 389.9371, Train Reg Loss: 5.3925, Train MAPE: 11.2444, Train R: 0.9272, Train RRSE: 0.3953, Test Loss: 936.7646, Test Node Loss: 397.9269, Test Reg Loss: 5.3884, Test MAPE: 11.2228, Test R: 0.9271, Test RRSE: 0.3982
2025-02-10 15:24:20,026:INFO:Checkpoint saved at best_0.0008_0.001_256_SAGE_2_32_0.9271_epoch_100.pth
2025-02-10 15:24:34,489:INFO:Epoch 101: Train Loss: 1039.4635, Train Node Loss: 392.2177, Train Reg Loss: 6.4725, Train MAPE: 11.6514, Train R: 0.9025, Train RRSE: 0.4331, Test Loss: 3082.0230, Test Node Loss: 316.2455, Test Reg Loss: 27.6578, Test MAPE: 12.8797, Test R: 0.9275, Test RRSE: 0.9022
2025-02-10 15:24:34,507:INFO:Checkpoint saved at best_0.0008_0.001_256_SAGE_2_32_0.9275_epoch_101.pth
2025-02-10 15:24:48,898:INFO:Epoch 102: Train Loss: 1126.1118, Train Node Loss: 388.7485, Train Reg Loss: 7.3736, Train MAPE: 11.8204, Train R: 0.8883, Train RRSE: 0.4623, Test Loss: 1780.3369, Test Node Loss: 337.6668, Test Reg Loss: 14.4267, Test MAPE: 11.6318, Test R: 0.9285, Test RRSE: 0.6516
2025-02-10 15:24:48,951:INFO:Checkpoint saved at best_0.0008_0.001_256_SAGE_2_32_0.9285_epoch_102.pth
2025-02-10 15:25:03,292:INFO:Epoch 103: Train Loss: 956.5329, Train Node Loss: 376.6235, Train Reg Loss: 5.7991, Train MAPE: 11.4846, Train R: 0.9164, Train RRSE: 0.4100, Test Loss: 1056.3492, Test Node Loss: 364.4893, Test Reg Loss: 6.9186, Test MAPE: 11.2456, Test R: 0.9280, Test RRSE: 0.4512
2025-02-10 15:25:17,699:INFO:Epoch 104: Train Loss: 1001.9866, Train Node Loss: 376.0675, Train Reg Loss: 6.2592, Train MAPE: 11.4940, Train R: 0.9091, Train RRSE: 0.4259, Test Loss: 1240.2530, Test Node Loss: 355.1754, Test Reg Loss: 8.8508, Test MAPE: 11.4795, Test R: 0.9294, Test RRSE: 0.5104
2025-02-10 15:25:17,721:INFO:Checkpoint saved at best_0.0008_0.001_256_SAGE_2_32_0.9294_epoch_104.pth
2025-02-10 15:25:32,097:INFO:Epoch 105: Train Loss: 1032.5665, Train Node Loss: 358.2806, Train Reg Loss: 6.7429, Train MAPE: 11.4917, Train R: 0.9037, Train RRSE: 0.4421, Test Loss: 1025.3160, Test Node Loss: 406.7349, Test Reg Loss: 6.1858, Test MAPE: 11.9135, Test R: 0.9288, Test RRSE: 0.4267
2025-02-10 15:25:46,352:INFO:Epoch 106: Train Loss: 1014.0465, Train Node Loss: 355.5548, Train Reg Loss: 6.5849, Train MAPE: 11.6559, Train R: 0.9040, Train RRSE: 0.4369, Test Loss: 863.8308, Test Node Loss: 385.7967, Test Reg Loss: 4.7803, Test MAPE: 11.7564, Test R: 0.9295, Test RRSE: 0.3751
2025-02-10 15:25:46,388:INFO:Checkpoint saved at best_0.0008_0.001_256_SAGE_2_32_0.9295_epoch_106.pth
2025-02-10 15:26:00,980:INFO:Epoch 107: Train Loss: 934.1984, Train Node Loss: 359.8436, Train Reg Loss: 5.7435, Train MAPE: 11.7635, Train R: 0.9144, Train RRSE: 0.4080, Test Loss: 1159.9333, Test Node Loss: 334.2100, Test Reg Loss: 8.2572, Test MAPE: 11.3867, Test R: 0.9301, Test RRSE: 0.4930
2025-02-10 15:26:01,000:INFO:Checkpoint saved at best_0.0008_0.001_256_SAGE_2_32_0.9301_epoch_107.pth
2025-02-10 15:26:15,542:INFO:Epoch 108: Train Loss: 1008.1775, Train Node Loss: 356.6096, Train Reg Loss: 6.5157, Train MAPE: 11.5831, Train R: 0.9037, Train RRSE: 0.4346, Test Loss: 2704.0677, Test Node Loss: 286.4330, Test Reg Loss: 24.1763, Test MAPE: 12.6241, Test R: 0.9307, Test RRSE: 0.8435
2025-02-10 15:26:15,558:INFO:Checkpoint saved at best_0.0008_0.001_256_SAGE_2_32_0.9307_epoch_108.pth
2025-02-10 15:26:30,017:INFO:Epoch 109: Train Loss: 1037.9918, Train Node Loss: 345.0388, Train Reg Loss: 6.9295, Train MAPE: 11.8422, Train R: 0.8945, Train RRSE: 0.4481, Test Loss: 1709.8152, Test Node Loss: 301.5204, Test Reg Loss: 14.0829, Test MAPE: 11.8188, Test R: 0.9305, Test RRSE: 0.6438
2025-02-10 15:26:44,430:INFO:Epoch 110: Train Loss: 1143.0268, Train Node Loss: 338.7049, Train Reg Loss: 8.0432, Train MAPE: 11.6894, Train R: 0.8765, Train RRSE: 0.4828, Test Loss: 1239.9383, Test Node Loss: 322.7482, Test Reg Loss: 9.1719, Test MAPE: 11.5453, Test R: 0.9316, Test RRSE: 0.5195
2025-02-10 15:26:44,448:INFO:Checkpoint saved at best_0.0008_0.001_256_SAGE_2_32_0.9316_epoch_110.pth
2025-02-10 15:26:58,783:INFO:Epoch 111: Train Loss: 1080.1981, Train Node Loss: 324.3201, Train Reg Loss: 7.5588, Train MAPE: 11.6083, Train R: 0.8928, Train RRSE: 0.4681, Test Loss: 1046.1087, Test Node Loss: 381.5249, Test Reg Loss: 6.6458, Test MAPE: 12.3731, Test R: 0.9311, Test RRSE: 0.4422
2025-02-10 15:27:13,185:INFO:Epoch 112: Train Loss: 946.2319, Train Node Loss: 325.0679, Train Reg Loss: 6.2116, Train MAPE: 11.3470, Train R: 0.9110, Train RRSE: 0.4243, Test Loss: 815.9468, Test Node Loss: 335.3119, Test Reg Loss: 4.8063, Test MAPE: 11.4050, Test R: 0.9308, Test RRSE: 0.3761
2025-02-10 15:27:27,617:INFO:Epoch 113: Train Loss: 917.1929, Train Node Loss: 324.8256, Train Reg Loss: 5.9237, Train MAPE: 11.4820, Train R: 0.9164, Train RRSE: 0.4143, Test Loss: 1194.4607, Test Node Loss: 304.0500, Test Reg Loss: 8.9041, Test MAPE: 11.3895, Test R: 0.9321, Test RRSE: 0.5119
2025-02-10 15:27:27,658:INFO:Checkpoint saved at best_0.0008_0.001_256_SAGE_2_32_0.9321_epoch_113.pth
2025-02-10 15:27:42,206:INFO:Epoch 114: Train Loss: 805.2239, Train Node Loss: 323.7944, Train Reg Loss: 4.8143, Train MAPE: 11.6252, Train R: 0.9333, Train RRSE: 0.3735, Test Loss: 1516.8848, Test Node Loss: 289.9500, Test Reg Loss: 12.2693, Test MAPE: 11.8303, Test R: 0.9328, Test RRSE: 0.6009
2025-02-10 15:27:42,230:INFO:Checkpoint saved at best_0.0008_0.001_256_SAGE_2_32_0.9328_epoch_114.pth
2025-02-10 15:27:56,648:INFO:Epoch 115: Train Loss: 797.7990, Train Node Loss: 312.4723, Train Reg Loss: 4.8533, Train MAPE: 11.5497, Train R: 0.9322, Train RRSE: 0.3750, Test Loss: 1289.7077, Test Node Loss: 290.1167, Test Reg Loss: 9.9959, Test MAPE: 11.6551, Test R: 0.9324, Test RRSE: 0.5424
2025-02-10 15:28:11,081:INFO:Epoch 116: Train Loss: 882.0795, Train Node Loss: 314.1080, Train Reg Loss: 5.6797, Train MAPE: 11.6729, Train R: 0.9180, Train RRSE: 0.4057, Test Loss: 2653.5311, Test Node Loss: 255.8298, Test Reg Loss: 23.9770, Test MAPE: 12.6298, Test R: 0.9326, Test RRSE: 0.8400
2025-02-10 15:28:25,436:INFO:Epoch 117: Train Loss: 983.1777, Train Node Loss: 301.9491, Train Reg Loss: 6.8123, Train MAPE: 11.8628, Train R: 0.8970, Train RRSE: 0.4443, Test Loss: 2252.1204, Test Node Loss: 255.9495, Test Reg Loss: 19.9617, Test MAPE: 12.4415, Test R: 0.9327, Test RRSE: 0.7665
2025-02-10 15:28:39,778:INFO:Epoch 118: Train Loss: 1106.0325, Train Node Loss: 297.7725, Train Reg Loss: 8.0826, Train MAPE: 11.7277, Train R: 0.8754, Train RRSE: 0.4840, Test Loss: 868.1266, Test Node Loss: 300.4960, Test Reg Loss: 5.6763, Test MAPE: 11.6505, Test R: 0.9330, Test RRSE: 0.4087
2025-02-10 15:28:39,794:INFO:Checkpoint saved at best_0.0008_0.001_256_SAGE_2_32_0.9330_epoch_118.pth
2025-02-10 15:28:54,210:INFO:Epoch 119: Train Loss: 1045.2180, Train Node Loss: 279.6023, Train Reg Loss: 7.6562, Train MAPE: 11.7925, Train R: 0.8963, Train RRSE: 0.4711, Test Loss: 1664.8116, Test Node Loss: 360.8563, Test Reg Loss: 13.0396, Test MAPE: 13.4002, Test R: 0.9320, Test RRSE: 0.6195
2025-02-10 15:29:08,464:INFO:Epoch 120: Train Loss: 1010.4017, Train Node Loss: 293.1636, Train Reg Loss: 7.1724, Train MAPE: 11.8264, Train R: 0.8913, Train RRSE: 0.4559, Test Loss: 1022.8638, Test Node Loss: 285.3369, Test Reg Loss: 7.3753, Test MAPE: 11.6427, Test R: 0.9344, Test RRSE: 0.4659
2025-02-10 15:29:08,489:INFO:Checkpoint saved at best_0.0008_0.001_256_SAGE_2_32_0.9344_epoch_120.pth
2025-02-10 15:29:22,940:INFO:Epoch 121: Train Loss: 893.1262, Train Node Loss: 289.7994, Train Reg Loss: 6.0333, Train MAPE: 11.7574, Train R: 0.9101, Train RRSE: 0.4182, Test Loss: 1549.1152, Test Node Loss: 254.4932, Test Reg Loss: 12.9462, Test MAPE: 11.6208, Test R: 0.9344, Test RRSE: 0.6172
2025-02-10 15:29:22,958:INFO:Checkpoint saved at best_0.0008_0.001_256_SAGE_2_32_0.9344_epoch_121.pth
2025-02-10 15:29:37,265:INFO:Epoch 122: Train Loss: 886.6606, Train Node Loss: 285.7184, Train Reg Loss: 6.0094, Train MAPE: 11.9203, Train R: 0.9105, Train RRSE: 0.4173, Test Loss: 2507.4383, Test Node Loss: 233.0177, Test Reg Loss: 22.7442, Test MAPE: 12.6338, Test R: 0.9347, Test RRSE: 0.8181
2025-02-10 15:29:37,288:INFO:Checkpoint saved at best_0.0008_0.001_256_SAGE_2_32_0.9347_epoch_122.pth
2025-02-10 15:29:51,725:INFO:Epoch 123: Train Loss: 847.5083, Train Node Loss: 273.7382, Train Reg Loss: 5.7377, Train MAPE: 11.6206, Train R: 0.9160, Train RRSE: 0.4078, Test Loss: 946.3161, Test Node Loss: 269.9096, Test Reg Loss: 6.7641, Test MAPE: 11.7137, Test R: 0.9341, Test RRSE: 0.4462
2025-02-10 15:30:06,247:INFO:Epoch 124: Train Loss: 734.5833, Train Node Loss: 269.3884, Train Reg Loss: 4.6519, Train MAPE: 11.5397, Train R: 0.9356, Train RRSE: 0.3672, Test Loss: 795.1739, Test Node Loss: 277.0492, Test Reg Loss: 5.1812, Test MAPE: 11.5331, Test R: 0.9335, Test RRSE: 0.3905
2025-02-10 15:30:20,476:INFO:Epoch 125: Train Loss: 928.6518, Train Node Loss: 263.5384, Train Reg Loss: 6.6511, Train MAPE: 11.5862, Train R: 0.9014, Train RRSE: 0.4391, Test Loss: 1121.3829, Test Node Loss: 310.2106, Test Reg Loss: 8.1117, Test MAPE: 12.6235, Test R: 0.9313, Test RRSE: 0.4886
2025-02-10 15:30:34,888:INFO:Epoch 126: Train Loss: 844.2152, Train Node Loss: 266.8065, Train Reg Loss: 5.7741, Train MAPE: 11.7499, Train R: 0.9137, Train RRSE: 0.4091, Test Loss: 1735.4633, Test Node Loss: 230.0693, Test Reg Loss: 15.0539, Test MAPE: 12.0180, Test R: 0.9350, Test RRSE: 0.6656
2025-02-10 15:30:34,908:INFO:Checkpoint saved at best_0.0008_0.001_256_SAGE_2_32_0.9350_epoch_126.pth
2025-02-10 15:30:49,383:INFO:Epoch 127: Train Loss: 910.1798, Train Node Loss: 258.5295, Train Reg Loss: 6.5165, Train MAPE: 11.7104, Train R: 0.9028, Train RRSE: 0.4346, Test Loss: 2025.3652, Test Node Loss: 221.9076, Test Reg Loss: 18.0346, Test MAPE: 12.2204, Test R: 0.9358, Test RRSE: 0.7285
2025-02-10 15:30:49,400:INFO:Checkpoint saved at best_0.0008_0.001_256_SAGE_2_32_0.9358_epoch_127.pth
2025-02-10 15:31:03,901:INFO:Epoch 128: Train Loss: 800.1429, Train Node Loss: 253.8752, Train Reg Loss: 5.4627, Train MAPE: 11.7742, Train R: 0.9200, Train RRSE: 0.3979, Test Loss: 1136.0678, Test Node Loss: 240.1816, Test Reg Loss: 8.9589, Test MAPE: 11.7536, Test R: 0.9355, Test RRSE: 0.5135
2025-02-10 15:31:18,395:INFO:Epoch 129: Train Loss: 774.4984, Train Node Loss: 257.6373, Train Reg Loss: 5.1686, Train MAPE: 11.7575, Train R: 0.9252, Train RRSE: 0.3870, Test Loss: 3318.5500, Test Node Loss: 195.6274, Test Reg Loss: 31.2292, Test MAPE: 13.3309, Test R: 0.9361, Test RRSE: 0.9587
2025-02-10 15:31:18,416:INFO:Checkpoint saved at best_0.0008_0.001_256_SAGE_2_32_0.9361_epoch_129.pth
2025-02-10 15:31:32,877:INFO:Epoch 130: Train Loss: 1094.7265, Train Node Loss: 251.0618, Train Reg Loss: 8.4366, Train MAPE: 12.0475, Train R: 0.8698, Train RRSE: 0.4945, Test Loss: 1986.5980, Test Node Loss: 209.0538, Test Reg Loss: 17.7754, Test MAPE: 12.2633, Test R: 0.9362, Test RRSE: 0.7233
2025-02-10 15:31:32,893:INFO:Checkpoint saved at best_0.0008_0.001_256_SAGE_2_32_0.9362_epoch_130.pth
2025-02-10 15:31:47,288:INFO:Epoch 131: Train Loss: 969.1260, Train Node Loss: 229.2429, Train Reg Loss: 7.3988, Train MAPE: 11.3629, Train R: 0.9001, Train RRSE: 0.4631, Test Loss: 1494.6433, Test Node Loss: 299.6002, Test Reg Loss: 11.9504, Test MAPE: 13.3196, Test R: 0.9357, Test RRSE: 0.5930
2025-02-10 15:32:01,826:INFO:Epoch 132: Train Loss: 907.8531, Train Node Loss: 238.0960, Train Reg Loss: 6.6976, Train MAPE: 11.7267, Train R: 0.8998, Train RRSE: 0.4406, Test Loss: 865.7918, Test Node Loss: 243.4130, Test Reg Loss: 6.2238, Test MAPE: 11.5920, Test R: 0.9384, Test RRSE: 0.4280
2025-02-10 15:32:01,844:INFO:Checkpoint saved at best_0.0008_0.001_256_SAGE_2_32_0.9384_epoch_132.pth
2025-02-10 15:32:16,462:INFO:Epoch 133: Train Loss: 1197.8861, Train Node Loss: 241.8064, Train Reg Loss: 9.5608, Train MAPE: 11.7962, Train R: 0.8507, Train RRSE: 0.5264, Test Loss: 1833.2424, Test Node Loss: 200.1291, Test Reg Loss: 16.3311, Test MAPE: 11.9188, Test R: 0.9375, Test RRSE: 0.6933
2025-02-10 15:32:30,833:INFO:Epoch 134: Train Loss: 1470.8084, Train Node Loss: 238.1759, Train Reg Loss: 12.3263, Train MAPE: 12.3097, Train R: 0.8095, Train RRSE: 0.5977, Test Loss: 5022.7162, Test Node Loss: 164.3601, Test Reg Loss: 48.5836, Test MAPE: 14.6447, Test R: 0.9363, Test RRSE: 1.1957
2025-02-10 15:32:45,297:INFO:Epoch 135: Train Loss: 859.3915, Train Node Loss: 228.5636, Train Reg Loss: 6.3083, Train MAPE: 11.4970, Train R: 0.9040, Train RRSE: 0.4276, Test Loss: 771.5348, Test Node Loss: 233.7713, Test Reg Loss: 5.3776, Test MAPE: 11.6187, Test R: 0.9371, Test RRSE: 0.3978
2025-02-10 15:32:59,811:INFO:Epoch 136: Train Loss: 775.8918, Train Node Loss: 214.8759, Train Reg Loss: 5.6102, Train MAPE: 11.4648, Train R: 0.9233, Train RRSE: 0.4032, Test Loss: 670.3306, Test Node Loss: 228.6754, Test Reg Loss: 4.4166, Test MAPE: 11.5894, Test R: 0.9350, Test RRSE: 0.3605
2025-02-10 15:33:14,120:INFO:Epoch 137: Train Loss: 787.9367, Train Node Loss: 213.9605, Train Reg Loss: 5.7398, Train MAPE: 11.3848, Train R: 0.9199, Train RRSE: 0.4079, Test Loss: 830.0593, Test Node Loss: 215.1329, Test Reg Loss: 6.1493, Test MAPE: 11.5844, Test R: 0.9360, Test RRSE: 0.4254
2025-02-10 15:33:28,513:INFO:Epoch 138: Train Loss: 775.4914, Train Node Loss: 218.4547, Train Reg Loss: 5.5704, Train MAPE: 11.6671, Train R: 0.9184, Train RRSE: 0.4018, Test Loss: 1841.0730, Test Node Loss: 182.8536, Test Reg Loss: 16.5822, Test MAPE: 12.1810, Test R: 0.9362, Test RRSE: 0.6986
2025-02-10 15:33:42,968:INFO:Epoch 139: Train Loss: 732.2405, Train Node Loss: 208.0586, Train Reg Loss: 5.2418, Train MAPE: 11.6783, Train R: 0.9225, Train RRSE: 0.3898, Test Loss: 736.9234, Test Node Loss: 215.6155, Test Reg Loss: 5.2131, Test MAPE: 11.7698, Test R: 0.9357, Test RRSE: 0.3917
2025-02-10 15:33:57,363:INFO:Epoch 140: Train Loss: 698.9297, Train Node Loss: 207.0712, Train Reg Loss: 4.9186, Train MAPE: 11.7240, Train R: 0.9290, Train RRSE: 0.3776, Test Loss: 735.4370, Test Node Loss: 207.0878, Test Reg Loss: 5.2835, Test MAPE: 11.6752, Test R: 0.9360, Test RRSE: 0.3943
2025-02-10 15:34:11,768:INFO:Epoch 141: Train Loss: 719.3582, Train Node Loss: 204.5896, Train Reg Loss: 5.1477, Train MAPE: 11.6760, Train R: 0.9258, Train RRSE: 0.3863, Test Loss: 1091.6805, Test Node Loss: 191.0365, Test Reg Loss: 9.0064, Test MAPE: 11.7960, Test R: 0.9368, Test RRSE: 0.5148
2025-02-10 15:34:25,953:INFO:Epoch 142: Train Loss: 701.5901, Train Node Loss: 206.7465, Train Reg Loss: 4.9484, Train MAPE: 11.7941, Train R: 0.9297, Train RRSE: 0.3787, Test Loss: 2007.4103, Test Node Loss: 173.6126, Test Reg Loss: 18.3380, Test MAPE: 12.5569, Test R: 0.9374, Test RRSE: 0.7346
2025-02-10 15:34:40,392:INFO:Epoch 143: Train Loss: 685.1380, Train Node Loss: 197.4171, Train Reg Loss: 4.8772, Train MAPE: 11.6991, Train R: 0.9293, Train RRSE: 0.3760, Test Loss: 1021.3330, Test Node Loss: 189.8253, Test Reg Loss: 8.3151, Test MAPE: 11.7060, Test R: 0.9361, Test RRSE: 0.4947
2025-02-10 15:34:54,703:INFO:Epoch 144: Train Loss: 702.0179, Train Node Loss: 192.3601, Train Reg Loss: 5.0966, Train MAPE: 11.7446, Train R: 0.9262, Train RRSE: 0.3843, Test Loss: 676.5408, Test Node Loss: 199.5184, Test Reg Loss: 4.7702, Test MAPE: 11.8227, Test R: 0.9360, Test RRSE: 0.3747
2025-02-10 15:35:09,186:INFO:Epoch 145: Train Loss: 659.3834, Train Node Loss: 189.5869, Train Reg Loss: 4.6980, Train MAPE: 11.7232, Train R: 0.9346, Train RRSE: 0.3690, Test Loss: 628.0087, Test Node Loss: 207.1022, Test Reg Loss: 4.2091, Test MAPE: 12.0475, Test R: 0.9370, Test RRSE: 0.3520
2025-02-10 15:35:23,546:INFO:Epoch 146: Train Loss: 758.0144, Train Node Loss: 196.5302, Train Reg Loss: 5.6148, Train MAPE: 12.0218, Train R: 0.9158, Train RRSE: 0.4034, Test Loss: 738.9395, Test Node Loss: 190.7529, Test Reg Loss: 5.4819, Test MAPE: 11.7896, Test R: 0.9378, Test RRSE: 0.4017
2025-02-10 15:35:38,023:INFO:Epoch 147: Train Loss: 652.0677, Train Node Loss: 189.6926, Train Reg Loss: 4.6238, Train MAPE: 11.7288, Train R: 0.9334, Train RRSE: 0.3661, Test Loss: 847.6309, Test Node Loss: 184.1555, Test Reg Loss: 6.6348, Test MAPE: 11.9207, Test R: 0.9385, Test RRSE: 0.4419
2025-02-10 15:35:38,040:INFO:Checkpoint saved at best_0.0008_0.001_256_SAGE_2_32_0.9385_epoch_147.pth
2025-02-10 15:35:52,359:INFO:Epoch 148: Train Loss: 617.2565, Train Node Loss: 187.8125, Train Reg Loss: 4.2944, Train MAPE: 11.8508, Train R: 0.9374, Train RRSE: 0.3528, Test Loss: 2727.4405, Test Node Loss: 151.0997, Test Reg Loss: 25.7634, Test MAPE: 13.1314, Test R: 0.9396, Test RRSE: 0.8707
2025-02-10 15:35:52,380:INFO:Checkpoint saved at best_0.0008_0.001_256_SAGE_2_32_0.9396_epoch_148.pth
2025-02-10 15:36:06,847:INFO:Epoch 149: Train Loss: 690.3122, Train Node Loss: 182.0747, Train Reg Loss: 5.0824, Train MAPE: 11.9087, Train R: 0.9244, Train RRSE: 0.3838, Test Loss: 1013.7368, Test Node Loss: 171.2507, Test Reg Loss: 8.4249, Test MAPE: 11.8716, Test R: 0.9393, Test RRSE: 0.4979
2025-02-10 15:36:21,301:INFO:Epoch 150: Train Loss: 796.3067, Train Node Loss: 181.2193, Train Reg Loss: 6.1509, Train MAPE: 11.8383, Train R: 0.9074, Train RRSE: 0.4222, Test Loss: 1012.2635, Test Node Loss: 171.6668, Test Reg Loss: 8.4060, Test MAPE: 11.8990, Test R: 0.9395, Test RRSE: 0.4974
2025-02-10 15:36:35,251:INFO:Epoch 151: Train Loss: 654.2839, Train Node Loss: 172.8807, Train Reg Loss: 4.8140, Train MAPE: 11.6700, Train R: 0.9322, Train RRSE: 0.3735, Test Loss: 602.8133, Test Node Loss: 183.2503, Test Reg Loss: 4.1956, Test MAPE: 11.6813, Test R: 0.9374, Test RRSE: 0.3514
2025-02-10 15:36:49,551:INFO:Epoch 152: Train Loss: 616.5744, Train Node Loss: 174.3891, Train Reg Loss: 4.4219, Train MAPE: 11.7726, Train R: 0.9355, Train RRSE: 0.3580, Test Loss: 926.2867, Test Node Loss: 167.7863, Test Reg Loss: 7.5850, Test MAPE: 11.8917, Test R: 0.9390, Test RRSE: 0.4725
2025-02-10 15:37:03,980:INFO:Epoch 153: Train Loss: 644.4175, Train Node Loss: 170.7109, Train Reg Loss: 4.7371, Train MAPE: 11.7261, Train R: 0.9304, Train RRSE: 0.3705, Test Loss: 598.6947, Test Node Loss: 184.6144, Test Reg Loss: 4.1408, Test MAPE: 11.9936, Test R: 0.9374, Test RRSE: 0.3491
2025-02-10 15:37:18,508:INFO:Epoch 154: Train Loss: 609.2932, Train Node Loss: 168.8193, Train Reg Loss: 4.4047, Train MAPE: 11.6660, Train R: 0.9363, Train RRSE: 0.3573, Test Loss: 1131.6464, Test Node Loss: 157.5937, Test Reg Loss: 9.7405, Test MAPE: 12.0779, Test R: 0.9390, Test RRSE: 0.5354
2025-02-10 15:37:32,863:INFO:Epoch 155: Train Loss: 583.2538, Train Node Loss: 168.7833, Train Reg Loss: 4.1447, Train MAPE: 11.8871, Train R: 0.9397, Train RRSE: 0.3466, Test Loss: 1247.4083, Test Node Loss: 157.7348, Test Reg Loss: 10.8967, Test MAPE: 12.3315, Test R: 0.9392, Test RRSE: 0.5663
2025-02-10 15:37:47,287:INFO:Epoch 156: Train Loss: 673.0782, Train Node Loss: 168.6268, Train Reg Loss: 5.0445, Train MAPE: 11.9429, Train R: 0.9243, Train RRSE: 0.3824, Test Loss: 3292.2660, Test Node Loss: 132.6513, Test Reg Loss: 31.5961, Test MAPE: 13.7910, Test R: 0.9404, Test RRSE: 0.9643
2025-02-10 15:37:47,313:INFO:Checkpoint saved at best_0.0008_0.001_256_SAGE_2_32_0.9404_epoch_156.pth
2025-02-10 15:38:01,839:INFO:Epoch 157: Train Loss: 735.3940, Train Node Loss: 163.8863, Train Reg Loss: 5.7151, Train MAPE: 11.8946, Train R: 0.9141, Train RRSE: 0.4070, Test Loss: 975.8828, Test Node Loss: 149.5946, Test Reg Loss: 8.2629, Test MAPE: 11.8622, Test R: 0.9389, Test RRSE: 0.4931
2025-02-10 15:38:16,400:INFO:Epoch 158: Train Loss: 833.6465, Train Node Loss: 159.6316, Train Reg Loss: 6.7401, Train MAPE: 11.6372, Train R: 0.8980, Train RRSE: 0.4420, Test Loss: 732.6044, Test Node Loss: 163.3254, Test Reg Loss: 5.6928, Test MAPE: 11.9270, Test R: 0.9402, Test RRSE: 0.4093
2025-02-10 15:38:31,053:INFO:Epoch 159: Train Loss: 820.4397, Train Node Loss: 154.5310, Train Reg Loss: 6.6591, Train MAPE: 11.8285, Train R: 0.9001, Train RRSE: 0.4393, Test Loss: 856.4971, Test Node Loss: 182.3403, Test Reg Loss: 6.7416, Test MAPE: 12.5972, Test R: 0.9375, Test RRSE: 0.4454
2025-02-10 15:38:45,798:INFO:Epoch 160: Train Loss: 614.7316, Train Node Loss: 152.3858, Train Reg Loss: 4.6235, Train MAPE: 11.7503, Train R: 0.9324, Train RRSE: 0.3661, Test Loss: 932.4756, Test Node Loss: 146.7321, Test Reg Loss: 7.8574, Test MAPE: 11.7778, Test R: 0.9402, Test RRSE: 0.4809
2025-02-10 15:39:00,302:INFO:Epoch 161: Train Loss: 577.6756, Train Node Loss: 149.6955, Train Reg Loss: 4.2798, Train MAPE: 11.6767, Train R: 0.9404, Train RRSE: 0.3522, Test Loss: 1021.9837, Test Node Loss: 144.8450, Test Reg Loss: 8.7714, Test MAPE: 12.0759, Test R: 0.9400, Test RRSE: 0.5081
2025-02-10 15:39:14,665:INFO:Epoch 162: Train Loss: 559.0165, Train Node Loss: 151.0326, Train Reg Loss: 4.0798, Train MAPE: 11.9025, Train R: 0.9403, Train RRSE: 0.3439, Test Loss: 984.0481, Test Node Loss: 142.6561, Test Reg Loss: 8.4139, Test MAPE: 12.1972, Test R: 0.9395, Test RRSE: 0.4976
2025-02-10 15:39:29,232:INFO:Epoch 163: Train Loss: 528.9565, Train Node Loss: 144.5383, Train Reg Loss: 3.8442, Train MAPE: 11.7571, Train R: 0.9450, Train RRSE: 0.3338, Test Loss: 716.6204, Test Node Loss: 146.9817, Test Reg Loss: 5.6964, Test MAPE: 11.9157, Test R: 0.9396, Test RRSE: 0.4094
2025-02-10 15:39:43,895:INFO:Epoch 164: Train Loss: 683.7258, Train Node Loss: 142.0929, Train Reg Loss: 5.4163, Train MAPE: 11.6212, Train R: 0.9211, Train RRSE: 0.3962, Test Loss: 674.6838, Test Node Loss: 169.2764, Test Reg Loss: 5.0541, Test MAPE: 12.5208, Test R: 0.9389, Test RRSE: 0.3857
2025-02-10 15:39:58,355:INFO:Epoch 165: Train Loss: 817.6481, Train Node Loss: 146.7283, Train Reg Loss: 6.7092, Train MAPE: 12.1928, Train R: 0.8980, Train RRSE: 0.4410, Test Loss: 827.9378, Test Node Loss: 140.2666, Test Reg Loss: 6.8767, Test MAPE: 12.0391, Test R: 0.9406, Test RRSE: 0.4499
2025-02-10 15:39:58,374:INFO:Checkpoint saved at best_0.0008_0.001_256_SAGE_2_32_0.9406_epoch_165.pth
2025-02-10 15:40:12,895:INFO:Epoch 166: Train Loss: 629.5166, Train Node Loss: 145.8586, Train Reg Loss: 4.8366, Train MAPE: 11.8576, Train R: 0.9308, Train RRSE: 0.3744, Test Loss: 2576.9169, Test Node Loss: 115.4386, Test Reg Loss: 24.6148, Test MAPE: 13.0365, Test R: 0.9432, Test RRSE: 0.8511
2025-02-10 15:40:12,920:INFO:Checkpoint saved at best_0.0008_0.001_256_SAGE_2_32_0.9432_epoch_166.pth
2025-02-10 15:40:27,226:INFO:Epoch 167: Train Loss: 687.8942, Train Node Loss: 137.6878, Train Reg Loss: 5.5021, Train MAPE: 11.4843, Train R: 0.9205, Train RRSE: 0.3993, Test Loss: 687.8061, Test Node Loss: 140.5971, Test Reg Loss: 5.4721, Test MAPE: 11.9294, Test R: 0.9412, Test RRSE: 0.4013
2025-02-10 15:40:41,459:INFO:Epoch 168: Train Loss: 514.2861, Train Node Loss: 141.9572, Train Reg Loss: 3.7233, Train MAPE: 11.9273, Train R: 0.9474, Train RRSE: 0.3285, Test Loss: 2784.4650, Test Node Loss: 113.4849, Test Reg Loss: 26.7098, Test MAPE: 13.3131, Test R: 0.9422, Test RRSE: 0.8866
2025-02-10 15:40:55,625:INFO:Epoch 169: Train Loss: 752.2563, Train Node Loss: 138.0802, Train Reg Loss: 6.1418, Train MAPE: 12.0812, Train R: 0.9068, Train RRSE: 0.4219, Test Loss: 1070.3591, Test Node Loss: 127.8758, Test Reg Loss: 9.4248, Test MAPE: 12.1871, Test R: 0.9413, Test RRSE: 0.5267
2025-02-10 15:41:10,056:INFO:Epoch 170: Train Loss: 699.2307, Train Node Loss: 131.7429, Train Reg Loss: 5.6749, Train MAPE: 11.7031, Train R: 0.9161, Train RRSE: 0.4056, Test Loss: 535.2771, Test Node Loss: 147.5311, Test Reg Loss: 3.8775, Test MAPE: 12.2271, Test R: 0.9413, Test RRSE: 0.3378
2025-02-10 15:41:24,452:INFO:Epoch 171: Train Loss: 662.8540, Train Node Loss: 127.3757, Train Reg Loss: 5.3548, Train MAPE: 11.5690, Train R: 0.9260, Train RRSE: 0.3939, Test Loss: 527.9718, Test Node Loss: 146.4960, Test Reg Loss: 3.8148, Test MAPE: 12.0845, Test R: 0.9422, Test RRSE: 0.3351
2025-02-10 15:41:38,870:INFO:Epoch 172: Train Loss: 714.0552, Train Node Loss: 132.2245, Train Reg Loss: 5.8183, Train MAPE: 11.8303, Train R: 0.9130, Train RRSE: 0.4106, Test Loss: 1376.4221, Test Node Loss: 116.0830, Test Reg Loss: 12.6034, Test MAPE: 12.1219, Test R: 0.9426, Test RRSE: 0.6090
2025-02-10 15:41:53,176:INFO:Epoch 173: Train Loss: 597.4493, Train Node Loss: 130.1945, Train Reg Loss: 4.6725, Train MAPE: 11.6885, Train R: 0.9349, Train RRSE: 0.3680, Test Loss: 1361.1180, Test Node Loss: 115.6189, Test Reg Loss: 12.4550, Test MAPE: 12.1650, Test R: 0.9431, Test RRSE: 0.6054
2025-02-10 15:42:07,474:INFO:Epoch 174: Train Loss: 608.2122, Train Node Loss: 125.2262, Train Reg Loss: 4.8299, Train MAPE: 11.6238, Train R: 0.9302, Train RRSE: 0.3741, Test Loss: 599.6478, Test Node Loss: 134.8131, Test Reg Loss: 4.6483, Test MAPE: 12.0083, Test R: 0.9416, Test RRSE: 0.3699
2025-02-10 15:42:21,829:INFO:Epoch 175: Train Loss: 634.3825, Train Node Loss: 125.8155, Train Reg Loss: 5.0857, Train MAPE: 11.8268, Train R: 0.9236, Train RRSE: 0.3839, Test Loss: 1911.9046, Test Node Loss: 108.8929, Test Reg Loss: 18.0301, Test MAPE: 12.8293, Test R: 0.9429, Test RRSE: 0.7284
2025-02-10 15:42:36,052:INFO:Epoch 176: Train Loss: 575.3117, Train Node Loss: 128.2575, Train Reg Loss: 4.4705, Train MAPE: 11.9513, Train R: 0.9388, Train RRSE: 0.3600, Test Loss: 2592.9802, Test Node Loss: 100.0744, Test Reg Loss: 24.9291, Test MAPE: 13.3182, Test R: 0.9430, Test RRSE: 0.8565
2025-02-10 15:42:50,362:INFO:Epoch 177: Train Loss: 688.4644, Train Node Loss: 118.3841, Train Reg Loss: 5.7008, Train MAPE: 11.8546, Train R: 0.9147, Train RRSE: 0.4065, Test Loss: 969.9153, Test Node Loss: 110.1973, Test Reg Loss: 8.5972, Test MAPE: 11.9121, Test R: 0.9406, Test RRSE: 0.5030
2025-02-10 15:43:04,531:INFO:Epoch 178: Train Loss: 829.7161, Train Node Loss: 116.1465, Train Reg Loss: 7.1357, Train MAPE: 11.8618, Train R: 0.8908, Train RRSE: 0.4548, Test Loss: 803.4250, Test Node Loss: 118.0501, Test Reg Loss: 6.8537, Test MAPE: 11.9036, Test R: 0.9426, Test RRSE: 0.4491
2025-02-10 15:43:18,796:INFO:Epoch 179: Train Loss: 582.3621, Train Node Loss: 118.3357, Train Reg Loss: 4.6403, Train MAPE: 11.6329, Train R: 0.9334, Train RRSE: 0.3667, Test Loss: 2115.7728, Test Node Loss: 105.1952, Test Reg Loss: 20.1058, Test MAPE: 12.7438, Test R: 0.9427, Test RRSE: 0.7692
2025-02-10 15:43:33,168:INFO:Epoch 180: Train Loss: 517.3718, Train Node Loss: 116.0241, Train Reg Loss: 4.0135, Train MAPE: 11.8269, Train R: 0.9433, Train RRSE: 0.3411, Test Loss: 514.1987, Test Node Loss: 129.9488, Test Reg Loss: 3.8425, Test MAPE: 12.2882, Test R: 0.9424, Test RRSE: 0.3363
2025-02-10 15:43:47,508:INFO:Epoch 181: Train Loss: 686.8033, Train Node Loss: 114.4219, Train Reg Loss: 5.7238, Train MAPE: 11.8590, Train R: 0.9137, Train RRSE: 0.4073, Test Loss: 842.8862, Test Node Loss: 108.4879, Test Reg Loss: 7.3440, Test MAPE: 12.0300, Test R: 0.9419, Test RRSE: 0.4649
2025-02-10 15:44:01,945:INFO:Epoch 182: Train Loss: 528.5388, Train Node Loss: 114.3053, Train Reg Loss: 4.1423, Train MAPE: 12.0014, Train R: 0.9403, Train RRSE: 0.3465, Test Loss: 2462.8145, Test Node Loss: 95.2818, Test Reg Loss: 23.6753, Test MAPE: 13.0968, Test R: 0.9447, Test RRSE: 0.8347
2025-02-10 15:44:01,978:INFO:Checkpoint saved at best_0.0008_0.001_256_SAGE_2_32_0.9447_epoch_182.pth
2025-02-10 15:44:16,517:INFO:Epoch 183: Train Loss: 564.1185, Train Node Loss: 113.8284, Train Reg Loss: 4.5029, Train MAPE: 11.9233, Train R: 0.9330, Train RRSE: 0.3613, Test Loss: 904.5158, Test Node Loss: 112.6841, Test Reg Loss: 7.9183, Test MAPE: 12.2234, Test R: 0.9438, Test RRSE: 0.4827
2025-02-10 15:44:30,859:INFO:Epoch 184: Train Loss: 751.1632, Train Node Loss: 110.6146, Train Reg Loss: 6.4055, Train MAPE: 11.8340, Train R: 0.9029, Train RRSE: 0.4309, Test Loss: 689.4989, Test Node Loss: 110.6196, Test Reg Loss: 5.7888, Test MAPE: 11.8819, Test R: 0.9439, Test RRSE: 0.4127
2025-02-10 15:44:45,254:INFO:Epoch 185: Train Loss: 577.4510, Train Node Loss: 106.2021, Train Reg Loss: 4.7125, Train MAPE: 11.7054, Train R: 0.9316, Train RRSE: 0.3696, Test Loss: 763.8505, Test Node Loss: 108.2558, Test Reg Loss: 6.5559, Test MAPE: 12.0395, Test R: 0.9435, Test RRSE: 0.4392
2025-02-10 15:44:59,574:INFO:Epoch 186: Train Loss: 633.6037, Train Node Loss: 104.3520, Train Reg Loss: 5.2925, Train MAPE: 11.7209, Train R: 0.9229, Train RRSE: 0.3917, Test Loss: 514.5539, Test Node Loss: 121.6222, Test Reg Loss: 3.9293, Test MAPE: 12.2334, Test R: 0.9423, Test RRSE: 0.3401
2025-02-10 15:45:14,085:INFO:Epoch 187: Train Loss: 934.1919, Train Node Loss: 105.6214, Train Reg Loss: 8.2857, Train MAPE: 12.2305, Train R: 0.8747, Train RRSE: 0.4900, Test Loss: 1019.1125, Test Node Loss: 100.5611, Test Reg Loss: 9.1855, Test MAPE: 12.3478, Test R: 0.9438, Test RRSE: 0.5199
2025-02-10 15:45:28,366:INFO:Epoch 188: Train Loss: 672.0091, Train Node Loss: 106.4806, Train Reg Loss: 5.6553, Train MAPE: 12.1561, Train R: 0.9194, Train RRSE: 0.4049, Test Loss: 1810.4194, Test Node Loss: 86.2045, Test Reg Loss: 17.2421, Test MAPE: 12.3897, Test R: 0.9446, Test RRSE: 0.7123
2025-02-10 15:45:42,530:INFO:Epoch 189: Train Loss: 806.0780, Train Node Loss: 104.0226, Train Reg Loss: 7.0206, Train MAPE: 12.0357, Train R: 0.8938, Train RRSE: 0.4511, Test Loss: 1829.8777, Test Node Loss: 89.1183, Test Reg Loss: 17.4076, Test MAPE: 12.3681, Test R: 0.9446, Test RRSE: 0.7157
2025-02-10 15:45:56,768:INFO:Epoch 190: Train Loss: 694.5158, Train Node Loss: 93.0543, Train Reg Loss: 6.0146, Train MAPE: 11.6333, Train R: 0.9180, Train RRSE: 0.4175, Test Loss: 654.3944, Test Node Loss: 119.0047, Test Reg Loss: 5.3539, Test MAPE: 12.5529, Test R: 0.9421, Test RRSE: 0.3969
2025-02-10 15:46:11,089:INFO:Epoch 191: Train Loss: 530.7822, Train Node Loss: 96.9426, Train Reg Loss: 4.3384, Train MAPE: 11.8883, Train R: 0.9362, Train RRSE: 0.3546, Test Loss: 1216.2391, Test Node Loss: 86.6128, Test Reg Loss: 11.2963, Test MAPE: 12.1204, Test R: 0.9432, Test RRSE: 0.5766
2025-02-10 15:46:25,321:INFO:Epoch 192: Train Loss: 680.3345, Train Node Loss: 98.7024, Train Reg Loss: 5.8163, Train MAPE: 11.9371, Train R: 0.9156, Train RRSE: 0.4106, Test Loss: 3240.9975, Test Node Loss: 71.7356, Test Reg Loss: 31.6926, Test MAPE: 13.6578, Test R: 0.9442, Test RRSE: 0.9658
2025-02-10 15:46:39,369:INFO:Epoch 193: Train Loss: 788.7192, Train Node Loss: 87.3178, Train Reg Loss: 7.0140, Train MAPE: 11.8869, Train R: 0.8990, Train RRSE: 0.4509, Test Loss: 699.3487, Test Node Loss: 109.8061, Test Reg Loss: 5.8954, Test MAPE: 12.6239, Test R: 0.9400, Test RRSE: 0.4165
2025-02-10 15:46:53,466:INFO:Epoch 194: Train Loss: 573.2115, Train Node Loss: 90.1615, Train Reg Loss: 4.8305, Train MAPE: 11.7752, Train R: 0.9284, Train RRSE: 0.3742, Test Loss: 2342.5369, Test Node Loss: 79.0566, Test Reg Loss: 22.6348, Test MAPE: 13.0339, Test R: 0.9433, Test RRSE: 0.8162
2025-02-10 15:47:07,705:INFO:Epoch 195: Train Loss: 491.9693, Train Node Loss: 92.0984, Train Reg Loss: 3.9987, Train MAPE: 11.8101, Train R: 0.9439, Train RRSE: 0.3404, Test Loss: 1226.9431, Test Node Loss: 83.0283, Test Reg Loss: 11.4391, Test MAPE: 12.2707, Test R: 0.9433, Test RRSE: 0.5802
2025-02-10 15:47:21,963:INFO:Epoch 196: Train Loss: 584.3017, Train Node Loss: 87.0524, Train Reg Loss: 4.9725, Train MAPE: 11.9423, Train R: 0.9258, Train RRSE: 0.3796, Test Loss: 1048.7139, Test Node Loss: 83.3952, Test Reg Loss: 9.6532, Test MAPE: 12.2239, Test R: 0.9428, Test RRSE: 0.5330
2025-02-10 15:47:36,245:INFO:Epoch 197: Train Loss: 457.3197, Train Node Loss: 85.8850, Train Reg Loss: 3.7143, Train MAPE: 11.8630, Train R: 0.9464, Train RRSE: 0.3281, Test Loss: 714.5661, Test Node Loss: 89.5432, Test Reg Loss: 6.2502, Test MAPE: 12.2944, Test R: 0.9429, Test RRSE: 0.4289
2025-02-10 15:47:50,342:INFO:Epoch 198: Train Loss: 510.5429, Train Node Loss: 85.3332, Train Reg Loss: 4.2521, Train MAPE: 11.9506, Train R: 0.9373, Train RRSE: 0.3511, Test Loss: 640.1627, Test Node Loss: 89.9711, Test Reg Loss: 5.5019, Test MAPE: 12.3224, Test R: 0.9428, Test RRSE: 0.4024
2025-02-10 15:48:04,524:INFO:Epoch 199: Train Loss: 579.8207, Train Node Loss: 83.8176, Train Reg Loss: 4.9600, Train MAPE: 11.8966, Train R: 0.9265, Train RRSE: 0.3792, Test Loss: 509.1941, Test Node Loss: 89.6812, Test Reg Loss: 4.1951, Test MAPE: 12.3021, Test R: 0.9400, Test RRSE: 0.3514
2025-02-10 15:48:18,717:INFO:Epoch 200: Train Loss: 583.5794, Train Node Loss: 85.1647, Train Reg Loss: 4.9841, Train MAPE: 12.1902, Train R: 0.9271, Train RRSE: 0.3801, Test Loss: 2530.6909, Test Node Loss: 66.1918, Test Reg Loss: 24.6450, Test MAPE: 13.2324, Test R: 0.9436, Test RRSE: 0.8516
2025-02-10 15:48:33,140:INFO:Epoch 201: Train Loss: 529.7361, Train Node Loss: 82.3517, Train Reg Loss: 4.4738, Train MAPE: 12.0895, Train R: 0.9332, Train RRSE: 0.3601, Test Loss: 1055.5001, Test Node Loss: 77.2968, Test Reg Loss: 9.7820, Test MAPE: 12.2432, Test R: 0.9437, Test RRSE: 0.5365
2025-02-10 15:48:47,373:INFO:Epoch 202: Train Loss: 549.2200, Train Node Loss: 78.7886, Train Reg Loss: 4.7043, Train MAPE: 11.7298, Train R: 0.9321, Train RRSE: 0.3692, Test Loss: 712.5139, Test Node Loss: 81.7429, Test Reg Loss: 6.3077, Test MAPE: 11.8952, Test R: 0.9440, Test RRSE: 0.4308
2025-02-10 15:49:01,627:INFO:Epoch 203: Train Loss: 599.0560, Train Node Loss: 78.1330, Train Reg Loss: 5.2092, Train MAPE: 11.6620, Train R: 0.9230, Train RRSE: 0.3886, Test Loss: 1589.0613, Test Node Loss: 70.1289, Test Reg Loss: 15.1893, Test MAPE: 12.6718, Test R: 0.9447, Test RRSE: 0.6686
2025-02-10 15:49:01,647:INFO:Checkpoint saved at best_0.0008_0.001_256_SAGE_2_32_0.9447_epoch_203.pth
2025-02-10 15:49:15,932:INFO:Epoch 204: Train Loss: 492.4426, Train Node Loss: 81.1647, Train Reg Loss: 4.1128, Train MAPE: 12.1473, Train R: 0.9427, Train RRSE: 0.3453, Test Loss: 2210.7857, Test Node Loss: 65.6073, Test Reg Loss: 21.4518, Test MAPE: 13.2163, Test R: 0.9440, Test RRSE: 0.7945
2025-02-10 15:49:30,189:INFO:Epoch 205: Train Loss: 522.2332, Train Node Loss: 75.1627, Train Reg Loss: 4.4707, Train MAPE: 11.8941, Train R: 0.9339, Train RRSE: 0.3600, Test Loss: 549.4980, Test Node Loss: 82.3907, Test Reg Loss: 4.6711, Test MAPE: 12.3508, Test R: 0.9428, Test RRSE: 0.3708
2025-02-10 15:49:44,431:INFO:Epoch 206: Train Loss: 610.0528, Train Node Loss: 73.4127, Train Reg Loss: 5.3664, Train MAPE: 11.7962, Train R: 0.9210, Train RRSE: 0.3944, Test Loss: 564.6609, Test Node Loss: 78.4878, Test Reg Loss: 4.8617, Test MAPE: 12.2121, Test R: 0.9438, Test RRSE: 0.3783
2025-02-10 15:49:58,782:INFO:Epoch 207: Train Loss: 514.9486, Train Node Loss: 74.3756, Train Reg Loss: 4.4057, Train MAPE: 11.7722, Train R: 0.9363, Train RRSE: 0.3573, Test Loss: 1101.4284, Test Node Loss: 70.8447, Test Reg Loss: 10.3058, Test MAPE: 12.4079, Test R: 0.9449, Test RRSE: 0.5507
2025-02-10 15:49:58,803:INFO:Checkpoint saved at best_0.0008_0.001_256_SAGE_2_32_0.9449_epoch_207.pth
2025-02-10 15:50:13,140:INFO:Epoch 208: Train Loss: 558.7915, Train Node Loss: 72.2626, Train Reg Loss: 4.8653, Train MAPE: 11.9051, Train R: 0.9277, Train RRSE: 0.3755, Test Loss: 503.6581, Test Node Loss: 78.8791, Test Reg Loss: 4.2478, Test MAPE: 12.3930, Test R: 0.9428, Test RRSE: 0.3536
2025-02-10 15:50:27,561:INFO:Epoch 209: Train Loss: 577.0058, Train Node Loss: 70.5368, Train Reg Loss: 5.0647, Train MAPE: 12.0742, Train R: 0.9240, Train RRSE: 0.3831, Test Loss: 496.2948, Test Node Loss: 75.2200, Test Reg Loss: 4.2107, Test MAPE: 12.2559, Test R: 0.9430, Test RRSE: 0.3520
2025-02-10 15:50:42,100:INFO:Epoch 210: Train Loss: 435.7000, Train Node Loss: 71.2629, Train Reg Loss: 3.6444, Train MAPE: 11.9990, Train R: 0.9465, Train RRSE: 0.3250, Test Loss: 3406.8445, Test Node Loss: 55.5548, Test Reg Loss: 33.5129, Test MAPE: 14.0067, Test R: 0.9464, Test RRSE: 0.9931
2025-02-10 15:50:42,128:INFO:Checkpoint saved at best_0.0008_0.001_256_SAGE_2_32_0.9464_epoch_210.pth
2025-02-10 15:50:56,544:INFO:Epoch 211: Train Loss: 501.7061, Train Node Loss: 69.9556, Train Reg Loss: 4.3175, Train MAPE: 11.9685, Train R: 0.9361, Train RRSE: 0.3537, Test Loss: 949.6626, Test Node Loss: 65.6731, Test Reg Loss: 8.8399, Test MAPE: 12.1607, Test R: 0.9431, Test RRSE: 0.5100
2025-02-10 15:51:10,991:INFO:Epoch 212: Train Loss: 473.3597, Train Node Loss: 65.5442, Train Reg Loss: 4.0782, Train MAPE: 11.5969, Train R: 0.9434, Train RRSE: 0.3438, Test Loss: 697.4298, Test Node Loss: 69.1006, Test Reg Loss: 6.2833, Test MAPE: 12.0219, Test R: 0.9412, Test RRSE: 0.4300
2025-02-10 15:51:25,268:INFO:Epoch 213: Train Loss: 573.1882, Train Node Loss: 64.8188, Train Reg Loss: 5.0837, Train MAPE: 11.7755, Train R: 0.9255, Train RRSE: 0.3838, Test Loss: 672.4993, Test Node Loss: 67.8269, Test Reg Loss: 6.0467, Test MAPE: 12.3112, Test R: 0.9404, Test RRSE: 0.4218
2025-02-10 15:51:39,572:INFO:Epoch 214: Train Loss: 568.8042, Train Node Loss: 69.0468, Train Reg Loss: 4.9976, Train MAPE: 12.1238, Train R: 0.9294, Train RRSE: 0.3806, Test Loss: 3000.2359, Test Node Loss: 51.5098, Test Reg Loss: 29.4873, Test MAPE: 13.5852, Test R: 0.9443, Test RRSE: 0.9315
2025-02-10 15:51:53,965:INFO:Epoch 215: Train Loss: 650.9759, Train Node Loss: 66.0844, Train Reg Loss: 5.8489, Train MAPE: 12.0482, Train R: 0.9116, Train RRSE: 0.4117, Test Loss: 777.3203, Test Node Loss: 64.7009, Test Reg Loss: 7.1262, Test MAPE: 12.0948, Test R: 0.9433, Test RRSE: 0.4579
2025-02-10 15:52:08,549:INFO:Epoch 216: Train Loss: 495.7079, Train Node Loss: 58.9400, Train Reg Loss: 4.3677, Train MAPE: 11.5582, Train R: 0.9455, Train RRSE: 0.3558, Test Loss: 460.2181, Test Node Loss: 70.4364, Test Reg Loss: 3.8978, Test MAPE: 12.1950, Test R: 0.9425, Test RRSE: 0.3387
2025-02-10 15:52:23,311:INFO:Epoch 217: Train Loss: 534.4742, Train Node Loss: 64.4452, Train Reg Loss: 4.7003, Train MAPE: 12.0145, Train R: 0.9308, Train RRSE: 0.3691, Test Loss: 1811.2751, Test Node Loss: 56.6596, Test Reg Loss: 17.5462, Test MAPE: 12.7769, Test R: 0.9441, Test RRSE: 0.7186
2025-02-10 15:52:37,671:INFO:Epoch 218: Train Loss: 495.6309, Train Node Loss: 63.1661, Train Reg Loss: 4.3246, Train MAPE: 11.9994, Train R: 0.9365, Train RRSE: 0.3540, Test Loss: 1413.6422, Test Node Loss: 55.9089, Test Reg Loss: 13.5773, Test MAPE: 12.6388, Test R: 0.9432, Test RRSE: 0.6321
2025-02-10 15:52:52,352:INFO:Epoch 219: Train Loss: 480.8490, Train Node Loss: 61.3566, Train Reg Loss: 4.1949, Train MAPE: 12.0475, Train R: 0.9380, Train RRSE: 0.3487, Test Loss: 2345.6695, Test Node Loss: 50.8388, Test Reg Loss: 22.9483, Test MAPE: 13.3156, Test R: 0.9442, Test RRSE: 0.8218
2025-02-10 15:53:06,908:INFO:Epoch 220: Train Loss: 526.7744, Train Node Loss: 57.5454, Train Reg Loss: 4.6923, Train MAPE: 11.9876, Train R: 0.9319, Train RRSE: 0.3688, Test Loss: 456.7479, Test Node Loss: 68.5925, Test Reg Loss: 3.8816, Test MAPE: 12.4119, Test R: 0.9424, Test RRSE: 0.3380
2025-02-10 15:53:21,401:INFO:Epoch 221: Train Loss: 519.5740, Train Node Loss: 57.1720, Train Reg Loss: 4.6240, Train MAPE: 11.6949, Train R: 0.9337, Train RRSE: 0.3661, Test Loss: 619.0228, Test Node Loss: 61.9082, Test Reg Loss: 5.5711, Test MAPE: 12.2842, Test R: 0.9434, Test RRSE: 0.4049
2025-02-10 15:53:36,010:INFO:Epoch 222: Train Loss: 503.7397, Train Node Loss: 59.0203, Train Reg Loss: 4.4472, Train MAPE: 11.8849, Train R: 0.9343, Train RRSE: 0.3590, Test Loss: 1535.9128, Test Node Loss: 55.0659, Test Reg Loss: 14.8085, Test MAPE: 12.6666, Test R: 0.9443, Test RRSE: 0.6602
2025-02-10 15:53:50,798:INFO:Epoch 223: Train Loss: 510.0497, Train Node Loss: 58.5429, Train Reg Loss: 4.5151, Train MAPE: 11.9834, Train R: 0.9326, Train RRSE: 0.3617, Test Loss: 574.9044, Test Node Loss: 61.1856, Test Reg Loss: 5.1372, Test MAPE: 12.3358, Test R: 0.9433, Test RRSE: 0.3888
2025-02-10 15:54:05,399:INFO:Epoch 224: Train Loss: 452.7794, Train Node Loss: 58.0265, Train Reg Loss: 3.9475, Train MAPE: 12.0192, Train R: 0.9426, Train RRSE: 0.3382, Test Loss: 1128.6939, Test Node Loss: 53.2878, Test Reg Loss: 10.7541, Test MAPE: 12.5023, Test R: 0.9441, Test RRSE: 0.5626
2025-02-10 15:54:19,957:INFO:Epoch 225: Train Loss: 560.1430, Train Node Loss: 54.1846, Train Reg Loss: 5.0596, Train MAPE: 11.9691, Train R: 0.9254, Train RRSE: 0.3829, Test Loss: 466.5602, Test Node Loss: 67.9949, Test Reg Loss: 3.9857, Test MAPE: 12.6553, Test R: 0.9431, Test RRSE: 0.3425
2025-02-10 15:54:34,372:INFO:Epoch 226: Train Loss: 556.3959, Train Node Loss: 54.5425, Train Reg Loss: 5.0185, Train MAPE: 12.0107, Train R: 0.9256, Train RRSE: 0.3814, Test Loss: 571.6736, Test Node Loss: 57.8957, Test Reg Loss: 5.1378, Test MAPE: 12.2050, Test R: 0.9438, Test RRSE: 0.3888
2025-02-10 15:54:49,114:INFO:Epoch 227: Train Loss: 498.1316, Train Node Loss: 56.5343, Train Reg Loss: 4.4160, Train MAPE: 12.0158, Train R: 0.9371, Train RRSE: 0.3578, Test Loss: 2946.3079, Test Node Loss: 41.8034, Test Reg Loss: 29.0450, Test MAPE: 13.6810, Test R: 0.9448, Test RRSE: 0.9245
2025-02-10 15:55:03,762:INFO:Epoch 228: Train Loss: 432.1972, Train Node Loss: 50.4542, Train Reg Loss: 3.8174, Train MAPE: 11.7872, Train R: 0.9458, Train RRSE: 0.3326, Test Loss: 523.5137, Test Node Loss: 63.4631, Test Reg Loss: 4.6005, Test MAPE: 12.4742, Test R: 0.9413, Test RRSE: 0.3680
2025-02-10 15:55:18,364:INFO:Epoch 229: Train Loss: 577.3596, Train Node Loss: 50.5621, Train Reg Loss: 5.2680, Train MAPE: 11.9469, Train R: 0.9215, Train RRSE: 0.3907, Test Loss: 1232.9897, Test Node Loss: 49.7971, Test Reg Loss: 11.8319, Test MAPE: 12.4558, Test R: 0.9451, Test RRSE: 0.5901
2025-02-10 15:55:32,906:INFO:Epoch 230: Train Loss: 639.1695, Train Node Loss: 55.8667, Train Reg Loss: 5.8330, Train MAPE: 12.1544, Train R: 0.9205, Train RRSE: 0.4112, Test Loss: 3876.3275, Test Node Loss: 35.2694, Test Reg Loss: 38.4106, Test MAPE: 14.2516, Test R: 0.9456, Test RRSE: 1.0632
2025-02-10 15:55:47,548:INFO:Epoch 231: Train Loss: 724.1688, Train Node Loss: 46.9122, Train Reg Loss: 6.7726, Train MAPE: 12.0379, Train R: 0.8992, Train RRSE: 0.4430, Test Loss: 484.7137, Test Node Loss: 58.6189, Test Reg Loss: 4.2609, Test MAPE: 12.5659, Test R: 0.9420, Test RRSE: 0.3541
2025-02-10 15:56:02,150:INFO:Epoch 232: Train Loss: 496.8325, Train Node Loss: 45.9493, Train Reg Loss: 4.5088, Train MAPE: 11.7853, Train R: 0.9350, Train RRSE: 0.3615, Test Loss: 1259.5177, Test Node Loss: 43.7096, Test Reg Loss: 12.1581, Test MAPE: 12.4043, Test R: 0.9451, Test RRSE: 0.5982
2025-02-10 15:56:16,758:INFO:Epoch 233: Train Loss: 527.0638, Train Node Loss: 48.8313, Train Reg Loss: 4.7823, Train MAPE: 11.9816, Train R: 0.9324, Train RRSE: 0.3723, Test Loss: 2337.0028, Test Node Loss: 37.2125, Test Reg Loss: 22.9979, Test MAPE: 13.1524, Test R: 0.9462, Test RRSE: 0.8227
2025-02-10 15:56:31,261:INFO:Epoch 234: Train Loss: 452.1265, Train Node Loss: 41.8068, Train Reg Loss: 4.1032, Train MAPE: 11.8557, Train R: 0.9457, Train RRSE: 0.3449, Test Loss: 434.0761, Test Node Loss: 52.4897, Test Reg Loss: 3.8159, Test MAPE: 12.1877, Test R: 0.9442, Test RRSE: 0.3351
2025-02-10 15:56:45,656:INFO:Epoch 235: Train Loss: 458.4249, Train Node Loss: 46.9249, Train Reg Loss: 4.1150, Train MAPE: 11.9871, Train R: 0.9419, Train RRSE: 0.3453, Test Loss: 3550.6098, Test Node Loss: 33.6063, Test Reg Loss: 35.1700, Test MAPE: 14.1803, Test R: 0.9449, Test RRSE: 1.0174
2025-02-10 15:57:00,177:INFO:Epoch 236: Train Loss: 515.9439, Train Node Loss: 43.6629, Train Reg Loss: 4.7228, Train MAPE: 12.2244, Train R: 0.9290, Train RRSE: 0.3700, Test Loss: 751.9340, Test Node Loss: 43.6286, Test Reg Loss: 7.0831, Test MAPE: 12.3722, Test R: 0.9447, Test RRSE: 0.4566
2025-02-10 15:57:14,742:INFO:Epoch 237: Train Loss: 548.1739, Train Node Loss: 38.3859, Train Reg Loss: 5.0979, Train MAPE: 11.6226, Train R: 0.9330, Train RRSE: 0.3844, Test Loss: 454.5629, Test Node Loss: 46.7615, Test Reg Loss: 4.0780, Test MAPE: 12.2265, Test R: 0.9431, Test RRSE: 0.3464
2025-02-10 15:57:29,398:INFO:Epoch 238: Train Loss: 530.7261, Train Node Loss: 44.2530, Train Reg Loss: 4.8647, Train MAPE: 12.2743, Train R: 0.9334, Train RRSE: 0.3755, Test Loss: 2368.3864, Test Node Loss: 34.1076, Test Reg Loss: 23.3428, Test MAPE: 13.2954, Test R: 0.9456, Test RRSE: 0.8288
2025-02-10 15:57:44,161:INFO:Epoch 239: Train Loss: 453.2303, Train Node Loss: 37.7646, Train Reg Loss: 4.1547, Train MAPE: 11.6675, Train R: 0.9431, Train RRSE: 0.3470, Test Loss: 446.2987, Test Node Loss: 48.2200, Test Reg Loss: 3.9808, Test MAPE: 12.5571, Test R: 0.9430, Test RRSE: 0.3423
2025-02-10 15:57:58,566:INFO:Epoch 240: Train Loss: 553.3863, Train Node Loss: 40.2265, Train Reg Loss: 5.1316, Train MAPE: 12.1353, Train R: 0.9231, Train RRSE: 0.3857, Test Loss: 2124.6398, Test Node Loss: 34.0473, Test Reg Loss: 20.9059, Test MAPE: 13.0244, Test R: 0.9460, Test RRSE: 0.7844
2025-02-10 15:58:12,901:INFO:Epoch 241: Train Loss: 513.7191, Train Node Loss: 39.6295, Train Reg Loss: 4.7409, Train MAPE: 12.0260, Train R: 0.9298, Train RRSE: 0.3707, Test Loss: 1698.7863, Test Node Loss: 34.4722, Test Reg Loss: 16.6431, Test MAPE: 12.8482, Test R: 0.9455, Test RRSE: 0.6999
2025-02-10 15:58:27,402:INFO:Epoch 242: Train Loss: 463.8057, Train Node Loss: 40.3174, Train Reg Loss: 4.2349, Train MAPE: 12.3518, Train R: 0.9398, Train RRSE: 0.3503, Test Loss: 3596.7782, Test Node Loss: 29.0074, Test Reg Loss: 35.6777, Test MAPE: 14.2848, Test R: 0.9457, Test RRSE: 1.0247
2025-02-10 15:58:41,964:INFO:Epoch 243: Train Loss: 591.1120, Train Node Loss: 36.8116, Train Reg Loss: 5.5430, Train MAPE: 11.9568, Train R: 0.9170, Train RRSE: 0.4008, Test Loss: 704.2959, Test Node Loss: 39.0173, Test Reg Loss: 6.6528, Test MAPE: 12.4855, Test R: 0.9454, Test RRSE: 0.4425
2025-02-10 15:58:56,450:INFO:Epoch 244: Train Loss: 414.1626, Train Node Loss: 34.7222, Train Reg Loss: 3.7944, Train MAPE: 11.8538, Train R: 0.9471, Train RRSE: 0.3316, Test Loss: 841.8607, Test Node Loss: 35.9696, Test Reg Loss: 8.0589, Test MAPE: 12.5308, Test R: 0.9451, Test RRSE: 0.4870
2025-02-10 15:59:11,010:INFO:Epoch 245: Train Loss: 428.9664, Train Node Loss: 37.5003, Train Reg Loss: 3.9147, Train MAPE: 12.0879, Train R: 0.9451, Train RRSE: 0.3368, Test Loss: 2868.1532, Test Node Loss: 28.3128, Test Reg Loss: 28.3984, Test MAPE: 13.7262, Test R: 0.9462, Test RRSE: 0.9142
2025-02-10 15:59:25,535:INFO:Epoch 246: Train Loss: 471.7827, Train Node Loss: 31.6256, Train Reg Loss: 4.4016, Train MAPE: 11.6024, Train R: 0.9464, Train RRSE: 0.3572, Test Loss: 606.2611, Test Node Loss: 45.6654, Test Reg Loss: 5.6060, Test MAPE: 13.1510, Test R: 0.9426, Test RRSE: 0.4062
2025-02-10 15:59:40,001:INFO:Epoch 247: Train Loss: 655.5210, Train Node Loss: 38.9720, Train Reg Loss: 6.1655, Train MAPE: 12.2737, Train R: 0.9222, Train RRSE: 0.4227, Test Loss: 5896.6150, Test Node Loss: 19.9865, Test Reg Loss: 58.7663, Test MAPE: 15.8771, Test R: 0.9452, Test RRSE: 1.3151
2025-02-10 15:59:54,452:INFO:Epoch 248: Train Loss: 751.5426, Train Node Loss: 31.2886, Train Reg Loss: 7.2025, Train MAPE: 12.1238, Train R: 0.8921, Train RRSE: 0.4569, Test Loss: 544.8158, Test Node Loss: 38.2835, Test Reg Loss: 5.0653, Test MAPE: 12.8156, Test R: 0.9406, Test RRSE: 0.3861
2025-02-10 16:00:08,792:INFO:Epoch 249: Train Loss: 481.5089, Train Node Loss: 28.9805, Train Reg Loss: 4.5253, Train MAPE: 11.8271, Train R: 0.9362, Train RRSE: 0.3622, Test Loss: 1216.1072, Test Node Loss: 29.1037, Test Reg Loss: 11.8700, Test MAPE: 12.4795, Test R: 0.9445, Test RRSE: 0.5910
2025-02-10 16:00:23,242:INFO:Epoch 250: Train Loss: 472.8277, Train Node Loss: 30.7149, Train Reg Loss: 4.4211, Train MAPE: 12.0371, Train R: 0.9343, Train RRSE: 0.3580, Test Loss: 1627.4353, Test Node Loss: 27.3139, Test Reg Loss: 16.0012, Test MAPE: 12.8142, Test R: 0.9454, Test RRSE: 0.6862
2025-02-10 16:00:37,688:INFO:Epoch 251: Train Loss: 453.2785, Train Node Loss: 28.7036, Train Reg Loss: 4.2457, Train MAPE: 11.8591, Train R: 0.9379, Train RRSE: 0.3508, Test Loss: 516.5158, Test Node Loss: 32.6928, Test Reg Loss: 4.8382, Test MAPE: 12.3263, Test R: 0.9451, Test RRSE: 0.3773
2025-02-10 16:00:52,015:INFO:Epoch 252: Train Loss: 433.7985, Train Node Loss: 31.4747, Train Reg Loss: 4.0232, Train MAPE: 12.1702, Train R: 0.9461, Train RRSE: 0.3415, Test Loss: 3354.4330, Test Node Loss: 21.3031, Test Reg Loss: 33.3313, Test MAPE: 13.9966, Test R: 0.9467, Test RRSE: 0.9904
2025-02-10 16:00:52,043:INFO:Checkpoint saved at best_0.0008_0.001_256_SAGE_2_32_0.9467_epoch_252.pth
2025-02-10 16:01:06,464:INFO:Epoch 253: Train Loss: 497.6052, Train Node Loss: 25.6080, Train Reg Loss: 4.7200, Train MAPE: 11.5701, Train R: 0.9403, Train RRSE: 0.3699, Test Loss: 478.1979, Test Node Loss: 36.0125, Test Reg Loss: 4.4219, Test MAPE: 12.5450, Test R: 0.9429, Test RRSE: 0.3607
2025-02-10 16:01:20,825:INFO:Epoch 254: Train Loss: 566.3913, Train Node Loss: 30.5370, Train Reg Loss: 5.3585, Train MAPE: 12.1647, Train R: 0.9258, Train RRSE: 0.3941, Test Loss: 2838.3496, Test Node Loss: 21.4121, Test Reg Loss: 28.1694, Test MAPE: 13.4829, Test R: 0.9462, Test RRSE: 0.9105
2025-02-10 16:01:35,206:INFO:Epoch 255: Train Loss: 633.1846, Train Node Loss: 28.0672, Train Reg Loss: 6.0512, Train MAPE: 12.1334, Train R: 0.9083, Train RRSE: 0.4188, Test Loss: 1268.7063, Test Node Loss: 26.0941, Test Reg Loss: 12.4261, Test MAPE: 12.6860, Test R: 0.9453, Test RRSE: 0.6047
2025-02-10 16:01:49,896:INFO:Epoch 256: Train Loss: 487.7035, Train Node Loss: 24.0320, Train Reg Loss: 4.6367, Train MAPE: 11.6717, Train R: 0.9420, Train RRSE: 0.3666, Test Loss: 993.0402, Test Node Loss: 25.8437, Test Reg Loss: 9.6720, Test MAPE: 12.5147, Test R: 0.9451, Test RRSE: 0.5335
2025-02-10 16:02:04,592:INFO:Epoch 257: Train Loss: 412.1812, Train Node Loss: 28.0471, Train Reg Loss: 3.8413, Train MAPE: 12.0893, Train R: 0.9471, Train RRSE: 0.3337, Test Loss: 1550.4387, Test Node Loss: 24.4277, Test Reg Loss: 15.2601, Test MAPE: 12.7766, Test R: 0.9460, Test RRSE: 0.6701
2025-02-10 16:02:19,012:INFO:Epoch 258: Train Loss: 389.9938, Train Node Loss: 26.2377, Train Reg Loss: 3.6376, Train MAPE: 11.8696, Train R: 0.9473, Train RRSE: 0.3247, Test Loss: 2418.6463, Test Node Loss: 21.1734, Test Reg Loss: 23.9747, Test MAPE: 13.3735, Test R: 0.9464, Test RRSE: 0.8400
2025-02-10 16:02:33,735:INFO:Epoch 259: Train Loss: 448.5330, Train Node Loss: 25.4173, Train Reg Loss: 4.2312, Train MAPE: 11.9626, Train R: 0.9371, Train RRSE: 0.3502, Test Loss: 1748.7069, Test Node Loss: 23.0384, Test Reg Loss: 17.2567, Test MAPE: 13.1080, Test R: 0.9456, Test RRSE: 0.7126
2025-02-10 16:02:48,375:INFO:Epoch 260: Train Loss: 371.3522, Train Node Loss: 23.8380, Train Reg Loss: 3.4751, Train MAPE: 11.9074, Train R: 0.9520, Train RRSE: 0.3174, Test Loss: 675.2214, Test Node Loss: 27.5415, Test Reg Loss: 6.4768, Test MAPE: 12.6343, Test R: 0.9452, Test RRSE: 0.4366
2025-02-10 16:03:03,303:INFO:Epoch 261: Train Loss: 388.1471, Train Node Loss: 26.6954, Train Reg Loss: 3.6145, Train MAPE: 12.2488, Train R: 0.9493, Train RRSE: 0.3237, Test Loss: 3046.0304, Test Node Loss: 19.4935, Test Reg Loss: 30.2654, Test MAPE: 13.8477, Test R: 0.9471, Test RRSE: 0.9438
2025-02-10 16:03:03,324:INFO:Checkpoint saved at best_0.0008_0.001_256_SAGE_2_32_0.9471_epoch_261.pth
2025-02-10 16:03:18,193:INFO:Epoch 262: Train Loss: 397.9357, Train Node Loss: 23.5571, Train Reg Loss: 3.7438, Train MAPE: 11.8924, Train R: 0.9464, Train RRSE: 0.3294, Test Loss: 734.6952, Test Node Loss: 26.7355, Test Reg Loss: 7.0796, Test MAPE: 12.4230, Test R: 0.9446, Test RRSE: 0.4564
2025-02-10 16:03:32,874:INFO:Epoch 263: Train Loss: 439.6702, Train Node Loss: 24.8432, Train Reg Loss: 4.1483, Train MAPE: 11.9798, Train R: 0.9382, Train RRSE: 0.3467, Test Loss: 1653.2107, Test Node Loss: 22.3819, Test Reg Loss: 16.3083, Test MAPE: 13.0480, Test R: 0.9463, Test RRSE: 0.6928
2025-02-10 16:03:47,775:INFO:Epoch 264: Train Loss: 367.7830, Train Node Loss: 24.0152, Train Reg Loss: 3.4377, Train MAPE: 11.9493, Train R: 0.9496, Train RRSE: 0.3156, Test Loss: 2083.7579, Test Node Loss: 20.5113, Test Reg Loss: 20.6325, Test MAPE: 13.5174, Test R: 0.9459, Test RRSE: 0.7792
2025-02-10 16:04:02,611:INFO:Epoch 265: Train Loss: 410.9705, Train Node Loss: 23.1819, Train Reg Loss: 3.8779, Train MAPE: 12.0086, Train R: 0.9424, Train RRSE: 0.3352, Test Loss: 955.3935, Test Node Loss: 24.9632, Test Reg Loss: 9.3043, Test MAPE: 12.5875, Test R: 0.9458, Test RRSE: 0.5233
2025-02-10 16:04:17,658:INFO:Epoch 266: Train Loss: 437.1837, Train Node Loss: 23.5398, Train Reg Loss: 4.1364, Train MAPE: 12.0004, Train R: 0.9383, Train RRSE: 0.3462, Test Loss: 2045.0430, Test Node Loss: 20.9335, Test Reg Loss: 20.2411, Test MAPE: 13.3817, Test R: 0.9465, Test RRSE: 0.7718
2025-02-10 16:04:32,436:INFO:Epoch 267: Train Loss: 404.6867, Train Node Loss: 23.6493, Train Reg Loss: 3.8104, Train MAPE: 12.0900, Train R: 0.9440, Train RRSE: 0.3323, Test Loss: 1724.9711, Test Node Loss: 20.5227, Test Reg Loss: 17.0445, Test MAPE: 13.0566, Test R: 0.9461, Test RRSE: 0.7082
2025-02-10 16:04:47,257:INFO:Epoch 268: Train Loss: 502.8819, Train Node Loss: 23.7134, Train Reg Loss: 4.7917, Train MAPE: 11.9392, Train R: 0.9302, Train RRSE: 0.3727, Test Loss: 2581.0263, Test Node Loss: 18.7683, Test Reg Loss: 25.6226, Test MAPE: 13.7273, Test R: 0.9468, Test RRSE: 0.8684
2025-02-10 16:05:02,195:INFO:Epoch 269: Train Loss: 459.3239, Train Node Loss: 20.3167, Train Reg Loss: 4.3901, Train MAPE: 11.8868, Train R: 0.9409, Train RRSE: 0.3567, Test Loss: 496.3370, Test Node Loss: 28.2515, Test Reg Loss: 4.6809, Test MAPE: 13.0425, Test R: 0.9426, Test RRSE: 0.3712
2025-02-10 16:05:16,931:INFO:Epoch 270: Train Loss: 379.4390, Train Node Loss: 23.6333, Train Reg Loss: 3.5581, Train MAPE: 12.2576, Train R: 0.9499, Train RRSE: 0.3211, Test Loss: 4007.7772, Test Node Loss: 16.0607, Test Reg Loss: 39.9172, Test MAPE: 14.4484, Test R: 0.9461, Test RRSE: 1.0838
2025-02-10 16:05:31,713:INFO:Epoch 271: Train Loss: 461.2140, Train Node Loss: 20.9933, Train Reg Loss: 4.4022, Train MAPE: 11.7250, Train R: 0.9356, Train RRSE: 0.3572, Test Loss: 719.1083, Test Node Loss: 22.4057, Test Reg Loss: 6.9670, Test MAPE: 12.6372, Test R: 0.9453, Test RRSE: 0.4528
2025-02-10 16:05:46,429:INFO:Epoch 272: Train Loss: 352.0591, Train Node Loss: 21.3686, Train Reg Loss: 3.3069, Train MAPE: 12.0754, Train R: 0.9513, Train RRSE: 0.3096, Test Loss: 1882.0713, Test Node Loss: 19.0537, Test Reg Loss: 18.6302, Test MAPE: 13.2962, Test R: 0.9465, Test RRSE: 0.7405
2025-02-10 16:06:01,121:INFO:Epoch 273: Train Loss: 427.7650, Train Node Loss: 19.4458, Train Reg Loss: 4.0832, Train MAPE: 11.8686, Train R: 0.9441, Train RRSE: 0.3440, Test Loss: 696.2380, Test Node Loss: 23.3573, Test Reg Loss: 6.7288, Test MAPE: 12.7441, Test R: 0.9457, Test RRSE: 0.4450
2025-02-10 16:06:16,066:INFO:Epoch 274: Train Loss: 477.9611, Train Node Loss: 23.1416, Train Reg Loss: 4.5482, Train MAPE: 12.1182, Train R: 0.9415, Train RRSE: 0.3631, Test Loss: 3016.9796, Test Node Loss: 15.7372, Test Reg Loss: 30.0124, Test MAPE: 14.0582, Test R: 0.9474, Test RRSE: 0.9398
2025-02-10 16:06:16,097:INFO:Checkpoint saved at best_0.0008_0.001_256_SAGE_2_32_0.9474_epoch_274.pth
2025-02-10 16:06:30,916:INFO:Epoch 275: Train Loss: 472.2064, Train Node Loss: 18.4236, Train Reg Loss: 4.5378, Train MAPE: 11.9199, Train R: 0.9369, Train RRSE: 0.3627, Test Loss: 471.5769, Test Node Loss: 23.8526, Test Reg Loss: 4.4772, Test MAPE: 12.8851, Test R: 0.9445, Test RRSE: 0.3630
2025-02-10 16:06:45,727:INFO:Epoch 276: Train Loss: 392.4557, Train Node Loss: 20.1724, Train Reg Loss: 3.7228, Train MAPE: 12.3458, Train R: 0.9449, Train RRSE: 0.3285, Test Loss: 2342.0763, Test Node Loss: 16.5362, Test Reg Loss: 23.2554, Test MAPE: 13.6535, Test R: 0.9464, Test RRSE: 0.8273
2025-02-10 16:07:00,412:INFO:Epoch 277: Train Loss: 394.6844, Train Node Loss: 19.4735, Train Reg Loss: 3.7521, Train MAPE: 12.0558, Train R: 0.9442, Train RRSE: 0.3298, Test Loss: 1571.2988, Test Node Loss: 17.1111, Test Reg Loss: 15.5419, Test MAPE: 12.8891, Test R: 0.9470, Test RRSE: 0.6763
2025-02-10 16:07:15,329:INFO:Epoch 278: Train Loss: 474.8911, Train Node Loss: 19.0223, Train Reg Loss: 4.5587, Train MAPE: 11.9464, Train R: 0.9326, Train RRSE: 0.3635, Test Loss: 2524.9752, Test Node Loss: 15.1669, Test Reg Loss: 25.0981, Test MAPE: 13.6263, Test R: 0.9479, Test RRSE: 0.8594
2025-02-10 16:07:15,355:INFO:Checkpoint saved at best_0.0008_0.001_256_SAGE_2_32_0.9479_epoch_278.pth
2025-02-10 16:07:29,981:INFO:Epoch 279: Train Loss: 430.7475, Train Node Loss: 16.4390, Train Reg Loss: 4.1431, Train MAPE: 11.8038, Train R: 0.9459, Train RRSE: 0.3465, Test Loss: 538.9437, Test Node Loss: 21.3895, Test Reg Loss: 5.1755, Test MAPE: 12.8938, Test R: 0.9445, Test RRSE: 0.3903
2025-02-10 16:07:45,047:INFO:Epoch 280: Train Loss: 393.8465, Train Node Loss: 20.0312, Train Reg Loss: 3.7382, Train MAPE: 12.3737, Train R: 0.9502, Train RRSE: 0.3292, Test Loss: 4470.0757, Test Node Loss: 12.0517, Test Reg Loss: 44.5802, Test MAPE: 14.9918, Test R: 0.9459, Test RRSE: 1.1454
2025-02-10 16:08:00,026:INFO:Epoch 281: Train Loss: 523.4228, Train Node Loss: 15.4941, Train Reg Loss: 5.0793, Train MAPE: 11.6170, Train R: 0.9341, Train RRSE: 0.3837, Test Loss: 686.0731, Test Node Loss: 23.6040, Test Reg Loss: 6.6247, Test MAPE: 13.3855, Test R: 0.9418, Test RRSE: 0.4415
2025-02-10 16:08:15,004:INFO:Epoch 282: Train Loss: 494.4818, Train Node Loss: 18.8839, Train Reg Loss: 4.7560, Train MAPE: 12.1618, Train R: 0.9364, Train RRSE: 0.3713, Test Loss: 4616.7662, Test Node Loss: 10.4838, Test Reg Loss: 46.0628, Test MAPE: 15.0102, Test R: 0.9472, Test RRSE: 1.1643
2025-02-10 16:08:29,840:INFO:Epoch 283: Train Loss: 563.2530, Train Node Loss: 15.6828, Train Reg Loss: 5.4757, Train MAPE: 12.0490, Train R: 0.9180, Train RRSE: 0.3984, Test Loss: 530.7115, Test Node Loss: 18.4244, Test Reg Loss: 5.1229, Test MAPE: 12.7131, Test R: 0.9448, Test RRSE: 0.3883
2025-02-10 16:08:44,647:INFO:Epoch 284: Train Loss: 398.0941, Train Node Loss: 14.7278, Train Reg Loss: 3.8337, Train MAPE: 12.0229, Train R: 0.9441, Train RRSE: 0.3333, Test Loss: 1994.1962, Test Node Loss: 12.6565, Test Reg Loss: 19.8154, Test MAPE: 13.1589, Test R: 0.9472, Test RRSE: 0.7636
2025-02-10 16:08:59,270:INFO:Epoch 285: Train Loss: 550.9877, Train Node Loss: 16.3026, Train Reg Loss: 5.3469, Train MAPE: 12.1748, Train R: 0.9247, Train RRSE: 0.3937, Test Loss: 1390.1681, Test Node Loss: 13.7705, Test Reg Loss: 13.7640, Test MAPE: 12.7444, Test R: 0.9466, Test RRSE: 0.6364
2025-02-10 16:09:14,019:INFO:Epoch 286: Train Loss: 337.3562, Train Node Loss: 13.4528, Train Reg Loss: 3.2390, Train MAPE: 11.7533, Train R: 0.9557, Train RRSE: 0.3064, Test Loss: 1756.0902, Test Node Loss: 12.6822, Test Reg Loss: 17.4341, Test MAPE: 12.9995, Test R: 0.9470, Test RRSE: 0.7163
2025-02-10 16:09:28,896:INFO:Epoch 287: Train Loss: 403.3210, Train Node Loss: 13.3169, Train Reg Loss: 3.9000, Train MAPE: 11.8801, Train R: 0.9443, Train RRSE: 0.3362, Test Loss: 668.3264, Test Node Loss: 15.6519, Test Reg Loss: 6.5267, Test MAPE: 12.7040, Test R: 0.9456, Test RRSE: 0.4383
2025-02-10 16:09:43,812:INFO:Epoch 288: Train Loss: 416.8177, Train Node Loss: 14.3589, Train Reg Loss: 4.0246, Train MAPE: 12.1914, Train R: 0.9403, Train RRSE: 0.3415, Test Loss: 2073.4164, Test Node Loss: 12.6772, Test Reg Loss: 20.6074, Test MAPE: 13.5579, Test R: 0.9468, Test RRSE: 0.7788
2025-02-10 16:09:58,728:INFO:Epoch 289: Train Loss: 324.2226, Train Node Loss: 14.6722, Train Reg Loss: 3.0955, Train MAPE: 12.1145, Train R: 0.9554, Train RRSE: 0.2995, Test Loss: 1969.9054, Test Node Loss: 12.6532, Test Reg Loss: 19.5725, Test MAPE: 13.2482, Test R: 0.9471, Test RRSE: 0.7589
2025-02-10 16:10:13,593:INFO:Epoch 290: Train Loss: 394.8336, Train Node Loss: 13.2321, Train Reg Loss: 3.8160, Train MAPE: 12.0696, Train R: 0.9450, Train RRSE: 0.3326, Test Loss: 759.4511, Test Node Loss: 14.7985, Test Reg Loss: 7.4465, Test MAPE: 12.9226, Test R: 0.9447, Test RRSE: 0.4681
2025-02-10 16:10:28,202:INFO:Epoch 291: Train Loss: 390.8341, Train Node Loss: 14.2408, Train Reg Loss: 3.7659, Train MAPE: 12.1620, Train R: 0.9452, Train RRSE: 0.3304, Test Loss: 2480.1557, Test Node Loss: 10.7932, Test Reg Loss: 24.6936, Test MAPE: 13.5704, Test R: 0.9470, Test RRSE: 0.8525
2025-02-10 16:10:43,158:INFO:Epoch 292: Train Loss: 342.9152, Train Node Loss: 12.9665, Train Reg Loss: 3.2995, Train MAPE: 11.8586, Train R: 0.9523, Train RRSE: 0.3092, Test Loss: 1390.9462, Test Node Loss: 13.3537, Test Reg Loss: 13.7759, Test MAPE: 13.0602, Test R: 0.9463, Test RRSE: 0.6367
2025-02-10 16:10:57,699:INFO:Epoch 293: Train Loss: 337.3458, Train Node Loss: 13.9462, Train Reg Loss: 3.2340, Train MAPE: 12.1762, Train R: 0.9529, Train RRSE: 0.3062, Test Loss: 3239.1295, Test Node Loss: 10.3848, Test Reg Loss: 32.2874, Test MAPE: 14.1174, Test R: 0.9471, Test RRSE: 0.9748
2025-02-10 16:11:12,384:INFO:Epoch 294: Train Loss: 406.0815, Train Node Loss: 13.1086, Train Reg Loss: 3.9297, Train MAPE: 12.0458, Train R: 0.9416, Train RRSE: 0.3375, Test Loss: 1244.2507, Test Node Loss: 12.8213, Test Reg Loss: 12.3143, Test MAPE: 13.0900, Test R: 0.9465, Test RRSE: 0.6020
2025-02-10 16:11:27,208:INFO:Epoch 295: Train Loss: 377.1796, Train Node Loss: 13.0389, Train Reg Loss: 3.6414, Train MAPE: 12.0292, Train R: 0.9460, Train RRSE: 0.3249, Test Loss: 2060.1093, Test Node Loss: 11.2808, Test Reg Loss: 20.4883, Test MAPE: 13.5820, Test R: 0.9475, Test RRSE: 0.7765
2025-02-10 16:11:42,173:INFO:Epoch 296: Train Loss: 422.9061, Train Node Loss: 12.1645, Train Reg Loss: 4.1074, Train MAPE: 11.7982, Train R: 0.9411, Train RRSE: 0.3450, Test Loss: 1348.5711, Test Node Loss: 12.4251, Test Reg Loss: 13.3615, Test MAPE: 12.9439, Test R: 0.9469, Test RRSE: 0.6271
2025-02-10 16:11:56,936:INFO:Epoch 297: Train Loss: 358.1955, Train Node Loss: 13.9719, Train Reg Loss: 3.4422, Train MAPE: 12.2741, Train R: 0.9534, Train RRSE: 0.3159, Test Loss: 2995.8096, Test Node Loss: 9.4687, Test Reg Loss: 29.8634, Test MAPE: 14.0398, Test R: 0.9477, Test RRSE: 0.9375
2025-02-10 16:12:11,742:INFO:Epoch 298: Train Loss: 430.3656, Train Node Loss: 11.7124, Train Reg Loss: 4.1865, Train MAPE: 11.9837, Train R: 0.9390, Train RRSE: 0.3483, Test Loss: 1118.9310, Test Node Loss: 12.2862, Test Reg Loss: 11.0664, Test MAPE: 12.9174, Test R: 0.9469, Test RRSE: 0.5707
2025-02-10 16:12:26,680:INFO:Epoch 299: Train Loss: 418.0831, Train Node Loss: 11.6562, Train Reg Loss: 4.0643, Train MAPE: 11.9071, Train R: 0.9401, Train RRSE: 0.3432, Test Loss: 969.1450, Test Node Loss: 12.3887, Test Reg Loss: 9.5676, Test MAPE: 12.7870, Test R: 0.9465, Test RRSE: 0.5306
2025-02-10 16:12:41,253:INFO:Epoch 300: Train Loss: 353.8682, Train Node Loss: 12.7955, Train Reg Loss: 3.4107, Train MAPE: 12.3081, Train R: 0.9515, Train RRSE: 0.3144, Test Loss: 2582.5786, Test Node Loss: 9.4352, Test Reg Loss: 25.7314, Test MAPE: 13.6957, Test R: 0.9480, Test RRSE: 0.8702
2025-02-10 16:12:41,277:INFO:Checkpoint saved at best_0.0008_0.001_256_SAGE_2_32_0.9480_epoch_300.pth
2025-02-10 16:12:41,277:INFO:Best performance at epoch 300 with Test MAPE: 0.9480
