2025-02-10 14:55:38,968:INFO:Learning rate: 0.0008
2025-02-10 14:55:38,969:INFO:Weight decay: 0.001
2025-02-10 14:55:38,969:INFO:Batch size: 64
2025-02-10 14:55:38,969:INFO:Number of layers: 3
2025-02-10 14:55:38,969:INFO:Convolution type: SAGE
2025-02-10 14:55:38,969:INFO:Convolution neurons: 256
2025-02-10 15:00:32,899:INFO:Learning rate: 0.0008
2025-02-10 15:00:32,900:INFO:Weight decay: 0.001
2025-02-10 15:00:32,900:INFO:Batch size: 64
2025-02-10 15:00:32,900:INFO:Number of layers: 3
2025-02-10 15:00:32,900:INFO:Convolution type: SAGE
2025-02-10 15:00:32,900:INFO:Convolution neurons: 256
2025-02-10 15:00:57,174:INFO:Epoch 1: Train Loss: 4756.8721, Train Node Loss: 1.2436, Train Reg Loss: 47.5563, Train MAPE: 96.8073, Train R: -0.0055, Train RRSE: 7.8667, Test Loss: 4555.0128, Test Node Loss: 3.7754, Test Reg Loss: 45.5124, Test MAPE: 93.2603, Test R: 0.9486, Test RRSE: 7.6028
2025-02-10 15:00:57,206:INFO:Checkpoint saved at best_0.0008_0.001_256_SAGE_3_64_0.9486_epoch_1.pth
2025-02-10 15:01:21,707:INFO:Epoch 2: Train Loss: 3275.3116, Train Node Loss: 22.4160, Train Reg Loss: 32.5290, Train MAPE: 79.3478, Train R: 0.0301, Train RRSE: 6.5061, Test Loss: 2700.3323, Test Node Loss: 64.5870, Test Reg Loss: 26.3575, Test MAPE: 70.2784, Test R: 0.9216, Test RRSE: 5.7858
2025-02-10 15:01:45,887:INFO:Epoch 3: Train Loss: 1173.8999, Train Node Loss: 248.6242, Train Reg Loss: 9.2528, Train MAPE: 37.1515, Train R: 0.0936, Train RRSE: 3.4699, Test Loss: 1036.4852, Test Node Loss: 866.5059, Test Reg Loss: 1.6998, Test MAPE: 19.1584, Test R: 0.9225, Test RRSE: 1.4693
2025-02-10 15:02:10,664:INFO:Epoch 4: Train Loss: 829.6649, Train Node Loss: 632.0744, Train Reg Loss: 1.9759, Train MAPE: 20.3326, Train R: 0.6164, Train RRSE: 1.6035, Test Loss: 391.7773, Test Node Loss: 295.4852, Test Reg Loss: 0.9629, Test MAPE: 10.5177, Test R: 0.9261, Test RRSE: 1.1059
2025-02-10 15:02:35,251:INFO:Epoch 5: Train Loss: 303.8505, Train Node Loss: 210.8627, Train Reg Loss: 0.9299, Train MAPE: 10.6968, Train R: 0.2688, Train RRSE: 1.1000, Test Loss: 786.6453, Test Node Loss: 61.4412, Test Reg Loss: 7.2520, Test MAPE: 34.9391, Test R: 0.9377, Test RRSE: 3.0349
2025-02-10 15:02:59,869:INFO:Epoch 6: Train Loss: 308.8180, Train Node Loss: 66.3174, Train Reg Loss: 2.4250, Train MAPE: 17.9360, Train R: 0.7227, Train RRSE: 1.7764, Test Loss: 636.0061, Test Node Loss: 40.4814, Test Reg Loss: 5.9552, Test MAPE: 31.2088, Test R: 0.9507, Test RRSE: 2.7502
2025-02-10 15:02:59,896:INFO:Checkpoint saved at best_0.0008_0.001_256_SAGE_3_64_0.9507_epoch_6.pth
2025-02-10 15:03:24,359:INFO:Epoch 7: Train Loss: 201.2422, Train Node Loss: 53.9756, Train Reg Loss: 1.4727, Train MAPE: 12.4983, Train R: 0.4500, Train RRSE: 1.3843, Test Loss: 236.0841, Test Node Loss: 54.9745, Test Reg Loss: 1.8111, Test MAPE: 14.6124, Test R: 0.9497, Test RRSE: 1.5166
2025-02-10 15:03:48,618:INFO:Epoch 8: Train Loss: 127.4846, Train Node Loss: 67.4542, Train Reg Loss: 0.6003, Train MAPE: 9.8829, Train R: 0.4943, Train RRSE: 0.8838, Test Loss: 121.9102, Test Node Loss: 67.9831, Test Reg Loss: 0.5393, Test MAPE: 9.5950, Test R: 0.9452, Test RRSE: 0.8276
2025-02-10 15:04:13,420:INFO:Epoch 9: Train Loss: 141.2415, Train Node Loss: 65.6582, Train Reg Loss: 0.7558, Train MAPE: 12.7135, Train R: 0.8139, Train RRSE: 0.9917, Test Loss: 109.6320, Test Node Loss: 47.9007, Test Reg Loss: 0.6173, Test MAPE: 9.4316, Test R: 0.9457, Test RRSE: 0.8854
2025-02-10 15:04:37,863:INFO:Epoch 10: Train Loss: 100.5848, Train Node Loss: 41.8958, Train Reg Loss: 0.5869, Train MAPE: 10.0762, Train R: 0.5887, Train RRSE: 0.8739, Test Loss: 152.8980, Test Node Loss: 26.9596, Test Reg Loss: 1.2594, Test MAPE: 11.8333, Test R: 0.9478, Test RRSE: 1.2647
2025-02-10 15:05:02,349:INFO:Epoch 11: Train Loss: 93.9978, Train Node Loss: 25.2280, Train Reg Loss: 0.6877, Train MAPE: 9.0422, Train R: 0.7690, Train RRSE: 0.9460, Test Loss: 154.1631, Test Node Loss: 19.0139, Test Reg Loss: 1.3515, Test MAPE: 12.2184, Test R: 0.9472, Test RRSE: 1.3101
2025-02-10 15:05:26,796:INFO:Epoch 12: Train Loss: 83.3172, Train Node Loss: 19.3015, Train Reg Loss: 0.6402, Train MAPE: 9.1380, Train R: 0.6962, Train RRSE: 0.9127, Test Loss: 104.8507, Test Node Loss: 16.6820, Test Reg Loss: 0.8817, Test MAPE: 10.1146, Test R: 0.9452, Test RRSE: 1.0582
2025-02-10 15:05:51,126:INFO:Epoch 13: Train Loss: 75.9224, Train Node Loss: 17.2086, Train Reg Loss: 0.5871, Train MAPE: 9.9792, Train R: 0.6597, Train RRSE: 0.8741, Test Loss: 80.3266, Test Node Loss: 14.8125, Test Reg Loss: 0.6551, Test MAPE: 9.4664, Test R: 0.9426, Test RRSE: 0.9122
2025-02-10 15:06:15,210:INFO:Epoch 14: Train Loss: 70.8777, Train Node Loss: 14.5281, Train Reg Loss: 0.5635, Train MAPE: 10.2451, Train R: 0.7894, Train RRSE: 0.8563, Test Loss: 82.2048, Test Node Loss: 11.5479, Test Reg Loss: 0.7066, Test MAPE: 9.5314, Test R: 0.9393, Test RRSE: 0.9473
2025-02-10 15:06:39,336:INFO:Epoch 15: Train Loss: 65.0011, Train Node Loss: 11.1944, Train Reg Loss: 0.5381, Train MAPE: 9.7302, Train R: 0.7877, Train RRSE: 0.8368, Test Loss: 93.4084, Test Node Loss: 8.8388, Test Reg Loss: 0.8457, Test MAPE: 10.0666, Test R: 0.9353, Test RRSE: 1.0364
2025-02-10 15:07:03,453:INFO:Epoch 16: Train Loss: 65.3207, Train Node Loss: 8.8411, Train Reg Loss: 0.5648, Train MAPE: 9.4341, Train R: 0.7384, Train RRSE: 0.8573, Test Loss: 87.6043, Test Node Loss: 7.4223, Test Reg Loss: 0.8018, Test MAPE: 9.9513, Test R: 0.9310, Test RRSE: 1.0091
2025-02-10 15:07:27,563:INFO:Epoch 17: Train Loss: 61.2028, Train Node Loss: 7.6701, Train Reg Loss: 0.5353, Train MAPE: 9.5718, Train R: 0.7893, Train RRSE: 0.8346, Test Loss: 78.4063, Test Node Loss: 6.6798, Test Reg Loss: 0.7173, Test MAPE: 9.7267, Test R: 0.9259, Test RRSE: 0.9544
2025-02-10 15:07:51,698:INFO:Epoch 18: Train Loss: 57.7341, Train Node Loss: 6.8918, Train Reg Loss: 0.5084, Train MAPE: 9.7515, Train R: 0.8067, Train RRSE: 0.8134, Test Loss: 73.5785, Test Node Loss: 5.9496, Test Reg Loss: 0.6763, Test MAPE: 9.6881, Test R: 0.9203, Test RRSE: 0.9268
2025-02-10 15:08:15,828:INFO:Epoch 19: Train Loss: 57.3418, Train Node Loss: 6.1762, Train Reg Loss: 0.5117, Train MAPE: 9.8318, Train R: 0.7859, Train RRSE: 0.8160, Test Loss: 70.3219, Test Node Loss: 5.2872, Test Reg Loss: 0.6503, Test MAPE: 9.6644, Test R: 0.9134, Test RRSE: 0.9088
2025-02-10 15:08:39,916:INFO:Epoch 20: Train Loss: 53.0860, Train Node Loss: 5.5491, Train Reg Loss: 0.4754, Train MAPE: 9.9012, Train R: 0.8001, Train RRSE: 0.7865, Test Loss: 68.5452, Test Node Loss: 4.6578, Test Reg Loss: 0.6389, Test MAPE: 9.7510, Test R: 0.9054, Test RRSE: 0.9008
2025-02-10 15:09:03,990:INFO:Epoch 21: Train Loss: 51.4338, Train Node Loss: 4.9205, Train Reg Loss: 0.4651, Train MAPE: 9.8729, Train R: 0.8061, Train RRSE: 0.7780, Test Loss: 67.4572, Test Node Loss: 4.1022, Test Reg Loss: 0.6335, Test MAPE: 9.7672, Test R: 0.8963, Test RRSE: 0.8970
2025-02-10 15:09:28,083:INFO:Epoch 22: Train Loss: 47.7184, Train Node Loss: 4.3857, Train Reg Loss: 0.4333, Train MAPE: 9.8971, Train R: 0.8309, Train RRSE: 0.7509, Test Loss: 64.2327, Test Node Loss: 3.7175, Test Reg Loss: 0.6052, Test MAPE: 9.8994, Test R: 0.8866, Test RRSE: 0.8767
2025-02-10 15:09:52,087:INFO:Epoch 23: Train Loss: 49.5381, Train Node Loss: 3.8877, Train Reg Loss: 0.4565, Train MAPE: 9.9259, Train R: 0.7519, Train RRSE: 0.7707, Test Loss: 60.3329, Test Node Loss: 3.3951, Test Reg Loss: 0.5694, Test MAPE: 9.9773, Test R: 0.8764, Test RRSE: 0.8504
2025-02-10 15:10:16,178:INFO:Epoch 24: Train Loss: 45.5086, Train Node Loss: 3.8822, Train Reg Loss: 0.4163, Train MAPE: 10.3489, Train R: 0.7660, Train RRSE: 0.7360, Test Loss: 48.7737, Test Node Loss: 3.4865, Test Reg Loss: 0.4529, Test MAPE: 9.8506, Test R: 0.8668, Test RRSE: 0.7584
2025-02-10 15:10:40,384:INFO:Epoch 25: Train Loss: 42.9415, Train Node Loss: 3.6799, Train Reg Loss: 0.3926, Train MAPE: 10.5328, Train R: 0.7747, Train RRSE: 0.7148, Test Loss: 50.8125, Test Node Loss: 2.9750, Test Reg Loss: 0.4784, Test MAPE: 10.1103, Test R: 0.8574, Test RRSE: 0.7795
2025-02-10 15:11:04,492:INFO:Epoch 26: Train Loss: 40.8109, Train Node Loss: 3.1277, Train Reg Loss: 0.3768, Train MAPE: 10.4072, Train R: 0.7680, Train RRSE: 0.7003, Test Loss: 53.5688, Test Node Loss: 2.5284, Test Reg Loss: 0.5104, Test MAPE: 10.3483, Test R: 0.8483, Test RRSE: 0.8051
2025-02-10 15:11:28,605:INFO:Epoch 27: Train Loss: 36.8752, Train Node Loss: 2.8206, Train Reg Loss: 0.3405, Train MAPE: 10.5090, Train R: 0.7955, Train RRSE: 0.6657, Test Loss: 49.9920, Test Node Loss: 2.4423, Test Reg Loss: 0.4755, Test MAPE: 10.4818, Test R: 0.8408, Test RRSE: 0.7771
2025-02-10 15:11:52,692:INFO:Epoch 28: Train Loss: 35.1025, Train Node Loss: 2.7981, Train Reg Loss: 0.3230, Train MAPE: 10.9360, Train R: 0.7917, Train RRSE: 0.6484, Test Loss: 45.1745, Test Node Loss: 2.4436, Test Reg Loss: 0.4273, Test MAPE: 10.5949, Test R: 0.8369, Test RRSE: 0.7367
2025-02-10 15:12:16,757:INFO:Epoch 29: Train Loss: 35.8715, Train Node Loss: 2.6151, Train Reg Loss: 0.3326, Train MAPE: 11.1359, Train R: 0.7718, Train RRSE: 0.6578, Test Loss: 51.7342, Test Node Loss: 2.0442, Test Reg Loss: 0.4969, Test MAPE: 10.9345, Test R: 0.8353, Test RRSE: 0.7944
2025-02-10 15:12:40,875:INFO:Epoch 30: Train Loss: 32.3607, Train Node Loss: 2.1774, Train Reg Loss: 0.3018, Train MAPE: 11.0435, Train R: 0.7964, Train RRSE: 0.6267, Test Loss: 58.3379, Test Node Loss: 1.6859, Test Reg Loss: 0.5665, Test MAPE: 11.2507, Test R: 0.8386, Test RRSE: 0.8482
2025-02-10 15:13:05,035:INFO:Epoch 31: Train Loss: 31.3066, Train Node Loss: 1.9392, Train Reg Loss: 0.2937, Train MAPE: 11.0208, Train R: 0.8057, Train RRSE: 0.6182, Test Loss: 52.5835, Test Node Loss: 1.6833, Test Reg Loss: 0.5090, Test MAPE: 11.2257, Test R: 0.8459, Test RRSE: 0.8040
2025-02-10 15:13:29,417:INFO:Epoch 32: Train Loss: 27.9857, Train Node Loss: 1.8794, Train Reg Loss: 0.2611, Train MAPE: 11.2855, Train R: 0.8322, Train RRSE: 0.5829, Test Loss: 50.9204, Test Node Loss: 1.5654, Test Reg Loss: 0.4935, Test MAPE: 11.2826, Test R: 0.8539, Test RRSE: 0.7917
2025-02-10 15:13:53,509:INFO:Epoch 33: Train Loss: 30.6346, Train Node Loss: 1.7069, Train Reg Loss: 0.2893, Train MAPE: 11.2097, Train R: 0.8093, Train RRSE: 0.6135, Test Loss: 56.2673, Test Node Loss: 1.2744, Test Reg Loss: 0.5499, Test MAPE: 11.5159, Test R: 0.8609, Test RRSE: 0.8357
2025-02-10 15:14:17,515:INFO:Epoch 34: Train Loss: 28.6256, Train Node Loss: 1.3467, Train Reg Loss: 0.2728, Train MAPE: 11.1658, Train R: 0.8217, Train RRSE: 0.5958, Test Loss: 61.8755, Test Node Loss: 0.9857, Test Reg Loss: 0.6089, Test MAPE: 11.8442, Test R: 0.8674, Test RRSE: 0.8794
2025-02-10 15:14:41,635:INFO:Epoch 35: Train Loss: 27.1476, Train Node Loss: 1.1980, Train Reg Loss: 0.2595, Train MAPE: 11.1427, Train R: 0.8346, Train RRSE: 0.5811, Test Loss: 52.3721, Test Node Loss: 1.0706, Test Reg Loss: 0.5130, Test MAPE: 11.5431, Test R: 0.8744, Test RRSE: 0.8072
2025-02-10 15:15:05,724:INFO:Epoch 36: Train Loss: 25.9036, Train Node Loss: 1.1247, Train Reg Loss: 0.2478, Train MAPE: 11.2286, Train R: 0.8441, Train RRSE: 0.5678, Test Loss: 53.2932, Test Node Loss: 0.8721, Test Reg Loss: 0.5242, Test MAPE: 11.6738, Test R: 0.8811, Test RRSE: 0.8159
2025-02-10 15:15:29,846:INFO:Epoch 37: Train Loss: 24.7491, Train Node Loss: 0.9764, Train Reg Loss: 0.2377, Train MAPE: 11.2623, Train R: 0.8528, Train RRSE: 0.5562, Test Loss: 50.8922, Test Node Loss: 0.7572, Test Reg Loss: 0.5014, Test MAPE: 11.6811, Test R: 0.8861, Test RRSE: 0.7980
2025-02-10 15:15:53,976:INFO:Epoch 38: Train Loss: 24.1576, Train Node Loss: 0.8300, Train Reg Loss: 0.2333, Train MAPE: 11.2703, Train R: 0.8521, Train RRSE: 0.5510, Test Loss: 51.8421, Test Node Loss: 0.6008, Test Reg Loss: 0.5124, Test MAPE: 11.8470, Test R: 0.8894, Test RRSE: 0.8067
2025-02-10 15:16:18,213:INFO:Epoch 39: Train Loss: 22.2885, Train Node Loss: 0.7210, Train Reg Loss: 0.2157, Train MAPE: 11.3569, Train R: 0.8654, Train RRSE: 0.5298, Test Loss: 47.9496, Test Node Loss: 0.5716, Test Reg Loss: 0.4738, Test MAPE: 11.6364, Test R: 0.8961, Test RRSE: 0.7757
2025-02-10 15:16:42,332:INFO:Epoch 40: Train Loss: 21.1615, Train Node Loss: 0.6966, Train Reg Loss: 0.2046, Train MAPE: 11.5108, Train R: 0.8734, Train RRSE: 0.5160, Test Loss: 46.2182, Test Node Loss: 0.5026, Test Reg Loss: 0.4572, Test MAPE: 11.6757, Test R: 0.9022, Test RRSE: 0.7620
2025-02-10 15:17:06,444:INFO:Epoch 41: Train Loss: 20.4991, Train Node Loss: 0.5961, Train Reg Loss: 0.1990, Train MAPE: 11.5196, Train R: 0.8802, Train RRSE: 0.5089, Test Loss: 50.6475, Test Node Loss: 0.3563, Test Reg Loss: 0.5029, Test MAPE: 11.9063, Test R: 0.9058, Test RRSE: 0.7992
2025-02-10 15:17:30,708:INFO:Epoch 42: Train Loss: 20.8721, Train Node Loss: 0.3708, Train Reg Loss: 0.2050, Train MAPE: 11.3223, Train R: 0.8738, Train RRSE: 0.5165, Test Loss: 59.3484, Test Node Loss: 0.2116, Test Reg Loss: 0.5914, Test MAPE: 12.3145, Test R: 0.9085, Test RRSE: 0.8666
2025-02-10 15:17:55,488:INFO:Epoch 43: Train Loss: 19.8391, Train Node Loss: 0.3987, Train Reg Loss: 0.1944, Train MAPE: 11.4769, Train R: 0.8835, Train RRSE: 0.5030, Test Loss: 40.7196, Test Node Loss: 0.3743, Test Reg Loss: 0.4035, Test MAPE: 11.7335, Test R: 0.9121, Test RRSE: 0.7158
2025-02-10 15:18:20,010:INFO:Epoch 44: Train Loss: 20.0812, Train Node Loss: 0.4533, Train Reg Loss: 0.1963, Train MAPE: 11.6574, Train R: 0.8845, Train RRSE: 0.5054, Test Loss: 46.5808, Test Node Loss: 0.2449, Test Reg Loss: 0.4634, Test MAPE: 12.0768, Test R: 0.9123, Test RRSE: 0.7671
2025-02-10 15:18:44,562:INFO:Epoch 45: Train Loss: 18.9526, Train Node Loss: 0.3332, Train Reg Loss: 0.1862, Train MAPE: 11.5484, Train R: 0.8833, Train RRSE: 0.4922, Test Loss: 43.9711, Test Node Loss: 0.1870, Test Reg Loss: 0.4378, Test MAPE: 12.0461, Test R: 0.9146, Test RRSE: 0.7457
2025-02-10 15:19:09,379:INFO:Epoch 46: Train Loss: 17.8469, Train Node Loss: 0.2696, Train Reg Loss: 0.1758, Train MAPE: 11.5358, Train R: 0.8918, Train RRSE: 0.4783, Test Loss: 35.8893, Test Node Loss: 0.1820, Test Reg Loss: 0.3571, Test MAPE: 11.8559, Test R: 0.9166, Test RRSE: 0.6734
2025-02-10 15:19:34,460:INFO:Epoch 47: Train Loss: 17.6955, Train Node Loss: 0.2879, Train Reg Loss: 0.1741, Train MAPE: 11.6916, Train R: 0.8917, Train RRSE: 0.4759, Test Loss: 27.1029, Test Node Loss: 0.2169, Test Reg Loss: 0.2689, Test MAPE: 11.7197, Test R: 0.9206, Test RRSE: 0.5844
2025-02-10 15:19:58,930:INFO:Epoch 48: Train Loss: 16.7573, Train Node Loss: 0.2852, Train Reg Loss: 0.1647, Train MAPE: 11.7744, Train R: 0.8997, Train RRSE: 0.4630, Test Loss: 29.2796, Test Node Loss: 0.1567, Test Reg Loss: 0.2912, Test MAPE: 11.6837, Test R: 0.9237, Test RRSE: 0.6082
2025-02-10 15:20:23,333:INFO:Epoch 49: Train Loss: 17.2491, Train Node Loss: 0.2049, Train Reg Loss: 0.1704, Train MAPE: 11.5951, Train R: 0.8964, Train RRSE: 0.4710, Test Loss: 30.2330, Test Node Loss: 0.1207, Test Reg Loss: 0.3011, Test MAPE: 11.5667, Test R: 0.9261, Test RRSE: 0.6184
2025-02-10 15:20:47,833:INFO:Epoch 50: Train Loss: 15.9175, Train Node Loss: 0.2020, Train Reg Loss: 0.1572, Train MAPE: 11.6525, Train R: 0.9072, Train RRSE: 0.4522, Test Loss: 23.6227, Test Node Loss: 0.1497, Test Reg Loss: 0.2347, Test MAPE: 11.6387, Test R: 0.9284, Test RRSE: 0.5460
2025-02-10 15:21:12,294:INFO:Epoch 51: Train Loss: 17.0169, Train Node Loss: 0.2366, Train Reg Loss: 0.1678, Train MAPE: 11.7357, Train R: 0.9014, Train RRSE: 0.4673, Test Loss: 23.8107, Test Node Loss: 0.1416, Test Reg Loss: 0.2367, Test MAPE: 11.6622, Test R: 0.9303, Test RRSE: 0.5483
2025-02-10 15:21:37,127:INFO:Epoch 52: Train Loss: 15.9487, Train Node Loss: 0.2025, Train Reg Loss: 0.1575, Train MAPE: 11.7580, Train R: 0.9054, Train RRSE: 0.4527, Test Loss: 28.3841, Test Node Loss: 0.0972, Test Reg Loss: 0.2829, Test MAPE: 11.7620, Test R: 0.9307, Test RRSE: 0.5994
2025-02-10 15:22:01,932:INFO:Epoch 53: Train Loss: 15.1121, Train Node Loss: 0.1601, Train Reg Loss: 0.1495, Train MAPE: 11.7284, Train R: 0.9091, Train RRSE: 0.4411, Test Loss: 29.2094, Test Node Loss: 0.0879, Test Reg Loss: 0.2912, Test MAPE: 11.8291, Test R: 0.9320, Test RRSE: 0.6082
2025-02-10 15:22:26,733:INFO:Epoch 54: Train Loss: 16.2057, Train Node Loss: 0.1542, Train Reg Loss: 0.1605, Train MAPE: 11.6601, Train R: 0.9026, Train RRSE: 0.4570, Test Loss: 30.3387, Test Node Loss: 0.0832, Test Reg Loss: 0.3026, Test MAPE: 11.7859, Test R: 0.9347, Test RRSE: 0.6199
2025-02-10 15:22:51,261:INFO:Epoch 55: Train Loss: 16.2059, Train Node Loss: 0.1399, Train Reg Loss: 0.1607, Train MAPE: 11.7330, Train R: 0.9009, Train RRSE: 0.4572, Test Loss: 26.4689, Test Node Loss: 0.0927, Test Reg Loss: 0.2638, Test MAPE: 11.7253, Test R: 0.9377, Test RRSE: 0.5788
2025-02-10 15:23:16,335:INFO:Epoch 56: Train Loss: 14.0298, Train Node Loss: 0.1672, Train Reg Loss: 0.1386, Train MAPE: 11.8263, Train R: 0.9210, Train RRSE: 0.4247, Test Loss: 24.6886, Test Node Loss: 0.0983, Test Reg Loss: 0.2459, Test MAPE: 11.7052, Test R: 0.9392, Test RRSE: 0.5588
2025-02-10 15:23:41,475:INFO:Epoch 57: Train Loss: 14.9311, Train Node Loss: 0.1532, Train Reg Loss: 0.1478, Train MAPE: 11.8036, Train R: 0.9126, Train RRSE: 0.4385, Test Loss: 31.7437, Test Node Loss: 0.0702, Test Reg Loss: 0.3167, Test MAPE: 11.9149, Test R: 0.9395, Test RRSE: 0.6342
2025-02-10 15:24:06,227:INFO:Epoch 58: Train Loss: 14.3462, Train Node Loss: 0.1157, Train Reg Loss: 0.1423, Train MAPE: 11.6733, Train R: 0.9170, Train RRSE: 0.4303, Test Loss: 35.4220, Test Node Loss: 0.0567, Test Reg Loss: 0.3537, Test MAPE: 12.1118, Test R: 0.9398, Test RRSE: 0.6702
2025-02-10 15:24:31,305:INFO:Epoch 59: Train Loss: 13.0299, Train Node Loss: 0.1201, Train Reg Loss: 0.1291, Train MAPE: 11.7289, Train R: 0.9261, Train RRSE: 0.4099, Test Loss: 25.6809, Test Node Loss: 0.0854, Test Reg Loss: 0.2560, Test MAPE: 11.8304, Test R: 0.9415, Test RRSE: 0.5702
2025-02-10 15:24:55,932:INFO:Epoch 60: Train Loss: 15.0266, Train Node Loss: 0.1587, Train Reg Loss: 0.1487, Train MAPE: 11.9346, Train R: 0.9124, Train RRSE: 0.4399, Test Loss: 25.2399, Test Node Loss: 0.0890, Test Reg Loss: 0.2515, Test MAPE: 11.8754, Test R: 0.9427, Test RRSE: 0.5652
2025-02-10 15:25:20,728:INFO:Epoch 61: Train Loss: 13.6118, Train Node Loss: 0.1309, Train Reg Loss: 0.1348, Train MAPE: 11.8007, Train R: 0.9205, Train RRSE: 0.4188, Test Loss: 34.2672, Test Node Loss: 0.0578, Test Reg Loss: 0.3421, Test MAPE: 12.1739, Test R: 0.9442, Test RRSE: 0.6591
2025-02-10 15:25:45,877:INFO:Epoch 62: Train Loss: 13.5976, Train Node Loss: 0.1141, Train Reg Loss: 0.1348, Train MAPE: 11.7724, Train R: 0.9203, Train RRSE: 0.4189, Test Loss: 26.3565, Test Node Loss: 0.0736, Test Reg Loss: 0.2628, Test MAPE: 11.8233, Test R: 0.9465, Test RRSE: 0.5778
2025-02-10 15:26:10,600:INFO:Epoch 63: Train Loss: 13.7219, Train Node Loss: 0.1328, Train Reg Loss: 0.1359, Train MAPE: 11.8199, Train R: 0.9205, Train RRSE: 0.4205, Test Loss: 24.0578, Test Node Loss: 0.0766, Test Reg Loss: 0.2398, Test MAPE: 11.8657, Test R: 0.9482, Test RRSE: 0.5519
2025-02-10 15:26:35,218:INFO:Epoch 64: Train Loss: 14.6315, Train Node Loss: 0.1231, Train Reg Loss: 0.1451, Train MAPE: 11.6779, Train R: 0.9155, Train RRSE: 0.4345, Test Loss: 24.4683, Test Node Loss: 0.0751, Test Reg Loss: 0.2439, Test MAPE: 11.8964, Test R: 0.9494, Test RRSE: 0.5566
2025-02-10 15:27:00,040:INFO:Epoch 65: Train Loss: 13.7389, Train Node Loss: 0.1322, Train Reg Loss: 0.1361, Train MAPE: 11.8323, Train R: 0.9197, Train RRSE: 0.4208, Test Loss: 19.9112, Test Node Loss: 0.0901, Test Reg Loss: 0.1982, Test MAPE: 11.8380, Test R: 0.9509, Test RRSE: 0.5017
2025-02-10 15:27:00,070:INFO:Checkpoint saved at best_0.0008_0.001_256_SAGE_3_64_0.9509_epoch_65.pth
2025-02-10 15:27:24,908:INFO:Epoch 66: Train Loss: 12.8170, Train Node Loss: 0.1377, Train Reg Loss: 0.1268, Train MAPE: 11.8348, Train R: 0.9269, Train RRSE: 0.4062, Test Loss: 25.3843, Test Node Loss: 0.0729, Test Reg Loss: 0.2531, Test MAPE: 11.9195, Test R: 0.9512, Test RRSE: 0.5670
2025-02-10 15:27:24,933:INFO:Checkpoint saved at best_0.0008_0.001_256_SAGE_3_64_0.9512_epoch_66.pth
2025-02-10 15:27:50,001:INFO:Epoch 67: Train Loss: 12.6288, Train Node Loss: 0.1151, Train Reg Loss: 0.1251, Train MAPE: 11.7315, Train R: 0.9284, Train RRSE: 0.4035, Test Loss: 27.2032, Test Node Loss: 0.0711, Test Reg Loss: 0.2713, Test MAPE: 11.9177, Test R: 0.9529, Test RRSE: 0.5870
2025-02-10 15:27:50,026:INFO:Checkpoint saved at best_0.0008_0.001_256_SAGE_3_64_0.9529_epoch_67.pth
2025-02-10 15:28:14,798:INFO:Epoch 68: Train Loss: 13.3137, Train Node Loss: 0.1392, Train Reg Loss: 0.1317, Train MAPE: 11.9138, Train R: 0.9242, Train RRSE: 0.4141, Test Loss: 19.9091, Test Node Loss: 0.0962, Test Reg Loss: 0.1981, Test MAPE: 11.9294, Test R: 0.9533, Test RRSE: 0.5016
2025-02-10 15:28:14,883:INFO:Checkpoint saved at best_0.0008_0.001_256_SAGE_3_64_0.9533_epoch_68.pth
2025-02-10 15:28:39,529:INFO:Epoch 69: Train Loss: 11.6096, Train Node Loss: 0.1385, Train Reg Loss: 0.1147, Train MAPE: 12.0112, Train R: 0.9336, Train RRSE: 0.3864, Test Loss: 32.3883, Test Node Loss: 0.0694, Test Reg Loss: 0.3232, Test MAPE: 12.2388, Test R: 0.9530, Test RRSE: 0.6407
2025-02-10 15:29:04,305:INFO:Epoch 70: Train Loss: 11.6181, Train Node Loss: 0.1192, Train Reg Loss: 0.1150, Train MAPE: 11.9065, Train R: 0.9330, Train RRSE: 0.3868, Test Loss: 28.7755, Test Node Loss: 0.0758, Test Reg Loss: 0.2870, Test MAPE: 12.0370, Test R: 0.9533, Test RRSE: 0.6037
2025-02-10 15:29:29,505:INFO:Epoch 71: Train Loss: 11.7976, Train Node Loss: 0.1235, Train Reg Loss: 0.1167, Train MAPE: 11.9100, Train R: 0.9306, Train RRSE: 0.3898, Test Loss: 28.9196, Test Node Loss: 0.0810, Test Reg Loss: 0.2884, Test MAPE: 12.0286, Test R: 0.9547, Test RRSE: 0.6052
2025-02-10 15:29:29,539:INFO:Checkpoint saved at best_0.0008_0.001_256_SAGE_3_64_0.9547_epoch_71.pth
2025-02-10 15:29:54,452:INFO:Epoch 72: Train Loss: 11.3730, Train Node Loss: 0.1272, Train Reg Loss: 0.1125, Train MAPE: 11.8587, Train R: 0.9366, Train RRSE: 0.3825, Test Loss: 28.1754, Test Node Loss: 0.0843, Test Reg Loss: 0.2809, Test MAPE: 12.1509, Test R: 0.9556, Test RRSE: 0.5973
2025-02-10 15:29:54,492:INFO:Checkpoint saved at best_0.0008_0.001_256_SAGE_3_64_0.9556_epoch_72.pth
2025-02-10 15:30:19,601:INFO:Epoch 73: Train Loss: 10.5640, Train Node Loss: 0.1402, Train Reg Loss: 0.1042, Train MAPE: 12.0442, Train R: 0.9409, Train RRSE: 0.3683, Test Loss: 24.9337, Test Node Loss: 0.0929, Test Reg Loss: 0.2484, Test MAPE: 12.0180, Test R: 0.9570, Test RRSE: 0.5617
2025-02-10 15:30:19,653:INFO:Checkpoint saved at best_0.0008_0.001_256_SAGE_3_64_0.9570_epoch_73.pth
2025-02-10 15:30:44,732:INFO:Epoch 74: Train Loss: 11.0720, Train Node Loss: 0.1401, Train Reg Loss: 0.1093, Train MAPE: 11.9396, Train R: 0.9393, Train RRSE: 0.3772, Test Loss: 30.0453, Test Node Loss: 0.0882, Test Reg Loss: 0.2996, Test MAPE: 12.3057, Test R: 0.9569, Test RRSE: 0.6168
2025-02-10 15:31:09,659:INFO:Epoch 75: Train Loss: 10.6378, Train Node Loss: 0.1393, Train Reg Loss: 0.1050, Train MAPE: 11.9560, Train R: 0.9396, Train RRSE: 0.3696, Test Loss: 28.1941, Test Node Loss: 0.0965, Test Reg Loss: 0.2810, Test MAPE: 12.2488, Test R: 0.9584, Test RRSE: 0.5974
2025-02-10 15:31:09,688:INFO:Checkpoint saved at best_0.0008_0.001_256_SAGE_3_64_0.9584_epoch_75.pth
2025-02-10 15:31:34,783:INFO:Epoch 76: Train Loss: 11.3668, Train Node Loss: 0.1460, Train Reg Loss: 0.1122, Train MAPE: 12.0515, Train R: 0.9328, Train RRSE: 0.3821, Test Loss: 29.8033, Test Node Loss: 0.1036, Test Reg Loss: 0.2970, Test MAPE: 12.3518, Test R: 0.9589, Test RRSE: 0.6142
2025-02-10 15:31:34,828:INFO:Checkpoint saved at best_0.0008_0.001_256_SAGE_3_64_0.9589_epoch_76.pth
2025-02-10 15:31:59,638:INFO:Epoch 77: Train Loss: 12.1230, Train Node Loss: 0.1453, Train Reg Loss: 0.1198, Train MAPE: 11.8858, Train R: 0.9298, Train RRSE: 0.3948, Test Loss: 31.3091, Test Node Loss: 0.1061, Test Reg Loss: 0.3120, Test MAPE: 12.2743, Test R: 0.9601, Test RRSE: 0.6295
2025-02-10 15:31:59,666:INFO:Checkpoint saved at best_0.0008_0.001_256_SAGE_3_64_0.9601_epoch_77.pth
2025-02-10 15:32:24,546:INFO:Epoch 78: Train Loss: 9.9392, Train Node Loss: 0.1541, Train Reg Loss: 0.0979, Train MAPE: 11.9080, Train R: 0.9449, Train RRSE: 0.3568, Test Loss: 26.8098, Test Node Loss: 0.1150, Test Reg Loss: 0.2669, Test MAPE: 12.2031, Test R: 0.9616, Test RRSE: 0.5823
2025-02-10 15:32:24,581:INFO:Checkpoint saved at best_0.0008_0.001_256_SAGE_3_64_0.9616_epoch_78.pth
2025-02-10 15:32:49,493:INFO:Epoch 79: Train Loss: 10.3428, Train Node Loss: 0.1680, Train Reg Loss: 0.1017, Train MAPE: 12.0407, Train R: 0.9438, Train RRSE: 0.3639, Test Loss: 27.6038, Test Node Loss: 0.1203, Test Reg Loss: 0.2748, Test MAPE: 12.2949, Test R: 0.9625, Test RRSE: 0.5908
2025-02-10 15:32:49,521:INFO:Checkpoint saved at best_0.0008_0.001_256_SAGE_3_64_0.9625_epoch_79.pth
2025-02-10 15:33:14,331:INFO:Epoch 80: Train Loss: 9.1675, Train Node Loss: 0.1646, Train Reg Loss: 0.0900, Train MAPE: 12.0395, Train R: 0.9499, Train RRSE: 0.3423, Test Loss: 35.8917, Test Node Loss: 0.1242, Test Reg Loss: 0.3577, Test MAPE: 12.6095, Test R: 0.9628, Test RRSE: 0.6740
2025-02-10 15:33:14,356:INFO:Checkpoint saved at best_0.0008_0.001_256_SAGE_3_64_0.9628_epoch_80.pth
2025-02-10 15:33:39,348:INFO:Epoch 81: Train Loss: 9.9319, Train Node Loss: 0.1693, Train Reg Loss: 0.0976, Train MAPE: 11.9718, Train R: 0.9464, Train RRSE: 0.3564, Test Loss: 28.8423, Test Node Loss: 0.1320, Test Reg Loss: 0.2871, Test MAPE: 12.3573, Test R: 0.9638, Test RRSE: 0.6038
2025-02-10 15:33:39,371:INFO:Checkpoint saved at best_0.0008_0.001_256_SAGE_3_64_0.9638_epoch_81.pth
2025-02-10 15:34:04,430:INFO:Epoch 82: Train Loss: 9.0867, Train Node Loss: 0.1752, Train Reg Loss: 0.0891, Train MAPE: 12.1177, Train R: 0.9491, Train RRSE: 0.3405, Test Loss: 31.4760, Test Node Loss: 0.1386, Test Reg Loss: 0.3134, Test MAPE: 12.5043, Test R: 0.9641, Test RRSE: 0.6309
2025-02-10 15:34:04,459:INFO:Checkpoint saved at best_0.0008_0.001_256_SAGE_3_64_0.9641_epoch_82.pth
2025-02-10 15:34:29,590:INFO:Epoch 83: Train Loss: 10.1036, Train Node Loss: 0.1788, Train Reg Loss: 0.0992, Train MAPE: 12.0339, Train R: 0.9428, Train RRSE: 0.3594, Test Loss: 30.2435, Test Node Loss: 0.1445, Test Reg Loss: 0.3010, Test MAPE: 12.4113, Test R: 0.9651, Test RRSE: 0.6183
2025-02-10 15:34:29,614:INFO:Checkpoint saved at best_0.0008_0.001_256_SAGE_3_64_0.9651_epoch_83.pth
2025-02-10 15:34:54,182:INFO:Epoch 84: Train Loss: 10.3402, Train Node Loss: 0.1958, Train Reg Loss: 0.1014, Train MAPE: 12.2434, Train R: 0.9432, Train RRSE: 0.3633, Test Loss: 25.4933, Test Node Loss: 0.1547, Test Reg Loss: 0.2534, Test MAPE: 12.3904, Test R: 0.9653, Test RRSE: 0.5673
2025-02-10 15:34:54,212:INFO:Checkpoint saved at best_0.0008_0.001_256_SAGE_3_64_0.9653_epoch_84.pth
2025-02-10 15:35:18,585:INFO:Epoch 85: Train Loss: 9.1214, Train Node Loss: 0.1976, Train Reg Loss: 0.0892, Train MAPE: 12.1203, Train R: 0.9504, Train RRSE: 0.3408, Test Loss: 48.4678, Test Node Loss: 0.1700, Test Reg Loss: 0.4830, Test MAPE: 13.0888, Test R: 0.9651, Test RRSE: 0.7832
2025-02-10 15:35:43,374:INFO:Epoch 86: Train Loss: 10.8747, Train Node Loss: 0.1968, Train Reg Loss: 0.1068, Train MAPE: 11.9181, Train R: 0.9427, Train RRSE: 0.3728, Test Loss: 36.7642, Test Node Loss: 0.1667, Test Reg Loss: 0.3660, Test MAPE: 12.7477, Test R: 0.9667, Test RRSE: 0.6818
2025-02-10 15:35:43,399:INFO:Checkpoint saved at best_0.0008_0.001_256_SAGE_3_64_0.9667_epoch_86.pth
2025-02-10 15:36:08,040:INFO:Epoch 87: Train Loss: 8.2351, Train Node Loss: 0.1984, Train Reg Loss: 0.0804, Train MAPE: 12.0685, Train R: 0.9573, Train RRSE: 0.3234, Test Loss: 16.2450, Test Node Loss: 0.1569, Test Reg Loss: 0.1609, Test MAPE: 12.2124, Test R: 0.9681, Test RRSE: 0.4520
2025-02-10 15:36:08,074:INFO:Checkpoint saved at best_0.0008_0.001_256_SAGE_3_64_0.9681_epoch_87.pth
2025-02-10 15:36:32,764:INFO:Epoch 88: Train Loss: 10.1894, Train Node Loss: 0.2012, Train Reg Loss: 0.0999, Train MAPE: 12.2419, Train R: 0.9439, Train RRSE: 0.3605, Test Loss: 31.2318, Test Node Loss: 0.1670, Test Reg Loss: 0.3106, Test MAPE: 12.5875, Test R: 0.9682, Test RRSE: 0.6281
2025-02-10 15:36:32,815:INFO:Checkpoint saved at best_0.0008_0.001_256_SAGE_3_64_0.9682_epoch_88.pth
2025-02-10 15:36:57,293:INFO:Epoch 89: Train Loss: 8.1957, Train Node Loss: 0.2036, Train Reg Loss: 0.0799, Train MAPE: 12.1769, Train R: 0.9537, Train RRSE: 0.3225, Test Loss: 33.8013, Test Node Loss: 0.1767, Test Reg Loss: 0.3362, Test MAPE: 12.7701, Test R: 0.9684, Test RRSE: 0.6535
2025-02-10 15:36:57,325:INFO:Checkpoint saved at best_0.0008_0.001_256_SAGE_3_64_0.9684_epoch_89.pth
2025-02-10 15:37:21,787:INFO:Epoch 90: Train Loss: 9.0301, Train Node Loss: 0.2083, Train Reg Loss: 0.0882, Train MAPE: 12.1154, Train R: 0.9493, Train RRSE: 0.3388, Test Loss: 32.5751, Test Node Loss: 0.1815, Test Reg Loss: 0.3239, Test MAPE: 12.7438, Test R: 0.9689, Test RRSE: 0.6414
2025-02-10 15:37:21,875:INFO:Checkpoint saved at best_0.0008_0.001_256_SAGE_3_64_0.9689_epoch_90.pth
2025-02-10 15:37:46,653:INFO:Epoch 91: Train Loss: 7.8096, Train Node Loss: 0.2165, Train Reg Loss: 0.0759, Train MAPE: 12.2086, Train R: 0.9567, Train RRSE: 0.3143, Test Loss: 36.9579, Test Node Loss: 0.1955, Test Reg Loss: 0.3676, Test MAPE: 12.9386, Test R: 0.9698, Test RRSE: 0.6833
2025-02-10 15:37:46,680:INFO:Checkpoint saved at best_0.0008_0.001_256_SAGE_3_64_0.9698_epoch_91.pth
2025-02-10 15:38:11,150:INFO:Epoch 92: Train Loss: 8.3502, Train Node Loss: 0.2249, Train Reg Loss: 0.0813, Train MAPE: 12.1497, Train R: 0.9530, Train RRSE: 0.3252, Test Loss: 36.1144, Test Node Loss: 0.2042, Test Reg Loss: 0.3591, Test MAPE: 12.9753, Test R: 0.9709, Test RRSE: 0.6753
2025-02-10 15:38:11,176:INFO:Checkpoint saved at best_0.0008_0.001_256_SAGE_3_64_0.9709_epoch_92.pth
2025-02-10 15:38:35,905:INFO:Epoch 93: Train Loss: 8.5549, Train Node Loss: 0.2357, Train Reg Loss: 0.0832, Train MAPE: 12.0724, Train R: 0.9526, Train RRSE: 0.3290, Test Loss: 34.0857, Test Node Loss: 0.2109, Test Reg Loss: 0.3387, Test MAPE: 12.9252, Test R: 0.9712, Test RRSE: 0.6559
2025-02-10 15:38:35,942:INFO:Checkpoint saved at best_0.0008_0.001_256_SAGE_3_64_0.9712_epoch_93.pth
2025-02-10 15:39:00,746:INFO:Epoch 94: Train Loss: 8.0156, Train Node Loss: 0.2355, Train Reg Loss: 0.0778, Train MAPE: 12.1908, Train R: 0.9551, Train RRSE: 0.3182, Test Loss: 21.0828, Test Node Loss: 0.1976, Test Reg Loss: 0.2089, Test MAPE: 12.5530, Test R: 0.9725, Test RRSE: 0.5150
2025-02-10 15:39:00,771:INFO:Checkpoint saved at best_0.0008_0.001_256_SAGE_3_64_0.9725_epoch_94.pth
2025-02-10 15:39:25,550:INFO:Epoch 95: Train Loss: 7.8200, Train Node Loss: 0.2414, Train Reg Loss: 0.0758, Train MAPE: 12.2245, Train R: 0.9567, Train RRSE: 0.3140, Test Loss: 35.0926, Test Node Loss: 0.2265, Test Reg Loss: 0.3487, Test MAPE: 12.9317, Test R: 0.9731, Test RRSE: 0.6654
2025-02-10 15:39:25,574:INFO:Checkpoint saved at best_0.0008_0.001_256_SAGE_3_64_0.9731_epoch_95.pth
2025-02-10 15:39:50,092:INFO:Epoch 96: Train Loss: 7.5464, Train Node Loss: 0.2538, Train Reg Loss: 0.0729, Train MAPE: 12.1486, Train R: 0.9599, Train RRSE: 0.3081, Test Loss: 30.8941, Test Node Loss: 0.2271, Test Reg Loss: 0.3067, Test MAPE: 12.8687, Test R: 0.9733, Test RRSE: 0.6241
2025-02-10 15:39:50,126:INFO:Checkpoint saved at best_0.0008_0.001_256_SAGE_3_64_0.9733_epoch_96.pth
2025-02-10 15:40:14,920:INFO:Epoch 97: Train Loss: 7.5812, Train Node Loss: 0.2584, Train Reg Loss: 0.0732, Train MAPE: 12.3471, Train R: 0.9587, Train RRSE: 0.3087, Test Loss: 37.4141, Test Node Loss: 0.2479, Test Reg Loss: 0.3717, Test MAPE: 13.0850, Test R: 0.9732, Test RRSE: 0.6870
2025-02-10 15:40:39,689:INFO:Epoch 98: Train Loss: 8.1804, Train Node Loss: 0.2819, Train Reg Loss: 0.0790, Train MAPE: 12.1837, Train R: 0.9539, Train RRSE: 0.3206, Test Loss: 51.2456, Test Node Loss: 0.2808, Test Reg Loss: 0.5096, Test MAPE: 13.5246, Test R: 0.9737, Test RRSE: 0.8045
2025-02-10 15:40:39,716:INFO:Checkpoint saved at best_0.0008_0.001_256_SAGE_3_64_0.9737_epoch_98.pth
2025-02-10 15:41:04,207:INFO:Epoch 99: Train Loss: 7.2769, Train Node Loss: 0.2857, Train Reg Loss: 0.0699, Train MAPE: 12.2239, Train R: 0.9608, Train RRSE: 0.3016, Test Loss: 33.0264, Test Node Loss: 0.2488, Test Reg Loss: 0.3278, Test MAPE: 13.0080, Test R: 0.9753, Test RRSE: 0.6452
2025-02-10 15:41:04,247:INFO:Checkpoint saved at best_0.0008_0.001_256_SAGE_3_64_0.9753_epoch_99.pth
2025-02-10 15:41:28,946:INFO:Epoch 100: Train Loss: 7.2335, Train Node Loss: 0.2760, Train Reg Loss: 0.0696, Train MAPE: 12.2846, Train R: 0.9601, Train RRSE: 0.3009, Test Loss: 35.6324, Test Node Loss: 0.2528, Test Reg Loss: 0.3538, Test MAPE: 13.1340, Test R: 0.9753, Test RRSE: 0.6703
2025-02-10 15:41:28,983:INFO:Checkpoint saved at best_0.0008_0.001_256_SAGE_3_64_0.9753_epoch_100.pth
2025-02-10 15:41:54,171:INFO:Epoch 101: Train Loss: 7.0910, Train Node Loss: 0.2752, Train Reg Loss: 0.0682, Train MAPE: 12.1744, Train R: 0.9627, Train RRSE: 0.2978, Test Loss: 36.1740, Test Node Loss: 0.2554, Test Reg Loss: 0.3592, Test MAPE: 13.1729, Test R: 0.9757, Test RRSE: 0.6754
2025-02-10 15:41:54,257:INFO:Checkpoint saved at best_0.0008_0.001_256_SAGE_3_64_0.9757_epoch_101.pth
2025-02-10 15:42:19,106:INFO:Epoch 102: Train Loss: 7.7437, Train Node Loss: 0.2850, Train Reg Loss: 0.0746, Train MAPE: 12.2721, Train R: 0.9558, Train RRSE: 0.3115, Test Loss: 41.4114, Test Node Loss: 0.2686, Test Reg Loss: 0.4114, Test MAPE: 13.3448, Test R: 0.9753, Test RRSE: 0.7229
2025-02-10 15:42:43,826:INFO:Epoch 103: Train Loss: 6.8551, Train Node Loss: 0.2944, Train Reg Loss: 0.0656, Train MAPE: 12.3058, Train R: 0.9622, Train RRSE: 0.2922, Test Loss: 35.0125, Test Node Loss: 0.2573, Test Reg Loss: 0.3476, Test MAPE: 13.2481, Test R: 0.9763, Test RRSE: 0.6644
2025-02-10 15:42:43,856:INFO:Checkpoint saved at best_0.0008_0.001_256_SAGE_3_64_0.9763_epoch_103.pth
2025-02-10 15:43:08,596:INFO:Epoch 104: Train Loss: 6.8888, Train Node Loss: 0.2690, Train Reg Loss: 0.0662, Train MAPE: 12.5260, Train R: 0.9629, Train RRSE: 0.2935, Test Loss: 29.8736, Test Node Loss: 0.2489, Test Reg Loss: 0.2962, Test MAPE: 13.0366, Test R: 0.9765, Test RRSE: 0.6134
2025-02-10 15:43:08,623:INFO:Checkpoint saved at best_0.0008_0.001_256_SAGE_3_64_0.9765_epoch_104.pth
2025-02-10 15:43:33,757:INFO:Epoch 105: Train Loss: 6.8109, Train Node Loss: 0.2875, Train Reg Loss: 0.0652, Train MAPE: 12.3330, Train R: 0.9613, Train RRSE: 0.2914, Test Loss: 56.3406, Test Node Loss: 0.2994, Test Reg Loss: 0.5604, Test MAPE: 14.0044, Test R: 0.9755, Test RRSE: 0.8437
2025-02-10 15:43:58,885:INFO:Epoch 106: Train Loss: 7.1443, Train Node Loss: 0.2968, Train Reg Loss: 0.0685, Train MAPE: 12.3033, Train R: 0.9594, Train RRSE: 0.2985, Test Loss: 27.4323, Test Node Loss: 0.2394, Test Reg Loss: 0.2719, Test MAPE: 13.1076, Test R: 0.9779, Test RRSE: 0.5877
2025-02-10 15:43:58,913:INFO:Checkpoint saved at best_0.0008_0.001_256_SAGE_3_64_0.9779_epoch_106.pth
2025-02-10 15:44:23,988:INFO:Epoch 107: Train Loss: 6.8821, Train Node Loss: 0.2623, Train Reg Loss: 0.0662, Train MAPE: 12.4790, Train R: 0.9644, Train RRSE: 0.2935, Test Loss: 34.0873, Test Node Loss: 0.2472, Test Reg Loss: 0.3384, Test MAPE: 13.2377, Test R: 0.9779, Test RRSE: 0.6556
2025-02-10 15:44:24,037:INFO:Checkpoint saved at best_0.0008_0.001_256_SAGE_3_64_0.9779_epoch_107.pth
2025-02-10 15:44:49,125:INFO:Epoch 108: Train Loss: 6.6846, Train Node Loss: 0.2697, Train Reg Loss: 0.0641, Train MAPE: 12.3675, Train R: 0.9631, Train RRSE: 0.2889, Test Loss: 55.6446, Test Node Loss: 0.2813, Test Reg Loss: 0.5536, Test MAPE: 13.9075, Test R: 0.9772, Test RRSE: 0.8385
2025-02-10 15:45:14,265:INFO:Epoch 109: Train Loss: 8.9083, Train Node Loss: 0.3028, Train Reg Loss: 0.0861, Train MAPE: 12.3295, Train R: 0.9550, Train RRSE: 0.3346, Test Loss: 48.4687, Test Node Loss: 0.2596, Test Reg Loss: 0.4821, Test MAPE: 13.8396, Test R: 0.9778, Test RRSE: 0.7825
2025-02-10 15:45:39,194:INFO:Epoch 110: Train Loss: 7.7643, Train Node Loss: 0.2368, Train Reg Loss: 0.0753, Train MAPE: 12.5771, Train R: 0.9557, Train RRSE: 0.3130, Test Loss: 14.4357, Test Node Loss: 0.1842, Test Reg Loss: 0.1425, Test MAPE: 12.8536, Test R: 0.9783, Test RRSE: 0.4254
2025-02-10 15:45:39,236:INFO:Checkpoint saved at best_0.0008_0.001_256_SAGE_3_64_0.9783_epoch_110.pth
2025-02-10 15:46:04,412:INFO:Epoch 111: Train Loss: 7.2233, Train Node Loss: 0.2310, Train Reg Loss: 0.0699, Train MAPE: 12.5223, Train R: 0.9572, Train RRSE: 0.3016, Test Loss: 60.3468, Test Node Loss: 0.2537, Test Reg Loss: 0.6009, Test MAPE: 14.2040, Test R: 0.9777, Test RRSE: 0.8736
2025-02-10 15:46:29,578:INFO:Epoch 112: Train Loss: 7.5093, Train Node Loss: 0.2364, Train Reg Loss: 0.0727, Train MAPE: 12.3686, Train R: 0.9556, Train RRSE: 0.3076, Test Loss: 31.1820, Test Node Loss: 0.2045, Test Reg Loss: 0.3098, Test MAPE: 13.2771, Test R: 0.9785, Test RRSE: 0.6272
2025-02-10 15:46:29,617:INFO:Checkpoint saved at best_0.0008_0.001_256_SAGE_3_64_0.9785_epoch_112.pth
2025-02-10 15:46:54,777:INFO:Epoch 113: Train Loss: 4.8473, Train Node Loss: 0.2148, Train Reg Loss: 0.0463, Train MAPE: 12.4454, Train R: 0.9741, Train RRSE: 0.2455, Test Loss: 36.1470, Test Node Loss: 0.2038, Test Reg Loss: 0.3594, Test MAPE: 13.5077, Test R: 0.9788, Test RRSE: 0.6756
2025-02-10 15:46:54,806:INFO:Checkpoint saved at best_0.0008_0.001_256_SAGE_3_64_0.9788_epoch_113.pth
2025-02-10 15:47:19,850:INFO:Epoch 114: Train Loss: 4.7793, Train Node Loss: 0.2138, Train Reg Loss: 0.0457, Train MAPE: 12.4358, Train R: 0.9742, Train RRSE: 0.2437, Test Loss: 33.3773, Test Node Loss: 0.1938, Test Reg Loss: 0.3318, Test MAPE: 13.5394, Test R: 0.9789, Test RRSE: 0.6492
2025-02-10 15:47:19,890:INFO:Checkpoint saved at best_0.0008_0.001_256_SAGE_3_64_0.9789_epoch_114.pth
2025-02-10 15:47:45,012:INFO:Epoch 115: Train Loss: 5.6369, Train Node Loss: 0.2058, Train Reg Loss: 0.0543, Train MAPE: 12.4630, Train R: 0.9677, Train RRSE: 0.2658, Test Loss: 31.5313, Test Node Loss: 0.1879, Test Reg Loss: 0.3134, Test MAPE: 13.6096, Test R: 0.9789, Test RRSE: 0.6309
2025-02-10 15:48:10,491:INFO:Epoch 116: Train Loss: 4.8433, Train Node Loss: 0.1991, Train Reg Loss: 0.0464, Train MAPE: 12.6582, Train R: 0.9713, Train RRSE: 0.2458, Test Loss: 38.1793, Test Node Loss: 0.1917, Test Reg Loss: 0.3799, Test MAPE: 13.7962, Test R: 0.9786, Test RRSE: 0.6946
2025-02-10 15:48:35,940:INFO:Epoch 117: Train Loss: 5.8439, Train Node Loss: 0.2003, Train Reg Loss: 0.0564, Train MAPE: 12.6589, Train R: 0.9642, Train RRSE: 0.2710, Test Loss: 35.1171, Test Node Loss: 0.1830, Test Reg Loss: 0.3493, Test MAPE: 13.7661, Test R: 0.9794, Test RRSE: 0.6661
2025-02-10 15:48:35,988:INFO:Checkpoint saved at best_0.0008_0.001_256_SAGE_3_64_0.9794_epoch_117.pth
2025-02-10 15:49:01,547:INFO:Epoch 118: Train Loss: 5.2847, Train Node Loss: 0.1878, Train Reg Loss: 0.0510, Train MAPE: 12.5315, Train R: 0.9692, Train RRSE: 0.2575, Test Loss: 32.1769, Test Node Loss: 0.1756, Test Reg Loss: 0.3200, Test MAPE: 13.5470, Test R: 0.9795, Test RRSE: 0.6375
2025-02-10 15:49:01,585:INFO:Checkpoint saved at best_0.0008_0.001_256_SAGE_3_64_0.9795_epoch_118.pth
2025-02-10 15:49:27,097:INFO:Epoch 119: Train Loss: 4.8909, Train Node Loss: 0.1901, Train Reg Loss: 0.0470, Train MAPE: 12.7476, Train R: 0.9701, Train RRSE: 0.2473, Test Loss: 38.6705, Test Node Loss: 0.1805, Test Reg Loss: 0.3849, Test MAPE: 14.0063, Test R: 0.9798, Test RRSE: 0.6992
2025-02-10 15:49:27,117:INFO:Checkpoint saved at best_0.0008_0.001_256_SAGE_3_64_0.9798_epoch_119.pth
2025-02-10 15:49:52,326:INFO:Epoch 120: Train Loss: 4.8963, Train Node Loss: 0.1784, Train Reg Loss: 0.0472, Train MAPE: 12.6852, Train R: 0.9711, Train RRSE: 0.2478, Test Loss: 29.1368, Test Node Loss: 0.1631, Test Reg Loss: 0.2897, Test MAPE: 13.7727, Test R: 0.9793, Test RRSE: 0.6066
2025-02-10 15:50:17,565:INFO:Epoch 121: Train Loss: 5.6817, Train Node Loss: 0.1828, Train Reg Loss: 0.0550, Train MAPE: 12.5841, Train R: 0.9659, Train RRSE: 0.2675, Test Loss: 45.2845, Test Node Loss: 0.1788, Test Reg Loss: 0.4511, Test MAPE: 14.2484, Test R: 0.9798, Test RRSE: 0.7569
2025-02-10 15:50:17,595:INFO:Checkpoint saved at best_0.0008_0.001_256_SAGE_3_64_0.9798_epoch_121.pth
2025-02-10 15:50:43,057:INFO:Epoch 122: Train Loss: 6.0529, Train Node Loss: 0.1620, Train Reg Loss: 0.0589, Train MAPE: 12.7789, Train R: 0.9633, Train RRSE: 0.2769, Test Loss: 21.6265, Test Node Loss: 0.1435, Test Reg Loss: 0.2148, Test MAPE: 13.6221, Test R: 0.9799, Test RRSE: 0.5223
2025-02-10 15:50:43,090:INFO:Checkpoint saved at best_0.0008_0.001_256_SAGE_3_64_0.9799_epoch_122.pth
2025-02-10 15:51:08,539:INFO:Epoch 123: Train Loss: 4.9755, Train Node Loss: 0.1666, Train Reg Loss: 0.0481, Train MAPE: 12.6079, Train R: 0.9707, Train RRSE: 0.2502, Test Loss: 68.4672, Test Node Loss: 0.1882, Test Reg Loss: 0.6828, Test MAPE: 14.8475, Test R: 0.9794, Test RRSE: 0.9312
2025-02-10 15:51:34,069:INFO:Epoch 124: Train Loss: 4.1965, Train Node Loss: 0.1640, Train Reg Loss: 0.0403, Train MAPE: 12.5833, Train R: 0.9765, Train RRSE: 0.2291, Test Loss: 23.6694, Test Node Loss: 0.1344, Test Reg Loss: 0.2354, Test MAPE: 13.4809, Test R: 0.9803, Test RRSE: 0.5467
2025-02-10 15:51:34,111:INFO:Checkpoint saved at best_0.0008_0.001_256_SAGE_3_64_0.9803_epoch_124.pth
2025-02-10 15:51:59,625:INFO:Epoch 125: Train Loss: 4.6358, Train Node Loss: 0.1398, Train Reg Loss: 0.0450, Train MAPE: 12.7927, Train R: 0.9741, Train RRSE: 0.2419, Test Loss: 37.7933, Test Node Loss: 0.1417, Test Reg Loss: 0.3765, Test MAPE: 13.9629, Test R: 0.9803, Test RRSE: 0.6915
2025-02-10 15:52:25,076:INFO:Epoch 126: Train Loss: 4.2219, Train Node Loss: 0.1477, Train Reg Loss: 0.0407, Train MAPE: 12.6867, Train R: 0.9746, Train RRSE: 0.2303, Test Loss: 53.2625, Test Node Loss: 0.1531, Test Reg Loss: 0.5311, Test MAPE: 14.4941, Test R: 0.9796, Test RRSE: 0.8213
2025-02-10 15:52:50,504:INFO:Epoch 127: Train Loss: 4.3473, Train Node Loss: 0.1452, Train Reg Loss: 0.0420, Train MAPE: 12.6497, Train R: 0.9738, Train RRSE: 0.2338, Test Loss: 41.6586, Test Node Loss: 0.1372, Test Reg Loss: 0.4152, Test MAPE: 14.2069, Test R: 0.9797, Test RRSE: 0.7262
2025-02-10 15:53:16,023:INFO:Epoch 128: Train Loss: 4.9455, Train Node Loss: 0.1426, Train Reg Loss: 0.0480, Train MAPE: 12.6975, Train R: 0.9706, Train RRSE: 0.2500, Test Loss: 45.3725, Test Node Loss: 0.1342, Test Reg Loss: 0.4524, Test MAPE: 14.0872, Test R: 0.9795, Test RRSE: 0.7580
2025-02-10 15:53:41,438:INFO:Epoch 129: Train Loss: 4.9928, Train Node Loss: 0.1236, Train Reg Loss: 0.0487, Train MAPE: 12.8594, Train R: 0.9697, Train RRSE: 0.2517, Test Loss: 32.9796, Test Node Loss: 0.1149, Test Reg Loss: 0.3286, Test MAPE: 13.8818, Test R: 0.9798, Test RRSE: 0.6461
2025-02-10 15:54:06,927:INFO:Epoch 130: Train Loss: 4.3000, Train Node Loss: 0.1244, Train Reg Loss: 0.0418, Train MAPE: 12.8406, Train R: 0.9734, Train RRSE: 0.2331, Test Loss: 77.4340, Test Node Loss: 0.1483, Test Reg Loss: 0.7729, Test MAPE: 15.2326, Test R: 0.9791, Test RRSE: 0.9907
2025-02-10 15:54:32,390:INFO:Epoch 131: Train Loss: 3.5622, Train Node Loss: 0.1299, Train Reg Loss: 0.0343, Train MAPE: 12.7738, Train R: 0.9792, Train RRSE: 0.2113, Test Loss: 39.0096, Test Node Loss: 0.1132, Test Reg Loss: 0.3890, Test MAPE: 14.1639, Test R: 0.9800, Test RRSE: 0.7029
2025-02-10 15:54:57,877:INFO:Epoch 132: Train Loss: 4.2626, Train Node Loss: 0.1131, Train Reg Loss: 0.0415, Train MAPE: 12.7471, Train R: 0.9736, Train RRSE: 0.2324, Test Loss: 26.5003, Test Node Loss: 0.0958, Test Reg Loss: 0.2640, Test MAPE: 13.8024, Test R: 0.9788, Test RRSE: 0.5791
2025-02-10 15:55:23,279:INFO:Epoch 133: Train Loss: 3.5607, Train Node Loss: 0.1020, Train Reg Loss: 0.0346, Train MAPE: 12.9415, Train R: 0.9780, Train RRSE: 0.2121, Test Loss: 35.3975, Test Node Loss: 0.0944, Test Reg Loss: 0.3530, Test MAPE: 14.1114, Test R: 0.9797, Test RRSE: 0.6696
2025-02-10 15:55:48,487:INFO:Epoch 134: Train Loss: 5.3239, Train Node Loss: 0.0945, Train Reg Loss: 0.0523, Train MAPE: 12.6958, Train R: 0.9681, Train RRSE: 0.2609, Test Loss: 58.4288, Test Node Loss: 0.1048, Test Reg Loss: 0.5832, Test MAPE: 14.5261, Test R: 0.9788, Test RRSE: 0.8607
2025-02-10 15:56:13,795:INFO:Epoch 135: Train Loss: 5.9478, Train Node Loss: 0.0939, Train Reg Loss: 0.0585, Train MAPE: 12.6933, Train R: 0.9630, Train RRSE: 0.2760, Test Loss: 44.7288, Test Node Loss: 0.0972, Test Reg Loss: 0.4463, Test MAPE: 14.3974, Test R: 0.9793, Test RRSE: 0.7529
2025-02-10 15:56:38,940:INFO:Epoch 136: Train Loss: 5.2443, Train Node Loss: 0.1000, Train Reg Loss: 0.0514, Train MAPE: 12.7302, Train R: 0.9680, Train RRSE: 0.2587, Test Loss: 48.9333, Test Node Loss: 0.1003, Test Reg Loss: 0.4883, Test MAPE: 14.7050, Test R: 0.9796, Test RRSE: 0.7875
2025-02-10 15:57:04,388:INFO:Epoch 137: Train Loss: 3.9870, Train Node Loss: 0.0906, Train Reg Loss: 0.0390, Train MAPE: 12.8012, Train R: 0.9754, Train RRSE: 0.2252, Test Loss: 16.4261, Test Node Loss: 0.0749, Test Reg Loss: 0.1635, Test MAPE: 13.8436, Test R: 0.9780, Test RRSE: 0.4557
2025-02-10 15:57:29,839:INFO:Epoch 138: Train Loss: 3.5860, Train Node Loss: 0.0854, Train Reg Loss: 0.0350, Train MAPE: 12.8397, Train R: 0.9785, Train RRSE: 0.2134, Test Loss: 75.4088, Test Node Loss: 0.1029, Test Reg Loss: 0.7531, Test MAPE: 15.1990, Test R: 0.9787, Test RRSE: 0.9780
2025-02-10 15:57:55,335:INFO:Epoch 139: Train Loss: 3.7029, Train Node Loss: 0.0908, Train Reg Loss: 0.0361, Train MAPE: 12.8008, Train R: 0.9770, Train RRSE: 0.2168, Test Loss: 67.9903, Test Node Loss: 0.0992, Test Reg Loss: 0.6789, Test MAPE: 14.7894, Test R: 0.9784, Test RRSE: 0.9286
2025-02-10 15:58:20,820:INFO:Epoch 140: Train Loss: 4.2654, Train Node Loss: 0.0901, Train Reg Loss: 0.0418, Train MAPE: 12.6376, Train R: 0.9742, Train RRSE: 0.2331, Test Loss: 34.1974, Test Node Loss: 0.0830, Test Reg Loss: 0.3411, Test MAPE: 14.2108, Test R: 0.9796, Test RRSE: 0.6582
2025-02-10 15:58:46,221:INFO:Epoch 141: Train Loss: 4.5897, Train Node Loss: 0.0790, Train Reg Loss: 0.0451, Train MAPE: 12.8197, Train R: 0.9719, Train RRSE: 0.2423, Test Loss: 18.3449, Test Node Loss: 0.0701, Test Reg Loss: 0.1827, Test MAPE: 13.9420, Test R: 0.9776, Test RRSE: 0.4818
2025-02-10 15:59:11,378:INFO:Epoch 142: Train Loss: 6.1504, Train Node Loss: 0.0743, Train Reg Loss: 0.0608, Train MAPE: 13.0218, Train R: 0.9633, Train RRSE: 0.2812, Test Loss: 71.5493, Test Node Loss: 0.0949, Test Reg Loss: 0.7145, Test MAPE: 15.0806, Test R: 0.9792, Test RRSE: 0.9526
2025-02-10 15:59:36,690:INFO:Epoch 143: Train Loss: 3.6708, Train Node Loss: 0.0860, Train Reg Loss: 0.0358, Train MAPE: 12.6399, Train R: 0.9788, Train RRSE: 0.2160, Test Loss: 89.3926, Test Node Loss: 0.1033, Test Reg Loss: 0.8929, Test MAPE: 15.5343, Test R: 0.9780, Test RRSE: 1.0649
2025-02-10 16:00:02,188:INFO:Epoch 144: Train Loss: 3.5187, Train Node Loss: 0.0870, Train Reg Loss: 0.0343, Train MAPE: 12.6131, Train R: 0.9809, Train RRSE: 0.2113, Test Loss: 41.7947, Test Node Loss: 0.0811, Test Reg Loss: 0.4171, Test MAPE: 14.1143, Test R: 0.9805, Test RRSE: 0.7279
2025-02-10 16:00:02,231:INFO:Checkpoint saved at best_0.0008_0.001_256_SAGE_3_64_0.9805_epoch_144.pth
2025-02-10 16:00:27,690:INFO:Epoch 145: Train Loss: 4.1777, Train Node Loss: 0.0744, Train Reg Loss: 0.0410, Train MAPE: 12.7999, Train R: 0.9758, Train RRSE: 0.2311, Test Loss: 17.4495, Test Node Loss: 0.0665, Test Reg Loss: 0.1738, Test MAPE: 13.7327, Test R: 0.9799, Test RRSE: 0.4699
2025-02-10 16:00:53,147:INFO:Epoch 146: Train Loss: 2.8445, Train Node Loss: 0.0744, Train Reg Loss: 0.0277, Train MAPE: 13.0074, Train R: 0.9827, Train RRSE: 0.1899, Test Loss: 57.1005, Test Node Loss: 0.0852, Test Reg Loss: 0.5702, Test MAPE: 14.8286, Test R: 0.9803, Test RRSE: 0.8510
2025-02-10 16:01:18,310:INFO:Epoch 147: Train Loss: 4.0901, Train Node Loss: 0.0798, Train Reg Loss: 0.0401, Train MAPE: 12.7843, Train R: 0.9761, Train RRSE: 0.2284, Test Loss: 46.3593, Test Node Loss: 0.0756, Test Reg Loss: 0.4628, Test MAPE: 14.5132, Test R: 0.9800, Test RRSE: 0.7667
2025-02-10 16:01:43,534:INFO:Epoch 148: Train Loss: 3.2097, Train Node Loss: 0.0694, Train Reg Loss: 0.0314, Train MAPE: 13.0462, Train R: 0.9794, Train RRSE: 0.2021, Test Loss: 41.1826, Test Node Loss: 0.0658, Test Reg Loss: 0.4112, Test MAPE: 14.2681, Test R: 0.9802, Test RRSE: 0.7226
2025-02-10 16:02:09,099:INFO:Epoch 149: Train Loss: 3.2075, Train Node Loss: 0.0631, Train Reg Loss: 0.0314, Train MAPE: 12.9134, Train R: 0.9802, Train RRSE: 0.2023, Test Loss: 60.5574, Test Node Loss: 0.0680, Test Reg Loss: 0.6049, Test MAPE: 14.6768, Test R: 0.9802, Test RRSE: 0.8765
2025-02-10 16:02:34,500:INFO:Epoch 150: Train Loss: 3.2475, Train Node Loss: 0.0625, Train Reg Loss: 0.0319, Train MAPE: 12.7926, Train R: 0.9800, Train RRSE: 0.2036, Test Loss: 40.3047, Test Node Loss: 0.0584, Test Reg Loss: 0.4025, Test MAPE: 14.2113, Test R: 0.9804, Test RRSE: 0.7149
2025-02-10 16:02:59,460:INFO:Epoch 151: Train Loss: 2.8929, Train Node Loss: 0.0569, Train Reg Loss: 0.0284, Train MAPE: 12.9279, Train R: 0.9816, Train RRSE: 0.1921, Test Loss: 37.0431, Test Node Loss: 0.0547, Test Reg Loss: 0.3699, Test MAPE: 14.2554, Test R: 0.9799, Test RRSE: 0.6854
2025-02-10 16:03:24,240:INFO:Epoch 152: Train Loss: 2.6758, Train Node Loss: 0.0547, Train Reg Loss: 0.0262, Train MAPE: 12.9097, Train R: 0.9832, Train RRSE: 0.1847, Test Loss: 53.8919, Test Node Loss: 0.0555, Test Reg Loss: 0.5384, Test MAPE: 14.6088, Test R: 0.9798, Test RRSE: 0.8269
2025-02-10 16:03:49,023:INFO:Epoch 153: Train Loss: 3.1320, Train Node Loss: 0.0528, Train Reg Loss: 0.0308, Train MAPE: 12.8892, Train R: 0.9801, Train RRSE: 0.2002, Test Loss: 65.5181, Test Node Loss: 0.0559, Test Reg Loss: 0.6546, Test MAPE: 14.8700, Test R: 0.9795, Test RRSE: 0.9118
2025-02-10 16:04:13,704:INFO:Epoch 154: Train Loss: 3.8171, Train Node Loss: 0.0486, Train Reg Loss: 0.0377, Train MAPE: 12.9067, Train R: 0.9761, Train RRSE: 0.2214, Test Loss: 43.1921, Test Node Loss: 0.0495, Test Reg Loss: 0.4314, Test MAPE: 14.4683, Test R: 0.9802, Test RRSE: 0.7402
2025-02-10 16:04:38,462:INFO:Epoch 155: Train Loss: 3.6218, Train Node Loss: 0.0503, Train Reg Loss: 0.0357, Train MAPE: 12.7590, Train R: 0.9776, Train RRSE: 0.2156, Test Loss: 41.6514, Test Node Loss: 0.0496, Test Reg Loss: 0.4160, Test MAPE: 14.5077, Test R: 0.9802, Test RRSE: 0.7269
2025-02-10 16:05:03,259:INFO:Epoch 156: Train Loss: 2.8590, Train Node Loss: 0.0476, Train Reg Loss: 0.0281, Train MAPE: 13.0135, Train R: 0.9817, Train RRSE: 0.1913, Test Loss: 27.5083, Test Node Loss: 0.0421, Test Reg Loss: 0.2747, Test MAPE: 14.2088, Test R: 0.9803, Test RRSE: 0.5906
2025-02-10 16:05:27,694:INFO:Epoch 157: Train Loss: 3.1499, Train Node Loss: 0.0415, Train Reg Loss: 0.0311, Train MAPE: 13.0767, Train R: 0.9811, Train RRSE: 0.2011, Test Loss: 67.4934, Test Node Loss: 0.0459, Test Reg Loss: 0.6745, Test MAPE: 14.9913, Test R: 0.9801, Test RRSE: 0.9255
2025-02-10 16:05:52,519:INFO:Epoch 158: Train Loss: 4.5043, Train Node Loss: 0.0405, Train Reg Loss: 0.0446, Train MAPE: 12.9143, Train R: 0.9718, Train RRSE: 0.2410, Test Loss: 61.0166, Test Node Loss: 0.0475, Test Reg Loss: 0.6097, Test MAPE: 14.9107, Test R: 0.9806, Test RRSE: 0.8800
2025-02-10 16:05:52,558:INFO:Checkpoint saved at best_0.0008_0.001_256_SAGE_3_64_0.9806_epoch_158.pth
2025-02-10 16:06:17,060:INFO:Epoch 159: Train Loss: 3.1364, Train Node Loss: 0.0474, Train Reg Loss: 0.0309, Train MAPE: 12.6516, Train R: 0.9831, Train RRSE: 0.2005, Test Loss: 40.3151, Test Node Loss: 0.0479, Test Reg Loss: 0.4027, Test MAPE: 14.6020, Test R: 0.9805, Test RRSE: 0.7151
2025-02-10 16:06:41,923:INFO:Epoch 160: Train Loss: 6.0077, Train Node Loss: 0.0434, Train Reg Loss: 0.0596, Train MAPE: 13.0195, Train R: 0.9606, Train RRSE: 0.2786, Test Loss: 15.5276, Test Node Loss: 0.0379, Test Reg Loss: 0.1549, Test MAPE: 14.0909, Test R: 0.9793, Test RRSE: 0.4435
2025-02-10 16:07:07,065:INFO:Epoch 161: Train Loss: 3.3574, Train Node Loss: 0.0414, Train Reg Loss: 0.0332, Train MAPE: 12.9888, Train R: 0.9788, Train RRSE: 0.2077, Test Loss: 73.2708, Test Node Loss: 0.0496, Test Reg Loss: 0.7322, Test MAPE: 15.0130, Test R: 0.9790, Test RRSE: 0.9643
2025-02-10 16:07:31,772:INFO:Epoch 162: Train Loss: 4.1302, Train Node Loss: 0.0440, Train Reg Loss: 0.0409, Train MAPE: 12.6582, Train R: 0.9763, Train RRSE: 0.2306, Test Loss: 56.9154, Test Node Loss: 0.0461, Test Reg Loss: 0.5687, Test MAPE: 14.4904, Test R: 0.9793, Test RRSE: 0.8499
2025-02-10 16:07:56,574:INFO:Epoch 163: Train Loss: 3.7226, Train Node Loss: 0.0398, Train Reg Loss: 0.0368, Train MAPE: 12.8268, Train R: 0.9767, Train RRSE: 0.2189, Test Loss: 20.6650, Test Node Loss: 0.0367, Test Reg Loss: 0.2063, Test MAPE: 13.8948, Test R: 0.9801, Test RRSE: 0.5118
2025-02-10 16:08:21,457:INFO:Epoch 164: Train Loss: 3.2287, Train Node Loss: 0.0396, Train Reg Loss: 0.0319, Train MAPE: 12.9238, Train R: 0.9794, Train RRSE: 0.2037, Test Loss: 29.0038, Test Node Loss: 0.0401, Test Reg Loss: 0.2896, Test MAPE: 14.2352, Test R: 0.9798, Test RRSE: 0.6065
2025-02-10 16:08:46,631:INFO:Epoch 165: Train Loss: 2.8563, Train Node Loss: 0.0416, Train Reg Loss: 0.0281, Train MAPE: 12.9570, Train R: 0.9818, Train RRSE: 0.1914, Test Loss: 47.0845, Test Node Loss: 0.0425, Test Reg Loss: 0.4704, Test MAPE: 14.6272, Test R: 0.9806, Test RRSE: 0.7730
2025-02-10 16:08:46,656:INFO:Checkpoint saved at best_0.0008_0.001_256_SAGE_3_64_0.9806_epoch_165.pth
2025-02-10 16:09:11,952:INFO:Epoch 166: Train Loss: 6.4628, Train Node Loss: 0.0416, Train Reg Loss: 0.0642, Train MAPE: 12.5991, Train R: 0.9588, Train RRSE: 0.2891, Test Loss: 48.0035, Test Node Loss: 0.0393, Test Reg Loss: 0.4796, Test MAPE: 14.4035, Test R: 0.9806, Test RRSE: 0.7805
2025-02-10 16:09:37,388:INFO:Epoch 167: Train Loss: 4.3144, Train Node Loss: 0.0353, Train Reg Loss: 0.0428, Train MAPE: 13.0893, Train R: 0.9751, Train RRSE: 0.2360, Test Loss: 34.4870, Test Node Loss: 0.0363, Test Reg Loss: 0.3445, Test MAPE: 13.9452, Test R: 0.9809, Test RRSE: 0.6615
2025-02-10 16:09:37,428:INFO:Checkpoint saved at best_0.0008_0.001_256_SAGE_3_64_0.9809_epoch_167.pth
2025-02-10 16:10:02,919:INFO:Epoch 168: Train Loss: 3.3945, Train Node Loss: 0.0394, Train Reg Loss: 0.0336, Train MAPE: 12.8007, Train R: 0.9797, Train RRSE: 0.2090, Test Loss: 39.3543, Test Node Loss: 0.0394, Test Reg Loss: 0.3931, Test MAPE: 14.3473, Test R: 0.9808, Test RRSE: 0.7066
2025-02-10 16:10:28,342:INFO:Epoch 169: Train Loss: 3.4584, Train Node Loss: 0.0373, Train Reg Loss: 0.0342, Train MAPE: 12.9539, Train R: 0.9780, Train RRSE: 0.2110, Test Loss: 9.3830, Test Node Loss: 0.0283, Test Reg Loss: 0.0935, Test MAPE: 13.8968, Test R: 0.9793, Test RRSE: 0.3447
2025-02-10 16:10:53,675:INFO:Epoch 170: Train Loss: 3.2124, Train Node Loss: 0.0329, Train Reg Loss: 0.0318, Train MAPE: 13.0099, Train R: 0.9799, Train RRSE: 0.2034, Test Loss: 56.3548, Test Node Loss: 0.0358, Test Reg Loss: 0.5632, Test MAPE: 14.5004, Test R: 0.9801, Test RRSE: 0.8457
2025-02-10 16:11:19,152:INFO:Epoch 171: Train Loss: 3.2320, Train Node Loss: 0.0329, Train Reg Loss: 0.0320, Train MAPE: 12.7121, Train R: 0.9800, Train RRSE: 0.2040, Test Loss: 50.0747, Test Node Loss: 0.0336, Test Reg Loss: 0.5004, Test MAPE: 14.3183, Test R: 0.9808, Test RRSE: 0.7972
2025-02-10 16:11:44,679:INFO:Epoch 172: Train Loss: 3.1762, Train Node Loss: 0.0312, Train Reg Loss: 0.0315, Train MAPE: 13.0223, Train R: 0.9800, Train RRSE: 0.2023, Test Loss: 32.0317, Test Node Loss: 0.0316, Test Reg Loss: 0.3200, Test MAPE: 14.1339, Test R: 0.9810, Test RRSE: 0.6375
2025-02-10 16:11:44,737:INFO:Checkpoint saved at best_0.0008_0.001_256_SAGE_3_64_0.9810_epoch_172.pth
2025-02-10 16:12:10,608:INFO:Epoch 173: Train Loss: 3.0738, Train Node Loss: 0.0331, Train Reg Loss: 0.0304, Train MAPE: 12.9370, Train R: 0.9804, Train RRSE: 0.1989, Test Loss: 28.9431, Test Node Loss: 0.0325, Test Reg Loss: 0.2891, Test MAPE: 14.2289, Test R: 0.9806, Test RRSE: 0.6060
2025-02-10 16:12:36,522:INFO:Epoch 174: Train Loss: 3.1432, Train Node Loss: 0.0314, Train Reg Loss: 0.0311, Train MAPE: 13.0427, Train R: 0.9797, Train RRSE: 0.2012, Test Loss: 30.5115, Test Node Loss: 0.0301, Test Reg Loss: 0.3048, Test MAPE: 14.1736, Test R: 0.9808, Test RRSE: 0.6222
2025-02-10 16:13:02,136:INFO:Epoch 175: Train Loss: 3.3753, Train Node Loss: 0.0299, Train Reg Loss: 0.0335, Train MAPE: 12.9197, Train R: 0.9781, Train RRSE: 0.2086, Test Loss: 53.4722, Test Node Loss: 0.0318, Test Reg Loss: 0.5344, Test MAPE: 14.4653, Test R: 0.9807, Test RRSE: 0.8238
2025-02-10 16:13:27,702:INFO:Epoch 176: Train Loss: 3.1929, Train Node Loss: 0.0311, Train Reg Loss: 0.0316, Train MAPE: 12.7130, Train R: 0.9819, Train RRSE: 0.2028, Test Loss: 42.3877, Test Node Loss: 0.0306, Test Reg Loss: 0.4236, Test MAPE: 14.2129, Test R: 0.9811, Test RRSE: 0.7335
2025-02-10 16:13:27,726:INFO:Checkpoint saved at best_0.0008_0.001_256_SAGE_3_64_0.9811_epoch_176.pth
2025-02-10 16:13:52,907:INFO:Epoch 177: Train Loss: 3.6733, Train Node Loss: 0.0283, Train Reg Loss: 0.0364, Train MAPE: 12.9766, Train R: 0.9767, Train RRSE: 0.2178, Test Loss: 23.5785, Test Node Loss: 0.0262, Test Reg Loss: 0.2355, Test MAPE: 13.9142, Test R: 0.9808, Test RRSE: 0.5469
2025-02-10 16:14:18,302:INFO:Epoch 178: Train Loss: 2.6412, Train Node Loss: 0.0283, Train Reg Loss: 0.0261, Train MAPE: 12.9494, Train R: 0.9831, Train RRSE: 0.1844, Test Loss: 43.4344, Test Node Loss: 0.0295, Test Reg Loss: 0.4340, Test MAPE: 14.2517, Test R: 0.9810, Test RRSE: 0.7425
2025-02-10 16:14:43,889:INFO:Epoch 179: Train Loss: 3.6575, Train Node Loss: 0.0281, Train Reg Loss: 0.0363, Train MAPE: 13.0102, Train R: 0.9761, Train RRSE: 0.2173, Test Loss: 29.4348, Test Node Loss: 0.0263, Test Reg Loss: 0.2941, Test MAPE: 14.0380, Test R: 0.9810, Test RRSE: 0.6111
2025-02-10 16:15:09,380:INFO:Epoch 180: Train Loss: 2.8532, Train Node Loss: 0.0277, Train Reg Loss: 0.0283, Train MAPE: 12.8029, Train R: 0.9821, Train RRSE: 0.1917, Test Loss: 39.0389, Test Node Loss: 0.0271, Test Reg Loss: 0.3901, Test MAPE: 14.0787, Test R: 0.9809, Test RRSE: 0.7039
2025-02-10 16:15:34,830:INFO:Epoch 181: Train Loss: 3.1553, Train Node Loss: 0.0272, Train Reg Loss: 0.0313, Train MAPE: 12.7391, Train R: 0.9809, Train RRSE: 0.2018, Test Loss: 18.6058, Test Node Loss: 0.0232, Test Reg Loss: 0.1858, Test MAPE: 13.7241, Test R: 0.9804, Test RRSE: 0.4858
2025-02-10 16:16:00,330:INFO:Epoch 182: Train Loss: 2.8255, Train Node Loss: 0.0241, Train Reg Loss: 0.0280, Train MAPE: 13.0886, Train R: 0.9841, Train RRSE: 0.1909, Test Loss: 24.9607, Test Node Loss: 0.0230, Test Reg Loss: 0.2494, Test MAPE: 13.7894, Test R: 0.9807, Test RRSE: 0.5628
2025-02-10 16:16:25,432:INFO:Epoch 183: Train Loss: 2.4655, Train Node Loss: 0.0255, Train Reg Loss: 0.0244, Train MAPE: 12.9713, Train R: 0.9842, Train RRSE: 0.1782, Test Loss: 58.1223, Test Node Loss: 0.0286, Test Reg Loss: 0.5809, Test MAPE: 14.6163, Test R: 0.9802, Test RRSE: 0.8590
2025-02-10 16:16:50,918:INFO:Epoch 184: Train Loss: 3.0140, Train Node Loss: 0.0271, Train Reg Loss: 0.0299, Train MAPE: 12.8858, Train R: 0.9819, Train RRSE: 0.1972, Test Loss: 28.7332, Test Node Loss: 0.0251, Test Reg Loss: 0.2871, Test MAPE: 13.8351, Test R: 0.9801, Test RRSE: 0.6038
2025-02-10 16:17:15,976:INFO:Epoch 185: Train Loss: 3.3461, Train Node Loss: 0.0244, Train Reg Loss: 0.0332, Train MAPE: 13.0277, Train R: 0.9799, Train RRSE: 0.2079, Test Loss: 43.3346, Test Node Loss: 0.0250, Test Reg Loss: 0.4331, Test MAPE: 14.1658, Test R: 0.9804, Test RRSE: 0.7417
2025-02-10 16:17:40,761:INFO:Epoch 186: Train Loss: 4.2383, Train Node Loss: 0.0259, Train Reg Loss: 0.0421, Train MAPE: 12.6848, Train R: 0.9744, Train RRSE: 0.2341, Test Loss: 67.8351, Test Node Loss: 0.0277, Test Reg Loss: 0.6781, Test MAPE: 14.7050, Test R: 0.9794, Test RRSE: 0.9280
2025-02-10 16:18:05,830:INFO:Epoch 187: Train Loss: 3.5347, Train Node Loss: 0.0249, Train Reg Loss: 0.0351, Train MAPE: 12.7592, Train R: 0.9776, Train RRSE: 0.2137, Test Loss: 20.9365, Test Node Loss: 0.0228, Test Reg Loss: 0.2091, Test MAPE: 13.8703, Test R: 0.9805, Test RRSE: 0.5154
2025-02-10 16:18:30,612:INFO:Epoch 188: Train Loss: 4.1810, Train Node Loss: 0.0236, Train Reg Loss: 0.0416, Train MAPE: 13.0389, Train R: 0.9756, Train RRSE: 0.2326, Test Loss: 37.7060, Test Node Loss: 0.0255, Test Reg Loss: 0.3768, Test MAPE: 14.2538, Test R: 0.9809, Test RRSE: 0.6918
2025-02-10 16:18:55,422:INFO:Epoch 189: Train Loss: 2.8385, Train Node Loss: 0.0250, Train Reg Loss: 0.0281, Train MAPE: 13.0968, Train R: 0.9818, Train RRSE: 0.1913, Test Loss: 35.8505, Test Node Loss: 0.0254, Test Reg Loss: 0.3583, Test MAPE: 14.2924, Test R: 0.9808, Test RRSE: 0.6745
2025-02-10 16:19:20,447:INFO:Epoch 190: Train Loss: 3.3211, Train Node Loss: 0.0256, Train Reg Loss: 0.0330, Train MAPE: 12.7616, Train R: 0.9802, Train RRSE: 0.2071, Test Loss: 36.7509, Test Node Loss: 0.0240, Test Reg Loss: 0.3673, Test MAPE: 13.9643, Test R: 0.9809, Test RRSE: 0.6830
2025-02-10 16:19:45,269:INFO:Epoch 191: Train Loss: 6.0257, Train Node Loss: 0.0224, Train Reg Loss: 0.0600, Train MAPE: 12.9039, Train R: 0.9617, Train RRSE: 0.2795, Test Loss: 16.9667, Test Node Loss: 0.0211, Test Reg Loss: 0.1695, Test MAPE: 13.6386, Test R: 0.9804, Test RRSE: 0.4639
2025-02-10 16:20:10,110:INFO:Epoch 192: Train Loss: 2.3863, Train Node Loss: 0.0241, Train Reg Loss: 0.0236, Train MAPE: 12.8371, Train R: 0.9851, Train RRSE: 0.1753, Test Loss: 50.9587, Test Node Loss: 0.0262, Test Reg Loss: 0.5093, Test MAPE: 14.5123, Test R: 0.9810, Test RRSE: 0.8043
2025-02-10 16:20:35,277:INFO:Epoch 193: Train Loss: 3.5974, Train Node Loss: 0.0251, Train Reg Loss: 0.0357, Train MAPE: 12.9049, Train R: 0.9796, Train RRSE: 0.2156, Test Loss: 12.5356, Test Node Loss: 0.0205, Test Reg Loss: 0.1252, Test MAPE: 13.8752, Test R: 0.9803, Test RRSE: 0.3987
2025-02-10 16:21:00,085:INFO:Epoch 194: Train Loss: 3.0641, Train Node Loss: 0.0209, Train Reg Loss: 0.0304, Train MAPE: 13.1760, Train R: 0.9840, Train RRSE: 0.1990, Test Loss: 42.2615, Test Node Loss: 0.0205, Test Reg Loss: 0.4224, Test MAPE: 13.8024, Test R: 0.9810, Test RRSE: 0.7324
2025-02-10 16:21:25,150:INFO:Epoch 195: Train Loss: 3.7629, Train Node Loss: 0.0210, Train Reg Loss: 0.0374, Train MAPE: 12.6557, Train R: 0.9764, Train RRSE: 0.2207, Test Loss: 59.4034, Test Node Loss: 0.0229, Test Reg Loss: 0.5938, Test MAPE: 14.4668, Test R: 0.9805, Test RRSE: 0.8684
2025-02-10 16:21:50,245:INFO:Epoch 196: Train Loss: 3.3479, Train Node Loss: 0.0227, Train Reg Loss: 0.0333, Train MAPE: 12.8705, Train R: 0.9806, Train RRSE: 0.2080, Test Loss: 18.7859, Test Node Loss: 0.0206, Test Reg Loss: 0.1877, Test MAPE: 13.8771, Test R: 0.9811, Test RRSE: 0.4882
2025-02-10 16:22:15,424:INFO:Epoch 197: Train Loss: 2.7514, Train Node Loss: 0.0215, Train Reg Loss: 0.0273, Train MAPE: 13.1708, Train R: 0.9834, Train RRSE: 0.1885, Test Loss: 27.9355, Test Node Loss: 0.0208, Test Reg Loss: 0.2791, Test MAPE: 14.0106, Test R: 0.9811, Test RRSE: 0.5954
2025-02-10 16:22:39,882:INFO:Epoch 198: Train Loss: 2.1049, Train Node Loss: 0.0208, Train Reg Loss: 0.0208, Train MAPE: 12.8625, Train R: 0.9869, Train RRSE: 0.1647, Test Loss: 55.9133, Test Node Loss: 0.0210, Test Reg Loss: 0.5589, Test MAPE: 14.4742, Test R: 0.9809, Test RRSE: 0.8425
2025-02-10 16:23:04,278:INFO:Epoch 199: Train Loss: 2.8045, Train Node Loss: 0.0206, Train Reg Loss: 0.0278, Train MAPE: 12.8829, Train R: 0.9821, Train RRSE: 0.1903, Test Loss: 44.4127, Test Node Loss: 0.0212, Test Reg Loss: 0.4439, Test MAPE: 14.3733, Test R: 0.9810, Test RRSE: 0.7509
2025-02-10 16:23:28,662:INFO:Epoch 200: Train Loss: 2.9218, Train Node Loss: 0.0204, Train Reg Loss: 0.0290, Train MAPE: 13.0995, Train R: 0.9815, Train RRSE: 0.1943, Test Loss: 28.4064, Test Node Loss: 0.0202, Test Reg Loss: 0.2839, Test MAPE: 13.9872, Test R: 0.9806, Test RRSE: 0.6004
2025-02-10 16:23:53,116:INFO:Epoch 201: Train Loss: 2.3831, Train Node Loss: 0.0207, Train Reg Loss: 0.0236, Train MAPE: 13.0970, Train R: 0.9846, Train RRSE: 0.1753, Test Loss: 58.5243, Test Node Loss: 0.0214, Test Reg Loss: 0.5850, Test MAPE: 14.6486, Test R: 0.9807, Test RRSE: 0.8620
2025-02-10 16:24:17,329:INFO:Epoch 202: Train Loss: 3.1154, Train Node Loss: 0.0206, Train Reg Loss: 0.0309, Train MAPE: 12.7873, Train R: 0.9814, Train RRSE: 0.2007, Test Loss: 43.1978, Test Node Loss: 0.0200, Test Reg Loss: 0.4318, Test MAPE: 14.1679, Test R: 0.9811, Test RRSE: 0.7405
2025-02-10 16:24:17,369:INFO:Checkpoint saved at best_0.0008_0.001_256_SAGE_3_64_0.9811_epoch_202.pth
2025-02-10 16:24:41,940:INFO:Epoch 203: Train Loss: 3.3127, Train Node Loss: 0.0189, Train Reg Loss: 0.0329, Train MAPE: 13.0007, Train R: 0.9789, Train RRSE: 0.2070, Test Loss: 25.0739, Test Node Loss: 0.0177, Test Reg Loss: 0.2506, Test MAPE: 13.8408, Test R: 0.9809, Test RRSE: 0.5641
2025-02-10 16:25:06,504:INFO:Epoch 204: Train Loss: 4.2978, Train Node Loss: 0.0200, Train Reg Loss: 0.0428, Train MAPE: 12.9469, Train R: 0.9722, Train RRSE: 0.2359, Test Loss: 45.0656, Test Node Loss: 0.0205, Test Reg Loss: 0.4505, Test MAPE: 14.3155, Test R: 0.9810, Test RRSE: 0.7564
2025-02-10 16:25:31,140:INFO:Epoch 205: Train Loss: 2.7624, Train Node Loss: 0.0196, Train Reg Loss: 0.0274, Train MAPE: 13.0820, Train R: 0.9820, Train RRSE: 0.1889, Test Loss: 22.2153, Test Node Loss: 0.0168, Test Reg Loss: 0.2220, Test MAPE: 13.7115, Test R: 0.9810, Test RRSE: 0.5310
2025-02-10 16:25:55,691:INFO:Epoch 206: Train Loss: 4.0944, Train Node Loss: 0.0171, Train Reg Loss: 0.0408, Train MAPE: 12.9662, Train R: 0.9768, Train RRSE: 0.2303, Test Loss: 40.2154, Test Node Loss: 0.0176, Test Reg Loss: 0.4020, Test MAPE: 14.0244, Test R: 0.9809, Test RRSE: 0.7145
2025-02-10 16:26:20,314:INFO:Epoch 207: Train Loss: 3.5714, Train Node Loss: 0.0194, Train Reg Loss: 0.0355, Train MAPE: 12.7697, Train R: 0.9786, Train RRSE: 0.2150, Test Loss: 33.3997, Test Node Loss: 0.0190, Test Reg Loss: 0.3338, Test MAPE: 14.1556, Test R: 0.9811, Test RRSE: 0.6511
2025-02-10 16:26:44,707:INFO:Epoch 208: Train Loss: 4.1521, Train Node Loss: 0.0188, Train Reg Loss: 0.0413, Train MAPE: 12.9799, Train R: 0.9727, Train RRSE: 0.2319, Test Loss: 29.6373, Test Node Loss: 0.0173, Test Reg Loss: 0.2962, Test MAPE: 13.8469, Test R: 0.9817, Test RRSE: 0.6133
2025-02-10 16:26:44,735:INFO:Checkpoint saved at best_0.0008_0.001_256_SAGE_3_64_0.9817_epoch_208.pth
2025-02-10 16:27:09,426:INFO:Epoch 209: Train Loss: 2.4322, Train Node Loss: 0.0179, Train Reg Loss: 0.0241, Train MAPE: 12.7690, Train R: 0.9852, Train RRSE: 0.1772, Test Loss: 38.8555, Test Node Loss: 0.0168, Test Reg Loss: 0.3884, Test MAPE: 13.9918, Test R: 0.9816, Test RRSE: 0.7023
2025-02-10 16:27:34,041:INFO:Epoch 210: Train Loss: 3.4174, Train Node Loss: 0.0171, Train Reg Loss: 0.0340, Train MAPE: 13.0077, Train R: 0.9784, Train RRSE: 0.2104, Test Loss: 28.2457, Test Node Loss: 0.0165, Test Reg Loss: 0.2823, Test MAPE: 13.7561, Test R: 0.9824, Test RRSE: 0.5988
2025-02-10 16:27:34,076:INFO:Checkpoint saved at best_0.0008_0.001_256_SAGE_3_64_0.9824_epoch_210.pth
2025-02-10 16:27:58,485:INFO:Epoch 211: Train Loss: 2.7987, Train Node Loss: 0.0182, Train Reg Loss: 0.0278, Train MAPE: 12.8312, Train R: 0.9821, Train RRSE: 0.1902, Test Loss: 52.9389, Test Node Loss: 0.0207, Test Reg Loss: 0.5292, Test MAPE: 14.4297, Test R: 0.9822, Test RRSE: 0.8198
2025-02-10 16:28:23,260:INFO:Epoch 212: Train Loss: 5.8622, Train Node Loss: 0.0199, Train Reg Loss: 0.0584, Train MAPE: 12.8884, Train R: 0.9615, Train RRSE: 0.2757, Test Loss: 17.8839, Test Node Loss: 0.0187, Test Reg Loss: 0.1787, Test MAPE: 13.7114, Test R: 0.9817, Test RRSE: 0.4763
2025-02-10 16:28:47,781:INFO:Epoch 213: Train Loss: 2.5764, Train Node Loss: 0.0204, Train Reg Loss: 0.0256, Train MAPE: 12.9122, Train R: 0.9834, Train RRSE: 0.1824, Test Loss: 38.3072, Test Node Loss: 0.0214, Test Reg Loss: 0.3829, Test MAPE: 13.9737, Test R: 0.9818, Test RRSE: 0.6973
2025-02-10 16:29:12,148:INFO:Epoch 214: Train Loss: 2.5415, Train Node Loss: 0.0215, Train Reg Loss: 0.0252, Train MAPE: 12.8973, Train R: 0.9856, Train RRSE: 0.1811, Test Loss: 25.3263, Test Node Loss: 0.0199, Test Reg Loss: 0.2531, Test MAPE: 13.6271, Test R: 0.9822, Test RRSE: 0.5669
2025-02-10 16:29:36,526:INFO:Epoch 215: Train Loss: 2.1486, Train Node Loss: 0.0200, Train Reg Loss: 0.0213, Train MAPE: 13.0236, Train R: 0.9868, Train RRSE: 0.1664, Test Loss: 19.4981, Test Node Loss: 0.0192, Test Reg Loss: 0.1948, Test MAPE: 13.7654, Test R: 0.9820, Test RRSE: 0.4974
2025-02-10 16:30:00,659:INFO:Epoch 216: Train Loss: 3.6318, Train Node Loss: 0.0201, Train Reg Loss: 0.0361, Train MAPE: 12.9620, Train R: 0.9780, Train RRSE: 0.2168, Test Loss: 41.3905, Test Node Loss: 0.0212, Test Reg Loss: 0.4137, Test MAPE: 14.1969, Test R: 0.9817, Test RRSE: 0.7249
2025-02-10 16:30:24,759:INFO:Epoch 217: Train Loss: 2.6557, Train Node Loss: 0.0221, Train Reg Loss: 0.0263, Train MAPE: 12.9212, Train R: 0.9861, Train RRSE: 0.1851, Test Loss: 39.4449, Test Node Loss: 0.0212, Test Reg Loss: 0.3942, Test MAPE: 14.0992, Test R: 0.9820, Test RRSE: 0.7076
2025-02-10 16:30:49,053:INFO:Epoch 218: Train Loss: 2.7334, Train Node Loss: 0.0208, Train Reg Loss: 0.0271, Train MAPE: 12.7944, Train R: 0.9828, Train RRSE: 0.1879, Test Loss: 14.1997, Test Node Loss: 0.0184, Test Reg Loss: 0.1418, Test MAPE: 13.6579, Test R: 0.9816, Test RRSE: 0.4244
2025-02-10 16:31:13,038:INFO:Epoch 219: Train Loss: 3.5782, Train Node Loss: 0.0187, Train Reg Loss: 0.0356, Train MAPE: 13.0621, Train R: 0.9807, Train RRSE: 0.2152, Test Loss: 40.0809, Test Node Loss: 0.0189, Test Reg Loss: 0.4006, Test MAPE: 13.8706, Test R: 0.9819, Test RRSE: 0.7133
2025-02-10 16:31:37,128:INFO:Epoch 220: Train Loss: 2.0891, Train Node Loss: 0.0196, Train Reg Loss: 0.0207, Train MAPE: 12.7787, Train R: 0.9875, Train RRSE: 0.1641, Test Loss: 43.7175, Test Node Loss: 0.0194, Test Reg Loss: 0.4370, Test MAPE: 14.2748, Test R: 0.9814, Test RRSE: 0.7450
2025-02-10 16:32:01,049:INFO:Epoch 221: Train Loss: 3.7125, Train Node Loss: 0.0207, Train Reg Loss: 0.0369, Train MAPE: 12.8357, Train R: 0.9777, Train RRSE: 0.2192, Test Loss: 29.0609, Test Node Loss: 0.0196, Test Reg Loss: 0.2904, Test MAPE: 14.1798, Test R: 0.9809, Test RRSE: 0.6073
2025-02-10 16:32:25,034:INFO:Epoch 222: Train Loss: 2.3182, Train Node Loss: 0.0186, Train Reg Loss: 0.0230, Train MAPE: 13.1501, Train R: 0.9867, Train RRSE: 0.1730, Test Loss: 24.8622, Test Node Loss: 0.0168, Test Reg Loss: 0.2485, Test MAPE: 13.7035, Test R: 0.9812, Test RRSE: 0.5617
2025-02-10 16:32:49,018:INFO:Epoch 223: Train Loss: 2.4471, Train Node Loss: 0.0176, Train Reg Loss: 0.0243, Train MAPE: 13.0806, Train R: 0.9845, Train RRSE: 0.1778, Test Loss: 62.6703, Test Node Loss: 0.0177, Test Reg Loss: 0.6265, Test MAPE: 14.5174, Test R: 0.9807, Test RRSE: 0.8920
2025-02-10 16:33:13,036:INFO:Epoch 224: Train Loss: 2.1364, Train Node Loss: 0.0182, Train Reg Loss: 0.0212, Train MAPE: 12.6998, Train R: 0.9886, Train RRSE: 0.1660, Test Loss: 28.7536, Test Node Loss: 0.0182, Test Reg Loss: 0.2874, Test MAPE: 13.9214, Test R: 0.9817, Test RRSE: 0.6041
2025-02-10 16:33:36,954:INFO:Epoch 225: Train Loss: 2.1413, Train Node Loss: 0.0187, Train Reg Loss: 0.0212, Train MAPE: 13.1401, Train R: 0.9866, Train RRSE: 0.1662, Test Loss: 28.6486, Test Node Loss: 0.0184, Test Reg Loss: 0.2863, Test MAPE: 14.0725, Test R: 0.9813, Test RRSE: 0.6030
2025-02-10 16:34:00,969:INFO:Epoch 226: Train Loss: 2.1532, Train Node Loss: 0.0179, Train Reg Loss: 0.0214, Train MAPE: 12.9598, Train R: 0.9861, Train RRSE: 0.1667, Test Loss: 54.4228, Test Node Loss: 0.0163, Test Reg Loss: 0.5441, Test MAPE: 14.3104, Test R: 0.9802, Test RRSE: 0.8313
2025-02-10 16:34:24,952:INFO:Epoch 227: Train Loss: 2.2698, Train Node Loss: 0.0164, Train Reg Loss: 0.0225, Train MAPE: 12.8398, Train R: 0.9857, Train RRSE: 0.1712, Test Loss: 35.9324, Test Node Loss: 0.0158, Test Reg Loss: 0.3592, Test MAPE: 13.8869, Test R: 0.9809, Test RRSE: 0.6754
2025-02-10 16:34:48,953:INFO:Epoch 228: Train Loss: 3.9188, Train Node Loss: 0.0170, Train Reg Loss: 0.0390, Train MAPE: 12.9112, Train R: 0.9743, Train RRSE: 0.2253, Test Loss: 29.8792, Test Node Loss: 0.0172, Test Reg Loss: 0.2986, Test MAPE: 14.1910, Test R: 0.9812, Test RRSE: 0.6158
2025-02-10 16:35:13,026:INFO:Epoch 229: Train Loss: 2.0720, Train Node Loss: 0.0173, Train Reg Loss: 0.0205, Train MAPE: 13.0483, Train R: 0.9866, Train RRSE: 0.1635, Test Loss: 26.4494, Test Node Loss: 0.0158, Test Reg Loss: 0.2643, Test MAPE: 14.0251, Test R: 0.9813, Test RRSE: 0.5794
2025-02-10 16:35:37,074:INFO:Epoch 230: Train Loss: 1.9606, Train Node Loss: 0.0158, Train Reg Loss: 0.0194, Train MAPE: 13.0209, Train R: 0.9875, Train RRSE: 0.1591, Test Loss: 36.8174, Test Node Loss: 0.0145, Test Reg Loss: 0.3680, Test MAPE: 13.8014, Test R: 0.9816, Test RRSE: 0.6837
2025-02-10 16:36:01,007:INFO:Epoch 231: Train Loss: 2.0421, Train Node Loss: 0.0152, Train Reg Loss: 0.0203, Train MAPE: 12.8778, Train R: 0.9871, Train RRSE: 0.1624, Test Loss: 34.8442, Test Node Loss: 0.0148, Test Reg Loss: 0.3483, Test MAPE: 13.9750, Test R: 0.9819, Test RRSE: 0.6651
2025-02-10 16:36:24,981:INFO:Epoch 232: Train Loss: 1.9739, Train Node Loss: 0.0157, Train Reg Loss: 0.0196, Train MAPE: 12.9389, Train R: 0.9876, Train RRSE: 0.1596, Test Loss: 25.5391, Test Node Loss: 0.0156, Test Reg Loss: 0.2552, Test MAPE: 14.1661, Test R: 0.9808, Test RRSE: 0.5694
2025-02-10 16:36:48,950:INFO:Epoch 233: Train Loss: 2.7338, Train Node Loss: 0.0162, Train Reg Loss: 0.0272, Train MAPE: 13.0758, Train R: 0.9829, Train RRSE: 0.1881, Test Loss: 39.7081, Test Node Loss: 0.0148, Test Reg Loss: 0.3969, Test MAPE: 14.2665, Test R: 0.9811, Test RRSE: 0.7100
2025-02-10 16:37:13,316:INFO:Epoch 234: Train Loss: 1.9984, Train Node Loss: 0.0148, Train Reg Loss: 0.0198, Train MAPE: 13.0140, Train R: 0.9870, Train RRSE: 0.1607, Test Loss: 24.9922, Test Node Loss: 0.0129, Test Reg Loss: 0.2498, Test MAPE: 13.6713, Test R: 0.9813, Test RRSE: 0.5632
2025-02-10 16:37:37,393:INFO:Epoch 235: Train Loss: 2.1483, Train Node Loss: 0.0139, Train Reg Loss: 0.0213, Train MAPE: 13.0220, Train R: 0.9878, Train RRSE: 0.1667, Test Loss: 41.4735, Test Node Loss: 0.0134, Test Reg Loss: 0.4146, Test MAPE: 13.9707, Test R: 0.9816, Test RRSE: 0.7256
2025-02-10 16:38:01,627:INFO:Epoch 236: Train Loss: 2.8461, Train Node Loss: 0.0147, Train Reg Loss: 0.0283, Train MAPE: 12.6981, Train R: 0.9843, Train RRSE: 0.1919, Test Loss: 43.7305, Test Node Loss: 0.0139, Test Reg Loss: 0.4372, Test MAPE: 14.2156, Test R: 0.9815, Test RRSE: 0.7451
2025-02-10 16:38:25,766:INFO:Epoch 237: Train Loss: 2.4204, Train Node Loss: 0.0138, Train Reg Loss: 0.0241, Train MAPE: 13.1745, Train R: 0.9850, Train RRSE: 0.1770, Test Loss: 21.6998, Test Node Loss: 0.0124, Test Reg Loss: 0.2169, Test MAPE: 13.7114, Test R: 0.9812, Test RRSE: 0.5248
2025-02-10 16:38:49,782:INFO:Epoch 238: Train Loss: 2.6035, Train Node Loss: 0.0132, Train Reg Loss: 0.0259, Train MAPE: 13.0354, Train R: 0.9855, Train RRSE: 0.1836, Test Loss: 58.0307, Test Node Loss: 0.0132, Test Reg Loss: 0.5802, Test MAPE: 14.4531, Test R: 0.9813, Test RRSE: 0.8584
2025-02-10 16:39:13,804:INFO:Epoch 239: Train Loss: 3.5975, Train Node Loss: 0.0144, Train Reg Loss: 0.0358, Train MAPE: 12.6478, Train R: 0.9845, Train RRSE: 0.2159, Test Loss: 53.1865, Test Node Loss: 0.0124, Test Reg Loss: 0.5317, Test MAPE: 14.2803, Test R: 0.9816, Test RRSE: 0.8218
2025-02-10 16:39:37,857:INFO:Epoch 240: Train Loss: 2.6127, Train Node Loss: 0.0129, Train Reg Loss: 0.0260, Train MAPE: 13.0343, Train R: 0.9833, Train RRSE: 0.1839, Test Loss: 23.6034, Test Node Loss: 0.0109, Test Reg Loss: 0.2359, Test MAPE: 13.6597, Test R: 0.9815, Test RRSE: 0.5474
2025-02-10 16:40:02,102:INFO:Epoch 241: Train Loss: 3.1849, Train Node Loss: 0.0127, Train Reg Loss: 0.0317, Train MAPE: 12.9710, Train R: 0.9794, Train RRSE: 0.2032, Test Loss: 49.4918, Test Node Loss: 0.0120, Test Reg Loss: 0.4948, Test MAPE: 14.2044, Test R: 0.9809, Test RRSE: 0.7927
2025-02-10 16:40:26,310:INFO:Epoch 242: Train Loss: 2.8277, Train Node Loss: 0.0133, Train Reg Loss: 0.0281, Train MAPE: 12.9072, Train R: 0.9818, Train RRSE: 0.1914, Test Loss: 25.0434, Test Node Loss: 0.0122, Test Reg Loss: 0.2503, Test MAPE: 13.8837, Test R: 0.9813, Test RRSE: 0.5638
2025-02-10 16:40:50,276:INFO:Epoch 243: Train Loss: 2.5674, Train Node Loss: 0.0133, Train Reg Loss: 0.0255, Train MAPE: 13.0574, Train R: 0.9833, Train RRSE: 0.1823, Test Loss: 36.5017, Test Node Loss: 0.0124, Test Reg Loss: 0.3649, Test MAPE: 14.1335, Test R: 0.9815, Test RRSE: 0.6808
2025-02-10 16:41:14,542:INFO:Epoch 244: Train Loss: 2.6079, Train Node Loss: 0.0133, Train Reg Loss: 0.0259, Train MAPE: 13.0008, Train R: 0.9831, Train RRSE: 0.1837, Test Loss: 26.6601, Test Node Loss: 0.0108, Test Reg Loss: 0.2665, Test MAPE: 13.7916, Test R: 0.9816, Test RRSE: 0.5818
2025-02-10 16:41:38,975:INFO:Epoch 245: Train Loss: 2.0959, Train Node Loss: 0.0122, Train Reg Loss: 0.0208, Train MAPE: 12.8973, Train R: 0.9868, Train RRSE: 0.1647, Test Loss: 29.7613, Test Node Loss: 0.0108, Test Reg Loss: 0.2975, Test MAPE: 13.6871, Test R: 0.9816, Test RRSE: 0.6147
2025-02-10 16:42:03,040:INFO:Epoch 246: Train Loss: 1.8653, Train Node Loss: 0.0128, Train Reg Loss: 0.0185, Train MAPE: 12.9859, Train R: 0.9880, Train RRSE: 0.1553, Test Loss: 25.3411, Test Node Loss: 0.0121, Test Reg Loss: 0.2533, Test MAPE: 13.8713, Test R: 0.9813, Test RRSE: 0.5672
2025-02-10 16:42:27,165:INFO:Epoch 247: Train Loss: 2.0115, Train Node Loss: 0.0130, Train Reg Loss: 0.0200, Train MAPE: 13.0062, Train R: 0.9875, Train RRSE: 0.1613, Test Loss: 28.9509, Test Node Loss: 0.0110, Test Reg Loss: 0.2894, Test MAPE: 13.8959, Test R: 0.9816, Test RRSE: 0.6063
2025-02-10 16:42:51,526:INFO:Epoch 248: Train Loss: 2.3231, Train Node Loss: 0.0121, Train Reg Loss: 0.0231, Train MAPE: 12.8929, Train R: 0.9852, Train RRSE: 0.1734, Test Loss: 22.7545, Test Node Loss: 0.0098, Test Reg Loss: 0.2274, Test MAPE: 13.6776, Test R: 0.9813, Test RRSE: 0.5375
2025-02-10 16:43:15,493:INFO:Epoch 249: Train Loss: 5.0474, Train Node Loss: 0.0117, Train Reg Loss: 0.0504, Train MAPE: 12.8795, Train R: 0.9668, Train RRSE: 0.2560, Test Loss: 18.9829, Test Node Loss: 0.0103, Test Reg Loss: 0.1897, Test MAPE: 13.7676, Test R: 0.9808, Test RRSE: 0.4909
2025-02-10 16:43:39,591:INFO:Epoch 250: Train Loss: 2.1365, Train Node Loss: 0.0117, Train Reg Loss: 0.0212, Train MAPE: 13.1382, Train R: 0.9870, Train RRSE: 0.1663, Test Loss: 21.2520, Test Node Loss: 0.0096, Test Reg Loss: 0.2124, Test MAPE: 13.7418, Test R: 0.9811, Test RRSE: 0.5194
2025-02-10 16:44:03,643:INFO:Epoch 251: Train Loss: 1.7911, Train Node Loss: 0.0117, Train Reg Loss: 0.0178, Train MAPE: 12.9787, Train R: 0.9887, Train RRSE: 0.1522, Test Loss: 35.3618, Test Node Loss: 0.0103, Test Reg Loss: 0.3535, Test MAPE: 13.9204, Test R: 0.9814, Test RRSE: 0.6701
2025-02-10 16:44:27,652:INFO:Epoch 252: Train Loss: 2.1568, Train Node Loss: 0.0121, Train Reg Loss: 0.0214, Train MAPE: 12.9297, Train R: 0.9862, Train RRSE: 0.1671, Test Loss: 35.1584, Test Node Loss: 0.0110, Test Reg Loss: 0.3515, Test MAPE: 14.1233, Test R: 0.9815, Test RRSE: 0.6681
2025-02-10 16:44:51,978:INFO:Epoch 253: Train Loss: 2.3755, Train Node Loss: 0.0122, Train Reg Loss: 0.0236, Train MAPE: 13.0688, Train R: 0.9847, Train RRSE: 0.1754, Test Loss: 29.2146, Test Node Loss: 0.0103, Test Reg Loss: 0.2920, Test MAPE: 13.7798, Test R: 0.9814, Test RRSE: 0.6090
2025-02-10 16:45:16,155:INFO:Epoch 254: Train Loss: 2.9345, Train Node Loss: 0.0121, Train Reg Loss: 0.0292, Train MAPE: 12.7928, Train R: 0.9811, Train RRSE: 0.1950, Test Loss: 46.7754, Test Node Loss: 0.0111, Test Reg Loss: 0.4676, Test MAPE: 14.2021, Test R: 0.9813, Test RRSE: 0.7707
2025-02-10 16:45:40,375:INFO:Epoch 255: Train Loss: 3.3473, Train Node Loss: 0.0128, Train Reg Loss: 0.0333, Train MAPE: 12.8243, Train R: 0.9806, Train RRSE: 0.2083, Test Loss: 16.2068, Test Node Loss: 0.0108, Test Reg Loss: 0.1620, Test MAPE: 13.6880, Test R: 0.9808, Test RRSE: 0.4535
2025-02-10 16:46:04,584:INFO:Epoch 256: Train Loss: 2.5430, Train Node Loss: 0.0115, Train Reg Loss: 0.0253, Train MAPE: 13.2780, Train R: 0.9875, Train RRSE: 0.1815, Test Loss: 37.9789, Test Node Loss: 0.0089, Test Reg Loss: 0.3797, Test MAPE: 13.6173, Test R: 0.9817, Test RRSE: 0.6944
2025-02-10 16:46:28,521:INFO:Epoch 257: Train Loss: 2.3866, Train Node Loss: 0.0109, Train Reg Loss: 0.0238, Train MAPE: 12.8413, Train R: 0.9854, Train RRSE: 0.1758, Test Loss: 54.8474, Test Node Loss: 0.0100, Test Reg Loss: 0.5484, Test MAPE: 14.1568, Test R: 0.9817, Test RRSE: 0.8345
2025-02-10 16:46:52,560:INFO:Epoch 258: Train Loss: 2.8316, Train Node Loss: 0.0124, Train Reg Loss: 0.0282, Train MAPE: 12.7175, Train R: 0.9857, Train RRSE: 0.1915, Test Loss: 19.2683, Test Node Loss: 0.0119, Test Reg Loss: 0.1926, Test MAPE: 14.0165, Test R: 0.9814, Test RRSE: 0.4945
2025-02-10 16:47:16,541:INFO:Epoch 259: Train Loss: 3.0110, Train Node Loss: 0.0130, Train Reg Loss: 0.0300, Train MAPE: 13.3998, Train R: 0.9835, Train RRSE: 0.1975, Test Loss: 20.0358, Test Node Loss: 0.0114, Test Reg Loss: 0.2002, Test MAPE: 13.8696, Test R: 0.9815, Test RRSE: 0.5043
2025-02-10 16:47:40,288:INFO:Epoch 260: Train Loss: 3.2971, Train Node Loss: 0.0126, Train Reg Loss: 0.0328, Train MAPE: 12.7937, Train R: 0.9802, Train RRSE: 0.2067, Test Loss: 63.3019, Test Node Loss: 0.0095, Test Reg Loss: 0.6329, Test MAPE: 14.3007, Test R: 0.9812, Test RRSE: 0.8966
2025-02-10 16:48:03,937:INFO:Epoch 261: Train Loss: 4.0451, Train Node Loss: 0.0113, Train Reg Loss: 0.0403, Train MAPE: 12.8077, Train R: 0.9746, Train RRSE: 0.2291, Test Loss: 23.6009, Test Node Loss: 0.0095, Test Reg Loss: 0.2359, Test MAPE: 13.4472, Test R: 0.9829, Test RRSE: 0.5474
2025-02-10 16:48:03,981:INFO:Checkpoint saved at best_0.0008_0.001_256_SAGE_3_64_0.9829_epoch_261.pth
2025-02-10 16:48:27,632:INFO:Epoch 262: Train Loss: 5.3775, Train Node Loss: 0.0123, Train Reg Loss: 0.0537, Train MAPE: 12.9220, Train R: 0.9646, Train RRSE: 0.2642, Test Loss: 22.3224, Test Node Loss: 0.0125, Test Reg Loss: 0.2231, Test MAPE: 14.1312, Test R: 0.9816, Test RRSE: 0.5323
2025-02-10 16:48:51,360:INFO:Epoch 263: Train Loss: 3.1751, Train Node Loss: 0.0134, Train Reg Loss: 0.0316, Train MAPE: 13.0680, Train R: 0.9794, Train RRSE: 0.2028, Test Loss: 9.8812, Test Node Loss: 0.0110, Test Reg Loss: 0.0987, Test MAPE: 13.7605, Test R: 0.9818, Test RRSE: 0.3541
2025-02-10 16:49:14,691:INFO:Epoch 264: Train Loss: 5.4278, Train Node Loss: 0.0118, Train Reg Loss: 0.0542, Train MAPE: 13.1263, Train R: 0.9705, Train RRSE: 0.2655, Test Loss: 25.5342, Test Node Loss: 0.0092, Test Reg Loss: 0.2552, Test MAPE: 13.3238, Test R: 0.9821, Test RRSE: 0.5694
2025-02-10 16:49:37,904:INFO:Epoch 265: Train Loss: 3.7511, Train Node Loss: 0.0120, Train Reg Loss: 0.0374, Train MAPE: 12.6105, Train R: 0.9766, Train RRSE: 0.2206, Test Loss: 53.3711, Test Node Loss: 0.0116, Test Reg Loss: 0.5336, Test MAPE: 14.1618, Test R: 0.9813, Test RRSE: 0.8232
2025-02-10 16:50:01,111:INFO:Epoch 266: Train Loss: 3.8899, Train Node Loss: 0.0135, Train Reg Loss: 0.0388, Train MAPE: 12.5370, Train R: 0.9821, Train RRSE: 0.2246, Test Loss: 14.1170, Test Node Loss: 0.0127, Test Reg Loss: 0.1410, Test MAPE: 13.7009, Test R: 0.9826, Test RRSE: 0.4232
2025-02-10 16:50:24,671:INFO:Epoch 267: Train Loss: 1.9792, Train Node Loss: 0.0137, Train Reg Loss: 0.0197, Train MAPE: 13.2723, Train R: 0.9890, Train RRSE: 0.1599, Test Loss: 11.4343, Test Node Loss: 0.0126, Test Reg Loss: 0.1142, Test MAPE: 13.6595, Test R: 0.9824, Test RRSE: 0.3809
2025-02-10 16:50:48,264:INFO:Epoch 268: Train Loss: 2.4684, Train Node Loss: 0.0135, Train Reg Loss: 0.0245, Train MAPE: 12.8553, Train R: 0.9842, Train RRSE: 0.1787, Test Loss: 40.8421, Test Node Loss: 0.0119, Test Reg Loss: 0.4083, Test MAPE: 13.8006, Test R: 0.9826, Test RRSE: 0.7201
2025-02-10 16:51:11,541:INFO:Epoch 269: Train Loss: 6.6476, Train Node Loss: 0.0127, Train Reg Loss: 0.0663, Train MAPE: 12.8730, Train R: 0.9573, Train RRSE: 0.2938, Test Loss: 23.2020, Test Node Loss: 0.0121, Test Reg Loss: 0.2319, Test MAPE: 13.5813, Test R: 0.9829, Test RRSE: 0.5427
2025-02-10 16:51:11,578:INFO:Checkpoint saved at best_0.0008_0.001_256_SAGE_3_64_0.9829_epoch_269.pth
2025-02-10 16:51:34,806:INFO:Epoch 270: Train Loss: 2.3651, Train Node Loss: 0.0142, Train Reg Loss: 0.0235, Train MAPE: 12.8687, Train R: 0.9848, Train RRSE: 0.1749, Test Loss: 35.1193, Test Node Loss: 0.0143, Test Reg Loss: 0.3511, Test MAPE: 14.0549, Test R: 0.9828, Test RRSE: 0.6677
2025-02-10 16:51:58,409:INFO:Epoch 271: Train Loss: 2.7815, Train Node Loss: 0.0153, Train Reg Loss: 0.0277, Train MAPE: 12.9415, Train R: 0.9828, Train RRSE: 0.1897, Test Loss: 14.6135, Test Node Loss: 0.0137, Test Reg Loss: 0.1460, Test MAPE: 13.7141, Test R: 0.9823, Test RRSE: 0.4306
2025-02-10 16:52:21,979:INFO:Epoch 272: Train Loss: 2.8419, Train Node Loss: 0.0141, Train Reg Loss: 0.0283, Train MAPE: 13.0541, Train R: 0.9815, Train RRSE: 0.1918, Test Loss: 27.3055, Test Node Loss: 0.0118, Test Reg Loss: 0.2729, Test MAPE: 13.5460, Test R: 0.9828, Test RRSE: 0.5888
2025-02-10 16:52:45,312:INFO:Epoch 273: Train Loss: 2.0957, Train Node Loss: 0.0135, Train Reg Loss: 0.0208, Train MAPE: 12.8455, Train R: 0.9867, Train RRSE: 0.1646, Test Loss: 29.4811, Test Node Loss: 0.0122, Test Reg Loss: 0.2947, Test MAPE: 13.6945, Test R: 0.9827, Test RRSE: 0.6118
2025-02-10 16:53:08,725:INFO:Epoch 274: Train Loss: 3.0737, Train Node Loss: 0.0136, Train Reg Loss: 0.0306, Train MAPE: 12.9238, Train R: 0.9801, Train RRSE: 0.1995, Test Loss: 25.4418, Test Node Loss: 0.0126, Test Reg Loss: 0.2543, Test MAPE: 13.7467, Test R: 0.9823, Test RRSE: 0.5683
2025-02-10 16:53:32,138:INFO:Epoch 275: Train Loss: 3.1650, Train Node Loss: 0.0140, Train Reg Loss: 0.0315, Train MAPE: 12.9441, Train R: 0.9793, Train RRSE: 0.2025, Test Loss: 32.5198, Test Node Loss: 0.0129, Test Reg Loss: 0.3251, Test MAPE: 13.7104, Test R: 0.9822, Test RRSE: 0.6425
2025-02-10 16:53:55,516:INFO:Epoch 276: Train Loss: 1.9576, Train Node Loss: 0.0142, Train Reg Loss: 0.0194, Train MAPE: 12.8644, Train R: 0.9882, Train RRSE: 0.1590, Test Loss: 24.6735, Test Node Loss: 0.0121, Test Reg Loss: 0.2466, Test MAPE: 13.4863, Test R: 0.9825, Test RRSE: 0.5597
2025-02-10 16:54:18,861:INFO:Epoch 277: Train Loss: 2.6558, Train Node Loss: 0.0133, Train Reg Loss: 0.0264, Train MAPE: 13.0043, Train R: 0.9829, Train RRSE: 0.1854, Test Loss: 18.4697, Test Node Loss: 0.0122, Test Reg Loss: 0.1846, Test MAPE: 13.5296, Test R: 0.9824, Test RRSE: 0.4842
2025-02-10 16:54:42,263:INFO:Epoch 278: Train Loss: 2.2449, Train Node Loss: 0.0132, Train Reg Loss: 0.0223, Train MAPE: 13.0752, Train R: 0.9863, Train RRSE: 0.1704, Test Loss: 21.8432, Test Node Loss: 0.0118, Test Reg Loss: 0.2183, Test MAPE: 13.5169, Test R: 0.9825, Test RRSE: 0.5266
2025-02-10 16:55:05,912:INFO:Epoch 279: Train Loss: 3.1206, Train Node Loss: 0.0135, Train Reg Loss: 0.0311, Train MAPE: 12.8732, Train R: 0.9806, Train RRSE: 0.2011, Test Loss: 23.4990, Test Node Loss: 0.0126, Test Reg Loss: 0.2349, Test MAPE: 13.5602, Test R: 0.9827, Test RRSE: 0.5462
2025-02-10 16:55:29,280:INFO:Epoch 280: Train Loss: 2.2196, Train Node Loss: 0.0134, Train Reg Loss: 0.0221, Train MAPE: 12.9577, Train R: 0.9856, Train RRSE: 0.1694, Test Loss: 15.4639, Test Node Loss: 0.0117, Test Reg Loss: 0.1545, Test MAPE: 13.4809, Test R: 0.9829, Test RRSE: 0.4430
2025-02-10 16:55:29,307:INFO:Checkpoint saved at best_0.0008_0.001_256_SAGE_3_64_0.9829_epoch_280.pth
2025-02-10 16:55:52,924:INFO:Epoch 281: Train Loss: 3.8717, Train Node Loss: 0.0123, Train Reg Loss: 0.0386, Train MAPE: 13.0461, Train R: 0.9782, Train RRSE: 0.2241, Test Loss: 32.3132, Test Node Loss: 0.0110, Test Reg Loss: 0.3230, Test MAPE: 13.7645, Test R: 0.9829, Test RRSE: 0.6405
2025-02-10 16:56:16,571:INFO:Epoch 282: Train Loss: 3.0081, Train Node Loss: 0.0128, Train Reg Loss: 0.0300, Train MAPE: 12.6793, Train R: 0.9853, Train RRSE: 0.1974, Test Loss: 33.6150, Test Node Loss: 0.0111, Test Reg Loss: 0.3360, Test MAPE: 13.7782, Test R: 0.9826, Test RRSE: 0.6533
2025-02-10 16:56:40,350:INFO:Epoch 283: Train Loss: 3.1501, Train Node Loss: 0.0121, Train Reg Loss: 0.0314, Train MAPE: 13.0756, Train R: 0.9795, Train RRSE: 0.2021, Test Loss: 11.6969, Test Node Loss: 0.0103, Test Reg Loss: 0.1169, Test MAPE: 13.6982, Test R: 0.9819, Test RRSE: 0.3853
2025-02-10 16:57:04,028:INFO:Epoch 284: Train Loss: 1.8054, Train Node Loss: 0.0117, Train Reg Loss: 0.0179, Train MAPE: 13.1172, Train R: 0.9887, Train RRSE: 0.1528, Test Loss: 40.8240, Test Node Loss: 0.0103, Test Reg Loss: 0.4081, Test MAPE: 13.7173, Test R: 0.9818, Test RRSE: 0.7200
2025-02-10 16:57:27,980:INFO:Epoch 285: Train Loss: 2.1732, Train Node Loss: 0.0119, Train Reg Loss: 0.0216, Train MAPE: 12.7473, Train R: 0.9890, Train RRSE: 0.1677, Test Loss: 26.1712, Test Node Loss: 0.0105, Test Reg Loss: 0.2616, Test MAPE: 13.3871, Test R: 0.9826, Test RRSE: 0.5764
2025-02-10 16:57:51,952:INFO:Epoch 286: Train Loss: 3.0572, Train Node Loss: 0.0116, Train Reg Loss: 0.0305, Train MAPE: 12.9210, Train R: 0.9812, Train RRSE: 0.1991, Test Loss: 14.5735, Test Node Loss: 0.0112, Test Reg Loss: 0.1456, Test MAPE: 13.6455, Test R: 0.9822, Test RRSE: 0.4301
2025-02-10 16:58:15,632:INFO:Epoch 287: Train Loss: 2.2470, Train Node Loss: 0.0122, Train Reg Loss: 0.0223, Train MAPE: 12.9536, Train R: 0.9854, Train RRSE: 0.1705, Test Loss: 31.2286, Test Node Loss: 0.0115, Test Reg Loss: 0.3122, Test MAPE: 13.8664, Test R: 0.9829, Test RRSE: 0.6297
2025-02-10 16:58:39,527:INFO:Epoch 288: Train Loss: 2.3310, Train Node Loss: 0.0121, Train Reg Loss: 0.0232, Train MAPE: 12.8437, Train R: 0.9857, Train RRSE: 0.1737, Test Loss: 18.9113, Test Node Loss: 0.0107, Test Reg Loss: 0.1890, Test MAPE: 13.6943, Test R: 0.9829, Test RRSE: 0.4899
2025-02-10 16:59:03,481:INFO:Epoch 289: Train Loss: 2.0433, Train Node Loss: 0.0114, Train Reg Loss: 0.0203, Train MAPE: 13.1208, Train R: 0.9873, Train RRSE: 0.1626, Test Loss: 20.8961, Test Node Loss: 0.0099, Test Reg Loss: 0.2089, Test MAPE: 13.5515, Test R: 0.9830, Test RRSE: 0.5150
2025-02-10 16:59:03,513:INFO:Checkpoint saved at best_0.0008_0.001_256_SAGE_3_64_0.9830_epoch_289.pth
2025-02-10 16:59:27,449:INFO:Epoch 290: Train Loss: 2.1938, Train Node Loss: 0.0110, Train Reg Loss: 0.0218, Train MAPE: 12.9830, Train R: 0.9861, Train RRSE: 0.1685, Test Loss: 28.7903, Test Node Loss: 0.0100, Test Reg Loss: 0.2878, Test MAPE: 13.6477, Test R: 0.9828, Test RRSE: 0.6046
2025-02-10 16:59:51,212:INFO:Epoch 291: Train Loss: 2.1313, Train Node Loss: 0.0117, Train Reg Loss: 0.0212, Train MAPE: 12.9092, Train R: 0.9875, Train RRSE: 0.1661, Test Loss: 13.8239, Test Node Loss: 0.0102, Test Reg Loss: 0.1381, Test MAPE: 13.5192, Test R: 0.9829, Test RRSE: 0.4189
2025-02-10 17:00:14,787:INFO:Epoch 292: Train Loss: 1.8840, Train Node Loss: 0.0111, Train Reg Loss: 0.0187, Train MAPE: 13.0473, Train R: 0.9882, Train RRSE: 0.1561, Test Loss: 12.9924, Test Node Loss: 0.0089, Test Reg Loss: 0.1298, Test MAPE: 13.3267, Test R: 0.9832, Test RRSE: 0.4061
2025-02-10 17:00:14,808:INFO:Checkpoint saved at best_0.0008_0.001_256_SAGE_3_64_0.9832_epoch_292.pth
2025-02-10 17:00:38,077:INFO:Epoch 293: Train Loss: 1.9455, Train Node Loss: 0.0104, Train Reg Loss: 0.0194, Train MAPE: 12.8379, Train R: 0.9881, Train RRSE: 0.1587, Test Loss: 24.1843, Test Node Loss: 0.0092, Test Reg Loss: 0.2418, Test MAPE: 13.5966, Test R: 0.9827, Test RRSE: 0.5541
2025-02-10 17:01:01,626:INFO:Epoch 294: Train Loss: 2.1523, Train Node Loss: 0.0110, Train Reg Loss: 0.0214, Train MAPE: 12.9127, Train R: 0.9880, Train RRSE: 0.1669, Test Loss: 11.0489, Test Node Loss: 0.0103, Test Reg Loss: 0.1104, Test MAPE: 13.8747, Test R: 0.9819, Test RRSE: 0.3744
2025-02-10 17:01:24,849:INFO:Epoch 295: Train Loss: 2.4045, Train Node Loss: 0.0106, Train Reg Loss: 0.0239, Train MAPE: 13.2859, Train R: 0.9865, Train RRSE: 0.1765, Test Loss: 16.1250, Test Node Loss: 0.0087, Test Reg Loss: 0.1612, Test MAPE: 13.4517, Test R: 0.9825, Test RRSE: 0.4524
2025-02-10 17:01:48,167:INFO:Epoch 296: Train Loss: 1.6256, Train Node Loss: 0.0098, Train Reg Loss: 0.0162, Train MAPE: 12.9407, Train R: 0.9897, Train RRSE: 0.1450, Test Loss: 44.9277, Test Node Loss: 0.0090, Test Reg Loss: 0.4492, Test MAPE: 13.9176, Test R: 0.9821, Test RRSE: 0.7553
2025-02-10 17:02:11,799:INFO:Epoch 297: Train Loss: 2.4991, Train Node Loss: 0.0102, Train Reg Loss: 0.0249, Train MAPE: 12.7056, Train R: 0.9861, Train RRSE: 0.1800, Test Loss: 20.3360, Test Node Loss: 0.0095, Test Reg Loss: 0.2033, Test MAPE: 13.7872, Test R: 0.9823, Test RRSE: 0.5081
2025-02-10 17:02:34,999:INFO:Epoch 298: Train Loss: 1.7339, Train Node Loss: 0.0104, Train Reg Loss: 0.0172, Train MAPE: 13.1907, Train R: 0.9893, Train RRSE: 0.1498, Test Loss: 21.2735, Test Node Loss: 0.0088, Test Reg Loss: 0.2126, Test MAPE: 13.8171, Test R: 0.9820, Test RRSE: 0.5197
2025-02-10 17:02:58,556:INFO:Epoch 299: Train Loss: 2.1276, Train Node Loss: 0.0099, Train Reg Loss: 0.0212, Train MAPE: 12.9398, Train R: 0.9863, Train RRSE: 0.1660, Test Loss: 36.5321, Test Node Loss: 0.0080, Test Reg Loss: 0.3652, Test MAPE: 13.6699, Test R: 0.9822, Test RRSE: 0.6811
2025-02-10 17:03:22,030:INFO:Epoch 300: Train Loss: 2.4631, Train Node Loss: 0.0097, Train Reg Loss: 0.0245, Train MAPE: 12.8354, Train R: 0.9844, Train RRSE: 0.1787, Test Loss: 19.8638, Test Node Loss: 0.0081, Test Reg Loss: 0.1986, Test MAPE: 13.6759, Test R: 0.9821, Test RRSE: 0.5022
2025-02-10 17:03:22,031:INFO:Best performance at epoch 292 with Test MAPE: 0.9832
