2025-02-10 14:55:38,982:INFO:Learning rate: 0.001
2025-02-10 14:55:38,983:INFO:Weight decay: 0.001
2025-02-10 14:55:38,983:INFO:Batch size: 32
2025-02-10 14:55:38,983:INFO:Number of layers: 3
2025-02-10 14:55:38,983:INFO:Convolution type: SAGE
2025-02-10 14:55:38,983:INFO:Convolution neurons: 256
2025-02-10 15:00:33,052:INFO:Learning rate: 0.001
2025-02-10 15:00:33,054:INFO:Weight decay: 0.001
2025-02-10 15:00:33,054:INFO:Batch size: 32
2025-02-10 15:00:33,054:INFO:Number of layers: 3
2025-02-10 15:00:33,054:INFO:Convolution type: SAGE
2025-02-10 15:00:33,054:INFO:Convolution neurons: 256
2025-02-10 15:00:54,610:INFO:Epoch 1: Train Loss: 3838.6369, Train Node Loss: 0.2083, Train Reg Loss: 38.3843, Train MAPE: 86.3527, Train R: -0.0039, Train RRSE: 7.0675, Test Loss: 3417.7658, Test Node Loss: 0.3514, Test Reg Loss: 34.1741, Test MAPE: 80.4031, Test R: 0.9610, Test RRSE: 6.5881
2025-02-10 15:00:54,644:INFO:Checkpoint saved at best_0.001_0.001_256_SAGE_3_32_0.9610_epoch_1.pth
2025-02-10 15:01:16,022:INFO:Epoch 2: Train Loss: 1516.1128, Train Node Loss: 9.5642, Train Reg Loss: 15.0655, Train MAPE: 51.9029, Train R: 0.1068, Train RRSE: 4.4277, Test Loss: 366.2531, Test Node Loss: 80.1615, Test Reg Loss: 2.8609, Test MAPE: 19.6299, Test R: 0.9578, Test RRSE: 1.9062
2025-02-10 15:01:37,656:INFO:Epoch 3: Train Loss: 261.4575, Train Node Loss: 125.3170, Train Reg Loss: 1.3614, Train MAPE: 15.2655, Train R: 0.2508, Train RRSE: 1.3310, Test Loss: 195.2725, Test Node Loss: 66.0089, Test Reg Loss: 1.2926, Test MAPE: 16.0339, Test R: 0.9613, Test RRSE: 1.2813
2025-02-10 15:01:37,698:INFO:Checkpoint saved at best_0.001_0.001_256_SAGE_3_32_0.9613_epoch_3.pth
2025-02-10 15:01:59,116:INFO:Epoch 4: Train Loss: 100.2582, Train Node Loss: 22.7349, Train Reg Loss: 0.7752, Train MAPE: 10.9257, Train R: 0.2182, Train RRSE: 1.0044, Test Loss: 89.9575, Test Node Loss: 3.1634, Test Reg Loss: 0.8679, Test MAPE: 9.6928, Test R: 0.9451, Test RRSE: 1.0499
2025-02-10 15:02:20,819:INFO:Epoch 5: Train Loss: 69.3590, Train Node Loss: 2.0268, Train Reg Loss: 0.6733, Train MAPE: 9.2793, Train R: 0.5386, Train RRSE: 0.9360, Test Loss: 59.7192, Test Node Loss: 0.9586, Test Reg Loss: 0.5876, Test MAPE: 9.6660, Test R: 0.9246, Test RRSE: 0.8639
2025-02-10 15:02:42,520:INFO:Epoch 6: Train Loss: 58.7183, Train Node Loss: 0.7789, Train Reg Loss: 0.5794, Train MAPE: 9.9440, Train R: 0.7128, Train RRSE: 0.8683, Test Loss: 56.6307, Test Node Loss: 0.5129, Test Reg Loss: 0.5612, Test MAPE: 10.2424, Test R: 0.9065, Test RRSE: 0.8442
2025-02-10 15:03:04,232:INFO:Epoch 7: Train Loss: 53.8290, Train Node Loss: 0.4263, Train Reg Loss: 0.5340, Train MAPE: 10.1544, Train R: 0.7346, Train RRSE: 0.8336, Test Loss: 51.4684, Test Node Loss: 0.3028, Test Reg Loss: 0.5117, Test MAPE: 9.8385, Test R: 0.8785, Test RRSE: 0.8061
2025-02-10 15:03:25,886:INFO:Epoch 8: Train Loss: 49.8190, Train Node Loss: 0.2411, Train Reg Loss: 0.4958, Train MAPE: 9.8507, Train R: 0.7235, Train RRSE: 0.8032, Test Loss: 47.4961, Test Node Loss: 0.1998, Test Reg Loss: 0.4730, Test MAPE: 9.8354, Test R: 0.8508, Test RRSE: 0.7750
2025-02-10 15:03:47,565:INFO:Epoch 9: Train Loss: 43.5516, Train Node Loss: 0.2183, Train Reg Loss: 0.4333, Train MAPE: 10.1281, Train R: 0.7363, Train RRSE: 0.7509, Test Loss: 41.2169, Test Node Loss: 0.2205, Test Reg Loss: 0.4100, Test MAPE: 10.2979, Test R: 0.8289, Test RRSE: 0.7216
2025-02-10 15:04:09,226:INFO:Epoch 10: Train Loss: 40.9996, Train Node Loss: 0.2126, Train Reg Loss: 0.4079, Train MAPE: 10.4694, Train R: 0.7216, Train RRSE: 0.7285, Test Loss: 37.1460, Test Node Loss: 0.2071, Test Reg Loss: 0.3694, Test MAPE: 10.3765, Test R: 0.8178, Test RRSE: 0.6849
2025-02-10 15:04:30,838:INFO:Epoch 11: Train Loss: 38.0221, Train Node Loss: 0.2507, Train Reg Loss: 0.3777, Train MAPE: 10.9786, Train R: 0.7328, Train RRSE: 0.7011, Test Loss: 33.0533, Test Node Loss: 0.2672, Test Reg Loss: 0.3279, Test MAPE: 10.7354, Test R: 0.8234, Test RRSE: 0.6453
2025-02-10 15:04:52,442:INFO:Epoch 12: Train Loss: 35.1133, Train Node Loss: 0.2366, Train Reg Loss: 0.3488, Train MAPE: 11.1034, Train R: 0.7488, Train RRSE: 0.6737, Test Loss: 34.1965, Test Node Loss: 0.2154, Test Reg Loss: 0.3398, Test MAPE: 10.5085, Test R: 0.8369, Test RRSE: 0.6569
2025-02-10 15:05:13,888:INFO:Epoch 13: Train Loss: 29.4216, Train Node Loss: 0.2371, Train Reg Loss: 0.2918, Train MAPE: 10.9457, Train R: 0.8079, Train RRSE: 0.6163, Test Loss: 27.8468, Test Node Loss: 0.2689, Test Reg Loss: 0.2758, Test MAPE: 10.9461, Test R: 0.8581, Test RRSE: 0.5918
2025-02-10 15:05:35,339:INFO:Epoch 14: Train Loss: 28.3075, Train Node Loss: 0.2684, Train Reg Loss: 0.2804, Train MAPE: 11.2361, Train R: 0.8214, Train RRSE: 0.6040, Test Loss: 25.3576, Test Node Loss: 0.2509, Test Reg Loss: 0.2511, Test MAPE: 10.9648, Test R: 0.8683, Test RRSE: 0.5647
2025-02-10 15:05:56,934:INFO:Epoch 15: Train Loss: 28.4171, Train Node Loss: 0.2200, Train Reg Loss: 0.2820, Train MAPE: 11.1828, Train R: 0.8087, Train RRSE: 0.6057, Test Loss: 26.1279, Test Node Loss: 0.2066, Test Reg Loss: 0.2592, Test MAPE: 10.9779, Test R: 0.8800, Test RRSE: 0.5738
2025-02-10 15:06:18,357:INFO:Epoch 16: Train Loss: 26.6157, Train Node Loss: 0.2359, Train Reg Loss: 0.2638, Train MAPE: 11.2908, Train R: 0.8300, Train RRSE: 0.5859, Test Loss: 21.6671, Test Node Loss: 0.2540, Test Reg Loss: 0.2141, Test MAPE: 11.3372, Test R: 0.8971, Test RRSE: 0.5215
2025-02-10 15:06:39,748:INFO:Epoch 17: Train Loss: 22.4419, Train Node Loss: 0.2220, Train Reg Loss: 0.2222, Train MAPE: 11.4470, Train R: 0.8617, Train RRSE: 0.5377, Test Loss: 22.2811, Test Node Loss: 0.1830, Test Reg Loss: 0.2210, Test MAPE: 11.1469, Test R: 0.9036, Test RRSE: 0.5298
2025-02-10 15:07:01,287:INFO:Epoch 18: Train Loss: 21.0067, Train Node Loss: 0.1902, Train Reg Loss: 0.2082, Train MAPE: 11.4056, Train R: 0.8702, Train RRSE: 0.5205, Test Loss: 18.3031, Test Node Loss: 0.1848, Test Reg Loss: 0.1812, Test MAPE: 11.4063, Test R: 0.9115, Test RRSE: 0.4797
2025-02-10 15:07:23,046:INFO:Epoch 19: Train Loss: 22.2585, Train Node Loss: 0.1534, Train Reg Loss: 0.2211, Train MAPE: 11.3188, Train R: 0.8617, Train RRSE: 0.5363, Test Loss: 20.0231, Test Node Loss: 0.1428, Test Reg Loss: 0.1988, Test MAPE: 11.2646, Test R: 0.9150, Test RRSE: 0.5025
2025-02-10 15:07:44,611:INFO:Epoch 20: Train Loss: 18.9230, Train Node Loss: 0.1626, Train Reg Loss: 0.1876, Train MAPE: 11.5851, Train R: 0.8825, Train RRSE: 0.4941, Test Loss: 18.0814, Test Node Loss: 0.1748, Test Reg Loss: 0.1791, Test MAPE: 11.9966, Test R: 0.9230, Test RRSE: 0.4769
2025-02-10 15:08:06,135:INFO:Epoch 21: Train Loss: 18.1272, Train Node Loss: 0.1501, Train Reg Loss: 0.1798, Train MAPE: 11.7160, Train R: 0.8902, Train RRSE: 0.4837, Test Loss: 18.6325, Test Node Loss: 0.1179, Test Reg Loss: 0.1851, Test MAPE: 11.3513, Test R: 0.9239, Test RRSE: 0.4849
2025-02-10 15:08:27,647:INFO:Epoch 22: Train Loss: 16.2477, Train Node Loss: 0.1192, Train Reg Loss: 0.1613, Train MAPE: 11.6613, Train R: 0.9023, Train RRSE: 0.4581, Test Loss: 15.7484, Test Node Loss: 0.1103, Test Reg Loss: 0.1564, Test MAPE: 11.4539, Test R: 0.9299, Test RRSE: 0.4457
2025-02-10 15:08:49,423:INFO:Epoch 23: Train Loss: 17.4956, Train Node Loss: 0.1099, Train Reg Loss: 0.1739, Train MAPE: 11.6138, Train R: 0.8947, Train RRSE: 0.4756, Test Loss: 14.5253, Test Node Loss: 0.1014, Test Reg Loss: 0.1442, Test MAPE: 11.5191, Test R: 0.9323, Test RRSE: 0.4280
2025-02-10 15:09:10,992:INFO:Epoch 24: Train Loss: 17.0721, Train Node Loss: 0.1019, Train Reg Loss: 0.1697, Train MAPE: 11.7980, Train R: 0.8967, Train RRSE: 0.4699, Test Loss: 17.7424, Test Node Loss: 0.0792, Test Reg Loss: 0.1766, Test MAPE: 11.4305, Test R: 0.9344, Test RRSE: 0.4736
2025-02-10 15:09:32,712:INFO:Epoch 25: Train Loss: 17.4065, Train Node Loss: 0.0785, Train Reg Loss: 0.1733, Train MAPE: 11.5820, Train R: 0.8937, Train RRSE: 0.4749, Test Loss: 14.9084, Test Node Loss: 0.0694, Test Reg Loss: 0.1484, Test MAPE: 11.4564, Test R: 0.9373, Test RRSE: 0.4341
2025-02-10 15:09:54,323:INFO:Epoch 26: Train Loss: 15.1911, Train Node Loss: 0.0640, Train Reg Loss: 0.1513, Train MAPE: 11.5759, Train R: 0.9127, Train RRSE: 0.4437, Test Loss: 14.2245, Test Node Loss: 0.0559, Test Reg Loss: 0.1417, Test MAPE: 11.4462, Test R: 0.9395, Test RRSE: 0.4242
2025-02-10 15:10:15,685:INFO:Epoch 27: Train Loss: 14.1915, Train Node Loss: 0.0650, Train Reg Loss: 0.1413, Train MAPE: 11.8045, Train R: 0.9174, Train RRSE: 0.4287, Test Loss: 12.7553, Test Node Loss: 0.0611, Test Reg Loss: 0.1269, Test MAPE: 11.7659, Test R: 0.9392, Test RRSE: 0.4015
2025-02-10 15:10:37,302:INFO:Epoch 28: Train Loss: 13.8459, Train Node Loss: 0.0583, Train Reg Loss: 0.1379, Train MAPE: 11.8723, Train R: 0.9183, Train RRSE: 0.4236, Test Loss: 19.5706, Test Node Loss: 0.0421, Test Reg Loss: 0.1953, Test MAPE: 11.4039, Test R: 0.9386, Test RRSE: 0.4980
2025-02-10 15:10:58,908:INFO:Epoch 29: Train Loss: 14.0653, Train Node Loss: 0.0460, Train Reg Loss: 0.1402, Train MAPE: 11.7420, Train R: 0.9143, Train RRSE: 0.4271, Test Loss: 18.4312, Test Node Loss: 0.0385, Test Reg Loss: 0.1839, Test MAPE: 11.3773, Test R: 0.9434, Test RRSE: 0.4833
2025-02-10 15:11:20,439:INFO:Epoch 30: Train Loss: 14.9093, Train Node Loss: 0.0470, Train Reg Loss: 0.1486, Train MAPE: 11.8345, Train R: 0.9134, Train RRSE: 0.4398, Test Loss: 19.1569, Test Node Loss: 0.0363, Test Reg Loss: 0.1912, Test MAPE: 11.5693, Test R: 0.9437, Test RRSE: 0.4928
2025-02-10 15:11:42,092:INFO:Epoch 31: Train Loss: 13.8074, Train Node Loss: 0.0350, Train Reg Loss: 0.1377, Train MAPE: 11.7339, Train R: 0.9178, Train RRSE: 0.4233, Test Loss: 18.4088, Test Node Loss: 0.0294, Test Reg Loss: 0.1838, Test MAPE: 11.6098, Test R: 0.9448, Test RRSE: 0.4831
2025-02-10 15:12:03,819:INFO:Epoch 32: Train Loss: 12.5639, Train Node Loss: 0.0348, Train Reg Loss: 0.1253, Train MAPE: 11.8636, Train R: 0.9277, Train RRSE: 0.4038, Test Loss: 14.3896, Test Node Loss: 0.0286, Test Reg Loss: 0.1436, Test MAPE: 11.5444, Test R: 0.9459, Test RRSE: 0.4271
2025-02-10 15:12:25,287:INFO:Epoch 33: Train Loss: 13.2121, Train Node Loss: 0.0302, Train Reg Loss: 0.1318, Train MAPE: 11.9278, Train R: 0.9205, Train RRSE: 0.4142, Test Loss: 17.8732, Test Node Loss: 0.0237, Test Reg Loss: 0.1785, Test MAPE: 11.5512, Test R: 0.9457, Test RRSE: 0.4761
2025-02-10 15:12:46,940:INFO:Epoch 34: Train Loss: 15.1144, Train Node Loss: 0.0247, Train Reg Loss: 0.1509, Train MAPE: 11.7545, Train R: 0.9079, Train RRSE: 0.4431, Test Loss: 12.5365, Test Node Loss: 0.0232, Test Reg Loss: 0.1251, Test MAPE: 11.6965, Test R: 0.9498, Test RRSE: 0.3987
2025-02-10 15:13:08,636:INFO:Epoch 35: Train Loss: 12.6336, Train Node Loss: 0.0272, Train Reg Loss: 0.1261, Train MAPE: 11.8390, Train R: 0.9283, Train RRSE: 0.4050, Test Loss: 14.7714, Test Node Loss: 0.0216, Test Reg Loss: 0.1475, Test MAPE: 11.4504, Test R: 0.9533, Test RRSE: 0.4328
2025-02-10 15:13:30,399:INFO:Epoch 36: Train Loss: 13.2216, Train Node Loss: 0.0247, Train Reg Loss: 0.1320, Train MAPE: 11.7640, Train R: 0.9233, Train RRSE: 0.4144, Test Loss: 24.8363, Test Node Loss: 0.0169, Test Reg Loss: 0.2482, Test MAPE: 11.7565, Test R: 0.9526, Test RRSE: 0.5614
2025-02-10 15:13:51,939:INFO:Epoch 37: Train Loss: 12.0047, Train Node Loss: 0.0194, Train Reg Loss: 0.1199, Train MAPE: 11.6791, Train R: 0.9343, Train RRSE: 0.3949, Test Loss: 15.6903, Test Node Loss: 0.0172, Test Reg Loss: 0.1567, Test MAPE: 11.7106, Test R: 0.9534, Test RRSE: 0.4462
2025-02-10 15:14:13,613:INFO:Epoch 38: Train Loss: 12.5252, Train Node Loss: 0.0215, Train Reg Loss: 0.1250, Train MAPE: 11.9524, Train R: 0.9268, Train RRSE: 0.4034, Test Loss: 14.6567, Test Node Loss: 0.0171, Test Reg Loss: 0.1464, Test MAPE: 11.7562, Test R: 0.9537, Test RRSE: 0.4312
2025-02-10 15:14:35,433:INFO:Epoch 39: Train Loss: 12.8239, Train Node Loss: 0.0185, Train Reg Loss: 0.1281, Train MAPE: 11.7598, Train R: 0.9248, Train RRSE: 0.4082, Test Loss: 17.1579, Test Node Loss: 0.0145, Test Reg Loss: 0.1714, Test MAPE: 11.6687, Test R: 0.9562, Test RRSE: 0.4666
2025-02-10 15:14:57,151:INFO:Epoch 40: Train Loss: 13.7800, Train Node Loss: 0.0163, Train Reg Loss: 0.1376, Train MAPE: 11.6635, Train R: 0.9190, Train RRSE: 0.4232, Test Loss: 15.8570, Test Node Loss: 0.0141, Test Reg Loss: 0.1584, Test MAPE: 11.5847, Test R: 0.9568, Test RRSE: 0.4486
2025-02-10 15:15:18,559:INFO:Epoch 41: Train Loss: 11.4321, Train Node Loss: 0.0218, Train Reg Loss: 0.1141, Train MAPE: 12.2616, Train R: 0.9411, Train RRSE: 0.3853, Test Loss: 11.7410, Test Node Loss: 0.0167, Test Reg Loss: 0.1172, Test MAPE: 11.8182, Test R: 0.9571, Test RRSE: 0.3859
2025-02-10 15:15:40,149:INFO:Epoch 42: Train Loss: 11.0980, Train Node Loss: 0.0159, Train Reg Loss: 0.1108, Train MAPE: 11.9122, Train R: 0.9349, Train RRSE: 0.3797, Test Loss: 28.3492, Test Node Loss: 0.0105, Test Reg Loss: 0.2834, Test MAPE: 12.1036, Test R: 0.9570, Test RRSE: 0.5999
2025-02-10 15:16:01,686:INFO:Epoch 43: Train Loss: 13.7543, Train Node Loss: 0.0158, Train Reg Loss: 0.1374, Train MAPE: 11.9963, Train R: 0.9182, Train RRSE: 0.4228, Test Loss: 13.1126, Test Node Loss: 0.0113, Test Reg Loss: 0.1310, Test MAPE: 11.7633, Test R: 0.9563, Test RRSE: 0.4079
2025-02-10 15:16:23,300:INFO:Epoch 44: Train Loss: 11.5660, Train Node Loss: 0.0134, Train Reg Loss: 0.1155, Train MAPE: 11.9973, Train R: 0.9280, Train RRSE: 0.3877, Test Loss: 22.1919, Test Node Loss: 0.0090, Test Reg Loss: 0.2218, Test MAPE: 12.0219, Test R: 0.9562, Test RRSE: 0.5308
2025-02-10 15:16:45,049:INFO:Epoch 45: Train Loss: 12.7397, Train Node Loss: 0.0114, Train Reg Loss: 0.1273, Train MAPE: 11.7241, Train R: 0.9261, Train RRSE: 0.4070, Test Loss: 12.1308, Test Node Loss: 0.0096, Test Reg Loss: 0.1212, Test MAPE: 11.5452, Test R: 0.9623, Test RRSE: 0.3924
2025-02-10 15:16:45,092:INFO:Checkpoint saved at best_0.001_0.001_256_SAGE_3_32_0.9623_epoch_45.pth
2025-02-10 15:17:06,637:INFO:Epoch 46: Train Loss: 9.4763, Train Node Loss: 0.0126, Train Reg Loss: 0.0946, Train MAPE: 11.9941, Train R: 0.9523, Train RRSE: 0.3509, Test Loss: 20.4841, Test Node Loss: 0.0088, Test Reg Loss: 0.2048, Test MAPE: 11.8984, Test R: 0.9601, Test RRSE: 0.5099
2025-02-10 15:17:28,352:INFO:Epoch 47: Train Loss: 10.2167, Train Node Loss: 0.0110, Train Reg Loss: 0.1021, Train MAPE: 12.0194, Train R: 0.9398, Train RRSE: 0.3644, Test Loss: 37.9673, Test Node Loss: 0.0077, Test Reg Loss: 0.3796, Test MAPE: 12.2745, Test R: 0.9587, Test RRSE: 0.6943
2025-02-10 15:17:49,975:INFO:Epoch 48: Train Loss: 11.4481, Train Node Loss: 0.0104, Train Reg Loss: 0.1144, Train MAPE: 11.9082, Train R: 0.9317, Train RRSE: 0.3858, Test Loss: 18.0501, Test Node Loss: 0.0089, Test Reg Loss: 0.1804, Test MAPE: 11.9857, Test R: 0.9629, Test RRSE: 0.4787
2025-02-10 15:17:50,001:INFO:Checkpoint saved at best_0.001_0.001_256_SAGE_3_32_0.9629_epoch_48.pth
2025-02-10 15:18:11,559:INFO:Epoch 49: Train Loss: 12.1337, Train Node Loss: 0.0129, Train Reg Loss: 0.1212, Train MAPE: 12.1745, Train R: 0.9328, Train RRSE: 0.3971, Test Loss: 18.6504, Test Node Loss: 0.0089, Test Reg Loss: 0.1864, Test MAPE: 12.1303, Test R: 0.9596, Test RRSE: 0.4866
2025-02-10 15:18:33,158:INFO:Epoch 50: Train Loss: 9.9574, Train Node Loss: 0.0112, Train Reg Loss: 0.0995, Train MAPE: 11.9664, Train R: 0.9412, Train RRSE: 0.3598, Test Loss: 30.6768, Test Node Loss: 0.0076, Test Reg Loss: 0.3067, Test MAPE: 12.2916, Test R: 0.9607, Test RRSE: 0.6241
2025-02-10 15:18:54,869:INFO:Epoch 51: Train Loss: 9.7901, Train Node Loss: 0.0116, Train Reg Loss: 0.0978, Train MAPE: 12.1207, Train R: 0.9434, Train RRSE: 0.3567, Test Loss: 15.4795, Test Node Loss: 0.0088, Test Reg Loss: 0.1547, Test MAPE: 12.0182, Test R: 0.9645, Test RRSE: 0.4433
2025-02-10 15:18:54,909:INFO:Checkpoint saved at best_0.001_0.001_256_SAGE_3_32_0.9645_epoch_51.pth
2025-02-10 15:19:16,635:INFO:Epoch 52: Train Loss: 9.5981, Train Node Loss: 0.0106, Train Reg Loss: 0.0959, Train MAPE: 11.9678, Train R: 0.9442, Train RRSE: 0.3532, Test Loss: 37.6384, Test Node Loss: 0.0071, Test Reg Loss: 0.3763, Test MAPE: 12.6018, Test R: 0.9630, Test RRSE: 0.6913
2025-02-10 15:19:38,096:INFO:Epoch 53: Train Loss: 10.8560, Train Node Loss: 0.0110, Train Reg Loss: 0.1085, Train MAPE: 12.2584, Train R: 0.9331, Train RRSE: 0.3757, Test Loss: 18.2496, Test Node Loss: 0.0083, Test Reg Loss: 0.1824, Test MAPE: 12.1992, Test R: 0.9665, Test RRSE: 0.4813
2025-02-10 15:19:38,126:INFO:Checkpoint saved at best_0.001_0.001_256_SAGE_3_32_0.9665_epoch_53.pth
2025-02-10 15:19:59,815:INFO:Epoch 54: Train Loss: 8.6820, Train Node Loss: 0.0101, Train Reg Loss: 0.0867, Train MAPE: 11.9926, Train R: 0.9517, Train RRSE: 0.3359, Test Loss: 35.6397, Test Node Loss: 0.0071, Test Reg Loss: 0.3563, Test MAPE: 12.6065, Test R: 0.9648, Test RRSE: 0.6727
2025-02-10 15:20:21,499:INFO:Epoch 55: Train Loss: 9.2647, Train Node Loss: 0.0102, Train Reg Loss: 0.0925, Train MAPE: 11.9520, Train R: 0.9469, Train RRSE: 0.3470, Test Loss: 8.5100, Test Node Loss: 0.0083, Test Reg Loss: 0.0850, Test MAPE: 12.1710, Test R: 0.9699, Test RRSE: 0.3286
2025-02-10 15:20:21,535:INFO:Checkpoint saved at best_0.001_0.001_256_SAGE_3_32_0.9699_epoch_55.pth
2025-02-10 15:20:43,135:INFO:Epoch 56: Train Loss: 8.5669, Train Node Loss: 0.0102, Train Reg Loss: 0.0856, Train MAPE: 12.3722, Train R: 0.9528, Train RRSE: 0.3337, Test Loss: 40.9414, Test Node Loss: 0.0065, Test Reg Loss: 0.4093, Test MAPE: 12.9605, Test R: 0.9655, Test RRSE: 0.7210
2025-02-10 15:21:04,921:INFO:Epoch 57: Train Loss: 10.4432, Train Node Loss: 0.0091, Train Reg Loss: 0.1043, Train MAPE: 12.0666, Train R: 0.9354, Train RRSE: 0.3685, Test Loss: 13.8535, Test Node Loss: 0.0080, Test Reg Loss: 0.1385, Test MAPE: 12.1867, Test R: 0.9713, Test RRSE: 0.4193
2025-02-10 15:21:04,952:INFO:Checkpoint saved at best_0.001_0.001_256_SAGE_3_32_0.9713_epoch_57.pth
2025-02-10 15:21:26,676:INFO:Epoch 58: Train Loss: 8.0071, Train Node Loss: 0.0099, Train Reg Loss: 0.0800, Train MAPE: 11.9920, Train R: 0.9564, Train RRSE: 0.3226, Test Loss: 11.7511, Test Node Loss: 0.0082, Test Reg Loss: 0.1174, Test MAPE: 12.0756, Test R: 0.9695, Test RRSE: 0.3862
2025-02-10 15:21:48,319:INFO:Epoch 59: Train Loss: 9.0787, Train Node Loss: 0.0101, Train Reg Loss: 0.0907, Train MAPE: 12.3386, Train R: 0.9434, Train RRSE: 0.3435, Test Loss: 13.8267, Test Node Loss: 0.0082, Test Reg Loss: 0.1382, Test MAPE: 12.4840, Test R: 0.9700, Test RRSE: 0.4189
2025-02-10 15:22:10,100:INFO:Epoch 60: Train Loss: 7.3020, Train Node Loss: 0.0104, Train Reg Loss: 0.0729, Train MAPE: 12.4473, Train R: 0.9577, Train RRSE: 0.3080, Test Loss: 63.8332, Test Node Loss: 0.0083, Test Reg Loss: 0.6382, Test MAPE: 13.8465, Test R: 0.9681, Test RRSE: 0.9003
2025-02-10 15:22:31,744:INFO:Epoch 61: Train Loss: 10.1537, Train Node Loss: 0.0113, Train Reg Loss: 0.1014, Train MAPE: 11.8460, Train R: 0.9524, Train RRSE: 0.3633, Test Loss: 6.4970, Test Node Loss: 0.0132, Test Reg Loss: 0.0648, Test MAPE: 12.6967, Test R: 0.9736, Test RRSE: 0.2870
2025-02-10 15:22:31,772:INFO:Checkpoint saved at best_0.001_0.001_256_SAGE_3_32_0.9736_epoch_61.pth
2025-02-10 15:22:53,439:INFO:Epoch 62: Train Loss: 8.5675, Train Node Loss: 0.0132, Train Reg Loss: 0.0855, Train MAPE: 12.6369, Train R: 0.9687, Train RRSE: 0.3336, Test Loss: 77.3240, Test Node Loss: 0.0085, Test Reg Loss: 0.7732, Test MAPE: 14.2876, Test R: 0.9680, Test RRSE: 0.9909
2025-02-10 15:23:15,099:INFO:Epoch 63: Train Loss: 6.9555, Train Node Loss: 0.0109, Train Reg Loss: 0.0694, Train MAPE: 12.4350, Train R: 0.9593, Train RRSE: 0.3006, Test Loss: 4.6029, Test Node Loss: 0.0098, Test Reg Loss: 0.0459, Test MAPE: 12.7994, Test R: 0.9720, Test RRSE: 0.2415
2025-02-10 15:23:36,934:INFO:Epoch 64: Train Loss: 6.5732, Train Node Loss: 0.0103, Train Reg Loss: 0.0656, Train MAPE: 12.1167, Train R: 0.9621, Train RRSE: 0.2922, Test Loss: 4.6642, Test Node Loss: 0.0089, Test Reg Loss: 0.0466, Test MAPE: 12.7611, Test R: 0.9728, Test RRSE: 0.2432
2025-02-10 15:23:58,901:INFO:Epoch 65: Train Loss: 7.8616, Train Node Loss: 0.0110, Train Reg Loss: 0.0785, Train MAPE: 12.4507, Train R: 0.9517, Train RRSE: 0.3196, Test Loss: 49.5801, Test Node Loss: 0.0072, Test Reg Loss: 0.4957, Test MAPE: 13.6248, Test R: 0.9714, Test RRSE: 0.7935
2025-02-10 15:24:20,872:INFO:Epoch 66: Train Loss: 5.9642, Train Node Loss: 0.0102, Train Reg Loss: 0.0595, Train MAPE: 12.2730, Train R: 0.9662, Train RRSE: 0.2783, Test Loss: 11.5564, Test Node Loss: 0.0083, Test Reg Loss: 0.1155, Test MAPE: 12.7282, Test R: 0.9751, Test RRSE: 0.3830
2025-02-10 15:24:20,901:INFO:Checkpoint saved at best_0.001_0.001_256_SAGE_3_32_0.9751_epoch_66.pth
2025-02-10 15:24:42,805:INFO:Epoch 67: Train Loss: 6.1621, Train Node Loss: 0.0106, Train Reg Loss: 0.0615, Train MAPE: 12.5604, Train R: 0.9635, Train RRSE: 0.2829, Test Loss: 61.8359, Test Node Loss: 0.0072, Test Reg Loss: 0.6183, Test MAPE: 13.9966, Test R: 0.9710, Test RRSE: 0.8861
2025-02-10 15:25:04,747:INFO:Epoch 68: Train Loss: 7.5515, Train Node Loss: 0.0106, Train Reg Loss: 0.0754, Train MAPE: 12.4877, Train R: 0.9525, Train RRSE: 0.3133, Test Loss: 33.9496, Test Node Loss: 0.0073, Test Reg Loss: 0.3394, Test MAPE: 13.5481, Test R: 0.9753, Test RRSE: 0.6566
2025-02-10 15:25:04,773:INFO:Checkpoint saved at best_0.001_0.001_256_SAGE_3_32_0.9753_epoch_68.pth
2025-02-10 15:25:26,629:INFO:Epoch 69: Train Loss: 6.2504, Train Node Loss: 0.0096, Train Reg Loss: 0.0624, Train MAPE: 12.5589, Train R: 0.9604, Train RRSE: 0.2850, Test Loss: 24.0586, Test Node Loss: 0.0077, Test Reg Loss: 0.2405, Test MAPE: 13.0840, Test R: 0.9761, Test RRSE: 0.5527
2025-02-10 15:25:26,657:INFO:Checkpoint saved at best_0.001_0.001_256_SAGE_3_32_0.9761_epoch_69.pth
2025-02-10 15:25:48,405:INFO:Epoch 70: Train Loss: 5.0551, Train Node Loss: 0.0107, Train Reg Loss: 0.0504, Train MAPE: 12.5327, Train R: 0.9691, Train RRSE: 0.2562, Test Loss: 17.3446, Test Node Loss: 0.0085, Test Reg Loss: 0.1734, Test MAPE: 13.0421, Test R: 0.9761, Test RRSE: 0.4692
2025-02-10 15:26:10,068:INFO:Epoch 71: Train Loss: 5.8927, Train Node Loss: 0.0106, Train Reg Loss: 0.0588, Train MAPE: 12.7963, Train R: 0.9649, Train RRSE: 0.2767, Test Loss: 57.9874, Test Node Loss: 0.0074, Test Reg Loss: 0.5798, Test MAPE: 14.2680, Test R: 0.9760, Test RRSE: 0.8581
2025-02-10 15:26:31,951:INFO:Epoch 72: Train Loss: 7.2889, Train Node Loss: 0.0102, Train Reg Loss: 0.0728, Train MAPE: 12.3714, Train R: 0.9610, Train RRSE: 0.3078, Test Loss: 4.7301, Test Node Loss: 0.0088, Test Reg Loss: 0.0472, Test MAPE: 13.2314, Test R: 0.9755, Test RRSE: 0.2449
2025-02-10 15:26:53,840:INFO:Epoch 73: Train Loss: 5.4787, Train Node Loss: 0.0101, Train Reg Loss: 0.0547, Train MAPE: 12.9298, Train R: 0.9742, Train RRSE: 0.2668, Test Loss: 35.9313, Test Node Loss: 0.0071, Test Reg Loss: 0.3592, Test MAPE: 13.7507, Test R: 0.9761, Test RRSE: 0.6755
2025-02-10 15:27:15,707:INFO:Epoch 74: Train Loss: 6.5693, Train Node Loss: 0.0097, Train Reg Loss: 0.0656, Train MAPE: 12.7194, Train R: 0.9568, Train RRSE: 0.2922, Test Loss: 66.4750, Test Node Loss: 0.0075, Test Reg Loss: 0.6647, Test MAPE: 14.3947, Test R: 0.9750, Test RRSE: 0.9188
2025-02-10 15:27:37,532:INFO:Epoch 75: Train Loss: 5.1101, Train Node Loss: 0.0097, Train Reg Loss: 0.0510, Train MAPE: 12.4157, Train R: 0.9716, Train RRSE: 0.2576, Test Loss: 7.4984, Test Node Loss: 0.0090, Test Reg Loss: 0.0749, Test MAPE: 13.5502, Test R: 0.9742, Test RRSE: 0.3084
2025-02-10 15:27:59,404:INFO:Epoch 76: Train Loss: 5.0651, Train Node Loss: 0.0101, Train Reg Loss: 0.0505, Train MAPE: 12.7530, Train R: 0.9717, Train RRSE: 0.2565, Test Loss: 76.4298, Test Node Loss: 0.0079, Test Reg Loss: 0.7642, Test MAPE: 14.4769, Test R: 0.9718, Test RRSE: 0.9852
2025-02-10 15:28:21,388:INFO:Epoch 77: Train Loss: 6.1152, Train Node Loss: 0.0102, Train Reg Loss: 0.0611, Train MAPE: 12.6123, Train R: 0.9610, Train RRSE: 0.2819, Test Loss: 3.8030, Test Node Loss: 0.0081, Test Reg Loss: 0.0379, Test MAPE: 13.4076, Test R: 0.9760, Test RRSE: 0.2195
2025-02-10 15:28:43,316:INFO:Epoch 78: Train Loss: 5.7309, Train Node Loss: 0.0094, Train Reg Loss: 0.0572, Train MAPE: 12.6775, Train R: 0.9641, Train RRSE: 0.2729, Test Loss: 40.2832, Test Node Loss: 0.0079, Test Reg Loss: 0.4028, Test MAPE: 13.8604, Test R: 0.9769, Test RRSE: 0.7152
2025-02-10 15:28:43,341:INFO:Checkpoint saved at best_0.001_0.001_256_SAGE_3_32_0.9769_epoch_78.pth
2025-02-10 15:29:05,121:INFO:Epoch 79: Train Loss: 4.3213, Train Node Loss: 0.0099, Train Reg Loss: 0.0431, Train MAPE: 12.7245, Train R: 0.9722, Train RRSE: 0.2369, Test Loss: 4.0925, Test Node Loss: 0.0081, Test Reg Loss: 0.0408, Test MAPE: 13.2627, Test R: 0.9759, Test RRSE: 0.2278
2025-02-10 15:29:26,940:INFO:Epoch 80: Train Loss: 7.2771, Train Node Loss: 0.0103, Train Reg Loss: 0.0727, Train MAPE: 12.8404, Train R: 0.9563, Train RRSE: 0.3075, Test Loss: 117.9230, Test Node Loss: 0.0081, Test Reg Loss: 1.1791, Test MAPE: 15.9710, Test R: 0.9730, Test RRSE: 1.2238
2025-02-10 15:29:49,132:INFO:Epoch 81: Train Loss: 6.7346, Train Node Loss: 0.0096, Train Reg Loss: 0.0672, Train MAPE: 12.3205, Train R: 0.9638, Train RRSE: 0.2958, Test Loss: 5.0057, Test Node Loss: 0.0073, Test Reg Loss: 0.0500, Test MAPE: 13.2166, Test R: 0.9764, Test RRSE: 0.2520
2025-02-10 15:30:11,135:INFO:Epoch 82: Train Loss: 5.5838, Train Node Loss: 0.0081, Train Reg Loss: 0.0558, Train MAPE: 12.7178, Train R: 0.9656, Train RRSE: 0.2694, Test Loss: 11.4153, Test Node Loss: 0.0069, Test Reg Loss: 0.1141, Test MAPE: 13.0306, Test R: 0.9763, Test RRSE: 0.3806
2025-02-10 15:30:32,582:INFO:Epoch 83: Train Loss: 5.3998, Train Node Loss: 0.0092, Train Reg Loss: 0.0539, Train MAPE: 12.9997, Train R: 0.9647, Train RRSE: 0.2649, Test Loss: 44.1780, Test Node Loss: 0.0080, Test Reg Loss: 0.4417, Test MAPE: 13.2481, Test R: 0.9736, Test RRSE: 0.7490
2025-02-10 15:30:54,571:INFO:Epoch 84: Train Loss: 5.3074, Train Node Loss: 0.0095, Train Reg Loss: 0.0530, Train MAPE: 12.4649, Train R: 0.9692, Train RRSE: 0.2626, Test Loss: 15.4288, Test Node Loss: 0.0080, Test Reg Loss: 0.1542, Test MAPE: 14.2754, Test R: 0.9768, Test RRSE: 0.4426
2025-02-10 15:31:16,571:INFO:Epoch 85: Train Loss: 5.4177, Train Node Loss: 0.0083, Train Reg Loss: 0.0541, Train MAPE: 12.8567, Train R: 0.9713, Train RRSE: 0.2653, Test Loss: 67.3955, Test Node Loss: 0.0077, Test Reg Loss: 0.6739, Test MAPE: 14.8380, Test R: 0.9788, Test RRSE: 0.9251
2025-02-10 15:31:16,612:INFO:Checkpoint saved at best_0.001_0.001_256_SAGE_3_32_0.9788_epoch_85.pth
2025-02-10 15:31:38,512:INFO:Epoch 86: Train Loss: 4.4985, Train Node Loss: 0.0093, Train Reg Loss: 0.0449, Train MAPE: 12.7384, Train R: 0.9732, Train RRSE: 0.2417, Test Loss: 46.3466, Test Node Loss: 0.0078, Test Reg Loss: 0.4634, Test MAPE: 13.4452, Test R: 0.9770, Test RRSE: 0.7672
2025-02-10 15:32:00,268:INFO:Epoch 87: Train Loss: 4.5273, Train Node Loss: 0.0088, Train Reg Loss: 0.0452, Train MAPE: 12.7109, Train R: 0.9716, Train RRSE: 0.2425, Test Loss: 6.9043, Test Node Loss: 0.0079, Test Reg Loss: 0.0690, Test MAPE: 14.0857, Test R: 0.9741, Test RRSE: 0.2960
2025-02-10 15:32:22,172:INFO:Epoch 88: Train Loss: 6.7903, Train Node Loss: 0.0082, Train Reg Loss: 0.0678, Train MAPE: 12.6117, Train R: 0.9555, Train RRSE: 0.2971, Test Loss: 4.1398, Test Node Loss: 0.0082, Test Reg Loss: 0.0413, Test MAPE: 13.4195, Test R: 0.9758, Test RRSE: 0.2291
2025-02-10 15:32:44,158:INFO:Epoch 89: Train Loss: 6.1063, Train Node Loss: 0.0091, Train Reg Loss: 0.0610, Train MAPE: 12.5805, Train R: 0.9611, Train RRSE: 0.2817, Test Loss: 65.3050, Test Node Loss: 0.0080, Test Reg Loss: 0.6530, Test MAPE: 13.9253, Test R: 0.9739, Test RRSE: 0.9107
2025-02-10 15:33:05,854:INFO:Epoch 90: Train Loss: 4.6704, Train Node Loss: 0.0089, Train Reg Loss: 0.0466, Train MAPE: 12.5438, Train R: 0.9727, Train RRSE: 0.2463, Test Loss: 10.3829, Test Node Loss: 0.0071, Test Reg Loss: 0.1038, Test MAPE: 14.0982, Test R: 0.9765, Test RRSE: 0.3630
2025-02-10 15:33:27,872:INFO:Epoch 91: Train Loss: 7.0099, Train Node Loss: 0.0084, Train Reg Loss: 0.0700, Train MAPE: 12.7297, Train R: 0.9535, Train RRSE: 0.3018, Test Loss: 47.6595, Test Node Loss: 0.0076, Test Reg Loss: 0.4765, Test MAPE: 14.0210, Test R: 0.9785, Test RRSE: 0.7779
2025-02-10 15:33:49,707:INFO:Epoch 92: Train Loss: 5.9980, Train Node Loss: 0.0091, Train Reg Loss: 0.0599, Train MAPE: 13.1866, Train R: 0.9664, Train RRSE: 0.2792, Test Loss: 24.6456, Test Node Loss: 0.0073, Test Reg Loss: 0.2464, Test MAPE: 13.4881, Test R: 0.9789, Test RRSE: 0.5594
2025-02-10 15:33:49,755:INFO:Checkpoint saved at best_0.001_0.001_256_SAGE_3_32_0.9789_epoch_92.pth
2025-02-10 15:34:11,495:INFO:Epoch 93: Train Loss: 4.3707, Train Node Loss: 0.0081, Train Reg Loss: 0.0436, Train MAPE: 12.7305, Train R: 0.9793, Train RRSE: 0.2383, Test Loss: 9.0075, Test Node Loss: 0.0066, Test Reg Loss: 0.0900, Test MAPE: 13.7282, Test R: 0.9763, Test RRSE: 0.3381
2025-02-10 15:34:33,152:INFO:Epoch 94: Train Loss: 8.2856, Train Node Loss: 0.0072, Train Reg Loss: 0.0828, Train MAPE: 12.6345, Train R: 0.9494, Train RRSE: 0.3282, Test Loss: 61.5763, Test Node Loss: 0.0070, Test Reg Loss: 0.6157, Test MAPE: 14.2493, Test R: 0.9783, Test RRSE: 0.8843
2025-02-10 15:34:54,762:INFO:Epoch 95: Train Loss: 7.2864, Train Node Loss: 0.0079, Train Reg Loss: 0.0728, Train MAPE: 12.6519, Train R: 0.9518, Train RRSE: 0.3078, Test Loss: 22.6247, Test Node Loss: 0.0071, Test Reg Loss: 0.2262, Test MAPE: 12.9832, Test R: 0.9788, Test RRSE: 0.5360
2025-02-10 15:35:16,616:INFO:Epoch 96: Train Loss: 4.1694, Train Node Loss: 0.0082, Train Reg Loss: 0.0416, Train MAPE: 12.6002, Train R: 0.9738, Train RRSE: 0.2327, Test Loss: 3.5137, Test Node Loss: 0.0069, Test Reg Loss: 0.0351, Test MAPE: 13.3469, Test R: 0.9779, Test RRSE: 0.2110
2025-02-10 15:35:38,010:INFO:Epoch 97: Train Loss: 8.1701, Train Node Loss: 0.0080, Train Reg Loss: 0.0816, Train MAPE: 12.6302, Train R: 0.9456, Train RRSE: 0.3259, Test Loss: 5.8329, Test Node Loss: 0.0072, Test Reg Loss: 0.0583, Test MAPE: 13.2226, Test R: 0.9788, Test RRSE: 0.2720
2025-02-10 15:35:59,615:INFO:Epoch 98: Train Loss: 5.3619, Train Node Loss: 0.0087, Train Reg Loss: 0.0535, Train MAPE: 12.4199, Train R: 0.9667, Train RRSE: 0.2639, Test Loss: 6.0359, Test Node Loss: 0.0075, Test Reg Loss: 0.0603, Test MAPE: 13.2381, Test R: 0.9794, Test RRSE: 0.2767
2025-02-10 15:35:59,654:INFO:Checkpoint saved at best_0.001_0.001_256_SAGE_3_32_0.9794_epoch_98.pth
2025-02-10 15:36:21,538:INFO:Epoch 99: Train Loss: 5.9661, Train Node Loss: 0.0080, Train Reg Loss: 0.0596, Train MAPE: 13.1044, Train R: 0.9635, Train RRSE: 0.2784, Test Loss: 3.6533, Test Node Loss: 0.0071, Test Reg Loss: 0.0365, Test MAPE: 13.2730, Test R: 0.9774, Test RRSE: 0.2152
2025-02-10 15:36:43,192:INFO:Epoch 100: Train Loss: 4.4977, Train Node Loss: 0.0084, Train Reg Loss: 0.0449, Train MAPE: 12.7684, Train R: 0.9724, Train RRSE: 0.2417, Test Loss: 8.2115, Test Node Loss: 0.0077, Test Reg Loss: 0.0820, Test MAPE: 13.0149, Test R: 0.9795, Test RRSE: 0.3228
2025-02-10 15:36:43,217:INFO:Checkpoint saved at best_0.001_0.001_256_SAGE_3_32_0.9795_epoch_100.pth
2025-02-10 15:37:04,851:INFO:Epoch 101: Train Loss: 3.5696, Train Node Loss: 0.0087, Train Reg Loss: 0.0356, Train MAPE: 12.9284, Train R: 0.9770, Train RRSE: 0.2153, Test Loss: 25.9345, Test Node Loss: 0.0078, Test Reg Loss: 0.2593, Test MAPE: 12.7647, Test R: 0.9765, Test RRSE: 0.5738
2025-02-10 15:37:26,559:INFO:Epoch 102: Train Loss: 3.8569, Train Node Loss: 0.0085, Train Reg Loss: 0.0385, Train MAPE: 12.7181, Train R: 0.9749, Train RRSE: 0.2238, Test Loss: 8.2970, Test Node Loss: 0.0072, Test Reg Loss: 0.0829, Test MAPE: 13.3641, Test R: 0.9792, Test RRSE: 0.3245
2025-02-10 15:37:48,079:INFO:Epoch 103: Train Loss: 4.5928, Train Node Loss: 0.0082, Train Reg Loss: 0.0458, Train MAPE: 12.7504, Train R: 0.9705, Train RRSE: 0.2443, Test Loss: 9.0595, Test Node Loss: 0.0076, Test Reg Loss: 0.0905, Test MAPE: 13.2004, Test R: 0.9805, Test RRSE: 0.3391
2025-02-10 15:37:48,108:INFO:Checkpoint saved at best_0.001_0.001_256_SAGE_3_32_0.9805_epoch_103.pth
2025-02-10 15:38:09,890:INFO:Epoch 104: Train Loss: 3.3962, Train Node Loss: 0.0083, Train Reg Loss: 0.0339, Train MAPE: 12.9058, Train R: 0.9783, Train RRSE: 0.2100, Test Loss: 8.1432, Test Node Loss: 0.0072, Test Reg Loss: 0.0814, Test MAPE: 13.3917, Test R: 0.9803, Test RRSE: 0.3215
2025-02-10 15:38:31,518:INFO:Epoch 105: Train Loss: 4.7372, Train Node Loss: 0.0083, Train Reg Loss: 0.0473, Train MAPE: 12.6448, Train R: 0.9703, Train RRSE: 0.2481, Test Loss: 22.2661, Test Node Loss: 0.0072, Test Reg Loss: 0.2226, Test MAPE: 13.4949, Test R: 0.9806, Test RRSE: 0.5317
2025-02-10 15:38:31,545:INFO:Checkpoint saved at best_0.001_0.001_256_SAGE_3_32_0.9806_epoch_105.pth
2025-02-10 15:38:53,328:INFO:Epoch 106: Train Loss: 3.3180, Train Node Loss: 0.0078, Train Reg Loss: 0.0331, Train MAPE: 13.2402, Train R: 0.9811, Train RRSE: 0.2075, Test Loss: 31.0513, Test Node Loss: 0.0071, Test Reg Loss: 0.3104, Test MAPE: 13.7693, Test R: 0.9810, Test RRSE: 0.6279
2025-02-10 15:38:53,355:INFO:Checkpoint saved at best_0.001_0.001_256_SAGE_3_32_0.9810_epoch_106.pth
2025-02-10 15:39:15,099:INFO:Epoch 107: Train Loss: 4.0000, Train Node Loss: 0.0081, Train Reg Loss: 0.0399, Train MAPE: 12.6940, Train R: 0.9745, Train RRSE: 0.2279, Test Loss: 21.8739, Test Node Loss: 0.0073, Test Reg Loss: 0.2187, Test MAPE: 13.4876, Test R: 0.9803, Test RRSE: 0.5270
2025-02-10 15:39:36,636:INFO:Epoch 108: Train Loss: 3.3069, Train Node Loss: 0.0080, Train Reg Loss: 0.0330, Train MAPE: 12.8070, Train R: 0.9786, Train RRSE: 0.2072, Test Loss: 8.2217, Test Node Loss: 0.0070, Test Reg Loss: 0.0821, Test MAPE: 13.3190, Test R: 0.9798, Test RRSE: 0.3230
2025-02-10 15:39:58,285:INFO:Epoch 109: Train Loss: 4.1154, Train Node Loss: 0.0078, Train Reg Loss: 0.0411, Train MAPE: 12.8044, Train R: 0.9732, Train RRSE: 0.2312, Test Loss: 14.9786, Test Node Loss: 0.0071, Test Reg Loss: 0.1497, Test MAPE: 12.8945, Test R: 0.9797, Test RRSE: 0.4361
2025-02-10 15:40:19,800:INFO:Epoch 110: Train Loss: 3.3024, Train Node Loss: 0.0079, Train Reg Loss: 0.0329, Train MAPE: 12.7108, Train R: 0.9797, Train RRSE: 0.2071, Test Loss: 3.6869, Test Node Loss: 0.0069, Test Reg Loss: 0.0368, Test MAPE: 13.5755, Test R: 0.9799, Test RRSE: 0.2162
2025-02-10 15:40:41,250:INFO:Epoch 111: Train Loss: 4.1879, Train Node Loss: 0.0079, Train Reg Loss: 0.0418, Train MAPE: 12.8959, Train R: 0.9730, Train RRSE: 0.2332, Test Loss: 15.2640, Test Node Loss: 0.0071, Test Reg Loss: 0.1526, Test MAPE: 13.0010, Test R: 0.9805, Test RRSE: 0.4402
2025-02-10 15:41:03,076:INFO:Epoch 112: Train Loss: 3.9752, Train Node Loss: 0.0078, Train Reg Loss: 0.0397, Train MAPE: 12.7661, Train R: 0.9742, Train RRSE: 0.2272, Test Loss: 4.8711, Test Node Loss: 0.0067, Test Reg Loss: 0.0486, Test MAPE: 13.3370, Test R: 0.9792, Test RRSE: 0.2486
2025-02-10 15:41:24,725:INFO:Epoch 113: Train Loss: 4.4148, Train Node Loss: 0.0077, Train Reg Loss: 0.0441, Train MAPE: 12.7826, Train R: 0.9714, Train RRSE: 0.2395, Test Loss: 50.6258, Test Node Loss: 0.0074, Test Reg Loss: 0.5062, Test MAPE: 13.7672, Test R: 0.9788, Test RRSE: 0.8018
2025-02-10 15:41:46,398:INFO:Epoch 114: Train Loss: 5.8720, Train Node Loss: 0.0077, Train Reg Loss: 0.0586, Train MAPE: 12.9428, Train R: 0.9612, Train RRSE: 0.2762, Test Loss: 6.4188, Test Node Loss: 0.0068, Test Reg Loss: 0.0641, Test MAPE: 13.1865, Test R: 0.9809, Test RRSE: 0.2854
2025-02-10 15:42:07,879:INFO:Epoch 115: Train Loss: 6.5806, Train Node Loss: 0.0076, Train Reg Loss: 0.0657, Train MAPE: 12.4031, Train R: 0.9609, Train RRSE: 0.2925, Test Loss: 4.4130, Test Node Loss: 0.0065, Test Reg Loss: 0.0441, Test MAPE: 14.1120, Test R: 0.9780, Test RRSE: 0.2366
2025-02-10 15:42:29,347:INFO:Epoch 116: Train Loss: 7.9192, Train Node Loss: 0.0070, Train Reg Loss: 0.0791, Train MAPE: 13.1500, Train R: 0.9490, Train RRSE: 0.3209, Test Loss: 5.9338, Test Node Loss: 0.0069, Test Reg Loss: 0.0593, Test MAPE: 13.4025, Test R: 0.9799, Test RRSE: 0.2744
2025-02-10 15:42:50,704:INFO:Epoch 117: Train Loss: 2.8243, Train Node Loss: 0.0076, Train Reg Loss: 0.0282, Train MAPE: 12.7761, Train R: 0.9823, Train RRSE: 0.1914, Test Loss: 6.0044, Test Node Loss: 0.0071, Test Reg Loss: 0.0600, Test MAPE: 13.1288, Test R: 0.9822, Test RRSE: 0.2760
2025-02-10 15:42:50,755:INFO:Checkpoint saved at best_0.001_0.001_256_SAGE_3_32_0.9822_epoch_117.pth
2025-02-10 15:43:11,993:INFO:Epoch 118: Train Loss: 5.3437, Train Node Loss: 0.0076, Train Reg Loss: 0.0534, Train MAPE: 12.6298, Train R: 0.9677, Train RRSE: 0.2635, Test Loss: 28.1114, Test Node Loss: 0.0070, Test Reg Loss: 0.2810, Test MAPE: 13.4990, Test R: 0.9811, Test RRSE: 0.5974
2025-02-10 15:43:33,703:INFO:Epoch 119: Train Loss: 3.3993, Train Node Loss: 0.0073, Train Reg Loss: 0.0339, Train MAPE: 12.6764, Train R: 0.9795, Train RRSE: 0.2101, Test Loss: 4.9339, Test Node Loss: 0.0062, Test Reg Loss: 0.0493, Test MAPE: 13.8630, Test R: 0.9788, Test RRSE: 0.2502
2025-02-10 15:43:55,179:INFO:Epoch 120: Train Loss: 5.3139, Train Node Loss: 0.0071, Train Reg Loss: 0.0531, Train MAPE: 12.8446, Train R: 0.9653, Train RRSE: 0.2628, Test Loss: 23.2439, Test Node Loss: 0.0065, Test Reg Loss: 0.2324, Test MAPE: 13.0023, Test R: 0.9804, Test RRSE: 0.5433
2025-02-10 15:44:16,563:INFO:Epoch 121: Train Loss: 6.2503, Train Node Loss: 0.0072, Train Reg Loss: 0.0624, Train MAPE: 13.1249, Train R: 0.9621, Train RRSE: 0.2850, Test Loss: 51.9799, Test Node Loss: 0.0068, Test Reg Loss: 0.5197, Test MAPE: 13.6145, Test R: 0.9800, Test RRSE: 0.8125
2025-02-10 15:44:38,056:INFO:Epoch 122: Train Loss: 2.9202, Train Node Loss: 0.0071, Train Reg Loss: 0.0291, Train MAPE: 12.8359, Train R: 0.9813, Train RRSE: 0.1947, Test Loss: 13.3409, Test Node Loss: 0.0064, Test Reg Loss: 0.1333, Test MAPE: 13.4551, Test R: 0.9809, Test RRSE: 0.4115
2025-02-10 15:44:59,521:INFO:Epoch 123: Train Loss: 4.3145, Train Node Loss: 0.0070, Train Reg Loss: 0.0431, Train MAPE: 12.6133, Train R: 0.9727, Train RRSE: 0.2368, Test Loss: 4.0976, Test Node Loss: 0.0062, Test Reg Loss: 0.0409, Test MAPE: 13.7376, Test R: 0.9804, Test RRSE: 0.2280
2025-02-10 15:45:21,194:INFO:Epoch 124: Train Loss: 4.9865, Train Node Loss: 0.0070, Train Reg Loss: 0.0498, Train MAPE: 12.9962, Train R: 0.9713, Train RRSE: 0.2546, Test Loss: 44.1352, Test Node Loss: 0.0067, Test Reg Loss: 0.4413, Test MAPE: 13.6344, Test R: 0.9789, Test RRSE: 0.7486
2025-02-10 15:45:42,560:INFO:Epoch 125: Train Loss: 9.5263, Train Node Loss: 0.0070, Train Reg Loss: 0.0952, Train MAPE: 12.3951, Train R: 0.9391, Train RRSE: 0.3520, Test Loss: 3.3167, Test Node Loss: 0.0062, Test Reg Loss: 0.0331, Test MAPE: 13.3141, Test R: 0.9814, Test RRSE: 0.2050
2025-02-10 15:46:04,071:INFO:Epoch 126: Train Loss: 5.5430, Train Node Loss: 0.0069, Train Reg Loss: 0.0554, Train MAPE: 13.1753, Train R: 0.9725, Train RRSE: 0.2684, Test Loss: 37.2847, Test Node Loss: 0.0069, Test Reg Loss: 0.3728, Test MAPE: 12.7662, Test R: 0.9781, Test RRSE: 0.6881
2025-02-10 15:46:25,659:INFO:Epoch 127: Train Loss: 7.6992, Train Node Loss: 0.0069, Train Reg Loss: 0.0769, Train MAPE: 12.4228, Train R: 0.9537, Train RRSE: 0.3164, Test Loss: 14.9190, Test Node Loss: 0.0062, Test Reg Loss: 0.1491, Test MAPE: 14.7617, Test R: 0.9787, Test RRSE: 0.4352
2025-02-10 15:46:47,459:INFO:Epoch 128: Train Loss: 4.4778, Train Node Loss: 0.0068, Train Reg Loss: 0.0447, Train MAPE: 13.0313, Train R: 0.9706, Train RRSE: 0.2412, Test Loss: 29.3422, Test Node Loss: 0.0071, Test Reg Loss: 0.2934, Test MAPE: 13.8106, Test R: 0.9823, Test RRSE: 0.6104
2025-02-10 15:46:47,496:INFO:Checkpoint saved at best_0.001_0.001_256_SAGE_3_32_0.9823_epoch_128.pth
2025-02-10 15:47:09,464:INFO:Epoch 129: Train Loss: 3.6581, Train Node Loss: 0.0069, Train Reg Loss: 0.0365, Train MAPE: 12.8164, Train R: 0.9765, Train RRSE: 0.2180, Test Loss: 3.8837, Test Node Loss: 0.0065, Test Reg Loss: 0.0388, Test MAPE: 12.8752, Test R: 0.9819, Test RRSE: 0.2219
2025-02-10 15:47:31,082:INFO:Epoch 130: Train Loss: 5.4742, Train Node Loss: 0.0069, Train Reg Loss: 0.0547, Train MAPE: 12.7941, Train R: 0.9686, Train RRSE: 0.2667, Test Loss: 39.7867, Test Node Loss: 0.0067, Test Reg Loss: 0.3978, Test MAPE: 13.7372, Test R: 0.9810, Test RRSE: 0.7108
2025-02-10 15:47:52,748:INFO:Epoch 131: Train Loss: 4.8217, Train Node Loss: 0.0071, Train Reg Loss: 0.0481, Train MAPE: 12.6200, Train R: 0.9771, Train RRSE: 0.2503, Test Loss: 9.5064, Test Node Loss: 0.0061, Test Reg Loss: 0.0950, Test MAPE: 13.2027, Test R: 0.9820, Test RRSE: 0.3474
2025-02-10 15:48:14,637:INFO:Epoch 132: Train Loss: 5.3287, Train Node Loss: 0.0067, Train Reg Loss: 0.0532, Train MAPE: 13.0021, Train R: 0.9723, Train RRSE: 0.2632, Test Loss: 22.3647, Test Node Loss: 0.0064, Test Reg Loss: 0.2236, Test MAPE: 12.6572, Test R: 0.9794, Test RRSE: 0.5329
2025-02-10 15:48:36,262:INFO:Epoch 133: Train Loss: 4.5379, Train Node Loss: 0.0068, Train Reg Loss: 0.0453, Train MAPE: 12.6511, Train R: 0.9757, Train RRSE: 0.2428, Test Loss: 11.0005, Test Node Loss: 0.0060, Test Reg Loss: 0.1099, Test MAPE: 14.4365, Test R: 0.9786, Test RRSE: 0.3737
2025-02-10 15:48:57,818:INFO:Epoch 134: Train Loss: 3.3724, Train Node Loss: 0.0065, Train Reg Loss: 0.0337, Train MAPE: 12.9540, Train R: 0.9780, Train RRSE: 0.2093, Test Loss: 13.2741, Test Node Loss: 0.0064, Test Reg Loss: 0.1327, Test MAPE: 12.9793, Test R: 0.9814, Test RRSE: 0.4105
2025-02-10 15:49:19,527:INFO:Epoch 135: Train Loss: 4.6043, Train Node Loss: 0.0067, Train Reg Loss: 0.0460, Train MAPE: 12.6090, Train R: 0.9703, Train RRSE: 0.2446, Test Loss: 4.4167, Test Node Loss: 0.0062, Test Reg Loss: 0.0441, Test MAPE: 13.2728, Test R: 0.9821, Test RRSE: 0.2367
2025-02-10 15:49:40,970:INFO:Epoch 136: Train Loss: 4.9387, Train Node Loss: 0.0066, Train Reg Loss: 0.0493, Train MAPE: 12.9209, Train R: 0.9716, Train RRSE: 0.2533, Test Loss: 55.7294, Test Node Loss: 0.0069, Test Reg Loss: 0.5572, Test MAPE: 13.5478, Test R: 0.9796, Test RRSE: 0.8413
2025-02-10 15:50:02,686:INFO:Epoch 137: Train Loss: 8.5252, Train Node Loss: 0.0068, Train Reg Loss: 0.0852, Train MAPE: 12.3958, Train R: 0.9476, Train RRSE: 0.3329, Test Loss: 7.9363, Test Node Loss: 0.0059, Test Reg Loss: 0.0793, Test MAPE: 14.0003, Test R: 0.9786, Test RRSE: 0.3174
2025-02-10 15:50:24,241:INFO:Epoch 138: Train Loss: 3.7804, Train Node Loss: 0.0065, Train Reg Loss: 0.0377, Train MAPE: 12.8118, Train R: 0.9752, Train RRSE: 0.2216, Test Loss: 23.1273, Test Node Loss: 0.0064, Test Reg Loss: 0.2312, Test MAPE: 13.0862, Test R: 0.9815, Test RRSE: 0.5419
2025-02-10 15:50:45,668:INFO:Epoch 139: Train Loss: 5.9590, Train Node Loss: 0.0066, Train Reg Loss: 0.0595, Train MAPE: 12.5531, Train R: 0.9609, Train RRSE: 0.2783, Test Loss: 8.1738, Test Node Loss: 0.0062, Test Reg Loss: 0.0817, Test MAPE: 13.3186, Test R: 0.9808, Test RRSE: 0.3221
2025-02-10 15:51:07,349:INFO:Epoch 140: Train Loss: 3.3729, Train Node Loss: 0.0066, Train Reg Loss: 0.0337, Train MAPE: 12.8392, Train R: 0.9780, Train RRSE: 0.2093, Test Loss: 9.5466, Test Node Loss: 0.0063, Test Reg Loss: 0.0954, Test MAPE: 13.0257, Test R: 0.9802, Test RRSE: 0.3481
2025-02-10 15:51:29,352:INFO:Epoch 141: Train Loss: 4.8476, Train Node Loss: 0.0067, Train Reg Loss: 0.0484, Train MAPE: 12.5243, Train R: 0.9700, Train RRSE: 0.2510, Test Loss: 12.9034, Test Node Loss: 0.0060, Test Reg Loss: 0.1290, Test MAPE: 14.9623, Test R: 0.9786, Test RRSE: 0.4047
2025-02-10 15:51:51,182:INFO:Epoch 142: Train Loss: 3.4551, Train Node Loss: 0.0066, Train Reg Loss: 0.0345, Train MAPE: 12.9550, Train R: 0.9814, Train RRSE: 0.2118, Test Loss: 31.9046, Test Node Loss: 0.0068, Test Reg Loss: 0.3190, Test MAPE: 12.9171, Test R: 0.9807, Test RRSE: 0.6365
2025-02-10 15:52:13,049:INFO:Epoch 143: Train Loss: 6.1054, Train Node Loss: 0.0070, Train Reg Loss: 0.0610, Train MAPE: 12.4454, Train R: 0.9680, Train RRSE: 0.2817, Test Loss: 6.3013, Test Node Loss: 0.0062, Test Reg Loss: 0.0630, Test MAPE: 14.0275, Test R: 0.9803, Test RRSE: 0.2828
2025-02-10 15:52:35,056:INFO:Epoch 144: Train Loss: 4.3224, Train Node Loss: 0.0067, Train Reg Loss: 0.0432, Train MAPE: 13.2940, Train R: 0.9761, Train RRSE: 0.2370, Test Loss: 51.7292, Test Node Loss: 0.0070, Test Reg Loss: 0.5172, Test MAPE: 13.4578, Test R: 0.9798, Test RRSE: 0.8105
2025-02-10 15:52:57,283:INFO:Epoch 145: Train Loss: 3.8228, Train Node Loss: 0.0067, Train Reg Loss: 0.0382, Train MAPE: 12.2418, Train R: 0.9853, Train RRSE: 0.2228, Test Loss: 3.2105, Test Node Loss: 0.0058, Test Reg Loss: 0.0320, Test MAPE: 13.3390, Test R: 0.9813, Test RRSE: 0.2017
2025-02-10 15:53:19,640:INFO:Epoch 146: Train Loss: 5.2388, Train Node Loss: 0.0063, Train Reg Loss: 0.0523, Train MAPE: 13.3095, Train R: 0.9772, Train RRSE: 0.2609, Test Loss: 23.1851, Test Node Loss: 0.0066, Test Reg Loss: 0.2318, Test MAPE: 14.1147, Test R: 0.9796, Test RRSE: 0.5426
2025-02-10 15:53:41,591:INFO:Epoch 147: Train Loss: 5.6230, Train Node Loss: 0.0068, Train Reg Loss: 0.0562, Train MAPE: 12.8129, Train R: 0.9655, Train RRSE: 0.2703, Test Loss: 4.4417, Test Node Loss: 0.0064, Test Reg Loss: 0.0444, Test MAPE: 12.8597, Test R: 0.9817, Test RRSE: 0.2373
2025-02-10 15:54:03,397:INFO:Epoch 148: Train Loss: 5.0111, Train Node Loss: 0.0065, Train Reg Loss: 0.0500, Train MAPE: 12.5723, Train R: 0.9688, Train RRSE: 0.2552, Test Loss: 3.5282, Test Node Loss: 0.0061, Test Reg Loss: 0.0352, Test MAPE: 13.9547, Test R: 0.9810, Test RRSE: 0.2115
2025-02-10 15:54:25,482:INFO:Epoch 149: Train Loss: 3.7862, Train Node Loss: 0.0062, Train Reg Loss: 0.0378, Train MAPE: 13.0844, Train R: 0.9788, Train RRSE: 0.2218, Test Loss: 22.7855, Test Node Loss: 0.0061, Test Reg Loss: 0.2278, Test MAPE: 13.3944, Test R: 0.9808, Test RRSE: 0.5379
2025-02-10 15:54:47,271:INFO:Epoch 150: Train Loss: 4.7208, Train Node Loss: 0.0064, Train Reg Loss: 0.0471, Train MAPE: 12.5635, Train R: 0.9718, Train RRSE: 0.2477, Test Loss: 12.5220, Test Node Loss: 0.0060, Test Reg Loss: 0.1252, Test MAPE: 13.1295, Test R: 0.9823, Test RRSE: 0.3987
2025-02-10 15:54:47,303:INFO:Checkpoint saved at best_0.001_0.001_256_SAGE_3_32_0.9823_epoch_150.pth
2025-02-10 15:55:09,300:INFO:Epoch 151: Train Loss: 3.3596, Train Node Loss: 0.0061, Train Reg Loss: 0.0335, Train MAPE: 13.0996, Train R: 0.9811, Train RRSE: 0.2089, Test Loss: 27.3425, Test Node Loss: 0.0062, Test Reg Loss: 0.2734, Test MAPE: 13.4724, Test R: 0.9820, Test RRSE: 0.5892
2025-02-10 15:55:31,241:INFO:Epoch 152: Train Loss: 3.2673, Train Node Loss: 0.0060, Train Reg Loss: 0.0326, Train MAPE: 12.5893, Train R: 0.9809, Train RRSE: 0.2060, Test Loss: 2.9533, Test Node Loss: 0.0057, Test Reg Loss: 0.0295, Test MAPE: 13.0695, Test R: 0.9821, Test RRSE: 0.1935
2025-02-10 15:55:53,079:INFO:Epoch 153: Train Loss: 5.6227, Train Node Loss: 0.0059, Train Reg Loss: 0.0562, Train MAPE: 12.8330, Train R: 0.9634, Train RRSE: 0.2704, Test Loss: 7.0405, Test Node Loss: 0.0057, Test Reg Loss: 0.0703, Test MAPE: 13.1663, Test R: 0.9820, Test RRSE: 0.2989
2025-02-10 15:56:14,775:INFO:Epoch 154: Train Loss: 5.2390, Train Node Loss: 0.0060, Train Reg Loss: 0.0523, Train MAPE: 12.6328, Train R: 0.9658, Train RRSE: 0.2610, Test Loss: 3.6043, Test Node Loss: 0.0056, Test Reg Loss: 0.0360, Test MAPE: 13.5312, Test R: 0.9821, Test RRSE: 0.2138
2025-02-10 15:56:36,191:INFO:Epoch 155: Train Loss: 4.9406, Train Node Loss: 0.0062, Train Reg Loss: 0.0493, Train MAPE: 12.7299, Train R: 0.9686, Train RRSE: 0.2534, Test Loss: 5.6168, Test Node Loss: 0.0058, Test Reg Loss: 0.0561, Test MAPE: 13.1476, Test R: 0.9825, Test RRSE: 0.2669
2025-02-10 15:56:36,232:INFO:Checkpoint saved at best_0.001_0.001_256_SAGE_3_32_0.9825_epoch_155.pth
2025-02-10 15:56:57,977:INFO:Epoch 156: Train Loss: 3.1758, Train Node Loss: 0.0061, Train Reg Loss: 0.0317, Train MAPE: 13.0236, Train R: 0.9809, Train RRSE: 0.2031, Test Loss: 16.6189, Test Node Loss: 0.0060, Test Reg Loss: 0.1661, Test MAPE: 12.8305, Test R: 0.9820, Test RRSE: 0.4593
2025-02-10 15:57:19,578:INFO:Epoch 157: Train Loss: 3.4417, Train Node Loss: 0.0062, Train Reg Loss: 0.0344, Train MAPE: 12.5051, Train R: 0.9789, Train RRSE: 0.2114, Test Loss: 5.5342, Test Node Loss: 0.0058, Test Reg Loss: 0.0553, Test MAPE: 13.5887, Test R: 0.9810, Test RRSE: 0.2650
2025-02-10 15:57:41,352:INFO:Epoch 158: Train Loss: 2.6408, Train Node Loss: 0.0062, Train Reg Loss: 0.0263, Train MAPE: 13.1045, Train R: 0.9831, Train RRSE: 0.1852, Test Loss: 16.4691, Test Node Loss: 0.0062, Test Reg Loss: 0.1646, Test MAPE: 12.7110, Test R: 0.9814, Test RRSE: 0.4573
2025-02-10 15:58:03,006:INFO:Epoch 159: Train Loss: 3.9081, Train Node Loss: 0.0063, Train Reg Loss: 0.0390, Train MAPE: 12.5575, Train R: 0.9763, Train RRSE: 0.2253, Test Loss: 4.6361, Test Node Loss: 0.0060, Test Reg Loss: 0.0463, Test MAPE: 13.3503, Test R: 0.9823, Test RRSE: 0.2425
2025-02-10 15:58:24,449:INFO:Epoch 160: Train Loss: 3.7251, Train Node Loss: 0.0063, Train Reg Loss: 0.0372, Train MAPE: 12.9959, Train R: 0.9762, Train RRSE: 0.2200, Test Loss: 16.8158, Test Node Loss: 0.0063, Test Reg Loss: 0.1681, Test MAPE: 13.0463, Test R: 0.9815, Test RRSE: 0.4620
2025-02-10 15:58:45,812:INFO:Epoch 161: Train Loss: 3.8982, Train Node Loss: 0.0065, Train Reg Loss: 0.0389, Train MAPE: 12.5878, Train R: 0.9786, Train RRSE: 0.2250, Test Loss: 3.3695, Test Node Loss: 0.0060, Test Reg Loss: 0.0336, Test MAPE: 13.5705, Test R: 0.9816, Test RRSE: 0.2067
2025-02-10 15:59:07,542:INFO:Epoch 162: Train Loss: 4.1863, Train Node Loss: 0.0062, Train Reg Loss: 0.0418, Train MAPE: 12.9473, Train R: 0.9766, Train RRSE: 0.2332, Test Loss: 16.2402, Test Node Loss: 0.0062, Test Reg Loss: 0.1623, Test MAPE: 12.7475, Test R: 0.9815, Test RRSE: 0.4541
2025-02-10 15:59:29,118:INFO:Epoch 163: Train Loss: 2.8231, Train Node Loss: 0.0064, Train Reg Loss: 0.0282, Train MAPE: 12.5605, Train R: 0.9829, Train RRSE: 0.1914, Test Loss: 7.9542, Test Node Loss: 0.0060, Test Reg Loss: 0.0795, Test MAPE: 13.8212, Test R: 0.9814, Test RRSE: 0.3177
2025-02-10 15:59:50,355:INFO:Epoch 164: Train Loss: 4.3871, Train Node Loss: 0.0063, Train Reg Loss: 0.0438, Train MAPE: 13.0692, Train R: 0.9719, Train RRSE: 0.2388, Test Loss: 9.1421, Test Node Loss: 0.0063, Test Reg Loss: 0.0914, Test MAPE: 13.0012, Test R: 0.9815, Test RRSE: 0.3406
2025-02-10 16:00:12,066:INFO:Epoch 165: Train Loss: 3.3384, Train Node Loss: 0.0064, Train Reg Loss: 0.0333, Train MAPE: 12.5905, Train R: 0.9794, Train RRSE: 0.2082, Test Loss: 10.4758, Test Node Loss: 0.0063, Test Reg Loss: 0.1047, Test MAPE: 12.7986, Test R: 0.9812, Test RRSE: 0.3646
2025-02-10 16:00:33,727:INFO:Epoch 166: Train Loss: 4.0271, Train Node Loss: 0.0064, Train Reg Loss: 0.0402, Train MAPE: 12.7951, Train R: 0.9737, Train RRSE: 0.2287, Test Loss: 3.0947, Test Node Loss: 0.0061, Test Reg Loss: 0.0309, Test MAPE: 13.3233, Test R: 0.9821, Test RRSE: 0.1981
2025-02-10 16:00:55,423:INFO:Epoch 167: Train Loss: 2.2909, Train Node Loss: 0.0064, Train Reg Loss: 0.0228, Train MAPE: 12.9457, Train R: 0.9858, Train RRSE: 0.1724, Test Loss: 26.6137, Test Node Loss: 0.0066, Test Reg Loss: 0.2661, Test MAPE: 13.0771, Test R: 0.9815, Test RRSE: 0.5813
2025-02-10 16:01:17,183:INFO:Epoch 168: Train Loss: 3.6975, Train Node Loss: 0.0067, Train Reg Loss: 0.0369, Train MAPE: 12.5860, Train R: 0.9804, Train RRSE: 0.2192, Test Loss: 11.6882, Test Node Loss: 0.0060, Test Reg Loss: 0.1168, Test MAPE: 14.3933, Test R: 0.9798, Test RRSE: 0.3852
2025-02-10 16:01:38,832:INFO:Epoch 169: Train Loss: 6.0053, Train Node Loss: 0.0065, Train Reg Loss: 0.0600, Train MAPE: 12.7882, Train R: 0.9617, Train RRSE: 0.2794, Test Loss: 15.2297, Test Node Loss: 0.0064, Test Reg Loss: 0.1522, Test MAPE: 12.6567, Test R: 0.9814, Test RRSE: 0.4397
2025-02-10 16:02:00,509:INFO:Epoch 170: Train Loss: 3.4626, Train Node Loss: 0.0064, Train Reg Loss: 0.0346, Train MAPE: 12.8607, Train R: 0.9786, Train RRSE: 0.2121, Test Loss: 5.1452, Test Node Loss: 0.0062, Test Reg Loss: 0.0514, Test MAPE: 13.0878, Test R: 0.9824, Test RRSE: 0.2555
2025-02-10 16:02:22,121:INFO:Epoch 171: Train Loss: 2.5728, Train Node Loss: 0.0065, Train Reg Loss: 0.0257, Train MAPE: 12.7464, Train R: 0.9842, Train RRSE: 0.1827, Test Loss: 7.0312, Test Node Loss: 0.0062, Test Reg Loss: 0.0703, Test MAPE: 13.2376, Test R: 0.9824, Test RRSE: 0.2987
2025-02-10 16:02:44,117:INFO:Epoch 172: Train Loss: 5.5338, Train Node Loss: 0.0063, Train Reg Loss: 0.0553, Train MAPE: 12.8908, Train R: 0.9649, Train RRSE: 0.2682, Test Loss: 40.2186, Test Node Loss: 0.0065, Test Reg Loss: 0.4021, Test MAPE: 13.0515, Test R: 0.9793, Test RRSE: 0.7146
2025-02-10 16:03:05,863:INFO:Epoch 173: Train Loss: 4.3856, Train Node Loss: 0.0064, Train Reg Loss: 0.0438, Train MAPE: 12.6677, Train R: 0.9717, Train RRSE: 0.2387, Test Loss: 3.2780, Test Node Loss: 0.0059, Test Reg Loss: 0.0327, Test MAPE: 13.5108, Test R: 0.9813, Test RRSE: 0.2039
2025-02-10 16:03:27,865:INFO:Epoch 174: Train Loss: 2.8327, Train Node Loss: 0.0064, Train Reg Loss: 0.0283, Train MAPE: 12.7960, Train R: 0.9817, Train RRSE: 0.1918, Test Loss: 46.9659, Test Node Loss: 0.0067, Test Reg Loss: 0.4696, Test MAPE: 13.4922, Test R: 0.9812, Test RRSE: 0.7723
2025-02-10 16:03:49,686:INFO:Epoch 175: Train Loss: 3.7626, Train Node Loss: 0.0066, Train Reg Loss: 0.0376, Train MAPE: 12.4797, Train R: 0.9798, Train RRSE: 0.2211, Test Loss: 6.3642, Test Node Loss: 0.0058, Test Reg Loss: 0.0636, Test MAPE: 14.0284, Test R: 0.9819, Test RRSE: 0.2842
2025-02-10 16:04:11,436:INFO:Epoch 176: Train Loss: 4.6004, Train Node Loss: 0.0062, Train Reg Loss: 0.0459, Train MAPE: 12.9414, Train R: 0.9772, Train RRSE: 0.2445, Test Loss: 34.6345, Test Node Loss: 0.0065, Test Reg Loss: 0.3463, Test MAPE: 13.0914, Test R: 0.9814, Test RRSE: 0.6632
2025-02-10 16:04:33,466:INFO:Epoch 177: Train Loss: 3.2353, Train Node Loss: 0.0064, Train Reg Loss: 0.0323, Train MAPE: 12.9381, Train R: 0.9794, Train RRSE: 0.2050, Test Loss: 5.1587, Test Node Loss: 0.0060, Test Reg Loss: 0.0515, Test MAPE: 13.3747, Test R: 0.9820, Test RRSE: 0.2558
2025-02-10 16:04:55,120:INFO:Epoch 178: Train Loss: 2.3825, Train Node Loss: 0.0062, Train Reg Loss: 0.0238, Train MAPE: 12.8013, Train R: 0.9846, Train RRSE: 0.1758, Test Loss: 12.0775, Test Node Loss: 0.0061, Test Reg Loss: 0.1207, Test MAPE: 12.6045, Test R: 0.9817, Test RRSE: 0.3916
2025-02-10 16:05:17,145:INFO:Epoch 179: Train Loss: 3.7332, Train Node Loss: 0.0062, Train Reg Loss: 0.0373, Train MAPE: 12.7313, Train R: 0.9756, Train RRSE: 0.2202, Test Loss: 4.5079, Test Node Loss: 0.0059, Test Reg Loss: 0.0450, Test MAPE: 13.2664, Test R: 0.9818, Test RRSE: 0.2391
2025-02-10 16:05:38,780:INFO:Epoch 180: Train Loss: 3.5947, Train Node Loss: 0.0061, Train Reg Loss: 0.0359, Train MAPE: 12.6913, Train R: 0.9771, Train RRSE: 0.2161, Test Loss: 11.9503, Test Node Loss: 0.0061, Test Reg Loss: 0.1194, Test MAPE: 12.7919, Test R: 0.9822, Test RRSE: 0.3895
2025-02-10 16:06:00,388:INFO:Epoch 181: Train Loss: 3.1418, Train Node Loss: 0.0062, Train Reg Loss: 0.0314, Train MAPE: 12.7112, Train R: 0.9802, Train RRSE: 0.2020, Test Loss: 3.4569, Test Node Loss: 0.0058, Test Reg Loss: 0.0345, Test MAPE: 13.4020, Test R: 0.9828, Test RRSE: 0.2094
2025-02-10 16:06:00,429:INFO:Checkpoint saved at best_0.001_0.001_256_SAGE_3_32_0.9828_epoch_181.pth
2025-02-10 16:06:22,071:INFO:Epoch 182: Train Loss: 2.9910, Train Node Loss: 0.0062, Train Reg Loss: 0.0298, Train MAPE: 12.7574, Train R: 0.9810, Train RRSE: 0.1971, Test Loss: 11.7023, Test Node Loss: 0.0060, Test Reg Loss: 0.1170, Test MAPE: 12.8519, Test R: 0.9827, Test RRSE: 0.3854
2025-02-10 16:06:43,754:INFO:Epoch 183: Train Loss: 2.7073, Train Node Loss: 0.0060, Train Reg Loss: 0.0270, Train MAPE: 13.0852, Train R: 0.9855, Train RRSE: 0.1875, Test Loss: 19.5488, Test Node Loss: 0.0061, Test Reg Loss: 0.1954, Test MAPE: 12.9720, Test R: 0.9811, Test RRSE: 0.4982
2025-02-10 16:07:05,421:INFO:Epoch 184: Train Loss: 3.8230, Train Node Loss: 0.0063, Train Reg Loss: 0.0382, Train MAPE: 12.6000, Train R: 0.9808, Train RRSE: 0.2229, Test Loss: 3.5605, Test Node Loss: 0.0058, Test Reg Loss: 0.0355, Test MAPE: 13.4229, Test R: 0.9814, Test RRSE: 0.2125
2025-02-10 16:07:26,966:INFO:Epoch 185: Train Loss: 4.5716, Train Node Loss: 0.0060, Train Reg Loss: 0.0457, Train MAPE: 13.3262, Train R: 0.9790, Train RRSE: 0.2437, Test Loss: 55.0643, Test Node Loss: 0.0065, Test Reg Loss: 0.5506, Test MAPE: 13.8344, Test R: 0.9805, Test RRSE: 0.8362
2025-02-10 16:07:48,550:INFO:Epoch 186: Train Loss: 4.3893, Train Node Loss: 0.0065, Train Reg Loss: 0.0438, Train MAPE: 12.1036, Train R: 0.9824, Train RRSE: 0.2388, Test Loss: 2.9080, Test Node Loss: 0.0060, Test Reg Loss: 0.0290, Test MAPE: 13.2787, Test R: 0.9829, Test RRSE: 0.1920
2025-02-10 16:07:48,591:INFO:Checkpoint saved at best_0.001_0.001_256_SAGE_3_32_0.9829_epoch_186.pth
2025-02-10 16:08:10,250:INFO:Epoch 187: Train Loss: 7.3633, Train Node Loss: 0.0061, Train Reg Loss: 0.0736, Train MAPE: 13.3246, Train R: 0.9712, Train RRSE: 0.3094, Test Loss: 22.5729, Test Node Loss: 0.0065, Test Reg Loss: 0.2257, Test MAPE: 13.6554, Test R: 0.9793, Test RRSE: 0.5354
2025-02-10 16:08:31,616:INFO:Epoch 188: Train Loss: 7.8166, Train Node Loss: 0.0060, Train Reg Loss: 0.0781, Train MAPE: 12.5199, Train R: 0.9659, Train RRSE: 0.3188, Test Loss: 51.3762, Test Node Loss: 0.0049, Test Reg Loss: 0.5137, Test MAPE: 16.7422, Test R: 0.9770, Test RRSE: 0.8077
2025-02-10 16:08:53,362:INFO:Epoch 189: Train Loss: 8.7410, Train Node Loss: 0.0047, Train Reg Loss: 0.0874, Train MAPE: 12.8650, Train R: 0.9495, Train RRSE: 0.3372, Test Loss: 42.1215, Test Node Loss: 0.0051, Test Reg Loss: 0.4212, Test MAPE: 13.4082, Test R: 0.9811, Test RRSE: 0.7314
2025-02-10 16:09:15,138:INFO:Epoch 190: Train Loss: 5.6583, Train Node Loss: 0.0049, Train Reg Loss: 0.0565, Train MAPE: 12.6954, Train R: 0.9636, Train RRSE: 0.2712, Test Loss: 2.9030, Test Node Loss: 0.0047, Test Reg Loss: 0.0290, Test MAPE: 13.2122, Test R: 0.9829, Test RRSE: 0.1919
2025-02-10 16:09:36,842:INFO:Epoch 191: Train Loss: 6.6977, Train Node Loss: 0.0052, Train Reg Loss: 0.0669, Train MAPE: 12.8100, Train R: 0.9622, Train RRSE: 0.2951, Test Loss: 3.4462, Test Node Loss: 0.0048, Test Reg Loss: 0.0344, Test MAPE: 13.6994, Test R: 0.9809, Test RRSE: 0.2091
2025-02-10 16:09:58,438:INFO:Epoch 192: Train Loss: 6.2840, Train Node Loss: 0.0051, Train Reg Loss: 0.0628, Train MAPE: 13.2627, Train R: 0.9718, Train RRSE: 0.2858, Test Loss: 27.6506, Test Node Loss: 0.0052, Test Reg Loss: 0.2765, Test MAPE: 12.8292, Test R: 0.9808, Test RRSE: 0.5925
2025-02-10 16:10:20,178:INFO:Epoch 193: Train Loss: 3.7266, Train Node Loss: 0.0053, Train Reg Loss: 0.0372, Train MAPE: 12.4613, Train R: 0.9822, Train RRSE: 0.2201, Test Loss: 3.0127, Test Node Loss: 0.0050, Test Reg Loss: 0.0301, Test MAPE: 13.0519, Test R: 0.9817, Test RRSE: 0.1954
2025-02-10 16:10:41,821:INFO:Epoch 194: Train Loss: 6.4562, Train Node Loss: 0.0053, Train Reg Loss: 0.0645, Train MAPE: 12.8309, Train R: 0.9573, Train RRSE: 0.2897, Test Loss: 5.2937, Test Node Loss: 0.0052, Test Reg Loss: 0.0529, Test MAPE: 13.3468, Test R: 0.9825, Test RRSE: 0.2592
2025-02-10 16:11:03,512:INFO:Epoch 195: Train Loss: 6.5861, Train Node Loss: 0.0051, Train Reg Loss: 0.0658, Train MAPE: 13.0566, Train R: 0.9607, Train RRSE: 0.2926, Test Loss: 28.6678, Test Node Loss: 0.0052, Test Reg Loss: 0.2866, Test MAPE: 12.8968, Test R: 0.9806, Test RRSE: 0.6033
2025-02-10 16:11:25,344:INFO:Epoch 196: Train Loss: 3.4444, Train Node Loss: 0.0052, Train Reg Loss: 0.0344, Train MAPE: 12.7116, Train R: 0.9792, Train RRSE: 0.2115, Test Loss: 3.8189, Test Node Loss: 0.0050, Test Reg Loss: 0.0381, Test MAPE: 13.1229, Test R: 0.9819, Test RRSE: 0.2201
2025-02-10 16:11:47,233:INFO:Epoch 197: Train Loss: 4.7119, Train Node Loss: 0.0052, Train Reg Loss: 0.0471, Train MAPE: 12.6951, Train R: 0.9691, Train RRSE: 0.2475, Test Loss: 10.5002, Test Node Loss: 0.0052, Test Reg Loss: 0.1049, Test MAPE: 13.0714, Test R: 0.9825, Test RRSE: 0.3651
2025-02-10 16:12:08,781:INFO:Epoch 198: Train Loss: 5.6402, Train Node Loss: 0.0052, Train Reg Loss: 0.0563, Train MAPE: 13.1597, Train R: 0.9717, Train RRSE: 0.2708, Test Loss: 46.0750, Test Node Loss: 0.0055, Test Reg Loss: 0.4607, Test MAPE: 13.6118, Test R: 0.9796, Test RRSE: 0.7649
2025-02-10 16:12:30,405:INFO:Epoch 199: Train Loss: 6.0952, Train Node Loss: 0.0055, Train Reg Loss: 0.0609, Train MAPE: 12.6648, Train R: 0.9722, Train RRSE: 0.2815, Test Loss: 6.2389, Test Node Loss: 0.0051, Test Reg Loss: 0.0623, Test MAPE: 14.0325, Test R: 0.9803, Test RRSE: 0.2814
2025-02-10 16:12:51,787:INFO:Epoch 200: Train Loss: 4.9638, Train Node Loss: 0.0052, Train Reg Loss: 0.0496, Train MAPE: 13.0237, Train R: 0.9691, Train RRSE: 0.2540, Test Loss: 36.7275, Test Node Loss: 0.0055, Test Reg Loss: 0.3672, Test MAPE: 13.3046, Test R: 0.9812, Test RRSE: 0.6829
2025-02-10 16:13:12,984:INFO:Epoch 201: Train Loss: 6.0552, Train Node Loss: 0.0052, Train Reg Loss: 0.0605, Train MAPE: 12.7776, Train R: 0.9622, Train RRSE: 0.2806, Test Loss: 5.1718, Test Node Loss: 0.0051, Test Reg Loss: 0.0517, Test MAPE: 13.2060, Test R: 0.9818, Test RRSE: 0.2562
2025-02-10 16:13:34,344:INFO:Epoch 202: Train Loss: 3.9584, Train Node Loss: 0.0053, Train Reg Loss: 0.0395, Train MAPE: 12.8110, Train R: 0.9775, Train RRSE: 0.2268, Test Loss: 3.8989, Test Node Loss: 0.0050, Test Reg Loss: 0.0389, Test MAPE: 13.6309, Test R: 0.9813, Test RRSE: 0.2224
2025-02-10 16:13:55,482:INFO:Epoch 203: Train Loss: 2.2748, Train Node Loss: 0.0052, Train Reg Loss: 0.0227, Train MAPE: 12.9264, Train R: 0.9862, Train RRSE: 0.1719, Test Loss: 10.3920, Test Node Loss: 0.0052, Test Reg Loss: 0.1039, Test MAPE: 12.7345, Test R: 0.9829, Test RRSE: 0.3632
2025-02-10 16:14:16,176:INFO:Epoch 204: Train Loss: 2.2601, Train Node Loss: 0.0053, Train Reg Loss: 0.0225, Train MAPE: 12.7830, Train R: 0.9856, Train RRSE: 0.1713, Test Loss: 9.0628, Test Node Loss: 0.0053, Test Reg Loss: 0.0906, Test MAPE: 13.4221, Test R: 0.9823, Test RRSE: 0.3392
2025-02-10 16:14:36,971:INFO:Epoch 205: Train Loss: 3.0548, Train Node Loss: 0.0054, Train Reg Loss: 0.0305, Train MAPE: 13.1534, Train R: 0.9819, Train RRSE: 0.1992, Test Loss: 29.1908, Test Node Loss: 0.0055, Test Reg Loss: 0.2919, Test MAPE: 12.9895, Test R: 0.9800, Test RRSE: 0.6088
2025-02-10 16:14:57,702:INFO:Epoch 206: Train Loss: 3.5979, Train Node Loss: 0.0055, Train Reg Loss: 0.0359, Train MAPE: 12.3983, Train R: 0.9795, Train RRSE: 0.2162, Test Loss: 3.2693, Test Node Loss: 0.0053, Test Reg Loss: 0.0326, Test MAPE: 13.6244, Test R: 0.9816, Test RRSE: 0.2036
2025-02-10 16:15:18,471:INFO:Epoch 207: Train Loss: 3.6823, Train Node Loss: 0.0055, Train Reg Loss: 0.0368, Train MAPE: 12.9727, Train R: 0.9763, Train RRSE: 0.2187, Test Loss: 7.2085, Test Node Loss: 0.0054, Test Reg Loss: 0.0720, Test MAPE: 13.0638, Test R: 0.9815, Test RRSE: 0.3025
2025-02-10 16:15:39,026:INFO:Epoch 208: Train Loss: 2.6445, Train Node Loss: 0.0055, Train Reg Loss: 0.0264, Train MAPE: 12.6183, Train R: 0.9833, Train RRSE: 0.1853, Test Loss: 6.8431, Test Node Loss: 0.0054, Test Reg Loss: 0.0684, Test MAPE: 13.3643, Test R: 0.9816, Test RRSE: 0.2947
2025-02-10 16:15:59,598:INFO:Epoch 209: Train Loss: 2.9503, Train Node Loss: 0.0055, Train Reg Loss: 0.0294, Train MAPE: 13.1767, Train R: 0.9820, Train RRSE: 0.1958, Test Loss: 27.6442, Test Node Loss: 0.0056, Test Reg Loss: 0.2764, Test MAPE: 12.9872, Test R: 0.9820, Test RRSE: 0.5925
2025-02-10 16:16:20,124:INFO:Epoch 210: Train Loss: 2.1582, Train Node Loss: 0.0055, Train Reg Loss: 0.0215, Train MAPE: 12.5983, Train R: 0.9872, Train RRSE: 0.1674, Test Loss: 7.2591, Test Node Loss: 0.0054, Test Reg Loss: 0.0725, Test MAPE: 13.2063, Test R: 0.9815, Test RRSE: 0.3035
2025-02-10 16:16:40,687:INFO:Epoch 211: Train Loss: 3.8428, Train Node Loss: 0.0056, Train Reg Loss: 0.0384, Train MAPE: 12.9502, Train R: 0.9752, Train RRSE: 0.2235, Test Loss: 12.6524, Test Node Loss: 0.0055, Test Reg Loss: 0.1265, Test MAPE: 12.9732, Test R: 0.9814, Test RRSE: 0.4008
2025-02-10 16:17:01,204:INFO:Epoch 212: Train Loss: 3.7828, Train Node Loss: 0.0054, Train Reg Loss: 0.0378, Train MAPE: 12.9600, Train R: 0.9816, Train RRSE: 0.2217, Test Loss: 16.6040, Test Node Loss: 0.0053, Test Reg Loss: 0.1660, Test MAPE: 13.0271, Test R: 0.9811, Test RRSE: 0.4591
2025-02-10 16:17:22,266:INFO:Epoch 213: Train Loss: 6.5742, Train Node Loss: 0.0054, Train Reg Loss: 0.0657, Train MAPE: 12.8519, Train R: 0.9573, Train RRSE: 0.2924, Test Loss: 3.9649, Test Node Loss: 0.0050, Test Reg Loss: 0.0396, Test MAPE: 13.4997, Test R: 0.9811, Test RRSE: 0.2243
2025-02-10 16:17:43,516:INFO:Epoch 214: Train Loss: 3.8580, Train Node Loss: 0.0053, Train Reg Loss: 0.0385, Train MAPE: 12.5943, Train R: 0.9757, Train RRSE: 0.2239, Test Loss: 8.6525, Test Node Loss: 0.0052, Test Reg Loss: 0.0865, Test MAPE: 13.0407, Test R: 0.9824, Test RRSE: 0.3314
2025-02-10 16:18:04,721:INFO:Epoch 215: Train Loss: 4.4088, Train Node Loss: 0.0053, Train Reg Loss: 0.0440, Train MAPE: 12.8309, Train R: 0.9710, Train RRSE: 0.2394, Test Loss: 20.6821, Test Node Loss: 0.0054, Test Reg Loss: 0.2068, Test MAPE: 13.1258, Test R: 0.9816, Test RRSE: 0.5125
2025-02-10 16:18:25,908:INFO:Epoch 216: Train Loss: 4.4901, Train Node Loss: 0.0053, Train Reg Loss: 0.0448, Train MAPE: 12.8566, Train R: 0.9712, Train RRSE: 0.2416, Test Loss: 7.6559, Test Node Loss: 0.0053, Test Reg Loss: 0.0765, Test MAPE: 12.8174, Test R: 0.9819, Test RRSE: 0.3117
2025-02-10 16:18:47,040:INFO:Epoch 217: Train Loss: 3.3345, Train Node Loss: 0.0055, Train Reg Loss: 0.0333, Train MAPE: 12.5951, Train R: 0.9816, Train RRSE: 0.2081, Test Loss: 3.3999, Test Node Loss: 0.0052, Test Reg Loss: 0.0339, Test MAPE: 13.5243, Test R: 0.9814, Test RRSE: 0.2076
2025-02-10 16:19:08,221:INFO:Epoch 218: Train Loss: 3.2254, Train Node Loss: 0.0054, Train Reg Loss: 0.0322, Train MAPE: 12.9377, Train R: 0.9802, Train RRSE: 0.2047, Test Loss: 13.7727, Test Node Loss: 0.0054, Test Reg Loss: 0.1377, Test MAPE: 12.8470, Test R: 0.9811, Test RRSE: 0.4182
2025-02-10 16:19:29,609:INFO:Epoch 219: Train Loss: 3.2455, Train Node Loss: 0.0055, Train Reg Loss: 0.0324, Train MAPE: 12.5281, Train R: 0.9836, Train RRSE: 0.2053, Test Loss: 14.3311, Test Node Loss: 0.0051, Test Reg Loss: 0.1433, Test MAPE: 15.1334, Test R: 0.9793, Test RRSE: 0.4266
2025-02-10 16:19:51,416:INFO:Epoch 220: Train Loss: 5.9974, Train Node Loss: 0.0054, Train Reg Loss: 0.0599, Train MAPE: 13.0275, Train R: 0.9617, Train RRSE: 0.2792, Test Loss: 17.8090, Test Node Loss: 0.0055, Test Reg Loss: 0.1780, Test MAPE: 13.0447, Test R: 0.9817, Test RRSE: 0.4755
2025-02-10 16:20:13,423:INFO:Epoch 221: Train Loss: 2.6217, Train Node Loss: 0.0055, Train Reg Loss: 0.0262, Train MAPE: 12.9205, Train R: 0.9838, Train RRSE: 0.1845, Test Loss: 11.7927, Test Node Loss: 0.0054, Test Reg Loss: 0.1179, Test MAPE: 13.1117, Test R: 0.9824, Test RRSE: 0.3869
2025-02-10 16:20:35,539:INFO:Epoch 222: Train Loss: 3.7280, Train Node Loss: 0.0056, Train Reg Loss: 0.0372, Train MAPE: 12.6509, Train R: 0.9773, Train RRSE: 0.2201, Test Loss: 3.9731, Test Node Loss: 0.0053, Test Reg Loss: 0.0397, Test MAPE: 13.4533, Test R: 0.9827, Test RRSE: 0.2245
2025-02-10 16:20:57,497:INFO:Epoch 223: Train Loss: 4.0496, Train Node Loss: 0.0054, Train Reg Loss: 0.0404, Train MAPE: 12.6277, Train R: 0.9740, Train RRSE: 0.2294, Test Loss: 11.0080, Test Node Loss: 0.0053, Test Reg Loss: 0.1100, Test MAPE: 12.9966, Test R: 0.9824, Test RRSE: 0.3738
2025-02-10 16:21:19,377:INFO:Epoch 224: Train Loss: 4.7023, Train Node Loss: 0.0055, Train Reg Loss: 0.0470, Train MAPE: 12.5546, Train R: 0.9738, Train RRSE: 0.2472, Test Loss: 5.3281, Test Node Loss: 0.0051, Test Reg Loss: 0.0532, Test MAPE: 13.8703, Test R: 0.9824, Test RRSE: 0.2600
2025-02-10 16:21:41,184:INFO:Epoch 225: Train Loss: 5.7775, Train Node Loss: 0.0053, Train Reg Loss: 0.0577, Train MAPE: 13.1756, Train R: 0.9752, Train RRSE: 0.2741, Test Loss: 48.1042, Test Node Loss: 0.0057, Test Reg Loss: 0.4810, Test MAPE: 13.5259, Test R: 0.9806, Test RRSE: 0.7816
2025-02-10 16:22:03,154:INFO:Epoch 226: Train Loss: 6.3288, Train Node Loss: 0.0058, Train Reg Loss: 0.0632, Train MAPE: 12.3557, Train R: 0.9724, Train RRSE: 0.2868, Test Loss: 3.9442, Test Node Loss: 0.0053, Test Reg Loss: 0.0394, Test MAPE: 13.8523, Test R: 0.9814, Test RRSE: 0.2237
2025-02-10 16:22:24,819:INFO:Epoch 227: Train Loss: 4.4385, Train Node Loss: 0.0054, Train Reg Loss: 0.0443, Train MAPE: 13.3105, Train R: 0.9802, Train RRSE: 0.2402, Test Loss: 28.7572, Test Node Loss: 0.0054, Test Reg Loss: 0.2875, Test MAPE: 13.1987, Test R: 0.9810, Test RRSE: 0.6043
2025-02-10 16:22:45,974:INFO:Epoch 228: Train Loss: 7.9680, Train Node Loss: 0.0052, Train Reg Loss: 0.0796, Train MAPE: 12.4781, Train R: 0.9488, Train RRSE: 0.3219, Test Loss: 17.4795, Test Node Loss: 0.0048, Test Reg Loss: 0.1747, Test MAPE: 15.1949, Test R: 0.9807, Test RRSE: 0.4711
2025-02-10 16:23:07,667:INFO:Epoch 229: Train Loss: 3.0155, Train Node Loss: 0.0052, Train Reg Loss: 0.0301, Train MAPE: 13.0248, Train R: 0.9803, Train RRSE: 0.1979, Test Loss: 17.8357, Test Node Loss: 0.0052, Test Reg Loss: 0.1783, Test MAPE: 13.2520, Test R: 0.9831, Test RRSE: 0.4759
2025-02-10 16:23:07,704:INFO:Checkpoint saved at best_0.001_0.001_256_SAGE_3_32_0.9831_epoch_229.pth
2025-02-10 16:23:29,530:INFO:Epoch 230: Train Loss: 3.1741, Train Node Loss: 0.0052, Train Reg Loss: 0.0317, Train MAPE: 12.6106, Train R: 0.9801, Train RRSE: 0.2031, Test Loss: 3.3407, Test Node Loss: 0.0049, Test Reg Loss: 0.0334, Test MAPE: 13.5201, Test R: 0.9824, Test RRSE: 0.2058
2025-02-10 16:23:51,430:INFO:Epoch 231: Train Loss: 3.6245, Train Node Loss: 0.0053, Train Reg Loss: 0.0362, Train MAPE: 12.9206, Train R: 0.9766, Train RRSE: 0.2170, Test Loss: 6.7374, Test Node Loss: 0.0051, Test Reg Loss: 0.0673, Test MAPE: 12.9494, Test R: 0.9824, Test RRSE: 0.2924
2025-02-10 16:24:13,380:INFO:Epoch 232: Train Loss: 2.6292, Train Node Loss: 0.0053, Train Reg Loss: 0.0262, Train MAPE: 12.7999, Train R: 0.9829, Train RRSE: 0.1848, Test Loss: 3.7030, Test Node Loss: 0.0051, Test Reg Loss: 0.0370, Test MAPE: 12.9802, Test R: 0.9825, Test RRSE: 0.2167
2025-02-10 16:24:35,101:INFO:Epoch 233: Train Loss: 3.1538, Train Node Loss: 0.0053, Train Reg Loss: 0.0315, Train MAPE: 12.9025, Train R: 0.9800, Train RRSE: 0.2024, Test Loss: 9.3951, Test Node Loss: 0.0052, Test Reg Loss: 0.0939, Test MAPE: 13.2543, Test R: 0.9818, Test RRSE: 0.3453
2025-02-10 16:24:56,838:INFO:Epoch 234: Train Loss: 2.9160, Train Node Loss: 0.0054, Train Reg Loss: 0.0291, Train MAPE: 12.9781, Train R: 0.9811, Train RRSE: 0.1946, Test Loss: 10.2843, Test Node Loss: 0.0052, Test Reg Loss: 0.1028, Test MAPE: 12.8627, Test R: 0.9825, Test RRSE: 0.3613
2025-02-10 16:25:18,829:INFO:Epoch 235: Train Loss: 4.4682, Train Node Loss: 0.0053, Train Reg Loss: 0.0446, Train MAPE: 12.6151, Train R: 0.9714, Train RRSE: 0.2410, Test Loss: 3.2520, Test Node Loss: 0.0051, Test Reg Loss: 0.0325, Test MAPE: 13.6675, Test R: 0.9821, Test RRSE: 0.2031
2025-02-10 16:25:40,598:INFO:Epoch 236: Train Loss: 4.0019, Train Node Loss: 0.0054, Train Reg Loss: 0.0400, Train MAPE: 12.8505, Train R: 0.9745, Train RRSE: 0.2280, Test Loss: 2.9669, Test Node Loss: 0.0051, Test Reg Loss: 0.0296, Test MAPE: 12.8533, Test R: 0.9824, Test RRSE: 0.1939
2025-02-10 16:26:02,639:INFO:Epoch 237: Train Loss: 2.9402, Train Node Loss: 0.0053, Train Reg Loss: 0.0293, Train MAPE: 12.8187, Train R: 0.9818, Train RRSE: 0.1954, Test Loss: 12.4986, Test Node Loss: 0.0054, Test Reg Loss: 0.1249, Test MAPE: 13.0022, Test R: 0.9825, Test RRSE: 0.3983
2025-02-10 16:26:24,376:INFO:Epoch 238: Train Loss: 2.7831, Train Node Loss: 0.0055, Train Reg Loss: 0.0278, Train MAPE: 12.8569, Train R: 0.9825, Train RRSE: 0.1901, Test Loss: 3.1737, Test Node Loss: 0.0053, Test Reg Loss: 0.0317, Test MAPE: 13.2166, Test R: 0.9821, Test RRSE: 0.2006
2025-02-10 16:26:46,265:INFO:Epoch 239: Train Loss: 2.9811, Train Node Loss: 0.0055, Train Reg Loss: 0.0298, Train MAPE: 12.8329, Train R: 0.9806, Train RRSE: 0.1968, Test Loss: 3.2829, Test Node Loss: 0.0053, Test Reg Loss: 0.0328, Test MAPE: 13.5158, Test R: 0.9816, Test RRSE: 0.2040
2025-02-10 16:27:08,273:INFO:Epoch 240: Train Loss: 2.9483, Train Node Loss: 0.0054, Train Reg Loss: 0.0294, Train MAPE: 12.8256, Train R: 0.9812, Train RRSE: 0.1957, Test Loss: 3.9921, Test Node Loss: 0.0052, Test Reg Loss: 0.0399, Test MAPE: 13.2149, Test R: 0.9815, Test RRSE: 0.2250
2025-02-10 16:27:30,149:INFO:Epoch 241: Train Loss: 4.1857, Train Node Loss: 0.0054, Train Reg Loss: 0.0418, Train MAPE: 12.9252, Train R: 0.9737, Train RRSE: 0.2332, Test Loss: 27.6985, Test Node Loss: 0.0055, Test Reg Loss: 0.2769, Test MAPE: 12.7540, Test R: 0.9802, Test RRSE: 0.5931
2025-02-10 16:27:51,874:INFO:Epoch 242: Train Loss: 2.7748, Train Node Loss: 0.0054, Train Reg Loss: 0.0277, Train MAPE: 12.8046, Train R: 0.9820, Train RRSE: 0.1898, Test Loss: 3.2279, Test Node Loss: 0.0052, Test Reg Loss: 0.0322, Test MAPE: 13.3656, Test R: 0.9819, Test RRSE: 0.2023
2025-02-10 16:28:13,524:INFO:Epoch 243: Train Loss: 3.1862, Train Node Loss: 0.0053, Train Reg Loss: 0.0318, Train MAPE: 12.7676, Train R: 0.9794, Train RRSE: 0.2035, Test Loss: 21.8314, Test Node Loss: 0.0054, Test Reg Loss: 0.2183, Test MAPE: 12.7580, Test R: 0.9803, Test RRSE: 0.5265
2025-02-10 16:28:35,084:INFO:Epoch 244: Train Loss: 3.8077, Train Node Loss: 0.0054, Train Reg Loss: 0.0380, Train MAPE: 12.7693, Train R: 0.9754, Train RRSE: 0.2224, Test Loss: 3.3504, Test Node Loss: 0.0051, Test Reg Loss: 0.0335, Test MAPE: 13.6191, Test R: 0.9816, Test RRSE: 0.2061
2025-02-10 16:28:56,794:INFO:Epoch 245: Train Loss: 3.6810, Train Node Loss: 0.0053, Train Reg Loss: 0.0368, Train MAPE: 12.6872, Train R: 0.9763, Train RRSE: 0.2187, Test Loss: 10.8181, Test Node Loss: 0.0053, Test Reg Loss: 0.1081, Test MAPE: 12.7349, Test R: 0.9825, Test RRSE: 0.3706
2025-02-10 16:29:18,594:INFO:Epoch 246: Train Loss: 4.4411, Train Node Loss: 0.0053, Train Reg Loss: 0.0444, Train MAPE: 13.0196, Train R: 0.9724, Train RRSE: 0.2403, Test Loss: 38.9941, Test Node Loss: 0.0056, Test Reg Loss: 0.3899, Test MAPE: 13.2069, Test R: 0.9810, Test RRSE: 0.7037
2025-02-10 16:29:40,305:INFO:Epoch 247: Train Loss: 5.9321, Train Node Loss: 0.0055, Train Reg Loss: 0.0593, Train MAPE: 12.6254, Train R: 0.9611, Train RRSE: 0.2777, Test Loss: 5.2815, Test Node Loss: 0.0053, Test Reg Loss: 0.0528, Test MAPE: 12.9547, Test R: 0.9826, Test RRSE: 0.2589
2025-02-10 16:30:02,017:INFO:Epoch 248: Train Loss: 3.4091, Train Node Loss: 0.0055, Train Reg Loss: 0.0340, Train MAPE: 12.5360, Train R: 0.9791, Train RRSE: 0.2105, Test Loss: 6.4046, Test Node Loss: 0.0053, Test Reg Loss: 0.0640, Test MAPE: 13.2750, Test R: 0.9827, Test RRSE: 0.2851
2025-02-10 16:30:23,720:INFO:Epoch 249: Train Loss: 3.6089, Train Node Loss: 0.0054, Train Reg Loss: 0.0360, Train MAPE: 13.0018, Train R: 0.9767, Train RRSE: 0.2165, Test Loss: 3.3960, Test Node Loss: 0.0053, Test Reg Loss: 0.0339, Test MAPE: 13.1721, Test R: 0.9832, Test RRSE: 0.2075
2025-02-10 16:30:23,755:INFO:Checkpoint saved at best_0.001_0.001_256_SAGE_3_32_0.9832_epoch_249.pth
2025-02-10 16:30:45,384:INFO:Epoch 250: Train Loss: 4.1637, Train Node Loss: 0.0056, Train Reg Loss: 0.0416, Train MAPE: 12.5060, Train R: 0.9799, Train RRSE: 0.2326, Test Loss: 5.9613, Test Node Loss: 0.0051, Test Reg Loss: 0.0596, Test MAPE: 13.9996, Test R: 0.9824, Test RRSE: 0.2750
2025-02-10 16:31:07,221:INFO:Epoch 251: Train Loss: 3.7817, Train Node Loss: 0.0054, Train Reg Loss: 0.0378, Train MAPE: 13.1987, Train R: 0.9848, Train RRSE: 0.2217, Test Loss: 41.1770, Test Node Loss: 0.0056, Test Reg Loss: 0.4117, Test MAPE: 13.2946, Test R: 0.9811, Test RRSE: 0.7231
2025-02-10 16:31:28,784:INFO:Epoch 252: Train Loss: 3.7597, Train Node Loss: 0.0057, Train Reg Loss: 0.0375, Train MAPE: 12.5740, Train R: 0.9768, Train RRSE: 0.2210, Test Loss: 8.1903, Test Node Loss: 0.0053, Test Reg Loss: 0.0819, Test MAPE: 14.0658, Test R: 0.9804, Test RRSE: 0.3224
2025-02-10 16:31:50,481:INFO:Epoch 253: Train Loss: 2.5311, Train Node Loss: 0.0056, Train Reg Loss: 0.0253, Train MAPE: 13.2099, Train R: 0.9850, Train RRSE: 0.1813, Test Loss: 3.7184, Test Node Loss: 0.0056, Test Reg Loss: 0.0371, Test MAPE: 12.5865, Test R: 0.9823, Test RRSE: 0.2172
2025-02-10 16:32:12,239:INFO:Epoch 254: Train Loss: 5.0066, Train Node Loss: 0.0056, Train Reg Loss: 0.0500, Train MAPE: 12.6684, Train R: 0.9702, Train RRSE: 0.2551, Test Loss: 5.3384, Test Node Loss: 0.0055, Test Reg Loss: 0.0533, Test MAPE: 13.1403, Test R: 0.9828, Test RRSE: 0.2603
2025-02-10 16:32:33,985:INFO:Epoch 255: Train Loss: 3.9078, Train Node Loss: 0.0058, Train Reg Loss: 0.0390, Train MAPE: 12.6090, Train R: 0.9844, Train RRSE: 0.2253, Test Loss: 36.4959, Test Node Loss: 0.0051, Test Reg Loss: 0.3649, Test MAPE: 16.1907, Test R: 0.9791, Test RRSE: 0.6808
2025-02-10 16:32:55,644:INFO:Epoch 256: Train Loss: 5.2363, Train Node Loss: 0.0055, Train Reg Loss: 0.0523, Train MAPE: 13.1013, Train R: 0.9687, Train RRSE: 0.2609, Test Loss: 22.8748, Test Node Loss: 0.0057, Test Reg Loss: 0.2287, Test MAPE: 12.6419, Test R: 0.9821, Test RRSE: 0.5389
2025-02-10 16:33:17,246:INFO:Epoch 257: Train Loss: 2.9699, Train Node Loss: 0.0056, Train Reg Loss: 0.0296, Train MAPE: 12.7858, Train R: 0.9814, Train RRSE: 0.1964, Test Loss: 17.5352, Test Node Loss: 0.0057, Test Reg Loss: 0.1753, Test MAPE: 13.2383, Test R: 0.9838, Test RRSE: 0.4718
2025-02-10 16:33:17,292:INFO:Checkpoint saved at best_0.001_0.001_256_SAGE_3_32_0.9838_epoch_257.pth
2025-02-10 16:33:38,906:INFO:Epoch 258: Train Loss: 2.5633, Train Node Loss: 0.0059, Train Reg Loss: 0.0256, Train MAPE: 13.0204, Train R: 0.9846, Train RRSE: 0.1824, Test Loss: 9.9247, Test Node Loss: 0.0057, Test Reg Loss: 0.0992, Test MAPE: 12.9358, Test R: 0.9834, Test RRSE: 0.3549
2025-02-10 16:34:00,879:INFO:Epoch 259: Train Loss: 2.7360, Train Node Loss: 0.0057, Train Reg Loss: 0.0273, Train MAPE: 12.8352, Train R: 0.9824, Train RRSE: 0.1885, Test Loss: 3.4477, Test Node Loss: 0.0053, Test Reg Loss: 0.0344, Test MAPE: 13.5981, Test R: 0.9824, Test RRSE: 0.2091
2025-02-10 16:34:22,923:INFO:Epoch 260: Train Loss: 3.6603, Train Node Loss: 0.0055, Train Reg Loss: 0.0365, Train MAPE: 12.9641, Train R: 0.9771, Train RRSE: 0.2181, Test Loss: 14.5024, Test Node Loss: 0.0055, Test Reg Loss: 0.1450, Test MAPE: 12.9760, Test R: 0.9821, Test RRSE: 0.4291
2025-02-10 16:34:44,752:INFO:Epoch 261: Train Loss: 4.6222, Train Node Loss: 0.0056, Train Reg Loss: 0.0462, Train MAPE: 12.8759, Train R: 0.9701, Train RRSE: 0.2451, Test Loss: 16.4387, Test Node Loss: 0.0055, Test Reg Loss: 0.1643, Test MAPE: 13.2221, Test R: 0.9828, Test RRSE: 0.4568
2025-02-10 16:35:06,542:INFO:Epoch 262: Train Loss: 3.8783, Train Node Loss: 0.0057, Train Reg Loss: 0.0387, Train MAPE: 12.6269, Train R: 0.9778, Train RRSE: 0.2245, Test Loss: 4.2816, Test Node Loss: 0.0054, Test Reg Loss: 0.0428, Test MAPE: 12.9566, Test R: 0.9829, Test RRSE: 0.2330
2025-02-10 16:35:28,355:INFO:Epoch 263: Train Loss: 3.2226, Train Node Loss: 0.0056, Train Reg Loss: 0.0322, Train MAPE: 12.8157, Train R: 0.9789, Train RRSE: 0.2046, Test Loss: 8.1747, Test Node Loss: 0.0054, Test Reg Loss: 0.0817, Test MAPE: 12.7857, Test R: 0.9828, Test RRSE: 0.3221
2025-02-10 16:35:50,058:INFO:Epoch 264: Train Loss: 3.2428, Train Node Loss: 0.0055, Train Reg Loss: 0.0324, Train MAPE: 12.4789, Train R: 0.9800, Train RRSE: 0.2052, Test Loss: 10.5142, Test Node Loss: 0.0052, Test Reg Loss: 0.1051, Test MAPE: 14.3549, Test R: 0.9821, Test RRSE: 0.3653
2025-02-10 16:36:11,975:INFO:Epoch 265: Train Loss: 4.5323, Train Node Loss: 0.0055, Train Reg Loss: 0.0453, Train MAPE: 13.1264, Train R: 0.9744, Train RRSE: 0.2427, Test Loss: 75.5026, Test Node Loss: 0.0059, Test Reg Loss: 0.7550, Test MAPE: 14.4653, Test R: 0.9790, Test RRSE: 0.9792
2025-02-10 16:36:33,590:INFO:Epoch 266: Train Loss: 9.6826, Train Node Loss: 0.0056, Train Reg Loss: 0.0968, Train MAPE: 12.9681, Train R: 0.9366, Train RRSE: 0.3549, Test Loss: 10.6827, Test Node Loss: 0.0054, Test Reg Loss: 0.1068, Test MAPE: 13.2805, Test R: 0.9830, Test RRSE: 0.3682
2025-02-10 16:36:54,865:INFO:Epoch 267: Train Loss: 5.8405, Train Node Loss: 0.0053, Train Reg Loss: 0.0584, Train MAPE: 12.9386, Train R: 0.9708, Train RRSE: 0.2756, Test Loss: 22.1163, Test Node Loss: 0.0047, Test Reg Loss: 0.2211, Test MAPE: 15.3548, Test R: 0.9813, Test RRSE: 0.5299
2025-02-10 16:37:16,315:INFO:Epoch 268: Train Loss: 3.8810, Train Node Loss: 0.0048, Train Reg Loss: 0.0388, Train MAPE: 12.7799, Train R: 0.9750, Train RRSE: 0.2246, Test Loss: 9.5509, Test Node Loss: 0.0049, Test Reg Loss: 0.0955, Test MAPE: 12.5575, Test R: 0.9839, Test RRSE: 0.3482
2025-02-10 16:37:16,390:INFO:Checkpoint saved at best_0.001_0.001_256_SAGE_3_32_0.9839_epoch_268.pth
2025-02-10 16:37:37,826:INFO:Epoch 269: Train Loss: 4.0178, Train Node Loss: 0.0049, Train Reg Loss: 0.0401, Train MAPE: 12.6440, Train R: 0.9745, Train RRSE: 0.2285, Test Loss: 3.0399, Test Node Loss: 0.0048, Test Reg Loss: 0.0304, Test MAPE: 13.3834, Test R: 0.9827, Test RRSE: 0.1963
2025-02-10 16:37:59,254:INFO:Epoch 270: Train Loss: 4.2018, Train Node Loss: 0.0051, Train Reg Loss: 0.0420, Train MAPE: 12.8905, Train R: 0.9732, Train RRSE: 0.2337, Test Loss: 4.8652, Test Node Loss: 0.0050, Test Reg Loss: 0.0486, Test MAPE: 13.2143, Test R: 0.9832, Test RRSE: 0.2484
2025-02-10 16:38:20,912:INFO:Epoch 271: Train Loss: 3.1181, Train Node Loss: 0.0054, Train Reg Loss: 0.0311, Train MAPE: 12.8042, Train R: 0.9818, Train RRSE: 0.2013, Test Loss: 6.8909, Test Node Loss: 0.0049, Test Reg Loss: 0.0689, Test MAPE: 14.1068, Test R: 0.9828, Test RRSE: 0.2957
2025-02-10 16:38:42,324:INFO:Epoch 272: Train Loss: 3.2816, Train Node Loss: 0.0053, Train Reg Loss: 0.0328, Train MAPE: 12.9298, Train R: 0.9813, Train RRSE: 0.2065, Test Loss: 50.3585, Test Node Loss: 0.0056, Test Reg Loss: 0.5035, Test MAPE: 13.5064, Test R: 0.9815, Test RRSE: 0.7997
2025-02-10 16:39:03,848:INFO:Epoch 273: Train Loss: 5.1788, Train Node Loss: 0.0055, Train Reg Loss: 0.0517, Train MAPE: 12.8973, Train R: 0.9659, Train RRSE: 0.2595, Test Loss: 10.5631, Test Node Loss: 0.0053, Test Reg Loss: 0.1056, Test MAPE: 13.0406, Test R: 0.9828, Test RRSE: 0.3662
2025-02-10 16:39:25,245:INFO:Epoch 274: Train Loss: 3.0758, Train Node Loss: 0.0054, Train Reg Loss: 0.0307, Train MAPE: 12.6366, Train R: 0.9832, Train RRSE: 0.1999, Test Loss: 2.9152, Test Node Loss: 0.0051, Test Reg Loss: 0.0291, Test MAPE: 13.4221, Test R: 0.9822, Test RRSE: 0.1922
2025-02-10 16:39:46,715:INFO:Epoch 275: Train Loss: 6.5171, Train Node Loss: 0.0052, Train Reg Loss: 0.0651, Train MAPE: 12.8477, Train R: 0.9626, Train RRSE: 0.2911, Test Loss: 56.0261, Test Node Loss: 0.0053, Test Reg Loss: 0.5602, Test MAPE: 13.7637, Test R: 0.9805, Test RRSE: 0.8435
2025-02-10 16:40:08,337:INFO:Epoch 276: Train Loss: 4.6508, Train Node Loss: 0.0052, Train Reg Loss: 0.0465, Train MAPE: 12.5568, Train R: 0.9733, Train RRSE: 0.2459, Test Loss: 3.3837, Test Node Loss: 0.0048, Test Reg Loss: 0.0338, Test MAPE: 13.3414, Test R: 0.9828, Test RRSE: 0.2072
2025-02-10 16:40:29,918:INFO:Epoch 277: Train Loss: 9.0304, Train Node Loss: 0.0051, Train Reg Loss: 0.0903, Train MAPE: 12.8270, Train R: 0.9395, Train RRSE: 0.3427, Test Loss: 24.8332, Test Node Loss: 0.0051, Test Reg Loss: 0.2483, Test MAPE: 13.1466, Test R: 0.9836, Test RRSE: 0.5615
2025-02-10 16:40:51,540:INFO:Epoch 278: Train Loss: 3.2685, Train Node Loss: 0.0051, Train Reg Loss: 0.0326, Train MAPE: 13.0204, Train R: 0.9808, Train RRSE: 0.2061, Test Loss: 2.8629, Test Node Loss: 0.0049, Test Reg Loss: 0.0286, Test MAPE: 13.2858, Test R: 0.9835, Test RRSE: 0.1905
2025-02-10 16:41:13,069:INFO:Epoch 279: Train Loss: 3.5053, Train Node Loss: 0.0051, Train Reg Loss: 0.0350, Train MAPE: 12.6219, Train R: 0.9777, Train RRSE: 0.2134, Test Loss: 4.3892, Test Node Loss: 0.0050, Test Reg Loss: 0.0438, Test MAPE: 13.4435, Test R: 0.9826, Test RRSE: 0.2360
2025-02-10 16:41:34,589:INFO:Epoch 280: Train Loss: 3.2654, Train Node Loss: 0.0051, Train Reg Loss: 0.0326, Train MAPE: 13.1743, Train R: 0.9811, Train RRSE: 0.2060, Test Loss: 20.2257, Test Node Loss: 0.0051, Test Reg Loss: 0.2022, Test MAPE: 12.8881, Test R: 0.9830, Test RRSE: 0.5068
2025-02-10 16:41:56,067:INFO:Epoch 281: Train Loss: 4.7647, Train Node Loss: 0.0053, Train Reg Loss: 0.0476, Train MAPE: 12.3656, Train R: 0.9739, Train RRSE: 0.2489, Test Loss: 14.0961, Test Node Loss: 0.0048, Test Reg Loss: 0.1409, Test MAPE: 14.6581, Test R: 0.9823, Test RRSE: 0.4230
2025-02-10 16:42:17,542:INFO:Epoch 282: Train Loss: 5.7282, Train Node Loss: 0.0051, Train Reg Loss: 0.0572, Train MAPE: 13.2343, Train R: 0.9646, Train RRSE: 0.2729, Test Loss: 35.9494, Test Node Loss: 0.0051, Test Reg Loss: 0.3594, Test MAPE: 13.3840, Test R: 0.9823, Test RRSE: 0.6757
2025-02-10 16:42:39,033:INFO:Epoch 283: Train Loss: 3.0613, Train Node Loss: 0.0051, Train Reg Loss: 0.0306, Train MAPE: 12.8071, Train R: 0.9809, Train RRSE: 0.1994, Test Loss: 3.8391, Test Node Loss: 0.0049, Test Reg Loss: 0.0383, Test MAPE: 13.3825, Test R: 0.9829, Test RRSE: 0.2207
2025-02-10 16:43:00,528:INFO:Epoch 284: Train Loss: 4.4217, Train Node Loss: 0.0052, Train Reg Loss: 0.0442, Train MAPE: 12.8333, Train R: 0.9735, Train RRSE: 0.2397, Test Loss: 3.1498, Test Node Loss: 0.0049, Test Reg Loss: 0.0314, Test MAPE: 13.5330, Test R: 0.9821, Test RRSE: 0.1999
2025-02-10 16:43:22,128:INFO:Epoch 285: Train Loss: 4.6152, Train Node Loss: 0.0050, Train Reg Loss: 0.0461, Train MAPE: 13.1896, Train R: 0.9814, Train RRSE: 0.2449, Test Loss: 25.6662, Test Node Loss: 0.0051, Test Reg Loss: 0.2566, Test MAPE: 12.9948, Test R: 0.9822, Test RRSE: 0.5709
2025-02-10 16:43:43,544:INFO:Epoch 286: Train Loss: 5.1056, Train Node Loss: 0.0053, Train Reg Loss: 0.0510, Train MAPE: 12.4779, Train R: 0.9739, Train RRSE: 0.2576, Test Loss: 3.0801, Test Node Loss: 0.0050, Test Reg Loss: 0.0308, Test MAPE: 13.4203, Test R: 0.9829, Test RRSE: 0.1976
2025-02-10 16:44:04,962:INFO:Epoch 287: Train Loss: 3.5173, Train Node Loss: 0.0052, Train Reg Loss: 0.0351, Train MAPE: 13.0486, Train R: 0.9779, Train RRSE: 0.2138, Test Loss: 7.0526, Test Node Loss: 0.0051, Test Reg Loss: 0.0705, Test MAPE: 12.7275, Test R: 0.9829, Test RRSE: 0.2992
2025-02-10 16:44:26,457:INFO:Epoch 288: Train Loss: 2.5233, Train Node Loss: 0.0052, Train Reg Loss: 0.0252, Train MAPE: 12.6500, Train R: 0.9841, Train RRSE: 0.1810, Test Loss: 6.3090, Test Node Loss: 0.0050, Test Reg Loss: 0.0630, Test MAPE: 13.1425, Test R: 0.9828, Test RRSE: 0.2830
2025-02-10 16:44:48,067:INFO:Epoch 289: Train Loss: 2.3251, Train Node Loss: 0.0051, Train Reg Loss: 0.0232, Train MAPE: 13.1607, Train R: 0.9852, Train RRSE: 0.1738, Test Loss: 8.4841, Test Node Loss: 0.0050, Test Reg Loss: 0.0848, Test MAPE: 12.5741, Test R: 0.9824, Test RRSE: 0.3282
2025-02-10 16:45:09,565:INFO:Epoch 290: Train Loss: 4.1562, Train Node Loss: 0.0051, Train Reg Loss: 0.0415, Train MAPE: 12.3573, Train R: 0.9808, Train RRSE: 0.2324, Test Loss: 6.6349, Test Node Loss: 0.0048, Test Reg Loss: 0.0663, Test MAPE: 13.9146, Test R: 0.9829, Test RRSE: 0.2902
2025-02-10 16:45:31,087:INFO:Epoch 291: Train Loss: 4.4406, Train Node Loss: 0.0050, Train Reg Loss: 0.0444, Train MAPE: 13.0703, Train R: 0.9807, Train RRSE: 0.2402, Test Loss: 47.9167, Test Node Loss: 0.0051, Test Reg Loss: 0.4791, Test MAPE: 13.9893, Test R: 0.9818, Test RRSE: 0.7801
2025-02-10 16:45:52,190:INFO:Epoch 292: Train Loss: 5.5427, Train Node Loss: 0.0051, Train Reg Loss: 0.0554, Train MAPE: 12.9647, Train R: 0.9664, Train RRSE: 0.2684, Test Loss: 2.7750, Test Node Loss: 0.0048, Test Reg Loss: 0.0277, Test MAPE: 13.3194, Test R: 0.9830, Test RRSE: 0.1876
2025-02-10 16:46:13,573:INFO:Epoch 293: Train Loss: 5.4791, Train Node Loss: 0.0050, Train Reg Loss: 0.0547, Train MAPE: 12.6789, Train R: 0.9645, Train RRSE: 0.2669, Test Loss: 4.7427, Test Node Loss: 0.0049, Test Reg Loss: 0.0474, Test MAPE: 13.3332, Test R: 0.9828, Test RRSE: 0.2453
2025-02-10 16:46:34,768:INFO:Epoch 294: Train Loss: 3.4084, Train Node Loss: 0.0049, Train Reg Loss: 0.0340, Train MAPE: 12.9087, Train R: 0.9785, Train RRSE: 0.2105, Test Loss: 7.0288, Test Node Loss: 0.0048, Test Reg Loss: 0.0702, Test MAPE: 12.7287, Test R: 0.9838, Test RRSE: 0.2987
2025-02-10 16:46:56,130:INFO:Epoch 295: Train Loss: 1.8715, Train Node Loss: 0.0049, Train Reg Loss: 0.0187, Train MAPE: 12.8138, Train R: 0.9884, Train RRSE: 0.1558, Test Loss: 4.0832, Test Node Loss: 0.0048, Test Reg Loss: 0.0408, Test MAPE: 13.3330, Test R: 0.9834, Test RRSE: 0.2276
2025-02-10 16:47:17,465:INFO:Epoch 296: Train Loss: 3.9338, Train Node Loss: 0.0050, Train Reg Loss: 0.0393, Train MAPE: 12.9880, Train R: 0.9754, Train RRSE: 0.2261, Test Loss: 56.1840, Test Node Loss: 0.0051, Test Reg Loss: 0.5618, Test MAPE: 13.7919, Test R: 0.9820, Test RRSE: 0.8447
2025-02-10 16:47:38,857:INFO:Epoch 297: Train Loss: 5.4281, Train Node Loss: 0.0050, Train Reg Loss: 0.0542, Train MAPE: 12.5385, Train R: 0.9647, Train RRSE: 0.2656, Test Loss: 3.9393, Test Node Loss: 0.0048, Test Reg Loss: 0.0393, Test MAPE: 13.1417, Test R: 0.9831, Test RRSE: 0.2235
2025-02-10 16:48:00,151:INFO:Epoch 298: Train Loss: 3.1317, Train Node Loss: 0.0049, Train Reg Loss: 0.0313, Train MAPE: 13.0850, Train R: 0.9803, Train RRSE: 0.2017, Test Loss: 5.6944, Test Node Loss: 0.0048, Test Reg Loss: 0.0569, Test MAPE: 13.1379, Test R: 0.9828, Test RRSE: 0.2688
2025-02-10 16:48:21,627:INFO:Epoch 299: Train Loss: 3.4141, Train Node Loss: 0.0049, Train Reg Loss: 0.0341, Train MAPE: 12.4979, Train R: 0.9838, Train RRSE: 0.2106, Test Loss: 18.3318, Test Node Loss: 0.0046, Test Reg Loss: 0.1833, Test MAPE: 14.8191, Test R: 0.9820, Test RRSE: 0.4825
2025-02-10 16:48:43,149:INFO:Epoch 300: Train Loss: 5.2527, Train Node Loss: 0.0050, Train Reg Loss: 0.0525, Train MAPE: 13.1194, Train R: 0.9688, Train RRSE: 0.2613, Test Loss: 57.9396, Test Node Loss: 0.0050, Test Reg Loss: 0.5793, Test MAPE: 14.1826, Test R: 0.9819, Test RRSE: 0.8578
2025-02-10 16:48:43,149:INFO:Best performance at epoch 268 with Test MAPE: 0.9839
