2025-02-10 14:55:40,847:INFO:Learning rate: 0.0008
2025-02-10 14:55:40,848:INFO:Weight decay: 0.001
2025-02-10 14:55:40,848:INFO:Batch size: 32
2025-02-10 14:55:40,848:INFO:Number of layers: 3
2025-02-10 14:55:40,848:INFO:Convolution type: SAGE
2025-02-10 14:55:40,848:INFO:Convolution neurons: 256
2025-02-10 15:00:32,977:INFO:Learning rate: 0.0008
2025-02-10 15:00:32,978:INFO:Weight decay: 0.001
2025-02-10 15:00:32,978:INFO:Batch size: 32
2025-02-10 15:00:32,978:INFO:Number of layers: 3
2025-02-10 15:00:32,978:INFO:Convolution type: SAGE
2025-02-10 15:00:32,979:INFO:Convolution neurons: 256
2025-02-10 15:00:57,698:INFO:Epoch 1: Train Loss: 4386.8234, Train Node Loss: 0.4365, Train Reg Loss: 43.8639, Train MAPE: 92.9074, Train R: 0.1022, Train RRSE: 7.5551, Test Loss: 4033.7470, Test Node Loss: 1.2604, Test Reg Loss: 40.3249, Test MAPE: 87.6056, Test R: 0.9529, Test RRSE: 7.1564
2025-02-10 15:00:57,733:INFO:Checkpoint saved at best_0.0008_0.001_256_SAGE_3_32_0.9529_epoch_1.pth
2025-02-10 15:01:22,282:INFO:Epoch 2: Train Loss: 2370.9876, Train Node Loss: 44.5614, Train Reg Loss: 23.2643, Train MAPE: 66.0311, Train R: 0.0592, Train RRSE: 5.5021, Test Loss: 1135.1694, Test Node Loss: 353.0290, Test Reg Loss: 7.8214, Test MAPE: 36.5160, Test R: 0.9329, Test RRSE: 3.1518
2025-02-10 15:01:46,348:INFO:Epoch 3: Train Loss: 601.4715, Train Node Loss: 418.2101, Train Reg Loss: 1.8326, Train MAPE: 15.3046, Train R: 0.1604, Train RRSE: 1.5443, Test Loss: 282.9698, Test Node Loss: 134.4002, Test Reg Loss: 1.4857, Test MAPE: 12.5618, Test R: 0.9505, Test RRSE: 1.3736
2025-02-10 15:02:09,842:INFO:Epoch 4: Train Loss: 159.6548, Train Node Loss: 72.0311, Train Reg Loss: 0.8762, Train MAPE: 9.3557, Train R: 0.5009, Train RRSE: 1.0678, Test Loss: 139.1937, Test Node Loss: 24.9907, Test Reg Loss: 1.1420, Test MAPE: 10.8084, Test R: 0.9718, Test RRSE: 1.2043
2025-02-10 15:02:09,891:INFO:Checkpoint saved at best_0.0008_0.001_256_SAGE_3_32_0.9718_epoch_4.pth
2025-02-10 15:02:33,696:INFO:Epoch 5: Train Loss: 86.7345, Train Node Loss: 21.7950, Train Reg Loss: 0.6494, Train MAPE: 10.4007, Train R: 0.4711, Train RRSE: 0.9193, Test Loss: 74.8916, Test Node Loss: 10.1256, Test Reg Loss: 0.6477, Test MAPE: 9.3389, Test R: 0.9717, Test RRSE: 0.9070
2025-02-10 15:02:57,253:INFO:Epoch 6: Train Loss: 70.3157, Train Node Loss: 6.3787, Train Reg Loss: 0.6394, Train MAPE: 9.7566, Train R: 0.4772, Train RRSE: 0.9121, Test Loss: 86.8646, Test Node Loss: 2.8541, Test Reg Loss: 0.8401, Test MAPE: 9.6790, Test R: 0.9629, Test RRSE: 1.0329
2025-02-10 15:03:21,252:INFO:Epoch 7: Train Loss: 63.4276, Train Node Loss: 2.5391, Train Reg Loss: 0.6089, Train MAPE: 9.3803, Train R: 0.6042, Train RRSE: 0.8901, Test Loss: 65.4754, Test Node Loss: 2.1044, Test Reg Loss: 0.6337, Test MAPE: 9.3327, Test R: 0.9470, Test RRSE: 0.8971
2025-02-10 15:03:45,463:INFO:Epoch 8: Train Loss: 61.4965, Train Node Loss: 1.9034, Train Reg Loss: 0.5959, Train MAPE: 10.0128, Train R: 0.6307, Train RRSE: 0.8806, Test Loss: 65.0191, Test Node Loss: 1.4518, Test Reg Loss: 0.6357, Test MAPE: 9.3790, Test R: 0.9279, Test RRSE: 0.8985
2025-02-10 15:04:09,644:INFO:Epoch 9: Train Loss: 56.9381, Train Node Loss: 1.4341, Train Reg Loss: 0.5550, Train MAPE: 9.9427, Train R: 0.6731, Train RRSE: 0.8499, Test Loss: 64.5931, Test Node Loss: 1.1330, Test Reg Loss: 0.6346, Test MAPE: 9.4127, Test R: 0.9072, Test RRSE: 0.8978
2025-02-10 15:04:33,571:INFO:Epoch 10: Train Loss: 53.3071, Train Node Loss: 1.2173, Train Reg Loss: 0.5209, Train MAPE: 9.8898, Train R: 0.7125, Train RRSE: 0.8233, Test Loss: 56.2345, Test Node Loss: 1.1120, Test Reg Loss: 0.5512, Test MAPE: 9.5914, Test R: 0.8835, Test RRSE: 0.8367
2025-02-10 15:04:57,705:INFO:Epoch 11: Train Loss: 48.5289, Train Node Loss: 1.1920, Train Reg Loss: 0.4734, Train MAPE: 10.0651, Train R: 0.7475, Train RRSE: 0.7849, Test Loss: 48.9022, Test Node Loss: 1.1335, Test Reg Loss: 0.4777, Test MAPE: 9.7437, Test R: 0.8620, Test RRSE: 0.7789
2025-02-10 15:05:21,870:INFO:Epoch 12: Train Loss: 47.3066, Train Node Loss: 0.9996, Train Reg Loss: 0.4631, Train MAPE: 9.9922, Train R: 0.7195, Train RRSE: 0.7763, Test Loss: 47.1058, Test Node Loss: 1.0535, Test Reg Loss: 0.4605, Test MAPE: 9.8697, Test R: 0.8414, Test RRSE: 0.7648
2025-02-10 15:05:45,440:INFO:Epoch 13: Train Loss: 40.1424, Train Node Loss: 1.2352, Train Reg Loss: 0.3891, Train MAPE: 10.6472, Train R: 0.7505, Train RRSE: 0.7115, Test Loss: 38.9312, Test Node Loss: 1.1801, Test Reg Loss: 0.3775, Test MAPE: 10.0977, Test R: 0.8305, Test RRSE: 0.6924
2025-02-10 15:06:09,167:INFO:Epoch 14: Train Loss: 39.7857, Train Node Loss: 1.2121, Train Reg Loss: 0.3857, Train MAPE: 10.8424, Train R: 0.7329, Train RRSE: 0.7085, Test Loss: 41.4372, Test Node Loss: 0.9368, Test Reg Loss: 0.4050, Test MAPE: 10.4770, Test R: 0.8284, Test RRSE: 0.7172
2025-02-10 15:06:33,159:INFO:Epoch 15: Train Loss: 33.0101, Train Node Loss: 1.0267, Train Reg Loss: 0.3198, Train MAPE: 10.8905, Train R: 0.7865, Train RRSE: 0.6451, Test Loss: 39.9770, Test Node Loss: 0.9017, Test Reg Loss: 0.3908, Test MAPE: 10.6989, Test R: 0.8358, Test RRSE: 0.7045
2025-02-10 15:06:56,779:INFO:Epoch 16: Train Loss: 31.8004, Train Node Loss: 0.9020, Train Reg Loss: 0.3090, Train MAPE: 10.9433, Train R: 0.7923, Train RRSE: 0.6341, Test Loss: 34.6734, Test Node Loss: 0.9125, Test Reg Loss: 0.3376, Test MAPE: 10.8460, Test R: 0.8491, Test RRSE: 0.6548
2025-02-10 15:07:20,776:INFO:Epoch 17: Train Loss: 30.9780, Train Node Loss: 0.9817, Train Reg Loss: 0.3000, Train MAPE: 11.3294, Train R: 0.7976, Train RRSE: 0.6248, Test Loss: 39.3714, Test Node Loss: 0.7239, Test Reg Loss: 0.3865, Test MAPE: 10.9286, Test R: 0.8665, Test RRSE: 0.7006
2025-02-10 15:07:44,279:INFO:Epoch 18: Train Loss: 29.5197, Train Node Loss: 0.6691, Train Reg Loss: 0.2885, Train MAPE: 11.0042, Train R: 0.8145, Train RRSE: 0.6127, Test Loss: 37.0542, Test Node Loss: 0.6240, Test Reg Loss: 0.3643, Test MAPE: 11.0669, Test R: 0.8849, Test RRSE: 0.6802
2025-02-10 15:08:07,590:INFO:Epoch 19: Train Loss: 26.5021, Train Node Loss: 0.7813, Train Reg Loss: 0.2572, Train MAPE: 11.4785, Train R: 0.8416, Train RRSE: 0.5785, Test Loss: 35.2932, Test Node Loss: 0.5634, Test Reg Loss: 0.3473, Test MAPE: 11.0050, Test R: 0.8967, Test RRSE: 0.6641
2025-02-10 15:08:31,104:INFO:Epoch 20: Train Loss: 24.3519, Train Node Loss: 0.4766, Train Reg Loss: 0.2388, Train MAPE: 11.2217, Train R: 0.8518, Train RRSE: 0.5574, Test Loss: 47.7080, Test Node Loss: 0.3784, Test Reg Loss: 0.4733, Test MAPE: 11.5756, Test R: 0.9057, Test RRSE: 0.7753
2025-02-10 15:08:54,540:INFO:Epoch 21: Train Loss: 26.4577, Train Node Loss: 0.5776, Train Reg Loss: 0.2588, Train MAPE: 11.8039, Train R: 0.8371, Train RRSE: 0.5803, Test Loss: 34.1713, Test Node Loss: 0.3743, Test Reg Loss: 0.3380, Test MAPE: 11.1465, Test R: 0.9134, Test RRSE: 0.6552
2025-02-10 15:09:17,888:INFO:Epoch 22: Train Loss: 23.8861, Train Node Loss: 0.3271, Train Reg Loss: 0.2356, Train MAPE: 11.2149, Train R: 0.8551, Train RRSE: 0.5537, Test Loss: 25.0750, Test Node Loss: 0.2878, Test Reg Loss: 0.2479, Test MAPE: 11.3636, Test R: 0.9204, Test RRSE: 0.5611
2025-02-10 15:09:41,537:INFO:Epoch 23: Train Loss: 18.4348, Train Node Loss: 0.3797, Train Reg Loss: 0.1806, Train MAPE: 11.3964, Train R: 0.8971, Train RRSE: 0.4847, Test Loss: 16.0090, Test Node Loss: 0.3960, Test Reg Loss: 0.1561, Test MAPE: 11.6193, Test R: 0.9264, Test RRSE: 0.4453
2025-02-10 15:10:05,258:INFO:Epoch 24: Train Loss: 18.1326, Train Node Loss: 0.3550, Train Reg Loss: 0.1778, Train MAPE: 11.6907, Train R: 0.8931, Train RRSE: 0.4810, Test Loss: 24.7657, Test Node Loss: 0.2379, Test Reg Loss: 0.2453, Test MAPE: 11.3653, Test R: 0.9262, Test RRSE: 0.5581
2025-02-10 15:10:29,385:INFO:Epoch 25: Train Loss: 18.2810, Train Node Loss: 0.2648, Train Reg Loss: 0.1802, Train MAPE: 11.5415, Train R: 0.8882, Train RRSE: 0.4842, Test Loss: 16.9871, Test Node Loss: 0.2510, Test Reg Loss: 0.1674, Test MAPE: 11.4631, Test R: 0.9294, Test RRSE: 0.4610
2025-02-10 15:10:53,112:INFO:Epoch 26: Train Loss: 17.0580, Train Node Loss: 0.2782, Train Reg Loss: 0.1678, Train MAPE: 11.6681, Train R: 0.8994, Train RRSE: 0.4673, Test Loss: 21.9568, Test Node Loss: 0.1828, Test Reg Loss: 0.2177, Test MAPE: 11.4599, Test R: 0.9310, Test RRSE: 0.5259
2025-02-10 15:11:17,033:INFO:Epoch 27: Train Loss: 18.2250, Train Node Loss: 0.1920, Train Reg Loss: 0.1803, Train MAPE: 11.5092, Train R: 0.8891, Train RRSE: 0.4844, Test Loss: 17.4673, Test Node Loss: 0.1859, Test Reg Loss: 0.1728, Test MAPE: 11.2268, Test R: 0.9341, Test RRSE: 0.4685
2025-02-10 15:11:40,793:INFO:Epoch 28: Train Loss: 16.5199, Train Node Loss: 0.2368, Train Reg Loss: 0.1628, Train MAPE: 11.8170, Train R: 0.9069, Train RRSE: 0.4603, Test Loss: 18.5543, Test Node Loss: 0.1659, Test Reg Loss: 0.1839, Test MAPE: 11.4209, Test R: 0.9374, Test RRSE: 0.4833
2025-02-10 15:12:04,356:INFO:Epoch 29: Train Loss: 18.2250, Train Node Loss: 0.1718, Train Reg Loss: 0.1805, Train MAPE: 11.6904, Train R: 0.8840, Train RRSE: 0.4847, Test Loss: 18.9845, Test Node Loss: 0.1346, Test Reg Loss: 0.1885, Test MAPE: 11.5824, Test R: 0.9379, Test RRSE: 0.4893
2025-02-10 15:12:28,380:INFO:Epoch 30: Train Loss: 14.9727, Train Node Loss: 0.1495, Train Reg Loss: 0.1482, Train MAPE: 11.6581, Train R: 0.9111, Train RRSE: 0.4392, Test Loss: 19.5407, Test Node Loss: 0.1221, Test Reg Loss: 0.1942, Test MAPE: 11.4953, Test R: 0.9403, Test RRSE: 0.4966
2025-02-10 15:12:52,003:INFO:Epoch 31: Train Loss: 16.5349, Train Node Loss: 0.1794, Train Reg Loss: 0.1636, Train MAPE: 11.9077, Train R: 0.9051, Train RRSE: 0.4613, Test Loss: 22.7219, Test Node Loss: 0.1060, Test Reg Loss: 0.2262, Test MAPE: 11.6334, Test R: 0.9413, Test RRSE: 0.5359
2025-02-10 15:13:15,990:INFO:Epoch 32: Train Loss: 16.5168, Train Node Loss: 0.1093, Train Reg Loss: 0.1641, Train MAPE: 11.6150, Train R: 0.9054, Train RRSE: 0.4621, Test Loss: 16.8123, Test Node Loss: 0.1012, Test Reg Loss: 0.1671, Test MAPE: 11.6172, Test R: 0.9420, Test RRSE: 0.4607
2025-02-10 15:13:39,767:INFO:Epoch 33: Train Loss: 16.6722, Train Node Loss: 0.1613, Train Reg Loss: 0.1651, Train MAPE: 12.1559, Train R: 0.9045, Train RRSE: 0.4635, Test Loss: 23.6794, Test Node Loss: 0.0807, Test Reg Loss: 0.2360, Test MAPE: 11.3136, Test R: 0.9451, Test RRSE: 0.5475
2025-02-10 15:14:03,101:INFO:Epoch 34: Train Loss: 15.2435, Train Node Loss: 0.0847, Train Reg Loss: 0.1516, Train MAPE: 11.4509, Train R: 0.9180, Train RRSE: 0.4441, Test Loss: 24.5745, Test Node Loss: 0.0597, Test Reg Loss: 0.2451, Test MAPE: 11.4009, Test R: 0.9485, Test RRSE: 0.5580
2025-02-10 15:14:26,736:INFO:Epoch 35: Train Loss: 13.9779, Train Node Loss: 0.0969, Train Reg Loss: 0.1388, Train MAPE: 11.6372, Train R: 0.9193, Train RRSE: 0.4250, Test Loss: 12.8020, Test Node Loss: 0.0838, Test Reg Loss: 0.1272, Test MAPE: 11.6584, Test R: 0.9503, Test RRSE: 0.4019
2025-02-10 15:14:50,546:INFO:Epoch 36: Train Loss: 14.9506, Train Node Loss: 0.1052, Train Reg Loss: 0.1485, Train MAPE: 11.9636, Train R: 0.9119, Train RRSE: 0.4395, Test Loss: 21.2062, Test Node Loss: 0.0621, Test Reg Loss: 0.2114, Test MAPE: 11.6432, Test R: 0.9501, Test RRSE: 0.5182
2025-02-10 15:15:14,519:INFO:Epoch 37: Train Loss: 12.9393, Train Node Loss: 0.0859, Train Reg Loss: 0.1285, Train MAPE: 11.7702, Train R: 0.9248, Train RRSE: 0.4090, Test Loss: 14.1361, Test Node Loss: 0.0668, Test Reg Loss: 0.1407, Test MAPE: 11.6895, Test R: 0.9543, Test RRSE: 0.4227
2025-02-10 15:15:38,250:INFO:Epoch 38: Train Loss: 14.1756, Train Node Loss: 0.0869, Train Reg Loss: 0.1409, Train MAPE: 11.6813, Train R: 0.9164, Train RRSE: 0.4282, Test Loss: 20.0344, Test Node Loss: 0.0523, Test Reg Loss: 0.1998, Test MAPE: 11.6437, Test R: 0.9555, Test RRSE: 0.5038
2025-02-10 15:16:01,660:INFO:Epoch 39: Train Loss: 15.1048, Train Node Loss: 0.1063, Train Reg Loss: 0.1500, Train MAPE: 12.1027, Train R: 0.9148, Train RRSE: 0.4418, Test Loss: 18.6347, Test Node Loss: 0.0573, Test Reg Loss: 0.1858, Test MAPE: 11.6657, Test R: 0.9549, Test RRSE: 0.4857
2025-02-10 15:16:25,154:INFO:Epoch 40: Train Loss: 13.0422, Train Node Loss: 0.0705, Train Reg Loss: 0.1297, Train MAPE: 11.6478, Train R: 0.9274, Train RRSE: 0.4109, Test Loss: 26.3265, Test Node Loss: 0.0418, Test Reg Loss: 0.2628, Test MAPE: 11.9933, Test R: 0.9544, Test RRSE: 0.5778
2025-02-10 15:16:48,696:INFO:Epoch 41: Train Loss: 13.6761, Train Node Loss: 0.0863, Train Reg Loss: 0.1359, Train MAPE: 11.9804, Train R: 0.9160, Train RRSE: 0.4205, Test Loss: 11.4637, Test Node Loss: 0.0631, Test Reg Loss: 0.1140, Test MAPE: 11.6990, Test R: 0.9555, Test RRSE: 0.3805
2025-02-10 15:17:12,139:INFO:Epoch 42: Train Loss: 12.4833, Train Node Loss: 0.0699, Train Reg Loss: 0.1241, Train MAPE: 11.7900, Train R: 0.9270, Train RRSE: 0.4019, Test Loss: 20.8376, Test Node Loss: 0.0417, Test Reg Loss: 0.2080, Test MAPE: 11.7683, Test R: 0.9582, Test RRSE: 0.5139
2025-02-10 15:17:35,452:INFO:Epoch 43: Train Loss: 11.6901, Train Node Loss: 0.0779, Train Reg Loss: 0.1161, Train MAPE: 11.8669, Train R: 0.9337, Train RRSE: 0.3887, Test Loss: 11.3003, Test Node Loss: 0.0594, Test Reg Loss: 0.1124, Test MAPE: 11.8814, Test R: 0.9595, Test RRSE: 0.3778
2025-02-10 15:17:59,186:INFO:Epoch 44: Train Loss: 14.5732, Train Node Loss: 0.0715, Train Reg Loss: 0.1450, Train MAPE: 11.9230, Train R: 0.9086, Train RRSE: 0.4344, Test Loss: 23.3397, Test Node Loss: 0.0445, Test Reg Loss: 0.2330, Test MAPE: 11.8464, Test R: 0.9600, Test RRSE: 0.5439
2025-02-10 15:18:22,706:INFO:Epoch 45: Train Loss: 10.8205, Train Node Loss: 0.0780, Train Reg Loss: 0.1074, Train MAPE: 11.9783, Train R: 0.9426, Train RRSE: 0.3739, Test Loss: 23.6898, Test Node Loss: 0.0467, Test Reg Loss: 0.2364, Test MAPE: 12.0262, Test R: 0.9615, Test RRSE: 0.5480
2025-02-10 15:18:46,066:INFO:Epoch 46: Train Loss: 11.8753, Train Node Loss: 0.0694, Train Reg Loss: 0.1181, Train MAPE: 11.7827, Train R: 0.9304, Train RRSE: 0.3920, Test Loss: 23.9227, Test Node Loss: 0.0482, Test Reg Loss: 0.2387, Test MAPE: 12.1857, Test R: 0.9627, Test RRSE: 0.5507
2025-02-10 15:19:09,586:INFO:Epoch 47: Train Loss: 10.4447, Train Node Loss: 0.0752, Train Reg Loss: 0.1037, Train MAPE: 11.7600, Train R: 0.9425, Train RRSE: 0.3673, Test Loss: 11.9131, Test Node Loss: 0.0604, Test Reg Loss: 0.1185, Test MAPE: 11.9925, Test R: 0.9645, Test RRSE: 0.3880
2025-02-10 15:19:33,407:INFO:Epoch 48: Train Loss: 11.6535, Train Node Loss: 0.0862, Train Reg Loss: 0.1157, Train MAPE: 12.0126, Train R: 0.9320, Train RRSE: 0.3880, Test Loss: 20.5901, Test Node Loss: 0.0613, Test Reg Loss: 0.2053, Test MAPE: 12.1863, Test R: 0.9643, Test RRSE: 0.5106
2025-02-10 15:19:56,946:INFO:Epoch 49: Train Loss: 11.6509, Train Node Loss: 0.0895, Train Reg Loss: 0.1156, Train MAPE: 11.9423, Train R: 0.9302, Train RRSE: 0.3879, Test Loss: 11.2447, Test Node Loss: 0.0739, Test Reg Loss: 0.1117, Test MAPE: 12.0837, Test R: 0.9663, Test RRSE: 0.3767
2025-02-10 15:20:20,810:INFO:Epoch 50: Train Loss: 10.8035, Train Node Loss: 0.0996, Train Reg Loss: 0.1070, Train MAPE: 12.0407, Train R: 0.9359, Train RRSE: 0.3732, Test Loss: 14.6412, Test Node Loss: 0.0748, Test Reg Loss: 0.1457, Test MAPE: 11.9757, Test R: 0.9671, Test RRSE: 0.4301
2025-02-10 15:20:44,267:INFO:Epoch 51: Train Loss: 9.5243, Train Node Loss: 0.1074, Train Reg Loss: 0.0942, Train MAPE: 12.2060, Train R: 0.9498, Train RRSE: 0.3501, Test Loss: 22.8751, Test Node Loss: 0.0826, Test Reg Loss: 0.2279, Test MAPE: 12.1143, Test R: 0.9681, Test RRSE: 0.5380
2025-02-10 15:21:07,692:INFO:Epoch 52: Train Loss: 12.2859, Train Node Loss: 0.1142, Train Reg Loss: 0.1217, Train MAPE: 11.8941, Train R: 0.9354, Train RRSE: 0.3980, Test Loss: 11.5506, Test Node Loss: 0.0854, Test Reg Loss: 0.1147, Test MAPE: 11.9933, Test R: 0.9687, Test RRSE: 0.3816
2025-02-10 15:21:31,304:INFO:Epoch 53: Train Loss: 10.0546, Train Node Loss: 0.1147, Train Reg Loss: 0.0994, Train MAPE: 12.4487, Train R: 0.9515, Train RRSE: 0.3596, Test Loss: 30.7430, Test Node Loss: 0.0842, Test Reg Loss: 0.3066, Test MAPE: 12.6031, Test R: 0.9666, Test RRSE: 0.6240
2025-02-10 15:21:54,776:INFO:Epoch 54: Train Loss: 12.2782, Train Node Loss: 0.1050, Train Reg Loss: 0.1217, Train MAPE: 11.8792, Train R: 0.9278, Train RRSE: 0.3980, Test Loss: 12.3622, Test Node Loss: 0.0780, Test Reg Loss: 0.1228, Test MAPE: 11.9189, Test R: 0.9707, Test RRSE: 0.3950
2025-02-10 15:22:18,638:INFO:Epoch 55: Train Loss: 8.7663, Train Node Loss: 0.1012, Train Reg Loss: 0.0867, Train MAPE: 12.1105, Train R: 0.9503, Train RRSE: 0.3358, Test Loss: 16.7847, Test Node Loss: 0.0836, Test Reg Loss: 0.1670, Test MAPE: 12.0073, Test R: 0.9730, Test RRSE: 0.4606
2025-02-10 15:22:18,682:INFO:Checkpoint saved at best_0.0008_0.001_256_SAGE_3_32_0.9730_epoch_55.pth
2025-02-10 15:22:42,178:INFO:Epoch 56: Train Loss: 11.3621, Train Node Loss: 0.1097, Train Reg Loss: 0.1125, Train MAPE: 12.2283, Train R: 0.9343, Train RRSE: 0.3827, Test Loss: 37.3613, Test Node Loss: 0.1023, Test Reg Loss: 0.3726, Test MAPE: 12.5965, Test R: 0.9725, Test RRSE: 0.6879
2025-02-10 15:23:05,515:INFO:Epoch 57: Train Loss: 9.3490, Train Node Loss: 0.1160, Train Reg Loss: 0.0923, Train MAPE: 11.9956, Train R: 0.9479, Train RRSE: 0.3466, Test Loss: 5.9432, Test Node Loss: 0.0876, Test Reg Loss: 0.0586, Test MAPE: 12.3686, Test R: 0.9721, Test RRSE: 0.2727
2025-02-10 15:23:28,916:INFO:Epoch 58: Train Loss: 8.4611, Train Node Loss: 0.1159, Train Reg Loss: 0.0835, Train MAPE: 12.3019, Train R: 0.9494, Train RRSE: 0.3295, Test Loss: 20.7351, Test Node Loss: 0.1016, Test Reg Loss: 0.2063, Test MAPE: 12.4817, Test R: 0.9723, Test RRSE: 0.5119
2025-02-10 15:23:52,268:INFO:Epoch 59: Train Loss: 8.6861, Train Node Loss: 0.1175, Train Reg Loss: 0.0857, Train MAPE: 12.3306, Train R: 0.9507, Train RRSE: 0.3339, Test Loss: 33.7101, Test Node Loss: 0.1171, Test Reg Loss: 0.3359, Test MAPE: 12.7204, Test R: 0.9729, Test RRSE: 0.6532
2025-02-10 15:24:15,479:INFO:Epoch 60: Train Loss: 8.1637, Train Node Loss: 0.1373, Train Reg Loss: 0.0803, Train MAPE: 12.0923, Train R: 0.9550, Train RRSE: 0.3232, Test Loss: 8.7502, Test Node Loss: 0.1065, Test Reg Loss: 0.0864, Test MAPE: 12.4139, Test R: 0.9746, Test RRSE: 0.3313
2025-02-10 15:24:15,528:INFO:Checkpoint saved at best_0.0008_0.001_256_SAGE_3_32_0.9746_epoch_60.pth
2025-02-10 15:24:38,704:INFO:Epoch 61: Train Loss: 7.5666, Train Node Loss: 0.1296, Train Reg Loss: 0.0744, Train MAPE: 12.3121, Train R: 0.9589, Train RRSE: 0.3111, Test Loss: 19.4402, Test Node Loss: 0.1233, Test Reg Loss: 0.1932, Test MAPE: 12.4290, Test R: 0.9740, Test RRSE: 0.4953
2025-02-10 15:25:02,021:INFO:Epoch 62: Train Loss: 7.1995, Train Node Loss: 0.1501, Train Reg Loss: 0.0705, Train MAPE: 12.2060, Train R: 0.9593, Train RRSE: 0.3029, Test Loss: 11.1804, Test Node Loss: 0.1204, Test Reg Loss: 0.1106, Test MAPE: 12.4060, Test R: 0.9749, Test RRSE: 0.3748
2025-02-10 15:25:02,055:INFO:Checkpoint saved at best_0.0008_0.001_256_SAGE_3_32_0.9749_epoch_62.pth
2025-02-10 15:25:25,566:INFO:Epoch 63: Train Loss: 8.7010, Train Node Loss: 0.1424, Train Reg Loss: 0.0856, Train MAPE: 12.6225, Train R: 0.9532, Train RRSE: 0.3337, Test Loss: 36.7991, Test Node Loss: 0.1535, Test Reg Loss: 0.3665, Test MAPE: 13.0928, Test R: 0.9734, Test RRSE: 0.6822
2025-02-10 15:25:48,760:INFO:Epoch 64: Train Loss: 7.8377, Train Node Loss: 0.1655, Train Reg Loss: 0.0767, Train MAPE: 12.1620, Train R: 0.9550, Train RRSE: 0.3160, Test Loss: 27.6652, Test Node Loss: 0.1469, Test Reg Loss: 0.2752, Test MAPE: 12.9310, Test R: 0.9754, Test RRSE: 0.5912
2025-02-10 15:25:48,792:INFO:Checkpoint saved at best_0.0008_0.001_256_SAGE_3_32_0.9754_epoch_64.pth
2025-02-10 15:26:12,477:INFO:Epoch 65: Train Loss: 12.8304, Train Node Loss: 0.1470, Train Reg Loss: 0.1268, Train MAPE: 12.4784, Train R: 0.9209, Train RRSE: 0.4063, Test Loss: 58.9198, Test Node Loss: 0.1763, Test Reg Loss: 0.5874, Test MAPE: 13.9063, Test R: 0.9740, Test RRSE: 0.8638
2025-02-10 15:26:35,761:INFO:Epoch 66: Train Loss: 11.3542, Train Node Loss: 0.1702, Train Reg Loss: 0.1118, Train MAPE: 12.1467, Train R: 0.9335, Train RRSE: 0.3815, Test Loss: 9.1024, Test Node Loss: 0.1196, Test Reg Loss: 0.0898, Test MAPE: 12.4506, Test R: 0.9760, Test RRSE: 0.3378
2025-02-10 15:26:35,807:INFO:Checkpoint saved at best_0.0008_0.001_256_SAGE_3_32_0.9760_epoch_66.pth
2025-02-10 15:26:59,254:INFO:Epoch 67: Train Loss: 7.6017, Train Node Loss: 0.1370, Train Reg Loss: 0.0746, Train MAPE: 12.5229, Train R: 0.9559, Train RRSE: 0.3117, Test Loss: 26.7948, Test Node Loss: 0.1304, Test Reg Loss: 0.2666, Test MAPE: 12.8326, Test R: 0.9765, Test RRSE: 0.5819
2025-02-10 15:26:59,289:INFO:Checkpoint saved at best_0.0008_0.001_256_SAGE_3_32_0.9765_epoch_67.pth
2025-02-10 15:27:23,044:INFO:Epoch 68: Train Loss: 7.9492, Train Node Loss: 0.1391, Train Reg Loss: 0.0781, Train MAPE: 12.2927, Train R: 0.9520, Train RRSE: 0.3188, Test Loss: 26.6301, Test Node Loss: 0.1288, Test Reg Loss: 0.2650, Test MAPE: 12.9560, Test R: 0.9775, Test RRSE: 0.5802
2025-02-10 15:27:23,073:INFO:Checkpoint saved at best_0.0008_0.001_256_SAGE_3_32_0.9775_epoch_68.pth
2025-02-10 15:27:46,648:INFO:Epoch 69: Train Loss: 6.3860, Train Node Loss: 0.1345, Train Reg Loss: 0.0625, Train MAPE: 12.5821, Train R: 0.9650, Train RRSE: 0.2852, Test Loss: 41.1779, Test Node Loss: 0.1456, Test Reg Loss: 0.4103, Test MAPE: 13.4534, Test R: 0.9766, Test RRSE: 0.7219
2025-02-10 15:28:10,094:INFO:Epoch 70: Train Loss: 6.2721, Train Node Loss: 0.1451, Train Reg Loss: 0.0613, Train MAPE: 12.5146, Train R: 0.9620, Train RRSE: 0.2824, Test Loss: 9.9991, Test Node Loss: 0.1169, Test Reg Loss: 0.0988, Test MAPE: 12.7270, Test R: 0.9775, Test RRSE: 0.3543
2025-02-10 15:28:33,380:INFO:Epoch 71: Train Loss: 5.6114, Train Node Loss: 0.1422, Train Reg Loss: 0.0547, Train MAPE: 12.5656, Train R: 0.9662, Train RRSE: 0.2668, Test Loss: 22.2049, Test Node Loss: 0.1309, Test Reg Loss: 0.2207, Test MAPE: 12.8809, Test R: 0.9781, Test RRSE: 0.5295
2025-02-10 15:28:33,406:INFO:Checkpoint saved at best_0.0008_0.001_256_SAGE_3_32_0.9781_epoch_71.pth
2025-02-10 15:28:56,595:INFO:Epoch 72: Train Loss: 5.8810, Train Node Loss: 0.1397, Train Reg Loss: 0.0574, Train MAPE: 12.5127, Train R: 0.9652, Train RRSE: 0.2733, Test Loss: 41.8750, Test Node Loss: 0.1426, Test Reg Loss: 0.4173, Test MAPE: 13.4290, Test R: 0.9792, Test RRSE: 0.7280
2025-02-10 15:28:56,634:INFO:Checkpoint saved at best_0.0008_0.001_256_SAGE_3_32_0.9792_epoch_72.pth
2025-02-10 15:29:19,932:INFO:Epoch 73: Train Loss: 5.0182, Train Node Loss: 0.1428, Train Reg Loss: 0.0488, Train MAPE: 12.4517, Train R: 0.9709, Train RRSE: 0.2519, Test Loss: 16.8592, Test Node Loss: 0.1202, Test Reg Loss: 0.1674, Test MAPE: 13.0086, Test R: 0.9793, Test RRSE: 0.4611
2025-02-10 15:29:19,958:INFO:Checkpoint saved at best_0.0008_0.001_256_SAGE_3_32_0.9793_epoch_73.pth
2025-02-10 15:29:42,754:INFO:Epoch 74: Train Loss: 5.8732, Train Node Loss: 0.1404, Train Reg Loss: 0.0573, Train MAPE: 12.4589, Train R: 0.9635, Train RRSE: 0.2731, Test Loss: 10.3052, Test Node Loss: 0.1127, Test Reg Loss: 0.1019, Test MAPE: 13.0273, Test R: 0.9784, Test RRSE: 0.3598
2025-02-10 15:30:05,691:INFO:Epoch 75: Train Loss: 5.8914, Train Node Loss: 0.1304, Train Reg Loss: 0.0576, Train MAPE: 12.7441, Train R: 0.9638, Train RRSE: 0.2738, Test Loss: 56.4301, Test Node Loss: 0.1477, Test Reg Loss: 0.5628, Test MAPE: 14.1471, Test R: 0.9775, Test RRSE: 0.8455
2025-02-10 15:30:28,797:INFO:Epoch 76: Train Loss: 5.9289, Train Node Loss: 0.1324, Train Reg Loss: 0.0580, Train MAPE: 12.5615, Train R: 0.9629, Train RRSE: 0.2746, Test Loss: 12.3491, Test Node Loss: 0.1062, Test Reg Loss: 0.1224, Test MAPE: 12.6869, Test R: 0.9798, Test RRSE: 0.3943
2025-02-10 15:30:28,828:INFO:Checkpoint saved at best_0.0008_0.001_256_SAGE_3_32_0.9798_epoch_76.pth
2025-02-10 15:30:52,237:INFO:Epoch 77: Train Loss: 6.3056, Train Node Loss: 0.1319, Train Reg Loss: 0.0617, Train MAPE: 12.5015, Train R: 0.9634, Train RRSE: 0.2834, Test Loss: 19.5344, Test Node Loss: 0.1050, Test Reg Loss: 0.1943, Test MAPE: 13.0388, Test R: 0.9792, Test RRSE: 0.4968
2025-02-10 15:31:15,170:INFO:Epoch 78: Train Loss: 6.1209, Train Node Loss: 0.1091, Train Reg Loss: 0.0601, Train MAPE: 12.6900, Train R: 0.9663, Train RRSE: 0.2797, Test Loss: 43.4542, Test Node Loss: 0.1154, Test Reg Loss: 0.4334, Test MAPE: 13.6979, Test R: 0.9781, Test RRSE: 0.7419
2025-02-10 15:31:38,114:INFO:Epoch 79: Train Loss: 6.5572, Train Node Loss: 0.1135, Train Reg Loss: 0.0644, Train MAPE: 12.4745, Train R: 0.9595, Train RRSE: 0.2896, Test Loss: 22.8863, Test Node Loss: 0.0961, Test Reg Loss: 0.2279, Test MAPE: 13.3524, Test R: 0.9792, Test RRSE: 0.5380
2025-02-10 15:32:01,210:INFO:Epoch 80: Train Loss: 5.2058, Train Node Loss: 0.1084, Train Reg Loss: 0.0510, Train MAPE: 12.7987, Train R: 0.9672, Train RRSE: 0.2575, Test Loss: 15.5484, Test Node Loss: 0.0905, Test Reg Loss: 0.1546, Test MAPE: 13.1254, Test R: 0.9796, Test RRSE: 0.4431
2025-02-10 15:32:24,117:INFO:Epoch 81: Train Loss: 6.3339, Train Node Loss: 0.1015, Train Reg Loss: 0.0623, Train MAPE: 12.7491, Train R: 0.9597, Train RRSE: 0.2848, Test Loss: 28.6958, Test Node Loss: 0.0990, Test Reg Loss: 0.2860, Test MAPE: 13.3447, Test R: 0.9790, Test RRSE: 0.6027
2025-02-10 15:32:47,007:INFO:Epoch 82: Train Loss: 6.4541, Train Node Loss: 0.0966, Train Reg Loss: 0.0636, Train MAPE: 12.8135, Train R: 0.9597, Train RRSE: 0.2876, Test Loss: 56.1533, Test Node Loss: 0.1085, Test Reg Loss: 0.5604, Test MAPE: 14.1908, Test R: 0.9788, Test RRSE: 0.8437
2025-02-10 15:33:09,798:INFO:Epoch 83: Train Loss: 6.0279, Train Node Loss: 0.1089, Train Reg Loss: 0.0592, Train MAPE: 12.3858, Train R: 0.9704, Train RRSE: 0.2775, Test Loss: 6.2443, Test Node Loss: 0.0735, Test Reg Loss: 0.0617, Test MAPE: 12.7776, Test R: 0.9798, Test RRSE: 0.2800
2025-02-10 15:33:09,823:INFO:Checkpoint saved at best_0.0008_0.001_256_SAGE_3_32_0.9798_epoch_83.pth
2025-02-10 15:33:32,643:INFO:Epoch 84: Train Loss: 5.9401, Train Node Loss: 0.0881, Train Reg Loss: 0.0585, Train MAPE: 13.0827, Train R: 0.9646, Train RRSE: 0.2760, Test Loss: 53.3790, Test Node Loss: 0.0953, Test Reg Loss: 0.5328, Test MAPE: 14.1745, Test R: 0.9779, Test RRSE: 0.8226
2025-02-10 15:33:55,523:INFO:Epoch 85: Train Loss: 4.7596, Train Node Loss: 0.0862, Train Reg Loss: 0.0467, Train MAPE: 12.6798, Train R: 0.9701, Train RRSE: 0.2466, Test Loss: 15.3388, Test Node Loss: 0.0695, Test Reg Loss: 0.1527, Test MAPE: 13.0888, Test R: 0.9798, Test RRSE: 0.4404
2025-02-10 15:34:18,125:INFO:Epoch 86: Train Loss: 4.6151, Train Node Loss: 0.0797, Train Reg Loss: 0.0454, Train MAPE: 12.4707, Train R: 0.9718, Train RRSE: 0.2429, Test Loss: 25.6277, Test Node Loss: 0.0716, Test Reg Loss: 0.2556, Test MAPE: 13.3992, Test R: 0.9799, Test RRSE: 0.5697
2025-02-10 15:34:18,164:INFO:Checkpoint saved at best_0.0008_0.001_256_SAGE_3_32_0.9799_epoch_86.pth
2025-02-10 15:34:40,406:INFO:Epoch 87: Train Loss: 5.5839, Train Node Loss: 0.0733, Train Reg Loss: 0.0551, Train MAPE: 12.8861, Train R: 0.9676, Train RRSE: 0.2678, Test Loss: 66.1721, Test Node Loss: 0.0881, Test Reg Loss: 0.6608, Test MAPE: 14.4756, Test R: 0.9780, Test RRSE: 0.9161
2025-02-10 15:35:02,976:INFO:Epoch 88: Train Loss: 9.5305, Train Node Loss: 0.0830, Train Reg Loss: 0.0945, Train MAPE: 12.4024, Train R: 0.9477, Train RRSE: 0.3506, Test Loss: 4.4100, Test Node Loss: 0.0522, Test Reg Loss: 0.0436, Test MAPE: 13.1865, Test R: 0.9796, Test RRSE: 0.2353
2025-02-10 15:35:25,634:INFO:Epoch 89: Train Loss: 7.0452, Train Node Loss: 0.0626, Train Reg Loss: 0.0698, Train MAPE: 13.0169, Train R: 0.9607, Train RRSE: 0.3014, Test Loss: 48.7303, Test Node Loss: 0.0680, Test Reg Loss: 0.4866, Test MAPE: 14.1034, Test R: 0.9793, Test RRSE: 0.7862
2025-02-10 15:35:48,199:INFO:Epoch 90: Train Loss: 7.6870, Train Node Loss: 0.0684, Train Reg Loss: 0.0762, Train MAPE: 12.4228, Train R: 0.9577, Train RRSE: 0.3149, Test Loss: 4.0805, Test Node Loss: 0.0401, Test Reg Loss: 0.0404, Test MAPE: 13.4359, Test R: 0.9786, Test RRSE: 0.2265
2025-02-10 15:36:10,972:INFO:Epoch 91: Train Loss: 9.9444, Train Node Loss: 0.0553, Train Reg Loss: 0.0989, Train MAPE: 12.7873, Train R: 0.9361, Train RRSE: 0.3587, Test Loss: 50.8320, Test Node Loss: 0.0671, Test Reg Loss: 0.5076, Test MAPE: 13.6745, Test R: 0.9779, Test RRSE: 0.8030
2025-02-10 15:36:33,647:INFO:Epoch 92: Train Loss: 5.6693, Train Node Loss: 0.0599, Train Reg Loss: 0.0561, Train MAPE: 12.2880, Train R: 0.9664, Train RRSE: 0.2702, Test Loss: 4.6033, Test Node Loss: 0.0449, Test Reg Loss: 0.0456, Test MAPE: 12.9348, Test R: 0.9793, Test RRSE: 0.2406
2025-02-10 15:36:56,227:INFO:Epoch 93: Train Loss: 5.7135, Train Node Loss: 0.0523, Train Reg Loss: 0.0566, Train MAPE: 12.9291, Train R: 0.9647, Train RRSE: 0.2714, Test Loss: 12.9097, Test Node Loss: 0.0499, Test Reg Loss: 0.1286, Test MAPE: 13.2633, Test R: 0.9796, Test RRSE: 0.4041
2025-02-10 15:37:18,831:INFO:Epoch 94: Train Loss: 7.0258, Train Node Loss: 0.0579, Train Reg Loss: 0.0697, Train MAPE: 12.6550, Train R: 0.9556, Train RRSE: 0.3011, Test Loss: 4.1518, Test Node Loss: 0.0488, Test Reg Loss: 0.0410, Test MAPE: 12.9981, Test R: 0.9797, Test RRSE: 0.2283
2025-02-10 15:37:41,431:INFO:Epoch 95: Train Loss: 6.0585, Train Node Loss: 0.0616, Train Reg Loss: 0.0600, Train MAPE: 12.6699, Train R: 0.9614, Train RRSE: 0.2794, Test Loss: 10.1681, Test Node Loss: 0.0560, Test Reg Loss: 0.1011, Test MAPE: 12.8338, Test R: 0.9806, Test RRSE: 0.3584
2025-02-10 15:37:41,461:INFO:Checkpoint saved at best_0.0008_0.001_256_SAGE_3_32_0.9806_epoch_95.pth
2025-02-10 15:38:04,240:INFO:Epoch 96: Train Loss: 5.1718, Train Node Loss: 0.0638, Train Reg Loss: 0.0511, Train MAPE: 12.5915, Train R: 0.9670, Train RRSE: 0.2578, Test Loss: 20.3264, Test Node Loss: 0.0594, Test Reg Loss: 0.2027, Test MAPE: 12.9781, Test R: 0.9800, Test RRSE: 0.5073
2025-02-10 15:38:27,059:INFO:Epoch 97: Train Loss: 5.7219, Train Node Loss: 0.0610, Train Reg Loss: 0.0566, Train MAPE: 12.8863, Train R: 0.9648, Train RRSE: 0.2714, Test Loss: 43.8875, Test Node Loss: 0.0645, Test Reg Loss: 0.4382, Test MAPE: 13.7315, Test R: 0.9802, Test RRSE: 0.7460
2025-02-10 15:38:50,019:INFO:Epoch 98: Train Loss: 4.1329, Train Node Loss: 0.0607, Train Reg Loss: 0.0407, Train MAPE: 12.6038, Train R: 0.9738, Train RRSE: 0.2302, Test Loss: 20.5595, Test Node Loss: 0.0547, Test Reg Loss: 0.2050, Test MAPE: 13.2948, Test R: 0.9808, Test RRSE: 0.5103
2025-02-10 15:38:50,059:INFO:Checkpoint saved at best_0.0008_0.001_256_SAGE_3_32_0.9808_epoch_98.pth
2025-02-10 15:39:12,316:INFO:Epoch 99: Train Loss: 5.5436, Train Node Loss: 0.0587, Train Reg Loss: 0.0548, Train MAPE: 12.6955, Train R: 0.9640, Train RRSE: 0.2672, Test Loss: 17.2548, Test Node Loss: 0.0530, Test Reg Loss: 0.1720, Test MAPE: 13.2564, Test R: 0.9808, Test RRSE: 0.4674
2025-02-10 15:39:34,277:INFO:Epoch 100: Train Loss: 5.4427, Train Node Loss: 0.0563, Train Reg Loss: 0.0539, Train MAPE: 12.7099, Train R: 0.9650, Train RRSE: 0.2648, Test Loss: 15.6492, Test Node Loss: 0.0523, Test Reg Loss: 0.1560, Test MAPE: 13.2348, Test R: 0.9804, Test RRSE: 0.4451
2025-02-10 15:39:56,869:INFO:Epoch 101: Train Loss: 5.7328, Train Node Loss: 0.0587, Train Reg Loss: 0.0567, Train MAPE: 12.5173, Train R: 0.9674, Train RRSE: 0.2717, Test Loss: 3.7814, Test Node Loss: 0.0433, Test Reg Loss: 0.0374, Test MAPE: 13.1506, Test R: 0.9807, Test RRSE: 0.2179
2025-02-10 15:40:19,390:INFO:Epoch 102: Train Loss: 4.5013, Train Node Loss: 0.0531, Train Reg Loss: 0.0445, Train MAPE: 13.0064, Train R: 0.9756, Train RRSE: 0.2406, Test Loss: 61.6408, Test Node Loss: 0.0654, Test Reg Loss: 0.6158, Test MAPE: 14.2335, Test R: 0.9793, Test RRSE: 0.8843
2025-02-10 15:40:41,480:INFO:Epoch 103: Train Loss: 4.6060, Train Node Loss: 0.0628, Train Reg Loss: 0.0454, Train MAPE: 12.4601, Train R: 0.9778, Train RRSE: 0.2431, Test Loss: 7.5599, Test Node Loss: 0.0450, Test Reg Loss: 0.0751, Test MAPE: 13.3854, Test R: 0.9809, Test RRSE: 0.3089
2025-02-10 15:40:41,513:INFO:Checkpoint saved at best_0.0008_0.001_256_SAGE_3_32_0.9809_epoch_103.pth
2025-02-10 15:41:04,182:INFO:Epoch 104: Train Loss: 5.6123, Train Node Loss: 0.0477, Train Reg Loss: 0.0556, Train MAPE: 13.2646, Train R: 0.9753, Train RRSE: 0.2691, Test Loss: 45.2059, Test Node Loss: 0.0525, Test Reg Loss: 0.4515, Test MAPE: 14.0023, Test R: 0.9796, Test RRSE: 0.7573
2025-02-10 15:41:26,643:INFO:Epoch 105: Train Loss: 9.9097, Train Node Loss: 0.0423, Train Reg Loss: 0.0987, Train MAPE: 12.5431, Train R: 0.9358, Train RRSE: 0.3583, Test Loss: 8.7529, Test Node Loss: 0.0353, Test Reg Loss: 0.0872, Test MAPE: 13.0371, Test R: 0.9798, Test RRSE: 0.3327
2025-02-10 15:41:49,240:INFO:Epoch 106: Train Loss: 5.6706, Train Node Loss: 0.0424, Train Reg Loss: 0.0563, Train MAPE: 12.6755, Train R: 0.9647, Train RRSE: 0.2706, Test Loss: 7.2592, Test Node Loss: 0.0372, Test Reg Loss: 0.0722, Test MAPE: 13.2496, Test R: 0.9807, Test RRSE: 0.3029
2025-02-10 15:42:11,845:INFO:Epoch 107: Train Loss: 6.4083, Train Node Loss: 0.0457, Train Reg Loss: 0.0636, Train MAPE: 12.5579, Train R: 0.9620, Train RRSE: 0.2877, Test Loss: 8.2431, Test Node Loss: 0.0393, Test Reg Loss: 0.0820, Test MAPE: 12.9554, Test R: 0.9805, Test RRSE: 0.3228
2025-02-10 15:42:34,307:INFO:Epoch 108: Train Loss: 5.5495, Train Node Loss: 0.0392, Train Reg Loss: 0.0551, Train MAPE: 13.1431, Train R: 0.9764, Train RRSE: 0.2678, Test Loss: 36.4102, Test Node Loss: 0.0459, Test Reg Loss: 0.3636, Test MAPE: 13.6236, Test R: 0.9798, Test RRSE: 0.6796
2025-02-10 15:42:57,161:INFO:Epoch 109: Train Loss: 8.6658, Train Node Loss: 0.0497, Train Reg Loss: 0.0862, Train MAPE: 12.4387, Train R: 0.9610, Train RRSE: 0.3348, Test Loss: 15.1127, Test Node Loss: 0.0376, Test Reg Loss: 0.1508, Test MAPE: 12.9146, Test R: 0.9807, Test RRSE: 0.4376
2025-02-10 15:43:19,817:INFO:Epoch 110: Train Loss: 9.5506, Train Node Loss: 0.0359, Train Reg Loss: 0.0951, Train MAPE: 13.1910, Train R: 0.9503, Train RRSE: 0.3519, Test Loss: 18.5321, Test Node Loss: 0.0372, Test Reg Loss: 0.1849, Test MAPE: 13.2205, Test R: 0.9801, Test RRSE: 0.4847
2025-02-10 15:43:42,522:INFO:Epoch 111: Train Loss: 8.4191, Train Node Loss: 0.0320, Train Reg Loss: 0.0839, Train MAPE: 12.4846, Train R: 0.9486, Train RRSE: 0.3304, Test Loss: 14.1993, Test Node Loss: 0.0200, Test Reg Loss: 0.1418, Test MAPE: 14.2626, Test R: 0.9807, Test RRSE: 0.4244
2025-02-10 15:44:05,187:INFO:Epoch 112: Train Loss: 5.2886, Train Node Loss: 0.0292, Train Reg Loss: 0.0526, Train MAPE: 12.4804, Train R: 0.9677, Train RRSE: 0.2616, Test Loss: 4.5455, Test Node Loss: 0.0271, Test Reg Loss: 0.0452, Test MAPE: 12.9658, Test R: 0.9812, Test RRSE: 0.2396
2025-02-10 15:44:05,216:INFO:Checkpoint saved at best_0.0008_0.001_256_SAGE_3_32_0.9812_epoch_112.pth
2025-02-10 15:44:27,933:INFO:Epoch 113: Train Loss: 4.4609, Train Node Loss: 0.0321, Train Reg Loss: 0.0443, Train MAPE: 12.8782, Train R: 0.9728, Train RRSE: 0.2401, Test Loss: 18.4573, Test Node Loss: 0.0356, Test Reg Loss: 0.1842, Test MAPE: 13.1974, Test R: 0.9807, Test RRSE: 0.4837
2025-02-10 15:44:50,728:INFO:Epoch 114: Train Loss: 4.2753, Train Node Loss: 0.0388, Train Reg Loss: 0.0424, Train MAPE: 12.6065, Train R: 0.9737, Train RRSE: 0.2348, Test Loss: 10.4555, Test Node Loss: 0.0348, Test Reg Loss: 0.1042, Test MAPE: 13.1056, Test R: 0.9809, Test RRSE: 0.3638
2025-02-10 15:45:13,350:INFO:Epoch 115: Train Loss: 5.1849, Train Node Loss: 0.0400, Train Reg Loss: 0.0514, Train MAPE: 12.6724, Train R: 0.9672, Train RRSE: 0.2587, Test Loss: 11.3876, Test Node Loss: 0.0352, Test Reg Loss: 0.1135, Test MAPE: 13.0531, Test R: 0.9811, Test RRSE: 0.3797
2025-02-10 15:45:35,865:INFO:Epoch 116: Train Loss: 3.4609, Train Node Loss: 0.0372, Train Reg Loss: 0.0342, Train MAPE: 12.9874, Train R: 0.9815, Train RRSE: 0.2111, Test Loss: 31.1130, Test Node Loss: 0.0411, Test Reg Loss: 0.3107, Test MAPE: 12.9946, Test R: 0.9805, Test RRSE: 0.6282
2025-02-10 15:45:58,788:INFO:Epoch 117: Train Loss: 4.2315, Train Node Loss: 0.0412, Train Reg Loss: 0.0419, Train MAPE: 12.8559, Train R: 0.9734, Train RRSE: 0.2335, Test Loss: 20.9830, Test Node Loss: 0.0385, Test Reg Loss: 0.2094, Test MAPE: 13.0640, Test R: 0.9809, Test RRSE: 0.5158
2025-02-10 15:46:21,067:INFO:Epoch 118: Train Loss: 3.6351, Train Node Loss: 0.0388, Train Reg Loss: 0.0360, Train MAPE: 12.8903, Train R: 0.9768, Train RRSE: 0.2163, Test Loss: 24.5083, Test Node Loss: 0.0383, Test Reg Loss: 0.2447, Test MAPE: 13.2712, Test R: 0.9812, Test RRSE: 0.5575
2025-02-10 15:46:43,016:INFO:Epoch 119: Train Loss: 4.1594, Train Node Loss: 0.0384, Train Reg Loss: 0.0412, Train MAPE: 12.5867, Train R: 0.9744, Train RRSE: 0.2316, Test Loss: 6.8452, Test Node Loss: 0.0321, Test Reg Loss: 0.0681, Test MAPE: 13.1842, Test R: 0.9812, Test RRSE: 0.2942
2025-02-10 15:47:05,556:INFO:Epoch 120: Train Loss: 3.5876, Train Node Loss: 0.0364, Train Reg Loss: 0.0355, Train MAPE: 12.8667, Train R: 0.9769, Train RRSE: 0.2150, Test Loss: 16.3000, Test Node Loss: 0.0350, Test Reg Loss: 0.1626, Test MAPE: 13.0707, Test R: 0.9813, Test RRSE: 0.4545
2025-02-10 15:47:05,616:INFO:Checkpoint saved at best_0.0008_0.001_256_SAGE_3_32_0.9813_epoch_120.pth
2025-02-10 15:47:28,164:INFO:Epoch 121: Train Loss: 3.0810, Train Node Loss: 0.0354, Train Reg Loss: 0.0305, Train MAPE: 12.9392, Train R: 0.9808, Train RRSE: 0.1991, Test Loss: 21.1729, Test Node Loss: 0.0357, Test Reg Loss: 0.2114, Test MAPE: 13.0858, Test R: 0.9812, Test RRSE: 0.5181
2025-02-10 15:47:50,641:INFO:Epoch 122: Train Loss: 3.7676, Train Node Loss: 0.0373, Train Reg Loss: 0.0373, Train MAPE: 12.7284, Train R: 0.9772, Train RRSE: 0.2203, Test Loss: 14.0783, Test Node Loss: 0.0335, Test Reg Loss: 0.1404, Test MAPE: 13.4036, Test R: 0.9811, Test RRSE: 0.4223
2025-02-10 15:48:13,046:INFO:Epoch 123: Train Loss: 3.8535, Train Node Loss: 0.0354, Train Reg Loss: 0.0382, Train MAPE: 12.8856, Train R: 0.9750, Train RRSE: 0.2229, Test Loss: 27.0913, Test Node Loss: 0.0345, Test Reg Loss: 0.2706, Test MAPE: 13.2048, Test R: 0.9800, Test RRSE: 0.5862
2025-02-10 15:48:35,206:INFO:Epoch 124: Train Loss: 3.7969, Train Node Loss: 0.0330, Train Reg Loss: 0.0376, Train MAPE: 12.8622, Train R: 0.9756, Train RRSE: 0.2213, Test Loss: 12.2187, Test Node Loss: 0.0302, Test Reg Loss: 0.1219, Test MAPE: 13.0808, Test R: 0.9809, Test RRSE: 0.3934
2025-02-10 15:48:57,294:INFO:Epoch 125: Train Loss: 2.5117, Train Node Loss: 0.0326, Train Reg Loss: 0.0248, Train MAPE: 12.9799, Train R: 0.9838, Train RRSE: 0.1796, Test Loss: 34.7164, Test Node Loss: 0.0343, Test Reg Loss: 0.3468, Test MAPE: 13.8424, Test R: 0.9811, Test RRSE: 0.6637
2025-02-10 15:49:19,853:INFO:Epoch 126: Train Loss: 3.5254, Train Node Loss: 0.0328, Train Reg Loss: 0.0349, Train MAPE: 12.8683, Train R: 0.9772, Train RRSE: 0.2132, Test Loss: 22.9784, Test Node Loss: 0.0315, Test Reg Loss: 0.2295, Test MAPE: 13.2763, Test R: 0.9812, Test RRSE: 0.5398
2025-02-10 15:49:42,217:INFO:Epoch 127: Train Loss: 4.2382, Train Node Loss: 0.0320, Train Reg Loss: 0.0421, Train MAPE: 12.7311, Train R: 0.9741, Train RRSE: 0.2340, Test Loss: 13.2178, Test Node Loss: 0.0284, Test Reg Loss: 0.1319, Test MAPE: 13.0526, Test R: 0.9817, Test RRSE: 0.4093
2025-02-10 15:49:42,242:INFO:Checkpoint saved at best_0.0008_0.001_256_SAGE_3_32_0.9817_epoch_127.pth
2025-02-10 15:50:04,672:INFO:Epoch 128: Train Loss: 3.0689, Train Node Loss: 0.0291, Train Reg Loss: 0.0304, Train MAPE: 12.9765, Train R: 0.9825, Train RRSE: 0.1989, Test Loss: 12.6518, Test Node Loss: 0.0279, Test Reg Loss: 0.1262, Test MAPE: 13.1552, Test R: 0.9820, Test RRSE: 0.4004
2025-02-10 15:50:04,711:INFO:Checkpoint saved at best_0.0008_0.001_256_SAGE_3_32_0.9820_epoch_128.pth
2025-02-10 15:50:27,046:INFO:Epoch 129: Train Loss: 3.2756, Train Node Loss: 0.0311, Train Reg Loss: 0.0324, Train MAPE: 12.6515, Train R: 0.9798, Train RRSE: 0.2055, Test Loss: 13.4495, Test Node Loss: 0.0283, Test Reg Loss: 0.1342, Test MAPE: 13.1798, Test R: 0.9817, Test RRSE: 0.4129
2025-02-10 15:50:49,541:INFO:Epoch 130: Train Loss: 6.7155, Train Node Loss: 0.0295, Train Reg Loss: 0.0669, Train MAPE: 12.6191, Train R: 0.9565, Train RRSE: 0.2950, Test Loss: 7.1626, Test Node Loss: 0.0250, Test Reg Loss: 0.0714, Test MAPE: 13.0251, Test R: 0.9818, Test RRSE: 0.3011
2025-02-10 15:51:11,955:INFO:Epoch 131: Train Loss: 4.0942, Train Node Loss: 0.0266, Train Reg Loss: 0.0407, Train MAPE: 13.1355, Train R: 0.9796, Train RRSE: 0.2301, Test Loss: 19.5701, Test Node Loss: 0.0272, Test Reg Loss: 0.1954, Test MAPE: 13.1973, Test R: 0.9799, Test RRSE: 0.4982
2025-02-10 15:51:34,505:INFO:Epoch 132: Train Loss: 5.1313, Train Node Loss: 0.0301, Train Reg Loss: 0.0510, Train MAPE: 12.3673, Train R: 0.9729, Train RRSE: 0.2576, Test Loss: 17.1955, Test Node Loss: 0.0276, Test Reg Loss: 0.1717, Test MAPE: 13.0445, Test R: 0.9815, Test RRSE: 0.4669
2025-02-10 15:51:56,902:INFO:Epoch 133: Train Loss: 4.5256, Train Node Loss: 0.0274, Train Reg Loss: 0.0450, Train MAPE: 13.2507, Train R: 0.9774, Train RRSE: 0.2419, Test Loss: 38.2401, Test Node Loss: 0.0305, Test Reg Loss: 0.3821, Test MAPE: 13.5923, Test R: 0.9806, Test RRSE: 0.6966
2025-02-10 15:52:19,267:INFO:Epoch 134: Train Loss: 7.5987, Train Node Loss: 0.0304, Train Reg Loss: 0.0757, Train MAPE: 12.4387, Train R: 0.9687, Train RRSE: 0.3138, Test Loss: 2.9012, Test Node Loss: 0.0208, Test Reg Loss: 0.0288, Test MAPE: 13.3491, Test R: 0.9817, Test RRSE: 0.1913
2025-02-10 15:52:41,696:INFO:Epoch 135: Train Loss: 6.1454, Train Node Loss: 0.0231, Train Reg Loss: 0.0612, Train MAPE: 13.1134, Train R: 0.9708, Train RRSE: 0.2823, Test Loss: 28.6606, Test Node Loss: 0.0293, Test Reg Loss: 0.2863, Test MAPE: 13.4352, Test R: 0.9794, Test RRSE: 0.6030
2025-02-10 15:53:04,051:INFO:Epoch 136: Train Loss: 4.7178, Train Node Loss: 0.0300, Train Reg Loss: 0.0469, Train MAPE: 12.6939, Train R: 0.9713, Train RRSE: 0.2470, Test Loss: 9.5623, Test Node Loss: 0.0283, Test Reg Loss: 0.0953, Test MAPE: 12.8388, Test R: 0.9819, Test RRSE: 0.3480
2025-02-10 15:53:26,603:INFO:Epoch 137: Train Loss: 3.7951, Train Node Loss: 0.0297, Train Reg Loss: 0.0377, Train MAPE: 12.8027, Train R: 0.9754, Train RRSE: 0.2214, Test Loss: 14.7914, Test Node Loss: 0.0292, Test Reg Loss: 0.1476, Test MAPE: 13.2539, Test R: 0.9820, Test RRSE: 0.4330
2025-02-10 15:53:49,055:INFO:Epoch 138: Train Loss: 3.6830, Train Node Loss: 0.0284, Train Reg Loss: 0.0365, Train MAPE: 12.9902, Train R: 0.9763, Train RRSE: 0.2181, Test Loss: 16.1426, Test Node Loss: 0.0284, Test Reg Loss: 0.1611, Test MAPE: 12.9564, Test R: 0.9821, Test RRSE: 0.4524
2025-02-10 15:53:49,103:INFO:Checkpoint saved at best_0.0008_0.001_256_SAGE_3_32_0.9821_epoch_138.pth
2025-02-10 15:54:11,527:INFO:Epoch 139: Train Loss: 6.9005, Train Node Loss: 0.0286, Train Reg Loss: 0.0687, Train MAPE: 12.1143, Train R: 0.9607, Train RRSE: 0.2990, Test Loss: 2.9636, Test Node Loss: 0.0216, Test Reg Loss: 0.0294, Test MAPE: 13.3423, Test R: 0.9820, Test RRSE: 0.1933
2025-02-10 15:54:33,854:INFO:Epoch 140: Train Loss: 4.7164, Train Node Loss: 0.0265, Train Reg Loss: 0.0469, Train MAPE: 12.9241, Train R: 0.9705, Train RRSE: 0.2470, Test Loss: 18.3374, Test Node Loss: 0.0272, Test Reg Loss: 0.1831, Test MAPE: 13.2397, Test R: 0.9817, Test RRSE: 0.4822
2025-02-10 15:54:56,379:INFO:Epoch 141: Train Loss: 3.6893, Train Node Loss: 0.0280, Train Reg Loss: 0.0366, Train MAPE: 13.0263, Train R: 0.9763, Train RRSE: 0.2183, Test Loss: 24.1008, Test Node Loss: 0.0288, Test Reg Loss: 0.2407, Test MAPE: 13.2660, Test R: 0.9811, Test RRSE: 0.5529
2025-02-10 15:55:18,900:INFO:Epoch 142: Train Loss: 4.6366, Train Node Loss: 0.0289, Train Reg Loss: 0.0461, Train MAPE: 12.5018, Train R: 0.9735, Train RRSE: 0.2449, Test Loss: 3.0058, Test Node Loss: 0.0225, Test Reg Loss: 0.0298, Test MAPE: 13.3658, Test R: 0.9820, Test RRSE: 0.1947
2025-02-10 15:55:41,492:INFO:Epoch 143: Train Loss: 4.5488, Train Node Loss: 0.0264, Train Reg Loss: 0.0452, Train MAPE: 12.9030, Train R: 0.9711, Train RRSE: 0.2426, Test Loss: 32.9514, Test Node Loss: 0.0279, Test Reg Loss: 0.3292, Test MAPE: 13.6655, Test R: 0.9809, Test RRSE: 0.6466
2025-02-10 15:56:03,804:INFO:Epoch 144: Train Loss: 3.6834, Train Node Loss: 0.0252, Train Reg Loss: 0.0366, Train MAPE: 12.8356, Train R: 0.9761, Train RRSE: 0.2182, Test Loss: 3.9053, Test Node Loss: 0.0214, Test Reg Loss: 0.0388, Test MAPE: 12.9525, Test R: 0.9823, Test RRSE: 0.2221
2025-02-10 15:56:03,833:INFO:Checkpoint saved at best_0.0008_0.001_256_SAGE_3_32_0.9823_epoch_144.pth
2025-02-10 15:56:26,158:INFO:Epoch 145: Train Loss: 6.0224, Train Node Loss: 0.0252, Train Reg Loss: 0.0600, Train MAPE: 12.7599, Train R: 0.9609, Train RRSE: 0.2794, Test Loss: 14.8095, Test Node Loss: 0.0245, Test Reg Loss: 0.1478, Test MAPE: 13.0067, Test R: 0.9816, Test RRSE: 0.4333
2025-02-10 15:56:48,864:INFO:Epoch 146: Train Loss: 2.8661, Train Node Loss: 0.0248, Train Reg Loss: 0.0284, Train MAPE: 13.0099, Train R: 0.9820, Train RRSE: 0.1923, Test Loss: 14.6519, Test Node Loss: 0.0235, Test Reg Loss: 0.1463, Test MAPE: 13.0655, Test R: 0.9818, Test RRSE: 0.4310
2025-02-10 15:57:11,504:INFO:Epoch 147: Train Loss: 4.6412, Train Node Loss: 0.0241, Train Reg Loss: 0.0462, Train MAPE: 12.4531, Train R: 0.9721, Train RRSE: 0.2451, Test Loss: 10.7890, Test Node Loss: 0.0218, Test Reg Loss: 0.1077, Test MAPE: 12.9288, Test R: 0.9820, Test RRSE: 0.3698
2025-02-10 15:57:34,162:INFO:Epoch 148: Train Loss: 4.5306, Train Node Loss: 0.0226, Train Reg Loss: 0.0451, Train MAPE: 12.9922, Train R: 0.9730, Train RRSE: 0.2422, Test Loss: 25.8703, Test Node Loss: 0.0242, Test Reg Loss: 0.2585, Test MAPE: 13.2928, Test R: 0.9816, Test RRSE: 0.5729
2025-02-10 15:57:56,443:INFO:Epoch 149: Train Loss: 4.4840, Train Node Loss: 0.0243, Train Reg Loss: 0.0446, Train MAPE: 12.7374, Train R: 0.9727, Train RRSE: 0.2409, Test Loss: 3.0260, Test Node Loss: 0.0195, Test Reg Loss: 0.0301, Test MAPE: 13.3060, Test R: 0.9819, Test RRSE: 0.1954
2025-02-10 15:58:19,359:INFO:Epoch 150: Train Loss: 3.4528, Train Node Loss: 0.0220, Train Reg Loss: 0.0343, Train MAPE: 12.7170, Train R: 0.9785, Train RRSE: 0.2113, Test Loss: 18.6285, Test Node Loss: 0.0220, Test Reg Loss: 0.1861, Test MAPE: 13.2624, Test R: 0.9815, Test RRSE: 0.4861
2025-02-10 15:58:42,213:INFO:Epoch 151: Train Loss: 3.0577, Train Node Loss: 0.0225, Train Reg Loss: 0.0304, Train MAPE: 12.9584, Train R: 0.9802, Train RRSE: 0.1987, Test Loss: 5.7439, Test Node Loss: 0.0201, Test Reg Loss: 0.0572, Test MAPE: 13.3425, Test R: 0.9818, Test RRSE: 0.2696
2025-02-10 15:59:05,576:INFO:Epoch 152: Train Loss: 4.3806, Train Node Loss: 0.0220, Train Reg Loss: 0.0436, Train MAPE: 12.9343, Train R: 0.9712, Train RRSE: 0.2382, Test Loss: 9.8867, Test Node Loss: 0.0206, Test Reg Loss: 0.0987, Test MAPE: 13.1648, Test R: 0.9819, Test RRSE: 0.3540
2025-02-10 15:59:29,084:INFO:Epoch 153: Train Loss: 2.9491, Train Node Loss: 0.0225, Train Reg Loss: 0.0293, Train MAPE: 12.6878, Train R: 0.9817, Train RRSE: 0.1952, Test Loss: 7.3294, Test Node Loss: 0.0211, Test Reg Loss: 0.0731, Test MAPE: 13.1795, Test R: 0.9824, Test RRSE: 0.3047
2025-02-10 15:59:29,122:INFO:Checkpoint saved at best_0.0008_0.001_256_SAGE_3_32_0.9824_epoch_153.pth
2025-02-10 15:59:52,324:INFO:Epoch 154: Train Loss: 2.8367, Train Node Loss: 0.0224, Train Reg Loss: 0.0281, Train MAPE: 12.9564, Train R: 0.9821, Train RRSE: 0.1914, Test Loss: 21.4340, Test Node Loss: 0.0219, Test Reg Loss: 0.2141, Test MAPE: 12.9607, Test R: 0.9816, Test RRSE: 0.5215
2025-02-10 16:00:15,926:INFO:Epoch 155: Train Loss: 3.7801, Train Node Loss: 0.0220, Train Reg Loss: 0.0376, Train MAPE: 12.4836, Train R: 0.9767, Train RRSE: 0.2211, Test Loss: 15.3487, Test Node Loss: 0.0219, Test Reg Loss: 0.1533, Test MAPE: 13.0698, Test R: 0.9828, Test RRSE: 0.4412
2025-02-10 16:00:15,956:INFO:Checkpoint saved at best_0.0008_0.001_256_SAGE_3_32_0.9828_epoch_155.pth
2025-02-10 16:00:39,163:INFO:Epoch 156: Train Loss: 3.6700, Train Node Loss: 0.0230, Train Reg Loss: 0.0365, Train MAPE: 12.8914, Train R: 0.9760, Train RRSE: 0.2178, Test Loss: 7.3572, Test Node Loss: 0.0210, Test Reg Loss: 0.0734, Test MAPE: 13.2309, Test R: 0.9826, Test RRSE: 0.3052
2025-02-10 16:01:02,365:INFO:Epoch 157: Train Loss: 2.1145, Train Node Loss: 0.0225, Train Reg Loss: 0.0209, Train MAPE: 12.9639, Train R: 0.9863, Train RRSE: 0.1650, Test Loss: 14.8492, Test Node Loss: 0.0212, Test Reg Loss: 0.1483, Test MAPE: 12.9863, Test R: 0.9821, Test RRSE: 0.4340
2025-02-10 16:01:25,731:INFO:Epoch 158: Train Loss: 3.5955, Train Node Loss: 0.0224, Train Reg Loss: 0.0357, Train MAPE: 12.7118, Train R: 0.9771, Train RRSE: 0.2156, Test Loss: 8.3327, Test Node Loss: 0.0210, Test Reg Loss: 0.0831, Test MAPE: 13.1110, Test R: 0.9824, Test RRSE: 0.3249
2025-02-10 16:01:48,860:INFO:Epoch 159: Train Loss: 3.8528, Train Node Loss: 0.0232, Train Reg Loss: 0.0383, Train MAPE: 12.7372, Train R: 0.9757, Train RRSE: 0.2232, Test Loss: 8.0642, Test Node Loss: 0.0210, Test Reg Loss: 0.0804, Test MAPE: 13.1844, Test R: 0.9823, Test RRSE: 0.3196
2025-02-10 16:02:11,847:INFO:Epoch 160: Train Loss: 3.8667, Train Node Loss: 0.0211, Train Reg Loss: 0.0385, Train MAPE: 12.9990, Train R: 0.9762, Train RRSE: 0.2237, Test Loss: 27.1758, Test Node Loss: 0.0202, Test Reg Loss: 0.2716, Test MAPE: 12.9000, Test R: 0.9815, Test RRSE: 0.5873
2025-02-10 16:02:35,136:INFO:Epoch 161: Train Loss: 3.2362, Train Node Loss: 0.0199, Train Reg Loss: 0.0322, Train MAPE: 12.7816, Train R: 0.9794, Train RRSE: 0.2046, Test Loss: 10.1127, Test Node Loss: 0.0186, Test Reg Loss: 0.1009, Test MAPE: 13.0573, Test R: 0.9829, Test RRSE: 0.3580
2025-02-10 16:02:35,194:INFO:Checkpoint saved at best_0.0008_0.001_256_SAGE_3_32_0.9829_epoch_161.pth
2025-02-10 16:02:58,317:INFO:Epoch 162: Train Loss: 3.9616, Train Node Loss: 0.0209, Train Reg Loss: 0.0394, Train MAPE: 13.1358, Train R: 0.9753, Train RRSE: 0.2265, Test Loss: 25.6871, Test Node Loss: 0.0215, Test Reg Loss: 0.2567, Test MAPE: 13.1117, Test R: 0.9813, Test RRSE: 0.5709
2025-02-10 16:03:21,370:INFO:Epoch 163: Train Loss: 5.4741, Train Node Loss: 0.0215, Train Reg Loss: 0.0545, Train MAPE: 12.6474, Train R: 0.9654, Train RRSE: 0.2664, Test Loss: 6.3718, Test Node Loss: 0.0196, Test Reg Loss: 0.0635, Test MAPE: 13.0853, Test R: 0.9823, Test RRSE: 0.2840
2025-02-10 16:03:44,120:INFO:Epoch 164: Train Loss: 3.5436, Train Node Loss: 0.0213, Train Reg Loss: 0.0352, Train MAPE: 12.7105, Train R: 0.9772, Train RRSE: 0.2141, Test Loss: 20.0060, Test Node Loss: 0.0218, Test Reg Loss: 0.1998, Test MAPE: 13.1561, Test R: 0.9820, Test RRSE: 0.5038
2025-02-10 16:04:07,506:INFO:Epoch 165: Train Loss: 2.7018, Train Node Loss: 0.0219, Train Reg Loss: 0.0268, Train MAPE: 12.7244, Train R: 0.9845, Train RRSE: 0.1867, Test Loss: 3.8362, Test Node Loss: 0.0188, Test Reg Loss: 0.0382, Test MAPE: 13.0537, Test R: 0.9827, Test RRSE: 0.2202
2025-02-10 16:04:31,115:INFO:Epoch 166: Train Loss: 7.0458, Train Node Loss: 0.0210, Train Reg Loss: 0.0702, Train MAPE: 12.6252, Train R: 0.9533, Train RRSE: 0.3023, Test Loss: 10.7636, Test Node Loss: 0.0192, Test Reg Loss: 0.1074, Test MAPE: 12.8515, Test R: 0.9828, Test RRSE: 0.3694
2025-02-10 16:04:54,096:INFO:Epoch 167: Train Loss: 4.1120, Train Node Loss: 0.0204, Train Reg Loss: 0.0409, Train MAPE: 13.1414, Train R: 0.9763, Train RRSE: 0.2307, Test Loss: 43.0809, Test Node Loss: 0.0227, Test Reg Loss: 0.4306, Test MAPE: 13.7774, Test R: 0.9810, Test RRSE: 0.7395
2025-02-10 16:05:17,682:INFO:Epoch 168: Train Loss: 5.2574, Train Node Loss: 0.0211, Train Reg Loss: 0.0524, Train MAPE: 12.7196, Train R: 0.9655, Train RRSE: 0.2610, Test Loss: 17.6275, Test Node Loss: 0.0215, Test Reg Loss: 0.1761, Test MAPE: 13.2770, Test R: 0.9821, Test RRSE: 0.4729
2025-02-10 16:05:40,835:INFO:Epoch 169: Train Loss: 2.5659, Train Node Loss: 0.0219, Train Reg Loss: 0.0254, Train MAPE: 12.9375, Train R: 0.9835, Train RRSE: 0.1819, Test Loss: 14.5509, Test Node Loss: 0.0214, Test Reg Loss: 0.1453, Test MAPE: 13.1062, Test R: 0.9821, Test RRSE: 0.4296
2025-02-10 16:06:04,528:INFO:Epoch 170: Train Loss: 2.6896, Train Node Loss: 0.0213, Train Reg Loss: 0.0267, Train MAPE: 12.7354, Train R: 0.9829, Train RRSE: 0.1863, Test Loss: 6.0061, Test Node Loss: 0.0197, Test Reg Loss: 0.0599, Test MAPE: 13.1782, Test R: 0.9824, Test RRSE: 0.2757
2025-02-10 16:06:28,622:INFO:Epoch 171: Train Loss: 3.7301, Train Node Loss: 0.0209, Train Reg Loss: 0.0371, Train MAPE: 12.7316, Train R: 0.9763, Train RRSE: 0.2197, Test Loss: 14.3875, Test Node Loss: 0.0203, Test Reg Loss: 0.1437, Test MAPE: 13.1583, Test R: 0.9822, Test RRSE: 0.4272
2025-02-10 16:06:51,752:INFO:Epoch 172: Train Loss: 3.7460, Train Node Loss: 0.0197, Train Reg Loss: 0.0373, Train MAPE: 12.5854, Train R: 0.9773, Train RRSE: 0.2202, Test Loss: 6.7801, Test Node Loss: 0.0181, Test Reg Loss: 0.0676, Test MAPE: 13.1163, Test R: 0.9828, Test RRSE: 0.2931
2025-02-10 16:07:15,600:INFO:Epoch 173: Train Loss: 2.7905, Train Node Loss: 0.0203, Train Reg Loss: 0.0277, Train MAPE: 13.1095, Train R: 0.9834, Train RRSE: 0.1899, Test Loss: 21.3033, Test Node Loss: 0.0211, Test Reg Loss: 0.2128, Test MAPE: 13.2716, Test R: 0.9827, Test RRSE: 0.5199
2025-02-10 16:07:39,458:INFO:Epoch 174: Train Loss: 4.7917, Train Node Loss: 0.0217, Train Reg Loss: 0.0477, Train MAPE: 12.4858, Train R: 0.9730, Train RRSE: 0.2491, Test Loss: 3.9681, Test Node Loss: 0.0184, Test Reg Loss: 0.0395, Test MAPE: 13.1742, Test R: 0.9827, Test RRSE: 0.2240
2025-02-10 16:08:03,156:INFO:Epoch 175: Train Loss: 3.0413, Train Node Loss: 0.0204, Train Reg Loss: 0.0302, Train MAPE: 13.0143, Train R: 0.9833, Train RRSE: 0.1983, Test Loss: 33.8615, Test Node Loss: 0.0217, Test Reg Loss: 0.3384, Test MAPE: 13.5926, Test R: 0.9814, Test RRSE: 0.6556
2025-02-10 16:08:26,309:INFO:Epoch 176: Train Loss: 4.4988, Train Node Loss: 0.0205, Train Reg Loss: 0.0448, Train MAPE: 12.8050, Train R: 0.9713, Train RRSE: 0.2414, Test Loss: 5.0692, Test Node Loss: 0.0183, Test Reg Loss: 0.0505, Test MAPE: 13.1313, Test R: 0.9826, Test RRSE: 0.2533
2025-02-10 16:08:49,710:INFO:Epoch 177: Train Loss: 4.2808, Train Node Loss: 0.0197, Train Reg Loss: 0.0426, Train MAPE: 12.7812, Train R: 0.9738, Train RRSE: 0.2355, Test Loss: 5.1630, Test Node Loss: 0.0167, Test Reg Loss: 0.0515, Test MAPE: 12.8263, Test R: 0.9825, Test RRSE: 0.2557
2025-02-10 16:09:13,334:INFO:Epoch 178: Train Loss: 7.1656, Train Node Loss: 0.0179, Train Reg Loss: 0.0715, Train MAPE: 13.0496, Train R: 0.9561, Train RRSE: 0.3050, Test Loss: 27.9531, Test Node Loss: 0.0203, Test Reg Loss: 0.2793, Test MAPE: 13.5194, Test R: 0.9823, Test RRSE: 0.5956
2025-02-10 16:09:36,288:INFO:Epoch 179: Train Loss: 4.4143, Train Node Loss: 0.0191, Train Reg Loss: 0.0440, Train MAPE: 12.9614, Train R: 0.9711, Train RRSE: 0.2392, Test Loss: 8.0805, Test Node Loss: 0.0168, Test Reg Loss: 0.0806, Test MAPE: 12.6574, Test R: 0.9826, Test RRSE: 0.3200
2025-02-10 16:09:59,942:INFO:Epoch 180: Train Loss: 2.2816, Train Node Loss: 0.0185, Train Reg Loss: 0.0226, Train MAPE: 12.6917, Train R: 0.9876, Train RRSE: 0.1716, Test Loss: 3.8014, Test Node Loss: 0.0174, Test Reg Loss: 0.0378, Test MAPE: 13.4781, Test R: 0.9813, Test RRSE: 0.2192
2025-02-10 16:10:23,178:INFO:Epoch 181: Train Loss: 5.2203, Train Node Loss: 0.0181, Train Reg Loss: 0.0520, Train MAPE: 12.9893, Train R: 0.9665, Train RRSE: 0.2602, Test Loss: 35.5148, Test Node Loss: 0.0171, Test Reg Loss: 0.3550, Test MAPE: 13.1941, Test R: 0.9806, Test RRSE: 0.6714
2025-02-10 16:10:46,266:INFO:Epoch 182: Train Loss: 6.6511, Train Node Loss: 0.0163, Train Reg Loss: 0.0663, Train MAPE: 12.7322, Train R: 0.9586, Train RRSE: 0.2938, Test Loss: 9.2575, Test Node Loss: 0.0161, Test Reg Loss: 0.0924, Test MAPE: 13.2666, Test R: 0.9828, Test RRSE: 0.3426
2025-02-10 16:11:08,863:INFO:Epoch 183: Train Loss: 3.4921, Train Node Loss: 0.0186, Train Reg Loss: 0.0347, Train MAPE: 13.0563, Train R: 0.9834, Train RRSE: 0.2126, Test Loss: 13.2703, Test Node Loss: 0.0136, Test Reg Loss: 0.1326, Test MAPE: 14.7745, Test R: 0.9808, Test RRSE: 0.4103
2025-02-10 16:11:32,104:INFO:Epoch 184: Train Loss: 2.8306, Train Node Loss: 0.0161, Train Reg Loss: 0.0281, Train MAPE: 13.0167, Train R: 0.9839, Train RRSE: 0.1914, Test Loss: 14.0476, Test Node Loss: 0.0157, Test Reg Loss: 0.1403, Test MAPE: 12.8736, Test R: 0.9831, Test RRSE: 0.4222
2025-02-10 16:11:32,148:INFO:Checkpoint saved at best_0.0008_0.001_256_SAGE_3_32_0.9831_epoch_184.pth
2025-02-10 16:11:56,068:INFO:Epoch 185: Train Loss: 5.4114, Train Node Loss: 0.0155, Train Reg Loss: 0.0540, Train MAPE: 12.5135, Train R: 0.9659, Train RRSE: 0.2650, Test Loss: 4.6302, Test Node Loss: 0.0151, Test Reg Loss: 0.0462, Test MAPE: 13.0165, Test R: 0.9838, Test RRSE: 0.2421
2025-02-10 16:11:56,092:INFO:Checkpoint saved at best_0.0008_0.001_256_SAGE_3_32_0.9838_epoch_185.pth
2025-02-10 16:12:19,956:INFO:Epoch 186: Train Loss: 3.1631, Train Node Loss: 0.0184, Train Reg Loss: 0.0314, Train MAPE: 12.8470, Train R: 0.9832, Train RRSE: 0.2023, Test Loss: 3.6250, Test Node Loss: 0.0171, Test Reg Loss: 0.0361, Test MAPE: 13.5128, Test R: 0.9830, Test RRSE: 0.2141
2025-02-10 16:12:43,819:INFO:Epoch 187: Train Loss: 2.9636, Train Node Loss: 0.0182, Train Reg Loss: 0.0295, Train MAPE: 13.1011, Train R: 0.9829, Train RRSE: 0.1958, Test Loss: 14.2163, Test Node Loss: 0.0172, Test Reg Loss: 0.1420, Test MAPE: 12.9288, Test R: 0.9827, Test RRSE: 0.4247
2025-02-10 16:13:07,850:INFO:Epoch 188: Train Loss: 2.6369, Train Node Loss: 0.0174, Train Reg Loss: 0.0262, Train MAPE: 12.7296, Train R: 0.9832, Train RRSE: 0.1846, Test Loss: 9.3895, Test Node Loss: 0.0171, Test Reg Loss: 0.0937, Test MAPE: 13.1543, Test R: 0.9833, Test RRSE: 0.3450
2025-02-10 16:13:31,843:INFO:Epoch 189: Train Loss: 3.4375, Train Node Loss: 0.0184, Train Reg Loss: 0.0342, Train MAPE: 12.8272, Train R: 0.9776, Train RRSE: 0.2109, Test Loss: 10.0664, Test Node Loss: 0.0177, Test Reg Loss: 0.1005, Test MAPE: 12.9420, Test R: 0.9836, Test RRSE: 0.3572
2025-02-10 16:13:55,697:INFO:Epoch 190: Train Loss: 3.6403, Train Node Loss: 0.0184, Train Reg Loss: 0.0362, Train MAPE: 12.8089, Train R: 0.9762, Train RRSE: 0.2171, Test Loss: 11.3031, Test Node Loss: 0.0173, Test Reg Loss: 0.1129, Test MAPE: 13.0092, Test R: 0.9834, Test RRSE: 0.3786
2025-02-10 16:14:19,390:INFO:Epoch 191: Train Loss: 2.7839, Train Node Loss: 0.0180, Train Reg Loss: 0.0277, Train MAPE: 12.8853, Train R: 0.9820, Train RRSE: 0.1897, Test Loss: 9.7076, Test Node Loss: 0.0171, Test Reg Loss: 0.0969, Test MAPE: 12.8697, Test R: 0.9834, Test RRSE: 0.3508
2025-02-10 16:14:43,201:INFO:Epoch 192: Train Loss: 3.4675, Train Node Loss: 0.0181, Train Reg Loss: 0.0345, Train MAPE: 12.6686, Train R: 0.9787, Train RRSE: 0.2119, Test Loss: 5.4496, Test Node Loss: 0.0170, Test Reg Loss: 0.0543, Test MAPE: 13.0417, Test R: 0.9832, Test RRSE: 0.2627
2025-02-10 16:15:07,431:INFO:Epoch 193: Train Loss: 2.8423, Train Node Loss: 0.0185, Train Reg Loss: 0.0282, Train MAPE: 12.8261, Train R: 0.9815, Train RRSE: 0.1917, Test Loss: 6.9244, Test Node Loss: 0.0173, Test Reg Loss: 0.0691, Test MAPE: 13.0375, Test R: 0.9834, Test RRSE: 0.2962
2025-02-10 16:15:31,338:INFO:Epoch 194: Train Loss: 2.8076, Train Node Loss: 0.0180, Train Reg Loss: 0.0279, Train MAPE: 12.8337, Train R: 0.9852, Train RRSE: 0.1905, Test Loss: 31.4522, Test Node Loss: 0.0185, Test Reg Loss: 0.3143, Test MAPE: 13.0050, Test R: 0.9822, Test RRSE: 0.6318
2025-02-10 16:15:55,140:INFO:Epoch 195: Train Loss: 3.9821, Train Node Loss: 0.0183, Train Reg Loss: 0.0396, Train MAPE: 12.6046, Train R: 0.9771, Train RRSE: 0.2271, Test Loss: 3.4299, Test Node Loss: 0.0161, Test Reg Loss: 0.0341, Test MAPE: 13.3463, Test R: 0.9826, Test RRSE: 0.2082
2025-02-10 16:16:19,419:INFO:Epoch 196: Train Loss: 3.2977, Train Node Loss: 0.0170, Train Reg Loss: 0.0328, Train MAPE: 12.8254, Train R: 0.9785, Train RRSE: 0.2066, Test Loss: 15.8043, Test Node Loss: 0.0154, Test Reg Loss: 0.1579, Test MAPE: 12.8614, Test R: 0.9822, Test RRSE: 0.4478
2025-02-10 16:16:43,363:INFO:Epoch 197: Train Loss: 2.7724, Train Node Loss: 0.0161, Train Reg Loss: 0.0276, Train MAPE: 12.8090, Train R: 0.9823, Train RRSE: 0.1894, Test Loss: 6.3189, Test Node Loss: 0.0152, Test Reg Loss: 0.0630, Test MAPE: 13.0781, Test R: 0.9832, Test RRSE: 0.2830
2025-02-10 16:17:07,076:INFO:Epoch 198: Train Loss: 3.8703, Train Node Loss: 0.0173, Train Reg Loss: 0.0385, Train MAPE: 12.7858, Train R: 0.9767, Train RRSE: 0.2239, Test Loss: 2.9400, Test Node Loss: 0.0151, Test Reg Loss: 0.0292, Test MAPE: 13.5247, Test R: 0.9830, Test RRSE: 0.1927
2025-02-10 16:17:31,040:INFO:Epoch 199: Train Loss: 3.1669, Train Node Loss: 0.0165, Train Reg Loss: 0.0315, Train MAPE: 13.0763, Train R: 0.9798, Train RRSE: 0.2025, Test Loss: 16.6962, Test Node Loss: 0.0164, Test Reg Loss: 0.1668, Test MAPE: 13.0783, Test R: 0.9823, Test RRSE: 0.4603
2025-02-10 16:17:54,942:INFO:Epoch 200: Train Loss: 2.5488, Train Node Loss: 0.0163, Train Reg Loss: 0.0253, Train MAPE: 12.7921, Train R: 0.9837, Train RRSE: 0.1815, Test Loss: 4.4003, Test Node Loss: 0.0161, Test Reg Loss: 0.0438, Test MAPE: 13.1025, Test R: 0.9837, Test RRSE: 0.2360
2025-02-10 16:18:19,006:INFO:Epoch 201: Train Loss: 4.7223, Train Node Loss: 0.0175, Train Reg Loss: 0.0470, Train MAPE: 12.6086, Train R: 0.9694, Train RRSE: 0.2474, Test Loss: 23.8134, Test Node Loss: 0.0178, Test Reg Loss: 0.2380, Test MAPE: 13.2712, Test R: 0.9829, Test RRSE: 0.5497
2025-02-10 16:18:42,683:INFO:Epoch 202: Train Loss: 4.7105, Train Node Loss: 0.0165, Train Reg Loss: 0.0469, Train MAPE: 12.9251, Train R: 0.9708, Train RRSE: 0.2471, Test Loss: 9.1794, Test Node Loss: 0.0154, Test Reg Loss: 0.0916, Test MAPE: 13.0720, Test R: 0.9831, Test RRSE: 0.3412
2025-02-10 16:19:06,632:INFO:Epoch 203: Train Loss: 2.6589, Train Node Loss: 0.0162, Train Reg Loss: 0.0264, Train MAPE: 12.8971, Train R: 0.9827, Train RRSE: 0.1854, Test Loss: 4.6170, Test Node Loss: 0.0145, Test Reg Loss: 0.0460, Test MAPE: 13.0387, Test R: 0.9834, Test RRSE: 0.2418
2025-02-10 16:19:30,385:INFO:Epoch 204: Train Loss: 2.4039, Train Node Loss: 0.0160, Train Reg Loss: 0.0239, Train MAPE: 12.8574, Train R: 0.9850, Train RRSE: 0.1763, Test Loss: 6.1678, Test Node Loss: 0.0146, Test Reg Loss: 0.0615, Test MAPE: 12.9346, Test R: 0.9839, Test RRSE: 0.2795
2025-02-10 16:19:30,433:INFO:Checkpoint saved at best_0.0008_0.001_256_SAGE_3_32_0.9839_epoch_204.pth
2025-02-10 16:19:54,508:INFO:Epoch 205: Train Loss: 2.3335, Train Node Loss: 0.0159, Train Reg Loss: 0.0232, Train MAPE: 12.7989, Train R: 0.9853, Train RRSE: 0.1737, Test Loss: 10.0998, Test Node Loss: 0.0159, Test Reg Loss: 0.1008, Test MAPE: 13.1060, Test R: 0.9839, Test RRSE: 0.3579
2025-02-10 16:20:18,693:INFO:Epoch 206: Train Loss: 3.2292, Train Node Loss: 0.0162, Train Reg Loss: 0.0321, Train MAPE: 13.0514, Train R: 0.9798, Train RRSE: 0.2045, Test Loss: 27.4390, Test Node Loss: 0.0169, Test Reg Loss: 0.2742, Test MAPE: 13.3574, Test R: 0.9825, Test RRSE: 0.5901
2025-02-10 16:20:42,242:INFO:Epoch 207: Train Loss: 2.8377, Train Node Loss: 0.0165, Train Reg Loss: 0.0282, Train MAPE: 13.0073, Train R: 0.9817, Train RRSE: 0.1916, Test Loss: 5.1486, Test Node Loss: 0.0152, Test Reg Loss: 0.0513, Test MAPE: 13.1566, Test R: 0.9832, Test RRSE: 0.2553
2025-02-10 16:21:05,795:INFO:Epoch 208: Train Loss: 4.3375, Train Node Loss: 0.0160, Train Reg Loss: 0.0432, Train MAPE: 12.7661, Train R: 0.9721, Train RRSE: 0.2371, Test Loss: 4.9433, Test Node Loss: 0.0144, Test Reg Loss: 0.0493, Test MAPE: 12.8066, Test R: 0.9834, Test RRSE: 0.2502
2025-02-10 16:21:29,489:INFO:Epoch 209: Train Loss: 2.1920, Train Node Loss: 0.0156, Train Reg Loss: 0.0218, Train MAPE: 12.9113, Train R: 0.9859, Train RRSE: 0.1683, Test Loss: 10.2733, Test Node Loss: 0.0152, Test Reg Loss: 0.1026, Test MAPE: 13.1471, Test R: 0.9830, Test RRSE: 0.3609
2025-02-10 16:21:53,289:INFO:Epoch 210: Train Loss: 3.1704, Train Node Loss: 0.0159, Train Reg Loss: 0.0315, Train MAPE: 12.6817, Train R: 0.9806, Train RRSE: 0.2026, Test Loss: 2.9028, Test Node Loss: 0.0141, Test Reg Loss: 0.0289, Test MAPE: 13.1752, Test R: 0.9837, Test RRSE: 0.1915
2025-02-10 16:22:17,347:INFO:Epoch 211: Train Loss: 2.9211, Train Node Loss: 0.0148, Train Reg Loss: 0.0291, Train MAPE: 13.1094, Train R: 0.9851, Train RRSE: 0.1945, Test Loss: 32.7560, Test Node Loss: 0.0144, Test Reg Loss: 0.3274, Test MAPE: 12.9775, Test R: 0.9834, Test RRSE: 0.6449
2025-02-10 16:22:41,668:INFO:Epoch 212: Train Loss: 5.0863, Train Node Loss: 0.0137, Train Reg Loss: 0.0507, Train MAPE: 12.4355, Train R: 0.9688, Train RRSE: 0.2569, Test Loss: 3.9615, Test Node Loss: 0.0112, Test Reg Loss: 0.0395, Test MAPE: 13.7619, Test R: 0.9827, Test RRSE: 0.2240
2025-02-10 16:23:05,828:INFO:Epoch 213: Train Loss: 4.3441, Train Node Loss: 0.0141, Train Reg Loss: 0.0433, Train MAPE: 12.7567, Train R: 0.9714, Train RRSE: 0.2374, Test Loss: 3.5747, Test Node Loss: 0.0130, Test Reg Loss: 0.0356, Test MAPE: 13.3027, Test R: 0.9838, Test RRSE: 0.2127
2025-02-10 16:23:30,007:INFO:Epoch 214: Train Loss: 2.8271, Train Node Loss: 0.0144, Train Reg Loss: 0.0281, Train MAPE: 12.8511, Train R: 0.9816, Train RRSE: 0.1913, Test Loss: 5.7582, Test Node Loss: 0.0138, Test Reg Loss: 0.0574, Test MAPE: 12.9791, Test R: 0.9840, Test RRSE: 0.2701
2025-02-10 16:23:30,042:INFO:Checkpoint saved at best_0.0008_0.001_256_SAGE_3_32_0.9840_epoch_214.pth
2025-02-10 16:23:54,131:INFO:Epoch 215: Train Loss: 2.7403, Train Node Loss: 0.0151, Train Reg Loss: 0.0273, Train MAPE: 12.7815, Train R: 0.9822, Train RRSE: 0.1883, Test Loss: 3.3163, Test Node Loss: 0.0144, Test Reg Loss: 0.0330, Test MAPE: 13.3607, Test R: 0.9827, Test RRSE: 0.2048
2025-02-10 16:24:17,525:INFO:Epoch 216: Train Loss: 3.2470, Train Node Loss: 0.0150, Train Reg Loss: 0.0323, Train MAPE: 12.6889, Train R: 0.9791, Train RRSE: 0.2051, Test Loss: 8.8004, Test Node Loss: 0.0139, Test Reg Loss: 0.0879, Test MAPE: 12.7852, Test R: 0.9835, Test RRSE: 0.3341
2025-02-10 16:24:40,790:INFO:Epoch 217: Train Loss: 3.7762, Train Node Loss: 0.0155, Train Reg Loss: 0.0376, Train MAPE: 12.5764, Train R: 0.9760, Train RRSE: 0.2212, Test Loss: 3.1339, Test Node Loss: 0.0139, Test Reg Loss: 0.0312, Test MAPE: 13.7118, Test R: 0.9832, Test RRSE: 0.1991
2025-02-10 16:25:04,351:INFO:Epoch 218: Train Loss: 4.7706, Train Node Loss: 0.0154, Train Reg Loss: 0.0476, Train MAPE: 12.9267, Train R: 0.9686, Train RRSE: 0.2488, Test Loss: 20.3957, Test Node Loss: 0.0131, Test Reg Loss: 0.2038, Test MAPE: 12.8611, Test R: 0.9827, Test RRSE: 0.5088
2025-02-10 16:25:27,908:INFO:Epoch 219: Train Loss: 2.9215, Train Node Loss: 0.0133, Train Reg Loss: 0.0291, Train MAPE: 12.7961, Train R: 0.9849, Train RRSE: 0.1945, Test Loss: 5.7795, Test Node Loss: 0.0135, Test Reg Loss: 0.0577, Test MAPE: 13.2554, Test R: 0.9838, Test RRSE: 0.2706
2025-02-10 16:25:51,263:INFO:Epoch 220: Train Loss: 3.5126, Train Node Loss: 0.0155, Train Reg Loss: 0.0350, Train MAPE: 12.8602, Train R: 0.9807, Train RRSE: 0.2133, Test Loss: 3.9140, Test Node Loss: 0.0129, Test Reg Loss: 0.0390, Test MAPE: 13.8138, Test R: 0.9828, Test RRSE: 0.2226
2025-02-10 16:26:14,309:INFO:Epoch 221: Train Loss: 3.9763, Train Node Loss: 0.0137, Train Reg Loss: 0.0396, Train MAPE: 13.1458, Train R: 0.9814, Train RRSE: 0.2271, Test Loss: 32.0196, Test Node Loss: 0.0144, Test Reg Loss: 0.3201, Test MAPE: 13.2263, Test R: 0.9825, Test RRSE: 0.6376
2025-02-10 16:26:37,667:INFO:Epoch 222: Train Loss: 5.3509, Train Node Loss: 0.0139, Train Reg Loss: 0.0534, Train MAPE: 12.3432, Train R: 0.9693, Train RRSE: 0.2635, Test Loss: 3.5412, Test Node Loss: 0.0131, Test Reg Loss: 0.0353, Test MAPE: 12.9933, Test R: 0.9833, Test RRSE: 0.2117
2025-02-10 16:27:01,078:INFO:Epoch 223: Train Loss: 4.2901, Train Node Loss: 0.0146, Train Reg Loss: 0.0428, Train MAPE: 12.7870, Train R: 0.9719, Train RRSE: 0.2359, Test Loss: 9.6175, Test Node Loss: 0.0154, Test Reg Loss: 0.0960, Test MAPE: 13.1425, Test R: 0.9837, Test RRSE: 0.3492
2025-02-10 16:27:24,365:INFO:Epoch 224: Train Loss: 2.8570, Train Node Loss: 0.0155, Train Reg Loss: 0.0284, Train MAPE: 12.9111, Train R: 0.9820, Train RRSE: 0.1923, Test Loss: 9.7641, Test Node Loss: 0.0158, Test Reg Loss: 0.0975, Test MAPE: 12.8658, Test R: 0.9838, Test RRSE: 0.3519
2025-02-10 16:27:47,415:INFO:Epoch 225: Train Loss: 7.0360, Train Node Loss: 0.0160, Train Reg Loss: 0.0702, Train MAPE: 12.4007, Train R: 0.9538, Train RRSE: 0.3022, Test Loss: 10.5267, Test Node Loss: 0.0164, Test Reg Loss: 0.1051, Test MAPE: 13.1951, Test R: 0.9840, Test RRSE: 0.3654
2025-02-10 16:28:10,740:INFO:Epoch 226: Train Loss: 2.7911, Train Node Loss: 0.0169, Train Reg Loss: 0.0277, Train MAPE: 12.6876, Train R: 0.9852, Train RRSE: 0.1900, Test Loss: 3.2287, Test Node Loss: 0.0149, Test Reg Loss: 0.0321, Test MAPE: 13.0269, Test R: 0.9838, Test RRSE: 0.2020
2025-02-10 16:28:34,372:INFO:Epoch 227: Train Loss: 2.8555, Train Node Loss: 0.0160, Train Reg Loss: 0.0284, Train MAPE: 13.0106, Train R: 0.9828, Train RRSE: 0.1922, Test Loss: 23.2593, Test Node Loss: 0.0172, Test Reg Loss: 0.2324, Test MAPE: 13.2853, Test R: 0.9830, Test RRSE: 0.5433
2025-02-10 16:28:57,671:INFO:Epoch 228: Train Loss: 2.8523, Train Node Loss: 0.0168, Train Reg Loss: 0.0284, Train MAPE: 12.7634, Train R: 0.9820, Train RRSE: 0.1921, Test Loss: 2.7418, Test Node Loss: 0.0155, Test Reg Loss: 0.0273, Test MAPE: 13.2069, Test R: 0.9833, Test RRSE: 0.1861
2025-02-10 16:29:20,833:INFO:Epoch 229: Train Loss: 5.9426, Train Node Loss: 0.0163, Train Reg Loss: 0.0593, Train MAPE: 12.8612, Train R: 0.9619, Train RRSE: 0.2777, Test Loss: 39.1693, Test Node Loss: 0.0161, Test Reg Loss: 0.3915, Test MAPE: 13.5027, Test R: 0.9824, Test RRSE: 0.7052
2025-02-10 16:29:44,197:INFO:Epoch 230: Train Loss: 3.8081, Train Node Loss: 0.0150, Train Reg Loss: 0.0379, Train MAPE: 12.7524, Train R: 0.9752, Train RRSE: 0.2222, Test Loss: 6.1446, Test Node Loss: 0.0138, Test Reg Loss: 0.0613, Test MAPE: 13.1098, Test R: 0.9835, Test RRSE: 0.2790
2025-02-10 16:30:07,418:INFO:Epoch 231: Train Loss: 3.0476, Train Node Loss: 0.0153, Train Reg Loss: 0.0303, Train MAPE: 12.8624, Train R: 0.9801, Train RRSE: 0.1986, Test Loss: 12.8614, Test Node Loss: 0.0152, Test Reg Loss: 0.1285, Test MAPE: 13.0320, Test R: 0.9835, Test RRSE: 0.4039
2025-02-10 16:30:30,831:INFO:Epoch 232: Train Loss: 4.3263, Train Node Loss: 0.0154, Train Reg Loss: 0.0431, Train MAPE: 12.7887, Train R: 0.9722, Train RRSE: 0.2368, Test Loss: 11.2042, Test Node Loss: 0.0156, Test Reg Loss: 0.1119, Test MAPE: 13.2102, Test R: 0.9836, Test RRSE: 0.3770
2025-02-10 16:30:54,283:INFO:Epoch 233: Train Loss: 4.5141, Train Node Loss: 0.0160, Train Reg Loss: 0.0450, Train MAPE: 12.8236, Train R: 0.9762, Train RRSE: 0.2419, Test Loss: 13.7380, Test Node Loss: 0.0127, Test Reg Loss: 0.1373, Test MAPE: 14.4782, Test R: 0.9837, Test RRSE: 0.4175
2025-02-10 16:31:17,505:INFO:Epoch 234: Train Loss: 4.5870, Train Node Loss: 0.0139, Train Reg Loss: 0.0457, Train MAPE: 12.8684, Train R: 0.9750, Train RRSE: 0.2439, Test Loss: 47.1461, Test Node Loss: 0.0148, Test Reg Loss: 0.4713, Test MAPE: 13.4554, Test R: 0.9823, Test RRSE: 0.7737
2025-02-10 16:31:40,924:INFO:Epoch 235: Train Loss: 10.1689, Train Node Loss: 0.0137, Train Reg Loss: 0.1016, Train MAPE: 12.5227, Train R: 0.9326, Train RRSE: 0.3635, Test Loss: 4.1581, Test Node Loss: 0.0132, Test Reg Loss: 0.0414, Test MAPE: 12.8043, Test R: 0.9837, Test RRSE: 0.2294
2025-02-10 16:32:04,183:INFO:Epoch 236: Train Loss: 3.2672, Train Node Loss: 0.0150, Train Reg Loss: 0.0325, Train MAPE: 13.1216, Train R: 0.9802, Train RRSE: 0.2057, Test Loss: 4.1897, Test Node Loss: 0.0143, Test Reg Loss: 0.0418, Test MAPE: 13.5442, Test R: 0.9829, Test RRSE: 0.2303
2025-02-10 16:32:27,364:INFO:Epoch 237: Train Loss: 2.3654, Train Node Loss: 0.0136, Train Reg Loss: 0.0235, Train MAPE: 12.9108, Train R: 0.9852, Train RRSE: 0.1749, Test Loss: 9.9256, Test Node Loss: 0.0132, Test Reg Loss: 0.0991, Test MAPE: 12.4201, Test R: 0.9836, Test RRSE: 0.3548
2025-02-10 16:32:50,406:INFO:Epoch 238: Train Loss: 2.8580, Train Node Loss: 0.0135, Train Reg Loss: 0.0284, Train MAPE: 12.7533, Train R: 0.9819, Train RRSE: 0.1924, Test Loss: 3.9096, Test Node Loss: 0.0137, Test Reg Loss: 0.0390, Test MAPE: 13.1266, Test R: 0.9836, Test RRSE: 0.2224
2025-02-10 16:33:13,504:INFO:Epoch 239: Train Loss: 2.7005, Train Node Loss: 0.0145, Train Reg Loss: 0.0269, Train MAPE: 12.8580, Train R: 0.9828, Train RRSE: 0.1870, Test Loss: 14.1428, Test Node Loss: 0.0142, Test Reg Loss: 0.1413, Test MAPE: 12.8695, Test R: 0.9839, Test RRSE: 0.4236
2025-02-10 16:33:36,725:INFO:Epoch 240: Train Loss: 2.6023, Train Node Loss: 0.0139, Train Reg Loss: 0.0259, Train MAPE: 12.9111, Train R: 0.9831, Train RRSE: 0.1835, Test Loss: 6.3777, Test Node Loss: 0.0129, Test Reg Loss: 0.0636, Test MAPE: 12.6485, Test R: 0.9839, Test RRSE: 0.2843
2025-02-10 16:33:59,872:INFO:Epoch 241: Train Loss: 3.4130, Train Node Loss: 0.0140, Train Reg Loss: 0.0340, Train MAPE: 12.5009, Train R: 0.9797, Train RRSE: 0.2103, Test Loss: 3.4637, Test Node Loss: 0.0142, Test Reg Loss: 0.0345, Test MAPE: 13.5767, Test R: 0.9832, Test RRSE: 0.2093
2025-02-10 16:34:23,346:INFO:Epoch 242: Train Loss: 2.8186, Train Node Loss: 0.0144, Train Reg Loss: 0.0280, Train MAPE: 13.0861, Train R: 0.9832, Train RRSE: 0.1910, Test Loss: 21.0251, Test Node Loss: 0.0131, Test Reg Loss: 0.2101, Test MAPE: 12.8465, Test R: 0.9833, Test RRSE: 0.5166
2025-02-10 16:34:46,830:INFO:Epoch 243: Train Loss: 2.0752, Train Node Loss: 0.0130, Train Reg Loss: 0.0206, Train MAPE: 12.5502, Train R: 0.9888, Train RRSE: 0.1638, Test Loss: 3.5146, Test Node Loss: 0.0115, Test Reg Loss: 0.0350, Test MAPE: 12.8717, Test R: 0.9840, Test RRSE: 0.2109
2025-02-10 16:34:46,864:INFO:Checkpoint saved at best_0.0008_0.001_256_SAGE_3_32_0.9840_epoch_243.pth
2025-02-10 16:35:10,340:INFO:Epoch 244: Train Loss: 5.2033, Train Node Loss: 0.0133, Train Reg Loss: 0.0519, Train MAPE: 13.0192, Train R: 0.9658, Train RRSE: 0.2599, Test Loss: 9.6375, Test Node Loss: 0.0130, Test Reg Loss: 0.0962, Test MAPE: 12.9339, Test R: 0.9840, Test RRSE: 0.3496
2025-02-10 16:35:33,873:INFO:Epoch 245: Train Loss: 2.3899, Train Node Loss: 0.0129, Train Reg Loss: 0.0238, Train MAPE: 12.9434, Train R: 0.9856, Train RRSE: 0.1759, Test Loss: 7.6487, Test Node Loss: 0.0127, Test Reg Loss: 0.0764, Test MAPE: 13.0252, Test R: 0.9834, Test RRSE: 0.3114
2025-02-10 16:35:57,254:INFO:Epoch 246: Train Loss: 3.7612, Train Node Loss: 0.0134, Train Reg Loss: 0.0375, Train MAPE: 12.8490, Train R: 0.9755, Train RRSE: 0.2208, Test Loss: 2.8797, Test Node Loss: 0.0127, Test Reg Loss: 0.0287, Test MAPE: 13.6709, Test R: 0.9832, Test RRSE: 0.1908
2025-02-10 16:36:21,066:INFO:Epoch 247: Train Loss: 1.9509, Train Node Loss: 0.0134, Train Reg Loss: 0.0194, Train MAPE: 12.9604, Train R: 0.9880, Train RRSE: 0.1588, Test Loss: 15.8938, Test Node Loss: 0.0136, Test Reg Loss: 0.1588, Test MAPE: 12.8513, Test R: 0.9832, Test RRSE: 0.4491
2025-02-10 16:36:44,618:INFO:Epoch 248: Train Loss: 4.8826, Train Node Loss: 0.0138, Train Reg Loss: 0.0487, Train MAPE: 12.4420, Train R: 0.9737, Train RRSE: 0.2517, Test Loss: 12.3175, Test Node Loss: 0.0118, Test Reg Loss: 0.1231, Test MAPE: 14.4845, Test R: 0.9834, Test RRSE: 0.3953
2025-02-10 16:37:08,533:INFO:Epoch 249: Train Loss: 4.6372, Train Node Loss: 0.0126, Train Reg Loss: 0.0462, Train MAPE: 13.1426, Train R: 0.9765, Train RRSE: 0.2453, Test Loss: 32.1832, Test Node Loss: 0.0131, Test Reg Loss: 0.3217, Test MAPE: 13.2883, Test R: 0.9839, Test RRSE: 0.6392
2025-02-10 16:37:32,392:INFO:Epoch 250: Train Loss: 4.2093, Train Node Loss: 0.0126, Train Reg Loss: 0.0420, Train MAPE: 12.7345, Train R: 0.9738, Train RRSE: 0.2337, Test Loss: 2.9015, Test Node Loss: 0.0111, Test Reg Loss: 0.0289, Test MAPE: 13.2015, Test R: 0.9841, Test RRSE: 0.1916
2025-02-10 16:37:32,427:INFO:Checkpoint saved at best_0.0008_0.001_256_SAGE_3_32_0.9841_epoch_250.pth
2025-02-10 16:37:55,874:INFO:Epoch 251: Train Loss: 2.2538, Train Node Loss: 0.0120, Train Reg Loss: 0.0224, Train MAPE: 12.8636, Train R: 0.9853, Train RRSE: 0.1708, Test Loss: 18.6115, Test Node Loss: 0.0120, Test Reg Loss: 0.1860, Test MAPE: 12.8246, Test R: 0.9830, Test RRSE: 0.4860
2025-02-10 16:38:18,827:INFO:Epoch 252: Train Loss: 3.1199, Train Node Loss: 0.0118, Train Reg Loss: 0.0311, Train MAPE: 12.7146, Train R: 0.9804, Train RRSE: 0.2011, Test Loss: 5.5397, Test Node Loss: 0.0120, Test Reg Loss: 0.0553, Test MAPE: 13.3161, Test R: 0.9829, Test RRSE: 0.2650
2025-02-10 16:38:41,915:INFO:Epoch 253: Train Loss: 2.5112, Train Node Loss: 0.0124, Train Reg Loss: 0.0250, Train MAPE: 12.9010, Train R: 0.9852, Train RRSE: 0.1803, Test Loss: 3.1293, Test Node Loss: 0.0116, Test Reg Loss: 0.0312, Test MAPE: 13.2620, Test R: 0.9835, Test RRSE: 0.1990
2025-02-10 16:39:05,223:INFO:Epoch 254: Train Loss: 4.2227, Train Node Loss: 0.0117, Train Reg Loss: 0.0421, Train MAPE: 12.8537, Train R: 0.9735, Train RRSE: 0.2341, Test Loss: 14.7189, Test Node Loss: 0.0122, Test Reg Loss: 0.1471, Test MAPE: 13.1698, Test R: 0.9838, Test RRSE: 0.4322
2025-02-10 16:39:28,259:INFO:Epoch 255: Train Loss: 2.7140, Train Node Loss: 0.0127, Train Reg Loss: 0.0270, Train MAPE: 13.1169, Train R: 0.9829, Train RRSE: 0.1875, Test Loss: 3.0333, Test Node Loss: 0.0122, Test Reg Loss: 0.0302, Test MAPE: 13.1488, Test R: 0.9839, Test RRSE: 0.1959
2025-02-10 16:39:51,671:INFO:Epoch 256: Train Loss: 2.8287, Train Node Loss: 0.0119, Train Reg Loss: 0.0282, Train MAPE: 12.6128, Train R: 0.9837, Train RRSE: 0.1915, Test Loss: 8.4412, Test Node Loss: 0.0105, Test Reg Loss: 0.0843, Test MAPE: 12.5269, Test R: 0.9839, Test RRSE: 0.3272
2025-02-10 16:40:14,785:INFO:Epoch 257: Train Loss: 3.1529, Train Node Loss: 0.0115, Train Reg Loss: 0.0314, Train MAPE: 12.8821, Train R: 0.9802, Train RRSE: 0.2022, Test Loss: 7.4829, Test Node Loss: 0.0116, Test Reg Loss: 0.0747, Test MAPE: 13.3471, Test R: 0.9830, Test RRSE: 0.3080
2025-02-10 16:40:37,954:INFO:Epoch 258: Train Loss: 4.1377, Train Node Loss: 0.0124, Train Reg Loss: 0.0413, Train MAPE: 12.9455, Train R: 0.9729, Train RRSE: 0.2317, Test Loss: 2.9263, Test Node Loss: 0.0112, Test Reg Loss: 0.0292, Test MAPE: 13.4841, Test R: 0.9835, Test RRSE: 0.1924
2025-02-10 16:41:01,192:INFO:Epoch 259: Train Loss: 3.1508, Train Node Loss: 0.0123, Train Reg Loss: 0.0314, Train MAPE: 12.7408, Train R: 0.9795, Train RRSE: 0.2021, Test Loss: 7.6909, Test Node Loss: 0.0124, Test Reg Loss: 0.0768, Test MAPE: 12.9146, Test R: 0.9838, Test RRSE: 0.3123
2025-02-10 16:41:24,294:INFO:Epoch 260: Train Loss: 2.5827, Train Node Loss: 0.0124, Train Reg Loss: 0.0257, Train MAPE: 12.6876, Train R: 0.9834, Train RRSE: 0.1829, Test Loss: 6.5183, Test Node Loss: 0.0126, Test Reg Loss: 0.0651, Test MAPE: 12.8060, Test R: 0.9841, Test RRSE: 0.2874
2025-02-10 16:41:24,358:INFO:Checkpoint saved at best_0.0008_0.001_256_SAGE_3_32_0.9841_epoch_260.pth
2025-02-10 16:41:47,158:INFO:Epoch 261: Train Loss: 2.4826, Train Node Loss: 0.0133, Train Reg Loss: 0.0247, Train MAPE: 12.8950, Train R: 0.9843, Train RRSE: 0.1793, Test Loss: 4.9746, Test Node Loss: 0.0130, Test Reg Loss: 0.0496, Test MAPE: 13.1407, Test R: 0.9843, Test RRSE: 0.2510
2025-02-10 16:41:47,191:INFO:Checkpoint saved at best_0.0008_0.001_256_SAGE_3_32_0.9843_epoch_261.pth
2025-02-10 16:42:10,256:INFO:Epoch 262: Train Loss: 5.1432, Train Node Loss: 0.0131, Train Reg Loss: 0.0513, Train MAPE: 12.8741, Train R: 0.9700, Train RRSE: 0.2584, Test Loss: 24.6378, Test Node Loss: 0.0134, Test Reg Loss: 0.2462, Test MAPE: 13.2822, Test R: 0.9827, Test RRSE: 0.5592
2025-02-10 16:42:33,457:INFO:Epoch 263: Train Loss: 3.1464, Train Node Loss: 0.0130, Train Reg Loss: 0.0313, Train MAPE: 12.5859, Train R: 0.9809, Train RRSE: 0.2019, Test Loss: 4.6286, Test Node Loss: 0.0112, Test Reg Loss: 0.0462, Test MAPE: 13.8580, Test R: 0.9837, Test RRSE: 0.2422
2025-02-10 16:42:57,666:INFO:Epoch 264: Train Loss: 2.8436, Train Node Loss: 0.0126, Train Reg Loss: 0.0283, Train MAPE: 12.7630, Train R: 0.9816, Train RRSE: 0.1919, Test Loss: 21.5004, Test Node Loss: 0.0125, Test Reg Loss: 0.2149, Test MAPE: 12.8076, Test R: 0.9831, Test RRSE: 0.5224
2025-02-10 16:43:21,711:INFO:Epoch 265: Train Loss: 2.7051, Train Node Loss: 0.0127, Train Reg Loss: 0.0269, Train MAPE: 12.6433, Train R: 0.9832, Train RRSE: 0.1872, Test Loss: 2.9798, Test Node Loss: 0.0123, Test Reg Loss: 0.0297, Test MAPE: 13.1432, Test R: 0.9838, Test RRSE: 0.1941
2025-02-10 16:43:46,045:INFO:Epoch 266: Train Loss: 3.7386, Train Node Loss: 0.0131, Train Reg Loss: 0.0373, Train MAPE: 12.9449, Train R: 0.9755, Train RRSE: 0.2202, Test Loss: 11.1043, Test Node Loss: 0.0132, Test Reg Loss: 0.1109, Test MAPE: 12.8498, Test R: 0.9840, Test RRSE: 0.3753
2025-02-10 16:44:10,328:INFO:Epoch 267: Train Loss: 2.1370, Train Node Loss: 0.0133, Train Reg Loss: 0.0212, Train MAPE: 12.8603, Train R: 0.9861, Train RRSE: 0.1662, Test Loss: 5.6047, Test Node Loss: 0.0130, Test Reg Loss: 0.0559, Test MAPE: 13.0786, Test R: 0.9845, Test RRSE: 0.2665
2025-02-10 16:44:10,370:INFO:Checkpoint saved at best_0.0008_0.001_256_SAGE_3_32_0.9845_epoch_267.pth
2025-02-10 16:44:34,618:INFO:Epoch 268: Train Loss: 1.7648, Train Node Loss: 0.0133, Train Reg Loss: 0.0175, Train MAPE: 12.8252, Train R: 0.9892, Train RRSE: 0.1510, Test Loss: 10.5207, Test Node Loss: 0.0136, Test Reg Loss: 0.1051, Test MAPE: 12.9821, Test R: 0.9842, Test RRSE: 0.3653
2025-02-10 16:44:59,110:INFO:Epoch 269: Train Loss: 3.3268, Train Node Loss: 0.0140, Train Reg Loss: 0.0331, Train MAPE: 12.6481, Train R: 0.9802, Train RRSE: 0.2076, Test Loss: 3.0190, Test Node Loss: 0.0131, Test Reg Loss: 0.0301, Test MAPE: 13.3094, Test R: 0.9837, Test RRSE: 0.1954
2025-02-10 16:45:23,017:INFO:Epoch 270: Train Loss: 2.8703, Train Node Loss: 0.0135, Train Reg Loss: 0.0286, Train MAPE: 12.9390, Train R: 0.9831, Train RRSE: 0.1928, Test Loss: 19.3131, Test Node Loss: 0.0128, Test Reg Loss: 0.1930, Test MAPE: 12.7658, Test R: 0.9835, Test RRSE: 0.4951
2025-02-10 16:45:47,164:INFO:Epoch 271: Train Loss: 3.4924, Train Node Loss: 0.0127, Train Reg Loss: 0.0348, Train MAPE: 12.6390, Train R: 0.9783, Train RRSE: 0.2128, Test Loss: 3.3972, Test Node Loss: 0.0122, Test Reg Loss: 0.0338, Test MAPE: 13.1657, Test R: 0.9840, Test RRSE: 0.2073
2025-02-10 16:46:11,571:INFO:Epoch 272: Train Loss: 2.9052, Train Node Loss: 0.0135, Train Reg Loss: 0.0289, Train MAPE: 12.8540, Train R: 0.9810, Train RRSE: 0.1940, Test Loss: 5.8998, Test Node Loss: 0.0131, Test Reg Loss: 0.0589, Test MAPE: 13.3042, Test R: 0.9840, Test RRSE: 0.2734
2025-02-10 16:46:35,874:INFO:Epoch 273: Train Loss: 1.6736, Train Node Loss: 0.0138, Train Reg Loss: 0.0166, Train MAPE: 12.8546, Train R: 0.9897, Train RRSE: 0.1470, Test Loss: 3.7421, Test Node Loss: 0.0127, Test Reg Loss: 0.0373, Test MAPE: 13.2145, Test R: 0.9838, Test RRSE: 0.2176
2025-02-10 16:47:00,371:INFO:Epoch 274: Train Loss: 3.4448, Train Node Loss: 0.0129, Train Reg Loss: 0.0343, Train MAPE: 12.7639, Train R: 0.9792, Train RRSE: 0.2113, Test Loss: 13.7432, Test Node Loss: 0.0134, Test Reg Loss: 0.1373, Test MAPE: 12.9101, Test R: 0.9833, Test RRSE: 0.4176
2025-02-10 16:47:24,330:INFO:Epoch 275: Train Loss: 3.1909, Train Node Loss: 0.0137, Train Reg Loss: 0.0318, Train MAPE: 12.6162, Train R: 0.9829, Train RRSE: 0.2033, Test Loss: 3.5243, Test Node Loss: 0.0125, Test Reg Loss: 0.0351, Test MAPE: 13.5094, Test R: 0.9841, Test RRSE: 0.2112
2025-02-10 16:47:48,562:INFO:Epoch 276: Train Loss: 4.4748, Train Node Loss: 0.0133, Train Reg Loss: 0.0446, Train MAPE: 13.1317, Train R: 0.9721, Train RRSE: 0.2410, Test Loss: 27.9347, Test Node Loss: 0.0125, Test Reg Loss: 0.2792, Test MAPE: 13.3201, Test R: 0.9842, Test RRSE: 0.5955
2025-02-10 16:48:12,470:INFO:Epoch 277: Train Loss: 4.4524, Train Node Loss: 0.0123, Train Reg Loss: 0.0444, Train MAPE: 12.9538, Train R: 0.9724, Train RRSE: 0.2404, Test Loss: 19.7042, Test Node Loss: 0.0128, Test Reg Loss: 0.1969, Test MAPE: 13.5043, Test R: 0.9838, Test RRSE: 0.5001
2025-02-10 16:48:36,229:INFO:Epoch 278: Train Loss: 3.4119, Train Node Loss: 0.0131, Train Reg Loss: 0.0340, Train MAPE: 12.8494, Train R: 0.9778, Train RRSE: 0.2103, Test Loss: 18.0635, Test Node Loss: 0.0128, Test Reg Loss: 0.1805, Test MAPE: 13.0062, Test R: 0.9834, Test RRSE: 0.4788
2025-02-10 16:49:00,209:INFO:Epoch 279: Train Loss: 4.2696, Train Node Loss: 0.0125, Train Reg Loss: 0.0426, Train MAPE: 12.5510, Train R: 0.9740, Train RRSE: 0.2354, Test Loss: 3.1633, Test Node Loss: 0.0116, Test Reg Loss: 0.0315, Test MAPE: 13.0938, Test R: 0.9840, Test RRSE: 0.2001
2025-02-10 16:49:23,503:INFO:Epoch 280: Train Loss: 2.6976, Train Node Loss: 0.0127, Train Reg Loss: 0.0268, Train MAPE: 12.8439, Train R: 0.9825, Train RRSE: 0.1869, Test Loss: 18.4739, Test Node Loss: 0.0133, Test Reg Loss: 0.1846, Test MAPE: 13.2573, Test R: 0.9844, Test RRSE: 0.4842
2025-02-10 16:49:47,547:INFO:Epoch 281: Train Loss: 1.7517, Train Node Loss: 0.0129, Train Reg Loss: 0.0174, Train MAPE: 12.9833, Train R: 0.9887, Train RRSE: 0.1504, Test Loss: 4.3781, Test Node Loss: 0.0120, Test Reg Loss: 0.0437, Test MAPE: 12.6313, Test R: 0.9844, Test RRSE: 0.2355
2025-02-10 16:50:11,715:INFO:Epoch 282: Train Loss: 3.2160, Train Node Loss: 0.0124, Train Reg Loss: 0.0320, Train MAPE: 12.5475, Train R: 0.9796, Train RRSE: 0.2042, Test Loss: 3.5882, Test Node Loss: 0.0124, Test Reg Loss: 0.0358, Test MAPE: 12.9796, Test R: 0.9844, Test RRSE: 0.2131
2025-02-10 16:50:36,068:INFO:Epoch 283: Train Loss: 2.2230, Train Node Loss: 0.0127, Train Reg Loss: 0.0221, Train MAPE: 12.9582, Train R: 0.9865, Train RRSE: 0.1696, Test Loss: 5.5072, Test Node Loss: 0.0124, Test Reg Loss: 0.0549, Test MAPE: 13.2567, Test R: 0.9846, Test RRSE: 0.2642
2025-02-10 16:50:36,108:INFO:Checkpoint saved at best_0.0008_0.001_256_SAGE_3_32_0.9846_epoch_283.pth
2025-02-10 16:50:59,987:INFO:Epoch 284: Train Loss: 2.6738, Train Node Loss: 0.0126, Train Reg Loss: 0.0266, Train MAPE: 12.7622, Train R: 0.9828, Train RRSE: 0.1861, Test Loss: 4.0043, Test Node Loss: 0.0121, Test Reg Loss: 0.0399, Test MAPE: 12.9383, Test R: 0.9847, Test RRSE: 0.2252
2025-02-10 16:51:00,011:INFO:Checkpoint saved at best_0.0008_0.001_256_SAGE_3_32_0.9847_epoch_284.pth
2025-02-10 16:51:23,457:INFO:Epoch 285: Train Loss: 2.8668, Train Node Loss: 0.0121, Train Reg Loss: 0.0285, Train MAPE: 13.1584, Train R: 0.9851, Train RRSE: 0.1927, Test Loss: 27.5328, Test Node Loss: 0.0130, Test Reg Loss: 0.2752, Test MAPE: 13.1453, Test R: 0.9839, Test RRSE: 0.5912
2025-02-10 16:51:47,796:INFO:Epoch 286: Train Loss: 3.0459, Train Node Loss: 0.0122, Train Reg Loss: 0.0303, Train MAPE: 12.5721, Train R: 0.9848, Train RRSE: 0.1987, Test Loss: 2.5945, Test Node Loss: 0.0114, Test Reg Loss: 0.0258, Test MAPE: 12.9918, Test R: 0.9846, Test RRSE: 0.1811
2025-02-10 16:52:11,705:INFO:Epoch 287: Train Loss: 3.7629, Train Node Loss: 0.0123, Train Reg Loss: 0.0375, Train MAPE: 12.9500, Train R: 0.9757, Train RRSE: 0.2209, Test Loss: 4.4222, Test Node Loss: 0.0120, Test Reg Loss: 0.0441, Test MAPE: 13.3770, Test R: 0.9840, Test RRSE: 0.2367
2025-02-10 16:52:35,660:INFO:Epoch 288: Train Loss: 2.3888, Train Node Loss: 0.0122, Train Reg Loss: 0.0238, Train MAPE: 12.9364, Train R: 0.9844, Train RRSE: 0.1759, Test Loss: 2.7513, Test Node Loss: 0.0113, Test Reg Loss: 0.0274, Test MAPE: 12.9683, Test R: 0.9843, Test RRSE: 0.1865
2025-02-10 16:52:59,459:INFO:Epoch 289: Train Loss: 3.1871, Train Node Loss: 0.0120, Train Reg Loss: 0.0318, Train MAPE: 12.7054, Train R: 0.9802, Train RRSE: 0.2033, Test Loss: 2.6076, Test Node Loss: 0.0117, Test Reg Loss: 0.0260, Test MAPE: 13.2389, Test R: 0.9842, Test RRSE: 0.1816
2025-02-10 16:53:23,171:INFO:Epoch 290: Train Loss: 3.5337, Train Node Loss: 0.0116, Train Reg Loss: 0.0352, Train MAPE: 13.1373, Train R: 0.9826, Train RRSE: 0.2141, Test Loss: 38.1253, Test Node Loss: 0.0112, Test Reg Loss: 0.3811, Test MAPE: 13.3175, Test R: 0.9838, Test RRSE: 0.6957
2025-02-10 16:53:46,685:INFO:Epoch 291: Train Loss: 4.6817, Train Node Loss: 0.0106, Train Reg Loss: 0.0467, Train MAPE: 12.1061, Train R: 0.9821, Train RRSE: 0.2465, Test Loss: 2.5528, Test Node Loss: 0.0084, Test Reg Loss: 0.0254, Test MAPE: 13.0772, Test R: 0.9843, Test RRSE: 0.1798
2025-02-10 16:54:10,516:INFO:Epoch 292: Train Loss: 7.0899, Train Node Loss: 0.0100, Train Reg Loss: 0.0708, Train MAPE: 13.2803, Train R: 0.9608, Train RRSE: 0.3035, Test Loss: 24.6831, Test Node Loss: 0.0107, Test Reg Loss: 0.2467, Test MAPE: 13.9961, Test R: 0.9830, Test RRSE: 0.5598
2025-02-10 16:54:34,185:INFO:Epoch 293: Train Loss: 6.2501, Train Node Loss: 0.0109, Train Reg Loss: 0.0624, Train MAPE: 13.2845, Train R: 0.9607, Train RRSE: 0.2849, Test Loss: 2.9906, Test Node Loss: 0.0095, Test Reg Loss: 0.0298, Test MAPE: 13.1918, Test R: 0.9838, Test RRSE: 0.1946
2025-02-10 16:54:57,737:INFO:Epoch 294: Train Loss: 6.8502, Train Node Loss: 0.0102, Train Reg Loss: 0.0684, Train MAPE: 12.3186, Train R: 0.9692, Train RRSE: 0.2983, Test Loss: 16.8570, Test Node Loss: 0.0092, Test Reg Loss: 0.1685, Test MAPE: 14.5129, Test R: 0.9843, Test RRSE: 0.4626
2025-02-10 16:55:21,337:INFO:Epoch 295: Train Loss: 7.0444, Train Node Loss: 0.0103, Train Reg Loss: 0.0703, Train MAPE: 13.0312, Train R: 0.9554, Train RRSE: 0.3025, Test Loss: 2.7796, Test Node Loss: 0.0104, Test Reg Loss: 0.0277, Test MAPE: 13.3194, Test R: 0.9847, Test RRSE: 0.1875
2025-02-10 16:55:21,399:INFO:Checkpoint saved at best_0.0008_0.001_256_SAGE_3_32_0.9847_epoch_295.pth
2025-02-10 16:55:44,688:INFO:Epoch 296: Train Loss: 3.7178, Train Node Loss: 0.0108, Train Reg Loss: 0.0371, Train MAPE: 13.0874, Train R: 0.9764, Train RRSE: 0.2196, Test Loss: 6.3945, Test Node Loss: 0.0115, Test Reg Loss: 0.0638, Test MAPE: 13.0482, Test R: 0.9847, Test RRSE: 0.2847
2025-02-10 16:56:08,222:INFO:Epoch 297: Train Loss: 3.5780, Train Node Loss: 0.0113, Train Reg Loss: 0.0357, Train MAPE: 12.6300, Train R: 0.9772, Train RRSE: 0.2154, Test Loss: 13.1950, Test Node Loss: 0.0123, Test Reg Loss: 0.1318, Test MAPE: 12.8160, Test R: 0.9842, Test RRSE: 0.4092
2025-02-10 16:56:31,755:INFO:Epoch 298: Train Loss: 3.6426, Train Node Loss: 0.0119, Train Reg Loss: 0.0363, Train MAPE: 12.7525, Train R: 0.9785, Train RRSE: 0.2174, Test Loss: 2.9296, Test Node Loss: 0.0107, Test Reg Loss: 0.0292, Test MAPE: 13.7327, Test R: 0.9841, Test RRSE: 0.1925
2025-02-10 16:56:55,558:INFO:Epoch 299: Train Loss: 2.9984, Train Node Loss: 0.0115, Train Reg Loss: 0.0299, Train MAPE: 12.6913, Train R: 0.9811, Train RRSE: 0.1971, Test Loss: 10.3515, Test Node Loss: 0.0109, Test Reg Loss: 0.1034, Test MAPE: 12.8371, Test R: 0.9843, Test RRSE: 0.3624
2025-02-10 16:57:19,490:INFO:Epoch 300: Train Loss: 4.3404, Train Node Loss: 0.0107, Train Reg Loss: 0.0433, Train MAPE: 13.0571, Train R: 0.9770, Train RRSE: 0.2374, Test Loss: 39.3756, Test Node Loss: 0.0124, Test Reg Loss: 0.3936, Test MAPE: 13.9683, Test R: 0.9836, Test RRSE: 0.7071
2025-02-10 16:57:19,490:INFO:Best performance at epoch 295 with Test MAPE: 0.9847
