2025-02-10 14:55:40,328:INFO:Learning rate: 0.0008
2025-02-10 14:55:40,328:INFO:Weight decay: 0.001
2025-02-10 14:55:40,328:INFO:Batch size: 32
2025-02-10 14:55:40,328:INFO:Number of layers: 2
2025-02-10 14:55:40,328:INFO:Convolution type: SAGE
2025-02-10 14:55:40,328:INFO:Convolution neurons: 256
2025-02-10 15:00:43,519:INFO:Learning rate: 0.0008
2025-02-10 15:00:43,522:INFO:Weight decay: 0.001
2025-02-10 15:00:43,522:INFO:Batch size: 32
2025-02-10 15:00:43,522:INFO:Number of layers: 2
2025-02-10 15:00:43,522:INFO:Convolution type: SAGE
2025-02-10 15:00:43,522:INFO:Convolution neurons: 256
2025-02-10 15:00:57,691:INFO:Epoch 1: Train Loss: 30917.1847, Train Node Loss: 0.9992, Train Reg Loss: 309.1619, Train MAPE: 96.3924, Train R: -0.0448, Train RRSE: 3.7396, Test Loss: 28888.0505, Test Node Loss: 6.9265, Test Reg Loss: 288.8112, Test MAPE: 92.0284, Test R: 0.7117, Test RRSE: 3.5739
2025-02-10 15:00:57,728:INFO:Checkpoint saved at best_0.0008_0.001_256_SAGE_2_32_0.7117_epoch_1.pth
2025-02-10 15:01:11,405:INFO:Epoch 2: Train Loss: 22607.2898, Train Node Loss: 71.5973, Train Reg Loss: 225.3569, Train MAPE: 79.8472, Train R: -0.0109, Train RRSE: 3.1927, Test Loss: 11086.6599, Test Node Loss: 444.4544, Test Reg Loss: 106.4221, Test MAPE: 49.7548, Test R: 0.7380, Test RRSE: 2.1695
2025-02-10 15:01:11,432:INFO:Checkpoint saved at best_0.0008_0.001_256_SAGE_2_32_0.7380_epoch_2.pth
2025-02-10 15:01:25,264:INFO:Epoch 3: Train Loss: 6355.4445, Train Node Loss: 1335.4660, Train Reg Loss: 50.1998, Train MAPE: 35.4509, Train R: 0.1200, Train RRSE: 1.5069, Test Loss: 11482.7756, Test Node Loss: 2916.8473, Test Reg Loss: 85.6593, Test MAPE: 57.2905, Test R: 0.7416, Test RRSE: 1.9464
2025-02-10 15:01:25,282:INFO:Checkpoint saved at best_0.0008_0.001_256_SAGE_2_32_0.7416_epoch_3.pth
2025-02-10 15:01:39,026:INFO:Epoch 4: Train Loss: 4003.8860, Train Node Loss: 1295.1754, Train Reg Loss: 27.0871, Train MAPE: 23.6278, Train R: 0.1188, Train RRSE: 1.1069, Test Loss: 3642.0661, Test Node Loss: 707.7886, Test Reg Loss: 29.3428, Test MAPE: 17.2475, Test R: 0.7502, Test RRSE: 1.1392
2025-02-10 15:01:39,057:INFO:Checkpoint saved at best_0.0008_0.001_256_SAGE_2_32_0.7502_epoch_4.pth
2025-02-10 15:01:52,585:INFO:Epoch 5: Train Loss: 3399.6153, Train Node Loss: 653.3660, Train Reg Loss: 27.4625, Train MAPE: 17.2933, Train R: 0.3906, Train RRSE: 1.1145, Test Loss: 2680.9988, Test Node Loss: 870.8410, Test Reg Loss: 18.1016, Test MAPE: 19.3298, Test R: 0.7541, Test RRSE: 0.8947
2025-02-10 15:01:52,612:INFO:Checkpoint saved at best_0.0008_0.001_256_SAGE_2_32_0.7541_epoch_5.pth
2025-02-10 15:02:06,501:INFO:Epoch 6: Train Loss: 2765.6065, Train Node Loss: 880.7243, Train Reg Loss: 18.8488, Train MAPE: 21.8301, Train R: 0.5693, Train RRSE: 0.9234, Test Loss: 2563.9131, Test Node Loss: 773.4093, Test Reg Loss: 17.9050, Test MAPE: 20.7397, Test R: 0.7580, Test RRSE: 0.8899
2025-02-10 15:02:06,521:INFO:Checkpoint saved at best_0.0008_0.001_256_SAGE_2_32_0.7580_epoch_6.pth
2025-02-10 15:02:20,317:INFO:Epoch 7: Train Loss: 2392.0704, Train Node Loss: 613.9664, Train Reg Loss: 17.7810, Train MAPE: 17.5474, Train R: 0.6328, Train RRSE: 0.8968, Test Loss: 2525.7601, Test Node Loss: 503.6952, Test Reg Loss: 20.2206, Test MAPE: 16.2893, Test R: 0.7597, Test RRSE: 0.9457
2025-02-10 15:02:20,340:INFO:Checkpoint saved at best_0.0008_0.001_256_SAGE_2_32_0.7597_epoch_7.pth
2025-02-10 15:02:34,280:INFO:Epoch 8: Train Loss: 2315.3208, Train Node Loss: 507.8843, Train Reg Loss: 18.0744, Train MAPE: 16.9168, Train R: 0.7257, Train RRSE: 0.9042, Test Loss: 2264.1986, Test Node Loss: 536.1571, Test Reg Loss: 17.2804, Test MAPE: 18.3977, Test R: 0.7599, Test RRSE: 0.8742
2025-02-10 15:02:34,300:INFO:Checkpoint saved at best_0.0008_0.001_256_SAGE_2_32_0.7599_epoch_8.pth
2025-02-10 15:02:48,101:INFO:Epoch 9: Train Loss: 2215.7655, Train Node Loss: 563.3253, Train Reg Loss: 16.5244, Train MAPE: 20.6425, Train R: 0.7686, Train RRSE: 0.8645, Test Loss: 2199.6997, Test Node Loss: 452.8016, Test Reg Loss: 17.4690, Test MAPE: 17.4844, Test R: 0.7593, Test RRSE: 0.8790
2025-02-10 15:03:01,875:INFO:Epoch 10: Train Loss: 2233.6565, Train Node Loss: 406.0677, Train Reg Loss: 18.2759, Train MAPE: 17.4557, Train R: 0.6177, Train RRSE: 0.9092, Test Loss: 2241.2439, Test Node Loss: 374.7600, Test Reg Loss: 18.6648, Test MAPE: 16.5254, Test R: 0.7558, Test RRSE: 0.9086
2025-02-10 15:03:15,875:INFO:Epoch 11: Train Loss: 2125.1728, Train Node Loss: 477.8364, Train Reg Loss: 16.4734, Train MAPE: 21.3984, Train R: 0.6406, Train RRSE: 0.8632, Test Loss: 2030.2943, Test Node Loss: 389.0795, Test Reg Loss: 16.4121, Test MAPE: 17.7498, Test R: 0.7524, Test RRSE: 0.8520
2025-02-10 15:03:29,662:INFO:Epoch 12: Train Loss: 1878.8844, Train Node Loss: 376.8269, Train Reg Loss: 15.0206, Train MAPE: 18.0514, Train R: 0.7473, Train RRSE: 0.8243, Test Loss: 2429.8811, Test Node Loss: 281.6832, Test Reg Loss: 21.4820, Test MAPE: 16.8743, Test R: 0.7460, Test RRSE: 0.9747
2025-02-10 15:03:43,788:INFO:Epoch 13: Train Loss: 1766.0951, Train Node Loss: 359.5826, Train Reg Loss: 14.0651, Train MAPE: 18.7091, Train R: 0.7363, Train RRSE: 0.7976, Test Loss: 1967.6945, Test Node Loss: 318.0012, Test Reg Loss: 16.4969, Test MAPE: 17.5389, Test R: 0.7368, Test RRSE: 0.8542
2025-02-10 15:03:57,927:INFO:Epoch 14: Train Loss: 1656.5059, Train Node Loss: 355.8484, Train Reg Loss: 13.0066, Train MAPE: 19.8699, Train R: 0.7229, Train RRSE: 0.7670, Test Loss: 2369.3279, Test Node Loss: 250.7080, Test Reg Loss: 21.1862, Test MAPE: 18.2893, Test R: 0.7222, Test RRSE: 0.9680
2025-02-10 15:04:11,790:INFO:Epoch 15: Train Loss: 1547.2510, Train Node Loss: 361.9311, Train Reg Loss: 11.8532, Train MAPE: 21.4784, Train R: 0.7170, Train RRSE: 0.7322, Test Loss: 3262.2419, Test Node Loss: 186.8707, Test Reg Loss: 30.7537, Test MAPE: 22.9597, Test R: 0.7031, Test RRSE: 1.1662
2025-02-10 15:04:25,756:INFO:Epoch 16: Train Loss: 1519.5161, Train Node Loss: 308.2509, Train Reg Loss: 12.1127, Train MAPE: 21.1715, Train R: 0.6905, Train RRSE: 0.7402, Test Loss: 1530.4451, Test Node Loss: 346.0297, Test Reg Loss: 11.8442, Test MAPE: 21.3990, Test R: 0.7068, Test RRSE: 0.7238
2025-02-10 15:04:39,709:INFO:Epoch 17: Train Loss: 1457.7871, Train Node Loss: 318.1011, Train Reg Loss: 11.3969, Train MAPE: 22.6012, Train R: 0.6982, Train RRSE: 0.7180, Test Loss: 2273.3042, Test Node Loss: 211.9918, Test Reg Loss: 20.6131, Test MAPE: 21.3878, Test R: 0.7040, Test RRSE: 0.9548
2025-02-10 15:04:53,519:INFO:Epoch 18: Train Loss: 1333.5140, Train Node Loss: 307.4882, Train Reg Loss: 10.2603, Train MAPE: 22.7492, Train R: 0.7385, Train RRSE: 0.6812, Test Loss: 1986.9017, Test Node Loss: 219.7666, Test Reg Loss: 17.6714, Test MAPE: 21.4720, Test R: 0.7059, Test RRSE: 0.8840
2025-02-10 15:05:07,311:INFO:Epoch 19: Train Loss: 1267.5178, Train Node Loss: 271.6659, Train Reg Loss: 9.9585, Train MAPE: 22.1622, Train R: 0.7500, Train RRSE: 0.6712, Test Loss: 1815.5418, Test Node Loss: 218.5625, Test Reg Loss: 15.9698, Test MAPE: 21.5921, Test R: 0.7115, Test RRSE: 0.8404
2025-02-10 15:05:21,303:INFO:Epoch 20: Train Loss: 1260.6878, Train Node Loss: 283.4820, Train Reg Loss: 9.7721, Train MAPE: 23.7047, Train R: 0.7515, Train RRSE: 0.6648, Test Loss: 3056.2832, Test Node Loss: 137.0527, Test Reg Loss: 29.1923, Test MAPE: 25.2905, Test R: 0.7172, Test RRSE: 1.1363
2025-02-10 15:05:35,337:INFO:Epoch 21: Train Loss: 1438.0831, Train Node Loss: 223.5623, Train Reg Loss: 12.1452, Train MAPE: 22.8968, Train R: 0.6829, Train RRSE: 0.7412, Test Loss: 1348.0983, Test Node Loss: 267.7116, Test Reg Loss: 10.8039, Test MAPE: 23.3285, Test R: 0.7232, Test RRSE: 0.6912
2025-02-10 15:05:49,176:INFO:Epoch 22: Train Loss: 1309.9150, Train Node Loss: 214.5431, Train Reg Loss: 10.9537, Train MAPE: 22.2135, Train R: 0.7204, Train RRSE: 0.7039, Test Loss: 1721.2693, Test Node Loss: 172.6685, Test Reg Loss: 15.4860, Test MAPE: 21.3392, Test R: 0.7295, Test RRSE: 0.8276
2025-02-10 15:06:02,883:INFO:Epoch 23: Train Loss: 1209.2498, Train Node Loss: 228.5771, Train Reg Loss: 9.8067, Train MAPE: 23.1566, Train R: 0.7587, Train RRSE: 0.6660, Test Loss: 1329.5549, Test Node Loss: 202.8268, Test Reg Loss: 11.2673, Test MAPE: 21.2929, Test R: 0.7345, Test RRSE: 0.7059
2025-02-10 15:06:16,714:INFO:Epoch 24: Train Loss: 1198.1093, Train Node Loss: 193.7924, Train Reg Loss: 10.0432, Train MAPE: 21.9733, Train R: 0.7497, Train RRSE: 0.6740, Test Loss: 1598.8971, Test Node Loss: 164.9106, Test Reg Loss: 14.3399, Test MAPE: 21.7265, Test R: 0.7335, Test RRSE: 0.7964
2025-02-10 15:06:30,506:INFO:Epoch 25: Train Loss: 1135.1254, Train Node Loss: 190.0915, Train Reg Loss: 9.4503, Train MAPE: 22.4389, Train R: 0.7625, Train RRSE: 0.6538, Test Loss: 1405.8724, Test Node Loss: 171.1664, Test Reg Loss: 12.3471, Test MAPE: 21.8314, Test R: 0.7370, Test RRSE: 0.7390
2025-02-10 15:06:44,249:INFO:Epoch 26: Train Loss: 1087.5848, Train Node Loss: 187.2361, Train Reg Loss: 9.0035, Train MAPE: 23.0069, Train R: 0.7736, Train RRSE: 0.6382, Test Loss: 1810.4078, Test Node Loss: 132.3888, Test Reg Loss: 16.7802, Test MAPE: 22.1614, Test R: 0.7445, Test RRSE: 0.8615
2025-02-10 15:06:58,023:INFO:Epoch 27: Train Loss: 1186.0657, Train Node Loss: 171.0175, Train Reg Loss: 10.1505, Train MAPE: 22.7497, Train R: 0.7375, Train RRSE: 0.6776, Test Loss: 1297.0615, Test Node Loss: 163.7470, Test Reg Loss: 11.3331, Test MAPE: 22.4025, Test R: 0.7447, Test RRSE: 0.7080
2025-02-10 15:07:12,315:INFO:Epoch 28: Train Loss: 1086.4946, Train Node Loss: 167.8960, Train Reg Loss: 9.1860, Train MAPE: 22.8920, Train R: 0.7653, Train RRSE: 0.6446, Test Loss: 2791.5682, Test Node Loss: 82.2254, Test Reg Loss: 27.0934, Test MAPE: 24.1258, Test R: 0.7573, Test RRSE: 1.0946
2025-02-10 15:07:26,408:INFO:Epoch 29: Train Loss: 1241.7547, Train Node Loss: 150.0935, Train Reg Loss: 10.9166, Train MAPE: 22.9896, Train R: 0.7135, Train RRSE: 0.7027, Test Loss: 1174.4573, Test Node Loss: 157.8056, Test Reg Loss: 10.1665, Test MAPE: 22.1620, Test R: 0.7524, Test RRSE: 0.6705
2025-02-10 15:07:40,435:INFO:Epoch 30: Train Loss: 1135.3332, Train Node Loss: 132.0628, Train Reg Loss: 10.0327, Train MAPE: 21.4988, Train R: 0.7600, Train RRSE: 0.6737, Test Loss: 1364.0588, Test Node Loss: 127.3726, Test Reg Loss: 12.3669, Test MAPE: 21.4071, Test R: 0.7540, Test RRSE: 0.7396
2025-02-10 15:07:54,775:INFO:Epoch 31: Train Loss: 1113.9252, Train Node Loss: 162.1975, Train Reg Loss: 9.5173, Train MAPE: 24.1974, Train R: 0.7695, Train RRSE: 0.6561, Test Loss: 1604.0068, Test Node Loss: 107.0887, Test Reg Loss: 14.9692, Test MAPE: 21.9763, Test R: 0.7533, Test RRSE: 0.8137
2025-02-10 15:08:08,800:INFO:Epoch 32: Train Loss: 1105.8541, Train Node Loss: 119.7263, Train Reg Loss: 9.8613, Train MAPE: 21.7925, Train R: 0.7673, Train RRSE: 0.6679, Test Loss: 1239.5030, Test Node Loss: 128.6551, Test Reg Loss: 11.1085, Test MAPE: 21.8411, Test R: 0.7534, Test RRSE: 0.7009
2025-02-10 15:08:23,050:INFO:Epoch 33: Train Loss: 1081.1374, Train Node Loss: 146.6977, Train Reg Loss: 9.3444, Train MAPE: 24.1676, Train R: 0.7681, Train RRSE: 0.6501, Test Loss: 2314.1729, Test Node Loss: 76.3054, Test Reg Loss: 22.3787, Test MAPE: 23.9191, Test R: 0.7596, Test RRSE: 0.9948
2025-02-10 15:08:37,463:INFO:Epoch 34: Train Loss: 1095.2856, Train Node Loss: 113.9381, Train Reg Loss: 9.8135, Train MAPE: 22.2236, Train R: 0.7563, Train RRSE: 0.6663, Test Loss: 1160.6080, Test Node Loss: 126.0087, Test Reg Loss: 10.3460, Test MAPE: 23.1109, Test R: 0.7574, Test RRSE: 0.6764
2025-02-10 15:08:51,673:INFO:Epoch 35: Train Loss: 996.8832, Train Node Loss: 127.4499, Train Reg Loss: 8.6943, Train MAPE: 23.9304, Train R: 0.7812, Train RRSE: 0.6271, Test Loss: 2268.5526, Test Node Loss: 69.0819, Test Reg Loss: 21.9947, Test MAPE: 23.4110, Test R: 0.7704, Test RRSE: 0.9863
2025-02-10 15:08:51,703:INFO:Checkpoint saved at best_0.0008_0.001_256_SAGE_2_32_0.7704_epoch_35.pth
2025-02-10 15:09:06,172:INFO:Epoch 36: Train Loss: 1071.6740, Train Node Loss: 107.9679, Train Reg Loss: 9.6371, Train MAPE: 22.4700, Train R: 0.7535, Train RRSE: 0.6602, Test Loss: 1138.1677, Test Node Loss: 109.4974, Test Reg Loss: 10.2867, Test MAPE: 21.9637, Test R: 0.7682, Test RRSE: 0.6745
2025-02-10 15:09:20,201:INFO:Epoch 37: Train Loss: 1038.6557, Train Node Loss: 103.0819, Train Reg Loss: 9.3557, Train MAPE: 22.5994, Train R: 0.7618, Train RRSE: 0.6505, Test Loss: 1773.5560, Test Node Loss: 70.4107, Test Reg Loss: 17.0315, Test MAPE: 21.8375, Test R: 0.7758, Test RRSE: 0.8679
2025-02-10 15:09:20,231:INFO:Checkpoint saved at best_0.0008_0.001_256_SAGE_2_32_0.7758_epoch_37.pth
2025-02-10 15:09:34,330:INFO:Epoch 38: Train Loss: 1063.1038, Train Node Loss: 111.4601, Train Reg Loss: 9.5164, Train MAPE: 23.6796, Train R: 0.7600, Train RRSE: 0.6561, Test Loss: 1196.8361, Test Node Loss: 91.9304, Test Reg Loss: 11.0491, Test MAPE: 21.6098, Test R: 0.7716, Test RRSE: 0.6990
2025-02-10 15:09:48,346:INFO:Epoch 39: Train Loss: 994.9671, Train Node Loss: 88.4391, Train Reg Loss: 9.0653, Train MAPE: 22.0333, Train R: 0.7829, Train RRSE: 0.6404, Test Loss: 1331.0876, Test Node Loss: 79.1607, Test Reg Loss: 12.5193, Test MAPE: 21.7624, Test R: 0.7721, Test RRSE: 0.7441
2025-02-10 15:10:02,264:INFO:Epoch 40: Train Loss: 971.7988, Train Node Loss: 95.0216, Train Reg Loss: 8.7678, Train MAPE: 22.8357, Train R: 0.7792, Train RRSE: 0.6298, Test Loss: 1239.1902, Test Node Loss: 81.4366, Test Reg Loss: 11.5775, Test MAPE: 21.9943, Test R: 0.7734, Test RRSE: 0.7156
2025-02-10 15:10:16,622:INFO:Epoch 41: Train Loss: 977.4225, Train Node Loss: 92.9341, Train Reg Loss: 8.8449, Train MAPE: 22.8343, Train R: 0.7772, Train RRSE: 0.6325, Test Loss: 1297.5851, Test Node Loss: 74.5644, Test Reg Loss: 12.2302, Test MAPE: 21.5580, Test R: 0.7739, Test RRSE: 0.7355
2025-02-10 15:10:30,870:INFO:Epoch 42: Train Loss: 977.6536, Train Node Loss: 88.4738, Train Reg Loss: 8.8918, Train MAPE: 22.9586, Train R: 0.7751, Train RRSE: 0.6342, Test Loss: 1199.8583, Test Node Loss: 77.4463, Test Reg Loss: 11.2241, Test MAPE: 22.0045, Test R: 0.7743, Test RRSE: 0.7046
2025-02-10 15:10:45,259:INFO:Epoch 43: Train Loss: 988.9415, Train Node Loss: 81.1730, Train Reg Loss: 9.0777, Train MAPE: 22.3282, Train R: 0.7719, Train RRSE: 0.6408, Test Loss: 1266.0088, Test Node Loss: 70.5378, Test Reg Loss: 11.9547, Test MAPE: 21.6853, Test R: 0.7791, Test RRSE: 0.7271
2025-02-10 15:10:45,298:INFO:Checkpoint saved at best_0.0008_0.001_256_SAGE_2_32_0.7791_epoch_43.pth
2025-02-10 15:10:59,388:INFO:Epoch 44: Train Loss: 968.2281, Train Node Loss: 89.4556, Train Reg Loss: 8.7877, Train MAPE: 23.8169, Train R: 0.7789, Train RRSE: 0.6305, Test Loss: 2077.9605, Test Node Loss: 47.0009, Test Reg Loss: 20.3096, Test MAPE: 22.9750, Test R: 0.7834, Test RRSE: 0.9477
2025-02-10 15:10:59,419:INFO:Checkpoint saved at best_0.0008_0.001_256_SAGE_2_32_0.7834_epoch_44.pth
2025-02-10 15:11:13,729:INFO:Epoch 45: Train Loss: 980.7132, Train Node Loss: 78.2200, Train Reg Loss: 9.0249, Train MAPE: 22.8688, Train R: 0.7706, Train RRSE: 0.6389, Test Loss: 1370.5727, Test Node Loss: 60.3760, Test Reg Loss: 13.1020, Test MAPE: 21.1847, Test R: 0.7860, Test RRSE: 0.7612
2025-02-10 15:11:13,751:INFO:Checkpoint saved at best_0.0008_0.001_256_SAGE_2_32_0.7860_epoch_45.pth
2025-02-10 15:11:28,190:INFO:Epoch 46: Train Loss: 990.4487, Train Node Loss: 63.9706, Train Reg Loss: 9.2648, Train MAPE: 21.3872, Train R: 0.7850, Train RRSE: 0.6474, Test Loss: 977.3441, Test Node Loss: 81.4195, Test Reg Loss: 8.9592, Test MAPE: 22.9939, Test R: 0.7823, Test RRSE: 0.6295
2025-02-10 15:11:42,152:INFO:Epoch 47: Train Loss: 963.5251, Train Node Loss: 83.5004, Train Reg Loss: 8.8002, Train MAPE: 24.3424, Train R: 0.7846, Train RRSE: 0.6309, Test Loss: 1949.7678, Test Node Loss: 41.8596, Test Reg Loss: 19.0791, Test MAPE: 22.5347, Test R: 0.7856, Test RRSE: 0.9186
2025-02-10 15:11:56,114:INFO:Epoch 48: Train Loss: 920.8473, Train Node Loss: 62.4424, Train Reg Loss: 8.5840, Train MAPE: 22.0795, Train R: 0.7947, Train RRSE: 0.6231, Test Loss: 994.2497, Test Node Loss: 74.7124, Test Reg Loss: 9.1954, Test MAPE: 23.0832, Test R: 0.7792, Test RRSE: 0.6377
2025-02-10 15:12:10,184:INFO:Epoch 49: Train Loss: 902.2547, Train Node Loss: 74.8558, Train Reg Loss: 8.2740, Train MAPE: 23.9259, Train R: 0.7950, Train RRSE: 0.6118, Test Loss: 1918.6187, Test Node Loss: 38.2865, Test Reg Loss: 18.8033, Test MAPE: 22.1425, Test R: 0.7873, Test RRSE: 0.9119
2025-02-10 15:12:10,235:INFO:Checkpoint saved at best_0.0008_0.001_256_SAGE_2_32_0.7873_epoch_49.pth
2025-02-10 15:12:24,568:INFO:Epoch 50: Train Loss: 991.4466, Train Node Loss: 61.8786, Train Reg Loss: 9.2957, Train MAPE: 22.4852, Train R: 0.7635, Train RRSE: 0.6484, Test Loss: 1092.9319, Test Node Loss: 58.4471, Test Reg Loss: 10.3448, Test MAPE: 21.6474, Test R: 0.7849, Test RRSE: 0.6764
2025-02-10 15:12:38,579:INFO:Epoch 51: Train Loss: 919.0256, Train Node Loss: 57.9376, Train Reg Loss: 8.6109, Train MAPE: 22.2146, Train R: 0.7896, Train RRSE: 0.6241, Test Loss: 1217.3702, Test Node Loss: 49.8892, Test Reg Loss: 11.6748, Test MAPE: 21.4526, Test R: 0.7866, Test RRSE: 0.7186
2025-02-10 15:12:52,523:INFO:Epoch 52: Train Loss: 887.4452, Train Node Loss: 67.0642, Train Reg Loss: 8.2038, Train MAPE: 24.1708, Train R: 0.7986, Train RRSE: 0.6092, Test Loss: 1539.4331, Test Node Loss: 40.0098, Test Reg Loss: 14.9942, Test MAPE: 21.9089, Test R: 0.7863, Test RRSE: 0.8143
2025-02-10 15:13:06,508:INFO:Epoch 53: Train Loss: 850.5560, Train Node Loss: 58.4644, Train Reg Loss: 7.9209, Train MAPE: 23.3555, Train R: 0.8019, Train RRSE: 0.5986, Test Loss: 1644.7199, Test Node Loss: 38.3904, Test Reg Loss: 16.0633, Test MAPE: 22.6535, Test R: 0.7875, Test RRSE: 0.8429
2025-02-10 15:13:06,538:INFO:Checkpoint saved at best_0.0008_0.001_256_SAGE_2_32_0.7875_epoch_53.pth
2025-02-10 15:13:20,790:INFO:Epoch 54: Train Loss: 895.7716, Train Node Loss: 51.2164, Train Reg Loss: 8.4456, Train MAPE: 22.3007, Train R: 0.7927, Train RRSE: 0.6181, Test Loss: 971.9345, Test Node Loss: 55.4414, Test Reg Loss: 9.1649, Test MAPE: 21.9349, Test R: 0.7891, Test RRSE: 0.6367
2025-02-10 15:13:20,813:INFO:Checkpoint saved at best_0.0008_0.001_256_SAGE_2_32_0.7891_epoch_54.pth
2025-02-10 15:13:34,935:INFO:Epoch 55: Train Loss: 894.7082, Train Node Loss: 56.3185, Train Reg Loss: 8.3839, Train MAPE: 23.1933, Train R: 0.7926, Train RRSE: 0.6158, Test Loss: 1422.2170, Test Node Loss: 37.5737, Test Reg Loss: 13.8464, Test MAPE: 21.3877, Test R: 0.7905, Test RRSE: 0.7825
2025-02-10 15:13:34,965:INFO:Checkpoint saved at best_0.0008_0.001_256_SAGE_2_32_0.7905_epoch_55.pth
2025-02-10 15:13:48,928:INFO:Epoch 56: Train Loss: 805.9484, Train Node Loss: 50.8408, Train Reg Loss: 7.5511, Train MAPE: 22.7067, Train R: 0.8157, Train RRSE: 0.5844, Test Loss: 1111.2137, Test Node Loss: 48.3925, Test Reg Loss: 10.6282, Test MAPE: 22.2482, Test R: 0.7879, Test RRSE: 0.6856
2025-02-10 15:14:02,893:INFO:Epoch 57: Train Loss: 865.4211, Train Node Loss: 50.3074, Train Reg Loss: 8.1511, Train MAPE: 23.0219, Train R: 0.7959, Train RRSE: 0.6072, Test Loss: 1253.0125, Test Node Loss: 39.7263, Test Reg Loss: 12.1329, Test MAPE: 21.8913, Test R: 0.7919, Test RRSE: 0.7325
2025-02-10 15:14:02,919:INFO:Checkpoint saved at best_0.0008_0.001_256_SAGE_2_32_0.7919_epoch_57.pth
2025-02-10 15:14:16,819:INFO:Epoch 58: Train Loss: 886.5025, Train Node Loss: 50.3002, Train Reg Loss: 8.3620, Train MAPE: 23.7333, Train R: 0.7887, Train RRSE: 0.6150, Test Loss: 1356.8607, Test Node Loss: 35.7811, Test Reg Loss: 13.2108, Test MAPE: 21.7647, Test R: 0.7932, Test RRSE: 0.7644
2025-02-10 15:14:16,840:INFO:Checkpoint saved at best_0.0008_0.001_256_SAGE_2_32_0.7932_epoch_58.pth
2025-02-10 15:14:30,831:INFO:Epoch 59: Train Loss: 845.6932, Train Node Loss: 51.0939, Train Reg Loss: 7.9460, Train MAPE: 23.8404, Train R: 0.8020, Train RRSE: 0.5995, Test Loss: 1839.0894, Test Node Loss: 25.2615, Test Reg Loss: 18.1383, Test MAPE: 21.4541, Test R: 0.7977, Test RRSE: 0.8956
2025-02-10 15:14:30,862:INFO:Checkpoint saved at best_0.0008_0.001_256_SAGE_2_32_0.7977_epoch_59.pth
2025-02-10 15:14:44,768:INFO:Epoch 60: Train Loss: 902.4057, Train Node Loss: 43.5001, Train Reg Loss: 8.5891, Train MAPE: 22.8858, Train R: 0.7848, Train RRSE: 0.6233, Test Loss: 1124.3832, Test Node Loss: 36.8468, Test Reg Loss: 10.8754, Test MAPE: 21.5112, Test R: 0.7966, Test RRSE: 0.6935
2025-02-10 15:14:58,751:INFO:Epoch 61: Train Loss: 863.9750, Train Node Loss: 38.3634, Train Reg Loss: 8.2561, Train MAPE: 21.9446, Train R: 0.8047, Train RRSE: 0.6111, Test Loss: 931.2407, Test Node Loss: 43.8703, Test Reg Loss: 8.8737, Test MAPE: 22.1668, Test R: 0.7920, Test RRSE: 0.6265
2025-02-10 15:15:12,806:INFO:Epoch 62: Train Loss: 930.8204, Train Node Loss: 47.7565, Train Reg Loss: 8.8306, Train MAPE: 24.1511, Train R: 0.7795, Train RRSE: 0.6320, Test Loss: 1929.8182, Test Node Loss: 20.8557, Test Reg Loss: 19.0896, Test MAPE: 21.6822, Test R: 0.7952, Test RRSE: 0.9188
2025-02-10 15:15:26,847:INFO:Epoch 63: Train Loss: 774.5365, Train Node Loss: 38.8362, Train Reg Loss: 7.3570, Train MAPE: 22.4879, Train R: 0.8227, Train RRSE: 0.5769, Test Loss: 925.3023, Test Node Loss: 45.7356, Test Reg Loss: 8.7957, Test MAPE: 23.3834, Test R: 0.7885, Test RRSE: 0.6237
2025-02-10 15:15:40,819:INFO:Epoch 64: Train Loss: 868.6083, Train Node Loss: 44.5153, Train Reg Loss: 8.2409, Train MAPE: 23.8022, Train R: 0.7941, Train RRSE: 0.6105, Test Loss: 1883.7770, Test Node Loss: 19.1055, Test Reg Loss: 18.6467, Test MAPE: 21.5979, Test R: 0.7937, Test RRSE: 0.9081
2025-02-10 15:15:54,800:INFO:Epoch 65: Train Loss: 892.4650, Train Node Loss: 35.8780, Train Reg Loss: 8.5659, Train MAPE: 22.6955, Train R: 0.7861, Train RRSE: 0.6225, Test Loss: 926.2159, Test Node Loss: 39.8577, Test Reg Loss: 8.8636, Test MAPE: 22.6705, Test R: 0.7901, Test RRSE: 0.6261
2025-02-10 15:16:08,976:INFO:Epoch 66: Train Loss: 906.1851, Train Node Loss: 35.3216, Train Reg Loss: 8.7086, Train MAPE: 22.5317, Train R: 0.7810, Train RRSE: 0.6276, Test Loss: 1204.1617, Test Node Loss: 27.2825, Test Reg Loss: 11.7688, Test MAPE: 21.1585, Test R: 0.7922, Test RRSE: 0.7214
2025-02-10 15:16:22,932:INFO:Epoch 67: Train Loss: 965.6903, Train Node Loss: 44.6847, Train Reg Loss: 9.2101, Train MAPE: 25.1079, Train R: 0.7788, Train RRSE: 0.6454, Test Loss: 1736.3560, Test Node Loss: 18.0377, Test Reg Loss: 17.1832, Test MAPE: 21.3786, Test R: 0.7945, Test RRSE: 0.8717
2025-02-10 15:16:37,118:INFO:Epoch 68: Train Loss: 947.3051, Train Node Loss: 23.5883, Train Reg Loss: 9.2372, Train MAPE: 20.8180, Train R: 0.8127, Train RRSE: 0.6464, Test Loss: 920.8840, Test Node Loss: 31.8438, Test Reg Loss: 8.8904, Test MAPE: 21.7071, Test R: 0.7924, Test RRSE: 0.6270
2025-02-10 15:16:51,151:INFO:Epoch 69: Train Loss: 886.8316, Train Node Loss: 36.6271, Train Reg Loss: 8.5020, Train MAPE: 23.6920, Train R: 0.7993, Train RRSE: 0.6201, Test Loss: 1202.5757, Test Node Loss: 24.2486, Test Reg Loss: 11.7833, Test MAPE: 21.0568, Test R: 0.7922, Test RRSE: 0.7219
2025-02-10 15:17:05,181:INFO:Epoch 70: Train Loss: 789.6274, Train Node Loss: 31.8314, Train Reg Loss: 7.5780, Train MAPE: 23.3328, Train R: 0.8118, Train RRSE: 0.5855, Test Loss: 1322.1176, Test Node Loss: 24.8424, Test Reg Loss: 12.9728, Test MAPE: 22.7631, Test R: 0.7915, Test RRSE: 0.7575
2025-02-10 15:17:19,123:INFO:Epoch 71: Train Loss: 772.9631, Train Node Loss: 30.4213, Train Reg Loss: 7.4254, Train MAPE: 22.9836, Train R: 0.8175, Train RRSE: 0.5795, Test Loss: 1382.8642, Test Node Loss: 20.9314, Test Reg Loss: 13.6193, Test MAPE: 21.7222, Test R: 0.7971, Test RRSE: 0.7761
2025-02-10 15:17:33,117:INFO:Epoch 72: Train Loss: 826.5441, Train Node Loss: 33.9825, Train Reg Loss: 7.9256, Train MAPE: 23.8734, Train R: 0.8036, Train RRSE: 0.5987, Test Loss: 1325.2959, Test Node Loss: 21.5916, Test Reg Loss: 13.0370, Test MAPE: 21.4390, Test R: 0.7993, Test RRSE: 0.7593
2025-02-10 15:17:33,161:INFO:Checkpoint saved at best_0.0008_0.001_256_SAGE_2_32_0.7993_epoch_72.pth
2025-02-10 15:17:47,308:INFO:Epoch 73: Train Loss: 792.3548, Train Node Loss: 27.5373, Train Reg Loss: 7.6482, Train MAPE: 22.4387, Train R: 0.8137, Train RRSE: 0.5882, Test Loss: 1526.3750, Test Node Loss: 17.4983, Test Reg Loss: 15.0888, Test MAPE: 21.1861, Test R: 0.8013, Test RRSE: 0.8169
2025-02-10 15:17:47,334:INFO:Checkpoint saved at best_0.0008_0.001_256_SAGE_2_32_0.8013_epoch_73.pth
2025-02-10 15:18:01,300:INFO:Epoch 74: Train Loss: 774.3483, Train Node Loss: 31.2137, Train Reg Loss: 7.4313, Train MAPE: 23.5042, Train R: 0.8162, Train RRSE: 0.5798, Test Loss: 1176.7052, Test Node Loss: 22.0817, Test Reg Loss: 11.5462, Test MAPE: 21.0193, Test R: 0.8006, Test RRSE: 0.7146
2025-02-10 15:18:14,957:INFO:Epoch 75: Train Loss: 785.2374, Train Node Loss: 27.4367, Train Reg Loss: 7.5780, Train MAPE: 22.6339, Train R: 0.8141, Train RRSE: 0.5855, Test Loss: 1612.4265, Test Node Loss: 16.0043, Test Reg Loss: 15.9642, Test MAPE: 21.7337, Test R: 0.8010, Test RRSE: 0.8403
2025-02-10 15:18:28,825:INFO:Epoch 76: Train Loss: 782.0922, Train Node Loss: 27.5880, Train Reg Loss: 7.5450, Train MAPE: 22.9387, Train R: 0.8138, Train RRSE: 0.5842, Test Loss: 980.5348, Test Node Loss: 25.9948, Test Reg Loss: 9.5454, Test MAPE: 22.3474, Test R: 0.7989, Test RRSE: 0.6497
2025-02-10 15:18:43,118:INFO:Epoch 77: Train Loss: 825.9027, Train Node Loss: 27.1780, Train Reg Loss: 7.9872, Train MAPE: 23.0438, Train R: 0.8003, Train RRSE: 0.6011, Test Loss: 997.8498, Test Node Loss: 24.4061, Test Reg Loss: 9.7344, Test MAPE: 22.3478, Test R: 0.7988, Test RRSE: 0.6561
2025-02-10 15:18:57,007:INFO:Epoch 78: Train Loss: 777.2395, Train Node Loss: 29.8072, Train Reg Loss: 7.4743, Train MAPE: 23.8066, Train R: 0.8150, Train RRSE: 0.5815, Test Loss: 1485.5525, Test Node Loss: 15.8590, Test Reg Loss: 14.6969, Test MAPE: 21.5641, Test R: 0.8020, Test RRSE: 0.8062
2025-02-10 15:18:57,063:INFO:Checkpoint saved at best_0.0008_0.001_256_SAGE_2_32_0.8020_epoch_78.pth
2025-02-10 15:19:10,886:INFO:Epoch 79: Train Loss: 768.7773, Train Node Loss: 23.3208, Train Reg Loss: 7.4546, Train MAPE: 21.9817, Train R: 0.8247, Train RRSE: 0.5807, Test Loss: 964.6752, Test Node Loss: 24.5034, Test Reg Loss: 9.4017, Test MAPE: 22.2169, Test R: 0.8006, Test RRSE: 0.6448
2025-02-10 15:19:24,984:INFO:Epoch 80: Train Loss: 760.3785, Train Node Loss: 29.3336, Train Reg Loss: 7.3104, Train MAPE: 23.9497, Train R: 0.8222, Train RRSE: 0.5750, Test Loss: 1314.6782, Test Node Loss: 16.3020, Test Reg Loss: 12.9838, Test MAPE: 20.8683, Test R: 0.8033, Test RRSE: 0.7578
2025-02-10 15:19:25,013:INFO:Checkpoint saved at best_0.0008_0.001_256_SAGE_2_32_0.8033_epoch_80.pth
2025-02-10 15:19:39,007:INFO:Epoch 81: Train Loss: 743.3743, Train Node Loss: 24.5315, Train Reg Loss: 7.1884, Train MAPE: 22.8378, Train R: 0.8264, Train RRSE: 0.5702, Test Loss: 1231.0380, Test Node Loss: 17.8209, Test Reg Loss: 12.1322, Test MAPE: 21.6668, Test R: 0.8026, Test RRSE: 0.7325
2025-02-10 15:19:53,149:INFO:Epoch 82: Train Loss: 830.0421, Train Node Loss: 24.3239, Train Reg Loss: 8.0572, Train MAPE: 22.9186, Train R: 0.7988, Train RRSE: 0.6037, Test Loss: 1151.3787, Test Node Loss: 17.9149, Test Reg Loss: 11.3346, Test MAPE: 21.0925, Test R: 0.8029, Test RRSE: 0.7080
2025-02-10 15:20:07,232:INFO:Epoch 83: Train Loss: 773.5713, Train Node Loss: 25.8827, Train Reg Loss: 7.4769, Train MAPE: 23.6999, Train R: 0.8158, Train RRSE: 0.5816, Test Loss: 1276.8470, Test Node Loss: 16.3606, Test Reg Loss: 12.6049, Test MAPE: 21.8101, Test R: 0.8007, Test RRSE: 0.7466
2025-02-10 15:20:21,275:INFO:Epoch 84: Train Loss: 788.0506, Train Node Loss: 26.3518, Train Reg Loss: 7.6170, Train MAPE: 23.7093, Train R: 0.8103, Train RRSE: 0.5870, Test Loss: 1157.3213, Test Node Loss: 20.2136, Test Reg Loss: 11.3711, Test MAPE: 22.3743, Test R: 0.7999, Test RRSE: 0.7092
2025-02-10 15:20:35,360:INFO:Epoch 85: Train Loss: 786.7708, Train Node Loss: 21.0988, Train Reg Loss: 7.6567, Train MAPE: 22.2321, Train R: 0.8158, Train RRSE: 0.5885, Test Loss: 1107.4875, Test Node Loss: 17.2741, Test Reg Loss: 10.9021, Test MAPE: 21.2915, Test R: 0.8032, Test RRSE: 0.6944
2025-02-10 15:20:49,407:INFO:Epoch 86: Train Loss: 804.3223, Train Node Loss: 27.5274, Train Reg Loss: 7.7679, Train MAPE: 24.4675, Train R: 0.8123, Train RRSE: 0.5928, Test Loss: 1357.0887, Test Node Loss: 14.0752, Test Reg Loss: 13.4301, Test MAPE: 21.2759, Test R: 0.8024, Test RRSE: 0.7707
2025-02-10 15:21:03,377:INFO:Epoch 87: Train Loss: 708.3809, Train Node Loss: 21.8707, Train Reg Loss: 6.8651, Train MAPE: 22.9573, Train R: 0.8344, Train RRSE: 0.5573, Test Loss: 1298.4336, Test Node Loss: 14.5896, Test Reg Loss: 12.8384, Test MAPE: 21.2562, Test R: 0.8038, Test RRSE: 0.7535
2025-02-10 15:21:03,404:INFO:Checkpoint saved at best_0.0008_0.001_256_SAGE_2_32_0.8038_epoch_87.pth
2025-02-10 15:21:17,345:INFO:Epoch 88: Train Loss: 687.2624, Train Node Loss: 21.7982, Train Reg Loss: 6.6546, Train MAPE: 22.5051, Train R: 0.8413, Train RRSE: 0.5486, Test Loss: 1136.0935, Test Node Loss: 18.6254, Test Reg Loss: 11.1747, Test MAPE: 22.0131, Test R: 0.8027, Test RRSE: 0.7030
2025-02-10 15:21:31,253:INFO:Epoch 89: Train Loss: 743.4088, Train Node Loss: 25.1920, Train Reg Loss: 7.1822, Train MAPE: 23.7584, Train R: 0.8231, Train RRSE: 0.5700, Test Loss: 1279.5334, Test Node Loss: 15.4506, Test Reg Loss: 12.6408, Test MAPE: 21.9422, Test R: 0.8030, Test RRSE: 0.7477
2025-02-10 15:21:45,203:INFO:Epoch 90: Train Loss: 738.5053, Train Node Loss: 22.3981, Train Reg Loss: 7.1611, Train MAPE: 23.0104, Train R: 0.8238, Train RRSE: 0.5691, Test Loss: 1278.2079, Test Node Loss: 14.3853, Test Reg Loss: 12.6382, Test MAPE: 20.7122, Test R: 0.8033, Test RRSE: 0.7476
2025-02-10 15:21:59,493:INFO:Epoch 91: Train Loss: 737.7169, Train Node Loss: 24.3846, Train Reg Loss: 7.1333, Train MAPE: 23.8478, Train R: 0.8254, Train RRSE: 0.5680, Test Loss: 1397.2156, Test Node Loss: 12.4221, Test Reg Loss: 13.8479, Test MAPE: 20.8710, Test R: 0.8021, Test RRSE: 0.7826
2025-02-10 15:22:13,265:INFO:Epoch 92: Train Loss: 695.4758, Train Node Loss: 18.2580, Train Reg Loss: 6.7722, Train MAPE: 21.8047, Train R: 0.8469, Train RRSE: 0.5535, Test Loss: 910.5755, Test Node Loss: 22.2491, Test Reg Loss: 8.8833, Test MAPE: 23.4143, Test R: 0.8005, Test RRSE: 0.6268
2025-02-10 15:22:27,064:INFO:Epoch 93: Train Loss: 836.8480, Train Node Loss: 23.8745, Train Reg Loss: 8.1297, Train MAPE: 24.3481, Train R: 0.7979, Train RRSE: 0.6064, Test Loss: 1703.9307, Test Node Loss: 8.1468, Test Reg Loss: 16.9578, Test MAPE: 20.7892, Test R: 0.8033, Test RRSE: 0.8660
2025-02-10 15:22:41,105:INFO:Epoch 94: Train Loss: 772.5123, Train Node Loss: 20.0425, Train Reg Loss: 7.5247, Train MAPE: 23.1858, Train R: 0.8133, Train RRSE: 0.5834, Test Loss: 861.6008, Test Node Loss: 20.4542, Test Reg Loss: 8.4115, Test MAPE: 23.1125, Test R: 0.7996, Test RRSE: 0.6099
2025-02-10 15:22:54,969:INFO:Epoch 95: Train Loss: 746.8762, Train Node Loss: 16.7002, Train Reg Loss: 7.3018, Train MAPE: 22.3999, Train R: 0.8252, Train RRSE: 0.5747, Test Loss: 1219.8314, Test Node Loss: 11.5182, Test Reg Loss: 12.0831, Test MAPE: 20.7991, Test R: 0.8004, Test RRSE: 0.7310
2025-02-10 15:23:08,766:INFO:Epoch 96: Train Loss: 776.1098, Train Node Loss: 22.2373, Train Reg Loss: 7.5387, Train MAPE: 24.6924, Train R: 0.8173, Train RRSE: 0.5840, Test Loss: 1401.5619, Test Node Loss: 10.0928, Test Reg Loss: 13.9147, Test MAPE: 21.3760, Test R: 0.7973, Test RRSE: 0.7845
2025-02-10 15:23:22,581:INFO:Epoch 97: Train Loss: 746.8461, Train Node Loss: 15.9362, Train Reg Loss: 7.3091, Train MAPE: 22.3356, Train R: 0.8263, Train RRSE: 0.5750, Test Loss: 1243.6007, Test Node Loss: 11.4873, Test Reg Loss: 12.3211, Test MAPE: 21.3567, Test R: 0.8009, Test RRSE: 0.7382
2025-02-10 15:23:36,429:INFO:Epoch 98: Train Loss: 705.9710, Train Node Loss: 18.1465, Train Reg Loss: 6.8782, Train MAPE: 23.2055, Train R: 0.8329, Train RRSE: 0.5578, Test Loss: 1108.7929, Test Node Loss: 14.0270, Test Reg Loss: 10.9477, Test MAPE: 21.8415, Test R: 0.8019, Test RRSE: 0.6958
2025-02-10 15:23:50,187:INFO:Epoch 99: Train Loss: 671.6346, Train Node Loss: 17.4628, Train Reg Loss: 6.5417, Train MAPE: 22.9577, Train R: 0.8430, Train RRSE: 0.5440, Test Loss: 999.9878, Test Node Loss: 16.4298, Test Reg Loss: 9.8356, Test MAPE: 22.6937, Test R: 0.8007, Test RRSE: 0.6595
2025-02-10 15:24:04,277:INFO:Epoch 100: Train Loss: 708.1974, Train Node Loss: 18.6436, Train Reg Loss: 6.8955, Train MAPE: 23.6004, Train R: 0.8297, Train RRSE: 0.5585, Test Loss: 1246.7835, Test Node Loss: 11.6736, Test Reg Loss: 12.3511, Test MAPE: 21.8312, Test R: 0.8023, Test RRSE: 0.7391
2025-02-10 15:24:18,006:INFO:Epoch 101: Train Loss: 700.1823, Train Node Loss: 19.6251, Train Reg Loss: 6.8056, Train MAPE: 24.0805, Train R: 0.8329, Train RRSE: 0.5548, Test Loss: 1266.2032, Test Node Loss: 10.8314, Test Reg Loss: 12.5537, Test MAPE: 21.5297, Test R: 0.8014, Test RRSE: 0.7451
2025-02-10 15:24:31,904:INFO:Epoch 102: Train Loss: 752.3485, Train Node Loss: 16.9094, Train Reg Loss: 7.3544, Train MAPE: 23.2451, Train R: 0.8178, Train RRSE: 0.5768, Test Loss: 1034.7004, Test Node Loss: 13.0721, Test Reg Loss: 10.2163, Test MAPE: 21.8251, Test R: 0.7997, Test RRSE: 0.6722
2025-02-10 15:24:45,748:INFO:Epoch 103: Train Loss: 712.4243, Train Node Loss: 14.5103, Train Reg Loss: 6.9791, Train MAPE: 22.2092, Train R: 0.8387, Train RRSE: 0.5619, Test Loss: 896.9421, Test Node Loss: 17.2500, Test Reg Loss: 8.7969, Test MAPE: 22.7847, Test R: 0.7990, Test RRSE: 0.6237
2025-02-10 15:24:59,823:INFO:Epoch 104: Train Loss: 637.2002, Train Node Loss: 19.5315, Train Reg Loss: 6.1767, Train MAPE: 24.2974, Train R: 0.8506, Train RRSE: 0.5286, Test Loss: 1390.4782, Test Node Loss: 9.9868, Test Reg Loss: 13.8049, Test MAPE: 22.1572, Test R: 0.7990, Test RRSE: 0.7814
2025-02-10 15:25:13,449:INFO:Epoch 105: Train Loss: 720.9980, Train Node Loss: 13.1432, Train Reg Loss: 7.0785, Train MAPE: 22.2257, Train R: 0.8385, Train RRSE: 0.5658, Test Loss: 884.2555, Test Node Loss: 16.7010, Test Reg Loss: 8.6755, Test MAPE: 22.9521, Test R: 0.7999, Test RRSE: 0.6194
2025-02-10 15:25:27,300:INFO:Epoch 106: Train Loss: 742.9416, Train Node Loss: 19.8188, Train Reg Loss: 7.2312, Train MAPE: 24.7182, Train R: 0.8333, Train RRSE: 0.5719, Test Loss: 1443.6230, Test Node Loss: 7.5991, Test Reg Loss: 14.3602, Test MAPE: 20.7738, Test R: 0.8000, Test RRSE: 0.7969
2025-02-10 15:25:41,192:INFO:Epoch 107: Train Loss: 689.4282, Train Node Loss: 13.9337, Train Reg Loss: 6.7549, Train MAPE: 22.7346, Train R: 0.8387, Train RRSE: 0.5528, Test Loss: 1131.0216, Test Node Loss: 11.9654, Test Reg Loss: 11.1906, Test MAPE: 22.7390, Test R: 0.7971, Test RRSE: 0.7035
2025-02-10 15:25:55,038:INFO:Epoch 108: Train Loss: 641.1105, Train Node Loss: 15.8945, Train Reg Loss: 6.2522, Train MAPE: 23.7124, Train R: 0.8470, Train RRSE: 0.5318, Test Loss: 1349.8236, Test Node Loss: 8.6700, Test Reg Loss: 13.4115, Test MAPE: 21.6509, Test R: 0.7978, Test RRSE: 0.7702
2025-02-10 15:26:09,008:INFO:Epoch 109: Train Loss: 641.7668, Train Node Loss: 14.3366, Train Reg Loss: 6.2743, Train MAPE: 23.1037, Train R: 0.8493, Train RRSE: 0.5327, Test Loss: 1028.8940, Test Node Loss: 12.9741, Test Reg Loss: 10.1592, Test MAPE: 22.4152, Test R: 0.7994, Test RRSE: 0.6703
2025-02-10 15:26:22,756:INFO:Epoch 110: Train Loss: 697.7519, Train Node Loss: 15.1111, Train Reg Loss: 6.8264, Train MAPE: 23.7244, Train R: 0.8321, Train RRSE: 0.5557, Test Loss: 1234.5916, Test Node Loss: 9.9303, Test Reg Loss: 12.2466, Test MAPE: 21.7980, Test R: 0.8003, Test RRSE: 0.7359
2025-02-10 15:26:36,384:INFO:Epoch 111: Train Loss: 691.6148, Train Node Loss: 16.7124, Train Reg Loss: 6.7490, Train MAPE: 24.2038, Train R: 0.8347, Train RRSE: 0.5525, Test Loss: 1465.5062, Test Node Loss: 7.9487, Test Reg Loss: 14.5756, Test MAPE: 21.6023, Test R: 0.7982, Test RRSE: 0.8029
2025-02-10 15:26:50,450:INFO:Epoch 112: Train Loss: 756.4587, Train Node Loss: 13.6012, Train Reg Loss: 7.4286, Train MAPE: 22.8303, Train R: 0.8174, Train RRSE: 0.5797, Test Loss: 950.4656, Test Node Loss: 12.3373, Test Reg Loss: 9.3813, Test MAPE: 22.1810, Test R: 0.7993, Test RRSE: 0.6441
2025-02-10 15:27:04,211:INFO:Epoch 113: Train Loss: 645.1198, Train Node Loss: 13.6390, Train Reg Loss: 6.3148, Train MAPE: 22.7057, Train R: 0.8511, Train RRSE: 0.5344, Test Loss: 1277.6214, Test Node Loss: 8.1533, Test Reg Loss: 12.6947, Test MAPE: 21.2321, Test R: 0.7987, Test RRSE: 0.7493
2025-02-10 15:27:18,302:INFO:Epoch 114: Train Loss: 638.8296, Train Node Loss: 15.3401, Train Reg Loss: 6.2349, Train MAPE: 23.7722, Train R: 0.8486, Train RRSE: 0.5311, Test Loss: 1142.6734, Test Node Loss: 11.1788, Test Reg Loss: 11.3149, Test MAPE: 22.4492, Test R: 0.7980, Test RRSE: 0.7074
2025-02-10 15:27:32,116:INFO:Epoch 115: Train Loss: 700.3036, Train Node Loss: 11.9389, Train Reg Loss: 6.8836, Train MAPE: 22.0576, Train R: 0.8432, Train RRSE: 0.5580, Test Loss: 1132.3226, Test Node Loss: 11.4917, Test Reg Loss: 11.2083, Test MAPE: 22.2269, Test R: 0.8004, Test RRSE: 0.7041
2025-02-10 15:27:46,053:INFO:Epoch 116: Train Loss: 795.1597, Train Node Loss: 19.5305, Train Reg Loss: 7.7563, Train MAPE: 25.2715, Train R: 0.8194, Train RRSE: 0.5923, Test Loss: 1622.7229, Test Node Loss: 5.0597, Test Reg Loss: 16.1766, Test MAPE: 20.6967, Test R: 0.7962, Test RRSE: 0.8458
2025-02-10 15:28:00,290:INFO:Epoch 117: Train Loss: 809.0912, Train Node Loss: 10.6676, Train Reg Loss: 7.9842, Train MAPE: 22.1437, Train R: 0.8094, Train RRSE: 0.6010, Test Loss: 856.9083, Test Node Loss: 15.4388, Test Reg Loss: 8.4147, Test MAPE: 24.1833, Test R: 0.7974, Test RRSE: 0.6100
2025-02-10 15:28:14,493:INFO:Epoch 118: Train Loss: 680.0046, Train Node Loss: 14.4700, Train Reg Loss: 6.6553, Train MAPE: 24.2369, Train R: 0.8383, Train RRSE: 0.5487, Test Loss: 1527.3009, Test Node Loss: 5.2674, Test Reg Loss: 15.2203, Test MAPE: 21.7318, Test R: 0.7973, Test RRSE: 0.8204
2025-02-10 15:28:28,284:INFO:Epoch 119: Train Loss: 662.8218, Train Node Loss: 9.3013, Train Reg Loss: 6.5352, Train MAPE: 22.2614, Train R: 0.8539, Train RRSE: 0.5437, Test Loss: 905.8832, Test Node Loss: 12.2051, Test Reg Loss: 8.9368, Test MAPE: 23.1397, Test R: 0.7967, Test RRSE: 0.6287
2025-02-10 15:28:42,223:INFO:Epoch 120: Train Loss: 691.5285, Train Node Loss: 13.9217, Train Reg Loss: 6.7761, Train MAPE: 24.3690, Train R: 0.8377, Train RRSE: 0.5536, Test Loss: 1294.0416, Test Node Loss: 7.4865, Test Reg Loss: 12.8656, Test MAPE: 21.9812, Test R: 0.7983, Test RRSE: 0.7543
2025-02-10 15:28:56,065:INFO:Epoch 121: Train Loss: 664.2720, Train Node Loss: 11.4810, Train Reg Loss: 6.5279, Train MAPE: 22.9557, Train R: 0.8424, Train RRSE: 0.5434, Test Loss: 1149.2747, Test Node Loss: 9.9600, Test Reg Loss: 11.3931, Test MAPE: 22.7556, Test R: 0.7988, Test RRSE: 0.7098
2025-02-10 15:29:09,948:INFO:Epoch 122: Train Loss: 717.3388, Train Node Loss: 12.3988, Train Reg Loss: 7.0494, Train MAPE: 23.2105, Train R: 0.8259, Train RRSE: 0.5647, Test Loss: 1142.3623, Test Node Loss: 8.0906, Test Reg Loss: 11.3427, Test MAPE: 21.6235, Test R: 0.7996, Test RRSE: 0.7083
2025-02-10 15:29:23,752:INFO:Epoch 123: Train Loss: 675.4711, Train Node Loss: 14.6773, Train Reg Loss: 6.6079, Train MAPE: 24.4584, Train R: 0.8418, Train RRSE: 0.5467, Test Loss: 1310.2001, Test Node Loss: 6.7402, Test Reg Loss: 13.0346, Test MAPE: 21.4344, Test R: 0.7965, Test RRSE: 0.7593
2025-02-10 15:29:37,534:INFO:Epoch 124: Train Loss: 667.7211, Train Node Loss: 11.4435, Train Reg Loss: 6.5628, Train MAPE: 22.9362, Train R: 0.8421, Train RRSE: 0.5448, Test Loss: 1137.8478, Test Node Loss: 9.2447, Test Reg Loss: 11.2860, Test MAPE: 22.6610, Test R: 0.7972, Test RRSE: 0.7065
2025-02-10 15:29:51,537:INFO:Epoch 125: Train Loss: 627.0507, Train Node Loss: 11.8690, Train Reg Loss: 6.1518, Train MAPE: 23.2049, Train R: 0.8521, Train RRSE: 0.5275, Test Loss: 1103.4540, Test Node Loss: 10.5444, Test Reg Loss: 10.9291, Test MAPE: 23.3882, Test R: 0.7990, Test RRSE: 0.6952
2025-02-10 15:30:05,337:INFO:Epoch 126: Train Loss: 628.7666, Train Node Loss: 14.2865, Train Reg Loss: 6.1448, Train MAPE: 24.5225, Train R: 0.8522, Train RRSE: 0.5272, Test Loss: 1441.6533, Test Node Loss: 5.6827, Test Reg Loss: 14.3597, Test MAPE: 21.2714, Test R: 0.7973, Test RRSE: 0.7969
2025-02-10 15:30:19,131:INFO:Epoch 127: Train Loss: 635.7486, Train Node Loss: 10.0930, Train Reg Loss: 6.2566, Train MAPE: 22.7634, Train R: 0.8526, Train RRSE: 0.5320, Test Loss: 979.5180, Test Node Loss: 10.9265, Test Reg Loss: 9.6859, Test MAPE: 23.3321, Test R: 0.7965, Test RRSE: 0.6545
2025-02-10 15:30:33,190:INFO:Epoch 128: Train Loss: 671.8167, Train Node Loss: 10.5066, Train Reg Loss: 6.6131, Train MAPE: 23.1718, Train R: 0.8396, Train RRSE: 0.5469, Test Loss: 1086.1718, Test Node Loss: 8.1329, Test Reg Loss: 10.7804, Test MAPE: 22.1059, Test R: 0.7976, Test RRSE: 0.6905
2025-02-10 15:30:47,192:INFO:Epoch 129: Train Loss: 640.0069, Train Node Loss: 12.3680, Train Reg Loss: 6.2764, Train MAPE: 24.0495, Train R: 0.8472, Train RRSE: 0.5328, Test Loss: 1304.4453, Test Node Loss: 8.3511, Test Reg Loss: 12.9609, Test MAPE: 23.1118, Test R: 0.7984, Test RRSE: 0.7571
2025-02-10 15:31:01,362:INFO:Epoch 130: Train Loss: 589.1016, Train Node Loss: 12.0429, Train Reg Loss: 5.7706, Train MAPE: 23.8791, Train R: 0.8604, Train RRSE: 0.5109, Test Loss: 1465.7674, Test Node Loss: 6.7653, Test Reg Loss: 14.5900, Test MAPE: 22.5957, Test R: 0.7971, Test RRSE: 0.8033
2025-02-10 15:31:15,622:INFO:Epoch 131: Train Loss: 653.7612, Train Node Loss: 11.4927, Train Reg Loss: 6.4227, Train MAPE: 23.6000, Train R: 0.8434, Train RRSE: 0.5390, Test Loss: 1167.8704, Test Node Loss: 7.6569, Test Reg Loss: 11.6021, Test MAPE: 22.2256, Test R: 0.7970, Test RRSE: 0.7163
2025-02-10 15:31:30,286:INFO:Epoch 132: Train Loss: 586.9637, Train Node Loss: 11.6109, Train Reg Loss: 5.7535, Train MAPE: 23.5910, Train R: 0.8609, Train RRSE: 0.5101, Test Loss: 1382.7369, Test Node Loss: 7.2918, Test Reg Loss: 13.7545, Test MAPE: 22.7245, Test R: 0.7964, Test RRSE: 0.7799
2025-02-10 15:31:44,688:INFO:Epoch 133: Train Loss: 631.2217, Train Node Loss: 10.3831, Train Reg Loss: 6.2084, Train MAPE: 22.9680, Train R: 0.8522, Train RRSE: 0.5299, Test Loss: 1017.9479, Test Node Loss: 10.3488, Test Reg Loss: 10.0760, Test MAPE: 23.1696, Test R: 0.7985, Test RRSE: 0.6676
2025-02-10 15:31:59,268:INFO:Epoch 134: Train Loss: 573.9940, Train Node Loss: 12.4388, Train Reg Loss: 5.6156, Train MAPE: 24.0706, Train R: 0.8641, Train RRSE: 0.5040, Test Loss: 1379.0265, Test Node Loss: 7.0209, Test Reg Loss: 13.7201, Test MAPE: 22.1642, Test R: 0.7965, Test RRSE: 0.7790
2025-02-10 15:32:13,814:INFO:Epoch 135: Train Loss: 588.2798, Train Node Loss: 12.2659, Train Reg Loss: 5.7601, Train MAPE: 24.1028, Train R: 0.8612, Train RRSE: 0.5104, Test Loss: 1325.2265, Test Node Loss: 7.0899, Test Reg Loss: 13.1814, Test MAPE: 22.4672, Test R: 0.7971, Test RRSE: 0.7635
2025-02-10 15:32:28,319:INFO:Epoch 136: Train Loss: 615.8125, Train Node Loss: 10.3787, Train Reg Loss: 6.0543, Train MAPE: 23.1287, Train R: 0.8545, Train RRSE: 0.5233, Test Loss: 1094.1057, Test Node Loss: 9.3944, Test Reg Loss: 10.8471, Test MAPE: 23.7546, Test R: 0.8001, Test RRSE: 0.6926
2025-02-10 15:32:42,832:INFO:Epoch 137: Train Loss: 618.9423, Train Node Loss: 10.0765, Train Reg Loss: 6.0887, Train MAPE: 23.1082, Train R: 0.8535, Train RRSE: 0.5248, Test Loss: 1005.9531, Test Node Loss: 8.8733, Test Reg Loss: 9.9708, Test MAPE: 23.2100, Test R: 0.7990, Test RRSE: 0.6641
2025-02-10 15:32:57,463:INFO:Epoch 138: Train Loss: 617.5646, Train Node Loss: 12.6065, Train Reg Loss: 6.0496, Train MAPE: 24.8040, Train R: 0.8563, Train RRSE: 0.5231, Test Loss: 1355.8311, Test Node Loss: 6.3001, Test Reg Loss: 13.4953, Test MAPE: 22.0687, Test R: 0.7929, Test RRSE: 0.7726
2025-02-10 15:33:11,796:INFO:Epoch 139: Train Loss: 647.2764, Train Node Loss: 8.8728, Train Reg Loss: 6.3840, Train MAPE: 22.2671, Train R: 0.8535, Train RRSE: 0.5374, Test Loss: 1086.9120, Test Node Loss: 9.9099, Test Reg Loss: 10.7700, Test MAPE: 23.8935, Test R: 0.7979, Test RRSE: 0.6902
2025-02-10 15:33:26,238:INFO:Epoch 140: Train Loss: 594.5991, Train Node Loss: 13.6187, Train Reg Loss: 5.8098, Train MAPE: 25.0494, Train R: 0.8638, Train RRSE: 0.5126, Test Loss: 1533.8770, Test Node Loss: 4.6638, Test Reg Loss: 15.2921, Test MAPE: 21.0902, Test R: 0.7922, Test RRSE: 0.8224
2025-02-10 15:33:40,693:INFO:Epoch 141: Train Loss: 758.7589, Train Node Loss: 6.9183, Train Reg Loss: 7.5184, Train MAPE: 21.7904, Train R: 0.8327, Train RRSE: 0.5832, Test Loss: 876.5232, Test Node Loss: 10.3419, Test Reg Loss: 8.6618, Test MAPE: 23.7183, Test R: 0.7973, Test RRSE: 0.6189
2025-02-10 15:33:55,273:INFO:Epoch 142: Train Loss: 686.0994, Train Node Loss: 12.1280, Train Reg Loss: 6.7397, Train MAPE: 24.8922, Train R: 0.8375, Train RRSE: 0.5521, Test Loss: 1599.2156, Test Node Loss: 4.5494, Test Reg Loss: 15.9467, Test MAPE: 22.5373, Test R: 0.7921, Test RRSE: 0.8398
2025-02-10 15:34:09,869:INFO:Epoch 143: Train Loss: 739.2718, Train Node Loss: 10.8148, Train Reg Loss: 7.2846, Train MAPE: 23.8323, Train R: 0.8193, Train RRSE: 0.5740, Test Loss: 1152.9889, Test Node Loss: 8.4871, Test Reg Loss: 11.4450, Test MAPE: 23.0661, Test R: 0.7975, Test RRSE: 0.7115
2025-02-10 15:34:24,563:INFO:Epoch 144: Train Loss: 683.7524, Train Node Loss: 7.4692, Train Reg Loss: 6.7628, Train MAPE: 21.6281, Train R: 0.8525, Train RRSE: 0.5531, Test Loss: 1261.5139, Test Node Loss: 6.1081, Test Reg Loss: 12.5541, Test MAPE: 21.8972, Test R: 0.7970, Test RRSE: 0.7451
2025-02-10 15:34:39,188:INFO:Epoch 145: Train Loss: 673.2257, Train Node Loss: 13.1354, Train Reg Loss: 6.6009, Train MAPE: 25.1344, Train R: 0.8475, Train RRSE: 0.5464, Test Loss: 1096.3374, Test Node Loss: 5.3239, Test Reg Loss: 10.9101, Test MAPE: 21.4085, Test R: 0.7956, Test RRSE: 0.6946
2025-02-10 15:34:53,877:INFO:Epoch 146: Train Loss: 599.7725, Train Node Loss: 7.0879, Train Reg Loss: 5.9268, Train MAPE: 22.4114, Train R: 0.8687, Train RRSE: 0.5178, Test Loss: 1172.7756, Test Node Loss: 5.9944, Test Reg Loss: 11.6678, Test MAPE: 22.0099, Test R: 0.7949, Test RRSE: 0.7183
2025-02-10 15:35:08,433:INFO:Epoch 147: Train Loss: 588.1746, Train Node Loss: 10.6892, Train Reg Loss: 5.7749, Train MAPE: 24.3367, Train R: 0.8614, Train RRSE: 0.5111, Test Loss: 1129.6597, Test Node Loss: 7.2572, Test Reg Loss: 11.2240, Test MAPE: 22.9235, Test R: 0.7956, Test RRSE: 0.7046
2025-02-10 15:35:23,038:INFO:Epoch 148: Train Loss: 727.4198, Train Node Loss: 7.5887, Train Reg Loss: 7.1983, Train MAPE: 22.7458, Train R: 0.8267, Train RRSE: 0.5706, Test Loss: 1398.5500, Test Node Loss: 5.2576, Test Reg Loss: 13.9329, Test MAPE: 22.7012, Test R: 0.7966, Test RRSE: 0.7850
2025-02-10 15:35:37,929:INFO:Epoch 149: Train Loss: 753.1446, Train Node Loss: 12.6647, Train Reg Loss: 7.4048, Train MAPE: 25.2690, Train R: 0.8306, Train RRSE: 0.5787, Test Loss: 1287.7764, Test Node Loss: 4.8858, Test Reg Loss: 12.8289, Test MAPE: 21.4972, Test R: 0.7951, Test RRSE: 0.7532
2025-02-10 15:35:52,483:INFO:Epoch 150: Train Loss: 664.3281, Train Node Loss: 5.6450, Train Reg Loss: 6.5868, Train MAPE: 21.6424, Train R: 0.8661, Train RRSE: 0.5458, Test Loss: 1166.1132, Test Node Loss: 4.6890, Test Reg Loss: 11.6142, Test MAPE: 21.7261, Test R: 0.7955, Test RRSE: 0.7167
2025-02-10 15:36:07,442:INFO:Epoch 151: Train Loss: 709.4853, Train Node Loss: 12.0417, Train Reg Loss: 6.9744, Train MAPE: 25.7371, Train R: 0.8448, Train RRSE: 0.5617, Test Loss: 1118.9870, Test Node Loss: 5.9254, Test Reg Loss: 11.1306, Test MAPE: 22.7291, Test R: 0.7939, Test RRSE: 0.7016
2025-02-10 15:36:21,963:INFO:Epoch 152: Train Loss: 669.3201, Train Node Loss: 5.5532, Train Reg Loss: 6.6377, Train MAPE: 22.1376, Train R: 0.8539, Train RRSE: 0.5479, Test Loss: 1223.7293, Test Node Loss: 3.9772, Test Reg Loss: 12.1975, Test MAPE: 21.7208, Test R: 0.7962, Test RRSE: 0.7345
2025-02-10 15:36:36,474:INFO:Epoch 153: Train Loss: 639.7909, Train Node Loss: 7.2583, Train Reg Loss: 6.3253, Train MAPE: 23.5534, Train R: 0.8484, Train RRSE: 0.5349, Test Loss: 1005.3586, Test Node Loss: 7.4371, Test Reg Loss: 9.9792, Test MAPE: 23.4587, Test R: 0.7968, Test RRSE: 0.6643
2025-02-10 15:36:51,033:INFO:Epoch 154: Train Loss: 661.7286, Train Node Loss: 7.4972, Train Reg Loss: 6.5423, Train MAPE: 23.4973, Train R: 0.8412, Train RRSE: 0.5440, Test Loss: 1457.1270, Test Node Loss: 4.9839, Test Reg Loss: 14.5214, Test MAPE: 23.2537, Test R: 0.7970, Test RRSE: 0.8014
2025-02-10 15:37:05,521:INFO:Epoch 155: Train Loss: 618.3079, Train Node Loss: 10.7401, Train Reg Loss: 6.0757, Train MAPE: 24.1118, Train R: 0.8543, Train RRSE: 0.5242, Test Loss: 1096.8040, Test Node Loss: 7.0157, Test Reg Loss: 10.8979, Test MAPE: 23.2755, Test R: 0.7965, Test RRSE: 0.6942
2025-02-10 15:37:20,061:INFO:Epoch 156: Train Loss: 704.9680, Train Node Loss: 6.0692, Train Reg Loss: 6.9890, Train MAPE: 22.1210, Train R: 0.8390, Train RRSE: 0.5623, Test Loss: 977.0619, Test Node Loss: 5.7595, Test Reg Loss: 9.7130, Test MAPE: 22.0046, Test R: 0.7979, Test RRSE: 0.6554
2025-02-10 15:37:34,664:INFO:Epoch 157: Train Loss: 549.8996, Train Node Loss: 8.9564, Train Reg Loss: 5.4094, Train MAPE: 24.4311, Train R: 0.8744, Train RRSE: 0.4947, Test Loss: 1061.3654, Test Node Loss: 6.5249, Test Reg Loss: 10.5484, Test MAPE: 22.7121, Test R: 0.7959, Test RRSE: 0.6830
2025-02-10 15:37:49,290:INFO:Epoch 158: Train Loss: 594.9005, Train Node Loss: 8.3846, Train Reg Loss: 5.8652, Train MAPE: 23.4986, Train R: 0.8582, Train RRSE: 0.5151, Test Loss: 1430.7847, Test Node Loss: 6.0742, Test Reg Loss: 14.2471, Test MAPE: 23.7917, Test R: 0.7960, Test RRSE: 0.7938
2025-02-10 15:38:03,868:INFO:Epoch 159: Train Loss: 603.9086, Train Node Loss: 9.9783, Train Reg Loss: 5.9393, Train MAPE: 24.2618, Train R: 0.8557, Train RRSE: 0.5183, Test Loss: 1337.0070, Test Node Loss: 5.8966, Test Reg Loss: 13.3111, Test MAPE: 22.9814, Test R: 0.7960, Test RRSE: 0.7673
2025-02-10 15:38:18,447:INFO:Epoch 160: Train Loss: 591.4077, Train Node Loss: 8.8402, Train Reg Loss: 5.8257, Train MAPE: 23.8527, Train R: 0.8601, Train RRSE: 0.5133, Test Loss: 1140.2007, Test Node Loss: 6.3052, Test Reg Loss: 11.3390, Test MAPE: 22.6919, Test R: 0.7954, Test RRSE: 0.7082
2025-02-10 15:38:33,348:INFO:Epoch 161: Train Loss: 593.3483, Train Node Loss: 9.5772, Train Reg Loss: 5.8377, Train MAPE: 24.0345, Train R: 0.8581, Train RRSE: 0.5139, Test Loss: 1358.9183, Test Node Loss: 5.8327, Test Reg Loss: 13.5309, Test MAPE: 23.3445, Test R: 0.7946, Test RRSE: 0.7736
2025-02-10 15:38:48,103:INFO:Epoch 162: Train Loss: 564.7239, Train Node Loss: 8.9081, Train Reg Loss: 5.5582, Train MAPE: 23.8696, Train R: 0.8658, Train RRSE: 0.5014, Test Loss: 1190.2490, Test Node Loss: 6.3551, Test Reg Loss: 11.8389, Test MAPE: 22.9668, Test R: 0.7957, Test RRSE: 0.7236
2025-02-10 15:39:02,785:INFO:Epoch 163: Train Loss: 571.2082, Train Node Loss: 8.0492, Train Reg Loss: 5.6316, Train MAPE: 23.2575, Train R: 0.8660, Train RRSE: 0.5047, Test Loss: 1118.7543, Test Node Loss: 7.5634, Test Reg Loss: 11.1119, Test MAPE: 23.3196, Test R: 0.7968, Test RRSE: 0.7010
2025-02-10 15:39:17,410:INFO:Epoch 164: Train Loss: 616.6893, Train Node Loss: 8.4635, Train Reg Loss: 6.0823, Train MAPE: 23.4182, Train R: 0.8521, Train RRSE: 0.5245, Test Loss: 1205.2175, Test Node Loss: 5.3271, Test Reg Loss: 11.9989, Test MAPE: 21.8802, Test R: 0.7967, Test RRSE: 0.7285
2025-02-10 15:39:31,880:INFO:Epoch 165: Train Loss: 525.7556, Train Node Loss: 8.4660, Train Reg Loss: 5.1729, Train MAPE: 23.8081, Train R: 0.8763, Train RRSE: 0.4837, Test Loss: 1066.6556, Test Node Loss: 7.2793, Test Reg Loss: 10.5938, Test MAPE: 23.5987, Test R: 0.7977, Test RRSE: 0.6845
2025-02-10 15:39:46,709:INFO:Epoch 166: Train Loss: 549.1190, Train Node Loss: 9.5615, Train Reg Loss: 5.3956, Train MAPE: 24.4756, Train R: 0.8700, Train RRSE: 0.4940, Test Loss: 1331.1490, Test Node Loss: 5.9715, Test Reg Loss: 13.2518, Test MAPE: 23.3822, Test R: 0.7950, Test RRSE: 0.7656
2025-02-10 15:40:01,339:INFO:Epoch 167: Train Loss: 651.4029, Train Node Loss: 9.9667, Train Reg Loss: 6.4144, Train MAPE: 24.2343, Train R: 0.8434, Train RRSE: 0.5386, Test Loss: 1415.7426, Test Node Loss: 5.2373, Test Reg Loss: 14.1051, Test MAPE: 23.1831, Test R: 0.7943, Test RRSE: 0.7898
2025-02-10 15:40:16,021:INFO:Epoch 168: Train Loss: 583.8963, Train Node Loss: 7.5237, Train Reg Loss: 5.7637, Train MAPE: 22.8234, Train R: 0.8642, Train RRSE: 0.5106, Test Loss: 1132.2608, Test Node Loss: 5.8995, Test Reg Loss: 11.2636, Test MAPE: 22.6186, Test R: 0.7937, Test RRSE: 0.7058
2025-02-10 15:40:31,044:INFO:Epoch 169: Train Loss: 551.9175, Train Node Loss: 8.6148, Train Reg Loss: 5.4330, Train MAPE: 24.1234, Train R: 0.8721, Train RRSE: 0.4957, Test Loss: 1245.8591, Test Node Loss: 6.4667, Test Reg Loss: 12.3939, Test MAPE: 23.5469, Test R: 0.7954, Test RRSE: 0.7404
2025-02-10 15:40:45,812:INFO:Epoch 170: Train Loss: 654.7594, Train Node Loss: 10.1425, Train Reg Loss: 6.4462, Train MAPE: 24.4202, Train R: 0.8431, Train RRSE: 0.5400, Test Loss: 1451.1567, Test Node Loss: 6.9276, Test Reg Loss: 14.4423, Test MAPE: 24.4634, Test R: 0.7962, Test RRSE: 0.7992
2025-02-10 15:41:00,501:INFO:Epoch 171: Train Loss: 582.5344, Train Node Loss: 7.6219, Train Reg Loss: 5.7491, Train MAPE: 22.6503, Train R: 0.8698, Train RRSE: 0.5100, Test Loss: 1131.0937, Test Node Loss: 7.4780, Test Reg Loss: 11.2362, Test MAPE: 23.1395, Test R: 0.7968, Test RRSE: 0.7049
2025-02-10 15:41:15,289:INFO:Epoch 172: Train Loss: 610.8719, Train Node Loss: 10.7417, Train Reg Loss: 6.0013, Train MAPE: 24.7099, Train R: 0.8569, Train RRSE: 0.5210, Test Loss: 1230.2781, Test Node Loss: 5.4203, Test Reg Loss: 12.2486, Test MAPE: 22.5835, Test R: 0.7935, Test RRSE: 0.7360
2025-02-10 15:41:29,867:INFO:Epoch 173: Train Loss: 594.2485, Train Node Loss: 8.8303, Train Reg Loss: 5.8542, Train MAPE: 23.9428, Train R: 0.8586, Train RRSE: 0.5146, Test Loss: 1049.9956, Test Node Loss: 6.5327, Test Reg Loss: 10.4346, Test MAPE: 22.4161, Test R: 0.7931, Test RRSE: 0.6793
2025-02-10 15:41:44,439:INFO:Epoch 174: Train Loss: 534.4414, Train Node Loss: 8.5924, Train Reg Loss: 5.2585, Train MAPE: 23.5265, Train R: 0.8746, Train RRSE: 0.4877, Test Loss: 1380.6117, Test Node Loss: 5.2138, Test Reg Loss: 13.7540, Test MAPE: 22.8164, Test R: 0.7913, Test RRSE: 0.7799
2025-02-10 15:41:59,113:INFO:Epoch 175: Train Loss: 636.0458, Train Node Loss: 10.6556, Train Reg Loss: 6.2539, Train MAPE: 24.6484, Train R: 0.8489, Train RRSE: 0.5319, Test Loss: 1324.6148, Test Node Loss: 5.4963, Test Reg Loss: 13.1912, Test MAPE: 22.4802, Test R: 0.7925, Test RRSE: 0.7638
2025-02-10 15:42:13,928:INFO:Epoch 176: Train Loss: 574.8333, Train Node Loss: 7.4171, Train Reg Loss: 5.6742, Train MAPE: 22.6886, Train R: 0.8704, Train RRSE: 0.5066, Test Loss: 1124.2812, Test Node Loss: 7.0883, Test Reg Loss: 11.1719, Test MAPE: 23.1369, Test R: 0.7956, Test RRSE: 0.7029
2025-02-10 15:42:28,593:INFO:Epoch 177: Train Loss: 585.1020, Train Node Loss: 10.6609, Train Reg Loss: 5.7444, Train MAPE: 24.7425, Train R: 0.8618, Train RRSE: 0.5097, Test Loss: 1359.8809, Test Node Loss: 5.6208, Test Reg Loss: 13.5426, Test MAPE: 22.9733, Test R: 0.7931, Test RRSE: 0.7739
2025-02-10 15:42:43,169:INFO:Epoch 178: Train Loss: 572.4372, Train Node Loss: 8.6762, Train Reg Loss: 5.6376, Train MAPE: 23.1845, Train R: 0.8656, Train RRSE: 0.5050, Test Loss: 1189.8636, Test Node Loss: 7.0460, Test Reg Loss: 11.8282, Test MAPE: 23.2655, Test R: 0.7936, Test RRSE: 0.7233
2025-02-10 15:42:57,737:INFO:Epoch 179: Train Loss: 554.8616, Train Node Loss: 9.1538, Train Reg Loss: 5.4571, Train MAPE: 23.6482, Train R: 0.8687, Train RRSE: 0.4968, Test Loss: 1257.2890, Test Node Loss: 6.9784, Test Reg Loss: 12.5031, Test MAPE: 23.7619, Test R: 0.7940, Test RRSE: 0.7436
2025-02-10 15:43:12,208:INFO:Epoch 180: Train Loss: 580.3204, Train Node Loss: 9.6428, Train Reg Loss: 5.7068, Train MAPE: 23.6458, Train R: 0.8615, Train RRSE: 0.5081, Test Loss: 1349.5000, Test Node Loss: 6.5777, Test Reg Loss: 13.4292, Test MAPE: 23.6669, Test R: 0.7948, Test RRSE: 0.7707
2025-02-10 15:43:26,688:INFO:Epoch 181: Train Loss: 526.2132, Train Node Loss: 9.9600, Train Reg Loss: 5.1625, Train MAPE: 24.2382, Train R: 0.8771, Train RRSE: 0.4832, Test Loss: 1301.7661, Test Node Loss: 6.1120, Test Reg Loss: 12.9565, Test MAPE: 22.8768, Test R: 0.7951, Test RRSE: 0.7570
2025-02-10 15:43:41,264:INFO:Epoch 182: Train Loss: 584.5230, Train Node Loss: 8.6186, Train Reg Loss: 5.7590, Train MAPE: 23.2481, Train R: 0.8625, Train RRSE: 0.5104, Test Loss: 1352.2819, Test Node Loss: 7.3245, Test Reg Loss: 13.4496, Test MAPE: 23.9157, Test R: 0.7944, Test RRSE: 0.7712
2025-02-10 15:43:56,043:INFO:Epoch 183: Train Loss: 571.0151, Train Node Loss: 11.4467, Train Reg Loss: 5.5957, Train MAPE: 24.4129, Train R: 0.8666, Train RRSE: 0.5031, Test Loss: 1238.3459, Test Node Loss: 5.7600, Test Reg Loss: 12.3259, Test MAPE: 22.4160, Test R: 0.7931, Test RRSE: 0.7383
2025-02-10 15:44:10,633:INFO:Epoch 184: Train Loss: 613.4938, Train Node Loss: 8.0951, Train Reg Loss: 6.0540, Train MAPE: 23.1988, Train R: 0.8551, Train RRSE: 0.5233, Test Loss: 949.5193, Test Node Loss: 9.5437, Test Reg Loss: 9.3998, Test MAPE: 24.1996, Test R: 0.7968, Test RRSE: 0.6448
2025-02-10 15:44:25,274:INFO:Epoch 185: Train Loss: 651.9434, Train Node Loss: 8.7065, Train Reg Loss: 6.4324, Train MAPE: 23.2388, Train R: 0.8436, Train RRSE: 0.5394, Test Loss: 1195.2283, Test Node Loss: 7.0593, Test Reg Loss: 11.8817, Test MAPE: 23.2306, Test R: 0.7940, Test RRSE: 0.7249
2025-02-10 15:44:39,970:INFO:Epoch 186: Train Loss: 582.0573, Train Node Loss: 10.8173, Train Reg Loss: 5.7124, Train MAPE: 24.7720, Train R: 0.8628, Train RRSE: 0.5083, Test Loss: 1114.6409, Test Node Loss: 5.5637, Test Reg Loss: 11.0908, Test MAPE: 21.9416, Test R: 0.7909, Test RRSE: 0.7004
2025-02-10 15:44:54,580:INFO:Epoch 187: Train Loss: 575.2112, Train Node Loss: 7.2265, Train Reg Loss: 5.6798, Train MAPE: 22.6024, Train R: 0.8706, Train RRSE: 0.5069, Test Loss: 1018.8278, Test Node Loss: 7.7942, Test Reg Loss: 10.1103, Test MAPE: 23.4741, Test R: 0.7939, Test RRSE: 0.6687
2025-02-10 15:45:09,000:INFO:Epoch 188: Train Loss: 606.3469, Train Node Loss: 10.4637, Train Reg Loss: 5.9588, Train MAPE: 24.6072, Train R: 0.8556, Train RRSE: 0.5192, Test Loss: 1291.0750, Test Node Loss: 5.5907, Test Reg Loss: 12.8548, Test MAPE: 22.8524, Test R: 0.7925, Test RRSE: 0.7540
2025-02-10 15:45:23,741:INFO:Epoch 189: Train Loss: 538.1405, Train Node Loss: 9.2027, Train Reg Loss: 5.2894, Train MAPE: 24.1079, Train R: 0.8726, Train RRSE: 0.4891, Test Loss: 1152.9035, Test Node Loss: 6.5636, Test Reg Loss: 11.4634, Test MAPE: 22.9000, Test R: 0.7933, Test RRSE: 0.7120
2025-02-10 15:45:38,189:INFO:Epoch 190: Train Loss: 532.9828, Train Node Loss: 9.6245, Train Reg Loss: 5.2336, Train MAPE: 24.2114, Train R: 0.8749, Train RRSE: 0.4865, Test Loss: 1252.6600, Test Node Loss: 6.5428, Test Reg Loss: 12.4612, Test MAPE: 22.7592, Test R: 0.7929, Test RRSE: 0.7424
2025-02-10 15:45:52,948:INFO:Epoch 191: Train Loss: 547.7202, Train Node Loss: 8.3332, Train Reg Loss: 5.3939, Train MAPE: 23.3853, Train R: 0.8727, Train RRSE: 0.4939, Test Loss: 1216.1445, Test Node Loss: 7.6336, Test Reg Loss: 12.0851, Test MAPE: 23.9501, Test R: 0.7955, Test RRSE: 0.7311
2025-02-10 15:46:07,694:INFO:Epoch 192: Train Loss: 614.1284, Train Node Loss: 12.0691, Train Reg Loss: 6.0206, Train MAPE: 25.3554, Train R: 0.8600, Train RRSE: 0.5219, Test Loss: 1631.1083, Test Node Loss: 3.5685, Test Reg Loss: 16.2754, Test MAPE: 21.6742, Test R: 0.7864, Test RRSE: 0.8484
2025-02-10 15:46:22,051:INFO:Epoch 193: Train Loss: 665.3077, Train Node Loss: 6.3892, Train Reg Loss: 6.5892, Train MAPE: 22.1007, Train R: 0.8549, Train RRSE: 0.5459, Test Loss: 908.1515, Test Node Loss: 8.7297, Test Reg Loss: 8.9942, Test MAPE: 24.1554, Test R: 0.7944, Test RRSE: 0.6307
2025-02-10 15:46:36,496:INFO:Epoch 194: Train Loss: 645.6316, Train Node Loss: 10.4919, Train Reg Loss: 6.3514, Train MAPE: 25.0689, Train R: 0.8501, Train RRSE: 0.5360, Test Loss: 1232.9436, Test Node Loss: 4.4647, Test Reg Loss: 12.2848, Test MAPE: 22.1235, Test R: 0.7916, Test RRSE: 0.7371
2025-02-10 15:46:50,775:INFO:Epoch 195: Train Loss: 576.1151, Train Node Loss: 6.8611, Train Reg Loss: 5.6925, Train MAPE: 22.8969, Train R: 0.8709, Train RRSE: 0.5074, Test Loss: 1137.5083, Test Node Loss: 8.3121, Test Reg Loss: 11.2920, Test MAPE: 24.1312, Test R: 0.7943, Test RRSE: 0.7067
2025-02-10 15:47:04,881:INFO:Epoch 196: Train Loss: 574.7735, Train Node Loss: 10.6220, Train Reg Loss: 5.6415, Train MAPE: 24.9426, Train R: 0.8656, Train RRSE: 0.5052, Test Loss: 1536.1162, Test Node Loss: 4.5164, Test Reg Loss: 15.3160, Test MAPE: 23.0014, Test R: 0.7929, Test RRSE: 0.8230
2025-02-10 15:47:19,325:INFO:Epoch 197: Train Loss: 503.4110, Train Node Loss: 7.7556, Train Reg Loss: 4.9566, Train MAPE: 23.3651, Train R: 0.8839, Train RRSE: 0.4735, Test Loss: 1205.0794, Test Node Loss: 7.0495, Test Reg Loss: 11.9803, Test MAPE: 23.7349, Test R: 0.7959, Test RRSE: 0.7279
2025-02-10 15:47:33,891:INFO:Epoch 198: Train Loss: 544.4235, Train Node Loss: 9.4974, Train Reg Loss: 5.3493, Train MAPE: 24.3947, Train R: 0.8710, Train RRSE: 0.4919, Test Loss: 1323.6330, Test Node Loss: 5.9352, Test Reg Loss: 13.1770, Test MAPE: 23.3012, Test R: 0.7938, Test RRSE: 0.7634
2025-02-10 15:47:48,188:INFO:Epoch 199: Train Loss: 545.2418, Train Node Loss: 8.8198, Train Reg Loss: 5.3642, Train MAPE: 23.6677, Train R: 0.8714, Train RRSE: 0.4926, Test Loss: 1332.1676, Test Node Loss: 6.2533, Test Reg Loss: 13.2591, Test MAPE: 23.2663, Test R: 0.7948, Test RRSE: 0.7658
2025-02-10 15:48:02,476:INFO:Epoch 200: Train Loss: 569.9482, Train Node Loss: 8.7424, Train Reg Loss: 5.6121, Train MAPE: 23.3390, Train R: 0.8661, Train RRSE: 0.5038, Test Loss: 1363.1851, Test Node Loss: 7.9000, Test Reg Loss: 13.5529, Test MAPE: 23.8730, Test R: 0.7920, Test RRSE: 0.7742
2025-02-10 15:48:17,197:INFO:Epoch 201: Train Loss: 555.4958, Train Node Loss: 10.8607, Train Reg Loss: 5.4464, Train MAPE: 24.5648, Train R: 0.8693, Train RRSE: 0.4963, Test Loss: 1213.2388, Test Node Loss: 6.2614, Test Reg Loss: 12.0698, Test MAPE: 22.9455, Test R: 0.7929, Test RRSE: 0.7306
2025-02-10 15:48:31,928:INFO:Epoch 202: Train Loss: 535.1368, Train Node Loss: 9.2673, Train Reg Loss: 5.2587, Train MAPE: 24.0312, Train R: 0.8747, Train RRSE: 0.4877, Test Loss: 1208.9548, Test Node Loss: 5.6252, Test Reg Loss: 12.0333, Test MAPE: 23.0063, Test R: 0.7934, Test RRSE: 0.7295
2025-02-10 15:48:46,236:INFO:Epoch 203: Train Loss: 515.3484, Train Node Loss: 9.4999, Train Reg Loss: 5.0585, Train MAPE: 24.1804, Train R: 0.8783, Train RRSE: 0.4783, Test Loss: 1265.0540, Test Node Loss: 7.1788, Test Reg Loss: 12.5788, Test MAPE: 23.9426, Test R: 0.7937, Test RRSE: 0.7459
2025-02-10 15:49:00,325:INFO:Epoch 204: Train Loss: 527.9356, Train Node Loss: 8.8876, Train Reg Loss: 5.1905, Train MAPE: 23.6310, Train R: 0.8761, Train RRSE: 0.4845, Test Loss: 1187.8363, Test Node Loss: 6.6350, Test Reg Loss: 11.8120, Test MAPE: 23.3668, Test R: 0.7953, Test RRSE: 0.7228
2025-02-10 15:49:14,552:INFO:Epoch 205: Train Loss: 543.7160, Train Node Loss: 10.3835, Train Reg Loss: 5.3333, Train MAPE: 24.7429, Train R: 0.8738, Train RRSE: 0.4912, Test Loss: 1116.3218, Test Node Loss: 5.2798, Test Reg Loss: 11.1104, Test MAPE: 22.6044, Test R: 0.7928, Test RRSE: 0.7010
2025-02-10 15:49:28,945:INFO:Epoch 206: Train Loss: 561.1231, Train Node Loss: 7.0779, Train Reg Loss: 5.5405, Train MAPE: 22.8620, Train R: 0.8729, Train RRSE: 0.5006, Test Loss: 1117.9851, Test Node Loss: 9.1742, Test Reg Loss: 11.0881, Test MAPE: 24.8020, Test R: 0.7921, Test RRSE: 0.7003
2025-02-10 15:49:43,277:INFO:Epoch 207: Train Loss: 554.9364, Train Node Loss: 11.4557, Train Reg Loss: 5.4348, Train MAPE: 25.2359, Train R: 0.8720, Train RRSE: 0.4958, Test Loss: 1446.6149, Test Node Loss: 5.4689, Test Reg Loss: 14.4115, Test MAPE: 22.7151, Test R: 0.7880, Test RRSE: 0.7984
2025-02-10 15:49:57,741:INFO:Epoch 208: Train Loss: 526.5918, Train Node Loss: 7.6647, Train Reg Loss: 5.1893, Train MAPE: 22.9538, Train R: 0.8819, Train RRSE: 0.4845, Test Loss: 1145.4002, Test Node Loss: 7.5373, Test Reg Loss: 11.3786, Test MAPE: 23.4313, Test R: 0.7916, Test RRSE: 0.7094
2025-02-10 15:50:12,022:INFO:Epoch 209: Train Loss: 539.4593, Train Node Loss: 11.5935, Train Reg Loss: 5.2787, Train MAPE: 25.2644, Train R: 0.8797, Train RRSE: 0.4886, Test Loss: 1359.9864, Test Node Loss: 4.8690, Test Reg Loss: 13.5512, Test MAPE: 22.7100, Test R: 0.7922, Test RRSE: 0.7742
2025-02-10 15:50:26,391:INFO:Epoch 210: Train Loss: 543.4094, Train Node Loss: 7.3724, Train Reg Loss: 5.3604, Train MAPE: 23.3674, Train R: 0.8748, Train RRSE: 0.4924, Test Loss: 1179.2517, Test Node Loss: 7.2649, Test Reg Loss: 11.7199, Test MAPE: 24.2549, Test R: 0.7958, Test RRSE: 0.7199
2025-02-10 15:50:40,643:INFO:Epoch 211: Train Loss: 543.5438, Train Node Loss: 9.1227, Train Reg Loss: 5.3442, Train MAPE: 24.1636, Train R: 0.8712, Train RRSE: 0.4917, Test Loss: 1264.3580, Test Node Loss: 4.9179, Test Reg Loss: 12.5944, Test MAPE: 22.2867, Test R: 0.7910, Test RRSE: 0.7463
2025-02-10 15:50:54,920:INFO:Epoch 212: Train Loss: 550.6154, Train Node Loss: 8.5096, Train Reg Loss: 5.4211, Train MAPE: 23.5793, Train R: 0.8708, Train RRSE: 0.4952, Test Loss: 1450.2207, Test Node Loss: 6.9271, Test Reg Loss: 14.4329, Test MAPE: 24.0372, Test R: 0.7903, Test RRSE: 0.7989
2025-02-10 15:51:09,605:INFO:Epoch 213: Train Loss: 555.4417, Train Node Loss: 10.3789, Train Reg Loss: 5.4506, Train MAPE: 24.2240, Train R: 0.8681, Train RRSE: 0.4965, Test Loss: 1085.2384, Test Node Loss: 7.3282, Test Reg Loss: 10.7791, Test MAPE: 23.1684, Test R: 0.7925, Test RRSE: 0.6904
2025-02-10 15:51:24,055:INFO:Epoch 214: Train Loss: 549.5239, Train Node Loss: 9.6995, Train Reg Loss: 5.3982, Train MAPE: 24.1857, Train R: 0.8715, Train RRSE: 0.4941, Test Loss: 1145.6500, Test Node Loss: 6.5856, Test Reg Loss: 11.3906, Test MAPE: 22.5723, Test R: 0.7941, Test RRSE: 0.7098
2025-02-10 15:51:38,324:INFO:Epoch 215: Train Loss: 578.0883, Train Node Loss: 9.3904, Train Reg Loss: 5.6870, Train MAPE: 23.7529, Train R: 0.8620, Train RRSE: 0.5072, Test Loss: 1343.1791, Test Node Loss: 5.9889, Test Reg Loss: 13.3719, Test MAPE: 22.8873, Test R: 0.7908, Test RRSE: 0.7690
2025-02-10 15:51:52,685:INFO:Epoch 216: Train Loss: 516.8590, Train Node Loss: 9.4200, Train Reg Loss: 5.0744, Train MAPE: 23.7189, Train R: 0.8786, Train RRSE: 0.4791, Test Loss: 1151.3782, Test Node Loss: 8.1440, Test Reg Loss: 11.4323, Test MAPE: 23.8801, Test R: 0.7907, Test RRSE: 0.7111
2025-02-10 15:52:07,235:INFO:Epoch 217: Train Loss: 522.6887, Train Node Loss: 10.3732, Train Reg Loss: 5.1232, Train MAPE: 24.0939, Train R: 0.8766, Train RRSE: 0.4814, Test Loss: 1494.3829, Test Node Loss: 6.5168, Test Reg Loss: 14.8787, Test MAPE: 23.5813, Test R: 0.7891, Test RRSE: 0.8112
2025-02-10 15:52:21,562:INFO:Epoch 218: Train Loss: 540.5091, Train Node Loss: 11.5445, Train Reg Loss: 5.2896, Train MAPE: 24.6050, Train R: 0.8737, Train RRSE: 0.4891, Test Loss: 1220.6930, Test Node Loss: 5.8411, Test Reg Loss: 12.1485, Test MAPE: 22.4716, Test R: 0.7870, Test RRSE: 0.7330
2025-02-10 15:52:36,242:INFO:Epoch 219: Train Loss: 542.8966, Train Node Loss: 8.7697, Train Reg Loss: 5.3413, Train MAPE: 23.5101, Train R: 0.8745, Train RRSE: 0.4915, Test Loss: 1288.1786, Test Node Loss: 6.7246, Test Reg Loss: 12.8145, Test MAPE: 23.2293, Test R: 0.7921, Test RRSE: 0.7528
2025-02-10 15:52:50,626:INFO:Epoch 220: Train Loss: 567.3895, Train Node Loss: 8.8384, Train Reg Loss: 5.5855, Train MAPE: 23.4317, Train R: 0.8656, Train RRSE: 0.5026, Test Loss: 1193.7588, Test Node Loss: 6.8548, Test Reg Loss: 11.8690, Test MAPE: 23.5447, Test R: 0.7936, Test RRSE: 0.7245
2025-02-10 15:53:04,976:INFO:Epoch 221: Train Loss: 527.2589, Train Node Loss: 11.0768, Train Reg Loss: 5.1618, Train MAPE: 24.9796, Train R: 0.8778, Train RRSE: 0.4832, Test Loss: 1238.9407, Test Node Loss: 6.0332, Test Reg Loss: 12.3291, Test MAPE: 22.9338, Test R: 0.7938, Test RRSE: 0.7384
2025-02-10 15:53:19,460:INFO:Epoch 222: Train Loss: 551.9344, Train Node Loss: 6.8549, Train Reg Loss: 5.4508, Train MAPE: 22.8836, Train R: 0.8747, Train RRSE: 0.4965, Test Loss: 1135.3330, Test Node Loss: 5.5412, Test Reg Loss: 11.2979, Test MAPE: 22.5800, Test R: 0.7945, Test RRSE: 0.7069
2025-02-10 15:53:34,167:INFO:Epoch 223: Train Loss: 533.6865, Train Node Loss: 9.2424, Train Reg Loss: 5.2444, Train MAPE: 24.4570, Train R: 0.8744, Train RRSE: 0.4871, Test Loss: 1241.0631, Test Node Loss: 6.4017, Test Reg Loss: 12.3466, Test MAPE: 23.1034, Test R: 0.7959, Test RRSE: 0.7389
2025-02-10 15:53:48,539:INFO:Epoch 224: Train Loss: 527.2393, Train Node Loss: 8.0026, Train Reg Loss: 5.1924, Train MAPE: 23.4158, Train R: 0.8771, Train RRSE: 0.4846, Test Loss: 1103.8882, Test Node Loss: 7.0246, Test Reg Loss: 10.9686, Test MAPE: 23.5397, Test R: 0.7939, Test RRSE: 0.6965
2025-02-10 15:54:02,933:INFO:Epoch 225: Train Loss: 589.6500, Train Node Loss: 9.7030, Train Reg Loss: 5.7995, Train MAPE: 24.1553, Train R: 0.8591, Train RRSE: 0.5122, Test Loss: 1507.6100, Test Node Loss: 4.9883, Test Reg Loss: 15.0262, Test MAPE: 22.7260, Test R: 0.7892, Test RRSE: 0.8152
2025-02-10 15:54:17,113:INFO:Epoch 226: Train Loss: 659.7445, Train Node Loss: 11.6391, Train Reg Loss: 6.4811, Train MAPE: 25.5314, Train R: 0.8514, Train RRSE: 0.5414, Test Loss: 1228.8442, Test Node Loss: 5.5902, Test Reg Loss: 12.2325, Test MAPE: 22.5628, Test R: 0.7926, Test RRSE: 0.7355
2025-02-10 15:54:31,597:INFO:Epoch 227: Train Loss: 592.4407, Train Node Loss: 5.0913, Train Reg Loss: 5.8735, Train MAPE: 21.6798, Train R: 0.8845, Train RRSE: 0.5154, Test Loss: 1204.7827, Test Node Loss: 5.1117, Test Reg Loss: 11.9967, Test MAPE: 22.2676, Test R: 0.7944, Test RRSE: 0.7284
2025-02-10 15:54:46,100:INFO:Epoch 228: Train Loss: 601.9413, Train Node Loss: 10.8289, Train Reg Loss: 5.9111, Train MAPE: 25.4127, Train R: 0.8656, Train RRSE: 0.5171, Test Loss: 1359.2591, Test Node Loss: 4.3115, Test Reg Loss: 13.5495, Test MAPE: 22.4568, Test R: 0.7930, Test RRSE: 0.7741
2025-02-10 15:55:00,636:INFO:Epoch 229: Train Loss: 610.0685, Train Node Loss: 5.4265, Train Reg Loss: 6.0464, Train MAPE: 22.3594, Train R: 0.8686, Train RRSE: 0.5230, Test Loss: 1021.1426, Test Node Loss: 5.3888, Test Reg Loss: 10.1575, Test MAPE: 23.1851, Test R: 0.7966, Test RRSE: 0.6702
2025-02-10 15:55:15,786:INFO:Epoch 230: Train Loss: 639.8222, Train Node Loss: 10.0968, Train Reg Loss: 6.2973, Train MAPE: 25.4104, Train R: 0.8573, Train RRSE: 0.5337, Test Loss: 1166.0189, Test Node Loss: 4.1415, Test Reg Loss: 11.6188, Test MAPE: 21.9757, Test R: 0.7933, Test RRSE: 0.7168
2025-02-10 15:55:30,449:INFO:Epoch 231: Train Loss: 597.1213, Train Node Loss: 5.6514, Train Reg Loss: 5.9147, Train MAPE: 22.5513, Train R: 0.8670, Train RRSE: 0.5172, Test Loss: 1229.8596, Test Node Loss: 5.3441, Test Reg Loss: 12.2452, Test MAPE: 23.3528, Test R: 0.7926, Test RRSE: 0.7359
2025-02-10 15:55:45,041:INFO:Epoch 232: Train Loss: 511.1987, Train Node Loss: 8.9701, Train Reg Loss: 5.0223, Train MAPE: 24.5329, Train R: 0.8794, Train RRSE: 0.4766, Test Loss: 1345.4268, Test Node Loss: 5.4290, Test Reg Loss: 13.4000, Test MAPE: 23.6812, Test R: 0.7924, Test RRSE: 0.7698
2025-02-10 15:55:59,788:INFO:Epoch 233: Train Loss: 544.3305, Train Node Loss: 7.7153, Train Reg Loss: 5.3662, Train MAPE: 23.4809, Train R: 0.8724, Train RRSE: 0.4927, Test Loss: 1280.7052, Test Node Loss: 6.4872, Test Reg Loss: 12.7422, Test MAPE: 23.3057, Test R: 0.7913, Test RRSE: 0.7507
2025-02-10 15:56:14,087:INFO:Epoch 234: Train Loss: 536.1828, Train Node Loss: 10.3275, Train Reg Loss: 5.2586, Train MAPE: 24.4184, Train R: 0.8734, Train RRSE: 0.4877, Test Loss: 1345.7946, Test Node Loss: 6.8363, Test Reg Loss: 13.3896, Test MAPE: 23.6482, Test R: 0.7910, Test RRSE: 0.7695
2025-02-10 15:56:28,799:INFO:Epoch 235: Train Loss: 489.6758, Train Node Loss: 9.7845, Train Reg Loss: 4.7989, Train MAPE: 23.8242, Train R: 0.8855, Train RRSE: 0.4659, Test Loss: 1238.7692, Test Node Loss: 6.2741, Test Reg Loss: 12.3250, Test MAPE: 23.0042, Test R: 0.7894, Test RRSE: 0.7383
2025-02-10 15:56:43,557:INFO:Epoch 236: Train Loss: 498.7033, Train Node Loss: 8.3642, Train Reg Loss: 4.9034, Train MAPE: 23.2512, Train R: 0.8855, Train RRSE: 0.4710, Test Loss: 1119.1371, Test Node Loss: 7.1643, Test Reg Loss: 11.1197, Test MAPE: 23.0256, Test R: 0.7910, Test RRSE: 0.7013
2025-02-10 15:56:58,463:INFO:Epoch 237: Train Loss: 522.8978, Train Node Loss: 11.8984, Train Reg Loss: 5.1100, Train MAPE: 24.9570, Train R: 0.8792, Train RRSE: 0.4808, Test Loss: 1357.7029, Test Node Loss: 6.6268, Test Reg Loss: 13.5108, Test MAPE: 23.1811, Test R: 0.7889, Test RRSE: 0.7730
2025-02-10 15:57:13,101:INFO:Epoch 238: Train Loss: 485.2010, Train Node Loss: 10.1177, Train Reg Loss: 4.7508, Train MAPE: 23.7857, Train R: 0.8869, Train RRSE: 0.4636, Test Loss: 1243.4981, Test Node Loss: 7.0964, Test Reg Loss: 12.3640, Test MAPE: 23.1532, Test R: 0.7887, Test RRSE: 0.7395
2025-02-10 15:57:28,152:INFO:Epoch 239: Train Loss: 506.3616, Train Node Loss: 9.6717, Train Reg Loss: 4.9669, Train MAPE: 23.7895, Train R: 0.8809, Train RRSE: 0.4740, Test Loss: 1167.4422, Test Node Loss: 7.1175, Test Reg Loss: 11.6032, Test MAPE: 23.5503, Test R: 0.7903, Test RRSE: 0.7164
2025-02-10 15:57:42,928:INFO:Epoch 240: Train Loss: 484.0472, Train Node Loss: 9.4958, Train Reg Loss: 4.7455, Train MAPE: 24.1406, Train R: 0.8864, Train RRSE: 0.4633, Test Loss: 1180.6154, Test Node Loss: 6.1158, Test Reg Loss: 11.7450, Test MAPE: 22.9326, Test R: 0.7887, Test RRSE: 0.7207
2025-02-10 15:57:57,429:INFO:Epoch 241: Train Loss: 511.7600, Train Node Loss: 9.6546, Train Reg Loss: 5.0211, Train MAPE: 24.5948, Train R: 0.8820, Train RRSE: 0.4766, Test Loss: 1282.0442, Test Node Loss: 6.1755, Test Reg Loss: 12.7587, Test MAPE: 23.3455, Test R: 0.7902, Test RRSE: 0.7512
2025-02-10 15:58:11,598:INFO:Epoch 242: Train Loss: 528.6735, Train Node Loss: 8.4389, Train Reg Loss: 5.2023, Train MAPE: 23.1033, Train R: 0.8774, Train RRSE: 0.4851, Test Loss: 1651.8497, Test Node Loss: 6.4294, Test Reg Loss: 16.4542, Test MAPE: 24.6544, Test R: 0.7919, Test RRSE: 0.8531
2025-02-10 15:58:25,666:INFO:Epoch 243: Train Loss: 503.1844, Train Node Loss: 11.3606, Train Reg Loss: 4.9182, Train MAPE: 24.5352, Train R: 0.8837, Train RRSE: 0.4717, Test Loss: 1405.2628, Test Node Loss: 5.2270, Test Reg Loss: 14.0004, Test MAPE: 22.3050, Test R: 0.7884, Test RRSE: 0.7869
2025-02-10 15:58:39,642:INFO:Epoch 244: Train Loss: 540.2195, Train Node Loss: 8.9726, Train Reg Loss: 5.3125, Train MAPE: 24.0783, Train R: 0.8740, Train RRSE: 0.4902, Test Loss: 969.7931, Test Node Loss: 6.7587, Test Reg Loss: 9.6303, Test MAPE: 22.6280, Test R: 0.7931, Test RRSE: 0.6526
2025-02-10 15:58:53,585:INFO:Epoch 245: Train Loss: 514.8980, Train Node Loss: 8.1768, Train Reg Loss: 5.0672, Train MAPE: 23.5752, Train R: 0.8794, Train RRSE: 0.4788, Test Loss: 1314.7806, Test Node Loss: 6.2185, Test Reg Loss: 13.0856, Test MAPE: 23.6680, Test R: 0.7937, Test RRSE: 0.7607
2025-02-10 15:59:07,494:INFO:Epoch 246: Train Loss: 489.4692, Train Node Loss: 10.2653, Train Reg Loss: 4.7920, Train MAPE: 24.5263, Train R: 0.8851, Train RRSE: 0.4656, Test Loss: 1415.5946, Test Node Loss: 6.1984, Test Reg Loss: 14.0940, Test MAPE: 23.5918, Test R: 0.7905, Test RRSE: 0.7895
2025-02-10 15:59:21,420:INFO:Epoch 247: Train Loss: 492.2171, Train Node Loss: 8.3583, Train Reg Loss: 4.8386, Train MAPE: 23.3380, Train R: 0.8878, Train RRSE: 0.4678, Test Loss: 1202.3622, Test Node Loss: 6.9792, Test Reg Loss: 11.9538, Test MAPE: 23.5153, Test R: 0.7906, Test RRSE: 0.7271
2025-02-10 15:59:35,799:INFO:Epoch 248: Train Loss: 507.1525, Train Node Loss: 11.9394, Train Reg Loss: 4.9521, Train MAPE: 24.9871, Train R: 0.8863, Train RRSE: 0.4733, Test Loss: 1417.3237, Test Node Loss: 5.6269, Test Reg Loss: 14.1170, Test MAPE: 22.7629, Test R: 0.7901, Test RRSE: 0.7902
2025-02-10 15:59:50,229:INFO:Epoch 249: Train Loss: 541.8171, Train Node Loss: 9.3817, Train Reg Loss: 5.3244, Train MAPE: 23.9581, Train R: 0.8724, Train RRSE: 0.4908, Test Loss: 1167.6237, Test Node Loss: 7.4696, Test Reg Loss: 11.6015, Test MAPE: 23.6830, Test R: 0.7919, Test RRSE: 0.7163
2025-02-10 16:00:04,493:INFO:Epoch 250: Train Loss: 489.7785, Train Node Loss: 9.1695, Train Reg Loss: 4.8061, Train MAPE: 24.0316, Train R: 0.8852, Train RRSE: 0.4663, Test Loss: 1296.4290, Test Node Loss: 5.1390, Test Reg Loss: 12.9129, Test MAPE: 22.4011, Test R: 0.7871, Test RRSE: 0.7557
2025-02-10 16:00:18,883:INFO:Epoch 251: Train Loss: 526.2777, Train Node Loss: 10.0149, Train Reg Loss: 5.1626, Train MAPE: 24.5063, Train R: 0.8759, Train RRSE: 0.4832, Test Loss: 1370.0700, Test Node Loss: 6.3536, Test Reg Loss: 13.6372, Test MAPE: 23.5873, Test R: 0.7921, Test RRSE: 0.7766
2025-02-10 16:00:32,774:INFO:Epoch 252: Train Loss: 504.5916, Train Node Loss: 8.7841, Train Reg Loss: 4.9581, Train MAPE: 23.8247, Train R: 0.8831, Train RRSE: 0.4736, Test Loss: 1258.9132, Test Node Loss: 6.2376, Test Reg Loss: 12.5268, Test MAPE: 23.4414, Test R: 0.7938, Test RRSE: 0.7443
2025-02-10 16:00:46,604:INFO:Epoch 253: Train Loss: 505.3358, Train Node Loss: 10.2208, Train Reg Loss: 4.9511, Train MAPE: 24.7062, Train R: 0.8825, Train RRSE: 0.4732, Test Loss: 1365.4631, Test Node Loss: 5.3754, Test Reg Loss: 13.6009, Test MAPE: 22.6159, Test R: 0.7899, Test RRSE: 0.7756
2025-02-10 16:01:00,602:INFO:Epoch 254: Train Loss: 553.4848, Train Node Loss: 7.7004, Train Reg Loss: 5.4578, Train MAPE: 22.9549, Train R: 0.8775, Train RRSE: 0.4969, Test Loss: 1171.7457, Test Node Loss: 7.8243, Test Reg Loss: 11.6392, Test MAPE: 23.6845, Test R: 0.7890, Test RRSE: 0.7175
2025-02-10 16:01:14,602:INFO:Epoch 255: Train Loss: 523.5888, Train Node Loss: 11.6399, Train Reg Loss: 5.1195, Train MAPE: 24.8752, Train R: 0.8784, Train RRSE: 0.4812, Test Loss: 1311.7691, Test Node Loss: 5.8521, Test Reg Loss: 13.0592, Test MAPE: 23.1348, Test R: 0.7905, Test RRSE: 0.7600
2025-02-10 16:01:28,545:INFO:Epoch 256: Train Loss: 474.4092, Train Node Loss: 8.0510, Train Reg Loss: 4.6636, Train MAPE: 23.3559, Train R: 0.8918, Train RRSE: 0.4593, Test Loss: 1033.5847, Test Node Loss: 7.6833, Test Reg Loss: 10.2590, Test MAPE: 23.5347, Test R: 0.7917, Test RRSE: 0.6736
2025-02-10 16:01:42,443:INFO:Epoch 257: Train Loss: 521.4485, Train Node Loss: 10.3467, Train Reg Loss: 5.1110, Train MAPE: 24.5523, Train R: 0.8778, Train RRSE: 0.4808, Test Loss: 1626.2005, Test Node Loss: 5.8822, Test Reg Loss: 16.2032, Test MAPE: 23.8418, Test R: 0.7898, Test RRSE: 0.8465
2025-02-10 16:01:56,399:INFO:Epoch 258: Train Loss: 464.2445, Train Node Loss: 9.9538, Train Reg Loss: 4.5429, Train MAPE: 24.3037, Train R: 0.8915, Train RRSE: 0.4533, Test Loss: 1291.8229, Test Node Loss: 7.3478, Test Reg Loss: 12.8448, Test MAPE: 24.0857, Test R: 0.7908, Test RRSE: 0.7537
2025-02-10 16:02:10,454:INFO:Epoch 259: Train Loss: 560.9184, Train Node Loss: 11.3013, Train Reg Loss: 5.4962, Train MAPE: 24.9213, Train R: 0.8706, Train RRSE: 0.4986, Test Loss: 1547.0358, Test Node Loss: 3.9446, Test Reg Loss: 15.4309, Test MAPE: 22.0405, Test R: 0.7844, Test RRSE: 0.8261
2025-02-10 16:02:24,506:INFO:Epoch 260: Train Loss: 560.3319, Train Node Loss: 7.0000, Train Reg Loss: 5.5333, Train MAPE: 22.8698, Train R: 0.8739, Train RRSE: 0.5003, Test Loss: 1132.4836, Test Node Loss: 7.5249, Test Reg Loss: 11.2496, Test MAPE: 23.4607, Test R: 0.7872, Test RRSE: 0.7054
2025-02-10 16:02:38,604:INFO:Epoch 261: Train Loss: 506.5564, Train Node Loss: 9.0648, Train Reg Loss: 4.9749, Train MAPE: 23.8072, Train R: 0.8805, Train RRSE: 0.4744, Test Loss: 1343.3364, Test Node Loss: 6.2293, Test Reg Loss: 13.3711, Test MAPE: 23.2702, Test R: 0.7860, Test RRSE: 0.7690
2025-02-10 16:02:52,881:INFO:Epoch 262: Train Loss: 469.8807, Train Node Loss: 10.3687, Train Reg Loss: 4.5951, Train MAPE: 24.0765, Train R: 0.8904, Train RRSE: 0.4559, Test Loss: 1219.2355, Test Node Loss: 6.8311, Test Reg Loss: 12.1240, Test MAPE: 22.8936, Test R: 0.7856, Test RRSE: 0.7323
2025-02-10 16:03:07,753:INFO:Epoch 263: Train Loss: 488.6825, Train Node Loss: 9.0145, Train Reg Loss: 4.7967, Train MAPE: 23.3593, Train R: 0.8872, Train RRSE: 0.4658, Test Loss: 1322.1409, Test Node Loss: 6.7429, Test Reg Loss: 13.1540, Test MAPE: 23.5389, Test R: 0.7886, Test RRSE: 0.7627
2025-02-10 16:03:23,502:INFO:Epoch 264: Train Loss: 500.7534, Train Node Loss: 11.3373, Train Reg Loss: 4.8942, Train MAPE: 25.1154, Train R: 0.8859, Train RRSE: 0.4705, Test Loss: 1320.4489, Test Node Loss: 5.4507, Test Reg Loss: 13.1500, Test MAPE: 22.7672, Test R: 0.7870, Test RRSE: 0.7626
2025-02-10 16:03:38,788:INFO:Epoch 265: Train Loss: 533.2828, Train Node Loss: 9.0688, Train Reg Loss: 5.2421, Train MAPE: 23.5296, Train R: 0.8753, Train RRSE: 0.4869, Test Loss: 1380.5770, Test Node Loss: 7.0036, Test Reg Loss: 13.7357, Test MAPE: 23.8822, Test R: 0.7881, Test RRSE: 0.7794
2025-02-10 16:03:53,800:INFO:Epoch 266: Train Loss: 501.4168, Train Node Loss: 11.0288, Train Reg Loss: 4.9039, Train MAPE: 24.6103, Train R: 0.8831, Train RRSE: 0.4710, Test Loss: 1421.8826, Test Node Loss: 5.7782, Test Reg Loss: 14.1610, Test MAPE: 22.5554, Test R: 0.7896, Test RRSE: 0.7914
2025-02-10 16:04:09,053:INFO:Epoch 267: Train Loss: 481.1489, Train Node Loss: 8.6832, Train Reg Loss: 4.7247, Train MAPE: 23.5758, Train R: 0.8880, Train RRSE: 0.4623, Test Loss: 1182.1319, Test Node Loss: 7.1305, Test Reg Loss: 11.7500, Test MAPE: 23.6317, Test R: 0.7915, Test RRSE: 0.7209
2025-02-10 16:04:24,167:INFO:Epoch 268: Train Loss: 459.5475, Train Node Loss: 9.9173, Train Reg Loss: 4.4963, Train MAPE: 24.1988, Train R: 0.8928, Train RRSE: 0.4510, Test Loss: 1428.7576, Test Node Loss: 6.4391, Test Reg Loss: 14.2232, Test MAPE: 23.2133, Test R: 0.7886, Test RRSE: 0.7931
2025-02-10 16:04:39,594:INFO:Epoch 269: Train Loss: 512.2268, Train Node Loss: 12.3930, Train Reg Loss: 4.9983, Train MAPE: 24.6628, Train R: 0.8814, Train RRSE: 0.4755, Test Loss: 1302.8456, Test Node Loss: 7.5286, Test Reg Loss: 12.9532, Test MAPE: 23.2954, Test R: 0.7863, Test RRSE: 0.7569
2025-02-10 16:04:55,030:INFO:Epoch 270: Train Loss: 532.6441, Train Node Loss: 9.1835, Train Reg Loss: 5.2346, Train MAPE: 23.0008, Train R: 0.8789, Train RRSE: 0.4866, Test Loss: 1224.1229, Test Node Loss: 7.1043, Test Reg Loss: 12.1702, Test MAPE: 22.9150, Test R: 0.7869, Test RRSE: 0.7336
2025-02-10 16:05:10,912:INFO:Epoch 271: Train Loss: 510.8706, Train Node Loss: 12.4904, Train Reg Loss: 4.9838, Train MAPE: 24.8688, Train R: 0.8840, Train RRSE: 0.4748, Test Loss: 1382.5683, Test Node Loss: 7.0129, Test Reg Loss: 13.7556, Test MAPE: 22.9303, Test R: 0.7845, Test RRSE: 0.7800
2025-02-10 16:05:26,783:INFO:Epoch 272: Train Loss: 489.6797, Train Node Loss: 10.3313, Train Reg Loss: 4.7935, Train MAPE: 23.0360, Train R: 0.8900, Train RRSE: 0.4656, Test Loss: 1234.5383, Test Node Loss: 8.6907, Test Reg Loss: 12.2585, Test MAPE: 23.0744, Test R: 0.7837, Test RRSE: 0.7363
2025-02-10 16:05:42,453:INFO:Epoch 273: Train Loss: 488.5328, Train Node Loss: 13.1441, Train Reg Loss: 4.7539, Train MAPE: 24.1513, Train R: 0.8871, Train RRSE: 0.4637, Test Loss: 1192.0340, Test Node Loss: 9.6393, Test Reg Loss: 11.8239, Test MAPE: 23.8332, Test R: 0.7850, Test RRSE: 0.7231
2025-02-10 16:05:57,612:INFO:Epoch 274: Train Loss: 495.3966, Train Node Loss: 10.6839, Train Reg Loss: 4.8471, Train MAPE: 23.3206, Train R: 0.8859, Train RRSE: 0.4682, Test Loss: 1423.1367, Test Node Loss: 5.7489, Test Reg Loss: 14.1739, Test MAPE: 22.3997, Test R: 0.7851, Test RRSE: 0.7917
2025-02-10 16:06:12,780:INFO:Epoch 275: Train Loss: 533.6177, Train Node Loss: 10.7261, Train Reg Loss: 5.2289, Train MAPE: 24.8121, Train R: 0.8777, Train RRSE: 0.4863, Test Loss: 1145.0841, Test Node Loss: 6.4730, Test Reg Loss: 11.3861, Test MAPE: 22.2826, Test R: 0.7863, Test RRSE: 0.7096
2025-02-10 16:06:27,924:INFO:Epoch 276: Train Loss: 601.4414, Train Node Loss: 8.1346, Train Reg Loss: 5.9331, Train MAPE: 23.0655, Train R: 0.8622, Train RRSE: 0.5180, Test Loss: 1176.3926, Test Node Loss: 8.4106, Test Reg Loss: 11.6798, Test MAPE: 24.1170, Test R: 0.7858, Test RRSE: 0.7187
2025-02-10 16:06:43,069:INFO:Epoch 277: Train Loss: 538.5946, Train Node Loss: 10.0317, Train Reg Loss: 5.2856, Train MAPE: 24.3237, Train R: 0.8728, Train RRSE: 0.4890, Test Loss: 1212.3322, Test Node Loss: 4.3680, Test Reg Loss: 12.0796, Test MAPE: 21.1228, Test R: 0.7834, Test RRSE: 0.7309
2025-02-10 16:06:58,294:INFO:Epoch 278: Train Loss: 624.0641, Train Node Loss: 9.9202, Train Reg Loss: 6.1414, Train MAPE: 24.2769, Train R: 0.8549, Train RRSE: 0.5271, Test Loss: 1031.7931, Test Node Loss: 9.1169, Test Reg Loss: 10.2268, Test MAPE: 23.7578, Test R: 0.7878, Test RRSE: 0.6725
2025-02-10 16:07:13,554:INFO:Epoch 279: Train Loss: 466.9280, Train Node Loss: 9.0250, Train Reg Loss: 4.5790, Train MAPE: 23.4431, Train R: 0.8924, Train RRSE: 0.4551, Test Loss: 1411.3483, Test Node Loss: 6.3334, Test Reg Loss: 14.0501, Test MAPE: 23.4952, Test R: 0.7905, Test RRSE: 0.7883
2025-02-10 16:07:28,656:INFO:Epoch 280: Train Loss: 509.8406, Train Node Loss: 9.3614, Train Reg Loss: 5.0048, Train MAPE: 23.5876, Train R: 0.8806, Train RRSE: 0.4758, Test Loss: 1313.5861, Test Node Loss: 9.4972, Test Reg Loss: 13.0409, Test MAPE: 24.2148, Test R: 0.7873, Test RRSE: 0.7594
2025-02-10 16:07:43,499:INFO:Epoch 281: Train Loss: 561.2476, Train Node Loss: 11.3569, Train Reg Loss: 5.4989, Train MAPE: 23.9686, Train R: 0.8670, Train RRSE: 0.4987, Test Loss: 1555.9759, Test Node Loss: 6.7625, Test Reg Loss: 15.4921, Test MAPE: 22.7225, Test R: 0.7828, Test RRSE: 0.8277
2025-02-10 16:07:58,323:INFO:Epoch 282: Train Loss: 558.3702, Train Node Loss: 15.9865, Train Reg Loss: 5.4238, Train MAPE: 25.9315, Train R: 0.8794, Train RRSE: 0.4953, Test Loss: 1498.3116, Test Node Loss: 5.2417, Test Reg Loss: 14.9307, Test MAPE: 22.4313, Test R: 0.7876, Test RRSE: 0.8126
2025-02-10 16:08:13,477:INFO:Epoch 283: Train Loss: 564.8788, Train Node Loss: 6.7544, Train Reg Loss: 5.5812, Train MAPE: 22.2321, Train R: 0.8806, Train RRSE: 0.5024, Test Loss: 1023.0445, Test Node Loss: 6.5590, Test Reg Loss: 10.1649, Test MAPE: 22.6383, Test R: 0.7898, Test RRSE: 0.6705
2025-02-10 16:08:28,720:INFO:Epoch 284: Train Loss: 493.0642, Train Node Loss: 9.7559, Train Reg Loss: 4.8331, Train MAPE: 24.2143, Train R: 0.8859, Train RRSE: 0.4676, Test Loss: 1173.0430, Test Node Loss: 5.9012, Test Reg Loss: 11.6714, Test MAPE: 22.5286, Test R: 0.7888, Test RRSE: 0.7185
2025-02-10 16:08:43,889:INFO:Epoch 285: Train Loss: 463.3600, Train Node Loss: 9.4903, Train Reg Loss: 4.5387, Train MAPE: 23.8115, Train R: 0.8932, Train RRSE: 0.4531, Test Loss: 1223.9342, Test Node Loss: 7.8014, Test Reg Loss: 12.1613, Test MAPE: 23.5148, Test R: 0.7869, Test RRSE: 0.7334
2025-02-10 16:08:58,911:INFO:Epoch 286: Train Loss: 463.6476, Train Node Loss: 11.8052, Train Reg Loss: 4.5184, Train MAPE: 24.2083, Train R: 0.8921, Train RRSE: 0.4521, Test Loss: 1209.6540, Test Node Loss: 7.8475, Test Reg Loss: 12.0181, Test MAPE: 23.3086, Test R: 0.7875, Test RRSE: 0.7290
2025-02-10 16:09:13,969:INFO:Epoch 287: Train Loss: 457.3539, Train Node Loss: 11.0472, Train Reg Loss: 4.4631, Train MAPE: 24.1523, Train R: 0.8945, Train RRSE: 0.4493, Test Loss: 1303.6578, Test Node Loss: 8.0654, Test Reg Loss: 12.9559, Test MAPE: 23.8941, Test R: 0.7876, Test RRSE: 0.7570
2025-02-10 16:09:29,374:INFO:Epoch 288: Train Loss: 514.7876, Train Node Loss: 10.1125, Train Reg Loss: 5.0468, Train MAPE: 23.9048, Train R: 0.8805, Train RRSE: 0.4778, Test Loss: 1245.8795, Test Node Loss: 6.8492, Test Reg Loss: 12.3903, Test MAPE: 23.2205, Test R: 0.7900, Test RRSE: 0.7403
2025-02-10 16:09:44,335:INFO:Epoch 289: Train Loss: 493.1460, Train Node Loss: 9.8123, Train Reg Loss: 4.8333, Train MAPE: 24.2012, Train R: 0.8851, Train RRSE: 0.4676, Test Loss: 1071.2863, Test Node Loss: 6.4923, Test Reg Loss: 10.6479, Test MAPE: 22.7253, Test R: 0.7909, Test RRSE: 0.6862
2025-02-10 16:09:59,751:INFO:Epoch 290: Train Loss: 481.5200, Train Node Loss: 10.2436, Train Reg Loss: 4.7128, Train MAPE: 24.2355, Train R: 0.8873, Train RRSE: 0.4617, Test Loss: 1262.7772, Test Node Loss: 6.6551, Test Reg Loss: 12.5612, Test MAPE: 22.7091, Test R: 0.7861, Test RRSE: 0.7453
2025-02-10 16:10:15,286:INFO:Epoch 291: Train Loss: 476.3084, Train Node Loss: 10.2861, Train Reg Loss: 4.6602, Train MAPE: 23.7207, Train R: 0.8909, Train RRSE: 0.4591, Test Loss: 1327.3976, Test Node Loss: 7.8291, Test Reg Loss: 13.1957, Test MAPE: 23.4543, Test R: 0.7841, Test RRSE: 0.7639
2025-02-10 16:10:30,387:INFO:Epoch 292: Train Loss: 452.0322, Train Node Loss: 12.0134, Train Reg Loss: 4.4002, Train MAPE: 24.2450, Train R: 0.8950, Train RRSE: 0.4461, Test Loss: 1301.4095, Test Node Loss: 7.7186, Test Reg Loss: 12.9369, Test MAPE: 23.3636, Test R: 0.7851, Test RRSE: 0.7564
2025-02-10 16:10:45,408:INFO:Epoch 293: Train Loss: 446.5531, Train Node Loss: 10.7373, Train Reg Loss: 4.3582, Train MAPE: 24.1807, Train R: 0.8961, Train RRSE: 0.4440, Test Loss: 1335.6413, Test Node Loss: 7.7295, Test Reg Loss: 13.2791, Test MAPE: 23.5655, Test R: 0.7867, Test RRSE: 0.7663
2025-02-10 16:11:01,139:INFO:Epoch 294: Train Loss: 472.4593, Train Node Loss: 10.4203, Train Reg Loss: 4.6204, Train MAPE: 23.6503, Train R: 0.8905, Train RRSE: 0.4572, Test Loss: 1440.3069, Test Node Loss: 7.5449, Test Reg Loss: 14.3276, Test MAPE: 23.2498, Test R: 0.7863, Test RRSE: 0.7960
2025-02-10 16:11:16,511:INFO:Epoch 295: Train Loss: 479.0229, Train Node Loss: 12.1582, Train Reg Loss: 4.6686, Train MAPE: 24.7558, Train R: 0.8905, Train RRSE: 0.4595, Test Loss: 1375.1011, Test Node Loss: 6.2695, Test Reg Loss: 13.6883, Test MAPE: 22.6369, Test R: 0.7870, Test RRSE: 0.7781
2025-02-10 16:11:32,256:INFO:Epoch 296: Train Loss: 430.0025, Train Node Loss: 10.5721, Train Reg Loss: 4.1943, Train MAPE: 24.2178, Train R: 0.9004, Train RRSE: 0.4356, Test Loss: 1302.4902, Test Node Loss: 7.7661, Test Reg Loss: 12.9472, Test MAPE: 23.5558, Test R: 0.7866, Test RRSE: 0.7567
2025-02-10 16:11:47,902:INFO:Epoch 297: Train Loss: 471.6206, Train Node Loss: 10.1892, Train Reg Loss: 4.6143, Train MAPE: 23.8931, Train R: 0.8912, Train RRSE: 0.4569, Test Loss: 1166.6775, Test Node Loss: 8.0488, Test Reg Loss: 11.5863, Test MAPE: 23.5577, Test R: 0.7876, Test RRSE: 0.7158
2025-02-10 16:12:03,143:INFO:Epoch 298: Train Loss: 479.1074, Train Node Loss: 12.0248, Train Reg Loss: 4.6708, Train MAPE: 25.0776, Train R: 0.8913, Train RRSE: 0.4596, Test Loss: 1259.1881, Test Node Loss: 6.3791, Test Reg Loss: 12.5281, Test MAPE: 22.1280, Test R: 0.7833, Test RRSE: 0.7444
2025-02-10 16:12:17,781:INFO:Epoch 299: Train Loss: 496.7373, Train Node Loss: 9.1726, Train Reg Loss: 4.8756, Train MAPE: 22.9927, Train R: 0.8870, Train RRSE: 0.4696, Test Loss: 1320.9956, Test Node Loss: 8.5816, Test Reg Loss: 13.1241, Test MAPE: 24.3604, Test R: 0.7852, Test RRSE: 0.7619
2025-02-10 16:12:32,627:INFO:Epoch 300: Train Loss: 473.4188, Train Node Loss: 10.5675, Train Reg Loss: 4.6285, Train MAPE: 24.3000, Train R: 0.8893, Train RRSE: 0.4576, Test Loss: 1253.9729, Test Node Loss: 4.9830, Test Reg Loss: 12.4899, Test MAPE: 21.8903, Test R: 0.7909, Test RRSE: 0.7432
2025-02-10 16:12:32,627:INFO:Best performance at epoch 87 with Test MAPE: 0.8038
