2025-02-10 14:56:00,442:INFO:Learning rate: 0.001
2025-02-10 14:56:00,442:INFO:Weight decay: 0.001
2025-02-10 14:56:00,442:INFO:Batch size: 64
2025-02-10 14:56:00,443:INFO:Number of layers: 3
2025-02-10 14:56:00,443:INFO:Convolution type: SAGE
2025-02-10 14:56:00,443:INFO:Convolution neurons: 256
2025-02-10 15:00:21,788:INFO:Learning rate: 0.001
2025-02-10 15:00:21,790:INFO:Weight decay: 0.001
2025-02-10 15:00:21,790:INFO:Batch size: 64
2025-02-10 15:00:21,790:INFO:Number of layers: 3
2025-02-10 15:00:21,790:INFO:Convolution type: SAGE
2025-02-10 15:00:21,790:INFO:Convolution neurons: 256
2025-02-10 15:00:47,941:INFO:Epoch 1: Train Loss: 433762.3134, Train Node Loss: 4.1109, Train Reg Loss: 4337.5820, Train MAPE: 98.8063, Train R: -0.0369, Train RRSE: 8.8346, Test Loss: 430742.3422, Test Node Loss: 16.7432, Test Reg Loss: 4307.2558, Test MAPE: 97.1990, Test R: 0.8779, Test RRSE: 8.4952
2025-02-10 15:00:47,974:INFO:Checkpoint saved at best_0.001_0.001_256_SAGE_3_64_0.8779_epoch_1.pth
2025-02-10 15:01:14,793:INFO:Epoch 2: Train Loss: 389262.3820, Train Node Loss: 112.2736, Train Reg Loss: 3891.5011, Train MAPE: 93.4381, Train R: 0.0306, Train RRSE: 8.3680, Test Loss: 336586.8222, Test Node Loss: 520.5528, Test Reg Loss: 3360.6627, Test MAPE: 85.5815, Test R: 0.8637, Test RRSE: 7.5039
2025-02-10 15:01:41,084:INFO:Epoch 3: Train Loss: 265378.3026, Train Node Loss: 1410.4596, Train Reg Loss: 2639.6784, Train MAPE: 75.9733, Train R: -0.0267, Train RRSE: 6.8919, Test Loss: 51401.8913, Test Node Loss: 10888.8405, Test Reg Loss: 405.1305, Test MAPE: 27.6064, Test R: 0.8644, Test RRSE: 2.6054
2025-02-10 15:02:08,091:INFO:Epoch 4: Train Loss: 66321.7739, Train Node Loss: 9947.9101, Train Reg Loss: 563.7386, Train MAPE: 29.6979, Train R: 0.0249, Train RRSE: 3.1849, Test Loss: 820197.2154, Test Node Loss: 79538.8709, Test Reg Loss: 7406.5835, Test MAPE: 131.1543, Test R: 0.8685, Test RRSE: 11.1400
2025-02-10 15:02:33,866:INFO:Epoch 5: Train Loss: 73963.6902, Train Node Loss: 25075.7806, Train Reg Loss: 488.8791, Train MAPE: 33.7948, Train R: 0.5734, Train RRSE: 2.9659, Test Loss: 367554.0701, Test Node Loss: 49832.7095, Test Reg Loss: 3177.2137, Test MAPE: 86.1643, Test R: 0.8703, Test RRSE: 7.2962
2025-02-10 15:02:59,767:INFO:Epoch 6: Train Loss: 26705.9480, Train Node Loss: 16399.1391, Train Reg Loss: 103.0681, Train MAPE: 14.1041, Train R: 0.2274, Train RRSE: 1.3618, Test Loss: 20388.5390, Test Node Loss: 16641.2862, Test Reg Loss: 37.4725, Test MAPE: 10.5050, Test R: 0.8717, Test RRSE: 0.7924
2025-02-10 15:03:25,660:INFO:Epoch 7: Train Loss: 35646.0868, Train Node Loss: 9081.5828, Train Reg Loss: 265.6450, Train MAPE: 21.4723, Train R: 0.4299, Train RRSE: 2.1863, Test Loss: 21505.5350, Test Node Loss: 11661.8822, Test Reg Loss: 98.4365, Test MAPE: 12.2314, Test R: 0.8713, Test RRSE: 1.2843
2025-02-10 15:03:51,337:INFO:Epoch 8: Train Loss: 31396.1999, Train Node Loss: 8931.6039, Train Reg Loss: 224.6460, Train MAPE: 19.4533, Train R: 0.4507, Train RRSE: 2.0105, Test Loss: 20830.3735, Test Node Loss: 15509.2609, Test Reg Loss: 53.2111, Test MAPE: 12.5430, Test R: 0.8700, Test RRSE: 0.9442
2025-02-10 15:04:17,164:INFO:Epoch 9: Train Loss: 16371.8980, Train Node Loss: 12172.2860, Train Reg Loss: 41.9961, Train MAPE: 9.6815, Train R: 0.5226, Train RRSE: 0.8693, Test Loss: 56814.4476, Test Node Loss: 19684.2918, Test Reg Loss: 371.3015, Test MAPE: 29.5200, Test R: 0.8690, Test RRSE: 2.4942
2025-02-10 15:04:42,960:INFO:Epoch 10: Train Loss: 21675.3847, Train Node Loss: 14024.1330, Train Reg Loss: 76.5125, Train MAPE: 14.3367, Train R: 0.7937, Train RRSE: 1.1734, Test Loss: 33435.7111, Test Node Loss: 16110.9024, Test Reg Loss: 173.2481, Test MAPE: 20.6364, Test R: 0.8669, Test RRSE: 1.7038
2025-02-10 15:05:08,822:INFO:Epoch 11: Train Loss: 15152.9682, Train Node Loss: 11386.1213, Train Reg Loss: 37.6685, Train MAPE: 10.2494, Train R: 0.5737, Train RRSE: 0.8233, Test Loss: 13908.6040, Test Node Loss: 10900.0295, Test Reg Loss: 30.0857, Test MAPE: 9.5159, Test R: 0.8639, Test RRSE: 0.7100
2025-02-10 15:05:34,768:INFO:Epoch 12: Train Loss: 15668.2336, Train Node Loss: 8912.7295, Train Reg Loss: 67.5550, Train MAPE: 10.8491, Train R: 0.7944, Train RRSE: 1.1025, Test Loss: 14137.1681, Test Node Loss: 9352.9849, Test Reg Loss: 47.8418, Test MAPE: 9.9676, Test R: 0.8627, Test RRSE: 0.8953
2025-02-10 15:06:00,882:INFO:Epoch 13: Train Loss: 14034.6411, Train Node Loss: 8782.1699, Train Reg Loss: 52.5247, Train MAPE: 9.9893, Train R: 0.7303, Train RRSE: 0.9722, Test Loss: 12731.4814, Test Node Loss: 9894.4238, Test Reg Loss: 28.3706, Test MAPE: 9.7854, Test R: 0.8631, Test RRSE: 0.6895
2025-02-10 15:06:26,961:INFO:Epoch 14: Train Loss: 12723.9934, Train Node Loss: 9623.8717, Train Reg Loss: 31.0012, Train MAPE: 9.8500, Train R: 0.7411, Train RRSE: 0.7469, Test Loss: 13292.0837, Test Node Loss: 9882.3044, Test Reg Loss: 34.0978, Test MAPE: 10.9343, Test R: 0.8630, Test RRSE: 0.7559
2025-02-10 15:06:52,945:INFO:Epoch 15: Train Loss: 12376.4489, Train Node Loss: 9290.8748, Train Reg Loss: 30.8557, Train MAPE: 10.0666, Train R: 0.7978, Train RRSE: 0.7451, Test Loss: 11514.1361, Test Node Loss: 8276.5900, Test Reg Loss: 32.3755, Test MAPE: 9.5085, Test R: 0.8615, Test RRSE: 0.7365
2025-02-10 15:07:19,831:INFO:Epoch 16: Train Loss: 11621.9946, Train Node Loss: 7912.7608, Train Reg Loss: 37.0923, Train MAPE: 9.5097, Train R: 0.7175, Train RRSE: 0.8170, Test Loss: 13051.0409, Test Node Loss: 7041.3695, Test Reg Loss: 60.0967, Test MAPE: 10.5532, Test R: 0.8603, Test RRSE: 1.0035
2025-02-10 15:07:46,110:INFO:Epoch 17: Train Loss: 11304.9496, Train Node Loss: 7335.2636, Train Reg Loss: 39.6969, Train MAPE: 9.3874, Train R: 0.7826, Train RRSE: 0.8452, Test Loss: 11201.6996, Test Node Loss: 7166.7226, Test Reg Loss: 40.3498, Test MAPE: 9.7286, Test R: 0.8594, Test RRSE: 0.8222
2025-02-10 15:08:13,252:INFO:Epoch 18: Train Loss: 10552.0132, Train Node Loss: 7601.6194, Train Reg Loss: 29.5039, Train MAPE: 9.5171, Train R: 0.7741, Train RRSE: 0.7286, Test Loss: 10287.6388, Test Node Loss: 7274.8253, Test Reg Loss: 30.1281, Test MAPE: 9.6040, Test R: 0.8583, Test RRSE: 0.7105
2025-02-10 15:08:39,493:INFO:Epoch 19: Train Loss: 10277.0801, Train Node Loss: 7408.2871, Train Reg Loss: 28.6879, Train MAPE: 9.6473, Train R: 0.7873, Train RRSE: 0.7185, Test Loss: 10683.1324, Test Node Loss: 6506.3550, Test Reg Loss: 41.7678, Test MAPE: 9.7359, Test R: 0.8564, Test RRSE: 0.8366
2025-02-10 15:09:05,463:INFO:Epoch 20: Train Loss: 9959.5084, Train Node Loss: 6662.4946, Train Reg Loss: 32.9701, Train MAPE: 9.2892, Train R: 0.7852, Train RRSE: 0.7702, Test Loss: 11005.5892, Test Node Loss: 6060.0228, Test Reg Loss: 49.4557, Test MAPE: 10.1469, Test R: 0.8542, Test RRSE: 0.9103
2025-02-10 15:09:31,278:INFO:Epoch 21: Train Loss: 9414.0644, Train Node Loss: 6522.5209, Train Reg Loss: 28.9154, Train MAPE: 9.3887, Train R: 0.7963, Train RRSE: 0.7213, Test Loss: 9688.7899, Test Node Loss: 6172.8912, Test Reg Loss: 35.1590, Test MAPE: 9.6851, Test R: 0.8524, Test RRSE: 0.7675
2025-02-10 15:09:57,463:INFO:Epoch 22: Train Loss: 9278.9316, Train Node Loss: 6588.3092, Train Reg Loss: 26.9062, Train MAPE: 9.7907, Train R: 0.7926, Train RRSE: 0.6958, Test Loss: 9423.8013, Test Node Loss: 5932.4269, Test Reg Loss: 34.9137, Test MAPE: 9.7166, Test R: 0.8502, Test RRSE: 0.7648
2025-02-10 15:10:23,613:INFO:Epoch 23: Train Loss: 9083.4820, Train Node Loss: 6068.6779, Train Reg Loss: 30.1480, Train MAPE: 9.5614, Train R: 0.7498, Train RRSE: 0.7365, Test Loss: 10620.9987, Test Node Loss: 5305.0993, Test Reg Loss: 53.1590, Test MAPE: 10.4803, Test R: 0.8479, Test RRSE: 0.9438
2025-02-10 15:10:50,007:INFO:Epoch 24: Train Loss: 8643.0655, Train Node Loss: 5742.1254, Train Reg Loss: 29.0094, Train MAPE: 9.4306, Train R: 0.7978, Train RRSE: 0.7225, Test Loss: 9294.9587, Test Node Loss: 5355.8695, Test Reg Loss: 39.3909, Test MAPE: 9.9684, Test R: 0.8457, Test RRSE: 0.8124
2025-02-10 15:11:16,301:INFO:Epoch 25: Train Loss: 8498.1726, Train Node Loss: 5807.3177, Train Reg Loss: 26.9086, Train MAPE: 9.7721, Train R: 0.7777, Train RRSE: 0.6958, Test Loss: 8701.0961, Test Node Loss: 5270.5654, Test Reg Loss: 34.3053, Test MAPE: 9.8602, Test R: 0.8441, Test RRSE: 0.7582
2025-02-10 15:11:42,514:INFO:Epoch 26: Train Loss: 8179.7705, Train Node Loss: 5490.1582, Train Reg Loss: 26.8961, Train MAPE: 9.6836, Train R: 0.7797, Train RRSE: 0.6957, Test Loss: 9510.2932, Test Node Loss: 4806.0538, Test Reg Loss: 47.0424, Test MAPE: 10.3841, Test R: 0.8423, Test RRSE: 0.8878
2025-02-10 15:12:08,728:INFO:Epoch 27: Train Loss: 8042.9448, Train Node Loss: 5145.3637, Train Reg Loss: 28.9758, Train MAPE: 9.5449, Train R: 0.7764, Train RRSE: 0.7221, Test Loss: 8859.9524, Test Node Loss: 4716.3050, Test Reg Loss: 41.4365, Test MAPE: 10.2002, Test R: 0.8412, Test RRSE: 0.8332
2025-02-10 15:12:34,902:INFO:Epoch 28: Train Loss: 7758.9168, Train Node Loss: 5117.8715, Train Reg Loss: 26.4105, Train MAPE: 9.7870, Train R: 0.7745, Train RRSE: 0.6894, Test Loss: 8044.2667, Test Node Loss: 4698.2946, Test Reg Loss: 33.4597, Test MAPE: 9.8546, Test R: 0.8405, Test RRSE: 0.7487
2025-02-10 15:13:00,840:INFO:Epoch 29: Train Loss: 7491.6734, Train Node Loss: 4902.6333, Train Reg Loss: 25.8904, Train MAPE: 9.8284, Train R: 0.7771, Train RRSE: 0.6825, Test Loss: 8780.4073, Test Node Loss: 4305.3218, Test Reg Loss: 44.7509, Test MAPE: 10.2836, Test R: 0.8395, Test RRSE: 0.8659
2025-02-10 15:13:27,068:INFO:Epoch 30: Train Loss: 7277.7309, Train Node Loss: 4623.5865, Train Reg Loss: 26.5414, Train MAPE: 9.6990, Train R: 0.7864, Train RRSE: 0.6911, Test Loss: 8036.0523, Test Node Loss: 4254.4611, Test Reg Loss: 37.8159, Test MAPE: 10.1540, Test R: 0.8386, Test RRSE: 0.7960
2025-02-10 15:13:53,248:INFO:Epoch 31: Train Loss: 7024.6464, Train Node Loss: 4613.7271, Train Reg Loss: 24.1092, Train MAPE: 10.0018, Train R: 0.7921, Train RRSE: 0.6586, Test Loss: 7703.8497, Test Node Loss: 4127.7974, Test Reg Loss: 35.7605, Test MAPE: 10.1660, Test R: 0.8381, Test RRSE: 0.7741
2025-02-10 15:14:19,218:INFO:Epoch 32: Train Loss: 6810.9360, Train Node Loss: 4385.2755, Train Reg Loss: 24.2566, Train MAPE: 9.9529, Train R: 0.7872, Train RRSE: 0.6607, Test Loss: 8502.8403, Test Node Loss: 3795.6473, Test Reg Loss: 47.0719, Test MAPE: 10.6457, Test R: 0.8375, Test RRSE: 0.8881
2025-02-10 15:14:45,321:INFO:Epoch 33: Train Loss: 6710.5203, Train Node Loss: 4110.7465, Train Reg Loss: 25.9977, Train MAPE: 9.8832, Train R: 0.7809, Train RRSE: 0.6840, Test Loss: 7916.4210, Test Node Loss: 3717.8763, Test Reg Loss: 41.9854, Test MAPE: 10.5022, Test R: 0.8381, Test RRSE: 0.8387
2025-02-10 15:15:12,453:INFO:Epoch 34: Train Loss: 6520.5628, Train Node Loss: 4125.4315, Train Reg Loss: 23.9513, Train MAPE: 10.0992, Train R: 0.7849, Train RRSE: 0.6565, Test Loss: 6960.5830, Test Node Loss: 3733.4270, Test Reg Loss: 32.2716, Test MAPE: 10.1597, Test R: 0.8388, Test RRSE: 0.7353
2025-02-10 15:15:38,815:INFO:Epoch 35: Train Loss: 6388.2843, Train Node Loss: 3901.3914, Train Reg Loss: 24.8689, Train MAPE: 10.0166, Train R: 0.7730, Train RRSE: 0.6689, Test Loss: 7933.4687, Test Node Loss: 3398.6365, Test Reg Loss: 45.3483, Test MAPE: 10.7191, Test R: 0.8389, Test RRSE: 0.8717
2025-02-10 15:16:05,370:INFO:Epoch 36: Train Loss: 6088.2407, Train Node Loss: 3717.9070, Train Reg Loss: 23.7033, Train MAPE: 9.9606, Train R: 0.7960, Train RRSE: 0.6531, Test Loss: 6900.0081, Test Node Loss: 3409.7064, Test Reg Loss: 34.9030, Test MAPE: 10.3812, Test R: 0.8400, Test RRSE: 0.7647
2025-02-10 15:16:31,225:INFO:Epoch 37: Train Loss: 5913.9605, Train Node Loss: 3687.5371, Train Reg Loss: 22.2642, Train MAPE: 10.1623, Train R: 0.8015, Train RRSE: 0.6329, Test Loss: 7240.8248, Test Node Loss: 3200.9244, Test Reg Loss: 40.3990, Test MAPE: 10.5751, Test R: 0.8420, Test RRSE: 0.8227
2025-02-10 15:16:56,996:INFO:Epoch 38: Train Loss: 5684.9783, Train Node Loss: 3463.4915, Train Reg Loss: 22.2149, Train MAPE: 10.0080, Train R: 0.8144, Train RRSE: 0.6322, Test Loss: 7057.4118, Test Node Loss: 3084.0593, Test Reg Loss: 39.7335, Test MAPE: 10.5935, Test R: 0.8437, Test RRSE: 0.8159
2025-02-10 15:17:22,597:INFO:Epoch 39: Train Loss: 5590.8029, Train Node Loss: 3358.4947, Train Reg Loss: 22.3231, Train MAPE: 10.1384, Train R: 0.8014, Train RRSE: 0.6338, Test Loss: 6326.8562, Test Node Loss: 3057.8146, Test Reg Loss: 32.6904, Test MAPE: 10.3078, Test R: 0.8450, Test RRSE: 0.7401
2025-02-10 15:17:49,065:INFO:Epoch 40: Train Loss: 5446.7460, Train Node Loss: 3251.0424, Train Reg Loss: 21.9570, Train MAPE: 10.1173, Train R: 0.8057, Train RRSE: 0.6286, Test Loss: 6601.6719, Test Node Loss: 2874.5779, Test Reg Loss: 37.2709, Test MAPE: 10.4970, Test R: 0.8472, Test RRSE: 0.7902
2025-02-10 15:18:14,554:INFO:Epoch 41: Train Loss: 5341.5228, Train Node Loss: 3135.0918, Train Reg Loss: 22.0643, Train MAPE: 10.2041, Train R: 0.7996, Train RRSE: 0.6301, Test Loss: 6530.2759, Test Node Loss: 2757.3526, Test Reg Loss: 37.7292, Test MAPE: 10.6029, Test R: 0.8466, Test RRSE: 0.7951
2025-02-10 15:18:40,036:INFO:Epoch 42: Train Loss: 5131.1640, Train Node Loss: 2986.6951, Train Reg Loss: 21.4447, Train MAPE: 10.1473, Train R: 0.8103, Train RRSE: 0.6212, Test Loss: 6370.4582, Test Node Loss: 2659.6393, Test Reg Loss: 37.1082, Test MAPE: 10.6381, Test R: 0.8477, Test RRSE: 0.7885
2025-02-10 15:19:05,700:INFO:Epoch 43: Train Loss: 5019.8587, Train Node Loss: 2868.2327, Train Reg Loss: 21.5163, Train MAPE: 10.1773, Train R: 0.8078, Train RRSE: 0.6222, Test Loss: 5790.4101, Test Node Loss: 2631.2540, Test Reg Loss: 31.5916, Test MAPE: 10.5122, Test R: 0.8484, Test RRSE: 0.7275
2025-02-10 15:19:31,230:INFO:Epoch 44: Train Loss: 4838.5083, Train Node Loss: 2814.1601, Train Reg Loss: 20.2435, Train MAPE: 10.4138, Train R: 0.8144, Train RRSE: 0.6035, Test Loss: 6242.7264, Test Node Loss: 2457.6376, Test Reg Loss: 37.8509, Test MAPE: 10.7776, Test R: 0.8508, Test RRSE: 0.7964
2025-02-10 15:19:56,778:INFO:Epoch 45: Train Loss: 4850.8295, Train Node Loss: 2657.1929, Train Reg Loss: 21.9364, Train MAPE: 10.2760, Train R: 0.8018, Train RRSE: 0.6283, Test Loss: 5701.6492, Test Node Loss: 2419.6249, Test Reg Loss: 32.8202, Test MAPE: 10.6072, Test R: 0.8517, Test RRSE: 0.7416
2025-02-10 15:20:22,403:INFO:Epoch 46: Train Loss: 4789.1987, Train Node Loss: 2683.6285, Train Reg Loss: 21.0557, Train MAPE: 10.6594, Train R: 0.8059, Train RRSE: 0.6155, Test Loss: 5419.0317, Test Node Loss: 2362.6887, Test Reg Loss: 30.5634, Test MAPE: 10.5827, Test R: 0.8520, Test RRSE: 0.7156
2025-02-10 15:20:47,736:INFO:Epoch 47: Train Loss: 4558.0430, Train Node Loss: 2438.2049, Train Reg Loss: 21.1984, Train MAPE: 10.4462, Train R: 0.8161, Train RRSE: 0.6176, Test Loss: 5844.9231, Test Node Loss: 2220.8821, Test Reg Loss: 36.2404, Test MAPE: 10.7873, Test R: 0.8520, Test RRSE: 0.7792
2025-02-10 15:21:13,021:INFO:Epoch 48: Train Loss: 4522.8675, Train Node Loss: 2485.9429, Train Reg Loss: 20.3692, Train MAPE: 10.6870, Train R: 0.8050, Train RRSE: 0.6054, Test Loss: 4702.8506, Test Node Loss: 2299.5814, Test Reg Loss: 24.0327, Test MAPE: 10.4920, Test R: 0.8532, Test RRSE: 0.6346
2025-02-10 15:21:38,306:INFO:Epoch 49: Train Loss: 4696.8575, Train Node Loss: 2291.7133, Train Reg Loss: 24.0514, Train MAPE: 10.5249, Train R: 0.7769, Train RRSE: 0.6579, Test Loss: 5193.1860, Test Node Loss: 2134.0231, Test Reg Loss: 30.5916, Test MAPE: 10.7025, Test R: 0.8544, Test RRSE: 0.7159
2025-02-10 15:22:03,579:INFO:Epoch 50: Train Loss: 4341.8183, Train Node Loss: 2355.4938, Train Reg Loss: 19.8632, Train MAPE: 10.7414, Train R: 0.8136, Train RRSE: 0.5978, Test Loss: 4275.4958, Test Node Loss: 2239.2431, Test Reg Loss: 20.3625, Test MAPE: 10.5698, Test R: 0.8562, Test RRSE: 0.5841
2025-02-10 15:22:28,872:INFO:Epoch 51: Train Loss: 4141.0872, Train Node Loss: 2212.2234, Train Reg Loss: 19.2886, Train MAPE: 10.3860, Train R: 0.8232, Train RRSE: 0.5891, Test Loss: 6447.8749, Test Node Loss: 1893.5963, Test Reg Loss: 45.5428, Test MAPE: 11.3891, Test R: 0.8558, Test RRSE: 0.8735
2025-02-10 15:22:54,121:INFO:Epoch 52: Train Loss: 4162.5414, Train Node Loss: 2122.9753, Train Reg Loss: 20.3957, Train MAPE: 10.5109, Train R: 0.8142, Train RRSE: 0.6058, Test Loss: 4063.9742, Test Node Loss: 2134.6493, Test Reg Loss: 19.2932, Test MAPE: 10.4975, Test R: 0.8580, Test RRSE: 0.5686
2025-02-10 15:23:19,502:INFO:Epoch 53: Train Loss: 3940.1610, Train Node Loss: 2109.1427, Train Reg Loss: 18.3102, Train MAPE: 10.5548, Train R: 0.8336, Train RRSE: 0.5740, Test Loss: 4317.5787, Test Node Loss: 1968.6771, Test Reg Loss: 23.4890, Test MAPE: 10.6042, Test R: 0.8585, Test RRSE: 0.6273
2025-02-10 15:23:45,396:INFO:Epoch 54: Train Loss: 3913.9898, Train Node Loss: 2011.4286, Train Reg Loss: 19.0256, Train MAPE: 10.4997, Train R: 0.8275, Train RRSE: 0.5851, Test Loss: 4029.4362, Test Node Loss: 1963.9628, Test Reg Loss: 20.6547, Test MAPE: 10.4301, Test R: 0.8600, Test RRSE: 0.5883
2025-02-10 15:24:11,410:INFO:Epoch 55: Train Loss: 3778.5981, Train Node Loss: 2025.3131, Train Reg Loss: 17.5329, Train MAPE: 10.6787, Train R: 0.8412, Train RRSE: 0.5617, Test Loss: 5147.7548, Test Node Loss: 1777.5035, Test Reg Loss: 33.7025, Test MAPE: 11.0301, Test R: 0.8585, Test RRSE: 0.7515
2025-02-10 15:24:37,368:INFO:Epoch 56: Train Loss: 3926.6350, Train Node Loss: 1891.4247, Train Reg Loss: 20.3521, Train MAPE: 10.5527, Train R: 0.8160, Train RRSE: 0.6052, Test Loss: 4628.2757, Test Node Loss: 1767.9406, Test Reg Loss: 28.6034, Test MAPE: 10.7913, Test R: 0.8597, Test RRSE: 0.6923
2025-02-10 15:25:03,397:INFO:Epoch 57: Train Loss: 3684.8306, Train Node Loss: 1942.5848, Train Reg Loss: 17.4225, Train MAPE: 10.8684, Train R: 0.8411, Train RRSE: 0.5599, Test Loss: 3882.5707, Test Node Loss: 1807.2222, Test Reg Loss: 20.7535, Test MAPE: 10.7226, Test R: 0.8614, Test RRSE: 0.5897
2025-02-10 15:25:29,263:INFO:Epoch 58: Train Loss: 3743.1741, Train Node Loss: 1794.1102, Train Reg Loss: 19.4906, Train MAPE: 10.6588, Train R: 0.8211, Train RRSE: 0.5922, Test Loss: 4170.3073, Test Node Loss: 1691.2741, Test Reg Loss: 24.7903, Test MAPE: 10.7382, Test R: 0.8641, Test RRSE: 0.6445
2025-02-10 15:25:54,870:INFO:Epoch 59: Train Loss: 3778.8856, Train Node Loss: 1823.1834, Train Reg Loss: 19.5570, Train MAPE: 10.7774, Train R: 0.8154, Train RRSE: 0.5932, Test Loss: 3623.6537, Test Node Loss: 1745.4509, Test Reg Loss: 18.7820, Test MAPE: 10.6845, Test R: 0.8649, Test RRSE: 0.5610
2025-02-10 15:26:20,547:INFO:Epoch 60: Train Loss: 3675.2684, Train Node Loss: 1693.7897, Train Reg Loss: 19.8148, Train MAPE: 10.5898, Train R: 0.8195, Train RRSE: 0.5971, Test Loss: 4333.1690, Test Node Loss: 1585.6748, Test Reg Loss: 27.4749, Test MAPE: 10.8388, Test R: 0.8642, Test RRSE: 0.6785
2025-02-10 15:26:46,274:INFO:Epoch 61: Train Loss: 3454.5693, Train Node Loss: 1713.2830, Train Reg Loss: 17.4129, Train MAPE: 10.7223, Train R: 0.8377, Train RRSE: 0.5598, Test Loss: 3468.8201, Test Node Loss: 1689.2816, Test Reg Loss: 17.7954, Test MAPE: 10.7703, Test R: 0.8671, Test RRSE: 0.5460
2025-02-10 15:27:11,688:INFO:Epoch 62: Train Loss: 3310.5137, Train Node Loss: 1675.7325, Train Reg Loss: 16.3478, Train MAPE: 10.7698, Train R: 0.8506, Train RRSE: 0.5424, Test Loss: 4811.7725, Test Node Loss: 1462.0081, Test Reg Loss: 33.4976, Test MAPE: 11.0735, Test R: 0.8676, Test RRSE: 0.7492
2025-02-10 15:27:37,237:INFO:Epoch 63: Train Loss: 3478.3781, Train Node Loss: 1551.0561, Train Reg Loss: 19.2732, Train MAPE: 10.4499, Train R: 0.8378, Train RRSE: 0.5889, Test Loss: 3348.3286, Test Node Loss: 1610.2429, Test Reg Loss: 17.3809, Test MAPE: 10.8272, Test R: 0.8694, Test RRSE: 0.5396
2025-02-10 15:28:02,855:INFO:Epoch 64: Train Loss: 3519.0490, Train Node Loss: 1653.1071, Train Reg Loss: 18.6594, Train MAPE: 10.9574, Train R: 0.8441, Train RRSE: 0.5794, Test Loss: 4713.5855, Test Node Loss: 1395.7958, Test Reg Loss: 33.1779, Test MAPE: 11.0946, Test R: 0.8678, Test RRSE: 0.7456
2025-02-10 15:28:28,137:INFO:Epoch 65: Train Loss: 3837.5029, Train Node Loss: 1418.7340, Train Reg Loss: 24.1877, Train MAPE: 10.5515, Train R: 0.8178, Train RRSE: 0.6597, Test Loss: 3468.2401, Test Node Loss: 1465.4025, Test Reg Loss: 20.0284, Test MAPE: 10.6789, Test R: 0.8709, Test RRSE: 0.5793
2025-02-10 15:28:53,383:INFO:Epoch 66: Train Loss: 3469.6535, Train Node Loss: 1577.2827, Train Reg Loss: 18.9237, Train MAPE: 11.0090, Train R: 0.8378, Train RRSE: 0.5835, Test Loss: 3218.0706, Test Node Loss: 1518.5164, Test Reg Loss: 16.9955, Test MAPE: 10.9103, Test R: 0.8695, Test RRSE: 0.5336
2025-02-10 15:29:19,545:INFO:Epoch 67: Train Loss: 3557.4302, Train Node Loss: 1429.1840, Train Reg Loss: 21.2825, Train MAPE: 10.7114, Train R: 0.7996, Train RRSE: 0.6188, Test Loss: 5400.4654, Test Node Loss: 1271.5399, Test Reg Loss: 41.2893, Test MAPE: 11.5007, Test R: 0.8668, Test RRSE: 0.8318
2025-02-10 15:29:45,732:INFO:Epoch 68: Train Loss: 3195.1629, Train Node Loss: 1439.6612, Train Reg Loss: 17.5550, Train MAPE: 10.6729, Train R: 0.8367, Train RRSE: 0.5620, Test Loss: 3210.0720, Test Node Loss: 1437.6112, Test Reg Loss: 17.7246, Test MAPE: 10.8283, Test R: 0.8688, Test RRSE: 0.5450
2025-02-10 15:30:11,006:INFO:Epoch 69: Train Loss: 3057.6028, Train Node Loss: 1448.9296, Train Reg Loss: 16.0867, Train MAPE: 10.8257, Train R: 0.8577, Train RRSE: 0.5380, Test Loss: 5123.4507, Test Node Loss: 1218.2293, Test Reg Loss: 39.0522, Test MAPE: 11.4270, Test R: 0.8700, Test RRSE: 0.8089
2025-02-10 15:30:36,478:INFO:Epoch 70: Train Loss: 3282.2770, Train Node Loss: 1296.9798, Train Reg Loss: 19.8530, Train MAPE: 10.5929, Train R: 0.8438, Train RRSE: 0.5977, Test Loss: 3065.1141, Test Node Loss: 1405.4261, Test Reg Loss: 16.5969, Test MAPE: 10.8766, Test R: 0.8726, Test RRSE: 0.5273
2025-02-10 15:31:01,961:INFO:Epoch 71: Train Loss: 3068.4867, Train Node Loss: 1406.7667, Train Reg Loss: 16.6172, Train MAPE: 11.0240, Train R: 0.8575, Train RRSE: 0.5468, Test Loss: 3138.0219, Test Node Loss: 1318.6197, Test Reg Loss: 18.1940, Test MAPE: 10.7068, Test R: 0.8738, Test RRSE: 0.5521
2025-02-10 15:31:27,502:INFO:Epoch 72: Train Loss: 2992.5854, Train Node Loss: 1309.3318, Train Reg Loss: 16.8325, Train MAPE: 10.6910, Train R: 0.8471, Train RRSE: 0.5503, Test Loss: 4950.6532, Test Node Loss: 1172.4866, Test Reg Loss: 37.7817, Test MAPE: 11.4888, Test R: 0.8718, Test RRSE: 0.7956
2025-02-10 15:31:52,896:INFO:Epoch 73: Train Loss: 2961.4787, Train Node Loss: 1287.6718, Train Reg Loss: 16.7381, Train MAPE: 10.8283, Train R: 0.8458, Train RRSE: 0.5488, Test Loss: 3010.4537, Test Node Loss: 1300.3175, Test Reg Loss: 17.1014, Test MAPE: 10.9055, Test R: 0.8734, Test RRSE: 0.5353
2025-02-10 15:32:18,407:INFO:Epoch 74: Train Loss: 3002.8982, Train Node Loss: 1321.9309, Train Reg Loss: 16.8097, Train MAPE: 10.9058, Train R: 0.8489, Train RRSE: 0.5500, Test Loss: 4423.4907, Test Node Loss: 1142.2000, Test Reg Loss: 32.8129, Test MAPE: 11.2678, Test R: 0.8715, Test RRSE: 0.7415
2025-02-10 15:32:43,669:INFO:Epoch 75: Train Loss: 2923.1260, Train Node Loss: 1201.4238, Train Reg Loss: 17.2170, Train MAPE: 10.7109, Train R: 0.8558, Train RRSE: 0.5566, Test Loss: 3385.9514, Test Node Loss: 1187.8032, Test Reg Loss: 21.9815, Test MAPE: 10.9895, Test R: 0.8722, Test RRSE: 0.6069
2025-02-10 15:33:08,913:INFO:Epoch 76: Train Loss: 2970.8122, Train Node Loss: 1282.0020, Train Reg Loss: 16.8881, Train MAPE: 11.1005, Train R: 0.8510, Train RRSE: 0.5513, Test Loss: 3587.5738, Test Node Loss: 1141.5679, Test Reg Loss: 24.4601, Test MAPE: 10.9523, Test R: 0.8736, Test RRSE: 0.6402
2025-02-10 15:33:34,122:INFO:Epoch 77: Train Loss: 2850.4379, Train Node Loss: 1164.3808, Train Reg Loss: 16.8606, Train MAPE: 10.6556, Train R: 0.8552, Train RRSE: 0.5508, Test Loss: 3718.9008, Test Node Loss: 1099.8253, Test Reg Loss: 26.1908, Test MAPE: 11.0568, Test R: 0.8741, Test RRSE: 0.6624
2025-02-10 15:33:59,182:INFO:Epoch 78: Train Loss: 2792.6808, Train Node Loss: 1178.5599, Train Reg Loss: 16.1412, Train MAPE: 10.8089, Train R: 0.8497, Train RRSE: 0.5389, Test Loss: 2884.8258, Test Node Loss: 1160.9218, Test Reg Loss: 17.2390, Test MAPE: 11.0100, Test R: 0.8720, Test RRSE: 0.5374
2025-02-10 15:34:24,432:INFO:Epoch 79: Train Loss: 2762.2265, Train Node Loss: 1167.1228, Train Reg Loss: 15.9510, Train MAPE: 10.9519, Train R: 0.8511, Train RRSE: 0.5357, Test Loss: 4990.2271, Test Node Loss: 999.4099, Test Reg Loss: 39.9082, Test MAPE: 11.7315, Test R: 0.8708, Test RRSE: 0.8177
2025-02-10 15:34:49,699:INFO:Epoch 80: Train Loss: 2730.7000, Train Node Loss: 1098.6276, Train Reg Loss: 16.3207, Train MAPE: 10.8148, Train R: 0.8550, Train RRSE: 0.5419, Test Loss: 3113.1122, Test Node Loss: 1084.8615, Test Reg Loss: 20.2825, Test MAPE: 10.9781, Test R: 0.8738, Test RRSE: 0.5830
2025-02-10 15:35:14,834:INFO:Epoch 81: Train Loss: 2680.3573, Train Node Loss: 1130.9143, Train Reg Loss: 15.4944, Train MAPE: 10.9873, Train R: 0.8576, Train RRSE: 0.5280, Test Loss: 3641.2532, Test Node Loss: 1017.7791, Test Reg Loss: 26.2347, Test MAPE: 11.1054, Test R: 0.8760, Test RRSE: 0.6630
2025-02-10 15:35:39,992:INFO:Epoch 82: Train Loss: 2687.2370, Train Node Loss: 1060.9102, Train Reg Loss: 16.2633, Train MAPE: 10.7568, Train R: 0.8556, Train RRSE: 0.5410, Test Loss: 3478.9927, Test Node Loss: 1010.5819, Test Reg Loss: 24.6841, Test MAPE: 11.1310, Test R: 0.8759, Test RRSE: 0.6431
2025-02-10 15:36:05,121:INFO:Epoch 83: Train Loss: 2652.8227, Train Node Loss: 1087.0521, Train Reg Loss: 15.6577, Train MAPE: 10.9273, Train R: 0.8546, Train RRSE: 0.5308, Test Loss: 3110.8007, Test Node Loss: 1028.7610, Test Reg Loss: 20.8204, Test MAPE: 10.9845, Test R: 0.8746, Test RRSE: 0.5906
2025-02-10 15:36:30,362:INFO:Epoch 84: Train Loss: 2525.8288, Train Node Loss: 1071.9791, Train Reg Loss: 14.5385, Train MAPE: 11.0244, Train R: 0.8654, Train RRSE: 0.5115, Test Loss: 5406.9852, Test Node Loss: 894.2022, Test Reg Loss: 45.1278, Test MAPE: 11.9168, Test R: 0.8746, Test RRSE: 0.8696
2025-02-10 15:36:55,574:INFO:Epoch 85: Train Loss: 2551.3936, Train Node Loss: 1010.6866, Train Reg Loss: 15.4071, Train MAPE: 10.9000, Train R: 0.8605, Train RRSE: 0.5265, Test Loss: 2635.4999, Test Node Loss: 1015.6515, Test Reg Loss: 16.1985, Test MAPE: 11.1156, Test R: 0.8762, Test RRSE: 0.5210
2025-02-10 15:37:20,835:INFO:Epoch 86: Train Loss: 2638.2987, Train Node Loss: 1003.3702, Train Reg Loss: 16.3493, Train MAPE: 10.9048, Train R: 0.8465, Train RRSE: 0.5424, Test Loss: 3333.5143, Test Node Loss: 934.6148, Test Reg Loss: 23.9890, Test MAPE: 11.0181, Test R: 0.8748, Test RRSE: 0.6340
2025-02-10 15:37:46,063:INFO:Epoch 87: Train Loss: 2479.6387, Train Node Loss: 992.4089, Train Reg Loss: 14.8723, Train MAPE: 10.9563, Train R: 0.8618, Train RRSE: 0.5173, Test Loss: 3284.2494, Test Node Loss: 923.0735, Test Reg Loss: 23.6118, Test MAPE: 11.3280, Test R: 0.8749, Test RRSE: 0.6290
2025-02-10 15:38:11,380:INFO:Epoch 88: Train Loss: 2453.0300, Train Node Loss: 969.7829, Train Reg Loss: 14.8325, Train MAPE: 10.9427, Train R: 0.8624, Train RRSE: 0.5166, Test Loss: 3797.8761, Test Node Loss: 882.9726, Test Reg Loss: 29.1490, Test MAPE: 11.3990, Test R: 0.8750, Test RRSE: 0.6989
2025-02-10 15:38:36,407:INFO:Epoch 89: Train Loss: 2480.2885, Train Node Loss: 928.9504, Train Reg Loss: 15.5134, Train MAPE: 10.8418, Train R: 0.8601, Train RRSE: 0.5283, Test Loss: 2820.4578, Test Node Loss: 915.6817, Test Reg Loss: 19.0478, Test MAPE: 11.1971, Test R: 0.8757, Test RRSE: 0.5649
2025-02-10 15:39:01,145:INFO:Epoch 90: Train Loss: 2449.7947, Train Node Loss: 952.6762, Train Reg Loss: 14.9712, Train MAPE: 11.1149, Train R: 0.8611, Train RRSE: 0.5190, Test Loss: 3502.7251, Test Node Loss: 862.9471, Test Reg Loss: 26.3978, Test MAPE: 11.4485, Test R: 0.8744, Test RRSE: 0.6651
2025-02-10 15:39:25,993:INFO:Epoch 91: Train Loss: 2327.0614, Train Node Loss: 911.3291, Train Reg Loss: 14.1573, Train MAPE: 10.9587, Train R: 0.8707, Train RRSE: 0.5047, Test Loss: 3355.9681, Test Node Loss: 846.8227, Test Reg Loss: 25.0915, Test MAPE: 11.3576, Test R: 0.8758, Test RRSE: 0.6484
2025-02-10 15:39:50,763:INFO:Epoch 92: Train Loss: 2316.6436, Train Node Loss: 895.8904, Train Reg Loss: 14.2075, Train MAPE: 10.9899, Train R: 0.8689, Train RRSE: 0.5056, Test Loss: 2864.7286, Test Node Loss: 857.3422, Test Reg Loss: 20.0739, Test MAPE: 11.1824, Test R: 0.8764, Test RRSE: 0.5800
2025-02-10 15:40:15,827:INFO:Epoch 93: Train Loss: 2516.9505, Train Node Loss: 908.6597, Train Reg Loss: 16.0829, Train MAPE: 11.2426, Train R: 0.8492, Train RRSE: 0.5380, Test Loss: 5205.2902, Test Node Loss: 753.5768, Test Reg Loss: 44.5171, Test MAPE: 12.2464, Test R: 0.8751, Test RRSE: 0.8637
2025-02-10 15:40:40,891:INFO:Epoch 94: Train Loss: 2419.1443, Train Node Loss: 837.4280, Train Reg Loss: 15.8172, Train MAPE: 10.9736, Train R: 0.8588, Train RRSE: 0.5335, Test Loss: 2372.4846, Test Node Loss: 867.2114, Test Reg Loss: 15.0527, Test MAPE: 11.2639, Test R: 0.8776, Test RRSE: 0.5022
2025-02-10 15:41:06,237:INFO:Epoch 95: Train Loss: 2292.3941, Train Node Loss: 868.0576, Train Reg Loss: 14.2434, Train MAPE: 11.1323, Train R: 0.8706, Train RRSE: 0.5063, Test Loss: 3878.8215, Test Node Loss: 771.7313, Test Reg Loss: 31.0709, Test MAPE: 11.6996, Test R: 0.8769, Test RRSE: 0.7215
2025-02-10 15:41:31,302:INFO:Epoch 96: Train Loss: 2332.2232, Train Node Loss: 811.1791, Train Reg Loss: 15.2104, Train MAPE: 10.9518, Train R: 0.8692, Train RRSE: 0.5232, Test Loss: 3369.9107, Test Node Loss: 783.5022, Test Reg Loss: 25.8641, Test MAPE: 11.3524, Test R: 0.8765, Test RRSE: 0.6583
2025-02-10 15:41:56,340:INFO:Epoch 97: Train Loss: 2494.6413, Train Node Loss: 852.8199, Train Reg Loss: 16.4182, Train MAPE: 11.1760, Train R: 0.8496, Train RRSE: 0.5435, Test Loss: 2537.1236, Test Node Loss: 793.7277, Test Reg Loss: 17.4340, Test MAPE: 11.1967, Test R: 0.8785, Test RRSE: 0.5405
2025-02-10 15:41:56,390:INFO:Checkpoint saved at best_0.001_0.001_256_SAGE_3_64_0.8785_epoch_97.pth
2025-02-10 15:42:21,842:INFO:Epoch 98: Train Loss: 2266.3945, Train Node Loss: 789.1836, Train Reg Loss: 14.7721, Train MAPE: 10.8882, Train R: 0.8667, Train RRSE: 0.5156, Test Loss: 3890.2064, Test Node Loss: 725.7066, Test Reg Loss: 31.6450, Test MAPE: 11.6952, Test R: 0.8784, Test RRSE: 0.7282
2025-02-10 15:42:48,073:INFO:Epoch 99: Train Loss: 2186.5758, Train Node Loss: 806.2660, Train Reg Loss: 13.8031, Train MAPE: 11.1833, Train R: 0.8701, Train RRSE: 0.4984, Test Loss: 3252.6685, Test Node Loss: 753.2991, Test Reg Loss: 24.9937, Test MAPE: 11.4508, Test R: 0.8787, Test RRSE: 0.6471
2025-02-10 15:42:48,128:INFO:Checkpoint saved at best_0.001_0.001_256_SAGE_3_64_0.8787_epoch_99.pth
2025-02-10 15:43:13,576:INFO:Epoch 100: Train Loss: 2406.3943, Train Node Loss: 771.2313, Train Reg Loss: 16.3516, Train MAPE: 11.0660, Train R: 0.8488, Train RRSE: 0.5424, Test Loss: 3000.9026, Test Node Loss: 744.3632, Test Reg Loss: 22.5654, Test MAPE: 11.4983, Test R: 0.8792, Test RRSE: 0.6149
2025-02-10 15:43:13,613:INFO:Checkpoint saved at best_0.001_0.001_256_SAGE_3_64_0.8792_epoch_100.pth
2025-02-10 15:43:39,602:INFO:Epoch 101: Train Loss: 2232.9444, Train Node Loss: 797.2875, Train Reg Loss: 14.3566, Train MAPE: 11.3134, Train R: 0.8684, Train RRSE: 0.5083, Test Loss: 2576.6622, Test Node Loss: 744.5595, Test Reg Loss: 18.3210, Test MAPE: 11.3100, Test R: 0.8798, Test RRSE: 0.5541
2025-02-10 15:43:39,640:INFO:Checkpoint saved at best_0.001_0.001_256_SAGE_3_64_0.8798_epoch_101.pth
2025-02-10 15:44:04,787:INFO:Epoch 102: Train Loss: 2250.3867, Train Node Loss: 729.6777, Train Reg Loss: 15.2071, Train MAPE: 10.8657, Train R: 0.8652, Train RRSE: 0.5231, Test Loss: 2506.8378, Test Node Loss: 727.8739, Test Reg Loss: 17.7896, Test MAPE: 11.2240, Test R: 0.8800, Test RRSE: 0.5460
2025-02-10 15:44:04,824:INFO:Checkpoint saved at best_0.001_0.001_256_SAGE_3_64_0.8800_epoch_102.pth
2025-02-10 15:44:30,844:INFO:Epoch 103: Train Loss: 2192.8547, Train Node Loss: 764.0213, Train Reg Loss: 14.2883, Train MAPE: 11.2100, Train R: 0.8711, Train RRSE: 0.5071, Test Loss: 3657.8289, Test Node Loss: 683.8870, Test Reg Loss: 29.7394, Test MAPE: 11.7457, Test R: 0.8778, Test RRSE: 0.7059
2025-02-10 15:44:55,993:INFO:Epoch 104: Train Loss: 2156.0272, Train Node Loss: 719.0648, Train Reg Loss: 14.3696, Train MAPE: 11.0359, Train R: 0.8690, Train RRSE: 0.5085, Test Loss: 4096.9215, Test Node Loss: 653.1966, Test Reg Loss: 34.4372, Test MAPE: 12.0161, Test R: 0.8776, Test RRSE: 0.7596
2025-02-10 15:45:21,119:INFO:Epoch 105: Train Loss: 2369.9297, Train Node Loss: 744.6349, Train Reg Loss: 16.2529, Train MAPE: 11.4655, Train R: 0.8474, Train RRSE: 0.5408, Test Loss: 3191.7622, Test Node Loss: 660.7057, Test Reg Loss: 25.3106, Test MAPE: 11.6494, Test R: 0.8783, Test RRSE: 0.6512
2025-02-10 15:45:46,172:INFO:Epoch 106: Train Loss: 2136.4650, Train Node Loss: 679.0612, Train Reg Loss: 14.5740, Train MAPE: 11.0456, Train R: 0.8720, Train RRSE: 0.5121, Test Loss: 3023.1706, Test Node Loss: 654.7166, Test Reg Loss: 23.6845, Test MAPE: 11.6054, Test R: 0.8786, Test RRSE: 0.6300
2025-02-10 15:46:11,814:INFO:Epoch 107: Train Loss: 2029.3102, Train Node Loss: 692.1138, Train Reg Loss: 13.3720, Train MAPE: 11.1792, Train R: 0.8749, Train RRSE: 0.4905, Test Loss: 2133.1229, Test Node Loss: 701.9577, Test Reg Loss: 14.3117, Test MAPE: 11.3069, Test R: 0.8798, Test RRSE: 0.4897
2025-02-10 15:46:36,949:INFO:Epoch 108: Train Loss: 2088.2974, Train Node Loss: 674.7355, Train Reg Loss: 14.1356, Train MAPE: 11.1237, Train R: 0.8674, Train RRSE: 0.5043, Test Loss: 4667.2764, Test Node Loss: 597.1911, Test Reg Loss: 40.7009, Test MAPE: 12.3078, Test R: 0.8794, Test RRSE: 0.8258
2025-02-10 15:47:02,823:INFO:Epoch 109: Train Loss: 2128.2105, Train Node Loss: 687.9691, Train Reg Loss: 14.4024, Train MAPE: 11.2264, Train R: 0.8655, Train RRSE: 0.5091, Test Loss: 2994.1764, Test Node Loss: 638.6360, Test Reg Loss: 23.5554, Test MAPE: 11.6583, Test R: 0.8801, Test RRSE: 0.6282
2025-02-10 15:47:02,864:INFO:Checkpoint saved at best_0.001_0.001_256_SAGE_3_64_0.8801_epoch_109.pth
2025-02-10 15:47:28,205:INFO:Epoch 110: Train Loss: 2163.3584, Train Node Loss: 645.9967, Train Reg Loss: 15.1736, Train MAPE: 11.1477, Train R: 0.8628, Train RRSE: 0.5225, Test Loss: 2625.4933, Test Node Loss: 636.1948, Test Reg Loss: 19.8930, Test MAPE: 11.5465, Test R: 0.8805, Test RRSE: 0.5773
2025-02-10 15:47:28,236:INFO:Checkpoint saved at best_0.001_0.001_256_SAGE_3_64_0.8805_epoch_110.pth
2025-02-10 15:47:53,795:INFO:Epoch 111: Train Loss: 2090.0922, Train Node Loss: 669.4552, Train Reg Loss: 14.2064, Train MAPE: 11.3060, Train R: 0.8702, Train RRSE: 0.5056, Test Loss: 2197.9978, Test Node Loss: 640.4387, Test Reg Loss: 15.5756, Test MAPE: 11.4473, Test R: 0.8814, Test RRSE: 0.5109
2025-02-10 15:47:53,823:INFO:Checkpoint saved at best_0.001_0.001_256_SAGE_3_64_0.8814_epoch_111.pth
2025-02-10 15:48:19,616:INFO:Epoch 112: Train Loss: 2136.5941, Train Node Loss: 607.7766, Train Reg Loss: 15.2882, Train MAPE: 11.0983, Train R: 0.8661, Train RRSE: 0.5245, Test Loss: 2188.6163, Test Node Loss: 628.3714, Test Reg Loss: 15.6024, Test MAPE: 11.3845, Test R: 0.8814, Test RRSE: 0.5113
2025-02-10 15:48:19,660:INFO:Checkpoint saved at best_0.001_0.001_256_SAGE_3_64_0.8814_epoch_112.pth
2025-02-10 15:48:45,533:INFO:Epoch 113: Train Loss: 2060.2316, Train Node Loss: 657.9628, Train Reg Loss: 14.0227, Train MAPE: 11.3658, Train R: 0.8776, Train RRSE: 0.5023, Test Loss: 3519.2664, Test Node Loss: 583.4761, Test Reg Loss: 29.3579, Test MAPE: 11.9561, Test R: 0.8807, Test RRSE: 0.7014
2025-02-10 15:49:11,548:INFO:Epoch 114: Train Loss: 2179.0981, Train Node Loss: 597.4881, Train Reg Loss: 15.8161, Train MAPE: 11.1786, Train R: 0.8658, Train RRSE: 0.5335, Test Loss: 2168.8927, Test Node Loss: 623.5566, Test Reg Loss: 15.4534, Test MAPE: 11.5648, Test R: 0.8813, Test RRSE: 0.5088
2025-02-10 15:49:37,435:INFO:Epoch 115: Train Loss: 2082.7687, Train Node Loss: 641.8038, Train Reg Loss: 14.4096, Train MAPE: 11.4660, Train R: 0.8728, Train RRSE: 0.5092, Test Loss: 2302.6154, Test Node Loss: 589.3230, Test Reg Loss: 17.1329, Test MAPE: 11.3678, Test R: 0.8819, Test RRSE: 0.5358
2025-02-10 15:49:37,483:INFO:Checkpoint saved at best_0.001_0.001_256_SAGE_3_64_0.8819_epoch_115.pth
2025-02-10 15:50:03,664:INFO:Epoch 116: Train Loss: 2573.2540, Train Node Loss: 556.7956, Train Reg Loss: 20.1646, Train MAPE: 11.1015, Train R: 0.8318, Train RRSE: 0.6024, Test Loss: 1998.7952, Test Node Loss: 632.1296, Test Reg Loss: 13.6667, Test MAPE: 11.7754, Test R: 0.8828, Test RRSE: 0.4785
2025-02-10 15:50:03,709:INFO:Checkpoint saved at best_0.001_0.001_256_SAGE_3_64_0.8828_epoch_116.pth
2025-02-10 15:50:30,405:INFO:Epoch 117: Train Loss: 2298.6526, Train Node Loss: 622.9091, Train Reg Loss: 16.7574, Train MAPE: 11.5121, Train R: 0.8550, Train RRSE: 0.5491, Test Loss: 2202.1222, Test Node Loss: 581.3757, Test Reg Loss: 16.2075, Test MAPE: 11.4701, Test R: 0.8837, Test RRSE: 0.5211
2025-02-10 15:50:30,451:INFO:Checkpoint saved at best_0.001_0.001_256_SAGE_3_64_0.8837_epoch_117.pth
2025-02-10 15:50:56,268:INFO:Epoch 118: Train Loss: 1984.1620, Train Node Loss: 575.0150, Train Reg Loss: 14.0915, Train MAPE: 10.9894, Train R: 0.8706, Train RRSE: 0.5035, Test Loss: 3644.0892, Test Node Loss: 532.8185, Test Reg Loss: 31.1127, Test MAPE: 12.0345, Test R: 0.8828, Test RRSE: 0.7220
2025-02-10 15:51:22,314:INFO:Epoch 119: Train Loss: 1898.5890, Train Node Loss: 580.6371, Train Reg Loss: 13.1795, Train MAPE: 11.2856, Train R: 0.8754, Train RRSE: 0.4870, Test Loss: 2435.7246, Test Node Loss: 568.9597, Test Reg Loss: 18.6676, Test MAPE: 11.5879, Test R: 0.8827, Test RRSE: 0.5593
2025-02-10 15:51:48,194:INFO:Epoch 120: Train Loss: 2079.7394, Train Node Loss: 590.9940, Train Reg Loss: 14.8875, Train MAPE: 11.3952, Train R: 0.8625, Train RRSE: 0.5176, Test Loss: 4256.7232, Test Node Loss: 497.1220, Test Reg Loss: 37.5960, Test MAPE: 12.2913, Test R: 0.8830, Test RRSE: 0.7937
2025-02-10 15:52:14,160:INFO:Epoch 121: Train Loss: 1991.1587, Train Node Loss: 528.9812, Train Reg Loss: 14.6218, Train MAPE: 11.1182, Train R: 0.8736, Train RRSE: 0.5129, Test Loss: 2008.2838, Test Node Loss: 540.5666, Test Reg Loss: 14.6772, Test MAPE: 11.4274, Test R: 0.8837, Test RRSE: 0.4959
2025-02-10 15:52:14,196:INFO:Checkpoint saved at best_0.001_0.001_256_SAGE_3_64_0.8837_epoch_121.pth
2025-02-10 15:52:40,246:INFO:Epoch 122: Train Loss: 1971.6100, Train Node Loss: 549.6790, Train Reg Loss: 14.2193, Train MAPE: 11.3243, Train R: 0.8668, Train RRSE: 0.5058, Test Loss: 2537.6856, Test Node Loss: 514.5062, Test Reg Loss: 20.2318, Test MAPE: 11.5034, Test R: 0.8833, Test RRSE: 0.5822
2025-02-10 15:53:05,896:INFO:Epoch 123: Train Loss: 1977.2581, Train Node Loss: 519.6550, Train Reg Loss: 14.5760, Train MAPE: 11.1179, Train R: 0.8664, Train RRSE: 0.5121, Test Loss: 2580.7588, Test Node Loss: 516.1421, Test Reg Loss: 20.6462, Test MAPE: 11.6819, Test R: 0.8828, Test RRSE: 0.5882
2025-02-10 15:53:31,514:INFO:Epoch 124: Train Loss: 1874.8715, Train Node Loss: 544.2381, Train Reg Loss: 13.3063, Train MAPE: 11.3255, Train R: 0.8756, Train RRSE: 0.4893, Test Loss: 5449.3017, Test Node Loss: 455.3979, Test Reg Loss: 49.9390, Test MAPE: 12.9654, Test R: 0.8822, Test RRSE: 0.9147
2025-02-10 15:53:57,275:INFO:Epoch 125: Train Loss: 1964.1440, Train Node Loss: 503.1827, Train Reg Loss: 14.6096, Train MAPE: 11.0314, Train R: 0.8721, Train RRSE: 0.5127, Test Loss: 1915.6492, Test Node Loss: 535.8184, Test Reg Loss: 13.7983, Test MAPE: 11.7803, Test R: 0.8831, Test RRSE: 0.4808
2025-02-10 15:54:22,877:INFO:Epoch 126: Train Loss: 1994.5961, Train Node Loss: 532.9942, Train Reg Loss: 14.6160, Train MAPE: 11.5103, Train R: 0.8670, Train RRSE: 0.5128, Test Loss: 2185.9486, Test Node Loss: 495.4917, Test Reg Loss: 16.9046, Test MAPE: 11.5956, Test R: 0.8840, Test RRSE: 0.5322
2025-02-10 15:54:22,917:INFO:Checkpoint saved at best_0.001_0.001_256_SAGE_3_64_0.8840_epoch_126.pth
2025-02-10 15:54:49,542:INFO:Epoch 127: Train Loss: 1938.5561, Train Node Loss: 487.4650, Train Reg Loss: 14.5109, Train MAPE: 11.1419, Train R: 0.8657, Train RRSE: 0.5110, Test Loss: 2084.0268, Test Node Loss: 493.0886, Test Reg Loss: 15.9094, Test MAPE: 11.6426, Test R: 0.8843, Test RRSE: 0.5163
2025-02-10 15:54:49,573:INFO:Checkpoint saved at best_0.001_0.001_256_SAGE_3_64_0.8843_epoch_127.pth
2025-02-10 15:55:15,729:INFO:Epoch 128: Train Loss: 1799.7008, Train Node Loss: 503.0361, Train Reg Loss: 12.9666, Train MAPE: 11.3322, Train R: 0.8772, Train RRSE: 0.4830, Test Loss: 2917.8943, Test Node Loss: 473.4462, Test Reg Loss: 24.4445, Test MAPE: 11.9503, Test R: 0.8840, Test RRSE: 0.6400
2025-02-10 15:55:42,028:INFO:Epoch 129: Train Loss: 1774.3926, Train Node Loss: 503.5770, Train Reg Loss: 12.7082, Train MAPE: 11.4486, Train R: 0.8802, Train RRSE: 0.4782, Test Loss: 3598.7775, Test Node Loss: 449.8005, Test Reg Loss: 31.4898, Test MAPE: 12.2492, Test R: 0.8840, Test RRSE: 0.7264
2025-02-10 15:56:08,169:INFO:Epoch 130: Train Loss: 1788.8574, Train Node Loss: 483.0150, Train Reg Loss: 13.0584, Train MAPE: 11.3124, Train R: 0.8761, Train RRSE: 0.4847, Test Loss: 4013.6595, Test Node Loss: 426.9514, Test Reg Loss: 35.8671, Test MAPE: 12.4202, Test R: 0.8839, Test RRSE: 0.7752
2025-02-10 15:56:34,383:INFO:Epoch 131: Train Loss: 1766.1082, Train Node Loss: 462.0169, Train Reg Loss: 13.0409, Train MAPE: 11.2998, Train R: 0.8788, Train RRSE: 0.4844, Test Loss: 2042.6773, Test Node Loss: 509.7101, Test Reg Loss: 15.3297, Test MAPE: 12.2439, Test R: 0.8843, Test RRSE: 0.5068
2025-02-10 15:56:34,421:INFO:Checkpoint saved at best_0.001_0.001_256_SAGE_3_64_0.8843_epoch_131.pth
2025-02-10 15:57:00,707:INFO:Epoch 132: Train Loss: 1832.2155, Train Node Loss: 472.2952, Train Reg Loss: 13.5992, Train MAPE: 11.4281, Train R: 0.8747, Train RRSE: 0.4947, Test Loss: 3311.0415, Test Node Loss: 414.6049, Test Reg Loss: 28.9644, Test MAPE: 11.9759, Test R: 0.8854, Test RRSE: 0.6966
2025-02-10 15:57:00,747:INFO:Checkpoint saved at best_0.001_0.001_256_SAGE_3_64_0.8854_epoch_132.pth
2025-02-10 15:57:27,030:INFO:Epoch 133: Train Loss: 1831.0524, Train Node Loss: 447.4715, Train Reg Loss: 13.8358, Train MAPE: 11.1433, Train R: 0.8715, Train RRSE: 0.4990, Test Loss: 2046.3146, Test Node Loss: 451.8443, Test Reg Loss: 15.9447, Test MAPE: 11.7728, Test R: 0.8846, Test RRSE: 0.5169
2025-02-10 15:57:53,274:INFO:Epoch 134: Train Loss: 1712.2982, Train Node Loss: 457.8156, Train Reg Loss: 12.5448, Train MAPE: 11.3281, Train R: 0.8818, Train RRSE: 0.4751, Test Loss: 2726.2240, Test Node Loss: 427.7679, Test Reg Loss: 22.9846, Test MAPE: 12.0081, Test R: 0.8841, Test RRSE: 0.6206
2025-02-10 15:58:19,731:INFO:Epoch 135: Train Loss: 1695.4201, Train Node Loss: 452.7435, Train Reg Loss: 12.4268, Train MAPE: 11.3997, Train R: 0.8820, Train RRSE: 0.4729, Test Loss: 2907.8687, Test Node Loss: 418.0966, Test Reg Loss: 24.8977, Test MAPE: 12.1291, Test R: 0.8836, Test RRSE: 0.6459
2025-02-10 15:58:46,113:INFO:Epoch 136: Train Loss: 1750.1705, Train Node Loss: 428.7316, Train Reg Loss: 13.2144, Train MAPE: 11.2944, Train R: 0.8782, Train RRSE: 0.4876, Test Loss: 1819.3866, Test Node Loss: 443.2856, Test Reg Loss: 13.7610, Test MAPE: 11.8249, Test R: 0.8838, Test RRSE: 0.4802
2025-02-10 15:59:12,529:INFO:Epoch 137: Train Loss: 1684.0986, Train Node Loss: 447.1451, Train Reg Loss: 12.3695, Train MAPE: 11.5897, Train R: 0.8873, Train RRSE: 0.4718, Test Loss: 4290.5945, Test Node Loss: 382.4948, Test Reg Loss: 39.0810, Test MAPE: 12.5404, Test R: 0.8851, Test RRSE: 0.8092
2025-02-10 15:59:38,483:INFO:Epoch 138: Train Loss: 1806.3165, Train Node Loss: 417.0211, Train Reg Loss: 13.8930, Train MAPE: 11.1234, Train R: 0.8734, Train RRSE: 0.5000, Test Loss: 4433.8514, Test Node Loss: 380.1125, Test Reg Loss: 40.5374, Test MAPE: 12.7243, Test R: 0.8860, Test RRSE: 0.8241
2025-02-10 15:59:38,537:INFO:Checkpoint saved at best_0.001_0.001_256_SAGE_3_64_0.8860_epoch_138.pth
2025-02-10 16:00:04,763:INFO:Epoch 139: Train Loss: 1690.4021, Train Node Loss: 429.3363, Train Reg Loss: 12.6107, Train MAPE: 11.4399, Train R: 0.8815, Train RRSE: 0.4764, Test Loss: 2284.3896, Test Node Loss: 402.7078, Test Reg Loss: 18.8168, Test MAPE: 11.8648, Test R: 0.8853, Test RRSE: 0.5615
2025-02-10 16:00:30,957:INFO:Epoch 140: Train Loss: 1693.7415, Train Node Loss: 399.4865, Train Reg Loss: 12.9426, Train MAPE: 11.3718, Train R: 0.8800, Train RRSE: 0.4826, Test Loss: 2822.9499, Test Node Loss: 375.2963, Test Reg Loss: 24.4765, Test MAPE: 11.8716, Test R: 0.8846, Test RRSE: 0.6404
2025-02-10 16:00:56,708:INFO:Epoch 141: Train Loss: 1679.1856, Train Node Loss: 405.7984, Train Reg Loss: 12.7339, Train MAPE: 11.4209, Train R: 0.8811, Train RRSE: 0.4787, Test Loss: 2337.1472, Test Node Loss: 387.9290, Test Reg Loss: 19.4922, Test MAPE: 11.7668, Test R: 0.8853, Test RRSE: 0.5715
2025-02-10 16:01:22,340:INFO:Epoch 142: Train Loss: 1725.0129, Train Node Loss: 390.0133, Train Reg Loss: 13.3500, Train MAPE: 11.3654, Train R: 0.8749, Train RRSE: 0.4901, Test Loss: 6175.6168, Test Node Loss: 337.4012, Test Reg Loss: 58.3822, Test MAPE: 13.5473, Test R: 0.8860, Test RRSE: 0.9890
2025-02-10 16:01:47,783:INFO:Epoch 143: Train Loss: 1629.5567, Train Node Loss: 393.6346, Train Reg Loss: 12.3592, Train MAPE: 11.2611, Train R: 0.8837, Train RRSE: 0.4716, Test Loss: 1744.5640, Test Node Loss: 411.9778, Test Reg Loss: 13.3259, Test MAPE: 11.9858, Test R: 0.8853, Test RRSE: 0.4725
2025-02-10 16:02:14,069:INFO:Epoch 144: Train Loss: 1779.8262, Train Node Loss: 393.9427, Train Reg Loss: 13.8588, Train MAPE: 11.4835, Train R: 0.8692, Train RRSE: 0.4994, Test Loss: 4733.8366, Test Node Loss: 330.9809, Test Reg Loss: 44.0286, Test MAPE: 12.7710, Test R: 0.8855, Test RRSE: 0.8589
2025-02-10 16:02:40,264:INFO:Epoch 145: Train Loss: 1613.9591, Train Node Loss: 366.0015, Train Reg Loss: 12.4796, Train MAPE: 11.2982, Train R: 0.8872, Train RRSE: 0.4739, Test Loss: 2199.9281, Test Node Loss: 371.3850, Test Reg Loss: 18.2854, Test MAPE: 11.9011, Test R: 0.8849, Test RRSE: 0.5535
2025-02-10 16:03:05,650:INFO:Epoch 146: Train Loss: 1780.7852, Train Node Loss: 390.2365, Train Reg Loss: 13.9055, Train MAPE: 11.6202, Train R: 0.8731, Train RRSE: 0.5002, Test Loss: 4804.8934, Test Node Loss: 321.2563, Test Reg Loss: 44.8364, Test MAPE: 12.9317, Test R: 0.8849, Test RRSE: 0.8667
2025-02-10 16:03:30,921:INFO:Epoch 147: Train Loss: 1702.0920, Train Node Loss: 349.8052, Train Reg Loss: 13.5229, Train MAPE: 11.2930, Train R: 0.8837, Train RRSE: 0.4933, Test Loss: 2012.8974, Test Node Loss: 355.9806, Test Reg Loss: 16.5692, Test MAPE: 11.8663, Test R: 0.8846, Test RRSE: 0.5269
2025-02-10 16:03:56,316:INFO:Epoch 148: Train Loss: 1599.1961, Train Node Loss: 364.1394, Train Reg Loss: 12.3506, Train MAPE: 11.4488, Train R: 0.8842, Train RRSE: 0.4714, Test Loss: 1809.5868, Test Node Loss: 360.7363, Test Reg Loss: 14.4885, Test MAPE: 11.8006, Test R: 0.8848, Test RRSE: 0.4927
2025-02-10 16:04:21,466:INFO:Epoch 149: Train Loss: 1658.5167, Train Node Loss: 357.6244, Train Reg Loss: 13.0089, Train MAPE: 11.2550, Train R: 0.8783, Train RRSE: 0.4838, Test Loss: 5027.2168, Test Node Loss: 302.8375, Test Reg Loss: 47.2438, Test MAPE: 13.0389, Test R: 0.8859, Test RRSE: 0.8897
2025-02-10 16:04:46,599:INFO:Epoch 150: Train Loss: 1632.1915, Train Node Loss: 333.4770, Train Reg Loss: 12.9871, Train MAPE: 11.2320, Train R: 0.8857, Train RRSE: 0.4834, Test Loss: 2265.4953, Test Node Loss: 341.4644, Test Reg Loss: 19.2403, Test MAPE: 12.0777, Test R: 0.8860, Test RRSE: 0.5678
2025-02-10 16:05:11,405:INFO:Epoch 151: Train Loss: 1549.3749, Train Node Loss: 350.3807, Train Reg Loss: 11.9899, Train MAPE: 11.5291, Train R: 0.8893, Train RRSE: 0.4645, Test Loss: 2314.2418, Test Node Loss: 320.6473, Test Reg Loss: 19.9359, Test MAPE: 11.9599, Test R: 0.8852, Test RRSE: 0.5780
2025-02-10 16:05:36,494:INFO:Epoch 152: Train Loss: 1526.7993, Train Node Loss: 329.4035, Train Reg Loss: 11.9740, Train MAPE: 11.3858, Train R: 0.8871, Train RRSE: 0.4642, Test Loss: 2066.0897, Test Node Loss: 320.3636, Test Reg Loss: 17.4573, Test MAPE: 11.9837, Test R: 0.8849, Test RRSE: 0.5408
2025-02-10 16:06:01,427:INFO:Epoch 153: Train Loss: 1597.3541, Train Node Loss: 323.6957, Train Reg Loss: 12.7366, Train MAPE: 11.4854, Train R: 0.8783, Train RRSE: 0.4787, Test Loss: 1902.8572, Test Node Loss: 315.6732, Test Reg Loss: 15.8718, Test MAPE: 11.9137, Test R: 0.8848, Test RRSE: 0.5157
2025-02-10 16:06:26,257:INFO:Epoch 154: Train Loss: 1642.6083, Train Node Loss: 318.0461, Train Reg Loss: 13.2456, Train MAPE: 11.5648, Train R: 0.8730, Train RRSE: 0.4882, Test Loss: 3533.2726, Test Node Loss: 286.6459, Test Reg Loss: 32.4663, Test MAPE: 12.5019, Test R: 0.8850, Test RRSE: 0.7375
2025-02-10 16:06:51,172:INFO:Epoch 155: Train Loss: 1555.3780, Train Node Loss: 314.9687, Train Reg Loss: 12.4041, Train MAPE: 11.4285, Train R: 0.8819, Train RRSE: 0.4724, Test Loss: 1894.8834, Test Node Loss: 311.3652, Test Reg Loss: 15.8352, Test MAPE: 11.9692, Test R: 0.8853, Test RRSE: 0.5151
2025-02-10 16:07:16,071:INFO:Epoch 156: Train Loss: 1569.2496, Train Node Loss: 299.9447, Train Reg Loss: 12.6930, Train MAPE: 11.3897, Train R: 0.8819, Train RRSE: 0.4779, Test Loss: 2948.0028, Test Node Loss: 281.8745, Test Reg Loss: 26.6613, Test MAPE: 12.2655, Test R: 0.8861, Test RRSE: 0.6684
2025-02-10 16:07:16,116:INFO:Checkpoint saved at best_0.001_0.001_256_SAGE_3_64_0.8861_epoch_156.pth
2025-02-10 16:07:40,951:INFO:Epoch 157: Train Loss: 1429.1275, Train Node Loss: 304.8839, Train Reg Loss: 11.2424, Train MAPE: 11.4959, Train R: 0.8944, Train RRSE: 0.4498, Test Loss: 1612.1647, Test Node Loss: 310.6294, Test Reg Loss: 13.0154, Test MAPE: 11.9210, Test R: 0.8863, Test RRSE: 0.4670
2025-02-10 16:07:40,990:INFO:Checkpoint saved at best_0.001_0.001_256_SAGE_3_64_0.8863_epoch_157.pth
2025-02-10 16:08:05,849:INFO:Epoch 158: Train Loss: 1539.1257, Train Node Loss: 298.4849, Train Reg Loss: 12.4064, Train MAPE: 11.3786, Train R: 0.8821, Train RRSE: 0.4725, Test Loss: 3307.0694, Test Node Loss: 265.4612, Test Reg Loss: 30.4161, Test MAPE: 12.3380, Test R: 0.8866, Test RRSE: 0.7139
2025-02-10 16:08:05,888:INFO:Checkpoint saved at best_0.001_0.001_256_SAGE_3_64_0.8866_epoch_158.pth
2025-02-10 16:08:30,706:INFO:Epoch 159: Train Loss: 1521.0032, Train Node Loss: 289.4730, Train Reg Loss: 12.3153, Train MAPE: 11.3874, Train R: 0.8834, Train RRSE: 0.4707, Test Loss: 2259.1092, Test Node Loss: 277.1044, Test Reg Loss: 19.8200, Test MAPE: 12.0395, Test R: 0.8863, Test RRSE: 0.5763
2025-02-10 16:08:55,538:INFO:Epoch 160: Train Loss: 1490.1583, Train Node Loss: 279.8567, Train Reg Loss: 12.1030, Train MAPE: 11.4709, Train R: 0.8870, Train RRSE: 0.4667, Test Loss: 2038.0786, Test Node Loss: 279.0586, Test Reg Loss: 17.5902, Test MAPE: 11.9986, Test R: 0.8858, Test RRSE: 0.5429
2025-02-10 16:09:20,525:INFO:Epoch 161: Train Loss: 1579.9699, Train Node Loss: 289.3085, Train Reg Loss: 12.9066, Train MAPE: 11.5713, Train R: 0.8797, Train RRSE: 0.4819, Test Loss: 2165.4434, Test Node Loss: 270.2128, Test Reg Loss: 18.9523, Test MAPE: 12.0272, Test R: 0.8861, Test RRSE: 0.5635
2025-02-10 16:09:45,308:INFO:Epoch 162: Train Loss: 1737.1837, Train Node Loss: 261.1558, Train Reg Loss: 14.7603, Train MAPE: 11.3593, Train R: 0.8652, Train RRSE: 0.5154, Test Loss: 2590.9658, Test Node Loss: 253.6379, Test Reg Loss: 23.3733, Test MAPE: 12.0192, Test R: 0.8862, Test RRSE: 0.6258
2025-02-10 16:10:10,121:INFO:Epoch 163: Train Loss: 1803.5488, Train Node Loss: 288.2695, Train Reg Loss: 15.1528, Train MAPE: 11.8911, Train R: 0.8705, Train RRSE: 0.5222, Test Loss: 3441.5692, Test Node Loss: 243.3182, Test Reg Loss: 31.9825, Test MAPE: 12.4257, Test R: 0.8865, Test RRSE: 0.7320
2025-02-10 16:10:35,107:INFO:Epoch 164: Train Loss: 2090.8658, Train Node Loss: 237.6114, Train Reg Loss: 18.5325, Train MAPE: 11.3008, Train R: 0.8563, Train RRSE: 0.5775, Test Loss: 1877.3764, Test Node Loss: 257.9332, Test Reg Loss: 16.1944, Test MAPE: 11.8339, Test R: 0.8862, Test RRSE: 0.5209
2025-02-10 16:10:59,933:INFO:Epoch 165: Train Loss: 1762.8734, Train Node Loss: 278.0078, Train Reg Loss: 14.8487, Train MAPE: 11.8117, Train R: 0.8774, Train RRSE: 0.5169, Test Loss: 1560.0858, Test Node Loss: 263.6890, Test Reg Loss: 12.9640, Test MAPE: 11.9092, Test R: 0.8851, Test RRSE: 0.4661
2025-02-10 16:11:24,573:INFO:Epoch 166: Train Loss: 1566.9185, Train Node Loss: 234.9982, Train Reg Loss: 13.3192, Train MAPE: 11.1920, Train R: 0.8832, Train RRSE: 0.4896, Test Loss: 2707.4795, Test Node Loss: 226.2177, Test Reg Loss: 24.8126, Test MAPE: 11.9930, Test R: 0.8853, Test RRSE: 0.6448
2025-02-10 16:11:49,358:INFO:Epoch 167: Train Loss: 1798.5771, Train Node Loss: 251.6315, Train Reg Loss: 15.4695, Train MAPE: 11.5089, Train R: 0.8512, Train RRSE: 0.5276, Test Loss: 1790.0557, Test Node Loss: 253.7837, Test Reg Loss: 15.3627, Test MAPE: 11.8561, Test R: 0.8860, Test RRSE: 0.5074
2025-02-10 16:12:14,052:INFO:Epoch 168: Train Loss: 1616.9165, Train Node Loss: 236.8071, Train Reg Loss: 13.8011, Train MAPE: 11.2686, Train R: 0.8705, Train RRSE: 0.4983, Test Loss: 5927.7198, Test Node Loss: 198.6982, Test Reg Loss: 57.2902, Test MAPE: 13.3816, Test R: 0.8864, Test RRSE: 0.9798
2025-02-10 16:12:38,797:INFO:Epoch 169: Train Loss: 1538.4309, Train Node Loss: 236.6949, Train Reg Loss: 13.0174, Train MAPE: 11.3205, Train R: 0.8762, Train RRSE: 0.4840, Test Loss: 1550.6336, Test Node Loss: 254.3198, Test Reg Loss: 12.9631, Test MAPE: 12.0259, Test R: 0.8854, Test RRSE: 0.4660
2025-02-10 16:13:03,656:INFO:Epoch 170: Train Loss: 1464.2564, Train Node Loss: 244.3366, Train Reg Loss: 12.1992, Train MAPE: 11.5743, Train R: 0.8879, Train RRSE: 0.4685, Test Loss: 5197.7843, Test Node Loss: 195.7787, Test Reg Loss: 50.0201, Test MAPE: 13.0578, Test R: 0.8856, Test RRSE: 0.9155
2025-02-10 16:13:28,346:INFO:Epoch 171: Train Loss: 1640.6466, Train Node Loss: 221.6715, Train Reg Loss: 14.1898, Train MAPE: 11.1786, Train R: 0.8727, Train RRSE: 0.5053, Test Loss: 1869.6890, Test Node Loss: 236.7604, Test Reg Loss: 16.3293, Test MAPE: 12.0464, Test R: 0.8856, Test RRSE: 0.5231
2025-02-10 16:13:52,813:INFO:Epoch 172: Train Loss: 1476.6035, Train Node Loss: 238.6237, Train Reg Loss: 12.3798, Train MAPE: 11.6243, Train R: 0.8848, Train RRSE: 0.4720, Test Loss: 4450.7097, Test Node Loss: 201.2124, Test Reg Loss: 42.4950, Test MAPE: 12.7552, Test R: 0.8860, Test RRSE: 0.8438
2025-02-10 16:14:17,241:INFO:Epoch 173: Train Loss: 1452.1847, Train Node Loss: 222.9224, Train Reg Loss: 12.2926, Train MAPE: 11.3393, Train R: 0.8851, Train RRSE: 0.4703, Test Loss: 3282.3193, Test Node Loss: 210.2034, Test Reg Loss: 30.7212, Test MAPE: 12.2604, Test R: 0.8862, Test RRSE: 0.7175
2025-02-10 16:14:41,843:INFO:Epoch 174: Train Loss: 1329.6813, Train Node Loss: 226.2053, Train Reg Loss: 11.0348, Train MAPE: 11.4714, Train R: 0.8960, Train RRSE: 0.4456, Test Loss: 4554.2603, Test Node Loss: 200.2771, Test Reg Loss: 43.5398, Test MAPE: 13.0635, Test R: 0.8861, Test RRSE: 0.8541
2025-02-10 16:15:06,543:INFO:Epoch 175: Train Loss: 1461.5695, Train Node Loss: 221.9486, Train Reg Loss: 12.3962, Train MAPE: 11.3999, Train R: 0.8821, Train RRSE: 0.4723, Test Loss: 4880.2485, Test Node Loss: 197.1579, Test Reg Loss: 46.8309, Test MAPE: 13.2256, Test R: 0.8861, Test RRSE: 0.8858
2025-02-10 16:15:31,118:INFO:Epoch 176: Train Loss: 1388.7787, Train Node Loss: 217.3428, Train Reg Loss: 11.7144, Train MAPE: 11.3560, Train R: 0.8889, Train RRSE: 0.4591, Test Loss: 2184.9497, Test Node Loss: 204.6008, Test Reg Loss: 19.8035, Test MAPE: 12.3129, Test R: 0.8843, Test RRSE: 0.5760
2025-02-10 16:15:55,326:INFO:Epoch 177: Train Loss: 1452.5234, Train Node Loss: 210.6507, Train Reg Loss: 12.4187, Train MAPE: 11.5634, Train R: 0.8816, Train RRSE: 0.4727, Test Loss: 2260.8591, Test Node Loss: 196.1456, Test Reg Loss: 20.6471, Test MAPE: 12.2402, Test R: 0.8839, Test RRSE: 0.5882
2025-02-10 16:16:19,555:INFO:Epoch 178: Train Loss: 1366.0650, Train Node Loss: 202.5260, Train Reg Loss: 11.6354, Train MAPE: 11.4929, Train R: 0.8899, Train RRSE: 0.4576, Test Loss: 1902.7818, Test Node Loss: 202.8665, Test Reg Loss: 16.9992, Test MAPE: 12.2303, Test R: 0.8843, Test RRSE: 0.5337
2025-02-10 16:16:43,730:INFO:Epoch 179: Train Loss: 1383.7484, Train Node Loss: 204.2656, Train Reg Loss: 11.7948, Train MAPE: 11.5762, Train R: 0.8876, Train RRSE: 0.4607, Test Loss: 3209.5544, Test Node Loss: 186.8785, Test Reg Loss: 30.2268, Test MAPE: 12.6092, Test R: 0.8852, Test RRSE: 0.7117
2025-02-10 16:17:07,844:INFO:Epoch 180: Train Loss: 1431.9550, Train Node Loss: 199.9965, Train Reg Loss: 12.3196, Train MAPE: 11.4808, Train R: 0.8830, Train RRSE: 0.4708, Test Loss: 3098.8232, Test Node Loss: 188.6342, Test Reg Loss: 29.1019, Test MAPE: 12.6476, Test R: 0.8856, Test RRSE: 0.6983
2025-02-10 16:17:32,048:INFO:Epoch 181: Train Loss: 1362.0678, Train Node Loss: 198.5690, Train Reg Loss: 11.6350, Train MAPE: 11.4493, Train R: 0.8898, Train RRSE: 0.4576, Test Loss: 2365.1020, Test Node Loss: 191.5203, Test Reg Loss: 21.7358, Test MAPE: 12.3172, Test R: 0.8854, Test RRSE: 0.6035
2025-02-10 16:17:56,204:INFO:Epoch 182: Train Loss: 1475.8042, Train Node Loss: 202.8215, Train Reg Loss: 12.7298, Train MAPE: 11.5790, Train R: 0.8824, Train RRSE: 0.4786, Test Loss: 2259.1789, Test Node Loss: 187.8702, Test Reg Loss: 20.7131, Test MAPE: 12.2438, Test R: 0.8852, Test RRSE: 0.5891
2025-02-10 16:18:20,482:INFO:Epoch 183: Train Loss: 1457.1920, Train Node Loss: 181.6462, Train Reg Loss: 12.7555, Train MAPE: 11.4444, Train R: 0.8862, Train RRSE: 0.4791, Test Loss: 2126.9206, Test Node Loss: 181.2659, Test Reg Loss: 19.4565, Test MAPE: 11.9813, Test R: 0.8846, Test RRSE: 0.5710
2025-02-10 16:18:44,858:INFO:Epoch 184: Train Loss: 1523.7931, Train Node Loss: 195.3586, Train Reg Loss: 13.2843, Train MAPE: 11.7089, Train R: 0.8775, Train RRSE: 0.4889, Test Loss: 1734.5329, Test Node Loss: 190.7661, Test Reg Loss: 15.4377, Test MAPE: 11.9313, Test R: 0.8853, Test RRSE: 0.5086
2025-02-10 16:19:09,422:INFO:Epoch 185: Train Loss: 1639.7722, Train Node Loss: 176.0612, Train Reg Loss: 14.6371, Train MAPE: 11.3227, Train R: 0.8670, Train RRSE: 0.5132, Test Loss: 4390.1195, Test Node Loss: 163.9116, Test Reg Loss: 42.2621, Test MAPE: 12.8851, Test R: 0.8864, Test RRSE: 0.8415
2025-02-10 16:19:33,974:INFO:Epoch 186: Train Loss: 1508.5189, Train Node Loss: 192.8802, Train Reg Loss: 13.1564, Train MAPE: 11.7150, Train R: 0.8782, Train RRSE: 0.4866, Test Loss: 1789.8375, Test Node Loss: 187.1038, Test Reg Loss: 16.0273, Test MAPE: 12.0252, Test R: 0.8868, Test RRSE: 0.5182
2025-02-10 16:19:34,017:INFO:Checkpoint saved at best_0.001_0.001_256_SAGE_3_64_0.8868_epoch_186.pth
2025-02-10 16:19:58,798:INFO:Epoch 187: Train Loss: 1550.1440, Train Node Loss: 173.5147, Train Reg Loss: 13.7663, Train MAPE: 11.2345, Train R: 0.8718, Train RRSE: 0.4977, Test Loss: 3459.3537, Test Node Loss: 159.8775, Test Reg Loss: 32.9948, Test MAPE: 12.2967, Test R: 0.8865, Test RRSE: 0.7435
2025-02-10 16:20:23,398:INFO:Epoch 188: Train Loss: 1478.7792, Train Node Loss: 180.3767, Train Reg Loss: 12.9840, Train MAPE: 11.5026, Train R: 0.8765, Train RRSE: 0.4834, Test Loss: 1662.5398, Test Node Loss: 182.5387, Test Reg Loss: 14.8000, Test MAPE: 12.0687, Test R: 0.8871, Test RRSE: 0.4980
2025-02-10 16:20:23,444:INFO:Checkpoint saved at best_0.001_0.001_256_SAGE_3_64_0.8871_epoch_188.pth
2025-02-10 16:20:48,250:INFO:Epoch 189: Train Loss: 1449.6496, Train Node Loss: 168.1867, Train Reg Loss: 12.8146, Train MAPE: 11.4288, Train R: 0.8801, Train RRSE: 0.4802, Test Loss: 3004.1104, Test Node Loss: 155.8285, Test Reg Loss: 28.4828, Test MAPE: 12.3473, Test R: 0.8867, Test RRSE: 0.6908
2025-02-10 16:21:13,047:INFO:Epoch 190: Train Loss: 1579.2807, Train Node Loss: 176.4999, Train Reg Loss: 14.0278, Train MAPE: 11.6700, Train R: 0.8675, Train RRSE: 0.5024, Test Loss: 2422.6242, Test Node Loss: 163.3383, Test Reg Loss: 22.5929, Test MAPE: 12.3095, Test R: 0.8867, Test RRSE: 0.6153
2025-02-10 16:21:38,052:INFO:Epoch 191: Train Loss: 1392.0297, Train Node Loss: 163.6046, Train Reg Loss: 12.2843, Train MAPE: 11.4162, Train R: 0.8847, Train RRSE: 0.4702, Test Loss: 5676.8487, Test Node Loss: 139.8228, Test Reg Loss: 55.3703, Test MAPE: 13.4254, Test R: 0.8866, Test RRSE: 0.9632
2025-02-10 16:22:02,813:INFO:Epoch 192: Train Loss: 1267.6297, Train Node Loss: 165.9632, Train Reg Loss: 11.0167, Train MAPE: 11.4135, Train R: 0.8958, Train RRSE: 0.4452, Test Loss: 2735.0917, Test Node Loss: 160.2588, Test Reg Loss: 25.7483, Test MAPE: 12.4437, Test R: 0.8870, Test RRSE: 0.6568
2025-02-10 16:22:27,861:INFO:Epoch 193: Train Loss: 1484.6651, Train Node Loss: 166.6765, Train Reg Loss: 13.1799, Train MAPE: 11.4320, Train R: 0.8737, Train RRSE: 0.4870, Test Loss: 4851.6276, Test Node Loss: 142.7472, Test Reg Loss: 47.0888, Test MAPE: 13.1091, Test R: 0.8870, Test RRSE: 0.8882
2025-02-10 16:22:53,151:INFO:Epoch 194: Train Loss: 1309.8133, Train Node Loss: 156.7877, Train Reg Loss: 11.5303, Train MAPE: 11.4729, Train R: 0.8930, Train RRSE: 0.4555, Test Loss: 2370.2906, Test Node Loss: 152.9052, Test Reg Loss: 22.1739, Test MAPE: 12.3475, Test R: 0.8860, Test RRSE: 0.6095
2025-02-10 16:23:18,186:INFO:Epoch 195: Train Loss: 1357.0065, Train Node Loss: 160.0187, Train Reg Loss: 11.9699, Train MAPE: 11.5872, Train R: 0.8863, Train RRSE: 0.4641, Test Loss: 2994.4877, Test Node Loss: 149.1781, Test Reg Loss: 28.4531, Test MAPE: 12.6365, Test R: 0.8850, Test RRSE: 0.6905
2025-02-10 16:23:43,271:INFO:Epoch 196: Train Loss: 1295.5558, Train Node Loss: 157.9726, Train Reg Loss: 11.3758, Train MAPE: 11.5630, Train R: 0.8920, Train RRSE: 0.4524, Test Loss: 4695.3210, Test Node Loss: 139.4841, Test Reg Loss: 45.5584, Test MAPE: 13.1764, Test R: 0.8864, Test RRSE: 0.8737
2025-02-10 16:24:08,343:INFO:Epoch 197: Train Loss: 1265.2966, Train Node Loss: 153.8561, Train Reg Loss: 11.1144, Train MAPE: 11.4869, Train R: 0.8955, Train RRSE: 0.4472, Test Loss: 2322.9128, Test Node Loss: 150.0528, Test Reg Loss: 21.7286, Test MAPE: 12.2926, Test R: 0.8863, Test RRSE: 0.6034
2025-02-10 16:24:33,248:INFO:Epoch 198: Train Loss: 1377.0099, Train Node Loss: 157.3737, Train Reg Loss: 12.1964, Train MAPE: 11.5534, Train R: 0.8874, Train RRSE: 0.4685, Test Loss: 3087.5367, Test Node Loss: 140.4894, Test Reg Loss: 29.4705, Test MAPE: 12.5430, Test R: 0.8865, Test RRSE: 0.7027
2025-02-10 16:24:58,448:INFO:Epoch 199: Train Loss: 1389.7986, Train Node Loss: 141.7332, Train Reg Loss: 12.4807, Train MAPE: 11.4435, Train R: 0.8872, Train RRSE: 0.4739, Test Loss: 3194.7888, Test Node Loss: 135.8987, Test Reg Loss: 30.5889, Test MAPE: 12.7453, Test R: 0.8864, Test RRSE: 0.7159
2025-02-10 16:25:23,178:INFO:Epoch 200: Train Loss: 1439.1986, Train Node Loss: 153.0930, Train Reg Loss: 12.8611, Train MAPE: 11.7816, Train R: 0.8814, Train RRSE: 0.4811, Test Loss: 3394.4924, Test Node Loss: 135.1059, Test Reg Loss: 32.5939, Test MAPE: 12.7515, Test R: 0.8863, Test RRSE: 0.7390
2025-02-10 16:25:47,869:INFO:Epoch 201: Train Loss: 1391.7060, Train Node Loss: 138.2311, Train Reg Loss: 12.5347, Train MAPE: 11.2826, Train R: 0.8863, Train RRSE: 0.4749, Test Loss: 4442.6756, Test Node Loss: 126.9194, Test Reg Loss: 43.1576, Test MAPE: 13.1044, Test R: 0.8862, Test RRSE: 0.8504
2025-02-10 16:26:12,989:INFO:Epoch 202: Train Loss: 1233.7561, Train Node Loss: 140.0863, Train Reg Loss: 10.9367, Train MAPE: 11.3847, Train R: 0.8976, Train RRSE: 0.4436, Test Loss: 1516.3024, Test Node Loss: 150.4939, Test Reg Loss: 13.6581, Test MAPE: 12.2813, Test R: 0.8862, Test RRSE: 0.4784
2025-02-10 16:26:37,334:INFO:Epoch 203: Train Loss: 1478.3320, Train Node Loss: 148.8530, Train Reg Loss: 13.2948, Train MAPE: 11.8809, Train R: 0.8827, Train RRSE: 0.4891, Test Loss: 4260.7687, Test Node Loss: 116.7812, Test Reg Loss: 41.4399, Test MAPE: 12.9866, Test R: 0.8859, Test RRSE: 0.8333
2025-02-10 16:27:01,532:INFO:Epoch 204: Train Loss: 1597.3210, Train Node Loss: 129.6507, Train Reg Loss: 14.6767, Train MAPE: 11.4023, Train R: 0.8612, Train RRSE: 0.5139, Test Loss: 1856.1717, Test Node Loss: 130.8855, Test Reg Loss: 17.2529, Test MAPE: 12.1362, Test R: 0.8861, Test RRSE: 0.5377
2025-02-10 16:27:26,561:INFO:Epoch 205: Train Loss: 1323.9805, Train Node Loss: 127.1585, Train Reg Loss: 11.9682, Train MAPE: 11.4271, Train R: 0.8896, Train RRSE: 0.4641, Test Loss: 1922.5473, Test Node Loss: 128.7017, Test Reg Loss: 17.9385, Test MAPE: 12.2778, Test R: 0.8860, Test RRSE: 0.5482
2025-02-10 16:27:50,957:INFO:Epoch 206: Train Loss: 1264.9736, Train Node Loss: 135.0689, Train Reg Loss: 11.2990, Train MAPE: 11.6868, Train R: 0.8941, Train RRSE: 0.4509, Test Loss: 1624.7900, Test Node Loss: 133.4657, Test Reg Loss: 14.9132, Test MAPE: 12.1571, Test R: 0.8853, Test RRSE: 0.4999
2025-02-10 16:28:15,149:INFO:Epoch 207: Train Loss: 1264.8004, Train Node Loss: 128.5989, Train Reg Loss: 11.3620, Train MAPE: 11.4951, Train R: 0.8924, Train RRSE: 0.4522, Test Loss: 2152.4997, Test Node Loss: 123.8499, Test Reg Loss: 20.2865, Test MAPE: 12.2637, Test R: 0.8863, Test RRSE: 0.5830
2025-02-10 16:28:39,344:INFO:Epoch 208: Train Loss: 1431.0756, Train Node Loss: 123.7689, Train Reg Loss: 13.0731, Train MAPE: 11.3385, Train R: 0.8774, Train RRSE: 0.4850, Test Loss: 1439.8606, Test Node Loss: 138.7910, Test Reg Loss: 13.0107, Test MAPE: 12.4022, Test R: 0.8866, Test RRSE: 0.4669
2025-02-10 16:29:03,302:INFO:Epoch 209: Train Loss: 1253.5691, Train Node Loss: 134.7418, Train Reg Loss: 11.1883, Train MAPE: 11.6996, Train R: 0.9021, Train RRSE: 0.4487, Test Loss: 3220.9466, Test Node Loss: 116.7873, Test Reg Loss: 31.0416, Test MAPE: 12.5194, Test R: 0.8869, Test RRSE: 0.7212
2025-02-10 16:29:27,627:INFO:Epoch 210: Train Loss: 1444.4383, Train Node Loss: 117.0395, Train Reg Loss: 13.2740, Train MAPE: 11.2653, Train R: 0.8830, Train RRSE: 0.4887, Test Loss: 2448.1755, Test Node Loss: 117.8542, Test Reg Loss: 23.3032, Test MAPE: 12.3757, Test R: 0.8865, Test RRSE: 0.6249
2025-02-10 16:29:51,971:INFO:Epoch 211: Train Loss: 1469.9277, Train Node Loss: 131.4532, Train Reg Loss: 13.3847, Train MAPE: 11.9020, Train R: 0.8820, Train RRSE: 0.4908, Test Loss: 2481.2676, Test Node Loss: 115.5462, Test Reg Loss: 23.6572, Test MAPE: 12.4795, Test R: 0.8858, Test RRSE: 0.6296
2025-02-10 16:30:16,261:INFO:Epoch 212: Train Loss: 1353.8188, Train Node Loss: 112.9740, Train Reg Loss: 12.4084, Train MAPE: 11.4456, Train R: 0.8905, Train RRSE: 0.4725, Test Loss: 4469.7134, Test Node Loss: 103.2956, Test Reg Loss: 43.6642, Test MAPE: 13.1088, Test R: 0.8862, Test RRSE: 0.8553
2025-02-10 16:30:40,585:INFO:Epoch 213: Train Loss: 1446.4036, Train Node Loss: 122.4634, Train Reg Loss: 13.2394, Train MAPE: 11.6079, Train R: 0.8743, Train RRSE: 0.4881, Test Loss: 2483.7106, Test Node Loss: 119.0254, Test Reg Loss: 23.6469, Test MAPE: 12.1283, Test R: 0.8868, Test RRSE: 0.6295
2025-02-10 16:31:04,750:INFO:Epoch 214: Train Loss: 1264.9938, Train Node Loss: 116.7103, Train Reg Loss: 11.4828, Train MAPE: 11.2846, Train R: 0.8933, Train RRSE: 0.4546, Test Loss: 7437.3616, Test Node Loss: 92.7074, Test Reg Loss: 73.4465, Test MAPE: 14.2468, Test R: 0.8858, Test RRSE: 1.1093
2025-02-10 16:31:29,080:INFO:Epoch 215: Train Loss: 1411.1095, Train Node Loss: 115.8039, Train Reg Loss: 12.9531, Train MAPE: 11.4894, Train R: 0.8760, Train RRSE: 0.4828, Test Loss: 1626.4118, Test Node Loss: 118.6773, Test Reg Loss: 15.0773, Test MAPE: 12.2917, Test R: 0.8866, Test RRSE: 0.5026
2025-02-10 16:31:53,281:INFO:Epoch 216: Train Loss: 1431.0462, Train Node Loss: 109.4789, Train Reg Loss: 13.2157, Train MAPE: 11.5784, Train R: 0.8757, Train RRSE: 0.4876, Test Loss: 4824.9242, Test Node Loss: 95.4745, Test Reg Loss: 47.2945, Test MAPE: 13.2708, Test R: 0.8859, Test RRSE: 0.8902
2025-02-10 16:32:17,607:INFO:Epoch 217: Train Loss: 1540.7155, Train Node Loss: 116.4149, Train Reg Loss: 14.2430, Train MAPE: 11.8774, Train R: 0.8662, Train RRSE: 0.5062, Test Loss: 2046.4780, Test Node Loss: 114.4282, Test Reg Loss: 19.3205, Test MAPE: 12.2948, Test R: 0.8870, Test RRSE: 0.5690
2025-02-10 16:32:42,005:INFO:Epoch 218: Train Loss: 1574.3281, Train Node Loss: 104.1019, Train Reg Loss: 14.7023, Train MAPE: 11.3956, Train R: 0.8623, Train RRSE: 0.5143, Test Loss: 5524.1602, Test Node Loss: 88.2925, Test Reg Loss: 54.3587, Test MAPE: 13.4075, Test R: 0.8861, Test RRSE: 0.9544
2025-02-10 16:33:06,507:INFO:Epoch 219: Train Loss: 1450.7090, Train Node Loss: 110.6626, Train Reg Loss: 13.4005, Train MAPE: 11.6223, Train R: 0.8747, Train RRSE: 0.4910, Test Loss: 1416.4999, Test Node Loss: 119.1530, Test Reg Loss: 12.9735, Test MAPE: 12.3238, Test R: 0.8881, Test RRSE: 0.4662
2025-02-10 16:33:06,556:INFO:Checkpoint saved at best_0.001_0.001_256_SAGE_3_64_0.8881_epoch_219.pth
2025-02-10 16:33:31,361:INFO:Epoch 220: Train Loss: 1315.2756, Train Node Loss: 102.7005, Train Reg Loss: 12.1258, Train MAPE: 11.5018, Train R: 0.8846, Train RRSE: 0.4671, Test Loss: 6781.6884, Test Node Loss: 80.4786, Test Reg Loss: 67.0121, Test MAPE: 14.1605, Test R: 0.8865, Test RRSE: 1.0596
2025-02-10 16:33:56,265:INFO:Epoch 221: Train Loss: 1418.0452, Train Node Loss: 100.5784, Train Reg Loss: 13.1747, Train MAPE: 11.6565, Train R: 0.8743, Train RRSE: 0.4869, Test Loss: 1707.2820, Test Node Loss: 106.7784, Test Reg Loss: 16.0050, Test MAPE: 12.3012, Test R: 0.8868, Test RRSE: 0.5178
2025-02-10 16:34:20,837:INFO:Epoch 222: Train Loss: 1248.6262, Train Node Loss: 104.1373, Train Reg Loss: 11.4449, Train MAPE: 11.5964, Train R: 0.8926, Train RRSE: 0.4538, Test Loss: 5767.7501, Test Node Loss: 82.7431, Test Reg Loss: 56.8501, Test MAPE: 13.5864, Test R: 0.8864, Test RRSE: 0.9760
2025-02-10 16:34:45,606:INFO:Epoch 223: Train Loss: 1377.7480, Train Node Loss: 93.7900, Train Reg Loss: 12.8396, Train MAPE: 11.2483, Train R: 0.8841, Train RRSE: 0.4807, Test Loss: 2493.6965, Test Node Loss: 97.4018, Test Reg Loss: 23.9629, Test MAPE: 12.2979, Test R: 0.8866, Test RRSE: 0.6336
2025-02-10 16:35:10,200:INFO:Epoch 224: Train Loss: 1235.8683, Train Node Loss: 103.6152, Train Reg Loss: 11.3225, Train MAPE: 11.6446, Train R: 0.8967, Train RRSE: 0.4514, Test Loss: 4830.4697, Test Node Loss: 86.9786, Test Reg Loss: 47.4349, Test MAPE: 13.3950, Test R: 0.8860, Test RRSE: 0.8915
2025-02-10 16:35:34,934:INFO:Epoch 225: Train Loss: 1149.2916, Train Node Loss: 95.4965, Train Reg Loss: 10.5380, Train MAPE: 11.4311, Train R: 0.9023, Train RRSE: 0.4355, Test Loss: 5355.0309, Test Node Loss: 85.8668, Test Reg Loss: 52.6916, Test MAPE: 13.5991, Test R: 0.8857, Test RRSE: 0.9396
2025-02-10 16:35:59,312:INFO:Epoch 226: Train Loss: 1128.6603, Train Node Loss: 96.7363, Train Reg Loss: 10.3192, Train MAPE: 11.5358, Train R: 0.9026, Train RRSE: 0.4309, Test Loss: 4121.9165, Test Node Loss: 88.5737, Test Reg Loss: 40.3334, Test MAPE: 13.2531, Test R: 0.8859, Test RRSE: 0.8221
2025-02-10 16:36:24,059:INFO:Epoch 227: Train Loss: 1239.5241, Train Node Loss: 98.6507, Train Reg Loss: 11.4087, Train MAPE: 11.7525, Train R: 0.8923, Train RRSE: 0.4531, Test Loss: 3607.7033, Test Node Loss: 87.8949, Test Reg Loss: 35.1981, Test MAPE: 12.8401, Test R: 0.8868, Test RRSE: 0.7680
2025-02-10 16:36:48,740:INFO:Epoch 228: Train Loss: 1220.4688, Train Node Loss: 93.6539, Train Reg Loss: 11.2681, Train MAPE: 11.4703, Train R: 0.8937, Train RRSE: 0.4503, Test Loss: 4036.4771, Test Node Loss: 85.8849, Test Reg Loss: 39.5059, Test MAPE: 12.9983, Test R: 0.8870, Test RRSE: 0.8136
2025-02-10 16:37:13,269:INFO:Epoch 229: Train Loss: 1172.9781, Train Node Loss: 95.9703, Train Reg Loss: 10.7701, Train MAPE: 11.5436, Train R: 0.8983, Train RRSE: 0.4402, Test Loss: 3848.9970, Test Node Loss: 87.9463, Test Reg Loss: 37.6105, Test MAPE: 12.8027, Test R: 0.8872, Test RRSE: 0.7938
2025-02-10 16:37:38,035:INFO:Epoch 230: Train Loss: 1199.4360, Train Node Loss: 95.0974, Train Reg Loss: 11.0434, Train MAPE: 11.5521, Train R: 0.8954, Train RRSE: 0.4458, Test Loss: 5148.6417, Test Node Loss: 81.8857, Test Reg Loss: 50.6676, Test MAPE: 13.3934, Test R: 0.8862, Test RRSE: 0.9214
2025-02-10 16:38:02,552:INFO:Epoch 231: Train Loss: 1196.3395, Train Node Loss: 90.6637, Train Reg Loss: 11.0568, Train MAPE: 11.3984, Train R: 0.8977, Train RRSE: 0.4460, Test Loss: 3660.1126, Test Node Loss: 88.0696, Test Reg Loss: 35.7204, Test MAPE: 12.6144, Test R: 0.8862, Test RRSE: 0.7736
2025-02-10 16:38:27,145:INFO:Epoch 232: Train Loss: 1172.5306, Train Node Loss: 97.4687, Train Reg Loss: 10.7506, Train MAPE: 11.5960, Train R: 0.9011, Train RRSE: 0.4398, Test Loss: 3139.2440, Test Node Loss: 87.6420, Test Reg Loss: 30.5160, Test MAPE: 12.5267, Test R: 0.8870, Test RRSE: 0.7151
2025-02-10 16:38:51,746:INFO:Epoch 233: Train Loss: 1265.1249, Train Node Loss: 86.9743, Train Reg Loss: 11.7815, Train MAPE: 11.3960, Train R: 0.8913, Train RRSE: 0.4604, Test Loss: 3371.6739, Test Node Loss: 80.8857, Test Reg Loss: 32.9079, Test MAPE: 12.8006, Test R: 0.8864, Test RRSE: 0.7425
2025-02-10 16:39:16,553:INFO:Epoch 234: Train Loss: 1273.8783, Train Node Loss: 90.2174, Train Reg Loss: 11.8366, Train MAPE: 11.7234, Train R: 0.8882, Train RRSE: 0.4615, Test Loss: 1481.4407, Test Node Loss: 94.1334, Test Reg Loss: 13.8731, Test MAPE: 12.4572, Test R: 0.8868, Test RRSE: 0.4821
2025-02-10 16:39:41,129:INFO:Epoch 235: Train Loss: 1141.3786, Train Node Loss: 87.8460, Train Reg Loss: 10.5353, Train MAPE: 11.6715, Train R: 0.9003, Train RRSE: 0.4354, Test Loss: 5255.9013, Test Node Loss: 72.7256, Test Reg Loss: 51.8318, Test MAPE: 13.5635, Test R: 0.8861, Test RRSE: 0.9319
2025-02-10 16:40:05,735:INFO:Epoch 236: Train Loss: 1249.6348, Train Node Loss: 83.4429, Train Reg Loss: 11.6619, Train MAPE: 11.4667, Train R: 0.8920, Train RRSE: 0.4581, Test Loss: 1691.5535, Test Node Loss: 89.8203, Test Reg Loss: 16.0173, Test MAPE: 12.1751, Test R: 0.8871, Test RRSE: 0.5180
2025-02-10 16:40:30,630:INFO:Epoch 237: Train Loss: 1180.3017, Train Node Loss: 88.5736, Train Reg Loss: 10.9173, Train MAPE: 11.4822, Train R: 0.8984, Train RRSE: 0.4432, Test Loss: 3408.0911, Test Node Loss: 80.1193, Test Reg Loss: 33.2797, Test MAPE: 12.7039, Test R: 0.8867, Test RRSE: 0.7467
2025-02-10 16:40:55,131:INFO:Epoch 238: Train Loss: 1180.5682, Train Node Loss: 84.3431, Train Reg Loss: 10.9623, Train MAPE: 11.3957, Train R: 0.8971, Train RRSE: 0.4441, Test Loss: 3526.9509, Test Node Loss: 78.2967, Test Reg Loss: 34.4865, Test MAPE: 12.8938, Test R: 0.8866, Test RRSE: 0.7602
2025-02-10 16:41:19,742:INFO:Epoch 239: Train Loss: 1223.1861, Train Node Loss: 82.0366, Train Reg Loss: 11.4115, Train MAPE: 11.6207, Train R: 0.8926, Train RRSE: 0.4531, Test Loss: 1861.3830, Test Node Loss: 84.2509, Test Reg Loss: 17.7713, Test MAPE: 12.5223, Test R: 0.8871, Test RRSE: 0.5457
2025-02-10 16:41:44,200:INFO:Epoch 240: Train Loss: 1280.5565, Train Node Loss: 85.6415, Train Reg Loss: 11.9492, Train MAPE: 11.7405, Train R: 0.8899, Train RRSE: 0.4637, Test Loss: 1761.9724, Test Node Loss: 79.9654, Test Reg Loss: 16.8201, Test MAPE: 12.2944, Test R: 0.8872, Test RRSE: 0.5309
2025-02-10 16:42:08,628:INFO:Epoch 241: Train Loss: 1201.3418, Train Node Loss: 77.9010, Train Reg Loss: 11.2344, Train MAPE: 11.3217, Train R: 0.8952, Train RRSE: 0.4496, Test Loss: 2718.7419, Test Node Loss: 72.9829, Test Reg Loss: 26.4576, Test MAPE: 12.5802, Test R: 0.8870, Test RRSE: 0.6658
2025-02-10 16:42:33,228:INFO:Epoch 242: Train Loss: 1408.9162, Train Node Loss: 73.4449, Train Reg Loss: 13.3547, Train MAPE: 11.3789, Train R: 0.8800, Train RRSE: 0.4902, Test Loss: 1438.7905, Test Node Loss: 88.6394, Test Reg Loss: 13.5015, Test MAPE: 12.5752, Test R: 0.8870, Test RRSE: 0.4756
2025-02-10 16:42:57,726:INFO:Epoch 243: Train Loss: 1366.3171, Train Node Loss: 87.3603, Train Reg Loss: 12.7896, Train MAPE: 11.9736, Train R: 0.8954, Train RRSE: 0.4797, Test Loss: 3367.7932, Test Node Loss: 71.9155, Test Reg Loss: 32.9588, Test MAPE: 12.6306, Test R: 0.8871, Test RRSE: 0.7431
2025-02-10 16:43:22,033:INFO:Epoch 244: Train Loss: 1206.2522, Train Node Loss: 71.6815, Train Reg Loss: 11.3457, Train MAPE: 11.3136, Train R: 0.9017, Train RRSE: 0.4518, Test Loss: 3601.0976, Test Node Loss: 67.8271, Test Reg Loss: 35.3327, Test MAPE: 12.9221, Test R: 0.8864, Test RRSE: 0.7694
2025-02-10 16:43:46,235:INFO:Epoch 245: Train Loss: 1164.7273, Train Node Loss: 77.9522, Train Reg Loss: 10.8678, Train MAPE: 11.7245, Train R: 0.8983, Train RRSE: 0.4422, Test Loss: 1643.3486, Test Node Loss: 78.5550, Test Reg Loss: 15.6479, Test MAPE: 12.3589, Test R: 0.8864, Test RRSE: 0.5120
2025-02-10 16:44:10,161:INFO:Epoch 246: Train Loss: 1190.2110, Train Node Loss: 73.8702, Train Reg Loss: 11.1634, Train MAPE: 11.5719, Train R: 0.8940, Train RRSE: 0.4482, Test Loss: 6982.1147, Test Node Loss: 57.4469, Test Reg Loss: 69.2467, Test MAPE: 14.2180, Test R: 0.8848, Test RRSE: 1.0771
2025-02-10 16:44:34,963:INFO:Epoch 247: Train Loss: 1265.8405, Train Node Loss: 69.4557, Train Reg Loss: 11.9638, Train MAPE: 11.4372, Train R: 0.8885, Train RRSE: 0.4640, Test Loss: 1794.0541, Test Node Loss: 75.6688, Test Reg Loss: 17.1839, Test MAPE: 12.4009, Test R: 0.8862, Test RRSE: 0.5366
2025-02-10 16:44:59,883:INFO:Epoch 248: Train Loss: 1327.1253, Train Node Loss: 72.0176, Train Reg Loss: 12.5511, Train MAPE: 11.7069, Train R: 0.8802, Train RRSE: 0.4752, Test Loss: 5075.2472, Test Node Loss: 61.1138, Test Reg Loss: 50.1413, Test MAPE: 13.4598, Test R: 0.8863, Test RRSE: 0.9166
2025-02-10 16:45:23,970:INFO:Epoch 249: Train Loss: 1109.0622, Train Node Loss: 70.8487, Train Reg Loss: 10.3821, Train MAPE: 11.5561, Train R: 0.9020, Train RRSE: 0.4322, Test Loss: 2599.5728, Test Node Loss: 69.3599, Test Reg Loss: 25.3021, Test MAPE: 12.3559, Test R: 0.8864, Test RRSE: 0.6511
2025-02-10 16:45:48,020:INFO:Epoch 250: Train Loss: 1255.1321, Train Node Loss: 73.9445, Train Reg Loss: 11.8119, Train MAPE: 11.5205, Train R: 0.8915, Train RRSE: 0.4610, Test Loss: 6658.1215, Test Node Loss: 57.4747, Test Reg Loss: 66.0065, Test MAPE: 13.9086, Test R: 0.8863, Test RRSE: 1.0516
2025-02-10 16:46:12,229:INFO:Epoch 251: Train Loss: 1265.9025, Train Node Loss: 67.1793, Train Reg Loss: 11.9872, Train MAPE: 11.4441, Train R: 0.8892, Train RRSE: 0.4644, Test Loss: 5058.4398, Test Node Loss: 61.4172, Test Reg Loss: 49.9702, Test MAPE: 13.3689, Test R: 0.8866, Test RRSE: 0.9150
2025-02-10 16:46:36,894:INFO:Epoch 252: Train Loss: 1134.9253, Train Node Loss: 69.9552, Train Reg Loss: 10.6497, Train MAPE: 11.5602, Train R: 0.8992, Train RRSE: 0.4378, Test Loss: 3368.7654, Test Node Loss: 65.9659, Test Reg Loss: 33.0280, Test MAPE: 12.5732, Test R: 0.8869, Test RRSE: 0.7439
2025-02-10 16:47:00,728:INFO:Epoch 253: Train Loss: 1143.5801, Train Node Loss: 69.1445, Train Reg Loss: 10.7444, Train MAPE: 11.4650, Train R: 0.8990, Train RRSE: 0.4397, Test Loss: 5719.5059, Test Node Loss: 58.5290, Test Reg Loss: 56.6098, Test MAPE: 13.4700, Test R: 0.8857, Test RRSE: 0.9739
2025-02-10 16:47:24,583:INFO:Epoch 254: Train Loss: 1188.5742, Train Node Loss: 66.8324, Train Reg Loss: 11.2174, Train MAPE: 11.3800, Train R: 0.8954, Train RRSE: 0.4493, Test Loss: 2559.4478, Test Node Loss: 67.2098, Test Reg Loss: 24.9224, Test MAPE: 12.2064, Test R: 0.8873, Test RRSE: 0.6462
2025-02-10 16:47:48,268:INFO:Epoch 255: Train Loss: 1329.5292, Train Node Loss: 71.8788, Train Reg Loss: 12.5765, Train MAPE: 11.7662, Train R: 0.8852, Train RRSE: 0.4757, Test Loss: 3036.8840, Test Node Loss: 64.6568, Test Reg Loss: 29.7223, Test MAPE: 12.7037, Test R: 0.8868, Test RRSE: 0.7057
2025-02-10 16:48:12,077:INFO:Epoch 256: Train Loss: 1119.9258, Train Node Loss: 65.6761, Train Reg Loss: 10.5425, Train MAPE: 11.5303, Train R: 0.9010, Train RRSE: 0.4355, Test Loss: 6081.4406, Test Node Loss: 54.2343, Test Reg Loss: 60.2721, Test MAPE: 13.5903, Test R: 0.8850, Test RRSE: 1.0049
2025-02-10 16:48:36,077:INFO:Epoch 257: Train Loss: 1301.9010, Train Node Loss: 61.1242, Train Reg Loss: 12.4078, Train MAPE: 11.1320, Train R: 0.8931, Train RRSE: 0.4725, Test Loss: 1452.5468, Test Node Loss: 71.8972, Test Reg Loss: 13.8065, Test MAPE: 12.2165, Test R: 0.8876, Test RRSE: 0.4810
2025-02-10 16:49:00,593:INFO:Epoch 258: Train Loss: 1430.7061, Train Node Loss: 75.5335, Train Reg Loss: 13.5517, Train MAPE: 11.9590, Train R: 0.8930, Train RRSE: 0.4938, Test Loss: 1871.0768, Test Node Loss: 66.1002, Test Reg Loss: 18.0498, Test MAPE: 12.1742, Test R: 0.8874, Test RRSE: 0.5499
2025-02-10 16:49:25,059:INFO:Epoch 259: Train Loss: 1330.5845, Train Node Loss: 58.3729, Train Reg Loss: 12.7221, Train MAPE: 11.3145, Train R: 0.8899, Train RRSE: 0.4785, Test Loss: 3117.6871, Test Node Loss: 54.3741, Test Reg Loss: 30.6331, Test MAPE: 12.7855, Test R: 0.8875, Test RRSE: 0.7164
2025-02-10 16:49:48,984:INFO:Epoch 260: Train Loss: 1307.1011, Train Node Loss: 63.6888, Train Reg Loss: 12.4341, Train MAPE: 11.8859, Train R: 0.8826, Train RRSE: 0.4730, Test Loss: 1441.4460, Test Node Loss: 71.9753, Test Reg Loss: 13.6947, Test MAPE: 12.7916, Test R: 0.8871, Test RRSE: 0.4790
2025-02-10 16:50:13,338:INFO:Epoch 261: Train Loss: 1141.7202, Train Node Loss: 63.1722, Train Reg Loss: 10.7855, Train MAPE: 11.6073, Train R: 0.8984, Train RRSE: 0.4405, Test Loss: 7554.2733, Test Node Loss: 47.1556, Test Reg Loss: 75.0712, Test MAPE: 14.2507, Test R: 0.8857, Test RRSE: 1.1215
2025-02-10 16:50:38,308:INFO:Epoch 262: Train Loss: 1246.2288, Train Node Loss: 54.2421, Train Reg Loss: 11.9199, Train MAPE: 11.2063, Train R: 0.9038, Train RRSE: 0.4631, Test Loss: 1788.3591, Test Node Loss: 63.6255, Test Reg Loss: 17.2473, Test MAPE: 12.2495, Test R: 0.8888, Test RRSE: 0.5376
2025-02-10 16:50:38,432:INFO:Checkpoint saved at best_0.001_0.001_256_SAGE_3_64_0.8888_epoch_262.pth
2025-02-10 16:51:02,891:INFO:Epoch 263: Train Loss: 1380.5231, Train Node Loss: 66.7980, Train Reg Loss: 13.1373, Train MAPE: 11.9508, Train R: 0.8924, Train RRSE: 0.4862, Test Loss: 2915.5538, Test Node Loss: 56.3071, Test Reg Loss: 28.5925, Test MAPE: 12.5728, Test R: 0.8884, Test RRSE: 0.6922
2025-02-10 16:51:27,089:INFO:Epoch 264: Train Loss: 1432.1905, Train Node Loss: 51.3352, Train Reg Loss: 13.8086, Train MAPE: 11.3777, Train R: 0.8825, Train RRSE: 0.4985, Test Loss: 6057.7494, Test Node Loss: 44.3484, Test Reg Loss: 60.1340, Test MAPE: 13.7404, Test R: 0.8870, Test RRSE: 1.0038
2025-02-10 16:51:51,440:INFO:Epoch 265: Train Loss: 1319.0372, Train Node Loss: 58.3906, Train Reg Loss: 12.6065, Train MAPE: 11.7655, Train R: 0.8815, Train RRSE: 0.4763, Test Loss: 1359.2072, Test Node Loss: 65.1719, Test Reg Loss: 12.9404, Test MAPE: 12.4216, Test R: 0.8884, Test RRSE: 0.4656
2025-02-10 16:52:16,446:INFO:Epoch 266: Train Loss: 1407.1849, Train Node Loss: 54.6629, Train Reg Loss: 13.5252, Train MAPE: 11.4522, Train R: 0.8700, Train RRSE: 0.4933, Test Loss: 7108.4596, Test Node Loss: 39.6016, Test Reg Loss: 70.6886, Test MAPE: 14.1210, Test R: 0.8869, Test RRSE: 1.0883
2025-02-10 16:52:40,850:INFO:Epoch 267: Train Loss: 1462.9933, Train Node Loss: 48.7645, Train Reg Loss: 14.1423, Train MAPE: 11.3835, Train R: 0.8703, Train RRSE: 0.5045, Test Loss: 1379.0395, Test Node Loss: 61.1877, Test Reg Loss: 13.1785, Test MAPE: 12.5998, Test R: 0.8871, Test RRSE: 0.4699
2025-02-10 16:53:05,345:INFO:Epoch 268: Train Loss: 1312.2388, Train Node Loss: 59.6944, Train Reg Loss: 12.5254, Train MAPE: 11.9994, Train R: 0.9024, Train RRSE: 0.4747, Test Loss: 5186.5340, Test Node Loss: 42.5318, Test Reg Loss: 51.4400, Test MAPE: 13.2776, Test R: 0.8847, Test RRSE: 0.9284
2025-02-10 16:53:30,590:INFO:Epoch 269: Train Loss: 1285.9905, Train Node Loss: 44.0719, Train Reg Loss: 12.4192, Train MAPE: 11.2753, Train R: 0.8950, Train RRSE: 0.4727, Test Loss: 4989.1473, Test Node Loss: 39.2082, Test Reg Loss: 49.4994, Test MAPE: 13.4041, Test R: 0.8851, Test RRSE: 0.9107
2025-02-10 16:53:54,927:INFO:Epoch 270: Train Loss: 1199.6203, Train Node Loss: 46.6772, Train Reg Loss: 11.5294, Train MAPE: 11.4535, Train R: 0.8921, Train RRSE: 0.4555, Test Loss: 1433.5825, Test Node Loss: 54.1224, Test Reg Loss: 13.7946, Test MAPE: 12.4198, Test R: 0.8864, Test RRSE: 0.4808
2025-02-10 16:54:19,271:INFO:Epoch 271: Train Loss: 1342.8395, Train Node Loss: 54.7210, Train Reg Loss: 12.8812, Train MAPE: 11.9054, Train R: 0.8899, Train RRSE: 0.4814, Test Loss: 4412.2583, Test Node Loss: 43.3174, Test Reg Loss: 43.6894, Test MAPE: 12.8035, Test R: 0.8860, Test RRSE: 0.8556
2025-02-10 16:54:43,558:INFO:Epoch 272: Train Loss: 1255.7551, Train Node Loss: 44.0377, Train Reg Loss: 12.1172, Train MAPE: 11.1867, Train R: 0.8937, Train RRSE: 0.4669, Test Loss: 4813.8384, Test Node Loss: 39.9015, Test Reg Loss: 47.7394, Test MAPE: 13.1246, Test R: 0.8857, Test RRSE: 0.8944
2025-02-10 16:55:07,911:INFO:Epoch 273: Train Loss: 1249.3497, Train Node Loss: 47.7176, Train Reg Loss: 12.0163, Train MAPE: 11.5310, Train R: 0.8857, Train RRSE: 0.4650, Test Loss: 2070.6023, Test Node Loss: 49.7681, Test Reg Loss: 20.2083, Test MAPE: 12.3238, Test R: 0.8862, Test RRSE: 0.5819
2025-02-10 16:55:33,145:INFO:Epoch 274: Train Loss: 1176.7063, Train Node Loss: 49.9407, Train Reg Loss: 11.2677, Train MAPE: 11.6609, Train R: 0.8945, Train RRSE: 0.4503, Test Loss: 6858.5650, Test Node Loss: 39.2560, Test Reg Loss: 68.1931, Test MAPE: 13.8364, Test R: 0.8830, Test RRSE: 1.0689
2025-02-10 16:55:58,140:INFO:Epoch 275: Train Loss: 1170.2926, Train Node Loss: 46.0983, Train Reg Loss: 11.2419, Train MAPE: 11.4121, Train R: 0.8952, Train RRSE: 0.4498, Test Loss: 3389.7167, Test Node Loss: 45.2823, Test Reg Loss: 33.4443, Test MAPE: 12.6173, Test R: 0.8852, Test RRSE: 0.7486
2025-02-10 16:56:22,531:INFO:Epoch 276: Train Loss: 1073.1352, Train Node Loss: 47.8820, Train Reg Loss: 10.2525, Train MAPE: 11.6075, Train R: 0.9037, Train RRSE: 0.4295, Test Loss: 3675.7329, Test Node Loss: 42.8022, Test Reg Loss: 36.3293, Test MAPE: 12.7803, Test R: 0.8855, Test RRSE: 0.7802
2025-02-10 16:56:47,212:INFO:Epoch 277: Train Loss: 1147.6224, Train Node Loss: 46.4663, Train Reg Loss: 11.0116, Train MAPE: 11.6177, Train R: 0.8955, Train RRSE: 0.4451, Test Loss: 5097.6228, Test Node Loss: 40.6617, Test Reg Loss: 50.5696, Test MAPE: 13.4330, Test R: 0.8844, Test RRSE: 0.9205
2025-02-10 16:57:11,653:INFO:Epoch 278: Train Loss: 1082.6893, Train Node Loss: 45.9254, Train Reg Loss: 10.3676, Train MAPE: 11.5556, Train R: 0.9024, Train RRSE: 0.4319, Test Loss: 4768.2653, Test Node Loss: 41.3427, Test Reg Loss: 47.2692, Test MAPE: 13.0900, Test R: 0.8853, Test RRSE: 0.8899
2025-02-10 16:57:36,190:INFO:Epoch 279: Train Loss: 1264.6837, Train Node Loss: 47.9079, Train Reg Loss: 12.1678, Train MAPE: 11.6338, Train R: 0.8847, Train RRSE: 0.4679, Test Loss: 4119.7262, Test Node Loss: 41.4772, Test Reg Loss: 40.7825, Test MAPE: 12.8440, Test R: 0.8852, Test RRSE: 0.8266
2025-02-10 16:58:00,440:INFO:Epoch 280: Train Loss: 1101.5148, Train Node Loss: 44.9540, Train Reg Loss: 10.5656, Train MAPE: 11.3822, Train R: 0.9016, Train RRSE: 0.4360, Test Loss: 2491.0812, Test Node Loss: 43.8644, Test Reg Loss: 24.4722, Test MAPE: 12.4470, Test R: 0.8865, Test RRSE: 0.6403
2025-02-10 16:58:24,770:INFO:Epoch 281: Train Loss: 1069.8103, Train Node Loss: 45.4839, Train Reg Loss: 10.2433, Train MAPE: 11.5910, Train R: 0.9032, Train RRSE: 0.4293, Test Loss: 1905.3227, Test Node Loss: 45.9092, Test Reg Loss: 18.5941, Test MAPE: 12.3641, Test R: 0.8871, Test RRSE: 0.5582
2025-02-10 16:58:49,038:INFO:Epoch 282: Train Loss: 1178.2683, Train Node Loss: 46.9689, Train Reg Loss: 11.3130, Train MAPE: 11.6589, Train R: 0.8938, Train RRSE: 0.4512, Test Loss: 3156.3964, Test Node Loss: 42.7889, Test Reg Loss: 31.1361, Test MAPE: 12.5630, Test R: 0.8867, Test RRSE: 0.7223
2025-02-10 16:59:13,264:INFO:Epoch 283: Train Loss: 1246.8029, Train Node Loss: 41.6843, Train Reg Loss: 12.0512, Train MAPE: 11.3445, Train R: 0.8920, Train RRSE: 0.4657, Test Loss: 4567.1789, Test Node Loss: 39.4497, Test Reg Loss: 45.2773, Test MAPE: 13.1159, Test R: 0.8859, Test RRSE: 0.8710
2025-02-10 16:59:37,609:INFO:Epoch 284: Train Loss: 1135.8524, Train Node Loss: 46.5088, Train Reg Loss: 10.8934, Train MAPE: 11.7100, Train R: 0.8978, Train RRSE: 0.4427, Test Loss: 2603.9664, Test Node Loss: 45.0139, Test Reg Loss: 25.5895, Test MAPE: 12.4854, Test R: 0.8872, Test RRSE: 0.6548
2025-02-10 17:00:02,086:INFO:Epoch 285: Train Loss: 1264.5693, Train Node Loss: 44.2953, Train Reg Loss: 12.2027, Train MAPE: 11.4827, Train R: 0.8835, Train RRSE: 0.4686, Test Loss: 6118.1410, Test Node Loss: 36.1082, Test Reg Loss: 60.8203, Test MAPE: 13.5975, Test R: 0.8852, Test RRSE: 1.0095
2025-02-10 17:00:26,396:INFO:Epoch 286: Train Loss: 1186.9171, Train Node Loss: 41.1191, Train Reg Loss: 11.4580, Train MAPE: 11.3060, Train R: 0.8943, Train RRSE: 0.4541, Test Loss: 2684.8347, Test Node Loss: 40.6877, Test Reg Loss: 26.4415, Test MAPE: 12.5485, Test R: 0.8879, Test RRSE: 0.6656
2025-02-10 17:00:50,734:INFO:Epoch 287: Train Loss: 1090.6087, Train Node Loss: 44.6968, Train Reg Loss: 10.4591, Train MAPE: 11.8709, Train R: 0.9045, Train RRSE: 0.4338, Test Loss: 1891.8997, Test Node Loss: 42.8538, Test Reg Loss: 18.4905, Test MAPE: 12.3944, Test R: 0.8885, Test RRSE: 0.5566
2025-02-10 17:01:15,093:INFO:Epoch 288: Train Loss: 1198.4712, Train Node Loss: 40.4843, Train Reg Loss: 11.5799, Train MAPE: 11.5170, Train R: 0.8915, Train RRSE: 0.4565, Test Loss: 3493.1888, Test Node Loss: 37.5092, Test Reg Loss: 34.5568, Test MAPE: 12.5438, Test R: 0.8875, Test RRSE: 0.7609
2025-02-10 17:01:39,280:INFO:Epoch 289: Train Loss: 1184.5733, Train Node Loss: 42.4241, Train Reg Loss: 11.4215, Train MAPE: 11.5458, Train R: 0.8916, Train RRSE: 0.4533, Test Loss: 2375.8103, Test Node Loss: 41.5142, Test Reg Loss: 23.3430, Test MAPE: 12.3736, Test R: 0.8879, Test RRSE: 0.6254
2025-02-10 17:02:03,539:INFO:Epoch 290: Train Loss: 1368.9878, Train Node Loss: 41.2169, Train Reg Loss: 13.2777, Train MAPE: 11.4752, Train R: 0.8726, Train RRSE: 0.4888, Test Loss: 4006.9631, Test Node Loss: 36.4062, Test Reg Loss: 39.7056, Test MAPE: 12.6369, Test R: 0.8866, Test RRSE: 0.8156
2025-02-10 17:02:27,872:INFO:Epoch 291: Train Loss: 1097.5219, Train Node Loss: 42.2971, Train Reg Loss: 10.5522, Train MAPE: 11.6885, Train R: 0.9005, Train RRSE: 0.4357, Test Loss: 1932.5360, Test Node Loss: 43.0698, Test Reg Loss: 18.8947, Test MAPE: 12.2940, Test R: 0.8875, Test RRSE: 0.5627
2025-02-10 17:02:51,625:INFO:Epoch 292: Train Loss: 1102.7356, Train Node Loss: 43.3068, Train Reg Loss: 10.5943, Train MAPE: 11.5678, Train R: 0.9028, Train RRSE: 0.4366, Test Loss: 5436.6241, Test Node Loss: 33.0647, Test Reg Loss: 54.0356, Test MAPE: 13.2014, Test R: 0.8854, Test RRSE: 0.9515
2025-02-10 17:03:15,865:INFO:Epoch 293: Train Loss: 1186.1468, Train Node Loss: 36.1085, Train Reg Loss: 11.5004, Train MAPE: 11.2516, Train R: 0.9043, Train RRSE: 0.4549, Test Loss: 3302.0659, Test Node Loss: 36.5653, Test Reg Loss: 32.6550, Test MAPE: 12.6236, Test R: 0.8871, Test RRSE: 0.7397
2025-02-10 17:03:39,318:INFO:Epoch 294: Train Loss: 1058.3832, Train Node Loss: 41.6655, Train Reg Loss: 10.1672, Train MAPE: 11.7708, Train R: 0.9056, Train RRSE: 0.4277, Test Loss: 2398.5441, Test Node Loss: 39.4250, Test Reg Loss: 23.5912, Test MAPE: 12.4489, Test R: 0.8877, Test RRSE: 0.6287
2025-02-10 17:04:02,575:INFO:Epoch 295: Train Loss: 1098.0921, Train Node Loss: 40.6116, Train Reg Loss: 10.5748, Train MAPE: 11.7302, Train R: 0.9007, Train RRSE: 0.4362, Test Loss: 6251.2050, Test Node Loss: 31.9362, Test Reg Loss: 62.1927, Test MAPE: 13.4942, Test R: 0.8845, Test RRSE: 1.0208
2025-02-10 17:04:26,110:INFO:Epoch 296: Train Loss: 1213.9601, Train Node Loss: 35.3724, Train Reg Loss: 11.7859, Train MAPE: 11.3509, Train R: 0.8970, Train RRSE: 0.4605, Test Loss: 4081.7996, Test Node Loss: 35.9693, Test Reg Loss: 40.4583, Test MAPE: 12.8772, Test R: 0.8846, Test RRSE: 0.8233
2025-02-10 17:04:49,063:INFO:Epoch 297: Train Loss: 1212.0198, Train Node Loss: 43.2052, Train Reg Loss: 11.6881, Train MAPE: 11.8417, Train R: 0.8948, Train RRSE: 0.4586, Test Loss: 3400.7588, Test Node Loss: 39.3315, Test Reg Loss: 33.6143, Test MAPE: 12.5370, Test R: 0.8850, Test RRSE: 0.7505
2025-02-10 17:05:12,243:INFO:Epoch 298: Train Loss: 1014.6075, Train Node Loss: 39.1821, Train Reg Loss: 9.7543, Train MAPE: 11.4378, Train R: 0.9085, Train RRSE: 0.4189, Test Loss: 6244.2892, Test Node Loss: 30.5671, Test Reg Loss: 62.1372, Test MAPE: 13.6772, Test R: 0.8841, Test RRSE: 1.0204
2025-02-10 17:05:35,181:INFO:Epoch 299: Train Loss: 1123.7433, Train Node Loss: 35.1216, Train Reg Loss: 10.8862, Train MAPE: 11.4585, Train R: 0.9015, Train RRSE: 0.4426, Test Loss: 1520.3180, Test Node Loss: 39.3248, Test Reg Loss: 14.8099, Test MAPE: 12.3298, Test R: 0.8877, Test RRSE: 0.4981
2025-02-10 17:05:58,633:INFO:Epoch 300: Train Loss: 1117.3232, Train Node Loss: 39.2088, Train Reg Loss: 10.7811, Train MAPE: 11.8208, Train R: 0.9009, Train RRSE: 0.4404, Test Loss: 1787.2861, Test Node Loss: 37.9931, Test Reg Loss: 17.4929, Test MAPE: 12.3867, Test R: 0.8866, Test RRSE: 0.5414
2025-02-10 17:05:58,633:INFO:Best performance at epoch 262 with Test MAPE: 0.8888
