2025-02-10 14:56:00,108:INFO:Learning rate: 0.0008
2025-02-10 14:56:00,109:INFO:Weight decay: 0.001
2025-02-10 14:56:00,109:INFO:Batch size: 64
2025-02-10 14:56:00,109:INFO:Number of layers: 2
2025-02-10 14:56:00,109:INFO:Convolution type: SAGE
2025-02-10 14:56:00,109:INFO:Convolution neurons: 256
2025-02-10 15:00:31,852:INFO:Learning rate: 0.0008
2025-02-10 15:00:31,854:INFO:Weight decay: 0.001
2025-02-10 15:00:31,854:INFO:Batch size: 64
2025-02-10 15:00:31,854:INFO:Number of layers: 2
2025-02-10 15:00:31,854:INFO:Convolution type: SAGE
2025-02-10 15:00:31,855:INFO:Convolution neurons: 256
2025-02-10 15:00:48,509:INFO:Epoch 1: Train Loss: 440415.5727, Train Node Loss: 0.5391, Train Reg Loss: 4404.1504, Train MAPE: 99.6018, Train R: 0.1081, Train RRSE: 8.9021, Test Loss: 447626.2929, Test Node Loss: 0.2437, Test Reg Loss: 4476.2604, Test MAPE: 99.1336, Test R: 0.8796, Test RRSE: 8.6603
2025-02-10 15:00:48,532:INFO:Checkpoint saved at best_0.0008_0.001_256_SAGE_2_64_0.8796_epoch_1.pth
2025-02-10 15:01:04,186:INFO:Epoch 2: Train Loss: 430167.8529, Train Node Loss: 0.1807, Train Reg Loss: 4301.6767, Train MAPE: 98.4064, Train R: 0.1154, Train RRSE: 8.7980, Test Loss: 439132.1011, Test Node Loss: 0.0593, Test Reg Loss: 4391.3203, Test MAPE: 98.1644, Test R: 0.8779, Test RRSE: 8.5777
2025-02-10 15:01:20,614:INFO:Epoch 3: Train Loss: 419849.0114, Train Node Loss: 0.0624, Train Reg Loss: 4198.4894, Train MAPE: 97.1798, Train R: 0.0074, Train RRSE: 8.6918, Test Loss: 427741.1481, Test Node Loss: 0.0739, Test Reg Loss: 4277.4108, Test MAPE: 96.8494, Test R: 0.8808, Test RRSE: 8.4658
2025-02-10 15:01:20,643:INFO:Checkpoint saved at best_0.0008_0.001_256_SAGE_2_64_0.8808_epoch_3.pth
2025-02-10 15:01:37,000:INFO:Epoch 4: Train Loss: 408490.9982, Train Node Loss: 0.0806, Train Reg Loss: 4084.9092, Train MAPE: 95.8315, Train R: 0.1315, Train RRSE: 8.5734, Test Loss: 413701.7066, Test Node Loss: 0.1007, Test Reg Loss: 4137.0161, Test MAPE: 95.2041, Test R: 0.8840, Test RRSE: 8.3257
2025-02-10 15:01:37,026:INFO:Checkpoint saved at best_0.0008_0.001_256_SAGE_2_64_0.8840_epoch_4.pth
2025-02-10 15:01:53,723:INFO:Epoch 5: Train Loss: 395879.5323, Train Node Loss: 0.1193, Train Reg Loss: 3958.7941, Train MAPE: 94.2992, Train R: 0.1006, Train RRSE: 8.4400, Test Loss: 397408.7116, Test Node Loss: 0.1844, Test Reg Loss: 3974.0852, Test MAPE: 93.2588, Test R: 0.8828, Test RRSE: 8.1601
2025-02-10 15:02:10,360:INFO:Epoch 6: Train Loss: 381604.2696, Train Node Loss: 0.2390, Train Reg Loss: 3816.0403, Train MAPE: 92.5504, Train R: 0.2187, Train RRSE: 8.2865, Test Loss: 379342.0849, Test Node Loss: 0.4601, Test Reg Loss: 3793.4162, Test MAPE: 91.0541, Test R: 0.8749, Test RRSE: 7.9724
2025-02-10 15:02:26,720:INFO:Epoch 7: Train Loss: 365591.1968, Train Node Loss: 0.6385, Train Reg Loss: 3655.9056, Train MAPE: 90.5049, Train R: 0.0076, Train RRSE: 8.1107, Test Loss: 358749.9466, Test Node Loss: 1.3816, Test Reg Loss: 3587.4857, Test MAPE: 88.4755, Test R: 0.8669, Test RRSE: 7.7530
2025-02-10 15:02:43,148:INFO:Epoch 8: Train Loss: 346532.0547, Train Node Loss: 1.9989, Train Reg Loss: 3465.3006, Train MAPE: 88.0677, Train R: 0.1753, Train RRSE: 7.8965, Test Loss: 334545.2233, Test Node Loss: 4.5648, Test Reg Loss: 3345.4066, Test MAPE: 85.3463, Test R: 0.8589, Test RRSE: 7.4869
2025-02-10 15:02:59,803:INFO:Epoch 9: Train Loss: 324025.3755, Train Node Loss: 6.4434, Train Reg Loss: 3240.1894, Train MAPE: 85.0761, Train R: 0.1689, Train RRSE: 7.6357, Test Loss: 306179.8257, Test Node Loss: 14.0249, Test Reg Loss: 3061.6579, Test MAPE: 81.5290, Test R: 0.8555, Test RRSE: 7.1623
2025-02-10 15:03:16,386:INFO:Epoch 10: Train Loss: 295346.2250, Train Node Loss: 19.3233, Train Reg Loss: 2953.2690, Train MAPE: 81.1073, Train R: 0.1719, Train RRSE: 7.2898, Test Loss: 266898.2595, Test Node Loss: 42.2008, Test Reg Loss: 2668.5605, Test MAPE: 75.9344, Test R: 0.8680, Test RRSE: 6.6867
2025-02-10 15:03:32,971:INFO:Epoch 11: Train Loss: 254096.8816, Train Node Loss: 56.5924, Train Reg Loss: 2540.4029, Train MAPE: 75.0631, Train R: 0.2319, Train RRSE: 6.7610, Test Loss: 206298.7410, Test Node Loss: 131.4509, Test Reg Loss: 2061.6729, Test MAPE: 66.4066, Test R: 0.8846, Test RRSE: 5.8774
2025-02-10 15:03:33,001:INFO:Checkpoint saved at best_0.0008_0.001_256_SAGE_2_64_0.8846_epoch_11.pth
2025-02-10 15:03:49,355:INFO:Epoch 12: Train Loss: 194197.5883, Train Node Loss: 161.8336, Train Reg Loss: 1940.3576, Train MAPE: 65.0871, Train R: 0.0752, Train RRSE: 5.9089, Test Loss: 117274.1994, Test Node Loss: 411.7612, Test Reg Loss: 1168.6244, Test MAPE: 49.2354, Test R: 0.8891, Test RRSE: 4.4250
2025-02-10 15:03:49,377:INFO:Checkpoint saved at best_0.0008_0.001_256_SAGE_2_64_0.8891_epoch_12.pth
2025-02-10 15:04:06,061:INFO:Epoch 13: Train Loss: 109868.0684, Train Node Loss: 449.9906, Train Reg Loss: 1094.1808, Train MAPE: 47.8633, Train R: 0.1424, Train RRSE: 4.4372, Test Loss: 21956.3709, Test Node Loss: 1221.3680, Test Reg Loss: 207.3500, Test MAPE: 18.1415, Test R: 0.8856, Test RRSE: 1.8639
2025-02-10 15:04:22,433:INFO:Epoch 14: Train Loss: 25776.2352, Train Node Loss: 1172.5214, Train Reg Loss: 246.0371, Train MAPE: 19.3713, Train R: 0.1457, Train RRSE: 2.1041, Test Loss: 50327.2228, Test Node Loss: 3099.0649, Test Reg Loss: 472.2816, Test MAPE: 32.9704, Test R: 0.8804, Test RRSE: 2.8130
2025-02-10 15:04:39,097:INFO:Epoch 15: Train Loss: 24262.3287, Train Node Loss: 2332.0461, Train Reg Loss: 219.3028, Train MAPE: 21.7212, Train R: 0.3031, Train RRSE: 1.9865, Test Loss: 123831.1179, Test Node Loss: 3706.1260, Test Reg Loss: 1201.2499, Test MAPE: 52.9854, Test R: 0.8802, Test RRSE: 4.4863
2025-02-10 15:04:55,700:INFO:Epoch 16: Train Loss: 28087.7623, Train Node Loss: 2262.8771, Train Reg Loss: 258.2489, Train MAPE: 24.2480, Train R: 0.4220, Train RRSE: 2.1557, Test Loss: 24491.4650, Test Node Loss: 2198.0245, Test Reg Loss: 222.9344, Test MAPE: 22.5481, Test R: 0.8835, Test RRSE: 1.9327
2025-02-10 15:05:12,043:INFO:Epoch 17: Train Loss: 6239.0964, Train Node Loss: 1504.2331, Train Reg Loss: 47.3486, Train MAPE: 10.3081, Train R: 0.4483, Train RRSE: 0.9230, Test Loss: 5532.6164, Test Node Loss: 1317.1634, Test Reg Loss: 42.1545, Test MAPE: 9.1404, Test R: 0.8856, Test RRSE: 0.8404
2025-02-10 15:05:28,639:INFO:Epoch 18: Train Loss: 9595.3765, Train Node Loss: 1072.0485, Train Reg Loss: 85.2333, Train MAPE: 10.9596, Train R: 0.6766, Train RRSE: 1.2384, Test Loss: 9608.2801, Test Node Loss: 1055.8230, Test Reg Loss: 85.5246, Test MAPE: 11.0377, Test R: 0.8852, Test RRSE: 1.1971
2025-02-10 15:05:44,946:INFO:Epoch 19: Train Loss: 11388.4495, Train Node Loss: 975.5552, Train Reg Loss: 104.1289, Train MAPE: 12.0788, Train R: 0.7589, Train RRSE: 1.3688, Test Loss: 6955.7992, Test Node Loss: 1102.5190, Test Reg Loss: 58.5328, Test MAPE: 9.6633, Test R: 0.8838, Test RRSE: 0.9903
2025-02-10 15:06:01,570:INFO:Epoch 20: Train Loss: 7144.6223, Train Node Loss: 1065.7167, Train Reg Loss: 60.7891, Train MAPE: 9.6340, Train R: 0.6423, Train RRSE: 1.0459, Test Loss: 5003.9395, Test Node Loss: 1282.8315, Test Reg Loss: 37.2111, Test MAPE: 9.8139, Test R: 0.8825, Test RRSE: 0.7896
2025-02-10 15:06:17,925:INFO:Epoch 21: Train Loss: 5160.4144, Train Node Loss: 1230.1638, Train Reg Loss: 39.3025, Train MAPE: 9.4963, Train R: 0.6327, Train RRSE: 0.8410, Test Loss: 7968.2819, Test Node Loss: 1440.1165, Test Reg Loss: 65.2817, Test MAPE: 13.1364, Test R: 0.8811, Test RRSE: 1.0459
2025-02-10 15:06:34,566:INFO:Epoch 22: Train Loss: 5850.8305, Train Node Loss: 1323.0660, Train Reg Loss: 45.2776, Train MAPE: 11.0519, Train R: 0.8249, Train RRSE: 0.9026, Test Loss: 7630.3902, Test Node Loss: 1406.8295, Test Reg Loss: 62.2356, Test MAPE: 12.8881, Test R: 0.8797, Test RRSE: 1.0212
2025-02-10 15:06:51,175:INFO:Epoch 23: Train Loss: 5370.7312, Train Node Loss: 1271.0661, Train Reg Loss: 40.9966, Train MAPE: 10.5479, Train R: 0.7709, Train RRSE: 0.8589, Test Loss: 5196.1969, Test Node Loss: 1265.4682, Test Reg Loss: 39.3073, Test MAPE: 10.5225, Test R: 0.8780, Test RRSE: 0.8115
2025-02-10 15:07:07,538:INFO:Epoch 24: Train Loss: 4523.6016, Train Node Loss: 1163.3947, Train Reg Loss: 33.6021, Train MAPE: 9.2868, Train R: 0.8002, Train RRSE: 0.7776, Test Loss: 4641.3582, Test Node Loss: 1146.8838, Test Reg Loss: 34.9447, Test MAPE: 9.4065, Test R: 0.8762, Test RRSE: 0.7652
2025-02-10 15:07:24,207:INFO:Epoch 25: Train Loss: 4600.3921, Train Node Loss: 1089.1557, Train Reg Loss: 35.1124, Train MAPE: 8.9359, Train R: 0.8238, Train RRSE: 0.7949, Test Loss: 4714.2982, Test Node Loss: 1109.6139, Test Reg Loss: 36.0468, Test MAPE: 9.3187, Test R: 0.8740, Test RRSE: 0.7772
2025-02-10 15:07:40,586:INFO:Epoch 26: Train Loss: 4614.5337, Train Node Loss: 1080.0636, Train Reg Loss: 35.3447, Train MAPE: 8.9983, Train R: 0.8168, Train RRSE: 0.7975, Test Loss: 4537.6793, Test Node Loss: 1126.5761, Test Reg Loss: 34.1110, Test MAPE: 9.3907, Test R: 0.8722, Test RRSE: 0.7560
2025-02-10 15:07:56,950:INFO:Epoch 27: Train Loss: 4336.4360, Train Node Loss: 1108.0966, Train Reg Loss: 32.2834, Train MAPE: 9.1940, Train R: 0.8172, Train RRSE: 0.7622, Test Loss: 4506.5387, Test Node Loss: 1162.9084, Test Reg Loss: 33.4363, Test MAPE: 9.8228, Test R: 0.8705, Test RRSE: 0.7485
2025-02-10 15:08:13,566:INFO:Epoch 28: Train Loss: 4334.1767, Train Node Loss: 1133.1447, Train Reg Loss: 32.0103, Train MAPE: 9.3847, Train R: 0.8150, Train RRSE: 0.7589, Test Loss: 4516.4555, Test Node Loss: 1166.4618, Test Reg Loss: 33.4999, Test MAPE: 9.9748, Test R: 0.8685, Test RRSE: 0.7492
2025-02-10 15:08:29,937:INFO:Epoch 29: Train Loss: 4295.6018, Train Node Loss: 1137.4051, Train Reg Loss: 31.5820, Train MAPE: 9.5605, Train R: 0.8155, Train RRSE: 0.7538, Test Loss: 4438.7536, Test Node Loss: 1152.0418, Test Reg Loss: 32.8671, Test MAPE: 9.9561, Test R: 0.8664, Test RRSE: 0.7421
2025-02-10 15:08:46,334:INFO:Epoch 30: Train Loss: 4136.2453, Train Node Loss: 1115.8651, Train Reg Loss: 30.2038, Train MAPE: 9.4741, Train R: 0.8165, Train RRSE: 0.7372, Test Loss: 4299.3818, Test Node Loss: 1109.8627, Test Reg Loss: 31.8952, Test MAPE: 9.6300, Test R: 0.8645, Test RRSE: 0.7310
2025-02-10 15:09:02,940:INFO:Epoch 31: Train Loss: 4136.6609, Train Node Loss: 1080.5052, Train Reg Loss: 30.5616, Train MAPE: 9.2882, Train R: 0.8118, Train RRSE: 0.7416, Test Loss: 4279.3655, Test Node Loss: 1078.1560, Test Reg Loss: 32.0121, Test MAPE: 9.5111, Test R: 0.8622, Test RRSE: 0.7324
2025-02-10 15:09:19,594:INFO:Epoch 32: Train Loss: 4090.7397, Train Node Loss: 1062.9922, Train Reg Loss: 30.2775, Train MAPE: 9.2717, Train R: 0.8043, Train RRSE: 0.7381, Test Loss: 4205.0313, Test Node Loss: 1077.2836, Test Reg Loss: 31.2775, Test MAPE: 9.5732, Test R: 0.8597, Test RRSE: 0.7239
2025-02-10 15:09:35,859:INFO:Epoch 33: Train Loss: 3966.4197, Train Node Loss: 1076.1749, Train Reg Loss: 28.9024, Train MAPE: 9.4002, Train R: 0.8183, Train RRSE: 0.7212, Test Loss: 4132.3463, Test Node Loss: 1086.9751, Test Reg Loss: 30.4537, Test MAPE: 9.6994, Test R: 0.8573, Test RRSE: 0.7143
2025-02-10 15:09:52,421:INFO:Epoch 34: Train Loss: 3897.6883, Train Node Loss: 1077.3533, Train Reg Loss: 28.2034, Train MAPE: 9.5023, Train R: 0.8164, Train RRSE: 0.7124, Test Loss: 4080.5508, Test Node Loss: 1081.3481, Test Reg Loss: 29.9920, Test MAPE: 9.7465, Test R: 0.8548, Test RRSE: 0.7089
2025-02-10 15:10:09,017:INFO:Epoch 35: Train Loss: 3909.7521, Train Node Loss: 1078.2644, Train Reg Loss: 28.3149, Train MAPE: 9.5772, Train R: 0.8041, Train RRSE: 0.7138, Test Loss: 4030.1549, Test Node Loss: 1077.5043, Test Reg Loss: 29.5265, Test MAPE: 9.7411, Test R: 0.8520, Test RRSE: 0.7034
2025-02-10 15:10:25,311:INFO:Epoch 36: Train Loss: 3847.1739, Train Node Loss: 1070.3549, Train Reg Loss: 27.7682, Train MAPE: 9.5952, Train R: 0.8052, Train RRSE: 0.7069, Test Loss: 3982.2004, Test Node Loss: 1066.9109, Test Reg Loss: 29.1529, Test MAPE: 9.7812, Test R: 0.8495, Test RRSE: 0.6989
2025-02-10 15:10:41,818:INFO:Epoch 37: Train Loss: 3734.4731, Train Node Loss: 1054.9580, Train Reg Loss: 26.7952, Train MAPE: 9.5829, Train R: 0.8086, Train RRSE: 0.6944, Test Loss: 3957.0184, Test Node Loss: 1048.8908, Test Reg Loss: 29.0813, Test MAPE: 9.6329, Test R: 0.8471, Test RRSE: 0.6980
2025-02-10 15:10:58,493:INFO:Epoch 38: Train Loss: 3754.5839, Train Node Loss: 1043.2039, Train Reg Loss: 27.1138, Train MAPE: 9.5424, Train R: 0.8016, Train RRSE: 0.6985, Test Loss: 3911.8831, Test Node Loss: 1044.6967, Test Reg Loss: 28.6719, Test MAPE: 9.7461, Test R: 0.8446, Test RRSE: 0.6931
2025-02-10 15:11:14,861:INFO:Epoch 39: Train Loss: 3684.6287, Train Node Loss: 1052.8815, Train Reg Loss: 26.3175, Train MAPE: 9.7259, Train R: 0.7999, Train RRSE: 0.6882, Test Loss: 3845.4700, Test Node Loss: 1055.5006, Test Reg Loss: 27.8997, Test MAPE: 9.9022, Test R: 0.8420, Test RRSE: 0.6837
2025-02-10 15:11:31,502:INFO:Epoch 40: Train Loss: 3842.1132, Train Node Loss: 1043.3694, Train Reg Loss: 27.9874, Train MAPE: 9.6717, Train R: 0.7722, Train RRSE: 0.7096, Test Loss: 3869.6042, Test Node Loss: 1025.9570, Test Reg Loss: 28.4365, Test MAPE: 9.6819, Test R: 0.8402, Test RRSE: 0.6903
2025-02-10 15:11:48,115:INFO:Epoch 41: Train Loss: 3613.8750, Train Node Loss: 1028.1784, Train Reg Loss: 25.8570, Train MAPE: 9.6693, Train R: 0.8005, Train RRSE: 0.6821, Test Loss: 3778.5240, Test Node Loss: 1034.9961, Test Reg Loss: 27.4353, Test MAPE: 9.8999, Test R: 0.8380, Test RRSE: 0.6780
2025-02-10 15:12:04,432:INFO:Epoch 42: Train Loss: 3629.2199, Train Node Loss: 1041.0578, Train Reg Loss: 25.8816, Train MAPE: 9.8412, Train R: 0.7859, Train RRSE: 0.6824, Test Loss: 3721.7467, Test Node Loss: 1041.5884, Test Reg Loss: 26.8016, Test MAPE: 9.8796, Test R: 0.8359, Test RRSE: 0.6701
2025-02-10 15:12:21,080:INFO:Epoch 43: Train Loss: 3500.2267, Train Node Loss: 1035.1194, Train Reg Loss: 24.6511, Train MAPE: 9.8486, Train R: 0.8066, Train RRSE: 0.6660, Test Loss: 3728.4227, Test Node Loss: 1017.7186, Test Reg Loss: 27.1070, Test MAPE: 9.8219, Test R: 0.8350, Test RRSE: 0.6739
2025-02-10 15:12:37,667:INFO:Epoch 44: Train Loss: 3568.5542, Train Node Loss: 1009.4697, Train Reg Loss: 25.5908, Train MAPE: 9.7617, Train R: 0.7894, Train RRSE: 0.6786, Test Loss: 3731.0419, Test Node Loss: 1003.4499, Test Reg Loss: 27.2759, Test MAPE: 9.8597, Test R: 0.8339, Test RRSE: 0.6760
2025-02-10 15:12:54,258:INFO:Epoch 45: Train Loss: 3586.0495, Train Node Loss: 998.7059, Train Reg Loss: 25.8734, Train MAPE: 9.7573, Train R: 0.7815, Train RRSE: 0.6823, Test Loss: 3654.0672, Test Node Loss: 1007.1310, Test Reg Loss: 26.4694, Test MAPE: 9.9850, Test R: 0.8328, Test RRSE: 0.6660
2025-02-10 15:13:10,898:INFO:Epoch 46: Train Loss: 3552.6389, Train Node Loss: 1018.6023, Train Reg Loss: 25.3404, Train MAPE: 10.0049, Train R: 0.7804, Train RRSE: 0.6753, Test Loss: 3573.7392, Test Node Loss: 1027.0125, Test Reg Loss: 25.4673, Test MAPE: 10.1409, Test R: 0.8322, Test RRSE: 0.6532
2025-02-10 15:13:27,542:INFO:Epoch 47: Train Loss: 3439.9016, Train Node Loss: 1013.1185, Train Reg Loss: 24.2678, Train MAPE: 10.0555, Train R: 0.7952, Train RRSE: 0.6608, Test Loss: 3624.7628, Test Node Loss: 990.0444, Test Reg Loss: 26.3472, Test MAPE: 9.9409, Test R: 0.8324, Test RRSE: 0.6644
2025-02-10 15:13:44,199:INFO:Epoch 48: Train Loss: 3350.1616, Train Node Loss: 980.6694, Train Reg Loss: 23.6949, Train MAPE: 9.8961, Train R: 0.8021, Train RRSE: 0.6530, Test Loss: 3628.5488, Test Node Loss: 976.7854, Test Reg Loss: 26.5176, Test MAPE: 9.9373, Test R: 0.8328, Test RRSE: 0.6666
2025-02-10 15:14:00,819:INFO:Epoch 49: Train Loss: 3316.5421, Train Node Loss: 972.7167, Train Reg Loss: 23.4383, Train MAPE: 9.9425, Train R: 0.8049, Train RRSE: 0.6494, Test Loss: 3549.7069, Test Node Loss: 978.9937, Test Reg Loss: 25.7071, Test MAPE: 10.0056, Test R: 0.8329, Test RRSE: 0.6563
2025-02-10 15:14:17,435:INFO:Epoch 50: Train Loss: 3399.1137, Train Node Loss: 980.4075, Train Reg Loss: 24.1871, Train MAPE: 10.0275, Train R: 0.7875, Train RRSE: 0.6597, Test Loss: 3480.6228, Test Node Loss: 981.8014, Test Reg Loss: 24.9882, Test MAPE: 9.9773, Test R: 0.8329, Test RRSE: 0.6471
2025-02-10 15:14:34,051:INFO:Epoch 51: Train Loss: 3327.1473, Train Node Loss: 975.7494, Train Reg Loss: 23.5140, Train MAPE: 10.0285, Train R: 0.7977, Train RRSE: 0.6505, Test Loss: 3514.2411, Test Node Loss: 957.9810, Test Reg Loss: 25.5626, Test MAPE: 10.0542, Test R: 0.8331, Test RRSE: 0.6545
2025-02-10 15:14:50,412:INFO:Epoch 52: Train Loss: 3297.5963, Train Node Loss: 952.8974, Train Reg Loss: 23.4470, Train MAPE: 10.0045, Train R: 0.7984, Train RRSE: 0.6495, Test Loss: 3523.2514, Test Node Loss: 944.6138, Test Reg Loss: 25.7864, Test MAPE: 10.0314, Test R: 0.8334, Test RRSE: 0.6573
2025-02-10 15:15:06,785:INFO:Epoch 53: Train Loss: 3269.4055, Train Node Loss: 946.4793, Train Reg Loss: 23.2293, Train MAPE: 10.0232, Train R: 0.7973, Train RRSE: 0.6465, Test Loss: 3469.8268, Test Node Loss: 941.8956, Test Reg Loss: 25.2793, Test MAPE: 10.1012, Test R: 0.8339, Test RRSE: 0.6508
2025-02-10 15:15:23,371:INFO:Epoch 54: Train Loss: 3356.8622, Train Node Loss: 941.5740, Train Reg Loss: 24.1529, Train MAPE: 10.0002, Train R: 0.7828, Train RRSE: 0.6592, Test Loss: 3465.6305, Test Node Loss: 932.0322, Test Reg Loss: 25.3360, Test MAPE: 10.0780, Test R: 0.8346, Test RRSE: 0.6515
2025-02-10 15:15:39,765:INFO:Epoch 55: Train Loss: 3226.6450, Train Node Loss: 943.5514, Train Reg Loss: 22.8309, Train MAPE: 10.1329, Train R: 0.8006, Train RRSE: 0.6410, Test Loss: 3354.7284, Test Node Loss: 940.6267, Test Reg Loss: 24.1410, Test MAPE: 10.1384, Test R: 0.8350, Test RRSE: 0.6360
2025-02-10 15:15:56,387:INFO:Epoch 56: Train Loss: 3148.8290, Train Node Loss: 938.0784, Train Reg Loss: 22.1075, Train MAPE: 10.1694, Train R: 0.8100, Train RRSE: 0.6307, Test Loss: 3438.6535, Test Node Loss: 913.5335, Test Reg Loss: 25.2512, Test MAPE: 10.0887, Test R: 0.8359, Test RRSE: 0.6505
2025-02-10 15:16:12,740:INFO:Epoch 57: Train Loss: 3159.1053, Train Node Loss: 912.3808, Train Reg Loss: 22.4672, Train MAPE: 10.0213, Train R: 0.8073, Train RRSE: 0.6358, Test Loss: 3480.5877, Test Node Loss: 897.6209, Test Reg Loss: 25.8297, Test MAPE: 10.0453, Test R: 0.8368, Test RRSE: 0.6579
2025-02-10 15:16:29,057:INFO:Epoch 58: Train Loss: 3085.1466, Train Node Loss: 913.6397, Train Reg Loss: 21.7151, Train MAPE: 10.1182, Train R: 0.8147, Train RRSE: 0.6251, Test Loss: 3314.0318, Test Node Loss: 910.1376, Test Reg Loss: 24.0389, Test MAPE: 10.1407, Test R: 0.8372, Test RRSE: 0.6346
2025-02-10 15:16:45,302:INFO:Epoch 59: Train Loss: 3130.3318, Train Node Loss: 915.9532, Train Reg Loss: 22.1438, Train MAPE: 10.2300, Train R: 0.8045, Train RRSE: 0.6312, Test Loss: 3362.4740, Test Node Loss: 891.8042, Test Reg Loss: 24.7067, Test MAPE: 9.9653, Test R: 0.8379, Test RRSE: 0.6434
2025-02-10 15:17:01,916:INFO:Epoch 60: Train Loss: 3045.4546, Train Node Loss: 893.1107, Train Reg Loss: 21.5234, Train MAPE: 10.1478, Train R: 0.8138, Train RRSE: 0.6223, Test Loss: 3420.8729, Test Node Loss: 874.5526, Test Reg Loss: 25.4632, Test MAPE: 10.1255, Test R: 0.8391, Test RRSE: 0.6532
2025-02-10 15:17:18,315:INFO:Epoch 61: Train Loss: 3125.9706, Train Node Loss: 893.3229, Train Reg Loss: 22.3265, Train MAPE: 10.1834, Train R: 0.8005, Train RRSE: 0.6338, Test Loss: 3269.2636, Test Node Loss: 883.7378, Test Reg Loss: 23.8553, Test MAPE: 10.1738, Test R: 0.8399, Test RRSE: 0.6322
2025-02-10 15:17:34,710:INFO:Epoch 62: Train Loss: 3069.9185, Train Node Loss: 892.2508, Train Reg Loss: 21.7767, Train MAPE: 10.2588, Train R: 0.8075, Train RRSE: 0.6260, Test Loss: 3351.0891, Test Node Loss: 862.2011, Test Reg Loss: 24.8889, Test MAPE: 10.1444, Test R: 0.8409, Test RRSE: 0.6458
2025-02-10 15:17:51,375:INFO:Epoch 63: Train Loss: 3121.5258, Train Node Loss: 856.5543, Train Reg Loss: 22.6497, Train MAPE: 10.0379, Train R: 0.8037, Train RRSE: 0.6384, Test Loss: 3505.8019, Test Node Loss: 839.6493, Test Reg Loss: 26.6615, Test MAPE: 10.1494, Test R: 0.8423, Test RRSE: 0.6684
2025-02-10 15:18:08,019:INFO:Epoch 64: Train Loss: 3029.6365, Train Node Loss: 858.7403, Train Reg Loss: 21.7090, Train MAPE: 10.1301, Train R: 0.8118, Train RRSE: 0.6250, Test Loss: 3200.2452, Test Node Loss: 863.1611, Test Reg Loss: 23.3708, Test MAPE: 10.1261, Test R: 0.8437, Test RRSE: 0.6258
2025-02-10 15:18:24,429:INFO:Epoch 65: Train Loss: 2965.6938, Train Node Loss: 877.6522, Train Reg Loss: 20.8804, Train MAPE: 10.3629, Train R: 0.8177, Train RRSE: 0.6130, Test Loss: 3166.6760, Test Node Loss: 858.5993, Test Reg Loss: 23.0808, Test MAPE: 10.1947, Test R: 0.8446, Test RRSE: 0.6219
2025-02-10 15:18:40,951:INFO:Epoch 66: Train Loss: 2987.0449, Train Node Loss: 860.6677, Train Reg Loss: 21.2638, Train MAPE: 10.2576, Train R: 0.8125, Train RRSE: 0.6186, Test Loss: 3348.3211, Test Node Loss: 826.8097, Test Reg Loss: 25.2151, Test MAPE: 10.1697, Test R: 0.8456, Test RRSE: 0.6500
2025-02-10 15:18:57,697:INFO:Epoch 67: Train Loss: 2926.2923, Train Node Loss: 837.4054, Train Reg Loss: 20.8889, Train MAPE: 10.1453, Train R: 0.8191, Train RRSE: 0.6131, Test Loss: 3329.4576, Test Node Loss: 818.1528, Test Reg Loss: 25.1130, Test MAPE: 10.1928, Test R: 0.8462, Test RRSE: 0.6487
2025-02-10 15:19:14,300:INFO:Epoch 68: Train Loss: 2908.1572, Train Node Loss: 838.0430, Train Reg Loss: 20.7011, Train MAPE: 10.2249, Train R: 0.8192, Train RRSE: 0.6103, Test Loss: 3138.7312, Test Node Loss: 828.4579, Test Reg Loss: 23.1027, Test MAPE: 10.2323, Test R: 0.8469, Test RRSE: 0.6222
2025-02-10 15:19:30,860:INFO:Epoch 69: Train Loss: 2974.1119, Train Node Loss: 833.7698, Train Reg Loss: 21.4034, Train MAPE: 10.2429, Train R: 0.8097, Train RRSE: 0.6206, Test Loss: 3224.5145, Test Node Loss: 809.7464, Test Reg Loss: 24.1477, Test MAPE: 10.1403, Test R: 0.8477, Test RRSE: 0.6361
2025-02-10 15:19:47,551:INFO:Epoch 70: Train Loss: 2834.8203, Train Node Loss: 822.4491, Train Reg Loss: 20.1237, Train MAPE: 10.2597, Train R: 0.8263, Train RRSE: 0.6018, Test Loss: 3129.5806, Test Node Loss: 809.5844, Test Reg Loss: 23.2000, Test MAPE: 10.1250, Test R: 0.8488, Test RRSE: 0.6235
2025-02-10 15:20:04,213:INFO:Epoch 71: Train Loss: 2901.5589, Train Node Loss: 819.4543, Train Reg Loss: 20.8210, Train MAPE: 10.2491, Train R: 0.8156, Train RRSE: 0.6121, Test Loss: 3124.4793, Test Node Loss: 800.5811, Test Reg Loss: 23.2390, Test MAPE: 10.2240, Test R: 0.8497, Test RRSE: 0.6240
2025-02-10 15:20:20,575:INFO:Epoch 72: Train Loss: 2922.5454, Train Node Loss: 821.3992, Train Reg Loss: 21.0115, Train MAPE: 10.3373, Train R: 0.8126, Train RRSE: 0.6149, Test Loss: 3140.1597, Test Node Loss: 792.1162, Test Reg Loss: 23.4804, Test MAPE: 10.0794, Test R: 0.8506, Test RRSE: 0.6272
2025-02-10 15:20:37,198:INFO:Epoch 73: Train Loss: 2941.0051, Train Node Loss: 802.9825, Train Reg Loss: 21.3802, Train MAPE: 10.1508, Train R: 0.8109, Train RRSE: 0.6203, Test Loss: 3187.1583, Test Node Loss: 779.3840, Test Reg Loss: 24.0777, Test MAPE: 10.2016, Test R: 0.8514, Test RRSE: 0.6352
2025-02-10 15:20:53,600:INFO:Epoch 74: Train Loss: 2892.7751, Train Node Loss: 805.5731, Train Reg Loss: 20.8720, Train MAPE: 10.3194, Train R: 0.8153, Train RRSE: 0.6128, Test Loss: 3055.9517, Test Node Loss: 782.0912, Test Reg Loss: 22.7386, Test MAPE: 10.2405, Test R: 0.8520, Test RRSE: 0.6172
2025-02-10 15:21:10,248:INFO:Epoch 75: Train Loss: 2848.2699, Train Node Loss: 788.5552, Train Reg Loss: 20.5971, Train MAPE: 10.2480, Train R: 0.8179, Train RRSE: 0.6088, Test Loss: 3233.2773, Test Node Loss: 757.9678, Test Reg Loss: 24.7531, Test MAPE: 10.2132, Test R: 0.8528, Test RRSE: 0.6440
2025-02-10 15:21:26,499:INFO:Epoch 76: Train Loss: 2801.5253, Train Node Loss: 774.9027, Train Reg Loss: 20.2662, Train MAPE: 10.2534, Train R: 0.8219, Train RRSE: 0.6039, Test Loss: 3050.4905, Test Node Loss: 764.2670, Test Reg Loss: 22.8622, Test MAPE: 10.2275, Test R: 0.8539, Test RRSE: 0.6189
2025-02-10 15:21:42,896:INFO:Epoch 77: Train Loss: 2750.4475, Train Node Loss: 784.5527, Train Reg Loss: 19.6589, Train MAPE: 10.4000, Train R: 0.8261, Train RRSE: 0.5948, Test Loss: 3002.0506, Test Node Loss: 761.8062, Test Reg Loss: 22.4024, Test MAPE: 10.2893, Test R: 0.8549, Test RRSE: 0.6127
2025-02-10 15:21:59,268:INFO:Epoch 78: Train Loss: 2926.7068, Train Node Loss: 783.4421, Train Reg Loss: 21.4326, Train MAPE: 10.3790, Train R: 0.8045, Train RRSE: 0.6210, Test Loss: 3076.3074, Test Node Loss: 745.8279, Test Reg Loss: 23.3048, Test MAPE: 10.2236, Test R: 0.8552, Test RRSE: 0.6249
2025-02-10 15:22:15,963:INFO:Epoch 79: Train Loss: 2732.9870, Train Node Loss: 755.8173, Train Reg Loss: 19.7717, Train MAPE: 10.2527, Train R: 0.8282, Train RRSE: 0.5965, Test Loss: 3216.5703, Test Node Loss: 727.5554, Test Reg Loss: 24.8901, Test MAPE: 10.2813, Test R: 0.8562, Test RRSE: 0.6458
2025-02-10 15:22:32,577:INFO:Epoch 80: Train Loss: 2665.0262, Train Node Loss: 748.5158, Train Reg Loss: 19.1651, Train MAPE: 10.2448, Train R: 0.8377, Train RRSE: 0.5872, Test Loss: 2990.4442, Test Node Loss: 736.9276, Test Reg Loss: 22.5352, Test MAPE: 10.3049, Test R: 0.8570, Test RRSE: 0.6145
2025-02-10 15:22:49,190:INFO:Epoch 81: Train Loss: 2727.4452, Train Node Loss: 755.0704, Train Reg Loss: 19.7237, Train MAPE: 10.3322, Train R: 0.8291, Train RRSE: 0.5957, Test Loss: 2887.1505, Test Node Loss: 739.0463, Test Reg Loss: 21.4810, Test MAPE: 10.3111, Test R: 0.8576, Test RRSE: 0.5999
2025-02-10 15:23:05,865:INFO:Epoch 82: Train Loss: 2641.2647, Train Node Loss: 751.1488, Train Reg Loss: 18.9012, Train MAPE: 10.4548, Train R: 0.8337, Train RRSE: 0.5832, Test Loss: 2977.6493, Test Node Loss: 721.5572, Test Reg Loss: 22.5609, Test MAPE: 10.3372, Test R: 0.8579, Test RRSE: 0.6148
2025-02-10 15:23:22,253:INFO:Epoch 83: Train Loss: 2715.7054, Train Node Loss: 740.1719, Train Reg Loss: 19.7553, Train MAPE: 10.3300, Train R: 0.8264, Train RRSE: 0.5962, Test Loss: 3045.3881, Test Node Loss: 708.5748, Test Reg Loss: 23.3681, Test MAPE: 10.2961, Test R: 0.8583, Test RRSE: 0.6257
2025-02-10 15:23:38,875:INFO:Epoch 84: Train Loss: 2676.4028, Train Node Loss: 728.7630, Train Reg Loss: 19.4764, Train MAPE: 10.3562, Train R: 0.8260, Train RRSE: 0.5920, Test Loss: 2882.1870, Test Node Loss: 715.2238, Test Reg Loss: 21.6696, Test MAPE: 10.3303, Test R: 0.8584, Test RRSE: 0.6026
2025-02-10 15:23:55,259:INFO:Epoch 85: Train Loss: 2640.9247, Train Node Loss: 734.1987, Train Reg Loss: 19.0673, Train MAPE: 10.4079, Train R: 0.8331, Train RRSE: 0.5857, Test Loss: 2969.2303, Test Node Loss: 701.1479, Test Reg Loss: 22.6808, Test MAPE: 10.3383, Test R: 0.8588, Test RRSE: 0.6165
2025-02-10 15:24:11,844:INFO:Epoch 86: Train Loss: 2665.9860, Train Node Loss: 719.7524, Train Reg Loss: 19.4623, Train MAPE: 10.3566, Train R: 0.8277, Train RRSE: 0.5918, Test Loss: 2968.1285, Test Node Loss: 693.8344, Test Reg Loss: 22.7429, Test MAPE: 10.3627, Test R: 0.8592, Test RRSE: 0.6173
2025-02-10 15:24:28,225:INFO:Epoch 87: Train Loss: 2592.6031, Train Node Loss: 713.2237, Train Reg Loss: 18.7938, Train MAPE: 10.3100, Train R: 0.8379, Train RRSE: 0.5815, Test Loss: 2867.7099, Test Node Loss: 693.8152, Test Reg Loss: 21.7389, Test MAPE: 10.3700, Test R: 0.8597, Test RRSE: 0.6035
2025-02-10 15:24:44,571:INFO:Epoch 88: Train Loss: 2579.6510, Train Node Loss: 716.8054, Train Reg Loss: 18.6285, Train MAPE: 10.4687, Train R: 0.8345, Train RRSE: 0.5790, Test Loss: 2835.1333, Test Node Loss: 689.4182, Test Reg Loss: 21.4572, Test MAPE: 10.3675, Test R: 0.8604, Test RRSE: 0.5996
2025-02-10 15:25:01,105:INFO:Epoch 89: Train Loss: 2663.9885, Train Node Loss: 692.4159, Train Reg Loss: 19.7157, Train MAPE: 10.4440, Train R: 0.8219, Train RRSE: 0.5956, Test Loss: 2959.3701, Test Node Loss: 673.5843, Test Reg Loss: 22.8579, Test MAPE: 10.3909, Test R: 0.8610, Test RRSE: 0.6189
2025-02-10 15:25:17,766:INFO:Epoch 90: Train Loss: 2618.7464, Train Node Loss: 711.7485, Train Reg Loss: 19.0700, Train MAPE: 10.5524, Train R: 0.8280, Train RRSE: 0.5858, Test Loss: 2663.6117, Test Node Loss: 701.6616, Test Reg Loss: 19.6195, Test MAPE: 10.4992, Test R: 0.8616, Test RRSE: 0.5733
2025-02-10 15:25:34,193:INFO:Epoch 91: Train Loss: 2541.3002, Train Node Loss: 705.5578, Train Reg Loss: 18.3574, Train MAPE: 10.5653, Train R: 0.8376, Train RRSE: 0.5747, Test Loss: 3096.0232, Test Node Loss: 655.4439, Test Reg Loss: 24.4058, Test MAPE: 10.4043, Test R: 0.8620, Test RRSE: 0.6395
2025-02-10 15:25:50,818:INFO:Epoch 92: Train Loss: 2580.6646, Train Node Loss: 675.3016, Train Reg Loss: 19.0536, Train MAPE: 10.3416, Train R: 0.8333, Train RRSE: 0.5855, Test Loss: 3073.2866, Test Node Loss: 649.9278, Test Reg Loss: 24.2336, Test MAPE: 10.3685, Test R: 0.8628, Test RRSE: 0.6372
2025-02-10 15:26:07,419:INFO:Epoch 93: Train Loss: 2606.0470, Train Node Loss: 683.7375, Train Reg Loss: 19.2231, Train MAPE: 10.4958, Train R: 0.8263, Train RRSE: 0.5881, Test Loss: 2707.0302, Test Node Loss: 672.1585, Test Reg Loss: 20.3487, Test MAPE: 10.4140, Test R: 0.8640, Test RRSE: 0.5839
2025-02-10 15:26:23,776:INFO:Epoch 94: Train Loss: 2496.0497, Train Node Loss: 684.2071, Train Reg Loss: 18.1184, Train MAPE: 10.5217, Train R: 0.8401, Train RRSE: 0.5710, Test Loss: 2832.6718, Test Node Loss: 653.3622, Test Reg Loss: 21.7931, Test MAPE: 10.4324, Test R: 0.8640, Test RRSE: 0.6043
2025-02-10 15:26:40,394:INFO:Epoch 95: Train Loss: 2616.0928, Train Node Loss: 664.8190, Train Reg Loss: 19.5127, Train MAPE: 10.2681, Train R: 0.8258, Train RRSE: 0.5925, Test Loss: 2877.8907, Test Node Loss: 643.2166, Test Reg Loss: 22.3467, Test MAPE: 10.3846, Test R: 0.8645, Test RRSE: 0.6119
2025-02-10 15:26:56,744:INFO:Epoch 96: Train Loss: 2544.1599, Train Node Loss: 671.4406, Train Reg Loss: 18.7272, Train MAPE: 10.5149, Train R: 0.8315, Train RRSE: 0.5805, Test Loss: 2681.7013, Test Node Loss: 652.7541, Test Reg Loss: 20.2895, Test MAPE: 10.4703, Test R: 0.8648, Test RRSE: 0.5831
2025-02-10 15:27:13,455:INFO:Epoch 97: Train Loss: 2488.7726, Train Node Loss: 659.8860, Train Reg Loss: 18.2889, Train MAPE: 10.4485, Train R: 0.8376, Train RRSE: 0.5737, Test Loss: 2943.3553, Test Node Loss: 627.0360, Test Reg Loss: 23.1632, Test MAPE: 10.4267, Test R: 0.8650, Test RRSE: 0.6230
2025-02-10 15:27:30,135:INFO:Epoch 98: Train Loss: 2628.0215, Train Node Loss: 644.1504, Train Reg Loss: 19.8387, Train MAPE: 10.2840, Train R: 0.8222, Train RRSE: 0.5975, Test Loss: 2812.2526, Test Node Loss: 628.2359, Test Reg Loss: 21.8402, Test MAPE: 10.3937, Test R: 0.8655, Test RRSE: 0.6049
2025-02-10 15:27:46,558:INFO:Epoch 99: Train Loss: 2436.5257, Train Node Loss: 663.7624, Train Reg Loss: 17.7276, Train MAPE: 10.6679, Train R: 0.8426, Train RRSE: 0.5648, Test Loss: 2520.3615, Test Node Loss: 660.9842, Test Reg Loss: 18.5938, Test MAPE: 10.6000, Test R: 0.8666, Test RRSE: 0.5582
2025-02-10 15:28:02,917:INFO:Epoch 100: Train Loss: 2375.7394, Train Node Loss: 662.4500, Train Reg Loss: 17.1329, Train MAPE: 10.6249, Train R: 0.8534, Train RRSE: 0.5552, Test Loss: 2917.7854, Test Node Loss: 611.5813, Test Reg Loss: 23.0620, Test MAPE: 10.4705, Test R: 0.8667, Test RRSE: 0.6216
2025-02-10 15:28:19,289:INFO:Epoch 101: Train Loss: 2391.6032, Train Node Loss: 632.5938, Train Reg Loss: 17.5901, Train MAPE: 10.3932, Train R: 0.8500, Train RRSE: 0.5626, Test Loss: 2952.2026, Test Node Loss: 603.2552, Test Reg Loss: 23.4895, Test MAPE: 10.4787, Test R: 0.8667, Test RRSE: 0.6274
2025-02-10 15:28:35,996:INFO:Epoch 102: Train Loss: 2397.5674, Train Node Loss: 628.7223, Train Reg Loss: 17.6885, Train MAPE: 10.4571, Train R: 0.8449, Train RRSE: 0.5642, Test Loss: 2645.6434, Test Node Loss: 617.8081, Test Reg Loss: 20.2784, Test MAPE: 10.4751, Test R: 0.8670, Test RRSE: 0.5829
2025-02-10 15:28:52,412:INFO:Epoch 103: Train Loss: 2415.7208, Train Node Loss: 644.7439, Train Reg Loss: 17.7098, Train MAPE: 10.6690, Train R: 0.8429, Train RRSE: 0.5645, Test Loss: 2565.4524, Test Node Loss: 620.6408, Test Reg Loss: 19.4481, Test MAPE: 10.4984, Test R: 0.8675, Test RRSE: 0.5708
2025-02-10 15:29:08,753:INFO:Epoch 104: Train Loss: 2424.6250, Train Node Loss: 622.5353, Train Reg Loss: 18.0209, Train MAPE: 10.5070, Train R: 0.8389, Train RRSE: 0.5694, Test Loss: 2965.4273, Test Node Loss: 586.7972, Test Reg Loss: 23.7863, Test MAPE: 10.5265, Test R: 0.8676, Test RRSE: 0.6313
2025-02-10 15:29:25,453:INFO:Epoch 105: Train Loss: 2363.0863, Train Node Loss: 621.8457, Train Reg Loss: 17.4124, Train MAPE: 10.5676, Train R: 0.8438, Train RRSE: 0.5597, Test Loss: 2531.5507, Test Node Loss: 611.6700, Test Reg Loss: 19.1988, Test MAPE: 10.5433, Test R: 0.8680, Test RRSE: 0.5672
2025-02-10 15:29:42,127:INFO:Epoch 106: Train Loss: 2325.6183, Train Node Loss: 624.7695, Train Reg Loss: 17.0085, Train MAPE: 10.6409, Train R: 0.8473, Train RRSE: 0.5532, Test Loss: 2615.3410, Test Node Loss: 598.5050, Test Reg Loss: 20.1684, Test MAPE: 10.5093, Test R: 0.8685, Test RRSE: 0.5813
2025-02-10 15:29:58,465:INFO:Epoch 107: Train Loss: 2333.2586, Train Node Loss: 613.3274, Train Reg Loss: 17.1993, Train MAPE: 10.6008, Train R: 0.8455, Train RRSE: 0.5563, Test Loss: 2781.4588, Test Node Loss: 581.4302, Test Reg Loss: 22.0003, Test MAPE: 10.5195, Test R: 0.8686, Test RRSE: 0.6071
2025-02-10 15:30:15,042:INFO:Epoch 108: Train Loss: 2307.5866, Train Node Loss: 608.0323, Train Reg Loss: 16.9955, Train MAPE: 10.5210, Train R: 0.8495, Train RRSE: 0.5530, Test Loss: 2492.9324, Test Node Loss: 597.0249, Test Reg Loss: 18.9591, Test MAPE: 10.6042, Test R: 0.8693, Test RRSE: 0.5636
2025-02-10 15:30:31,715:INFO:Epoch 109: Train Loss: 2282.5127, Train Node Loss: 613.9034, Train Reg Loss: 16.6861, Train MAPE: 10.6728, Train R: 0.8518, Train RRSE: 0.5479, Test Loss: 2583.1252, Test Node Loss: 582.0859, Test Reg Loss: 20.0104, Test MAPE: 10.5725, Test R: 0.8704, Test RRSE: 0.5790
2025-02-10 15:30:48,328:INFO:Epoch 110: Train Loss: 2293.5131, Train Node Loss: 599.5888, Train Reg Loss: 16.9392, Train MAPE: 10.5987, Train R: 0.8479, Train RRSE: 0.5521, Test Loss: 2656.3719, Test Node Loss: 570.4384, Test Reg Loss: 20.8593, Test MAPE: 10.5370, Test R: 0.8706, Test RRSE: 0.5912
2025-02-10 15:31:05,004:INFO:Epoch 111: Train Loss: 2215.5515, Train Node Loss: 592.8164, Train Reg Loss: 16.2274, Train MAPE: 10.6196, Train R: 0.8566, Train RRSE: 0.5404, Test Loss: 2459.9561, Test Node Loss: 581.7546, Test Reg Loss: 18.7820, Test MAPE: 10.3954, Test R: 0.8715, Test RRSE: 0.5610
2025-02-10 15:31:21,363:INFO:Epoch 112: Train Loss: 2335.9306, Train Node Loss: 604.3126, Train Reg Loss: 17.3162, Train MAPE: 10.6731, Train R: 0.8468, Train RRSE: 0.5582, Test Loss: 2495.4624, Test Node Loss: 573.9088, Test Reg Loss: 19.2155, Test MAPE: 10.6148, Test R: 0.8721, Test RRSE: 0.5674
2025-02-10 15:31:37,961:INFO:Epoch 113: Train Loss: 2256.7799, Train Node Loss: 583.0887, Train Reg Loss: 16.7369, Train MAPE: 10.5717, Train R: 0.8515, Train RRSE: 0.5488, Test Loss: 2807.8377, Test Node Loss: 549.9729, Test Reg Loss: 22.5786, Test MAPE: 10.5840, Test R: 0.8725, Test RRSE: 0.6151
2025-02-10 15:31:54,261:INFO:Epoch 114: Train Loss: 2316.3134, Train Node Loss: 573.8179, Train Reg Loss: 17.4250, Train MAPE: 10.5573, Train R: 0.8449, Train RRSE: 0.5599, Test Loss: 2449.0372, Test Node Loss: 569.0463, Test Reg Loss: 18.7999, Test MAPE: 10.6335, Test R: 0.8728, Test RRSE: 0.5612
2025-02-10 15:32:10,618:INFO:Epoch 115: Train Loss: 2186.5240, Train Node Loss: 592.6543, Train Reg Loss: 15.9387, Train MAPE: 10.7789, Train R: 0.8601, Train RRSE: 0.5355, Test Loss: 2374.2137, Test Node Loss: 572.4826, Test Reg Loss: 18.0173, Test MAPE: 10.6669, Test R: 0.8731, Test RRSE: 0.5494
2025-02-10 15:32:26,879:INFO:Epoch 116: Train Loss: 2248.0768, Train Node Loss: 581.6127, Train Reg Loss: 16.6646, Train MAPE: 10.6538, Train R: 0.8489, Train RRSE: 0.5476, Test Loss: 2653.7568, Test Node Loss: 545.0238, Test Reg Loss: 21.0873, Test MAPE: 10.5528, Test R: 0.8735, Test RRSE: 0.5944
2025-02-10 15:32:43,359:INFO:Epoch 117: Train Loss: 2191.8250, Train Node Loss: 562.3059, Train Reg Loss: 16.2952, Train MAPE: 10.5958, Train R: 0.8589, Train RRSE: 0.5415, Test Loss: 2517.1068, Test Node Loss: 549.5594, Test Reg Loss: 19.6755, Test MAPE: 10.5673, Test R: 0.8742, Test RRSE: 0.5742
2025-02-10 15:32:59,811:INFO:Epoch 118: Train Loss: 2201.3368, Train Node Loss: 575.9392, Train Reg Loss: 16.2540, Train MAPE: 10.7351, Train R: 0.8542, Train RRSE: 0.5408, Test Loss: 2316.8439, Test Node Loss: 565.2561, Test Reg Loss: 17.5159, Test MAPE: 10.7285, Test R: 0.8747, Test RRSE: 0.5417
2025-02-10 15:33:15,942:INFO:Epoch 119: Train Loss: 2214.9117, Train Node Loss: 566.4692, Train Reg Loss: 16.4844, Train MAPE: 10.6928, Train R: 0.8507, Train RRSE: 0.5446, Test Loss: 2669.4818, Test Node Loss: 533.2873, Test Reg Loss: 21.3619, Test MAPE: 10.6504, Test R: 0.8751, Test RRSE: 0.5983
2025-02-10 15:33:32,394:INFO:Epoch 120: Train Loss: 2180.6458, Train Node Loss: 554.1470, Train Reg Loss: 16.2650, Train MAPE: 10.5413, Train R: 0.8586, Train RRSE: 0.5410, Test Loss: 2378.3673, Test Node Loss: 548.7739, Test Reg Loss: 18.2959, Test MAPE: 10.5803, Test R: 0.8760, Test RRSE: 0.5537
2025-02-10 15:33:48,774:INFO:Epoch 121: Train Loss: 2185.8195, Train Node Loss: 575.8333, Train Reg Loss: 16.0999, Train MAPE: 10.9122, Train R: 0.8570, Train RRSE: 0.5382, Test Loss: 2292.2478, Test Node Loss: 554.7406, Test Reg Loss: 17.3751, Test MAPE: 10.5507, Test R: 0.8763, Test RRSE: 0.5396
2025-02-10 15:34:05,188:INFO:Epoch 122: Train Loss: 2319.1010, Train Node Loss: 553.6749, Train Reg Loss: 17.6543, Train MAPE: 10.6270, Train R: 0.8363, Train RRSE: 0.5636, Test Loss: 2593.3565, Test Node Loss: 527.7927, Test Reg Loss: 20.6556, Test MAPE: 10.6610, Test R: 0.8767, Test RRSE: 0.5883
2025-02-10 15:34:21,504:INFO:Epoch 123: Train Loss: 2174.0555, Train Node Loss: 549.0431, Train Reg Loss: 16.2501, Train MAPE: 10.6874, Train R: 0.8538, Train RRSE: 0.5407, Test Loss: 2275.6985, Test Node Loss: 546.5608, Test Reg Loss: 17.2914, Test MAPE: 10.7209, Test R: 0.8773, Test RRSE: 0.5383
2025-02-10 15:34:37,922:INFO:Epoch 124: Train Loss: 2195.9278, Train Node Loss: 562.4848, Train Reg Loss: 16.3344, Train MAPE: 10.8320, Train R: 0.8526, Train RRSE: 0.5421, Test Loss: 2356.5400, Test Node Loss: 533.5019, Test Reg Loss: 18.2304, Test MAPE: 10.6911, Test R: 0.8778, Test RRSE: 0.5527
2025-02-10 15:34:54,344:INFO:Epoch 125: Train Loss: 2207.1630, Train Node Loss: 548.0334, Train Reg Loss: 16.5913, Train MAPE: 10.6553, Train R: 0.8490, Train RRSE: 0.5464, Test Loss: 2606.9009, Test Node Loss: 513.4555, Test Reg Loss: 20.9345, Test MAPE: 10.6504, Test R: 0.8781, Test RRSE: 0.5923
2025-02-10 15:35:10,778:INFO:Epoch 126: Train Loss: 2108.7572, Train Node Loss: 534.0300, Train Reg Loss: 15.7473, Train MAPE: 10.6043, Train R: 0.8633, Train RRSE: 0.5323, Test Loss: 2226.2965, Test Node Loss: 536.2665, Test Reg Loss: 16.9003, Test MAPE: 10.7305, Test R: 0.8787, Test RRSE: 0.5321
2025-02-10 15:35:26,965:INFO:Epoch 127: Train Loss: 2186.7378, Train Node Loss: 550.7065, Train Reg Loss: 16.3603, Train MAPE: 10.7965, Train R: 0.8525, Train RRSE: 0.5426, Test Loss: 2278.5288, Test Node Loss: 527.1612, Test Reg Loss: 17.5137, Test MAPE: 10.7368, Test R: 0.8794, Test RRSE: 0.5417
2025-02-10 15:35:43,429:INFO:Epoch 128: Train Loss: 2017.8132, Train Node Loss: 540.2830, Train Reg Loss: 14.7753, Train MAPE: 10.7534, Train R: 0.8687, Train RRSE: 0.5156, Test Loss: 2282.2324, Test Node Loss: 521.6872, Test Reg Loss: 17.6055, Test MAPE: 10.7634, Test R: 0.8798, Test RRSE: 0.5431
2025-02-10 15:35:59,871:INFO:Epoch 129: Train Loss: 2078.8201, Train Node Loss: 531.7807, Train Reg Loss: 15.4704, Train MAPE: 10.7837, Train R: 0.8604, Train RRSE: 0.5276, Test Loss: 2240.1583, Test Node Loss: 519.4945, Test Reg Loss: 17.2066, Test MAPE: 10.6254, Test R: 0.8801, Test RRSE: 0.5369
2025-02-10 15:36:16,266:INFO:Epoch 130: Train Loss: 2069.2573, Train Node Loss: 533.4968, Train Reg Loss: 15.3576, Train MAPE: 10.8323, Train R: 0.8601, Train RRSE: 0.5257, Test Loss: 2191.1787, Test Node Loss: 519.9972, Test Reg Loss: 16.7118, Test MAPE: 10.7924, Test R: 0.8802, Test RRSE: 0.5292
2025-02-10 15:36:32,543:INFO:Epoch 131: Train Loss: 2042.8744, Train Node Loss: 526.7682, Train Reg Loss: 15.1611, Train MAPE: 10.7513, Train R: 0.8636, Train RRSE: 0.5223, Test Loss: 2210.4676, Test Node Loss: 514.3827, Test Reg Loss: 16.9608, Test MAPE: 10.8152, Test R: 0.8808, Test RRSE: 0.5331
2025-02-10 15:36:48,942:INFO:Epoch 132: Train Loss: 2082.4294, Train Node Loss: 535.7355, Train Reg Loss: 15.4669, Train MAPE: 10.8622, Train R: 0.8621, Train RRSE: 0.5276, Test Loss: 2217.0814, Test Node Loss: 510.3927, Test Reg Loss: 17.0669, Test MAPE: 10.8582, Test R: 0.8813, Test RRSE: 0.5348
2025-02-10 15:37:05,384:INFO:Epoch 133: Train Loss: 2061.8002, Train Node Loss: 513.9027, Train Reg Loss: 15.4790, Train MAPE: 10.6660, Train R: 0.8631, Train RRSE: 0.5278, Test Loss: 2390.6274, Test Node Loss: 495.8493, Test Reg Loss: 18.9478, Test MAPE: 10.7993, Test R: 0.8813, Test RRSE: 0.5634
2025-02-10 15:37:21,814:INFO:Epoch 134: Train Loss: 2080.8674, Train Node Loss: 528.2744, Train Reg Loss: 15.5259, Train MAPE: 10.9251, Train R: 0.8578, Train RRSE: 0.5286, Test Loss: 2089.8682, Test Node Loss: 521.4319, Test Reg Loss: 15.6844, Test MAPE: 10.7513, Test R: 0.8819, Test RRSE: 0.5126
2025-02-10 15:37:37,976:INFO:Epoch 135: Train Loss: 2057.3415, Train Node Loss: 514.6732, Train Reg Loss: 15.4267, Train MAPE: 10.8395, Train R: 0.8586, Train RRSE: 0.5269, Test Loss: 2473.2144, Test Node Loss: 487.4053, Test Reg Loss: 19.8581, Test MAPE: 10.8422, Test R: 0.8823, Test RRSE: 0.5768
2025-02-10 15:37:54,197:INFO:Epoch 136: Train Loss: 2087.6086, Train Node Loss: 517.6880, Train Reg Loss: 15.6992, Train MAPE: 10.9036, Train R: 0.8549, Train RRSE: 0.5315, Test Loss: 2058.2829, Test Node Loss: 517.6799, Test Reg Loss: 15.4060, Test MAPE: 11.0113, Test R: 0.8829, Test RRSE: 0.5081
2025-02-10 15:38:10,520:INFO:Epoch 137: Train Loss: 1995.5163, Train Node Loss: 506.9552, Train Reg Loss: 14.8856, Train MAPE: 10.8856, Train R: 0.8645, Train RRSE: 0.5175, Test Loss: 2403.0175, Test Node Loss: 482.6318, Test Reg Loss: 19.2039, Test MAPE: 10.7842, Test R: 0.8829, Test RRSE: 0.5672
2025-02-10 15:38:26,968:INFO:Epoch 138: Train Loss: 2072.6793, Train Node Loss: 499.8334, Train Reg Loss: 15.7285, Train MAPE: 10.6510, Train R: 0.8587, Train RRSE: 0.5320, Test Loss: 2056.5023, Test Node Loss: 521.7184, Test Reg Loss: 15.3478, Test MAPE: 11.1303, Test R: 0.8832, Test RRSE: 0.5071
2025-02-10 15:38:43,365:INFO:Epoch 139: Train Loss: 2037.4677, Train Node Loss: 522.8789, Train Reg Loss: 15.1459, Train MAPE: 11.0945, Train R: 0.8696, Train RRSE: 0.5220, Test Loss: 2048.2506, Test Node Loss: 501.9101, Test Reg Loss: 15.4634, Test MAPE: 10.9829, Test R: 0.8837, Test RRSE: 0.5090
2025-02-10 15:38:59,794:INFO:Epoch 140: Train Loss: 2029.3935, Train Node Loss: 490.1240, Train Reg Loss: 15.3927, Train MAPE: 10.7923, Train R: 0.8624, Train RRSE: 0.5263, Test Loss: 2588.3937, Test Node Loss: 464.4244, Test Reg Loss: 21.2397, Test MAPE: 10.8002, Test R: 0.8835, Test RRSE: 0.5966
2025-02-10 15:39:16,253:INFO:Epoch 141: Train Loss: 1961.6341, Train Node Loss: 488.6659, Train Reg Loss: 14.7297, Train MAPE: 10.6841, Train R: 0.8702, Train RRSE: 0.5148, Test Loss: 2083.7964, Test Node Loss: 519.1064, Test Reg Loss: 15.6469, Test MAPE: 11.2527, Test R: 0.8839, Test RRSE: 0.5120
2025-02-10 15:39:32,389:INFO:Epoch 142: Train Loss: 2275.1792, Train Node Loss: 517.8975, Train Reg Loss: 17.5728, Train MAPE: 11.1407, Train R: 0.8506, Train RRSE: 0.5623, Test Loss: 2151.5390, Test Node Loss: 481.8545, Test Reg Loss: 16.6968, Test MAPE: 10.8801, Test R: 0.8840, Test RRSE: 0.5289
2025-02-10 15:39:48,836:INFO:Epoch 143: Train Loss: 1966.2214, Train Node Loss: 481.9337, Train Reg Loss: 14.8429, Train MAPE: 10.7619, Train R: 0.8707, Train RRSE: 0.5168, Test Loss: 2401.7546, Test Node Loss: 465.9112, Test Reg Loss: 19.3584, Test MAPE: 10.8311, Test R: 0.8839, Test RRSE: 0.5695
2025-02-10 15:40:04,983:INFO:Epoch 144: Train Loss: 2000.4029, Train Node Loss: 491.2828, Train Reg Loss: 15.0912, Train MAPE: 10.9529, Train R: 0.8611, Train RRSE: 0.5211, Test Loss: 1991.6687, Test Node Loss: 498.6017, Test Reg Loss: 14.9307, Test MAPE: 11.0463, Test R: 0.8842, Test RRSE: 0.5002
2025-02-10 15:40:21,154:INFO:Epoch 145: Train Loss: 1917.3558, Train Node Loss: 494.7592, Train Reg Loss: 14.2260, Train MAPE: 10.9983, Train R: 0.8719, Train RRSE: 0.5059, Test Loss: 2309.5960, Test Node Loss: 460.9822, Test Reg Loss: 18.4861, Test MAPE: 10.8869, Test R: 0.8842, Test RRSE: 0.5565
2025-02-10 15:40:37,618:INFO:Epoch 146: Train Loss: 1935.3974, Train Node Loss: 472.2708, Train Reg Loss: 14.6313, Train MAPE: 10.7212, Train R: 0.8724, Train RRSE: 0.5131, Test Loss: 2087.4511, Test Node Loss: 467.9124, Test Reg Loss: 16.1954, Test MAPE: 10.9514, Test R: 0.8846, Test RRSE: 0.5209
2025-02-10 15:40:54,029:INFO:Epoch 147: Train Loss: 1887.6376, Train Node Loss: 476.7807, Train Reg Loss: 14.1086, Train MAPE: 10.9100, Train R: 0.8722, Train RRSE: 0.5039, Test Loss: 1961.0223, Test Node Loss: 483.0115, Test Reg Loss: 14.7801, Test MAPE: 11.1331, Test R: 0.8851, Test RRSE: 0.4976
2025-02-10 15:41:10,494:INFO:Epoch 148: Train Loss: 1867.8925, Train Node Loss: 480.7872, Train Reg Loss: 13.8711, Train MAPE: 11.0399, Train R: 0.8758, Train RRSE: 0.4996, Test Loss: 1974.0928, Test Node Loss: 465.8411, Test Reg Loss: 15.0825, Test MAPE: 10.9987, Test R: 0.8853, Test RRSE: 0.5027
2025-02-10 15:41:26,604:INFO:Epoch 149: Train Loss: 1952.1074, Train Node Loss: 459.8584, Train Reg Loss: 14.9225, Train MAPE: 10.8020, Train R: 0.8659, Train RRSE: 0.5182, Test Loss: 2028.3452, Test Node Loss: 454.4390, Test Reg Loss: 15.7391, Test MAPE: 11.0026, Test R: 0.8855, Test RRSE: 0.5135
2025-02-10 15:41:42,988:INFO:Epoch 150: Train Loss: 1922.0302, Train Node Loss: 466.5311, Train Reg Loss: 14.5550, Train MAPE: 10.8794, Train R: 0.8667, Train RRSE: 0.5118, Test Loss: 1957.1628, Test Node Loss: 475.2670, Test Reg Loss: 14.8190, Test MAPE: 11.1816, Test R: 0.8858, Test RRSE: 0.4983
2025-02-10 15:41:59,478:INFO:Epoch 151: Train Loss: 1840.6792, Train Node Loss: 467.4769, Train Reg Loss: 13.7320, Train MAPE: 11.0196, Train R: 0.8773, Train RRSE: 0.4971, Test Loss: 2078.8075, Test Node Loss: 441.6028, Test Reg Loss: 16.3720, Test MAPE: 10.9128, Test R: 0.8862, Test RRSE: 0.5238
2025-02-10 15:42:15,699:INFO:Epoch 152: Train Loss: 1820.2204, Train Node Loss: 451.0547, Train Reg Loss: 13.6917, Train MAPE: 10.8586, Train R: 0.8787, Train RRSE: 0.4964, Test Loss: 1964.2651, Test Node Loss: 446.1873, Test Reg Loss: 15.1808, Test MAPE: 10.9560, Test R: 0.8863, Test RRSE: 0.5043
2025-02-10 15:42:32,167:INFO:Epoch 153: Train Loss: 1846.0003, Train Node Loss: 453.2862, Train Reg Loss: 13.9271, Train MAPE: 10.9488, Train R: 0.8730, Train RRSE: 0.5006, Test Loss: 1903.3555, Test Node Loss: 450.8430, Test Reg Loss: 14.5251, Test MAPE: 11.1010, Test R: 0.8864, Test RRSE: 0.4933
2025-02-10 15:42:48,536:INFO:Epoch 154: Train Loss: 1802.4749, Train Node Loss: 452.7897, Train Reg Loss: 13.4969, Train MAPE: 10.9600, Train R: 0.8792, Train RRSE: 0.4928, Test Loss: 2041.1029, Test Node Loss: 429.1564, Test Reg Loss: 16.1195, Test MAPE: 10.9877, Test R: 0.8867, Test RRSE: 0.5197
2025-02-10 15:43:05,178:INFO:Epoch 155: Train Loss: 1902.8791, Train Node Loss: 432.8462, Train Reg Loss: 14.7003, Train MAPE: 10.7976, Train R: 0.8709, Train RRSE: 0.5143, Test Loss: 1909.0265, Test Node Loss: 438.3406, Test Reg Loss: 14.7069, Test MAPE: 11.1087, Test R: 0.8869, Test RRSE: 0.4964
2025-02-10 15:43:22,070:INFO:Epoch 156: Train Loss: 1821.3525, Train Node Loss: 452.7716, Train Reg Loss: 13.6858, Train MAPE: 11.1131, Train R: 0.8789, Train RRSE: 0.4962, Test Loss: 1872.7382, Test Node Loss: 445.2329, Test Reg Loss: 14.2751, Test MAPE: 11.2144, Test R: 0.8871, Test RRSE: 0.4891
2025-02-10 15:43:38,991:INFO:Epoch 157: Train Loss: 1841.0475, Train Node Loss: 434.9686, Train Reg Loss: 14.0608, Train MAPE: 10.9712, Train R: 0.8717, Train RRSE: 0.5030, Test Loss: 2279.9316, Test Node Loss: 410.2626, Test Reg Loss: 18.6967, Test MAPE: 10.9714, Test R: 0.8871, Test RRSE: 0.5597
2025-02-10 15:43:55,880:INFO:Epoch 158: Train Loss: 1814.8222, Train Node Loss: 434.7475, Train Reg Loss: 13.8007, Train MAPE: 10.8931, Train R: 0.8741, Train RRSE: 0.4983, Test Loss: 1860.6703, Test Node Loss: 446.2594, Test Reg Loss: 14.1441, Test MAPE: 11.2555, Test R: 0.8874, Test RRSE: 0.4868
2025-02-10 15:44:12,478:INFO:Epoch 159: Train Loss: 1781.3624, Train Node Loss: 443.2410, Train Reg Loss: 13.3812, Train MAPE: 11.1015, Train R: 0.8806, Train RRSE: 0.4907, Test Loss: 2015.2362, Test Node Loss: 417.9316, Test Reg Loss: 15.9730, Test MAPE: 11.0639, Test R: 0.8876, Test RRSE: 0.5173
2025-02-10 15:44:29,183:INFO:Epoch 160: Train Loss: 1937.6666, Train Node Loss: 422.6131, Train Reg Loss: 15.1505, Train MAPE: 10.8234, Train R: 0.8609, Train RRSE: 0.5221, Test Loss: 2059.4757, Test Node Loss: 410.8005, Test Reg Loss: 16.4868, Test MAPE: 11.0808, Test R: 0.8881, Test RRSE: 0.5256
2025-02-10 15:44:45,804:INFO:Epoch 161: Train Loss: 1766.8543, Train Node Loss: 429.6873, Train Reg Loss: 13.3717, Train MAPE: 11.0397, Train R: 0.8777, Train RRSE: 0.4905, Test Loss: 1846.4228, Test Node Loss: 437.1843, Test Reg Loss: 14.0924, Test MAPE: 11.2633, Test R: 0.8883, Test RRSE: 0.4859
2025-02-10 15:45:02,644:INFO:Epoch 162: Train Loss: 1825.5558, Train Node Loss: 431.5330, Train Reg Loss: 13.9402, Train MAPE: 11.0969, Train R: 0.8727, Train RRSE: 0.5008, Test Loss: 2155.1493, Test Node Loss: 399.6850, Test Reg Loss: 17.5546, Test MAPE: 11.0329, Test R: 0.8882, Test RRSE: 0.5423
2025-02-10 15:45:19,192:INFO:Epoch 163: Train Loss: 1819.1771, Train Node Loss: 412.2022, Train Reg Loss: 14.0697, Train MAPE: 10.8954, Train R: 0.8742, Train RRSE: 0.5032, Test Loss: 1843.3961, Test Node Loss: 416.4548, Test Reg Loss: 14.2694, Test MAPE: 11.1036, Test R: 0.8883, Test RRSE: 0.4890
2025-02-10 15:45:35,765:INFO:Epoch 164: Train Loss: 1914.4767, Train Node Loss: 430.4639, Train Reg Loss: 14.8401, Train MAPE: 11.1712, Train R: 0.8674, Train RRSE: 0.5168, Test Loss: 1862.9694, Test Node Loss: 410.6729, Test Reg Loss: 14.5230, Test MAPE: 11.1664, Test R: 0.8885, Test RRSE: 0.4933
2025-02-10 15:45:52,536:INFO:Epoch 165: Train Loss: 1913.6105, Train Node Loss: 401.2410, Train Reg Loss: 15.1237, Train MAPE: 10.8127, Train R: 0.8681, Train RRSE: 0.5217, Test Loss: 2003.4228, Test Node Loss: 399.0855, Test Reg Loss: 16.0434, Test MAPE: 10.9674, Test R: 0.8888, Test RRSE: 0.5185
2025-02-10 15:46:09,379:INFO:Epoch 166: Train Loss: 1754.7247, Train Node Loss: 419.4047, Train Reg Loss: 13.3532, Train MAPE: 11.0408, Train R: 0.8798, Train RRSE: 0.4902, Test Loss: 1890.3777, Test Node Loss: 432.9049, Test Reg Loss: 14.5747, Test MAPE: 11.4296, Test R: 0.8885, Test RRSE: 0.4942
2025-02-10 15:46:26,300:INFO:Epoch 167: Train Loss: 1791.3298, Train Node Loss: 415.9674, Train Reg Loss: 13.7536, Train MAPE: 11.0772, Train R: 0.8747, Train RRSE: 0.4975, Test Loss: 2103.4086, Test Node Loss: 390.6693, Test Reg Loss: 17.1274, Test MAPE: 11.0191, Test R: 0.8886, Test RRSE: 0.5357
2025-02-10 15:46:43,201:INFO:Epoch 168: Train Loss: 1753.9143, Train Node Loss: 403.4744, Train Reg Loss: 13.5044, Train MAPE: 11.0094, Train R: 0.8770, Train RRSE: 0.4929, Test Loss: 1792.4260, Test Node Loss: 411.5438, Test Reg Loss: 13.8088, Test MAPE: 11.2820, Test R: 0.8887, Test RRSE: 0.4810
2025-02-10 15:46:59,812:INFO:Epoch 169: Train Loss: 1770.1536, Train Node Loss: 411.9314, Train Reg Loss: 13.5822, Train MAPE: 11.1019, Train R: 0.8766, Train RRSE: 0.4944, Test Loss: 1878.3709, Test Node Loss: 391.8797, Test Reg Loss: 14.8649, Test MAPE: 11.0438, Test R: 0.8889, Test RRSE: 0.4991
2025-02-10 15:47:16,629:INFO:Epoch 170: Train Loss: 1772.5069, Train Node Loss: 391.7208, Train Reg Loss: 13.8079, Train MAPE: 11.0038, Train R: 0.8753, Train RRSE: 0.4985, Test Loss: 1820.8035, Test Node Loss: 391.3180, Test Reg Loss: 14.2949, Test MAPE: 11.2076, Test R: 0.8892, Test RRSE: 0.4894
2025-02-10 15:47:16,672:INFO:Checkpoint saved at best_0.0008_0.001_256_SAGE_2_64_0.8892_epoch_170.pth
2025-02-10 15:47:33,445:INFO:Epoch 171: Train Loss: 1716.2348, Train Node Loss: 402.4855, Train Reg Loss: 13.1375, Train MAPE: 11.1509, Train R: 0.8814, Train RRSE: 0.4862, Test Loss: 1766.0730, Test Node Loss: 398.5010, Test Reg Loss: 13.6757, Test MAPE: 11.2644, Test R: 0.8894, Test RRSE: 0.4787
2025-02-10 15:47:33,467:INFO:Checkpoint saved at best_0.0008_0.001_256_SAGE_2_64_0.8894_epoch_171.pth
2025-02-10 15:47:49,973:INFO:Epoch 172: Train Loss: 1723.3586, Train Node Loss: 389.5162, Train Reg Loss: 13.3384, Train MAPE: 11.0294, Train R: 0.8777, Train RRSE: 0.4899, Test Loss: 1990.5206, Test Node Loss: 372.7399, Test Reg Loss: 16.1778, Test MAPE: 11.0874, Test R: 0.8894, Test RRSE: 0.5206
2025-02-10 15:47:50,005:INFO:Checkpoint saved at best_0.0008_0.001_256_SAGE_2_64_0.8894_epoch_172.pth
2025-02-10 15:48:06,876:INFO:Epoch 173: Train Loss: 1685.0262, Train Node Loss: 388.3781, Train Reg Loss: 12.9665, Train MAPE: 10.9638, Train R: 0.8807, Train RRSE: 0.4830, Test Loss: 1790.5254, Test Node Loss: 401.0901, Test Reg Loss: 13.8944, Test MAPE: 11.5117, Test R: 0.8892, Test RRSE: 0.4825
2025-02-10 15:48:23,443:INFO:Epoch 174: Train Loss: 1724.3267, Train Node Loss: 397.5320, Train Reg Loss: 13.2679, Train MAPE: 11.2853, Train R: 0.8800, Train RRSE: 0.4886, Test Loss: 2069.3146, Test Node Loss: 362.8409, Test Reg Loss: 17.0647, Test MAPE: 11.1082, Test R: 0.8896, Test RRSE: 0.5347
2025-02-10 15:48:23,480:INFO:Checkpoint saved at best_0.0008_0.001_256_SAGE_2_64_0.8896_epoch_174.pth
2025-02-10 15:48:40,334:INFO:Epoch 175: Train Loss: 1836.0735, Train Node Loss: 369.2467, Train Reg Loss: 14.6683, Train MAPE: 10.8553, Train R: 0.8784, Train RRSE: 0.5138, Test Loss: 1766.9101, Test Node Loss: 384.5049, Test Reg Loss: 13.8241, Test MAPE: 11.2613, Test R: 0.8900, Test RRSE: 0.4813
2025-02-10 15:48:40,367:INFO:Checkpoint saved at best_0.0008_0.001_256_SAGE_2_64_0.8900_epoch_175.pth
2025-02-10 15:48:57,283:INFO:Epoch 176: Train Loss: 1855.1391, Train Node Loss: 400.0484, Train Reg Loss: 14.5509, Train MAPE: 11.2154, Train R: 0.8721, Train RRSE: 0.5117, Test Loss: 1748.0796, Test Node Loss: 395.8826, Test Reg Loss: 13.5220, Test MAPE: 11.3952, Test R: 0.8901, Test RRSE: 0.4760
2025-02-10 15:48:57,311:INFO:Checkpoint saved at best_0.0008_0.001_256_SAGE_2_64_0.8901_epoch_176.pth
2025-02-10 15:49:14,075:INFO:Epoch 177: Train Loss: 1816.8068, Train Node Loss: 379.7868, Train Reg Loss: 14.3702, Train MAPE: 11.0199, Train R: 0.8677, Train RRSE: 0.5085, Test Loss: 2269.2349, Test Node Loss: 359.6688, Test Reg Loss: 19.0957, Test MAPE: 10.9999, Test R: 0.8899, Test RRSE: 0.5656
2025-02-10 15:49:30,647:INFO:Epoch 178: Train Loss: 1680.5198, Train Node Loss: 379.3076, Train Reg Loss: 13.0121, Train MAPE: 10.9217, Train R: 0.8828, Train RRSE: 0.4839, Test Loss: 1811.2619, Test Node Loss: 400.3999, Test Reg Loss: 14.1086, Test MAPE: 11.6463, Test R: 0.8901, Test RRSE: 0.4862
2025-02-10 15:49:30,674:INFO:Checkpoint saved at best_0.0008_0.001_256_SAGE_2_64_0.8901_epoch_178.pth
2025-02-10 15:49:47,199:INFO:Epoch 179: Train Loss: 1744.5139, Train Node Loss: 394.1432, Train Reg Loss: 13.5037, Train MAPE: 11.3832, Train R: 0.8829, Train RRSE: 0.4929, Test Loss: 1878.0703, Test Node Loss: 367.6341, Test Reg Loss: 15.1044, Test MAPE: 11.0171, Test R: 0.8904, Test RRSE: 0.5031
2025-02-10 15:49:47,224:INFO:Checkpoint saved at best_0.0008_0.001_256_SAGE_2_64_0.8904_epoch_179.pth
2025-02-10 15:50:03,973:INFO:Epoch 180: Train Loss: 1722.8525, Train Node Loss: 366.4023, Train Reg Loss: 13.5645, Train MAPE: 10.9777, Train R: 0.8817, Train RRSE: 0.4940, Test Loss: 1867.0342, Test Node Loss: 364.6489, Test Reg Loss: 15.0239, Test MAPE: 11.1403, Test R: 0.8904, Test RRSE: 0.5017
2025-02-10 15:50:04,001:INFO:Checkpoint saved at best_0.0008_0.001_256_SAGE_2_64_0.8904_epoch_180.pth
2025-02-10 15:50:20,570:INFO:Epoch 181: Train Loss: 1689.6131, Train Node Loss: 374.0264, Train Reg Loss: 13.1559, Train MAPE: 11.0385, Train R: 0.8785, Train RRSE: 0.4865, Test Loss: 1716.3760, Test Node Loss: 378.1964, Test Reg Loss: 13.3818, Test MAPE: 11.3718, Test R: 0.8904, Test RRSE: 0.4735
2025-02-10 15:50:37,168:INFO:Epoch 182: Train Loss: 1718.3665, Train Node Loss: 376.3095, Train Reg Loss: 13.4206, Train MAPE: 11.2269, Train R: 0.8764, Train RRSE: 0.4914, Test Loss: 1938.9775, Test Node Loss: 353.0527, Test Reg Loss: 15.8592, Test MAPE: 11.1109, Test R: 0.8906, Test RRSE: 0.5155
2025-02-10 15:50:37,203:INFO:Checkpoint saved at best_0.0008_0.001_256_SAGE_2_64_0.8906_epoch_182.pth
2025-02-10 15:50:54,124:INFO:Epoch 183: Train Loss: 1775.9933, Train Node Loss: 354.2085, Train Reg Loss: 14.2178, Train MAPE: 10.8573, Train R: 0.8797, Train RRSE: 0.5058, Test Loss: 1727.8093, Test Node Loss: 364.8840, Test Reg Loss: 13.6293, Test MAPE: 11.1439, Test R: 0.8908, Test RRSE: 0.4779
2025-02-10 15:50:54,162:INFO:Checkpoint saved at best_0.0008_0.001_256_SAGE_2_64_0.8908_epoch_183.pth
2025-02-10 15:51:10,765:INFO:Epoch 184: Train Loss: 1731.3622, Train Node Loss: 376.6786, Train Reg Loss: 13.5468, Train MAPE: 11.2968, Train R: 0.8810, Train RRSE: 0.4937, Test Loss: 1721.9089, Test Node Loss: 366.0332, Test Reg Loss: 13.5588, Test MAPE: 11.1166, Test R: 0.8907, Test RRSE: 0.4766
2025-02-10 15:51:27,542:INFO:Epoch 185: Train Loss: 1771.1678, Train Node Loss: 358.1059, Train Reg Loss: 14.1306, Train MAPE: 11.0996, Train R: 0.8694, Train RRSE: 0.5042, Test Loss: 2239.2752, Test Node Loss: 339.3954, Test Reg Loss: 18.9988, Test MAPE: 10.8031, Test R: 0.8903, Test RRSE: 0.5642
2025-02-10 15:51:44,103:INFO:Epoch 186: Train Loss: 1696.3053, Train Node Loss: 363.4257, Train Reg Loss: 13.3288, Train MAPE: 11.1136, Train R: 0.8757, Train RRSE: 0.4897, Test Loss: 1722.4904, Test Node Loss: 375.2512, Test Reg Loss: 13.4724, Test MAPE: 11.3262, Test R: 0.8908, Test RRSE: 0.4751
2025-02-10 15:52:00,873:INFO:Epoch 187: Train Loss: 1741.2386, Train Node Loss: 366.5632, Train Reg Loss: 13.7468, Train MAPE: 11.2553, Train R: 0.8712, Train RRSE: 0.4974, Test Loss: 2008.9330, Test Node Loss: 342.3462, Test Reg Loss: 16.6659, Test MAPE: 11.0267, Test R: 0.8910, Test RRSE: 0.5284
2025-02-10 15:52:00,905:INFO:Checkpoint saved at best_0.0008_0.001_256_SAGE_2_64_0.8910_epoch_187.pth
2025-02-10 15:52:17,456:INFO:Epoch 188: Train Loss: 1610.0481, Train Node Loss: 354.1115, Train Reg Loss: 12.5594, Train MAPE: 11.0051, Train R: 0.8858, Train RRSE: 0.4754, Test Loss: 1692.2512, Test Node Loss: 362.6318, Test Reg Loss: 13.2962, Test MAPE: 11.3578, Test R: 0.8913, Test RRSE: 0.4720
2025-02-10 15:52:17,491:INFO:Checkpoint saved at best_0.0008_0.001_256_SAGE_2_64_0.8913_epoch_188.pth
2025-02-10 15:52:34,401:INFO:Epoch 189: Train Loss: 1691.7561, Train Node Loss: 360.1728, Train Reg Loss: 13.3158, Train MAPE: 11.0940, Train R: 0.8785, Train RRSE: 0.4895, Test Loss: 1731.7524, Test Node Loss: 347.0165, Test Reg Loss: 13.8474, Test MAPE: 11.2389, Test R: 0.8914, Test RRSE: 0.4817
2025-02-10 15:52:34,439:INFO:Checkpoint saved at best_0.0008_0.001_256_SAGE_2_64_0.8914_epoch_189.pth
2025-02-10 15:52:51,334:INFO:Epoch 190: Train Loss: 1619.5491, Train Node Loss: 345.6114, Train Reg Loss: 12.7394, Train MAPE: 11.0914, Train R: 0.8842, Train RRSE: 0.4788, Test Loss: 1694.9132, Test Node Loss: 345.6727, Test Reg Loss: 13.4924, Test MAPE: 11.2063, Test R: 0.8914, Test RRSE: 0.4755
2025-02-10 15:52:51,374:INFO:Checkpoint saved at best_0.0008_0.001_256_SAGE_2_64_0.8914_epoch_190.pth
2025-02-10 15:53:07,943:INFO:Epoch 191: Train Loss: 1704.9347, Train Node Loss: 354.0229, Train Reg Loss: 13.5091, Train MAPE: 11.2290, Train R: 0.8749, Train RRSE: 0.4930, Test Loss: 1683.7120, Test Node Loss: 352.7998, Test Reg Loss: 13.3091, Test MAPE: 11.3923, Test R: 0.8914, Test RRSE: 0.4722
2025-02-10 15:53:24,766:INFO:Epoch 192: Train Loss: 1596.2975, Train Node Loss: 342.5020, Train Reg Loss: 12.5380, Train MAPE: 10.9842, Train R: 0.8864, Train RRSE: 0.4750, Test Loss: 2016.6259, Test Node Loss: 322.0411, Test Reg Loss: 16.9458, Test MAPE: 11.0969, Test R: 0.8916, Test RRSE: 0.5329
2025-02-10 15:53:24,797:INFO:Checkpoint saved at best_0.0008_0.001_256_SAGE_2_64_0.8916_epoch_192.pth
2025-02-10 15:53:41,336:INFO:Epoch 193: Train Loss: 1629.2849, Train Node Loss: 334.2693, Train Reg Loss: 12.9502, Train MAPE: 10.9252, Train R: 0.8864, Train RRSE: 0.4827, Test Loss: 1705.0611, Test Node Loss: 353.3324, Test Reg Loss: 13.5173, Test MAPE: 11.5705, Test R: 0.8915, Test RRSE: 0.4759
2025-02-10 15:53:57,758:INFO:Epoch 194: Train Loss: 1733.3592, Train Node Loss: 354.1267, Train Reg Loss: 13.7923, Train MAPE: 11.3753, Train R: 0.8798, Train RRSE: 0.4982, Test Loss: 1836.9634, Test Node Loss: 328.2704, Test Reg Loss: 15.0869, Test MAPE: 11.1530, Test R: 0.8915, Test RRSE: 0.5028
2025-02-10 15:54:14,246:INFO:Epoch 195: Train Loss: 1693.3870, Train Node Loss: 326.6887, Train Reg Loss: 13.6670, Train MAPE: 10.8002, Train R: 0.8858, Train RRSE: 0.4959, Test Loss: 1896.3536, Test Node Loss: 325.0155, Test Reg Loss: 15.7134, Test MAPE: 11.1087, Test R: 0.8913, Test RRSE: 0.5131
2025-02-10 15:54:30,913:INFO:Epoch 196: Train Loss: 1650.4224, Train Node Loss: 343.9900, Train Reg Loss: 13.0643, Train MAPE: 11.1338, Train R: 0.8795, Train RRSE: 0.4848, Test Loss: 1749.4350, Test Node Loss: 355.1398, Test Reg Loss: 13.9430, Test MAPE: 11.6865, Test R: 0.8915, Test RRSE: 0.4833
2025-02-10 15:54:47,510:INFO:Epoch 197: Train Loss: 1749.1608, Train Node Loss: 337.5440, Train Reg Loss: 14.1162, Train MAPE: 11.1651, Train R: 0.8668, Train RRSE: 0.5040, Test Loss: 2008.6829, Test Node Loss: 317.1204, Test Reg Loss: 16.9156, Test MAPE: 10.8324, Test R: 0.8914, Test RRSE: 0.5324
2025-02-10 15:55:03,921:INFO:Epoch 198: Train Loss: 1592.1805, Train Node Loss: 332.0736, Train Reg Loss: 12.6011, Train MAPE: 11.1169, Train R: 0.8842, Train RRSE: 0.4762, Test Loss: 1683.5178, Test Node Loss: 344.1078, Test Reg Loss: 13.3941, Test MAPE: 11.5729, Test R: 0.8914, Test RRSE: 0.4737
2025-02-10 15:55:20,571:INFO:Epoch 199: Train Loss: 1581.6645, Train Node Loss: 338.4921, Train Reg Loss: 12.4317, Train MAPE: 11.2459, Train R: 0.8881, Train RRSE: 0.4730, Test Loss: 1773.6239, Test Node Loss: 320.5327, Test Reg Loss: 14.5309, Test MAPE: 11.1356, Test R: 0.8917, Test RRSE: 0.4934
2025-02-10 15:55:20,598:INFO:Checkpoint saved at best_0.0008_0.001_256_SAGE_2_64_0.8917_epoch_199.pth
2025-02-10 15:55:37,255:INFO:Epoch 200: Train Loss: 1633.5867, Train Node Loss: 319.7574, Train Reg Loss: 13.1383, Train MAPE: 10.9551, Train R: 0.8845, Train RRSE: 0.4862, Test Loss: 1680.0000, Test Node Loss: 323.0451, Test Reg Loss: 13.5695, Test MAPE: 11.2020, Test R: 0.8918, Test RRSE: 0.4768
2025-02-10 15:55:37,281:INFO:Checkpoint saved at best_0.0008_0.001_256_SAGE_2_64_0.8918_epoch_200.pth
2025-02-10 15:55:53,877:INFO:Epoch 201: Train Loss: 1613.8093, Train Node Loss: 329.1292, Train Reg Loss: 12.8468, Train MAPE: 11.1001, Train R: 0.8815, Train RRSE: 0.4808, Test Loss: 1650.6496, Test Node Loss: 332.3757, Test Reg Loss: 13.1827, Test MAPE: 11.5713, Test R: 0.8914, Test RRSE: 0.4700
2025-02-10 15:56:10,561:INFO:Epoch 202: Train Loss: 1644.1322, Train Node Loss: 324.3920, Train Reg Loss: 13.1974, Train MAPE: 11.1613, Train R: 0.8766, Train RRSE: 0.4873, Test Loss: 1719.6889, Test Node Loss: 312.9143, Test Reg Loss: 14.0677, Test MAPE: 11.3506, Test R: 0.8913, Test RRSE: 0.4855
2025-02-10 15:56:26,918:INFO:Epoch 203: Train Loss: 1598.6694, Train Node Loss: 318.4306, Train Reg Loss: 12.8024, Train MAPE: 11.2248, Train R: 0.8804, Train RRSE: 0.4800, Test Loss: 1619.8462, Test Node Loss: 322.6503, Test Reg Loss: 12.9720, Test MAPE: 11.4618, Test R: 0.8914, Test RRSE: 0.4662
2025-02-10 15:56:43,484:INFO:Epoch 204: Train Loss: 1526.9807, Train Node Loss: 322.8470, Train Reg Loss: 12.0413, Train MAPE: 11.3021, Train R: 0.8892, Train RRSE: 0.4655, Test Loss: 1639.1304, Test Node Loss: 314.1631, Test Reg Loss: 13.2497, Test MAPE: 11.3776, Test R: 0.8918, Test RRSE: 0.4712
2025-02-10 15:56:59,853:INFO:Epoch 205: Train Loss: 1520.4520, Train Node Loss: 313.1553, Train Reg Loss: 12.0730, Train MAPE: 11.0641, Train R: 0.8900, Train RRSE: 0.4661, Test Loss: 1647.8739, Test Node Loss: 310.2257, Test Reg Loss: 13.3765, Test MAPE: 11.3207, Test R: 0.8919, Test RRSE: 0.4734
2025-02-10 15:56:59,888:INFO:Checkpoint saved at best_0.0008_0.001_256_SAGE_2_64_0.8919_epoch_205.pth
2025-02-10 15:57:16,530:INFO:Epoch 206: Train Loss: 1571.3431, Train Node Loss: 315.9545, Train Reg Loss: 12.5539, Train MAPE: 11.2960, Train R: 0.8819, Train RRSE: 0.4753, Test Loss: 1620.3113, Test Node Loss: 319.0416, Test Reg Loss: 13.0127, Test MAPE: 11.5645, Test R: 0.8919, Test RRSE: 0.4669
2025-02-10 15:57:32,858:INFO:Epoch 207: Train Loss: 1572.8804, Train Node Loss: 316.2152, Train Reg Loss: 12.5667, Train MAPE: 11.1445, Train R: 0.8842, Train RRSE: 0.4755, Test Loss: 1825.3136, Test Node Loss: 293.0101, Test Reg Loss: 15.3230, Test MAPE: 11.2325, Test R: 0.8920, Test RRSE: 0.5067
2025-02-10 15:57:32,886:INFO:Checkpoint saved at best_0.0008_0.001_256_SAGE_2_64_0.8920_epoch_207.pth
2025-02-10 15:57:49,475:INFO:Epoch 208: Train Loss: 1669.3148, Train Node Loss: 295.4801, Train Reg Loss: 13.7383, Train MAPE: 11.0197, Train R: 0.8848, Train RRSE: 0.4972, Test Loss: 1619.2843, Test Node Loss: 317.2555, Test Reg Loss: 13.0203, Test MAPE: 11.6103, Test R: 0.8921, Test RRSE: 0.4671
2025-02-10 15:57:49,492:INFO:Checkpoint saved at best_0.0008_0.001_256_SAGE_2_64_0.8921_epoch_208.pth
2025-02-10 15:58:05,944:INFO:Epoch 209: Train Loss: 1646.8187, Train Node Loss: 322.4753, Train Reg Loss: 13.2434, Train MAPE: 11.5040, Train R: 0.8863, Train RRSE: 0.4882, Test Loss: 1649.8572, Test Node Loss: 307.9212, Test Reg Loss: 13.4194, Test MAPE: 11.2479, Test R: 0.8920, Test RRSE: 0.4742
2025-02-10 15:58:22,277:INFO:Epoch 210: Train Loss: 1612.7938, Train Node Loss: 302.1856, Train Reg Loss: 13.1061, Train MAPE: 11.0988, Train R: 0.8819, Train RRSE: 0.4856, Test Loss: 1982.7611, Test Node Loss: 294.1854, Test Reg Loss: 16.8858, Test MAPE: 11.0805, Test R: 0.8916, Test RRSE: 0.5319
2025-02-10 15:58:38,626:INFO:Epoch 211: Train Loss: 1576.0348, Train Node Loss: 315.4830, Train Reg Loss: 12.6055, Train MAPE: 11.3039, Train R: 0.8831, Train RRSE: 0.4763, Test Loss: 1652.0515, Test Node Loss: 322.1524, Test Reg Loss: 13.2990, Test MAPE: 11.5383, Test R: 0.8921, Test RRSE: 0.4720
2025-02-10 15:58:54,970:INFO:Epoch 212: Train Loss: 1662.1001, Train Node Loss: 309.0792, Train Reg Loss: 13.5302, Train MAPE: 11.2153, Train R: 0.8723, Train RRSE: 0.4934, Test Loss: 1973.2971, Test Node Loss: 289.9116, Test Reg Loss: 16.8339, Test MAPE: 10.9827, Test R: 0.8922, Test RRSE: 0.5311
2025-02-10 15:58:54,996:INFO:Checkpoint saved at best_0.0008_0.001_256_SAGE_2_64_0.8922_epoch_212.pth
2025-02-10 15:59:11,386:INFO:Epoch 213: Train Loss: 1596.4771, Train Node Loss: 304.3749, Train Reg Loss: 12.9210, Train MAPE: 11.1336, Train R: 0.8795, Train RRSE: 0.4822, Test Loss: 1693.6991, Test Node Loss: 318.6829, Test Reg Loss: 13.7502, Test MAPE: 11.7720, Test R: 0.8923, Test RRSE: 0.4800
2025-02-10 15:59:11,434:INFO:Checkpoint saved at best_0.0008_0.001_256_SAGE_2_64_0.8923_epoch_213.pth
2025-02-10 15:59:28,039:INFO:Epoch 214: Train Loss: 1694.9779, Train Node Loss: 303.3167, Train Reg Loss: 13.9166, Train MAPE: 11.2597, Train R: 0.8680, Train RRSE: 0.5004, Test Loss: 1739.2381, Test Node Loss: 290.9880, Test Reg Loss: 14.4825, Test MAPE: 11.2179, Test R: 0.8923, Test RRSE: 0.4926
2025-02-10 15:59:28,069:INFO:Checkpoint saved at best_0.0008_0.001_256_SAGE_2_64_0.8923_epoch_214.pth
2025-02-10 15:59:44,712:INFO:Epoch 215: Train Loss: 1516.8770, Train Node Loss: 297.1507, Train Reg Loss: 12.1973, Train MAPE: 11.1285, Train R: 0.8879, Train RRSE: 0.4685, Test Loss: 1596.2691, Test Node Loss: 304.6794, Test Reg Loss: 12.9159, Test MAPE: 11.5024, Test R: 0.8926, Test RRSE: 0.4652
2025-02-10 15:59:44,736:INFO:Checkpoint saved at best_0.0008_0.001_256_SAGE_2_64_0.8926_epoch_215.pth
2025-02-10 16:00:01,313:INFO:Epoch 216: Train Loss: 1544.4398, Train Node Loss: 303.1126, Train Reg Loss: 12.4133, Train MAPE: 11.2386, Train R: 0.8861, Train RRSE: 0.4726, Test Loss: 1685.2883, Test Node Loss: 288.1151, Test Reg Loss: 13.9717, Test MAPE: 11.2422, Test R: 0.8926, Test RRSE: 0.4838
2025-02-10 16:00:01,352:INFO:Checkpoint saved at best_0.0008_0.001_256_SAGE_2_64_0.8926_epoch_216.pth
2025-02-10 16:00:17,613:INFO:Epoch 217: Train Loss: 1571.6625, Train Node Loss: 289.2463, Train Reg Loss: 12.8242, Train MAPE: 11.0875, Train R: 0.8840, Train RRSE: 0.4804, Test Loss: 1616.6085, Test Node Loss: 290.3117, Test Reg Loss: 13.2630, Test MAPE: 11.3619, Test R: 0.8924, Test RRSE: 0.4714
2025-02-10 16:00:33,814:INFO:Epoch 218: Train Loss: 1536.0695, Train Node Loss: 297.3110, Train Reg Loss: 12.3876, Train MAPE: 11.2637, Train R: 0.8853, Train RRSE: 0.4721, Test Loss: 1583.5681, Test Node Loss: 291.5527, Test Reg Loss: 12.9202, Test MAPE: 11.4175, Test R: 0.8925, Test RRSE: 0.4653
2025-02-10 16:00:49,959:INFO:Epoch 219: Train Loss: 1492.6524, Train Node Loss: 290.5813, Train Reg Loss: 12.0207, Train MAPE: 11.1953, Train R: 0.8887, Train RRSE: 0.4651, Test Loss: 1702.9932, Test Node Loss: 280.8357, Test Reg Loss: 14.2216, Test MAPE: 11.2260, Test R: 0.8926, Test RRSE: 0.4881
2025-02-10 16:00:49,992:INFO:Checkpoint saved at best_0.0008_0.001_256_SAGE_2_64_0.8926_epoch_219.pth
2025-02-10 16:01:06,394:INFO:Epoch 220: Train Loss: 1514.2170, Train Node Loss: 285.5778, Train Reg Loss: 12.2864, Train MAPE: 11.0785, Train R: 0.8890, Train RRSE: 0.4702, Test Loss: 1576.8070, Test Node Loss: 294.1566, Test Reg Loss: 12.8265, Test MAPE: 11.4963, Test R: 0.8928, Test RRSE: 0.4636
2025-02-10 16:01:06,426:INFO:Checkpoint saved at best_0.0008_0.001_256_SAGE_2_64_0.8928_epoch_220.pth
2025-02-10 16:01:22,571:INFO:Epoch 221: Train Loss: 1528.7618, Train Node Loss: 295.0229, Train Reg Loss: 12.3374, Train MAPE: 11.3817, Train R: 0.8871, Train RRSE: 0.4712, Test Loss: 1615.5535, Test Node Loss: 282.1186, Test Reg Loss: 13.3343, Test MAPE: 11.3752, Test R: 0.8927, Test RRSE: 0.4727
2025-02-10 16:01:39,011:INFO:Epoch 222: Train Loss: 1577.6763, Train Node Loss: 281.2323, Train Reg Loss: 12.9644, Train MAPE: 11.1136, Train R: 0.8801, Train RRSE: 0.4830, Test Loss: 1585.4388, Test Node Loss: 281.9558, Test Reg Loss: 13.0348, Test MAPE: 11.3491, Test R: 0.8927, Test RRSE: 0.4673
2025-02-10 16:01:55,383:INFO:Epoch 223: Train Loss: 1499.9006, Train Node Loss: 284.2462, Train Reg Loss: 12.1565, Train MAPE: 11.2054, Train R: 0.8869, Train RRSE: 0.4677, Test Loss: 1570.4759, Test Node Loss: 287.6006, Test Reg Loss: 12.8288, Test MAPE: 11.6291, Test R: 0.8928, Test RRSE: 0.4636
2025-02-10 16:02:11,521:INFO:Epoch 224: Train Loss: 1567.2497, Train Node Loss: 283.7755, Train Reg Loss: 12.8347, Train MAPE: 11.2231, Train R: 0.8802, Train RRSE: 0.4806, Test Loss: 1620.5321, Test Node Loss: 271.9037, Test Reg Loss: 13.4863, Test MAPE: 11.1231, Test R: 0.8930, Test RRSE: 0.4754
2025-02-10 16:02:11,552:INFO:Checkpoint saved at best_0.0008_0.001_256_SAGE_2_64_0.8930_epoch_224.pth
2025-02-10 16:02:27,940:INFO:Epoch 225: Train Loss: 1439.5350, Train Node Loss: 276.8084, Train Reg Loss: 11.6273, Train MAPE: 11.2282, Train R: 0.8931, Train RRSE: 0.4574, Test Loss: 1550.1732, Test Node Loss: 280.9048, Test Reg Loss: 12.6927, Test MAPE: 11.5165, Test R: 0.8932, Test RRSE: 0.4612
2025-02-10 16:02:27,965:INFO:Checkpoint saved at best_0.0008_0.001_256_SAGE_2_64_0.8932_epoch_225.pth
2025-02-10 16:02:44,428:INFO:Epoch 226: Train Loss: 1510.8325, Train Node Loss: 284.0947, Train Reg Loss: 12.2674, Train MAPE: 11.3523, Train R: 0.8868, Train RRSE: 0.4698, Test Loss: 1562.5870, Test Node Loss: 276.1643, Test Reg Loss: 12.8642, Test MAPE: 11.4763, Test R: 0.8932, Test RRSE: 0.4643
2025-02-10 16:03:00,800:INFO:Epoch 227: Train Loss: 1431.5765, Train Node Loss: 274.1370, Train Reg Loss: 11.5744, Train MAPE: 11.1142, Train R: 0.8954, Train RRSE: 0.4564, Test Loss: 1647.2649, Test Node Loss: 267.5538, Test Reg Loss: 13.7971, Test MAPE: 11.1357, Test R: 0.8929, Test RRSE: 0.4808
2025-02-10 16:03:17,224:INFO:Epoch 228: Train Loss: 1420.1132, Train Node Loss: 276.1904, Train Reg Loss: 11.4392, Train MAPE: 11.2774, Train R: 0.8934, Train RRSE: 0.4537, Test Loss: 1548.0077, Test Node Loss: 278.4868, Test Reg Loss: 12.6952, Test MAPE: 11.5807, Test R: 0.8926, Test RRSE: 0.4612
2025-02-10 16:03:33,652:INFO:Epoch 229: Train Loss: 1453.8136, Train Node Loss: 273.7592, Train Reg Loss: 11.8005, Train MAPE: 11.3190, Train R: 0.8892, Train RRSE: 0.4608, Test Loss: 1569.4767, Test Node Loss: 263.9274, Test Reg Loss: 13.0555, Test MAPE: 11.4635, Test R: 0.8929, Test RRSE: 0.4677
2025-02-10 16:03:50,077:INFO:Epoch 230: Train Loss: 1510.2012, Train Node Loss: 269.0708, Train Reg Loss: 12.4113, Train MAPE: 11.2614, Train R: 0.8832, Train RRSE: 0.4726, Test Loss: 1538.1256, Test Node Loss: 273.7389, Test Reg Loss: 12.6439, Test MAPE: 11.6048, Test R: 0.8933, Test RRSE: 0.4603
2025-02-10 16:03:50,109:INFO:Checkpoint saved at best_0.0008_0.001_256_SAGE_2_64_0.8933_epoch_230.pth
2025-02-10 16:04:06,519:INFO:Epoch 231: Train Loss: 1480.5991, Train Node Loss: 273.0080, Train Reg Loss: 12.0759, Train MAPE: 11.3210, Train R: 0.8877, Train RRSE: 0.4661, Test Loss: 1597.3433, Test Node Loss: 259.3831, Test Reg Loss: 13.3796, Test MAPE: 11.3869, Test R: 0.8934, Test RRSE: 0.4735
2025-02-10 16:04:06,557:INFO:Checkpoint saved at best_0.0008_0.001_256_SAGE_2_64_0.8934_epoch_231.pth
2025-02-10 16:04:22,953:INFO:Epoch 232: Train Loss: 1551.1563, Train Node Loss: 258.4345, Train Reg Loss: 12.9272, Train MAPE: 11.1344, Train R: 0.8861, Train RRSE: 0.4823, Test Loss: 1535.3787, Test Node Loss: 268.2218, Test Reg Loss: 12.6716, Test MAPE: 11.5014, Test R: 0.8936, Test RRSE: 0.4608
2025-02-10 16:04:22,980:INFO:Checkpoint saved at best_0.0008_0.001_256_SAGE_2_64_0.8936_epoch_232.pth
2025-02-10 16:04:39,393:INFO:Epoch 233: Train Loss: 1569.0642, Train Node Loss: 277.2087, Train Reg Loss: 12.9186, Train MAPE: 11.4685, Train R: 0.8836, Train RRSE: 0.4821, Test Loss: 1558.4520, Test Node Loss: 267.3303, Test Reg Loss: 12.9112, Test MAPE: 11.3578, Test R: 0.8936, Test RRSE: 0.4651
2025-02-10 16:04:39,416:INFO:Checkpoint saved at best_0.0008_0.001_256_SAGE_2_64_0.8936_epoch_233.pth
2025-02-10 16:04:55,457:INFO:Epoch 234: Train Loss: 1535.0785, Train Node Loss: 264.9888, Train Reg Loss: 12.7009, Train MAPE: 11.1923, Train R: 0.8819, Train RRSE: 0.4781, Test Loss: 1809.0270, Test Node Loss: 251.6838, Test Reg Loss: 15.5734, Test MAPE: 11.1557, Test R: 0.8937, Test RRSE: 0.5108
2025-02-10 16:04:55,477:INFO:Checkpoint saved at best_0.0008_0.001_256_SAGE_2_64_0.8937_epoch_234.pth
2025-02-10 16:05:11,888:INFO:Epoch 235: Train Loss: 1470.1995, Train Node Loss: 261.1941, Train Reg Loss: 12.0901, Train MAPE: 11.1307, Train R: 0.8893, Train RRSE: 0.4664, Test Loss: 1565.0245, Test Node Loss: 272.8543, Test Reg Loss: 12.9217, Test MAPE: 11.6677, Test R: 0.8935, Test RRSE: 0.4653
2025-02-10 16:05:28,058:INFO:Epoch 236: Train Loss: 1548.3434, Train Node Loss: 273.7724, Train Reg Loss: 12.7457, Train MAPE: 11.4594, Train R: 0.8879, Train RRSE: 0.4789, Test Loss: 1629.9012, Test Node Loss: 254.8084, Test Reg Loss: 13.7509, Test MAPE: 11.2739, Test R: 0.8937, Test RRSE: 0.4800
2025-02-10 16:05:44,168:INFO:Epoch 237: Train Loss: 1756.4936, Train Node Loss: 249.8760, Train Reg Loss: 15.0662, Train MAPE: 10.8677, Train R: 0.8713, Train RRSE: 0.5207, Test Loss: 1606.3838, Test Node Loss: 255.2628, Test Reg Loss: 13.5112, Test MAPE: 11.3598, Test R: 0.8937, Test RRSE: 0.4758
2025-02-10 16:05:44,206:INFO:Checkpoint saved at best_0.0008_0.001_256_SAGE_2_64_0.8937_epoch_237.pth
2025-02-10 16:06:00,654:INFO:Epoch 238: Train Loss: 1663.3580, Train Node Loss: 273.3883, Train Reg Loss: 13.8997, Train MAPE: 11.4894, Train R: 0.8803, Train RRSE: 0.5001, Test Loss: 1563.7121, Test Node Loss: 271.5563, Test Reg Loss: 12.9216, Test MAPE: 11.6415, Test R: 0.8937, Test RRSE: 0.4653
2025-02-10 16:06:00,683:INFO:Checkpoint saved at best_0.0008_0.001_256_SAGE_2_64_0.8937_epoch_238.pth
2025-02-10 16:06:17,148:INFO:Epoch 239: Train Loss: 1512.1260, Train Node Loss: 259.7826, Train Reg Loss: 12.5234, Train MAPE: 11.1267, Train R: 0.8832, Train RRSE: 0.4747, Test Loss: 2083.6291, Test Node Loss: 241.2746, Test Reg Loss: 18.4235, Test MAPE: 11.1633, Test R: 0.8941, Test RRSE: 0.5556
2025-02-10 16:06:17,172:INFO:Checkpoint saved at best_0.0008_0.001_256_SAGE_2_64_0.8941_epoch_239.pth
2025-02-10 16:06:33,549:INFO:Epoch 240: Train Loss: 1534.1769, Train Node Loss: 252.7134, Train Reg Loss: 12.8146, Train MAPE: 10.8808, Train R: 0.8859, Train RRSE: 0.4802, Test Loss: 1640.9528, Test Node Loss: 273.1993, Test Reg Loss: 13.6775, Test MAPE: 11.6562, Test R: 0.8937, Test RRSE: 0.4787
2025-02-10 16:06:49,996:INFO:Epoch 241: Train Loss: 1536.0184, Train Node Loss: 268.7562, Train Reg Loss: 12.6726, Train MAPE: 11.4063, Train R: 0.8917, Train RRSE: 0.4775, Test Loss: 1642.8464, Test Node Loss: 250.0561, Test Reg Loss: 13.9279, Test MAPE: 11.2775, Test R: 0.8935, Test RRSE: 0.4831
2025-02-10 16:07:06,393:INFO:Epoch 242: Train Loss: 1753.4621, Train Node Loss: 244.6076, Train Reg Loss: 15.0885, Train MAPE: 10.8839, Train R: 0.8724, Train RRSE: 0.5211, Test Loss: 1558.1003, Test Node Loss: 254.1645, Test Reg Loss: 13.0394, Test MAPE: 11.2286, Test R: 0.8935, Test RRSE: 0.4674
2025-02-10 16:07:22,711:INFO:Epoch 243: Train Loss: 1456.9238, Train Node Loss: 258.4860, Train Reg Loss: 11.9844, Train MAPE: 11.1686, Train R: 0.8893, Train RRSE: 0.4644, Test Loss: 1653.3796, Test Node Loss: 268.4943, Test Reg Loss: 13.8489, Test MAPE: 11.8996, Test R: 0.8934, Test RRSE: 0.4817
2025-02-10 16:07:39,173:INFO:Epoch 244: Train Loss: 1445.2639, Train Node Loss: 258.6620, Train Reg Loss: 11.8660, Train MAPE: 11.3223, Train R: 0.8909, Train RRSE: 0.4621, Test Loss: 1614.1635, Test Node Loss: 246.4575, Test Reg Loss: 13.6771, Test MAPE: 11.3045, Test R: 0.8935, Test RRSE: 0.4787
2025-02-10 16:07:55,600:INFO:Epoch 245: Train Loss: 1487.2194, Train Node Loss: 245.9923, Train Reg Loss: 12.4123, Train MAPE: 11.1365, Train R: 0.8896, Train RRSE: 0.4726, Test Loss: 1520.9995, Test Node Loss: 255.3874, Test Reg Loss: 12.6561, Test MAPE: 11.5660, Test R: 0.8935, Test RRSE: 0.4605
2025-02-10 16:08:11,905:INFO:Epoch 246: Train Loss: 1532.2346, Train Node Loss: 257.7821, Train Reg Loss: 12.7445, Train MAPE: 11.4063, Train R: 0.8834, Train RRSE: 0.4789, Test Loss: 1514.6341, Test Node Loss: 252.6529, Test Reg Loss: 12.6198, Test MAPE: 11.4462, Test R: 0.8937, Test RRSE: 0.4598
2025-02-10 16:08:28,082:INFO:Epoch 247: Train Loss: 1420.9770, Train Node Loss: 246.7304, Train Reg Loss: 11.7425, Train MAPE: 11.1438, Train R: 0.8930, Train RRSE: 0.4597, Test Loss: 1623.6114, Test Node Loss: 240.6740, Test Reg Loss: 13.8294, Test MAPE: 11.3128, Test R: 0.8939, Test RRSE: 0.4814
2025-02-10 16:08:44,526:INFO:Epoch 248: Train Loss: 1556.7442, Train Node Loss: 250.8132, Train Reg Loss: 13.0593, Train MAPE: 11.2737, Train R: 0.8776, Train RRSE: 0.4848, Test Loss: 1516.8265, Test Node Loss: 251.7003, Test Reg Loss: 12.6513, Test MAPE: 11.5987, Test R: 0.8938, Test RRSE: 0.4604
2025-02-10 16:09:00,950:INFO:Epoch 249: Train Loss: 1557.9825, Train Node Loss: 241.9979, Train Reg Loss: 13.1598, Train MAPE: 11.1823, Train R: 0.8781, Train RRSE: 0.4866, Test Loss: 1644.5664, Test Node Loss: 234.5163, Test Reg Loss: 14.1005, Test MAPE: 11.2716, Test R: 0.8937, Test RRSE: 0.4861
2025-02-10 16:09:17,384:INFO:Epoch 250: Train Loss: 1503.0699, Train Node Loss: 246.0967, Train Reg Loss: 12.5697, Train MAPE: 11.3459, Train R: 0.8815, Train RRSE: 0.4756, Test Loss: 1576.8354, Test Node Loss: 253.4247, Test Reg Loss: 13.2341, Test MAPE: 11.8055, Test R: 0.8934, Test RRSE: 0.4709
2025-02-10 16:09:33,854:INFO:Epoch 251: Train Loss: 1438.5703, Train Node Loss: 245.1452, Train Reg Loss: 11.9343, Train MAPE: 11.2787, Train R: 0.8891, Train RRSE: 0.4634, Test Loss: 1790.7098, Test Node Loss: 229.4608, Test Reg Loss: 15.6125, Test MAPE: 11.2653, Test R: 0.8939, Test RRSE: 0.5115
2025-02-10 16:09:50,361:INFO:Epoch 252: Train Loss: 1546.6229, Train Node Loss: 238.8044, Train Reg Loss: 13.0782, Train MAPE: 11.0569, Train R: 0.8791, Train RRSE: 0.4851, Test Loss: 1500.6466, Test Node Loss: 245.0742, Test Reg Loss: 12.5557, Test MAPE: 11.5780, Test R: 0.8939, Test RRSE: 0.4587
2025-02-10 16:10:07,032:INFO:Epoch 253: Train Loss: 1431.3770, Train Node Loss: 241.4672, Train Reg Loss: 11.8991, Train MAPE: 11.3798, Train R: 0.8883, Train RRSE: 0.4627, Test Loss: 1581.3023, Test Node Loss: 232.0398, Test Reg Loss: 13.4926, Test MAPE: 11.3204, Test R: 0.8939, Test RRSE: 0.4755
2025-02-10 16:10:23,685:INFO:Epoch 254: Train Loss: 1421.2938, Train Node Loss: 236.9039, Train Reg Loss: 11.8439, Train MAPE: 11.2682, Train R: 0.8897, Train RRSE: 0.4616, Test Loss: 1487.8395, Test Node Loss: 237.6863, Test Reg Loss: 12.5015, Test MAPE: 11.5622, Test R: 0.8938, Test RRSE: 0.4577
2025-02-10 16:10:40,295:INFO:Epoch 255: Train Loss: 1467.0466, Train Node Loss: 238.1403, Train Reg Loss: 12.2891, Train MAPE: 11.2764, Train R: 0.8843, Train RRSE: 0.4702, Test Loss: 1537.6939, Test Node Loss: 232.1032, Test Reg Loss: 13.0559, Test MAPE: 11.2312, Test R: 0.8940, Test RRSE: 0.4677
2025-02-10 16:10:56,946:INFO:Epoch 256: Train Loss: 1439.8166, Train Node Loss: 236.8860, Train Reg Loss: 12.0293, Train MAPE: 11.2717, Train R: 0.8868, Train RRSE: 0.4652, Test Loss: 1488.7387, Test Node Loss: 236.1225, Test Reg Loss: 12.5262, Test MAPE: 11.4995, Test R: 0.8938, Test RRSE: 0.4581
2025-02-10 16:11:13,641:INFO:Epoch 257: Train Loss: 1423.2727, Train Node Loss: 236.3803, Train Reg Loss: 11.8689, Train MAPE: 11.2743, Train R: 0.8885, Train RRSE: 0.4621, Test Loss: 1545.1620, Test Node Loss: 227.8454, Test Reg Loss: 13.1732, Test MAPE: 11.3350, Test R: 0.8939, Test RRSE: 0.4698
2025-02-10 16:11:30,251:INFO:Epoch 258: Train Loss: 1450.8525, Train Node Loss: 228.8986, Train Reg Loss: 12.2195, Train MAPE: 11.2033, Train R: 0.8884, Train RRSE: 0.4689, Test Loss: 1480.4420, Test Node Loss: 235.6241, Test Reg Loss: 12.4482, Test MAPE: 11.6391, Test R: 0.8940, Test RRSE: 0.4567
2025-02-10 16:11:46,890:INFO:Epoch 259: Train Loss: 1432.8688, Train Node Loss: 237.8041, Train Reg Loss: 11.9506, Train MAPE: 11.4217, Train R: 0.8903, Train RRSE: 0.4637, Test Loss: 1480.7115, Test Node Loss: 230.2305, Test Reg Loss: 12.5048, Test MAPE: 11.5681, Test R: 0.8942, Test RRSE: 0.4577
2025-02-10 16:11:46,925:INFO:Checkpoint saved at best_0.0008_0.001_256_SAGE_2_64_0.8942_epoch_259.pth
2025-02-10 16:12:03,546:INFO:Epoch 260: Train Loss: 1447.3489, Train Node Loss: 226.3934, Train Reg Loss: 12.2096, Train MAPE: 11.1437, Train R: 0.8889, Train RRSE: 0.4687, Test Loss: 1503.7171, Test Node Loss: 226.7993, Test Reg Loss: 12.7692, Test MAPE: 11.4512, Test R: 0.8942, Test RRSE: 0.4625
2025-02-10 16:12:03,566:INFO:Checkpoint saved at best_0.0008_0.001_256_SAGE_2_64_0.8942_epoch_260.pth
2025-02-10 16:12:20,175:INFO:Epoch 261: Train Loss: 1385.0458, Train Node Loss: 234.3558, Train Reg Loss: 11.5069, Train MAPE: 11.3782, Train R: 0.8938, Train RRSE: 0.4550, Test Loss: 1476.0880, Test Node Loss: 231.4566, Test Reg Loss: 12.4463, Test MAPE: 11.5704, Test R: 0.8940, Test RRSE: 0.4567
2025-02-10 16:12:36,760:INFO:Epoch 262: Train Loss: 1417.5049, Train Node Loss: 231.9364, Train Reg Loss: 11.8557, Train MAPE: 11.3358, Train R: 0.8889, Train RRSE: 0.4619, Test Loss: 1603.8399, Test Node Loss: 219.3388, Test Reg Loss: 13.8450, Test MAPE: 11.3256, Test R: 0.8941, Test RRSE: 0.4816
2025-02-10 16:12:53,111:INFO:Epoch 263: Train Loss: 1463.7804, Train Node Loss: 222.6620, Train Reg Loss: 12.4112, Train MAPE: 11.1226, Train R: 0.8871, Train RRSE: 0.4726, Test Loss: 1468.0903, Test Node Loss: 226.0826, Test Reg Loss: 12.4201, Test MAPE: 11.5939, Test R: 0.8940, Test RRSE: 0.4562
2025-02-10 16:13:09,721:INFO:Epoch 264: Train Loss: 1445.3168, Train Node Loss: 231.3413, Train Reg Loss: 12.1398, Train MAPE: 11.4991, Train R: 0.8874, Train RRSE: 0.4674, Test Loss: 1496.9122, Test Node Loss: 222.0426, Test Reg Loss: 12.7487, Test MAPE: 11.4880, Test R: 0.8941, Test RRSE: 0.4622
2025-02-10 16:13:26,061:INFO:Epoch 265: Train Loss: 1377.2117, Train Node Loss: 225.3625, Train Reg Loss: 11.5185, Train MAPE: 11.3259, Train R: 0.8920, Train RRSE: 0.4553, Test Loss: 1671.4230, Test Node Loss: 213.0797, Test Reg Loss: 14.5834, Test MAPE: 11.3785, Test R: 0.8940, Test RRSE: 0.4943
2025-02-10 16:13:42,701:INFO:Epoch 266: Train Loss: 1421.0258, Train Node Loss: 219.2651, Train Reg Loss: 12.0176, Train MAPE: 11.2524, Train R: 0.8910, Train RRSE: 0.4650, Test Loss: 1464.8183, Test Node Loss: 226.6211, Test Reg Loss: 12.3820, Test MAPE: 11.6551, Test R: 0.8940, Test RRSE: 0.4555
2025-02-10 16:13:59,251:INFO:Epoch 267: Train Loss: 1428.1708, Train Node Loss: 229.9434, Train Reg Loss: 11.9823, Train MAPE: 11.4756, Train R: 0.8905, Train RRSE: 0.4643, Test Loss: 1565.3132, Test Node Loss: 216.5980, Test Reg Loss: 13.4872, Test MAPE: 11.3877, Test R: 0.8943, Test RRSE: 0.4754
2025-02-10 16:13:59,277:INFO:Checkpoint saved at best_0.0008_0.001_256_SAGE_2_64_0.8943_epoch_267.pth
2025-02-10 16:14:15,880:INFO:Epoch 268: Train Loss: 1402.6690, Train Node Loss: 217.7626, Train Reg Loss: 11.8491, Train MAPE: 11.1495, Train R: 0.8934, Train RRSE: 0.4617, Test Loss: 1528.1849, Test Node Loss: 216.3219, Test Reg Loss: 13.1186, Test MAPE: 11.3120, Test R: 0.8945, Test RRSE: 0.4688
2025-02-10 16:14:15,927:INFO:Checkpoint saved at best_0.0008_0.001_256_SAGE_2_64_0.8945_epoch_268.pth
2025-02-10 16:14:32,561:INFO:Epoch 269: Train Loss: 1415.3330, Train Node Loss: 224.6549, Train Reg Loss: 11.9068, Train MAPE: 11.4313, Train R: 0.8890, Train RRSE: 0.4629, Test Loss: 1453.7513, Test Node Loss: 218.7828, Test Reg Loss: 12.3497, Test MAPE: 11.4276, Test R: 0.8943, Test RRSE: 0.4549
2025-02-10 16:14:49,119:INFO:Epoch 270: Train Loss: 1400.2200, Train Node Loss: 215.7267, Train Reg Loss: 11.8449, Train MAPE: 11.1597, Train R: 0.8897, Train RRSE: 0.4617, Test Loss: 1594.0149, Test Node Loss: 207.7486, Test Reg Loss: 13.8627, Test MAPE: 11.3921, Test R: 0.8943, Test RRSE: 0.4819
2025-02-10 16:15:05,523:INFO:Epoch 271: Train Loss: 1427.1899, Train Node Loss: 217.7989, Train Reg Loss: 12.0939, Train MAPE: 11.4472, Train R: 0.8856, Train RRSE: 0.4665, Test Loss: 1467.8237, Test Node Loss: 213.0816, Test Reg Loss: 12.5474, Test MAPE: 11.5364, Test R: 0.8943, Test RRSE: 0.4585
2025-02-10 16:15:22,196:INFO:Epoch 272: Train Loss: 1358.9996, Train Node Loss: 212.4234, Train Reg Loss: 11.4658, Train MAPE: 11.2701, Train R: 0.8940, Train RRSE: 0.4542, Test Loss: 1512.2299, Test Node Loss: 211.2035, Test Reg Loss: 13.0103, Test MAPE: 11.4501, Test R: 0.8946, Test RRSE: 0.4669
2025-02-10 16:15:22,217:INFO:Checkpoint saved at best_0.0008_0.001_256_SAGE_2_64_0.8946_epoch_272.pth
2025-02-10 16:15:38,592:INFO:Epoch 273: Train Loss: 1412.6609, Train Node Loss: 221.3017, Train Reg Loss: 11.9136, Train MAPE: 11.5305, Train R: 0.8912, Train RRSE: 0.4630, Test Loss: 1535.0523, Test Node Loss: 210.2479, Test Reg Loss: 13.2480, Test MAPE: 11.4010, Test R: 0.8949, Test RRSE: 0.4711
2025-02-10 16:15:38,624:INFO:Checkpoint saved at best_0.0008_0.001_256_SAGE_2_64_0.8949_epoch_273.pth
2025-02-10 16:15:54,961:INFO:Epoch 274: Train Loss: 1380.7519, Train Node Loss: 211.4484, Train Reg Loss: 11.6930, Train MAPE: 11.1469, Train R: 0.8934, Train RRSE: 0.4587, Test Loss: 1683.2216, Test Node Loss: 204.2653, Test Reg Loss: 14.7896, Test MAPE: 11.3088, Test R: 0.8951, Test RRSE: 0.4978
2025-02-10 16:15:54,999:INFO:Checkpoint saved at best_0.0008_0.001_256_SAGE_2_64_0.8951_epoch_274.pth
2025-02-10 16:16:11,371:INFO:Epoch 275: Train Loss: 1543.1521, Train Node Loss: 217.7005, Train Reg Loss: 13.2545, Train MAPE: 11.4194, Train R: 0.8743, Train RRSE: 0.4884, Test Loss: 1465.3892, Test Node Loss: 212.0538, Test Reg Loss: 12.5334, Test MAPE: 11.4418, Test R: 0.8946, Test RRSE: 0.4583
2025-02-10 16:16:27,983:INFO:Epoch 276: Train Loss: 1414.8795, Train Node Loss: 207.7418, Train Reg Loss: 12.0714, Train MAPE: 11.2482, Train R: 0.8903, Train RRSE: 0.4661, Test Loss: 1543.3249, Test Node Loss: 205.2182, Test Reg Loss: 13.3811, Test MAPE: 11.4191, Test R: 0.8946, Test RRSE: 0.4735
2025-02-10 16:16:44,327:INFO:Epoch 277: Train Loss: 1582.5424, Train Node Loss: 217.3235, Train Reg Loss: 13.6522, Train MAPE: 11.4651, Train R: 0.8724, Train RRSE: 0.4956, Test Loss: 1485.5633, Test Node Loss: 206.6810, Test Reg Loss: 12.7888, Test MAPE: 11.4000, Test R: 0.8943, Test RRSE: 0.4629
2025-02-10 16:17:00,954:INFO:Epoch 278: Train Loss: 1412.2099, Train Node Loss: 207.8830, Train Reg Loss: 12.0433, Train MAPE: 11.2021, Train R: 0.8885, Train RRSE: 0.4655, Test Loss: 1538.1850, Test Node Loss: 204.1336, Test Reg Loss: 13.3405, Test MAPE: 11.1651, Test R: 0.8946, Test RRSE: 0.4728
2025-02-10 16:17:17,360:INFO:Epoch 279: Train Loss: 1358.9647, Train Node Loss: 208.7585, Train Reg Loss: 11.5021, Train MAPE: 11.2667, Train R: 0.8933, Train RRSE: 0.4549, Test Loss: 1444.4906, Test Node Loss: 209.6888, Test Reg Loss: 12.3480, Test MAPE: 11.5438, Test R: 0.8942, Test RRSE: 0.4549
2025-02-10 16:17:33,750:INFO:Epoch 280: Train Loss: 1347.1057, Train Node Loss: 210.1557, Train Reg Loss: 11.3695, Train MAPE: 11.3933, Train R: 0.8940, Train RRSE: 0.4523, Test Loss: 1454.6465, Test Node Loss: 203.8121, Test Reg Loss: 12.5083, Test MAPE: 11.6006, Test R: 0.8942, Test RRSE: 0.4578
2025-02-10 16:17:50,291:INFO:Epoch 281: Train Loss: 1376.9535, Train Node Loss: 203.2492, Train Reg Loss: 11.7370, Train MAPE: 11.3260, Train R: 0.8903, Train RRSE: 0.4596, Test Loss: 1435.0421, Test Node Loss: 203.4626, Test Reg Loss: 12.3158, Test MAPE: 11.6860, Test R: 0.8940, Test RRSE: 0.4543
2025-02-10 16:18:06,880:INFO:Epoch 282: Train Loss: 1366.6800, Train Node Loss: 207.1089, Train Reg Loss: 11.5957, Train MAPE: 11.4029, Train R: 0.8923, Train RRSE: 0.4568, Test Loss: 1480.3478, Test Node Loss: 197.3619, Test Reg Loss: 12.8299, Test MAPE: 11.4791, Test R: 0.8943, Test RRSE: 0.4636
2025-02-10 16:18:23,473:INFO:Epoch 283: Train Loss: 1390.8683, Train Node Loss: 200.7971, Train Reg Loss: 11.9007, Train MAPE: 11.3083, Train R: 0.8888, Train RRSE: 0.4628, Test Loss: 1474.2286, Test Node Loss: 199.2621, Test Reg Loss: 12.7497, Test MAPE: 11.4538, Test R: 0.8946, Test RRSE: 0.4622
2025-02-10 16:18:39,691:INFO:Epoch 284: Train Loss: 1415.7103, Train Node Loss: 200.4387, Train Reg Loss: 12.1527, Train MAPE: 11.1980, Train R: 0.8869, Train RRSE: 0.4676, Test Loss: 1428.9173, Test Node Loss: 202.7762, Test Reg Loss: 12.2614, Test MAPE: 11.6704, Test R: 0.8944, Test RRSE: 0.4533
2025-02-10 16:18:55,985:INFO:Epoch 285: Train Loss: 1334.7544, Train Node Loss: 205.1716, Train Reg Loss: 11.2958, Train MAPE: 11.4939, Train R: 0.8955, Train RRSE: 0.4508, Test Loss: 1442.2762, Test Node Loss: 197.8091, Test Reg Loss: 12.4447, Test MAPE: 11.6228, Test R: 0.8943, Test RRSE: 0.4566
2025-02-10 16:19:12,618:INFO:Epoch 286: Train Loss: 1395.8324, Train Node Loss: 197.5446, Train Reg Loss: 11.9829, Train MAPE: 11.3383, Train R: 0.8879, Train RRSE: 0.4643, Test Loss: 1479.4575, Test Node Loss: 195.9125, Test Reg Loss: 12.8354, Test MAPE: 11.4908, Test R: 0.8945, Test RRSE: 0.4637
2025-02-10 16:19:28,900:INFO:Epoch 287: Train Loss: 1345.7069, Train Node Loss: 201.7491, Train Reg Loss: 11.4396, Train MAPE: 11.3232, Train R: 0.8927, Train RRSE: 0.4537, Test Loss: 1431.4886, Test Node Loss: 198.6727, Test Reg Loss: 12.3282, Test MAPE: 11.5954, Test R: 0.8945, Test RRSE: 0.4545
2025-02-10 16:19:45,334:INFO:Epoch 288: Train Loss: 1330.4896, Train Node Loss: 196.8192, Train Reg Loss: 11.3367, Train MAPE: 11.2831, Train R: 0.8945, Train RRSE: 0.4517, Test Loss: 1445.3846, Test Node Loss: 196.8332, Test Reg Loss: 12.4855, Test MAPE: 11.4953, Test R: 0.8946, Test RRSE: 0.4574
2025-02-10 16:20:01,919:INFO:Epoch 289: Train Loss: 1323.9626, Train Node Loss: 199.4833, Train Reg Loss: 11.2448, Train MAPE: 11.3675, Train R: 0.8944, Train RRSE: 0.4498, Test Loss: 1416.4255, Test Node Loss: 198.3356, Test Reg Loss: 12.1809, Test MAPE: 11.6647, Test R: 0.8944, Test RRSE: 0.4518
2025-02-10 16:20:18,248:INFO:Epoch 290: Train Loss: 1369.6997, Train Node Loss: 196.9662, Train Reg Loss: 11.7273, Train MAPE: 11.3386, Train R: 0.8892, Train RRSE: 0.4594, Test Loss: 1449.2256, Test Node Loss: 190.8059, Test Reg Loss: 12.5842, Test MAPE: 11.5924, Test R: 0.8941, Test RRSE: 0.4592
2025-02-10 16:20:34,894:INFO:Epoch 291: Train Loss: 1332.7946, Train Node Loss: 192.7851, Train Reg Loss: 11.4001, Train MAPE: 11.4164, Train R: 0.8926, Train RRSE: 0.4529, Test Loss: 1415.7840, Test Node Loss: 196.8072, Test Reg Loss: 12.1898, Test MAPE: 11.7389, Test R: 0.8943, Test RRSE: 0.4519
2025-02-10 16:20:51,334:INFO:Epoch 292: Train Loss: 1380.0451, Train Node Loss: 194.4869, Train Reg Loss: 11.8556, Train MAPE: 11.3747, Train R: 0.8882, Train RRSE: 0.4619, Test Loss: 1478.1929, Test Node Loss: 186.8093, Test Reg Loss: 12.9138, Test MAPE: 11.5614, Test R: 0.8944, Test RRSE: 0.4652
2025-02-10 16:21:07,628:INFO:Epoch 293: Train Loss: 1314.2512, Train Node Loss: 190.0172, Train Reg Loss: 11.2423, Train MAPE: 11.3098, Train R: 0.8955, Train RRSE: 0.4498, Test Loss: 1427.8924, Test Node Loss: 197.5649, Test Reg Loss: 12.3033, Test MAPE: 11.8104, Test R: 0.8946, Test RRSE: 0.4540
2025-02-10 16:21:24,185:INFO:Epoch 294: Train Loss: 1389.6989, Train Node Loss: 199.2489, Train Reg Loss: 11.9045, Train MAPE: 11.5499, Train R: 0.8918, Train RRSE: 0.4628, Test Loss: 1724.2244, Test Node Loss: 181.8624, Test Reg Loss: 15.4236, Test MAPE: 11.4153, Test R: 0.8952, Test RRSE: 0.5084
2025-02-10 16:21:24,218:INFO:Checkpoint saved at best_0.0008_0.001_256_SAGE_2_64_0.8952_epoch_294.pth
2025-02-10 16:21:40,908:INFO:Epoch 295: Train Loss: 1412.2195, Train Node Loss: 187.4171, Train Reg Loss: 12.2480, Train MAPE: 11.1153, Train R: 0.8921, Train RRSE: 0.4695, Test Loss: 1419.0875, Test Node Loss: 193.8758, Test Reg Loss: 12.2521, Test MAPE: 11.5717, Test R: 0.8951, Test RRSE: 0.4531
2025-02-10 16:21:57,255:INFO:Epoch 296: Train Loss: 1402.0430, Train Node Loss: 194.6141, Train Reg Loss: 12.0743, Train MAPE: 11.4511, Train R: 0.8869, Train RRSE: 0.4661, Test Loss: 1468.0809, Test Node Loss: 185.1996, Test Reg Loss: 12.8288, Test MAPE: 11.4428, Test R: 0.8947, Test RRSE: 0.4636
2025-02-10 16:22:13,652:INFO:Epoch 297: Train Loss: 1337.7977, Train Node Loss: 188.5145, Train Reg Loss: 11.4928, Train MAPE: 11.3590, Train R: 0.8919, Train RRSE: 0.4548, Test Loss: 1411.1564, Test Node Loss: 186.9957, Test Reg Loss: 12.2416, Test MAPE: 11.6631, Test R: 0.8945, Test RRSE: 0.4529
2025-02-10 16:22:30,120:INFO:Epoch 298: Train Loss: 1281.6886, Train Node Loss: 188.2267, Train Reg Loss: 10.9346, Train MAPE: 11.4278, Train R: 0.8973, Train RRSE: 0.4436, Test Loss: 1464.2512, Test Node Loss: 182.4603, Test Reg Loss: 12.8179, Test MAPE: 11.5988, Test R: 0.8948, Test RRSE: 0.4634
2025-02-10 16:22:45,996:INFO:Epoch 299: Train Loss: 1383.4443, Train Node Loss: 181.8856, Train Reg Loss: 12.0156, Train MAPE: 11.3328, Train R: 0.8901, Train RRSE: 0.4650, Test Loss: 1413.7526, Test Node Loss: 190.3769, Test Reg Loss: 12.2338, Test MAPE: 11.5042, Test R: 0.8946, Test RRSE: 0.4527
2025-02-10 16:23:02,084:INFO:Epoch 300: Train Loss: 1398.7512, Train Node Loss: 193.8306, Train Reg Loss: 12.0492, Train MAPE: 11.5730, Train R: 0.8921, Train RRSE: 0.4656, Test Loss: 1479.0830, Test Node Loss: 182.4088, Test Reg Loss: 12.9667, Test MAPE: 11.5203, Test R: 0.8949, Test RRSE: 0.4661
2025-02-10 16:23:02,084:INFO:Best performance at epoch 294 with Test MAPE: 0.8952
