2025-02-10 14:55:38,933:INFO:Learning rate: 0.001
2025-02-10 14:55:38,934:INFO:Weight decay: 0.001
2025-02-10 14:55:38,934:INFO:Batch size: 32
2025-02-10 14:55:38,934:INFO:Number of layers: 3
2025-02-10 14:55:38,934:INFO:Convolution type: SAGE
2025-02-10 14:55:38,934:INFO:Convolution neurons: 256
2025-02-10 15:00:34,001:INFO:Learning rate: 0.001
2025-02-10 15:00:34,002:INFO:Weight decay: 0.001
2025-02-10 15:00:34,002:INFO:Batch size: 32
2025-02-10 15:00:34,002:INFO:Number of layers: 3
2025-02-10 15:00:34,002:INFO:Convolution type: SAGE
2025-02-10 15:00:34,002:INFO:Convolution neurons: 256
2025-02-10 15:01:01,152:INFO:Epoch 1: Train Loss: 296651.1874, Train Node Loss: 0.1856, Train Reg Loss: 2966.5101, Train MAPE: 97.9751, Train R: 0.1135, Train RRSE: 9.6810, Test Loss: 298481.4383, Test Node Loss: 0.0570, Test Reg Loss: 2984.8137, Test MAPE: 97.1526, Test R: 0.6880, Test RRSE: 10.1607
2025-02-10 15:01:01,188:INFO:Checkpoint saved at best_0.001_0.001_256_SAGE_3_32_0.6880_epoch_1.pth
2025-02-10 15:01:26,986:INFO:Epoch 2: Train Loss: 267960.1544, Train Node Loss: 0.1608, Train Reg Loss: 2679.5999, Train MAPE: 92.9991, Train R: 0.0664, Train RRSE: 9.2010, Test Loss: 256914.5861, Test Node Loss: 0.4488, Test Reg Loss: 2569.1413, Test MAPE: 90.0042, Test R: 0.7134, Test RRSE: 9.4267
2025-02-10 15:01:27,013:INFO:Checkpoint saved at best_0.001_0.001_256_SAGE_3_32_0.7134_epoch_2.pth
2025-02-10 15:01:53,152:INFO:Epoch 3: Train Loss: 230964.0096, Train Node Loss: 4.5736, Train Reg Loss: 2309.5943, Train MAPE: 86.1654, Train R: 0.0426, Train RRSE: 8.5421, Test Loss: 180787.7412, Test Node Loss: 37.1065, Test Reg Loss: 1807.5064, Test MAPE: 75.1872, Test R: 0.7754, Test RRSE: 7.9069
2025-02-10 15:01:53,184:INFO:Checkpoint saved at best_0.001_0.001_256_SAGE_3_32_0.7754_epoch_3.pth
2025-02-10 15:02:18,866:INFO:Epoch 4: Train Loss: 167165.8722, Train Node Loss: 123.5302, Train Reg Loss: 1670.4234, Train MAPE: 72.8420, Train R: 0.0991, Train RRSE: 7.2646, Test Loss: 59743.7345, Test Node Loss: 897.6242, Test Reg Loss: 588.4611, Test MAPE: 41.9293, Test R: 0.8125, Test RRSE: 4.5115
2025-02-10 15:02:18,891:INFO:Checkpoint saved at best_0.001_0.001_256_SAGE_3_32_0.8125_epoch_4.pth
2025-02-10 15:02:44,586:INFO:Epoch 5: Train Loss: 44910.9961, Train Node Loss: 1691.2230, Train Reg Loss: 432.1977, Train MAPE: 31.4268, Train R: 0.0560, Train RRSE: 3.6952, Test Loss: 188437.4807, Test Node Loss: 9733.1194, Test Reg Loss: 1787.0436, Test MAPE: 76.8081, Test R: 0.8114, Test RRSE: 7.8620
2025-02-10 15:03:10,344:INFO:Epoch 6: Train Loss: 18621.7059, Train Node Loss: 3733.3292, Train Reg Loss: 148.8838, Train MAPE: 20.3993, Train R: 0.2707, Train RRSE: 2.1688, Test Loss: 4038.8360, Test Node Loss: 2089.8667, Test Reg Loss: 19.4897, Test MAPE: 7.5204, Test R: 0.8106, Test RRSE: 0.8210
2025-02-10 15:03:35,730:INFO:Epoch 7: Train Loss: 9710.7310, Train Node Loss: 1409.5581, Train Reg Loss: 83.0117, Train MAPE: 13.3022, Train R: 0.4514, Train RRSE: 1.6195, Test Loss: 5747.1235, Test Node Loss: 1471.7089, Test Reg Loss: 42.7541, Test MAPE: 9.3097, Test R: 0.8004, Test RRSE: 1.2161
2025-02-10 15:04:01,375:INFO:Epoch 8: Train Loss: 5539.7576, Train Node Loss: 1678.9195, Train Reg Loss: 38.6084, Train MAPE: 9.3284, Train R: 0.2251, Train RRSE: 1.1044, Test Loss: 8661.6142, Test Node Loss: 2356.0403, Test Reg Loss: 63.0557, Test MAPE: 14.4544, Test R: 0.7943, Test RRSE: 1.4768
2025-02-10 15:04:26,985:INFO:Epoch 9: Train Loss: 4630.6515, Train Node Loss: 1899.0273, Train Reg Loss: 27.3162, Train MAPE: 9.6964, Train R: 0.6118, Train RRSE: 0.9290, Test Loss: 3390.9698, Test Node Loss: 1581.9212, Test Reg Loss: 18.0905, Test MAPE: 7.5819, Test R: 0.7863, Test RRSE: 0.7910
2025-02-10 15:04:52,552:INFO:Epoch 10: Train Loss: 3874.8838, Train Node Loss: 1401.2695, Train Reg Loss: 24.7361, Train MAPE: 7.5618, Train R: 0.7156, Train RRSE: 0.8840, Test Loss: 3278.8582, Test Node Loss: 1481.7915, Test Reg Loss: 17.9707, Test MAPE: 7.5021, Test R: 0.7796, Test RRSE: 0.7884
2025-02-10 15:05:17,719:INFO:Epoch 11: Train Loss: 3322.8342, Train Node Loss: 1478.4696, Train Reg Loss: 18.4436, Train MAPE: 7.7804, Train R: 0.7731, Train RRSE: 0.7633, Test Loss: 3236.5986, Test Node Loss: 1508.5283, Test Reg Loss: 17.2807, Test MAPE: 8.0169, Test R: 0.7742, Test RRSE: 0.7731
2025-02-10 15:05:42,915:INFO:Epoch 12: Train Loss: 3409.3695, Train Node Loss: 1423.2257, Train Reg Loss: 19.8614, Train MAPE: 8.0161, Train R: 0.7130, Train RRSE: 0.7921, Test Loss: 3045.2405, Test Node Loss: 1320.4305, Test Reg Loss: 17.2481, Test MAPE: 7.7130, Test R: 0.7688, Test RRSE: 0.7724
2025-02-10 15:06:08,266:INFO:Epoch 13: Train Loss: 3179.5038, Train Node Loss: 1278.0379, Train Reg Loss: 19.0147, Train MAPE: 7.7593, Train R: 0.7440, Train RRSE: 0.7751, Test Loss: 2926.5337, Test Node Loss: 1266.0588, Test Reg Loss: 16.6047, Test MAPE: 7.7555, Test R: 0.7640, Test RRSE: 0.7578
2025-02-10 15:06:33,623:INFO:Epoch 14: Train Loss: 3055.3402, Train Node Loss: 1282.4637, Train Reg Loss: 17.7288, Train MAPE: 8.1880, Train R: 0.7377, Train RRSE: 0.7484, Test Loss: 2814.2647, Test Node Loss: 1232.0617, Test Reg Loss: 15.8220, Test MAPE: 7.9151, Test R: 0.7596, Test RRSE: 0.7398
2025-02-10 15:06:59,280:INFO:Epoch 15: Train Loss: 2924.6126, Train Node Loss: 1185.4023, Train Reg Loss: 17.3921, Train MAPE: 7.9695, Train R: 0.7517, Train RRSE: 0.7413, Test Loss: 2838.8392, Test Node Loss: 1131.7222, Test Reg Loss: 17.0712, Test MAPE: 7.8844, Test R: 0.7530, Test RRSE: 0.7684
2025-02-10 15:07:24,449:INFO:Epoch 16: Train Loss: 2887.5628, Train Node Loss: 1165.6536, Train Reg Loss: 17.2191, Train MAPE: 8.2865, Train R: 0.7259, Train RRSE: 0.7376, Test Loss: 2668.0031, Test Node Loss: 1131.0598, Test Reg Loss: 15.3694, Test MAPE: 7.9940, Test R: 0.7475, Test RRSE: 0.7291
2025-02-10 15:07:50,049:INFO:Epoch 17: Train Loss: 2697.0161, Train Node Loss: 1097.2506, Train Reg Loss: 15.9977, Train MAPE: 8.2447, Train R: 0.7571, Train RRSE: 0.7109, Test Loss: 2638.4767, Test Node Loss: 1067.8755, Test Reg Loss: 15.7060, Test MAPE: 8.0573, Test R: 0.7435, Test RRSE: 0.7371
2025-02-10 15:08:15,437:INFO:Epoch 18: Train Loss: 2675.9190, Train Node Loss: 1050.0978, Train Reg Loss: 16.2582, Train MAPE: 8.2581, Train R: 0.7472, Train RRSE: 0.7167, Test Loss: 2556.3772, Test Node Loss: 1050.8590, Test Reg Loss: 15.0552, Test MAPE: 8.0942, Test R: 0.7395, Test RRSE: 0.7216
2025-02-10 15:08:40,812:INFO:Epoch 19: Train Loss: 2535.5277, Train Node Loss: 1051.5250, Train Reg Loss: 14.8400, Train MAPE: 8.5305, Train R: 0.7683, Train RRSE: 0.6847, Test Loss: 2493.3727, Test Node Loss: 1014.9914, Test Reg Loss: 14.7838, Test MAPE: 8.2343, Test R: 0.7395, Test RRSE: 0.7151
2025-02-10 15:09:05,463:INFO:Epoch 20: Train Loss: 2501.1328, Train Node Loss: 977.4332, Train Reg Loss: 15.2370, Train MAPE: 8.4771, Train R: 0.7578, Train RRSE: 0.6938, Test Loss: 2460.2934, Test Node Loss: 974.1483, Test Reg Loss: 14.8615, Test MAPE: 8.2365, Test R: 0.7374, Test RRSE: 0.7170
2025-02-10 15:09:30,383:INFO:Epoch 21: Train Loss: 2518.2167, Train Node Loss: 972.8052, Train Reg Loss: 15.4541, Train MAPE: 8.6059, Train R: 0.7391, Train RRSE: 0.6987, Test Loss: 2401.4942, Test Node Loss: 941.6252, Test Reg Loss: 14.5987, Test MAPE: 8.3083, Test R: 0.7368, Test RRSE: 0.7106
2025-02-10 15:09:55,259:INFO:Epoch 22: Train Loss: 2410.0657, Train Node Loss: 911.9442, Train Reg Loss: 14.9812, Train MAPE: 8.4951, Train R: 0.7569, Train RRSE: 0.6880, Test Loss: 2367.5851, Test Node Loss: 900.8653, Test Reg Loss: 14.6672, Test MAPE: 8.3457, Test R: 0.7399, Test RRSE: 0.7123
2025-02-10 15:10:20,328:INFO:Epoch 23: Train Loss: 2356.8693, Train Node Loss: 901.0571, Train Reg Loss: 14.5581, Train MAPE: 8.6406, Train R: 0.7601, Train RRSE: 0.6782, Test Loss: 2361.0113, Test Node Loss: 853.2562, Test Reg Loss: 15.0776, Test MAPE: 8.3328, Test R: 0.7432, Test RRSE: 0.7222
2025-02-10 15:10:45,008:INFO:Epoch 24: Train Loss: 2328.3507, Train Node Loss: 847.2584, Train Reg Loss: 14.8109, Train MAPE: 8.5850, Train R: 0.7574, Train RRSE: 0.6841, Test Loss: 2252.6898, Test Node Loss: 847.0571, Test Reg Loss: 14.0563, Test MAPE: 8.4174, Test R: 0.7438, Test RRSE: 0.6973
2025-02-10 15:11:09,219:INFO:Epoch 25: Train Loss: 2196.8180, Train Node Loss: 837.3560, Train Reg Loss: 13.5946, Train MAPE: 8.6429, Train R: 0.7833, Train RRSE: 0.6554, Test Loss: 2241.0381, Test Node Loss: 801.1760, Test Reg Loss: 14.3986, Test MAPE: 8.4457, Test R: 0.7429, Test RRSE: 0.7057
2025-02-10 15:11:33,804:INFO:Epoch 26: Train Loss: 2177.6643, Train Node Loss: 798.0752, Train Reg Loss: 13.7959, Train MAPE: 8.7465, Train R: 0.7711, Train RRSE: 0.6602, Test Loss: 2190.1218, Test Node Loss: 782.5543, Test Reg Loss: 14.0757, Test MAPE: 8.3405, Test R: 0.7410, Test RRSE: 0.6977
2025-02-10 15:11:57,715:INFO:Epoch 27: Train Loss: 2371.3938, Train Node Loss: 781.2131, Train Reg Loss: 15.9018, Train MAPE: 8.9346, Train R: 0.7128, Train RRSE: 0.7088, Test Loss: 2272.2502, Test Node Loss: 725.3812, Test Reg Loss: 15.4687, Test MAPE: 8.4482, Test R: 0.7420, Test RRSE: 0.7315
2025-02-10 15:12:21,781:INFO:Epoch 28: Train Loss: 2114.9438, Train Node Loss: 742.8852, Train Reg Loss: 13.7206, Train MAPE: 8.6376, Train R: 0.7761, Train RRSE: 0.6584, Test Loss: 2090.6348, Test Node Loss: 759.3568, Test Reg Loss: 13.3128, Test MAPE: 8.5350, Test R: 0.7469, Test RRSE: 0.6786
2025-02-10 15:12:45,533:INFO:Epoch 29: Train Loss: 2126.2362, Train Node Loss: 739.5386, Train Reg Loss: 13.8670, Train MAPE: 8.9051, Train R: 0.7651, Train RRSE: 0.6619, Test Loss: 2230.5913, Test Node Loss: 672.9011, Test Reg Loss: 15.5769, Test MAPE: 8.4470, Test R: 0.7491, Test RRSE: 0.7340
2025-02-10 15:13:09,757:INFO:Epoch 30: Train Loss: 2188.0795, Train Node Loss: 693.0532, Train Reg Loss: 14.9503, Train MAPE: 8.7381, Train R: 0.7426, Train RRSE: 0.6873, Test Loss: 2032.9334, Test Node Loss: 691.5967, Test Reg Loss: 13.4134, Test MAPE: 8.5310, Test R: 0.7518, Test RRSE: 0.6811
2025-02-10 15:13:34,038:INFO:Epoch 31: Train Loss: 1987.0493, Train Node Loss: 690.0393, Train Reg Loss: 12.9701, Train MAPE: 8.8871, Train R: 0.7843, Train RRSE: 0.6401, Test Loss: 2180.9562, Test Node Loss: 628.2077, Test Reg Loss: 15.5275, Test MAPE: 8.5938, Test R: 0.7510, Test RRSE: 0.7328
2025-02-10 15:13:57,377:INFO:Epoch 32: Train Loss: 2019.1228, Train Node Loss: 654.0036, Train Reg Loss: 13.6512, Train MAPE: 8.7625, Train R: 0.7753, Train RRSE: 0.6567, Test Loss: 2034.3053, Test Node Loss: 629.8247, Test Reg Loss: 14.0448, Test MAPE: 8.5575, Test R: 0.7525, Test RRSE: 0.6970
2025-02-10 15:14:21,150:INFO:Epoch 33: Train Loss: 1969.0564, Train Node Loss: 626.9384, Train Reg Loss: 13.4212, Train MAPE: 8.7866, Train R: 0.7788, Train RRSE: 0.6512, Test Loss: 1943.3135, Test Node Loss: 638.1491, Test Reg Loss: 13.0516, Test MAPE: 8.5100, Test R: 0.7542, Test RRSE: 0.6719
2025-02-10 15:14:45,286:INFO:Epoch 34: Train Loss: 1947.0972, Train Node Loss: 633.1229, Train Reg Loss: 13.1397, Train MAPE: 8.9881, Train R: 0.7781, Train RRSE: 0.6443, Test Loss: 2114.8076, Test Node Loss: 571.7672, Test Reg Loss: 15.4304, Test MAPE: 8.6164, Test R: 0.7548, Test RRSE: 0.7306
2025-02-10 15:15:09,750:INFO:Epoch 35: Train Loss: 1949.1678, Train Node Loss: 602.3663, Train Reg Loss: 13.4680, Train MAPE: 8.8885, Train R: 0.7727, Train RRSE: 0.6523, Test Loss: 1949.0761, Test Node Loss: 576.9110, Test Reg Loss: 13.7217, Test MAPE: 8.6645, Test R: 0.7565, Test RRSE: 0.6889
2025-02-10 15:15:34,274:INFO:Epoch 36: Train Loss: 1892.5633, Train Node Loss: 585.1860, Train Reg Loss: 13.0738, Train MAPE: 8.9407, Train R: 0.7790, Train RRSE: 0.6427, Test Loss: 1936.3544, Test Node Loss: 554.1415, Test Reg Loss: 13.8221, Test MAPE: 8.6160, Test R: 0.7568, Test RRSE: 0.6914
2025-02-10 15:15:59,110:INFO:Epoch 37: Train Loss: 1937.9685, Train Node Loss: 576.7886, Train Reg Loss: 13.6118, Train MAPE: 8.9925, Train R: 0.7637, Train RRSE: 0.6558, Test Loss: 1909.9626, Test Node Loss: 531.6804, Test Reg Loss: 13.7828, Test MAPE: 8.5813, Test R: 0.7578, Test RRSE: 0.6905
2025-02-10 15:16:24,112:INFO:Epoch 38: Train Loss: 1914.1013, Train Node Loss: 529.1387, Train Reg Loss: 13.8496, Train MAPE: 8.7986, Train R: 0.7730, Train RRSE: 0.6615, Test Loss: 1848.7302, Test Node Loss: 571.0286, Test Reg Loss: 12.7770, Test MAPE: 8.9816, Test R: 0.7592, Test RRSE: 0.6648
2025-02-10 15:16:48,310:INFO:Epoch 39: Train Loss: 1935.7962, Train Node Loss: 549.9702, Train Reg Loss: 13.8583, Train MAPE: 9.1253, Train R: 0.7585, Train RRSE: 0.6617, Test Loss: 2325.3878, Test Node Loss: 457.8270, Test Reg Loss: 18.6756, Test MAPE: 8.8825, Test R: 0.7590, Test RRSE: 0.8037
2025-02-10 15:17:12,458:INFO:Epoch 40: Train Loss: 1993.6878, Train Node Loss: 506.7830, Train Reg Loss: 14.8690, Train MAPE: 9.0315, Train R: 0.7354, Train RRSE: 0.6854, Test Loss: 1899.6465, Test Node Loss: 552.6393, Test Reg Loss: 13.4701, Test MAPE: 9.1480, Test R: 0.7624, Test RRSE: 0.6826
2025-02-10 15:17:36,604:INFO:Epoch 41: Train Loss: 1914.9921, Train Node Loss: 493.2390, Train Reg Loss: 14.2175, Train MAPE: 9.0657, Train R: 0.7512, Train RRSE: 0.6702, Test Loss: 1757.5416, Test Node Loss: 490.0313, Test Reg Loss: 12.6751, Test MAPE: 8.7164, Test R: 0.7629, Test RRSE: 0.6621
2025-02-10 15:18:01,000:INFO:Epoch 42: Train Loss: 1832.9444, Train Node Loss: 502.7394, Train Reg Loss: 13.3021, Train MAPE: 9.1639, Train R: 0.7757, Train RRSE: 0.6483, Test Loss: 1938.8474, Test Node Loss: 440.5877, Test Reg Loss: 14.9826, Test MAPE: 8.7748, Test R: 0.7622, Test RRSE: 0.7199
2025-02-10 15:18:25,405:INFO:Epoch 43: Train Loss: 1771.0512, Train Node Loss: 462.9869, Train Reg Loss: 13.0806, Train MAPE: 8.8198, Train R: 0.7817, Train RRSE: 0.6429, Test Loss: 1716.1792, Test Node Loss: 480.9834, Test Reg Loss: 12.3520, Test MAPE: 8.8925, Test R: 0.7628, Test RRSE: 0.6536
2025-02-10 15:18:50,428:INFO:Epoch 44: Train Loss: 1841.5159, Train Node Loss: 466.8560, Train Reg Loss: 13.7466, Train MAPE: 9.0682, Train R: 0.7583, Train RRSE: 0.6590, Test Loss: 1797.6256, Test Node Loss: 432.6628, Test Reg Loss: 13.6496, Test MAPE: 8.7884, Test R: 0.7601, Test RRSE: 0.6871
2025-02-10 15:19:15,340:INFO:Epoch 45: Train Loss: 1693.0527, Train Node Loss: 446.1127, Train Reg Loss: 12.4694, Train MAPE: 9.0428, Train R: 0.7890, Train RRSE: 0.6277, Test Loss: 1683.0030, Test Node Loss: 446.6847, Test Reg Loss: 12.3632, Test MAPE: 8.8159, Test R: 0.7614, Test RRSE: 0.6539
2025-02-10 15:19:39,764:INFO:Epoch 46: Train Loss: 1698.4619, Train Node Loss: 440.0107, Train Reg Loss: 12.5845, Train MAPE: 9.0159, Train R: 0.7851, Train RRSE: 0.6305, Test Loss: 1680.9046, Test Node Loss: 430.3821, Test Reg Loss: 12.5052, Test MAPE: 8.8724, Test R: 0.7616, Test RRSE: 0.6577
2025-02-10 15:20:04,310:INFO:Epoch 47: Train Loss: 1632.6244, Train Node Loss: 424.9475, Train Reg Loss: 12.0768, Train MAPE: 9.1015, Train R: 0.7949, Train RRSE: 0.6177, Test Loss: 1727.6155, Test Node Loss: 404.7758, Test Reg Loss: 13.2284, Test MAPE: 8.8457, Test R: 0.7628, Test RRSE: 0.6764
2025-02-10 15:20:28,537:INFO:Epoch 48: Train Loss: 1731.8154, Train Node Loss: 423.3447, Train Reg Loss: 13.0847, Train MAPE: 9.2460, Train R: 0.7732, Train RRSE: 0.6430, Test Loss: 1934.5885, Test Node Loss: 375.5386, Test Reg Loss: 15.5905, Test MAPE: 8.9761, Test R: 0.7645, Test RRSE: 0.7343
2025-02-10 15:20:53,073:INFO:Epoch 49: Train Loss: 1587.8937, Train Node Loss: 397.3350, Train Reg Loss: 11.9056, Train MAPE: 9.0584, Train R: 0.8012, Train RRSE: 0.6133, Test Loss: 1628.8692, Test Node Loss: 402.7739, Test Reg Loss: 12.2610, Test MAPE: 8.8664, Test R: 0.7660, Test RRSE: 0.6512
2025-02-10 15:21:17,666:INFO:Epoch 50: Train Loss: 1621.0170, Train Node Loss: 399.1744, Train Reg Loss: 12.2184, Train MAPE: 9.1408, Train R: 0.7914, Train RRSE: 0.6213, Test Loss: 1819.4940, Test Node Loss: 365.0660, Test Reg Loss: 14.5443, Test MAPE: 8.9134, Test R: 0.7666, Test RRSE: 0.7093
2025-02-10 15:21:42,566:INFO:Epoch 51: Train Loss: 1698.6359, Train Node Loss: 389.3117, Train Reg Loss: 13.0932, Train MAPE: 9.2161, Train R: 0.7699, Train RRSE: 0.6432, Test Loss: 1880.5446, Test Node Loss: 349.9286, Test Reg Loss: 15.3062, Test MAPE: 9.0239, Test R: 0.7662, Test RRSE: 0.7276
2025-02-10 15:22:07,851:INFO:Epoch 52: Train Loss: 1651.9795, Train Node Loss: 380.7399, Train Reg Loss: 12.7124, Train MAPE: 9.2235, Train R: 0.7763, Train RRSE: 0.6337, Test Loss: 1637.7550, Test Node Loss: 398.1066, Test Reg Loss: 12.3965, Test MAPE: 9.2574, Test R: 0.7682, Test RRSE: 0.6548
2025-02-10 15:22:32,954:INFO:Epoch 53: Train Loss: 1556.5834, Train Node Loss: 368.9634, Train Reg Loss: 11.8762, Train MAPE: 9.1462, Train R: 0.7973, Train RRSE: 0.6125, Test Loss: 1720.7244, Test Node Loss: 338.9604, Test Reg Loss: 13.8176, Test MAPE: 8.9555, Test R: 0.7671, Test RRSE: 0.6913
2025-02-10 15:22:58,330:INFO:Epoch 54: Train Loss: 1593.9743, Train Node Loss: 353.7872, Train Reg Loss: 12.4019, Train MAPE: 9.1301, Train R: 0.7867, Train RRSE: 0.6260, Test Loss: 1614.8763, Test Node Loss: 378.2817, Test Reg Loss: 12.3659, Test MAPE: 9.2719, Test R: 0.7695, Test RRSE: 0.6540
2025-02-10 15:23:24,141:INFO:Epoch 55: Train Loss: 1554.9970, Train Node Loss: 357.0276, Train Reg Loss: 11.9797, Train MAPE: 9.2093, Train R: 0.7939, Train RRSE: 0.6152, Test Loss: 1767.5296, Test Node Loss: 315.5735, Test Reg Loss: 14.5196, Test MAPE: 8.9775, Test R: 0.7704, Test RRSE: 0.7087
2025-02-10 15:23:49,963:INFO:Epoch 56: Train Loss: 1550.4036, Train Node Loss: 333.3779, Train Reg Loss: 12.1703, Train MAPE: 9.1675, Train R: 0.7931, Train RRSE: 0.6201, Test Loss: 1556.6594, Test Node Loss: 357.7060, Test Reg Loss: 11.9895, Test MAPE: 9.2506, Test R: 0.7729, Test RRSE: 0.6440
2025-02-10 15:24:15,870:INFO:Epoch 57: Train Loss: 1486.2823, Train Node Loss: 340.0984, Train Reg Loss: 11.4618, Train MAPE: 9.2258, Train R: 0.8053, Train RRSE: 0.6018, Test Loss: 1971.3113, Test Node Loss: 288.2994, Test Reg Loss: 16.8301, Test MAPE: 9.1325, Test R: 0.7714, Test RRSE: 0.7630
2025-02-10 15:24:41,488:INFO:Epoch 58: Train Loss: 1561.9254, Train Node Loss: 311.6335, Train Reg Loss: 12.5029, Train MAPE: 9.0248, Train R: 0.7904, Train RRSE: 0.6285, Test Loss: 1801.5590, Test Node Loss: 364.0834, Test Reg Loss: 14.3748, Test MAPE: 9.7020, Test R: 0.7750, Test RRSE: 0.7051
2025-02-10 15:25:07,219:INFO:Epoch 59: Train Loss: 1760.4293, Train Node Loss: 313.7401, Train Reg Loss: 14.4669, Train MAPE: 9.2880, Train R: 0.7382, Train RRSE: 0.6761, Test Loss: 1552.0588, Test Node Loss: 296.2829, Test Reg Loss: 12.5578, Test MAPE: 8.8594, Test R: 0.7766, Test RRSE: 0.6591
2025-02-10 15:25:32,679:INFO:Epoch 60: Train Loss: 1595.8384, Train Node Loss: 322.9358, Train Reg Loss: 12.7290, Train MAPE: 9.3864, Train R: 0.7866, Train RRSE: 0.6342, Test Loss: 1610.9329, Test Node Loss: 287.0382, Test Reg Loss: 13.2389, Test MAPE: 8.8198, Test R: 0.7763, Test RRSE: 0.6767
2025-02-10 15:25:58,330:INFO:Epoch 61: Train Loss: 1505.4477, Train Node Loss: 287.7020, Train Reg Loss: 12.1775, Train MAPE: 8.9798, Train R: 0.8000, Train RRSE: 0.6203, Test Loss: 1462.4486, Test Node Loss: 306.3271, Test Reg Loss: 11.5612, Test MAPE: 9.0935, Test R: 0.7764, Test RRSE: 0.6324
2025-02-10 15:26:24,213:INFO:Epoch 62: Train Loss: 1436.2296, Train Node Loss: 305.8845, Train Reg Loss: 11.3035, Train MAPE: 9.3475, Train R: 0.8106, Train RRSE: 0.5976, Test Loss: 1813.3333, Test Node Loss: 261.0610, Test Reg Loss: 15.5227, Test MAPE: 9.0438, Test R: 0.7744, Test RRSE: 0.7327
2025-02-10 15:26:49,734:INFO:Epoch 63: Train Loss: 1568.9700, Train Node Loss: 289.7728, Train Reg Loss: 12.7920, Train MAPE: 9.4302, Train R: 0.7729, Train RRSE: 0.6357, Test Loss: 1446.8620, Test Node Loss: 292.7708, Test Reg Loss: 11.5409, Test MAPE: 9.0881, Test R: 0.7761, Test RRSE: 0.6318
2025-02-10 15:27:15,352:INFO:Epoch 64: Train Loss: 1582.3562, Train Node Loss: 269.3241, Train Reg Loss: 13.1303, Train MAPE: 9.1578, Train R: 0.7772, Train RRSE: 0.6441, Test Loss: 1470.4400, Test Node Loss: 293.6009, Test Reg Loss: 11.7684, Test MAPE: 9.0755, Test R: 0.7785, Test RRSE: 0.6380
2025-02-10 15:27:40,860:INFO:Epoch 65: Train Loss: 1467.2205, Train Node Loss: 277.5987, Train Reg Loss: 11.8962, Train MAPE: 9.2572, Train R: 0.7951, Train RRSE: 0.6131, Test Loss: 1630.5720, Test Node Loss: 246.8683, Test Reg Loss: 13.8370, Test MAPE: 8.9732, Test R: 0.7790, Test RRSE: 0.6918
2025-02-10 15:28:06,569:INFO:Epoch 66: Train Loss: 1566.2277, Train Node Loss: 275.3958, Train Reg Loss: 12.9083, Train MAPE: 9.4190, Train R: 0.7738, Train RRSE: 0.6386, Test Loss: 1642.9471, Test Node Loss: 243.0683, Test Reg Loss: 13.9988, Test MAPE: 9.1064, Test R: 0.7782, Test RRSE: 0.6958
2025-02-10 15:28:32,253:INFO:Epoch 67: Train Loss: 1445.0784, Train Node Loss: 253.2837, Train Reg Loss: 11.9179, Train MAPE: 9.1804, Train R: 0.7999, Train RRSE: 0.6136, Test Loss: 1461.9844, Test Node Loss: 280.4037, Test Reg Loss: 11.8158, Test MAPE: 9.3681, Test R: 0.7794, Test RRSE: 0.6393
2025-02-10 15:28:57,918:INFO:Epoch 68: Train Loss: 1416.4991, Train Node Loss: 268.0986, Train Reg Loss: 11.4840, Train MAPE: 9.5423, Train R: 0.8032, Train RRSE: 0.6023, Test Loss: 1902.0109, Test Node Loss: 221.5715, Test Reg Loss: 16.8044, Test MAPE: 9.2931, Test R: 0.7792, Test RRSE: 0.7624
2025-02-10 15:29:23,900:INFO:Epoch 69: Train Loss: 1479.6984, Train Node Loss: 242.5869, Train Reg Loss: 12.3711, Train MAPE: 9.1997, Train R: 0.7878, Train RRSE: 0.6252, Test Loss: 1511.0508, Test Node Loss: 273.6868, Test Reg Loss: 12.3736, Test MAPE: 9.4537, Test R: 0.7827, Test RRSE: 0.6542
2025-02-10 15:29:50,001:INFO:Epoch 70: Train Loss: 1392.4597, Train Node Loss: 250.7542, Train Reg Loss: 11.4171, Train MAPE: 9.3562, Train R: 0.8052, Train RRSE: 0.6006, Test Loss: 1680.3861, Test Node Loss: 217.4587, Test Reg Loss: 14.6293, Test MAPE: 9.0252, Test R: 0.7833, Test RRSE: 0.7113
2025-02-10 15:30:15,589:INFO:Epoch 71: Train Loss: 1385.8124, Train Node Loss: 240.8888, Train Reg Loss: 11.4492, Train MAPE: 9.3037, Train R: 0.8029, Train RRSE: 0.6014, Test Loss: 1361.8532, Test Node Loss: 238.1866, Test Reg Loss: 11.2367, Test MAPE: 9.0563, Test R: 0.7849, Test RRSE: 0.6234
2025-02-10 15:30:41,346:INFO:Epoch 72: Train Loss: 1359.0845, Train Node Loss: 231.1579, Train Reg Loss: 11.2793, Train MAPE: 9.1939, Train R: 0.8101, Train RRSE: 0.5970, Test Loss: 1384.9004, Test Node Loss: 224.9823, Test Reg Loss: 11.5992, Test MAPE: 9.1239, Test R: 0.7854, Test RRSE: 0.6334
2025-02-10 15:31:07,003:INFO:Epoch 73: Train Loss: 1410.6629, Train Node Loss: 232.8749, Train Reg Loss: 11.7779, Train MAPE: 9.2156, Train R: 0.7960, Train RRSE: 0.6100, Test Loss: 1358.1342, Test Node Loss: 228.8141, Test Reg Loss: 11.2932, Test MAPE: 9.1565, Test R: 0.7851, Test RRSE: 0.6250
2025-02-10 15:31:32,566:INFO:Epoch 74: Train Loss: 1324.3170, Train Node Loss: 223.8559, Train Reg Loss: 11.0046, Train MAPE: 9.2654, Train R: 0.8139, Train RRSE: 0.5896, Test Loss: 1445.8139, Test Node Loss: 212.8568, Test Reg Loss: 12.3296, Test MAPE: 9.1025, Test R: 0.7865, Test RRSE: 0.6530
2025-02-10 15:31:58,023:INFO:Epoch 75: Train Loss: 1299.1564, Train Node Loss: 227.2540, Train Reg Loss: 10.7190, Train MAPE: 9.3682, Train R: 0.8199, Train RRSE: 0.5819, Test Loss: 1422.2219, Test Node Loss: 207.7387, Test Reg Loss: 12.1448, Test MAPE: 9.1669, Test R: 0.7866, Test RRSE: 0.6481
2025-02-10 15:32:23,823:INFO:Epoch 76: Train Loss: 1330.9772, Train Node Loss: 215.4231, Train Reg Loss: 11.1555, Train MAPE: 9.2753, Train R: 0.8106, Train RRSE: 0.5937, Test Loss: 1320.5480, Test Node Loss: 217.5165, Test Reg Loss: 11.0303, Test MAPE: 9.1890, Test R: 0.7869, Test RRSE: 0.6177
2025-02-10 15:32:49,390:INFO:Epoch 77: Train Loss: 1406.2261, Train Node Loss: 204.1612, Train Reg Loss: 12.0206, Train MAPE: 9.2919, Train R: 0.7958, Train RRSE: 0.6163, Test Loss: 1483.1523, Test Node Loss: 233.8725, Test Reg Loss: 12.4928, Test MAPE: 9.7381, Test R: 0.7885, Test RRSE: 0.6573
2025-02-10 15:33:14,991:INFO:Epoch 78: Train Loss: 1378.8728, Train Node Loss: 217.8999, Train Reg Loss: 11.6097, Train MAPE: 9.5811, Train R: 0.8058, Train RRSE: 0.6056, Test Loss: 1491.3311, Test Node Loss: 189.8252, Test Reg Loss: 13.0151, Test MAPE: 9.1548, Test R: 0.7899, Test RRSE: 0.6709
2025-02-10 15:33:40,357:INFO:Epoch 79: Train Loss: 1330.6057, Train Node Loss: 197.4129, Train Reg Loss: 11.3319, Train MAPE: 9.2344, Train R: 0.8078, Train RRSE: 0.5983, Test Loss: 1300.7796, Test Node Loss: 206.7969, Test Reg Loss: 10.9398, Test MAPE: 9.1456, Test R: 0.7893, Test RRSE: 0.6151
2025-02-10 15:34:05,757:INFO:Epoch 80: Train Loss: 1468.7600, Train Node Loss: 192.6420, Train Reg Loss: 12.7612, Train MAPE: 9.2631, Train R: 0.7773, Train RRSE: 0.6350, Test Loss: 1363.2199, Test Node Loss: 212.2778, Test Reg Loss: 11.5094, Test MAPE: 9.4844, Test R: 0.7902, Test RRSE: 0.6309
2025-02-10 15:34:31,254:INFO:Epoch 81: Train Loss: 1340.3882, Train Node Loss: 205.4297, Train Reg Loss: 11.3496, Train MAPE: 9.4652, Train R: 0.8150, Train RRSE: 0.5988, Test Loss: 1625.3584, Test Node Loss: 165.6887, Test Reg Loss: 14.5967, Test MAPE: 9.1186, Test R: 0.7920, Test RRSE: 0.7105
2025-02-10 15:34:56,812:INFO:Epoch 82: Train Loss: 1327.2756, Train Node Loss: 181.5684, Train Reg Loss: 11.4571, Train MAPE: 9.2408, Train R: 0.8059, Train RRSE: 0.6016, Test Loss: 1297.2425, Test Node Loss: 197.7900, Test Reg Loss: 10.9945, Test MAPE: 9.1245, Test R: 0.7922, Test RRSE: 0.6167
2025-02-10 15:35:21,777:INFO:Epoch 83: Train Loss: 1256.1692, Train Node Loss: 186.3504, Train Reg Loss: 10.6982, Train MAPE: 9.2525, Train R: 0.8183, Train RRSE: 0.5814, Test Loss: 1771.6984, Test Node Loss: 155.5133, Test Reg Loss: 16.1619, Test MAPE: 9.4308, Test R: 0.7920, Test RRSE: 0.7477
2025-02-10 15:35:47,204:INFO:Epoch 84: Train Loss: 1370.5297, Train Node Loss: 181.1311, Train Reg Loss: 11.8940, Train MAPE: 9.4180, Train R: 0.7919, Train RRSE: 0.6130, Test Loss: 1407.3581, Test Node Loss: 168.8289, Test Reg Loss: 12.3853, Test MAPE: 9.2903, Test R: 0.7904, Test RRSE: 0.6545
2025-02-10 15:36:12,842:INFO:Epoch 85: Train Loss: 1343.9692, Train Node Loss: 181.1473, Train Reg Loss: 11.6282, Train MAPE: 9.4589, Train R: 0.7975, Train RRSE: 0.6061, Test Loss: 1591.7370, Test Node Loss: 155.8659, Test Reg Loss: 14.3587, Test MAPE: 9.2799, Test R: 0.7910, Test RRSE: 0.7047
2025-02-10 15:36:38,029:INFO:Epoch 86: Train Loss: 1444.0590, Train Node Loss: 161.2538, Train Reg Loss: 12.8281, Train MAPE: 9.2925, Train R: 0.7836, Train RRSE: 0.6366, Test Loss: 1408.3860, Test Node Loss: 191.8896, Test Reg Loss: 12.1650, Test MAPE: 9.6576, Test R: 0.7933, Test RRSE: 0.6487
2025-02-10 15:37:03,435:INFO:Epoch 87: Train Loss: 1416.7360, Train Node Loss: 167.7810, Train Reg Loss: 12.4895, Train MAPE: 9.3486, Train R: 0.7804, Train RRSE: 0.6282, Test Loss: 1255.9262, Test Node Loss: 164.7198, Test Reg Loss: 10.9121, Test MAPE: 9.2079, Test R: 0.7931, Test RRSE: 0.6144
2025-02-10 15:37:29,026:INFO:Epoch 88: Train Loss: 1278.7388, Train Node Loss: 170.6209, Train Reg Loss: 11.0812, Train MAPE: 9.5549, Train R: 0.8109, Train RRSE: 0.5917, Test Loss: 1591.6443, Test Node Loss: 142.9883, Test Reg Loss: 14.4866, Test MAPE: 9.3450, Test R: 0.7931, Test RRSE: 0.7079
2025-02-10 15:37:54,293:INFO:Epoch 89: Train Loss: 1220.1229, Train Node Loss: 154.7285, Train Reg Loss: 10.6539, Train MAPE: 9.3530, Train R: 0.8219, Train RRSE: 0.5802, Test Loss: 1297.2123, Test Node Loss: 171.5327, Test Reg Loss: 11.2568, Test MAPE: 9.6036, Test R: 0.7933, Test RRSE: 0.6240
2025-02-10 15:38:18,894:INFO:Epoch 90: Train Loss: 1290.0061, Train Node Loss: 163.5688, Train Reg Loss: 11.2644, Train MAPE: 9.5370, Train R: 0.8070, Train RRSE: 0.5966, Test Loss: 1424.4500, Test Node Loss: 145.8470, Test Reg Loss: 12.7860, Test MAPE: 9.1462, Test R: 0.7929, Test RRSE: 0.6650
2025-02-10 15:38:43,851:INFO:Epoch 91: Train Loss: 1174.4954, Train Node Loss: 150.8568, Train Reg Loss: 10.2364, Train MAPE: 9.3377, Train R: 0.8296, Train RRSE: 0.5687, Test Loss: 1221.8776, Test Node Loss: 156.1606, Test Reg Loss: 10.6572, Test MAPE: 9.3826, Test R: 0.7946, Test RRSE: 0.6071
2025-02-10 15:39:08,187:INFO:Epoch 92: Train Loss: 1240.1862, Train Node Loss: 156.6461, Train Reg Loss: 10.8354, Train MAPE: 9.5248, Train R: 0.8146, Train RRSE: 0.5851, Test Loss: 1493.9496, Test Node Loss: 136.5291, Test Reg Loss: 13.5742, Test MAPE: 9.3352, Test R: 0.7939, Test RRSE: 0.6852
2025-02-10 15:39:32,550:INFO:Epoch 93: Train Loss: 1221.5606, Train Node Loss: 148.0528, Train Reg Loss: 10.7351, Train MAPE: 9.3834, Train R: 0.8174, Train RRSE: 0.5824, Test Loss: 1235.6068, Test Node Loss: 157.8504, Test Reg Loss: 10.7776, Test MAPE: 9.5048, Test R: 0.7959, Test RRSE: 0.6106
2025-02-10 15:39:57,217:INFO:Epoch 94: Train Loss: 1222.5346, Train Node Loss: 147.1475, Train Reg Loss: 10.7539, Train MAPE: 9.4384, Train R: 0.8154, Train RRSE: 0.5829, Test Loss: 1243.6854, Test Node Loss: 143.8302, Test Reg Loss: 10.9986, Test MAPE: 9.3555, Test R: 0.7966, Test RRSE: 0.6168
2025-02-10 15:40:21,378:INFO:Epoch 95: Train Loss: 1227.9987, Train Node Loss: 153.9316, Train Reg Loss: 10.7407, Train MAPE: 9.5128, Train R: 0.8191, Train RRSE: 0.5825, Test Loss: 1485.6535, Test Node Loss: 131.2175, Test Reg Loss: 13.5444, Test MAPE: 9.4852, Test R: 0.7955, Test RRSE: 0.6845
2025-02-10 15:40:45,535:INFO:Epoch 96: Train Loss: 1244.1097, Train Node Loss: 135.7727, Train Reg Loss: 11.0834, Train MAPE: 9.3008, Train R: 0.8160, Train RRSE: 0.5917, Test Loss: 1305.2802, Test Node Loss: 153.9923, Test Reg Loss: 11.5129, Test MAPE: 9.7985, Test R: 0.7980, Test RRSE: 0.6310
2025-02-10 15:41:09,588:INFO:Epoch 97: Train Loss: 1261.6354, Train Node Loss: 137.6455, Train Reg Loss: 11.2399, Train MAPE: 9.4800, Train R: 0.8057, Train RRSE: 0.5959, Test Loss: 1188.0678, Test Node Loss: 141.0035, Test Reg Loss: 10.4706, Test MAPE: 9.3523, Test R: 0.7987, Test RRSE: 0.6018
2025-02-10 15:41:33,814:INFO:Epoch 98: Train Loss: 1188.0891, Train Node Loss: 142.5940, Train Reg Loss: 10.4550, Train MAPE: 9.4467, Train R: 0.8265, Train RRSE: 0.5747, Test Loss: 1546.4178, Test Node Loss: 118.9455, Test Reg Loss: 14.2747, Test MAPE: 9.4752, Test R: 0.7990, Test RRSE: 0.7027
2025-02-10 15:41:58,187:INFO:Epoch 99: Train Loss: 1223.5378, Train Node Loss: 128.8193, Train Reg Loss: 10.9472, Train MAPE: 9.3755, Train R: 0.8136, Train RRSE: 0.5881, Test Loss: 1186.6506, Test Node Loss: 136.8647, Test Reg Loss: 10.4979, Test MAPE: 9.4662, Test R: 0.7989, Test RRSE: 0.6026
2025-02-10 15:42:22,586:INFO:Epoch 100: Train Loss: 1157.3576, Train Node Loss: 130.2046, Train Reg Loss: 10.2715, Train MAPE: 9.4682, Train R: 0.8247, Train RRSE: 0.5697, Test Loss: 1211.7622, Test Node Loss: 126.1397, Test Reg Loss: 10.8562, Test MAPE: 9.2982, Test R: 0.7995, Test RRSE: 0.6128
2025-02-10 15:42:47,012:INFO:Epoch 101: Train Loss: 1195.2131, Train Node Loss: 124.0021, Train Reg Loss: 10.7121, Train MAPE: 9.4150, Train R: 0.8179, Train RRSE: 0.5817, Test Loss: 1176.1743, Test Node Loss: 131.4682, Test Reg Loss: 10.4471, Test MAPE: 9.6184, Test R: 0.8001, Test RRSE: 0.6011
2025-02-10 15:43:10,872:INFO:Epoch 102: Train Loss: 1153.1015, Train Node Loss: 126.7351, Train Reg Loss: 10.2637, Train MAPE: 9.4212, Train R: 0.8244, Train RRSE: 0.5694, Test Loss: 1582.5962, Test Node Loss: 108.4928, Test Reg Loss: 14.7410, Test MAPE: 9.5587, Test R: 0.8018, Test RRSE: 0.7140
2025-02-10 15:43:34,971:INFO:Epoch 103: Train Loss: 1188.2460, Train Node Loss: 122.2833, Train Reg Loss: 10.6596, Train MAPE: 9.3739, Train R: 0.8175, Train RRSE: 0.5803, Test Loss: 1171.5731, Test Node Loss: 123.0246, Test Reg Loss: 10.4855, Test MAPE: 9.4794, Test R: 0.8007, Test RRSE: 0.6022
2025-02-10 15:43:58,875:INFO:Epoch 104: Train Loss: 1124.7503, Train Node Loss: 123.6298, Train Reg Loss: 10.0112, Train MAPE: 9.6431, Train R: 0.8283, Train RRSE: 0.5624, Test Loss: 1808.1763, Test Node Loss: 101.3304, Test Reg Loss: 17.0685, Test MAPE: 9.8482, Test R: 0.8005, Test RRSE: 0.7684
2025-02-10 15:44:23,432:INFO:Epoch 105: Train Loss: 1171.1090, Train Node Loss: 114.3631, Train Reg Loss: 10.5675, Train MAPE: 9.3235, Train R: 0.8226, Train RRSE: 0.5778, Test Loss: 1180.0402, Test Node Loss: 127.0297, Test Reg Loss: 10.5301, Test MAPE: 9.6703, Test R: 0.8038, Test RRSE: 0.6035
2025-02-10 15:44:48,441:INFO:Epoch 106: Train Loss: 1159.4530, Train Node Loss: 119.9539, Train Reg Loss: 10.3950, Train MAPE: 9.5079, Train R: 0.8240, Train RRSE: 0.5731, Test Loss: 1563.5887, Test Node Loss: 101.9368, Test Reg Loss: 14.6165, Test MAPE: 9.4437, Test R: 0.8063, Test RRSE: 0.7110
2025-02-10 15:45:13,693:INFO:Epoch 107: Train Loss: 1227.5898, Train Node Loss: 109.3960, Train Reg Loss: 11.1819, Train MAPE: 9.3745, Train R: 0.8100, Train RRSE: 0.5944, Test Loss: 1212.4428, Test Node Loss: 122.7567, Test Reg Loss: 10.8969, Test MAPE: 9.7485, Test R: 0.8034, Test RRSE: 0.6139
2025-02-10 15:45:39,050:INFO:Epoch 108: Train Loss: 1244.4468, Train Node Loss: 112.4324, Train Reg Loss: 11.3201, Train MAPE: 9.6343, Train R: 0.8021, Train RRSE: 0.5980, Test Loss: 1322.4189, Test Node Loss: 101.2038, Test Reg Loss: 12.2122, Test MAPE: 9.4674, Test R: 0.8048, Test RRSE: 0.6499
2025-02-10 15:46:04,631:INFO:Epoch 109: Train Loss: 1359.0091, Train Node Loss: 115.5758, Train Reg Loss: 12.4343, Train MAPE: 9.7891, Train R: 0.7872, Train RRSE: 0.6268, Test Loss: 2340.2353, Test Node Loss: 83.8802, Test Reg Loss: 22.5636, Test MAPE: 10.1118, Test R: 0.8062, Test RRSE: 0.8834
2025-02-10 15:46:30,021:INFO:Epoch 110: Train Loss: 1216.7435, Train Node Loss: 97.1731, Train Reg Loss: 11.1957, Train MAPE: 9.3064, Train R: 0.8159, Train RRSE: 0.5947, Test Loss: 1262.4263, Test Node Loss: 115.8863, Test Reg Loss: 11.4654, Test MAPE: 9.8054, Test R: 0.8066, Test RRSE: 0.6297
2025-02-10 15:46:55,453:INFO:Epoch 111: Train Loss: 1186.9043, Train Node Loss: 102.1497, Train Reg Loss: 10.8475, Train MAPE: 9.5644, Train R: 0.8126, Train RRSE: 0.5854, Test Loss: 1419.7633, Test Node Loss: 89.4295, Test Reg Loss: 13.3033, Test MAPE: 9.3828, Test R: 0.8048, Test RRSE: 0.6783
2025-02-10 15:47:20,237:INFO:Epoch 112: Train Loss: 1383.9023, Train Node Loss: 104.4859, Train Reg Loss: 12.7942, Train MAPE: 9.8620, Train R: 0.7781, Train RRSE: 0.6358, Test Loss: 1488.9820, Test Node Loss: 83.4957, Test Reg Loss: 14.0549, Test MAPE: 9.4243, Test R: 0.8045, Test RRSE: 0.6972
2025-02-10 15:47:44,832:INFO:Epoch 113: Train Loss: 1232.1998, Train Node Loss: 87.6528, Train Reg Loss: 11.4455, Train MAPE: 9.3414, Train R: 0.8127, Train RRSE: 0.6013, Test Loss: 1292.3916, Test Node Loss: 108.2287, Test Reg Loss: 11.8416, Test MAPE: 9.9536, Test R: 0.8024, Test RRSE: 0.6400
2025-02-10 15:48:09,723:INFO:Epoch 114: Train Loss: 1235.8402, Train Node Loss: 97.8347, Train Reg Loss: 11.3801, Train MAPE: 9.5861, Train R: 0.8064, Train RRSE: 0.5996, Test Loss: 1154.6541, Test Node Loss: 88.2657, Test Reg Loss: 10.6639, Test MAPE: 9.1659, Test R: 0.8052, Test RRSE: 0.6073
2025-02-10 15:48:34,645:INFO:Epoch 115: Train Loss: 1134.7129, Train Node Loss: 88.7047, Train Reg Loss: 10.4601, Train MAPE: 9.4208, Train R: 0.8218, Train RRSE: 0.5749, Test Loss: 1149.6374, Test Node Loss: 89.1677, Test Reg Loss: 10.6047, Test MAPE: 9.4369, Test R: 0.8056, Test RRSE: 0.6056
2025-02-10 15:48:59,382:INFO:Epoch 116: Train Loss: 1140.9277, Train Node Loss: 85.0114, Train Reg Loss: 10.5592, Train MAPE: 9.3628, Train R: 0.8213, Train RRSE: 0.5776, Test Loss: 1273.3902, Test Node Loss: 81.8895, Test Reg Loss: 11.9150, Test MAPE: 9.5056, Test R: 0.8066, Test RRSE: 0.6420
2025-02-10 15:49:23,879:INFO:Epoch 117: Train Loss: 1171.2968, Train Node Loss: 92.9574, Train Reg Loss: 10.7834, Train MAPE: 9.5915, Train R: 0.8208, Train RRSE: 0.5837, Test Loss: 1833.8088, Test Node Loss: 73.8637, Test Reg Loss: 17.5995, Test MAPE: 9.8239, Test R: 0.8069, Test RRSE: 0.7802
2025-02-10 15:49:48,755:INFO:Epoch 118: Train Loss: 1183.9696, Train Node Loss: 77.3752, Train Reg Loss: 11.0659, Train MAPE: 9.4085, Train R: 0.8243, Train RRSE: 0.5913, Test Loss: 1236.1281, Test Node Loss: 97.5081, Test Reg Loss: 11.3862, Test MAPE: 9.9316, Test R: 0.8079, Test RRSE: 0.6276
2025-02-10 15:50:13,635:INFO:Epoch 119: Train Loss: 1174.7010, Train Node Loss: 87.1554, Train Reg Loss: 10.8755, Train MAPE: 9.6081, Train R: 0.8150, Train RRSE: 0.5862, Test Loss: 1280.8411, Test Node Loss: 73.6447, Test Reg Loss: 12.0720, Test MAPE: 9.4222, Test R: 0.8094, Test RRSE: 0.6462
2025-02-10 15:50:38,827:INFO:Epoch 120: Train Loss: 1121.0960, Train Node Loss: 76.7508, Train Reg Loss: 10.4435, Train MAPE: 9.2315, Train R: 0.8265, Train RRSE: 0.5744, Test Loss: 1141.4905, Test Node Loss: 86.3595, Test Reg Loss: 10.5513, Test MAPE: 9.7404, Test R: 0.8085, Test RRSE: 0.6041
2025-02-10 15:51:03,587:INFO:Epoch 121: Train Loss: 1160.0129, Train Node Loss: 84.5958, Train Reg Loss: 10.7542, Train MAPE: 9.7967, Train R: 0.8188, Train RRSE: 0.5829, Test Loss: 2421.6503, Test Node Loss: 62.4793, Test Reg Loss: 23.5917, Test MAPE: 10.3282, Test R: 0.8070, Test RRSE: 0.9033
2025-02-10 15:51:27,758:INFO:Epoch 122: Train Loss: 1169.3551, Train Node Loss: 73.1247, Train Reg Loss: 10.9623, Train MAPE: 9.3984, Train R: 0.8181, Train RRSE: 0.5885, Test Loss: 1486.8550, Test Node Loss: 94.4339, Test Reg Loss: 13.9242, Test MAPE: 10.3569, Test R: 0.8084, Test RRSE: 0.6940
2025-02-10 15:51:51,521:INFO:Epoch 123: Train Loss: 1151.1101, Train Node Loss: 83.2123, Train Reg Loss: 10.6790, Train MAPE: 9.8371, Train R: 0.8274, Train RRSE: 0.5808, Test Loss: 1866.4845, Test Node Loss: 61.5480, Test Reg Loss: 18.0494, Test MAPE: 9.7822, Test R: 0.8113, Test RRSE: 0.7901
2025-02-10 15:52:15,251:INFO:Epoch 124: Train Loss: 1105.9335, Train Node Loss: 67.7034, Train Reg Loss: 10.3823, Train MAPE: 9.3485, Train R: 0.8333, Train RRSE: 0.5727, Test Loss: 1107.8955, Test Node Loss: 79.8182, Test Reg Loss: 10.2808, Test MAPE: 9.6954, Test R: 0.8130, Test RRSE: 0.5963
2025-02-10 15:52:15,317:INFO:Checkpoint saved at best_0.001_0.001_256_SAGE_3_32_0.8130_epoch_124.pth
2025-02-10 15:52:39,067:INFO:Epoch 125: Train Loss: 1070.4665, Train Node Loss: 77.1563, Train Reg Loss: 9.9331, Train MAPE: 9.6626, Train R: 0.8362, Train RRSE: 0.5602, Test Loss: 1489.2203, Test Node Loss: 62.7435, Test Reg Loss: 14.2648, Test MAPE: 9.6406, Test R: 0.8110, Test RRSE: 0.7024
2025-02-10 15:53:02,808:INFO:Epoch 126: Train Loss: 1028.4841, Train Node Loss: 67.6646, Train Reg Loss: 9.6082, Train MAPE: 9.4210, Train R: 0.8421, Train RRSE: 0.5510, Test Loss: 1186.5163, Test Node Loss: 78.3947, Test Reg Loss: 11.0812, Test MAPE: 9.8783, Test R: 0.8088, Test RRSE: 0.6191
2025-02-10 15:53:25,846:INFO:Epoch 127: Train Loss: 1103.0281, Train Node Loss: 71.1796, Train Reg Loss: 10.3185, Train MAPE: 9.5901, Train R: 0.8240, Train RRSE: 0.5710, Test Loss: 1173.7484, Test Node Loss: 64.6463, Test Reg Loss: 11.0910, Test MAPE: 9.5669, Test R: 0.8128, Test RRSE: 0.6194
2025-02-10 15:53:49,434:INFO:Epoch 128: Train Loss: 1102.1447, Train Node Loss: 65.2366, Train Reg Loss: 10.3691, Train MAPE: 9.4284, Train R: 0.8237, Train RRSE: 0.5724, Test Loss: 1077.0880, Test Node Loss: 72.4864, Test Reg Loss: 10.0460, Test MAPE: 9.6408, Test R: 0.8116, Test RRSE: 0.5895
2025-02-10 15:54:12,770:INFO:Epoch 129: Train Loss: 1182.3953, Train Node Loss: 65.7836, Train Reg Loss: 11.1661, Train MAPE: 9.4673, Train R: 0.8065, Train RRSE: 0.5939, Test Loss: 1320.3418, Test Node Loss: 61.9989, Test Reg Loss: 12.5834, Test MAPE: 9.6599, Test R: 0.8127, Test RRSE: 0.6597
2025-02-10 15:54:36,030:INFO:Epoch 130: Train Loss: 1074.5089, Train Node Loss: 65.8101, Train Reg Loss: 10.0870, Train MAPE: 9.6275, Train R: 0.8263, Train RRSE: 0.5645, Test Loss: 1062.4209, Test Node Loss: 68.7095, Test Reg Loss: 9.9371, Test MAPE: 9.7084, Test R: 0.8115, Test RRSE: 0.5863
2025-02-10 15:54:59,968:INFO:Epoch 131: Train Loss: 1141.0423, Train Node Loss: 65.4291, Train Reg Loss: 10.7561, Train MAPE: 9.5363, Train R: 0.8147, Train RRSE: 0.5829, Test Loss: 2133.8707, Test Node Loss: 50.3615, Test Reg Loss: 20.8351, Test MAPE: 10.2439, Test R: 0.8141, Test RRSE: 0.8489
2025-02-10 15:55:00,014:INFO:Checkpoint saved at best_0.001_0.001_256_SAGE_3_32_0.8141_epoch_131.pth
2025-02-10 15:55:24,284:INFO:Epoch 132: Train Loss: 1190.4750, Train Node Loss: 64.8352, Train Reg Loss: 11.2564, Train MAPE: 9.6694, Train R: 0.8043, Train RRSE: 0.5963, Test Loss: 1555.4144, Test Node Loss: 55.5288, Test Reg Loss: 14.9989, Test MAPE: 9.8419, Test R: 0.8087, Test RRSE: 0.7203
2025-02-10 15:55:48,654:INFO:Epoch 133: Train Loss: 1092.5275, Train Node Loss: 55.7947, Train Reg Loss: 10.3673, Train MAPE: 9.4086, Train R: 0.8319, Train RRSE: 0.5723, Test Loss: 1087.7676, Test Node Loss: 64.3664, Test Reg Loss: 10.2340, Test MAPE: 9.6953, Test R: 0.8144, Test RRSE: 0.5950
2025-02-10 15:55:48,676:INFO:Checkpoint saved at best_0.001_0.001_256_SAGE_3_32_0.8144_epoch_133.pth
2025-02-10 15:56:13,539:INFO:Epoch 134: Train Loss: 1201.0574, Train Node Loss: 60.4785, Train Reg Loss: 11.4058, Train MAPE: 9.5224, Train R: 0.8063, Train RRSE: 0.6003, Test Loss: 1720.3181, Test Node Loss: 46.9504, Test Reg Loss: 16.7337, Test MAPE: 9.6698, Test R: 0.8153, Test RRSE: 0.7608
2025-02-10 15:56:13,569:INFO:Checkpoint saved at best_0.001_0.001_256_SAGE_3_32_0.8153_epoch_134.pth
2025-02-10 15:56:39,007:INFO:Epoch 135: Train Loss: 1173.9871, Train Node Loss: 58.4860, Train Reg Loss: 11.1550, Train MAPE: 9.6984, Train R: 0.8050, Train RRSE: 0.5937, Test Loss: 1258.2192, Test Node Loss: 54.0823, Test Reg Loss: 12.0414, Test MAPE: 9.6200, Test R: 0.8099, Test RRSE: 0.6454
2025-02-10 15:57:04,799:INFO:Epoch 136: Train Loss: 1050.8450, Train Node Loss: 53.1206, Train Reg Loss: 9.9772, Train MAPE: 9.3889, Train R: 0.8354, Train RRSE: 0.5614, Test Loss: 1051.8886, Test Node Loss: 57.2524, Test Reg Loss: 9.9464, Test MAPE: 9.6182, Test R: 0.8133, Test RRSE: 0.5865
2025-02-10 15:57:30,405:INFO:Epoch 137: Train Loss: 1038.2905, Train Node Loss: 59.6944, Train Reg Loss: 9.7860, Train MAPE: 9.7622, Train R: 0.8388, Train RRSE: 0.5560, Test Loss: 1637.6174, Test Node Loss: 47.2560, Test Reg Loss: 15.9036, Test MAPE: 9.8329, Test R: 0.8115, Test RRSE: 0.7417
2025-02-10 15:57:56,003:INFO:Epoch 138: Train Loss: 1208.3811, Train Node Loss: 51.3326, Train Reg Loss: 11.5705, Train MAPE: 9.3857, Train R: 0.8073, Train RRSE: 0.6046, Test Loss: 1274.0901, Test Node Loss: 66.2527, Test Reg Loss: 12.0784, Test MAPE: 10.2751, Test R: 0.8130, Test RRSE: 0.6464
2025-02-10 15:58:21,725:INFO:Epoch 139: Train Loss: 1134.7261, Train Node Loss: 57.3383, Train Reg Loss: 10.7739, Train MAPE: 9.6718, Train R: 0.8168, Train RRSE: 0.5834, Test Loss: 1974.4236, Test Node Loss: 43.9691, Test Reg Loss: 19.3045, Test MAPE: 9.9471, Test R: 0.8131, Test RRSE: 0.8171
2025-02-10 15:58:47,275:INFO:Epoch 140: Train Loss: 1099.3544, Train Node Loss: 48.9703, Train Reg Loss: 10.5038, Train MAPE: 9.5206, Train R: 0.8278, Train RRSE: 0.5761, Test Loss: 1079.2457, Test Node Loss: 58.8721, Test Reg Loss: 10.2037, Test MAPE: 9.7675, Test R: 0.8134, Test RRSE: 0.5941
2025-02-10 15:59:12,768:INFO:Epoch 141: Train Loss: 1162.4244, Train Node Loss: 53.9320, Train Reg Loss: 11.0849, Train MAPE: 9.7236, Train R: 0.8098, Train RRSE: 0.5918, Test Loss: 1204.1133, Test Node Loss: 46.8317, Test Reg Loss: 11.5728, Test MAPE: 9.5090, Test R: 0.8145, Test RRSE: 0.6327
2025-02-10 15:59:38,281:INFO:Epoch 142: Train Loss: 1032.6103, Train Node Loss: 52.4482, Train Reg Loss: 9.8016, Train MAPE: 9.6217, Train R: 0.8371, Train RRSE: 0.5565, Test Loss: 1270.5375, Test Node Loss: 44.9608, Test Reg Loss: 12.2558, Test MAPE: 9.5277, Test R: 0.8124, Test RRSE: 0.6511
2025-02-10 16:00:03,894:INFO:Epoch 143: Train Loss: 1098.1121, Train Node Loss: 48.8656, Train Reg Loss: 10.4925, Train MAPE: 9.6000, Train R: 0.8186, Train RRSE: 0.5758, Test Loss: 1159.6609, Test Node Loss: 46.0896, Test Reg Loss: 11.1357, Test MAPE: 9.5109, Test R: 0.8085, Test RRSE: 0.6206
2025-02-10 16:00:29,685:INFO:Epoch 144: Train Loss: 1027.9856, Train Node Loss: 43.3363, Train Reg Loss: 9.8465, Train MAPE: 9.5519, Train R: 0.8397, Train RRSE: 0.5577, Test Loss: 1066.5360, Test Node Loss: 48.8491, Test Reg Loss: 10.1769, Test MAPE: 9.9346, Test R: 0.8123, Test RRSE: 0.5933
2025-02-10 16:00:54,852:INFO:Epoch 145: Train Loss: 1024.3319, Train Node Loss: 49.6942, Train Reg Loss: 9.7464, Train MAPE: 9.8652, Train R: 0.8430, Train RRSE: 0.5549, Test Loss: 2211.6801, Test Node Loss: 35.5255, Test Reg Loss: 21.7615, Test MAPE: 10.1890, Test R: 0.8142, Test RRSE: 0.8676
2025-02-10 16:01:20,063:INFO:Epoch 146: Train Loss: 1059.9667, Train Node Loss: 41.8046, Train Reg Loss: 10.1816, Train MAPE: 9.5438, Train R: 0.8309, Train RRSE: 0.5672, Test Loss: 1023.1364, Test Node Loss: 45.7627, Test Reg Loss: 9.7737, Test MAPE: 9.5922, Test R: 0.8153, Test RRSE: 0.5814
2025-02-10 16:01:20,107:INFO:Checkpoint saved at best_0.001_0.001_256_SAGE_3_32_0.8153_epoch_146.pth
2025-02-10 16:01:45,382:INFO:Epoch 147: Train Loss: 984.7282, Train Node Loss: 42.4974, Train Reg Loss: 9.4223, Train MAPE: 9.6142, Train R: 0.8412, Train RRSE: 0.5456, Test Loss: 1212.6231, Test Node Loss: 42.7628, Test Reg Loss: 11.6986, Test MAPE: 9.6084, Test R: 0.8141, Test RRSE: 0.6361
2025-02-10 16:02:11,193:INFO:Epoch 148: Train Loss: 1013.2221, Train Node Loss: 47.2097, Train Reg Loss: 9.6601, Train MAPE: 9.7530, Train R: 0.8384, Train RRSE: 0.5524, Test Loss: 2879.6216, Test Node Loss: 31.6310, Test Reg Loss: 28.4799, Test MAPE: 10.9894, Test R: 0.8139, Test RRSE: 0.9925
2025-02-10 16:02:37,089:INFO:Epoch 149: Train Loss: 1032.7494, Train Node Loss: 37.9570, Train Reg Loss: 9.9479, Train MAPE: 9.3506, Train R: 0.8418, Train RRSE: 0.5606, Test Loss: 1104.7206, Test Node Loss: 47.7814, Test Reg Loss: 10.5694, Test MAPE: 9.9739, Test R: 0.8177, Test RRSE: 0.6046
2025-02-10 16:02:37,117:INFO:Checkpoint saved at best_0.001_0.001_256_SAGE_3_32_0.8177_epoch_149.pth
2025-02-10 16:03:02,807:INFO:Epoch 150: Train Loss: 1197.4067, Train Node Loss: 44.6652, Train Reg Loss: 11.5274, Train MAPE: 9.9288, Train R: 0.8046, Train RRSE: 0.6035, Test Loss: 3507.7801, Test Node Loss: 27.9331, Test Reg Loss: 34.7985, Test MAPE: 11.3879, Test R: 0.8131, Test RRSE: 1.0971
2025-02-10 16:03:28,420:INFO:Epoch 151: Train Loss: 1125.6840, Train Node Loss: 42.4127, Train Reg Loss: 10.8327, Train MAPE: 9.7623, Train R: 0.8122, Train RRSE: 0.5850, Test Loss: 1130.7581, Test Node Loss: 41.5831, Test Reg Loss: 10.8917, Test MAPE: 9.7037, Test R: 0.8097, Test RRSE: 0.6138
2025-02-10 16:03:54,016:INFO:Epoch 152: Train Loss: 939.4843, Train Node Loss: 38.9072, Train Reg Loss: 9.0058, Train MAPE: 9.4378, Train R: 0.8507, Train RRSE: 0.5334, Test Loss: 1043.7348, Test Node Loss: 39.8423, Test Reg Loss: 10.0389, Test MAPE: 9.6769, Test R: 0.8173, Test RRSE: 0.5893
2025-02-10 16:04:19,788:INFO:Epoch 153: Train Loss: 959.8610, Train Node Loss: 39.4402, Train Reg Loss: 9.2042, Train MAPE: 9.6401, Train R: 0.8444, Train RRSE: 0.5393, Test Loss: 1090.1934, Test Node Loss: 44.2500, Test Reg Loss: 10.4594, Test MAPE: 10.0539, Test R: 0.8119, Test RRSE: 0.6015
2025-02-10 16:04:45,367:INFO:Epoch 154: Train Loss: 985.8801, Train Node Loss: 37.8100, Train Reg Loss: 9.4807, Train MAPE: 9.5492, Train R: 0.8398, Train RRSE: 0.5473, Test Loss: 1171.7879, Test Node Loss: 37.8701, Test Reg Loss: 11.3392, Test MAPE: 9.7447, Test R: 0.8125, Test RRSE: 0.6263
2025-02-10 16:05:11,169:INFO:Epoch 155: Train Loss: 994.4792, Train Node Loss: 39.8430, Train Reg Loss: 9.5464, Train MAPE: 9.6445, Train R: 0.8384, Train RRSE: 0.5492, Test Loss: 1616.1896, Test Node Loss: 34.8760, Test Reg Loss: 15.8131, Test MAPE: 10.0220, Test R: 0.8196, Test RRSE: 0.7396
2025-02-10 16:05:11,212:INFO:Checkpoint saved at best_0.001_0.001_256_SAGE_3_32_0.8196_epoch_155.pth
2025-02-10 16:05:36,770:INFO:Epoch 156: Train Loss: 1014.6355, Train Node Loss: 35.9473, Train Reg Loss: 9.7869, Train MAPE: 9.5863, Train R: 0.8365, Train RRSE: 0.5561, Test Loss: 1086.0690, Test Node Loss: 37.4578, Test Reg Loss: 10.4861, Test MAPE: 9.6948, Test R: 0.8182, Test RRSE: 0.6022
2025-02-10 16:06:02,762:INFO:Epoch 157: Train Loss: 974.1217, Train Node Loss: 40.4674, Train Reg Loss: 9.3365, Train MAPE: 9.6788, Train R: 0.8455, Train RRSE: 0.5431, Test Loss: 2350.0701, Test Node Loss: 29.1320, Test Reg Loss: 23.2094, Test MAPE: 10.3202, Test R: 0.8137, Test RRSE: 0.8960
2025-02-10 16:06:28,606:INFO:Epoch 158: Train Loss: 961.5961, Train Node Loss: 34.8745, Train Reg Loss: 9.2672, Train MAPE: 9.6486, Train R: 0.8452, Train RRSE: 0.5411, Test Loss: 1041.2622, Test Node Loss: 36.9890, Test Reg Loss: 10.0427, Test MAPE: 9.7704, Test R: 0.8191, Test RRSE: 0.5894
2025-02-10 16:06:53,992:INFO:Epoch 159: Train Loss: 964.8238, Train Node Loss: 36.9015, Train Reg Loss: 9.2792, Train MAPE: 9.8754, Train R: 0.8418, Train RRSE: 0.5414, Test Loss: 2660.2071, Test Node Loss: 25.7341, Test Reg Loss: 26.3447, Test MAPE: 10.5953, Test R: 0.8158, Test RRSE: 0.9546
2025-02-10 16:07:19,495:INFO:Epoch 160: Train Loss: 1009.4949, Train Node Loss: 35.5294, Train Reg Loss: 9.7397, Train MAPE: 9.6923, Train R: 0.8347, Train RRSE: 0.5547, Test Loss: 1829.4440, Test Node Loss: 27.4494, Test Reg Loss: 18.0199, Test MAPE: 10.0399, Test R: 0.8149, Test RRSE: 0.7895
2025-02-10 16:07:44,900:INFO:Epoch 161: Train Loss: 951.8687, Train Node Loss: 29.9406, Train Reg Loss: 9.2193, Train MAPE: 9.6867, Train R: 0.8464, Train RRSE: 0.5397, Test Loss: 2067.3595, Test Node Loss: 42.3127, Test Reg Loss: 20.2505, Test MAPE: 11.5646, Test R: 0.8113, Test RRSE: 0.8369
2025-02-10 16:08:10,722:INFO:Epoch 162: Train Loss: 1037.3046, Train Node Loss: 32.0692, Train Reg Loss: 10.0524, Train MAPE: 9.7292, Train R: 0.8290, Train RRSE: 0.5635, Test Loss: 1621.8903, Test Node Loss: 24.6517, Test Reg Loss: 15.9724, Test MAPE: 9.8011, Test R: 0.8123, Test RRSE: 0.7433
2025-02-10 16:08:36,269:INFO:Epoch 163: Train Loss: 967.0158, Train Node Loss: 31.0284, Train Reg Loss: 9.3599, Train MAPE: 9.7055, Train R: 0.8397, Train RRSE: 0.5438, Test Loss: 1103.6829, Test Node Loss: 32.9984, Test Reg Loss: 10.7068, Test MAPE: 9.7582, Test R: 0.8111, Test RRSE: 0.6085
2025-02-10 16:09:01,758:INFO:Epoch 164: Train Loss: 990.8434, Train Node Loss: 32.4244, Train Reg Loss: 9.5842, Train MAPE: 9.7406, Train R: 0.8360, Train RRSE: 0.5503, Test Loss: 1602.9028, Test Node Loss: 27.2973, Test Reg Loss: 15.7561, Test MAPE: 10.1017, Test R: 0.8139, Test RRSE: 0.7382
2025-02-10 16:09:27,396:INFO:Epoch 165: Train Loss: 877.8643, Train Node Loss: 31.0702, Train Reg Loss: 8.4679, Train MAPE: 9.8665, Train R: 0.8561, Train RRSE: 0.5172, Test Loss: 1436.4930, Test Node Loss: 28.7757, Test Reg Loss: 14.0772, Test MAPE: 9.9293, Test R: 0.8104, Test RRSE: 0.6978
2025-02-10 16:09:52,977:INFO:Epoch 166: Train Loss: 981.3341, Train Node Loss: 30.4958, Train Reg Loss: 9.5084, Train MAPE: 9.6806, Train R: 0.8368, Train RRSE: 0.5481, Test Loss: 1832.3276, Test Node Loss: 24.9882, Test Reg Loss: 18.0734, Test MAPE: 10.2163, Test R: 0.8165, Test RRSE: 0.7907
2025-02-10 16:10:19,035:INFO:Epoch 167: Train Loss: 1078.5536, Train Node Loss: 31.1656, Train Reg Loss: 10.4739, Train MAPE: 9.7106, Train R: 0.8198, Train RRSE: 0.5752, Test Loss: 1279.5083, Test Node Loss: 27.6937, Test Reg Loss: 12.5181, Test MAPE: 9.8217, Test R: 0.8145, Test RRSE: 0.6580
2025-02-10 16:10:44,991:INFO:Epoch 168: Train Loss: 1121.3999, Train Node Loss: 25.7203, Train Reg Loss: 10.9568, Train MAPE: 9.5760, Train R: 0.8191, Train RRSE: 0.5884, Test Loss: 3935.2789, Test Node Loss: 42.4888, Test Reg Loss: 38.9279, Test MAPE: 13.5881, Test R: 0.8078, Test RRSE: 1.1604
2025-02-10 16:11:10,566:INFO:Epoch 169: Train Loss: 1034.8942, Train Node Loss: 27.0072, Train Reg Loss: 10.0789, Train MAPE: 9.7143, Train R: 0.8292, Train RRSE: 0.5643, Test Loss: 1016.4197, Test Node Loss: 25.7675, Test Reg Loss: 9.9065, Test MAPE: 9.8627, Test R: 0.8153, Test RRSE: 0.5854
2025-02-10 16:11:35,975:INFO:Epoch 170: Train Loss: 890.9206, Train Node Loss: 26.4040, Train Reg Loss: 8.6452, Train MAPE: 9.8010, Train R: 0.8538, Train RRSE: 0.5226, Test Loss: 2135.4396, Test Node Loss: 21.5468, Test Reg Loss: 21.1389, Test MAPE: 10.5452, Test R: 0.8154, Test RRSE: 0.8551
2025-02-10 16:12:01,753:INFO:Epoch 171: Train Loss: 896.9420, Train Node Loss: 25.2533, Train Reg Loss: 8.7169, Train MAPE: 9.7318, Train R: 0.8562, Train RRSE: 0.5248, Test Loss: 1261.6068, Test Node Loss: 25.3007, Test Reg Loss: 12.3631, Test MAPE: 9.7908, Test R: 0.8165, Test RRSE: 0.6539
2025-02-10 16:12:27,180:INFO:Epoch 172: Train Loss: 1012.8145, Train Node Loss: 27.3464, Train Reg Loss: 9.8547, Train MAPE: 9.7480, Train R: 0.8317, Train RRSE: 0.5580, Test Loss: 1981.1248, Test Node Loss: 20.5339, Test Reg Loss: 19.6059, Test MAPE: 10.1949, Test R: 0.8167, Test RRSE: 0.8235
2025-02-10 16:12:52,804:INFO:Epoch 173: Train Loss: 978.5982, Train Node Loss: 26.5266, Train Reg Loss: 9.5207, Train MAPE: 9.8105, Train R: 0.8395, Train RRSE: 0.5484, Test Loss: 3133.8064, Test Node Loss: 17.7323, Test Reg Loss: 31.1607, Test MAPE: 11.1684, Test R: 0.8134, Test RRSE: 1.0382
2025-02-10 16:13:18,341:INFO:Epoch 174: Train Loss: 956.7357, Train Node Loss: 21.9122, Train Reg Loss: 9.3482, Train MAPE: 9.7072, Train R: 0.8464, Train RRSE: 0.5435, Test Loss: 1080.1517, Test Node Loss: 26.9551, Test Reg Loss: 10.5320, Test MAPE: 10.0546, Test R: 0.8182, Test RRSE: 0.6036
2025-02-10 16:13:43,411:INFO:Epoch 175: Train Loss: 1023.1692, Train Node Loss: 26.9967, Train Reg Loss: 9.9617, Train MAPE: 9.8795, Train R: 0.8502, Train RRSE: 0.5610, Test Loss: 4974.9134, Test Node Loss: 12.5007, Test Reg Loss: 49.6241, Test MAPE: 12.7819, Test R: 0.8025, Test RRSE: 1.3101
2025-02-10 16:14:08,264:INFO:Epoch 176: Train Loss: 1170.0013, Train Node Loss: 19.1825, Train Reg Loss: 11.5082, Train MAPE: 9.4108, Train R: 0.8253, Train RRSE: 0.6030, Test Loss: 1131.7616, Test Node Loss: 23.4014, Test Reg Loss: 11.0836, Test MAPE: 9.6199, Test R: 0.8050, Test RRSE: 0.6192
2025-02-10 16:14:33,010:INFO:Epoch 177: Train Loss: 959.0211, Train Node Loss: 25.1123, Train Reg Loss: 9.3391, Train MAPE: 9.9565, Train R: 0.8496, Train RRSE: 0.5432, Test Loss: 2890.4022, Test Node Loss: 14.5477, Test Reg Loss: 28.7585, Test MAPE: 10.9424, Test R: 0.8108, Test RRSE: 0.9974
2025-02-10 16:14:57,683:INFO:Epoch 178: Train Loss: 884.3290, Train Node Loss: 19.7804, Train Reg Loss: 8.6455, Train MAPE: 9.6178, Train R: 0.8581, Train RRSE: 0.5226, Test Loss: 1154.4851, Test Node Loss: 25.0860, Test Reg Loss: 11.2940, Test MAPE: 10.2112, Test R: 0.8114, Test RRSE: 0.6250
2025-02-10 16:15:22,142:INFO:Epoch 179: Train Loss: 946.5602, Train Node Loss: 24.4207, Train Reg Loss: 9.2214, Train MAPE: 10.0578, Train R: 0.8573, Train RRSE: 0.5398, Test Loss: 6650.9489, Test Node Loss: 8.4110, Test Reg Loss: 66.4254, Test MAPE: 14.1579, Test R: 0.8093, Test RRSE: 1.5158
2025-02-10 16:15:47,149:INFO:Epoch 180: Train Loss: 1048.7174, Train Node Loss: 15.6979, Train Reg Loss: 10.3302, Train MAPE: 9.4871, Train R: 0.8474, Train RRSE: 0.5713, Test Loss: 1080.5939, Test Node Loss: 21.8128, Test Reg Loss: 10.5878, Test MAPE: 9.7337, Test R: 0.8018, Test RRSE: 0.6052
2025-02-10 16:16:12,261:INFO:Epoch 181: Train Loss: 942.9636, Train Node Loss: 21.9094, Train Reg Loss: 9.2105, Train MAPE: 9.9201, Train R: 0.8562, Train RRSE: 0.5394, Test Loss: 2438.4109, Test Node Loss: 13.2045, Test Reg Loss: 24.2521, Test MAPE: 10.5862, Test R: 0.8051, Test RRSE: 0.9159
2025-02-10 16:16:37,313:INFO:Epoch 182: Train Loss: 954.5187, Train Node Loss: 15.5204, Train Reg Loss: 9.3900, Train MAPE: 9.4363, Train R: 0.8542, Train RRSE: 0.5447, Test Loss: 1070.2682, Test Node Loss: 21.0634, Test Reg Loss: 10.4920, Test MAPE: 9.9428, Test R: 0.8102, Test RRSE: 0.6024
2025-02-10 16:17:02,325:INFO:Epoch 183: Train Loss: 1009.7835, Train Node Loss: 20.8617, Train Reg Loss: 9.8892, Train MAPE: 10.1174, Train R: 0.8413, Train RRSE: 0.5590, Test Loss: 4415.9716, Test Node Loss: 10.7735, Test Reg Loss: 44.0520, Test MAPE: 12.4242, Test R: 0.7890, Test RRSE: 1.2344
2025-02-10 16:17:27,221:INFO:Epoch 184: Train Loss: 934.7612, Train Node Loss: 14.8947, Train Reg Loss: 9.1987, Train MAPE: 9.6536, Train R: 0.8525, Train RRSE: 0.5391, Test Loss: 1350.6136, Test Node Loss: 15.9215, Test Reg Loss: 13.3469, Test MAPE: 9.6677, Test R: 0.8064, Test RRSE: 0.6794
2025-02-10 16:17:52,320:INFO:Epoch 185: Train Loss: 879.9137, Train Node Loss: 18.4431, Train Reg Loss: 8.6147, Train MAPE: 9.8796, Train R: 0.8598, Train RRSE: 0.5217, Test Loss: 1285.1152, Test Node Loss: 16.1510, Test Reg Loss: 12.6896, Test MAPE: 10.0764, Test R: 0.8047, Test RRSE: 0.6625
2025-02-10 16:18:16,842:INFO:Epoch 186: Train Loss: 923.8706, Train Node Loss: 14.0905, Train Reg Loss: 9.0978, Train MAPE: 9.6301, Train R: 0.8577, Train RRSE: 0.5361, Test Loss: 1498.3936, Test Node Loss: 20.1814, Test Reg Loss: 14.7821, Test MAPE: 10.7258, Test R: 0.8141, Test RRSE: 0.7150
2025-02-10 16:18:41,283:INFO:Epoch 187: Train Loss: 936.0331, Train Node Loss: 17.6075, Train Reg Loss: 9.1843, Train MAPE: 10.0614, Train R: 0.8612, Train RRSE: 0.5387, Test Loss: 3347.8724, Test Node Loss: 9.5960, Test Reg Loss: 33.3828, Test MAPE: 11.3734, Test R: 0.8085, Test RRSE: 1.0745
2025-02-10 16:19:06,331:INFO:Epoch 188: Train Loss: 1084.1049, Train Node Loss: 13.3382, Train Reg Loss: 10.7077, Train MAPE: 9.5709, Train R: 0.8275, Train RRSE: 0.5816, Test Loss: 1854.8251, Test Node Loss: 13.1039, Test Reg Loss: 18.4172, Test MAPE: 10.1073, Test R: 0.7988, Test RRSE: 0.7981
2025-02-10 16:19:31,075:INFO:Epoch 189: Train Loss: 882.0104, Train Node Loss: 17.2190, Train Reg Loss: 8.6479, Train MAPE: 9.9127, Train R: 0.8572, Train RRSE: 0.5227, Test Loss: 1085.7197, Test Node Loss: 16.8947, Test Reg Loss: 10.6883, Test MAPE: 9.7625, Test R: 0.8051, Test RRSE: 0.6080
2025-02-10 16:19:55,683:INFO:Epoch 190: Train Loss: 853.5643, Train Node Loss: 14.5884, Train Reg Loss: 8.3898, Train MAPE: 9.5860, Train R: 0.8606, Train RRSE: 0.5148, Test Loss: 1995.7822, Test Node Loss: 11.6449, Test Reg Loss: 19.8414, Test MAPE: 10.1139, Test R: 0.8060, Test RRSE: 0.8284
2025-02-10 16:20:20,191:INFO:Epoch 191: Train Loss: 892.5865, Train Node Loss: 14.2716, Train Reg Loss: 8.7831, Train MAPE: 9.5661, Train R: 0.8518, Train RRSE: 0.5268, Test Loss: 1411.6259, Test Node Loss: 14.0249, Test Reg Loss: 13.9760, Test MAPE: 10.1381, Test R: 0.7967, Test RRSE: 0.6953
2025-02-10 16:20:44,826:INFO:Epoch 192: Train Loss: 808.0729, Train Node Loss: 14.9477, Train Reg Loss: 7.9313, Train MAPE: 9.8365, Train R: 0.8658, Train RRSE: 0.5006, Test Loss: 1933.0823, Test Node Loss: 12.0989, Test Reg Loss: 19.2098, Test MAPE: 10.2913, Test R: 0.8046, Test RRSE: 0.8151
2025-02-10 16:21:09,714:INFO:Epoch 193: Train Loss: 857.4327, Train Node Loss: 14.7801, Train Reg Loss: 8.4265, Train MAPE: 9.8198, Train R: 0.8569, Train RRSE: 0.5160, Test Loss: 1991.0977, Test Node Loss: 12.3598, Test Reg Loss: 19.7874, Test MAPE: 10.5660, Test R: 0.8026, Test RRSE: 0.8273
2025-02-10 16:21:34,511:INFO:Epoch 194: Train Loss: 815.3044, Train Node Loss: 14.1600, Train Reg Loss: 8.0114, Train MAPE: 9.7378, Train R: 0.8647, Train RRSE: 0.5031, Test Loss: 1568.5500, Test Node Loss: 13.5591, Test Reg Loss: 15.5499, Test MAPE: 10.2751, Test R: 0.7986, Test RRSE: 0.7334
2025-02-10 16:21:59,518:INFO:Epoch 195: Train Loss: 960.9945, Train Node Loss: 14.8003, Train Reg Loss: 9.4619, Train MAPE: 9.7128, Train R: 0.8377, Train RRSE: 0.5467, Test Loss: 1339.0868, Test Node Loss: 14.3549, Test Reg Loss: 13.2473, Test MAPE: 9.9471, Test R: 0.8064, Test RRSE: 0.6769
2025-02-10 16:22:24,334:INFO:Epoch 196: Train Loss: 922.3296, Train Node Loss: 13.2595, Train Reg Loss: 9.0907, Train MAPE: 9.6080, Train R: 0.8481, Train RRSE: 0.5359, Test Loss: 2295.7013, Test Node Loss: 10.8856, Test Reg Loss: 22.8482, Test MAPE: 10.6461, Test R: 0.7992, Test RRSE: 0.8890
2025-02-10 16:22:49,265:INFO:Epoch 197: Train Loss: 885.3873, Train Node Loss: 14.9642, Train Reg Loss: 8.7042, Train MAPE: 9.8985, Train R: 0.8531, Train RRSE: 0.5244, Test Loss: 3133.3150, Test Node Loss: 9.1301, Test Reg Loss: 31.2418, Test MAPE: 11.1839, Test R: 0.8005, Test RRSE: 1.0395
2025-02-10 16:23:13,944:INFO:Epoch 198: Train Loss: 892.5130, Train Node Loss: 14.2454, Train Reg Loss: 8.7827, Train MAPE: 10.0110, Train R: 0.8510, Train RRSE: 0.5268, Test Loss: 2282.8232, Test Node Loss: 10.9998, Test Reg Loss: 22.7182, Test MAPE: 10.6788, Test R: 0.7973, Test RRSE: 0.8864
2025-02-10 16:23:38,479:INFO:Epoch 199: Train Loss: 802.0407, Train Node Loss: 11.8747, Train Reg Loss: 7.9017, Train MAPE: 9.6144, Train R: 0.8747, Train RRSE: 0.4996, Test Loss: 1398.3082, Test Node Loss: 15.7751, Test Reg Loss: 13.8253, Test MAPE: 10.8320, Test R: 0.8043, Test RRSE: 0.6915
2025-02-10 16:24:03,000:INFO:Epoch 200: Train Loss: 886.3246, Train Node Loss: 13.5642, Train Reg Loss: 8.7276, Train MAPE: 9.9502, Train R: 0.8544, Train RRSE: 0.5251, Test Loss: 1957.2318, Test Node Loss: 11.2145, Test Reg Loss: 19.4602, Test MAPE: 10.4454, Test R: 0.7904, Test RRSE: 0.8204
2025-02-10 16:24:27,420:INFO:Epoch 201: Train Loss: 835.6369, Train Node Loss: 12.1882, Train Reg Loss: 8.2345, Train MAPE: 9.6657, Train R: 0.8612, Train RRSE: 0.5101, Test Loss: 2775.1013, Test Node Loss: 8.8758, Test Reg Loss: 27.6623, Test MAPE: 11.0237, Test R: 0.8011, Test RRSE: 0.9782
2025-02-10 16:24:52,027:INFO:Epoch 202: Train Loss: 707.1483, Train Node Loss: 12.3269, Train Reg Loss: 6.9482, Train MAPE: 9.6123, Train R: 0.8850, Train RRSE: 0.4685, Test Loss: 1582.8604, Test Node Loss: 12.0124, Test Reg Loss: 15.7085, Test MAPE: 10.1591, Test R: 0.7985, Test RRSE: 0.7371
2025-02-10 16:25:16,656:INFO:Epoch 203: Train Loss: 793.6045, Train Node Loss: 12.5168, Train Reg Loss: 7.8109, Train MAPE: 9.9014, Train R: 0.8699, Train RRSE: 0.4968, Test Loss: 3231.0040, Test Node Loss: 7.4362, Test Reg Loss: 32.2357, Test MAPE: 11.8925, Test R: 0.7983, Test RRSE: 1.0559
2025-02-10 16:25:41,094:INFO:Epoch 204: Train Loss: 856.8586, Train Node Loss: 10.0735, Train Reg Loss: 8.4679, Train MAPE: 9.8268, Train R: 0.8599, Train RRSE: 0.5172, Test Loss: 1885.9433, Test Node Loss: 10.6071, Test Reg Loss: 18.7534, Test MAPE: 10.6055, Test R: 0.7947, Test RRSE: 0.8054
2025-02-10 16:26:05,250:INFO:Epoch 205: Train Loss: 876.9974, Train Node Loss: 13.0793, Train Reg Loss: 8.6392, Train MAPE: 9.7973, Train R: 0.8532, Train RRSE: 0.5224, Test Loss: 1567.2150, Test Node Loss: 13.0373, Test Reg Loss: 15.5418, Test MAPE: 9.8306, Test R: 0.7791, Test RRSE: 0.7332
2025-02-10 16:26:28,967:INFO:Epoch 206: Train Loss: 908.3864, Train Node Loss: 13.4839, Train Reg Loss: 8.9490, Train MAPE: 9.6727, Train R: 0.8478, Train RRSE: 0.5317, Test Loss: 1269.4695, Test Node Loss: 12.7362, Test Reg Loss: 12.5673, Test MAPE: 9.9797, Test R: 0.8045, Test RRSE: 0.6593
2025-02-10 16:26:53,061:INFO:Epoch 207: Train Loss: 934.9882, Train Node Loss: 11.6505, Train Reg Loss: 9.2334, Train MAPE: 9.7233, Train R: 0.8457, Train RRSE: 0.5401, Test Loss: 1120.0501, Test Node Loss: 13.7821, Test Reg Loss: 11.0627, Test MAPE: 10.3412, Test R: 0.8113, Test RRSE: 0.6186
2025-02-10 16:27:17,152:INFO:Epoch 208: Train Loss: 920.4266, Train Node Loss: 13.1219, Train Reg Loss: 9.0730, Train MAPE: 9.9940, Train R: 0.8485, Train RRSE: 0.5354, Test Loss: 6204.9527, Test Node Loss: 5.2183, Test Reg Loss: 61.9973, Test MAPE: 13.6856, Test R: 0.7962, Test RRSE: 1.4644
2025-02-10 16:27:41,532:INFO:Epoch 209: Train Loss: 877.1088, Train Node Loss: 10.7981, Train Reg Loss: 8.6631, Train MAPE: 9.5341, Train R: 0.8564, Train RRSE: 0.5232, Test Loss: 1391.5959, Test Node Loss: 11.3813, Test Reg Loss: 13.8021, Test MAPE: 10.0070, Test R: 0.7956, Test RRSE: 0.6909
2025-02-10 16:28:05,673:INFO:Epoch 210: Train Loss: 876.3973, Train Node Loss: 12.7051, Train Reg Loss: 8.6369, Train MAPE: 10.0091, Train R: 0.8532, Train RRSE: 0.5224, Test Loss: 1947.6847, Test Node Loss: 11.4156, Test Reg Loss: 19.3627, Test MAPE: 10.4847, Test R: 0.7867, Test RRSE: 0.8184
2025-02-10 16:28:29,409:INFO:Epoch 211: Train Loss: 889.1431, Train Node Loss: 12.6269, Train Reg Loss: 8.7652, Train MAPE: 9.8816, Train R: 0.8504, Train RRSE: 0.5262, Test Loss: 1933.7584, Test Node Loss: 10.1220, Test Reg Loss: 19.2364, Test MAPE: 10.3401, Test R: 0.8043, Test RRSE: 0.8157
2025-02-10 16:28:53,738:INFO:Epoch 212: Train Loss: 783.9967, Train Node Loss: 12.4616, Train Reg Loss: 7.7154, Train MAPE: 10.0122, Train R: 0.8697, Train RRSE: 0.4937, Test Loss: 1596.2415, Test Node Loss: 11.2633, Test Reg Loss: 15.8498, Test MAPE: 9.9660, Test R: 0.7931, Test RRSE: 0.7404
2025-02-10 16:29:17,893:INFO:Epoch 213: Train Loss: 779.4177, Train Node Loss: 11.8790, Train Reg Loss: 7.6754, Train MAPE: 9.5493, Train R: 0.8733, Train RRSE: 0.4924, Test Loss: 3513.6630, Test Node Loss: 7.3412, Test Reg Loss: 35.0632, Test MAPE: 11.3287, Test R: 0.7926, Test RRSE: 1.1013
2025-02-10 16:29:41,986:INFO:Epoch 214: Train Loss: 797.7496, Train Node Loss: 10.7289, Train Reg Loss: 7.8702, Train MAPE: 9.4812, Train R: 0.8733, Train RRSE: 0.4986, Test Loss: 1342.8346, Test Node Loss: 14.5071, Test Reg Loss: 13.2833, Test MAPE: 10.7169, Test R: 0.8044, Test RRSE: 0.6778
2025-02-10 16:30:05,950:INFO:Epoch 215: Train Loss: 921.6110, Train Node Loss: 12.2775, Train Reg Loss: 9.0933, Train MAPE: 10.0973, Train R: 0.8465, Train RRSE: 0.5360, Test Loss: 3581.6058, Test Node Loss: 7.4267, Test Reg Loss: 35.7418, Test MAPE: 11.4230, Test R: 0.7786, Test RRSE: 1.1119
2025-02-10 16:30:29,641:INFO:Epoch 216: Train Loss: 839.6492, Train Node Loss: 10.6787, Train Reg Loss: 8.2897, Train MAPE: 9.5613, Train R: 0.8613, Train RRSE: 0.5118, Test Loss: 3473.3496, Test Node Loss: 6.7550, Test Reg Loss: 34.6659, Test MAPE: 11.2670, Test R: 0.7903, Test RRSE: 1.0950
2025-02-10 16:30:53,170:INFO:Epoch 217: Train Loss: 849.3538, Train Node Loss: 11.4329, Train Reg Loss: 8.3792, Train MAPE: 9.8625, Train R: 0.8593, Train RRSE: 0.5145, Test Loss: 2818.0921, Test Node Loss: 7.8099, Test Reg Loss: 28.1028, Test MAPE: 11.0830, Test R: 0.7874, Test RRSE: 0.9859
2025-02-10 16:31:16,577:INFO:Epoch 218: Train Loss: 829.8533, Train Node Loss: 9.9922, Train Reg Loss: 8.1986, Train MAPE: 9.6694, Train R: 0.8635, Train RRSE: 0.5089, Test Loss: 2463.5362, Test Node Loss: 7.4032, Test Reg Loss: 24.5613, Test MAPE: 10.4279, Test R: 0.7971, Test RRSE: 0.9217
2025-02-10 16:31:40,148:INFO:Epoch 219: Train Loss: 790.5462, Train Node Loss: 10.8808, Train Reg Loss: 7.7967, Train MAPE: 9.6113, Train R: 0.8712, Train RRSE: 0.4963, Test Loss: 1370.0183, Test Node Loss: 10.8370, Test Reg Loss: 13.5918, Test MAPE: 10.0419, Test R: 0.8026, Test RRSE: 0.6857
2025-02-10 16:32:03,830:INFO:Epoch 220: Train Loss: 689.9630, Train Node Loss: 11.5163, Train Reg Loss: 6.7845, Train MAPE: 9.9678, Train R: 0.8878, Train RRSE: 0.4630, Test Loss: 2188.7325, Test Node Loss: 8.4803, Test Reg Loss: 21.8025, Test MAPE: 10.7852, Test R: 0.8004, Test RRSE: 0.8684
2025-02-10 16:32:27,249:INFO:Epoch 221: Train Loss: 788.7914, Train Node Loss: 10.0475, Train Reg Loss: 7.7874, Train MAPE: 10.1904, Train R: 0.8703, Train RRSE: 0.4960, Test Loss: 1160.2742, Test Node Loss: 10.9606, Test Reg Loss: 11.4931, Test MAPE: 10.2072, Test R: 0.8066, Test RRSE: 0.6305
2025-02-10 16:32:51,183:INFO:Epoch 222: Train Loss: 895.1383, Train Node Loss: 8.9810, Train Reg Loss: 8.8616, Train MAPE: 9.5970, Train R: 0.8507, Train RRSE: 0.5291, Test Loss: 2056.1049, Test Node Loss: 8.0199, Test Reg Loss: 20.4808, Test MAPE: 10.3377, Test R: 0.8007, Test RRSE: 0.8417
2025-02-10 16:33:14,862:INFO:Epoch 223: Train Loss: 873.0836, Train Node Loss: 12.0490, Train Reg Loss: 8.6103, Train MAPE: 10.0633, Train R: 0.8631, Train RRSE: 0.5216, Test Loss: 3308.9988, Test Node Loss: 7.3472, Test Reg Loss: 33.0165, Test MAPE: 11.3962, Test R: 0.7906, Test RRSE: 1.0686
2025-02-10 16:33:38,969:INFO:Epoch 224: Train Loss: 789.4951, Train Node Loss: 8.5459, Train Reg Loss: 7.8095, Train MAPE: 9.7865, Train R: 0.8835, Train RRSE: 0.4967, Test Loss: 1913.2970, Test Node Loss: 7.8998, Test Reg Loss: 19.0540, Test MAPE: 10.4343, Test R: 0.7971, Test RRSE: 0.8118
2025-02-10 16:34:03,073:INFO:Epoch 225: Train Loss: 736.7888, Train Node Loss: 9.6626, Train Reg Loss: 7.2713, Train MAPE: 10.0730, Train R: 0.8815, Train RRSE: 0.4793, Test Loss: 3341.0373, Test Node Loss: 5.1473, Test Reg Loss: 33.3589, Test MAPE: 11.5141, Test R: 0.7955, Test RRSE: 1.0742
2025-02-10 16:34:26,734:INFO:Epoch 226: Train Loss: 769.8695, Train Node Loss: 7.6032, Train Reg Loss: 7.6227, Train MAPE: 9.5933, Train R: 0.8733, Train RRSE: 0.4907, Test Loss: 2155.7932, Test Node Loss: 6.7488, Test Reg Loss: 21.4904, Test MAPE: 10.9853, Test R: 0.7987, Test RRSE: 0.8622
2025-02-10 16:34:49,865:INFO:Epoch 227: Train Loss: 781.1124, Train Node Loss: 8.1417, Train Reg Loss: 7.7297, Train MAPE: 10.0626, Train R: 0.8702, Train RRSE: 0.4942, Test Loss: 1604.9545, Test Node Loss: 7.3607, Test Reg Loss: 15.9759, Test MAPE: 10.2303, Test R: 0.8023, Test RRSE: 0.7434
2025-02-10 16:35:13,586:INFO:Epoch 228: Train Loss: 1066.9510, Train Node Loss: 7.5929, Train Reg Loss: 10.5936, Train MAPE: 9.4706, Train R: 0.8198, Train RRSE: 0.5785, Test Loss: 2650.9263, Test Node Loss: 5.7352, Test Reg Loss: 26.4519, Test MAPE: 10.4936, Test R: 0.7909, Test RRSE: 0.9565
2025-02-10 16:35:37,252:INFO:Epoch 229: Train Loss: 711.4381, Train Node Loss: 9.0233, Train Reg Loss: 7.0241, Train MAPE: 9.7989, Train R: 0.8841, Train RRSE: 0.4711, Test Loss: 1600.6527, Test Node Loss: 7.9512, Test Reg Loss: 15.9270, Test MAPE: 10.2156, Test R: 0.7923, Test RRSE: 0.7422
2025-02-10 16:36:01,018:INFO:Epoch 230: Train Loss: 859.3713, Train Node Loss: 9.2468, Train Reg Loss: 8.5012, Train MAPE: 9.9833, Train R: 0.8569, Train RRSE: 0.5183, Test Loss: 3448.2672, Test Node Loss: 5.9861, Test Reg Loss: 34.4228, Test MAPE: 11.5645, Test R: 0.7940, Test RRSE: 1.0912
2025-02-10 16:36:24,855:INFO:Epoch 231: Train Loss: 739.6413, Train Node Loss: 7.9863, Train Reg Loss: 7.3165, Train MAPE: 9.6298, Train R: 0.8861, Train RRSE: 0.4808, Test Loss: 1246.0295, Test Node Loss: 9.4779, Test Reg Loss: 12.3655, Test MAPE: 9.9865, Test R: 0.7959, Test RRSE: 0.6540
2025-02-10 16:36:48,965:INFO:Epoch 232: Train Loss: 726.8015, Train Node Loss: 9.1521, Train Reg Loss: 7.1765, Train MAPE: 10.0685, Train R: 0.8833, Train RRSE: 0.4762, Test Loss: 3526.2519, Test Node Loss: 5.1320, Test Reg Loss: 35.2112, Test MAPE: 11.6908, Test R: 0.8003, Test RRSE: 1.1036
2025-02-10 16:37:13,064:INFO:Epoch 233: Train Loss: 812.2563, Train Node Loss: 8.0468, Train Reg Loss: 8.0421, Train MAPE: 9.7850, Train R: 0.8650, Train RRSE: 0.5041, Test Loss: 5000.1496, Test Node Loss: 4.1662, Test Reg Loss: 49.9598, Test MAPE: 12.7332, Test R: 0.7862, Test RRSE: 1.3145
2025-02-10 16:37:37,488:INFO:Epoch 234: Train Loss: 868.8469, Train Node Loss: 7.2811, Train Reg Loss: 8.6157, Train MAPE: 9.7907, Train R: 0.8579, Train RRSE: 0.5217, Test Loss: 1490.9903, Test Node Loss: 7.4416, Test Reg Loss: 14.8355, Test MAPE: 10.4148, Test R: 0.7973, Test RRSE: 0.7163
2025-02-10 16:38:02,404:INFO:Epoch 235: Train Loss: 799.5251, Train Node Loss: 8.6380, Train Reg Loss: 7.9089, Train MAPE: 9.9625, Train R: 0.8685, Train RRSE: 0.4999, Test Loss: 3689.2110, Test Node Loss: 4.8367, Test Reg Loss: 36.8437, Test MAPE: 11.3555, Test R: 0.7714, Test RRSE: 1.1289
2025-02-10 16:38:26,766:INFO:Epoch 236: Train Loss: 799.9879, Train Node Loss: 7.9934, Train Reg Loss: 7.9199, Train MAPE: 9.5245, Train R: 0.8689, Train RRSE: 0.5002, Test Loss: 1749.3812, Test Node Loss: 7.6917, Test Reg Loss: 17.4169, Test MAPE: 10.4407, Test R: 0.7953, Test RRSE: 0.7762
2025-02-10 16:38:51,767:INFO:Epoch 237: Train Loss: 738.1850, Train Node Loss: 8.4987, Train Reg Loss: 7.2969, Train MAPE: 10.0070, Train R: 0.8774, Train RRSE: 0.4801, Test Loss: 2646.6902, Test Node Loss: 6.7213, Test Reg Loss: 26.3997, Test MAPE: 10.9457, Test R: 0.7908, Test RRSE: 0.9556
2025-02-10 16:39:16,842:INFO:Epoch 238: Train Loss: 767.9439, Train Node Loss: 8.6331, Train Reg Loss: 7.5931, Train MAPE: 9.9171, Train R: 0.8720, Train RRSE: 0.4898, Test Loss: 2506.8556, Test Node Loss: 6.2286, Test Reg Loss: 25.0063, Test MAPE: 10.7012, Test R: 0.7937, Test RRSE: 0.9300
2025-02-10 16:39:41,986:INFO:Epoch 239: Train Loss: 695.0069, Train Node Loss: 8.7098, Train Reg Loss: 6.8630, Train MAPE: 9.8407, Train R: 0.8856, Train RRSE: 0.4656, Test Loss: 2686.4057, Test Node Loss: 6.6379, Test Reg Loss: 26.7977, Test MAPE: 11.0828, Test R: 0.7897, Test RRSE: 0.9627
2025-02-10 16:40:06,985:INFO:Epoch 240: Train Loss: 709.5677, Train Node Loss: 8.9920, Train Reg Loss: 7.0058, Train MAPE: 9.8987, Train R: 0.8825, Train RRSE: 0.4705, Test Loss: 4360.6679, Test Node Loss: 5.0612, Test Reg Loss: 43.5561, Test MAPE: 12.5004, Test R: 0.7827, Test RRSE: 1.2274
2025-02-10 16:40:31,912:INFO:Epoch 241: Train Loss: 865.6782, Train Node Loss: 7.5026, Train Reg Loss: 8.5818, Train MAPE: 9.8339, Train R: 0.8570, Train RRSE: 0.5207, Test Loss: 3751.0682, Test Node Loss: 5.0788, Test Reg Loss: 37.4599, Test MAPE: 11.6257, Test R: 0.7843, Test RRSE: 1.1383
2025-02-10 16:40:56,406:INFO:Epoch 242: Train Loss: 722.1641, Train Node Loss: 8.9194, Train Reg Loss: 7.1324, Train MAPE: 9.9354, Train R: 0.8826, Train RRSE: 0.4747, Test Loss: 4898.1018, Test Node Loss: 4.6895, Test Reg Loss: 48.9341, Test MAPE: 12.8869, Test R: 0.7790, Test RRSE: 1.3010
2025-02-10 16:41:21,019:INFO:Epoch 243: Train Loss: 862.2078, Train Node Loss: 7.9087, Train Reg Loss: 8.5430, Train MAPE: 10.1502, Train R: 0.8560, Train RRSE: 0.5195, Test Loss: 2366.4541, Test Node Loss: 6.1461, Test Reg Loss: 23.6031, Test MAPE: 10.4660, Test R: 0.7893, Test RRSE: 0.9035
2025-02-10 16:41:45,406:INFO:Epoch 244: Train Loss: 739.4868, Train Node Loss: 7.0580, Train Reg Loss: 7.3243, Train MAPE: 9.5966, Train R: 0.8794, Train RRSE: 0.4810, Test Loss: 2917.1194, Test Node Loss: 5.0552, Test Reg Loss: 29.1206, Test MAPE: 10.8593, Test R: 0.7875, Test RRSE: 1.0036
2025-02-10 16:42:09,559:INFO:Epoch 245: Train Loss: 786.4655, Train Node Loss: 6.8504, Train Reg Loss: 7.7962, Train MAPE: 9.6527, Train R: 0.8694, Train RRSE: 0.4963, Test Loss: 1339.9728, Test Node Loss: 7.4847, Test Reg Loss: 13.3249, Test MAPE: 10.0569, Test R: 0.7904, Test RRSE: 0.6789
2025-02-10 16:42:34,127:INFO:Epoch 246: Train Loss: 955.1865, Train Node Loss: 6.9493, Train Reg Loss: 9.4824, Train MAPE: 9.5862, Train R: 0.8384, Train RRSE: 0.5473, Test Loss: 1268.8901, Test Node Loss: 8.0262, Test Reg Loss: 12.6086, Test MAPE: 10.1930, Test R: 0.7875, Test RRSE: 0.6604
2025-02-10 16:42:58,622:INFO:Epoch 247: Train Loss: 810.7028, Train Node Loss: 8.8626, Train Reg Loss: 8.0184, Train MAPE: 10.1491, Train R: 0.8760, Train RRSE: 0.5033, Test Loss: 4878.7175, Test Node Loss: 3.7121, Test Reg Loss: 48.7501, Test MAPE: 12.6436, Test R: 0.7822, Test RRSE: 1.2985
2025-02-10 16:43:23,213:INFO:Epoch 248: Train Loss: 813.1964, Train Node Loss: 5.8184, Train Reg Loss: 8.0738, Train MAPE: 9.5330, Train R: 0.8730, Train RRSE: 0.5051, Test Loss: 2255.0886, Test Node Loss: 4.7328, Test Reg Loss: 22.5036, Test MAPE: 10.7310, Test R: 0.7894, Test RRSE: 0.8822
2025-02-10 16:43:47,405:INFO:Epoch 249: Train Loss: 851.1281, Train Node Loss: 6.6505, Train Reg Loss: 8.4448, Train MAPE: 9.9557, Train R: 0.8568, Train RRSE: 0.5165, Test Loss: 1325.4529, Test Node Loss: 6.7335, Test Reg Loss: 13.1872, Test MAPE: 10.1832, Test R: 0.7884, Test RRSE: 0.6754
2025-02-10 16:44:11,009:INFO:Epoch 250: Train Loss: 735.3232, Train Node Loss: 6.9794, Train Reg Loss: 7.2834, Train MAPE: 9.8528, Train R: 0.8782, Train RRSE: 0.4797, Test Loss: 3011.7846, Test Node Loss: 4.7349, Test Reg Loss: 30.0705, Test MAPE: 10.8553, Test R: 0.7834, Test RRSE: 1.0198
2025-02-10 16:44:34,232:INFO:Epoch 251: Train Loss: 740.8755, Train Node Loss: 7.2292, Train Reg Loss: 7.3365, Train MAPE: 9.7774, Train R: 0.8769, Train RRSE: 0.4814, Test Loss: 1671.9633, Test Node Loss: 6.9074, Test Reg Loss: 16.6506, Test MAPE: 10.5179, Test R: 0.7951, Test RRSE: 0.7589
2025-02-10 16:44:57,595:INFO:Epoch 252: Train Loss: 707.4864, Train Node Loss: 7.6288, Train Reg Loss: 6.9986, Train MAPE: 9.8748, Train R: 0.8832, Train RRSE: 0.4702, Test Loss: 3598.5466, Test Node Loss: 4.6223, Test Reg Loss: 35.9392, Test MAPE: 11.4937, Test R: 0.7901, Test RRSE: 1.1149
2025-02-10 16:45:20,882:INFO:Epoch 253: Train Loss: 702.3223, Train Node Loss: 7.3114, Train Reg Loss: 6.9501, Train MAPE: 9.7837, Train R: 0.8838, Train RRSE: 0.4686, Test Loss: 3218.9373, Test Node Loss: 4.8552, Test Reg Loss: 32.1408, Test MAPE: 11.3085, Test R: 0.7853, Test RRSE: 1.0544
2025-02-10 16:45:44,047:INFO:Epoch 254: Train Loss: 717.5271, Train Node Loss: 6.7642, Train Reg Loss: 7.1076, Train MAPE: 9.8962, Train R: 0.8831, Train RRSE: 0.4739, Test Loss: 2849.6241, Test Node Loss: 4.9131, Test Reg Loss: 28.4471, Test MAPE: 11.0794, Test R: 0.7952, Test RRSE: 0.9919
2025-02-10 16:46:07,598:INFO:Epoch 255: Train Loss: 801.4017, Train Node Loss: 7.7436, Train Reg Loss: 7.9366, Train MAPE: 10.1023, Train R: 0.8731, Train RRSE: 0.5007, Test Loss: 5709.6182, Test Node Loss: 3.3288, Test Reg Loss: 57.0629, Test MAPE: 13.3386, Test R: 0.7771, Test RRSE: 1.4049
2025-02-10 16:46:31,148:INFO:Epoch 256: Train Loss: 808.0507, Train Node Loss: 5.5651, Train Reg Loss: 8.0249, Train MAPE: 9.7312, Train R: 0.8770, Train RRSE: 0.5035, Test Loss: 1736.6352, Test Node Loss: 5.5284, Test Reg Loss: 17.3111, Test MAPE: 10.0032, Test R: 0.7758, Test RRSE: 0.7738
2025-02-10 16:46:54,838:INFO:Epoch 257: Train Loss: 920.8189, Train Node Loss: 7.5047, Train Reg Loss: 9.1331, Train MAPE: 10.2029, Train R: 0.8646, Train RRSE: 0.5372, Test Loss: 3909.3726, Test Node Loss: 3.9106, Test Reg Loss: 39.0546, Test MAPE: 12.0289, Test R: 0.7944, Test RRSE: 1.1623
2025-02-10 16:47:18,381:INFO:Epoch 258: Train Loss: 825.1605, Train Node Loss: 4.8606, Train Reg Loss: 8.2030, Train MAPE: 9.8368, Train R: 0.8823, Train RRSE: 0.5091, Test Loss: 1988.3238, Test Node Loss: 3.9427, Test Reg Loss: 19.8438, Test MAPE: 10.5994, Test R: 0.7968, Test RRSE: 0.8285
2025-02-10 16:47:41,739:INFO:Epoch 259: Train Loss: 883.5951, Train Node Loss: 5.4906, Train Reg Loss: 8.7810, Train MAPE: 10.0692, Train R: 0.8648, Train RRSE: 0.5267, Test Loss: 5364.1398, Test Node Loss: 1.9369, Test Reg Loss: 53.6220, Test MAPE: 13.1719, Test R: 0.7947, Test RRSE: 1.3619
2025-02-10 16:48:05,950:INFO:Epoch 260: Train Loss: 805.3719, Train Node Loss: 3.5921, Train Reg Loss: 8.0178, Train MAPE: 9.6712, Train R: 0.8821, Train RRSE: 0.5033, Test Loss: 2120.2485, Test Node Loss: 4.0953, Test Reg Loss: 21.1615, Test MAPE: 10.6445, Test R: 0.7697, Test RRSE: 0.8555
2025-02-10 16:48:30,095:INFO:Epoch 261: Train Loss: 786.9725, Train Node Loss: 5.4869, Train Reg Loss: 7.8149, Train MAPE: 10.1245, Train R: 0.8701, Train RRSE: 0.4969, Test Loss: 1491.7475, Test Node Loss: 5.1255, Test Reg Loss: 14.8662, Test MAPE: 9.9405, Test R: 0.7871, Test RRSE: 0.7171
2025-02-10 16:48:54,266:INFO:Epoch 262: Train Loss: 810.2865, Train Node Loss: 5.7045, Train Reg Loss: 8.0458, Train MAPE: 9.6707, Train R: 0.8737, Train RRSE: 0.5042, Test Loss: 2047.6083, Test Node Loss: 4.3923, Test Reg Loss: 20.4322, Test MAPE: 10.2591, Test R: 0.7863, Test RRSE: 0.8407
2025-02-10 16:49:18,149:INFO:Epoch 263: Train Loss: 713.1570, Train Node Loss: 5.0177, Train Reg Loss: 7.0814, Train MAPE: 9.8034, Train R: 0.8838, Train RRSE: 0.4730, Test Loss: 1795.2554, Test Node Loss: 4.5395, Test Reg Loss: 17.9072, Test MAPE: 10.5479, Test R: 0.7926, Test RRSE: 0.7870
2025-02-10 16:49:41,961:INFO:Epoch 264: Train Loss: 741.3779, Train Node Loss: 5.1177, Train Reg Loss: 7.3626, Train MAPE: 9.9250, Train R: 0.8762, Train RRSE: 0.4823, Test Loss: 2202.2204, Test Node Loss: 3.9218, Test Reg Loss: 21.9830, Test MAPE: 10.7541, Test R: 0.7998, Test RRSE: 0.8720
2025-02-10 16:50:05,357:INFO:Epoch 265: Train Loss: 739.4426, Train Node Loss: 5.2826, Train Reg Loss: 7.3416, Train MAPE: 9.7267, Train R: 0.8784, Train RRSE: 0.4816, Test Loss: 2577.2203, Test Node Loss: 3.7803, Test Reg Loss: 25.7344, Test MAPE: 10.6786, Test R: 0.7857, Test RRSE: 0.9435
2025-02-10 16:50:28,659:INFO:Epoch 266: Train Loss: 770.9272, Train Node Loss: 5.4261, Train Reg Loss: 7.6550, Train MAPE: 9.7051, Train R: 0.8716, Train RRSE: 0.4918, Test Loss: 2402.3365, Test Node Loss: 4.3238, Test Reg Loss: 23.9801, Test MAPE: 11.0525, Test R: 0.7930, Test RRSE: 0.9107
2025-02-10 16:50:51,902:INFO:Epoch 267: Train Loss: 689.6056, Train Node Loss: 5.4615, Train Reg Loss: 6.8414, Train MAPE: 10.0387, Train R: 0.8855, Train RRSE: 0.4649, Test Loss: 3597.8305, Test Node Loss: 3.3987, Test Reg Loss: 35.9443, Test MAPE: 11.6688, Test R: 0.7895, Test RRSE: 1.1150
2025-02-10 16:51:15,226:INFO:Epoch 268: Train Loss: 776.2652, Train Node Loss: 5.5599, Train Reg Loss: 7.7071, Train MAPE: 9.9687, Train R: 0.8705, Train RRSE: 0.4934, Test Loss: 2495.2092, Test Node Loss: 4.0782, Test Reg Loss: 24.9113, Test MAPE: 10.7015, Test R: 0.7812, Test RRSE: 0.9282
2025-02-10 16:51:39,000:INFO:Epoch 269: Train Loss: 661.5076, Train Node Loss: 5.2934, Train Reg Loss: 6.5621, Train MAPE: 9.7761, Train R: 0.8906, Train RRSE: 0.4553, Test Loss: 4130.9762, Test Node Loss: 2.9012, Test Reg Loss: 41.2807, Test MAPE: 12.2818, Test R: 0.7823, Test RRSE: 1.1949
2025-02-10 16:52:02,757:INFO:Epoch 270: Train Loss: 732.6717, Train Node Loss: 4.7444, Train Reg Loss: 7.2793, Train MAPE: 9.9082, Train R: 0.8806, Train RRSE: 0.4796, Test Loss: 2182.1594, Test Node Loss: 4.1590, Test Reg Loss: 21.7800, Test MAPE: 10.8082, Test R: 0.7816, Test RRSE: 0.8679
2025-02-10 16:52:26,771:INFO:Epoch 271: Train Loss: 949.5747, Train Node Loss: 5.2529, Train Reg Loss: 9.4432, Train MAPE: 9.6420, Train R: 0.8384, Train RRSE: 0.5462, Test Loss: 3833.4643, Test Node Loss: 3.1599, Test Reg Loss: 38.3030, Test MAPE: 11.6269, Test R: 0.7623, Test RRSE: 1.1510
2025-02-10 16:52:50,994:INFO:Epoch 272: Train Loss: 800.9221, Train Node Loss: 5.9668, Train Reg Loss: 7.9496, Train MAPE: 9.9414, Train R: 0.8704, Train RRSE: 0.5012, Test Loss: 1332.5786, Test Node Loss: 5.7685, Test Reg Loss: 13.2681, Test MAPE: 10.4022, Test R: 0.7891, Test RRSE: 0.6774
2025-02-10 16:53:14,388:INFO:Epoch 273: Train Loss: 790.9649, Train Node Loss: 5.3907, Train Reg Loss: 7.8557, Train MAPE: 10.0122, Train R: 0.8683, Train RRSE: 0.4982, Test Loss: 1496.5812, Test Node Loss: 5.0678, Test Reg Loss: 14.9151, Test MAPE: 10.2012, Test R: 0.7937, Test RRSE: 0.7183
2025-02-10 16:53:38,191:INFO:Epoch 274: Train Loss: 713.2478, Train Node Loss: 5.5569, Train Reg Loss: 7.0769, Train MAPE: 9.6013, Train R: 0.8834, Train RRSE: 0.4728, Test Loss: 2837.4705, Test Node Loss: 4.0240, Test Reg Loss: 28.3345, Test MAPE: 10.8796, Test R: 0.7758, Test RRSE: 0.9900
2025-02-10 16:54:02,335:INFO:Epoch 275: Train Loss: 725.4427, Train Node Loss: 5.7571, Train Reg Loss: 7.1969, Train MAPE: 9.8094, Train R: 0.8792, Train RRSE: 0.4768, Test Loss: 1268.1182, Test Node Loss: 6.9940, Test Reg Loss: 12.6112, Test MAPE: 10.5356, Test R: 0.7981, Test RRSE: 0.6605
2025-02-10 16:54:26,637:INFO:Epoch 276: Train Loss: 653.2054, Train Node Loss: 6.4471, Train Reg Loss: 6.4676, Train MAPE: 10.2044, Train R: 0.8959, Train RRSE: 0.4520, Test Loss: 6883.7689, Test Node Loss: 2.3025, Test Reg Loss: 68.8147, Test MAPE: 14.3841, Test R: 0.7826, Test RRSE: 1.5428
2025-02-10 16:54:51,672:INFO:Epoch 277: Train Loss: 735.0208, Train Node Loss: 5.2653, Train Reg Loss: 7.2976, Train MAPE: 9.5603, Train R: 0.8832, Train RRSE: 0.4802, Test Loss: 1731.7836, Test Node Loss: 5.6075, Test Reg Loss: 17.2618, Test MAPE: 10.1494, Test R: 0.7940, Test RRSE: 0.7727
2025-02-10 16:55:17,198:INFO:Epoch 278: Train Loss: 636.4567, Train Node Loss: 6.2584, Train Reg Loss: 6.3020, Train MAPE: 9.9673, Train R: 0.8980, Train RRSE: 0.4462, Test Loss: 3736.5163, Test Node Loss: 3.5430, Test Reg Loss: 37.3297, Test MAPE: 12.1430, Test R: 0.7918, Test RRSE: 1.1363
2025-02-10 16:55:42,858:INFO:Epoch 279: Train Loss: 678.7587, Train Node Loss: 5.0276, Train Reg Loss: 6.7373, Train MAPE: 10.0248, Train R: 0.8884, Train RRSE: 0.4614, Test Loss: 4084.0200, Test Node Loss: 2.7208, Test Reg Loss: 40.8130, Test MAPE: 12.0190, Test R: 0.7779, Test RRSE: 1.1881
2025-02-10 16:56:08,638:INFO:Epoch 280: Train Loss: 758.3140, Train Node Loss: 5.1888, Train Reg Loss: 7.5313, Train MAPE: 9.9420, Train R: 0.8757, Train RRSE: 0.4878, Test Loss: 5361.8108, Test Node Loss: 1.9003, Test Reg Loss: 53.5991, Test MAPE: 13.0347, Test R: 0.7759, Test RRSE: 1.3616
2025-02-10 16:56:34,236:INFO:Epoch 281: Train Loss: 737.1626, Train Node Loss: 3.8726, Train Reg Loss: 7.3329, Train MAPE: 9.7160, Train R: 0.8836, Train RRSE: 0.4813, Test Loss: 1468.1287, Test Node Loss: 6.1560, Test Reg Loss: 14.6197, Test MAPE: 10.8387, Test R: 0.7794, Test RRSE: 0.7111
2025-02-10 16:57:00,399:INFO:Epoch 282: Train Loss: 699.9381, Train Node Loss: 5.5777, Train Reg Loss: 6.9436, Train MAPE: 10.0967, Train R: 0.8869, Train RRSE: 0.4684, Test Loss: 2629.8899, Test Node Loss: 4.1074, Test Reg Loss: 26.2578, Test MAPE: 10.8798, Test R: 0.7753, Test RRSE: 0.9530
2025-02-10 16:57:26,680:INFO:Epoch 283: Train Loss: 684.3751, Train Node Loss: 4.6861, Train Reg Loss: 6.7969, Train MAPE: 9.6548, Train R: 0.8883, Train RRSE: 0.4634, Test Loss: 3822.0142, Test Node Loss: 2.8837, Test Reg Loss: 38.1913, Test MAPE: 11.9061, Test R: 0.7811, Test RRSE: 1.1493
2025-02-10 16:57:52,660:INFO:Epoch 284: Train Loss: 828.3160, Train Node Loss: 4.5517, Train Reg Loss: 8.2376, Train MAPE: 10.0298, Train R: 0.8606, Train RRSE: 0.5102, Test Loss: 3290.8299, Test Node Loss: 3.1922, Test Reg Loss: 32.8764, Test MAPE: 11.3744, Test R: 0.7860, Test RRSE: 1.0664
2025-02-10 16:58:18,575:INFO:Epoch 285: Train Loss: 750.3970, Train Node Loss: 5.1427, Train Reg Loss: 7.4525, Train MAPE: 9.6656, Train R: 0.8788, Train RRSE: 0.4852, Test Loss: 2485.9686, Test Node Loss: 4.0100, Test Reg Loss: 24.8196, Test MAPE: 10.5887, Test R: 0.7897, Test RRSE: 0.9265
2025-02-10 16:58:44,465:INFO:Epoch 286: Train Loss: 818.9283, Train Node Loss: 4.7906, Train Reg Loss: 8.1414, Train MAPE: 9.8460, Train R: 0.8634, Train RRSE: 0.5072, Test Loss: 1952.8816, Test Node Loss: 4.1850, Test Reg Loss: 19.4870, Test MAPE: 10.5278, Test R: 0.7873, Test RRSE: 0.8210
2025-02-10 16:59:10,309:INFO:Epoch 287: Train Loss: 729.5728, Train Node Loss: 5.7333, Train Reg Loss: 7.2384, Train MAPE: 10.1418, Train R: 0.8817, Train RRSE: 0.4782, Test Loss: 3068.6609, Test Node Loss: 3.1827, Test Reg Loss: 30.6548, Test MAPE: 11.0371, Test R: 0.7750, Test RRSE: 1.0297
2025-02-10 16:59:36,199:INFO:Epoch 288: Train Loss: 769.9224, Train Node Loss: 4.5523, Train Reg Loss: 7.6537, Train MAPE: 9.6665, Train R: 0.8751, Train RRSE: 0.4917, Test Loss: 1790.3364, Test Node Loss: 4.3268, Test Reg Loss: 17.8601, Test MAPE: 10.6726, Test R: 0.7821, Test RRSE: 0.7860
2025-02-10 17:00:01,848:INFO:Epoch 289: Train Loss: 846.6196, Train Node Loss: 5.3858, Train Reg Loss: 8.4123, Train MAPE: 10.1759, Train R: 0.8616, Train RRSE: 0.5155, Test Loss: 4563.6568, Test Node Loss: 2.6081, Test Reg Loss: 45.6105, Test MAPE: 12.3610, Test R: 0.7725, Test RRSE: 1.2560
2025-02-10 17:00:27,989:INFO:Epoch 290: Train Loss: 672.9487, Train Node Loss: 4.7373, Train Reg Loss: 6.6821, Train MAPE: 9.6029, Train R: 0.8909, Train RRSE: 0.4595, Test Loss: 3067.6937, Test Node Loss: 3.4271, Test Reg Loss: 30.6427, Test MAPE: 11.3722, Test R: 0.7850, Test RRSE: 1.0295
2025-02-10 17:00:53,403:INFO:Epoch 291: Train Loss: 631.9479, Train Node Loss: 4.8827, Train Reg Loss: 6.2707, Train MAPE: 9.8973, Train R: 0.8961, Train RRSE: 0.4451, Test Loss: 3016.4791, Test Node Loss: 3.6268, Test Reg Loss: 30.1285, Test MAPE: 11.5170, Test R: 0.7752, Test RRSE: 1.0208
2025-02-10 17:01:19,449:INFO:Epoch 292: Train Loss: 669.1879, Train Node Loss: 5.1146, Train Reg Loss: 6.6407, Train MAPE: 10.2835, Train R: 0.8923, Train RRSE: 0.4580, Test Loss: 6981.0431, Test Node Loss: 1.3641, Test Reg Loss: 69.7968, Test MAPE: 14.1162, Test R: 0.7628, Test RRSE: 1.5538
2025-02-10 17:01:44,715:INFO:Epoch 293: Train Loss: 698.1560, Train Node Loss: 3.9439, Train Reg Loss: 6.9421, Train MAPE: 9.4815, Train R: 0.8904, Train RRSE: 0.4683, Test Loss: 1391.8022, Test Node Loss: 4.2965, Test Reg Loss: 13.8751, Test MAPE: 10.2492, Test R: 0.7867, Test RRSE: 0.6928
2025-02-10 17:02:10,049:INFO:Epoch 294: Train Loss: 683.4994, Train Node Loss: 5.1683, Train Reg Loss: 6.7833, Train MAPE: 10.1520, Train R: 0.8898, Train RRSE: 0.4629, Test Loss: 3182.7006, Test Node Loss: 3.6445, Test Reg Loss: 31.7906, Test MAPE: 11.5395, Test R: 0.7822, Test RRSE: 1.0486
2025-02-10 17:02:34,980:INFO:Epoch 295: Train Loss: 727.4315, Train Node Loss: 5.0570, Train Reg Loss: 7.2237, Train MAPE: 9.9439, Train R: 0.8794, Train RRSE: 0.4777, Test Loss: 4329.9029, Test Node Loss: 2.9615, Test Reg Loss: 43.2694, Test MAPE: 12.3587, Test R: 0.7806, Test RRSE: 1.2234
2025-02-10 17:02:59,455:INFO:Epoch 296: Train Loss: 755.0105, Train Node Loss: 4.9339, Train Reg Loss: 7.5008, Train MAPE: 9.6682, Train R: 0.8754, Train RRSE: 0.4868, Test Loss: 1778.6769, Test Node Loss: 4.2911, Test Reg Loss: 17.7439, Test MAPE: 10.0235, Test R: 0.7857, Test RRSE: 0.7834
2025-02-10 17:03:23,631:INFO:Epoch 297: Train Loss: 750.1614, Train Node Loss: 5.3409, Train Reg Loss: 7.4482, Train MAPE: 9.8681, Train R: 0.8761, Train RRSE: 0.4851, Test Loss: 4048.7993, Test Node Loss: 2.9589, Test Reg Loss: 40.4584, Test MAPE: 12.4052, Test R: 0.7836, Test RRSE: 1.1830
2025-02-10 17:03:48,038:INFO:Epoch 298: Train Loss: 802.1327, Train Node Loss: 4.6190, Train Reg Loss: 7.9751, Train MAPE: 9.8707, Train R: 0.8671, Train RRSE: 0.5020, Test Loss: 1854.9108, Test Node Loss: 3.7057, Test Reg Loss: 18.5121, Test MAPE: 10.1220, Test R: 0.7856, Test RRSE: 0.8002
2025-02-10 17:04:12,546:INFO:Epoch 299: Train Loss: 671.5420, Train Node Loss: 4.8843, Train Reg Loss: 6.6666, Train MAPE: 9.9772, Train R: 0.8910, Train RRSE: 0.4589, Test Loss: 3536.1636, Test Node Loss: 2.6141, Test Reg Loss: 35.3355, Test MAPE: 11.8371, Test R: 0.7879, Test RRSE: 1.1055
2025-02-10 17:04:36,915:INFO:Epoch 300: Train Loss: 755.4561, Train Node Loss: 3.8244, Train Reg Loss: 7.5163, Train MAPE: 9.6710, Train R: 0.8759, Train RRSE: 0.4873, Test Loss: 1821.9763, Test Node Loss: 3.6142, Test Reg Loss: 18.1836, Test MAPE: 10.0930, Test R: 0.7854, Test RRSE: 0.7931
2025-02-10 17:04:36,915:INFO:Best performance at epoch 155 with Test MAPE: 0.8196
