2025-02-10 14:56:11,919:INFO:Learning rate: 0.001
2025-02-10 14:56:11,920:INFO:Weight decay: 0.001
2025-02-10 14:56:11,920:INFO:Batch size: 32
2025-02-10 14:56:11,920:INFO:Number of layers: 3
2025-02-10 14:56:11,920:INFO:Convolution type: SAGE
2025-02-10 14:56:11,920:INFO:Convolution neurons: 256
2025-02-10 15:00:41,837:INFO:Learning rate: 0.001
2025-02-10 15:00:41,838:INFO:Weight decay: 0.001
2025-02-10 15:00:41,838:INFO:Batch size: 32
2025-02-10 15:00:41,838:INFO:Number of layers: 3
2025-02-10 15:00:41,838:INFO:Convolution type: SAGE
2025-02-10 15:00:41,838:INFO:Convolution neurons: 256
2025-02-10 15:01:02,146:INFO:Epoch 1: Train Loss: 262300.9858, Train Node Loss: 0.3790, Train Reg Loss: 2623.0061, Train MAPE: 97.5683, Train R: -0.0711, Train RRSE: 8.4175, Test Loss: 265195.9985, Test Node Loss: 0.4935, Test Reg Loss: 2651.9550, Test MAPE: 96.5676, Test R: 0.8809, Test RRSE: 8.4549
2025-02-10 15:01:02,278:INFO:Checkpoint saved at best_0.001_0.001_256_SAGE_3_32_0.8809_epoch_1.pth
2025-02-10 15:01:21,333:INFO:Epoch 2: Train Loss: 221610.8989, Train Node Loss: 29.5657, Train Reg Loss: 2215.8133, Train MAPE: 89.3858, Train R: -0.0355, Train RRSE: 7.7366, Test Loss: 167827.9696, Test Node Loss: 306.7271, Test Reg Loss: 1675.2124, Test MAPE: 76.2285, Test R: 0.8571, Test RRSE: 6.7198
2025-02-10 15:01:40,111:INFO:Epoch 3: Train Loss: 102942.0376, Train Node Loss: 1323.2695, Train Reg Loss: 1016.1877, Train MAPE: 56.3273, Train R: -0.0269, Train RRSE: 5.2393, Test Loss: 158529.7612, Test Node Loss: 17208.9845, Test Reg Loss: 1413.2078, Test MAPE: 72.7681, Test R: 0.8634, Test RRSE: 6.1720
2025-02-10 15:01:58,618:INFO:Epoch 4: Train Loss: 23612.8654, Train Node Loss: 7050.5876, Train Reg Loss: 165.6228, Train MAPE: 23.1793, Train R: 0.3503, Train RRSE: 2.1152, Test Loss: 24933.5921, Test Node Loss: 7116.7742, Test Reg Loss: 178.1682, Test MAPE: 25.5513, Test R: 0.8697, Test RRSE: 2.1915
2025-02-10 15:02:17,541:INFO:Epoch 5: Train Loss: 13845.3297, Train Node Loss: 2943.1311, Train Reg Loss: 109.0220, Train MAPE: 15.8361, Train R: 0.1137, Train RRSE: 1.7161, Test Loss: 6762.2733, Test Node Loss: 3283.7572, Test Reg Loss: 34.7852, Test MAPE: 9.4449, Test R: 0.8729, Test RRSE: 0.9683
2025-02-10 15:02:36,431:INFO:Epoch 6: Train Loss: 8026.3308, Train Node Loss: 3140.2312, Train Reg Loss: 48.8610, Train MAPE: 11.2881, Train R: 0.2585, Train RRSE: 1.1489, Test Loss: 21318.7408, Test Node Loss: 5037.6531, Test Reg Loss: 162.8109, Test MAPE: 24.6307, Test R: 0.8712, Test RRSE: 2.0949
2025-02-10 15:02:54,943:INFO:Epoch 7: Train Loss: 6961.7062, Train Node Loss: 3461.0580, Train Reg Loss: 35.0065, Train MAPE: 11.8224, Train R: 0.5846, Train RRSE: 0.9724, Test Loss: 4924.7385, Test Node Loss: 2847.4881, Test Reg Loss: 20.7725, Test MAPE: 9.3623, Test R: 0.8706, Test RRSE: 0.7483
2025-02-10 15:03:13,702:INFO:Epoch 8: Train Loss: 6288.9648, Train Node Loss: 2307.0455, Train Reg Loss: 39.8192, Train MAPE: 9.7827, Train R: 0.6789, Train RRSE: 1.0371, Test Loss: 4671.6582, Test Node Loss: 2682.1817, Test Reg Loss: 19.8948, Test MAPE: 9.5438, Test R: 0.8700, Test RRSE: 0.7323
2025-02-10 15:03:31,980:INFO:Epoch 9: Train Loss: 5003.5363, Train Node Loss: 2639.0850, Train Reg Loss: 23.6445, Train MAPE: 10.2043, Train R: 0.6931, Train RRSE: 0.7992, Test Loss: 4576.7321, Test Node Loss: 2569.4457, Test Reg Loss: 20.0729, Test MAPE: 10.0226, Test R: 0.8700, Test RRSE: 0.7356
2025-02-10 15:03:50,398:INFO:Epoch 10: Train Loss: 4624.9431, Train Node Loss: 2207.9092, Train Reg Loss: 24.1703, Train MAPE: 9.2256, Train R: 0.7071, Train RRSE: 0.8080, Test Loss: 4417.9280, Test Node Loss: 2105.7801, Test Reg Loss: 23.1215, Test MAPE: 9.3811, Test R: 0.8686, Test RRSE: 0.7895
2025-02-10 15:04:08,672:INFO:Epoch 11: Train Loss: 4305.0392, Train Node Loss: 2176.9018, Train Reg Loss: 21.2814, Train MAPE: 9.5147, Train R: 0.7591, Train RRSE: 0.7582, Test Loss: 3984.5158, Test Node Loss: 2118.7138, Test Reg Loss: 18.6580, Test MAPE: 9.5094, Test R: 0.8682, Test RRSE: 0.7092
2025-02-10 15:04:27,146:INFO:Epoch 12: Train Loss: 4060.4913, Train Node Loss: 2018.7621, Train Reg Loss: 20.4173, Train MAPE: 9.3166, Train R: 0.7934, Train RRSE: 0.7427, Test Loss: 4025.2206, Test Node Loss: 1855.8682, Test Reg Loss: 21.6935, Test MAPE: 9.4805, Test R: 0.8670, Test RRSE: 0.7647
2025-02-10 15:04:45,334:INFO:Epoch 13: Train Loss: 3859.5554, Train Node Loss: 1871.9529, Train Reg Loss: 19.8760, Train MAPE: 9.3444, Train R: 0.7913, Train RRSE: 0.7327, Test Loss: 3701.5417, Test Node Loss: 1806.6685, Test Reg Loss: 18.9487, Test MAPE: 9.5351, Test R: 0.8657, Test RRSE: 0.7147
2025-02-10 15:05:03,910:INFO:Epoch 14: Train Loss: 3759.2153, Train Node Loss: 1762.8508, Train Reg Loss: 19.9636, Train MAPE: 9.4022, Train R: 0.7695, Train RRSE: 0.7344, Test Loss: 3497.4014, Test Node Loss: 1732.6494, Test Reg Loss: 17.6475, Test MAPE: 9.6419, Test R: 0.8653, Test RRSE: 0.6897
2025-02-10 15:05:22,047:INFO:Epoch 15: Train Loss: 3604.6257, Train Node Loss: 1786.1529, Train Reg Loss: 18.1847, Train MAPE: 10.2122, Train R: 0.7931, Train RRSE: 0.7009, Test Loss: 3700.7451, Test Node Loss: 1536.8364, Test Reg Loss: 21.6391, Test MAPE: 9.7248, Test R: 0.8649, Test RRSE: 0.7637
2025-02-10 15:05:40,461:INFO:Epoch 16: Train Loss: 3511.4498, Train Node Loss: 1568.1075, Train Reg Loss: 19.4334, Train MAPE: 9.4700, Train R: 0.7694, Train RRSE: 0.7245, Test Loss: 3368.4806, Test Node Loss: 1509.5354, Test Reg Loss: 18.5895, Test MAPE: 9.7357, Test R: 0.8623, Test RRSE: 0.7079
2025-02-10 15:05:58,838:INFO:Epoch 17: Train Loss: 3254.1245, Train Node Loss: 1522.2546, Train Reg Loss: 17.3187, Train MAPE: 9.6564, Train R: 0.7934, Train RRSE: 0.6840, Test Loss: 3084.3491, Test Node Loss: 1504.6274, Test Reg Loss: 15.7972, Test MAPE: 9.8516, Test R: 0.8629, Test RRSE: 0.6526
2025-02-10 15:06:17,045:INFO:Epoch 18: Train Loss: 3239.0182, Train Node Loss: 1502.6911, Train Reg Loss: 17.3633, Train MAPE: 10.0478, Train R: 0.7745, Train RRSE: 0.6849, Test Loss: 3375.9988, Test Node Loss: 1334.2385, Test Reg Loss: 20.4176, Test MAPE: 9.9964, Test R: 0.8640, Test RRSE: 0.7419
2025-02-10 15:06:35,273:INFO:Epoch 19: Train Loss: 2939.5454, Train Node Loss: 1391.6086, Train Reg Loss: 15.4794, Train MAPE: 9.9490, Train R: 0.8141, Train RRSE: 0.6466, Test Loss: 2965.1735, Test Node Loss: 1341.7136, Test Reg Loss: 16.2346, Test MAPE: 9.9215, Test R: 0.8639, Test RRSE: 0.6615
2025-02-10 15:06:53,560:INFO:Epoch 20: Train Loss: 2956.5289, Train Node Loss: 1360.3669, Train Reg Loss: 15.9616, Train MAPE: 10.1011, Train R: 0.7867, Train RRSE: 0.6566, Test Loss: 3717.0117, Test Node Loss: 1158.6884, Test Reg Loss: 25.5832, Test MAPE: 10.3899, Test R: 0.8652, Test RRSE: 0.8304
2025-02-10 15:07:11,575:INFO:Epoch 21: Train Loss: 3018.1439, Train Node Loss: 1314.7800, Train Reg Loss: 17.0336, Train MAPE: 10.4679, Train R: 0.7532, Train RRSE: 0.6783, Test Loss: 3155.6424, Test Node Loss: 1167.5943, Test Reg Loss: 19.8805, Test MAPE: 10.1238, Test R: 0.8677, Test RRSE: 0.7320
2025-02-10 15:07:29,771:INFO:Epoch 22: Train Loss: 2719.3254, Train Node Loss: 1197.2377, Train Reg Loss: 15.2209, Train MAPE: 10.0208, Train R: 0.8164, Train RRSE: 0.6412, Test Loss: 2767.2719, Test Node Loss: 1175.0373, Test Reg Loss: 15.9223, Test MAPE: 10.1158, Test R: 0.8696, Test RRSE: 0.6551
2025-02-10 15:07:47,771:INFO:Epoch 23: Train Loss: 2754.5483, Train Node Loss: 1203.7634, Train Reg Loss: 15.5078, Train MAPE: 10.2517, Train R: 0.7879, Train RRSE: 0.6472, Test Loss: 2903.7206, Test Node Loss: 1098.3559, Test Reg Loss: 18.0536, Test MAPE: 10.2575, Test R: 0.8726, Test RRSE: 0.6976
2025-02-10 15:08:06,111:INFO:Epoch 24: Train Loss: 2631.5040, Train Node Loss: 1133.7624, Train Reg Loss: 14.9774, Train MAPE: 10.2790, Train R: 0.7950, Train RRSE: 0.6361, Test Loss: 3208.6893, Test Node Loss: 1014.0793, Test Reg Loss: 21.9461, Test MAPE: 10.5605, Test R: 0.8758, Test RRSE: 0.7691
2025-02-10 15:08:24,310:INFO:Epoch 25: Train Loss: 2357.0368, Train Node Loss: 1125.2030, Train Reg Loss: 12.3183, Train MAPE: 10.4201, Train R: 0.8437, Train RRSE: 0.5768, Test Loss: 2817.0067, Test Node Loss: 1010.9337, Test Reg Loss: 18.0607, Test MAPE: 10.3553, Test R: 0.8801, Test RRSE: 0.6977
2025-02-10 15:08:42,878:INFO:Epoch 26: Train Loss: 2329.0403, Train Node Loss: 1033.2721, Train Reg Loss: 12.9577, Train MAPE: 10.2593, Train R: 0.8455, Train RRSE: 0.5916, Test Loss: 2531.3873, Test Node Loss: 1007.0513, Test Reg Loss: 15.2434, Test MAPE: 10.4044, Test R: 0.8813, Test RRSE: 0.6410
2025-02-10 15:08:42,905:INFO:Checkpoint saved at best_0.001_0.001_256_SAGE_3_32_0.8813_epoch_26.pth
2025-02-10 15:09:01,441:INFO:Epoch 27: Train Loss: 2727.8636, Train Node Loss: 1066.0968, Train Reg Loss: 16.6177, Train MAPE: 11.0130, Train R: 0.7473, Train RRSE: 0.6700, Test Loss: 3691.6642, Test Node Loss: 857.7483, Test Reg Loss: 28.3392, Test MAPE: 11.2365, Test R: 0.8793, Test RRSE: 0.8740
2025-02-10 15:09:19,433:INFO:Epoch 28: Train Loss: 2279.6233, Train Node Loss: 1011.6539, Train Reg Loss: 12.6797, Train MAPE: 10.7064, Train R: 0.8251, Train RRSE: 0.5852, Test Loss: 2374.5118, Test Node Loss: 935.5221, Test Reg Loss: 14.3899, Test MAPE: 10.4703, Test R: 0.8826, Test RRSE: 0.6228
2025-02-10 15:09:19,457:INFO:Checkpoint saved at best_0.001_0.001_256_SAGE_3_32_0.8826_epoch_28.pth
2025-02-10 15:09:37,626:INFO:Epoch 29: Train Loss: 2171.3022, Train Node Loss: 932.8541, Train Reg Loss: 12.3845, Train MAPE: 10.4953, Train R: 0.8452, Train RRSE: 0.5784, Test Loss: 2220.8134, Test Node Loss: 928.4880, Test Reg Loss: 12.9233, Test MAPE: 10.3669, Test R: 0.8844, Test RRSE: 0.5902
2025-02-10 15:09:37,647:INFO:Checkpoint saved at best_0.001_0.001_256_SAGE_3_32_0.8844_epoch_29.pth
2025-02-10 15:09:55,455:INFO:Epoch 30: Train Loss: 2139.5839, Train Node Loss: 968.8861, Train Reg Loss: 11.7070, Train MAPE: 10.8380, Train R: 0.8412, Train RRSE: 0.5624, Test Loss: 4131.1854, Test Node Loss: 752.2787, Test Reg Loss: 33.7891, Test MAPE: 11.9368, Test R: 0.8829, Test RRSE: 0.9544
2025-02-10 15:10:13,557:INFO:Epoch 31: Train Loss: 2120.9802, Train Node Loss: 911.0605, Train Reg Loss: 12.0992, Train MAPE: 10.8114, Train R: 0.8286, Train RRSE: 0.5717, Test Loss: 2015.1497, Test Node Loss: 888.0055, Test Reg Loss: 11.2714, Test MAPE: 10.6866, Test R: 0.8862, Test RRSE: 0.5512
2025-02-10 15:10:13,579:INFO:Checkpoint saved at best_0.001_0.001_256_SAGE_3_32_0.8862_epoch_31.pth
2025-02-10 15:10:31,449:INFO:Epoch 32: Train Loss: 1931.9139, Train Node Loss: 866.8854, Train Reg Loss: 10.6503, Train MAPE: 10.7549, Train R: 0.8599, Train RRSE: 0.5364, Test Loss: 2221.2515, Test Node Loss: 814.9519, Test Reg Loss: 14.0630, Test MAPE: 10.7885, Test R: 0.8873, Test RRSE: 0.6157
2025-02-10 15:10:31,480:INFO:Checkpoint saved at best_0.001_0.001_256_SAGE_3_32_0.8873_epoch_32.pth
2025-02-10 15:10:49,162:INFO:Epoch 33: Train Loss: 1818.9884, Train Node Loss: 857.5993, Train Reg Loss: 9.6139, Train MAPE: 10.8306, Train R: 0.8759, Train RRSE: 0.5096, Test Loss: 1926.6357, Test Node Loss: 815.3488, Test Reg Loss: 11.1129, Test MAPE: 10.6255, Test R: 0.8909, Test RRSE: 0.5473
2025-02-10 15:10:49,187:INFO:Checkpoint saved at best_0.001_0.001_256_SAGE_3_32_0.8909_epoch_33.pth
2025-02-10 15:11:07,533:INFO:Epoch 34: Train Loss: 1869.2065, Train Node Loss: 808.6056, Train Reg Loss: 10.6060, Train MAPE: 10.6030, Train R: 0.8645, Train RRSE: 0.5353, Test Loss: 1770.6350, Test Node Loss: 817.5950, Test Reg Loss: 9.5304, Test MAPE: 10.7457, Test R: 0.8922, Test RRSE: 0.5068
2025-02-10 15:11:07,565:INFO:Checkpoint saved at best_0.001_0.001_256_SAGE_3_32_0.8922_epoch_34.pth
2025-02-10 15:11:25,562:INFO:Epoch 35: Train Loss: 1827.1222, Train Node Loss: 814.9261, Train Reg Loss: 10.1220, Train MAPE: 10.8680, Train R: 0.8681, Train RRSE: 0.5229, Test Loss: 2820.7721, Test Node Loss: 680.0124, Test Reg Loss: 21.4076, Test MAPE: 11.2922, Test R: 0.8910, Test RRSE: 0.7596
2025-02-10 15:11:43,605:INFO:Epoch 36: Train Loss: 1729.5770, Train Node Loss: 759.9548, Train Reg Loss: 9.6962, Train MAPE: 10.7107, Train R: 0.8754, Train RRSE: 0.5118, Test Loss: 1877.8478, Test Node Loss: 746.8891, Test Reg Loss: 11.3096, Test MAPE: 10.8776, Test R: 0.8895, Test RRSE: 0.5521
2025-02-10 15:12:01,512:INFO:Epoch 37: Train Loss: 1607.3850, Train Node Loss: 753.8934, Train Reg Loss: 8.5349, Train MAPE: 10.9762, Train R: 0.8871, Train RRSE: 0.4802, Test Loss: 2964.4767, Test Node Loss: 631.8492, Test Reg Loss: 23.3263, Test MAPE: 11.5930, Test R: 0.8883, Test RRSE: 0.7930
2025-02-10 15:12:19,612:INFO:Epoch 38: Train Loss: 1756.4684, Train Node Loss: 702.7383, Train Reg Loss: 10.5373, Train MAPE: 10.8111, Train R: 0.8600, Train RRSE: 0.5335, Test Loss: 1715.1114, Test Node Loss: 690.6494, Test Reg Loss: 10.2446, Test MAPE: 10.6839, Test R: 0.8930, Test RRSE: 0.5255
2025-02-10 15:12:19,637:INFO:Checkpoint saved at best_0.001_0.001_256_SAGE_3_32_0.8930_epoch_38.pth
2025-02-10 15:12:37,619:INFO:Epoch 39: Train Loss: 1573.6358, Train Node Loss: 722.8745, Train Reg Loss: 8.5076, Train MAPE: 11.0069, Train R: 0.8979, Train RRSE: 0.4794, Test Loss: 3741.8799, Test Node Loss: 556.5018, Test Reg Loss: 31.8538, Test MAPE: 12.1742, Test R: 0.8906, Test RRSE: 0.9266
2025-02-10 15:12:55,605:INFO:Epoch 40: Train Loss: 1790.4473, Train Node Loss: 649.6507, Train Reg Loss: 11.4080, Train MAPE: 10.8622, Train R: 0.8475, Train RRSE: 0.5551, Test Loss: 1539.8246, Test Node Loss: 718.0260, Test Reg Loss: 8.2180, Test MAPE: 11.1945, Test R: 0.8977, Test RRSE: 0.4707
2025-02-10 15:12:55,635:INFO:Checkpoint saved at best_0.001_0.001_256_SAGE_3_32_0.8977_epoch_40.pth
2025-02-10 15:13:13,630:INFO:Epoch 41: Train Loss: 1661.5920, Train Node Loss: 668.0130, Train Reg Loss: 9.9358, Train MAPE: 11.1203, Train R: 0.8602, Train RRSE: 0.5181, Test Loss: 3269.0529, Test Node Loss: 530.8007, Test Reg Loss: 27.3825, Test MAPE: 11.9470, Test R: 0.8960, Test RRSE: 0.8591
2025-02-10 15:13:32,146:INFO:Epoch 42: Train Loss: 1868.9292, Train Node Loss: 652.9297, Train Reg Loss: 12.1600, Train MAPE: 11.4259, Train R: 0.8239, Train RRSE: 0.5731, Test Loss: 1928.7214, Test Node Loss: 577.4011, Test Reg Loss: 13.5132, Test MAPE: 10.9991, Test R: 0.9003, Test RRSE: 0.6035
2025-02-10 15:13:32,175:INFO:Checkpoint saved at best_0.001_0.001_256_SAGE_3_32_0.9003_epoch_42.pth
2025-02-10 15:13:50,432:INFO:Epoch 43: Train Loss: 1725.6034, Train Node Loss: 585.6425, Train Reg Loss: 11.3996, Train MAPE: 10.9750, Train R: 0.8522, Train RRSE: 0.5549, Test Loss: 1471.7103, Test Node Loss: 657.7244, Test Reg Loss: 8.1399, Test MAPE: 11.3056, Test R: 0.9015, Test RRSE: 0.4684
2025-02-10 15:13:50,452:INFO:Checkpoint saved at best_0.001_0.001_256_SAGE_3_32_0.9015_epoch_43.pth
2025-02-10 15:14:08,590:INFO:Epoch 44: Train Loss: 1465.5404, Train Node Loss: 596.4826, Train Reg Loss: 8.6906, Train MAPE: 10.9269, Train R: 0.8877, Train RRSE: 0.4845, Test Loss: 1728.8801, Test Node Loss: 564.0135, Test Reg Loss: 11.6487, Test MAPE: 10.7181, Test R: 0.9009, Test RRSE: 0.5604
2025-02-10 15:14:26,485:INFO:Epoch 45: Train Loss: 1527.7358, Train Node Loss: 587.4898, Train Reg Loss: 9.4025, Train MAPE: 10.9267, Train R: 0.8746, Train RRSE: 0.5040, Test Loss: 1576.6614, Test Node Loss: 552.6503, Test Reg Loss: 10.2401, Test MAPE: 11.0733, Test R: 0.9033, Test RRSE: 0.5254
2025-02-10 15:14:26,508:INFO:Checkpoint saved at best_0.001_0.001_256_SAGE_3_32_0.9033_epoch_45.pth
2025-02-10 15:14:44,513:INFO:Epoch 46: Train Loss: 1319.7726, Train Node Loss: 556.4060, Train Reg Loss: 7.6337, Train MAPE: 10.8438, Train R: 0.9069, Train RRSE: 0.4541, Test Loss: 1512.3637, Test Node Loss: 543.4319, Test Reg Loss: 9.6893, Test MAPE: 10.9364, Test R: 0.9034, Test RRSE: 0.5111
2025-02-10 15:14:44,538:INFO:Checkpoint saved at best_0.001_0.001_256_SAGE_3_32_0.9034_epoch_46.pth
2025-02-10 15:15:02,863:INFO:Epoch 47: Train Loss: 1281.8934, Train Node Loss: 555.4929, Train Reg Loss: 7.2640, Train MAPE: 11.1064, Train R: 0.9058, Train RRSE: 0.4430, Test Loss: 1776.2514, Test Node Loss: 501.8980, Test Reg Loss: 12.7435, Test MAPE: 11.1322, Test R: 0.9024, Test RRSE: 0.5861
2025-02-10 15:15:20,975:INFO:Epoch 48: Train Loss: 1361.8086, Train Node Loss: 531.3277, Train Reg Loss: 8.3048, Train MAPE: 11.0751, Train R: 0.8897, Train RRSE: 0.4736, Test Loss: 1643.3643, Test Node Loss: 499.0573, Test Reg Loss: 11.4431, Test MAPE: 11.1926, Test R: 0.9028, Test RRSE: 0.5554
2025-02-10 15:15:38,841:INFO:Epoch 49: Train Loss: 1398.5011, Train Node Loss: 494.9674, Train Reg Loss: 9.0353, Train MAPE: 10.8149, Train R: 0.8893, Train RRSE: 0.4940, Test Loss: 1267.1803, Test Node Loss: 530.3771, Test Reg Loss: 7.3680, Test MAPE: 11.3273, Test R: 0.9059, Test RRSE: 0.4457
2025-02-10 15:15:38,866:INFO:Checkpoint saved at best_0.001_0.001_256_SAGE_3_32_0.9059_epoch_49.pth
2025-02-10 15:15:56,525:INFO:Epoch 50: Train Loss: 1481.0435, Train Node Loss: 520.7986, Train Reg Loss: 9.6024, Train MAPE: 11.3544, Train R: 0.8709, Train RRSE: 0.5093, Test Loss: 3002.0373, Test Node Loss: 405.7613, Test Reg Loss: 25.9628, Test MAPE: 12.0229, Test R: 0.9044, Test RRSE: 0.8366
2025-02-10 15:16:14,345:INFO:Epoch 51: Train Loss: 1220.5877, Train Node Loss: 479.4000, Train Reg Loss: 7.4119, Train MAPE: 11.1194, Train R: 0.9029, Train RRSE: 0.4475, Test Loss: 1317.9461, Test Node Loss: 482.0393, Test Reg Loss: 8.3591, Test MAPE: 10.9902, Test R: 0.9071, Test RRSE: 0.4747
2025-02-10 15:16:14,388:INFO:Checkpoint saved at best_0.001_0.001_256_SAGE_3_32_0.9071_epoch_51.pth
2025-02-10 15:16:32,247:INFO:Epoch 52: Train Loss: 1208.2378, Train Node Loss: 477.7320, Train Reg Loss: 7.3051, Train MAPE: 11.1603, Train R: 0.9038, Train RRSE: 0.4442, Test Loss: 2125.4689, Test Node Loss: 415.6212, Test Reg Loss: 17.0985, Test MAPE: 11.5405, Test R: 0.9038, Test RRSE: 0.6789
2025-02-10 15:16:50,405:INFO:Epoch 53: Train Loss: 1226.8299, Train Node Loss: 451.8199, Train Reg Loss: 7.7501, Train MAPE: 11.0968, Train R: 0.8968, Train RRSE: 0.4576, Test Loss: 1187.1465, Test Node Loss: 482.7691, Test Reg Loss: 7.0438, Test MAPE: 11.5138, Test R: 0.9070, Test RRSE: 0.4357
2025-02-10 15:17:08,813:INFO:Epoch 54: Train Loss: 1317.2444, Train Node Loss: 438.6904, Train Reg Loss: 8.7855, Train MAPE: 11.1737, Train R: 0.8795, Train RRSE: 0.4872, Test Loss: 1157.0341, Test Node Loss: 444.4038, Test Reg Loss: 7.1263, Test MAPE: 11.3879, Test R: 0.9086, Test RRSE: 0.4383
2025-02-10 15:17:08,834:INFO:Checkpoint saved at best_0.001_0.001_256_SAGE_3_32_0.9086_epoch_54.pth
2025-02-10 15:17:27,117:INFO:Epoch 55: Train Loss: 1292.4771, Train Node Loss: 430.3975, Train Reg Loss: 8.6208, Train MAPE: 11.1164, Train R: 0.8842, Train RRSE: 0.4826, Test Loss: 2481.6980, Test Node Loss: 365.9041, Test Reg Loss: 21.1579, Test MAPE: 11.6810, Test R: 0.9086, Test RRSE: 0.7552
2025-02-10 15:17:45,361:INFO:Epoch 56: Train Loss: 1160.1752, Train Node Loss: 427.2562, Train Reg Loss: 7.3292, Train MAPE: 11.3972, Train R: 0.9015, Train RRSE: 0.4450, Test Loss: 3343.8357, Test Node Loss: 339.4965, Test Reg Loss: 30.0434, Test MAPE: 12.6033, Test R: 0.9059, Test RRSE: 0.8999
2025-02-10 15:18:03,353:INFO:Epoch 57: Train Loss: 1260.6104, Train Node Loss: 397.1343, Train Reg Loss: 8.6348, Train MAPE: 11.1798, Train R: 0.8830, Train RRSE: 0.4830, Test Loss: 1120.1642, Test Node Loss: 432.8071, Test Reg Loss: 6.8736, Test MAPE: 11.5658, Test R: 0.9117, Test RRSE: 0.4304
2025-02-10 15:18:03,400:INFO:Checkpoint saved at best_0.001_0.001_256_SAGE_3_32_0.9117_epoch_57.pth
2025-02-10 15:18:21,262:INFO:Epoch 58: Train Loss: 1213.9147, Train Node Loss: 384.5554, Train Reg Loss: 8.2936, Train MAPE: 11.1418, Train R: 0.8897, Train RRSE: 0.4733, Test Loss: 1472.5852, Test Node Loss: 381.9099, Test Reg Loss: 10.9068, Test MAPE: 11.5439, Test R: 0.9098, Test RRSE: 0.5422
2025-02-10 15:18:39,225:INFO:Epoch 59: Train Loss: 1148.5187, Train Node Loss: 387.5525, Train Reg Loss: 7.6097, Train MAPE: 11.3140, Train R: 0.8965, Train RRSE: 0.4534, Test Loss: 1349.5166, Test Node Loss: 362.8622, Test Reg Loss: 9.8665, Test MAPE: 11.3040, Test R: 0.9106, Test RRSE: 0.5157
2025-02-10 15:18:56,964:INFO:Epoch 60: Train Loss: 1119.1826, Train Node Loss: 370.8213, Train Reg Loss: 7.4836, Train MAPE: 11.3129, Train R: 0.8979, Train RRSE: 0.4496, Test Loss: 1368.0249, Test Node Loss: 348.5037, Test Reg Loss: 10.1952, Test MAPE: 11.2847, Test R: 0.9109, Test RRSE: 0.5242
2025-02-10 15:19:14,719:INFO:Epoch 61: Train Loss: 1040.1850, Train Node Loss: 364.7957, Train Reg Loss: 6.7539, Train MAPE: 11.3534, Train R: 0.9103, Train RRSE: 0.4271, Test Loss: 1724.1912, Test Node Loss: 328.5127, Test Reg Loss: 13.9568, Test MAPE: 11.4264, Test R: 0.9107, Test RRSE: 0.6134
2025-02-10 15:19:32,773:INFO:Epoch 62: Train Loss: 1089.0296, Train Node Loss: 337.3553, Train Reg Loss: 7.5167, Train MAPE: 11.1849, Train R: 0.9039, Train RRSE: 0.4506, Test Loss: 1113.0607, Test Node Loss: 374.7244, Test Reg Loss: 7.3834, Test MAPE: 11.7761, Test R: 0.9152, Test RRSE: 0.4461
2025-02-10 15:19:32,795:INFO:Checkpoint saved at best_0.001_0.001_256_SAGE_3_32_0.9152_epoch_62.pth
2025-02-10 15:19:51,060:INFO:Epoch 63: Train Loss: 1178.0877, Train Node Loss: 361.4519, Train Reg Loss: 8.1664, Train MAPE: 11.7754, Train R: 0.8929, Train RRSE: 0.4697, Test Loss: 6732.6688, Test Node Loss: 236.1128, Test Reg Loss: 64.9656, Test MAPE: 15.6362, Test R: 0.9084, Test RRSE: 1.3233
2025-02-10 15:20:08,642:INFO:Epoch 64: Train Loss: 1519.8982, Train Node Loss: 336.8043, Train Reg Loss: 11.8309, Train MAPE: 11.9866, Train R: 0.8255, Train RRSE: 0.5653, Test Loss: 1087.5769, Test Node Loss: 343.5740, Test Reg Loss: 7.4400, Test MAPE: 11.7772, Test R: 0.9166, Test RRSE: 0.4478
2025-02-10 15:20:08,663:INFO:Checkpoint saved at best_0.001_0.001_256_SAGE_3_32_0.9166_epoch_64.pth
2025-02-10 15:20:26,879:INFO:Epoch 65: Train Loss: 1242.2089, Train Node Loss: 286.7833, Train Reg Loss: 9.5543, Train MAPE: 10.9675, Train R: 0.8921, Train RRSE: 0.5080, Test Loss: 1966.9195, Test Node Loss: 383.9423, Test Reg Loss: 15.8298, Test MAPE: 13.2274, Test R: 0.9190, Test RRSE: 0.6532
2025-02-10 15:20:26,900:INFO:Checkpoint saved at best_0.001_0.001_256_SAGE_3_32_0.9190_epoch_65.pth
2025-02-10 15:20:45,015:INFO:Epoch 66: Train Loss: 1096.4126, Train Node Loss: 319.8871, Train Reg Loss: 7.7653, Train MAPE: 11.3504, Train R: 0.8969, Train RRSE: 0.4580, Test Loss: 2464.3238, Test Node Loss: 262.9137, Test Reg Loss: 22.0141, Test MAPE: 12.0942, Test R: 0.9163, Test RRSE: 0.7703
2025-02-10 15:21:03,023:INFO:Epoch 67: Train Loss: 1040.7949, Train Node Loss: 302.1457, Train Reg Loss: 7.3865, Train MAPE: 11.2056, Train R: 0.9018, Train RRSE: 0.4467, Test Loss: 1041.2743, Test Node Loss: 290.2249, Test Reg Loss: 7.5105, Test MAPE: 11.2873, Test R: 0.9172, Test RRSE: 0.4499
2025-02-10 15:21:21,008:INFO:Epoch 68: Train Loss: 984.6042, Train Node Loss: 287.0469, Train Reg Loss: 6.9756, Train MAPE: 11.3122, Train R: 0.9070, Train RRSE: 0.4341, Test Loss: 933.6856, Test Node Loss: 298.9919, Test Reg Loss: 6.3469, Test MAPE: 11.4001, Test R: 0.9168, Test RRSE: 0.4136
2025-02-10 15:21:38,619:INFO:Epoch 69: Train Loss: 901.0464, Train Node Loss: 283.6862, Train Reg Loss: 6.1736, Train MAPE: 11.2807, Train R: 0.9191, Train RRSE: 0.4084, Test Loss: 1330.9283, Test Node Loss: 270.9200, Test Reg Loss: 10.6001, Test MAPE: 11.7448, Test R: 0.9156, Test RRSE: 0.5345
2025-02-10 15:21:56,404:INFO:Epoch 70: Train Loss: 993.1348, Train Node Loss: 274.4815, Train Reg Loss: 7.1865, Train MAPE: 11.4363, Train R: 0.9009, Train RRSE: 0.4406, Test Loss: 1410.8918, Test Node Loss: 308.4414, Test Reg Loss: 11.0245, Test MAPE: 12.5280, Test R: 0.9156, Test RRSE: 0.5451
2025-02-10 15:22:14,257:INFO:Epoch 71: Train Loss: 999.6139, Train Node Loss: 272.6658, Train Reg Loss: 7.2695, Train MAPE: 11.4378, Train R: 0.9002, Train RRSE: 0.4431, Test Loss: 3335.6498, Test Node Loss: 210.8930, Test Reg Loss: 31.2476, Test MAPE: 13.0537, Test R: 0.9110, Test RRSE: 0.9178
2025-02-10 15:22:32,246:INFO:Epoch 72: Train Loss: 905.7012, Train Node Loss: 258.8802, Train Reg Loss: 6.4682, Train MAPE: 11.3918, Train R: 0.9107, Train RRSE: 0.4180, Test Loss: 904.4514, Test Node Loss: 281.7999, Test Reg Loss: 6.2265, Test MAPE: 11.9610, Test R: 0.9156, Test RRSE: 0.4097
2025-02-10 15:22:50,328:INFO:Epoch 73: Train Loss: 1022.0828, Train Node Loss: 245.3347, Train Reg Loss: 7.7675, Train MAPE: 11.6048, Train R: 0.8958, Train RRSE: 0.4581, Test Loss: 1085.6031, Test Node Loss: 287.5255, Test Reg Loss: 7.9808, Test MAPE: 12.0593, Test R: 0.9175, Test RRSE: 0.4638
2025-02-10 15:23:08,313:INFO:Epoch 74: Train Loss: 1050.0762, Train Node Loss: 258.6275, Train Reg Loss: 7.9145, Train MAPE: 11.4751, Train R: 0.8992, Train RRSE: 0.4624, Test Loss: 2672.4451, Test Node Loss: 200.6611, Test Reg Loss: 24.7178, Test MAPE: 12.5945, Test R: 0.9161, Test RRSE: 0.8163
2025-02-10 15:23:26,563:INFO:Epoch 75: Train Loss: 898.5657, Train Node Loss: 223.1002, Train Reg Loss: 6.7547, Train MAPE: 11.0804, Train R: 0.9205, Train RRSE: 0.4272, Test Loss: 1415.6192, Test Node Loss: 276.8651, Test Reg Loss: 11.3875, Test MAPE: 12.7395, Test R: 0.9190, Test RRSE: 0.5540
2025-02-10 15:23:26,593:INFO:Checkpoint saved at best_0.001_0.001_256_SAGE_3_32_0.9190_epoch_75.pth
2025-02-10 15:23:44,565:INFO:Epoch 76: Train Loss: 1180.7281, Train Node Loss: 232.0542, Train Reg Loss: 9.4867, Train MAPE: 11.6473, Train R: 0.8630, Train RRSE: 0.5062, Test Loss: 1936.2453, Test Node Loss: 199.4863, Test Reg Loss: 17.3676, Test MAPE: 11.9887, Test R: 0.9183, Test RRSE: 0.6842
2025-02-10 15:24:02,462:INFO:Epoch 77: Train Loss: 851.2581, Train Node Loss: 230.4194, Train Reg Loss: 6.2084, Train MAPE: 11.4319, Train R: 0.9180, Train RRSE: 0.4095, Test Loss: 1422.0693, Test Node Loss: 206.6540, Test Reg Loss: 12.1542, Test MAPE: 11.7613, Test R: 0.9199, Test RRSE: 0.5724
2025-02-10 15:24:02,492:INFO:Checkpoint saved at best_0.001_0.001_256_SAGE_3_32_0.9199_epoch_77.pth
2025-02-10 15:24:20,674:INFO:Epoch 78: Train Loss: 837.6517, Train Node Loss: 211.8337, Train Reg Loss: 6.2582, Train MAPE: 11.5230, Train R: 0.9172, Train RRSE: 0.4112, Test Loss: 814.4678, Test Node Loss: 228.6624, Test Reg Loss: 5.8581, Test MAPE: 11.7187, Test R: 0.9195, Test RRSE: 0.3974
2025-02-10 15:24:38,465:INFO:Epoch 79: Train Loss: 770.9470, Train Node Loss: 220.2386, Train Reg Loss: 5.5071, Train MAPE: 11.5887, Train R: 0.9275, Train RRSE: 0.3857, Test Loss: 2863.3276, Test Node Loss: 174.8518, Test Reg Loss: 26.8848, Test MAPE: 12.9008, Test R: 0.9165, Test RRSE: 0.8513
2025-02-10 15:24:56,664:INFO:Epoch 80: Train Loss: 838.4711, Train Node Loss: 202.3158, Train Reg Loss: 6.3616, Train MAPE: 11.3869, Train R: 0.9137, Train RRSE: 0.4145, Test Loss: 800.4886, Test Node Loss: 210.8807, Test Reg Loss: 5.8961, Test MAPE: 11.8062, Test R: 0.9195, Test RRSE: 0.3987
2025-02-10 15:25:14,371:INFO:Epoch 81: Train Loss: 789.8119, Train Node Loss: 200.3432, Train Reg Loss: 5.8947, Train MAPE: 11.5218, Train R: 0.9202, Train RRSE: 0.3990, Test Loss: 3111.0854, Test Node Loss: 161.2986, Test Reg Loss: 29.4979, Test MAPE: 13.0217, Test R: 0.9180, Test RRSE: 0.8917
2025-02-10 15:25:32,561:INFO:Epoch 82: Train Loss: 883.1590, Train Node Loss: 195.5031, Train Reg Loss: 6.8766, Train MAPE: 11.6056, Train R: 0.9034, Train RRSE: 0.4310, Test Loss: 1128.3542, Test Node Loss: 222.6072, Test Reg Loss: 9.0575, Test MAPE: 12.5922, Test R: 0.9220, Test RRSE: 0.4941
2025-02-10 15:25:32,598:INFO:Checkpoint saved at best_0.001_0.001_256_SAGE_3_32_0.9220_epoch_82.pth
2025-02-10 15:25:50,634:INFO:Epoch 83: Train Loss: 853.3361, Train Node Loss: 179.7229, Train Reg Loss: 6.7361, Train MAPE: 11.2121, Train R: 0.9114, Train RRSE: 0.4266, Test Loss: 922.5931, Test Node Loss: 180.6495, Test Reg Loss: 7.4194, Test MAPE: 11.8695, Test R: 0.9213, Test RRSE: 0.4472
2025-02-10 15:26:08,530:INFO:Epoch 84: Train Loss: 820.3080, Train Node Loss: 185.3620, Train Reg Loss: 6.3495, Train MAPE: 11.6786, Train R: 0.9135, Train RRSE: 0.4141, Test Loss: 842.5198, Test Node Loss: 180.1737, Test Reg Loss: 6.6235, Test MAPE: 11.7781, Test R: 0.9232, Test RRSE: 0.4225
2025-02-10 15:26:08,551:INFO:Checkpoint saved at best_0.001_0.001_256_SAGE_3_32_0.9232_epoch_84.pth
2025-02-10 15:26:26,653:INFO:Epoch 85: Train Loss: 796.6769, Train Node Loss: 180.0377, Train Reg Loss: 6.1664, Train MAPE: 11.5899, Train R: 0.9150, Train RRSE: 0.4081, Test Loss: 787.0382, Test Node Loss: 180.7816, Test Reg Loss: 6.0626, Test MAPE: 11.7833, Test R: 0.9220, Test RRSE: 0.4043
2025-02-10 15:26:44,997:INFO:Epoch 86: Train Loss: 704.7269, Train Node Loss: 178.2811, Train Reg Loss: 5.2645, Train MAPE: 11.7097, Train R: 0.9275, Train RRSE: 0.3771, Test Loss: 3489.5172, Test Node Loss: 136.7218, Test Reg Loss: 33.5280, Test MAPE: 13.5824, Test R: 0.9188, Test RRSE: 0.9507
2025-02-10 15:27:03,086:INFO:Epoch 87: Train Loss: 836.2384, Train Node Loss: 170.9084, Train Reg Loss: 6.6533, Train MAPE: 11.6711, Train R: 0.9077, Train RRSE: 0.4239, Test Loss: 1533.4567, Test Node Loss: 147.2258, Test Reg Loss: 13.8623, Test MAPE: 12.3848, Test R: 0.9225, Test RRSE: 0.6113
2025-02-10 15:27:21,342:INFO:Epoch 88: Train Loss: 781.4552, Train Node Loss: 153.4310, Train Reg Loss: 6.2802, Train MAPE: 11.5282, Train R: 0.9182, Train RRSE: 0.4119, Test Loss: 1364.1138, Test Node Loss: 190.0110, Test Reg Loss: 11.7410, Test MAPE: 13.0717, Test R: 0.9233, Test RRSE: 0.5626
2025-02-10 15:27:21,367:INFO:Checkpoint saved at best_0.001_0.001_256_SAGE_3_32_0.9233_epoch_88.pth
2025-02-10 15:27:39,695:INFO:Epoch 89: Train Loss: 844.0333, Train Node Loss: 158.0205, Train Reg Loss: 6.8601, Train MAPE: 11.4738, Train R: 0.9056, Train RRSE: 0.4305, Test Loss: 1070.1426, Test Node Loss: 156.8294, Test Reg Loss: 9.1331, Test MAPE: 12.0919, Test R: 0.9231, Test RRSE: 0.4962
2025-02-10 15:27:58,051:INFO:Epoch 90: Train Loss: 665.3609, Train Node Loss: 159.0639, Train Reg Loss: 5.0630, Train MAPE: 11.6114, Train R: 0.9324, Train RRSE: 0.3698, Test Loss: 985.2486, Test Node Loss: 150.7258, Test Reg Loss: 8.3452, Test MAPE: 11.9909, Test R: 0.9229, Test RRSE: 0.4743
2025-02-10 15:28:16,196:INFO:Epoch 91: Train Loss: 806.6260, Train Node Loss: 154.2894, Train Reg Loss: 6.5234, Train MAPE: 11.6099, Train R: 0.9094, Train RRSE: 0.4198, Test Loss: 1643.8113, Test Node Loss: 135.4589, Test Reg Loss: 15.0835, Test MAPE: 12.5111, Test R: 0.9237, Test RRSE: 0.6376
2025-02-10 15:28:16,217:INFO:Checkpoint saved at best_0.001_0.001_256_SAGE_3_32_0.9237_epoch_91.pth
2025-02-10 15:28:34,309:INFO:Epoch 92: Train Loss: 713.7278, Train Node Loss: 146.8008, Train Reg Loss: 5.6693, Train MAPE: 11.7508, Train R: 0.9210, Train RRSE: 0.3913, Test Loss: 698.5456, Test Node Loss: 149.7552, Test Reg Loss: 5.4879, Test MAPE: 12.1844, Test R: 0.9239, Test RRSE: 0.3846
2025-02-10 15:28:34,336:INFO:Checkpoint saved at best_0.001_0.001_256_SAGE_3_32_0.9239_epoch_92.pth
2025-02-10 15:28:52,852:INFO:Epoch 93: Train Loss: 739.8891, Train Node Loss: 138.1232, Train Reg Loss: 6.0177, Train MAPE: 11.6045, Train R: 0.9174, Train RRSE: 0.4032, Test Loss: 1498.7154, Test Node Loss: 124.1706, Test Reg Loss: 13.7454, Test MAPE: 12.5414, Test R: 0.9234, Test RRSE: 0.6087
2025-02-10 15:29:11,383:INFO:Epoch 94: Train Loss: 659.0131, Train Node Loss: 134.0252, Train Reg Loss: 5.2499, Train MAPE: 11.5731, Train R: 0.9288, Train RRSE: 0.3766, Test Loss: 2078.9699, Test Node Loss: 171.3770, Test Reg Loss: 19.0759, Test MAPE: 14.1977, Test R: 0.9237, Test RRSE: 0.7171
2025-02-10 15:29:29,854:INFO:Epoch 95: Train Loss: 869.0343, Train Node Loss: 131.0757, Train Reg Loss: 7.3796, Train MAPE: 11.7459, Train R: 0.8955, Train RRSE: 0.4465, Test Loss: 699.1845, Test Node Loss: 133.1455, Test Reg Loss: 5.6604, Test MAPE: 12.0437, Test R: 0.9238, Test RRSE: 0.3906
2025-02-10 15:29:48,140:INFO:Epoch 96: Train Loss: 722.4065, Train Node Loss: 139.3418, Train Reg Loss: 5.8306, Train MAPE: 11.9546, Train R: 0.9296, Train RRSE: 0.3969, Test Loss: 6642.9764, Test Node Loss: 87.5911, Test Reg Loss: 65.5539, Test MAPE: 15.8233, Test R: 0.9213, Test RRSE: 1.3293
2025-02-10 15:30:06,154:INFO:Epoch 97: Train Loss: 890.3117, Train Node Loss: 119.9876, Train Reg Loss: 7.7032, Train MAPE: 11.6623, Train R: 0.8979, Train RRSE: 0.4562, Test Loss: 2366.4234, Test Node Loss: 158.6406, Test Reg Loss: 22.0778, Test MAPE: 14.4267, Test R: 0.9250, Test RRSE: 0.7714
2025-02-10 15:30:06,180:INFO:Checkpoint saved at best_0.001_0.001_256_SAGE_3_32_0.9250_epoch_97.pth
2025-02-10 15:30:24,226:INFO:Epoch 98: Train Loss: 778.6444, Train Node Loss: 120.6887, Train Reg Loss: 6.5796, Train MAPE: 11.6735, Train R: 0.9074, Train RRSE: 0.4216, Test Loss: 4523.4398, Test Node Loss: 87.6137, Test Reg Loss: 44.3583, Test MAPE: 14.4930, Test R: 0.9223, Test RRSE: 1.0935
2025-02-10 15:30:42,017:INFO:Epoch 99: Train Loss: 993.4780, Train Node Loss: 120.5683, Train Reg Loss: 8.7291, Train MAPE: 11.9121, Train R: 0.8769, Train RRSE: 0.4856, Test Loss: 2263.7245, Test Node Loss: 95.2582, Test Reg Loss: 21.6847, Test MAPE: 12.8587, Test R: 0.9238, Test RRSE: 0.7645
2025-02-10 15:30:59,721:INFO:Epoch 100: Train Loss: 666.1559, Train Node Loss: 101.9823, Train Reg Loss: 5.6417, Train MAPE: 11.4488, Train R: 0.9366, Train RRSE: 0.3904, Test Loss: 1019.1109, Test Node Loss: 128.9122, Test Reg Loss: 8.9020, Test MAPE: 12.6843, Test R: 0.9245, Test RRSE: 0.4899
2025-02-10 15:31:17,997:INFO:Epoch 101: Train Loss: 776.6976, Train Node Loss: 111.5446, Train Reg Loss: 6.6515, Train MAPE: 11.8024, Train R: 0.9093, Train RRSE: 0.4239, Test Loss: 2809.2662, Test Node Loss: 85.3698, Test Reg Loss: 27.2390, Test MAPE: 13.1170, Test R: 0.9258, Test RRSE: 0.8569
2025-02-10 15:31:18,022:INFO:Checkpoint saved at best_0.001_0.001_256_SAGE_3_32_0.9258_epoch_101.pth
2025-02-10 15:31:36,293:INFO:Epoch 102: Train Loss: 663.2559, Train Node Loss: 103.1649, Train Reg Loss: 5.6009, Train MAPE: 11.6295, Train R: 0.9231, Train RRSE: 0.3890, Test Loss: 1043.2141, Test Node Loss: 104.1556, Test Reg Loss: 9.3906, Test MAPE: 12.1708, Test R: 0.9263, Test RRSE: 0.5031
2025-02-10 15:31:36,324:INFO:Checkpoint saved at best_0.001_0.001_256_SAGE_3_32_0.9263_epoch_102.pth
2025-02-10 15:31:54,537:INFO:Epoch 103: Train Loss: 667.7807, Train Node Loss: 104.4748, Train Reg Loss: 5.6331, Train MAPE: 11.6698, Train R: 0.9219, Train RRSE: 0.3901, Test Loss: 2596.0084, Test Node Loss: 88.1541, Test Reg Loss: 25.0785, Test MAPE: 13.2157, Test R: 0.9240, Test RRSE: 0.8222
2025-02-10 15:32:12,716:INFO:Epoch 104: Train Loss: 641.7173, Train Node Loss: 102.3441, Train Reg Loss: 5.3937, Train MAPE: 11.6870, Train R: 0.9251, Train RRSE: 0.3817, Test Loss: 850.0951, Test Node Loss: 97.8312, Test Reg Loss: 7.5226, Test MAPE: 12.3462, Test R: 0.9230, Test RRSE: 0.4503
2025-02-10 15:32:31,000:INFO:Epoch 105: Train Loss: 633.1097, Train Node Loss: 99.1894, Train Reg Loss: 5.3392, Train MAPE: 11.7749, Train R: 0.9263, Train RRSE: 0.3798, Test Loss: 2157.1642, Test Node Loss: 83.8712, Test Reg Loss: 20.7329, Test MAPE: 13.0837, Test R: 0.9238, Test RRSE: 0.7476
2025-02-10 15:32:48,808:INFO:Epoch 106: Train Loss: 673.3005, Train Node Loss: 95.2109, Train Reg Loss: 5.7809, Train MAPE: 11.7386, Train R: 0.9193, Train RRSE: 0.3952, Test Loss: 660.2915, Test Node Loss: 101.6859, Test Reg Loss: 5.5861, Test MAPE: 12.4785, Test R: 0.9243, Test RRSE: 0.3880
2025-02-10 15:33:06,738:INFO:Epoch 107: Train Loss: 682.7114, Train Node Loss: 89.5990, Train Reg Loss: 5.9311, Train MAPE: 11.5790, Train R: 0.9206, Train RRSE: 0.4003, Test Loss: 698.4669, Test Node Loss: 91.8277, Test Reg Loss: 6.0664, Test MAPE: 12.1724, Test R: 0.9259, Test RRSE: 0.4044
2025-02-10 15:33:24,805:INFO:Epoch 108: Train Loss: 648.7740, Train Node Loss: 90.4569, Train Reg Loss: 5.5832, Train MAPE: 11.7343, Train R: 0.9235, Train RRSE: 0.3884, Test Loss: 1683.1990, Test Node Loss: 80.1045, Test Reg Loss: 16.0309, Test MAPE: 12.5920, Test R: 0.9264, Test RRSE: 0.6574
2025-02-10 15:33:24,834:INFO:Checkpoint saved at best_0.001_0.001_256_SAGE_3_32_0.9264_epoch_108.pth
2025-02-10 15:33:42,658:INFO:Epoch 109: Train Loss: 602.9125, Train Node Loss: 86.4643, Train Reg Loss: 5.1645, Train MAPE: 11.6332, Train R: 0.9292, Train RRSE: 0.3735, Test Loss: 807.5960, Test Node Loss: 88.5068, Test Reg Loss: 7.1909, Test MAPE: 12.3744, Test R: 0.9263, Test RRSE: 0.4403
2025-02-10 15:34:00,606:INFO:Epoch 110: Train Loss: 706.7815, Train Node Loss: 87.0752, Train Reg Loss: 6.1971, Train MAPE: 11.9131, Train R: 0.9126, Train RRSE: 0.4091, Test Loss: 2155.1009, Test Node Loss: 76.6286, Test Reg Loss: 20.7847, Test MAPE: 13.1637, Test R: 0.9244, Test RRSE: 0.7485
2025-02-10 15:34:18,771:INFO:Epoch 111: Train Loss: 624.3905, Train Node Loss: 83.1856, Train Reg Loss: 5.4120, Train MAPE: 11.8108, Train R: 0.9244, Train RRSE: 0.3824, Test Loss: 871.0325, Test Node Loss: 79.1791, Test Reg Loss: 7.9185, Test MAPE: 12.5788, Test R: 0.9245, Test RRSE: 0.4620
2025-02-10 15:34:36,822:INFO:Epoch 112: Train Loss: 623.9955, Train Node Loss: 73.9148, Train Reg Loss: 5.5008, Train MAPE: 11.6036, Train R: 0.9296, Train RRSE: 0.3855, Test Loss: 2107.1416, Test Node Loss: 99.6714, Test Reg Loss: 20.0747, Test MAPE: 14.5832, Test R: 0.9259, Test RRSE: 0.7356
2025-02-10 15:34:55,060:INFO:Epoch 113: Train Loss: 590.0219, Train Node Loss: 84.3879, Train Reg Loss: 5.0563, Train MAPE: 11.8119, Train R: 0.9352, Train RRSE: 0.3696, Test Loss: 6429.3736, Test Node Loss: 54.9789, Test Reg Loss: 63.7439, Test MAPE: 15.5351, Test R: 0.9228, Test RRSE: 1.3108
2025-02-10 15:35:13,493:INFO:Epoch 114: Train Loss: 743.5622, Train Node Loss: 78.1383, Train Reg Loss: 6.6542, Train MAPE: 11.8956, Train R: 0.9061, Train RRSE: 0.4240, Test Loss: 929.8412, Test Node Loss: 68.8396, Test Reg Loss: 8.6100, Test MAPE: 12.4815, Test R: 0.9252, Test RRSE: 0.4818
2025-02-10 15:35:32,174:INFO:Epoch 115: Train Loss: 656.0073, Train Node Loss: 66.0841, Train Reg Loss: 5.8992, Train MAPE: 11.7242, Train R: 0.9208, Train RRSE: 0.3992, Test Loss: 614.9546, Test Node Loss: 73.2877, Test Reg Loss: 5.4167, Test MAPE: 12.4994, Test R: 0.9262, Test RRSE: 0.3821
2025-02-10 15:35:50,070:INFO:Epoch 116: Train Loss: 649.9986, Train Node Loss: 69.7973, Train Reg Loss: 5.8020, Train MAPE: 11.7251, Train R: 0.9196, Train RRSE: 0.3959, Test Loss: 1363.3539, Test Node Loss: 69.4395, Test Reg Loss: 12.9391, Test MAPE: 12.6481, Test R: 0.9261, Test RRSE: 0.5906
2025-02-10 15:36:08,484:INFO:Epoch 117: Train Loss: 518.1093, Train Node Loss: 72.3153, Train Reg Loss: 4.4579, Train MAPE: 11.8887, Train R: 0.9385, Train RRSE: 0.3470, Test Loss: 901.3332, Test Node Loss: 69.0410, Test Reg Loss: 8.3229, Test MAPE: 12.5235, Test R: 0.9253, Test RRSE: 0.4737
2025-02-10 15:36:27,050:INFO:Epoch 118: Train Loss: 589.8205, Train Node Loss: 69.2859, Train Reg Loss: 5.2053, Train MAPE: 11.8224, Train R: 0.9273, Train RRSE: 0.3750, Test Loss: 1102.6633, Test Node Loss: 65.8572, Test Reg Loss: 10.3681, Test MAPE: 12.2277, Test R: 0.9249, Test RRSE: 0.5287
2025-02-10 15:36:45,317:INFO:Epoch 119: Train Loss: 643.8512, Train Node Loss: 64.6570, Train Reg Loss: 5.7919, Train MAPE: 11.6240, Train R: 0.9202, Train RRSE: 0.3955, Test Loss: 706.0999, Test Node Loss: 64.1359, Test Reg Loss: 6.4196, Test MAPE: 12.4383, Test R: 0.9239, Test RRSE: 0.4160
2025-02-10 15:37:03,925:INFO:Epoch 120: Train Loss: 588.5027, Train Node Loss: 64.6099, Train Reg Loss: 5.2389, Train MAPE: 11.9073, Train R: 0.9269, Train RRSE: 0.3762, Test Loss: 1616.2335, Test Node Loss: 59.2713, Test Reg Loss: 15.5696, Test MAPE: 12.7721, Test R: 0.9260, Test RRSE: 0.6478
2025-02-10 15:37:22,014:INFO:Epoch 121: Train Loss: 643.7826, Train Node Loss: 63.7818, Train Reg Loss: 5.8000, Train MAPE: 11.7359, Train R: 0.9198, Train RRSE: 0.3958, Test Loss: 2005.9387, Test Node Loss: 54.3927, Test Reg Loss: 19.5155, Test MAPE: 13.0072, Test R: 0.9248, Test RRSE: 0.7253
2025-02-10 15:37:40,324:INFO:Epoch 122: Train Loss: 573.8561, Train Node Loss: 59.0444, Train Reg Loss: 5.1481, Train MAPE: 11.7974, Train R: 0.9303, Train RRSE: 0.3729, Test Loss: 771.8441, Test Node Loss: 62.2909, Test Reg Loss: 7.0955, Test MAPE: 12.3766, Test R: 0.9241, Test RRSE: 0.4373
2025-02-10 15:37:58,681:INFO:Epoch 123: Train Loss: 603.2377, Train Node Loss: 61.1460, Train Reg Loss: 5.4209, Train MAPE: 11.9118, Train R: 0.9242, Train RRSE: 0.3827, Test Loss: 2064.4167, Test Node Loss: 53.5734, Test Reg Loss: 20.1084, Test MAPE: 12.7512, Test R: 0.9237, Test RRSE: 0.7362
2025-02-10 15:38:17,045:INFO:Epoch 124: Train Loss: 542.5753, Train Node Loss: 57.7216, Train Reg Loss: 4.8485, Train MAPE: 11.7246, Train R: 0.9334, Train RRSE: 0.3619, Test Loss: 1207.0290, Test Node Loss: 52.2286, Test Reg Loss: 11.5480, Test MAPE: 12.8449, Test R: 0.9248, Test RRSE: 0.5579
2025-02-10 15:38:35,672:INFO:Epoch 125: Train Loss: 605.3427, Train Node Loss: 56.3288, Train Reg Loss: 5.4901, Train MAPE: 11.8672, Train R: 0.9235, Train RRSE: 0.3851, Test Loss: 1551.6496, Test Node Loss: 50.8337, Test Reg Loss: 15.0082, Test MAPE: 12.4606, Test R: 0.9234, Test RRSE: 0.6360
2025-02-10 15:38:54,477:INFO:Epoch 126: Train Loss: 591.0358, Train Node Loss: 53.7191, Train Reg Loss: 5.3732, Train MAPE: 11.5861, Train R: 0.9276, Train RRSE: 0.3810, Test Loss: 937.6851, Test Node Loss: 54.6957, Test Reg Loss: 8.8299, Test MAPE: 12.6445, Test R: 0.9259, Test RRSE: 0.4879
2025-02-10 15:39:13,122:INFO:Epoch 127: Train Loss: 512.5530, Train Node Loss: 56.4033, Train Reg Loss: 4.5615, Train MAPE: 12.3048, Train R: 0.9423, Train RRSE: 0.3510, Test Loss: 7624.0996, Test Node Loss: 33.4047, Test Reg Loss: 75.9069, Test MAPE: 16.6253, Test R: 0.9220, Test RRSE: 1.4304
2025-02-10 15:39:31,570:INFO:Epoch 128: Train Loss: 624.9437, Train Node Loss: 46.9796, Train Reg Loss: 5.7796, Train MAPE: 11.6157, Train R: 0.9277, Train RRSE: 0.3951, Test Loss: 3535.7789, Test Node Loss: 68.8721, Test Reg Loss: 34.6691, Test MAPE: 16.4066, Test R: 0.9269, Test RRSE: 0.9667
2025-02-10 15:39:31,596:INFO:Checkpoint saved at best_0.001_0.001_256_SAGE_3_32_0.9269_epoch_128.pth
2025-02-10 15:39:50,101:INFO:Epoch 129: Train Loss: 645.7313, Train Node Loss: 46.9018, Train Reg Loss: 5.9883, Train MAPE: 11.8585, Train R: 0.9164, Train RRSE: 0.4022, Test Loss: 706.3011, Test Node Loss: 44.7675, Test Reg Loss: 6.6153, Test MAPE: 12.6543, Test R: 0.9261, Test RRSE: 0.4223
2025-02-10 15:40:08,464:INFO:Epoch 130: Train Loss: 505.4407, Train Node Loss: 44.3034, Train Reg Loss: 4.6114, Train MAPE: 11.8796, Train R: 0.9367, Train RRSE: 0.3529, Test Loss: 956.0345, Test Node Loss: 46.0077, Test Reg Loss: 9.1003, Test MAPE: 12.3705, Test R: 0.9243, Test RRSE: 0.4953
2025-02-10 15:40:26,596:INFO:Epoch 131: Train Loss: 553.4088, Train Node Loss: 45.6173, Train Reg Loss: 5.0779, Train MAPE: 11.7541, Train R: 0.9300, Train RRSE: 0.3704, Test Loss: 621.0619, Test Node Loss: 50.5194, Test Reg Loss: 5.7054, Test MAPE: 12.7852, Test R: 0.9253, Test RRSE: 0.3922
2025-02-10 15:40:44,520:INFO:Epoch 132: Train Loss: 574.7161, Train Node Loss: 49.1326, Train Reg Loss: 5.2558, Train MAPE: 12.2956, Train R: 0.9356, Train RRSE: 0.3768, Test Loss: 6133.7796, Test Node Loss: 28.9283, Test Reg Loss: 61.0485, Test MAPE: 15.6365, Test R: 0.9228, Test RRSE: 1.2828
2025-02-10 15:41:02,333:INFO:Epoch 133: Train Loss: 659.4200, Train Node Loss: 39.4336, Train Reg Loss: 6.1999, Train MAPE: 11.8431, Train R: 0.9177, Train RRSE: 0.4092, Test Loss: 1270.1911, Test Node Loss: 48.3353, Test Reg Loss: 12.2186, Test MAPE: 13.6985, Test R: 0.9238, Test RRSE: 0.5739
2025-02-10 15:41:20,118:INFO:Epoch 134: Train Loss: 577.2214, Train Node Loss: 40.9311, Train Reg Loss: 5.3629, Train MAPE: 11.7433, Train R: 0.9254, Train RRSE: 0.3806, Test Loss: 7541.5488, Test Node Loss: 26.4557, Test Reg Loss: 75.1509, Test MAPE: 16.5501, Test R: 0.9233, Test RRSE: 1.4233
2025-02-10 15:41:38,458:INFO:Epoch 135: Train Loss: 628.2093, Train Node Loss: 40.0392, Train Reg Loss: 5.8817, Train MAPE: 11.6374, Train R: 0.9181, Train RRSE: 0.3986, Test Loss: 1239.2900, Test Node Loss: 37.7729, Test Reg Loss: 12.0152, Test MAPE: 12.6395, Test R: 0.9262, Test RRSE: 0.5691
2025-02-10 15:41:56,671:INFO:Epoch 136: Train Loss: 473.8853, Train Node Loss: 36.8906, Train Reg Loss: 4.3699, Train MAPE: 11.7535, Train R: 0.9408, Train RRSE: 0.3436, Test Loss: 927.4649, Test Node Loss: 36.9842, Test Reg Loss: 8.9048, Test MAPE: 12.8613, Test R: 0.9251, Test RRSE: 0.4899
2025-02-10 15:42:14,881:INFO:Epoch 137: Train Loss: 588.4681, Train Node Loss: 38.8177, Train Reg Loss: 5.4965, Train MAPE: 11.9775, Train R: 0.9235, Train RRSE: 0.3853, Test Loss: 3344.2896, Test Node Loss: 31.3799, Test Reg Loss: 33.1291, Test MAPE: 13.4043, Test R: 0.9252, Test RRSE: 0.9450
2025-02-10 15:42:32,916:INFO:Epoch 138: Train Loss: 571.3795, Train Node Loss: 37.1575, Train Reg Loss: 5.3422, Train MAPE: 11.6003, Train R: 0.9289, Train RRSE: 0.3799, Test Loss: 924.7962, Test Node Loss: 46.7704, Test Reg Loss: 8.7803, Test MAPE: 13.4176, Test R: 0.9267, Test RRSE: 0.4865
2025-02-10 15:42:51,139:INFO:Epoch 139: Train Loss: 689.5967, Train Node Loss: 38.3530, Train Reg Loss: 6.5124, Train MAPE: 11.7417, Train R: 0.9098, Train RRSE: 0.4194, Test Loss: 976.0946, Test Node Loss: 35.5915, Test Reg Loss: 9.4050, Test MAPE: 12.5787, Test R: 0.9227, Test RRSE: 0.5035
2025-02-10 15:43:09,005:INFO:Epoch 140: Train Loss: 471.3263, Train Node Loss: 35.2505, Train Reg Loss: 4.3608, Train MAPE: 11.6041, Train R: 0.9411, Train RRSE: 0.3432, Test Loss: 1871.2125, Test Node Loss: 31.7384, Test Reg Loss: 18.3947, Test MAPE: 13.2205, Test R: 0.9236, Test RRSE: 0.7042
2025-02-10 15:43:27,094:INFO:Epoch 141: Train Loss: 562.0710, Train Node Loss: 36.7158, Train Reg Loss: 5.2536, Train MAPE: 12.0730, Train R: 0.9277, Train RRSE: 0.3767, Test Loss: 3002.5126, Test Node Loss: 28.7456, Test Reg Loss: 29.7377, Test MAPE: 13.3918, Test R: 0.9223, Test RRSE: 0.8953
2025-02-10 15:43:45,401:INFO:Epoch 142: Train Loss: 530.2399, Train Node Loss: 32.9823, Train Reg Loss: 4.9726, Train MAPE: 11.7060, Train R: 0.9330, Train RRSE: 0.3665, Test Loss: 1043.9558, Test Node Loss: 31.4513, Test Reg Loss: 10.1250, Test MAPE: 12.8520, Test R: 0.9241, Test RRSE: 0.5224
2025-02-10 15:44:03,404:INFO:Epoch 143: Train Loss: 626.0156, Train Node Loss: 34.7532, Train Reg Loss: 5.9126, Train MAPE: 11.9740, Train R: 0.9191, Train RRSE: 0.3996, Test Loss: 2248.5567, Test Node Loss: 28.6225, Test Reg Loss: 22.1993, Test MAPE: 12.6520, Test R: 0.9200, Test RRSE: 0.7736
2025-02-10 15:44:22,027:INFO:Epoch 144: Train Loss: 540.4725, Train Node Loss: 31.5465, Train Reg Loss: 5.0893, Train MAPE: 11.6361, Train R: 0.9315, Train RRSE: 0.3708, Test Loss: 631.9775, Test Node Loss: 34.6892, Test Reg Loss: 5.9729, Test MAPE: 12.7342, Test R: 0.9248, Test RRSE: 0.4013
2025-02-10 15:44:40,230:INFO:Epoch 145: Train Loss: 697.8600, Train Node Loss: 28.9957, Train Reg Loss: 6.6886, Train MAPE: 11.5145, Train R: 0.9116, Train RRSE: 0.4251, Test Loss: 1275.7881, Test Node Loss: 37.7409, Test Reg Loss: 12.3805, Test MAPE: 13.9492, Test R: 0.9247, Test RRSE: 0.5777
2025-02-10 15:44:58,460:INFO:Epoch 146: Train Loss: 635.9024, Train Node Loss: 32.4883, Train Reg Loss: 6.0341, Train MAPE: 12.4995, Train R: 0.9284, Train RRSE: 0.4037, Test Loss: 6293.2045, Test Node Loss: 19.7621, Test Reg Loss: 62.7344, Test MAPE: 15.7938, Test R: 0.9235, Test RRSE: 1.3004
2025-02-10 15:45:16,647:INFO:Epoch 147: Train Loss: 604.3791, Train Node Loss: 25.7153, Train Reg Loss: 5.7866, Train MAPE: 11.4760, Train R: 0.9281, Train RRSE: 0.3954, Test Loss: 614.9263, Test Node Loss: 33.1576, Test Reg Loss: 5.8177, Test MAPE: 12.7879, Test R: 0.9264, Test RRSE: 0.3960
2025-02-10 15:45:34,829:INFO:Epoch 148: Train Loss: 534.7119, Train Node Loss: 28.8572, Train Reg Loss: 5.0585, Train MAPE: 12.1626, Train R: 0.9355, Train RRSE: 0.3697, Test Loss: 5149.9052, Test Node Loss: 17.4905, Test Reg Loss: 51.3241, Test MAPE: 15.3836, Test R: 0.9260, Test RRSE: 1.1762
2025-02-10 15:45:53,151:INFO:Epoch 149: Train Loss: 642.2544, Train Node Loss: 23.7404, Train Reg Loss: 6.1851, Train MAPE: 11.7815, Train R: 0.9159, Train RRSE: 0.4088, Test Loss: 766.4103, Test Node Loss: 29.5016, Test Reg Loss: 7.3691, Test MAPE: 12.3934, Test R: 0.9248, Test RRSE: 0.4457
2025-02-10 15:46:11,653:INFO:Epoch 150: Train Loss: 596.9541, Train Node Loss: 27.1107, Train Reg Loss: 5.6984, Train MAPE: 11.7041, Train R: 0.9210, Train RRSE: 0.3923, Test Loss: 895.7956, Test Node Loss: 25.4763, Test Reg Loss: 8.7032, Test MAPE: 12.5519, Test R: 0.9255, Test RRSE: 0.4844
2025-02-10 15:46:29,559:INFO:Epoch 151: Train Loss: 517.2134, Train Node Loss: 24.0513, Train Reg Loss: 4.9316, Train MAPE: 11.9580, Train R: 0.9321, Train RRSE: 0.3650, Test Loss: 578.3140, Test Node Loss: 26.2023, Test Reg Loss: 5.5211, Test MAPE: 12.5828, Test R: 0.9268, Test RRSE: 0.3858
2025-02-10 15:46:48,157:INFO:Epoch 152: Train Loss: 465.8979, Train Node Loss: 25.9448, Train Reg Loss: 4.3995, Train MAPE: 11.9653, Train R: 0.9402, Train RRSE: 0.3447, Test Loss: 4005.9202, Test Node Loss: 19.4227, Test Reg Loss: 39.8650, Test MAPE: 13.8242, Test R: 0.9233, Test RRSE: 1.0366
2025-02-10 15:47:06,403:INFO:Epoch 153: Train Loss: 594.3857, Train Node Loss: 22.8834, Train Reg Loss: 5.7150, Train MAPE: 11.5692, Train R: 0.9243, Train RRSE: 0.3929, Test Loss: 703.1767, Test Node Loss: 27.1459, Test Reg Loss: 6.7603, Test MAPE: 12.8837, Test R: 0.9245, Test RRSE: 0.4269
2025-02-10 15:47:24,734:INFO:Epoch 154: Train Loss: 482.8640, Train Node Loss: 23.6325, Train Reg Loss: 4.5923, Train MAPE: 12.1232, Train R: 0.9368, Train RRSE: 0.3522, Test Loss: 3256.4674, Test Node Loss: 17.7788, Test Reg Loss: 32.3869, Test MAPE: 13.5943, Test R: 0.9215, Test RRSE: 0.9343
2025-02-10 15:47:43,113:INFO:Epoch 155: Train Loss: 607.8978, Train Node Loss: 22.6736, Train Reg Loss: 5.8522, Train MAPE: 11.7589, Train R: 0.9181, Train RRSE: 0.3976, Test Loss: 1202.6295, Test Node Loss: 21.6889, Test Reg Loss: 11.8094, Test MAPE: 12.2149, Test R: 0.9231, Test RRSE: 0.5642
2025-02-10 15:48:01,788:INFO:Epoch 156: Train Loss: 499.7972, Train Node Loss: 21.9991, Train Reg Loss: 4.7780, Train MAPE: 11.7556, Train R: 0.9341, Train RRSE: 0.3593, Test Loss: 1052.9677, Test Node Loss: 22.1827, Test Reg Loss: 10.3079, Test MAPE: 12.7765, Test R: 0.9239, Test RRSE: 0.5271
2025-02-10 15:48:20,292:INFO:Epoch 157: Train Loss: 540.1424, Train Node Loss: 21.8740, Train Reg Loss: 5.1827, Train MAPE: 11.8975, Train R: 0.9274, Train RRSE: 0.3742, Test Loss: 1402.4287, Test Node Loss: 20.6229, Test Reg Loss: 13.8181, Test MAPE: 12.8035, Test R: 0.9236, Test RRSE: 0.6103
2025-02-10 15:48:38,358:INFO:Epoch 158: Train Loss: 492.2886, Train Node Loss: 21.4312, Train Reg Loss: 4.7086, Train MAPE: 11.8119, Train R: 0.9346, Train RRSE: 0.3566, Test Loss: 1194.0640, Test Node Loss: 20.2618, Test Reg Loss: 11.7380, Test MAPE: 12.7291, Test R: 0.9227, Test RRSE: 0.5625
2025-02-10 15:48:56,696:INFO:Epoch 159: Train Loss: 637.8582, Train Node Loss: 20.7855, Train Reg Loss: 6.1707, Train MAPE: 11.7280, Train R: 0.9134, Train RRSE: 0.4083, Test Loss: 759.8345, Test Node Loss: 22.7536, Test Reg Loss: 7.3708, Test MAPE: 12.5115, Test R: 0.9217, Test RRSE: 0.4457
2025-02-10 15:49:15,028:INFO:Epoch 160: Train Loss: 563.0263, Train Node Loss: 20.8786, Train Reg Loss: 5.4215, Train MAPE: 11.8405, Train R: 0.9240, Train RRSE: 0.3827, Test Loss: 963.0893, Test Node Loss: 21.1031, Test Reg Loss: 9.4199, Test MAPE: 12.6665, Test R: 0.9234, Test RRSE: 0.5039
2025-02-10 15:49:33,190:INFO:Epoch 161: Train Loss: 437.7824, Train Node Loss: 21.4892, Train Reg Loss: 4.1629, Train MAPE: 11.9058, Train R: 0.9432, Train RRSE: 0.3353, Test Loss: 2024.8266, Test Node Loss: 17.9561, Test Reg Loss: 20.0687, Test MAPE: 12.4064, Test R: 0.9254, Test RRSE: 0.7355
2025-02-10 15:49:51,855:INFO:Epoch 162: Train Loss: 500.9975, Train Node Loss: 19.7894, Train Reg Loss: 4.8121, Train MAPE: 11.8064, Train R: 0.9335, Train RRSE: 0.3605, Test Loss: 1200.5453, Test Node Loss: 18.9452, Test Reg Loss: 11.8160, Test MAPE: 12.6664, Test R: 0.9236, Test RRSE: 0.5644
2025-02-10 15:50:10,585:INFO:Epoch 163: Train Loss: 454.7766, Train Node Loss: 19.3356, Train Reg Loss: 4.3544, Train MAPE: 11.7202, Train R: 0.9400, Train RRSE: 0.3430, Test Loss: 1454.9833, Test Node Loss: 18.4852, Test Reg Loss: 14.3650, Test MAPE: 12.8197, Test R: 0.9210, Test RRSE: 0.6223
2025-02-10 15:50:28,664:INFO:Epoch 164: Train Loss: 484.6679, Train Node Loss: 20.6663, Train Reg Loss: 4.6400, Train MAPE: 12.2000, Train R: 0.9389, Train RRSE: 0.3540, Test Loss: 2961.3807, Test Node Loss: 15.9135, Test Reg Loss: 29.4547, Test MAPE: 12.8948, Test R: 0.9220, Test RRSE: 0.8910
2025-02-10 15:50:47,087:INFO:Epoch 165: Train Loss: 492.6083, Train Node Loss: 18.4393, Train Reg Loss: 4.7417, Train MAPE: 11.7231, Train R: 0.9346, Train RRSE: 0.3579, Test Loss: 916.9626, Test Node Loss: 18.2345, Test Reg Loss: 8.9873, Test MAPE: 12.8496, Test R: 0.9232, Test RRSE: 0.4922
2025-02-10 15:51:05,855:INFO:Epoch 166: Train Loss: 517.8765, Train Node Loss: 17.7400, Train Reg Loss: 5.0014, Train MAPE: 11.7841, Train R: 0.9309, Train RRSE: 0.3676, Test Loss: 1379.2127, Test Node Loss: 17.9271, Test Reg Loss: 13.6129, Test MAPE: 12.4538, Test R: 0.9220, Test RRSE: 0.6058
2025-02-10 15:51:24,163:INFO:Epoch 167: Train Loss: 419.6698, Train Node Loss: 19.2578, Train Reg Loss: 4.0041, Train MAPE: 11.8724, Train R: 0.9456, Train RRSE: 0.3289, Test Loss: 1479.4704, Test Node Loss: 17.1122, Test Reg Loss: 14.6236, Test MAPE: 12.4958, Test R: 0.9222, Test RRSE: 0.6278
2025-02-10 15:51:42,523:INFO:Epoch 168: Train Loss: 511.6240, Train Node Loss: 16.3896, Train Reg Loss: 4.9523, Train MAPE: 11.6296, Train R: 0.9364, Train RRSE: 0.3658, Test Loss: 907.4742, Test Node Loss: 19.7472, Test Reg Loss: 8.8773, Test MAPE: 13.6098, Test R: 0.9245, Test RRSE: 0.4892
2025-02-10 15:52:00,724:INFO:Epoch 169: Train Loss: 545.6631, Train Node Loss: 17.2257, Train Reg Loss: 5.2844, Train MAPE: 12.4405, Train R: 0.9358, Train RRSE: 0.3778, Test Loss: 5203.2326, Test Node Loss: 10.9646, Test Reg Loss: 51.9227, Test MAPE: 15.0858, Test R: 0.9225, Test RRSE: 1.1830
2025-02-10 15:52:18,885:INFO:Epoch 170: Train Loss: 527.2222, Train Node Loss: 13.6146, Train Reg Loss: 5.1361, Train MAPE: 11.4626, Train R: 0.9390, Train RRSE: 0.3725, Test Loss: 1731.9359, Test Node Loss: 14.0680, Test Reg Loss: 17.1787, Test MAPE: 13.1009, Test R: 0.9213, Test RRSE: 0.6805
2025-02-10 15:52:36,839:INFO:Epoch 171: Train Loss: 487.0116, Train Node Loss: 14.9273, Train Reg Loss: 4.7208, Train MAPE: 12.1003, Train R: 0.9361, Train RRSE: 0.3571, Test Loss: 3363.7631, Test Node Loss: 11.5773, Test Reg Loss: 33.5219, Test MAPE: 14.0291, Test R: 0.9243, Test RRSE: 0.9506
2025-02-10 15:52:55,231:INFO:Epoch 172: Train Loss: 493.1340, Train Node Loss: 13.9231, Train Reg Loss: 4.7921, Train MAPE: 11.6224, Train R: 0.9355, Train RRSE: 0.3598, Test Loss: 681.3573, Test Node Loss: 15.9058, Test Reg Loss: 6.6545, Test MAPE: 12.7559, Test R: 0.9267, Test RRSE: 0.4235
2025-02-10 15:53:12,995:INFO:Epoch 173: Train Loss: 497.5515, Train Node Loss: 15.3880, Train Reg Loss: 4.8216, Train MAPE: 12.1552, Train R: 0.9372, Train RRSE: 0.3609, Test Loss: 4553.6919, Test Node Loss: 10.0274, Test Reg Loss: 45.4366, Test MAPE: 14.6635, Test R: 0.9190, Test RRSE: 1.1067
2025-02-10 15:53:30,453:INFO:Epoch 174: Train Loss: 494.8374, Train Node Loss: 12.6437, Train Reg Loss: 4.8219, Train MAPE: 11.7154, Train R: 0.9384, Train RRSE: 0.3609, Test Loss: 1221.4264, Test Node Loss: 17.8965, Test Reg Loss: 12.0353, Test MAPE: 14.0495, Test R: 0.9237, Test RRSE: 0.5696
2025-02-10 15:53:48,345:INFO:Epoch 175: Train Loss: 468.5426, Train Node Loss: 14.4958, Train Reg Loss: 4.5405, Train MAPE: 12.0743, Train R: 0.9388, Train RRSE: 0.3502, Test Loss: 989.6445, Test Node Loss: 13.1909, Test Reg Loss: 9.7645, Test MAPE: 12.5856, Test R: 0.9241, Test RRSE: 0.5130
2025-02-10 15:54:05,906:INFO:Epoch 176: Train Loss: 389.5856, Train Node Loss: 13.3137, Train Reg Loss: 3.7627, Train MAPE: 11.9547, Train R: 0.9479, Train RRSE: 0.3188, Test Loss: 1442.3661, Test Node Loss: 12.3121, Test Reg Loss: 14.3005, Test MAPE: 12.8977, Test R: 0.9208, Test RRSE: 0.6209
2025-02-10 15:54:23,674:INFO:Epoch 177: Train Loss: 536.2691, Train Node Loss: 12.3522, Train Reg Loss: 5.2392, Train MAPE: 11.5294, Train R: 0.9295, Train RRSE: 0.3762, Test Loss: 703.0052, Test Node Loss: 14.8391, Test Reg Loss: 6.8817, Test MAPE: 13.3533, Test R: 0.9233, Test RRSE: 0.4307
2025-02-10 15:54:41,553:INFO:Epoch 178: Train Loss: 552.1836, Train Node Loss: 13.7296, Train Reg Loss: 5.3845, Train MAPE: 12.0831, Train R: 0.9274, Train RRSE: 0.3814, Test Loss: 2843.2405, Test Node Loss: 10.2525, Test Reg Loss: 28.3299, Test MAPE: 13.1461, Test R: 0.9237, Test RRSE: 0.8739
2025-02-10 15:54:59,136:INFO:Epoch 179: Train Loss: 727.0986, Train Node Loss: 11.6974, Train Reg Loss: 7.1540, Train MAPE: 11.4303, Train R: 0.9004, Train RRSE: 0.4396, Test Loss: 1364.3934, Test Node Loss: 15.1192, Test Reg Loss: 13.4927, Test MAPE: 13.8751, Test R: 0.9215, Test RRSE: 0.6031
2025-02-10 15:55:16,974:INFO:Epoch 180: Train Loss: 491.3243, Train Node Loss: 11.8784, Train Reg Loss: 4.7945, Train MAPE: 12.1547, Train R: 0.9342, Train RRSE: 0.3599, Test Loss: 7441.5495, Test Node Loss: 7.0289, Test Reg Loss: 74.3452, Test MAPE: 16.6705, Test R: 0.9236, Test RRSE: 1.4156
2025-02-10 15:55:35,034:INFO:Epoch 181: Train Loss: 489.8353, Train Node Loss: 10.6599, Train Reg Loss: 4.7918, Train MAPE: 11.7826, Train R: 0.9356, Train RRSE: 0.3598, Test Loss: 604.3477, Test Node Loss: 12.4975, Test Reg Loss: 5.9185, Test MAPE: 12.7703, Test R: 0.9255, Test RRSE: 0.3994
2025-02-10 15:55:52,991:INFO:Epoch 182: Train Loss: 489.8101, Train Node Loss: 10.6775, Train Reg Loss: 4.7913, Train MAPE: 11.9557, Train R: 0.9331, Train RRSE: 0.3598, Test Loss: 1507.2561, Test Node Loss: 9.9415, Test Reg Loss: 14.9731, Test MAPE: 12.8791, Test R: 0.9231, Test RRSE: 0.6353
2025-02-10 15:56:11,111:INFO:Epoch 183: Train Loss: 569.7611, Train Node Loss: 11.2068, Train Reg Loss: 5.5855, Train MAPE: 11.9317, Train R: 0.9219, Train RRSE: 0.3884, Test Loss: 1874.4631, Test Node Loss: 10.6663, Test Reg Loss: 18.6380, Test MAPE: 12.9161, Test R: 0.9216, Test RRSE: 0.7088
2025-02-10 15:56:28,987:INFO:Epoch 184: Train Loss: 585.1504, Train Node Loss: 10.2537, Train Reg Loss: 5.7490, Train MAPE: 11.6434, Train R: 0.9266, Train RRSE: 0.3941, Test Loss: 1078.8832, Test Node Loss: 10.5932, Test Reg Loss: 10.6829, Test MAPE: 13.0496, Test R: 0.9249, Test RRSE: 0.5366
2025-02-10 15:56:47,117:INFO:Epoch 185: Train Loss: 607.1521, Train Node Loss: 12.0627, Train Reg Loss: 5.9509, Train MAPE: 12.4379, Train R: 0.9275, Train RRSE: 0.4009, Test Loss: 3692.4077, Test Node Loss: 7.8971, Test Reg Loss: 36.8451, Test MAPE: 13.8188, Test R: 0.9202, Test RRSE: 0.9966
2025-02-10 15:57:04,531:INFO:Epoch 186: Train Loss: 585.8755, Train Node Loss: 9.0267, Train Reg Loss: 5.7685, Train MAPE: 11.4028, Train R: 0.9276, Train RRSE: 0.3947, Test Loss: 695.0993, Test Node Loss: 10.4763, Test Reg Loss: 6.8462, Test MAPE: 12.9487, Test R: 0.9207, Test RRSE: 0.4296
2025-02-10 15:57:22,103:INFO:Epoch 187: Train Loss: 427.0871, Train Node Loss: 10.9156, Train Reg Loss: 4.1617, Train MAPE: 12.2678, Train R: 0.9485, Train RRSE: 0.3353, Test Loss: 3471.8955, Test Node Loss: 7.8887, Test Reg Loss: 34.6401, Test MAPE: 13.4817, Test R: 0.9233, Test RRSE: 0.9663
2025-02-10 15:57:40,314:INFO:Epoch 188: Train Loss: 511.1569, Train Node Loss: 8.8964, Train Reg Loss: 5.0226, Train MAPE: 11.4639, Train R: 0.9374, Train RRSE: 0.3683, Test Loss: 667.3720, Test Node Loss: 9.8565, Test Reg Loss: 6.5752, Test MAPE: 12.9938, Test R: 0.9221, Test RRSE: 0.4210
2025-02-10 15:57:58,388:INFO:Epoch 189: Train Loss: 486.2359, Train Node Loss: 9.2406, Train Reg Loss: 4.7700, Train MAPE: 12.1857, Train R: 0.9353, Train RRSE: 0.3590, Test Loss: 2640.5959, Test Node Loss: 7.1898, Test Reg Loss: 26.3341, Test MAPE: 13.4604, Test R: 0.9216, Test RRSE: 0.8425
2025-02-10 15:58:16,266:INFO:Epoch 190: Train Loss: 481.2271, Train Node Loss: 8.4688, Train Reg Loss: 4.7276, Train MAPE: 11.7456, Train R: 0.9367, Train RRSE: 0.3574, Test Loss: 623.4390, Test Node Loss: 10.7533, Test Reg Loss: 6.1269, Test MAPE: 13.1090, Test R: 0.9266, Test RRSE: 0.4064
2025-02-10 15:58:34,137:INFO:Epoch 191: Train Loss: 432.2792, Train Node Loss: 9.4962, Train Reg Loss: 4.2278, Train MAPE: 12.0806, Train R: 0.9446, Train RRSE: 0.3379, Test Loss: 3867.5572, Test Node Loss: 6.6014, Test Reg Loss: 38.6096, Test MAPE: 13.8438, Test R: 0.9219, Test RRSE: 1.0202
2025-02-10 15:58:52,113:INFO:Epoch 192: Train Loss: 562.8365, Train Node Loss: 7.4332, Train Reg Loss: 5.5540, Train MAPE: 11.4440, Train R: 0.9372, Train RRSE: 0.3873, Test Loss: 676.9643, Test Node Loss: 9.9351, Test Reg Loss: 6.6703, Test MAPE: 13.0925, Test R: 0.9248, Test RRSE: 0.4240
2025-02-10 15:59:09,483:INFO:Epoch 193: Train Loss: 558.0235, Train Node Loss: 9.2444, Train Reg Loss: 5.4878, Train MAPE: 12.4413, Train R: 0.9328, Train RRSE: 0.3850, Test Loss: 2265.2327, Test Node Loss: 7.2136, Test Reg Loss: 22.5802, Test MAPE: 13.0114, Test R: 0.9248, Test RRSE: 0.7802
2025-02-10 15:59:27,251:INFO:Epoch 194: Train Loss: 430.0956, Train Node Loss: 7.5592, Train Reg Loss: 4.2254, Train MAPE: 11.5905, Train R: 0.9453, Train RRSE: 0.3378, Test Loss: 1734.0289, Test Node Loss: 7.2675, Test Reg Loss: 17.2676, Test MAPE: 12.5675, Test R: 0.9224, Test RRSE: 0.6822
2025-02-10 15:59:45,453:INFO:Epoch 195: Train Loss: 447.6024, Train Node Loss: 8.2839, Train Reg Loss: 4.3932, Train MAPE: 12.0210, Train R: 0.9409, Train RRSE: 0.3445, Test Loss: 1183.5657, Test Node Loss: 7.7298, Test Reg Loss: 11.7584, Test MAPE: 12.9148, Test R: 0.9251, Test RRSE: 0.5630
2025-02-10 16:00:03,548:INFO:Epoch 196: Train Loss: 533.5076, Train Node Loss: 7.1063, Train Reg Loss: 5.2640, Train MAPE: 11.5931, Train R: 0.9327, Train RRSE: 0.3771, Test Loss: 2044.0164, Test Node Loss: 6.6986, Test Reg Loss: 20.3732, Test MAPE: 12.6777, Test R: 0.9236, Test RRSE: 0.7411
2025-02-10 16:00:22,099:INFO:Epoch 197: Train Loss: 483.4943, Train Node Loss: 7.8582, Train Reg Loss: 4.7564, Train MAPE: 12.1541, Train R: 0.9384, Train RRSE: 0.3584, Test Loss: 3128.9811, Test Node Loss: 5.5424, Test Reg Loss: 31.2344, Test MAPE: 14.0909, Test R: 0.9246, Test RRSE: 0.9176
2025-02-10 16:00:40,021:INFO:Epoch 198: Train Loss: 442.3928, Train Node Loss: 6.4730, Train Reg Loss: 4.3592, Train MAPE: 12.0376, Train R: 0.9423, Train RRSE: 0.3432, Test Loss: 1393.7947, Test Node Loss: 6.6091, Test Reg Loss: 13.8719, Test MAPE: 12.9270, Test R: 0.9256, Test RRSE: 0.6115
2025-02-10 16:00:57,899:INFO:Epoch 199: Train Loss: 424.4293, Train Node Loss: 7.4928, Train Reg Loss: 4.1694, Train MAPE: 11.7613, Train R: 0.9441, Train RRSE: 0.3356, Test Loss: 909.8158, Test Node Loss: 7.5376, Test Reg Loss: 9.0228, Test MAPE: 12.2763, Test R: 0.9266, Test RRSE: 0.4932
2025-02-10 16:01:15,296:INFO:Epoch 200: Train Loss: 441.5137, Train Node Loss: 7.8179, Train Reg Loss: 4.3370, Train MAPE: 12.1417, Train R: 0.9427, Train RRSE: 0.3423, Test Loss: 2404.8095, Test Node Loss: 6.0906, Test Reg Loss: 23.9872, Test MAPE: 13.4322, Test R: 0.9241, Test RRSE: 0.8041
2025-02-10 16:01:33,341:INFO:Epoch 201: Train Loss: 443.1154, Train Node Loss: 6.4611, Train Reg Loss: 4.3665, Train MAPE: 11.7291, Train R: 0.9470, Train RRSE: 0.3434, Test Loss: 600.8543, Test Node Loss: 7.9682, Test Reg Loss: 5.9289, Test MAPE: 12.7331, Test R: 0.9243, Test RRSE: 0.3998
2025-02-10 16:01:51,144:INFO:Epoch 202: Train Loss: 508.6342, Train Node Loss: 7.8259, Train Reg Loss: 5.0081, Train MAPE: 12.1190, Train R: 0.9388, Train RRSE: 0.3678, Test Loss: 4853.9855, Test Node Loss: 4.4608, Test Reg Loss: 48.4952, Test MAPE: 14.4096, Test R: 0.9212, Test RRSE: 1.1433
2025-02-10 16:02:08,881:INFO:Epoch 203: Train Loss: 551.5270, Train Node Loss: 6.3127, Train Reg Loss: 5.4521, Train MAPE: 11.9103, Train R: 0.9240, Train RRSE: 0.3838, Test Loss: 1048.8553, Test Node Loss: 6.0229, Test Reg Loss: 10.4283, Test MAPE: 12.6647, Test R: 0.9251, Test RRSE: 0.5302
2025-02-10 16:02:27,099:INFO:Epoch 204: Train Loss: 443.0191, Train Node Loss: 6.1712, Train Reg Loss: 4.3685, Train MAPE: 12.0550, Train R: 0.9394, Train RRSE: 0.3435, Test Loss: 2106.7661, Test Node Loss: 5.0768, Test Reg Loss: 21.0169, Test MAPE: 12.6380, Test R: 0.9236, Test RRSE: 0.7527
2025-02-10 16:02:45,594:INFO:Epoch 205: Train Loss: 484.9956, Train Node Loss: 5.4393, Train Reg Loss: 4.7956, Train MAPE: 11.7530, Train R: 0.9369, Train RRSE: 0.3599, Test Loss: 753.2871, Test Node Loss: 6.0047, Test Reg Loss: 7.4728, Test MAPE: 12.7171, Test R: 0.9228, Test RRSE: 0.4488
2025-02-10 16:03:03,393:INFO:Epoch 206: Train Loss: 349.1629, Train Node Loss: 5.9668, Train Reg Loss: 3.4320, Train MAPE: 11.9099, Train R: 0.9528, Train RRSE: 0.3045, Test Loss: 3452.9124, Test Node Loss: 4.6524, Test Reg Loss: 34.4826, Test MAPE: 13.6143, Test R: 0.9208, Test RRSE: 0.9641
2025-02-10 16:03:21,337:INFO:Epoch 207: Train Loss: 464.5326, Train Node Loss: 5.9221, Train Reg Loss: 4.5861, Train MAPE: 11.9046, Train R: 0.9360, Train RRSE: 0.3520, Test Loss: 2086.2784, Test Node Loss: 5.0533, Test Reg Loss: 20.8123, Test MAPE: 13.3181, Test R: 0.9231, Test RRSE: 0.7490
2025-02-10 16:03:39,481:INFO:Epoch 208: Train Loss: 367.6397, Train Node Loss: 5.5781, Train Reg Loss: 3.6206, Train MAPE: 11.9643, Train R: 0.9502, Train RRSE: 0.3127, Test Loss: 1069.0027, Test Node Loss: 5.6422, Test Reg Loss: 10.6336, Test MAPE: 12.2404, Test R: 0.9194, Test RRSE: 0.5354
2025-02-10 16:03:57,326:INFO:Epoch 209: Train Loss: 466.3187, Train Node Loss: 6.1859, Train Reg Loss: 4.6013, Train MAPE: 11.7936, Train R: 0.9403, Train RRSE: 0.3526, Test Loss: 3887.7434, Test Node Loss: 4.1410, Test Reg Loss: 38.8360, Test MAPE: 13.7098, Test R: 0.9200, Test RRSE: 1.0232
2025-02-10 16:04:15,289:INFO:Epoch 210: Train Loss: 435.7539, Train Node Loss: 5.4000, Train Reg Loss: 4.3035, Train MAPE: 11.9761, Train R: 0.9414, Train RRSE: 0.3410, Test Loss: 2247.5973, Test Node Loss: 4.7040, Test Reg Loss: 22.4289, Test MAPE: 12.8415, Test R: 0.9236, Test RRSE: 0.7775
2025-02-10 16:04:33,817:INFO:Epoch 211: Train Loss: 432.4630, Train Node Loss: 5.7044, Train Reg Loss: 4.2676, Train MAPE: 11.7586, Train R: 0.9420, Train RRSE: 0.3395, Test Loss: 1451.3516, Test Node Loss: 5.0850, Test Reg Loss: 14.4627, Test MAPE: 12.0552, Test R: 0.9237, Test RRSE: 0.6244
2025-02-10 16:04:52,029:INFO:Epoch 212: Train Loss: 429.3226, Train Node Loss: 5.2073, Train Reg Loss: 4.2412, Train MAPE: 11.9156, Train R: 0.9411, Train RRSE: 0.3385, Test Loss: 3537.4062, Test Node Loss: 3.8725, Test Reg Loss: 35.3353, Test MAPE: 13.7350, Test R: 0.9230, Test RRSE: 0.9760
2025-02-10 16:05:10,322:INFO:Epoch 213: Train Loss: 390.3035, Train Node Loss: 5.1471, Train Reg Loss: 3.8516, Train MAPE: 11.8983, Train R: 0.9468, Train RRSE: 0.3226, Test Loss: 1623.0559, Test Node Loss: 5.0253, Test Reg Loss: 16.1803, Test MAPE: 12.7981, Test R: 0.9229, Test RRSE: 0.6604
2025-02-10 16:05:28,333:INFO:Epoch 214: Train Loss: 424.6493, Train Node Loss: 5.6549, Train Reg Loss: 4.1899, Train MAPE: 11.7524, Train R: 0.9436, Train RRSE: 0.3364, Test Loss: 668.1245, Test Node Loss: 5.8382, Test Reg Loss: 6.6229, Test MAPE: 12.6274, Test R: 0.9242, Test RRSE: 0.4225
2025-02-10 16:05:46,790:INFO:Epoch 215: Train Loss: 405.5136, Train Node Loss: 5.2030, Train Reg Loss: 4.0031, Train MAPE: 12.0907, Train R: 0.9445, Train RRSE: 0.3288, Test Loss: 1192.8296, Test Node Loss: 5.1013, Test Reg Loss: 11.8773, Test MAPE: 12.6623, Test R: 0.9256, Test RRSE: 0.5658
2025-02-10 16:06:05,148:INFO:Epoch 216: Train Loss: 463.1424, Train Node Loss: 5.3076, Train Reg Loss: 4.5783, Train MAPE: 11.7754, Train R: 0.9378, Train RRSE: 0.3517, Test Loss: 599.1422, Test Node Loss: 6.2707, Test Reg Loss: 5.9287, Test MAPE: 12.6543, Test R: 0.9259, Test RRSE: 0.3998
2025-02-10 16:06:23,205:INFO:Epoch 217: Train Loss: 582.5740, Train Node Loss: 5.7251, Train Reg Loss: 5.7685, Train MAPE: 11.9704, Train R: 0.9192, Train RRSE: 0.3947, Test Loss: 1687.4321, Test Node Loss: 4.6491, Test Reg Loss: 16.8278, Test MAPE: 12.2580, Test R: 0.9221, Test RRSE: 0.6735
2025-02-10 16:06:40,944:INFO:Epoch 218: Train Loss: 565.9095, Train Node Loss: 5.4826, Train Reg Loss: 5.6043, Train MAPE: 12.1480, Train R: 0.9250, Train RRSE: 0.3891, Test Loss: 746.5866, Test Node Loss: 4.9620, Test Reg Loss: 7.4162, Test MAPE: 12.8176, Test R: 0.9271, Test RRSE: 0.4471
2025-02-10 16:06:40,982:INFO:Checkpoint saved at best_0.001_0.001_256_SAGE_3_32_0.9271_epoch_218.pth
2025-02-10 16:06:59,202:INFO:Epoch 219: Train Loss: 402.9056, Train Node Loss: 4.5918, Train Reg Loss: 3.9831, Train MAPE: 11.7472, Train R: 0.9494, Train RRSE: 0.3280, Test Loss: 1829.3667, Test Node Loss: 4.2601, Test Reg Loss: 18.2511, Test MAPE: 12.8607, Test R: 0.9242, Test RRSE: 0.7014
2025-02-10 16:07:17,453:INFO:Epoch 220: Train Loss: 405.4727, Train Node Loss: 4.8690, Train Reg Loss: 4.0060, Train MAPE: 12.1859, Train R: 0.9449, Train RRSE: 0.3290, Test Loss: 2491.4101, Test Node Loss: 3.6343, Test Reg Loss: 24.8778, Test MAPE: 13.1583, Test R: 0.9206, Test RRSE: 0.8189
2025-02-10 16:07:35,664:INFO:Epoch 221: Train Loss: 458.2566, Train Node Loss: 4.0933, Train Reg Loss: 4.5416, Train MAPE: 11.4746, Train R: 0.9417, Train RRSE: 0.3503, Test Loss: 675.8730, Test Node Loss: 4.8809, Test Reg Loss: 6.7099, Test MAPE: 13.2754, Test R: 0.9249, Test RRSE: 0.4253
2025-02-10 16:07:53,738:INFO:Epoch 222: Train Loss: 563.8108, Train Node Loss: 4.7253, Train Reg Loss: 5.5909, Train MAPE: 12.3499, Train R: 0.9268, Train RRSE: 0.3886, Test Loss: 3815.8849, Test Node Loss: 3.1189, Test Reg Loss: 38.1277, Test MAPE: 13.5814, Test R: 0.9233, Test RRSE: 1.0138
2025-02-10 16:08:11,520:INFO:Epoch 223: Train Loss: 449.6351, Train Node Loss: 4.2145, Train Reg Loss: 4.4542, Train MAPE: 11.4130, Train R: 0.9421, Train RRSE: 0.3469, Test Loss: 774.7434, Test Node Loss: 4.6185, Test Reg Loss: 7.7012, Test MAPE: 12.4896, Test R: 0.9223, Test RRSE: 0.4556
2025-02-10 16:08:29,747:INFO:Epoch 224: Train Loss: 503.5434, Train Node Loss: 4.5346, Train Reg Loss: 4.9901, Train MAPE: 12.0282, Train R: 0.9321, Train RRSE: 0.3671, Test Loss: 2760.6630, Test Node Loss: 3.4028, Test Reg Loss: 27.5726, Test MAPE: 13.5790, Test R: 0.9211, Test RRSE: 0.8621
2025-02-10 16:08:48,216:INFO:Epoch 225: Train Loss: 392.9962, Train Node Loss: 4.0590, Train Reg Loss: 3.8894, Train MAPE: 11.7416, Train R: 0.9477, Train RRSE: 0.3241, Test Loss: 931.2498, Test Node Loss: 4.3069, Test Reg Loss: 9.2694, Test MAPE: 12.4913, Test R: 0.9248, Test RRSE: 0.4999
2025-02-10 16:09:06,387:INFO:Epoch 226: Train Loss: 474.4467, Train Node Loss: 4.4827, Train Reg Loss: 4.6996, Train MAPE: 12.1262, Train R: 0.9373, Train RRSE: 0.3563, Test Loss: 3797.4061, Test Node Loss: 3.0161, Test Reg Loss: 37.9439, Test MAPE: 13.8782, Test R: 0.9200, Test RRSE: 1.0113
2025-02-10 16:09:24,420:INFO:Epoch 227: Train Loss: 523.0982, Train Node Loss: 3.9076, Train Reg Loss: 5.1919, Train MAPE: 11.3354, Train R: 0.9331, Train RRSE: 0.3745, Test Loss: 1286.7280, Test Node Loss: 4.0855, Test Reg Loss: 12.8264, Test MAPE: 12.6415, Test R: 0.9188, Test RRSE: 0.5880
2025-02-10 16:09:42,919:INFO:Epoch 228: Train Loss: 534.3975, Train Node Loss: 4.8226, Train Reg Loss: 5.2957, Train MAPE: 12.4292, Train R: 0.9342, Train RRSE: 0.3782, Test Loss: 2260.2900, Test Node Loss: 3.4431, Test Reg Loss: 22.5685, Test MAPE: 12.8998, Test R: 0.9229, Test RRSE: 0.7800
2025-02-10 16:10:01,035:INFO:Epoch 229: Train Loss: 568.4638, Train Node Loss: 3.8470, Train Reg Loss: 5.6462, Train MAPE: 11.6054, Train R: 0.9226, Train RRSE: 0.3905, Test Loss: 1113.1575, Test Node Loss: 3.7452, Test Reg Loss: 11.0941, Test MAPE: 12.3721, Test R: 0.9247, Test RRSE: 0.5469
2025-02-10 16:10:19,276:INFO:Epoch 230: Train Loss: 417.0852, Train Node Loss: 3.7784, Train Reg Loss: 4.1331, Train MAPE: 11.6922, Train R: 0.9432, Train RRSE: 0.3341, Test Loss: 1040.5262, Test Node Loss: 3.5007, Test Reg Loss: 10.3703, Test MAPE: 12.4171, Test R: 0.9227, Test RRSE: 0.5287
2025-02-10 16:10:37,516:INFO:Epoch 231: Train Loss: 343.7181, Train Node Loss: 3.9343, Train Reg Loss: 3.3978, Train MAPE: 12.1393, Train R: 0.9542, Train RRSE: 0.3030, Test Loss: 2413.2820, Test Node Loss: 3.1847, Test Reg Loss: 24.1010, Test MAPE: 13.1953, Test R: 0.9223, Test RRSE: 0.8060
2025-02-10 16:10:56,087:INFO:Epoch 232: Train Loss: 436.1210, Train Node Loss: 3.7255, Train Reg Loss: 4.3240, Train MAPE: 11.7693, Train R: 0.9412, Train RRSE: 0.3418, Test Loss: 773.6421, Test Node Loss: 3.9648, Test Reg Loss: 7.6968, Test MAPE: 12.4333, Test R: 0.9245, Test RRSE: 0.4555
2025-02-10 16:11:14,493:INFO:Epoch 233: Train Loss: 387.9086, Train Node Loss: 3.8426, Train Reg Loss: 3.8407, Train MAPE: 11.9726, Train R: 0.9472, Train RRSE: 0.3221, Test Loss: 1771.0844, Test Node Loss: 3.1683, Test Reg Loss: 17.6792, Test MAPE: 12.7243, Test R: 0.9192, Test RRSE: 0.6903
2025-02-10 16:11:32,645:INFO:Epoch 234: Train Loss: 402.0318, Train Node Loss: 3.6540, Train Reg Loss: 3.9838, Train MAPE: 11.7575, Train R: 0.9456, Train RRSE: 0.3280, Test Loss: 752.7451, Test Node Loss: 4.0252, Test Reg Loss: 7.4872, Test MAPE: 12.6874, Test R: 0.9241, Test RRSE: 0.4492
2025-02-10 16:11:50,969:INFO:Epoch 235: Train Loss: 413.0671, Train Node Loss: 3.8785, Train Reg Loss: 4.0919, Train MAPE: 11.9721, Train R: 0.9432, Train RRSE: 0.3325, Test Loss: 2001.7201, Test Node Loss: 3.1332, Test Reg Loss: 19.9859, Test MAPE: 12.6404, Test R: 0.9237, Test RRSE: 0.7340
2025-02-10 16:12:08,888:INFO:Epoch 236: Train Loss: 392.3906, Train Node Loss: 3.6189, Train Reg Loss: 3.8877, Train MAPE: 12.0958, Train R: 0.9461, Train RRSE: 0.3241, Test Loss: 1536.5607, Test Node Loss: 3.2042, Test Reg Loss: 15.3336, Test MAPE: 12.6419, Test R: 0.9224, Test RRSE: 0.6429
2025-02-10 16:12:26,792:INFO:Epoch 237: Train Loss: 436.7489, Train Node Loss: 3.3550, Train Reg Loss: 4.3339, Train MAPE: 11.7704, Train R: 0.9414, Train RRSE: 0.3422, Test Loss: 1447.2594, Test Node Loss: 3.1518, Test Reg Loss: 14.4411, Test MAPE: 12.5345, Test R: 0.9225, Test RRSE: 0.6239
2025-02-10 16:12:44,770:INFO:Epoch 238: Train Loss: 404.4635, Train Node Loss: 3.5282, Train Reg Loss: 4.0094, Train MAPE: 12.0292, Train R: 0.9445, Train RRSE: 0.3291, Test Loss: 1809.0019, Test Node Loss: 3.0428, Test Reg Loss: 18.0596, Test MAPE: 12.6574, Test R: 0.9218, Test RRSE: 0.6977
2025-02-10 16:13:02,142:INFO:Epoch 239: Train Loss: 383.7755, Train Node Loss: 3.4294, Train Reg Loss: 3.8035, Train MAPE: 12.0117, Train R: 0.9473, Train RRSE: 0.3205, Test Loss: 2193.4832, Test Node Loss: 2.7883, Test Reg Loss: 21.9069, Test MAPE: 12.7469, Test R: 0.9225, Test RRSE: 0.7684
2025-02-10 16:13:19,801:INFO:Epoch 240: Train Loss: 540.1067, Train Node Loss: 3.5594, Train Reg Loss: 5.3655, Train MAPE: 11.9274, Train R: 0.9281, Train RRSE: 0.3807, Test Loss: 2011.4678, Test Node Loss: 2.7320, Test Reg Loss: 20.0874, Test MAPE: 12.6308, Test R: 0.9194, Test RRSE: 0.7358
2025-02-10 16:13:37,542:INFO:Epoch 241: Train Loss: 406.8515, Train Node Loss: 2.9626, Train Reg Loss: 4.0389, Train MAPE: 11.8032, Train R: 0.9483, Train RRSE: 0.3303, Test Loss: 777.8228, Test Node Loss: 3.3525, Test Reg Loss: 7.7447, Test MAPE: 12.8900, Test R: 0.9242, Test RRSE: 0.4569
2025-02-10 16:13:55,158:INFO:Epoch 242: Train Loss: 431.7627, Train Node Loss: 3.5085, Train Reg Loss: 4.2825, Train MAPE: 12.1283, Train R: 0.9424, Train RRSE: 0.3401, Test Loss: 2185.6483, Test Node Loss: 2.5900, Test Reg Loss: 21.8306, Test MAPE: 12.6920, Test R: 0.9209, Test RRSE: 0.7671
2025-02-10 16:14:12,827:INFO:Epoch 243: Train Loss: 467.2537, Train Node Loss: 2.8119, Train Reg Loss: 4.6444, Train MAPE: 11.6787, Train R: 0.9401, Train RRSE: 0.3542, Test Loss: 1057.1330, Test Node Loss: 3.8803, Test Reg Loss: 10.5325, Test MAPE: 14.1444, Test R: 0.9251, Test RRSE: 0.5328
2025-02-10 16:14:30,215:INFO:Epoch 244: Train Loss: 438.0527, Train Node Loss: 3.4029, Train Reg Loss: 4.3465, Train MAPE: 12.3096, Train R: 0.9463, Train RRSE: 0.3427, Test Loss: 5753.1051, Test Node Loss: 1.7269, Test Reg Loss: 57.5138, Test MAPE: 14.9293, Test R: 0.9233, Test RRSE: 1.2451
2025-02-10 16:14:47,550:INFO:Epoch 245: Train Loss: 491.5704, Train Node Loss: 2.6812, Train Reg Loss: 4.8889, Train MAPE: 11.5626, Train R: 0.9335, Train RRSE: 0.3634, Test Loss: 702.5321, Test Node Loss: 2.6732, Test Reg Loss: 6.9986, Test MAPE: 13.2380, Test R: 0.9262, Test RRSE: 0.4343
2025-02-10 16:15:05,069:INFO:Epoch 246: Train Loss: 363.8512, Train Node Loss: 2.4992, Train Reg Loss: 3.6135, Train MAPE: 12.0484, Train R: 0.9503, Train RRSE: 0.3124, Test Loss: 2257.3254, Test Node Loss: 2.1408, Test Reg Loss: 22.5518, Test MAPE: 13.0732, Test R: 0.9258, Test RRSE: 0.7797
2025-02-10 16:15:22,848:INFO:Epoch 247: Train Loss: 401.8104, Train Node Loss: 2.6075, Train Reg Loss: 3.9920, Train MAPE: 11.7177, Train R: 0.9452, Train RRSE: 0.3284, Test Loss: 1189.9651, Test Node Loss: 2.5624, Test Reg Loss: 11.8740, Test MAPE: 12.9772, Test R: 0.9265, Test RRSE: 0.5657
2025-02-10 16:15:40,592:INFO:Epoch 248: Train Loss: 400.3939, Train Node Loss: 2.7099, Train Reg Loss: 3.9768, Train MAPE: 12.1691, Train R: 0.9453, Train RRSE: 0.3278, Test Loss: 3233.0206, Test Node Loss: 1.9417, Test Reg Loss: 32.3108, Test MAPE: 13.4150, Test R: 0.9232, Test RRSE: 0.9332
2025-02-10 16:15:57,747:INFO:Epoch 249: Train Loss: 576.2223, Train Node Loss: 2.8466, Train Reg Loss: 5.7338, Train MAPE: 12.0555, Train R: 0.9219, Train RRSE: 0.3936, Test Loss: 2302.0957, Test Node Loss: 2.0525, Test Reg Loss: 23.0004, Test MAPE: 12.6850, Test R: 0.9226, Test RRSE: 0.7874
2025-02-10 16:16:15,327:INFO:Epoch 250: Train Loss: 470.8537, Train Node Loss: 2.0771, Train Reg Loss: 4.6878, Train MAPE: 11.5896, Train R: 0.9437, Train RRSE: 0.3559, Test Loss: 886.8979, Test Node Loss: 2.1590, Test Reg Loss: 8.8474, Test MAPE: 12.9025, Test R: 0.9226, Test RRSE: 0.4884
2025-02-10 16:16:32,929:INFO:Epoch 251: Train Loss: 475.5704, Train Node Loss: 2.4483, Train Reg Loss: 4.7312, Train MAPE: 12.0258, Train R: 0.9365, Train RRSE: 0.3575, Test Loss: 1683.4238, Test Node Loss: 2.1165, Test Reg Loss: 16.8131, Test MAPE: 12.4708, Test R: 0.9215, Test RRSE: 0.6732
2025-02-10 16:16:50,739:INFO:Epoch 252: Train Loss: 433.3699, Train Node Loss: 2.2313, Train Reg Loss: 4.3114, Train MAPE: 11.6962, Train R: 0.9427, Train RRSE: 0.3413, Test Loss: 663.0236, Test Node Loss: 2.8868, Test Reg Loss: 6.6014, Test MAPE: 13.0211, Test R: 0.9277, Test RRSE: 0.4218
2025-02-10 16:16:50,778:INFO:Checkpoint saved at best_0.001_0.001_256_SAGE_3_32_0.9277_epoch_252.pth
2025-02-10 16:17:08,857:INFO:Epoch 253: Train Loss: 404.2543, Train Node Loss: 2.5393, Train Reg Loss: 4.0172, Train MAPE: 12.0386, Train R: 0.9451, Train RRSE: 0.3294, Test Loss: 576.2760, Test Node Loss: 2.7325, Test Reg Loss: 5.7354, Test MAPE: 12.5948, Test R: 0.9265, Test RRSE: 0.3932
2025-02-10 16:17:26,282:INFO:Epoch 254: Train Loss: 350.7624, Train Node Loss: 2.5215, Train Reg Loss: 3.4824, Train MAPE: 11.9948, Train R: 0.9529, Train RRSE: 0.3067, Test Loss: 3039.7496, Test Node Loss: 1.7524, Test Reg Loss: 30.3800, Test MAPE: 13.4127, Test R: 0.9213, Test RRSE: 0.9049
2025-02-10 16:17:44,255:INFO:Epoch 255: Train Loss: 440.5477, Train Node Loss: 2.0849, Train Reg Loss: 4.3846, Train MAPE: 11.8542, Train R: 0.9421, Train RRSE: 0.3442, Test Loss: 716.6388, Test Node Loss: 2.2946, Test Reg Loss: 7.1434, Test MAPE: 12.5190, Test R: 0.9226, Test RRSE: 0.4388
2025-02-10 16:18:02,446:INFO:Epoch 256: Train Loss: 566.8626, Train Node Loss: 2.2215, Train Reg Loss: 5.6464, Train MAPE: 11.5707, Train R: 0.9209, Train RRSE: 0.3905, Test Loss: 601.3551, Test Node Loss: 2.5535, Test Reg Loss: 5.9880, Test MAPE: 13.0302, Test R: 0.9251, Test RRSE: 0.4018
2025-02-10 16:18:20,159:INFO:Epoch 257: Train Loss: 429.3509, Train Node Loss: 2.3814, Train Reg Loss: 4.2697, Train MAPE: 11.9932, Train R: 0.9428, Train RRSE: 0.3396, Test Loss: 2654.5094, Test Node Loss: 1.6877, Test Reg Loss: 26.5282, Test MAPE: 12.9124, Test R: 0.9218, Test RRSE: 0.8456
2025-02-10 16:18:37,806:INFO:Epoch 258: Train Loss: 518.5389, Train Node Loss: 1.9236, Train Reg Loss: 5.1662, Train MAPE: 11.5202, Train R: 0.9349, Train RRSE: 0.3736, Test Loss: 639.5878, Test Node Loss: 2.2529, Test Reg Loss: 6.3733, Test MAPE: 12.8497, Test R: 0.9259, Test RRSE: 0.4145
2025-02-10 16:18:55,808:INFO:Epoch 259: Train Loss: 559.4345, Train Node Loss: 2.6570, Train Reg Loss: 5.5678, Train MAPE: 12.5582, Train R: 0.9408, Train RRSE: 0.3878, Test Loss: 5191.4750, Test Node Loss: 1.2290, Test Reg Loss: 51.9025, Test MAPE: 14.3323, Test R: 0.9246, Test RRSE: 1.1828
2025-02-10 16:19:13,821:INFO:Epoch 260: Train Loss: 612.9612, Train Node Loss: 1.7507, Train Reg Loss: 6.1121, Train MAPE: 11.1334, Train R: 0.9257, Train RRSE: 0.4063, Test Loss: 1780.8959, Test Node Loss: 1.5734, Test Reg Loss: 17.7932, Test MAPE: 12.3645, Test R: 0.9279, Test RRSE: 0.6926
2025-02-10 16:19:13,846:INFO:Checkpoint saved at best_0.001_0.001_256_SAGE_3_32_0.9279_epoch_260.pth
2025-02-10 16:19:31,765:INFO:Epoch 261: Train Loss: 469.2165, Train Node Loss: 1.7187, Train Reg Loss: 4.6750, Train MAPE: 11.6894, Train R: 0.9356, Train RRSE: 0.3554, Test Loss: 553.5175, Test Node Loss: 1.8072, Test Reg Loss: 5.5171, Test MAPE: 12.4601, Test R: 0.9283, Test RRSE: 0.3856
2025-02-10 16:19:31,807:INFO:Checkpoint saved at best_0.001_0.001_256_SAGE_3_32_0.9283_epoch_261.pth
2025-02-10 16:19:49,701:INFO:Epoch 262: Train Loss: 455.4511, Train Node Loss: 1.8516, Train Reg Loss: 4.5360, Train MAPE: 12.0669, Train R: 0.9387, Train RRSE: 0.3500, Test Loss: 2105.6203, Test Node Loss: 1.4197, Test Reg Loss: 21.0420, Test MAPE: 12.8194, Test R: 0.9287, Test RRSE: 0.7531
2025-02-10 16:19:49,718:INFO:Checkpoint saved at best_0.001_0.001_256_SAGE_3_32_0.9287_epoch_262.pth
2025-02-10 16:20:07,306:INFO:Epoch 263: Train Loss: 399.8458, Train Node Loss: 1.5893, Train Reg Loss: 3.9826, Train MAPE: 11.6235, Train R: 0.9496, Train RRSE: 0.3280, Test Loss: 1232.4594, Test Node Loss: 1.5539, Test Reg Loss: 12.3091, Test MAPE: 12.6740, Test R: 0.9258, Test RRSE: 0.5760
2025-02-10 16:20:25,280:INFO:Epoch 264: Train Loss: 484.9722, Train Node Loss: 1.8455, Train Reg Loss: 4.8313, Train MAPE: 11.9090, Train R: 0.9350, Train RRSE: 0.3613, Test Loss: 2125.2822, Test Node Loss: 1.3731, Test Reg Loss: 21.2391, Test MAPE: 12.7513, Test R: 0.9246, Test RRSE: 0.7566
2025-02-10 16:20:42,824:INFO:Epoch 265: Train Loss: 411.1441, Train Node Loss: 1.6520, Train Reg Loss: 4.0949, Train MAPE: 11.9739, Train R: 0.9434, Train RRSE: 0.3326, Test Loss: 1161.1043, Test Node Loss: 1.5898, Test Reg Loss: 11.5951, Test MAPE: 12.4978, Test R: 0.9245, Test RRSE: 0.5591
2025-02-10 16:21:00,937:INFO:Epoch 266: Train Loss: 388.8142, Train Node Loss: 1.7795, Train Reg Loss: 3.8703, Train MAPE: 11.8309, Train R: 0.9474, Train RRSE: 0.3233, Test Loss: 2055.4976, Test Node Loss: 1.3582, Test Reg Loss: 20.5414, Test MAPE: 12.4640, Test R: 0.9245, Test RRSE: 0.7441
2025-02-10 16:21:18,424:INFO:Epoch 267: Train Loss: 430.6794, Train Node Loss: 1.5925, Train Reg Loss: 4.2909, Train MAPE: 11.8345, Train R: 0.9417, Train RRSE: 0.3405, Test Loss: 855.6430, Test Node Loss: 1.5892, Test Reg Loss: 8.5405, Test MAPE: 12.6337, Test R: 0.9249, Test RRSE: 0.4798
2025-02-10 16:21:36,448:INFO:Epoch 268: Train Loss: 450.3197, Train Node Loss: 1.5470, Train Reg Loss: 4.4877, Train MAPE: 11.7373, Train R: 0.9394, Train RRSE: 0.3482, Test Loss: 1239.9852, Test Node Loss: 1.5062, Test Reg Loss: 12.3848, Test MAPE: 12.5165, Test R: 0.9225, Test RRSE: 0.5778
2025-02-10 16:21:54,169:INFO:Epoch 269: Train Loss: 455.9490, Train Node Loss: 1.8268, Train Reg Loss: 4.5412, Train MAPE: 12.1739, Train R: 0.9409, Train RRSE: 0.3502, Test Loss: 4710.3623, Test Node Loss: 0.9916, Test Reg Loss: 47.0937, Test MAPE: 14.2452, Test R: 0.9238, Test RRSE: 1.1267
2025-02-10 16:22:12,040:INFO:Epoch 270: Train Loss: 469.3263, Train Node Loss: 1.5112, Train Reg Loss: 4.6782, Train MAPE: 11.7104, Train R: 0.9352, Train RRSE: 0.3555, Test Loss: 731.7225, Test Node Loss: 1.5448, Test Reg Loss: 7.3018, Test MAPE: 12.8297, Test R: 0.9236, Test RRSE: 0.4436
2025-02-10 16:22:30,284:INFO:Epoch 271: Train Loss: 349.7284, Train Node Loss: 1.5917, Train Reg Loss: 3.4814, Train MAPE: 11.8925, Train R: 0.9528, Train RRSE: 0.3067, Test Loss: 2380.2853, Test Node Loss: 1.1597, Test Reg Loss: 23.7913, Test MAPE: 12.6403, Test R: 0.9218, Test RRSE: 0.8008
2025-02-10 16:22:47,770:INFO:Epoch 272: Train Loss: 454.5779, Train Node Loss: 1.4502, Train Reg Loss: 4.5313, Train MAPE: 11.8900, Train R: 0.9376, Train RRSE: 0.3499, Test Loss: 629.3280, Test Node Loss: 1.6548, Test Reg Loss: 6.2767, Test MAPE: 12.7272, Test R: 0.9249, Test RRSE: 0.4113
2025-02-10 16:23:05,559:INFO:Epoch 273: Train Loss: 332.4238, Train Node Loss: 1.5503, Train Reg Loss: 3.3087, Train MAPE: 11.8810, Train R: 0.9546, Train RRSE: 0.2990, Test Loss: 1747.5114, Test Node Loss: 1.1833, Test Reg Loss: 17.4633, Test MAPE: 12.5951, Test R: 0.9243, Test RRSE: 0.6861
2025-02-10 16:23:23,608:INFO:Epoch 274: Train Loss: 387.5393, Train Node Loss: 1.4055, Train Reg Loss: 3.8613, Train MAPE: 11.9866, Train R: 0.9465, Train RRSE: 0.3230, Test Loss: 1182.1207, Test Node Loss: 1.3182, Test Reg Loss: 11.8080, Test MAPE: 12.4371, Test R: 0.9226, Test RRSE: 0.5642
2025-02-10 16:23:41,476:INFO:Epoch 275: Train Loss: 485.6234, Train Node Loss: 1.4284, Train Reg Loss: 4.8419, Train MAPE: 11.5554, Train R: 0.9342, Train RRSE: 0.3617, Test Loss: 1172.5972, Test Node Loss: 1.3612, Test Reg Loss: 11.7124, Test MAPE: 12.2011, Test R: 0.9236, Test RRSE: 0.5619
2025-02-10 16:23:58,955:INFO:Epoch 276: Train Loss: 434.9462, Train Node Loss: 1.4155, Train Reg Loss: 4.3353, Train MAPE: 12.0372, Train R: 0.9397, Train RRSE: 0.3422, Test Loss: 1020.4541, Test Node Loss: 1.2871, Test Reg Loss: 10.1917, Test MAPE: 12.4039, Test R: 0.9233, Test RRSE: 0.5241
2025-02-10 16:24:16,904:INFO:Epoch 277: Train Loss: 416.3835, Train Node Loss: 1.2923, Train Reg Loss: 4.1509, Train MAPE: 11.8382, Train R: 0.9437, Train RRSE: 0.3349, Test Loss: 590.9792, Test Node Loss: 1.5155, Test Reg Loss: 5.8946, Test MAPE: 12.5856, Test R: 0.9240, Test RRSE: 0.3986
2025-02-10 16:24:34,278:INFO:Epoch 278: Train Loss: 437.5648, Train Node Loss: 1.5867, Train Reg Loss: 4.3598, Train MAPE: 12.2207, Train R: 0.9439, Train RRSE: 0.3432, Test Loss: 2287.9494, Test Node Loss: 1.0679, Test Reg Loss: 22.8688, Test MAPE: 12.6357, Test R: 0.9259, Test RRSE: 0.7851
2025-02-10 16:24:51,445:INFO:Epoch 279: Train Loss: 357.6996, Train Node Loss: 1.3030, Train Reg Loss: 3.5640, Train MAPE: 11.7831, Train R: 0.9518, Train RRSE: 0.3103, Test Loss: 1348.4485, Test Node Loss: 1.0901, Test Reg Loss: 13.4736, Test MAPE: 12.5989, Test R: 0.9234, Test RRSE: 0.6027
2025-02-10 16:25:08,342:INFO:Epoch 280: Train Loss: 345.9466, Train Node Loss: 1.2986, Train Reg Loss: 3.4465, Train MAPE: 12.0300, Train R: 0.9530, Train RRSE: 0.3051, Test Loss: 3434.5079, Test Node Loss: 0.8656, Test Reg Loss: 34.3364, Test MAPE: 13.5256, Test R: 0.9241, Test RRSE: 0.9621
2025-02-10 16:25:25,423:INFO:Epoch 281: Train Loss: 444.2095, Train Node Loss: 1.0944, Train Reg Loss: 4.4312, Train MAPE: 11.6670, Train R: 0.9439, Train RRSE: 0.3460, Test Loss: 681.1556, Test Node Loss: 1.2996, Test Reg Loss: 6.7986, Test MAPE: 12.5091, Test R: 0.9245, Test RRSE: 0.4281
2025-02-10 16:25:42,731:INFO:Epoch 282: Train Loss: 364.4109, Train Node Loss: 1.3714, Train Reg Loss: 3.6304, Train MAPE: 12.2138, Train R: 0.9547, Train RRSE: 0.3132, Test Loss: 1877.6054, Test Node Loss: 0.9807, Test Reg Loss: 18.7662, Test MAPE: 12.5641, Test R: 0.9242, Test RRSE: 0.7112
2025-02-10 16:25:59,984:INFO:Epoch 283: Train Loss: 369.7251, Train Node Loss: 1.1156, Train Reg Loss: 3.6861, Train MAPE: 11.9869, Train R: 0.9493, Train RRSE: 0.3156, Test Loss: 1905.8262, Test Node Loss: 0.9028, Test Reg Loss: 19.0492, Test MAPE: 13.0120, Test R: 0.9232, Test RRSE: 0.7166
2025-02-10 16:26:18,154:INFO:Epoch 284: Train Loss: 460.8346, Train Node Loss: 1.1957, Train Reg Loss: 4.5964, Train MAPE: 12.1570, Train R: 0.9392, Train RRSE: 0.3524, Test Loss: 2959.6941, Test Node Loss: 0.7995, Test Reg Loss: 29.5889, Test MAPE: 13.1051, Test R: 0.9224, Test RRSE: 0.8931
2025-02-10 16:26:35,636:INFO:Epoch 285: Train Loss: 504.4935, Train Node Loss: 0.9719, Train Reg Loss: 5.0352, Train MAPE: 11.4216, Train R: 0.9361, Train RRSE: 0.3688, Test Loss: 589.7415, Test Node Loss: 1.1308, Test Reg Loss: 5.8861, Test MAPE: 12.8455, Test R: 0.9257, Test RRSE: 0.3983
2025-02-10 16:26:53,134:INFO:Epoch 286: Train Loss: 395.6828, Train Node Loss: 1.0153, Train Reg Loss: 3.9467, Train MAPE: 12.1599, Train R: 0.9456, Train RRSE: 0.3265, Test Loss: 1731.8093, Test Node Loss: 0.8053, Test Reg Loss: 17.3100, Test MAPE: 12.5863, Test R: 0.9210, Test RRSE: 0.6831
2025-02-10 16:27:11,519:INFO:Epoch 287: Train Loss: 355.7333, Train Node Loss: 1.0341, Train Reg Loss: 3.5470, Train MAPE: 12.0371, Train R: 0.9510, Train RRSE: 0.3095, Test Loss: 1677.0264, Test Node Loss: 0.8736, Test Reg Loss: 16.7615, Test MAPE: 12.4532, Test R: 0.9218, Test RRSE: 0.6722
2025-02-10 16:27:29,728:INFO:Epoch 288: Train Loss: 445.3327, Train Node Loss: 1.0130, Train Reg Loss: 4.4432, Train MAPE: 11.7783, Train R: 0.9385, Train RRSE: 0.3464, Test Loss: 1125.1390, Test Node Loss: 0.8933, Test Reg Loss: 11.2425, Test MAPE: 12.3188, Test R: 0.9225, Test RRSE: 0.5505
2025-02-10 16:27:47,813:INFO:Epoch 289: Train Loss: 364.3866, Train Node Loss: 0.8973, Train Reg Loss: 3.6349, Train MAPE: 11.6688, Train R: 0.9528, Train RRSE: 0.3134, Test Loss: 883.4023, Test Node Loss: 0.8852, Test Reg Loss: 8.8252, Test MAPE: 12.3675, Test R: 0.9252, Test RRSE: 0.4877
2025-02-10 16:28:05,794:INFO:Epoch 290: Train Loss: 341.1063, Train Node Loss: 1.0062, Train Reg Loss: 3.4010, Train MAPE: 12.1854, Train R: 0.9534, Train RRSE: 0.3031, Test Loss: 1222.5397, Test Node Loss: 0.9141, Test Reg Loss: 12.2163, Test MAPE: 12.4718, Test R: 0.9268, Test RRSE: 0.5738
2025-02-10 16:28:23,912:INFO:Epoch 291: Train Loss: 362.7922, Train Node Loss: 1.0506, Train Reg Loss: 3.6174, Train MAPE: 12.0721, Train R: 0.9501, Train RRSE: 0.3126, Test Loss: 2762.0470, Test Node Loss: 0.7746, Test Reg Loss: 27.6127, Test MAPE: 13.0053, Test R: 0.9237, Test RRSE: 0.8627
2025-02-10 16:28:42,019:INFO:Epoch 292: Train Loss: 381.4927, Train Node Loss: 0.9896, Train Reg Loss: 3.8050, Train MAPE: 11.6560, Train R: 0.9498, Train RRSE: 0.3206, Test Loss: 1049.4202, Test Node Loss: 0.9500, Test Reg Loss: 10.4847, Test MAPE: 12.6046, Test R: 0.9249, Test RRSE: 0.5316
2025-02-10 16:29:00,513:INFO:Epoch 293: Train Loss: 430.5838, Train Node Loss: 1.0546, Train Reg Loss: 4.2953, Train MAPE: 12.1787, Train R: 0.9415, Train RRSE: 0.3406, Test Loss: 1137.3106, Test Node Loss: 0.9735, Test Reg Loss: 11.3634, Test MAPE: 12.5267, Test R: 0.9247, Test RRSE: 0.5534
2025-02-10 16:29:19,219:INFO:Epoch 294: Train Loss: 456.5602, Train Node Loss: 1.1560, Train Reg Loss: 4.5540, Train MAPE: 11.9241, Train R: 0.9397, Train RRSE: 0.3507, Test Loss: 2107.3582, Test Node Loss: 0.8194, Test Reg Loss: 21.0654, Test MAPE: 12.5293, Test R: 0.9203, Test RRSE: 0.7535
2025-02-10 16:29:37,842:INFO:Epoch 295: Train Loss: 452.2949, Train Node Loss: 0.8483, Train Reg Loss: 4.5145, Train MAPE: 11.7662, Train R: 0.9435, Train RRSE: 0.3492, Test Loss: 651.2456, Test Node Loss: 0.9455, Test Reg Loss: 6.5030, Test MAPE: 13.2025, Test R: 0.9242, Test RRSE: 0.4187
2025-02-10 16:29:56,428:INFO:Epoch 296: Train Loss: 326.9998, Train Node Loss: 0.9834, Train Reg Loss: 3.2602, Train MAPE: 12.0809, Train R: 0.9566, Train RRSE: 0.2968, Test Loss: 1840.6865, Test Node Loss: 0.7429, Test Reg Loss: 18.3994, Test MAPE: 12.3667, Test R: 0.9241, Test RRSE: 0.7042
2025-02-10 16:30:14,985:INFO:Epoch 297: Train Loss: 381.6343, Train Node Loss: 0.8565, Train Reg Loss: 3.8078, Train MAPE: 11.8000, Train R: 0.9488, Train RRSE: 0.3207, Test Loss: 614.4311, Test Node Loss: 0.9311, Test Reg Loss: 6.1350, Test MAPE: 12.9976, Test R: 0.9261, Test RRSE: 0.4067
2025-02-10 16:30:33,542:INFO:Epoch 298: Train Loss: 409.2574, Train Node Loss: 0.8918, Train Reg Loss: 4.0837, Train MAPE: 12.0358, Train R: 0.9433, Train RRSE: 0.3321, Test Loss: 978.8299, Test Node Loss: 0.8641, Test Reg Loss: 9.7797, Test MAPE: 12.1301, Test R: 0.9248, Test RRSE: 0.5134
2025-02-10 16:30:51,903:INFO:Epoch 299: Train Loss: 531.8780, Train Node Loss: 0.9968, Train Reg Loss: 5.3088, Train MAPE: 11.8535, Train R: 0.9280, Train RRSE: 0.3787, Test Loss: 2958.5707, Test Node Loss: 0.6680, Test Reg Loss: 29.5790, Test MAPE: 13.2238, Test R: 0.9230, Test RRSE: 0.8929
2025-02-10 16:31:10,215:INFO:Epoch 300: Train Loss: 430.6932, Train Node Loss: 0.7973, Train Reg Loss: 4.2990, Train MAPE: 12.0209, Train R: 0.9446, Train RRSE: 0.3408, Test Loss: 1595.7598, Test Node Loss: 1.0555, Test Reg Loss: 15.9470, Test MAPE: 14.7171, Test R: 0.9255, Test RRSE: 0.6556
2025-02-10 16:31:10,216:INFO:Best performance at epoch 262 with Test MAPE: 0.9287
