2025-02-10 14:56:11,459:INFO:Learning rate: 0.0008
2025-02-10 14:56:11,459:INFO:Weight decay: 0.001
2025-02-10 14:56:11,460:INFO:Batch size: 64
2025-02-10 14:56:11,460:INFO:Number of layers: 2
2025-02-10 14:56:11,460:INFO:Convolution type: SAGE
2025-02-10 14:56:11,460:INFO:Convolution neurons: 256
2025-02-10 15:00:52,070:INFO:Learning rate: 0.0008
2025-02-10 15:00:52,071:INFO:Weight decay: 0.001
2025-02-10 15:00:52,071:INFO:Batch size: 64
2025-02-10 15:00:52,071:INFO:Number of layers: 2
2025-02-10 15:00:52,071:INFO:Convolution type: SAGE
2025-02-10 15:00:52,071:INFO:Convolution neurons: 256
2025-02-10 15:01:09,307:INFO:Epoch 1: Train Loss: 274187.9773, Train Node Loss: 0.1792, Train Reg Loss: 2741.8780, Train MAPE: 99.8586, Train R: 0.0315, Train RRSE: 8.6062, Test Loss: 281028.4286, Test Node Loss: 0.0930, Test Reg Loss: 2810.2834, Test MAPE: 99.4829, Test R: 0.8958, Test RRSE: 8.7036
2025-02-10 15:01:09,335:INFO:Checkpoint saved at best_0.0008_0.001_256_SAGE_2_64_0.8958_epoch_1.pth
2025-02-10 15:01:25,169:INFO:Epoch 2: Train Loss: 267909.0897, Train Node Loss: 0.4955, Train Reg Loss: 2679.0860, Train MAPE: 98.6830, Train R: 0.1218, Train RRSE: 8.5071, Test Loss: 275130.6169, Test Node Loss: 1.1938, Test Reg Loss: 2751.2943, Test MAPE: 98.4077, Test R: 0.9110, Test RRSE: 8.6118
2025-02-10 15:01:25,189:INFO:Checkpoint saved at best_0.0008_0.001_256_SAGE_2_64_0.9110_epoch_2.pth
2025-02-10 15:01:41,224:INFO:Epoch 3: Train Loss: 259191.0302, Train Node Loss: 6.8441, Train Reg Loss: 2591.8417, Train MAPE: 97.0352, Train R: 0.2013, Train RRSE: 8.3674, Test Loss: 262612.4630, Test Node Loss: 22.2243, Test Reg Loss: 2625.9024, Test MAPE: 96.0829, Test R: 0.8976, Test RRSE: 8.4132
2025-02-10 15:01:57,520:INFO:Epoch 4: Train Loss: 243024.5959, Train Node Loss: 65.3160, Train Reg Loss: 2429.5928, Train MAPE: 93.8597, Train R: 0.1226, Train RRSE: 8.1013, Test Loss: 231049.1408, Test Node Loss: 207.6526, Test Reg Loss: 2308.4149, Test MAPE: 89.9434, Test R: 0.8824, Test RRSE: 7.8883
2025-02-10 15:02:13,545:INFO:Epoch 5: Train Loss: 205120.5855, Train Node Loss: 390.4609, Train Reg Loss: 2047.3013, Train MAPE: 85.9044, Train R: 0.1085, Train RRSE: 7.4366, Test Loss: 156226.0612, Test Node Loss: 1287.9556, Test Reg Loss: 1549.3810, Test MAPE: 73.2531, Test R: 0.8759, Test RRSE: 6.4625
2025-02-10 15:02:29,823:INFO:Epoch 6: Train Loss: 127124.3187, Train Node Loss: 1809.7875, Train Reg Loss: 1253.1453, Train MAPE: 66.2223, Train R: 0.1086, Train RRSE: 5.8182, Test Loss: 38341.1946, Test Node Loss: 6215.2135, Test Reg Loss: 321.2598, Test MAPE: 31.6577, Test R: 0.8732, Test RRSE: 2.9427
2025-02-10 15:02:46,130:INFO:Epoch 7: Train Loss: 31486.2551, Train Node Loss: 6869.0937, Train Reg Loss: 246.1716, Train MAPE: 25.5211, Train R: 0.1515, Train RRSE: 2.5787, Test Loss: 89934.1112, Test Node Loss: 21570.2215, Test Reg Loss: 683.6389, Test MAPE: 50.7339, Test R: 0.8722, Test RRSE: 4.2928
2025-02-10 15:03:02,463:INFO:Epoch 8: Train Loss: 40637.0334, Train Node Loss: 14778.2020, Train Reg Loss: 258.5883, Train MAPE: 31.0155, Train R: 0.4918, Train RRSE: 2.6430, Test Loss: 88827.1010, Test Node Loss: 19686.1764, Test Reg Loss: 691.4093, Test MAPE: 51.0102, Test R: 0.8732, Test RRSE: 4.3171
2025-02-10 15:03:18,385:INFO:Epoch 9: Train Loss: 21745.7624, Train Node Loss: 11565.9202, Train Reg Loss: 101.7984, Train MAPE: 18.8543, Train R: 0.3584, Train RRSE: 1.6583, Test Loss: 11523.1813, Test Node Loss: 9395.9854, Test Reg Loss: 21.2720, Test MAPE: 9.5757, Test R: 0.8747, Test RRSE: 0.7572
2025-02-10 15:03:34,266:INFO:Epoch 10: Train Loss: 15292.3311, Train Node Loss: 6774.0484, Train Reg Loss: 85.1828, Train MAPE: 14.0847, Train R: 0.3698, Train RRSE: 1.5169, Test Loss: 19024.2503, Test Node Loss: 5991.3270, Test Reg Loss: 130.3292, Test MAPE: 18.5454, Test R: 0.8763, Test RRSE: 1.8743
2025-02-10 15:03:50,315:INFO:Epoch 11: Train Loss: 20383.5471, Train Node Loss: 5433.1108, Train Reg Loss: 149.5044, Train MAPE: 20.3686, Train R: 0.7510, Train RRSE: 2.0096, Test Loss: 14379.8862, Test Node Loss: 6244.7830, Test Reg Loss: 81.3510, Test MAPE: 14.0406, Test R: 0.8771, Test RRSE: 1.4808
2025-02-10 15:04:06,593:INFO:Epoch 12: Train Loss: 12855.3687, Train Node Loss: 6196.9220, Train Reg Loss: 66.5845, Train MAPE: 12.3460, Train R: 0.5194, Train RRSE: 1.3411, Test Loss: 10112.4978, Test Node Loss: 7982.4356, Test Reg Loss: 21.3006, Test MAPE: 10.0942, Test R: 0.8771, Test RRSE: 0.7577
2025-02-10 15:04:22,896:INFO:Epoch 13: Train Loss: 10417.7496, Train Node Loss: 7634.1744, Train Reg Loss: 27.8358, Train MAPE: 10.7721, Train R: 0.5736, Train RRSE: 0.8671, Test Loss: 15644.1552, Test Node Loss: 8984.9703, Test Reg Loss: 66.5918, Test MAPE: 16.4848, Test R: 0.8773, Test RRSE: 1.3398
2025-02-10 15:04:38,921:INFO:Epoch 14: Train Loss: 11626.6975, Train Node Loss: 7872.9385, Train Reg Loss: 37.5376, Train MAPE: 13.1379, Train R: 0.8122, Train RRSE: 1.0070, Test Loss: 10298.3968, Test Node Loss: 7597.5201, Test Reg Loss: 27.0088, Test MAPE: 11.4269, Test R: 0.8779, Test RRSE: 0.8532
2025-02-10 15:04:54,921:INFO:Epoch 15: Train Loss: 8918.0859, Train Node Loss: 6600.7672, Train Reg Loss: 23.1732, Train MAPE: 9.3430, Train R: 0.6641, Train RRSE: 0.7912, Test Loss: 9062.1752, Test Node Loss: 5961.3446, Test Reg Loss: 31.0083, Test MAPE: 9.7694, Test R: 0.8784, Test RRSE: 0.9142
2025-02-10 15:05:10,985:INFO:Epoch 16: Train Loss: 9282.8165, Train Node Loss: 5569.1729, Train Reg Loss: 37.1364, Train MAPE: 9.5739, Train R: 0.8024, Train RRSE: 1.0016, Test Loss: 9166.6542, Test Node Loss: 5451.6448, Test Reg Loss: 37.1501, Test MAPE: 10.2422, Test R: 0.8784, Test RRSE: 1.0007
2025-02-10 15:05:27,049:INFO:Epoch 17: Train Loss: 8513.0342, Train Node Loss: 5446.9398, Train Reg Loss: 30.6609, Train MAPE: 9.2117, Train R: 0.7469, Train RRSE: 0.9101, Test Loss: 7768.0668, Test Node Loss: 5664.3074, Test Reg Loss: 21.0376, Test MAPE: 9.3863, Test R: 0.8784, Test RRSE: 0.7530
2025-02-10 15:05:43,205:INFO:Epoch 18: Train Loss: 7778.9051, Train Node Loss: 5659.5263, Train Reg Loss: 21.1938, Train MAPE: 9.2441, Train R: 0.7983, Train RRSE: 0.7566, Test Loss: 7547.0114, Test Node Loss: 5673.4295, Test Reg Loss: 18.7358, Test MAPE: 9.7366, Test R: 0.8785, Test RRSE: 0.7107
2025-02-10 15:05:59,222:INFO:Epoch 19: Train Loss: 7635.8513, Train Node Loss: 5571.7255, Train Reg Loss: 20.6413, Train MAPE: 9.8203, Train R: 0.8281, Train RRSE: 0.7467, Test Loss: 7202.6336, Test Node Loss: 5300.8168, Test Reg Loss: 19.0182, Test MAPE: 9.5519, Test R: 0.8787, Test RRSE: 0.7160
2025-02-10 15:06:14,974:INFO:Epoch 20: Train Loss: 7239.1786, Train Node Loss: 5137.0007, Train Reg Loss: 21.0218, Train MAPE: 9.3417, Train R: 0.7943, Train RRSE: 0.7536, Test Loss: 7239.8304, Test Node Loss: 4737.9161, Test Reg Loss: 25.0191, Test MAPE: 9.4610, Test R: 0.8787, Test RRSE: 0.8212
2025-02-10 15:06:30,943:INFO:Epoch 21: Train Loss: 6993.3545, Train Node Loss: 4724.5777, Train Reg Loss: 22.6878, Train MAPE: 8.9423, Train R: 0.8379, Train RRSE: 0.7829, Test Loss: 7090.7947, Test Node Loss: 4510.7276, Test Reg Loss: 25.8007, Test MAPE: 9.5834, Test R: 0.8789, Test RRSE: 0.8339
2025-02-10 15:06:46,948:INFO:Epoch 22: Train Loss: 6829.0910, Train Node Loss: 4575.9783, Train Reg Loss: 22.5311, Train MAPE: 8.9891, Train R: 0.8156, Train RRSE: 0.7801, Test Loss: 6661.8470, Test Node Loss: 4447.5825, Test Reg Loss: 22.1426, Test MAPE: 9.4542, Test R: 0.8793, Test RRSE: 0.7726
2025-02-10 15:07:02,984:INFO:Epoch 23: Train Loss: 6501.3903, Train Node Loss: 4515.4610, Train Reg Loss: 19.8593, Train MAPE: 9.2347, Train R: 0.8308, Train RRSE: 0.7324, Test Loss: 6379.7164, Test Node Loss: 4350.1398, Test Reg Loss: 20.2958, Test MAPE: 9.4692, Test R: 0.8793, Test RRSE: 0.7397
2025-02-10 15:07:18,788:INFO:Epoch 24: Train Loss: 6328.2014, Train Node Loss: 4394.5145, Train Reg Loss: 19.3369, Train MAPE: 9.4190, Train R: 0.8291, Train RRSE: 0.7227, Test Loss: 6217.7921, Test Node Loss: 4169.7379, Test Reg Loss: 20.4805, Test MAPE: 9.4767, Test R: 0.8794, Test RRSE: 0.7430
2025-02-10 15:07:34,633:INFO:Epoch 25: Train Loss: 6179.7934, Train Node Loss: 4195.8119, Train Reg Loss: 19.8398, Train MAPE: 9.2781, Train R: 0.8318, Train RRSE: 0.7321, Test Loss: 6207.4150, Test Node Loss: 3918.2607, Test Reg Loss: 22.8915, Test MAPE: 9.4377, Test R: 0.8796, Test RRSE: 0.7855
2025-02-10 15:07:50,732:INFO:Epoch 26: Train Loss: 6002.6745, Train Node Loss: 3981.3669, Train Reg Loss: 20.2131, Train MAPE: 9.1826, Train R: 0.8272, Train RRSE: 0.7389, Test Loss: 6059.1798, Test Node Loss: 3774.3049, Test Reg Loss: 22.8487, Test MAPE: 9.5850, Test R: 0.8796, Test RRSE: 0.7848
2025-02-10 15:08:06,793:INFO:Epoch 27: Train Loss: 5825.2655, Train Node Loss: 3839.2971, Train Reg Loss: 19.8597, Train MAPE: 9.2054, Train R: 0.8331, Train RRSE: 0.7324, Test Loss: 5867.5380, Test Node Loss: 3659.2092, Test Reg Loss: 22.0833, Test MAPE: 9.5734, Test R: 0.8795, Test RRSE: 0.7715
2025-02-10 15:08:22,609:INFO:Epoch 28: Train Loss: 5665.6537, Train Node Loss: 3725.7425, Train Reg Loss: 19.3991, Train MAPE: 9.2427, Train R: 0.8315, Train RRSE: 0.7239, Test Loss: 5674.7402, Test Node Loss: 3554.3913, Test Reg Loss: 21.2035, Test MAPE: 9.5878, Test R: 0.8795, Test RRSE: 0.7560
2025-02-10 15:08:38,430:INFO:Epoch 29: Train Loss: 5534.2008, Train Node Loss: 3646.7829, Train Reg Loss: 18.8742, Train MAPE: 9.4000, Train R: 0.8302, Train RRSE: 0.7140, Test Loss: 5443.0161, Test Node Loss: 3484.8296, Test Reg Loss: 19.5819, Test MAPE: 9.5604, Test R: 0.8794, Test RRSE: 0.7265
2025-02-10 15:08:54,458:INFO:Epoch 30: Train Loss: 5408.0150, Train Node Loss: 3537.9957, Train Reg Loss: 18.7002, Train MAPE: 9.4450, Train R: 0.8339, Train RRSE: 0.7107, Test Loss: 5405.5542, Test Node Loss: 3316.7556, Test Reg Loss: 20.8880, Test MAPE: 9.5959, Test R: 0.8792, Test RRSE: 0.7504
2025-02-10 15:09:10,267:INFO:Epoch 31: Train Loss: 5251.4520, Train Node Loss: 3388.2550, Train Reg Loss: 18.6320, Train MAPE: 9.3685, Train R: 0.8311, Train RRSE: 0.7094, Test Loss: 5378.3850, Test Node Loss: 3168.0066, Test Reg Loss: 22.1038, Test MAPE: 9.6758, Test R: 0.8794, Test RRSE: 0.7719
2025-02-10 15:09:26,087:INFO:Epoch 32: Train Loss: 5152.2094, Train Node Loss: 3233.5929, Train Reg Loss: 19.1862, Train MAPE: 9.2744, Train R: 0.8263, Train RRSE: 0.7199, Test Loss: 5248.9836, Test Node Loss: 3068.3709, Test Reg Loss: 21.8061, Test MAPE: 9.5900, Test R: 0.8791, Test RRSE: 0.7667
2025-02-10 15:09:42,062:INFO:Epoch 33: Train Loss: 5034.4464, Train Node Loss: 3175.5506, Train Reg Loss: 18.5890, Train MAPE: 9.3911, Train R: 0.8305, Train RRSE: 0.7086, Test Loss: 4963.5129, Test Node Loss: 3039.1996, Test Reg Loss: 19.2431, Test MAPE: 9.6034, Test R: 0.8788, Test RRSE: 0.7202
2025-02-10 15:09:57,821:INFO:Epoch 34: Train Loss: 4935.0712, Train Node Loss: 3096.8410, Train Reg Loss: 18.3823, Train MAPE: 9.5040, Train R: 0.8201, Train RRSE: 0.7047, Test Loss: 4979.4778, Test Node Loss: 2891.2077, Test Reg Loss: 20.8827, Test MAPE: 9.6999, Test R: 0.8786, Test RRSE: 0.7503
2025-02-10 15:10:13,625:INFO:Epoch 35: Train Loss: 4819.0504, Train Node Loss: 2979.3564, Train Reg Loss: 18.3969, Train MAPE: 9.4255, Train R: 0.8241, Train RRSE: 0.7050, Test Loss: 4879.5243, Test Node Loss: 2798.4729, Test Reg Loss: 20.8105, Test MAPE: 9.6667, Test R: 0.8786, Test RRSE: 0.7490
2025-02-10 15:10:29,645:INFO:Epoch 36: Train Loss: 4708.6284, Train Node Loss: 2876.3923, Train Reg Loss: 18.3224, Train MAPE: 9.4676, Train R: 0.8114, Train RRSE: 0.7035, Test Loss: 4756.1942, Test Node Loss: 2719.5974, Test Reg Loss: 20.3660, Test MAPE: 9.6530, Test R: 0.8786, Test RRSE: 0.7409
2025-02-10 15:10:45,641:INFO:Epoch 37: Train Loss: 4576.5073, Train Node Loss: 2834.9301, Train Reg Loss: 17.4158, Train MAPE: 9.6280, Train R: 0.8214, Train RRSE: 0.6859, Test Loss: 4538.7668, Test Node Loss: 2682.0218, Test Reg Loss: 18.5674, Test MAPE: 9.6926, Test R: 0.8786, Test RRSE: 0.7075
2025-02-10 15:11:01,426:INFO:Epoch 38: Train Loss: 4468.4483, Train Node Loss: 2743.4120, Train Reg Loss: 17.2504, Train MAPE: 9.6116, Train R: 0.8248, Train RRSE: 0.6826, Test Loss: 4733.5758, Test Node Loss: 2514.4164, Test Reg Loss: 22.1916, Test MAPE: 9.8289, Test R: 0.8792, Test RRSE: 0.7734
2025-02-10 15:11:17,220:INFO:Epoch 39: Train Loss: 4426.9457, Train Node Loss: 2606.6460, Train Reg Loss: 18.2030, Train MAPE: 9.4486, Train R: 0.8177, Train RRSE: 0.7012, Test Loss: 4589.4237, Test Node Loss: 2455.3084, Test Reg Loss: 21.3412, Test MAPE: 9.8611, Test R: 0.8785, Test RRSE: 0.7585
2025-02-10 15:11:33,003:INFO:Epoch 40: Train Loss: 4372.5379, Train Node Loss: 2599.9641, Train Reg Loss: 17.7257, Train MAPE: 9.6733, Train R: 0.8075, Train RRSE: 0.6920, Test Loss: 4291.5443, Test Node Loss: 2447.2132, Test Reg Loss: 18.4433, Test MAPE: 9.7967, Test R: 0.8783, Test RRSE: 0.7051
2025-02-10 15:11:48,717:INFO:Epoch 41: Train Loss: 4218.9179, Train Node Loss: 2512.8902, Train Reg Loss: 17.0603, Train MAPE: 9.6649, Train R: 0.8205, Train RRSE: 0.6789, Test Loss: 4493.1544, Test Node Loss: 2303.8255, Test Reg Loss: 21.8933, Test MAPE: 9.9269, Test R: 0.8780, Test RRSE: 0.7682
2025-02-10 15:12:04,724:INFO:Epoch 42: Train Loss: 4075.9317, Train Node Loss: 2418.1210, Train Reg Loss: 16.5781, Train MAPE: 9.5457, Train R: 0.8339, Train RRSE: 0.6692, Test Loss: 4295.7805, Test Node Loss: 2266.4654, Test Reg Loss: 20.2932, Test MAPE: 9.8018, Test R: 0.8779, Test RRSE: 0.7396
2025-02-10 15:12:20,776:INFO:Epoch 43: Train Loss: 3982.7896, Train Node Loss: 2371.0078, Train Reg Loss: 16.1178, Train MAPE: 9.6845, Train R: 0.8377, Train RRSE: 0.6598, Test Loss: 4169.2595, Test Node Loss: 2217.0874, Test Reg Loss: 19.5217, Test MAPE: 9.8855, Test R: 0.8785, Test RRSE: 0.7254
2025-02-10 15:12:36,551:INFO:Epoch 44: Train Loss: 3894.5588, Train Node Loss: 2330.8136, Train Reg Loss: 15.6375, Train MAPE: 9.8235, Train R: 0.8406, Train RRSE: 0.6499, Test Loss: 4056.0502, Test Node Loss: 2166.9131, Test Reg Loss: 18.8914, Test MAPE: 9.8803, Test R: 0.8788, Test RRSE: 0.7136
2025-02-10 15:12:52,612:INFO:Epoch 45: Train Loss: 3810.5410, Train Node Loss: 2252.1253, Train Reg Loss: 15.5842, Train MAPE: 9.7835, Train R: 0.8326, Train RRSE: 0.6488, Test Loss: 4329.2519, Test Node Loss: 2033.5271, Test Reg Loss: 22.9572, Test MAPE: 10.0740, Test R: 0.8805, Test RRSE: 0.7867
2025-02-10 15:13:08,448:INFO:Epoch 46: Train Loss: 3769.7673, Train Node Loss: 2151.2936, Train Reg Loss: 16.1847, Train MAPE: 9.6807, Train R: 0.8289, Train RRSE: 0.6612, Test Loss: 4056.7682, Test Node Loss: 2018.5699, Test Reg Loss: 20.3820, Test MAPE: 10.0000, Test R: 0.8798, Test RRSE: 0.7412
2025-02-10 15:13:24,244:INFO:Epoch 47: Train Loss: 3684.8917, Train Node Loss: 2135.0671, Train Reg Loss: 15.4982, Train MAPE: 9.8005, Train R: 0.8355, Train RRSE: 0.6470, Test Loss: 4033.1824, Test Node Loss: 1956.5773, Test Reg Loss: 20.7661, Test MAPE: 10.0203, Test R: 0.8809, Test RRSE: 0.7482
2025-02-10 15:13:40,271:INFO:Epoch 48: Train Loss: 3654.4365, Train Node Loss: 2055.9609, Train Reg Loss: 15.9848, Train MAPE: 9.7120, Train R: 0.8301, Train RRSE: 0.6571, Test Loss: 3988.9100, Test Node Loss: 1902.8571, Test Reg Loss: 20.8605, Test MAPE: 10.0514, Test R: 0.8811, Test RRSE: 0.7499
2025-02-10 15:13:56,053:INFO:Epoch 49: Train Loss: 3548.9661, Train Node Loss: 2050.6101, Train Reg Loss: 14.9836, Train MAPE: 9.9782, Train R: 0.8326, Train RRSE: 0.6362, Test Loss: 3930.5259, Test Node Loss: 1854.8733, Test Reg Loss: 20.7565, Test MAPE: 10.1604, Test R: 0.8815, Test RRSE: 0.7480
2025-02-10 15:14:11,863:INFO:Epoch 50: Train Loss: 3503.5527, Train Node Loss: 1961.5952, Train Reg Loss: 15.4196, Train MAPE: 9.8634, Train R: 0.8247, Train RRSE: 0.6454, Test Loss: 4156.3419, Test Node Loss: 1764.5227, Test Reg Loss: 23.9182, Test MAPE: 10.3869, Test R: 0.8814, Test RRSE: 0.8029
2025-02-10 15:14:27,977:INFO:Epoch 51: Train Loss: 3391.4961, Train Node Loss: 1922.7058, Train Reg Loss: 14.6879, Train MAPE: 9.9692, Train R: 0.8324, Train RRSE: 0.6299, Test Loss: 3956.4375, Test Node Loss: 1740.4553, Test Reg Loss: 22.1598, Test MAPE: 10.2856, Test R: 0.8812, Test RRSE: 0.7729
2025-02-10 15:14:44,018:INFO:Epoch 52: Train Loss: 3329.7039, Train Node Loss: 1898.8938, Train Reg Loss: 14.3081, Train MAPE: 10.0380, Train R: 0.8369, Train RRSE: 0.6217, Test Loss: 4057.2156, Test Node Loss: 1675.4258, Test Reg Loss: 23.8179, Test MAPE: 10.4089, Test R: 0.8815, Test RRSE: 0.8013
2025-02-10 15:14:59,806:INFO:Epoch 53: Train Loss: 3258.7745, Train Node Loss: 1795.8503, Train Reg Loss: 14.6292, Train MAPE: 9.9321, Train R: 0.8342, Train RRSE: 0.6286, Test Loss: 4177.3690, Test Node Loss: 1611.5780, Test Reg Loss: 25.6579, Test MAPE: 10.5991, Test R: 0.8819, Test RRSE: 0.8316
2025-02-10 15:15:15,603:INFO:Epoch 54: Train Loss: 3193.0151, Train Node Loss: 1810.3417, Train Reg Loss: 13.8267, Train MAPE: 10.1110, Train R: 0.8392, Train RRSE: 0.6111, Test Loss: 3529.0153, Test Node Loss: 1653.1265, Test Reg Loss: 18.7589, Test MAPE: 10.2009, Test R: 0.8815, Test RRSE: 0.7111
2025-02-10 15:15:31,693:INFO:Epoch 55: Train Loss: 3131.6200, Train Node Loss: 1762.0934, Train Reg Loss: 13.6953, Train MAPE: 10.1812, Train R: 0.8324, Train RRSE: 0.6082, Test Loss: 4466.1018, Test Node Loss: 1495.0832, Test Reg Loss: 29.7102, Test MAPE: 10.8714, Test R: 0.8839, Test RRSE: 0.8949
2025-02-10 15:15:47,737:INFO:Epoch 56: Train Loss: 3096.0088, Train Node Loss: 1669.1578, Train Reg Loss: 14.2685, Train MAPE: 9.9513, Train R: 0.8396, Train RRSE: 0.6208, Test Loss: 3529.5056, Test Node Loss: 1559.1449, Test Reg Loss: 19.7036, Test MAPE: 10.2741, Test R: 0.8826, Test RRSE: 0.7288
2025-02-10 15:16:03,627:INFO:Epoch 57: Train Loss: 3011.5298, Train Node Loss: 1706.8053, Train Reg Loss: 13.0472, Train MAPE: 10.3909, Train R: 0.8425, Train RRSE: 0.5937, Test Loss: 3913.5591, Test Node Loss: 1470.8940, Test Reg Loss: 24.4267, Test MAPE: 10.6411, Test R: 0.8818, Test RRSE: 0.8114
2025-02-10 15:16:19,512:INFO:Epoch 58: Train Loss: 2923.2521, Train Node Loss: 1598.0785, Train Reg Loss: 13.2517, Train MAPE: 10.1062, Train R: 0.8487, Train RRSE: 0.5983, Test Loss: 3888.8570, Test Node Loss: 1434.9160, Test Reg Loss: 24.5394, Test MAPE: 10.7806, Test R: 0.8818, Test RRSE: 0.8133
2025-02-10 15:16:35,568:INFO:Epoch 59: Train Loss: 2993.2159, Train Node Loss: 1570.0673, Train Reg Loss: 14.2315, Train MAPE: 10.0167, Train R: 0.8259, Train RRSE: 0.6200, Test Loss: 3243.4280, Test Node Loss: 1474.3913, Test Reg Loss: 17.6904, Test MAPE: 10.3543, Test R: 0.8824, Test RRSE: 0.6905
2025-02-10 15:16:51,334:INFO:Epoch 60: Train Loss: 2977.2013, Train Node Loss: 1637.5479, Train Reg Loss: 13.3965, Train MAPE: 10.7408, Train R: 0.8399, Train RRSE: 0.6016, Test Loss: 3618.5341, Test Node Loss: 1389.9651, Test Reg Loss: 22.2857, Test MAPE: 10.6513, Test R: 0.8829, Test RRSE: 0.7751
2025-02-10 15:17:07,428:INFO:Epoch 61: Train Loss: 2862.0222, Train Node Loss: 1464.6127, Train Reg Loss: 13.9741, Train MAPE: 10.1636, Train R: 0.8434, Train RRSE: 0.6144, Test Loss: 3713.0296, Test Node Loss: 1346.1583, Test Reg Loss: 23.6687, Test MAPE: 10.7745, Test R: 0.8819, Test RRSE: 0.7988
2025-02-10 15:17:23,291:INFO:Epoch 62: Train Loss: 2727.4411, Train Node Loss: 1523.7245, Train Reg Loss: 12.0372, Train MAPE: 10.5419, Train R: 0.8474, Train RRSE: 0.5702, Test Loss: 2849.3529, Test Node Loss: 1428.1118, Test Reg Loss: 14.2124, Test MAPE: 10.3537, Test R: 0.8811, Test RRSE: 0.6190
2025-02-10 15:17:39,353:INFO:Epoch 63: Train Loss: 2660.1971, Train Node Loss: 1486.5384, Train Reg Loss: 11.7366, Train MAPE: 10.5402, Train R: 0.8507, Train RRSE: 0.5631, Test Loss: 4180.2986, Test Node Loss: 1244.9727, Test Reg Loss: 29.3533, Test MAPE: 11.2091, Test R: 0.8820, Test RRSE: 0.8895
2025-02-10 15:17:55,395:INFO:Epoch 64: Train Loss: 2716.6844, Train Node Loss: 1393.9042, Train Reg Loss: 13.2278, Train MAPE: 10.2685, Train R: 0.8449, Train RRSE: 0.5978, Test Loss: 2809.3744, Test Node Loss: 1362.3543, Test Reg Loss: 14.4702, Test MAPE: 10.3709, Test R: 0.8817, Test RRSE: 0.6245
2025-02-10 15:18:11,424:INFO:Epoch 65: Train Loss: 2604.2197, Train Node Loss: 1439.5691, Train Reg Loss: 11.6465, Train MAPE: 10.5466, Train R: 0.8542, Train RRSE: 0.5609, Test Loss: 3130.9798, Test Node Loss: 1283.6034, Test Reg Loss: 18.4738, Test MAPE: 10.6000, Test R: 0.8819, Test RRSE: 0.7057
2025-02-10 15:18:27,499:INFO:Epoch 66: Train Loss: 2553.5871, Train Node Loss: 1357.5712, Train Reg Loss: 11.9602, Train MAPE: 10.3831, Train R: 0.8545, Train RRSE: 0.5684, Test Loss: 3045.5077, Test Node Loss: 1263.7035, Test Reg Loss: 17.8180, Test MAPE: 10.6065, Test R: 0.8818, Test RRSE: 0.6930
2025-02-10 15:18:43,594:INFO:Epoch 67: Train Loss: 2630.0699, Train Node Loss: 1397.8422, Train Reg Loss: 12.3223, Train MAPE: 10.8456, Train R: 0.8388, Train RRSE: 0.5769, Test Loss: 3191.9816, Test Node Loss: 1219.5526, Test Reg Loss: 19.7243, Test MAPE: 10.7045, Test R: 0.8813, Test RRSE: 0.7292
2025-02-10 15:18:59,966:INFO:Epoch 68: Train Loss: 2550.1458, Train Node Loss: 1289.1244, Train Reg Loss: 12.6102, Train MAPE: 10.3179, Train R: 0.8481, Train RRSE: 0.5836, Test Loss: 3262.8620, Test Node Loss: 1185.4109, Test Reg Loss: 20.7745, Test MAPE: 10.8693, Test R: 0.8812, Test RRSE: 0.7483
2025-02-10 15:19:16,257:INFO:Epoch 69: Train Loss: 2384.9037, Train Node Loss: 1302.2234, Train Reg Loss: 10.8268, Train MAPE: 10.5563, Train R: 0.8640, Train RRSE: 0.5408, Test Loss: 2652.8054, Test Node Loss: 1231.0037, Test Reg Loss: 14.2180, Test MAPE: 10.5668, Test R: 0.8814, Test RRSE: 0.6191
2025-02-10 15:19:32,454:INFO:Epoch 70: Train Loss: 2381.9121, Train Node Loss: 1289.9922, Train Reg Loss: 10.9192, Train MAPE: 10.6337, Train R: 0.8589, Train RRSE: 0.5431, Test Loss: 2976.0910, Test Node Loss: 1161.3312, Test Reg Loss: 18.1476, Test MAPE: 10.7661, Test R: 0.8813, Test RRSE: 0.6994
2025-02-10 15:19:48,557:INFO:Epoch 71: Train Loss: 2308.6627, Train Node Loss: 1253.8254, Train Reg Loss: 10.5484, Train MAPE: 10.5857, Train R: 0.8662, Train RRSE: 0.5338, Test Loss: 2624.4191, Test Node Loss: 1178.5624, Test Reg Loss: 14.4586, Test MAPE: 10.5195, Test R: 0.8815, Test RRSE: 0.6243
2025-02-10 15:20:04,573:INFO:Epoch 72: Train Loss: 2274.8951, Train Node Loss: 1231.0473, Train Reg Loss: 10.4385, Train MAPE: 10.5991, Train R: 0.8684, Train RRSE: 0.5310, Test Loss: 3024.2115, Test Node Loss: 1105.0974, Test Reg Loss: 19.1911, Test MAPE: 10.8367, Test R: 0.8810, Test RRSE: 0.7192
2025-02-10 15:20:20,574:INFO:Epoch 73: Train Loss: 2290.6311, Train Node Loss: 1209.1247, Train Reg Loss: 10.8151, Train MAPE: 10.6475, Train R: 0.8612, Train RRSE: 0.5405, Test Loss: 2474.8904, Test Node Loss: 1146.6108, Test Reg Loss: 13.2828, Test MAPE: 10.6009, Test R: 0.8817, Test RRSE: 0.5984
2025-02-10 15:20:36,679:INFO:Epoch 74: Train Loss: 2232.3698, Train Node Loss: 1178.3637, Train Reg Loss: 10.5401, Train MAPE: 10.6736, Train R: 0.8632, Train RRSE: 0.5336, Test Loss: 2430.7623, Test Node Loss: 1126.5027, Test Reg Loss: 13.0426, Test MAPE: 10.5734, Test R: 0.8827, Test RRSE: 0.5929
2025-02-10 15:20:52,952:INFO:Epoch 75: Train Loss: 2219.1909, Train Node Loss: 1188.9829, Train Reg Loss: 10.3021, Train MAPE: 10.9335, Train R: 0.8646, Train RRSE: 0.5275, Test Loss: 2737.5640, Test Node Loss: 1062.9332, Test Reg Loss: 16.7463, Test MAPE: 10.8082, Test R: 0.8827, Test RRSE: 0.6719
2025-02-10 15:21:09,236:INFO:Epoch 76: Train Loss: 2272.7376, Train Node Loss: 1102.4210, Train Reg Loss: 11.7032, Train MAPE: 10.5692, Train R: 0.8590, Train RRSE: 0.5623, Test Loss: 2273.0857, Test Node Loss: 1106.0840, Test Reg Loss: 11.6700, Test MAPE: 10.6812, Test R: 0.8832, Test RRSE: 0.5609
2025-02-10 15:21:25,245:INFO:Epoch 77: Train Loss: 2158.4361, Train Node Loss: 1146.7110, Train Reg Loss: 10.1173, Train MAPE: 10.9488, Train R: 0.8678, Train RRSE: 0.5228, Test Loss: 2559.2180, Test Node Loss: 1037.9581, Test Reg Loss: 15.2126, Test MAPE: 10.7186, Test R: 0.8836, Test RRSE: 0.6404
2025-02-10 15:21:41,583:INFO:Epoch 78: Train Loss: 2146.6377, Train Node Loss: 1097.4738, Train Reg Loss: 10.4916, Train MAPE: 10.6960, Train R: 0.8626, Train RRSE: 0.5324, Test Loss: 2178.6457, Test Node Loss: 1075.8261, Test Reg Loss: 11.0282, Test MAPE: 10.7581, Test R: 0.8846, Test RRSE: 0.5452
2025-02-10 15:21:57,839:INFO:Epoch 79: Train Loss: 2053.2070, Train Node Loss: 1090.0748, Train Reg Loss: 9.6313, Train MAPE: 10.8276, Train R: 0.8741, Train RRSE: 0.5101, Test Loss: 2577.7825, Test Node Loss: 994.9792, Test Reg Loss: 15.8280, Test MAPE: 10.9193, Test R: 0.8846, Test RRSE: 0.6532
2025-02-10 15:22:13,857:INFO:Epoch 80: Train Loss: 2056.2231, Train Node Loss: 1049.9019, Train Reg Loss: 10.0632, Train MAPE: 10.7210, Train R: 0.8712, Train RRSE: 0.5214, Test Loss: 2088.4591, Test Node Loss: 1048.4987, Test Reg Loss: 10.3996, Test MAPE: 10.7908, Test R: 0.8859, Test RRSE: 0.5295
2025-02-10 15:22:29,970:INFO:Epoch 81: Train Loss: 1982.0156, Train Node Loss: 1058.1436, Train Reg Loss: 9.2387, Train MAPE: 10.8936, Train R: 0.8827, Train RRSE: 0.4996, Test Loss: 2345.2719, Test Node Loss: 977.1977, Test Reg Loss: 13.6807, Test MAPE: 10.8188, Test R: 0.8865, Test RRSE: 0.6073
2025-02-10 15:22:46,002:INFO:Epoch 82: Train Loss: 2033.5494, Train Node Loss: 1011.5892, Train Reg Loss: 10.2196, Train MAPE: 10.6554, Train R: 0.8702, Train RRSE: 0.5254, Test Loss: 2059.5430, Test Node Loss: 1002.4579, Test Reg Loss: 10.5709, Test MAPE: 10.7850, Test R: 0.8874, Test RRSE: 0.5338
2025-02-10 15:23:02,170:INFO:Epoch 83: Train Loss: 1984.9847, Train Node Loss: 1031.5632, Train Reg Loss: 9.5342, Train MAPE: 10.9388, Train R: 0.8794, Train RRSE: 0.5075, Test Loss: 2840.0033, Test Node Loss: 896.2209, Test Reg Loss: 19.4378, Test MAPE: 11.1040, Test R: 0.8863, Test RRSE: 0.7238
2025-02-10 15:23:18,694:INFO:Epoch 84: Train Loss: 2004.9921, Train Node Loss: 959.7663, Train Reg Loss: 10.4523, Train MAPE: 10.6361, Train R: 0.8755, Train RRSE: 0.5314, Test Loss: 1964.1323, Test Node Loss: 989.7534, Test Reg Loss: 9.7438, Test MAPE: 10.8097, Test R: 0.8876, Test RRSE: 0.5125
2025-02-10 15:23:34,923:INFO:Epoch 85: Train Loss: 2019.5360, Train Node Loss: 1022.1902, Train Reg Loss: 9.9735, Train MAPE: 11.1141, Train R: 0.8778, Train RRSE: 0.5190, Test Loss: 2974.4419, Test Node Loss: 857.1749, Test Reg Loss: 21.1727, Test MAPE: 11.2719, Test R: 0.8865, Test RRSE: 0.7555
2025-02-10 15:23:51,214:INFO:Epoch 86: Train Loss: 1986.7135, Train Node Loss: 918.7103, Train Reg Loss: 10.6800, Train MAPE: 10.6419, Train R: 0.8792, Train RRSE: 0.5371, Test Loss: 1969.5328, Test Node Loss: 942.8291, Test Reg Loss: 10.2670, Test MAPE: 10.8176, Test R: 0.8877, Test RRSE: 0.5261
2025-02-10 15:24:07,698:INFO:Epoch 87: Train Loss: 1919.7834, Train Node Loss: 968.2576, Train Reg Loss: 9.5153, Train MAPE: 10.9833, Train R: 0.8769, Train RRSE: 0.5070, Test Loss: 2037.9276, Test Node Loss: 910.7535, Test Reg Loss: 11.2717, Test MAPE: 10.8393, Test R: 0.8890, Test RRSE: 0.5512
2025-02-10 15:24:23,951:INFO:Epoch 88: Train Loss: 1865.3413, Train Node Loss: 922.6169, Train Reg Loss: 9.4272, Train MAPE: 10.7917, Train R: 0.8797, Train RRSE: 0.5046, Test Loss: 2147.4459, Test Node Loss: 881.7860, Test Reg Loss: 12.6566, Test MAPE: 10.7837, Test R: 0.8897, Test RRSE: 0.5841
2025-02-10 15:24:40,234:INFO:Epoch 89: Train Loss: 1812.5448, Train Node Loss: 929.6770, Train Reg Loss: 8.8287, Train MAPE: 10.9329, Train R: 0.8859, Train RRSE: 0.4884, Test Loss: 2055.7938, Test Node Loss: 874.9254, Test Reg Loss: 11.8087, Test MAPE: 10.9439, Test R: 0.8908, Test RRSE: 0.5642
2025-02-10 15:24:56,632:INFO:Epoch 90: Train Loss: 1918.3413, Train Node Loss: 899.8242, Train Reg Loss: 10.1852, Train MAPE: 10.8795, Train R: 0.8632, Train RRSE: 0.5245, Test Loss: 1931.7564, Test Node Loss: 873.4195, Test Reg Loss: 10.5834, Test MAPE: 10.8982, Test R: 0.8915, Test RRSE: 0.5341
2025-02-10 15:25:12,792:INFO:Epoch 91: Train Loss: 1756.1758, Train Node Loss: 881.9118, Train Reg Loss: 8.7426, Train MAPE: 10.7844, Train R: 0.8910, Train RRSE: 0.4860, Test Loss: 2010.5764, Test Node Loss: 840.8114, Test Reg Loss: 11.6976, Test MAPE: 10.8679, Test R: 0.8918, Test RRSE: 0.5615
2025-02-10 15:25:29,039:INFO:Epoch 92: Train Loss: 1783.4827, Train Node Loss: 878.2054, Train Reg Loss: 9.0528, Train MAPE: 10.9040, Train R: 0.8828, Train RRSE: 0.4945, Test Loss: 1859.0828, Test Node Loss: 847.3530, Test Reg Loss: 10.1173, Test MAPE: 10.8886, Test R: 0.8928, Test RRSE: 0.5222
2025-02-10 15:25:45,354:INFO:Epoch 93: Train Loss: 1753.9822, Train Node Loss: 860.8415, Train Reg Loss: 8.9314, Train MAPE: 10.8920, Train R: 0.8846, Train RRSE: 0.4912, Test Loss: 2042.5870, Test Node Loss: 808.0921, Test Reg Loss: 12.3449, Test MAPE: 10.9256, Test R: 0.8931, Test RRSE: 0.5769
2025-02-10 15:26:01,627:INFO:Epoch 94: Train Loss: 1696.2091, Train Node Loss: 829.6559, Train Reg Loss: 8.6655, Train MAPE: 10.7699, Train R: 0.8955, Train RRSE: 0.4838, Test Loss: 1785.4564, Test Node Loss: 832.0407, Test Reg Loss: 9.5342, Test MAPE: 10.9748, Test R: 0.8935, Test RRSE: 0.5069
2025-02-10 15:26:18,169:INFO:Epoch 95: Train Loss: 1754.8789, Train Node Loss: 862.6412, Train Reg Loss: 8.9224, Train MAPE: 11.1844, Train R: 0.8889, Train RRSE: 0.4909, Test Loss: 2147.1541, Test Node Loss: 772.9037, Test Reg Loss: 13.7425, Test MAPE: 11.0728, Test R: 0.8935, Test RRSE: 0.6086
2025-02-10 15:26:34,364:INFO:Epoch 96: Train Loss: 1809.6139, Train Node Loss: 782.7364, Train Reg Loss: 10.2688, Train MAPE: 10.7900, Train R: 0.8826, Train RRSE: 0.5267, Test Loss: 1698.8915, Test Node Loss: 830.9985, Test Reg Loss: 8.6789, Test MAPE: 11.0444, Test R: 0.8943, Test RRSE: 0.4837
2025-02-10 15:26:50,766:INFO:Epoch 97: Train Loss: 1752.7335, Train Node Loss: 834.8937, Train Reg Loss: 9.1784, Train MAPE: 11.1399, Train R: 0.8826, Train RRSE: 0.4979, Test Loss: 1799.6259, Test Node Loss: 787.6683, Test Reg Loss: 10.1196, Test MAPE: 10.9811, Test R: 0.8948, Test RRSE: 0.5223
2025-02-10 15:27:07,060:INFO:Epoch 98: Train Loss: 1678.2131, Train Node Loss: 790.0442, Train Reg Loss: 8.8817, Train MAPE: 10.8481, Train R: 0.8859, Train RRSE: 0.4898, Test Loss: 2005.8779, Test Node Loss: 749.1339, Test Reg Loss: 12.5674, Test MAPE: 11.0404, Test R: 0.8955, Test RRSE: 0.5820
2025-02-10 15:27:23,329:INFO:Epoch 99: Train Loss: 1636.1378, Train Node Loss: 799.7849, Train Reg Loss: 8.3635, Train MAPE: 11.1089, Train R: 0.8917, Train RRSE: 0.4753, Test Loss: 1702.6914, Test Node Loss: 775.9125, Test Reg Loss: 9.2678, Test MAPE: 11.0095, Test R: 0.8968, Test RRSE: 0.4998
2025-02-10 15:27:39,626:INFO:Epoch 100: Train Loss: 1651.1034, Train Node Loss: 766.5000, Train Reg Loss: 8.8460, Train MAPE: 10.9271, Train R: 0.8858, Train RRSE: 0.4888, Test Loss: 2159.0249, Test Node Loss: 709.5275, Test Reg Loss: 14.4950, Test MAPE: 11.1057, Test R: 0.8966, Test RRSE: 0.6251
2025-02-10 15:27:55,931:INFO:Epoch 101: Train Loss: 1661.3217, Train Node Loss: 774.9315, Train Reg Loss: 8.8639, Train MAPE: 11.1194, Train R: 0.8832, Train RRSE: 0.4893, Test Loss: 1650.2794, Test Node Loss: 756.9398, Test Reg Loss: 8.9334, Test MAPE: 11.0418, Test R: 0.8974, Test RRSE: 0.4907
2025-02-10 15:28:12,178:INFO:Epoch 102: Train Loss: 1558.6137, Train Node Loss: 748.4021, Train Reg Loss: 8.1021, Train MAPE: 10.9385, Train R: 0.8964, Train RRSE: 0.4678, Test Loss: 2369.3216, Test Node Loss: 680.7504, Test Reg Loss: 16.8857, Test MAPE: 11.3380, Test R: 0.8965, Test RRSE: 0.6747
2025-02-10 15:28:28,613:INFO:Epoch 103: Train Loss: 1580.9209, Train Node Loss: 737.7090, Train Reg Loss: 8.4321, Train MAPE: 10.8361, Train R: 0.8916, Train RRSE: 0.4773, Test Loss: 1583.2210, Test Node Loss: 760.2748, Test Reg Loss: 8.2295, Test MAPE: 11.1541, Test R: 0.8974, Test RRSE: 0.4710
2025-02-10 15:28:44,977:INFO:Epoch 104: Train Loss: 1586.6525, Train Node Loss: 754.0560, Train Reg Loss: 8.3260, Train MAPE: 11.2270, Train R: 0.8909, Train RRSE: 0.4742, Test Loss: 2120.1142, Test Node Loss: 673.4553, Test Reg Loss: 14.4666, Test MAPE: 11.2464, Test R: 0.8977, Test RRSE: 0.6245
2025-02-10 15:29:01,155:INFO:Epoch 105: Train Loss: 1509.9111, Train Node Loss: 713.2833, Train Reg Loss: 7.9663, Train MAPE: 10.9436, Train R: 0.9003, Train RRSE: 0.4639, Test Loss: 1558.7083, Test Node Loss: 731.6726, Test Reg Loss: 8.2704, Test MAPE: 11.1672, Test R: 0.8986, Test RRSE: 0.4722
2025-02-10 15:29:17,425:INFO:Epoch 106: Train Loss: 1535.7185, Train Node Loss: 722.9226, Train Reg Loss: 8.1280, Train MAPE: 11.1905, Train R: 0.8936, Train RRSE: 0.4686, Test Loss: 2029.5918, Test Node Loss: 655.5486, Test Reg Loss: 13.7404, Test MAPE: 11.1679, Test R: 0.8980, Test RRSE: 0.6086
2025-02-10 15:29:33,712:INFO:Epoch 107: Train Loss: 1508.9339, Train Node Loss: 693.4728, Train Reg Loss: 8.1546, Train MAPE: 10.9060, Train R: 0.8975, Train RRSE: 0.4693, Test Loss: 1527.6394, Test Node Loss: 715.3279, Test Reg Loss: 8.1231, Test MAPE: 11.0964, Test R: 0.8991, Test RRSE: 0.4679
2025-02-10 15:29:49,935:INFO:Epoch 108: Train Loss: 1611.7569, Train Node Loss: 702.9836, Train Reg Loss: 9.0877, Train MAPE: 11.0375, Train R: 0.8790, Train RRSE: 0.4955, Test Loss: 2146.4902, Test Node Loss: 629.7747, Test Reg Loss: 15.1672, Test MAPE: 11.1975, Test R: 0.8987, Test RRSE: 0.6394
2025-02-10 15:30:06,484:INFO:Epoch 109: Train Loss: 1462.7819, Train Node Loss: 681.0942, Train Reg Loss: 7.8169, Train MAPE: 11.0717, Train R: 0.8979, Train RRSE: 0.4595, Test Loss: 1511.2410, Test Node Loss: 710.8126, Test Reg Loss: 8.0043, Test MAPE: 11.2767, Test R: 0.9001, Test RRSE: 0.4645
2025-02-10 15:30:22,770:INFO:Epoch 110: Train Loss: 1529.6305, Train Node Loss: 685.6830, Train Reg Loss: 8.4395, Train MAPE: 11.1390, Train R: 0.8857, Train RRSE: 0.4775, Test Loss: 2378.9757, Test Node Loss: 605.5153, Test Reg Loss: 17.7346, Test MAPE: 11.4606, Test R: 0.8989, Test RRSE: 0.6914
2025-02-10 15:30:39,024:INFO:Epoch 111: Train Loss: 1454.9715, Train Node Loss: 668.6084, Train Reg Loss: 7.8636, Train MAPE: 11.0572, Train R: 0.8967, Train RRSE: 0.4609, Test Loss: 1595.0533, Test Node Loss: 657.0776, Test Reg Loss: 9.3798, Test MAPE: 11.1331, Test R: 0.9003, Test RRSE: 0.5028
2025-02-10 15:30:55,251:INFO:Epoch 112: Train Loss: 1433.6661, Train Node Loss: 672.3268, Train Reg Loss: 7.6134, Train MAPE: 11.1611, Train R: 0.9011, Train RRSE: 0.4535, Test Loss: 2269.4440, Test Node Loss: 593.4536, Test Reg Loss: 16.7599, Test MAPE: 11.3772, Test R: 0.8998, Test RRSE: 0.6721
2025-02-10 15:31:11,751:INFO:Epoch 113: Train Loss: 1496.0972, Train Node Loss: 641.1701, Train Reg Loss: 8.5493, Train MAPE: 11.0540, Train R: 0.8884, Train RRSE: 0.4806, Test Loss: 1454.7884, Test Node Loss: 672.8866, Test Reg Loss: 7.8190, Test MAPE: 11.3384, Test R: 0.9010, Test RRSE: 0.4591
2025-02-10 15:31:28,003:INFO:Epoch 114: Train Loss: 1440.2141, Train Node Loss: 660.0830, Train Reg Loss: 7.8013, Train MAPE: 11.1233, Train R: 0.9015, Train RRSE: 0.4591, Test Loss: 2627.0191, Test Node Loss: 560.2275, Test Reg Loss: 20.6679, Test MAPE: 11.7720, Test R: 0.9009, Test RRSE: 0.7464
2025-02-10 15:31:44,356:INFO:Epoch 115: Train Loss: 1510.9667, Train Node Loss: 604.0628, Train Reg Loss: 9.0690, Train MAPE: 10.9153, Train R: 0.8963, Train RRSE: 0.4950, Test Loss: 1469.7432, Test Node Loss: 675.9066, Test Reg Loss: 7.9384, Test MAPE: 11.5110, Test R: 0.9028, Test RRSE: 0.4626
2025-02-10 15:32:00,891:INFO:Epoch 116: Train Loss: 1461.1875, Train Node Loss: 660.7137, Train Reg Loss: 8.0047, Train MAPE: 11.3746, Train R: 0.9056, Train RRSE: 0.4650, Test Loss: 2808.3705, Test Node Loss: 542.4359, Test Reg Loss: 22.6593, Test MAPE: 11.8797, Test R: 0.9018, Test RRSE: 0.7815
2025-02-10 15:32:17,419:INFO:Epoch 117: Train Loss: 1630.5052, Train Node Loss: 589.4031, Train Reg Loss: 10.4110, Train MAPE: 11.0487, Train R: 0.8757, Train RRSE: 0.5303, Test Loss: 1524.0076, Test Node Loss: 673.8430, Test Reg Loss: 8.5016, Test MAPE: 11.6892, Test R: 0.9036, Test RRSE: 0.4787
2025-02-10 15:32:33,928:INFO:Epoch 118: Train Loss: 1438.8936, Train Node Loss: 645.3377, Train Reg Loss: 7.9356, Train MAPE: 11.5457, Train R: 0.9032, Train RRSE: 0.4630, Test Loss: 2584.3762, Test Node Loss: 537.1293, Test Reg Loss: 20.4725, Test MAPE: 11.7953, Test R: 0.9030, Test RRSE: 0.7429
2025-02-10 15:32:50,245:INFO:Epoch 119: Train Loss: 1471.9845, Train Node Loss: 585.4973, Train Reg Loss: 8.8649, Train MAPE: 11.0506, Train R: 0.8925, Train RRSE: 0.4894, Test Loss: 1390.5011, Test Node Loss: 617.5476, Test Reg Loss: 7.7295, Test MAPE: 11.2077, Test R: 0.9051, Test RRSE: 0.4565
2025-02-10 15:33:06,691:INFO:Epoch 120: Train Loss: 1404.8465, Train Node Loss: 603.3748, Train Reg Loss: 8.0147, Train MAPE: 11.2022, Train R: 0.8934, Train RRSE: 0.4653, Test Loss: 1548.9522, Test Node Loss: 580.7291, Test Reg Loss: 9.6822, Test MAPE: 11.2543, Test R: 0.9054, Test RRSE: 0.5109
2025-02-10 15:33:23,066:INFO:Epoch 121: Train Loss: 1389.7094, Train Node Loss: 610.6513, Train Reg Loss: 7.7906, Train MAPE: 11.3328, Train R: 0.8995, Train RRSE: 0.4587, Test Loss: 1647.1078, Test Node Loss: 561.0379, Test Reg Loss: 10.8607, Test MAPE: 11.2303, Test R: 0.9056, Test RRSE: 0.5411
2025-02-10 15:33:39,275:INFO:Epoch 122: Train Loss: 1301.0547, Train Node Loss: 567.7807, Train Reg Loss: 7.3327, Train MAPE: 10.9631, Train R: 0.9151, Train RRSE: 0.4451, Test Loss: 1426.2260, Test Node Loss: 573.2038, Test Reg Loss: 8.5302, Test MAPE: 11.2142, Test R: 0.9060, Test RRSE: 0.4795
2025-02-10 15:33:55,530:INFO:Epoch 123: Train Loss: 1321.7659, Train Node Loss: 586.1462, Train Reg Loss: 7.3562, Train MAPE: 11.2144, Train R: 0.9046, Train RRSE: 0.4458, Test Loss: 1753.1361, Test Node Loss: 545.2048, Test Reg Loss: 12.0793, Test MAPE: 11.4171, Test R: 0.9063, Test RRSE: 0.5706
2025-02-10 15:34:11,828:INFO:Epoch 124: Train Loss: 1341.8617, Train Node Loss: 576.0874, Train Reg Loss: 7.6577, Train MAPE: 11.0305, Train R: 0.9016, Train RRSE: 0.4548, Test Loss: 1833.9484, Test Node Loss: 534.6245, Test Reg Loss: 12.9932, Test MAPE: 11.3729, Test R: 0.9063, Test RRSE: 0.5918
2025-02-10 15:34:28,046:INFO:Epoch 125: Train Loss: 1326.4418, Train Node Loss: 567.5632, Train Reg Loss: 7.5888, Train MAPE: 11.1828, Train R: 0.8993, Train RRSE: 0.4528, Test Loss: 1630.6749, Test Node Loss: 535.6968, Test Reg Loss: 10.9498, Test MAPE: 11.2320, Test R: 0.9072, Test RRSE: 0.5433
2025-02-10 15:34:44,444:INFO:Epoch 126: Train Loss: 1288.1904, Train Node Loss: 561.0366, Train Reg Loss: 7.2715, Train MAPE: 11.1808, Train R: 0.9056, Train RRSE: 0.4432, Test Loss: 1324.7874, Test Node Loss: 557.2891, Test Reg Loss: 7.6750, Test MAPE: 11.3018, Test R: 0.9079, Test RRSE: 0.4548
2025-02-10 15:35:00,483:INFO:Epoch 127: Train Loss: 1247.8087, Train Node Loss: 552.0141, Train Reg Loss: 6.9579, Train MAPE: 11.1759, Train R: 0.9110, Train RRSE: 0.4335, Test Loss: 2140.5508, Test Node Loss: 494.8756, Test Reg Loss: 16.4568, Test MAPE: 11.5463, Test R: 0.9071, Test RRSE: 0.6660
2025-02-10 15:35:16,750:INFO:Epoch 128: Train Loss: 1319.5997, Train Node Loss: 546.7391, Train Reg Loss: 7.7286, Train MAPE: 11.1918, Train R: 0.8974, Train RRSE: 0.4569, Test Loss: 1453.5649, Test Node Loss: 529.7027, Test Reg Loss: 9.2386, Test MAPE: 11.2662, Test R: 0.9077, Test RRSE: 0.4990
2025-02-10 15:35:32,996:INFO:Epoch 129: Train Loss: 1349.8921, Train Node Loss: 524.1740, Train Reg Loss: 8.2572, Train MAPE: 11.0692, Train R: 0.8969, Train RRSE: 0.4723, Test Loss: 1273.5006, Test Node Loss: 546.1552, Test Reg Loss: 7.2735, Test MAPE: 11.2513, Test R: 0.9081, Test RRSE: 0.4428
2025-02-10 15:35:48,982:INFO:Epoch 130: Train Loss: 1322.0650, Train Node Loss: 556.1784, Train Reg Loss: 7.6589, Train MAPE: 11.5603, Train R: 0.9049, Train RRSE: 0.4549, Test Loss: 1991.3627, Test Node Loss: 486.6685, Test Reg Loss: 15.0469, Test MAPE: 11.6111, Test R: 0.9080, Test RRSE: 0.6369
2025-02-10 15:36:05,166:INFO:Epoch 131: Train Loss: 1316.6353, Train Node Loss: 505.9703, Train Reg Loss: 8.1067, Train MAPE: 11.0420, Train R: 0.9064, Train RRSE: 0.4680, Test Loss: 1360.8512, Test Node Loss: 527.9564, Test Reg Loss: 8.3289, Test MAPE: 11.4398, Test R: 0.9082, Test RRSE: 0.4738
2025-02-10 15:36:21,115:INFO:Epoch 132: Train Loss: 1486.7800, Train Node Loss: 558.6943, Train Reg Loss: 9.2809, Train MAPE: 11.7710, Train R: 0.8880, Train RRSE: 0.5007, Test Loss: 2924.0404, Test Node Loss: 445.2588, Test Reg Loss: 24.7878, Test MAPE: 12.2359, Test R: 0.9069, Test RRSE: 0.8174
2025-02-10 15:36:37,436:INFO:Epoch 133: Train Loss: 1442.9895, Train Node Loss: 505.8453, Train Reg Loss: 9.3714, Train MAPE: 11.2724, Train R: 0.8749, Train RRSE: 0.5031, Test Loss: 1254.3567, Test Node Loss: 545.3787, Test Reg Loss: 7.0898, Test MAPE: 11.4924, Test R: 0.9090, Test RRSE: 0.4372
2025-02-10 15:36:53,419:INFO:Epoch 134: Train Loss: 1276.2565, Train Node Loss: 517.1353, Train Reg Loss: 7.5912, Train MAPE: 11.1806, Train R: 0.8975, Train RRSE: 0.4528, Test Loss: 1802.5689, Test Node Loss: 467.4938, Test Reg Loss: 13.3508, Test MAPE: 11.3534, Test R: 0.9090, Test RRSE: 0.5999
2025-02-10 15:37:09,360:INFO:Epoch 135: Train Loss: 1445.2659, Train Node Loss: 514.0646, Train Reg Loss: 9.3120, Train MAPE: 11.5417, Train R: 0.8681, Train RRSE: 0.5015, Test Loss: 1321.2166, Test Node Loss: 501.3821, Test Reg Loss: 8.1983, Test MAPE: 11.3598, Test R: 0.9108, Test RRSE: 0.4701
2025-02-10 15:37:25,429:INFO:Epoch 136: Train Loss: 1202.8241, Train Node Loss: 489.1426, Train Reg Loss: 7.1368, Train MAPE: 11.0882, Train R: 0.9150, Train RRSE: 0.4391, Test Loss: 2001.7018, Test Node Loss: 461.5020, Test Reg Loss: 15.4020, Test MAPE: 11.6583, Test R: 0.9103, Test RRSE: 0.6443
2025-02-10 15:37:41,705:INFO:Epoch 137: Train Loss: 1183.3324, Train Node Loss: 513.1345, Train Reg Loss: 6.7020, Train MAPE: 11.3368, Train R: 0.9144, Train RRSE: 0.4255, Test Loss: 1603.9934, Test Node Loss: 474.8928, Test Reg Loss: 11.2910, Test MAPE: 11.3763, Test R: 0.9111, Test RRSE: 0.5517
2025-02-10 15:37:41,729:INFO:Checkpoint saved at best_0.0008_0.001_256_SAGE_2_64_0.9111_epoch_137.pth
2025-02-10 15:37:57,718:INFO:Epoch 138: Train Loss: 1176.6842, Train Node Loss: 490.9296, Train Reg Loss: 6.8575, Train MAPE: 11.1124, Train R: 0.9138, Train RRSE: 0.4304, Test Loss: 1611.1332, Test Node Loss: 463.5799, Test Reg Loss: 11.4755, Test MAPE: 11.4935, Test R: 0.9111, Test RRSE: 0.5562
2025-02-10 15:37:57,737:INFO:Checkpoint saved at best_0.0008_0.001_256_SAGE_2_64_0.9111_epoch_138.pth
2025-02-10 15:38:13,719:INFO:Epoch 139: Train Loss: 1158.3145, Train Node Loss: 485.1258, Train Reg Loss: 6.7319, Train MAPE: 11.1987, Train R: 0.9135, Train RRSE: 0.4264, Test Loss: 1208.8272, Test Node Loss: 511.4880, Test Reg Loss: 6.9734, Test MAPE: 11.5158, Test R: 0.9121, Test RRSE: 0.4336
2025-02-10 15:38:13,766:INFO:Checkpoint saved at best_0.0008_0.001_256_SAGE_2_64_0.9121_epoch_139.pth
2025-02-10 15:38:30,028:INFO:Epoch 140: Train Loss: 1166.8932, Train Node Loss: 492.0896, Train Reg Loss: 6.7480, Train MAPE: 11.3332, Train R: 0.9142, Train RRSE: 0.4269, Test Loss: 1369.5435, Test Node Loss: 456.7193, Test Reg Loss: 9.1282, Test MAPE: 11.2850, Test R: 0.9119, Test RRSE: 0.4960
2025-02-10 15:38:46,027:INFO:Epoch 141: Train Loss: 1149.1376, Train Node Loss: 463.7612, Train Reg Loss: 6.8538, Train MAPE: 11.1543, Train R: 0.9143, Train RRSE: 0.4303, Test Loss: 1173.7142, Test Node Loss: 482.3121, Test Reg Loss: 6.9140, Test MAPE: 11.4393, Test R: 0.9126, Test RRSE: 0.4317
2025-02-10 15:38:46,049:INFO:Checkpoint saved at best_0.0008_0.001_256_SAGE_2_64_0.9126_epoch_141.pth
2025-02-10 15:39:02,317:INFO:Epoch 142: Train Loss: 1113.8612, Train Node Loss: 479.4052, Train Reg Loss: 6.3446, Train MAPE: 11.2981, Train R: 0.9205, Train RRSE: 0.4140, Test Loss: 1713.7155, Test Node Loss: 435.1865, Test Reg Loss: 12.7853, Test MAPE: 11.5862, Test R: 0.9126, Test RRSE: 0.5871
2025-02-10 15:39:18,331:INFO:Epoch 143: Train Loss: 1149.5470, Train Node Loss: 459.2511, Train Reg Loss: 6.9030, Train MAPE: 11.1868, Train R: 0.9124, Train RRSE: 0.4318, Test Loss: 1269.3726, Test Node Loss: 458.7532, Test Reg Loss: 8.1062, Test MAPE: 11.4629, Test R: 0.9125, Test RRSE: 0.4674
2025-02-10 15:39:34,430:INFO:Epoch 144: Train Loss: 1072.0474, Train Node Loss: 470.6732, Train Reg Loss: 6.0137, Train MAPE: 11.4052, Train R: 0.9228, Train RRSE: 0.4030, Test Loss: 1239.1373, Test Node Loss: 453.6413, Test Reg Loss: 7.8550, Test MAPE: 11.3846, Test R: 0.9119, Test RRSE: 0.4601
2025-02-10 15:39:50,661:INFO:Epoch 145: Train Loss: 1065.6112, Train Node Loss: 456.3643, Train Reg Loss: 6.0925, Train MAPE: 11.3147, Train R: 0.9211, Train RRSE: 0.4057, Test Loss: 1342.5149, Test Node Loss: 441.6302, Test Reg Loss: 9.0088, Test MAPE: 11.3224, Test R: 0.9125, Test RRSE: 0.4928
2025-02-10 15:40:06,680:INFO:Epoch 146: Train Loss: 1046.6108, Train Node Loss: 456.1130, Train Reg Loss: 5.9050, Train MAPE: 11.2958, Train R: 0.9253, Train RRSE: 0.3994, Test Loss: 1526.8674, Test Node Loss: 426.9317, Test Reg Loss: 10.9994, Test MAPE: 11.4833, Test R: 0.9134, Test RRSE: 0.5445
2025-02-10 15:40:06,700:INFO:Checkpoint saved at best_0.0008_0.001_256_SAGE_2_64_0.9134_epoch_146.pth
2025-02-10 15:40:23,009:INFO:Epoch 147: Train Loss: 1144.1859, Train Node Loss: 458.2820, Train Reg Loss: 6.8590, Train MAPE: 11.4509, Train R: 0.9080, Train RRSE: 0.4304, Test Loss: 1720.3319, Test Node Loss: 410.7919, Test Reg Loss: 13.0954, Test MAPE: 11.7721, Test R: 0.9134, Test RRSE: 0.5941
2025-02-10 15:40:23,048:INFO:Checkpoint saved at best_0.0008_0.001_256_SAGE_2_64_0.9134_epoch_147.pth
2025-02-10 15:40:39,120:INFO:Epoch 148: Train Loss: 1098.8659, Train Node Loss: 430.2589, Train Reg Loss: 6.6861, Train MAPE: 11.2405, Train R: 0.9173, Train RRSE: 0.4250, Test Loss: 1163.7919, Test Node Loss: 437.3882, Test Reg Loss: 7.2640, Test MAPE: 11.4917, Test R: 0.9134, Test RRSE: 0.4425
2025-02-10 15:40:39,192:INFO:Checkpoint saved at best_0.0008_0.001_256_SAGE_2_64_0.9134_epoch_148.pth
2025-02-10 15:40:55,231:INFO:Epoch 149: Train Loss: 1069.1603, Train Node Loss: 445.0905, Train Reg Loss: 6.2407, Train MAPE: 11.4275, Train R: 0.9176, Train RRSE: 0.4106, Test Loss: 1759.6641, Test Node Loss: 403.7994, Test Reg Loss: 13.5586, Test MAPE: 11.8413, Test R: 0.9138, Test RRSE: 0.6045
2025-02-10 15:40:55,252:INFO:Checkpoint saved at best_0.0008_0.001_256_SAGE_2_64_0.9138_epoch_149.pth
2025-02-10 15:41:11,370:INFO:Epoch 150: Train Loss: 1045.8850, Train Node Loss: 432.7981, Train Reg Loss: 6.1309, Train MAPE: 11.3549, Train R: 0.9201, Train RRSE: 0.4070, Test Loss: 1172.9730, Test Node Loss: 432.1392, Test Reg Loss: 7.4083, Test MAPE: 11.6255, Test R: 0.9147, Test RRSE: 0.4469
2025-02-10 15:41:11,393:INFO:Checkpoint saved at best_0.0008_0.001_256_SAGE_2_64_0.9147_epoch_150.pth
2025-02-10 15:41:27,816:INFO:Epoch 151: Train Loss: 1081.3817, Train Node Loss: 431.2645, Train Reg Loss: 6.5012, Train MAPE: 11.4840, Train R: 0.9116, Train RRSE: 0.4191, Test Loss: 1126.1694, Test Node Loss: 425.7096, Test Reg Loss: 7.0046, Test MAPE: 11.5328, Test R: 0.9141, Test RRSE: 0.4345
2025-02-10 15:41:44,070:INFO:Epoch 152: Train Loss: 1085.0923, Train Node Loss: 424.0795, Train Reg Loss: 6.6101, Train MAPE: 11.4118, Train R: 0.9109, Train RRSE: 0.4226, Test Loss: 1339.0959, Test Node Loss: 405.7988, Test Reg Loss: 9.3330, Test MAPE: 11.6729, Test R: 0.9146, Test RRSE: 0.5016
2025-02-10 15:42:00,583:INFO:Epoch 153: Train Loss: 1146.6698, Train Node Loss: 433.9453, Train Reg Loss: 7.1272, Train MAPE: 11.6309, Train R: 0.9042, Train RRSE: 0.4388, Test Loss: 1509.6139, Test Node Loss: 396.5949, Test Reg Loss: 11.1302, Test MAPE: 11.7160, Test R: 0.9156, Test RRSE: 0.5477
2025-02-10 15:42:00,617:INFO:Checkpoint saved at best_0.0008_0.001_256_SAGE_2_64_0.9156_epoch_153.pth
2025-02-10 15:42:16,861:INFO:Epoch 154: Train Loss: 1136.5730, Train Node Loss: 397.3285, Train Reg Loss: 7.3924, Train MAPE: 11.1763, Train R: 0.9164, Train RRSE: 0.4469, Test Loss: 1094.8700, Test Node Loss: 421.1595, Test Reg Loss: 6.7371, Test MAPE: 11.6691, Test R: 0.9161, Test RRSE: 0.4261
2025-02-10 15:42:16,881:INFO:Checkpoint saved at best_0.0008_0.001_256_SAGE_2_64_0.9161_epoch_154.pth
2025-02-10 15:42:33,381:INFO:Epoch 155: Train Loss: 1035.0001, Train Node Loss: 426.8393, Train Reg Loss: 6.0816, Train MAPE: 11.5731, Train R: 0.9232, Train RRSE: 0.4053, Test Loss: 1092.4604, Test Node Loss: 411.9981, Test Reg Loss: 6.8046, Test MAPE: 11.5830, Test R: 0.9161, Test RRSE: 0.4283
2025-02-10 15:42:49,564:INFO:Epoch 156: Train Loss: 1028.2635, Train Node Loss: 398.9857, Train Reg Loss: 6.2928, Train MAPE: 11.1771, Train R: 0.9220, Train RRSE: 0.4123, Test Loss: 1056.8475, Test Node Loss: 413.7278, Test Reg Loss: 6.4312, Test MAPE: 11.6228, Test R: 0.9165, Test RRSE: 0.4164
2025-02-10 15:42:49,602:INFO:Checkpoint saved at best_0.0008_0.001_256_SAGE_2_64_0.9165_epoch_156.pth
2025-02-10 15:43:05,783:INFO:Epoch 157: Train Loss: 1100.1775, Train Node Loss: 423.3597, Train Reg Loss: 6.7682, Train MAPE: 11.6492, Train R: 0.9167, Train RRSE: 0.4276, Test Loss: 1829.3545, Test Node Loss: 366.9284, Test Reg Loss: 14.6243, Test MAPE: 11.9541, Test R: 0.9172, Test RRSE: 0.6279
2025-02-10 15:43:05,802:INFO:Checkpoint saved at best_0.0008_0.001_256_SAGE_2_64_0.9172_epoch_157.pth
2025-02-10 15:43:22,243:INFO:Epoch 158: Train Loss: 1062.4510, Train Node Loss: 386.8295, Train Reg Loss: 6.7562, Train MAPE: 11.1089, Train R: 0.9221, Train RRSE: 0.4272, Test Loss: 1054.9535, Test Node Loss: 407.0915, Test Reg Loss: 6.4786, Test MAPE: 11.7077, Test R: 0.9175, Test RRSE: 0.4179
2025-02-10 15:43:22,292:INFO:Checkpoint saved at best_0.0008_0.001_256_SAGE_2_64_0.9175_epoch_158.pth
2025-02-10 15:43:38,791:INFO:Epoch 159: Train Loss: 1023.9429, Train Node Loss: 414.4740, Train Reg Loss: 6.0947, Train MAPE: 11.6558, Train R: 0.9248, Train RRSE: 0.4058, Test Loss: 1832.4125, Test Node Loss: 356.2555, Test Reg Loss: 14.7616, Test MAPE: 11.8735, Test R: 0.9178, Test RRSE: 0.6308
2025-02-10 15:43:38,809:INFO:Checkpoint saved at best_0.0008_0.001_256_SAGE_2_64_0.9178_epoch_159.pth
2025-02-10 15:43:55,083:INFO:Epoch 160: Train Loss: 1046.3619, Train Node Loss: 378.5022, Train Reg Loss: 6.6786, Train MAPE: 11.2952, Train R: 0.9178, Train RRSE: 0.4247, Test Loss: 1032.7878, Test Node Loss: 410.7533, Test Reg Loss: 6.2203, Test MAPE: 11.7438, Test R: 0.9183, Test RRSE: 0.4095
2025-02-10 15:43:55,136:INFO:Checkpoint saved at best_0.0008_0.001_256_SAGE_2_64_0.9183_epoch_160.pth
2025-02-10 15:44:11,606:INFO:Epoch 161: Train Loss: 987.5548, Train Node Loss: 397.0646, Train Reg Loss: 5.9049, Train MAPE: 11.5213, Train R: 0.9231, Train RRSE: 0.3994, Test Loss: 1705.3011, Test Node Loss: 355.4882, Test Reg Loss: 13.4981, Test MAPE: 11.9187, Test R: 0.9189, Test RRSE: 0.6032
2025-02-10 15:44:11,666:INFO:Checkpoint saved at best_0.0008_0.001_256_SAGE_2_64_0.9189_epoch_161.pth
2025-02-10 15:44:27,907:INFO:Epoch 162: Train Loss: 968.3457, Train Node Loss: 377.2292, Train Reg Loss: 5.9112, Train MAPE: 11.3478, Train R: 0.9266, Train RRSE: 0.3996, Test Loss: 1004.9621, Test Node Loss: 406.5274, Test Reg Loss: 5.9843, Test MAPE: 11.8195, Test R: 0.9192, Test RRSE: 0.4016
2025-02-10 15:44:27,932:INFO:Checkpoint saved at best_0.0008_0.001_256_SAGE_2_64_0.9192_epoch_162.pth
2025-02-10 15:44:44,111:INFO:Epoch 163: Train Loss: 1088.9861, Train Node Loss: 397.3830, Train Reg Loss: 6.9160, Train MAPE: 11.7976, Train R: 0.9080, Train RRSE: 0.4322, Test Loss: 2541.2021, Test Node Loss: 326.9469, Test Reg Loss: 22.1426, Test MAPE: 12.4065, Test R: 0.9179, Test RRSE: 0.7726
2025-02-10 15:45:00,617:INFO:Epoch 164: Train Loss: 1053.1327, Train Node Loss: 367.8655, Train Reg Loss: 6.8527, Train MAPE: 11.2314, Train R: 0.9127, Train RRSE: 0.4302, Test Loss: 1068.9569, Test Node Loss: 411.4633, Test Reg Loss: 6.5749, Test MAPE: 11.9905, Test R: 0.9184, Test RRSE: 0.4210
2025-02-10 15:45:16,850:INFO:Epoch 165: Train Loss: 1240.6585, Train Node Loss: 383.9745, Train Reg Loss: 8.5668, Train MAPE: 11.7010, Train R: 0.8800, Train RRSE: 0.4811, Test Loss: 2543.6184, Test Node Loss: 318.5342, Test Reg Loss: 22.2508, Test MAPE: 12.2693, Test R: 0.9178, Test RRSE: 0.7745
2025-02-10 15:45:33,343:INFO:Epoch 166: Train Loss: 1164.7972, Train Node Loss: 375.5451, Train Reg Loss: 7.8925, Train MAPE: 11.5884, Train R: 0.8890, Train RRSE: 0.4617, Test Loss: 1012.1175, Test Node Loss: 379.6429, Test Reg Loss: 6.3247, Test MAPE: 11.6962, Test R: 0.9189, Test RRSE: 0.4129
2025-02-10 15:45:49,827:INFO:Epoch 167: Train Loss: 959.1107, Train Node Loss: 362.8532, Train Reg Loss: 5.9626, Train MAPE: 11.2157, Train R: 0.9237, Train RRSE: 0.4013, Test Loss: 1986.3999, Test Node Loss: 326.2214, Test Reg Loss: 16.6018, Test MAPE: 11.9515, Test R: 0.9181, Test RRSE: 0.6690
2025-02-10 15:46:06,022:INFO:Epoch 168: Train Loss: 1172.5676, Train Node Loss: 373.6255, Train Reg Loss: 7.9894, Train MAPE: 11.6195, Train R: 0.8892, Train RRSE: 0.4646, Test Loss: 1202.5323, Test Node Loss: 353.5296, Test Reg Loss: 8.4900, Test MAPE: 11.6073, Test R: 0.9186, Test RRSE: 0.4784
2025-02-10 15:46:22,463:INFO:Epoch 169: Train Loss: 1036.6441, Train Node Loss: 353.9611, Train Reg Loss: 6.8268, Train MAPE: 11.2132, Train R: 0.9128, Train RRSE: 0.4294, Test Loss: 1108.1917, Test Node Loss: 355.0891, Test Reg Loss: 7.5310, Test MAPE: 11.6065, Test R: 0.9187, Test RRSE: 0.4506
2025-02-10 15:46:38,708:INFO:Epoch 170: Train Loss: 972.6040, Train Node Loss: 362.6283, Train Reg Loss: 6.0998, Train MAPE: 11.4801, Train R: 0.9192, Train RRSE: 0.4059, Test Loss: 1662.5667, Test Node Loss: 324.0549, Test Reg Loss: 13.3851, Test MAPE: 11.8454, Test R: 0.9189, Test RRSE: 0.6007
2025-02-10 15:46:55,102:INFO:Epoch 171: Train Loss: 992.2041, Train Node Loss: 352.4895, Train Reg Loss: 6.3971, Train MAPE: 11.4217, Train R: 0.9138, Train RRSE: 0.4157, Test Loss: 981.8262, Test Node Loss: 359.5865, Test Reg Loss: 6.2224, Test MAPE: 11.7435, Test R: 0.9196, Test RRSE: 0.4095
2025-02-10 15:46:55,134:INFO:Checkpoint saved at best_0.0008_0.001_256_SAGE_2_64_0.9196_epoch_171.pth
2025-02-10 15:47:11,296:INFO:Epoch 172: Train Loss: 965.1342, Train Node Loss: 343.5434, Train Reg Loss: 6.2159, Train MAPE: 11.4596, Train R: 0.9178, Train RRSE: 0.4098, Test Loss: 1276.7940, Test Node Loss: 332.7958, Test Reg Loss: 9.4400, Test MAPE: 11.7262, Test R: 0.9198, Test RRSE: 0.5044
2025-02-10 15:47:11,326:INFO:Checkpoint saved at best_0.0008_0.001_256_SAGE_2_64_0.9198_epoch_172.pth
2025-02-10 15:47:27,742:INFO:Epoch 173: Train Loss: 980.1833, Train Node Loss: 359.7244, Train Reg Loss: 6.2046, Train MAPE: 11.6451, Train R: 0.9219, Train RRSE: 0.4094, Test Loss: 1506.7794, Test Node Loss: 322.3917, Test Reg Loss: 11.8439, Test MAPE: 11.8377, Test R: 0.9193, Test RRSE: 0.5650
2025-02-10 15:47:44,195:INFO:Epoch 174: Train Loss: 952.3578, Train Node Loss: 334.1614, Train Reg Loss: 6.1820, Train MAPE: 11.3960, Train R: 0.9243, Train RRSE: 0.4086, Test Loss: 988.0357, Test Node Loss: 349.6402, Test Reg Loss: 6.3840, Test MAPE: 11.7287, Test R: 0.9199, Test RRSE: 0.4148
2025-02-10 15:47:44,225:INFO:Checkpoint saved at best_0.0008_0.001_256_SAGE_2_64_0.9199_epoch_174.pth
2025-02-10 15:48:00,727:INFO:Epoch 175: Train Loss: 1042.4225, Train Node Loss: 355.6278, Train Reg Loss: 6.8679, Train MAPE: 11.8367, Train R: 0.9081, Train RRSE: 0.4307, Test Loss: 2307.5396, Test Node Loss: 293.6193, Test Reg Loss: 20.1392, Test MAPE: 12.2441, Test R: 0.9194, Test RRSE: 0.7368
2025-02-10 15:48:17,231:INFO:Epoch 176: Train Loss: 920.9974, Train Node Loss: 329.1971, Train Reg Loss: 5.9180, Train MAPE: 11.3503, Train R: 0.9253, Train RRSE: 0.3998, Test Loss: 935.2899, Test Node Loss: 352.1482, Test Reg Loss: 5.8314, Test MAPE: 11.7641, Test R: 0.9204, Test RRSE: 0.3965
2025-02-10 15:48:17,268:INFO:Checkpoint saved at best_0.0008_0.001_256_SAGE_2_64_0.9204_epoch_176.pth
2025-02-10 15:48:33,857:INFO:Epoch 177: Train Loss: 937.5625, Train Node Loss: 345.6401, Train Reg Loss: 5.9192, Train MAPE: 11.6393, Train R: 0.9228, Train RRSE: 0.3999, Test Loss: 1953.5821, Test Node Loss: 295.7014, Test Reg Loss: 16.5788, Test MAPE: 12.0434, Test R: 0.9204, Test RRSE: 0.6685
2025-02-10 15:48:50,301:INFO:Epoch 178: Train Loss: 888.5755, Train Node Loss: 325.3474, Train Reg Loss: 5.6323, Train MAPE: 11.4832, Train R: 0.9270, Train RRSE: 0.3901, Test Loss: 1012.9239, Test Node Loss: 328.8034, Test Reg Loss: 6.8412, Test MAPE: 11.7884, Test R: 0.9209, Test RRSE: 0.4294
2025-02-10 15:48:50,336:INFO:Checkpoint saved at best_0.0008_0.001_256_SAGE_2_64_0.9209_epoch_178.pth
2025-02-10 15:49:06,856:INFO:Epoch 179: Train Loss: 859.6332, Train Node Loss: 332.4619, Train Reg Loss: 5.2717, Train MAPE: 11.5373, Train R: 0.9316, Train RRSE: 0.3774, Test Loss: 1659.0786, Test Node Loss: 299.2965, Test Reg Loss: 13.5978, Test MAPE: 11.8874, Test R: 0.9207, Test RRSE: 0.6054
2025-02-10 15:49:23,590:INFO:Epoch 180: Train Loss: 913.4711, Train Node Loss: 317.6616, Train Reg Loss: 5.9581, Train MAPE: 11.4314, Train R: 0.9245, Train RRSE: 0.4012, Test Loss: 931.1566, Test Node Loss: 334.7338, Test Reg Loss: 5.9642, Test MAPE: 11.8649, Test R: 0.9213, Test RRSE: 0.4010
2025-02-10 15:49:23,617:INFO:Checkpoint saved at best_0.0008_0.001_256_SAGE_2_64_0.9213_epoch_180.pth
2025-02-10 15:49:40,098:INFO:Epoch 181: Train Loss: 916.2101, Train Node Loss: 331.1523, Train Reg Loss: 5.8506, Train MAPE: 11.6520, Train R: 0.9229, Train RRSE: 0.3975, Test Loss: 2014.1239, Test Node Loss: 284.0405, Test Reg Loss: 17.3008, Test MAPE: 12.1111, Test R: 0.9206, Test RRSE: 0.6829
2025-02-10 15:49:56,804:INFO:Epoch 182: Train Loss: 890.4535, Train Node Loss: 316.1801, Train Reg Loss: 5.7427, Train MAPE: 11.4329, Train R: 0.9232, Train RRSE: 0.3939, Test Loss: 914.2473, Test Node Loss: 328.2274, Test Reg Loss: 5.8602, Test MAPE: 11.9262, Test R: 0.9214, Test RRSE: 0.3974
2025-02-10 15:49:56,859:INFO:Checkpoint saved at best_0.0008_0.001_256_SAGE_2_64_0.9214_epoch_182.pth
2025-02-10 15:50:13,135:INFO:Epoch 183: Train Loss: 842.2187, Train Node Loss: 319.1475, Train Reg Loss: 5.2307, Train MAPE: 11.5647, Train R: 0.9300, Train RRSE: 0.3759, Test Loss: 1931.7426, Test Node Loss: 280.0682, Test Reg Loss: 16.5167, Test MAPE: 12.1801, Test R: 0.9204, Test RRSE: 0.6672
2025-02-10 15:50:29,622:INFO:Epoch 184: Train Loss: 910.1363, Train Node Loss: 306.7942, Train Reg Loss: 6.0334, Train MAPE: 11.4696, Train R: 0.9203, Train RRSE: 0.4037, Test Loss: 941.1608, Test Node Loss: 313.7158, Test Reg Loss: 6.2744, Test MAPE: 11.9194, Test R: 0.9217, Test RRSE: 0.4113
2025-02-10 15:50:29,644:INFO:Checkpoint saved at best_0.0008_0.001_256_SAGE_2_64_0.9217_epoch_184.pth
2025-02-10 15:50:46,100:INFO:Epoch 185: Train Loss: 857.5711, Train Node Loss: 316.5602, Train Reg Loss: 5.4101, Train MAPE: 11.7039, Train R: 0.9284, Train RRSE: 0.3823, Test Loss: 1709.1333, Test Node Loss: 276.7160, Test Reg Loss: 14.3242, Test MAPE: 12.0387, Test R: 0.9212, Test RRSE: 0.6214
2025-02-10 15:51:02,543:INFO:Epoch 186: Train Loss: 842.1765, Train Node Loss: 298.2842, Train Reg Loss: 5.4389, Train MAPE: 11.5123, Train R: 0.9296, Train RRSE: 0.3833, Test Loss: 887.5413, Test Node Loss: 318.4150, Test Reg Loss: 5.6913, Test MAPE: 11.9654, Test R: 0.9214, Test RRSE: 0.3917
2025-02-10 15:51:19,252:INFO:Epoch 187: Train Loss: 878.4869, Train Node Loss: 307.2672, Train Reg Loss: 5.7122, Train MAPE: 11.7762, Train R: 0.9224, Train RRSE: 0.3928, Test Loss: 1683.8746, Test Node Loss: 271.4658, Test Reg Loss: 14.1241, Test MAPE: 12.1240, Test R: 0.9210, Test RRSE: 0.6170
2025-02-10 15:51:35,714:INFO:Epoch 188: Train Loss: 940.6056, Train Node Loss: 299.7391, Train Reg Loss: 6.4087, Train MAPE: 11.6570, Train R: 0.9103, Train RRSE: 0.4161, Test Loss: 917.3602, Test Node Loss: 306.0456, Test Reg Loss: 6.1131, Test MAPE: 11.9189, Test R: 0.9221, Test RRSE: 0.4059
2025-02-10 15:51:35,743:INFO:Checkpoint saved at best_0.0008_0.001_256_SAGE_2_64_0.9221_epoch_188.pth
2025-02-10 15:51:52,180:INFO:Epoch 189: Train Loss: 827.5369, Train Node Loss: 298.7651, Train Reg Loss: 5.2877, Train MAPE: 11.4841, Train R: 0.9285, Train RRSE: 0.3779, Test Loss: 1682.8022, Test Node Loss: 267.8152, Test Reg Loss: 14.1499, Test MAPE: 12.1004, Test R: 0.9221, Test RRSE: 0.6176
2025-02-10 15:51:52,209:INFO:Checkpoint saved at best_0.0008_0.001_256_SAGE_2_64_0.9221_epoch_189.pth
2025-02-10 15:52:08,665:INFO:Epoch 190: Train Loss: 942.1424, Train Node Loss: 294.3294, Train Reg Loss: 6.4781, Train MAPE: 11.4920, Train R: 0.9116, Train RRSE: 0.4183, Test Loss: 1021.5303, Test Node Loss: 284.4132, Test Reg Loss: 7.3712, Test MAPE: 11.8782, Test R: 0.9213, Test RRSE: 0.4458
2025-02-10 15:52:25,399:INFO:Epoch 191: Train Loss: 796.4337, Train Node Loss: 286.5726, Train Reg Loss: 5.0986, Train MAPE: 11.4892, Train R: 0.9334, Train RRSE: 0.3711, Test Loss: 1112.0799, Test Node Loss: 280.2886, Test Reg Loss: 8.3179, Test MAPE: 11.8844, Test R: 0.9213, Test RRSE: 0.4735
2025-02-10 15:52:41,810:INFO:Epoch 192: Train Loss: 778.9956, Train Node Loss: 287.0162, Train Reg Loss: 4.9198, Train MAPE: 11.5577, Train R: 0.9350, Train RRSE: 0.3646, Test Loss: 1196.9637, Test Node Loss: 274.1063, Test Reg Loss: 9.2286, Test MAPE: 11.9922, Test R: 0.9219, Test RRSE: 0.4988
2025-02-10 15:52:58,585:INFO:Epoch 193: Train Loss: 915.9707, Train Node Loss: 294.9546, Train Reg Loss: 6.2102, Train MAPE: 11.7790, Train R: 0.9179, Train RRSE: 0.4096, Test Loss: 2431.9861, Test Node Loss: 242.6900, Test Reg Loss: 21.8930, Test MAPE: 12.5276, Test R: 0.9218, Test RRSE: 0.7682
2025-02-10 15:53:15,393:INFO:Epoch 194: Train Loss: 944.2240, Train Node Loss: 266.8036, Train Reg Loss: 6.7742, Train MAPE: 11.4320, Train R: 0.9218, Train RRSE: 0.4278, Test Loss: 856.8850, Test Node Loss: 298.0420, Test Reg Loss: 5.5884, Test MAPE: 12.1583, Test R: 0.9221, Test RRSE: 0.3881
2025-02-10 15:53:31,925:INFO:Epoch 195: Train Loss: 873.3087, Train Node Loss: 287.2787, Train Reg Loss: 5.8603, Train MAPE: 11.8350, Train R: 0.9210, Train RRSE: 0.3979, Test Loss: 2025.7463, Test Node Loss: 245.2552, Test Reg Loss: 17.8049, Test MAPE: 12.2500, Test R: 0.9216, Test RRSE: 0.6928
2025-02-10 15:53:48,584:INFO:Epoch 196: Train Loss: 833.7305, Train Node Loss: 274.9534, Train Reg Loss: 5.5878, Train MAPE: 11.5837, Train R: 0.9246, Train RRSE: 0.3885, Test Loss: 877.5070, Test Node Loss: 287.4945, Test Reg Loss: 5.9001, Test MAPE: 11.9845, Test R: 0.9226, Test RRSE: 0.3988
2025-02-10 15:53:48,621:INFO:Checkpoint saved at best_0.0008_0.001_256_SAGE_2_64_0.9226_epoch_196.pth
2025-02-10 15:54:05,086:INFO:Epoch 197: Train Loss: 758.1754, Train Node Loss: 284.2524, Train Reg Loss: 4.7392, Train MAPE: 11.6295, Train R: 0.9381, Train RRSE: 0.3578, Test Loss: 2262.8352, Test Node Loss: 237.1822, Test Reg Loss: 20.2565, Test MAPE: 12.3493, Test R: 0.9224, Test RRSE: 0.7389
2025-02-10 15:54:21,545:INFO:Epoch 198: Train Loss: 855.4625, Train Node Loss: 261.3716, Train Reg Loss: 5.9409, Train MAPE: 11.5101, Train R: 0.9276, Train RRSE: 0.4006, Test Loss: 897.0060, Test Node Loss: 296.2293, Test Reg Loss: 6.0078, Test MAPE: 12.2744, Test R: 0.9231, Test RRSE: 0.4024
2025-02-10 15:54:21,580:INFO:Checkpoint saved at best_0.0008_0.001_256_SAGE_2_64_0.9231_epoch_198.pth
2025-02-10 15:54:38,328:INFO:Epoch 199: Train Loss: 807.5863, Train Node Loss: 278.9801, Train Reg Loss: 5.2861, Train MAPE: 11.6723, Train R: 0.9332, Train RRSE: 0.3779, Test Loss: 1826.2345, Test Node Loss: 234.5914, Test Reg Loss: 15.9164, Test MAPE: 12.2385, Test R: 0.9222, Test RRSE: 0.6550
2025-02-10 15:54:55,071:INFO:Epoch 200: Train Loss: 872.7621, Train Node Loss: 256.2605, Train Reg Loss: 6.1650, Train MAPE: 11.5053, Train R: 0.9215, Train RRSE: 0.4081, Test Loss: 874.5486, Test Node Loss: 288.3710, Test Reg Loss: 5.8618, Test MAPE: 12.3940, Test R: 0.9229, Test RRSE: 0.3975
2025-02-10 15:55:11,563:INFO:Epoch 201: Train Loss: 800.5330, Train Node Loss: 273.1184, Train Reg Loss: 5.2741, Train MAPE: 11.8063, Train R: 0.9298, Train RRSE: 0.3775, Test Loss: 3476.2418, Test Node Loss: 211.0206, Test Reg Loss: 32.6522, Test MAPE: 13.1628, Test R: 0.9219, Test RRSE: 0.9382
2025-02-10 15:55:27,948:INFO:Epoch 202: Train Loss: 908.3005, Train Node Loss: 256.8213, Train Reg Loss: 6.5148, Train MAPE: 11.5165, Train R: 0.9118, Train RRSE: 0.4195, Test Loss: 832.1649, Test Node Loss: 273.1160, Test Reg Loss: 5.5905, Test MAPE: 12.0519, Test R: 0.9235, Test RRSE: 0.3882
2025-02-10 15:55:27,970:INFO:Checkpoint saved at best_0.0008_0.001_256_SAGE_2_64_0.9235_epoch_202.pth
2025-02-10 15:55:44,526:INFO:Epoch 203: Train Loss: 750.3003, Train Node Loss: 266.0534, Train Reg Loss: 4.8425, Train MAPE: 11.6133, Train R: 0.9370, Train RRSE: 0.3617, Test Loss: 2039.4369, Test Node Loss: 220.5839, Test Reg Loss: 18.1885, Test MAPE: 12.3873, Test R: 0.9222, Test RRSE: 0.7002
2025-02-10 15:56:01,073:INFO:Epoch 204: Train Loss: 855.2726, Train Node Loss: 242.1830, Train Reg Loss: 6.1309, Train MAPE: 11.5350, Train R: 0.9232, Train RRSE: 0.4070, Test Loss: 969.5980, Test Node Loss: 279.7603, Test Reg Loss: 6.8984, Test MAPE: 12.5524, Test R: 0.9228, Test RRSE: 0.4312
2025-02-10 15:56:17,637:INFO:Epoch 205: Train Loss: 855.8649, Train Node Loss: 254.5575, Train Reg Loss: 6.0131, Train MAPE: 11.7671, Train R: 0.9167, Train RRSE: 0.4030, Test Loss: 2057.3756, Test Node Loss: 222.5938, Test Reg Loss: 18.3478, Test MAPE: 12.3195, Test R: 0.9230, Test RRSE: 0.7033
2025-02-10 15:56:34,108:INFO:Epoch 206: Train Loss: 826.1766, Train Node Loss: 251.4331, Train Reg Loss: 5.7474, Train MAPE: 11.3446, Train R: 0.9233, Train RRSE: 0.3940, Test Loss: 1076.5603, Test Node Loss: 247.8919, Test Reg Loss: 8.2867, Test MAPE: 11.8740, Test R: 0.9234, Test RRSE: 0.4726
2025-02-10 15:56:50,824:INFO:Epoch 207: Train Loss: 768.3837, Train Node Loss: 257.1105, Train Reg Loss: 5.1127, Train MAPE: 11.5850, Train R: 0.9336, Train RRSE: 0.3716, Test Loss: 1195.6490, Test Node Loss: 234.4994, Test Reg Loss: 9.6115, Test MAPE: 12.0262, Test R: 0.9232, Test RRSE: 0.5090
2025-02-10 15:57:07,510:INFO:Epoch 208: Train Loss: 790.3076, Train Node Loss: 237.1777, Train Reg Loss: 5.5313, Train MAPE: 11.4736, Train R: 0.9306, Train RRSE: 0.3865, Test Loss: 803.8941, Test Node Loss: 255.8836, Test Reg Loss: 5.4801, Test MAPE: 12.2166, Test R: 0.9236, Test RRSE: 0.3843
2025-02-10 15:57:07,558:INFO:Checkpoint saved at best_0.0008_0.001_256_SAGE_2_64_0.9236_epoch_208.pth
2025-02-10 15:57:24,300:INFO:Epoch 209: Train Loss: 797.0447, Train Node Loss: 242.8496, Train Reg Loss: 5.5420, Train MAPE: 11.7058, Train R: 0.9239, Train RRSE: 0.3869, Test Loss: 1178.5689, Test Node Loss: 231.2397, Test Reg Loss: 9.4733, Test MAPE: 12.0765, Test R: 0.9235, Test RRSE: 0.5053
2025-02-10 15:57:41,060:INFO:Epoch 210: Train Loss: 742.9572, Train Node Loss: 247.3255, Train Reg Loss: 4.9563, Train MAPE: 11.8406, Train R: 0.9338, Train RRSE: 0.3659, Test Loss: 2064.9875, Test Node Loss: 213.2049, Test Reg Loss: 18.5178, Test MAPE: 12.3931, Test R: 0.9231, Test RRSE: 0.7065
2025-02-10 15:57:57,629:INFO:Epoch 211: Train Loss: 715.6484, Train Node Loss: 236.4929, Train Reg Loss: 4.7916, Train MAPE: 11.5739, Train R: 0.9375, Train RRSE: 0.3598, Test Loss: 1426.6712, Test Node Loss: 226.9451, Test Reg Loss: 11.9973, Test MAPE: 12.0779, Test R: 0.9234, Test RRSE: 0.5687
2025-02-10 15:58:14,296:INFO:Epoch 212: Train Loss: 694.7705, Train Node Loss: 240.7009, Train Reg Loss: 4.5407, Train MAPE: 11.7655, Train R: 0.9389, Train RRSE: 0.3502, Test Loss: 1646.5153, Test Node Loss: 215.1559, Test Reg Loss: 14.3136, Test MAPE: 12.1970, Test R: 0.9230, Test RRSE: 0.6212
2025-02-10 15:58:30,746:INFO:Epoch 213: Train Loss: 682.5826, Train Node Loss: 232.5145, Train Reg Loss: 4.5007, Train MAPE: 11.5744, Train R: 0.9401, Train RRSE: 0.3487, Test Loss: 862.0030, Test Node Loss: 235.1666, Test Reg Loss: 6.2684, Test MAPE: 11.9821, Test R: 0.9234, Test RRSE: 0.4111
2025-02-10 15:58:47,232:INFO:Epoch 214: Train Loss: 710.5086, Train Node Loss: 236.5600, Train Reg Loss: 4.7395, Train MAPE: 11.8834, Train R: 0.9353, Train RRSE: 0.3578, Test Loss: 1900.0687, Test Node Loss: 204.8840, Test Reg Loss: 16.9518, Test MAPE: 12.4306, Test R: 0.9235, Test RRSE: 0.6760
2025-02-10 15:59:03,923:INFO:Epoch 215: Train Loss: 740.1429, Train Node Loss: 225.8836, Train Reg Loss: 5.1426, Train MAPE: 11.6672, Train R: 0.9322, Train RRSE: 0.3727, Test Loss: 792.6515, Test Node Loss: 249.9857, Test Reg Loss: 5.4267, Test MAPE: 12.4045, Test R: 0.9245, Test RRSE: 0.3825
2025-02-10 15:59:03,945:INFO:Checkpoint saved at best_0.0008_0.001_256_SAGE_2_64_0.9245_epoch_215.pth
2025-02-10 15:59:20,704:INFO:Epoch 216: Train Loss: 823.0452, Train Node Loss: 234.0800, Train Reg Loss: 5.8897, Train MAPE: 11.8342, Train R: 0.9181, Train RRSE: 0.3989, Test Loss: 1934.4184, Test Node Loss: 199.8305, Test Reg Loss: 17.3459, Test MAPE: 12.4629, Test R: 0.9237, Test RRSE: 0.6838
2025-02-10 15:59:37,296:INFO:Epoch 217: Train Loss: 728.5994, Train Node Loss: 225.0628, Train Reg Loss: 5.0354, Train MAPE: 11.6125, Train R: 0.9315, Train RRSE: 0.3688, Test Loss: 803.8877, Test Node Loss: 245.5087, Test Reg Loss: 5.5838, Test MAPE: 12.4350, Test R: 0.9242, Test RRSE: 0.3880
2025-02-10 15:59:54,031:INFO:Epoch 218: Train Loss: 870.9838, Train Node Loss: 223.8938, Train Reg Loss: 6.4709, Train MAPE: 11.6518, Train R: 0.9097, Train RRSE: 0.4181, Test Loss: 1329.6912, Test Node Loss: 209.5703, Test Reg Loss: 11.2012, Test MAPE: 12.0315, Test R: 0.9241, Test RRSE: 0.5495
2025-02-10 16:00:10,792:INFO:Epoch 219: Train Loss: 786.4550, Train Node Loss: 231.4411, Train Reg Loss: 5.5501, Train MAPE: 11.9759, Train R: 0.9266, Train RRSE: 0.3872, Test Loss: 1438.1559, Test Node Loss: 206.3401, Test Reg Loss: 12.3182, Test MAPE: 12.0442, Test R: 0.9241, Test RRSE: 0.5762
2025-02-10 16:00:27,256:INFO:Epoch 220: Train Loss: 766.2227, Train Node Loss: 215.3496, Train Reg Loss: 5.5087, Train MAPE: 11.5427, Train R: 0.9286, Train RRSE: 0.3858, Test Loss: 796.3732, Test Node Loss: 228.4044, Test Reg Loss: 5.6797, Test MAPE: 12.1595, Test R: 0.9239, Test RRSE: 0.3913
2025-02-10 16:00:43,711:INFO:Epoch 221: Train Loss: 670.2081, Train Node Loss: 224.6083, Train Reg Loss: 4.4560, Train MAPE: 11.8347, Train R: 0.9410, Train RRSE: 0.3469, Test Loss: 1362.2824, Test Node Loss: 200.5272, Test Reg Loss: 11.6176, Test MAPE: 11.9350, Test R: 0.9238, Test RRSE: 0.5596
2025-02-10 16:01:00,489:INFO:Epoch 222: Train Loss: 760.6921, Train Node Loss: 208.8416, Train Reg Loss: 5.5185, Train MAPE: 11.5197, Train R: 0.9301, Train RRSE: 0.3861, Test Loss: 798.8725, Test Node Loss: 236.9403, Test Reg Loss: 5.6193, Test MAPE: 12.4885, Test R: 0.9247, Test RRSE: 0.3892
2025-02-10 16:01:00,513:INFO:Checkpoint saved at best_0.0008_0.001_256_SAGE_2_64_0.9247_epoch_222.pth
2025-02-10 16:01:17,248:INFO:Epoch 223: Train Loss: 820.7296, Train Node Loss: 219.5468, Train Reg Loss: 6.0118, Train MAPE: 11.6940, Train R: 0.9189, Train RRSE: 0.4030, Test Loss: 1889.2746, Test Node Loss: 188.8247, Test Reg Loss: 17.0045, Test MAPE: 12.4202, Test R: 0.9249, Test RRSE: 0.6770
2025-02-10 16:01:17,274:INFO:Checkpoint saved at best_0.0008_0.001_256_SAGE_2_64_0.9249_epoch_223.pth
2025-02-10 16:01:33,983:INFO:Epoch 224: Train Loss: 753.7023, Train Node Loss: 215.1602, Train Reg Loss: 5.3854, Train MAPE: 11.7721, Train R: 0.9255, Train RRSE: 0.3814, Test Loss: 1148.6595, Test Node Loss: 203.2370, Test Reg Loss: 9.4542, Test MAPE: 12.1405, Test R: 0.9248, Test RRSE: 0.5048
2025-02-10 16:01:50,731:INFO:Epoch 225: Train Loss: 683.9712, Train Node Loss: 210.3858, Train Reg Loss: 4.7359, Train MAPE: 11.6613, Train R: 0.9356, Train RRSE: 0.3577, Test Loss: 1381.2107, Test Node Loss: 192.4780, Test Reg Loss: 11.8873, Test MAPE: 12.1913, Test R: 0.9243, Test RRSE: 0.5661
2025-02-10 16:02:07,488:INFO:Epoch 226: Train Loss: 702.0559, Train Node Loss: 200.7223, Train Reg Loss: 5.0133, Train MAPE: 11.5707, Train R: 0.9354, Train RRSE: 0.3680, Test Loss: 786.5826, Test Node Loss: 223.7428, Test Reg Loss: 5.6284, Test MAPE: 12.3347, Test R: 0.9238, Test RRSE: 0.3895
2025-02-10 16:02:24,236:INFO:Epoch 227: Train Loss: 711.9960, Train Node Loss: 216.7473, Train Reg Loss: 4.9525, Train MAPE: 11.9718, Train R: 0.9399, Train RRSE: 0.3658, Test Loss: 3645.7483, Test Node Loss: 160.3654, Test Reg Loss: 34.8538, Test MAPE: 13.4657, Test R: 0.9229, Test RRSE: 0.9693
2025-02-10 16:02:40,539:INFO:Epoch 228: Train Loss: 961.5306, Train Node Loss: 200.0243, Train Reg Loss: 7.6151, Train MAPE: 11.6567, Train R: 0.8957, Train RRSE: 0.4535, Test Loss: 763.2107, Test Node Loss: 221.5819, Test Reg Loss: 5.4163, Test MAPE: 12.2562, Test R: 0.9244, Test RRSE: 0.3821
2025-02-10 16:02:56,768:INFO:Epoch 229: Train Loss: 748.1911, Train Node Loss: 203.7844, Train Reg Loss: 5.4441, Train MAPE: 11.5991, Train R: 0.9247, Train RRSE: 0.3835, Test Loss: 1371.0394, Test Node Loss: 185.6528, Test Reg Loss: 11.8539, Test MAPE: 12.2235, Test R: 0.9236, Test RRSE: 0.5653
2025-02-10 16:03:13,033:INFO:Epoch 230: Train Loss: 759.5648, Train Node Loss: 203.6751, Train Reg Loss: 5.5589, Train MAPE: 11.6677, Train R: 0.9231, Train RRSE: 0.3875, Test Loss: 786.2148, Test Node Loss: 205.2734, Test Reg Loss: 5.8094, Test MAPE: 12.2095, Test R: 0.9239, Test RRSE: 0.3957
2025-02-10 16:03:29,128:INFO:Epoch 231: Train Loss: 762.5378, Train Node Loss: 192.4077, Train Reg Loss: 5.7013, Train MAPE: 11.5903, Train R: 0.9250, Train RRSE: 0.3924, Test Loss: 827.5749, Test Node Loss: 200.7404, Test Reg Loss: 6.2683, Test MAPE: 12.1932, Test R: 0.9242, Test RRSE: 0.4111
2025-02-10 16:03:45,122:INFO:Epoch 232: Train Loss: 752.0566, Train Node Loss: 202.4371, Train Reg Loss: 5.4962, Train MAPE: 11.8560, Train R: 0.9273, Train RRSE: 0.3853, Test Loss: 2123.1896, Test Node Loss: 170.3261, Test Reg Loss: 19.5286, Test MAPE: 12.5229, Test R: 0.9232, Test RRSE: 0.7255
2025-02-10 16:04:01,277:INFO:Epoch 233: Train Loss: 677.0106, Train Node Loss: 193.8749, Train Reg Loss: 4.8314, Train MAPE: 11.5273, Train R: 0.9358, Train RRSE: 0.3613, Test Loss: 1479.7447, Test Node Loss: 180.3369, Test Reg Loss: 12.9941, Test MAPE: 12.2929, Test R: 0.9236, Test RRSE: 0.5918
2025-02-10 16:04:17,250:INFO:Epoch 234: Train Loss: 636.1023, Train Node Loss: 192.1504, Train Reg Loss: 4.4395, Train MAPE: 11.6865, Train R: 0.9401, Train RRSE: 0.3463, Test Loss: 1696.0607, Test Node Loss: 173.5247, Test Reg Loss: 15.2254, Test MAPE: 12.4320, Test R: 0.9232, Test RRSE: 0.6406
2025-02-10 16:04:33,545:INFO:Epoch 235: Train Loss: 646.8327, Train Node Loss: 187.7178, Train Reg Loss: 4.5911, Train MAPE: 11.6134, Train R: 0.9393, Train RRSE: 0.3522, Test Loss: 753.9179, Test Node Loss: 200.1476, Test Reg Loss: 5.5377, Test MAPE: 12.3809, Test R: 0.9240, Test RRSE: 0.3864
2025-02-10 16:04:49,553:INFO:Epoch 236: Train Loss: 661.9444, Train Node Loss: 193.8675, Train Reg Loss: 4.6808, Train MAPE: 11.9746, Train R: 0.9361, Train RRSE: 0.3556, Test Loss: 1464.5340, Test Node Loss: 171.1999, Test Reg Loss: 12.9333, Test MAPE: 12.3012, Test R: 0.9236, Test RRSE: 0.5904
2025-02-10 16:05:05,812:INFO:Epoch 237: Train Loss: 684.6309, Train Node Loss: 191.7149, Train Reg Loss: 4.9292, Train MAPE: 11.8864, Train R: 0.9319, Train RRSE: 0.3649, Test Loss: 1222.1382, Test Node Loss: 179.5265, Test Reg Loss: 10.4261, Test MAPE: 12.2037, Test R: 0.9240, Test RRSE: 0.5301
2025-02-10 16:05:22,128:INFO:Epoch 238: Train Loss: 710.8639, Train Node Loss: 186.0681, Train Reg Loss: 5.2480, Train MAPE: 11.6334, Train R: 0.9299, Train RRSE: 0.3765, Test Loss: 1276.7122, Test Node Loss: 178.9543, Test Reg Loss: 10.9776, Test MAPE: 12.2475, Test R: 0.9243, Test RRSE: 0.5440
2025-02-10 16:05:38,204:INFO:Epoch 239: Train Loss: 633.0002, Train Node Loss: 190.6633, Train Reg Loss: 4.4234, Train MAPE: 11.8392, Train R: 0.9397, Train RRSE: 0.3457, Test Loss: 1668.6406, Test Node Loss: 164.2303, Test Reg Loss: 15.0441, Test MAPE: 12.4308, Test R: 0.9240, Test RRSE: 0.6368
2025-02-10 16:05:54,225:INFO:Epoch 240: Train Loss: 861.5324, Train Node Loss: 176.2031, Train Reg Loss: 6.8533, Train MAPE: 11.6753, Train R: 0.9087, Train RRSE: 0.4303, Test Loss: 960.1289, Test Node Loss: 209.6665, Test Reg Loss: 7.5046, Test MAPE: 12.9880, Test R: 0.9239, Test RRSE: 0.4498
2025-02-10 16:06:10,288:INFO:Epoch 241: Train Loss: 754.0977, Train Node Loss: 185.8324, Train Reg Loss: 5.6827, Train MAPE: 11.9717, Train R: 0.9207, Train RRSE: 0.3918, Test Loss: 2750.4073, Test Node Loss: 149.5785, Test Reg Loss: 26.0083, Test MAPE: 12.9038, Test R: 0.9233, Test RRSE: 0.8373
2025-02-10 16:06:26,600:INFO:Epoch 242: Train Loss: 684.5288, Train Node Loss: 179.8067, Train Reg Loss: 5.0472, Train MAPE: 11.6431, Train R: 0.9315, Train RRSE: 0.3692, Test Loss: 746.0707, Test Node Loss: 197.0408, Test Reg Loss: 5.4903, Test MAPE: 12.1637, Test R: 0.9245, Test RRSE: 0.3847
2025-02-10 16:06:42,980:INFO:Epoch 243: Train Loss: 720.4442, Train Node Loss: 182.6000, Train Reg Loss: 5.3784, Train MAPE: 11.6806, Train R: 0.9258, Train RRSE: 0.3812, Test Loss: 1430.4421, Test Node Loss: 163.3733, Test Reg Loss: 12.6707, Test MAPE: 12.1981, Test R: 0.9244, Test RRSE: 0.5844
2025-02-10 16:06:59,423:INFO:Epoch 244: Train Loss: 624.1828, Train Node Loss: 173.9203, Train Reg Loss: 4.5026, Train MAPE: 11.4944, Train R: 0.9413, Train RRSE: 0.3488, Test Loss: 731.5492, Test Node Loss: 192.1334, Test Reg Loss: 5.3942, Test MAPE: 12.4524, Test R: 0.9250, Test RRSE: 0.3813
2025-02-10 16:06:59,449:INFO:Checkpoint saved at best_0.0008_0.001_256_SAGE_2_64_0.9250_epoch_244.pth
2025-02-10 16:07:15,764:INFO:Epoch 245: Train Loss: 676.5709, Train Node Loss: 178.4117, Train Reg Loss: 4.9816, Train MAPE: 11.9601, Train R: 0.9318, Train RRSE: 0.3668, Test Loss: 1925.5935, Test Node Loss: 153.1903, Test Reg Loss: 17.7240, Test MAPE: 12.3963, Test R: 0.9243, Test RRSE: 0.6912
2025-02-10 16:07:31,975:INFO:Epoch 246: Train Loss: 652.0929, Train Node Loss: 173.2106, Train Reg Loss: 4.7888, Train MAPE: 11.6020, Train R: 0.9357, Train RRSE: 0.3597, Test Loss: 1081.1038, Test Node Loss: 171.6948, Test Reg Loss: 9.0941, Test MAPE: 12.1651, Test R: 0.9243, Test RRSE: 0.4951
2025-02-10 16:07:48,241:INFO:Epoch 247: Train Loss: 606.8326, Train Node Loss: 174.6150, Train Reg Loss: 4.3222, Train MAPE: 11.7041, Train R: 0.9416, Train RRSE: 0.3417, Test Loss: 1802.3705, Test Node Loss: 153.5002, Test Reg Loss: 16.4887, Test MAPE: 12.4073, Test R: 0.9234, Test RRSE: 0.6667
2025-02-10 16:08:04,798:INFO:Epoch 248: Train Loss: 731.5269, Train Node Loss: 175.2613, Train Reg Loss: 5.5627, Train MAPE: 11.7480, Train R: 0.9241, Train RRSE: 0.3876, Test Loss: 1107.1110, Test Node Loss: 162.9081, Test Reg Loss: 9.4420, Test MAPE: 12.1974, Test R: 0.9232, Test RRSE: 0.5045
2025-02-10 16:08:21,108:INFO:Epoch 249: Train Loss: 666.7590, Train Node Loss: 161.4861, Train Reg Loss: 5.0527, Train MAPE: 11.6586, Train R: 0.9375, Train RRSE: 0.3694, Test Loss: 859.4987, Test Node Loss: 169.0115, Test Reg Loss: 6.9049, Test MAPE: 12.3809, Test R: 0.9233, Test RRSE: 0.4314
2025-02-10 16:08:37,378:INFO:Epoch 250: Train Loss: 679.7870, Train Node Loss: 172.9774, Train Reg Loss: 5.0681, Train MAPE: 12.0198, Train R: 0.9311, Train RRSE: 0.3700, Test Loss: 2426.6177, Test Node Loss: 140.7725, Test Reg Loss: 22.8585, Test MAPE: 12.8096, Test R: 0.9226, Test RRSE: 0.7850
2025-02-10 16:08:54,044:INFO:Epoch 251: Train Loss: 688.7636, Train Node Loss: 167.3294, Train Reg Loss: 5.2143, Train MAPE: 11.8345, Train R: 0.9277, Train RRSE: 0.3753, Test Loss: 1170.8609, Test Node Loss: 159.6082, Test Reg Loss: 10.1125, Test MAPE: 12.3098, Test R: 0.9236, Test RRSE: 0.5221
2025-02-10 16:09:10,649:INFO:Epoch 252: Train Loss: 665.2368, Train Node Loss: 165.1867, Train Reg Loss: 5.0005, Train MAPE: 11.6740, Train R: 0.9316, Train RRSE: 0.3675, Test Loss: 880.5666, Test Node Loss: 163.1041, Test Reg Loss: 7.1746, Test MAPE: 12.2455, Test R: 0.9234, Test RRSE: 0.4398
2025-02-10 16:09:27,138:INFO:Epoch 253: Train Loss: 601.5980, Train Node Loss: 159.7758, Train Reg Loss: 4.4182, Train MAPE: 11.7071, Train R: 0.9418, Train RRSE: 0.3455, Test Loss: 770.7484, Test Node Loss: 166.3061, Test Reg Loss: 6.0444, Test MAPE: 12.2869, Test R: 0.9238, Test RRSE: 0.4036
2025-02-10 16:09:43,601:INFO:Epoch 254: Train Loss: 660.6320, Train Node Loss: 162.9381, Train Reg Loss: 4.9769, Train MAPE: 11.8876, Train R: 0.9311, Train RRSE: 0.3667, Test Loss: 1423.9824, Test Node Loss: 150.7627, Test Reg Loss: 12.7322, Test MAPE: 12.3646, Test R: 0.9237, Test RRSE: 0.5858
2025-02-10 16:10:00,374:INFO:Epoch 255: Train Loss: 581.6204, Train Node Loss: 164.4444, Train Reg Loss: 4.1718, Train MAPE: 11.7944, Train R: 0.9439, Train RRSE: 0.3357, Test Loss: 1988.5946, Test Node Loss: 143.8398, Test Reg Loss: 18.4475, Test MAPE: 12.5145, Test R: 0.9230, Test RRSE: 0.7052
2025-02-10 16:10:16,871:INFO:Epoch 256: Train Loss: 624.2989, Train Node Loss: 161.8356, Train Reg Loss: 4.6246, Train MAPE: 11.7662, Train R: 0.9370, Train RRSE: 0.3534, Test Loss: 2576.4360, Test Node Loss: 134.7727, Test Reg Loss: 24.4166, Test MAPE: 12.9407, Test R: 0.9230, Test RRSE: 0.8113
2025-02-10 16:10:33,295:INFO:Epoch 257: Train Loss: 650.3998, Train Node Loss: 159.9258, Train Reg Loss: 4.9047, Train MAPE: 11.8454, Train R: 0.9320, Train RRSE: 0.3640, Test Loss: 1399.9275, Test Node Loss: 145.7418, Test Reg Loss: 12.5419, Test MAPE: 12.3925, Test R: 0.9238, Test RRSE: 0.5814
2025-02-10 16:10:49,864:INFO:Epoch 258: Train Loss: 640.5093, Train Node Loss: 152.1092, Train Reg Loss: 4.8840, Train MAPE: 11.7693, Train R: 0.9348, Train RRSE: 0.3632, Test Loss: 716.3476, Test Node Loss: 166.1976, Test Reg Loss: 5.5015, Test MAPE: 12.4650, Test R: 0.9244, Test RRSE: 0.3851
2025-02-10 16:11:06,512:INFO:Epoch 259: Train Loss: 624.6486, Train Node Loss: 157.6062, Train Reg Loss: 4.6704, Train MAPE: 11.8283, Train R: 0.9361, Train RRSE: 0.3552, Test Loss: 1401.9886, Test Node Loss: 142.6502, Test Reg Loss: 12.5934, Test MAPE: 12.4007, Test R: 0.9242, Test RRSE: 0.5826
2025-02-10 16:11:23,246:INFO:Epoch 260: Train Loss: 655.1305, Train Node Loss: 153.6933, Train Reg Loss: 5.0144, Train MAPE: 11.6123, Train R: 0.9317, Train RRSE: 0.3680, Test Loss: 1546.4542, Test Node Loss: 142.2442, Test Reg Loss: 14.0421, Test MAPE: 12.4499, Test R: 0.9241, Test RRSE: 0.6152
2025-02-10 16:11:39,893:INFO:Epoch 261: Train Loss: 553.8750, Train Node Loss: 153.9369, Train Reg Loss: 3.9994, Train MAPE: 11.7902, Train R: 0.9459, Train RRSE: 0.3287, Test Loss: 1484.0682, Test Node Loss: 142.1128, Test Reg Loss: 13.4196, Test MAPE: 12.4279, Test R: 0.9242, Test RRSE: 0.6014
2025-02-10 16:11:56,625:INFO:Epoch 262: Train Loss: 573.4976, Train Node Loss: 150.4910, Train Reg Loss: 4.2301, Train MAPE: 11.8399, Train R: 0.9422, Train RRSE: 0.3380, Test Loss: 803.2134, Test Node Loss: 154.9747, Test Reg Loss: 6.4824, Test MAPE: 12.4090, Test R: 0.9248, Test RRSE: 0.4180
2025-02-10 16:12:13,327:INFO:Epoch 263: Train Loss: 575.3522, Train Node Loss: 152.5259, Train Reg Loss: 4.2283, Train MAPE: 11.9240, Train R: 0.9420, Train RRSE: 0.3380, Test Loss: 1632.6220, Test Node Loss: 133.6589, Test Reg Loss: 14.9896, Test MAPE: 12.3762, Test R: 0.9238, Test RRSE: 0.6357
2025-02-10 16:12:30,071:INFO:Epoch 264: Train Loss: 579.6886, Train Node Loss: 147.2933, Train Reg Loss: 4.3240, Train MAPE: 11.7736, Train R: 0.9411, Train RRSE: 0.3418, Test Loss: 712.1475, Test Node Loss: 160.9229, Test Reg Loss: 5.5122, Test MAPE: 12.5364, Test R: 0.9244, Test RRSE: 0.3855
2025-02-10 16:12:46,999:INFO:Epoch 265: Train Loss: 642.2930, Train Node Loss: 148.2761, Train Reg Loss: 4.9402, Train MAPE: 11.9280, Train R: 0.9312, Train RRSE: 0.3653, Test Loss: 1702.5582, Test Node Loss: 133.0725, Test Reg Loss: 15.6949, Test MAPE: 12.5552, Test R: 0.9238, Test RRSE: 0.6504
2025-02-10 16:13:03,430:INFO:Epoch 266: Train Loss: 671.3094, Train Node Loss: 141.3487, Train Reg Loss: 5.2996, Train MAPE: 11.4655, Train R: 0.9317, Train RRSE: 0.3784, Test Loss: 953.6691, Test Node Loss: 176.0639, Test Reg Loss: 7.7761, Test MAPE: 13.0808, Test R: 0.9248, Test RRSE: 0.4578
2025-02-10 16:13:20,120:INFO:Epoch 267: Train Loss: 788.2841, Train Node Loss: 158.6585, Train Reg Loss: 6.2963, Train MAPE: 12.3968, Train R: 0.9271, Train RRSE: 0.4124, Test Loss: 4386.2150, Test Node Loss: 104.6364, Test Reg Loss: 42.8158, Test MAPE: 14.1089, Test R: 0.9240, Test RRSE: 1.0743
2025-02-10 16:13:36,620:INFO:Epoch 268: Train Loss: 721.3012, Train Node Loss: 132.8968, Train Reg Loss: 5.8840, Train MAPE: 11.4411, Train R: 0.9384, Train RRSE: 0.3987, Test Loss: 1819.4055, Test Node Loss: 195.3771, Test Reg Loss: 16.2403, Test MAPE: 14.2385, Test R: 0.9244, Test RRSE: 0.6616
2025-02-10 16:13:53,080:INFO:Epoch 269: Train Loss: 958.2697, Train Node Loss: 157.6276, Train Reg Loss: 8.0064, Train MAPE: 12.3274, Train R: 0.9026, Train RRSE: 0.4651, Test Loss: 3440.6618, Test Node Loss: 108.0437, Test Reg Loss: 33.3262, Test MAPE: 13.3177, Test R: 0.9248, Test RRSE: 0.9478
2025-02-10 16:14:09,685:INFO:Epoch 270: Train Loss: 894.8883, Train Node Loss: 135.3026, Train Reg Loss: 7.5959, Train MAPE: 11.5607, Train R: 0.8983, Train RRSE: 0.4530, Test Loss: 1040.5071, Test Node Loss: 176.5393, Test Reg Loss: 8.6397, Test MAPE: 12.9691, Test R: 0.9250, Test RRSE: 0.4826
2025-02-10 16:14:09,727:INFO:Checkpoint saved at best_0.0008_0.001_256_SAGE_2_64_0.9250_epoch_270.pth
2025-02-10 16:14:26,564:INFO:Epoch 271: Train Loss: 684.8203, Train Node Loss: 147.2327, Train Reg Loss: 5.3759, Train MAPE: 11.9290, Train R: 0.9290, Train RRSE: 0.3811, Test Loss: 2891.7703, Test Node Loss: 108.2123, Test Reg Loss: 27.8356, Test MAPE: 12.8779, Test R: 0.9241, Test RRSE: 0.8662
2025-02-10 16:14:43,082:INFO:Epoch 272: Train Loss: 779.4219, Train Node Loss: 131.0677, Train Reg Loss: 6.4835, Train MAPE: 11.6041, Train R: 0.9146, Train RRSE: 0.4185, Test Loss: 766.0330, Test Node Loss: 159.9995, Test Reg Loss: 6.0603, Test MAPE: 12.6330, Test R: 0.9246, Test RRSE: 0.4042
2025-02-10 16:14:59,848:INFO:Epoch 273: Train Loss: 680.0311, Train Node Loss: 139.3972, Train Reg Loss: 5.4063, Train MAPE: 11.8405, Train R: 0.9254, Train RRSE: 0.3822, Test Loss: 1834.8551, Test Node Loss: 118.9884, Test Reg Loss: 17.1587, Test MAPE: 12.2478, Test R: 0.9238, Test RRSE: 0.6801
2025-02-10 16:15:16,266:INFO:Epoch 274: Train Loss: 792.2854, Train Node Loss: 139.3630, Train Reg Loss: 6.5292, Train MAPE: 11.8885, Train R: 0.9092, Train RRSE: 0.4200, Test Loss: 1421.2702, Test Node Loss: 124.5083, Test Reg Loss: 12.9676, Test MAPE: 12.2097, Test R: 0.9242, Test RRSE: 0.5912
2025-02-10 16:15:32,927:INFO:Epoch 275: Train Loss: 568.6381, Train Node Loss: 128.3928, Train Reg Loss: 4.4025, Train MAPE: 11.6127, Train R: 0.9453, Train RRSE: 0.3449, Test Loss: 1390.5608, Test Node Loss: 123.6523, Test Reg Loss: 12.6691, Test MAPE: 12.2938, Test R: 0.9242, Test RRSE: 0.5844
2025-02-10 16:15:49,457:INFO:Epoch 276: Train Loss: 565.0961, Train Node Loss: 134.7651, Train Reg Loss: 4.3033, Train MAPE: 11.7980, Train R: 0.9418, Train RRSE: 0.3409, Test Loss: 1258.3935, Test Node Loss: 124.9597, Test Reg Loss: 11.3343, Test MAPE: 12.2105, Test R: 0.9240, Test RRSE: 0.5527
2025-02-10 16:16:05,925:INFO:Epoch 277: Train Loss: 551.5445, Train Node Loss: 130.6159, Train Reg Loss: 4.2093, Train MAPE: 11.7745, Train R: 0.9427, Train RRSE: 0.3372, Test Loss: 2005.0350, Test Node Loss: 113.5521, Test Reg Loss: 18.9148, Test MAPE: 12.5690, Test R: 0.9228, Test RRSE: 0.7140
2025-02-10 16:16:22,524:INFO:Epoch 278: Train Loss: 562.4018, Train Node Loss: 133.1287, Train Reg Loss: 4.2927, Train MAPE: 11.8629, Train R: 0.9416, Train RRSE: 0.3405, Test Loss: 2172.0004, Test Node Loss: 111.7191, Test Reg Loss: 20.6028, Test MAPE: 12.6767, Test R: 0.9225, Test RRSE: 0.7452
2025-02-10 16:16:39,041:INFO:Epoch 279: Train Loss: 563.3558, Train Node Loss: 128.0734, Train Reg Loss: 4.3528, Train MAPE: 11.8070, Train R: 0.9408, Train RRSE: 0.3429, Test Loss: 1197.2291, Test Node Loss: 120.3666, Test Reg Loss: 10.7686, Test MAPE: 12.3365, Test R: 0.9230, Test RRSE: 0.5388
2025-02-10 16:16:55,557:INFO:Epoch 280: Train Loss: 528.4449, Train Node Loss: 127.3604, Train Reg Loss: 4.0108, Train MAPE: 11.8172, Train R: 0.9455, Train RRSE: 0.3292, Test Loss: 957.0198, Test Node Loss: 124.2695, Test Reg Loss: 8.3275, Test MAPE: 12.3283, Test R: 0.9228, Test RRSE: 0.4738
2025-02-10 16:17:12,020:INFO:Epoch 281: Train Loss: 551.6942, Train Node Loss: 129.9103, Train Reg Loss: 4.2178, Train MAPE: 11.8526, Train R: 0.9424, Train RRSE: 0.3375, Test Loss: 1833.1925, Test Node Loss: 112.5440, Test Reg Loss: 17.2065, Test MAPE: 12.6639, Test R: 0.9230, Test RRSE: 0.6810
2025-02-10 16:17:28,211:INFO:Epoch 282: Train Loss: 554.5029, Train Node Loss: 124.7380, Train Reg Loss: 4.2976, Train MAPE: 11.6750, Train R: 0.9433, Train RRSE: 0.3407, Test Loss: 962.5983, Test Node Loss: 125.8433, Test Reg Loss: 8.3675, Test MAPE: 12.3091, Test R: 0.9239, Test RRSE: 0.4749
2025-02-10 16:17:44,658:INFO:Epoch 283: Train Loss: 637.4213, Train Node Loss: 131.2367, Train Reg Loss: 5.0618, Train MAPE: 11.8407, Train R: 0.9321, Train RRSE: 0.3698, Test Loss: 1357.8320, Test Node Loss: 114.9303, Test Reg Loss: 12.4290, Test MAPE: 12.4784, Test R: 0.9237, Test RRSE: 0.5788
2025-02-10 16:18:01,020:INFO:Epoch 284: Train Loss: 588.4069, Train Node Loss: 119.3775, Train Reg Loss: 4.6903, Train MAPE: 11.6866, Train R: 0.9419, Train RRSE: 0.3559, Test Loss: 684.9317, Test Node Loss: 135.4487, Test Reg Loss: 5.4948, Test MAPE: 12.6006, Test R: 0.9245, Test RRSE: 0.3849
2025-02-10 16:18:17,374:INFO:Epoch 285: Train Loss: 558.9510, Train Node Loss: 129.3974, Train Reg Loss: 4.2955, Train MAPE: 11.9851, Train R: 0.9431, Train RRSE: 0.3406, Test Loss: 1570.4891, Test Node Loss: 110.6082, Test Reg Loss: 14.5988, Test MAPE: 12.4572, Test R: 0.9233, Test RRSE: 0.6273
2025-02-10 16:18:33,567:INFO:Epoch 286: Train Loss: 614.3182, Train Node Loss: 119.2533, Train Reg Loss: 4.9506, Train MAPE: 11.6929, Train R: 0.9362, Train RRSE: 0.3657, Test Loss: 733.2639, Test Node Loss: 134.1091, Test Reg Loss: 5.9915, Test MAPE: 12.2158, Test R: 0.9246, Test RRSE: 0.4019
2025-02-10 16:18:49,801:INFO:Epoch 287: Train Loss: 646.7665, Train Node Loss: 125.9979, Train Reg Loss: 5.2077, Train MAPE: 11.9159, Train R: 0.9277, Train RRSE: 0.3751, Test Loss: 2044.9409, Test Node Loss: 108.0522, Test Reg Loss: 19.3689, Test MAPE: 12.7494, Test R: 0.9236, Test RRSE: 0.7226
2025-02-10 16:19:06,135:INFO:Epoch 288: Train Loss: 591.8195, Train Node Loss: 124.5904, Train Reg Loss: 4.6723, Train MAPE: 11.8999, Train R: 0.9363, Train RRSE: 0.3553, Test Loss: 1044.3632, Test Node Loss: 118.6308, Test Reg Loss: 9.2573, Test MAPE: 12.2571, Test R: 0.9227, Test RRSE: 0.4995
2025-02-10 16:19:22,483:INFO:Epoch 289: Train Loss: 589.3901, Train Node Loss: 116.9181, Train Reg Loss: 4.7247, Train MAPE: 11.6010, Train R: 0.9374, Train RRSE: 0.3573, Test Loss: 1224.8437, Test Node Loss: 112.1148, Test Reg Loss: 11.1273, Test MAPE: 12.1990, Test R: 0.9215, Test RRSE: 0.5477
2025-02-10 16:19:38,886:INFO:Epoch 290: Train Loss: 565.4995, Train Node Loss: 122.3687, Train Reg Loss: 4.4313, Train MAPE: 11.9138, Train R: 0.9400, Train RRSE: 0.3460, Test Loss: 1125.1493, Test Node Loss: 114.9154, Test Reg Loss: 10.1023, Test MAPE: 12.2890, Test R: 0.9221, Test RRSE: 0.5218
2025-02-10 16:19:55,395:INFO:Epoch 291: Train Loss: 577.2686, Train Node Loss: 116.4501, Train Reg Loss: 4.6082, Train MAPE: 11.6818, Train R: 0.9389, Train RRSE: 0.3528, Test Loss: 1094.1803, Test Node Loss: 116.5278, Test Reg Loss: 9.7765, Test MAPE: 12.3821, Test R: 0.9233, Test RRSE: 0.5134
2025-02-10 16:20:11,872:INFO:Epoch 292: Train Loss: 541.7922, Train Node Loss: 121.2554, Train Reg Loss: 4.2054, Train MAPE: 11.9947, Train R: 0.9423, Train RRSE: 0.3370, Test Loss: 1396.3863, Test Node Loss: 110.6881, Test Reg Loss: 12.8570, Test MAPE: 12.3210, Test R: 0.9233, Test RRSE: 0.5887
2025-02-10 16:20:28,129:INFO:Epoch 293: Train Loss: 570.7186, Train Node Loss: 113.9404, Train Reg Loss: 4.5678, Train MAPE: 11.7778, Train R: 0.9395, Train RRSE: 0.3513, Test Loss: 802.8080, Test Node Loss: 121.1172, Test Reg Loss: 6.8169, Test MAPE: 12.4352, Test R: 0.9230, Test RRSE: 0.4287
2025-02-10 16:20:44,372:INFO:Epoch 294: Train Loss: 600.0468, Train Node Loss: 124.8229, Train Reg Loss: 4.7522, Train MAPE: 12.1544, Train R: 0.9416, Train RRSE: 0.3583, Test Loss: 2584.3825, Test Node Loss: 93.7286, Test Reg Loss: 24.9065, Test MAPE: 12.9977, Test R: 0.9223, Test RRSE: 0.8194
2025-02-10 16:21:00,628:INFO:Epoch 295: Train Loss: 661.1513, Train Node Loss: 107.6423, Train Reg Loss: 5.5351, Train MAPE: 11.6510, Train R: 0.9342, Train RRSE: 0.3867, Test Loss: 702.6091, Test Node Loss: 126.9908, Test Reg Loss: 5.7562, Test MAPE: 12.3861, Test R: 0.9235, Test RRSE: 0.3939
2025-02-10 16:21:16,828:INFO:Epoch 296: Train Loss: 609.5626, Train Node Loss: 123.0966, Train Reg Loss: 4.8647, Train MAPE: 12.0927, Train R: 0.9396, Train RRSE: 0.3625, Test Loss: 3143.9895, Test Node Loss: 89.2611, Test Reg Loss: 30.5473, Test MAPE: 13.2729, Test R: 0.9241, Test RRSE: 0.9074
2025-02-10 16:21:33,328:INFO:Epoch 297: Train Loss: 685.8829, Train Node Loss: 104.3323, Train Reg Loss: 5.8155, Train MAPE: 11.3761, Train R: 0.9359, Train RRSE: 0.3964, Test Loss: 762.0971, Test Node Loss: 135.4873, Test Reg Loss: 6.2661, Test MAPE: 12.7490, Test R: 0.9240, Test RRSE: 0.4110
2025-02-10 16:21:49,837:INFO:Epoch 298: Train Loss: 771.0877, Train Node Loss: 119.6276, Train Reg Loss: 6.5146, Train MAPE: 12.0970, Train R: 0.9131, Train RRSE: 0.4195, Test Loss: 1426.3069, Test Node Loss: 101.1654, Test Reg Loss: 13.2514, Test MAPE: 12.3095, Test R: 0.9235, Test RRSE: 0.5977
2025-02-10 16:22:06,117:INFO:Epoch 299: Train Loss: 554.8386, Train Node Loss: 110.4492, Train Reg Loss: 4.4439, Train MAPE: 11.7940, Train R: 0.9393, Train RRSE: 0.3465, Test Loss: 712.9498, Test Node Loss: 117.7956, Test Reg Loss: 5.9515, Test MAPE: 12.3850, Test R: 0.9240, Test RRSE: 0.4005
2025-02-10 16:22:22,673:INFO:Epoch 300: Train Loss: 550.7809, Train Node Loss: 108.6357, Train Reg Loss: 4.4215, Train MAPE: 11.8063, Train R: 0.9401, Train RRSE: 0.3456, Test Loss: 1122.2672, Test Node Loss: 106.4636, Test Reg Loss: 10.1580, Test MAPE: 12.4188, Test R: 0.9232, Test RRSE: 0.5233
2025-02-10 16:22:22,673:INFO:Best performance at epoch 270 with Test MAPE: 0.9250
