2025-02-10 14:56:32,541:INFO:Learning rate: 0.0008
2025-02-10 14:56:32,542:INFO:Weight decay: 0.001
2025-02-10 14:56:32,542:INFO:Batch size: 64
2025-02-10 14:56:32,542:INFO:Number of layers: 2
2025-02-10 14:56:32,542:INFO:Convolution type: SAGE
2025-02-10 14:56:32,542:INFO:Convolution neurons: 256
2025-02-10 15:01:02,062:INFO:Learning rate: 0.0008
2025-02-10 15:01:02,063:INFO:Weight decay: 0.001
2025-02-10 15:01:02,063:INFO:Batch size: 64
2025-02-10 15:01:02,063:INFO:Number of layers: 2
2025-02-10 15:01:02,063:INFO:Convolution type: SAGE
2025-02-10 15:01:02,063:INFO:Convolution neurons: 256
2025-02-10 15:01:19,429:INFO:Epoch 1: Train Loss: 991191.4413, Train Node Loss: 0.1986, Train Reg Loss: 9911.9125, Train MAPE: 99.7659, Train R: 0.0510, Train RRSE: 7.9516, Test Loss: 943647.7043, Test Node Loss: 0.0853, Test Reg Loss: 9436.4765, Test MAPE: 99.5198, Test R: -0.0222, Test RRSE: 9.0246
2025-02-10 15:01:35,718:INFO:Epoch 2: Train Loss: 976201.0916, Train Node Loss: 0.1046, Train Reg Loss: 9762.0097, Train MAPE: 98.9825, Train R: 0.0013, Train RRSE: 7.8913, Test Loss: 931768.6072, Test Node Loss: 0.1476, Test Reg Loss: 9317.6847, Test MAPE: 98.8759, Test R: -0.0037, Test RRSE: 8.9676
2025-02-10 15:01:52,001:INFO:Epoch 3: Train Loss: 961391.2094, Train Node Loss: 0.3444, Train Reg Loss: 9613.9086, Train MAPE: 98.2063, Train R: 0.0153, Train RRSE: 7.8312, Test Loss: 914727.2068, Test Node Loss: 0.8182, Test Reg Loss: 9147.2640, Test MAPE: 97.9450, Test R: 0.0368, Test RRSE: 8.8852
2025-02-10 15:02:08,305:INFO:Epoch 4: Train Loss: 943178.8599, Train Node Loss: 2.2938, Train Reg Loss: 9431.7659, Train MAPE: 97.2340, Train R: -0.0747, Train RRSE: 7.7566, Test Loss: 888748.1214, Test Node Loss: 6.7282, Test Reg Loss: 8887.4139, Test MAPE: 96.5087, Test R: 0.0714, Test RRSE: 8.7581
2025-02-10 15:02:24,615:INFO:Epoch 5: Train Loss: 917143.8508, Train Node Loss: 15.0233, Train Reg Loss: 9171.2883, Train MAPE: 95.8501, Train R: 0.0629, Train RRSE: 7.6488, Test Loss: 847684.5412, Test Node Loss: 49.6993, Test Reg Loss: 8476.3484, Test MAPE: 94.1924, Test R: 0.0909, Test RRSE: 8.5532
2025-02-10 15:02:40,908:INFO:Epoch 6: Train Loss: 873917.5227, Train Node Loss: 82.4130, Train Reg Loss: 8738.3512, Train MAPE: 93.4958, Train R: 0.1068, Train RRSE: 7.4661, Test Loss: 768556.5142, Test Node Loss: 275.0733, Test Reg Loss: 7682.8145, Test MAPE: 89.5540, Test R: 0.0942, Test RRSE: 8.1430
2025-02-10 15:02:57,198:INFO:Epoch 7: Train Loss: 791316.0276, Train Node Loss: 354.5356, Train Reg Loss: 7909.6148, Train MAPE: 88.7433, Train R: -0.0327, Train RRSE: 7.1032, Test Loss: 615129.9548, Test Node Loss: 1185.6634, Test Reg Loss: 6139.4429, Test MAPE: 79.7749, Test R: 0.0913, Test RRSE: 7.2793
2025-02-10 15:03:13,492:INFO:Epoch 8: Train Loss: 636017.3661, Train Node Loss: 1255.0637, Train Reg Loss: 6347.6229, Train MAPE: 79.2205, Train R: 0.1397, Train RRSE: 6.3633, Test Loss: 354013.0495, Test Node Loss: 4239.1779, Test Reg Loss: 3497.7388, Test MAPE: 59.4786, Test R: 0.0871, Test RRSE: 5.4944
2025-02-10 15:03:29,780:INFO:Epoch 9: Train Loss: 386846.8024, Train Node Loss: 3863.3680, Train Reg Loss: 3829.8344, Train MAPE: 60.4153, Train R: 0.0769, Train RRSE: 4.9427, Test Loss: 66280.8036, Test Node Loss: 12907.7410, Test Reg Loss: 533.7306, Test MAPE: 20.1218, Test R: 0.0866, Test RRSE: 2.1463
2025-02-10 15:03:46,108:INFO:Epoch 10: Train Loss: 113033.2222, Train Node Loss: 10474.7938, Train Reg Loss: 1025.5843, Train MAPE: 26.3572, Train R: -0.0649, Train RRSE: 2.5578, Test Loss: 233067.2497, Test Node Loss: 32413.4247, Test Reg Loss: 2006.5382, Test MAPE: 46.4090, Test R: 0.0882, Test RRSE: 4.1615
2025-02-10 15:04:02,421:INFO:Epoch 11: Train Loss: 85358.7632, Train Node Loss: 21570.2322, Train Reg Loss: 637.8853, Train MAPE: 23.3189, Train R: 0.0708, Train RRSE: 2.0172, Test Loss: 531686.1410, Test Node Loss: 39375.5197, Test Reg Loss: 4923.1062, Test MAPE: 73.3903, Test R: 0.0879, Test RRSE: 6.5184
2025-02-10 15:04:18,690:INFO:Epoch 12: Train Loss: 106323.5554, Train Node Loss: 22231.8591, Train Reg Loss: 840.9170, Train MAPE: 27.9268, Train R: -0.0838, Train RRSE: 2.3161, Test Loss: 110312.4962, Test Node Loss: 23021.3878, Test Reg Loss: 872.9111, Test MAPE: 29.8194, Test R: 0.0831, Test RRSE: 2.7448
2025-02-10 15:04:35,018:INFO:Epoch 13: Train Loss: 35364.5132, Train Node Loss: 15258.7738, Train Reg Loss: 201.0574, Train MAPE: 11.7781, Train R: 0.0437, Train RRSE: 1.1325, Test Loss: 26832.4387, Test Node Loss: 13565.3628, Test Reg Loss: 132.6708, Test MAPE: 9.2181, Test R: 0.0772, Test RRSE: 1.0701
2025-02-10 15:04:51,475:INFO:Epoch 14: Train Loss: 50748.2011, Train Node Loss: 11086.8660, Train Reg Loss: 396.6134, Train MAPE: 14.9106, Train R: 0.0301, Train RRSE: 1.5906, Test Loss: 36132.8857, Test Node Loss: 11439.7486, Test Reg Loss: 246.9314, Test MAPE: 11.9469, Test R: 0.0811, Test RRSE: 1.4599
2025-02-10 15:05:07,783:INFO:Epoch 15: Train Loss: 51191.7764, Train Node Loss: 10760.6778, Train Reg Loss: 404.3110, Train MAPE: 15.2308, Train R: 0.1442, Train RRSE: 1.6060, Test Loss: 26066.5748, Test Node Loss: 13169.7676, Test Reg Loss: 128.9681, Test MAPE: 9.2360, Test R: 0.0897, Test RRSE: 1.0550
2025-02-10 15:05:24,041:INFO:Epoch 16: Train Loss: 33415.7073, Train Node Loss: 12559.8780, Train Reg Loss: 208.5583, Train MAPE: 10.7074, Train R: 0.1297, Train RRSE: 1.1534, Test Loss: 37470.6092, Test Node Loss: 16115.7691, Test Reg Loss: 213.5484, Test MAPE: 13.7679, Test R: 0.0961, Test RRSE: 1.3576
2025-02-10 15:05:40,367:INFO:Epoch 17: Train Loss: 31671.8739, Train Node Loss: 14667.9133, Train Reg Loss: 170.0396, Train MAPE: 11.1421, Train R: 0.1259, Train RRSE: 1.0415, Test Loss: 55805.2482, Test Node Loss: 17421.6046, Test Reg Loss: 383.8364, Test MAPE: 18.9602, Test R: 0.1004, Test RRSE: 1.8201
2025-02-10 15:05:56,652:INFO:Epoch 18: Train Loss: 35189.6630, Train Node Loss: 15220.5369, Train Reg Loss: 199.6913, Train MAPE: 12.5315, Train R: 0.1546, Train RRSE: 1.1286, Test Loss: 40647.1270, Test Node Loss: 15782.7752, Test Reg Loss: 248.6435, Test MAPE: 14.9414, Test R: 0.1035, Test RRSE: 1.4649
2025-02-10 15:06:12,968:INFO:Epoch 19: Train Loss: 29988.5098, Train Node Loss: 13812.7851, Train Reg Loss: 161.7573, Train MAPE: 10.7231, Train R: 0.1253, Train RRSE: 1.0158, Test Loss: 25785.0235, Test Node Loss: 13302.6661, Test Reg Loss: 124.8236, Test MAPE: 10.1258, Test R: 0.1065, Test RRSE: 1.0379
2025-02-10 15:06:29,267:INFO:Epoch 20: Train Loss: 29059.0775, Train Node Loss: 12329.7034, Train Reg Loss: 167.2937, Train MAPE: 9.8645, Train R: 0.1788, Train RRSE: 1.0330, Test Loss: 24313.8524, Test Node Loss: 12065.8221, Test Reg Loss: 122.4803, Test MAPE: 9.3277, Test R: 0.1092, Test RRSE: 1.0282
2025-02-10 15:06:45,572:INFO:Epoch 21: Train Loss: 29812.8713, Train Node Loss: 11747.3626, Train Reg Loss: 180.6551, Train MAPE: 10.0630, Train R: 0.1891, Train RRSE: 1.0735, Test Loss: 23983.7652, Test Node Loss: 11965.0498, Test Reg Loss: 120.1872, Test MAPE: 9.3674, Test R: 0.1115, Test RRSE: 1.0185
2025-02-10 15:07:01,886:INFO:Epoch 22: Train Loss: 28635.8595, Train Node Loss: 12043.4435, Train Reg Loss: 165.9242, Train MAPE: 9.9561, Train R: 0.1234, Train RRSE: 1.0288, Test Loss: 24966.2086, Test Node Loss: 12494.7968, Test Reg Loss: 124.7141, Test MAPE: 10.1226, Test R: 0.1137, Test RRSE: 1.0375
2025-02-10 15:07:18,213:INFO:Epoch 23: Train Loss: 27631.8503, Train Node Loss: 12458.8330, Train Reg Loss: 151.7302, Train MAPE: 10.1529, Train R: 0.1940, Train RRSE: 0.9838, Test Loss: 25657.6682, Test Node Loss: 12485.7843, Test Reg Loss: 131.7188, Test MAPE: 10.5541, Test R: 0.1158, Test RRSE: 1.0662
2025-02-10 15:07:34,814:INFO:Epoch 24: Train Loss: 27909.3077, Train Node Loss: 12410.0101, Train Reg Loss: 154.9930, Train MAPE: 10.3300, Train R: 0.1667, Train RRSE: 0.9943, Test Loss: 24450.5003, Test Node Loss: 11987.5881, Test Reg Loss: 124.6291, Test MAPE: 10.1024, Test R: 0.1179, Test RRSE: 1.0371
2025-02-10 15:07:51,089:INFO:Epoch 25: Train Loss: 27152.5300, Train Node Loss: 11952.9505, Train Reg Loss: 151.9958, Train MAPE: 10.0720, Train R: 0.1902, Train RRSE: 0.9847, Test Loss: 23166.9622, Test Node Loss: 11328.3627, Test Reg Loss: 118.3860, Test MAPE: 9.6133, Test R: 0.1204, Test RRSE: 1.0108
2025-02-10 15:08:07,621:INFO:Epoch 26: Train Loss: 26909.9613, Train Node Loss: 11369.2991, Train Reg Loss: 155.4066, Train MAPE: 9.9835, Train R: 0.1873, Train RRSE: 0.9957, Test Loss: 22719.1236, Test Node Loss: 10731.3161, Test Reg Loss: 119.8781, Test MAPE: 9.3454, Test R: 0.1230, Test RRSE: 1.0172
2025-02-10 15:08:24,107:INFO:Epoch 27: Train Loss: 26785.1415, Train Node Loss: 10995.5443, Train Reg Loss: 157.8960, Train MAPE: 9.8552, Train R: 0.1943, Train RRSE: 1.0036, Test Loss: 22479.8743, Test Node Loss: 10628.0536, Test Reg Loss: 118.5182, Test MAPE: 9.3743, Test R: 0.1254, Test RRSE: 1.0114
2025-02-10 15:08:40,623:INFO:Epoch 28: Train Loss: 26536.6159, Train Node Loss: 10965.1687, Train Reg Loss: 155.7145, Train MAPE: 9.9201, Train R: 0.1780, Train RRSE: 0.9966, Test Loss: 22448.8285, Test Node Loss: 10672.3166, Test Reg Loss: 117.7651, Test MAPE: 9.6391, Test R: 0.1277, Test RRSE: 1.0082
2025-02-10 15:08:56,935:INFO:Epoch 29: Train Loss: 25947.3185, Train Node Loss: 11022.8463, Train Reg Loss: 149.2447, Train MAPE: 10.0697, Train R: 0.2235, Train RRSE: 0.9757, Test Loss: 22549.7944, Test Node Loss: 10638.5084, Test Reg Loss: 119.1129, Test MAPE: 9.8203, Test R: 0.1302, Test RRSE: 1.0139
2025-02-10 15:09:13,498:INFO:Epoch 30: Train Loss: 25998.4763, Train Node Loss: 10886.5213, Train Reg Loss: 151.1195, Train MAPE: 10.1379, Train R: 0.2001, Train RRSE: 0.9818, Test Loss: 22005.5304, Test Node Loss: 10267.0474, Test Reg Loss: 117.3848, Test MAPE: 9.6534, Test R: 0.1329, Test RRSE: 1.0065
2025-02-10 15:09:29,757:INFO:Epoch 31: Train Loss: 25666.9752, Train Node Loss: 10548.8666, Train Reg Loss: 151.1811, Train MAPE: 10.0261, Train R: 0.2034, Train RRSE: 0.9820, Test Loss: 21612.0856, Test Node Loss: 9871.9836, Test Reg Loss: 117.4010, Test MAPE: 9.4127, Test R: 0.1355, Test RRSE: 1.0066
2025-02-10 15:09:45,996:INFO:Epoch 32: Train Loss: 25635.5327, Train Node Loss: 10158.7652, Train Reg Loss: 154.7677, Train MAPE: 9.9098, Train R: 0.1903, Train RRSE: 0.9936, Test Loss: 21457.2575, Test Node Loss: 9502.8257, Test Reg Loss: 119.5443, Test MAPE: 9.3166, Test R: 0.1383, Test RRSE: 1.0158
2025-02-10 15:10:02,267:INFO:Epoch 33: Train Loss: 25281.2602, Train Node Loss: 9903.6647, Train Reg Loss: 153.7760, Train MAPE: 9.8830, Train R: 0.2179, Train RRSE: 0.9904, Test Loss: 21204.4420, Test Node Loss: 9474.0147, Test Reg Loss: 117.3043, Test MAPE: 9.4323, Test R: 0.1413, Test RRSE: 1.0062
2025-02-10 15:10:18,558:INFO:Epoch 34: Train Loss: 24683.6851, Train Node Loss: 9884.3948, Train Reg Loss: 147.9929, Train MAPE: 9.9504, Train R: 0.2539, Train RRSE: 0.9716, Test Loss: 21191.3476, Test Node Loss: 9532.9010, Test Reg Loss: 116.5845, Test MAPE: 9.5886, Test R: 0.1442, Test RRSE: 1.0031
2025-02-10 15:10:34,806:INFO:Epoch 35: Train Loss: 25043.8207, Train Node Loss: 9896.6086, Train Reg Loss: 151.4721, Train MAPE: 10.1282, Train R: 0.1958, Train RRSE: 0.9830, Test Loss: 21063.6695, Test Node Loss: 9398.6652, Test Reg Loss: 116.6500, Test MAPE: 9.6861, Test R: 0.1472, Test RRSE: 1.0034
2025-02-10 15:10:51,099:INFO:Epoch 36: Train Loss: 24541.9811, Train Node Loss: 9696.1511, Train Reg Loss: 148.4583, Train MAPE: 10.0806, Train R: 0.2325, Train RRSE: 0.9731, Test Loss: 20706.5274, Test Node Loss: 9109.7765, Test Reg Loss: 115.9675, Test MAPE: 9.5194, Test R: 0.1501, Test RRSE: 1.0004
2025-02-10 15:11:07,407:INFO:Epoch 37: Train Loss: 24253.1317, Train Node Loss: 9426.8778, Train Reg Loss: 148.2625, Train MAPE: 9.9941, Train R: 0.2411, Train RRSE: 0.9725, Test Loss: 20448.0381, Test Node Loss: 8805.1722, Test Reg Loss: 116.4287, Test MAPE: 9.4218, Test R: 0.1535, Test RRSE: 1.0024
2025-02-10 15:11:23,735:INFO:Epoch 38: Train Loss: 24266.9364, Train Node Loss: 9192.9512, Train Reg Loss: 150.7399, Train MAPE: 9.9763, Train R: 0.2206, Train RRSE: 0.9806, Test Loss: 20273.2224, Test Node Loss: 8627.0255, Test Reg Loss: 116.4620, Test MAPE: 9.3878, Test R: 0.1567, Test RRSE: 1.0026
2025-02-10 15:11:40,003:INFO:Epoch 39: Train Loss: 24077.1206, Train Node Loss: 8992.4831, Train Reg Loss: 150.8464, Train MAPE: 9.9215, Train R: 0.2255, Train RRSE: 0.9809, Test Loss: 20097.0267, Test Node Loss: 8482.1270, Test Reg Loss: 116.1490, Test MAPE: 9.4063, Test R: 0.1598, Test RRSE: 1.0012
2025-02-10 15:11:56,328:INFO:Epoch 40: Train Loss: 23706.0229, Train Node Loss: 8897.4697, Train Reg Loss: 148.0855, Train MAPE: 9.9474, Train R: 0.2489, Train RRSE: 0.9719, Test Loss: 19950.9852, Test Node Loss: 8434.1486, Test Reg Loss: 115.1684, Test MAPE: 9.4659, Test R: 0.1633, Test RRSE: 0.9970
2025-02-10 15:12:12,864:INFO:Epoch 41: Train Loss: 23675.4943, Train Node Loss: 8797.3712, Train Reg Loss: 148.7812, Train MAPE: 10.0296, Train R: 0.2334, Train RRSE: 0.9742, Test Loss: 19788.6668, Test Node Loss: 8299.2037, Test Reg Loss: 114.8946, Test MAPE: 9.4526, Test R: 0.1667, Test RRSE: 0.9958
2025-02-10 15:12:29,146:INFO:Epoch 42: Train Loss: 23616.0969, Train Node Loss: 8745.3031, Train Reg Loss: 148.7079, Train MAPE: 10.1896, Train R: 0.2303, Train RRSE: 0.9740, Test Loss: 19700.6494, Test Node Loss: 8232.4335, Test Reg Loss: 114.6822, Test MAPE: 9.5858, Test R: 0.1702, Test RRSE: 0.9949
2025-02-10 15:12:45,463:INFO:Epoch 43: Train Loss: 23104.1668, Train Node Loss: 8533.9927, Train Reg Loss: 145.7017, Train MAPE: 10.0853, Train R: 0.2681, Train RRSE: 0.9641, Test Loss: 19459.4242, Test Node Loss: 7836.0202, Test Reg Loss: 116.2340, Test MAPE: 9.3047, Test R: 0.1742, Test RRSE: 1.0016
2025-02-10 15:13:01,778:INFO:Epoch 44: Train Loss: 23115.0314, Train Node Loss: 8243.6083, Train Reg Loss: 148.7142, Train MAPE: 9.9460, Train R: 0.2522, Train RRSE: 0.9740, Test Loss: 19378.1996, Test Node Loss: 7633.6432, Test Reg Loss: 117.4456, Test MAPE: 9.3244, Test R: 0.1778, Test RRSE: 1.0068
2025-02-10 15:13:18,114:INFO:Epoch 45: Train Loss: 22915.2760, Train Node Loss: 8121.9617, Train Reg Loss: 147.9331, Train MAPE: 9.9515, Train R: 0.2581, Train RRSE: 0.9714, Test Loss: 19123.3616, Test Node Loss: 7623.9022, Test Reg Loss: 114.9946, Test MAPE: 9.4012, Test R: 0.1816, Test RRSE: 0.9962
2025-02-10 15:13:34,390:INFO:Epoch 46: Train Loss: 22736.3301, Train Node Loss: 8048.9671, Train Reg Loss: 146.8736, Train MAPE: 10.0001, Train R: 0.2603, Train RRSE: 0.9679, Test Loss: 18963.8379, Test Node Loss: 7525.8829, Test Reg Loss: 114.3796, Test MAPE: 9.3609, Test R: 0.1853, Test RRSE: 0.9936
2025-02-10 15:13:50,655:INFO:Epoch 47: Train Loss: 22540.9771, Train Node Loss: 7981.9659, Train Reg Loss: 145.5901, Train MAPE: 10.0622, Train R: 0.2693, Train RRSE: 0.9637, Test Loss: 18811.8521, Test Node Loss: 7396.9829, Test Reg Loss: 114.1487, Test MAPE: 9.4042, Test R: 0.1894, Test RRSE: 0.9926
2025-02-10 15:14:06,922:INFO:Epoch 48: Train Loss: 22414.0358, Train Node Loss: 7827.4949, Train Reg Loss: 145.8654, Train MAPE: 10.0519, Train R: 0.2681, Train RRSE: 0.9646, Test Loss: 18768.5949, Test Node Loss: 7140.8705, Test Reg Loss: 116.2772, Test MAPE: 9.3247, Test R: 0.1940, Test RRSE: 1.0018
2025-02-10 15:14:23,203:INFO:Epoch 49: Train Loss: 22472.6133, Train Node Loss: 7615.5640, Train Reg Loss: 148.5705, Train MAPE: 9.9713, Train R: 0.2466, Train RRSE: 0.9735, Test Loss: 18635.1097, Test Node Loss: 7015.9546, Test Reg Loss: 116.1915, Test MAPE: 9.2822, Test R: 0.1986, Test RRSE: 1.0014
2025-02-10 15:14:39,534:INFO:Epoch 50: Train Loss: 21823.8594, Train Node Loss: 7525.1383, Train Reg Loss: 142.9872, Train MAPE: 9.9977, Train R: 0.3082, Train RRSE: 0.9550, Test Loss: 18430.2698, Test Node Loss: 6945.6020, Test Reg Loss: 114.8467, Test MAPE: 9.3165, Test R: 0.2030, Test RRSE: 0.9956
2025-02-10 15:14:55,831:INFO:Epoch 51: Train Loss: 21638.0971, Train Node Loss: 7426.2973, Train Reg Loss: 142.1180, Train MAPE: 10.0429, Train R: 0.3153, Train RRSE: 0.9521, Test Loss: 18265.4941, Test Node Loss: 6855.2374, Test Reg Loss: 114.1026, Test MAPE: 9.3232, Test R: 0.2077, Test RRSE: 0.9924
2025-02-10 15:15:12,112:INFO:Epoch 52: Train Loss: 21556.8610, Train Node Loss: 7366.4219, Train Reg Loss: 141.9044, Train MAPE: 10.0844, Train R: 0.3119, Train RRSE: 0.9514, Test Loss: 18119.7027, Test Node Loss: 6746.8847, Test Reg Loss: 113.7282, Test MAPE: 9.3527, Test R: 0.2127, Test RRSE: 0.9907
2025-02-10 15:15:28,430:INFO:Epoch 53: Train Loss: 21686.5143, Train Node Loss: 7220.0588, Train Reg Loss: 144.6646, Train MAPE: 10.1073, Train R: 0.2822, Train RRSE: 0.9606, Test Loss: 18187.7938, Test Node Loss: 6512.8756, Test Reg Loss: 116.7492, Test MAPE: 9.3072, Test R: 0.2180, Test RRSE: 1.0038
2025-02-10 15:15:44,730:INFO:Epoch 54: Train Loss: 21264.3428, Train Node Loss: 7100.8847, Train Reg Loss: 141.6346, Train MAPE: 10.0652, Train R: 0.3183, Train RRSE: 0.9505, Test Loss: 17880.1860, Test Node Loss: 6502.8760, Test Reg Loss: 113.7731, Test MAPE: 9.3525, Test R: 0.2234, Test RRSE: 0.9909
2025-02-10 15:16:01,204:INFO:Epoch 55: Train Loss: 21343.8946, Train Node Loss: 7023.6838, Train Reg Loss: 143.2021, Train MAPE: 10.0601, Train R: 0.2973, Train RRSE: 0.9558, Test Loss: 17935.1758, Test Node Loss: 6303.5857, Test Reg Loss: 116.3159, Test MAPE: 9.3301, Test R: 0.2288, Test RRSE: 1.0019
2025-02-10 15:16:17,660:INFO:Epoch 56: Train Loss: 20897.3054, Train Node Loss: 6888.0585, Train Reg Loss: 140.0925, Train MAPE: 10.0642, Train R: 0.3349, Train RRSE: 0.9453, Test Loss: 17982.5009, Test Node Loss: 6144.9125, Test Reg Loss: 118.3759, Test MAPE: 9.3072, Test R: 0.2346, Test RRSE: 1.0108
2025-02-10 15:16:33,872:INFO:Epoch 57: Train Loss: 20852.4121, Train Node Loss: 6704.3609, Train Reg Loss: 141.4805, Train MAPE: 10.0336, Train R: 0.3296, Train RRSE: 0.9500, Test Loss: 17866.8542, Test Node Loss: 6047.5823, Test Reg Loss: 118.1927, Test MAPE: 9.3303, Test R: 0.2410, Test RRSE: 1.0100
2025-02-10 15:16:50,131:INFO:Epoch 58: Train Loss: 20647.0976, Train Node Loss: 6680.2830, Train Reg Loss: 139.6681, Train MAPE: 10.0831, Train R: 0.3376, Train RRSE: 0.9439, Test Loss: 17424.4622, Test Node Loss: 6075.7154, Test Reg Loss: 113.4875, Test MAPE: 9.3504, Test R: 0.2475, Test RRSE: 0.9897
2025-02-10 15:17:06,411:INFO:Epoch 59: Train Loss: 20662.7491, Train Node Loss: 6671.5764, Train Reg Loss: 139.9117, Train MAPE: 10.2041, Train R: 0.3297, Train RRSE: 0.9447, Test Loss: 17418.2184, Test Node Loss: 5929.1463, Test Reg Loss: 114.8907, Test MAPE: 9.3102, Test R: 0.2538, Test RRSE: 0.9958
2025-02-10 15:17:22,716:INFO:Epoch 60: Train Loss: 20818.2842, Train Node Loss: 6384.7937, Train Reg Loss: 144.3349, Train MAPE: 10.0812, Train R: 0.3038, Train RRSE: 0.9595, Test Loss: 18142.9073, Test Node Loss: 5634.8866, Test Reg Loss: 125.0802, Test MAPE: 9.3972, Test R: 0.2602, Test RRSE: 1.0390
2025-02-10 15:17:39,035:INFO:Epoch 61: Train Loss: 20164.4722, Train Node Loss: 6363.7136, Train Reg Loss: 138.0076, Train MAPE: 10.1132, Train R: 0.3565, Train RRSE: 0.9383, Test Loss: 16874.8461, Test Node Loss: 5949.8113, Test Reg Loss: 109.2504, Test MAPE: 9.5036, Test R: 0.2659, Test RRSE: 0.9710
2025-02-10 15:17:55,335:INFO:Epoch 62: Train Loss: 20141.7445, Train Node Loss: 6372.8856, Train Reg Loss: 137.6886, Train MAPE: 10.2335, Train R: 0.3520, Train RRSE: 0.9372, Test Loss: 17016.5626, Test Node Loss: 5688.8803, Test Reg Loss: 113.2768, Test MAPE: 9.4095, Test R: 0.2718, Test RRSE: 0.9888
2025-02-10 15:18:11,671:INFO:Epoch 63: Train Loss: 20027.6375, Train Node Loss: 6170.1323, Train Reg Loss: 138.5751, Train MAPE: 10.1356, Train R: 0.3529, Train RRSE: 0.9402, Test Loss: 17263.8125, Test Node Loss: 5505.5705, Test Reg Loss: 117.5824, Test MAPE: 9.3881, Test R: 0.2782, Test RRSE: 1.0074
2025-02-10 15:18:28,026:INFO:Epoch 64: Train Loss: 19799.1363, Train Node Loss: 6153.2834, Train Reg Loss: 136.4585, Train MAPE: 10.1745, Train R: 0.3653, Train RRSE: 0.9330, Test Loss: 16637.9246, Test Node Loss: 5598.5221, Test Reg Loss: 110.3940, Test MAPE: 9.3867, Test R: 0.2840, Test RRSE: 0.9761
2025-02-10 15:18:44,319:INFO:Epoch 65: Train Loss: 19521.6722, Train Node Loss: 6116.1160, Train Reg Loss: 134.0556, Train MAPE: 10.2108, Train R: 0.3883, Train RRSE: 0.9247, Test Loss: 16533.9329, Test Node Loss: 5521.1958, Test Reg Loss: 110.1274, Test MAPE: 9.4526, Test R: 0.2903, Test RRSE: 0.9749
2025-02-10 15:19:00,648:INFO:Epoch 66: Train Loss: 19244.2280, Train Node Loss: 5981.2981, Train Reg Loss: 132.6293, Train MAPE: 10.1880, Train R: 0.4001, Train RRSE: 0.9198, Test Loss: 17322.6010, Test Node Loss: 5213.3400, Test Reg Loss: 121.0926, Test MAPE: 9.5044, Test R: 0.2973, Test RRSE: 1.0223
2025-02-10 15:19:16,810:INFO:Epoch 67: Train Loss: 19193.8577, Train Node Loss: 5813.1619, Train Reg Loss: 133.8070, Train MAPE: 10.1154, Train R: 0.4059, Train RRSE: 0.9239, Test Loss: 16528.8979, Test Node Loss: 5302.3558, Test Reg Loss: 112.2654, Test MAPE: 9.4602, Test R: 0.3037, Test RRSE: 0.9843
2025-02-10 15:19:33,095:INFO:Epoch 68: Train Loss: 18942.1507, Train Node Loss: 5865.0867, Train Reg Loss: 130.7706, Train MAPE: 10.2932, Train R: 0.4130, Train RRSE: 0.9133, Test Loss: 16069.3784, Test Node Loss: 5410.1146, Test Reg Loss: 106.5926, Test MAPE: 9.5857, Test R: 0.3081, Test RRSE: 0.9592
2025-02-10 15:19:49,440:INFO:Epoch 69: Train Loss: 19240.4821, Train Node Loss: 5829.6271, Train Reg Loss: 134.1085, Train MAPE: 10.4175, Train R: 0.3811, Train RRSE: 0.9249, Test Loss: 16733.7482, Test Node Loss: 5066.9409, Test Reg Loss: 116.6681, Test MAPE: 9.4978, Test R: 0.3121, Test RRSE: 1.0035
2025-02-10 15:20:05,687:INFO:Epoch 70: Train Loss: 18934.1140, Train Node Loss: 5558.1685, Train Reg Loss: 133.7595, Train MAPE: 10.2241, Train R: 0.4090, Train RRSE: 0.9237, Test Loss: 16180.9990, Test Node Loss: 5112.9020, Test Reg Loss: 110.6810, Test MAPE: 9.5224, Test R: 0.3186, Test RRSE: 0.9774
2025-02-10 15:20:22,002:INFO:Epoch 71: Train Loss: 18939.5339, Train Node Loss: 5729.3325, Train Reg Loss: 132.1020, Train MAPE: 10.5374, Train R: 0.4000, Train RRSE: 0.9180, Test Loss: 16042.4631, Test Node Loss: 5448.6967, Test Reg Loss: 105.9377, Test MAPE: 9.9647, Test R: 0.3220, Test RRSE: 0.9562
2025-02-10 15:20:38,302:INFO:Epoch 72: Train Loss: 18561.6114, Train Node Loss: 5585.2498, Train Reg Loss: 129.7636, Train MAPE: 10.4140, Train R: 0.4171, Train RRSE: 0.9098, Test Loss: 17481.3556, Test Node Loss: 4721.8954, Test Reg Loss: 127.5946, Test MAPE: 9.6103, Test R: 0.3275, Test RRSE: 1.0494
2025-02-10 15:20:54,643:INFO:Epoch 73: Train Loss: 18488.9921, Train Node Loss: 5349.6680, Train Reg Loss: 131.3932, Train MAPE: 10.1941, Train R: 0.4309, Train RRSE: 0.9155, Test Loss: 15541.0771, Test Node Loss: 5143.1575, Test Reg Loss: 103.9792, Test MAPE: 9.7136, Test R: 0.3325, Test RRSE: 0.9473
2025-02-10 15:21:10,933:INFO:Epoch 74: Train Loss: 18136.1017, Train Node Loss: 5528.6347, Train Reg Loss: 126.0747, Train MAPE: 10.5450, Train R: 0.4506, Train RRSE: 0.8968, Test Loss: 15449.6574, Test Node Loss: 5050.7703, Test Reg Loss: 103.9889, Test MAPE: 9.6570, Test R: 0.3362, Test RRSE: 0.9474
2025-02-10 15:21:27,189:INFO:Epoch 75: Train Loss: 17774.5492, Train Node Loss: 5321.5069, Train Reg Loss: 124.5304, Train MAPE: 10.2931, Train R: 0.4667, Train RRSE: 0.8913, Test Loss: 16602.0616, Test Node Loss: 4634.6303, Test Reg Loss: 119.6743, Test MAPE: 9.6290, Test R: 0.3413, Test RRSE: 1.0163
2025-02-10 15:21:43,482:INFO:Epoch 76: Train Loss: 17918.0362, Train Node Loss: 5213.6729, Train Reg Loss: 127.0436, Train MAPE: 10.2977, Train R: 0.4531, Train RRSE: 0.9002, Test Loss: 15286.7925, Test Node Loss: 4994.1370, Test Reg Loss: 102.9266, Test MAPE: 9.7632, Test R: 0.3448, Test RRSE: 0.9425
2025-02-10 15:22:00,081:INFO:Epoch 77: Train Loss: 17783.2656, Train Node Loss: 5285.0962, Train Reg Loss: 124.9817, Train MAPE: 10.4737, Train R: 0.4562, Train RRSE: 0.8929, Test Loss: 15344.0861, Test Node Loss: 4757.5039, Test Reg Loss: 105.8658, Test MAPE: 9.5942, Test R: 0.3502, Test RRSE: 0.9559
2025-02-10 15:22:16,423:INFO:Epoch 78: Train Loss: 17693.9130, Train Node Loss: 5181.8007, Train Reg Loss: 125.1211, Train MAPE: 10.4189, Train R: 0.4552, Train RRSE: 0.8934, Test Loss: 15214.5738, Test Node Loss: 4724.6843, Test Reg Loss: 104.8989, Test MAPE: 9.6528, Test R: 0.3537, Test RRSE: 0.9515
2025-02-10 15:22:32,730:INFO:Epoch 79: Train Loss: 17417.2430, Train Node Loss: 5000.5077, Train Reg Loss: 124.1673, Train MAPE: 10.3428, Train R: 0.4815, Train RRSE: 0.8900, Test Loss: 15171.2291, Test Node Loss: 4663.7324, Test Reg Loss: 105.0750, Test MAPE: 9.6479, Test R: 0.3581, Test RRSE: 0.9523
2025-02-10 15:22:48,941:INFO:Epoch 80: Train Loss: 17116.9447, Train Node Loss: 5085.8393, Train Reg Loss: 120.3111, Train MAPE: 10.5623, Train R: 0.4875, Train RRSE: 0.8761, Test Loss: 15773.2539, Test Node Loss: 5035.2497, Test Reg Loss: 107.3800, Test MAPE: 10.4461, Test R: 0.3603, Test RRSE: 0.9627
2025-02-10 15:23:05,233:INFO:Epoch 81: Train Loss: 17046.3895, Train Node Loss: 5104.3669, Train Reg Loss: 119.4202, Train MAPE: 10.6088, Train R: 0.4952, Train RRSE: 0.8728, Test Loss: 15923.4918, Test Node Loss: 4358.9823, Test Reg Loss: 115.6451, Test MAPE: 9.7197, Test R: 0.3651, Test RRSE: 0.9990
2025-02-10 15:23:21,546:INFO:Epoch 82: Train Loss: 17044.3230, Train Node Loss: 4826.5678, Train Reg Loss: 122.1776, Train MAPE: 10.2984, Train R: 0.4992, Train RRSE: 0.8828, Test Loss: 14834.7912, Test Node Loss: 4563.8254, Test Reg Loss: 102.7097, Test MAPE: 9.7357, Test R: 0.3686, Test RRSE: 0.9415
2025-02-10 15:23:37,823:INFO:Epoch 83: Train Loss: 16929.3558, Train Node Loss: 4984.5153, Train Reg Loss: 119.4484, Train MAPE: 10.6450, Train R: 0.4923, Train RRSE: 0.8729, Test Loss: 14817.7406, Test Node Loss: 4681.0654, Test Reg Loss: 101.3668, Test MAPE: 10.0095, Test R: 0.3713, Test RRSE: 0.9353
2025-02-10 15:23:54,124:INFO:Epoch 84: Train Loss: 16539.7112, Train Node Loss: 4801.2367, Train Reg Loss: 117.3847, Train MAPE: 10.4970, Train R: 0.5128, Train RRSE: 0.8653, Test Loss: 15120.7143, Test Node Loss: 4321.5576, Test Reg Loss: 107.9916, Test MAPE: 9.7396, Test R: 0.3745, Test RRSE: 0.9654
2025-02-10 15:24:10,387:INFO:Epoch 85: Train Loss: 16656.4023, Train Node Loss: 4736.5092, Train Reg Loss: 119.1989, Train MAPE: 10.4928, Train R: 0.4991, Train RRSE: 0.8720, Test Loss: 14702.2185, Test Node Loss: 4582.4122, Test Reg Loss: 101.1981, Test MAPE: 10.0660, Test R: 0.3775, Test RRSE: 0.9346
2025-02-10 15:24:26,687:INFO:Epoch 86: Train Loss: 16554.4335, Train Node Loss: 4861.5259, Train Reg Loss: 116.9291, Train MAPE: 10.8582, Train R: 0.5120, Train RRSE: 0.8637, Test Loss: 14890.1649, Test Node Loss: 4240.2927, Test Reg Loss: 106.4987, Test MAPE: 9.7589, Test R: 0.3798, Test RRSE: 0.9587
2025-02-10 15:24:42,986:INFO:Epoch 87: Train Loss: 16280.2783, Train Node Loss: 4528.1425, Train Reg Loss: 117.5214, Train MAPE: 10.4325, Train R: 0.5347, Train RRSE: 0.8658, Test Loss: 14657.0990, Test Node Loss: 4242.8551, Test Reg Loss: 104.1424, Test MAPE: 9.7652, Test R: 0.3824, Test RRSE: 0.9481
2025-02-10 15:24:59,294:INFO:Epoch 88: Train Loss: 15931.1934, Train Node Loss: 4685.7994, Train Reg Loss: 112.4539, Train MAPE: 10.6233, Train R: 0.5369, Train RRSE: 0.8470, Test Loss: 15342.8687, Test Node Loss: 4621.0445, Test Reg Loss: 107.2182, Test MAPE: 10.6558, Test R: 0.3828, Test RRSE: 0.9620
2025-02-10 15:25:15,629:INFO:Epoch 89: Train Loss: 16573.5389, Train Node Loss: 4656.6371, Train Reg Loss: 119.1690, Train MAPE: 10.8768, Train R: 0.4907, Train RRSE: 0.8719, Test Loss: 16241.7862, Test Node Loss: 3874.4720, Test Reg Loss: 123.6731, Test MAPE: 9.9410, Test R: 0.3863, Test RRSE: 1.0331
2025-02-10 15:25:31,902:INFO:Epoch 90: Train Loss: 15969.3109, Train Node Loss: 4474.4648, Train Reg Loss: 114.9485, Train MAPE: 10.6510, Train R: 0.5261, Train RRSE: 0.8563, Test Loss: 14319.9834, Test Node Loss: 4289.1151, Test Reg Loss: 100.3087, Test MAPE: 10.0572, Test R: 0.3870, Test RRSE: 0.9304
2025-02-10 15:25:48,171:INFO:Epoch 91: Train Loss: 15582.4119, Train Node Loss: 4512.5414, Train Reg Loss: 110.6987, Train MAPE: 10.6234, Train R: 0.5487, Train RRSE: 0.8403, Test Loss: 14342.3489, Test Node Loss: 4100.7873, Test Reg Loss: 102.4156, Test MAPE: 9.9197, Test R: 0.3901, Test RRSE: 0.9402
2025-02-10 15:26:04,461:INFO:Epoch 92: Train Loss: 15652.5522, Train Node Loss: 4378.5403, Train Reg Loss: 112.7401, Train MAPE: 10.6338, Train R: 0.5378, Train RRSE: 0.8480, Test Loss: 14311.5274, Test Node Loss: 4187.3915, Test Reg Loss: 101.2414, Test MAPE: 10.1490, Test R: 0.3905, Test RRSE: 0.9348
2025-02-10 15:26:20,735:INFO:Epoch 93: Train Loss: 15195.8561, Train Node Loss: 4401.3412, Train Reg Loss: 107.9451, Train MAPE: 10.7580, Train R: 0.5623, Train RRSE: 0.8298, Test Loss: 14287.9740, Test Node Loss: 4023.0650, Test Reg Loss: 102.6491, Test MAPE: 10.0306, Test R: 0.3934, Test RRSE: 0.9412
2025-02-10 15:26:37,052:INFO:Epoch 94: Train Loss: 15551.9054, Train Node Loss: 4303.4727, Train Reg Loss: 112.4843, Train MAPE: 10.8071, Train R: 0.5352, Train RRSE: 0.8471, Test Loss: 14397.7625, Test Node Loss: 4176.8454, Test Reg Loss: 102.2092, Test MAPE: 10.3627, Test R: 0.3942, Test RRSE: 0.9392
2025-02-10 15:26:53,311:INFO:Epoch 95: Train Loss: 15427.7210, Train Node Loss: 4230.4607, Train Reg Loss: 111.9726, Train MAPE: 10.7424, Train R: 0.5418, Train RRSE: 0.8451, Test Loss: 14876.0896, Test Node Loss: 3761.9966, Test Reg Loss: 111.1409, Test MAPE: 10.0221, Test R: 0.3972, Test RRSE: 0.9794
2025-02-10 15:27:09,603:INFO:Epoch 96: Train Loss: 15129.4855, Train Node Loss: 4313.8768, Train Reg Loss: 108.1561, Train MAPE: 11.0081, Train R: 0.5587, Train RRSE: 0.8306, Test Loss: 14413.2225, Test Node Loss: 4134.3641, Test Reg Loss: 102.7886, Test MAPE: 10.4636, Test R: 0.3978, Test RRSE: 0.9419
2025-02-10 15:27:25,929:INFO:Epoch 97: Train Loss: 14759.3349, Train Node Loss: 4214.5810, Train Reg Loss: 105.4475, Train MAPE: 10.6972, Train R: 0.5763, Train RRSE: 0.8202, Test Loss: 15239.0256, Test Node Loss: 3611.1467, Test Reg Loss: 116.2788, Test MAPE: 9.9863, Test R: 0.3982, Test RRSE: 1.0018
2025-02-10 15:27:42,200:INFO:Epoch 98: Train Loss: 15310.3293, Train Node Loss: 4097.8603, Train Reg Loss: 112.1247, Train MAPE: 10.7297, Train R: 0.5392, Train RRSE: 0.8457, Test Loss: 14281.4519, Test Node Loss: 4008.5263, Test Reg Loss: 102.7293, Test MAPE: 10.4640, Test R: 0.3985, Test RRSE: 0.9416
2025-02-10 15:27:58,685:INFO:Epoch 99: Train Loss: 14953.6979, Train Node Loss: 4014.0293, Train Reg Loss: 109.3967, Train MAPE: 10.6957, Train R: 0.5623, Train RRSE: 0.8354, Test Loss: 14406.1139, Test Node Loss: 4006.8549, Test Reg Loss: 103.9926, Test MAPE: 10.5912, Test R: 0.4011, Test RRSE: 0.9474
2025-02-10 15:28:14,998:INFO:Epoch 100: Train Loss: 15049.0574, Train Node Loss: 4058.6617, Train Reg Loss: 109.9040, Train MAPE: 10.8257, Train R: 0.5482, Train RRSE: 0.8373, Test Loss: 15334.1558, Test Node Loss: 4104.9057, Test Reg Loss: 112.2925, Test MAPE: 11.1063, Test R: 0.4027, Test RRSE: 0.9845
2025-02-10 15:28:31,312:INFO:Epoch 101: Train Loss: 14330.9893, Train Node Loss: 4068.0995, Train Reg Loss: 102.6289, Train MAPE: 10.8978, Train R: 0.5903, Train RRSE: 0.8091, Test Loss: 13980.2767, Test Node Loss: 3666.2562, Test Reg Loss: 103.1402, Test MAPE: 10.1735, Test R: 0.4053, Test RRSE: 0.9435
2025-02-10 15:28:47,615:INFO:Epoch 102: Train Loss: 14276.6529, Train Node Loss: 3863.1005, Train Reg Loss: 104.1355, Train MAPE: 10.6492, Train R: 0.5946, Train RRSE: 0.8150, Test Loss: 14311.1214, Test Node Loss: 3847.1265, Test Reg Loss: 104.6400, Test MAPE: 10.6496, Test R: 0.4063, Test RRSE: 0.9503
2025-02-10 15:29:03,875:INFO:Epoch 103: Train Loss: 14195.1983, Train Node Loss: 3932.7472, Train Reg Loss: 102.6245, Train MAPE: 10.8402, Train R: 0.5895, Train RRSE: 0.8091, Test Loss: 14334.2990, Test Node Loss: 3794.5630, Test Reg Loss: 105.3974, Test MAPE: 10.6772, Test R: 0.4053, Test RRSE: 0.9538
2025-02-10 15:29:20,161:INFO:Epoch 104: Train Loss: 13761.1604, Train Node Loss: 3844.2837, Train Reg Loss: 99.1688, Train MAPE: 10.8424, Train R: 0.6101, Train RRSE: 0.7954, Test Loss: 13999.6133, Test Node Loss: 3538.6015, Test Reg Loss: 104.6101, Test MAPE: 10.3114, Test R: 0.4080, Test RRSE: 0.9502
2025-02-10 15:29:36,714:INFO:Epoch 105: Train Loss: 14030.0954, Train Node Loss: 3777.9845, Train Reg Loss: 102.5211, Train MAPE: 10.8151, Train R: 0.5930, Train RRSE: 0.8087, Test Loss: 14947.9141, Test Node Loss: 3834.3682, Test Reg Loss: 111.1355, Test MAPE: 11.1040, Test R: 0.4088, Test RRSE: 0.9794
2025-02-10 15:29:52,977:INFO:Epoch 106: Train Loss: 14609.2151, Train Node Loss: 3726.4326, Train Reg Loss: 108.8278, Train MAPE: 10.9559, Train R: 0.5578, Train RRSE: 0.8332, Test Loss: 14279.0217, Test Node Loss: 3705.7479, Test Reg Loss: 105.7327, Test MAPE: 10.7659, Test R: 0.4110, Test RRSE: 0.9553
2025-02-10 15:30:09,247:INFO:Epoch 107: Train Loss: 13625.7317, Train Node Loss: 3851.8168, Train Reg Loss: 97.7391, Train MAPE: 11.1153, Train R: 0.6221, Train RRSE: 0.7896, Test Loss: 13893.4400, Test Node Loss: 3589.1588, Test Reg Loss: 103.0428, Test MAPE: 10.5823, Test R: 0.4120, Test RRSE: 0.9430
2025-02-10 15:30:25,482:INFO:Epoch 108: Train Loss: 13668.2452, Train Node Loss: 3611.0132, Train Reg Loss: 100.5723, Train MAPE: 10.7061, Train R: 0.6097, Train RRSE: 0.8010, Test Loss: 13806.8657, Test Node Loss: 3522.8002, Test Reg Loss: 102.8407, Test MAPE: 10.4685, Test R: 0.4140, Test RRSE: 0.9421
2025-02-10 15:30:41,747:INFO:Epoch 109: Train Loss: 13596.4105, Train Node Loss: 3625.1017, Train Reg Loss: 99.7131, Train MAPE: 10.8041, Train R: 0.6079, Train RRSE: 0.7975, Test Loss: 14320.8832, Test Node Loss: 3610.0347, Test Reg Loss: 107.1085, Test MAPE: 10.8567, Test R: 0.4153, Test RRSE: 0.9615
2025-02-10 15:30:58,007:INFO:Epoch 110: Train Loss: 13335.1131, Train Node Loss: 3668.1468, Train Reg Loss: 96.6697, Train MAPE: 11.0186, Train R: 0.6201, Train RRSE: 0.7853, Test Loss: 13973.1078, Test Node Loss: 3269.7709, Test Reg Loss: 107.0334, Test MAPE: 10.3342, Test R: 0.4162, Test RRSE: 0.9611
2025-02-10 15:31:14,258:INFO:Epoch 111: Train Loss: 13519.7603, Train Node Loss: 3571.0975, Train Reg Loss: 99.4866, Train MAPE: 11.0278, Train R: 0.6053, Train RRSE: 0.7966, Test Loss: 13945.0367, Test Node Loss: 3253.2941, Test Reg Loss: 106.9174, Test MAPE: 10.4391, Test R: 0.4155, Test RRSE: 0.9606
2025-02-10 15:31:30,544:INFO:Epoch 112: Train Loss: 13454.2826, Train Node Loss: 3421.5619, Train Reg Loss: 100.3272, Train MAPE: 10.8129, Train R: 0.6135, Train RRSE: 0.8000, Test Loss: 15216.1285, Test Node Loss: 3597.5639, Test Reg Loss: 116.1856, Test MAPE: 11.3831, Test R: 0.4169, Test RRSE: 1.0014
2025-02-10 15:31:46,815:INFO:Epoch 113: Train Loss: 13341.5409, Train Node Loss: 3598.7958, Train Reg Loss: 97.4275, Train MAPE: 11.2317, Train R: 0.6213, Train RRSE: 0.7883, Test Loss: 13767.8132, Test Node Loss: 3148.8263, Test Reg Loss: 106.1899, Test MAPE: 10.3773, Test R: 0.4197, Test RRSE: 0.9573
2025-02-10 15:32:03,097:INFO:Epoch 114: Train Loss: 13509.6377, Train Node Loss: 3296.2235, Train Reg Loss: 102.1341, Train MAPE: 10.7308, Train R: 0.6172, Train RRSE: 0.8072, Test Loss: 17479.5766, Test Node Loss: 3721.5109, Test Reg Loss: 137.5807, Test MAPE: 12.3517, Test R: 0.4210, Test RRSE: 1.0897
2025-02-10 15:32:19,402:INFO:Epoch 115: Train Loss: 13635.5547, Train Node Loss: 3564.1677, Train Reg Loss: 100.7139, Train MAPE: 11.3448, Train R: 0.6108, Train RRSE: 0.8015, Test Loss: 14285.5849, Test Node Loss: 2999.6383, Test Reg Loss: 112.8595, Test MAPE: 10.3443, Test R: 0.4248, Test RRSE: 0.9869
2025-02-10 15:32:35,588:INFO:Epoch 116: Train Loss: 13322.2370, Train Node Loss: 3327.5085, Train Reg Loss: 99.9473, Train MAPE: 10.9229, Train R: 0.6086, Train RRSE: 0.7985, Test Loss: 13947.2511, Test Node Loss: 3305.2472, Test Reg Loss: 106.4200, Test MAPE: 10.9416, Test R: 0.4260, Test RRSE: 0.9584
2025-02-10 15:32:51,689:INFO:Epoch 117: Train Loss: 12832.6487, Train Node Loss: 3299.3421, Train Reg Loss: 95.3331, Train MAPE: 10.9323, Train R: 0.6305, Train RRSE: 0.7798, Test Loss: 14157.9420, Test Node Loss: 3297.0227, Test Reg Loss: 108.6092, Test MAPE: 11.0732, Test R: 0.4251, Test RRSE: 0.9682
2025-02-10 15:33:07,761:INFO:Epoch 118: Train Loss: 13485.0241, Train Node Loss: 3409.5117, Train Reg Loss: 100.7551, Train MAPE: 11.3261, Train R: 0.6039, Train RRSE: 0.8017, Test Loss: 13964.0686, Test Node Loss: 2939.0373, Test Reg Loss: 110.2503, Test MAPE: 10.4516, Test R: 0.4267, Test RRSE: 0.9755
2025-02-10 15:33:23,868:INFO:Epoch 119: Train Loss: 13103.9523, Train Node Loss: 3131.2978, Train Reg Loss: 99.7265, Train MAPE: 10.7899, Train R: 0.6303, Train RRSE: 0.7976, Test Loss: 14065.5048, Test Node Loss: 3263.7352, Test Reg Loss: 108.0177, Test MAPE: 11.0810, Test R: 0.4277, Test RRSE: 0.9655
2025-02-10 15:33:39,990:INFO:Epoch 120: Train Loss: 12688.4147, Train Node Loss: 3335.3543, Train Reg Loss: 93.5306, Train MAPE: 11.1504, Train R: 0.6412, Train RRSE: 0.7724, Test Loss: 13298.8372, Test Node Loss: 2996.6953, Test Reg Loss: 103.0214, Test MAPE: 10.4307, Test R: 0.4303, Test RRSE: 0.9429
2025-02-10 15:33:56,286:INFO:Epoch 121: Train Loss: 13164.0718, Train Node Loss: 3187.7911, Train Reg Loss: 99.7628, Train MAPE: 10.9694, Train R: 0.6059, Train RRSE: 0.7977, Test Loss: 14076.3079, Test Node Loss: 3180.8231, Test Reg Loss: 108.9548, Test MAPE: 11.1163, Test R: 0.4287, Test RRSE: 0.9697
2025-02-10 15:34:12,641:INFO:Epoch 122: Train Loss: 12808.3543, Train Node Loss: 3150.1830, Train Reg Loss: 96.5817, Train MAPE: 11.0204, Train R: 0.6219, Train RRSE: 0.7849, Test Loss: 14472.9932, Test Node Loss: 3187.4202, Test Reg Loss: 112.8557, Test MAPE: 11.3054, Test R: 0.4303, Test RRSE: 0.9869
2025-02-10 15:34:28,726:INFO:Epoch 123: Train Loss: 12393.3436, Train Node Loss: 3165.4994, Train Reg Loss: 92.2784, Train MAPE: 11.0119, Train R: 0.6427, Train RRSE: 0.7672, Test Loss: 14585.8329, Test Node Loss: 2712.5919, Test Reg Loss: 118.7324, Test MAPE: 10.6220, Test R: 0.4313, Test RRSE: 1.0123
2025-02-10 15:34:44,815:INFO:Epoch 124: Train Loss: 12564.4154, Train Node Loss: 3053.8182, Train Reg Loss: 95.1060, Train MAPE: 10.9662, Train R: 0.6340, Train RRSE: 0.7789, Test Loss: 13815.2997, Test Node Loss: 3054.6430, Test Reg Loss: 107.6066, Test MAPE: 11.0488, Test R: 0.4323, Test RRSE: 0.9637
2025-02-10 15:35:00,928:INFO:Epoch 125: Train Loss: 12285.0092, Train Node Loss: 3129.1367, Train Reg Loss: 91.5587, Train MAPE: 11.1299, Train R: 0.6451, Train RRSE: 0.7642, Test Loss: 14266.8299, Test Node Loss: 2707.7245, Test Reg Loss: 115.5911, Test MAPE: 10.6339, Test R: 0.4353, Test RRSE: 0.9988
2025-02-10 15:35:17,031:INFO:Epoch 126: Train Loss: 12497.8039, Train Node Loss: 3036.0035, Train Reg Loss: 94.6180, Train MAPE: 10.9847, Train R: 0.6327, Train RRSE: 0.7769, Test Loss: 14202.9230, Test Node Loss: 3057.0505, Test Reg Loss: 111.4587, Test MAPE: 11.3054, Test R: 0.4362, Test RRSE: 0.9808
2025-02-10 15:35:33,159:INFO:Epoch 127: Train Loss: 12508.3488, Train Node Loss: 3072.6257, Train Reg Loss: 94.3572, Train MAPE: 11.0818, Train R: 0.6319, Train RRSE: 0.7758, Test Loss: 13796.5685, Test Node Loss: 2655.1895, Test Reg Loss: 111.4138, Test MAPE: 10.6441, Test R: 0.4336, Test RRSE: 0.9806
2025-02-10 15:35:49,246:INFO:Epoch 128: Train Loss: 12688.7209, Train Node Loss: 2896.5551, Train Reg Loss: 97.9217, Train MAPE: 11.0183, Train R: 0.6234, Train RRSE: 0.7903, Test Loss: 14336.5589, Test Node Loss: 3021.9882, Test Reg Loss: 113.1457, Test MAPE: 11.4192, Test R: 0.4390, Test RRSE: 0.9882
2025-02-10 15:36:05,387:INFO:Epoch 129: Train Loss: 12115.6856, Train Node Loss: 3008.9372, Train Reg Loss: 91.0675, Train MAPE: 11.1246, Train R: 0.6485, Train RRSE: 0.7622, Test Loss: 14525.1093, Test Node Loss: 2559.2277, Test Reg Loss: 119.6588, Test MAPE: 10.7085, Test R: 0.4384, Test RRSE: 1.0162
2025-02-10 15:36:21,504:INFO:Epoch 130: Train Loss: 12412.0350, Train Node Loss: 2921.1149, Train Reg Loss: 94.9092, Train MAPE: 11.1033, Train R: 0.6295, Train RRSE: 0.7781, Test Loss: 13153.0847, Test Node Loss: 2761.1412, Test Reg Loss: 103.9194, Test MAPE: 10.7613, Test R: 0.4400, Test RRSE: 0.9470
2025-02-10 15:36:37,623:INFO:Epoch 131: Train Loss: 12177.4181, Train Node Loss: 2828.0413, Train Reg Loss: 93.4938, Train MAPE: 11.0213, Train R: 0.6455, Train RRSE: 0.7723, Test Loss: 13721.3918, Test Node Loss: 2866.7171, Test Reg Loss: 108.5467, Test MAPE: 11.1973, Test R: 0.4394, Test RRSE: 0.9679
2025-02-10 15:36:53,758:INFO:Epoch 132: Train Loss: 11939.3699, Train Node Loss: 2944.2251, Train Reg Loss: 89.9514, Train MAPE: 11.3176, Train R: 0.6557, Train RRSE: 0.7575, Test Loss: 13569.9269, Test Node Loss: 2573.2711, Test Reg Loss: 109.9666, Test MAPE: 10.6548, Test R: 0.4410, Test RRSE: 0.9742
2025-02-10 15:37:09,875:INFO:Epoch 133: Train Loss: 11884.8213, Train Node Loss: 2749.5253, Train Reg Loss: 91.3530, Train MAPE: 10.8594, Train R: 0.6640, Train RRSE: 0.7634, Test Loss: 13426.6157, Test Node Loss: 2812.3768, Test Reg Loss: 106.1424, Test MAPE: 11.0755, Test R: 0.4429, Test RRSE: 0.9571
2025-02-10 15:37:25,935:INFO:Epoch 134: Train Loss: 12696.1892, Train Node Loss: 2961.9087, Train Reg Loss: 97.3428, Train MAPE: 11.4937, Train R: 0.6312, Train RRSE: 0.7880, Test Loss: 15961.7311, Test Node Loss: 2336.5670, Test Reg Loss: 136.2516, Test MAPE: 10.9472, Test R: 0.4386, Test RRSE: 1.0844
2025-02-10 15:37:42,012:INFO:Epoch 135: Train Loss: 12583.0629, Train Node Loss: 2683.7661, Train Reg Loss: 98.9930, Train MAPE: 11.0023, Train R: 0.6280, Train RRSE: 0.7947, Test Loss: 16294.2542, Test Node Loss: 2966.6771, Test Reg Loss: 133.2758, Test MAPE: 12.3120, Test R: 0.4384, Test RRSE: 1.0725
2025-02-10 15:37:58,379:INFO:Epoch 136: Train Loss: 12146.8599, Train Node Loss: 2830.0807, Train Reg Loss: 93.1678, Train MAPE: 11.2268, Train R: 0.6415, Train RRSE: 0.7709, Test Loss: 12997.5961, Test Node Loss: 2529.8533, Test Reg Loss: 104.6774, Test MAPE: 10.6660, Test R: 0.4389, Test RRSE: 0.9505
2025-02-10 15:38:14,487:INFO:Epoch 137: Train Loss: 13021.0136, Train Node Loss: 2700.4161, Train Reg Loss: 103.2060, Train MAPE: 11.0619, Train R: 0.5865, Train RRSE: 0.8114, Test Loss: 12932.8417, Test Node Loss: 2513.1591, Test Reg Loss: 104.1968, Test MAPE: 10.5059, Test R: 0.4416, Test RRSE: 0.9483
2025-02-10 15:38:30,587:INFO:Epoch 138: Train Loss: 11502.7525, Train Node Loss: 2664.1830, Train Reg Loss: 88.3857, Train MAPE: 10.8857, Train R: 0.6706, Train RRSE: 0.7509, Test Loss: 12861.5663, Test Node Loss: 2515.0183, Test Reg Loss: 103.4655, Test MAPE: 10.5886, Test R: 0.4420, Test RRSE: 0.9450
2025-02-10 15:38:46,691:INFO:Epoch 139: Train Loss: 11840.8083, Train Node Loss: 2697.4078, Train Reg Loss: 91.4340, Train MAPE: 11.0537, Train R: 0.6474, Train RRSE: 0.7637, Test Loss: 13000.2600, Test Node Loss: 2503.2561, Test Reg Loss: 104.9700, Test MAPE: 10.6595, Test R: 0.4415, Test RRSE: 0.9518
2025-02-10 15:39:02,809:INFO:Epoch 140: Train Loss: 11740.5240, Train Node Loss: 2742.6676, Train Reg Loss: 89.9786, Train MAPE: 11.3750, Train R: 0.6549, Train RRSE: 0.7576, Test Loss: 13981.8982, Test Node Loss: 2350.2914, Test Reg Loss: 116.3161, Test MAPE: 10.7704, Test R: 0.4393, Test RRSE: 1.0019
2025-02-10 15:39:18,957:INFO:Epoch 141: Train Loss: 11707.4470, Train Node Loss: 2635.8391, Train Reg Loss: 90.7161, Train MAPE: 11.1351, Train R: 0.6515, Train RRSE: 0.7607, Test Loss: 13963.3312, Test Node Loss: 2309.4678, Test Reg Loss: 116.5386, Test MAPE: 10.6898, Test R: 0.4405, Test RRSE: 1.0029
2025-02-10 15:39:35,042:INFO:Epoch 142: Train Loss: 11340.7069, Train Node Loss: 2612.6144, Train Reg Loss: 87.2809, Train MAPE: 11.0351, Train R: 0.6704, Train RRSE: 0.7462, Test Loss: 12977.4564, Test Node Loss: 2505.1638, Test Reg Loss: 104.7229, Test MAPE: 10.9087, Test R: 0.4451, Test RRSE: 0.9507
2025-02-10 15:39:51,127:INFO:Epoch 143: Train Loss: 11535.7164, Train Node Loss: 2557.2055, Train Reg Loss: 89.7851, Train MAPE: 11.0464, Train R: 0.6604, Train RRSE: 0.7568, Test Loss: 13525.9588, Test Node Loss: 2550.7442, Test Reg Loss: 109.7521, Test MAPE: 11.2499, Test R: 0.4431, Test RRSE: 0.9733
2025-02-10 15:40:07,230:INFO:Epoch 144: Train Loss: 11734.7854, Train Node Loss: 2642.6711, Train Reg Loss: 90.9211, Train MAPE: 11.4322, Train R: 0.6496, Train RRSE: 0.7616, Test Loss: 13260.6649, Test Node Loss: 2356.1589, Test Reg Loss: 109.0451, Test MAPE: 10.7696, Test R: 0.4461, Test RRSE: 0.9701
2025-02-10 15:40:23,318:INFO:Epoch 145: Train Loss: 11238.5173, Train Node Loss: 2538.8199, Train Reg Loss: 86.9970, Train MAPE: 11.1089, Train R: 0.6714, Train RRSE: 0.7450, Test Loss: 13253.6596, Test Node Loss: 2504.1509, Test Reg Loss: 107.4951, Test MAPE: 11.1416, Test R: 0.4488, Test RRSE: 0.9632
2025-02-10 15:40:39,646:INFO:Epoch 146: Train Loss: 11272.9911, Train Node Loss: 2576.6254, Train Reg Loss: 86.9637, Train MAPE: 11.2474, Train R: 0.6679, Train RRSE: 0.7448, Test Loss: 13254.3001, Test Node Loss: 2291.0862, Test Reg Loss: 109.6321, Test MAPE: 10.8012, Test R: 0.4482, Test RRSE: 0.9727
2025-02-10 15:40:55,939:INFO:Epoch 147: Train Loss: 11250.1986, Train Node Loss: 2533.8607, Train Reg Loss: 87.1634, Train MAPE: 11.1503, Train R: 0.6678, Train RRSE: 0.7457, Test Loss: 13718.2503, Test Node Loss: 2226.7353, Test Reg Loss: 114.9151, Test MAPE: 10.8458, Test R: 0.4490, Test RRSE: 0.9959
2025-02-10 15:41:12,243:INFO:Epoch 148: Train Loss: 11405.5724, Train Node Loss: 2494.0028, Train Reg Loss: 89.1157, Train MAPE: 11.1994, Train R: 0.6578, Train RRSE: 0.7540, Test Loss: 13795.5991, Test Node Loss: 2209.7061, Test Reg Loss: 115.8589, Test MAPE: 10.8985, Test R: 0.4470, Test RRSE: 1.0000
2025-02-10 15:41:28,303:INFO:Epoch 149: Train Loss: 11074.8067, Train Node Loss: 2403.7427, Train Reg Loss: 86.7106, Train MAPE: 11.0642, Train R: 0.6804, Train RRSE: 0.7437, Test Loss: 14999.7809, Test Node Loss: 2568.5647, Test Reg Loss: 124.3122, Test MAPE: 12.0210, Test R: 0.4488, Test RRSE: 1.0358
2025-02-10 15:41:44,448:INFO:Epoch 150: Train Loss: 11540.6755, Train Node Loss: 2540.7896, Train Reg Loss: 89.9989, Train MAPE: 11.4851, Train R: 0.6607, Train RRSE: 0.7577, Test Loss: 15657.7179, Test Node Loss: 2015.9298, Test Reg Loss: 136.4179, Test MAPE: 11.1636, Test R: 0.4428, Test RRSE: 1.0851
2025-02-10 15:42:00,561:INFO:Epoch 151: Train Loss: 12299.2640, Train Node Loss: 2344.0763, Train Reg Loss: 99.5519, Train MAPE: 11.1891, Train R: 0.6181, Train RRSE: 0.7969, Test Loss: 15001.2643, Test Node Loss: 2557.6232, Test Reg Loss: 124.4364, Test MAPE: 11.9673, Test R: 0.4481, Test RRSE: 1.0363
2025-02-10 15:42:16,879:INFO:Epoch 152: Train Loss: 11394.0872, Train Node Loss: 2435.7405, Train Reg Loss: 89.5835, Train MAPE: 11.2648, Train R: 0.6558, Train RRSE: 0.7559, Test Loss: 13677.0203, Test Node Loss: 2110.9762, Test Reg Loss: 115.6604, Test MAPE: 10.6708, Test R: 0.4416, Test RRSE: 0.9991
2025-02-10 15:42:32,964:INFO:Epoch 153: Train Loss: 11099.5517, Train Node Loss: 2320.8832, Train Reg Loss: 87.7867, Train MAPE: 10.6367, Train R: 0.6769, Train RRSE: 0.7483, Test Loss: 24105.2066, Test Node Loss: 2826.1413, Test Reg Loss: 212.7907, Test MAPE: 14.9573, Test R: 0.4396, Test RRSE: 1.3552
2025-02-10 15:42:49,158:INFO:Epoch 154: Train Loss: 11579.5179, Train Node Loss: 2465.4024, Train Reg Loss: 91.1412, Train MAPE: 11.5703, Train R: 0.6606, Train RRSE: 0.7625, Test Loss: 13438.6757, Test Node Loss: 2069.9540, Test Reg Loss: 113.6872, Test MAPE: 10.7385, Test R: 0.4450, Test RRSE: 0.9906
2025-02-10 15:43:05,386:INFO:Epoch 155: Train Loss: 11124.1037, Train Node Loss: 2237.4579, Train Reg Loss: 88.8665, Train MAPE: 10.8529, Train R: 0.6789, Train RRSE: 0.7529, Test Loss: 14552.9366, Test Node Loss: 2420.0072, Test Reg Loss: 121.3293, Test MAPE: 11.8601, Test R: 0.4471, Test RRSE: 1.0233
2025-02-10 15:43:22,124:INFO:Epoch 156: Train Loss: 11608.0387, Train Node Loss: 2444.7897, Train Reg Loss: 91.6325, Train MAPE: 11.7062, Train R: 0.6649, Train RRSE: 0.7645, Test Loss: 16329.9998, Test Node Loss: 1873.9362, Test Reg Loss: 144.5606, Test MAPE: 11.2068, Test R: 0.4430, Test RRSE: 1.1170
2025-02-10 15:43:38,662:INFO:Epoch 157: Train Loss: 11814.7497, Train Node Loss: 2120.7604, Train Reg Loss: 96.9399, Train MAPE: 11.0399, Train R: 0.6799, Train RRSE: 0.7864, Test Loss: 13420.5775, Test Node Loss: 2348.8709, Test Reg Loss: 110.7171, Test MAPE: 11.3833, Test R: 0.4496, Test RRSE: 0.9775
2025-02-10 15:43:55,183:INFO:Epoch 158: Train Loss: 12043.3479, Train Node Loss: 2434.9512, Train Reg Loss: 96.0840, Train MAPE: 11.7232, Train R: 0.6494, Train RRSE: 0.7829, Test Loss: 14775.1816, Test Node Loss: 1944.7923, Test Reg Loss: 128.3039, Test MAPE: 10.9343, Test R: 0.4442, Test RRSE: 1.0523
2025-02-10 15:44:11,708:INFO:Epoch 159: Train Loss: 11307.8016, Train Node Loss: 2199.5435, Train Reg Loss: 91.0826, Train MAPE: 10.8938, Train R: 0.6675, Train RRSE: 0.7622, Test Loss: 12642.2929, Test Node Loss: 2178.6979, Test Reg Loss: 104.6359, Test MAPE: 10.7869, Test R: 0.4423, Test RRSE: 0.9503
2025-02-10 15:44:28,208:INFO:Epoch 160: Train Loss: 11566.3590, Train Node Loss: 2365.1641, Train Reg Loss: 92.0119, Train MAPE: 11.6254, Train R: 0.6573, Train RRSE: 0.7661, Test Loss: 13106.4715, Test Node Loss: 1992.9792, Test Reg Loss: 111.1349, Test MAPE: 10.5853, Test R: 0.4440, Test RRSE: 0.9794
2025-02-10 15:44:44,694:INFO:Epoch 161: Train Loss: 11239.7658, Train Node Loss: 2109.5885, Train Reg Loss: 91.3018, Train MAPE: 10.8782, Train R: 0.6805, Train RRSE: 0.7632, Test Loss: 12631.7527, Test Node Loss: 2132.3718, Test Reg Loss: 104.9938, Test MAPE: 10.9026, Test R: 0.4440, Test RRSE: 0.9519
2025-02-10 15:45:01,157:INFO:Epoch 162: Train Loss: 12151.2270, Train Node Loss: 2348.5367, Train Reg Loss: 98.0269, Train MAPE: 11.8549, Train R: 0.6393, Train RRSE: 0.7908, Test Loss: 12770.1451, Test Node Loss: 2016.2253, Test Reg Loss: 107.5392, Test MAPE: 10.7705, Test R: 0.4450, Test RRSE: 0.9634
2025-02-10 15:45:17,637:INFO:Epoch 163: Train Loss: 11864.0219, Train Node Loss: 2005.2919, Train Reg Loss: 98.5873, Train MAPE: 10.8845, Train R: 0.6825, Train RRSE: 0.7930, Test Loss: 12621.3501, Test Node Loss: 1989.9551, Test Reg Loss: 106.3139, Test MAPE: 10.6530, Test R: 0.4443, Test RRSE: 0.9579
2025-02-10 15:45:34,105:INFO:Epoch 164: Train Loss: 11580.9061, Train Node Loss: 2303.8063, Train Reg Loss: 92.7710, Train MAPE: 11.7067, Train R: 0.6625, Train RRSE: 0.7693, Test Loss: 13822.9814, Test Node Loss: 2240.6431, Test Reg Loss: 115.8234, Test MAPE: 11.6080, Test R: 0.4439, Test RRSE: 0.9998
2025-02-10 15:45:50,583:INFO:Epoch 165: Train Loss: 11246.4452, Train Node Loss: 2118.4323, Train Reg Loss: 91.2801, Train MAPE: 10.9632, Train R: 0.6523, Train RRSE: 0.7631, Test Loss: 14115.9003, Test Node Loss: 1837.3611, Test Reg Loss: 122.7854, Test MAPE: 10.7995, Test R: 0.4394, Test RRSE: 1.0294
2025-02-10 15:46:07,123:INFO:Epoch 166: Train Loss: 11705.6705, Train Node Loss: 2115.3314, Train Reg Loss: 95.9034, Train MAPE: 11.2620, Train R: 0.6270, Train RRSE: 0.7822, Test Loss: 15016.9147, Test Node Loss: 2273.8072, Test Reg Loss: 127.4311, Test MAPE: 12.0918, Test R: 0.4402, Test RRSE: 1.0487
2025-02-10 15:46:23,653:INFO:Epoch 167: Train Loss: 10961.4435, Train Node Loss: 2155.0272, Train Reg Loss: 88.0642, Train MAPE: 11.3929, Train R: 0.6626, Train RRSE: 0.7495, Test Loss: 13534.5354, Test Node Loss: 1863.6990, Test Reg Loss: 116.7084, Test MAPE: 10.6276, Test R: 0.4440, Test RRSE: 1.0036
2025-02-10 15:46:40,379:INFO:Epoch 168: Train Loss: 10890.1697, Train Node Loss: 2146.7944, Train Reg Loss: 87.4338, Train MAPE: 11.3746, Train R: 0.6652, Train RRSE: 0.7468, Test Loss: 12705.9075, Test Node Loss: 2057.8022, Test Reg Loss: 106.4811, Test MAPE: 10.9961, Test R: 0.4429, Test RRSE: 0.9586
2025-02-10 15:46:56,894:INFO:Epoch 169: Train Loss: 10534.7737, Train Node Loss: 2084.7169, Train Reg Loss: 84.5006, Train MAPE: 11.0909, Train R: 0.6837, Train RRSE: 0.7342, Test Loss: 12853.0935, Test Node Loss: 1904.2612, Test Reg Loss: 109.4883, Test MAPE: 10.7776, Test R: 0.4447, Test RRSE: 0.9721
2025-02-10 15:47:13,367:INFO:Epoch 170: Train Loss: 10468.7370, Train Node Loss: 2109.9893, Train Reg Loss: 83.5875, Train MAPE: 11.2735, Train R: 0.6839, Train RRSE: 0.7302, Test Loss: 12713.2475, Test Node Loss: 2029.4427, Test Reg Loss: 106.8380, Test MAPE: 11.0945, Test R: 0.4460, Test RRSE: 0.9603
2025-02-10 15:47:29,764:INFO:Epoch 171: Train Loss: 10415.3619, Train Node Loss: 2143.6832, Train Reg Loss: 82.7168, Train MAPE: 11.3423, Train R: 0.6904, Train RRSE: 0.7264, Test Loss: 13922.7820, Test Node Loss: 1801.7306, Test Reg Loss: 121.2105, Test MAPE: 10.9062, Test R: 0.4447, Test RRSE: 1.0228
2025-02-10 15:47:46,240:INFO:Epoch 172: Train Loss: 10396.1407, Train Node Loss: 2002.1840, Train Reg Loss: 83.9396, Train MAPE: 11.0864, Train R: 0.6964, Train RRSE: 0.7317, Test Loss: 12652.0947, Test Node Loss: 1994.9094, Test Reg Loss: 106.5719, Test MAPE: 10.9309, Test R: 0.4471, Test RRSE: 0.9591
2025-02-10 15:48:02,722:INFO:Epoch 173: Train Loss: 10423.7302, Train Node Loss: 2118.2131, Train Reg Loss: 83.0552, Train MAPE: 11.4677, Train R: 0.6901, Train RRSE: 0.7279, Test Loss: 13037.8433, Test Node Loss: 1851.6880, Test Reg Loss: 111.8615, Test MAPE: 10.8295, Test R: 0.4464, Test RRSE: 0.9826
2025-02-10 15:48:19,175:INFO:Epoch 174: Train Loss: 10382.9464, Train Node Loss: 1971.9346, Train Reg Loss: 84.1101, Train MAPE: 11.1020, Train R: 0.6969, Train RRSE: 0.7325, Test Loss: 12953.0785, Test Node Loss: 1975.1391, Test Reg Loss: 109.7794, Test MAPE: 11.2177, Test R: 0.4457, Test RRSE: 0.9734
2025-02-10 15:48:35,652:INFO:Epoch 175: Train Loss: 10560.3258, Train Node Loss: 2128.0183, Train Reg Loss: 84.3231, Train MAPE: 11.7070, Train R: 0.6909, Train RRSE: 0.7334, Test Loss: 12927.9892, Test Node Loss: 1848.2288, Test Reg Loss: 110.7976, Test MAPE: 10.9191, Test R: 0.4467, Test RRSE: 0.9779
2025-02-10 15:48:52,140:INFO:Epoch 176: Train Loss: 9836.1595, Train Node Loss: 1950.0137, Train Reg Loss: 78.8615, Train MAPE: 11.0721, Train R: 0.7220, Train RRSE: 0.7093, Test Loss: 12719.8745, Test Node Loss: 1865.8955, Test Reg Loss: 108.5398, Test MAPE: 10.7822, Test R: 0.4482, Test RRSE: 0.9679
2025-02-10 15:49:08,676:INFO:Epoch 177: Train Loss: 10405.2523, Train Node Loss: 2049.1390, Train Reg Loss: 83.5611, Train MAPE: 11.4687, Train R: 0.6857, Train RRSE: 0.7301, Test Loss: 12771.1437, Test Node Loss: 1896.7375, Test Reg Loss: 108.7441, Test MAPE: 11.0550, Test R: 0.4483, Test RRSE: 0.9688
2025-02-10 15:49:25,216:INFO:Epoch 178: Train Loss: 10208.5007, Train Node Loss: 1954.9114, Train Reg Loss: 82.5359, Train MAPE: 11.2589, Train R: 0.6926, Train RRSE: 0.7256, Test Loss: 12838.6133, Test Node Loss: 1874.8612, Test Reg Loss: 109.6375, Test MAPE: 11.0621, Test R: 0.4476, Test RRSE: 0.9728
2025-02-10 15:49:41,915:INFO:Epoch 179: Train Loss: 10392.7303, Train Node Loss: 2045.1649, Train Reg Loss: 83.4757, Train MAPE: 11.6691, Train R: 0.6917, Train RRSE: 0.7297, Test Loss: 12804.5434, Test Node Loss: 1800.9205, Test Reg Loss: 110.0362, Test MAPE: 10.9811, Test R: 0.4466, Test RRSE: 0.9745
2025-02-10 15:49:58,349:INFO:Epoch 180: Train Loss: 10709.7114, Train Node Loss: 1832.4968, Train Reg Loss: 88.7721, Train MAPE: 11.0596, Train R: 0.6960, Train RRSE: 0.7525, Test Loss: 12578.2741, Test Node Loss: 1848.5596, Test Reg Loss: 107.2971, Test MAPE: 10.8748, Test R: 0.4476, Test RRSE: 0.9623
2025-02-10 15:50:14,807:INFO:Epoch 181: Train Loss: 10705.2384, Train Node Loss: 2070.7995, Train Reg Loss: 86.3444, Train MAPE: 11.8894, Train R: 0.6977, Train RRSE: 0.7422, Test Loss: 12933.3768, Test Node Loss: 1768.5419, Test Reg Loss: 111.6483, Test MAPE: 10.8399, Test R: 0.4468, Test RRSE: 0.9816
2025-02-10 15:50:31,302:INFO:Epoch 182: Train Loss: 10083.5539, Train Node Loss: 1875.5824, Train Reg Loss: 82.0797, Train MAPE: 10.9845, Train R: 0.7034, Train RRSE: 0.7236, Test Loss: 14144.8143, Test Node Loss: 1654.4574, Test Reg Loss: 124.9036, Test MAPE: 10.9380, Test R: 0.4467, Test RRSE: 1.0383
2025-02-10 15:50:47,803:INFO:Epoch 183: Train Loss: 10038.3459, Train Node Loss: 1855.3073, Train Reg Loss: 81.8304, Train MAPE: 10.9301, Train R: 0.7045, Train RRSE: 0.7225, Test Loss: 15288.2376, Test Node Loss: 2034.3600, Test Reg Loss: 132.5388, Test MAPE: 12.3133, Test R: 0.4472, Test RRSE: 1.0695
2025-02-10 15:51:04,335:INFO:Epoch 184: Train Loss: 10249.8561, Train Node Loss: 1993.8693, Train Reg Loss: 82.5599, Train MAPE: 11.7038, Train R: 0.7055, Train RRSE: 0.7257, Test Loss: 12761.7992, Test Node Loss: 1718.2939, Test Reg Loss: 110.4351, Test MAPE: 10.8841, Test R: 0.4471, Test RRSE: 0.9763
2025-02-10 15:51:20,817:INFO:Epoch 185: Train Loss: 10739.9956, Train Node Loss: 1739.2695, Train Reg Loss: 90.0073, Train MAPE: 10.9919, Train R: 0.7013, Train RRSE: 0.7577, Test Loss: 12771.1587, Test Node Loss: 1859.3949, Test Reg Loss: 109.1176, Test MAPE: 11.1966, Test R: 0.4466, Test RRSE: 0.9704
2025-02-10 15:51:37,328:INFO:Epoch 186: Train Loss: 11117.0082, Train Node Loss: 2027.8583, Train Reg Loss: 90.8915, Train MAPE: 12.1468, Train R: 0.6955, Train RRSE: 0.7614, Test Loss: 14252.2646, Test Node Loss: 1606.1896, Test Reg Loss: 126.4607, Test MAPE: 10.8569, Test R: 0.4431, Test RRSE: 1.0447
2025-02-10 15:51:53,801:INFO:Epoch 187: Train Loss: 10961.5938, Train Node Loss: 1737.8863, Train Reg Loss: 92.2371, Train MAPE: 11.0371, Train R: 0.6891, Train RRSE: 0.7671, Test Loss: 12531.3893, Test Node Loss: 1783.2275, Test Reg Loss: 107.4816, Test MAPE: 11.0294, Test R: 0.4429, Test RRSE: 0.9631
2025-02-10 15:52:10,336:INFO:Epoch 188: Train Loss: 11610.4164, Train Node Loss: 1961.6055, Train Reg Loss: 96.4881, Train MAPE: 12.0643, Train R: 0.6501, Train RRSE: 0.7845, Test Loss: 15512.0922, Test Node Loss: 1938.1980, Test Reg Loss: 135.7389, Test MAPE: 12.4076, Test R: 0.4424, Test RRSE: 1.0824
2025-02-10 15:52:26,770:INFO:Epoch 189: Train Loss: 10314.1484, Train Node Loss: 1729.4651, Train Reg Loss: 85.8468, Train MAPE: 10.8945, Train R: 0.6972, Train RRSE: 0.7400, Test Loss: 12093.5148, Test Node Loss: 1699.4689, Test Reg Loss: 103.9405, Test MAPE: 10.8197, Test R: 0.4440, Test RRSE: 0.9471
2025-02-10 15:52:43,328:INFO:Epoch 190: Train Loss: 10212.9072, Train Node Loss: 1830.9285, Train Reg Loss: 83.8198, Train MAPE: 11.2439, Train R: 0.6847, Train RRSE: 0.7312, Test Loss: 11989.0146, Test Node Loss: 1711.6104, Test Reg Loss: 102.7740, Test MAPE: 10.6792, Test R: 0.4434, Test RRSE: 0.9418
2025-02-10 15:52:59,842:INFO:Epoch 191: Train Loss: 10007.8073, Train Node Loss: 1820.9615, Train Reg Loss: 81.8685, Train MAPE: 11.1503, Train R: 0.6966, Train RRSE: 0.7227, Test Loss: 14354.9485, Test Node Loss: 1525.2899, Test Reg Loss: 128.2966, Test MAPE: 10.9149, Test R: 0.4405, Test RRSE: 1.0523
2025-02-10 15:53:16,391:INFO:Epoch 192: Train Loss: 9580.3029, Train Node Loss: 1749.3527, Train Reg Loss: 78.3095, Train MAPE: 11.0601, Train R: 0.7204, Train RRSE: 0.7068, Test Loss: 13096.6660, Test Node Loss: 1772.5463, Test Reg Loss: 113.2412, Test MAPE: 11.3726, Test R: 0.4417, Test RRSE: 0.9886
2025-02-10 15:53:32,878:INFO:Epoch 193: Train Loss: 11054.6455, Train Node Loss: 1909.1255, Train Reg Loss: 91.4552, Train MAPE: 11.9524, Train R: 0.6679, Train RRSE: 0.7638, Test Loss: 14974.4058, Test Node Loss: 1500.4800, Test Reg Loss: 134.7393, Test MAPE: 11.2623, Test R: 0.4401, Test RRSE: 1.0784
2025-02-10 15:53:49,310:INFO:Epoch 194: Train Loss: 10142.5664, Train Node Loss: 1662.2003, Train Reg Loss: 84.8037, Train MAPE: 11.0259, Train R: 0.7178, Train RRSE: 0.7355, Test Loss: 13635.5378, Test Node Loss: 1528.7383, Test Reg Loss: 121.0680, Test MAPE: 10.7627, Test R: 0.4419, Test RRSE: 1.0222
2025-02-10 15:54:05,837:INFO:Epoch 195: Train Loss: 10025.1566, Train Node Loss: 1826.5079, Train Reg Loss: 81.9865, Train MAPE: 11.3203, Train R: 0.7046, Train RRSE: 0.7232, Test Loss: 12809.2917, Test Node Loss: 1575.8871, Test Reg Loss: 112.3340, Test MAPE: 10.7489, Test R: 0.4446, Test RRSE: 0.9846
2025-02-10 15:54:22,345:INFO:Epoch 196: Train Loss: 9496.9158, Train Node Loss: 1761.9127, Train Reg Loss: 77.3500, Train MAPE: 11.3215, Train R: 0.7130, Train RRSE: 0.7024, Test Loss: 13525.1211, Test Node Loss: 1533.2139, Test Reg Loss: 119.9191, Test MAPE: 10.9852, Test R: 0.4433, Test RRSE: 1.0173
2025-02-10 15:54:38,672:INFO:Epoch 197: Train Loss: 9713.9534, Train Node Loss: 1715.4581, Train Reg Loss: 79.9850, Train MAPE: 11.2405, Train R: 0.7041, Train RRSE: 0.7143, Test Loss: 12968.3678, Test Node Loss: 1720.0571, Test Reg Loss: 112.4831, Test MAPE: 11.3164, Test R: 0.4435, Test RRSE: 0.9853
2025-02-10 15:54:55,009:INFO:Epoch 198: Train Loss: 9613.2511, Train Node Loss: 1742.5086, Train Reg Loss: 78.7074, Train MAPE: 11.5502, Train R: 0.7057, Train RRSE: 0.7086, Test Loss: 13762.8269, Test Node Loss: 1494.3142, Test Reg Loss: 122.6851, Test MAPE: 11.0081, Test R: 0.4432, Test RRSE: 1.0290
2025-02-10 15:55:11,326:INFO:Epoch 199: Train Loss: 10291.6688, Train Node Loss: 1762.3579, Train Reg Loss: 85.2931, Train MAPE: 11.6014, Train R: 0.6778, Train RRSE: 0.7376, Test Loss: 12764.8559, Test Node Loss: 1614.0013, Test Reg Loss: 111.5085, Test MAPE: 11.0682, Test R: 0.4467, Test RRSE: 0.9810
2025-02-10 15:55:27,612:INFO:Epoch 200: Train Loss: 10214.4769, Train Node Loss: 1655.0270, Train Reg Loss: 85.5945, Train MAPE: 11.2411, Train R: 0.6862, Train RRSE: 0.7389, Test Loss: 13191.5258, Test Node Loss: 1670.5025, Test Reg Loss: 115.2102, Test MAPE: 11.4193, Test R: 0.4443, Test RRSE: 0.9972
2025-02-10 15:55:43,894:INFO:Epoch 201: Train Loss: 9707.4290, Train Node Loss: 1719.8144, Train Reg Loss: 79.8761, Train MAPE: 11.4292, Train R: 0.7015, Train RRSE: 0.7138, Test Loss: 13950.2276, Test Node Loss: 1729.7482, Test Reg Loss: 122.2048, Test MAPE: 11.9104, Test R: 0.4478, Test RRSE: 1.0270
2025-02-10 15:56:00,149:INFO:Epoch 202: Train Loss: 9294.6605, Train Node Loss: 1678.1584, Train Reg Loss: 76.1650, Train MAPE: 11.2160, Train R: 0.7200, Train RRSE: 0.6970, Test Loss: 12695.3585, Test Node Loss: 1595.4413, Test Reg Loss: 110.9992, Test MAPE: 11.2255, Test R: 0.4454, Test RRSE: 0.9788
2025-02-10 15:56:16,452:INFO:Epoch 203: Train Loss: 8987.5863, Train Node Loss: 1672.3008, Train Reg Loss: 73.1529, Train MAPE: 11.3965, Train R: 0.7315, Train RRSE: 0.6831, Test Loss: 13203.1133, Test Node Loss: 1630.9833, Test Reg Loss: 115.7213, Test MAPE: 11.4752, Test R: 0.4428, Test RRSE: 0.9994
2025-02-10 15:56:32,749:INFO:Epoch 204: Train Loss: 9432.4135, Train Node Loss: 1666.8699, Train Reg Loss: 77.6554, Train MAPE: 11.4805, Train R: 0.7113, Train RRSE: 0.7038, Test Loss: 12978.4905, Test Node Loss: 1546.3259, Test Reg Loss: 114.3216, Test MAPE: 11.1640, Test R: 0.4432, Test RRSE: 0.9933
2025-02-10 15:56:49,277:INFO:Epoch 205: Train Loss: 9428.9673, Train Node Loss: 1710.4394, Train Reg Loss: 77.1853, Train MAPE: 11.6092, Train R: 0.7154, Train RRSE: 0.7017, Test Loss: 14081.9629, Test Node Loss: 1428.9863, Test Reg Loss: 126.5298, Test MAPE: 11.1199, Test R: 0.4422, Test RRSE: 1.0450
2025-02-10 15:57:05,905:INFO:Epoch 206: Train Loss: 9521.3982, Train Node Loss: 1609.1599, Train Reg Loss: 79.1224, Train MAPE: 11.1735, Train R: 0.7133, Train RRSE: 0.7104, Test Loss: 12686.3142, Test Node Loss: 1516.7685, Test Reg Loss: 111.6955, Test MAPE: 10.9637, Test R: 0.4454, Test RRSE: 0.9818
2025-02-10 15:57:22,422:INFO:Epoch 207: Train Loss: 9786.2487, Train Node Loss: 1735.1714, Train Reg Loss: 80.5108, Train MAPE: 11.9016, Train R: 0.7153, Train RRSE: 0.7166, Test Loss: 14715.9298, Test Node Loss: 1387.0752, Test Reg Loss: 133.2885, Test MAPE: 11.3801, Test R: 0.4442, Test RRSE: 1.0726
2025-02-10 15:57:38,750:INFO:Epoch 208: Train Loss: 9850.5940, Train Node Loss: 1525.8011, Train Reg Loss: 83.2479, Train MAPE: 11.2701, Train R: 0.7202, Train RRSE: 0.7287, Test Loss: 13184.4402, Test Node Loss: 1610.1094, Test Reg Loss: 115.7433, Test MAPE: 11.5272, Test R: 0.4449, Test RRSE: 0.9995
2025-02-10 15:57:55,081:INFO:Epoch 209: Train Loss: 9500.7237, Train Node Loss: 1667.6888, Train Reg Loss: 78.3303, Train MAPE: 11.6260, Train R: 0.7134, Train RRSE: 0.7069, Test Loss: 13102.2053, Test Node Loss: 1559.7980, Test Reg Loss: 115.4241, Test MAPE: 11.4349, Test R: 0.4443, Test RRSE: 0.9981
2025-02-10 15:58:11,618:INFO:Epoch 210: Train Loss: 9275.8997, Train Node Loss: 1545.4948, Train Reg Loss: 77.3041, Train MAPE: 11.2072, Train R: 0.7214, Train RRSE: 0.7022, Test Loss: 13171.4990, Test Node Loss: 1595.2765, Test Reg Loss: 115.7622, Test MAPE: 11.5064, Test R: 0.4450, Test RRSE: 0.9996
2025-02-10 15:58:27,895:INFO:Epoch 211: Train Loss: 9678.1749, Train Node Loss: 1664.0876, Train Reg Loss: 80.1409, Train MAPE: 11.7263, Train R: 0.7113, Train RRSE: 0.7150, Test Loss: 14181.6605, Test Node Loss: 1368.4655, Test Reg Loss: 128.1319, Test MAPE: 11.2201, Test R: 0.4411, Test RRSE: 1.0516
2025-02-10 15:58:44,122:INFO:Epoch 212: Train Loss: 9758.7282, Train Node Loss: 1490.8230, Train Reg Loss: 82.6791, Train MAPE: 11.2378, Train R: 0.7179, Train RRSE: 0.7262, Test Loss: 12938.3175, Test Node Loss: 1568.5099, Test Reg Loss: 113.6981, Test MAPE: 11.4478, Test R: 0.4459, Test RRSE: 0.9906
2025-02-10 15:59:00,425:INFO:Epoch 213: Train Loss: 9521.2316, Train Node Loss: 1622.7148, Train Reg Loss: 78.9852, Train MAPE: 11.6081, Train R: 0.7109, Train RRSE: 0.7098, Test Loss: 12597.9474, Test Node Loss: 1485.0093, Test Reg Loss: 111.1294, Test MAPE: 11.0741, Test R: 0.4431, Test RRSE: 0.9793
2025-02-10 15:59:16,737:INFO:Epoch 214: Train Loss: 9062.1468, Train Node Loss: 1585.4124, Train Reg Loss: 74.7673, Train MAPE: 11.5300, Train R: 0.7254, Train RRSE: 0.6906, Test Loss: 13139.2188, Test Node Loss: 1415.0236, Test Reg Loss: 117.2420, Test MAPE: 11.2066, Test R: 0.4403, Test RRSE: 1.0059
2025-02-10 15:59:33,308:INFO:Epoch 215: Train Loss: 9105.2042, Train Node Loss: 1492.8190, Train Reg Loss: 76.1239, Train MAPE: 11.3104, Train R: 0.7343, Train RRSE: 0.6968, Test Loss: 13629.6543, Test Node Loss: 1571.9054, Test Reg Loss: 120.5775, Test MAPE: 11.7431, Test R: 0.4425, Test RRSE: 1.0201
2025-02-10 15:59:49,892:INFO:Epoch 216: Train Loss: 9633.7111, Train Node Loss: 1616.3567, Train Reg Loss: 80.1735, Train MAPE: 11.8462, Train R: 0.7062, Train RRSE: 0.7151, Test Loss: 13960.2449, Test Node Loss: 1340.5142, Test Reg Loss: 126.1973, Test MAPE: 11.1754, Test R: 0.4403, Test RRSE: 1.0436
2025-02-10 16:00:06,171:INFO:Epoch 217: Train Loss: 9186.4199, Train Node Loss: 1496.1163, Train Reg Loss: 76.9030, Train MAPE: 11.2910, Train R: 0.7222, Train RRSE: 0.7004, Test Loss: 12504.1518, Test Node Loss: 1464.0081, Test Reg Loss: 110.4014, Test MAPE: 11.0950, Test R: 0.4420, Test RRSE: 0.9761
2025-02-10 16:00:22,318:INFO:Epoch 218: Train Loss: 9267.3122, Train Node Loss: 1598.9078, Train Reg Loss: 76.6840, Train MAPE: 11.7131, Train R: 0.7261, Train RRSE: 0.6994, Test Loss: 15018.0832, Test Node Loss: 1278.7364, Test Reg Loss: 137.3935, Test MAPE: 11.4002, Test R: 0.4398, Test RRSE: 1.0889
2025-02-10 16:00:38,398:INFO:Epoch 219: Train Loss: 9236.8693, Train Node Loss: 1445.7589, Train Reg Loss: 77.9111, Train MAPE: 11.2651, Train R: 0.7328, Train RRSE: 0.7050, Test Loss: 12800.4561, Test Node Loss: 1484.4117, Test Reg Loss: 113.1604, Test MAPE: 11.3572, Test R: 0.4449, Test RRSE: 0.9883
2025-02-10 16:00:54,451:INFO:Epoch 220: Train Loss: 9249.8104, Train Node Loss: 1573.1307, Train Reg Loss: 76.7668, Train MAPE: 11.8387, Train R: 0.7214, Train RRSE: 0.6998, Test Loss: 12970.4941, Test Node Loss: 1373.5535, Test Reg Loss: 115.9694, Test MAPE: 11.1015, Test R: 0.4421, Test RRSE: 1.0004
2025-02-10 16:01:10,553:INFO:Epoch 221: Train Loss: 8719.5288, Train Node Loss: 1452.4703, Train Reg Loss: 72.6706, Train MAPE: 11.2721, Train R: 0.7462, Train RRSE: 0.6809, Test Loss: 12949.4067, Test Node Loss: 1471.4388, Test Reg Loss: 114.7797, Test MAPE: 11.5355, Test R: 0.4434, Test RRSE: 0.9953
2025-02-10 16:01:26,635:INFO:Epoch 222: Train Loss: 9270.8097, Train Node Loss: 1523.2676, Train Reg Loss: 77.4754, Train MAPE: 11.5638, Train R: 0.7128, Train RRSE: 0.7030, Test Loss: 12832.7841, Test Node Loss: 1445.1946, Test Reg Loss: 113.8759, Test MAPE: 11.3663, Test R: 0.4420, Test RRSE: 0.9914
2025-02-10 16:01:42,734:INFO:Epoch 223: Train Loss: 9175.0386, Train Node Loss: 1501.8937, Train Reg Loss: 76.7314, Train MAPE: 11.6108, Train R: 0.7148, Train RRSE: 0.6996, Test Loss: 13485.3607, Test Node Loss: 1326.8652, Test Reg Loss: 121.5849, Test MAPE: 11.2692, Test R: 0.4391, Test RRSE: 1.0244
2025-02-10 16:01:58,854:INFO:Epoch 224: Train Loss: 8683.7121, Train Node Loss: 1471.7302, Train Reg Loss: 72.1198, Train MAPE: 11.5407, Train R: 0.7360, Train RRSE: 0.6783, Test Loss: 12890.2534, Test Node Loss: 1420.5785, Test Reg Loss: 114.6967, Test MAPE: 11.3318, Test R: 0.4402, Test RRSE: 0.9949
2025-02-10 16:02:14,957:INFO:Epoch 225: Train Loss: 8697.8778, Train Node Loss: 1485.4352, Train Reg Loss: 72.1244, Train MAPE: 11.4760, Train R: 0.7365, Train RRSE: 0.6783, Test Loss: 14126.7012, Test Node Loss: 1286.6532, Test Reg Loss: 128.4005, Test MAPE: 11.3039, Test R: 0.4401, Test RRSE: 1.0527
2025-02-10 16:02:31,046:INFO:Epoch 226: Train Loss: 8790.3426, Train Node Loss: 1444.8537, Train Reg Loss: 73.4549, Train MAPE: 11.4102, Train R: 0.7326, Train RRSE: 0.6845, Test Loss: 12970.6931, Test Node Loss: 1400.1070, Test Reg Loss: 115.7059, Test MAPE: 11.3476, Test R: 0.4419, Test RRSE: 0.9993
2025-02-10 16:02:47,095:INFO:Epoch 227: Train Loss: 8965.8729, Train Node Loss: 1476.7147, Train Reg Loss: 74.8916, Train MAPE: 11.6497, Train R: 0.7231, Train RRSE: 0.6912, Test Loss: 14406.9877, Test Node Loss: 1246.0400, Test Reg Loss: 131.6095, Test MAPE: 11.3251, Test R: 0.4387, Test RRSE: 1.0658
2025-02-10 16:03:03,178:INFO:Epoch 228: Train Loss: 8952.5892, Train Node Loss: 1455.9158, Train Reg Loss: 74.9667, Train MAPE: 11.4613, Train R: 0.7232, Train RRSE: 0.6915, Test Loss: 13065.1640, Test Node Loss: 1333.1805, Test Reg Loss: 117.3198, Test MAPE: 11.1658, Test R: 0.4423, Test RRSE: 1.0063
2025-02-10 16:03:19,511:INFO:Epoch 229: Train Loss: 9467.8976, Train Node Loss: 1400.2470, Train Reg Loss: 80.6765, Train MAPE: 11.5365, Train R: 0.7050, Train RRSE: 0.7174, Test Loss: 13163.5721, Test Node Loss: 1334.2519, Test Reg Loss: 118.2932, Test MAPE: 11.2983, Test R: 0.4410, Test RRSE: 1.0104
2025-02-10 16:03:35,568:INFO:Epoch 230: Train Loss: 8738.0979, Train Node Loss: 1496.1197, Train Reg Loss: 72.4198, Train MAPE: 11.8110, Train R: 0.7447, Train RRSE: 0.6797, Test Loss: 13315.7492, Test Node Loss: 1260.7202, Test Reg Loss: 120.5503, Test MAPE: 11.0651, Test R: 0.4369, Test RRSE: 1.0200
2025-02-10 16:03:51,611:INFO:Epoch 231: Train Loss: 8626.0355, Train Node Loss: 1369.0049, Train Reg Loss: 72.5703, Train MAPE: 11.2207, Train R: 0.7439, Train RRSE: 0.6804, Test Loss: 12739.5352, Test Node Loss: 1319.4234, Test Reg Loss: 114.2011, Test MAPE: 11.0688, Test R: 0.4396, Test RRSE: 0.9928
2025-02-10 16:04:07,937:INFO:Epoch 232: Train Loss: 8757.3868, Train Node Loss: 1461.3260, Train Reg Loss: 72.9606, Train MAPE: 11.7181, Train R: 0.7368, Train RRSE: 0.6822, Test Loss: 13245.4631, Test Node Loss: 1319.6093, Test Reg Loss: 119.2585, Test MAPE: 11.4115, Test R: 0.4404, Test RRSE: 1.0145
2025-02-10 16:04:24,028:INFO:Epoch 233: Train Loss: 8833.8502, Train Node Loss: 1360.5950, Train Reg Loss: 74.7326, Train MAPE: 11.4198, Train R: 0.7332, Train RRSE: 0.6904, Test Loss: 13153.3804, Test Node Loss: 1319.5826, Test Reg Loss: 118.3380, Test MAPE: 11.3790, Test R: 0.4410, Test RRSE: 1.0106
2025-02-10 16:04:40,347:INFO:Epoch 234: Train Loss: 8347.6709, Train Node Loss: 1423.7280, Train Reg Loss: 69.2394, Train MAPE: 11.6406, Train R: 0.7496, Train RRSE: 0.6646, Test Loss: 13117.2456, Test Node Loss: 1289.7246, Test Reg Loss: 118.2752, Test MAPE: 11.3081, Test R: 0.4417, Test RRSE: 1.0103
2025-02-10 16:04:56,649:INFO:Epoch 235: Train Loss: 8602.9940, Train Node Loss: 1355.0325, Train Reg Loss: 72.4796, Train MAPE: 11.4747, Train R: 0.7394, Train RRSE: 0.6800, Test Loss: 13032.5460, Test Node Loss: 1332.6818, Test Reg Loss: 116.9986, Test MAPE: 11.4781, Test R: 0.4429, Test RRSE: 1.0049
2025-02-10 16:05:12,758:INFO:Epoch 236: Train Loss: 8568.9711, Train Node Loss: 1421.0711, Train Reg Loss: 71.4790, Train MAPE: 11.7781, Train R: 0.7404, Train RRSE: 0.6753, Test Loss: 15553.3353, Test Node Loss: 1149.9304, Test Reg Loss: 144.0341, Test MAPE: 11.6091, Test R: 0.4373, Test RRSE: 1.1150
2025-02-10 16:05:28,802:INFO:Epoch 237: Train Loss: 9031.7009, Train Node Loss: 1374.1938, Train Reg Loss: 76.5751, Train MAPE: 11.6135, Train R: 0.7153, Train RRSE: 0.6989, Test Loss: 13342.0422, Test Node Loss: 1234.7988, Test Reg Loss: 121.0724, Test MAPE: 11.2297, Test R: 0.4390, Test RRSE: 1.0222
2025-02-10 16:05:45,073:INFO:Epoch 238: Train Loss: 8720.0194, Train Node Loss: 1328.7163, Train Reg Loss: 73.9130, Train MAPE: 11.3047, Train R: 0.7339, Train RRSE: 0.6867, Test Loss: 13564.4347, Test Node Loss: 1235.2592, Test Reg Loss: 123.2918, Test MAPE: 11.1642, Test R: 0.4391, Test RRSE: 1.0316
2025-02-10 16:06:01,361:INFO:Epoch 239: Train Loss: 8749.3803, Train Node Loss: 1393.7658, Train Reg Loss: 73.5561, Train MAPE: 11.8312, Train R: 0.7303, Train RRSE: 0.6850, Test Loss: 13929.3182, Test Node Loss: 1190.6165, Test Reg Loss: 127.3870, Test MAPE: 11.2642, Test R: 0.4360, Test RRSE: 1.0485
2025-02-10 16:06:17,441:INFO:Epoch 240: Train Loss: 8541.0184, Train Node Loss: 1334.4891, Train Reg Loss: 72.0653, Train MAPE: 11.4921, Train R: 0.7375, Train RRSE: 0.6780, Test Loss: 13561.0564, Test Node Loss: 1197.4300, Test Reg Loss: 123.6363, Test MAPE: 11.1386, Test R: 0.4347, Test RRSE: 1.0330
2025-02-10 16:06:33,557:INFO:Epoch 241: Train Loss: 8074.1863, Train Node Loss: 1365.0441, Train Reg Loss: 67.0914, Train MAPE: 11.4922, Train R: 0.7602, Train RRSE: 0.6542, Test Loss: 13494.5550, Test Node Loss: 1198.2602, Test Reg Loss: 122.9629, Test MAPE: 11.1687, Test R: 0.4357, Test RRSE: 1.0302
2025-02-10 16:06:49,904:INFO:Epoch 242: Train Loss: 8602.7301, Train Node Loss: 1317.8526, Train Reg Loss: 72.8488, Train MAPE: 11.4642, Train R: 0.7349, Train RRSE: 0.6817, Test Loss: 13195.1094, Test Node Loss: 1243.8614, Test Reg Loss: 119.5125, Test MAPE: 11.3718, Test R: 0.4392, Test RRSE: 1.0156
2025-02-10 16:07:05,924:INFO:Epoch 243: Train Loss: 8485.7293, Train Node Loss: 1347.0310, Train Reg Loss: 71.3870, Train MAPE: 11.5944, Train R: 0.7389, Train RRSE: 0.6748, Test Loss: 13301.0983, Test Node Loss: 1199.0489, Test Reg Loss: 121.0205, Test MAPE: 11.2336, Test R: 0.4369, Test RRSE: 1.0220
2025-02-10 16:07:22,008:INFO:Epoch 244: Train Loss: 8429.6976, Train Node Loss: 1291.3303, Train Reg Loss: 71.3837, Train MAPE: 11.5712, Train R: 0.7434, Train RRSE: 0.6748, Test Loss: 14134.7097, Test Node Loss: 1338.3190, Test Reg Loss: 127.9639, Test MAPE: 11.9345, Test R: 0.4420, Test RRSE: 1.0509
2025-02-10 16:07:38,065:INFO:Epoch 245: Train Loss: 9428.0115, Train Node Loss: 1343.9448, Train Reg Loss: 80.8407, Train MAPE: 11.9420, Train R: 0.6985, Train RRSE: 0.7181, Test Loss: 18144.4682, Test Node Loss: 1047.8388, Test Reg Loss: 170.9663, Test MAPE: 12.2629, Test R: 0.4330, Test RRSE: 1.2147
2025-02-10 16:07:54,410:INFO:Epoch 246: Train Loss: 8419.5058, Train Node Loss: 1324.1924, Train Reg Loss: 70.9531, Train MAPE: 11.7523, Train R: 0.7407, Train RRSE: 0.6728, Test Loss: 12923.0982, Test Node Loss: 1242.5478, Test Reg Loss: 116.8055, Test MAPE: 11.4011, Test R: 0.4388, Test RRSE: 1.0040
2025-02-10 16:08:10,479:INFO:Epoch 247: Train Loss: 8998.4386, Train Node Loss: 1257.5113, Train Reg Loss: 77.4093, Train MAPE: 11.5369, Train R: 0.7165, Train RRSE: 0.7027, Test Loss: 13102.2569, Test Node Loss: 1173.6205, Test Reg Loss: 119.2864, Test MAPE: 11.2368, Test R: 0.4363, Test RRSE: 1.0147
2025-02-10 16:08:26,613:INFO:Epoch 248: Train Loss: 8449.4035, Train Node Loss: 1312.9614, Train Reg Loss: 71.3644, Train MAPE: 11.5424, Train R: 0.7418, Train RRSE: 0.6747, Test Loss: 13378.7609, Test Node Loss: 1153.4832, Test Reg Loss: 122.2528, Test MAPE: 11.2078, Test R: 0.4352, Test RRSE: 1.0272
2025-02-10 16:08:42,736:INFO:Epoch 249: Train Loss: 8747.4032, Train Node Loss: 1238.8212, Train Reg Loss: 75.0858, Train MAPE: 11.3601, Train R: 0.7323, Train RRSE: 0.6921, Test Loss: 13256.4460, Test Node Loss: 1241.1855, Test Reg Loss: 120.1526, Test MAPE: 11.5019, Test R: 0.4367, Test RRSE: 1.0183
2025-02-10 16:08:58,870:INFO:Epoch 250: Train Loss: 9429.3325, Train Node Loss: 1312.7185, Train Reg Loss: 81.1661, Train MAPE: 12.0532, Train R: 0.6995, Train RRSE: 0.7196, Test Loss: 14249.9199, Test Node Loss: 1101.4178, Test Reg Loss: 131.4850, Test MAPE: 11.3921, Test R: 0.4353, Test RRSE: 1.0653
2025-02-10 16:09:14,963:INFO:Epoch 251: Train Loss: 8427.7648, Train Node Loss: 1278.9550, Train Reg Loss: 71.4881, Train MAPE: 11.6294, Train R: 0.7381, Train RRSE: 0.6753, Test Loss: 13114.9640, Test Node Loss: 1226.2010, Test Reg Loss: 118.8876, Test MAPE: 11.5562, Test R: 0.4394, Test RRSE: 1.0130
2025-02-10 16:09:31,069:INFO:Epoch 252: Train Loss: 8295.7570, Train Node Loss: 1242.1489, Train Reg Loss: 70.5361, Train MAPE: 11.4964, Train R: 0.7440, Train RRSE: 0.6708, Test Loss: 12976.3734, Test Node Loss: 1155.2278, Test Reg Loss: 118.2115, Test MAPE: 11.1563, Test R: 0.4384, Test RRSE: 1.0101
2025-02-10 16:09:47,243:INFO:Epoch 253: Train Loss: 8553.7175, Train Node Loss: 1291.1863, Train Reg Loss: 72.6253, Train MAPE: 11.7509, Train R: 0.7380, Train RRSE: 0.6806, Test Loss: 13355.9175, Test Node Loss: 1117.3396, Test Reg Loss: 122.3858, Test MAPE: 11.2303, Test R: 0.4378, Test RRSE: 1.0278
2025-02-10 16:10:03,529:INFO:Epoch 254: Train Loss: 8837.3897, Train Node Loss: 1182.0746, Train Reg Loss: 76.5531, Train MAPE: 11.4355, Train R: 0.7376, Train RRSE: 0.6988, Test Loss: 13469.5331, Test Node Loss: 1245.5359, Test Reg Loss: 122.2400, Test MAPE: 11.7019, Test R: 0.4408, Test RRSE: 1.0271
2025-02-10 16:10:19,860:INFO:Epoch 255: Train Loss: 9060.1526, Train Node Loss: 1307.4251, Train Reg Loss: 77.5273, Train MAPE: 12.0605, Train R: 0.7266, Train RRSE: 0.7032, Test Loss: 12830.2472, Test Node Loss: 1098.9781, Test Reg Loss: 117.3127, Test MAPE: 11.1887, Test R: 0.4338, Test RRSE: 1.0062
2025-02-10 16:10:36,171:INFO:Epoch 256: Train Loss: 8930.9495, Train Node Loss: 1183.7300, Train Reg Loss: 77.4722, Train MAPE: 11.3715, Train R: 0.7220, Train RRSE: 0.7030, Test Loss: 13600.3898, Test Node Loss: 1239.7544, Test Reg Loss: 123.6064, Test MAPE: 11.7454, Test R: 0.4390, Test RRSE: 1.0329
2025-02-10 16:10:52,694:INFO:Epoch 257: Train Loss: 8131.5442, Train Node Loss: 1259.5054, Train Reg Loss: 68.7204, Train MAPE: 11.6981, Train R: 0.7516, Train RRSE: 0.6621, Test Loss: 13131.7166, Test Node Loss: 1144.0825, Test Reg Loss: 119.8763, Test MAPE: 11.3828, Test R: 0.4390, Test RRSE: 1.0172
2025-02-10 16:11:09,040:INFO:Epoch 258: Train Loss: 8739.3257, Train Node Loss: 1196.6928, Train Reg Loss: 75.4263, Train MAPE: 11.4674, Train R: 0.7255, Train RRSE: 0.6936, Test Loss: 12316.5468, Test Node Loss: 1141.4318, Test Reg Loss: 111.7512, Test MAPE: 11.0198, Test R: 0.4391, Test RRSE: 0.9821
2025-02-10 16:11:25,358:INFO:Epoch 259: Train Loss: 8918.9998, Train Node Loss: 1252.6597, Train Reg Loss: 76.6634, Train MAPE: 11.7376, Train R: 0.7232, Train RRSE: 0.6993, Test Loss: 12521.9446, Test Node Loss: 1155.7126, Test Reg Loss: 113.6623, Test MAPE: 11.3146, Test R: 0.4398, Test RRSE: 0.9904
2025-02-10 16:11:41,893:INFO:Epoch 260: Train Loss: 8081.7549, Train Node Loss: 1159.8521, Train Reg Loss: 69.2190, Train MAPE: 11.3427, Train R: 0.7596, Train RRSE: 0.6645, Test Loss: 13711.9582, Test Node Loss: 1215.6065, Test Reg Loss: 124.9635, Test MAPE: 11.8290, Test R: 0.4412, Test RRSE: 1.0385
2025-02-10 16:11:58,222:INFO:Epoch 261: Train Loss: 8241.2174, Train Node Loss: 1232.7194, Train Reg Loss: 70.0850, Train MAPE: 11.6423, Train R: 0.7477, Train RRSE: 0.6686, Test Loss: 12819.9543, Test Node Loss: 1091.6093, Test Reg Loss: 117.2835, Test MAPE: 11.1603, Test R: 0.4380, Test RRSE: 1.0061
2025-02-10 16:12:14,495:INFO:Epoch 262: Train Loss: 8351.1967, Train Node Loss: 1176.9618, Train Reg Loss: 71.7424, Train MAPE: 11.4436, Train R: 0.7394, Train RRSE: 0.6765, Test Loss: 12843.9684, Test Node Loss: 1136.3123, Test Reg Loss: 117.0766, Test MAPE: 11.3335, Test R: 0.4370, Test RRSE: 1.0052
2025-02-10 16:12:30,796:INFO:Epoch 263: Train Loss: 8260.9662, Train Node Loss: 1199.4818, Train Reg Loss: 70.6148, Train MAPE: 11.5921, Train R: 0.7423, Train RRSE: 0.6712, Test Loss: 12957.4795, Test Node Loss: 1124.1982, Test Reg Loss: 118.3328, Test MAPE: 11.4327, Test R: 0.4357, Test RRSE: 1.0106
2025-02-10 16:12:47,047:INFO:Epoch 264: Train Loss: 7910.4949, Train Node Loss: 1208.8184, Train Reg Loss: 67.0168, Train MAPE: 11.7044, Train R: 0.7572, Train RRSE: 0.6538, Test Loss: 13389.5387, Test Node Loss: 1062.4251, Test Reg Loss: 123.2711, Test MAPE: 11.2094, Test R: 0.4316, Test RRSE: 1.0315
2025-02-10 16:13:03,356:INFO:Epoch 265: Train Loss: 7960.0422, Train Node Loss: 1213.1986, Train Reg Loss: 67.4684, Train MAPE: 11.8222, Train R: 0.7553, Train RRSE: 0.6560, Test Loss: 14923.7489, Test Node Loss: 998.4254, Test Reg Loss: 139.2532, Test MAPE: 11.3154, Test R: 0.4280, Test RRSE: 1.0963
2025-02-10 16:13:19,906:INFO:Epoch 266: Train Loss: 8199.6654, Train Node Loss: 1168.5723, Train Reg Loss: 70.3109, Train MAPE: 11.6570, Train R: 0.7461, Train RRSE: 0.6697, Test Loss: 13180.5623, Test Node Loss: 1088.6236, Test Reg Loss: 120.9194, Test MAPE: 11.2667, Test R: 0.4324, Test RRSE: 1.0216
2025-02-10 16:13:36,196:INFO:Epoch 267: Train Loss: 8166.7210, Train Node Loss: 1198.3594, Train Reg Loss: 69.6836, Train MAPE: 11.7686, Train R: 0.7456, Train RRSE: 0.6667, Test Loss: 13497.1445, Test Node Loss: 1077.6814, Test Reg Loss: 124.1946, Test MAPE: 11.4013, Test R: 0.4300, Test RRSE: 1.0353
2025-02-10 16:13:52,462:INFO:Epoch 268: Train Loss: 8009.5470, Train Node Loss: 1163.1682, Train Reg Loss: 68.4638, Train MAPE: 11.6141, Train R: 0.7522, Train RRSE: 0.6609, Test Loss: 13178.2514, Test Node Loss: 1066.3539, Test Reg Loss: 121.1190, Test MAPE: 11.2895, Test R: 0.4313, Test RRSE: 1.0224
2025-02-10 16:14:08,757:INFO:Epoch 269: Train Loss: 8137.6731, Train Node Loss: 1142.2643, Train Reg Loss: 69.9541, Train MAPE: 11.4299, Train R: 0.7481, Train RRSE: 0.6680, Test Loss: 12950.0998, Test Node Loss: 1090.4012, Test Reg Loss: 118.5970, Test MAPE: 11.3249, Test R: 0.4321, Test RRSE: 1.0117
2025-02-10 16:14:25,055:INFO:Epoch 270: Train Loss: 8062.0918, Train Node Loss: 1201.6879, Train Reg Loss: 68.6040, Train MAPE: 11.8160, Train R: 0.7556, Train RRSE: 0.6615, Test Loss: 16113.0438, Test Node Loss: 939.5690, Test Reg Loss: 151.7348, Test MAPE: 11.6601, Test R: 0.4227, Test RRSE: 1.1444
2025-02-10 16:14:41,327:INFO:Epoch 271: Train Loss: 8406.6320, Train Node Loss: 1099.2476, Train Reg Loss: 73.0738, Train MAPE: 11.3650, Train R: 0.7438, Train RRSE: 0.6827, Test Loss: 13728.9481, Test Node Loss: 1162.2387, Test Reg Loss: 125.6671, Test MAPE: 11.8662, Test R: 0.4352, Test RRSE: 1.0414
2025-02-10 16:14:57,603:INFO:Epoch 272: Train Loss: 8029.9300, Train Node Loss: 1189.5943, Train Reg Loss: 68.4034, Train MAPE: 11.8420, Train R: 0.7577, Train RRSE: 0.6606, Test Loss: 13871.8691, Test Node Loss: 978.5299, Test Reg Loss: 128.9334, Test MAPE: 11.1855, Test R: 0.4245, Test RRSE: 1.0549
2025-02-10 16:15:13,912:INFO:Epoch 273: Train Loss: 8089.3731, Train Node Loss: 1093.1158, Train Reg Loss: 69.9626, Train MAPE: 11.4049, Train R: 0.7534, Train RRSE: 0.6681, Test Loss: 12895.3506, Test Node Loss: 1113.3794, Test Reg Loss: 117.8197, Test MAPE: 11.4722, Test R: 0.4350, Test RRSE: 1.0084
2025-02-10 16:15:30,235:INFO:Epoch 274: Train Loss: 8280.1227, Train Node Loss: 1170.2497, Train Reg Loss: 71.0987, Train MAPE: 11.7727, Train R: 0.7449, Train RRSE: 0.6735, Test Loss: 15120.0417, Test Node Loss: 929.6431, Test Reg Loss: 141.9040, Test MAPE: 11.3955, Test R: 0.4269, Test RRSE: 1.1067
2025-02-10 16:15:46,541:INFO:Epoch 275: Train Loss: 8401.9737, Train Node Loss: 1094.2147, Train Reg Loss: 73.0776, Train MAPE: 11.5869, Train R: 0.7356, Train RRSE: 0.6828, Test Loss: 12867.1182, Test Node Loss: 1060.0571, Test Reg Loss: 118.0706, Test MAPE: 11.2827, Test R: 0.4336, Test RRSE: 1.0095
2025-02-10 16:16:02,881:INFO:Epoch 276: Train Loss: 8236.4201, Train Node Loss: 1111.5788, Train Reg Loss: 71.2484, Train MAPE: 11.6800, Train R: 0.7393, Train RRSE: 0.6742, Test Loss: 13630.0192, Test Node Loss: 993.3277, Test Reg Loss: 126.3669, Test MAPE: 11.3308, Test R: 0.4308, Test RRSE: 1.0443
2025-02-10 16:16:19,220:INFO:Epoch 277: Train Loss: 7857.9483, Train Node Loss: 1142.3329, Train Reg Loss: 67.1562, Train MAPE: 11.8663, Train R: 0.7580, Train RRSE: 0.6545, Test Loss: 13532.8037, Test Node Loss: 1004.8846, Test Reg Loss: 125.2792, Test MAPE: 11.3393, Test R: 0.4329, Test RRSE: 1.0398
2025-02-10 16:16:35,722:INFO:Epoch 278: Train Loss: 8089.4791, Train Node Loss: 1069.8335, Train Reg Loss: 70.1965, Train MAPE: 11.3758, Train R: 0.7529, Train RRSE: 0.6692, Test Loss: 12745.2543, Test Node Loss: 1035.3702, Test Reg Loss: 117.0988, Test MAPE: 11.3062, Test R: 0.4336, Test RRSE: 1.0053
2025-02-10 16:16:52,184:INFO:Epoch 279: Train Loss: 8405.9218, Train Node Loss: 1163.0258, Train Reg Loss: 72.4290, Train MAPE: 12.1141, Train R: 0.7523, Train RRSE: 0.6797, Test Loss: 13256.2668, Test Node Loss: 990.7664, Test Reg Loss: 122.6550, Test MAPE: 11.4176, Test R: 0.4307, Test RRSE: 1.0289
2025-02-10 16:17:08,467:INFO:Epoch 280: Train Loss: 9275.1945, Train Node Loss: 1024.4644, Train Reg Loss: 82.5073, Train MAPE: 11.5780, Train R: 0.7158, Train RRSE: 0.7255, Test Loss: 13202.2866, Test Node Loss: 1052.5224, Test Reg Loss: 121.4976, Test MAPE: 11.4341, Test R: 0.4330, Test RRSE: 1.0240
2025-02-10 16:17:24,970:INFO:Epoch 281: Train Loss: 8137.8336, Train Node Loss: 1133.3301, Train Reg Loss: 70.0450, Train MAPE: 11.9381, Train R: 0.7488, Train RRSE: 0.6684, Test Loss: 19217.5046, Test Node Loss: 836.5963, Test Reg Loss: 183.8091, Test MAPE: 12.3247, Test R: 0.4193, Test RRSE: 1.2595
2025-02-10 16:17:41,280:INFO:Epoch 282: Train Loss: 8642.5558, Train Node Loss: 1078.6398, Train Reg Loss: 75.6392, Train MAPE: 11.4718, Train R: 0.7222, Train RRSE: 0.6946, Test Loss: 13814.3356, Test Node Loss: 944.9857, Test Reg Loss: 128.6935, Test MAPE: 11.2928, Test R: 0.4261, Test RRSE: 1.0539
2025-02-10 16:17:57,500:INFO:Epoch 283: Train Loss: 7836.2317, Train Node Loss: 1062.8042, Train Reg Loss: 67.7343, Train MAPE: 11.4504, Train R: 0.7568, Train RRSE: 0.6573, Test Loss: 13358.5465, Test Node Loss: 990.3305, Test Reg Loss: 123.6822, Test MAPE: 11.4111, Test R: 0.4268, Test RRSE: 1.0332
2025-02-10 16:18:13,960:INFO:Epoch 284: Train Loss: 8106.9601, Train Node Loss: 1079.4651, Train Reg Loss: 70.2749, Train MAPE: 11.8339, Train R: 0.7431, Train RRSE: 0.6695, Test Loss: 13361.1775, Test Node Loss: 1028.1066, Test Reg Loss: 123.3307, Test MAPE: 11.5278, Test R: 0.4251, Test RRSE: 1.0317
2025-02-10 16:18:30,173:INFO:Epoch 285: Train Loss: 7903.8262, Train Node Loss: 1055.6875, Train Reg Loss: 68.4814, Train MAPE: 11.5635, Train R: 0.7522, Train RRSE: 0.6609, Test Loss: 12990.6729, Test Node Loss: 984.1981, Test Reg Loss: 120.0647, Test MAPE: 11.1388, Test R: 0.4238, Test RRSE: 1.0180
2025-02-10 16:18:46,687:INFO:Epoch 286: Train Loss: 7793.9718, Train Node Loss: 1079.0060, Train Reg Loss: 67.1497, Train MAPE: 11.6976, Train R: 0.7571, Train RRSE: 0.6545, Test Loss: 14938.5527, Test Node Loss: 913.5521, Test Reg Loss: 140.2500, Test MAPE: 11.5796, Test R: 0.4252, Test RRSE: 1.1002
2025-02-10 16:19:02,949:INFO:Epoch 287: Train Loss: 8065.4747, Train Node Loss: 1054.0104, Train Reg Loss: 70.1146, Train MAPE: 11.6387, Train R: 0.7452, Train RRSE: 0.6688, Test Loss: 13231.9937, Test Node Loss: 995.0250, Test Reg Loss: 122.3697, Test MAPE: 11.2688, Test R: 0.4275, Test RRSE: 1.0277
2025-02-10 16:19:19,244:INFO:Epoch 288: Train Loss: 7714.1861, Train Node Loss: 1074.0899, Train Reg Loss: 66.4010, Train MAPE: 11.8089, Train R: 0.7596, Train RRSE: 0.6508, Test Loss: 15015.8867, Test Node Loss: 911.0681, Test Reg Loss: 141.0482, Test MAPE: 11.6410, Test R: 0.4230, Test RRSE: 1.1033
2025-02-10 16:19:35,495:INFO:Epoch 289: Train Loss: 8081.5004, Train Node Loss: 1050.8038, Train Reg Loss: 70.3070, Train MAPE: 11.7978, Train R: 0.7449, Train RRSE: 0.6697, Test Loss: 13682.1026, Test Node Loss: 980.4296, Test Reg Loss: 127.0167, Test MAPE: 11.5147, Test R: 0.4247, Test RRSE: 1.0470
2025-02-10 16:19:51,936:INFO:Epoch 290: Train Loss: 7829.4472, Train Node Loss: 1053.6737, Train Reg Loss: 67.7577, Train MAPE: 11.6817, Train R: 0.7538, Train RRSE: 0.6574, Test Loss: 13511.6121, Test Node Loss: 919.8319, Test Reg Loss: 125.9178, Test MAPE: 11.1160, Test R: 0.4177, Test RRSE: 1.0425
2025-02-10 16:20:08,483:INFO:Epoch 291: Train Loss: 8032.2938, Train Node Loss: 1026.8441, Train Reg Loss: 70.0545, Train MAPE: 11.4598, Train R: 0.7450, Train RRSE: 0.6685, Test Loss: 12961.9153, Test Node Loss: 990.7676, Test Reg Loss: 119.7115, Test MAPE: 11.3299, Test R: 0.4227, Test RRSE: 1.0165
2025-02-10 16:20:24,987:INFO:Epoch 292: Train Loss: 8076.1987, Train Node Loss: 1043.6593, Train Reg Loss: 70.3254, Train MAPE: 11.7091, Train R: 0.7435, Train RRSE: 0.6698, Test Loss: 13561.2579, Test Node Loss: 940.9867, Test Reg Loss: 126.2027, Test MAPE: 11.3969, Test R: 0.4232, Test RRSE: 1.0437
2025-02-10 16:20:41,226:INFO:Epoch 293: Train Loss: 8155.5911, Train Node Loss: 1053.8304, Train Reg Loss: 71.0176, Train MAPE: 11.8985, Train R: 0.7405, Train RRSE: 0.6731, Test Loss: 13737.8051, Test Node Loss: 967.5468, Test Reg Loss: 127.7026, Test MAPE: 11.5491, Test R: 0.4220, Test RRSE: 1.0498
2025-02-10 16:20:57,477:INFO:Epoch 294: Train Loss: 7929.4139, Train Node Loss: 989.2357, Train Reg Loss: 69.4018, Train MAPE: 11.4725, Train R: 0.7587, Train RRSE: 0.6654, Test Loss: 13000.3450, Test Node Loss: 977.5868, Test Reg Loss: 120.2276, Test MAPE: 11.4192, Test R: 0.4284, Test RRSE: 1.0187
2025-02-10 16:21:13,780:INFO:Epoch 295: Train Loss: 8306.4599, Train Node Loss: 1067.0980, Train Reg Loss: 72.3936, Train MAPE: 11.9962, Train R: 0.7454, Train RRSE: 0.6796, Test Loss: 14758.3216, Test Node Loss: 855.9196, Test Reg Loss: 139.0240, Test MAPE: 11.5878, Test R: 0.4260, Test RRSE: 1.0954
2025-02-10 16:21:30,080:INFO:Epoch 296: Train Loss: 8220.0694, Train Node Loss: 975.1670, Train Reg Loss: 72.4490, Train MAPE: 11.5992, Train R: 0.7395, Train RRSE: 0.6798, Test Loss: 13517.2967, Test Node Loss: 997.7423, Test Reg Loss: 125.1955, Test MAPE: 11.7591, Test R: 0.4312, Test RRSE: 1.0395
2025-02-10 16:21:46,368:INFO:Epoch 297: Train Loss: 8081.9479, Train Node Loss: 1002.9335, Train Reg Loss: 70.7901, Train MAPE: 11.6623, Train R: 0.7411, Train RRSE: 0.6720, Test Loss: 13735.1843, Test Node Loss: 899.6952, Test Reg Loss: 128.3549, Test MAPE: 11.3331, Test R: 0.4253, Test RRSE: 1.0525
2025-02-10 16:22:02,933:INFO:Epoch 298: Train Loss: 8179.0636, Train Node Loss: 1034.8017, Train Reg Loss: 71.4426, Train MAPE: 11.9262, Train R: 0.7419, Train RRSE: 0.6751, Test Loss: 16303.3744, Test Node Loss: 820.1278, Test Reg Loss: 154.8325, Test MAPE: 11.6954, Test R: 0.4191, Test RRSE: 1.1560
2025-02-10 16:22:19,221:INFO:Epoch 299: Train Loss: 7365.8206, Train Node Loss: 970.4643, Train Reg Loss: 63.9536, Train MAPE: 11.4431, Train R: 0.7785, Train RRSE: 0.6387, Test Loss: 14383.9627, Test Node Loss: 867.0302, Test Reg Loss: 135.1693, Test MAPE: 11.4028, Test R: 0.4198, Test RRSE: 1.0801
2025-02-10 16:22:35,302:INFO:Epoch 300: Train Loss: 7334.0443, Train Node Loss: 1017.2005, Train Reg Loss: 63.1684, Train MAPE: 11.7739, Train R: 0.7737, Train RRSE: 0.6348, Test Loss: 14014.7555, Test Node Loss: 901.6378, Test Reg Loss: 131.1312, Test MAPE: 11.4878, Test R: 0.4180, Test RRSE: 1.0638
2025-02-10 16:22:35,303:INFO:Best performance at epoch 0 with Test MAPE: 0.5000
