2025-02-10 14:56:28,867:INFO:Learning rate: 0.001
2025-02-10 14:56:28,867:INFO:Weight decay: 0.001
2025-02-10 14:56:28,867:INFO:Batch size: 64
2025-02-10 14:56:28,867:INFO:Number of layers: 3
2025-02-10 14:56:28,867:INFO:Convolution type: SAGE
2025-02-10 14:56:28,867:INFO:Convolution neurons: 256
2025-02-10 15:00:52,060:INFO:Learning rate: 0.001
2025-02-10 15:00:52,060:INFO:Weight decay: 0.001
2025-02-10 15:00:52,060:INFO:Batch size: 64
2025-02-10 15:00:52,060:INFO:Number of layers: 3
2025-02-10 15:00:52,060:INFO:Convolution type: SAGE
2025-02-10 15:00:52,060:INFO:Convolution neurons: 256
2025-02-10 15:01:22,492:INFO:Epoch 1: Train Loss: 987287.1957, Train Node Loss: 2.2728, Train Reg Loss: 9872.8493, Train MAPE: 99.5617, Train R: 0.0188, Train RRSE: 7.9359, Test Loss: 931960.5269, Test Node Loss: 9.2395, Test Reg Loss: 9319.5128, Test MAPE: 98.8864, Test R: 0.2850, Test RRSE: 8.9685
2025-02-10 15:01:51,748:INFO:Epoch 2: Train Loss: 945752.6727, Train Node Loss: 66.9926, Train Reg Loss: 9456.8568, Train MAPE: 97.3874, Train R: 0.0756, Train RRSE: 7.7669, Test Loss: 851539.4446, Test Node Loss: 372.6047, Test Reg Loss: 8511.6683, Test MAPE: 94.3954, Test R: 0.1711, Test RRSE: 8.5710
2025-02-10 15:02:20,631:INFO:Epoch 3: Train Loss: 831102.1298, Train Node Loss: 862.0905, Train Reg Loss: 8302.4004, Train MAPE: 91.0561, Train R: 0.1076, Train RRSE: 7.2774, Test Loss: 508567.4431, Test Node Loss: 6763.9551, Test Reg Loss: 5018.0349, Test MAPE: 71.8568, Test R: 0.1316, Test RRSE: 6.5810
2025-02-10 15:02:49,422:INFO:Epoch 4: Train Loss: 547963.9163, Train Node Loss: 5573.6007, Train Reg Loss: 5423.9031, Train MAPE: 72.4616, Train R: -0.0029, Train RRSE: 5.8821, Test Loss: 65193.2232, Test Node Loss: 53334.8002, Test Reg Loss: 118.5842, Test MAPE: 9.4095, Test R: 0.0982, Test RRSE: 1.0117
2025-02-10 15:03:17,859:INFO:Epoch 5: Train Loss: 149410.4373, Train Node Loss: 24284.5129, Train Reg Loss: 1251.2592, Train MAPE: 29.6878, Train R: 0.0531, Train RRSE: 2.8252, Test Loss: 2085060.2561, Test Node Loss: 204650.5561, Test Reg Loss: 18804.0968, Test MAPE: 143.6599, Test R: 0.0804, Test RRSE: 12.7394
2025-02-10 15:03:46,814:INFO:Epoch 6: Train Loss: 153066.3064, Train Node Loss: 57033.7151, Train Reg Loss: 960.3259, Train MAPE: 30.0430, Train R: 0.0779, Train RRSE: 2.4751, Test Loss: 1230706.1555, Test Node Loss: 137090.9210, Test Reg Loss: 10936.1523, Test MAPE: 109.5989, Test R: 0.0542, Test RRSE: 9.7153
2025-02-10 15:04:15,084:INFO:Epoch 7: Train Loss: 84330.5827, Train Node Loss: 43481.3162, Train Reg Loss: 408.4927, Train MAPE: 17.2465, Train R: 0.0222, Train RRSE: 1.6142, Test Loss: 64217.1998, Test Node Loss: 41972.5238, Test Reg Loss: 222.4468, Test MAPE: 13.8963, Test R: -0.0349, Test RRSE: 1.3856
2025-02-10 15:04:43,285:INFO:Epoch 8: Train Loss: 75853.6042, Train Node Loss: 24216.9298, Train Reg Loss: 516.3668, Train MAPE: 17.9554, Train R: 0.0555, Train RRSE: 1.8149, Test Loss: 46982.4094, Test Node Loss: 29017.5384, Test Reg Loss: 179.6487, Test MAPE: 9.9941, Test R: -0.0086, Test RRSE: 1.2452
2025-02-10 15:05:11,732:INFO:Epoch 9: Train Loss: 80552.6541, Train Node Loss: 22230.1081, Train Reg Loss: 583.2255, Train MAPE: 19.5206, Train R: -0.0107, Train RRSE: 1.9288, Test Loss: 70235.0030, Test Node Loss: 40998.3878, Test Reg Loss: 292.3661, Test MAPE: 16.3021, Test R: 0.0718, Test RRSE: 1.5885
2025-02-10 15:05:40,895:INFO:Epoch 10: Train Loss: 50217.9987, Train Node Loss: 28446.2733, Train Reg Loss: 217.7173, Train MAPE: 11.0013, Train R: 0.0664, Train RRSE: 1.1785, Test Loss: 203556.5701, Test Node Loss: 55660.1560, Test Reg Loss: 1478.9641, Test MAPE: 39.5721, Test R: 0.0974, Test RRSE: 3.5727
2025-02-10 15:06:09,837:INFO:Epoch 11: Train Loss: 52947.2431, Train Node Loss: 33994.5559, Train Reg Loss: 189.5269, Train MAPE: 12.1749, Train R: 0.1859, Train RRSE: 1.0995, Test Loss: 192267.6657, Test Node Loss: 52272.4418, Test Reg Loss: 1399.9522, Test MAPE: 38.4071, Test R: 0.1080, Test RRSE: 3.4760
2025-02-10 15:06:38,906:INFO:Epoch 12: Train Loss: 48881.8277, Train Node Loss: 31459.9224, Train Reg Loss: 174.2190, Train MAPE: 11.3335, Train R: 0.1359, Train RRSE: 1.0542, Test Loss: 79390.0857, Test Node Loss: 38090.0053, Test Reg Loss: 413.0008, Test MAPE: 19.7234, Test R: 0.1152, Test RRSE: 1.8880
2025-02-10 15:07:07,573:INFO:Epoch 13: Train Loss: 44474.8783, Train Node Loss: 25731.9950, Train Reg Loss: 187.4288, Train MAPE: 10.2052, Train R: 0.1582, Train RRSE: 1.0934, Test Loss: 44798.5300, Test Node Loss: 29786.8922, Test Reg Loss: 150.1164, Test MAPE: 11.4096, Test R: 0.1203, Test RRSE: 1.1382
2025-02-10 15:07:36,182:INFO:Epoch 14: Train Loss: 44743.5692, Train Node Loss: 23471.4757, Train Reg Loss: 212.7209, Train MAPE: 10.7638, Train R: 0.1955, Train RRSE: 1.1649, Test Loss: 43018.2860, Test Node Loss: 28072.7133, Test Reg Loss: 149.4557, Test MAPE: 11.4046, Test R: 0.1231, Test RRSE: 1.1357
2025-02-10 15:08:05,100:INFO:Epoch 15: Train Loss: 40909.7867, Train Node Loss: 24445.4618, Train Reg Loss: 164.6432, Train MAPE: 10.0579, Train R: 0.1639, Train RRSE: 1.0248, Test Loss: 47320.3906, Test Node Loss: 27971.7079, Test Reg Loss: 193.4868, Test MAPE: 13.1121, Test R: 0.1256, Test RRSE: 1.2923
2025-02-10 15:08:34,294:INFO:Epoch 16: Train Loss: 40378.9721, Train Node Loss: 24904.7849, Train Reg Loss: 154.7419, Train MAPE: 10.3986, Train R: 0.1793, Train RRSE: 0.9935, Test Loss: 40788.7709, Test Node Loss: 25298.5299, Test Reg Loss: 154.9024, Test MAPE: 11.6670, Test R: 0.1295, Test RRSE: 1.1563
2025-02-10 15:09:03,379:INFO:Epoch 17: Train Loss: 38375.1898, Train Node Loss: 23153.9570, Train Reg Loss: 152.2123, Train MAPE: 10.0876, Train R: 0.1988, Train RRSE: 0.9854, Test Loss: 33583.6184, Test Node Loss: 21691.4188, Test Reg Loss: 118.9220, Test MAPE: 9.6555, Test R: 0.1340, Test RRSE: 1.0131
2025-02-10 15:09:32,594:INFO:Epoch 18: Train Loss: 37491.9895, Train Node Loss: 20637.0929, Train Reg Loss: 168.5490, Train MAPE: 10.0551, Train R: 0.1775, Train RRSE: 1.0369, Test Loss: 32067.3427, Test Node Loss: 19291.8946, Test Reg Loss: 127.7545, Test MAPE: 9.3603, Test R: 0.1395, Test RRSE: 1.0501
2025-02-10 15:10:01,517:INFO:Epoch 19: Train Loss: 36250.7394, Train Node Loss: 19751.3315, Train Reg Loss: 164.9941, Train MAPE: 9.9300, Train R: 0.2028, Train RRSE: 1.0259, Test Loss: 30988.3851, Test Node Loss: 19134.2601, Test Reg Loss: 118.5412, Test MAPE: 9.3979, Test R: 0.1450, Test RRSE: 1.0115
2025-02-10 15:10:30,357:INFO:Epoch 20: Train Loss: 35166.3128, Train Node Loss: 19862.6961, Train Reg Loss: 153.0362, Train MAPE: 10.0804, Train R: 0.1933, Train RRSE: 0.9880, Test Loss: 30264.0735, Test Node Loss: 18582.0953, Test Reg Loss: 116.8198, Test MAPE: 9.5541, Test R: 0.1506, Test RRSE: 1.0041
2025-02-10 15:10:59,133:INFO:Epoch 21: Train Loss: 34341.9032, Train Node Loss: 19076.0279, Train Reg Loss: 152.6587, Train MAPE: 10.1154, Train R: 0.1952, Train RRSE: 0.9868, Test Loss: 29236.2327, Test Node Loss: 16838.1685, Test Reg Loss: 123.9806, Test MAPE: 9.3320, Test R: 0.1589, Test RRSE: 1.0344
2025-02-10 15:11:28,100:INFO:Epoch 22: Train Loss: 33021.5214, Train Node Loss: 17794.7615, Train Reg Loss: 152.2676, Train MAPE: 9.9134, Train R: 0.2418, Train RRSE: 0.9856, Test Loss: 28835.1245, Test Node Loss: 15766.5085, Test Reg Loss: 130.6862, Test MAPE: 9.3919, Test R: 0.1675, Test RRSE: 1.0620
2025-02-10 15:11:57,265:INFO:Epoch 23: Train Loss: 32330.6628, Train Node Loss: 16946.8558, Train Reg Loss: 153.8381, Train MAPE: 9.9452, Train R: 0.2438, Train RRSE: 0.9906, Test Loss: 28013.8166, Test Node Loss: 15208.5252, Test Reg Loss: 128.0529, Test MAPE: 9.3413, Test R: 0.1758, Test RRSE: 1.0513
2025-02-10 15:12:26,508:INFO:Epoch 24: Train Loss: 31512.9922, Train Node Loss: 16527.4743, Train Reg Loss: 149.8552, Train MAPE: 9.9299, Train R: 0.2521, Train RRSE: 0.9777, Test Loss: 27002.3127, Test Node Loss: 14972.9536, Test Reg Loss: 120.2936, Test MAPE: 9.3014, Test R: 0.1838, Test RRSE: 1.0189
2025-02-10 15:12:55,899:INFO:Epoch 25: Train Loss: 31001.9233, Train Node Loss: 16146.3339, Train Reg Loss: 148.5559, Train MAPE: 10.0017, Train R: 0.2429, Train RRSE: 0.9735, Test Loss: 26408.4721, Test Node Loss: 14373.9201, Test Reg Loss: 120.3455, Test MAPE: 9.3030, Test R: 0.1928, Test RRSE: 1.0192
2025-02-10 15:13:25,218:INFO:Epoch 26: Train Loss: 30013.1884, Train Node Loss: 15372.5274, Train Reg Loss: 146.4066, Train MAPE: 9.9498, Train R: 0.2849, Train RRSE: 0.9664, Test Loss: 25990.5964, Test Node Loss: 13711.2312, Test Reg Loss: 122.7936, Test MAPE: 9.3311, Test R: 0.2023, Test RRSE: 1.0295
2025-02-10 15:13:54,217:INFO:Epoch 27: Train Loss: 29217.0433, Train Node Loss: 14680.4001, Train Reg Loss: 145.3664, Train MAPE: 9.9260, Train R: 0.3159, Train RRSE: 0.9630, Test Loss: 25325.2326, Test Node Loss: 13331.4974, Test Reg Loss: 119.9373, Test MAPE: 9.3256, Test R: 0.2119, Test RRSE: 1.0174
2025-02-10 15:14:22,773:INFO:Epoch 28: Train Loss: 28963.0032, Train Node Loss: 14307.7307, Train Reg Loss: 146.5527, Train MAPE: 10.0405, Train R: 0.2822, Train RRSE: 0.9669, Test Loss: 24640.1259, Test Node Loss: 13061.8243, Test Reg Loss: 115.7830, Test MAPE: 9.3195, Test R: 0.2214, Test RRSE: 0.9996
2025-02-10 15:14:50,816:INFO:Epoch 29: Train Loss: 28295.0504, Train Node Loss: 13894.2828, Train Reg Loss: 144.0077, Train MAPE: 9.9991, Train R: 0.3029, Train RRSE: 0.9584, Test Loss: 24578.9622, Test Node Loss: 12203.9894, Test Reg Loss: 123.7497, Test MAPE: 9.3769, Test R: 0.2347, Test RRSE: 1.0335
2025-02-10 15:15:19,070:INFO:Epoch 30: Train Loss: 27933.4828, Train Node Loss: 13226.1206, Train Reg Loss: 147.0736, Train MAPE: 9.9823, Train R: 0.2966, Train RRSE: 0.9686, Test Loss: 24240.0829, Test Node Loss: 11732.6282, Test Reg Loss: 125.0746, Test MAPE: 9.3954, Test R: 0.2455, Test RRSE: 1.0390
2025-02-10 15:15:47,496:INFO:Epoch 31: Train Loss: 27163.5275, Train Node Loss: 13038.9516, Train Reg Loss: 141.2458, Train MAPE: 10.0524, Train R: 0.3285, Train RRSE: 0.9492, Test Loss: 23132.8720, Test Node Loss: 11910.2760, Test Reg Loss: 112.2260, Test MAPE: 9.4035, Test R: 0.2526, Test RRSE: 0.9842
2025-02-10 15:16:15,821:INFO:Epoch 32: Train Loss: 27078.6221, Train Node Loss: 12733.4409, Train Reg Loss: 143.4518, Train MAPE: 10.1261, Train R: 0.2964, Train RRSE: 0.9566, Test Loss: 22939.8783, Test Node Loss: 11267.5789, Test Reg Loss: 116.7230, Test MAPE: 9.3928, Test R: 0.2619, Test RRSE: 1.0037
2025-02-10 15:16:44,207:INFO:Epoch 33: Train Loss: 26147.7338, Train Node Loss: 12029.7491, Train Reg Loss: 141.1798, Train MAPE: 10.0119, Train R: 0.3542, Train RRSE: 0.9490, Test Loss: 23256.9236, Test Node Loss: 10559.5750, Test Reg Loss: 126.9735, Test MAPE: 9.5513, Test R: 0.2753, Test RRSE: 1.0468
2025-02-10 15:17:12,720:INFO:Epoch 34: Train Loss: 26065.8663, Train Node Loss: 11722.1413, Train Reg Loss: 143.4373, Train MAPE: 10.1301, Train R: 0.3211, Train RRSE: 0.9565, Test Loss: 21885.8237, Test Node Loss: 10887.8686, Test Reg Loss: 109.9796, Test MAPE: 9.4788, Test R: 0.2802, Test RRSE: 0.9743
2025-02-10 15:17:41,732:INFO:Epoch 35: Train Loss: 25534.0530, Train Node Loss: 11636.1823, Train Reg Loss: 138.9787, Train MAPE: 10.2289, Train R: 0.3400, Train RRSE: 0.9416, Test Loss: 21611.1925, Test Node Loss: 10401.9980, Test Reg Loss: 112.0919, Test MAPE: 9.4539, Test R: 0.2895, Test RRSE: 0.9836
2025-02-10 15:18:11,276:INFO:Epoch 36: Train Loss: 24936.4386, Train Node Loss: 11197.4788, Train Reg Loss: 137.3896, Train MAPE: 10.1617, Train R: 0.3627, Train RRSE: 0.9362, Test Loss: 21366.3138, Test Node Loss: 10017.1798, Test Reg Loss: 113.4913, Test MAPE: 9.4093, Test R: 0.2970, Test RRSE: 0.9897
2025-02-10 15:18:40,590:INFO:Epoch 37: Train Loss: 24793.3317, Train Node Loss: 10899.6654, Train Reg Loss: 138.9367, Train MAPE: 10.2434, Train R: 0.3448, Train RRSE: 0.9414, Test Loss: 21020.6392, Test Node Loss: 9733.6049, Test Reg Loss: 112.8703, Test MAPE: 9.4633, Test R: 0.3049, Test RRSE: 0.9870
2025-02-10 15:19:09,896:INFO:Epoch 38: Train Loss: 24392.3000, Train Node Loss: 10402.9300, Train Reg Loss: 139.8937, Train MAPE: 10.1459, Train R: 0.3584, Train RRSE: 0.9447, Test Loss: 21717.3168, Test Node Loss: 9059.9876, Test Reg Loss: 126.5733, Test MAPE: 9.6239, Test R: 0.3150, Test RRSE: 1.0452
2025-02-10 15:19:39,332:INFO:Epoch 39: Train Loss: 23881.2000, Train Node Loss: 10208.3063, Train Reg Loss: 136.7289, Train MAPE: 10.1878, Train R: 0.3740, Train RRSE: 0.9339, Test Loss: 20142.1177, Test Node Loss: 9471.5775, Test Reg Loss: 106.7054, Test MAPE: 9.5497, Test R: 0.3162, Test RRSE: 0.9597
2025-02-10 15:20:08,582:INFO:Epoch 40: Train Loss: 23703.6836, Train Node Loss: 10058.8911, Train Reg Loss: 136.4479, Train MAPE: 10.2756, Train R: 0.3651, Train RRSE: 0.9330, Test Loss: 20073.5102, Test Node Loss: 8966.1093, Test Reg Loss: 111.0740, Test MAPE: 9.5033, Test R: 0.3237, Test RRSE: 0.9791
2025-02-10 15:20:37,887:INFO:Epoch 41: Train Loss: 22953.4929, Train Node Loss: 9698.9291, Train Reg Loss: 132.5456, Train MAPE: 10.2355, Train R: 0.4089, Train RRSE: 0.9195, Test Loss: 20450.9148, Test Node Loss: 8462.2921, Test Reg Loss: 119.8862, Test MAPE: 9.6102, Test R: 0.3347, Test RRSE: 1.0172
2025-02-10 15:21:07,176:INFO:Epoch 42: Train Loss: 23146.4862, Train Node Loss: 9663.9013, Train Reg Loss: 134.8258, Train MAPE: 10.4624, Train R: 0.3742, Train RRSE: 0.9274, Test Loss: 19621.6652, Test Node Loss: 8445.1304, Test Reg Loss: 111.7654, Test MAPE: 9.5705, Test R: 0.3385, Test RRSE: 0.9821
2025-02-10 15:21:36,463:INFO:Epoch 43: Train Loss: 22430.5927, Train Node Loss: 9216.4833, Train Reg Loss: 132.1411, Train MAPE: 10.2776, Train R: 0.4078, Train RRSE: 0.9181, Test Loss: 19622.7017, Test Node Loss: 8128.8091, Test Reg Loss: 114.9389, Test MAPE: 9.6318, Test R: 0.3424, Test RRSE: 0.9960
2025-02-10 15:22:05,859:INFO:Epoch 44: Train Loss: 22026.5041, Train Node Loss: 8870.0081, Train Reg Loss: 131.5650, Train MAPE: 10.2545, Train R: 0.4260, Train RRSE: 0.9161, Test Loss: 18839.6232, Test Node Loss: 8178.9211, Test Reg Loss: 106.6070, Test MAPE: 9.6112, Test R: 0.3460, Test RRSE: 0.9592
2025-02-10 15:22:35,081:INFO:Epoch 45: Train Loss: 22178.3852, Train Node Loss: 8915.6809, Train Reg Loss: 132.6270, Train MAPE: 10.4412, Train R: 0.3928, Train RRSE: 0.9198, Test Loss: 18479.6686, Test Node Loss: 8124.4803, Test Reg Loss: 103.5519, Test MAPE: 9.6347, Test R: 0.3503, Test RRSE: 0.9454
2025-02-10 15:23:05,224:INFO:Epoch 46: Train Loss: 21740.5171, Train Node Loss: 8440.5663, Train Reg Loss: 132.9995, Train MAPE: 10.2941, Train R: 0.4133, Train RRSE: 0.9211, Test Loss: 19263.4019, Test Node Loss: 7421.6115, Test Reg Loss: 118.4179, Test MAPE: 9.5834, Test R: 0.3575, Test RRSE: 1.0110
2025-02-10 15:23:34,523:INFO:Epoch 47: Train Loss: 21278.9974, Train Node Loss: 8364.8580, Train Reg Loss: 129.1414, Train MAPE: 10.4129, Train R: 0.4269, Train RRSE: 0.9076, Test Loss: 18249.6407, Test Node Loss: 8012.5429, Test Reg Loss: 102.3710, Test MAPE: 9.9575, Test R: 0.3554, Test RRSE: 0.9400
2025-02-10 15:24:03,767:INFO:Epoch 48: Train Loss: 20857.8017, Train Node Loss: 8162.8498, Train Reg Loss: 126.9495, Train MAPE: 10.4181, Train R: 0.4444, Train RRSE: 0.8999, Test Loss: 18363.9539, Test Node Loss: 7188.3466, Test Reg Loss: 111.7561, Test MAPE: 9.5919, Test R: 0.3615, Test RRSE: 0.9821
2025-02-10 15:24:33,012:INFO:Epoch 49: Train Loss: 20357.4189, Train Node Loss: 7829.4875, Train Reg Loss: 125.2793, Train MAPE: 10.2614, Train R: 0.4756, Train RRSE: 0.8940, Test Loss: 17584.2608, Test Node Loss: 7413.2065, Test Reg Loss: 101.7105, Test MAPE: 9.7633, Test R: 0.3631, Test RRSE: 0.9369
2025-02-10 15:25:02,291:INFO:Epoch 50: Train Loss: 20195.7250, Train Node Loss: 7896.0937, Train Reg Loss: 122.9963, Train MAPE: 10.4331, Train R: 0.4728, Train RRSE: 0.8858, Test Loss: 17400.4604, Test Node Loss: 7134.4950, Test Reg Loss: 102.6597, Test MAPE: 9.7009, Test R: 0.3675, Test RRSE: 0.9413
2025-02-10 15:25:31,543:INFO:Epoch 51: Train Loss: 20013.3567, Train Node Loss: 7620.9704, Train Reg Loss: 123.9239, Train MAPE: 10.4204, Train R: 0.4648, Train RRSE: 0.8891, Test Loss: 18159.1895, Test Node Loss: 6583.0980, Test Reg Loss: 115.7609, Test MAPE: 9.7431, Test R: 0.3743, Test RRSE: 0.9995
2025-02-10 15:26:00,791:INFO:Epoch 52: Train Loss: 19879.0382, Train Node Loss: 7422.5944, Train Reg Loss: 124.5644, Train MAPE: 10.4522, Train R: 0.4613, Train RRSE: 0.8914, Test Loss: 17145.1090, Test Node Loss: 6701.0316, Test Reg Loss: 104.4408, Test MAPE: 9.6996, Test R: 0.3751, Test RRSE: 0.9494
2025-02-10 15:26:29,840:INFO:Epoch 53: Train Loss: 19881.4491, Train Node Loss: 7227.2765, Train Reg Loss: 126.5417, Train MAPE: 10.3760, Train R: 0.4473, Train RRSE: 0.8984, Test Loss: 17995.3091, Test Node Loss: 6236.4030, Test Reg Loss: 117.5891, Test MAPE: 9.7800, Test R: 0.3814, Test RRSE: 1.0074
2025-02-10 15:26:59,144:INFO:Epoch 54: Train Loss: 19625.3944, Train Node Loss: 6982.7598, Train Reg Loss: 126.4263, Train MAPE: 10.3554, Train R: 0.4557, Train RRSE: 0.8980, Test Loss: 16669.6705, Test Node Loss: 6481.3561, Test Reg Loss: 101.8831, Test MAPE: 9.8159, Test R: 0.3811, Test RRSE: 0.9377
2025-02-10 15:27:28,243:INFO:Epoch 55: Train Loss: 19009.9579, Train Node Loss: 7081.5976, Train Reg Loss: 119.2836, Train MAPE: 10.6879, Train R: 0.4961, Train RRSE: 0.8723, Test Loss: 17843.2162, Test Node Loss: 5910.6657, Test Reg Loss: 119.3255, Test MAPE: 9.9138, Test R: 0.3856, Test RRSE: 1.0148
2025-02-10 15:27:57,636:INFO:Epoch 56: Train Loss: 19061.0459, Train Node Loss: 6586.3152, Train Reg Loss: 124.7473, Train MAPE: 10.3407, Train R: 0.4811, Train RRSE: 0.8921, Test Loss: 17185.5017, Test Node Loss: 5865.6161, Test Reg Loss: 113.1988, Test MAPE: 9.8183, Test R: 0.3868, Test RRSE: 0.9884
2025-02-10 15:28:27,015:INFO:Epoch 57: Train Loss: 18627.0844, Train Node Loss: 6576.1949, Train Reg Loss: 120.5089, Train MAPE: 10.4718, Train R: 0.4890, Train RRSE: 0.8768, Test Loss: 16671.8642, Test Node Loss: 6386.5187, Test Reg Loss: 102.8535, Test MAPE: 10.2969, Test R: 0.3800, Test RRSE: 0.9422
2025-02-10 15:28:56,405:INFO:Epoch 58: Train Loss: 18836.4333, Train Node Loss: 6448.2238, Train Reg Loss: 123.8821, Train MAPE: 10.5327, Train R: 0.4610, Train RRSE: 0.8890, Test Loss: 16022.6266, Test Node Loss: 5904.4761, Test Reg Loss: 101.1815, Test MAPE: 9.9062, Test R: 0.3858, Test RRSE: 0.9345
2025-02-10 15:29:25,822:INFO:Epoch 59: Train Loss: 18422.8960, Train Node Loss: 6185.7051, Train Reg Loss: 122.3719, Train MAPE: 10.3898, Train R: 0.4830, Train RRSE: 0.8835, Test Loss: 16032.9775, Test Node Loss: 5978.4012, Test Reg Loss: 100.5458, Test MAPE: 10.1441, Test R: 0.3861, Test RRSE: 0.9315
2025-02-10 15:29:55,274:INFO:Epoch 60: Train Loss: 18542.6653, Train Node Loss: 6289.6723, Train Reg Loss: 122.5299, Train MAPE: 10.7655, Train R: 0.4711, Train RRSE: 0.8841, Test Loss: 15730.2765, Test Node Loss: 5656.8890, Test Reg Loss: 100.7339, Test MAPE: 9.8756, Test R: 0.3883, Test RRSE: 0.9324
2025-02-10 15:30:24,657:INFO:Epoch 61: Train Loss: 18118.6158, Train Node Loss: 5799.0660, Train Reg Loss: 123.1955, Train MAPE: 10.3704, Train R: 0.5001, Train RRSE: 0.8865, Test Loss: 16905.3508, Test Node Loss: 5150.6944, Test Reg Loss: 117.5466, Test MAPE: 9.8579, Test R: 0.3938, Test RRSE: 1.0072
2025-02-10 15:30:54,025:INFO:Epoch 62: Train Loss: 17997.0684, Train Node Loss: 5942.4215, Train Reg Loss: 120.5465, Train MAPE: 10.6419, Train R: 0.4832, Train RRSE: 0.8769, Test Loss: 15699.8621, Test Node Loss: 5638.0965, Test Reg Loss: 100.6177, Test MAPE: 10.2648, Test R: 0.3914, Test RRSE: 0.9319
2025-02-10 15:31:23,187:INFO:Epoch 63: Train Loss: 17410.3363, Train Node Loss: 5735.3813, Train Reg Loss: 116.7495, Train MAPE: 10.5437, Train R: 0.5110, Train RRSE: 0.8630, Test Loss: 17278.5270, Test Node Loss: 4809.6281, Test Reg Loss: 124.6890, Test MAPE: 10.0932, Test R: 0.3938, Test RRSE: 1.0374
2025-02-10 15:31:52,628:INFO:Epoch 64: Train Loss: 17392.5171, Train Node Loss: 5432.7734, Train Reg Loss: 119.5974, Train MAPE: 10.3794, Train R: 0.5148, Train RRSE: 0.8734, Test Loss: 16732.8395, Test Node Loss: 5620.8656, Test Reg Loss: 111.1197, Test MAPE: 10.9067, Test R: 0.3874, Test RRSE: 0.9793
2025-02-10 15:32:21,965:INFO:Epoch 65: Train Loss: 17426.3197, Train Node Loss: 5653.4747, Train Reg Loss: 117.7284, Train MAPE: 10.8409, Train R: 0.5076, Train RRSE: 0.8666, Test Loss: 16304.3176, Test Node Loss: 4700.8579, Test Reg Loss: 116.0346, Test MAPE: 10.0348, Test R: 0.3957, Test RRSE: 1.0007
2025-02-10 15:32:51,289:INFO:Epoch 66: Train Loss: 16914.3777, Train Node Loss: 5145.1667, Train Reg Loss: 117.6921, Train MAPE: 10.4753, Train R: 0.5360, Train RRSE: 0.8665, Test Loss: 16200.3998, Test Node Loss: 4597.0626, Test Reg Loss: 116.0334, Test MAPE: 9.9862, Test R: 0.3969, Test RRSE: 1.0007
2025-02-10 15:33:20,676:INFO:Epoch 67: Train Loss: 16840.2718, Train Node Loss: 5275.2201, Train Reg Loss: 115.6505, Train MAPE: 10.6806, Train R: 0.5144, Train RRSE: 0.8589, Test Loss: 14937.9175, Test Node Loss: 4781.7753, Test Reg Loss: 101.5614, Test MAPE: 9.8027, Test R: 0.3970, Test RRSE: 0.9362
2025-02-10 15:33:50,004:INFO:Epoch 68: Train Loss: 16483.8277, Train Node Loss: 5108.1471, Train Reg Loss: 113.7568, Train MAPE: 10.6406, Train R: 0.5286, Train RRSE: 0.8519, Test Loss: 16597.3920, Test Node Loss: 4313.0152, Test Reg Loss: 122.8438, Test MAPE: 10.1718, Test R: 0.3981, Test RRSE: 1.0297
2025-02-10 15:34:18,960:INFO:Epoch 69: Train Loss: 16413.5636, Train Node Loss: 4943.2755, Train Reg Loss: 114.7029, Train MAPE: 10.5645, Train R: 0.5265, Train RRSE: 0.8554, Test Loss: 15062.3432, Test Node Loss: 4826.9951, Test Reg Loss: 102.3535, Test MAPE: 10.4465, Test R: 0.3954, Test RRSE: 0.9399
2025-02-10 15:34:48,524:INFO:Epoch 70: Train Loss: 16248.4241, Train Node Loss: 4945.9955, Train Reg Loss: 113.0243, Train MAPE: 10.7781, Train R: 0.5309, Train RRSE: 0.8491, Test Loss: 14622.5112, Test Node Loss: 4508.1423, Test Reg Loss: 101.1437, Test MAPE: 10.0989, Test R: 0.3963, Test RRSE: 0.9343
2025-02-10 15:35:17,216:INFO:Epoch 71: Train Loss: 16001.2208, Train Node Loss: 4745.7390, Train Reg Loss: 112.5548, Train MAPE: 10.6565, Train R: 0.5362, Train RRSE: 0.8473, Test Loss: 15034.9901, Test Node Loss: 4643.5957, Test Reg Loss: 103.9139, Test MAPE: 10.5898, Test R: 0.3977, Test RRSE: 0.9470
2025-02-10 15:35:45,835:INFO:Epoch 72: Train Loss: 16285.4618, Train Node Loss: 4624.3693, Train Reg Loss: 116.6109, Train MAPE: 10.7340, Train R: 0.5118, Train RRSE: 0.8625, Test Loss: 14435.1640, Test Node Loss: 4337.2329, Test Reg Loss: 100.9793, Test MAPE: 10.2201, Test R: 0.4006, Test RRSE: 0.9336
2025-02-10 15:36:14,841:INFO:Epoch 73: Train Loss: 16044.6108, Train Node Loss: 4545.5365, Train Reg Loss: 114.9907, Train MAPE: 10.7750, Train R: 0.5199, Train RRSE: 0.8565, Test Loss: 14326.8499, Test Node Loss: 4255.9993, Test Reg Loss: 100.7085, Test MAPE: 10.1680, Test R: 0.4014, Test RRSE: 0.9323
2025-02-10 15:36:43,894:INFO:Epoch 74: Train Loss: 15941.3794, Train Node Loss: 4568.3460, Train Reg Loss: 113.7303, Train MAPE: 10.8648, Train R: 0.5266, Train RRSE: 0.8518, Test Loss: 15272.3187, Test Node Loss: 3858.5390, Test Reg Loss: 114.1378, Test MAPE: 10.0888, Test R: 0.4037, Test RRSE: 0.9925
2025-02-10 15:37:13,577:INFO:Epoch 75: Train Loss: 15981.6044, Train Node Loss: 4381.8219, Train Reg Loss: 115.9978, Train MAPE: 10.8686, Train R: 0.5107, Train RRSE: 0.8602, Test Loss: 16228.7019, Test Node Loss: 3655.2802, Test Reg Loss: 125.7342, Test MAPE: 10.2446, Test R: 0.4050, Test RRSE: 1.0417
2025-02-10 15:37:42,566:INFO:Epoch 76: Train Loss: 15518.3923, Train Node Loss: 4158.9858, Train Reg Loss: 113.5941, Train MAPE: 10.6976, Train R: 0.5430, Train RRSE: 0.8512, Test Loss: 14028.6847, Test Node Loss: 3935.5681, Test Reg Loss: 100.9312, Test MAPE: 10.0756, Test R: 0.4042, Test RRSE: 0.9333
2025-02-10 15:38:12,295:INFO:Epoch 77: Train Loss: 15755.5123, Train Node Loss: 4204.7294, Train Reg Loss: 115.5078, Train MAPE: 10.7941, Train R: 0.5132, Train RRSE: 0.8584, Test Loss: 15178.7914, Test Node Loss: 3570.9836, Test Reg Loss: 116.0781, Test MAPE: 10.1877, Test R: 0.4054, Test RRSE: 1.0009
2025-02-10 15:38:41,692:INFO:Epoch 78: Train Loss: 15377.6077, Train Node Loss: 4051.7006, Train Reg Loss: 113.2591, Train MAPE: 10.7404, Train R: 0.5302, Train RRSE: 0.8500, Test Loss: 14132.3512, Test Node Loss: 3915.6606, Test Reg Loss: 102.1669, Test MAPE: 10.5041, Test R: 0.4040, Test RRSE: 0.9390
2025-02-10 15:39:10,695:INFO:Epoch 79: Train Loss: 15081.9330, Train Node Loss: 4051.5459, Train Reg Loss: 110.3039, Train MAPE: 10.8935, Train R: 0.5455, Train RRSE: 0.8388, Test Loss: 14111.8229, Test Node Loss: 3575.8199, Test Reg Loss: 105.3600, Test MAPE: 10.1764, Test R: 0.4059, Test RRSE: 0.9536
2025-02-10 15:39:40,098:INFO:Epoch 80: Train Loss: 14556.4155, Train Node Loss: 3866.1105, Train Reg Loss: 106.9030, Train MAPE: 10.8114, Train R: 0.5697, Train RRSE: 0.8258, Test Loss: 14298.7029, Test Node Loss: 3452.6011, Test Reg Loss: 108.4610, Test MAPE: 10.1106, Test R: 0.4075, Test RRSE: 0.9675
2025-02-10 15:40:09,165:INFO:Epoch 81: Train Loss: 15159.1010, Train Node Loss: 3873.3046, Train Reg Loss: 112.8580, Train MAPE: 10.9589, Train R: 0.5294, Train RRSE: 0.8485, Test Loss: 14297.6337, Test Node Loss: 3372.5788, Test Reg Loss: 109.2505, Test MAPE: 10.1966, Test R: 0.4094, Test RRSE: 0.9710
2025-02-10 15:40:38,245:INFO:Epoch 82: Train Loss: 15426.4372, Train Node Loss: 3532.4296, Train Reg Loss: 118.9401, Train MAPE: 10.8235, Train R: 0.5400, Train RRSE: 0.8710, Test Loss: 13615.7661, Test Node Loss: 3484.4458, Test Reg Loss: 101.3132, Test MAPE: 10.2541, Test R: 0.4090, Test RRSE: 0.9351
2025-02-10 15:41:07,449:INFO:Epoch 83: Train Loss: 15250.3347, Train Node Loss: 3894.5030, Train Reg Loss: 113.5583, Train MAPE: 11.2485, Train R: 0.5548, Train RRSE: 0.8511, Test Loss: 15027.6780, Test Node Loss: 3120.9522, Test Reg Loss: 119.0673, Test MAPE: 10.1738, Test R: 0.4118, Test RRSE: 1.0137
2025-02-10 15:41:36,819:INFO:Epoch 84: Train Loss: 14878.3326, Train Node Loss: 3404.5689, Train Reg Loss: 114.7376, Train MAPE: 10.6835, Train R: 0.5576, Train RRSE: 0.8555, Test Loss: 13495.0590, Test Node Loss: 3265.0331, Test Reg Loss: 102.3003, Test MAPE: 10.0634, Test R: 0.4132, Test RRSE: 0.9396
2025-02-10 15:42:06,945:INFO:Epoch 85: Train Loss: 14476.6186, Train Node Loss: 3616.0442, Train Reg Loss: 108.6057, Train MAPE: 11.0028, Train R: 0.5596, Train RRSE: 0.8323, Test Loss: 13277.6598, Test Node Loss: 3299.8811, Test Reg Loss: 99.7778, Test MAPE: 10.2826, Test R: 0.4136, Test RRSE: 0.9280
2025-02-10 15:42:36,680:INFO:Epoch 86: Train Loss: 14183.0600, Train Node Loss: 3484.2545, Train Reg Loss: 106.9881, Train MAPE: 10.8097, Train R: 0.5656, Train RRSE: 0.8261, Test Loss: 13983.2925, Test Node Loss: 3010.9082, Test Reg Loss: 109.7238, Test MAPE: 10.1508, Test R: 0.4161, Test RRSE: 0.9731
2025-02-10 15:43:06,455:INFO:Epoch 87: Train Loss: 14593.9997, Train Node Loss: 3339.7249, Train Reg Loss: 112.5427, Train MAPE: 10.7579, Train R: 0.5372, Train RRSE: 0.8473, Test Loss: 13234.3454, Test Node Loss: 3091.1633, Test Reg Loss: 101.4318, Test MAPE: 10.1955, Test R: 0.4176, Test RRSE: 0.9356
2025-02-10 15:43:36,138:INFO:Epoch 88: Train Loss: 14438.2209, Train Node Loss: 3217.6589, Train Reg Loss: 112.2056, Train MAPE: 10.7001, Train R: 0.5481, Train RRSE: 0.8460, Test Loss: 13184.7335, Test Node Loss: 3165.3503, Test Reg Loss: 100.1938, Test MAPE: 10.4117, Test R: 0.4179, Test RRSE: 0.9299
2025-02-10 15:44:05,833:INFO:Epoch 89: Train Loss: 14700.3159, Train Node Loss: 3360.9283, Train Reg Loss: 113.3939, Train MAPE: 11.1647, Train R: 0.5329, Train RRSE: 0.8505, Test Loss: 13755.8582, Test Node Loss: 2834.8454, Test Reg Loss: 109.2101, Test MAPE: 10.1385, Test R: 0.4189, Test RRSE: 0.9709
2025-02-10 15:44:35,530:INFO:Epoch 90: Train Loss: 14050.7252, Train Node Loss: 3131.0698, Train Reg Loss: 109.1966, Train MAPE: 10.6588, Train R: 0.5589, Train RRSE: 0.8346, Test Loss: 12947.5935, Test Node Loss: 2980.8190, Test Reg Loss: 99.6677, Test MAPE: 10.2909, Test R: 0.4182, Test RRSE: 0.9275
2025-02-10 15:45:05,377:INFO:Epoch 91: Train Loss: 13885.8440, Train Node Loss: 3149.5506, Train Reg Loss: 107.3629, Train MAPE: 10.8845, Train R: 0.5626, Train RRSE: 0.8276, Test Loss: 13250.1601, Test Node Loss: 2808.6430, Test Reg Loss: 104.4152, Test MAPE: 10.2111, Test R: 0.4184, Test RRSE: 0.9493
2025-02-10 15:45:35,125:INFO:Epoch 92: Train Loss: 13806.5330, Train Node Loss: 3081.2625, Train Reg Loss: 107.2527, Train MAPE: 10.8504, Train R: 0.5630, Train RRSE: 0.8271, Test Loss: 13754.1866, Test Node Loss: 2673.3024, Test Reg Loss: 110.8088, Test MAPE: 10.2395, Test R: 0.4204, Test RRSE: 0.9779
2025-02-10 15:46:04,909:INFO:Epoch 93: Train Loss: 13587.0549, Train Node Loss: 2942.4531, Train Reg Loss: 106.4460, Train MAPE: 10.8030, Train R: 0.5751, Train RRSE: 0.8240, Test Loss: 12931.8975, Test Node Loss: 2748.6328, Test Reg Loss: 101.8326, Test MAPE: 10.2621, Test R: 0.4221, Test RRSE: 0.9375
2025-02-10 15:46:35,375:INFO:Epoch 94: Train Loss: 13700.1463, Train Node Loss: 2994.3647, Train Reg Loss: 107.0578, Train MAPE: 10.9451, Train R: 0.5645, Train RRSE: 0.8264, Test Loss: 14296.7741, Test Node Loss: 2507.2971, Test Reg Loss: 117.8948, Test MAPE: 10.3487, Test R: 0.4249, Test RRSE: 1.0087
2025-02-10 15:47:05,810:INFO:Epoch 95: Train Loss: 14093.6803, Train Node Loss: 2845.8428, Train Reg Loss: 112.4784, Train MAPE: 10.8572, Train R: 0.5368, Train RRSE: 0.8471, Test Loss: 12764.9333, Test Node Loss: 2644.2922, Test Reg Loss: 101.2064, Test MAPE: 10.2606, Test R: 0.4246, Test RRSE: 0.9346
2025-02-10 15:47:35,343:INFO:Epoch 96: Train Loss: 13261.7180, Train Node Loss: 2909.4575, Train Reg Loss: 103.5226, Train MAPE: 11.1205, Train R: 0.5859, Train RRSE: 0.8126, Test Loss: 13503.0815, Test Node Loss: 2464.6255, Test Reg Loss: 110.3846, Test MAPE: 10.2351, Test R: 0.4248, Test RRSE: 0.9761
2025-02-10 15:48:05,009:INFO:Epoch 97: Train Loss: 13958.3378, Train Node Loss: 2810.2148, Train Reg Loss: 111.4812, Train MAPE: 11.0258, Train R: 0.5375, Train RRSE: 0.8433, Test Loss: 14507.7481, Test Node Loss: 2338.9366, Test Reg Loss: 121.6881, Test MAPE: 10.3939, Test R: 0.4253, Test RRSE: 1.0248
2025-02-10 15:48:34,832:INFO:Epoch 98: Train Loss: 13567.7720, Train Node Loss: 2647.2337, Train Reg Loss: 109.2054, Train MAPE: 10.8295, Train R: 0.5646, Train RRSE: 0.8346, Test Loss: 13376.0358, Test Node Loss: 2400.6058, Test Reg Loss: 109.7543, Test MAPE: 10.2364, Test R: 0.4243, Test RRSE: 0.9733
2025-02-10 15:49:04,472:INFO:Epoch 99: Train Loss: 13192.3219, Train Node Loss: 2694.3655, Train Reg Loss: 104.9796, Train MAPE: 10.9191, Train R: 0.5755, Train RRSE: 0.8183, Test Loss: 14662.8812, Test Node Loss: 2252.7234, Test Reg Loss: 124.1016, Test MAPE: 10.4470, Test R: 0.4274, Test RRSE: 1.0349
2025-02-10 15:49:34,297:INFO:Epoch 100: Train Loss: 13166.8490, Train Node Loss: 2621.8869, Train Reg Loss: 105.4496, Train MAPE: 10.9064, Train R: 0.5737, Train RRSE: 0.8202, Test Loss: 14872.7406, Test Node Loss: 2190.4747, Test Reg Loss: 126.8227, Test MAPE: 10.5460, Test R: 0.4280, Test RRSE: 1.0462
2025-02-10 15:50:04,649:INFO:Epoch 101: Train Loss: 12882.3283, Train Node Loss: 2605.5124, Train Reg Loss: 102.7682, Train MAPE: 10.9720, Train R: 0.5872, Train RRSE: 0.8097, Test Loss: 14090.9278, Test Node Loss: 2192.2082, Test Reg Loss: 118.9872, Test MAPE: 10.4034, Test R: 0.4296, Test RRSE: 1.0134
2025-02-10 15:50:34,937:INFO:Epoch 102: Train Loss: 12647.5768, Train Node Loss: 2493.1702, Train Reg Loss: 101.5441, Train MAPE: 10.8862, Train R: 0.5980, Train RRSE: 0.8048, Test Loss: 13452.7837, Test Node Loss: 2197.5543, Test Reg Loss: 112.5523, Test MAPE: 10.3644, Test R: 0.4302, Test RRSE: 0.9856
2025-02-10 15:51:04,648:INFO:Epoch 103: Train Loss: 12841.5795, Train Node Loss: 2493.3212, Train Reg Loss: 103.4826, Train MAPE: 11.0199, Train R: 0.5834, Train RRSE: 0.8125, Test Loss: 14540.6725, Test Node Loss: 2077.3241, Test Reg Loss: 124.6335, Test MAPE: 10.4848, Test R: 0.4303, Test RRSE: 1.0371
2025-02-10 15:51:34,176:INFO:Epoch 104: Train Loss: 12999.1440, Train Node Loss: 2417.4575, Train Reg Loss: 105.8169, Train MAPE: 10.9013, Train R: 0.5730, Train RRSE: 0.8216, Test Loss: 12132.9968, Test Node Loss: 2282.9231, Test Reg Loss: 98.5007, Test MAPE: 10.2151, Test R: 0.4324, Test RRSE: 0.9220
2025-02-10 15:52:04,535:INFO:Epoch 105: Train Loss: 13205.8910, Train Node Loss: 2464.1801, Train Reg Loss: 107.4171, Train MAPE: 11.1994, Train R: 0.5646, Train RRSE: 0.8278, Test Loss: 15223.6955, Test Node Loss: 1930.5725, Test Reg Loss: 132.9312, Test MAPE: 10.7039, Test R: 0.4330, Test RRSE: 1.0711
2025-02-10 15:52:34,561:INFO:Epoch 106: Train Loss: 13144.1347, Train Node Loss: 2249.3592, Train Reg Loss: 108.9478, Train MAPE: 10.8838, Train R: 0.5732, Train RRSE: 0.8337, Test Loss: 14221.6473, Test Node Loss: 2468.0427, Test Reg Loss: 117.5360, Test MAPE: 11.5549, Test R: 0.4317, Test RRSE: 1.0072
2025-02-10 15:53:04,488:INFO:Epoch 107: Train Loss: 12889.4250, Train Node Loss: 2418.0537, Train Reg Loss: 104.7137, Train MAPE: 11.2666, Train R: 0.5886, Train RRSE: 0.8173, Test Loss: 16815.4412, Test Node Loss: 1803.8441, Test Reg Loss: 150.1160, Test MAPE: 10.9699, Test R: 0.4353, Test RRSE: 1.1382
2025-02-10 15:53:34,214:INFO:Epoch 108: Train Loss: 13383.0651, Train Node Loss: 2243.9773, Train Reg Loss: 111.3909, Train MAPE: 11.1344, Train R: 0.5416, Train RRSE: 0.8429, Test Loss: 13063.9016, Test Node Loss: 1969.8919, Test Reg Loss: 110.9401, Test MAPE: 10.2055, Test R: 0.4362, Test RRSE: 0.9785
2025-02-10 15:54:04,073:INFO:Epoch 109: Train Loss: 12688.7942, Train Node Loss: 2155.2692, Train Reg Loss: 105.3352, Train MAPE: 10.7897, Train R: 0.5886, Train RRSE: 0.8197, Test Loss: 12029.2861, Test Node Loss: 2033.4031, Test Reg Loss: 99.9588, Test MAPE: 10.1647, Test R: 0.4369, Test RRSE: 0.9288
2025-02-10 15:54:33,769:INFO:Epoch 110: Train Loss: 12730.5831, Train Node Loss: 2223.4529, Train Reg Loss: 105.0713, Train MAPE: 11.1098, Train R: 0.5746, Train RRSE: 0.8187, Test Loss: 11954.2794, Test Node Loss: 2023.7607, Test Reg Loss: 99.3052, Test MAPE: 10.3677, Test R: 0.4360, Test RRSE: 0.9258
2025-02-10 15:55:03,532:INFO:Epoch 111: Train Loss: 12480.3011, Train Node Loss: 2194.3613, Train Reg Loss: 102.8594, Train MAPE: 11.0950, Train R: 0.5873, Train RRSE: 0.8100, Test Loss: 12811.7491, Test Node Loss: 1865.8230, Test Reg Loss: 109.4593, Test MAPE: 10.2775, Test R: 0.4381, Test RRSE: 0.9720
2025-02-10 15:55:33,181:INFO:Epoch 112: Train Loss: 11953.2589, Train Node Loss: 2091.8733, Train Reg Loss: 98.6139, Train MAPE: 10.8745, Train R: 0.6138, Train RRSE: 0.7931, Test Loss: 13014.5598, Test Node Loss: 1831.0151, Test Reg Loss: 111.8354, Test MAPE: 10.2764, Test R: 0.4393, Test RRSE: 0.9825
2025-02-10 15:56:02,978:INFO:Epoch 113: Train Loss: 12054.6382, Train Node Loss: 2119.1777, Train Reg Loss: 99.3546, Train MAPE: 11.1302, Train R: 0.6062, Train RRSE: 0.7961, Test Loss: 17383.6161, Test Node Loss: 1604.8560, Test Reg Loss: 157.7876, Test MAPE: 11.1598, Test R: 0.4405, Test RRSE: 1.1670
2025-02-10 15:56:32,545:INFO:Epoch 114: Train Loss: 12675.0487, Train Node Loss: 2008.8402, Train Reg Loss: 106.6621, Train MAPE: 10.9374, Train R: 0.5698, Train RRSE: 0.8249, Test Loss: 13072.1927, Test Node Loss: 1770.0976, Test Reg Loss: 113.0209, Test MAPE: 10.3357, Test R: 0.4412, Test RRSE: 0.9876
2025-02-10 15:57:02,268:INFO:Epoch 115: Train Loss: 12637.5551, Train Node Loss: 2018.0905, Train Reg Loss: 106.1946, Train MAPE: 11.1496, Train R: 0.5686, Train RRSE: 0.8231, Test Loss: 13218.1102, Test Node Loss: 1714.3574, Test Reg Loss: 115.0375, Test MAPE: 10.4210, Test R: 0.4418, Test RRSE: 0.9964
2025-02-10 15:57:31,909:INFO:Epoch 116: Train Loss: 12524.3339, Train Node Loss: 1930.3044, Train Reg Loss: 105.9403, Train MAPE: 10.9952, Train R: 0.5764, Train RRSE: 0.8221, Test Loss: 11657.2536, Test Node Loss: 1876.5872, Test Reg Loss: 97.8067, Test MAPE: 10.3739, Test R: 0.4428, Test RRSE: 0.9188
2025-02-10 15:58:01,713:INFO:Epoch 117: Train Loss: 11806.4897, Train Node Loss: 1996.7513, Train Reg Loss: 98.0974, Train MAPE: 11.2426, Train R: 0.6138, Train RRSE: 0.7911, Test Loss: 16061.0439, Test Node Loss: 1536.5514, Test Reg Loss: 145.2449, Test MAPE: 10.9330, Test R: 0.4454, Test RRSE: 1.1196
2025-02-10 15:58:31,524:INFO:Epoch 118: Train Loss: 11981.0672, Train Node Loss: 1903.2670, Train Reg Loss: 100.7780, Train MAPE: 11.0030, Train R: 0.5995, Train RRSE: 0.8018, Test Loss: 13097.1144, Test Node Loss: 1638.9970, Test Reg Loss: 114.5812, Test MAPE: 10.3528, Test R: 0.4479, Test RRSE: 0.9944
2025-02-10 15:59:01,357:INFO:Epoch 119: Train Loss: 11787.8297, Train Node Loss: 1854.9830, Train Reg Loss: 99.3285, Train MAPE: 10.8241, Train R: 0.6116, Train RRSE: 0.7960, Test Loss: 11736.2711, Test Node Loss: 1725.5376, Test Reg Loss: 100.1073, Test MAPE: 10.3694, Test R: 0.4461, Test RRSE: 0.9295
2025-02-10 15:59:31,195:INFO:Epoch 120: Train Loss: 11846.8744, Train Node Loss: 1903.2023, Train Reg Loss: 99.4367, Train MAPE: 11.2233, Train R: 0.6071, Train RRSE: 0.7964, Test Loss: 11926.4217, Test Node Loss: 1708.2136, Test Reg Loss: 102.1821, Test MAPE: 10.6624, Test R: 0.4396, Test RRSE: 0.9391
2025-02-10 16:00:01,200:INFO:Epoch 121: Train Loss: 11744.5676, Train Node Loss: 1762.5363, Train Reg Loss: 99.8203, Train MAPE: 10.9754, Train R: 0.6131, Train RRSE: 0.7980, Test Loss: 11607.3899, Test Node Loss: 1701.1618, Test Reg Loss: 99.0623, Test MAPE: 10.4595, Test R: 0.4461, Test RRSE: 0.9247
2025-02-10 16:00:31,101:INFO:Epoch 122: Train Loss: 11633.3997, Train Node Loss: 1813.2697, Train Reg Loss: 98.2013, Train MAPE: 11.1987, Train R: 0.6117, Train RRSE: 0.7915, Test Loss: 14079.7273, Test Node Loss: 1465.9248, Test Reg Loss: 126.1380, Test MAPE: 10.5583, Test R: 0.4481, Test RRSE: 1.0434
2025-02-10 16:01:01,181:INFO:Epoch 123: Train Loss: 11512.3482, Train Node Loss: 1717.8305, Train Reg Loss: 97.9452, Train MAPE: 10.9335, Train R: 0.6179, Train RRSE: 0.7904, Test Loss: 11520.7703, Test Node Loss: 1712.6142, Test Reg Loss: 98.0816, Test MAPE: 10.5659, Test R: 0.4484, Test RRSE: 0.9201
2025-02-10 16:01:30,988:INFO:Epoch 124: Train Loss: 11923.8133, Train Node Loss: 1728.1769, Train Reg Loss: 101.9564, Train MAPE: 11.3170, Train R: 0.5930, Train RRSE: 0.8065, Test Loss: 12636.9115, Test Node Loss: 1491.6267, Test Reg Loss: 111.4528, Test MAPE: 10.4413, Test R: 0.4456, Test RRSE: 0.9808
2025-02-10 16:02:01,011:INFO:Epoch 125: Train Loss: 11392.8135, Train Node Loss: 1788.3673, Train Reg Loss: 96.0445, Train MAPE: 11.4046, Train R: 0.6322, Train RRSE: 0.7827, Test Loss: 16345.7337, Test Node Loss: 1346.2680, Test Reg Loss: 149.9947, Test MAPE: 10.8882, Test R: 0.4496, Test RRSE: 1.1378
2025-02-10 16:02:30,897:INFO:Epoch 126: Train Loss: 11619.7445, Train Node Loss: 1582.7460, Train Reg Loss: 100.3700, Train MAPE: 10.7716, Train R: 0.6303, Train RRSE: 0.8002, Test Loss: 12284.7646, Test Node Loss: 1484.0118, Test Reg Loss: 108.0075, Test MAPE: 10.4104, Test R: 0.4502, Test RRSE: 0.9655
2025-02-10 16:03:00,910:INFO:Epoch 127: Train Loss: 11074.3989, Train Node Loss: 1763.0692, Train Reg Loss: 93.1133, Train MAPE: 11.4578, Train R: 0.6524, Train RRSE: 0.7707, Test Loss: 14782.8095, Test Node Loss: 1353.1027, Test Reg Loss: 134.2971, Test MAPE: 10.8280, Test R: 0.4509, Test RRSE: 1.0766
2025-02-10 16:03:30,875:INFO:Epoch 128: Train Loss: 11272.0067, Train Node Loss: 1552.8056, Train Reg Loss: 97.1920, Train MAPE: 10.9400, Train R: 0.6408, Train RRSE: 0.7874, Test Loss: 13510.3433, Test Node Loss: 1406.2412, Test Reg Loss: 121.0410, Test MAPE: 10.5627, Test R: 0.4580, Test RRSE: 1.0221
2025-02-10 16:04:00,584:INFO:Epoch 129: Train Loss: 10822.2658, Train Node Loss: 1708.2804, Train Reg Loss: 91.1399, Train MAPE: 11.4085, Train R: 0.6588, Train RRSE: 0.7625, Test Loss: 16416.3378, Test Node Loss: 1290.8869, Test Reg Loss: 151.2545, Test MAPE: 11.1720, Test R: 0.4575, Test RRSE: 1.1426
2025-02-10 16:04:30,485:INFO:Epoch 130: Train Loss: 10752.8439, Train Node Loss: 1577.9414, Train Reg Loss: 91.7490, Train MAPE: 11.1415, Train R: 0.6477, Train RRSE: 0.7650, Test Loss: 12987.2463, Test Node Loss: 1391.4679, Test Reg Loss: 115.9578, Test MAPE: 10.6901, Test R: 0.4505, Test RRSE: 1.0004
2025-02-10 16:05:00,447:INFO:Epoch 131: Train Loss: 11164.0452, Train Node Loss: 1582.3136, Train Reg Loss: 95.8173, Train MAPE: 11.2145, Train R: 0.6244, Train RRSE: 0.7818, Test Loss: 12442.0913, Test Node Loss: 1411.1580, Test Reg Loss: 110.3093, Test MAPE: 10.6010, Test R: 0.4505, Test RRSE: 0.9757
2025-02-10 16:05:30,307:INFO:Epoch 132: Train Loss: 11203.4050, Train Node Loss: 1537.9428, Train Reg Loss: 96.6546, Train MAPE: 11.2078, Train R: 0.6211, Train RRSE: 0.7852, Test Loss: 12255.5665, Test Node Loss: 1383.1054, Test Reg Loss: 108.7246, Test MAPE: 10.3751, Test R: 0.4508, Test RRSE: 0.9687
2025-02-10 16:06:00,146:INFO:Epoch 133: Train Loss: 11060.3357, Train Node Loss: 1567.2385, Train Reg Loss: 94.9310, Train MAPE: 11.2546, Train R: 0.6297, Train RRSE: 0.7782, Test Loss: 12483.8110, Test Node Loss: 1318.9081, Test Reg Loss: 111.6490, Test MAPE: 10.4960, Test R: 0.4523, Test RRSE: 0.9816
2025-02-10 16:06:29,602:INFO:Epoch 134: Train Loss: 10788.6118, Train Node Loss: 1509.3019, Train Reg Loss: 92.7931, Train MAPE: 11.0545, Train R: 0.6401, Train RRSE: 0.7694, Test Loss: 11917.6149, Test Node Loss: 1337.1113, Test Reg Loss: 105.8050, Test MAPE: 10.4585, Test R: 0.4504, Test RRSE: 0.9556
2025-02-10 16:06:59,068:INFO:Epoch 135: Train Loss: 10263.9997, Train Node Loss: 1487.5107, Train Reg Loss: 87.7649, Train MAPE: 11.1213, Train R: 0.6654, Train RRSE: 0.7482, Test Loss: 14126.8626, Test Node Loss: 1230.4512, Test Reg Loss: 128.9641, Test MAPE: 10.7610, Test R: 0.4498, Test RRSE: 1.0550
2025-02-10 16:07:28,500:INFO:Epoch 136: Train Loss: 10983.1950, Train Node Loss: 1519.5979, Train Reg Loss: 94.6360, Train MAPE: 11.5399, Train R: 0.6337, Train RRSE: 0.7770, Test Loss: 19531.2277, Test Node Loss: 1097.7893, Test Reg Loss: 184.3344, Test MAPE: 12.0700, Test R: 0.4502, Test RRSE: 1.2613
2025-02-10 16:07:57,721:INFO:Epoch 137: Train Loss: 10380.2468, Train Node Loss: 1363.1662, Train Reg Loss: 90.1708, Train MAPE: 10.9170, Train R: 0.6796, Train RRSE: 0.7584, Test Loss: 14065.1202, Test Node Loss: 1241.3528, Test Reg Loss: 128.2377, Test MAPE: 10.7672, Test R: 0.4546, Test RRSE: 1.0520
2025-02-10 16:08:26,649:INFO:Epoch 138: Train Loss: 10780.1185, Train Node Loss: 1508.1550, Train Reg Loss: 92.7196, Train MAPE: 11.4996, Train R: 0.6483, Train RRSE: 0.7691, Test Loss: 20109.4493, Test Node Loss: 1055.8432, Test Reg Loss: 190.5361, Test MAPE: 12.1657, Test R: 0.4517, Test RRSE: 1.2824
2025-02-10 16:08:55,764:INFO:Epoch 139: Train Loss: 10651.8655, Train Node Loss: 1377.1593, Train Reg Loss: 92.7471, Train MAPE: 11.1856, Train R: 0.6441, Train RRSE: 0.7692, Test Loss: 14486.4417, Test Node Loss: 1180.6109, Test Reg Loss: 133.0583, Test MAPE: 10.9295, Test R: 0.4538, Test RRSE: 1.0716
2025-02-10 16:09:24,846:INFO:Epoch 140: Train Loss: 10801.0767, Train Node Loss: 1361.5183, Train Reg Loss: 94.3956, Train MAPE: 11.0678, Train R: 0.6344, Train RRSE: 0.7760, Test Loss: 11644.0365, Test Node Loss: 1302.4647, Test Reg Loss: 103.4157, Test MAPE: 10.6219, Test R: 0.4491, Test RRSE: 0.9447
2025-02-10 16:09:54,101:INFO:Epoch 141: Train Loss: 10041.6824, Train Node Loss: 1424.1060, Train Reg Loss: 86.1758, Train MAPE: 11.3506, Train R: 0.6747, Train RRSE: 0.7414, Test Loss: 13634.7065, Test Node Loss: 1136.1925, Test Reg Loss: 124.9851, Test MAPE: 10.8845, Test R: 0.4423, Test RRSE: 1.0386
2025-02-10 16:10:23,101:INFO:Epoch 142: Train Loss: 10334.6762, Train Node Loss: 1307.6411, Train Reg Loss: 90.2703, Train MAPE: 11.0307, Train R: 0.6630, Train RRSE: 0.7588, Test Loss: 15972.6048, Test Node Loss: 1123.6192, Test Reg Loss: 148.4899, Test MAPE: 11.0788, Test R: 0.4527, Test RRSE: 1.1321
2025-02-10 16:10:52,079:INFO:Epoch 143: Train Loss: 10365.5227, Train Node Loss: 1387.2899, Train Reg Loss: 89.7823, Train MAPE: 11.2475, Train R: 0.6612, Train RRSE: 0.7568, Test Loss: 23895.4470, Test Node Loss: 950.5204, Test Reg Loss: 229.4493, Test MAPE: 12.9696, Test R: 0.4508, Test RRSE: 1.4072
2025-02-10 16:11:21,046:INFO:Epoch 144: Train Loss: 10384.3405, Train Node Loss: 1272.3555, Train Reg Loss: 91.1198, Train MAPE: 11.0975, Train R: 0.6559, Train RRSE: 0.7624, Test Loss: 11693.5528, Test Node Loss: 1283.4869, Test Reg Loss: 104.1007, Test MAPE: 10.9433, Test R: 0.4574, Test RRSE: 0.9479
2025-02-10 16:11:49,998:INFO:Epoch 145: Train Loss: 10253.7961, Train Node Loss: 1368.8555, Train Reg Loss: 88.8494, Train MAPE: 11.6318, Train R: 0.6658, Train RRSE: 0.7528, Test Loss: 15524.9155, Test Node Loss: 1007.8291, Test Reg Loss: 145.1709, Test MAPE: 11.3371, Test R: 0.4486, Test RRSE: 1.1193
2025-02-10 16:12:19,152:INFO:Epoch 146: Train Loss: 11390.3808, Train Node Loss: 1219.2696, Train Reg Loss: 101.7111, Train MAPE: 11.3264, Train R: 0.6177, Train RRSE: 0.8055, Test Loss: 11176.5004, Test Node Loss: 1250.4043, Test Reg Loss: 99.2610, Test MAPE: 10.2681, Test R: 0.4572, Test RRSE: 0.9256
2025-02-10 16:12:48,105:INFO:Epoch 147: Train Loss: 11385.5595, Train Node Loss: 1343.1323, Train Reg Loss: 100.4243, Train MAPE: 11.6029, Train R: 0.6163, Train RRSE: 0.8004, Test Loss: 25553.3131, Test Node Loss: 869.3852, Test Reg Loss: 246.8393, Test MAPE: 13.4791, Test R: 0.4498, Test RRSE: 1.4596
2025-02-10 16:13:17,594:INFO:Epoch 148: Train Loss: 10892.2557, Train Node Loss: 1161.8526, Train Reg Loss: 97.3040, Train MAPE: 10.9464, Train R: 0.6420, Train RRSE: 0.7878, Test Loss: 11100.6312, Test Node Loss: 1259.5699, Test Reg Loss: 98.4106, Test MAPE: 10.6512, Test R: 0.4542, Test RRSE: 0.9216
2025-02-10 16:13:46,770:INFO:Epoch 149: Train Loss: 10999.2634, Train Node Loss: 1286.5755, Train Reg Loss: 97.1269, Train MAPE: 11.6295, Train R: 0.6249, Train RRSE: 0.7871, Test Loss: 13755.5095, Test Node Loss: 1025.1460, Test Reg Loss: 127.3036, Test MAPE: 10.8963, Test R: 0.4480, Test RRSE: 1.0482
2025-02-10 16:14:15,784:INFO:Epoch 150: Train Loss: 9975.9916, Train Node Loss: 1212.7904, Train Reg Loss: 87.6320, Train MAPE: 11.3121, Train R: 0.6649, Train RRSE: 0.7477, Test Loss: 11912.1044, Test Node Loss: 1108.0392, Test Reg Loss: 108.0407, Test MAPE: 10.6044, Test R: 0.4498, Test RRSE: 0.9656
2025-02-10 16:14:44,996:INFO:Epoch 151: Train Loss: 9835.6961, Train Node Loss: 1209.2419, Train Reg Loss: 86.2645, Train MAPE: 11.1165, Train R: 0.6719, Train RRSE: 0.7418, Test Loss: 19522.2123, Test Node Loss: 923.8294, Test Reg Loss: 185.9838, Test MAPE: 11.9211, Test R: 0.4469, Test RRSE: 1.2670
2025-02-10 16:15:14,116:INFO:Epoch 152: Train Loss: 10235.7442, Train Node Loss: 1130.6350, Train Reg Loss: 91.0511, Train MAPE: 11.0743, Train R: 0.6613, Train RRSE: 0.7621, Test Loss: 13169.4019, Test Node Loss: 1080.1216, Test Reg Loss: 120.8928, Test MAPE: 10.6334, Test R: 0.4468, Test RRSE: 1.0215
2025-02-10 16:15:43,569:INFO:Epoch 153: Train Loss: 10405.1169, Train Node Loss: 1266.9228, Train Reg Loss: 91.3819, Train MAPE: 11.7548, Train R: 0.6651, Train RRSE: 0.7635, Test Loss: 20265.3101, Test Node Loss: 878.4454, Test Reg Loss: 193.8686, Test MAPE: 12.4321, Test R: 0.4471, Test RRSE: 1.2935
2025-02-10 16:16:12,645:INFO:Epoch 154: Train Loss: 10182.6500, Train Node Loss: 1092.8573, Train Reg Loss: 90.8979, Train MAPE: 11.1321, Train R: 0.6712, Train RRSE: 0.7615, Test Loss: 12517.4707, Test Node Loss: 1073.5466, Test Reg Loss: 114.4392, Test MAPE: 10.6727, Test R: 0.4473, Test RRSE: 0.9938
2025-02-10 16:16:42,093:INFO:Epoch 155: Train Loss: 10542.4312, Train Node Loss: 1173.8401, Train Reg Loss: 93.6859, Train MAPE: 11.6412, Train R: 0.6359, Train RRSE: 0.7731, Test Loss: 19082.0577, Test Node Loss: 899.4663, Test Reg Loss: 181.8259, Test MAPE: 12.0356, Test R: 0.4392, Test RRSE: 1.2527
2025-02-10 16:17:11,431:INFO:Epoch 156: Train Loss: 10453.2458, Train Node Loss: 1199.4730, Train Reg Loss: 92.5377, Train MAPE: 11.7075, Train R: 0.6496, Train RRSE: 0.7683, Test Loss: 17675.3162, Test Node Loss: 922.1312, Test Reg Loss: 167.5318, Test MAPE: 11.6290, Test R: 0.4414, Test RRSE: 1.2025
2025-02-10 16:17:40,898:INFO:Epoch 157: Train Loss: 9518.3464, Train Node Loss: 1075.2264, Train Reg Loss: 84.4312, Train MAPE: 11.0927, Train R: 0.6927, Train RRSE: 0.7339, Test Loss: 19871.1256, Test Node Loss: 865.6490, Test Reg Loss: 190.0548, Test MAPE: 12.1904, Test R: 0.4417, Test RRSE: 1.2807
2025-02-10 16:18:10,271:INFO:Epoch 158: Train Loss: 9928.9956, Train Node Loss: 1125.9388, Train Reg Loss: 88.0306, Train MAPE: 11.3249, Train R: 0.6625, Train RRSE: 0.7494, Test Loss: 16759.2330, Test Node Loss: 923.3057, Test Reg Loss: 158.3593, Test MAPE: 11.3491, Test R: 0.4438, Test RRSE: 1.1691
2025-02-10 16:18:39,555:INFO:Epoch 159: Train Loss: 9477.8924, Train Node Loss: 1077.6252, Train Reg Loss: 84.0027, Train MAPE: 11.0839, Train R: 0.6872, Train RRSE: 0.7320, Test Loss: 14738.1831, Test Node Loss: 946.3673, Test Reg Loss: 137.9182, Test MAPE: 11.1518, Test R: 0.4388, Test RRSE: 1.0910
2025-02-10 16:19:08,871:INFO:Epoch 160: Train Loss: 9871.9470, Train Node Loss: 1098.8119, Train Reg Loss: 87.7314, Train MAPE: 11.3519, Train R: 0.6641, Train RRSE: 0.7481, Test Loss: 15410.4349, Test Node Loss: 953.8328, Test Reg Loss: 144.5660, Test MAPE: 11.0542, Test R: 0.4376, Test RRSE: 1.1170
2025-02-10 16:19:38,408:INFO:Epoch 161: Train Loss: 9387.0985, Train Node Loss: 1097.4588, Train Reg Loss: 82.8964, Train MAPE: 11.3210, Train R: 0.6873, Train RRSE: 0.7272, Test Loss: 20947.7684, Test Node Loss: 826.4377, Test Reg Loss: 201.2133, Test MAPE: 12.4139, Test R: 0.4355, Test RRSE: 1.3178
2025-02-10 16:20:07,859:INFO:Epoch 162: Train Loss: 9236.5553, Train Node Loss: 1051.5460, Train Reg Loss: 81.8501, Train MAPE: 11.1265, Train R: 0.6941, Train RRSE: 0.7226, Test Loss: 12320.2380, Test Node Loss: 1073.7238, Test Reg Loss: 112.4651, Test MAPE: 11.2111, Test R: 0.4388, Test RRSE: 0.9852
2025-02-10 16:20:37,469:INFO:Epoch 163: Train Loss: 9397.3614, Train Node Loss: 1091.1221, Train Reg Loss: 83.0624, Train MAPE: 11.5613, Train R: 0.6879, Train RRSE: 0.7279, Test Loss: 12677.2476, Test Node Loss: 901.1012, Test Reg Loss: 117.7615, Test MAPE: 10.8582, Test R: 0.4415, Test RRSE: 1.0081
2025-02-10 16:21:07,056:INFO:Epoch 164: Train Loss: 10011.1971, Train Node Loss: 1019.9672, Train Reg Loss: 89.9123, Train MAPE: 11.1248, Train R: 0.6561, Train RRSE: 0.7573, Test Loss: 13291.4192, Test Node Loss: 923.1079, Test Reg Loss: 123.6831, Test MAPE: 10.5648, Test R: 0.4542, Test RRSE: 1.0332
2025-02-10 16:21:36,561:INFO:Epoch 165: Train Loss: 9228.8627, Train Node Loss: 1049.7332, Train Reg Loss: 81.7913, Train MAPE: 11.2434, Train R: 0.6953, Train RRSE: 0.7223, Test Loss: 17846.9059, Test Node Loss: 793.2409, Test Reg Loss: 170.5367, Test MAPE: 11.6752, Test R: 0.4497, Test RRSE: 1.2132
2025-02-10 16:22:06,173:INFO:Epoch 166: Train Loss: 9379.2978, Train Node Loss: 976.6486, Train Reg Loss: 84.0265, Train MAPE: 11.1078, Train R: 0.6915, Train RRSE: 0.7321, Test Loss: 11762.2942, Test Node Loss: 1001.6122, Test Reg Loss: 107.6068, Test MAPE: 10.9953, Test R: 0.4471, Test RRSE: 0.9637
2025-02-10 16:22:35,718:INFO:Epoch 167: Train Loss: 10462.7317, Train Node Loss: 1040.6241, Train Reg Loss: 94.2211, Train MAPE: 11.8027, Train R: 0.6391, Train RRSE: 0.7753, Test Loss: 13379.2369, Test Node Loss: 816.9235, Test Reg Loss: 125.6231, Test MAPE: 10.8955, Test R: 0.4485, Test RRSE: 1.0413
2025-02-10 16:23:05,227:INFO:Epoch 168: Train Loss: 9995.7741, Train Node Loss: 1025.3511, Train Reg Loss: 89.7042, Train MAPE: 11.6701, Train R: 0.6561, Train RRSE: 0.7565, Test Loss: 16721.8310, Test Node Loss: 833.5782, Test Reg Loss: 158.8825, Test MAPE: 11.4447, Test R: 0.4437, Test RRSE: 1.1710
2025-02-10 16:23:34,439:INFO:Epoch 169: Train Loss: 9866.0529, Train Node Loss: 917.9383, Train Reg Loss: 89.4811, Train MAPE: 11.2549, Train R: 0.6831, Train RRSE: 0.7555, Test Loss: 17326.8192, Test Node Loss: 819.6032, Test Reg Loss: 165.0722, Test MAPE: 11.5023, Test R: 0.4438, Test RRSE: 1.1936
2025-02-10 16:24:03,707:INFO:Epoch 170: Train Loss: 9004.5987, Train Node Loss: 1041.2834, Train Reg Loss: 79.6332, Train MAPE: 11.5016, Train R: 0.7119, Train RRSE: 0.7127, Test Loss: 11876.1504, Test Node Loss: 946.0119, Test Reg Loss: 109.3014, Test MAPE: 10.8305, Test R: 0.4416, Test RRSE: 0.9713
2025-02-10 16:24:33,226:INFO:Epoch 171: Train Loss: 9268.4259, Train Node Loss: 974.3746, Train Reg Loss: 82.9405, Train MAPE: 11.3524, Train R: 0.6870, Train RRSE: 0.7274, Test Loss: 13137.2256, Test Node Loss: 847.4968, Test Reg Loss: 122.8973, Test MAPE: 10.9770, Test R: 0.4403, Test RRSE: 1.0299
2025-02-10 16:25:02,817:INFO:Epoch 172: Train Loss: 9071.9686, Train Node Loss: 972.0269, Train Reg Loss: 80.9994, Train MAPE: 11.3713, Train R: 0.6953, Train RRSE: 0.7188, Test Loss: 12737.8873, Test Node Loss: 873.6405, Test Reg Loss: 118.6425, Test MAPE: 10.8295, Test R: 0.4424, Test RRSE: 1.0119
2025-02-10 16:25:32,402:INFO:Epoch 173: Train Loss: 8723.0969, Train Node Loss: 979.6470, Train Reg Loss: 77.4345, Train MAPE: 11.4269, Train R: 0.7146, Train RRSE: 0.7028, Test Loss: 20735.8731, Test Node Loss: 739.8280, Test Reg Loss: 199.9604, Test MAPE: 12.3484, Test R: 0.4346, Test RRSE: 1.3137
2025-02-10 16:26:01,909:INFO:Epoch 174: Train Loss: 9234.4520, Train Node Loss: 922.2233, Train Reg Loss: 83.1223, Train MAPE: 11.1833, Train R: 0.6885, Train RRSE: 0.7282, Test Loss: 15721.5506, Test Node Loss: 797.5785, Test Reg Loss: 149.2397, Test MAPE: 11.2097, Test R: 0.4369, Test RRSE: 1.1349
2025-02-10 16:26:31,447:INFO:Epoch 175: Train Loss: 9036.9636, Train Node Loss: 943.6689, Train Reg Loss: 80.9329, Train MAPE: 11.3448, Train R: 0.6955, Train RRSE: 0.7185, Test Loss: 14322.4497, Test Node Loss: 810.2097, Test Reg Loss: 135.1224, Test MAPE: 10.8602, Test R: 0.4386, Test RRSE: 1.0799
2025-02-10 16:27:01,185:INFO:Epoch 176: Train Loss: 8633.3321, Train Node Loss: 936.0899, Train Reg Loss: 76.9724, Train MAPE: 11.4002, Train R: 0.7137, Train RRSE: 0.7007, Test Loss: 21102.6147, Test Node Loss: 722.8363, Test Reg Loss: 203.7978, Test MAPE: 12.3811, Test R: 0.4378, Test RRSE: 1.3262
2025-02-10 16:27:30,616:INFO:Epoch 177: Train Loss: 8569.3667, Train Node Loss: 894.7254, Train Reg Loss: 76.7464, Train MAPE: 11.0718, Train R: 0.7201, Train RRSE: 0.6997, Test Loss: 19061.8325, Test Node Loss: 758.1959, Test Reg Loss: 183.0364, Test MAPE: 11.8967, Test R: 0.4414, Test RRSE: 1.2569
2025-02-10 16:27:59,827:INFO:Epoch 178: Train Loss: 10413.9751, Train Node Loss: 910.3090, Train Reg Loss: 95.0367, Train MAPE: 11.5330, Train R: 0.6283, Train RRSE: 0.7786, Test Loss: 13584.1180, Test Node Loss: 935.5367, Test Reg Loss: 126.4858, Test MAPE: 11.9024, Test R: 0.4422, Test RRSE: 1.0448
2025-02-10 16:28:29,125:INFO:Epoch 179: Train Loss: 9637.6237, Train Node Loss: 915.2200, Train Reg Loss: 87.2240, Train MAPE: 11.6097, Train R: 0.6673, Train RRSE: 0.7459, Test Loss: 14710.2255, Test Node Loss: 893.8312, Test Reg Loss: 138.1639, Test MAPE: 12.4917, Test R: 0.4423, Test RRSE: 1.0920
2025-02-10 16:28:58,772:INFO:Epoch 180: Train Loss: 8620.9275, Train Node Loss: 894.1936, Train Reg Loss: 77.2673, Train MAPE: 11.2066, Train R: 0.7142, Train RRSE: 0.7021, Test Loss: 11446.9189, Test Node Loss: 879.7818, Test Reg Loss: 105.6714, Test MAPE: 10.9498, Test R: 0.4418, Test RRSE: 0.9550
2025-02-10 16:29:28,182:INFO:Epoch 181: Train Loss: 9097.3954, Train Node Loss: 931.1257, Train Reg Loss: 81.6627, Train MAPE: 11.5453, Train R: 0.7031, Train RRSE: 0.7218, Test Loss: 31727.0701, Test Node Loss: 606.6795, Test Reg Loss: 311.2039, Test MAPE: 15.2137, Test R: 0.4259, Test RRSE: 1.6389
2025-02-10 16:29:57,474:INFO:Epoch 182: Train Loss: 9495.7844, Train Node Loss: 818.8234, Train Reg Loss: 86.7696, Train MAPE: 11.1384, Train R: 0.6865, Train RRSE: 0.7440, Test Loss: 13557.9422, Test Node Loss: 802.5677, Test Reg Loss: 127.5537, Test MAPE: 10.9283, Test R: 0.4385, Test RRSE: 1.0492
2025-02-10 16:30:26,590:INFO:Epoch 183: Train Loss: 9269.6187, Train Node Loss: 895.5213, Train Reg Loss: 83.7410, Train MAPE: 11.6301, Train R: 0.6860, Train RRSE: 0.7309, Test Loss: 12924.2597, Test Node Loss: 745.1668, Test Reg Loss: 121.7909, Test MAPE: 10.9496, Test R: 0.4423, Test RRSE: 1.0253
2025-02-10 16:30:55,587:INFO:Epoch 184: Train Loss: 8487.5622, Train Node Loss: 832.4174, Train Reg Loss: 76.5514, Train MAPE: 11.3659, Train R: 0.7180, Train RRSE: 0.6988, Test Loss: 12249.4937, Test Node Loss: 856.7869, Test Reg Loss: 113.9271, Test MAPE: 11.4081, Test R: 0.4516, Test RRSE: 0.9916
2025-02-10 16:31:24,661:INFO:Epoch 185: Train Loss: 8775.9825, Train Node Loss: 875.2919, Train Reg Loss: 79.0069, Train MAPE: 11.6076, Train R: 0.7105, Train RRSE: 0.7099, Test Loss: 18343.3388, Test Node Loss: 644.3440, Test Reg Loss: 176.9899, Test MAPE: 12.1204, Test R: 0.4418, Test RRSE: 1.2359
2025-02-10 16:31:53,752:INFO:Epoch 186: Train Loss: 9716.4368, Train Node Loss: 767.9662, Train Reg Loss: 89.4847, Train MAPE: 11.2302, Train R: 0.6778, Train RRSE: 0.7555, Test Loss: 12416.4287, Test Node Loss: 796.8572, Test Reg Loss: 116.1957, Test MAPE: 10.8421, Test R: 0.4472, Test RRSE: 1.0014
2025-02-10 16:32:23,485:INFO:Epoch 187: Train Loss: 9078.5465, Train Node Loss: 882.2020, Train Reg Loss: 81.9634, Train MAPE: 11.8111, Train R: 0.7052, Train RRSE: 0.7231, Test Loss: 16591.0560, Test Node Loss: 659.7015, Test Reg Loss: 159.3135, Test MAPE: 11.8081, Test R: 0.4429, Test RRSE: 1.1726
2025-02-10 16:32:52,367:INFO:Epoch 188: Train Loss: 9309.8844, Train Node Loss: 757.9545, Train Reg Loss: 85.5193, Train MAPE: 11.2644, Train R: 0.6985, Train RRSE: 0.7386, Test Loss: 12060.1356, Test Node Loss: 810.4470, Test Reg Loss: 112.4969, Test MAPE: 11.0664, Test R: 0.4444, Test RRSE: 0.9854
2025-02-10 16:33:21,298:INFO:Epoch 189: Train Loss: 9560.6004, Train Node Loss: 844.8339, Train Reg Loss: 87.1577, Train MAPE: 11.7339, Train R: 0.6754, Train RRSE: 0.7456, Test Loss: 18920.1060, Test Node Loss: 631.7876, Test Reg Loss: 182.8832, Test MAPE: 11.8863, Test R: 0.4403, Test RRSE: 1.2563
2025-02-10 16:33:49,965:INFO:Epoch 190: Train Loss: 9370.9483, Train Node Loss: 782.9038, Train Reg Loss: 85.8804, Train MAPE: 11.2099, Train R: 0.6753, Train RRSE: 0.7402, Test Loss: 11682.9818, Test Node Loss: 798.8142, Test Reg Loss: 108.8417, Test MAPE: 11.2399, Test R: 0.4458, Test RRSE: 0.9692
2025-02-10 16:34:19,487:INFO:Epoch 191: Train Loss: 8688.3739, Train Node Loss: 787.0615, Train Reg Loss: 79.0131, Train MAPE: 11.4069, Train R: 0.7047, Train RRSE: 0.7099, Test Loss: 11989.7319, Test Node Loss: 733.6374, Test Reg Loss: 112.5609, Test MAPE: 11.2649, Test R: 0.4445, Test RRSE: 0.9856
2025-02-10 16:34:48,417:INFO:Epoch 192: Train Loss: 8631.5188, Train Node Loss: 777.7683, Train Reg Loss: 78.5375, Train MAPE: 11.2865, Train R: 0.7079, Train RRSE: 0.7078, Test Loss: 12252.7230, Test Node Loss: 744.1732, Test Reg Loss: 115.0855, Test MAPE: 10.8777, Test R: 0.4495, Test RRSE: 0.9966
2025-02-10 16:35:17,364:INFO:Epoch 193: Train Loss: 9322.9882, Train Node Loss: 810.5270, Train Reg Loss: 85.1246, Train MAPE: 11.5097, Train R: 0.6817, Train RRSE: 0.7369, Test Loss: 27962.9704, Test Node Loss: 558.9990, Test Reg Loss: 274.0397, Test MAPE: 14.3345, Test R: 0.4343, Test RRSE: 1.5379
2025-02-10 16:35:46,114:INFO:Epoch 194: Train Loss: 8776.3006, Train Node Loss: 734.9802, Train Reg Loss: 80.4132, Train MAPE: 11.1929, Train R: 0.7088, Train RRSE: 0.7162, Test Loss: 14157.3687, Test Node Loss: 692.8817, Test Reg Loss: 134.6449, Test MAPE: 11.0613, Test R: 0.4427, Test RRSE: 1.0780
2025-02-10 16:36:15,126:INFO:Epoch 195: Train Loss: 8968.1400, Train Node Loss: 813.5712, Train Reg Loss: 81.5457, Train MAPE: 11.8052, Train R: 0.7022, Train RRSE: 0.7212, Test Loss: 14895.4437, Test Node Loss: 620.3083, Test Reg Loss: 142.7514, Test MAPE: 11.4216, Test R: 0.4389, Test RRSE: 1.1100
2025-02-10 16:36:43,840:INFO:Epoch 196: Train Loss: 9481.3221, Train Node Loss: 674.5778, Train Reg Loss: 88.0674, Train MAPE: 11.1013, Train R: 0.7143, Train RRSE: 0.7495, Test Loss: 11741.2114, Test Node Loss: 739.0716, Test Reg Loss: 110.0214, Test MAPE: 10.5441, Test R: 0.4425, Test RRSE: 0.9745
2025-02-10 16:37:12,732:INFO:Epoch 197: Train Loss: 9758.2395, Train Node Loss: 848.8019, Train Reg Loss: 89.0944, Train MAPE: 12.2827, Train R: 0.7149, Train RRSE: 0.7539, Test Loss: 20049.5232, Test Node Loss: 574.3310, Test Reg Loss: 194.7519, Test MAPE: 12.2116, Test R: 0.4399, Test RRSE: 1.2965
2025-02-10 16:37:42,391:INFO:Epoch 198: Train Loss: 9303.3058, Train Node Loss: 654.8244, Train Reg Loss: 86.4848, Train MAPE: 11.1383, Train R: 0.7181, Train RRSE: 0.7428, Test Loss: 12379.2527, Test Node Loss: 715.4203, Test Reg Loss: 116.6383, Test MAPE: 11.1387, Test R: 0.4435, Test RRSE: 1.0033
2025-02-10 16:38:11,111:INFO:Epoch 199: Train Loss: 8928.3976, Train Node Loss: 810.1196, Train Reg Loss: 81.1828, Train MAPE: 12.1325, Train R: 0.7145, Train RRSE: 0.7196, Test Loss: 14337.7335, Test Node Loss: 651.1647, Test Reg Loss: 136.8657, Test MAPE: 11.2990, Test R: 0.4373, Test RRSE: 1.0869
2025-02-10 16:38:39,419:INFO:Epoch 200: Train Loss: 9361.1735, Train Node Loss: 660.4758, Train Reg Loss: 87.0070, Train MAPE: 11.0792, Train R: 0.7044, Train RRSE: 0.7450, Test Loss: 17947.4246, Test Node Loss: 614.1587, Test Reg Loss: 173.3327, Test MAPE: 11.6497, Test R: 0.4358, Test RRSE: 1.2231
2025-02-10 16:39:07,796:INFO:Epoch 201: Train Loss: 10078.1174, Train Node Loss: 794.6982, Train Reg Loss: 92.8342, Train MAPE: 12.0643, Train R: 0.6787, Train RRSE: 0.7695, Test Loss: 15842.4764, Test Node Loss: 623.8213, Test Reg Loss: 152.1866, Test MAPE: 11.3862, Test R: 0.4378, Test RRSE: 1.1461
2025-02-10 16:39:35,797:INFO:Epoch 202: Train Loss: 9659.6190, Train Node Loss: 646.8505, Train Reg Loss: 90.1277, Train MAPE: 11.4355, Train R: 0.6891, Train RRSE: 0.7582, Test Loss: 14109.1507, Test Node Loss: 631.3879, Test Reg Loss: 134.7776, Test MAPE: 11.3868, Test R: 0.4412, Test RRSE: 1.0785
2025-02-10 16:40:02,996:INFO:Epoch 203: Train Loss: 9392.5562, Train Node Loss: 764.2630, Train Reg Loss: 86.2829, Train MAPE: 11.9229, Train R: 0.6873, Train RRSE: 0.7419, Test Loss: 14366.2282, Test Node Loss: 640.5087, Test Reg Loss: 137.2572, Test MAPE: 11.0714, Test R: 0.4323, Test RRSE: 1.0884
2025-02-10 16:40:30,803:INFO:Epoch 204: Train Loss: 9210.0209, Train Node Loss: 660.8183, Train Reg Loss: 85.4920, Train MAPE: 11.3108, Train R: 0.6852, Train RRSE: 0.7385, Test Loss: 15848.3108, Test Node Loss: 583.2407, Test Reg Loss: 152.6507, Test MAPE: 11.6206, Test R: 0.4384, Test RRSE: 1.1478
2025-02-10 16:40:58,047:INFO:Epoch 205: Train Loss: 8634.0315, Train Node Loss: 704.9461, Train Reg Loss: 79.2909, Train MAPE: 11.5241, Train R: 0.7037, Train RRSE: 0.7112, Test Loss: 12537.6144, Test Node Loss: 725.6430, Test Reg Loss: 118.1197, Test MAPE: 11.6438, Test R: 0.4455, Test RRSE: 1.0097
2025-02-10 16:41:26,510:INFO:Epoch 206: Train Loss: 8776.5170, Train Node Loss: 688.7623, Train Reg Loss: 80.8775, Train MAPE: 11.5237, Train R: 0.6959, Train RRSE: 0.7183, Test Loss: 15932.7148, Test Node Loss: 563.8451, Test Reg Loss: 153.6887, Test MAPE: 11.5402, Test R: 0.4410, Test RRSE: 1.1517
2025-02-10 16:41:54,403:INFO:Epoch 207: Train Loss: 8616.6816, Train Node Loss: 677.2574, Train Reg Loss: 79.3942, Train MAPE: 11.3508, Train R: 0.7057, Train RRSE: 0.7117, Test Loss: 15984.6898, Test Node Loss: 592.5911, Test Reg Loss: 153.9210, Test MAPE: 11.3613, Test R: 0.4343, Test RRSE: 1.1526
2025-02-10 16:42:22,758:INFO:Epoch 208: Train Loss: 8374.7801, Train Node Loss: 668.9806, Train Reg Loss: 77.0580, Train MAPE: 11.3533, Train R: 0.7139, Train RRSE: 0.7011, Test Loss: 18733.1596, Test Node Loss: 564.6907, Test Reg Loss: 181.6847, Test MAPE: 12.3415, Test R: 0.4390, Test RRSE: 1.2522
2025-02-10 16:42:51,373:INFO:Epoch 209: Train Loss: 8387.3625, Train Node Loss: 664.2198, Train Reg Loss: 77.2314, Train MAPE: 11.5790, Train R: 0.7144, Train RRSE: 0.7019, Test Loss: 13011.6394, Test Node Loss: 633.4460, Test Reg Loss: 123.7819, Test MAPE: 11.3216, Test R: 0.4471, Test RRSE: 1.0336
2025-02-10 16:43:20,614:INFO:Epoch 210: Train Loss: 8108.9160, Train Node Loss: 707.2441, Train Reg Loss: 74.0167, Train MAPE: 11.8561, Train R: 0.7354, Train RRSE: 0.6871, Test Loss: 14973.7165, Test Node Loss: 552.2463, Test Reg Loss: 144.2147, Test MAPE: 11.3911, Test R: 0.4397, Test RRSE: 1.1157
2025-02-10 16:43:49,185:INFO:Epoch 211: Train Loss: 8694.5536, Train Node Loss: 606.4150, Train Reg Loss: 80.8814, Train MAPE: 11.1325, Train R: 0.7154, Train RRSE: 0.7183, Test Loss: 16251.2338, Test Node Loss: 579.5889, Test Reg Loss: 156.7164, Test MAPE: 11.6550, Test R: 0.4394, Test RRSE: 1.1630
2025-02-10 16:44:17,617:INFO:Epoch 212: Train Loss: 9105.5746, Train Node Loss: 693.7158, Train Reg Loss: 84.1186, Train MAPE: 11.8814, Train R: 0.6917, Train RRSE: 0.7325, Test Loss: 24771.1267, Test Node Loss: 514.2982, Test Reg Loss: 242.5683, Test MAPE: 13.6475, Test R: 0.4312, Test RRSE: 1.4469
2025-02-10 16:44:46,007:INFO:Epoch 213: Train Loss: 8594.6549, Train Node Loss: 604.0387, Train Reg Loss: 79.9062, Train MAPE: 11.2228, Train R: 0.7170, Train RRSE: 0.7139, Test Loss: 20956.5809, Test Node Loss: 524.6218, Test Reg Loss: 204.3196, Test MAPE: 12.5780, Test R: 0.4277, Test RRSE: 1.3279
2025-02-10 16:45:14,475:INFO:Epoch 214: Train Loss: 8459.6021, Train Node Loss: 668.1750, Train Reg Loss: 77.9143, Train MAPE: 11.6863, Train R: 0.7175, Train RRSE: 0.7050, Test Loss: 14683.5945, Test Node Loss: 566.9731, Test Reg Loss: 141.1662, Test MAPE: 11.2886, Test R: 0.4357, Test RRSE: 1.1038
2025-02-10 16:45:42,936:INFO:Epoch 215: Train Loss: 7775.1470, Train Node Loss: 615.9314, Train Reg Loss: 71.5922, Train MAPE: 11.3859, Train R: 0.7404, Train RRSE: 0.6758, Test Loss: 16070.1848, Test Node Loss: 532.0004, Test Reg Loss: 155.3818, Test MAPE: 11.7439, Test R: 0.4411, Test RRSE: 1.1580
2025-02-10 16:46:11,591:INFO:Epoch 216: Train Loss: 9135.4131, Train Node Loss: 657.1465, Train Reg Loss: 84.7827, Train MAPE: 11.9876, Train R: 0.6827, Train RRSE: 0.7354, Test Loss: 14193.7453, Test Node Loss: 562.1061, Test Reg Loss: 136.3164, Test MAPE: 11.3794, Test R: 0.4388, Test RRSE: 1.0847
2025-02-10 16:46:40,155:INFO:Epoch 217: Train Loss: 8532.1695, Train Node Loss: 587.7195, Train Reg Loss: 79.4445, Train MAPE: 11.4165, Train R: 0.7173, Train RRSE: 0.7119, Test Loss: 12136.4637, Test Node Loss: 586.2314, Test Reg Loss: 115.5023, Test MAPE: 11.0648, Test R: 0.4415, Test RRSE: 0.9984
2025-02-10 16:47:08,633:INFO:Epoch 218: Train Loss: 8131.3206, Train Node Loss: 646.6491, Train Reg Loss: 74.8467, Train MAPE: 11.6051, Train R: 0.7268, Train RRSE: 0.6910, Test Loss: 13554.3467, Test Node Loss: 568.4523, Test Reg Loss: 129.8589, Test MAPE: 11.0296, Test R: 0.4412, Test RRSE: 1.0587
2025-02-10 16:47:37,122:INFO:Epoch 219: Train Loss: 7877.4419, Train Node Loss: 597.2432, Train Reg Loss: 72.8020, Train MAPE: 11.3150, Train R: 0.7358, Train RRSE: 0.6815, Test Loss: 22282.1159, Test Node Loss: 510.3143, Test Reg Loss: 217.7180, Test MAPE: 13.0066, Test R: 0.4256, Test RRSE: 1.3708
2025-02-10 16:48:05,504:INFO:Epoch 220: Train Loss: 8014.9499, Train Node Loss: 621.8569, Train Reg Loss: 73.9309, Train MAPE: 11.4491, Train R: 0.7274, Train RRSE: 0.6867, Test Loss: 18746.9698, Test Node Loss: 537.7202, Test Reg Loss: 182.0925, Test MAPE: 12.1305, Test R: 0.4236, Test RRSE: 1.2536
2025-02-10 16:48:34,590:INFO:Epoch 221: Train Loss: 7857.0875, Train Node Loss: 611.9985, Train Reg Loss: 72.4509, Train MAPE: 11.4848, Train R: 0.7338, Train RRSE: 0.6798, Test Loss: 17882.4456, Test Node Loss: 520.5484, Test Reg Loss: 173.6190, Test MAPE: 11.9780, Test R: 0.4199, Test RRSE: 1.2241
2025-02-10 16:49:02,977:INFO:Epoch 222: Train Loss: 8353.2845, Train Node Loss: 626.5997, Train Reg Loss: 77.2668, Train MAPE: 11.7501, Train R: 0.7146, Train RRSE: 0.7021, Test Loss: 15835.3505, Test Node Loss: 535.9542, Test Reg Loss: 152.9940, Test MAPE: 11.6185, Test R: 0.4231, Test RRSE: 1.1491
2025-02-10 16:49:31,526:INFO:Epoch 223: Train Loss: 7888.6916, Train Node Loss: 584.0028, Train Reg Loss: 73.0469, Train MAPE: 11.2647, Train R: 0.7340, Train RRSE: 0.6826, Test Loss: 20120.7969, Test Node Loss: 485.3153, Test Reg Loss: 196.3548, Test MAPE: 12.4330, Test R: 0.4291, Test RRSE: 1.3018
2025-02-10 16:49:59,911:INFO:Epoch 224: Train Loss: 8736.4491, Train Node Loss: 582.7371, Train Reg Loss: 81.5371, Train MAPE: 11.4565, Train R: 0.6935, Train RRSE: 0.7212, Test Loss: 12170.8765, Test Node Loss: 574.1162, Test Reg Loss: 115.9676, Test MAPE: 11.1348, Test R: 0.4485, Test RRSE: 1.0004
2025-02-10 16:50:28,902:INFO:Epoch 225: Train Loss: 8159.9808, Train Node Loss: 600.2039, Train Reg Loss: 75.5978, Train MAPE: 11.5446, Train R: 0.7200, Train RRSE: 0.6944, Test Loss: 13574.2912, Test Node Loss: 521.4412, Test Reg Loss: 130.5285, Test MAPE: 11.3141, Test R: 0.4438, Test RRSE: 1.0614
2025-02-10 16:50:57,382:INFO:Epoch 226: Train Loss: 7607.4217, Train Node Loss: 588.1232, Train Reg Loss: 70.1930, Train MAPE: 11.6365, Train R: 0.7440, Train RRSE: 0.6691, Test Loss: 16708.3133, Test Node Loss: 519.8120, Test Reg Loss: 161.8850, Test MAPE: 11.7167, Test R: 0.4381, Test RRSE: 1.1820
2025-02-10 16:51:25,991:INFO:Epoch 227: Train Loss: 7779.9476, Train Node Loss: 588.9311, Train Reg Loss: 71.9102, Train MAPE: 11.6296, Train R: 0.7358, Train RRSE: 0.6773, Test Loss: 20688.7252, Test Node Loss: 480.9878, Test Reg Loss: 202.0774, Test MAPE: 12.5592, Test R: 0.4253, Test RRSE: 1.3206
2025-02-10 16:51:55,152:INFO:Epoch 228: Train Loss: 8114.5023, Train Node Loss: 560.4054, Train Reg Loss: 75.5410, Train MAPE: 11.4166, Train R: 0.7226, Train RRSE: 0.6942, Test Loss: 14710.1971, Test Node Loss: 549.2896, Test Reg Loss: 141.6091, Test MAPE: 11.3410, Test R: 0.4296, Test RRSE: 1.1055
2025-02-10 16:52:24,291:INFO:Epoch 229: Train Loss: 7721.8219, Train Node Loss: 594.3984, Train Reg Loss: 71.2742, Train MAPE: 11.7213, Train R: 0.7406, Train RRSE: 0.6743, Test Loss: 17158.5807, Test Node Loss: 511.4371, Test Reg Loss: 166.4714, Test MAPE: 11.8367, Test R: 0.4235, Test RRSE: 1.1987
2025-02-10 16:52:52,910:INFO:Epoch 230: Train Loss: 7606.4151, Train Node Loss: 569.7624, Train Reg Loss: 70.3665, Train MAPE: 11.5071, Train R: 0.7437, Train RRSE: 0.6700, Test Loss: 19460.0772, Test Node Loss: 488.5123, Test Reg Loss: 189.7156, Test MAPE: 12.4341, Test R: 0.4241, Test RRSE: 1.2796
2025-02-10 16:53:21,469:INFO:Epoch 231: Train Loss: 7532.0923, Train Node Loss: 568.3138, Train Reg Loss: 69.6378, Train MAPE: 11.5345, Train R: 0.7463, Train RRSE: 0.6665, Test Loss: 16901.5323, Test Node Loss: 492.0753, Test Reg Loss: 164.0946, Test MAPE: 11.9145, Test R: 0.4308, Test RRSE: 1.1901
2025-02-10 16:53:49,923:INFO:Epoch 232: Train Loss: 7512.8659, Train Node Loss: 564.0505, Train Reg Loss: 69.4882, Train MAPE: 11.6337, Train R: 0.7464, Train RRSE: 0.6658, Test Loss: 14390.4401, Test Node Loss: 511.6483, Test Reg Loss: 138.7879, Test MAPE: 11.7025, Test R: 0.4434, Test RRSE: 1.0945
2025-02-10 16:54:18,803:INFO:Epoch 233: Train Loss: 7658.7138, Train Node Loss: 533.5071, Train Reg Loss: 71.2521, Train MAPE: 11.5385, Train R: 0.7464, Train RRSE: 0.6742, Test Loss: 15848.4609, Test Node Loss: 505.1177, Test Reg Loss: 153.4334, Test MAPE: 11.9468, Test R: 0.4395, Test RRSE: 1.1508
2025-02-10 16:54:47,453:INFO:Epoch 234: Train Loss: 8394.0131, Train Node Loss: 587.1578, Train Reg Loss: 78.0686, Train MAPE: 11.9810, Train R: 0.7175, Train RRSE: 0.7057, Test Loss: 19847.7244, Test Node Loss: 444.6876, Test Reg Loss: 194.0304, Test MAPE: 12.2856, Test R: 0.4223, Test RRSE: 1.2941
2025-02-10 16:55:15,996:INFO:Epoch 235: Train Loss: 7606.0508, Train Node Loss: 523.5255, Train Reg Loss: 70.8253, Train MAPE: 11.3194, Train R: 0.7473, Train RRSE: 0.6722, Test Loss: 13950.5912, Test Node Loss: 519.9804, Test Reg Loss: 134.3061, Test MAPE: 11.5268, Test R: 0.4383, Test RRSE: 1.0766
2025-02-10 16:55:44,499:INFO:Epoch 236: Train Loss: 7431.5716, Train Node Loss: 553.8821, Train Reg Loss: 68.7769, Train MAPE: 11.7552, Train R: 0.7493, Train RRSE: 0.6624, Test Loss: 14515.9591, Test Node Loss: 501.4062, Test Reg Loss: 140.1455, Test MAPE: 11.6697, Test R: 0.4435, Test RRSE: 1.0998
2025-02-10 16:56:13,522:INFO:Epoch 237: Train Loss: 8287.9528, Train Node Loss: 566.8929, Train Reg Loss: 77.2106, Train MAPE: 11.8675, Train R: 0.7154, Train RRSE: 0.7018, Test Loss: 23886.9351, Test Node Loss: 434.5711, Test Reg Loss: 234.5236, Test MAPE: 13.5573, Test R: 0.4299, Test RRSE: 1.4227
2025-02-10 16:56:42,466:INFO:Epoch 238: Train Loss: 7808.0634, Train Node Loss: 505.9441, Train Reg Loss: 73.0212, Train MAPE: 11.3120, Train R: 0.7424, Train RRSE: 0.6825, Test Loss: 19246.6610, Test Node Loss: 455.7614, Test Reg Loss: 187.9090, Test MAPE: 12.4123, Test R: 0.4353, Test RRSE: 1.2735
2025-02-10 16:57:10,908:INFO:Epoch 239: Train Loss: 7859.6921, Train Node Loss: 567.7937, Train Reg Loss: 72.9190, Train MAPE: 11.9580, Train R: 0.7398, Train RRSE: 0.6820, Test Loss: 20676.5025, Test Node Loss: 458.6530, Test Reg Loss: 202.1785, Test MAPE: 12.7141, Test R: 0.4236, Test RRSE: 1.3210
2025-02-10 16:57:39,795:INFO:Epoch 240: Train Loss: 8185.3080, Train Node Loss: 500.5615, Train Reg Loss: 76.8475, Train MAPE: 11.4055, Train R: 0.7233, Train RRSE: 0.7002, Test Loss: 25048.9286, Test Node Loss: 421.2434, Test Reg Loss: 246.2768, Test MAPE: 13.7087, Test R: 0.4112, Test RRSE: 1.4579
2025-02-10 16:58:08,154:INFO:Epoch 241: Train Loss: 7764.0232, Train Node Loss: 522.4066, Train Reg Loss: 72.4162, Train MAPE: 11.5055, Train R: 0.7338, Train RRSE: 0.6797, Test Loss: 12474.9025, Test Node Loss: 551.3259, Test Reg Loss: 119.2358, Test MAPE: 11.3039, Test R: 0.4360, Test RRSE: 1.0144
2025-02-10 16:58:36,627:INFO:Epoch 242: Train Loss: 7680.6957, Train Node Loss: 548.4029, Train Reg Loss: 71.3229, Train MAPE: 11.8496, Train R: 0.7431, Train RRSE: 0.6745, Test Loss: 12239.2811, Test Node Loss: 460.2607, Test Reg Loss: 117.7902, Test MAPE: 11.0401, Test R: 0.4440, Test RRSE: 1.0083
2025-02-10 16:59:05,118:INFO:Epoch 243: Train Loss: 8233.0979, Train Node Loss: 480.4173, Train Reg Loss: 77.5268, Train MAPE: 11.3807, Train R: 0.7242, Train RRSE: 0.7032, Test Loss: 15110.8550, Test Node Loss: 502.6353, Test Reg Loss: 146.0822, Test MAPE: 11.4120, Test R: 0.4304, Test RRSE: 1.1229
2025-02-10 16:59:33,553:INFO:Epoch 244: Train Loss: 7954.4179, Train Node Loss: 555.7365, Train Reg Loss: 73.9868, Train MAPE: 11.9356, Train R: 0.7416, Train RRSE: 0.6870, Test Loss: 30885.3122, Test Node Loss: 393.0712, Test Reg Loss: 304.9224, Test MAPE: 15.1696, Test R: 0.4026, Test RRSE: 1.6223
2025-02-10 17:00:01,902:INFO:Epoch 245: Train Loss: 8695.8196, Train Node Loss: 485.0526, Train Reg Loss: 82.1077, Train MAPE: 11.4740, Train R: 0.6999, Train RRSE: 0.7237, Test Loss: 15363.9982, Test Node Loss: 483.1070, Test Reg Loss: 148.8089, Test MAPE: 11.6911, Test R: 0.4225, Test RRSE: 1.1333
2025-02-10 17:00:30,212:INFO:Epoch 246: Train Loss: 7337.7010, Train Node Loss: 511.2802, Train Reg Loss: 68.2642, Train MAPE: 11.6081, Train R: 0.7516, Train RRSE: 0.6599, Test Loss: 13435.8311, Test Node Loss: 488.2610, Test Reg Loss: 129.4757, Test MAPE: 11.4951, Test R: 0.4335, Test RRSE: 1.0571
2025-02-10 17:00:58,689:INFO:Epoch 247: Train Loss: 7927.1884, Train Node Loss: 496.6433, Train Reg Loss: 74.3054, Train MAPE: 11.4695, Train R: 0.7269, Train RRSE: 0.6885, Test Loss: 14746.5553, Test Node Loss: 460.1877, Test Reg Loss: 142.8637, Test MAPE: 11.5712, Test R: 0.4357, Test RRSE: 1.1104
2025-02-10 17:01:27,150:INFO:Epoch 248: Train Loss: 7639.6100, Train Node Loss: 498.2119, Train Reg Loss: 71.4140, Train MAPE: 11.4410, Train R: 0.7384, Train RRSE: 0.6749, Test Loss: 23245.3978, Test Node Loss: 416.5669, Test Reg Loss: 228.2883, Test MAPE: 13.3187, Test R: 0.4201, Test RRSE: 1.4037
2025-02-10 17:01:55,514:INFO:Epoch 249: Train Loss: 7182.6235, Train Node Loss: 494.7262, Train Reg Loss: 66.8790, Train MAPE: 11.4649, Train R: 0.7586, Train RRSE: 0.6532, Test Loss: 22316.2844, Test Node Loss: 417.6589, Test Reg Loss: 218.9862, Test MAPE: 13.0106, Test R: 0.4196, Test RRSE: 1.3748
2025-02-10 17:02:24,426:INFO:Epoch 250: Train Loss: 7198.3806, Train Node Loss: 495.3639, Train Reg Loss: 67.0302, Train MAPE: 11.7339, Train R: 0.7571, Train RRSE: 0.6539, Test Loss: 19461.9155, Test Node Loss: 417.4557, Test Reg Loss: 190.4446, Test MAPE: 12.7203, Test R: 0.4300, Test RRSE: 1.2821
2025-02-10 17:02:52,823:INFO:Epoch 251: Train Loss: 7716.0644, Train Node Loss: 488.0568, Train Reg Loss: 72.2801, Train MAPE: 11.6804, Train R: 0.7347, Train RRSE: 0.6790, Test Loss: 17639.4554, Test Node Loss: 440.3892, Test Reg Loss: 171.9907, Test MAPE: 12.1132, Test R: 0.4263, Test RRSE: 1.2184
2025-02-10 17:03:21,336:INFO:Epoch 252: Train Loss: 7691.8219, Train Node Loss: 477.0511, Train Reg Loss: 72.1477, Train MAPE: 11.5826, Train R: 0.7356, Train RRSE: 0.6784, Test Loss: 20211.3880, Test Node Loss: 422.9548, Test Reg Loss: 197.8843, Test MAPE: 12.6303, Test R: 0.4219, Test RRSE: 1.3069
2025-02-10 17:03:49,788:INFO:Epoch 253: Train Loss: 7882.2954, Train Node Loss: 509.7224, Train Reg Loss: 73.7257, Train MAPE: 11.9549, Train R: 0.7348, Train RRSE: 0.6858, Test Loss: 24137.7191, Test Node Loss: 391.0448, Test Reg Loss: 237.4667, Test MAPE: 13.6565, Test R: 0.4242, Test RRSE: 1.4316
2025-02-10 17:04:18,966:INFO:Epoch 254: Train Loss: 7592.3705, Train Node Loss: 454.8848, Train Reg Loss: 71.3749, Train MAPE: 11.6219, Train R: 0.7453, Train RRSE: 0.6748, Test Loss: 13104.8456, Test Node Loss: 472.4231, Test Reg Loss: 126.3242, Test MAPE: 11.5601, Test R: 0.4444, Test RRSE: 1.0442
2025-02-10 17:04:47,542:INFO:Epoch 255: Train Loss: 7307.0106, Train Node Loss: 475.2905, Train Reg Loss: 68.3172, Train MAPE: 11.6356, Train R: 0.7517, Train RRSE: 0.6601, Test Loss: 12667.2126, Test Node Loss: 513.4499, Test Reg Loss: 121.5376, Test MAPE: 11.7554, Test R: 0.4414, Test RRSE: 1.0242
2025-02-10 17:05:16,299:INFO:Epoch 256: Train Loss: 7516.2199, Train Node Loss: 493.9671, Train Reg Loss: 70.2225, Train MAPE: 11.6907, Train R: 0.7476, Train RRSE: 0.6693, Test Loss: 19637.9092, Test Node Loss: 409.5058, Test Reg Loss: 192.2840, Test MAPE: 12.4963, Test R: 0.4182, Test RRSE: 1.2882
2025-02-10 17:05:45,081:INFO:Epoch 257: Train Loss: 7652.5913, Train Node Loss: 448.6021, Train Reg Loss: 72.0399, Train MAPE: 11.4226, Train R: 0.7437, Train RRSE: 0.6779, Test Loss: 19293.5144, Test Node Loss: 428.5642, Test Reg Loss: 188.6495, Test MAPE: 12.6075, Test R: 0.4252, Test RRSE: 1.2760
2025-02-10 17:06:13,584:INFO:Epoch 258: Train Loss: 7195.9472, Train Node Loss: 495.5331, Train Reg Loss: 67.0041, Train MAPE: 11.9599, Train R: 0.7611, Train RRSE: 0.6538, Test Loss: 17931.7827, Test Node Loss: 414.1638, Test Reg Loss: 175.1762, Test MAPE: 12.0877, Test R: 0.4265, Test RRSE: 1.2296
2025-02-10 17:06:42,100:INFO:Epoch 259: Train Loss: 7869.7361, Train Node Loss: 457.1236, Train Reg Loss: 74.1261, Train MAPE: 11.5601, Train R: 0.7265, Train RRSE: 0.6876, Test Loss: 13365.5849, Test Node Loss: 418.4921, Test Reg Loss: 129.4709, Test MAPE: 11.3307, Test R: 0.4449, Test RRSE: 1.0571
2025-02-10 17:07:10,791:INFO:Epoch 260: Train Loss: 7309.7622, Train Node Loss: 449.1510, Train Reg Loss: 68.6061, Train MAPE: 11.6086, Train R: 0.7524, Train RRSE: 0.6615, Test Loss: 12971.7384, Test Node Loss: 466.4792, Test Reg Loss: 125.0526, Test MAPE: 11.6396, Test R: 0.4443, Test RRSE: 1.0389
2025-02-10 17:07:39,372:INFO:Epoch 261: Train Loss: 7107.5233, Train Node Loss: 470.7920, Train Reg Loss: 66.3673, Train MAPE: 11.8700, Train R: 0.7595, Train RRSE: 0.6507, Test Loss: 13243.1364, Test Node Loss: 453.8377, Test Reg Loss: 127.8930, Test MAPE: 11.5549, Test R: 0.4343, Test RRSE: 1.0506
2025-02-10 17:08:07,886:INFO:Epoch 262: Train Loss: 7235.3546, Train Node Loss: 460.0145, Train Reg Loss: 67.7534, Train MAPE: 11.6814, Train R: 0.7536, Train RRSE: 0.6574, Test Loss: 15441.2131, Test Node Loss: 418.5785, Test Reg Loss: 150.2263, Test MAPE: 11.5006, Test R: 0.4211, Test RRSE: 1.1387
2025-02-10 17:08:36,710:INFO:Epoch 263: Train Loss: 7202.8289, Train Node Loss: 456.2937, Train Reg Loss: 67.4654, Train MAPE: 11.5195, Train R: 0.7581, Train RRSE: 0.6560, Test Loss: 17019.9603, Test Node Loss: 400.7163, Test Reg Loss: 166.1924, Test MAPE: 11.8994, Test R: 0.4261, Test RRSE: 1.1976
2025-02-10 17:09:05,587:INFO:Epoch 264: Train Loss: 7198.9917, Train Node Loss: 456.0139, Train Reg Loss: 67.4298, Train MAPE: 11.7823, Train R: 0.7552, Train RRSE: 0.6558, Test Loss: 16709.1110, Test Node Loss: 390.8345, Test Reg Loss: 163.1828, Test MAPE: 12.0236, Test R: 0.4293, Test RRSE: 1.1868
2025-02-10 17:09:34,495:INFO:Epoch 265: Train Loss: 7210.0246, Train Node Loss: 447.4371, Train Reg Loss: 67.6259, Train MAPE: 11.6941, Train R: 0.7546, Train RRSE: 0.6568, Test Loss: 22443.0238, Test Node Loss: 363.3546, Test Reg Loss: 220.7967, Test MAPE: 13.0480, Test R: 0.4200, Test RRSE: 1.3804
2025-02-10 17:10:02,856:INFO:Epoch 266: Train Loss: 7144.6361, Train Node Loss: 427.0407, Train Reg Loss: 67.1760, Train MAPE: 11.3732, Train R: 0.7617, Train RRSE: 0.6546, Test Loss: 15251.0540, Test Node Loss: 407.7403, Test Reg Loss: 148.4331, Test MAPE: 11.7772, Test R: 0.4427, Test RRSE: 1.1319
2025-02-10 17:10:31,212:INFO:Epoch 267: Train Loss: 7883.2904, Train Node Loss: 478.8994, Train Reg Loss: 74.0439, Train MAPE: 12.2207, Train R: 0.7354, Train RRSE: 0.6873, Test Loss: 15055.8640, Test Node Loss: 437.8574, Test Reg Loss: 146.1801, Test MAPE: 12.6943, Test R: 0.4376, Test RRSE: 1.1232
2025-02-10 17:11:00,207:INFO:Epoch 268: Train Loss: 8011.9507, Train Node Loss: 408.2969, Train Reg Loss: 76.0365, Train MAPE: 11.4449, Train R: 0.7362, Train RRSE: 0.6964, Test Loss: 12615.6925, Test Node Loss: 430.6304, Test Reg Loss: 121.8506, Test MAPE: 11.3319, Test R: 0.4518, Test RRSE: 1.0255
2025-02-10 17:11:28,469:INFO:Epoch 269: Train Loss: 7047.1277, Train Node Loss: 460.5935, Train Reg Loss: 65.8653, Train MAPE: 11.8361, Train R: 0.7692, Train RRSE: 0.6482, Test Loss: 28526.8181, Test Node Loss: 337.6879, Test Reg Loss: 281.8913, Test MAPE: 14.7594, Test R: 0.4208, Test RRSE: 1.5598
2025-02-10 17:11:57,272:INFO:Epoch 270: Train Loss: 7328.0802, Train Node Loss: 410.7429, Train Reg Loss: 69.1734, Train MAPE: 11.5038, Train R: 0.7544, Train RRSE: 0.6643, Test Loss: 22433.1090, Test Node Loss: 371.1487, Test Reg Loss: 220.6196, Test MAPE: 13.3476, Test R: 0.4278, Test RRSE: 1.3799
2025-02-10 17:12:26,781:INFO:Epoch 271: Train Loss: 7116.0163, Train Node Loss: 439.8431, Train Reg Loss: 66.7617, Train MAPE: 11.8382, Train R: 0.7585, Train RRSE: 0.6526, Test Loss: 22194.0169, Test Node Loss: 376.7165, Test Reg Loss: 218.1730, Test MAPE: 13.4336, Test R: 0.4244, Test RRSE: 1.3722
2025-02-10 17:12:55,818:INFO:Epoch 272: Train Loss: 7212.1483, Train Node Loss: 423.5359, Train Reg Loss: 67.8861, Train MAPE: 11.7556, Train R: 0.7533, Train RRSE: 0.6581, Test Loss: 24816.0571, Test Node Loss: 349.8270, Test Reg Loss: 244.6623, Test MAPE: 13.9071, Test R: 0.4195, Test RRSE: 1.4531
2025-02-10 17:13:24,874:INFO:Epoch 273: Train Loss: 7611.3378, Train Node Loss: 425.8321, Train Reg Loss: 71.8551, Train MAPE: 11.6797, Train R: 0.7377, Train RRSE: 0.6770, Test Loss: 25386.3388, Test Node Loss: 343.1196, Test Reg Loss: 250.4322, Test MAPE: 13.9764, Test R: 0.4152, Test RRSE: 1.4702
2025-02-10 17:13:53,899:INFO:Epoch 274: Train Loss: 7493.2993, Train Node Loss: 402.8675, Train Reg Loss: 70.9043, Train MAPE: 11.6133, Train R: 0.7443, Train RRSE: 0.6725, Test Loss: 17366.0080, Test Node Loss: 373.7155, Test Reg Loss: 169.9229, Test MAPE: 12.3489, Test R: 0.4302, Test RRSE: 1.2110
2025-02-10 17:14:22,985:INFO:Epoch 275: Train Loss: 7354.0989, Train Node Loss: 426.7052, Train Reg Loss: 69.2739, Train MAPE: 11.7307, Train R: 0.7477, Train RRSE: 0.6648, Test Loss: 16836.9185, Test Node Loss: 381.8797, Test Reg Loss: 164.5504, Test MAPE: 12.1195, Test R: 0.4283, Test RRSE: 1.1917
2025-02-10 17:14:51,930:INFO:Epoch 276: Train Loss: 7017.8909, Train Node Loss: 437.0321, Train Reg Loss: 65.8086, Train MAPE: 11.9317, Train R: 0.7643, Train RRSE: 0.6479, Test Loss: 23843.8069, Test Node Loss: 333.0732, Test Reg Loss: 235.1073, Test MAPE: 13.7710, Test R: 0.4186, Test RRSE: 1.4245
2025-02-10 17:15:21,211:INFO:Epoch 277: Train Loss: 7958.8674, Train Node Loss: 386.3277, Train Reg Loss: 75.7254, Train MAPE: 11.6027, Train R: 0.7307, Train RRSE: 0.6950, Test Loss: 13393.6637, Test Node Loss: 403.1707, Test Reg Loss: 129.9049, Test MAPE: 11.4712, Test R: 0.4287, Test RRSE: 1.0589
2025-02-10 17:15:50,939:INFO:Epoch 278: Train Loss: 7550.6587, Train Node Loss: 429.9915, Train Reg Loss: 71.2067, Train MAPE: 11.8308, Train R: 0.7457, Train RRSE: 0.6740, Test Loss: 13749.5335, Test Node Loss: 383.9009, Test Reg Loss: 133.6563, Test MAPE: 11.5277, Test R: 0.4269, Test RRSE: 1.0740
2025-02-10 17:16:20,710:INFO:Epoch 279: Train Loss: 6974.2105, Train Node Loss: 385.9538, Train Reg Loss: 65.8826, Train MAPE: 11.6137, Train R: 0.7678, Train RRSE: 0.6483, Test Loss: 16821.0642, Test Node Loss: 353.9018, Test Reg Loss: 164.6716, Test MAPE: 11.9772, Test R: 0.4223, Test RRSE: 1.1922
2025-02-10 17:16:50,432:INFO:Epoch 280: Train Loss: 6937.3645, Train Node Loss: 395.3511, Train Reg Loss: 65.4201, Train MAPE: 11.5716, Train R: 0.7640, Train RRSE: 0.6460, Test Loss: 16046.2438, Test Node Loss: 372.0836, Test Reg Loss: 156.7416, Test MAPE: 11.4764, Test R: 0.4133, Test RRSE: 1.1631
2025-02-10 17:17:20,145:INFO:Epoch 281: Train Loss: 6876.5619, Train Node Loss: 419.8360, Train Reg Loss: 64.5673, Train MAPE: 11.8323, Train R: 0.7768, Train RRSE: 0.6418, Test Loss: 26935.7543, Test Node Loss: 301.8010, Test Reg Loss: 266.3395, Test MAPE: 14.3675, Test R: 0.4078, Test RRSE: 1.5161
2025-02-10 17:17:49,153:INFO:Epoch 282: Train Loss: 7811.8633, Train Node Loss: 347.9972, Train Reg Loss: 74.6387, Train MAPE: 11.4957, Train R: 0.7567, Train RRSE: 0.6900, Test Loss: 12972.2245, Test Node Loss: 405.3920, Test Reg Loss: 125.6683, Test MAPE: 11.3912, Test R: 0.4337, Test RRSE: 1.0414
2025-02-10 17:18:17,790:INFO:Epoch 283: Train Loss: 7964.2024, Train Node Loss: 437.9970, Train Reg Loss: 75.2621, Train MAPE: 12.4266, Train R: 0.7493, Train RRSE: 0.6929, Test Loss: 15584.9722, Test Node Loss: 338.4543, Test Reg Loss: 152.4652, Test MAPE: 11.8387, Test R: 0.4229, Test RRSE: 1.1471
2025-02-10 17:18:47,002:INFO:Epoch 284: Train Loss: 8145.2552, Train Node Loss: 339.2328, Train Reg Loss: 78.0602, Train MAPE: 11.3964, Train R: 0.7395, Train RRSE: 0.7057, Test Loss: 13066.7347, Test Node Loss: 359.0798, Test Reg Loss: 127.0765, Test MAPE: 10.9754, Test R: 0.4345, Test RRSE: 1.0473
2025-02-10 17:19:16,113:INFO:Epoch 285: Train Loss: 9545.6216, Train Node Loss: 425.2433, Train Reg Loss: 91.2038, Train MAPE: 12.4291, Train R: 0.6948, Train RRSE: 0.7628, Test Loss: 15509.2489, Test Node Loss: 326.8217, Test Reg Loss: 151.8243, Test MAPE: 11.6306, Test R: 0.4443, Test RRSE: 1.1447
2025-02-10 17:19:45,115:INFO:Epoch 286: Train Loss: 9269.4474, Train Node Loss: 312.0353, Train Reg Loss: 89.5741, Train MAPE: 11.3642, Train R: 0.7166, Train RRSE: 0.7559, Test Loss: 16868.0669, Test Node Loss: 326.4344, Test Reg Loss: 165.4163, Test MAPE: 12.0217, Test R: 0.4385, Test RRSE: 1.1948
2025-02-10 17:20:13,928:INFO:Epoch 287: Train Loss: 7838.1906, Train Node Loss: 404.1162, Train Reg Loss: 74.3407, Train MAPE: 12.1841, Train R: 0.7417, Train RRSE: 0.6886, Test Loss: 15827.5147, Test Node Loss: 359.1747, Test Reg Loss: 154.6834, Test MAPE: 11.7318, Test R: 0.4257, Test RRSE: 1.1554
2025-02-10 17:20:42,527:INFO:Epoch 288: Train Loss: 7759.4260, Train Node Loss: 351.4090, Train Reg Loss: 74.0802, Train MAPE: 11.7611, Train R: 0.7319, Train RRSE: 0.6874, Test Loss: 29808.7831, Test Node Loss: 279.0744, Test Reg Loss: 295.2971, Test MAPE: 15.1179, Test R: 0.4034, Test RRSE: 1.5964
2025-02-10 17:21:11,669:INFO:Epoch 289: Train Loss: 8844.7789, Train Node Loss: 376.5681, Train Reg Loss: 84.6821, Train MAPE: 12.0910, Train R: 0.6836, Train RRSE: 0.7350, Test Loss: 12702.2003, Test Node Loss: 368.2925, Test Reg Loss: 123.3391, Test MAPE: 11.2711, Test R: 0.4323, Test RRSE: 1.0317
2025-02-10 17:21:40,343:INFO:Epoch 290: Train Loss: 7685.7257, Train Node Loss: 335.6944, Train Reg Loss: 73.5003, Train MAPE: 11.6038, Train R: 0.7327, Train RRSE: 0.6847, Test Loss: 19268.0500, Test Node Loss: 282.2627, Test Reg Loss: 189.8579, Test MAPE: 12.5829, Test R: 0.4313, Test RRSE: 1.2801
2025-02-10 17:22:08,894:INFO:Epoch 291: Train Loss: 7027.4775, Train Node Loss: 354.8583, Train Reg Loss: 66.7262, Train MAPE: 11.8627, Train R: 0.7582, Train RRSE: 0.6524, Test Loss: 14055.3061, Test Node Loss: 401.2064, Test Reg Loss: 136.5410, Test MAPE: 12.3156, Test R: 0.4381, Test RRSE: 1.0856
2025-02-10 17:22:37,593:INFO:Epoch 292: Train Loss: 7070.9145, Train Node Loss: 360.7890, Train Reg Loss: 67.1013, Train MAPE: 11.8723, Train R: 0.7573, Train RRSE: 0.6542, Test Loss: 18595.9758, Test Node Loss: 292.7246, Test Reg Loss: 183.0325, Test MAPE: 12.4285, Test R: 0.4258, Test RRSE: 1.2569
2025-02-10 17:23:06,288:INFO:Epoch 293: Train Loss: 7175.5501, Train Node Loss: 325.2334, Train Reg Loss: 68.5032, Train MAPE: 11.4585, Train R: 0.7576, Train RRSE: 0.6610, Test Loss: 15900.4406, Test Node Loss: 323.9589, Test Reg Loss: 155.7648, Test MAPE: 11.6559, Test R: 0.4249, Test RRSE: 1.1595
2025-02-10 17:23:35,526:INFO:Epoch 294: Train Loss: 7113.2260, Train Node Loss: 366.3018, Train Reg Loss: 67.4692, Train MAPE: 12.0341, Train R: 0.7621, Train RRSE: 0.6560, Test Loss: 25397.6022, Test Node Loss: 285.6884, Test Reg Loss: 251.1191, Test MAPE: 14.0169, Test R: 0.4115, Test RRSE: 1.4722
2025-02-10 17:24:04,098:INFO:Epoch 295: Train Loss: 7263.4433, Train Node Loss: 324.0766, Train Reg Loss: 69.3937, Train MAPE: 11.6428, Train R: 0.7597, Train RRSE: 0.6653, Test Loss: 18989.7524, Test Node Loss: 306.1423, Test Reg Loss: 186.8361, Test MAPE: 12.5816, Test R: 0.4243, Test RRSE: 1.2699
2025-02-10 17:24:32,978:INFO:Epoch 296: Train Loss: 8030.3503, Train Node Loss: 378.8307, Train Reg Loss: 76.5152, Train MAPE: 12.4021, Train R: 0.7369, Train RRSE: 0.6986, Test Loss: 14710.8009, Test Node Loss: 318.1443, Test Reg Loss: 143.9266, Test MAPE: 11.5580, Test R: 0.4273, Test RRSE: 1.1145
2025-02-10 17:25:01,807:INFO:Epoch 297: Train Loss: 8799.0096, Train Node Loss: 294.1523, Train Reg Loss: 85.0486, Train MAPE: 11.5458, Train R: 0.7046, Train RRSE: 0.7366, Test Loss: 19496.5642, Test Node Loss: 275.9443, Test Reg Loss: 192.2062, Test MAPE: 12.4936, Test R: 0.4191, Test RRSE: 1.2880
2025-02-10 17:25:30,526:INFO:Epoch 298: Train Loss: 8575.2563, Train Node Loss: 357.4201, Train Reg Loss: 82.1784, Train MAPE: 12.4493, Train R: 0.7119, Train RRSE: 0.7240, Test Loss: 15034.3423, Test Node Loss: 320.5351, Test Reg Loss: 147.1381, Test MAPE: 11.3067, Test R: 0.4268, Test RRSE: 1.1269
2025-02-10 17:25:59,196:INFO:Epoch 299: Train Loss: 7232.7966, Train Node Loss: 306.0760, Train Reg Loss: 69.2672, Train MAPE: 11.6306, Train R: 0.7528, Train RRSE: 0.6647, Test Loss: 30563.1725, Test Node Loss: 233.8261, Test Reg Loss: 303.2935, Test MAPE: 15.5546, Test R: 0.4244, Test RRSE: 1.6179
2025-02-10 17:26:27,674:INFO:Epoch 300: Train Loss: 8067.6642, Train Node Loss: 313.2165, Train Reg Loss: 77.5445, Train MAPE: 11.8676, Train R: 0.7162, Train RRSE: 0.7033, Test Loss: 12775.0264, Test Node Loss: 360.1824, Test Reg Loss: 124.1484, Test MAPE: 11.4925, Test R: 0.4403, Test RRSE: 1.0351
2025-02-10 17:26:27,675:INFO:Best performance at epoch 0 with Test MAPE: 0.5000
