2025-02-10 14:56:08,996:INFO:Learning rate: 0.001
2025-02-10 14:56:08,996:INFO:Weight decay: 0.001
2025-02-10 14:56:08,996:INFO:Batch size: 64
2025-02-10 14:56:08,996:INFO:Number of layers: 3
2025-02-10 14:56:08,996:INFO:Convolution type: SAGE
2025-02-10 14:56:08,996:INFO:Convolution neurons: 256
2025-02-10 15:01:02,047:INFO:Learning rate: 0.001
2025-02-10 15:01:02,050:INFO:Weight decay: 0.001
2025-02-10 15:01:02,050:INFO:Batch size: 64
2025-02-10 15:01:02,050:INFO:Number of layers: 3
2025-02-10 15:01:02,050:INFO:Convolution type: SAGE
2025-02-10 15:01:02,050:INFO:Convolution neurons: 256
2025-02-10 15:01:26,264:INFO:Epoch 1: Train Loss: 46233.4909, Train Node Loss: 1.5279, Train Reg Loss: 462.3196, Train MAPE: 97.8210, Train R: -0.1065, Train RRSE: 7.3348, Test Loss: 46161.2005, Test Node Loss: 3.0946, Test Reg Loss: 461.5811, Test MAPE: 96.2283, Test R: 0.7335, Test RRSE: 7.5000
2025-02-10 15:01:26,296:INFO:Checkpoint saved at best_0.001_0.001_256_SAGE_3_64_0.7335_epoch_1.pth
2025-02-10 15:01:49,171:INFO:Epoch 2: Train Loss: 39052.0294, Train Node Loss: 16.1556, Train Reg Loss: 390.3587, Train MAPE: 89.6362, Train R: 0.0443, Train RRSE: 6.7398, Test Loss: 39557.4517, Test Node Loss: 26.3561, Test Reg Loss: 395.3110, Test MAPE: 88.8160, Test R: 0.8526, Test RRSE: 6.9408
2025-02-10 15:01:49,198:INFO:Checkpoint saved at best_0.001_0.001_256_SAGE_3_64_0.8526_epoch_2.pth
2025-02-10 15:02:12,059:INFO:Epoch 3: Train Loss: 28464.8650, Train Node Loss: 106.8879, Train Reg Loss: 283.5798, Train MAPE: 75.7686, Train R: 0.0932, Train RRSE: 5.7445, Test Loss: 21217.5865, Test Node Loss: 314.0215, Test Reg Loss: 209.0357, Test MAPE: 63.6613, Test R: 0.8729, Test RRSE: 5.0472
2025-02-10 15:02:12,097:INFO:Checkpoint saved at best_0.001_0.001_256_SAGE_3_64_0.8729_epoch_3.pth
2025-02-10 15:02:35,069:INFO:Epoch 4: Train Loss: 11027.3206, Train Node Loss: 758.7266, Train Reg Loss: 102.6859, Train MAPE: 41.4099, Train R: 0.0574, Train RRSE: 3.4568, Test Loss: 10232.1547, Test Node Loss: 4208.9476, Test Reg Loss: 60.2321, Test MAPE: 36.1125, Test R: 0.8651, Test RRSE: 2.7093
2025-02-10 15:02:57,926:INFO:Epoch 5: Train Loss: 5970.9585, Train Node Loss: 2788.2383, Train Reg Loss: 31.8272, Train MAPE: 25.2306, Train R: 0.2708, Train RRSE: 1.9245, Test Loss: 18296.8345, Test Node Loss: 4309.6604, Test Reg Loss: 139.8717, Test MAPE: 55.2026, Test R: 0.8665, Test RRSE: 4.1286
2025-02-10 15:03:20,891:INFO:Epoch 6: Train Loss: 2981.1791, Train Node Loss: 1763.7810, Train Reg Loss: 12.1740, Train MAPE: 15.4889, Train R: 0.2912, Train RRSE: 1.1902, Test Loss: 1875.8784, Test Node Loss: 1196.7266, Test Reg Loss: 6.7915, Test MAPE: 10.2627, Test R: 0.8669, Test RRSE: 0.9098
2025-02-10 15:03:44,004:INFO:Epoch 7: Train Loss: 2878.2017, Train Node Loss: 725.5297, Train Reg Loss: 21.5267, Train MAPE: 16.7195, Train R: 0.4930, Train RRSE: 1.5827, Test Loss: 2613.8557, Test Node Loss: 611.6230, Test Reg Loss: 20.0223, Test MAPE: 16.3158, Test R: 0.8677, Test RRSE: 1.5621
2025-02-10 15:04:07,243:INFO:Epoch 8: Train Loss: 2548.2819, Train Node Loss: 524.4435, Train Reg Loss: 20.2384, Train MAPE: 16.2317, Train R: 0.6374, Train RRSE: 1.5346, Test Loss: 1389.3445, Test Node Loss: 632.5161, Test Reg Loss: 7.5683, Test MAPE: 10.4014, Test R: 0.8701, Test RRSE: 0.9604
2025-02-10 15:04:30,543:INFO:Epoch 9: Train Loss: 1328.2040, Train Node Loss: 623.3818, Train Reg Loss: 7.0482, Train MAPE: 10.4677, Train R: 0.5230, Train RRSE: 0.9056, Test Loss: 1748.3782, Test Node Loss: 793.3641, Test Reg Loss: 9.5501, Test MAPE: 14.8700, Test R: 0.8680, Test RRSE: 1.0788
2025-02-10 15:04:53,796:INFO:Epoch 10: Train Loss: 1527.1830, Train Node Loss: 701.0560, Train Reg Loss: 8.2613, Train MAPE: 14.1547, Train R: 0.7929, Train RRSE: 0.9805, Test Loss: 1433.0544, Test Node Loss: 651.4359, Test Reg Loss: 7.8162, Test MAPE: 13.6742, Test R: 0.8664, Test RRSE: 0.9760
2025-02-10 15:05:17,062:INFO:Epoch 11: Train Loss: 1155.4787, Train Node Loss: 529.5147, Train Reg Loss: 6.2596, Train MAPE: 11.5149, Train R: 0.6117, Train RRSE: 0.8535, Test Loss: 1063.1527, Test Node Loss: 399.1592, Test Reg Loss: 6.6399, Test MAPE: 10.0873, Test R: 0.8653, Test RRSE: 0.8995
2025-02-10 15:05:40,317:INFO:Epoch 12: Train Loss: 1130.9644, Train Node Loss: 359.8306, Train Reg Loss: 7.7113, Train MAPE: 10.1630, Train R: 0.7506, Train RRSE: 0.9473, Test Loss: 1189.7693, Test Node Loss: 322.1763, Test Reg Loss: 8.6759, Test MAPE: 10.7794, Test R: 0.8632, Test RRSE: 1.0282
2025-02-10 15:06:03,662:INFO:Epoch 13: Train Loss: 1064.7080, Train Node Loss: 337.5119, Train Reg Loss: 7.2720, Train MAPE: 10.3595, Train R: 0.6525, Train RRSE: 0.9199, Test Loss: 890.4962, Test Node Loss: 364.6607, Test Reg Loss: 5.2584, Test MAPE: 10.0638, Test R: 0.8612, Test RRSE: 0.8005
2025-02-10 15:06:27,220:INFO:Epoch 14: Train Loss: 945.9911, Train Node Loss: 370.1792, Train Reg Loss: 5.7581, Train MAPE: 11.0891, Train R: 0.7594, Train RRSE: 0.8186, Test Loss: 875.1768, Test Node Loss: 368.2668, Test Reg Loss: 5.0691, Test MAPE: 10.7679, Test R: 0.8594, Test RRSE: 0.7860
2025-02-10 15:06:50,749:INFO:Epoch 15: Train Loss: 917.0333, Train Node Loss: 350.9858, Train Reg Loss: 5.6605, Train MAPE: 11.4663, Train R: 0.7899, Train RRSE: 0.8116, Test Loss: 824.5087, Test Node Loss: 312.0207, Test Reg Loss: 5.1249, Test MAPE: 10.1792, Test R: 0.8574, Test RRSE: 0.7903
2025-02-10 15:07:13,988:INFO:Epoch 16: Train Loss: 852.1875, Train Node Loss: 296.1863, Train Reg Loss: 5.5600, Train MAPE: 10.5441, Train R: 0.7871, Train RRSE: 0.8044, Test Loss: 861.1502, Test Node Loss: 263.0809, Test Reg Loss: 5.9807, Test MAPE: 10.1075, Test R: 0.8551, Test RRSE: 0.8537
2025-02-10 15:07:37,224:INFO:Epoch 17: Train Loss: 842.2264, Train Node Loss: 260.1407, Train Reg Loss: 5.8209, Train MAPE: 10.2930, Train R: 0.7907, Train RRSE: 0.8230, Test Loss: 819.6530, Test Node Loss: 251.5093, Test Reg Loss: 5.6814, Test MAPE: 10.0978, Test R: 0.8516, Test RRSE: 0.8321
2025-02-10 15:08:00,432:INFO:Epoch 18: Train Loss: 801.9830, Train Node Loss: 257.7359, Train Reg Loss: 5.4425, Train MAPE: 10.4613, Train R: 0.7912, Train RRSE: 0.7958, Test Loss: 750.1134, Test Node Loss: 256.3270, Test Reg Loss: 4.9379, Test MAPE: 10.2775, Test R: 0.8489, Test RRSE: 0.7757
2025-02-10 15:08:23,713:INFO:Epoch 19: Train Loss: 783.0713, Train Node Loss: 259.6794, Train Reg Loss: 5.2339, Train MAPE: 11.0633, Train R: 0.7825, Train RRSE: 0.7804, Test Loss: 723.4102, Test Node Loss: 248.3498, Test Reg Loss: 4.7506, Test MAPE: 10.3513, Test R: 0.8464, Test RRSE: 0.7609
2025-02-10 15:08:47,038:INFO:Epoch 20: Train Loss: 757.9695, Train Node Loss: 246.2985, Train Reg Loss: 5.1167, Train MAPE: 11.0894, Train R: 0.7862, Train RRSE: 0.7716, Test Loss: 726.7980, Test Node Loss: 222.5457, Test Reg Loss: 5.0425, Test MAPE: 10.2049, Test R: 0.8443, Test RRSE: 0.7839
2025-02-10 15:09:10,272:INFO:Epoch 21: Train Loss: 735.1272, Train Node Loss: 216.7629, Train Reg Loss: 5.1836, Train MAPE: 10.7528, Train R: 0.7676, Train RRSE: 0.7767, Test Loss: 761.0309, Test Node Loss: 198.3806, Test Reg Loss: 5.6265, Test MAPE: 10.3245, Test R: 0.8404, Test RRSE: 0.8281
2025-02-10 15:09:33,619:INFO:Epoch 22: Train Loss: 714.3950, Train Node Loss: 207.0299, Train Reg Loss: 5.0737, Train MAPE: 10.7300, Train R: 0.7727, Train RRSE: 0.7684, Test Loss: 681.9575, Test Node Loss: 204.0350, Test Reg Loss: 4.7792, Test MAPE: 10.3665, Test R: 0.8349, Test RRSE: 0.7632
2025-02-10 15:09:56,929:INFO:Epoch 23: Train Loss: 682.0313, Train Node Loss: 208.6641, Train Reg Loss: 4.7337, Train MAPE: 11.1179, Train R: 0.7809, Train RRSE: 0.7422, Test Loss: 660.7091, Test Node Loss: 196.1950, Test Reg Loss: 4.6451, Test MAPE: 10.3980, Test R: 0.8307, Test RRSE: 0.7524
2025-02-10 15:10:20,332:INFO:Epoch 24: Train Loss: 658.4658, Train Node Loss: 200.1868, Train Reg Loss: 4.5828, Train MAPE: 11.2493, Train R: 0.7775, Train RRSE: 0.7303, Test Loss: 659.9174, Test Node Loss: 182.5643, Test Reg Loss: 4.7735, Test MAPE: 10.3987, Test R: 0.8266, Test RRSE: 0.7627
2025-02-10 15:10:43,887:INFO:Epoch 25: Train Loss: 652.2851, Train Node Loss: 185.5144, Train Reg Loss: 4.6677, Train MAPE: 11.1047, Train R: 0.7603, Train RRSE: 0.7370, Test Loss: 686.7115, Test Node Loss: 166.8743, Test Reg Loss: 5.1984, Test MAPE: 10.5589, Test R: 0.8215, Test RRSE: 0.7959
2025-02-10 15:11:07,431:INFO:Epoch 26: Train Loss: 630.1103, Train Node Loss: 177.3611, Train Reg Loss: 4.5275, Train MAPE: 11.2007, Train R: 0.7546, Train RRSE: 0.7258, Test Loss: 651.3463, Test Node Loss: 163.7080, Test Reg Loss: 4.8764, Test MAPE: 10.6679, Test R: 0.8160, Test RRSE: 0.7709
2025-02-10 15:11:31,072:INFO:Epoch 27: Train Loss: 609.5590, Train Node Loss: 176.2454, Train Reg Loss: 4.3331, Train MAPE: 11.5126, Train R: 0.7600, Train RRSE: 0.7101, Test Loss: 631.5673, Test Node Loss: 157.9722, Test Reg Loss: 4.7360, Test MAPE: 10.7095, Test R: 0.8123, Test RRSE: 0.7597
2025-02-10 15:11:54,650:INFO:Epoch 28: Train Loss: 588.3471, Train Node Loss: 163.6060, Train Reg Loss: 4.2474, Train MAPE: 11.3798, Train R: 0.7625, Train RRSE: 0.7030, Test Loss: 712.3739, Test Node Loss: 139.0946, Test Reg Loss: 5.7328, Test MAPE: 11.0432, Test R: 0.8085, Test RRSE: 0.8358
2025-02-10 15:12:18,253:INFO:Epoch 29: Train Loss: 565.6653, Train Node Loss: 152.3323, Train Reg Loss: 4.1333, Train MAPE: 11.4086, Train R: 0.7690, Train RRSE: 0.6935, Test Loss: 638.4294, Test Node Loss: 142.0151, Test Reg Loss: 4.9641, Test MAPE: 11.0391, Test R: 0.8037, Test RRSE: 0.7778
2025-02-10 15:12:41,886:INFO:Epoch 30: Train Loss: 552.1013, Train Node Loss: 154.4407, Train Reg Loss: 3.9766, Train MAPE: 11.7263, Train R: 0.7631, Train RRSE: 0.6803, Test Loss: 620.1487, Test Node Loss: 137.7771, Test Reg Loss: 4.8237, Test MAPE: 11.0256, Test R: 0.8011, Test RRSE: 0.7667
2025-02-10 15:13:05,444:INFO:Epoch 31: Train Loss: 539.1980, Train Node Loss: 148.6581, Train Reg Loss: 3.9054, Train MAPE: 11.9161, Train R: 0.7612, Train RRSE: 0.6741, Test Loss: 664.3665, Test Node Loss: 125.8657, Test Reg Loss: 5.3850, Test MAPE: 11.3895, Test R: 0.7993, Test RRSE: 0.8101
2025-02-10 15:13:28,941:INFO:Epoch 32: Train Loss: 529.7597, Train Node Loss: 134.3284, Train Reg Loss: 3.9543, Train MAPE: 11.7569, Train R: 0.7584, Train RRSE: 0.6783, Test Loss: 695.1254, Test Node Loss: 115.4180, Test Reg Loss: 5.7971, Test MAPE: 11.5243, Test R: 0.7990, Test RRSE: 0.8405
2025-02-10 15:13:52,422:INFO:Epoch 33: Train Loss: 506.2583, Train Node Loss: 127.4118, Train Reg Loss: 3.7885, Train MAPE: 11.7953, Train R: 0.7742, Train RRSE: 0.6640, Test Loss: 582.6333, Test Node Loss: 119.8122, Test Reg Loss: 4.6282, Test MAPE: 11.3981, Test R: 0.7999, Test RRSE: 0.7510
2025-02-10 15:14:15,969:INFO:Epoch 34: Train Loss: 525.3905, Train Node Loss: 133.4780, Train Reg Loss: 3.9191, Train MAPE: 12.3056, Train R: 0.7580, Train RRSE: 0.6753, Test Loss: 553.6137, Test Node Loss: 116.7682, Test Reg Loss: 4.3685, Test MAPE: 11.3757, Test R: 0.8011, Test RRSE: 0.7296
2025-02-10 15:14:39,498:INFO:Epoch 35: Train Loss: 488.3575, Train Node Loss: 118.2704, Train Reg Loss: 3.7009, Train MAPE: 11.8727, Train R: 0.7739, Train RRSE: 0.6563, Test Loss: 699.1309, Test Node Loss: 97.1829, Test Reg Loss: 6.0195, Test MAPE: 11.8338, Test R: 0.8038, Test RRSE: 0.8565
2025-02-10 15:15:03,024:INFO:Epoch 36: Train Loss: 466.9141, Train Node Loss: 104.8363, Train Reg Loss: 3.6208, Train MAPE: 11.8216, Train R: 0.7966, Train RRSE: 0.6491, Test Loss: 594.8474, Test Node Loss: 99.4611, Test Reg Loss: 4.9539, Test MAPE: 11.6214, Test R: 0.8052, Test RRSE: 0.7770
2025-02-10 15:15:26,559:INFO:Epoch 37: Train Loss: 468.7518, Train Node Loss: 112.7032, Train Reg Loss: 3.5605, Train MAPE: 12.2526, Train R: 0.7800, Train RRSE: 0.6437, Test Loss: 495.6077, Test Node Loss: 105.3042, Test Reg Loss: 3.9030, Test MAPE: 11.4479, Test R: 0.8081, Test RRSE: 0.6897
2025-02-10 15:15:50,059:INFO:Epoch 38: Train Loss: 448.7961, Train Node Loss: 106.4072, Train Reg Loss: 3.4239, Train MAPE: 12.2826, Train R: 0.7912, Train RRSE: 0.6312, Test Loss: 658.2213, Test Node Loss: 86.5004, Test Reg Loss: 5.7172, Test MAPE: 11.9636, Test R: 0.8112, Test RRSE: 0.8347
2025-02-10 15:16:13,571:INFO:Epoch 39: Train Loss: 441.3714, Train Node Loss: 93.9690, Train Reg Loss: 3.4740, Train MAPE: 11.8812, Train R: 0.7998, Train RRSE: 0.6358, Test Loss: 641.5549, Test Node Loss: 83.6168, Test Reg Loss: 5.5794, Test MAPE: 11.8799, Test R: 0.8141, Test RRSE: 0.8246
2025-02-10 15:16:37,313:INFO:Epoch 40: Train Loss: 421.0941, Train Node Loss: 96.5939, Train Reg Loss: 3.2450, Train MAPE: 12.2258, Train R: 0.8066, Train RRSE: 0.6145, Test Loss: 515.0166, Test Node Loss: 89.5711, Test Reg Loss: 4.2545, Test MAPE: 11.7020, Test R: 0.8165, Test RRSE: 0.7200
2025-02-10 15:17:00,762:INFO:Epoch 41: Train Loss: 417.1381, Train Node Loss: 95.3318, Train Reg Loss: 3.2181, Train MAPE: 12.4612, Train R: 0.8070, Train RRSE: 0.6119, Test Loss: 768.4430, Test Node Loss: 71.8645, Test Reg Loss: 6.9658, Test MAPE: 12.6069, Test R: 0.8179, Test RRSE: 0.9214
2025-02-10 15:17:24,282:INFO:Epoch 42: Train Loss: 411.2363, Train Node Loss: 79.8433, Train Reg Loss: 3.3139, Train MAPE: 12.2101, Train R: 0.8071, Train RRSE: 0.6210, Test Loss: 724.6599, Test Node Loss: 70.1070, Test Reg Loss: 6.5455, Test MAPE: 12.4352, Test R: 0.8194, Test RRSE: 0.8931
2025-02-10 15:17:47,841:INFO:Epoch 43: Train Loss: 400.4600, Train Node Loss: 87.9330, Train Reg Loss: 3.1253, Train MAPE: 12.6240, Train R: 0.8100, Train RRSE: 0.6031, Test Loss: 512.6396, Test Node Loss: 78.9381, Test Reg Loss: 4.3370, Test MAPE: 11.9223, Test R: 0.8230, Test RRSE: 0.7270
2025-02-10 15:18:11,338:INFO:Epoch 44: Train Loss: 400.0810, Train Node Loss: 81.7601, Train Reg Loss: 3.1832, Train MAPE: 12.4778, Train R: 0.8039, Train RRSE: 0.6086, Test Loss: 959.0877, Test Node Loss: 57.0698, Test Reg Loss: 9.0202, Test MAPE: 13.5824, Test R: 0.8246, Test RRSE: 1.0484
2025-02-10 15:18:34,880:INFO:Epoch 45: Train Loss: 377.8154, Train Node Loss: 70.4120, Train Reg Loss: 3.0740, Train MAPE: 12.2559, Train R: 0.8245, Train RRSE: 0.5981, Test Loss: 622.0862, Test Node Loss: 65.6535, Test Reg Loss: 5.5643, Test MAPE: 12.3884, Test R: 0.8281, Test RRSE: 0.8235
2025-02-10 15:18:58,446:INFO:Epoch 46: Train Loss: 341.4105, Train Node Loss: 75.9175, Train Reg Loss: 2.6549, Train MAPE: 12.5895, Train R: 0.8447, Train RRSE: 0.5558, Test Loss: 537.0136, Test Node Loss: 67.1540, Test Reg Loss: 4.6986, Test MAPE: 12.1222, Test R: 0.8319, Test RRSE: 0.7567
2025-02-10 15:19:21,981:INFO:Epoch 47: Train Loss: 337.8032, Train Node Loss: 71.2537, Train Reg Loss: 2.6655, Train MAPE: 12.5551, Train R: 0.8425, Train RRSE: 0.5569, Test Loss: 704.1441, Test Node Loss: 56.9487, Test Reg Loss: 6.4720, Test MAPE: 12.8396, Test R: 0.8341, Test RRSE: 0.8881
2025-02-10 15:19:45,544:INFO:Epoch 48: Train Loss: 334.4618, Train Node Loss: 65.4834, Train Reg Loss: 2.6898, Train MAPE: 12.4544, Train R: 0.8427, Train RRSE: 0.5595, Test Loss: 574.7352, Test Node Loss: 58.4183, Test Reg Loss: 5.1632, Test MAPE: 12.3515, Test R: 0.8368, Test RRSE: 0.7932
2025-02-10 15:20:09,399:INFO:Epoch 49: Train Loss: 339.3095, Train Node Loss: 63.8830, Train Reg Loss: 2.7543, Train MAPE: 12.4051, Train R: 0.8397, Train RRSE: 0.5661, Test Loss: 555.8493, Test Node Loss: 56.1333, Test Reg Loss: 4.9972, Test MAPE: 12.2026, Test R: 0.8387, Test RRSE: 0.7804
2025-02-10 15:20:32,931:INFO:Epoch 50: Train Loss: 329.1331, Train Node Loss: 63.5944, Train Reg Loss: 2.6554, Train MAPE: 12.7491, Train R: 0.8417, Train RRSE: 0.5559, Test Loss: 489.2842, Test Node Loss: 55.1939, Test Reg Loss: 4.3409, Test MAPE: 12.2810, Test R: 0.8412, Test RRSE: 0.7273
2025-02-10 15:20:56,695:INFO:Epoch 51: Train Loss: 314.5564, Train Node Loss: 56.8011, Train Reg Loss: 2.5776, Train MAPE: 12.4806, Train R: 0.8495, Train RRSE: 0.5477, Test Loss: 610.7722, Test Node Loss: 46.3835, Test Reg Loss: 5.6439, Test MAPE: 12.7157, Test R: 0.8426, Test RRSE: 0.8293
2025-02-10 15:21:20,287:INFO:Epoch 52: Train Loss: 307.6314, Train Node Loss: 52.2319, Train Reg Loss: 2.5540, Train MAPE: 12.4330, Train R: 0.8541, Train RRSE: 0.5452, Test Loss: 407.0115, Test Node Loss: 52.0080, Test Reg Loss: 3.5500, Test MAPE: 12.1607, Test R: 0.8457, Test RRSE: 0.6577
2025-02-10 15:21:43,750:INFO:Epoch 53: Train Loss: 307.6753, Train Node Loss: 53.7069, Train Reg Loss: 2.5397, Train MAPE: 12.6583, Train R: 0.8519, Train RRSE: 0.5436, Test Loss: 411.3173, Test Node Loss: 48.3183, Test Reg Loss: 3.6300, Test MAPE: 12.3196, Test R: 0.8476, Test RRSE: 0.6651
2025-02-10 15:22:07,210:INFO:Epoch 54: Train Loss: 295.3247, Train Node Loss: 48.4811, Train Reg Loss: 2.4684, Train MAPE: 12.5592, Train R: 0.8572, Train RRSE: 0.5360, Test Loss: 437.9107, Test Node Loss: 42.9617, Test Reg Loss: 3.9495, Test MAPE: 12.3533, Test R: 0.8494, Test RRSE: 0.6938
2025-02-10 15:22:30,962:INFO:Epoch 55: Train Loss: 296.0374, Train Node Loss: 44.1235, Train Reg Loss: 2.5191, Train MAPE: 12.5120, Train R: 0.8558, Train RRSE: 0.5414, Test Loss: 378.0047, Test Node Loss: 43.3931, Test Reg Loss: 3.3461, Test MAPE: 12.1660, Test R: 0.8508, Test RRSE: 0.6386
2025-02-10 15:22:54,494:INFO:Epoch 56: Train Loss: 279.3206, Train Node Loss: 46.2597, Train Reg Loss: 2.3306, Train MAPE: 12.8265, Train R: 0.8660, Train RRSE: 0.5208, Test Loss: 329.7579, Test Node Loss: 43.8931, Test Reg Loss: 2.8586, Test MAPE: 12.3125, Test R: 0.8529, Test RRSE: 0.5902
2025-02-10 15:23:18,320:INFO:Epoch 57: Train Loss: 278.3540, Train Node Loss: 41.7472, Train Reg Loss: 2.3661, Train MAPE: 12.7864, Train R: 0.8604, Train RRSE: 0.5247, Test Loss: 485.0432, Test Node Loss: 34.3414, Test Reg Loss: 4.5070, Test MAPE: 12.7195, Test R: 0.8523, Test RRSE: 0.7411
2025-02-10 15:23:41,831:INFO:Epoch 58: Train Loss: 279.0119, Train Node Loss: 39.9862, Train Reg Loss: 2.3903, Train MAPE: 12.8489, Train R: 0.8582, Train RRSE: 0.5274, Test Loss: 330.6989, Test Node Loss: 38.4625, Test Reg Loss: 2.9224, Test MAPE: 12.3789, Test R: 0.8543, Test RRSE: 0.5968
2025-02-10 15:24:05,677:INFO:Epoch 59: Train Loss: 262.8751, Train Node Loss: 36.9334, Train Reg Loss: 2.2594, Train MAPE: 12.7581, Train R: 0.8676, Train RRSE: 0.5128, Test Loss: 420.1402, Test Node Loss: 31.7577, Test Reg Loss: 3.8838, Test MAPE: 12.5397, Test R: 0.8549, Test RRSE: 0.6880
2025-02-10 15:24:29,195:INFO:Epoch 60: Train Loss: 273.9920, Train Node Loss: 34.7726, Train Reg Loss: 2.3922, Train MAPE: 12.7252, Train R: 0.8585, Train RRSE: 0.5276, Test Loss: 309.4967, Test Node Loss: 33.9346, Test Reg Loss: 2.7556, Test MAPE: 12.4444, Test R: 0.8581, Test RRSE: 0.5795
2025-02-10 15:24:52,979:INFO:Epoch 61: Train Loss: 267.8847, Train Node Loss: 33.2749, Train Reg Loss: 2.3461, Train MAPE: 12.7677, Train R: 0.8618, Train RRSE: 0.5225, Test Loss: 276.3544, Test Node Loss: 32.1912, Test Reg Loss: 2.4416, Test MAPE: 12.3853, Test R: 0.8611, Test RRSE: 0.5455
2025-02-10 15:25:16,553:INFO:Epoch 62: Train Loss: 273.5571, Train Node Loss: 31.3477, Train Reg Loss: 2.4221, Train MAPE: 12.8241, Train R: 0.8561, Train RRSE: 0.5309, Test Loss: 259.0089, Test Node Loss: 32.4965, Test Reg Loss: 2.2651, Test MAPE: 12.5129, Test R: 0.8629, Test RRSE: 0.5254
2025-02-10 15:25:40,122:INFO:Epoch 63: Train Loss: 262.2285, Train Node Loss: 30.6078, Train Reg Loss: 2.3162, Train MAPE: 12.7979, Train R: 0.8652, Train RRSE: 0.5192, Test Loss: 433.9042, Test Node Loss: 23.3285, Test Reg Loss: 4.1058, Test MAPE: 12.6322, Test R: 0.8627, Test RRSE: 0.7074
2025-02-10 15:26:03,678:INFO:Epoch 64: Train Loss: 265.3712, Train Node Loss: 24.5528, Train Reg Loss: 2.4082, Train MAPE: 12.5359, Train R: 0.8686, Train RRSE: 0.5294, Test Loss: 260.4092, Test Node Loss: 28.6849, Test Reg Loss: 2.3172, Test MAPE: 12.4307, Test R: 0.8654, Test RRSE: 0.5314
2025-02-10 15:26:27,191:INFO:Epoch 65: Train Loss: 259.9883, Train Node Loss: 29.4110, Train Reg Loss: 2.3058, Train MAPE: 13.0581, Train R: 0.8669, Train RRSE: 0.5180, Test Loss: 316.7029, Test Node Loss: 25.4749, Test Reg Loss: 2.9123, Test MAPE: 12.3808, Test R: 0.8660, Test RRSE: 0.5957
2025-02-10 15:26:50,708:INFO:Epoch 66: Train Loss: 257.2329, Train Node Loss: 27.9021, Train Reg Loss: 2.2933, Train MAPE: 12.9710, Train R: 0.8674, Train RRSE: 0.5166, Test Loss: 486.3225, Test Node Loss: 21.0762, Test Reg Loss: 4.6525, Test MAPE: 13.0058, Test R: 0.8651, Test RRSE: 0.7530
2025-02-10 15:27:14,259:INFO:Epoch 67: Train Loss: 254.2248, Train Node Loss: 21.8822, Train Reg Loss: 2.3234, Train MAPE: 12.7111, Train R: 0.8701, Train RRSE: 0.5200, Test Loss: 536.4643, Test Node Loss: 18.6209, Test Reg Loss: 5.1784, Test MAPE: 13.1695, Test R: 0.8664, Test RRSE: 0.7944
2025-02-10 15:27:37,844:INFO:Epoch 68: Train Loss: 250.3827, Train Node Loss: 24.6046, Train Reg Loss: 2.2578, Train MAPE: 13.0876, Train R: 0.8663, Train RRSE: 0.5126, Test Loss: 235.2582, Test Node Loss: 25.4822, Test Reg Loss: 2.0978, Test MAPE: 12.6740, Test R: 0.8714, Test RRSE: 0.5056
2025-02-10 15:28:01,322:INFO:Epoch 69: Train Loss: 266.9618, Train Node Loss: 21.2733, Train Reg Loss: 2.4569, Train MAPE: 12.9175, Train R: 0.8517, Train RRSE: 0.5347, Test Loss: 496.2652, Test Node Loss: 15.7650, Test Reg Loss: 4.8050, Test MAPE: 13.1270, Test R: 0.8712, Test RRSE: 0.7652
2025-02-10 15:28:24,876:INFO:Epoch 70: Train Loss: 248.2526, Train Node Loss: 20.6550, Train Reg Loss: 2.2760, Train MAPE: 12.9083, Train R: 0.8656, Train RRSE: 0.5146, Test Loss: 243.7536, Test Node Loss: 21.9852, Test Reg Loss: 2.2177, Test MAPE: 12.6811, Test R: 0.8734, Test RRSE: 0.5199
2025-02-10 15:28:24,910:INFO:Checkpoint saved at best_0.001_0.001_256_SAGE_3_64_0.8734_epoch_70.pth
2025-02-10 15:28:48,489:INFO:Epoch 71: Train Loss: 232.6557, Train Node Loss: 20.0022, Train Reg Loss: 2.1265, Train MAPE: 13.0325, Train R: 0.8751, Train RRSE: 0.4975, Test Loss: 582.5213, Test Node Loss: 14.1390, Test Reg Loss: 5.6838, Test MAPE: 13.4799, Test R: 0.8718, Test RRSE: 0.8323
2025-02-10 15:29:12,329:INFO:Epoch 72: Train Loss: 254.4264, Train Node Loss: 17.8117, Train Reg Loss: 2.3661, Train MAPE: 12.6727, Train R: 0.8616, Train RRSE: 0.5247, Test Loss: 309.9993, Test Node Loss: 18.3636, Test Reg Loss: 2.9164, Test MAPE: 12.7823, Test R: 0.8748, Test RRSE: 0.5962
2025-02-10 15:29:12,358:INFO:Checkpoint saved at best_0.001_0.001_256_SAGE_3_64_0.8748_epoch_72.pth
2025-02-10 15:29:35,921:INFO:Epoch 73: Train Loss: 229.1947, Train Node Loss: 20.1616, Train Reg Loss: 2.0903, Train MAPE: 13.2023, Train R: 0.8799, Train RRSE: 0.4932, Test Loss: 419.7088, Test Node Loss: 15.4960, Test Reg Loss: 4.0421, Test MAPE: 12.8610, Test R: 0.8746, Test RRSE: 0.7019
2025-02-10 15:29:59,776:INFO:Epoch 74: Train Loss: 221.4269, Train Node Loss: 16.0834, Train Reg Loss: 2.0534, Train MAPE: 12.8489, Train R: 0.8832, Train RRSE: 0.4888, Test Loss: 482.0836, Test Node Loss: 13.3798, Test Reg Loss: 4.6870, Test MAPE: 13.2728, Test R: 0.8761, Test RRSE: 0.7558
2025-02-10 15:29:59,811:INFO:Checkpoint saved at best_0.001_0.001_256_SAGE_3_64_0.8761_epoch_74.pth
2025-02-10 15:30:23,548:INFO:Epoch 75: Train Loss: 212.4111, Train Node Loss: 16.7327, Train Reg Loss: 1.9568, Train MAPE: 13.0276, Train R: 0.8871, Train RRSE: 0.4772, Test Loss: 256.6027, Test Node Loss: 16.9790, Test Reg Loss: 2.3962, Test MAPE: 12.6052, Test R: 0.8777, Test RRSE: 0.5404
2025-02-10 15:30:23,589:INFO:Checkpoint saved at best_0.001_0.001_256_SAGE_3_64_0.8777_epoch_75.pth
2025-02-10 15:30:47,500:INFO:Epoch 76: Train Loss: 210.6665, Train Node Loss: 16.1302, Train Reg Loss: 1.9454, Train MAPE: 13.0222, Train R: 0.8883, Train RRSE: 0.4758, Test Loss: 540.7577, Test Node Loss: 11.9760, Test Reg Loss: 5.2878, Test MAPE: 13.4861, Test R: 0.8762, Test RRSE: 0.8027
2025-02-10 15:31:11,201:INFO:Epoch 77: Train Loss: 240.5598, Train Node Loss: 12.9430, Train Reg Loss: 2.2762, Train MAPE: 12.7922, Train R: 0.8714, Train RRSE: 0.5147, Test Loss: 287.0981, Test Node Loss: 14.2989, Test Reg Loss: 2.7280, Test MAPE: 12.9250, Test R: 0.8781, Test RRSE: 0.5766
2025-02-10 15:31:11,231:INFO:Checkpoint saved at best_0.001_0.001_256_SAGE_3_64_0.8781_epoch_77.pth
2025-02-10 15:31:35,137:INFO:Epoch 78: Train Loss: 261.0481, Train Node Loss: 17.5412, Train Reg Loss: 2.4351, Train MAPE: 13.6118, Train R: 0.8694, Train RRSE: 0.5323, Test Loss: 211.0304, Test Node Loss: 16.4544, Test Reg Loss: 1.9458, Test MAPE: 12.9573, Test R: 0.8788, Test RRSE: 0.4870
2025-02-10 15:31:35,165:INFO:Checkpoint saved at best_0.001_0.001_256_SAGE_3_64_0.8788_epoch_78.pth
2025-02-10 15:31:59,092:INFO:Epoch 79: Train Loss: 229.1127, Train Node Loss: 12.5697, Train Reg Loss: 2.1654, Train MAPE: 13.0619, Train R: 0.8698, Train RRSE: 0.5020, Test Loss: 732.5599, Test Node Loss: 7.6474, Test Reg Loss: 7.2491, Test MAPE: 14.2144, Test R: 0.8766, Test RRSE: 0.9399
2025-02-10 15:32:22,995:INFO:Epoch 80: Train Loss: 240.6955, Train Node Loss: 10.6885, Train Reg Loss: 2.3001, Train MAPE: 12.8952, Train R: 0.8667, Train RRSE: 0.5174, Test Loss: 202.6623, Test Node Loss: 13.8757, Test Reg Loss: 1.8879, Test MAPE: 13.0924, Test R: 0.8798, Test RRSE: 0.4797
2025-02-10 15:32:23,025:INFO:Checkpoint saved at best_0.001_0.001_256_SAGE_3_64_0.8798_epoch_80.pth
2025-02-10 15:32:47,115:INFO:Epoch 81: Train Loss: 210.0721, Train Node Loss: 13.1894, Train Reg Loss: 1.9688, Train MAPE: 13.2438, Train R: 0.8934, Train RRSE: 0.4787, Test Loss: 245.6910, Test Node Loss: 11.3991, Test Reg Loss: 2.3429, Test MAPE: 12.7405, Test R: 0.8807, Test RRSE: 0.5343
2025-02-10 15:32:47,147:INFO:Checkpoint saved at best_0.001_0.001_256_SAGE_3_64_0.8807_epoch_81.pth
2025-02-10 15:33:10,963:INFO:Epoch 82: Train Loss: 205.1607, Train Node Loss: 10.1515, Train Reg Loss: 1.9501, Train MAPE: 12.8854, Train R: 0.8901, Train RRSE: 0.4764, Test Loss: 581.1127, Test Node Loss: 7.6967, Test Reg Loss: 5.7342, Test MAPE: 13.9025, Test R: 0.8803, Test RRSE: 0.8359
2025-02-10 15:33:35,115:INFO:Epoch 83: Train Loss: 199.4625, Train Node Loss: 9.9995, Train Reg Loss: 1.8946, Train MAPE: 12.9155, Train R: 0.8924, Train RRSE: 0.4695, Test Loss: 261.7564, Test Node Loss: 10.9420, Test Reg Loss: 2.5081, Test MAPE: 12.9833, Test R: 0.8811, Test RRSE: 0.5529
2025-02-10 15:33:35,145:INFO:Checkpoint saved at best_0.001_0.001_256_SAGE_3_64_0.8811_epoch_83.pth
2025-02-10 15:33:59,633:INFO:Epoch 84: Train Loss: 195.6511, Train Node Loss: 12.1415, Train Reg Loss: 1.8351, Train MAPE: 13.4030, Train R: 0.8980, Train RRSE: 0.4621, Test Loss: 399.1509, Test Node Loss: 9.3768, Test Reg Loss: 3.8977, Test MAPE: 13.4191, Test R: 0.8816, Test RRSE: 0.6892
2025-02-10 15:33:59,655:INFO:Checkpoint saved at best_0.001_0.001_256_SAGE_3_64_0.8816_epoch_84.pth
2025-02-10 15:34:24,099:INFO:Epoch 85: Train Loss: 184.7674, Train Node Loss: 10.2031, Train Reg Loss: 1.7456, Train MAPE: 13.1696, Train R: 0.8981, Train RRSE: 0.4507, Test Loss: 803.2202, Test Node Loss: 6.3643, Test Reg Loss: 7.9686, Test MAPE: 14.7206, Test R: 0.8804, Test RRSE: 0.9854
2025-02-10 15:34:48,319:INFO:Epoch 86: Train Loss: 181.5464, Train Node Loss: 8.5467, Train Reg Loss: 1.7300, Train MAPE: 13.1527, Train R: 0.9016, Train RRSE: 0.4487, Test Loss: 291.4626, Test Node Loss: 8.7215, Test Reg Loss: 2.8274, Test MAPE: 13.2067, Test R: 0.8840, Test RRSE: 0.5870
2025-02-10 15:34:48,342:INFO:Checkpoint saved at best_0.001_0.001_256_SAGE_3_64_0.8840_epoch_86.pth
2025-02-10 15:35:12,608:INFO:Epoch 87: Train Loss: 186.1462, Train Node Loss: 10.1338, Train Reg Loss: 1.7601, Train MAPE: 13.4315, Train R: 0.9027, Train RRSE: 0.4526, Test Loss: 277.6863, Test Node Loss: 8.6925, Test Reg Loss: 2.6899, Test MAPE: 13.1664, Test R: 0.8852, Test RRSE: 0.5725
2025-02-10 15:35:12,631:INFO:Checkpoint saved at best_0.001_0.001_256_SAGE_3_64_0.8852_epoch_87.pth
2025-02-10 15:35:36,879:INFO:Epoch 88: Train Loss: 180.8134, Train Node Loss: 8.4172, Train Reg Loss: 1.7240, Train MAPE: 13.2109, Train R: 0.8987, Train RRSE: 0.4479, Test Loss: 882.4771, Test Node Loss: 4.9067, Test Reg Loss: 8.7757, Test MAPE: 15.0771, Test R: 0.8846, Test RRSE: 1.0341
2025-02-10 15:36:01,193:INFO:Epoch 89: Train Loss: 199.7158, Train Node Loss: 7.6292, Train Reg Loss: 1.9209, Train MAPE: 13.1413, Train R: 0.8862, Train RRSE: 0.4728, Test Loss: 339.3535, Test Node Loss: 7.2570, Test Reg Loss: 3.3210, Test MAPE: 13.3755, Test R: 0.8872, Test RRSE: 0.6362
2025-02-10 15:36:01,223:INFO:Checkpoint saved at best_0.001_0.001_256_SAGE_3_64_0.8872_epoch_89.pth
2025-02-10 15:36:25,413:INFO:Epoch 90: Train Loss: 171.9081, Train Node Loss: 8.0931, Train Reg Loss: 1.6382, Train MAPE: 13.3455, Train R: 0.9047, Train RRSE: 0.4366, Test Loss: 390.8341, Test Node Loss: 5.8839, Test Reg Loss: 3.8495, Test MAPE: 13.6369, Test R: 0.8873, Test RRSE: 0.6849
2025-02-10 15:36:25,438:INFO:Checkpoint saved at best_0.001_0.001_256_SAGE_3_64_0.8873_epoch_90.pth
2025-02-10 15:36:49,701:INFO:Epoch 91: Train Loss: 172.4912, Train Node Loss: 6.4540, Train Reg Loss: 1.6604, Train MAPE: 13.2340, Train R: 0.9035, Train RRSE: 0.4396, Test Loss: 292.2000, Test Node Loss: 5.6482, Test Reg Loss: 2.8655, Test MAPE: 13.1722, Test R: 0.8871, Test RRSE: 0.5909
2025-02-10 15:37:13,962:INFO:Epoch 92: Train Loss: 209.9964, Train Node Loss: 6.9343, Train Reg Loss: 2.0306, Train MAPE: 13.2490, Train R: 0.8793, Train RRSE: 0.4861, Test Loss: 274.9708, Test Node Loss: 6.5547, Test Reg Loss: 2.6842, Test MAPE: 13.4977, Test R: 0.8885, Test RRSE: 0.5719
2025-02-10 15:37:14,003:INFO:Checkpoint saved at best_0.001_0.001_256_SAGE_3_64_0.8885_epoch_92.pth
2025-02-10 15:37:38,604:INFO:Epoch 93: Train Loss: 176.5374, Train Node Loss: 6.5272, Train Reg Loss: 1.7001, Train MAPE: 13.2883, Train R: 0.8990, Train RRSE: 0.4448, Test Loss: 722.8295, Test Node Loss: 4.0332, Test Reg Loss: 7.1880, Test MAPE: 14.8786, Test R: 0.8884, Test RRSE: 0.9359
2025-02-10 15:38:03,100:INFO:Epoch 94: Train Loss: 174.9051, Train Node Loss: 5.5428, Train Reg Loss: 1.6936, Train MAPE: 13.2100, Train R: 0.9016, Train RRSE: 0.4439, Test Loss: 355.3337, Test Node Loss: 5.0357, Test Reg Loss: 3.5030, Test MAPE: 13.8330, Test R: 0.8898, Test RRSE: 0.6534
2025-02-10 15:38:03,151:INFO:Checkpoint saved at best_0.001_0.001_256_SAGE_3_64_0.8898_epoch_94.pth
2025-02-10 15:38:27,743:INFO:Epoch 95: Train Loss: 172.1314, Train Node Loss: 6.3070, Train Reg Loss: 1.6582, Train MAPE: 13.4844, Train R: 0.9037, Train RRSE: 0.4393, Test Loss: 204.4941, Test Node Loss: 5.8543, Test Reg Loss: 1.9864, Test MAPE: 13.4781, Test R: 0.8902, Test RRSE: 0.4920
2025-02-10 15:38:27,773:INFO:Checkpoint saved at best_0.001_0.001_256_SAGE_3_64_0.8902_epoch_95.pth
2025-02-10 15:38:52,359:INFO:Epoch 96: Train Loss: 170.4911, Train Node Loss: 5.5078, Train Reg Loss: 1.6498, Train MAPE: 13.2814, Train R: 0.9025, Train RRSE: 0.4382, Test Loss: 600.7848, Test Node Loss: 3.1925, Test Reg Loss: 5.9759, Test MAPE: 14.5596, Test R: 0.8894, Test RRSE: 0.8534
2025-02-10 15:39:16,680:INFO:Epoch 97: Train Loss: 164.1900, Train Node Loss: 4.8167, Train Reg Loss: 1.5937, Train MAPE: 13.3302, Train R: 0.9064, Train RRSE: 0.4307, Test Loss: 228.8481, Test Node Loss: 4.8223, Test Reg Loss: 2.2403, Test MAPE: 13.4274, Test R: 0.8894, Test RRSE: 0.5225
2025-02-10 15:39:40,996:INFO:Epoch 98: Train Loss: 163.7921, Train Node Loss: 5.1200, Train Reg Loss: 1.5867, Train MAPE: 13.3636, Train R: 0.9065, Train RRSE: 0.4297, Test Loss: 493.6890, Test Node Loss: 3.8781, Test Reg Loss: 4.8981, Test MAPE: 14.4272, Test R: 0.8917, Test RRSE: 0.7726
2025-02-10 15:39:41,017:INFO:Checkpoint saved at best_0.001_0.001_256_SAGE_3_64_0.8917_epoch_98.pth
2025-02-10 15:40:05,650:INFO:Epoch 99: Train Loss: 163.0178, Train Node Loss: 4.9530, Train Reg Loss: 1.5806, Train MAPE: 13.4899, Train R: 0.9055, Train RRSE: 0.4289, Test Loss: 579.4032, Test Node Loss: 3.4822, Test Reg Loss: 5.7592, Test MAPE: 14.6030, Test R: 0.8924, Test RRSE: 0.8378
2025-02-10 15:40:05,704:INFO:Checkpoint saved at best_0.001_0.001_256_SAGE_3_64_0.8924_epoch_99.pth
2025-02-10 15:40:29,877:INFO:Epoch 100: Train Loss: 161.4613, Train Node Loss: 4.5765, Train Reg Loss: 1.5688, Train MAPE: 13.3036, Train R: 0.9071, Train RRSE: 0.4273, Test Loss: 432.3881, Test Node Loss: 3.5570, Test Reg Loss: 4.2883, Test MAPE: 14.2381, Test R: 0.8926, Test RRSE: 0.7229
2025-02-10 15:40:29,916:INFO:Checkpoint saved at best_0.001_0.001_256_SAGE_3_64_0.8926_epoch_100.pth
2025-02-10 15:40:54,095:INFO:Epoch 101: Train Loss: 155.6284, Train Node Loss: 4.4689, Train Reg Loss: 1.5116, Train MAPE: 13.5655, Train R: 0.9095, Train RRSE: 0.4194, Test Loss: 353.9458, Test Node Loss: 3.3174, Test Reg Loss: 3.5063, Test MAPE: 13.9713, Test R: 0.8917, Test RRSE: 0.6537
2025-02-10 15:41:17,963:INFO:Epoch 102: Train Loss: 161.9190, Train Node Loss: 4.1681, Train Reg Loss: 1.5775, Train MAPE: 13.5700, Train R: 0.9057, Train RRSE: 0.4285, Test Loss: 434.3795, Test Node Loss: 2.9507, Test Reg Loss: 4.3143, Test MAPE: 14.3473, Test R: 0.8929, Test RRSE: 0.7251
2025-02-10 15:41:17,993:INFO:Checkpoint saved at best_0.001_0.001_256_SAGE_3_64_0.8929_epoch_102.pth
2025-02-10 15:41:42,188:INFO:Epoch 103: Train Loss: 155.4053, Train Node Loss: 3.5548, Train Reg Loss: 1.5185, Train MAPE: 13.3986, Train R: 0.9103, Train RRSE: 0.4204, Test Loss: 456.0615, Test Node Loss: 2.4392, Test Reg Loss: 4.5362, Test MAPE: 14.4604, Test R: 0.8923, Test RRSE: 0.7435
2025-02-10 15:42:06,517:INFO:Epoch 104: Train Loss: 158.7527, Train Node Loss: 3.6992, Train Reg Loss: 1.5505, Train MAPE: 13.6727, Train R: 0.9072, Train RRSE: 0.4248, Test Loss: 187.1755, Test Node Loss: 3.5780, Test Reg Loss: 1.8360, Test MAPE: 13.8652, Test R: 0.8922, Test RRSE: 0.4730
2025-02-10 15:42:30,657:INFO:Epoch 105: Train Loss: 145.3418, Train Node Loss: 3.5661, Train Reg Loss: 1.4178, Train MAPE: 13.6470, Train R: 0.9153, Train RRSE: 0.4062, Test Loss: 717.5202, Test Node Loss: 1.9866, Test Reg Loss: 7.1553, Test MAPE: 15.3811, Test R: 0.8933, Test RRSE: 0.9338
2025-02-10 15:42:30,678:INFO:Checkpoint saved at best_0.001_0.001_256_SAGE_3_64_0.8933_epoch_105.pth
2025-02-10 15:42:54,892:INFO:Epoch 106: Train Loss: 160.5427, Train Node Loss: 2.7487, Train Reg Loss: 1.5779, Train MAPE: 13.3936, Train R: 0.9106, Train RRSE: 0.4285, Test Loss: 274.3481, Test Node Loss: 2.5511, Test Reg Loss: 2.7180, Test MAPE: 13.8375, Test R: 0.8926, Test RRSE: 0.5755
2025-02-10 15:43:19,432:INFO:Epoch 107: Train Loss: 162.1421, Train Node Loss: 3.2183, Train Reg Loss: 1.5892, Train MAPE: 13.5533, Train R: 0.9056, Train RRSE: 0.4300, Test Loss: 182.7904, Test Node Loss: 3.2562, Test Reg Loss: 1.7953, Test MAPE: 13.9503, Test R: 0.8938, Test RRSE: 0.4677
2025-02-10 15:43:19,469:INFO:Checkpoint saved at best_0.001_0.001_256_SAGE_3_64_0.8938_epoch_107.pth
2025-02-10 15:43:43,658:INFO:Epoch 108: Train Loss: 164.3175, Train Node Loss: 3.0400, Train Reg Loss: 1.6128, Train MAPE: 13.5803, Train R: 0.9032, Train RRSE: 0.4332, Test Loss: 954.7462, Test Node Loss: 1.6349, Test Reg Loss: 9.5311, Test MAPE: 15.8814, Test R: 0.8965, Test RRSE: 1.0777
2025-02-10 15:43:43,699:INFO:Checkpoint saved at best_0.001_0.001_256_SAGE_3_64_0.8965_epoch_108.pth
2025-02-10 15:44:08,271:INFO:Epoch 109: Train Loss: 164.0862, Train Node Loss: 2.6220, Train Reg Loss: 1.6146, Train MAPE: 13.4308, Train R: 0.9029, Train RRSE: 0.4335, Test Loss: 679.7268, Test Node Loss: 1.8448, Test Reg Loss: 6.7788, Test MAPE: 15.2273, Test R: 0.8979, Test RRSE: 0.9089
2025-02-10 15:44:08,299:INFO:Checkpoint saved at best_0.001_0.001_256_SAGE_3_64_0.8979_epoch_109.pth
2025-02-10 15:44:32,832:INFO:Epoch 110: Train Loss: 167.7995, Train Node Loss: 2.6249, Train Reg Loss: 1.6517, Train MAPE: 13.4926, Train R: 0.9001, Train RRSE: 0.4384, Test Loss: 200.6717, Test Node Loss: 2.5907, Test Reg Loss: 1.9808, Test MAPE: 13.9925, Test R: 0.8960, Test RRSE: 0.4913
2025-02-10 15:44:57,058:INFO:Epoch 111: Train Loss: 153.1272, Train Node Loss: 2.7224, Train Reg Loss: 1.5040, Train MAPE: 13.7174, Train R: 0.9120, Train RRSE: 0.4184, Test Loss: 506.1111, Test Node Loss: 1.7176, Test Reg Loss: 5.0439, Test MAPE: 14.8419, Test R: 0.8966, Test RRSE: 0.7840
2025-02-10 15:45:21,256:INFO:Epoch 112: Train Loss: 167.7624, Train Node Loss: 1.9944, Train Reg Loss: 1.6577, Train MAPE: 13.4156, Train R: 0.9023, Train RRSE: 0.4392, Test Loss: 564.5016, Test Node Loss: 1.4298, Test Reg Loss: 5.6307, Test MAPE: 15.0644, Test R: 0.8965, Test RRSE: 0.8284
2025-02-10 15:45:45,824:INFO:Epoch 113: Train Loss: 153.9964, Train Node Loss: 2.2376, Train Reg Loss: 1.5176, Train MAPE: 13.7652, Train R: 0.9089, Train RRSE: 0.4202, Test Loss: 358.1424, Test Node Loss: 1.8226, Test Reg Loss: 3.5632, Test MAPE: 14.4238, Test R: 0.8958, Test RRSE: 0.6590
2025-02-10 15:46:10,038:INFO:Epoch 114: Train Loss: 155.8560, Train Node Loss: 2.0341, Train Reg Loss: 1.5382, Train MAPE: 13.7343, Train R: 0.9066, Train RRSE: 0.4231, Test Loss: 1150.0759, Test Node Loss: 0.9468, Test Reg Loss: 11.4913, Test MAPE: 16.9751, Test R: 0.8982, Test RRSE: 1.1834
2025-02-10 15:46:10,060:INFO:Checkpoint saved at best_0.001_0.001_256_SAGE_3_64_0.8982_epoch_114.pth
2025-02-10 15:46:34,615:INFO:Epoch 115: Train Loss: 141.7383, Train Node Loss: 1.8454, Train Reg Loss: 1.3989, Train MAPE: 13.5383, Train R: 0.9166, Train RRSE: 0.4035, Test Loss: 486.0840, Test Node Loss: 1.3727, Test Reg Loss: 4.8471, Test MAPE: 14.8909, Test R: 0.8971, Test RRSE: 0.7686
2025-02-10 15:46:59,245:INFO:Epoch 116: Train Loss: 126.0796, Train Node Loss: 1.9550, Train Reg Loss: 1.2412, Train MAPE: 13.8023, Train R: 0.9268, Train RRSE: 0.3801, Test Loss: 494.2214, Test Node Loss: 1.2799, Test Reg Loss: 4.9294, Test MAPE: 14.8654, Test R: 0.8980, Test RRSE: 0.7751
2025-02-10 15:47:23,430:INFO:Epoch 117: Train Loss: 147.2109, Train Node Loss: 1.6715, Train Reg Loss: 1.4554, Train MAPE: 13.6596, Train R: 0.9123, Train RRSE: 0.4115, Test Loss: 563.2787, Test Node Loss: 1.0447, Test Reg Loss: 5.6223, Test MAPE: 14.9198, Test R: 0.8982, Test RRSE: 0.8277
2025-02-10 15:47:48,002:INFO:Epoch 118: Train Loss: 146.6849, Train Node Loss: 1.5457, Train Reg Loss: 1.4514, Train MAPE: 13.6707, Train R: 0.9128, Train RRSE: 0.4110, Test Loss: 231.0284, Test Node Loss: 1.4073, Test Reg Loss: 2.2962, Test MAPE: 14.4213, Test R: 0.8958, Test RRSE: 0.5290
2025-02-10 15:48:12,491:INFO:Epoch 119: Train Loss: 156.3308, Train Node Loss: 1.7624, Train Reg Loss: 1.5457, Train MAPE: 13.8801, Train R: 0.9086, Train RRSE: 0.4241, Test Loss: 324.9309, Test Node Loss: 1.3348, Test Reg Loss: 3.2360, Test MAPE: 14.5985, Test R: 0.8966, Test RRSE: 0.6280
2025-02-10 15:48:36,667:INFO:Epoch 120: Train Loss: 143.7621, Train Node Loss: 1.4538, Train Reg Loss: 1.4231, Train MAPE: 13.5790, Train R: 0.9145, Train RRSE: 0.4069, Test Loss: 781.7279, Test Node Loss: 0.7006, Test Reg Loss: 7.8103, Test MAPE: 15.8211, Test R: 0.8982, Test RRSE: 0.9756
2025-02-10 15:49:00,794:INFO:Epoch 121: Train Loss: 136.1894, Train Node Loss: 1.1508, Train Reg Loss: 1.3504, Train MAPE: 13.5819, Train R: 0.9217, Train RRSE: 0.3964, Test Loss: 281.9014, Test Node Loss: 0.9646, Test Reg Loss: 2.8094, Test MAPE: 14.4622, Test R: 0.8955, Test RRSE: 0.5851
2025-02-10 15:49:25,038:INFO:Epoch 122: Train Loss: 133.9735, Train Node Loss: 1.2225, Train Reg Loss: 1.3275, Train MAPE: 13.6887, Train R: 0.9216, Train RRSE: 0.3930, Test Loss: 337.3658, Test Node Loss: 0.8699, Test Reg Loss: 3.3650, Test MAPE: 14.3926, Test R: 0.8953, Test RRSE: 0.6404
2025-02-10 15:49:49,320:INFO:Epoch 123: Train Loss: 145.3335, Train Node Loss: 1.1930, Train Reg Loss: 1.4414, Train MAPE: 13.7333, Train R: 0.9129, Train RRSE: 0.4096, Test Loss: 1199.1177, Test Node Loss: 0.5118, Test Reg Loss: 11.9861, Test MAPE: 17.1773, Test R: 0.8993, Test RRSE: 1.2086
2025-02-10 15:49:49,354:INFO:Checkpoint saved at best_0.001_0.001_256_SAGE_3_64_0.8993_epoch_123.pth
2025-02-10 15:50:13,549:INFO:Epoch 124: Train Loss: 155.8617, Train Node Loss: 0.9886, Train Reg Loss: 1.5487, Train MAPE: 13.4761, Train R: 0.9099, Train RRSE: 0.4245, Test Loss: 717.8554, Test Node Loss: 0.6045, Test Reg Loss: 7.1725, Test MAPE: 15.7740, Test R: 0.8992, Test RRSE: 0.9349
2025-02-10 15:50:38,226:INFO:Epoch 125: Train Loss: 168.9681, Train Node Loss: 1.1986, Train Reg Loss: 1.6777, Train MAPE: 14.0230, Train R: 0.8990, Train RRSE: 0.4418, Test Loss: 202.6011, Test Node Loss: 1.1215, Test Reg Loss: 2.0148, Test MAPE: 14.6327, Test R: 0.8971, Test RRSE: 0.4955
2025-02-10 15:51:02,509:INFO:Epoch 126: Train Loss: 135.8897, Train Node Loss: 1.1113, Train Reg Loss: 1.3478, Train MAPE: 13.8107, Train R: 0.9206, Train RRSE: 0.3960, Test Loss: 1057.8144, Test Node Loss: 0.4088, Test Reg Loss: 10.5741, Test MAPE: 16.6710, Test R: 0.8992, Test RRSE: 1.1352
2025-02-10 15:51:26,749:INFO:Epoch 127: Train Loss: 145.7680, Train Node Loss: 0.7537, Train Reg Loss: 1.4501, Train MAPE: 13.4300, Train R: 0.9162, Train RRSE: 0.4108, Test Loss: 743.5507, Test Node Loss: 0.4071, Test Reg Loss: 7.4314, Test MAPE: 15.8117, Test R: 0.8994, Test RRSE: 0.9516
2025-02-10 15:51:26,786:INFO:Checkpoint saved at best_0.001_0.001_256_SAGE_3_64_0.8994_epoch_127.pth
2025-02-10 15:51:51,060:INFO:Epoch 128: Train Loss: 133.0283, Train Node Loss: 0.6638, Train Reg Loss: 1.3236, Train MAPE: 13.5293, Train R: 0.9222, Train RRSE: 0.3925, Test Loss: 208.7438, Test Node Loss: 0.5349, Test Reg Loss: 2.0821, Test MAPE: 13.9055, Test R: 0.8950, Test RRSE: 0.5037
2025-02-10 15:52:15,272:INFO:Epoch 129: Train Loss: 156.8121, Train Node Loss: 0.6630, Train Reg Loss: 1.5615, Train MAPE: 13.6045, Train R: 0.9057, Train RRSE: 0.4263, Test Loss: 393.3495, Test Node Loss: 0.4515, Test Reg Loss: 3.9290, Test MAPE: 14.9051, Test R: 0.8971, Test RRSE: 0.6920
2025-02-10 15:52:39,486:INFO:Epoch 130: Train Loss: 138.4309, Train Node Loss: 0.7066, Train Reg Loss: 1.3772, Train MAPE: 13.9119, Train R: 0.9165, Train RRSE: 0.4003, Test Loss: 875.8266, Test Node Loss: 0.3790, Test Reg Loss: 8.7545, Test MAPE: 16.2143, Test R: 0.8991, Test RRSE: 1.0329
2025-02-10 15:53:03,696:INFO:Epoch 131: Train Loss: 125.2212, Train Node Loss: 0.7336, Train Reg Loss: 1.2449, Train MAPE: 13.8136, Train R: 0.9252, Train RRSE: 0.3806, Test Loss: 528.6784, Test Node Loss: 0.4138, Test Reg Loss: 5.2826, Test MAPE: 15.2880, Test R: 0.8991, Test RRSE: 0.8024
2025-02-10 15:53:27,978:INFO:Epoch 132: Train Loss: 134.1990, Train Node Loss: 0.6788, Train Reg Loss: 1.3352, Train MAPE: 13.8028, Train R: 0.9201, Train RRSE: 0.3942, Test Loss: 366.4494, Test Node Loss: 0.3826, Test Reg Loss: 3.6607, Test MAPE: 14.5994, Test R: 0.8958, Test RRSE: 0.6679
2025-02-10 15:53:52,337:INFO:Epoch 133: Train Loss: 132.6847, Train Node Loss: 0.5876, Train Reg Loss: 1.3210, Train MAPE: 13.8194, Train R: 0.9202, Train RRSE: 0.3921, Test Loss: 720.4792, Test Node Loss: 0.2754, Test Reg Loss: 7.2020, Test MAPE: 15.5488, Test R: 0.8983, Test RRSE: 0.9368
2025-02-10 15:54:16,565:INFO:Epoch 134: Train Loss: 139.3801, Train Node Loss: 0.5153, Train Reg Loss: 1.3886, Train MAPE: 13.5384, Train R: 0.9197, Train RRSE: 0.4020, Test Loss: 655.0820, Test Node Loss: 0.2975, Test Reg Loss: 6.5478, Test MAPE: 15.4721, Test R: 0.8992, Test RRSE: 0.8933
2025-02-10 15:54:40,702:INFO:Epoch 135: Train Loss: 162.9129, Train Node Loss: 0.6307, Train Reg Loss: 1.6228, Train MAPE: 13.8721, Train R: 0.9022, Train RRSE: 0.4346, Test Loss: 349.0563, Test Node Loss: 0.4411, Test Reg Loss: 3.4862, Test MAPE: 14.8006, Test R: 0.8982, Test RRSE: 0.6518
2025-02-10 15:55:04,862:INFO:Epoch 136: Train Loss: 142.8118, Train Node Loss: 0.5909, Train Reg Loss: 1.4222, Train MAPE: 13.6297, Train R: 0.9142, Train RRSE: 0.4068, Test Loss: 834.5872, Test Node Loss: 0.2761, Test Reg Loss: 8.3431, Test MAPE: 15.8064, Test R: 0.8999, Test RRSE: 1.0083
2025-02-10 15:55:04,893:INFO:Checkpoint saved at best_0.001_0.001_256_SAGE_3_64_0.8999_epoch_136.pth
2025-02-10 15:55:29,190:INFO:Epoch 137: Train Loss: 141.2703, Train Node Loss: 0.5378, Train Reg Loss: 1.4073, Train MAPE: 13.7291, Train R: 0.9151, Train RRSE: 0.4047, Test Loss: 282.8118, Test Node Loss: 0.3844, Test Reg Loss: 2.8243, Test MAPE: 14.6834, Test R: 0.8988, Test RRSE: 0.5867
2025-02-10 15:55:53,503:INFO:Epoch 138: Train Loss: 132.5480, Train Node Loss: 0.4915, Train Reg Loss: 1.3206, Train MAPE: 13.8481, Train R: 0.9202, Train RRSE: 0.3920, Test Loss: 593.4040, Test Node Loss: 0.2538, Test Reg Loss: 5.9315, Test MAPE: 15.2958, Test R: 0.9014, Test RRSE: 0.8502
2025-02-10 15:55:53,535:INFO:Checkpoint saved at best_0.001_0.001_256_SAGE_3_64_0.9014_epoch_138.pth
2025-02-10 15:56:17,600:INFO:Epoch 139: Train Loss: 140.6060, Train Node Loss: 0.4634, Train Reg Loss: 1.4014, Train MAPE: 13.7418, Train R: 0.9151, Train RRSE: 0.4038, Test Loss: 445.1593, Test Node Loss: 0.2911, Test Reg Loss: 4.4487, Test MAPE: 15.0836, Test R: 0.9006, Test RRSE: 0.7363
2025-02-10 15:56:41,799:INFO:Epoch 140: Train Loss: 125.4488, Train Node Loss: 0.4483, Train Reg Loss: 1.2500, Train MAPE: 13.7566, Train R: 0.9249, Train RRSE: 0.3814, Test Loss: 577.0712, Test Node Loss: 0.2542, Test Reg Loss: 5.7682, Test MAPE: 15.4309, Test R: 0.9017, Test RRSE: 0.8384
2025-02-10 15:56:41,829:INFO:Checkpoint saved at best_0.001_0.001_256_SAGE_3_64_0.9017_epoch_140.pth
2025-02-10 15:57:06,312:INFO:Epoch 141: Train Loss: 125.4600, Train Node Loss: 0.4167, Train Reg Loss: 1.2504, Train MAPE: 13.6500, Train R: 0.9259, Train RRSE: 0.3815, Test Loss: 423.2552, Test Node Loss: 0.2665, Test Reg Loss: 4.2299, Test MAPE: 15.0198, Test R: 0.8997, Test RRSE: 0.7180
2025-02-10 15:57:30,339:INFO:Epoch 142: Train Loss: 129.4109, Train Node Loss: 0.4355, Train Reg Loss: 1.2898, Train MAPE: 13.9464, Train R: 0.9222, Train RRSE: 0.3874, Test Loss: 380.4679, Test Node Loss: 0.2686, Test Reg Loss: 3.8020, Test MAPE: 14.9414, Test R: 0.8985, Test RRSE: 0.6807
2025-02-10 15:57:54,304:INFO:Epoch 143: Train Loss: 157.1281, Train Node Loss: 0.4672, Train Reg Loss: 1.5666, Train MAPE: 13.9484, Train R: 0.9062, Train RRSE: 0.4270, Test Loss: 685.3851, Test Node Loss: 0.2166, Test Reg Loss: 6.8517, Test MAPE: 15.3823, Test R: 0.9007, Test RRSE: 0.9138
2025-02-10 15:58:18,405:INFO:Epoch 144: Train Loss: 121.2311, Train Node Loss: 0.4161, Train Reg Loss: 1.2081, Train MAPE: 13.7026, Train R: 0.9282, Train RRSE: 0.3750, Test Loss: 1258.6894, Test Node Loss: 0.1513, Test Reg Loss: 12.5854, Test MAPE: 17.0608, Test R: 0.8988, Test RRSE: 1.2384
2025-02-10 15:58:42,606:INFO:Epoch 145: Train Loss: 161.4067, Train Node Loss: 0.3613, Train Reg Loss: 1.6105, Train MAPE: 13.4391, Train R: 0.9063, Train RRSE: 0.4329, Test Loss: 930.1582, Test Node Loss: 0.1663, Test Reg Loss: 9.2999, Test MAPE: 16.0304, Test R: 0.9012, Test RRSE: 1.0646
2025-02-10 15:59:06,847:INFO:Epoch 146: Train Loss: 136.2815, Train Node Loss: 0.4148, Train Reg Loss: 1.3587, Train MAPE: 13.7958, Train R: 0.9193, Train RRSE: 0.3976, Test Loss: 232.1214, Test Node Loss: 0.2787, Test Reg Loss: 2.3184, Test MAPE: 14.5784, Test R: 0.8987, Test RRSE: 0.5315
2025-02-10 15:59:31,058:INFO:Epoch 147: Train Loss: 145.6433, Train Node Loss: 0.3739, Train Reg Loss: 1.4527, Train MAPE: 13.8057, Train R: 0.9136, Train RRSE: 0.4112, Test Loss: 618.2331, Test Node Loss: 0.1379, Test Reg Loss: 6.1810, Test MAPE: 15.2787, Test R: 0.9019, Test RRSE: 0.8679
2025-02-10 15:59:31,100:INFO:Checkpoint saved at best_0.001_0.001_256_SAGE_3_64_0.9019_epoch_147.pth
2025-02-10 15:59:55,279:INFO:Epoch 148: Train Loss: 136.3190, Train Node Loss: 0.2671, Train Reg Loss: 1.3605, Train MAPE: 13.5456, Train R: 0.9213, Train RRSE: 0.3979, Test Loss: 515.4417, Test Node Loss: 0.1370, Test Reg Loss: 5.1530, Test MAPE: 15.2981, Test R: 0.9016, Test RRSE: 0.7925
2025-02-10 16:00:19,481:INFO:Epoch 149: Train Loss: 130.0860, Train Node Loss: 0.2843, Train Reg Loss: 1.2980, Train MAPE: 13.9373, Train R: 0.9217, Train RRSE: 0.3886, Test Loss: 294.4835, Test Node Loss: 0.1890, Test Reg Loss: 2.9429, Test MAPE: 14.9753, Test R: 0.8997, Test RRSE: 0.5989
2025-02-10 16:00:43,673:INFO:Epoch 150: Train Loss: 136.3868, Train Node Loss: 0.3038, Train Reg Loss: 1.3608, Train MAPE: 14.1377, Train R: 0.9198, Train RRSE: 0.3979, Test Loss: 549.6465, Test Node Loss: 0.1475, Test Reg Loss: 5.4950, Test MAPE: 15.4733, Test R: 0.8996, Test RRSE: 0.8183
2025-02-10 16:01:07,934:INFO:Epoch 151: Train Loss: 130.2048, Train Node Loss: 0.2557, Train Reg Loss: 1.2995, Train MAPE: 13.8284, Train R: 0.9226, Train RRSE: 0.3889, Test Loss: 493.5442, Test Node Loss: 0.1454, Test Reg Loss: 4.9340, Test MAPE: 15.0040, Test R: 0.8998, Test RRSE: 0.7754
2025-02-10 16:01:32,135:INFO:Epoch 152: Train Loss: 137.1669, Train Node Loss: 0.2400, Train Reg Loss: 1.3693, Train MAPE: 13.6029, Train R: 0.9184, Train RRSE: 0.3992, Test Loss: 211.0566, Test Node Loss: 0.1796, Test Reg Loss: 2.1088, Test MAPE: 14.1883, Test R: 0.8988, Test RRSE: 0.5069
2025-02-10 16:01:56,383:INFO:Epoch 153: Train Loss: 133.0593, Train Node Loss: 0.2421, Train Reg Loss: 1.3282, Train MAPE: 13.5911, Train R: 0.9220, Train RRSE: 0.3931, Test Loss: 245.6108, Test Node Loss: 0.1733, Test Reg Loss: 2.4544, Test MAPE: 14.4649, Test R: 0.8990, Test RRSE: 0.5469
2025-02-10 16:02:20,699:INFO:Epoch 154: Train Loss: 127.0326, Train Node Loss: 0.2526, Train Reg Loss: 1.2678, Train MAPE: 13.8116, Train R: 0.9239, Train RRSE: 0.3841, Test Loss: 697.9909, Test Node Loss: 0.1331, Test Reg Loss: 6.9786, Test MAPE: 15.6996, Test R: 0.9021, Test RRSE: 0.9222
2025-02-10 16:02:20,727:INFO:Checkpoint saved at best_0.001_0.001_256_SAGE_3_64_0.9021_epoch_154.pth
2025-02-10 16:02:44,976:INFO:Epoch 155: Train Loss: 142.2945, Train Node Loss: 0.2574, Train Reg Loss: 1.4204, Train MAPE: 13.8044, Train R: 0.9147, Train RRSE: 0.4066, Test Loss: 886.0417, Test Node Loss: 0.1196, Test Reg Loss: 8.8592, Test MAPE: 16.0036, Test R: 0.9001, Test RRSE: 1.0391
2025-02-10 16:03:09,244:INFO:Epoch 156: Train Loss: 126.8548, Train Node Loss: 0.2756, Train Reg Loss: 1.2658, Train MAPE: 13.8791, Train R: 0.9235, Train RRSE: 0.3838, Test Loss: 374.7054, Test Node Loss: 0.1555, Test Reg Loss: 3.7455, Test MAPE: 14.9576, Test R: 0.9005, Test RRSE: 0.6756
2025-02-10 16:03:33,815:INFO:Epoch 157: Train Loss: 133.6348, Train Node Loss: 0.2644, Train Reg Loss: 1.3337, Train MAPE: 13.9726, Train R: 0.9198, Train RRSE: 0.3940, Test Loss: 526.4762, Test Node Loss: 0.1192, Test Reg Loss: 5.2636, Test MAPE: 14.7836, Test R: 0.9018, Test RRSE: 0.8009
2025-02-10 16:03:58,203:INFO:Epoch 158: Train Loss: 123.9698, Train Node Loss: 0.2446, Train Reg Loss: 1.2373, Train MAPE: 13.7230, Train R: 0.9261, Train RRSE: 0.3794, Test Loss: 651.9414, Test Node Loss: 0.1083, Test Reg Loss: 6.5183, Test MAPE: 15.2502, Test R: 0.9023, Test RRSE: 0.8913
2025-02-10 16:03:58,232:INFO:Checkpoint saved at best_0.001_0.001_256_SAGE_3_64_0.9023_epoch_158.pth
2025-02-10 16:04:22,588:INFO:Epoch 159: Train Loss: 137.8737, Train Node Loss: 0.2429, Train Reg Loss: 1.3763, Train MAPE: 13.8724, Train R: 0.9165, Train RRSE: 0.4002, Test Loss: 683.7318, Test Node Loss: 0.1122, Test Reg Loss: 6.8362, Test MAPE: 15.6019, Test R: 0.9027, Test RRSE: 0.9127
2025-02-10 16:04:22,641:INFO:Checkpoint saved at best_0.001_0.001_256_SAGE_3_64_0.9027_epoch_159.pth
2025-02-10 16:04:46,840:INFO:Epoch 160: Train Loss: 136.5536, Train Node Loss: 0.2407, Train Reg Loss: 1.3631, Train MAPE: 13.9169, Train R: 0.9173, Train RRSE: 0.3983, Test Loss: 507.0867, Test Node Loss: 0.1212, Test Reg Loss: 5.0697, Test MAPE: 15.3244, Test R: 0.9024, Test RRSE: 0.7860
2025-02-10 16:05:10,936:INFO:Epoch 161: Train Loss: 134.3766, Train Node Loss: 0.2253, Train Reg Loss: 1.3415, Train MAPE: 13.7402, Train R: 0.9187, Train RRSE: 0.3951, Test Loss: 299.9294, Test Node Loss: 0.1428, Test Reg Loss: 2.9979, Test MAPE: 14.9261, Test R: 0.9010, Test RRSE: 0.6044
2025-02-10 16:05:35,128:INFO:Epoch 162: Train Loss: 143.3742, Train Node Loss: 0.2234, Train Reg Loss: 1.4315, Train MAPE: 13.9095, Train R: 0.9131, Train RRSE: 0.4081, Test Loss: 301.7788, Test Node Loss: 0.1385, Test Reg Loss: 3.0164, Test MAPE: 14.8023, Test R: 0.9011, Test RRSE: 0.6063
2025-02-10 16:05:59,304:INFO:Epoch 163: Train Loss: 147.3065, Train Node Loss: 0.2402, Train Reg Loss: 1.4707, Train MAPE: 14.0405, Train R: 0.9116, Train RRSE: 0.4137, Test Loss: 502.5044, Test Node Loss: 0.1304, Test Reg Loss: 5.0237, Test MAPE: 14.6191, Test R: 0.9023, Test RRSE: 0.7824
2025-02-10 16:06:23,501:INFO:Epoch 164: Train Loss: 130.7385, Train Node Loss: 0.2335, Train Reg Loss: 1.3050, Train MAPE: 13.6018, Train R: 0.9223, Train RRSE: 0.3897, Test Loss: 1069.1237, Test Node Loss: 0.0848, Test Reg Loss: 10.6904, Test MAPE: 16.1825, Test R: 0.9001, Test RRSE: 1.1414
2025-02-10 16:06:47,794:INFO:Epoch 165: Train Loss: 124.5300, Train Node Loss: 0.2078, Train Reg Loss: 1.2432, Train MAPE: 13.5249, Train R: 0.9293, Train RRSE: 0.3804, Test Loss: 663.8989, Test Node Loss: 0.0974, Test Reg Loss: 6.6380, Test MAPE: 15.3835, Test R: 0.9028, Test RRSE: 0.8994
2025-02-10 16:06:47,829:INFO:Checkpoint saved at best_0.001_0.001_256_SAGE_3_64_0.9028_epoch_165.pth
2025-02-10 16:07:12,045:INFO:Epoch 166: Train Loss: 117.9383, Train Node Loss: 0.2161, Train Reg Loss: 1.1772, Train MAPE: 13.8415, Train R: 0.9303, Train RRSE: 0.3701, Test Loss: 496.9193, Test Node Loss: 0.1003, Test Reg Loss: 4.9682, Test MAPE: 15.0948, Test R: 0.9020, Test RRSE: 0.7781
2025-02-10 16:07:36,361:INFO:Epoch 167: Train Loss: 129.6453, Train Node Loss: 0.2084, Train Reg Loss: 1.2944, Train MAPE: 13.9791, Train R: 0.9232, Train RRSE: 0.3881, Test Loss: 903.3005, Test Node Loss: 0.0687, Test Reg Loss: 9.0323, Test MAPE: 15.9868, Test R: 0.9013, Test RRSE: 1.0492
2025-02-10 16:08:00,748:INFO:Epoch 168: Train Loss: 127.9245, Train Node Loss: 0.1939, Train Reg Loss: 1.2773, Train MAPE: 13.7789, Train R: 0.9231, Train RRSE: 0.3855, Test Loss: 1185.8524, Test Node Loss: 0.0588, Test Reg Loss: 11.8579, Test MAPE: 16.5584, Test R: 0.8991, Test RRSE: 1.2021
2025-02-10 16:08:25,021:INFO:Epoch 169: Train Loss: 136.6506, Train Node Loss: 0.1875, Train Reg Loss: 1.3646, Train MAPE: 13.7433, Train R: 0.9179, Train RRSE: 0.3985, Test Loss: 895.1693, Test Node Loss: 0.0666, Test Reg Loss: 8.9510, Test MAPE: 15.9855, Test R: 0.9023, Test RRSE: 1.0444
2025-02-10 16:08:49,340:INFO:Epoch 170: Train Loss: 133.2204, Train Node Loss: 0.1886, Train Reg Loss: 1.3303, Train MAPE: 13.9619, Train R: 0.9199, Train RRSE: 0.3935, Test Loss: 800.3573, Test Node Loss: 0.0690, Test Reg Loss: 8.0029, Test MAPE: 15.9602, Test R: 0.9026, Test RRSE: 0.9876
2025-02-10 16:09:13,632:INFO:Epoch 171: Train Loss: 127.0951, Train Node Loss: 0.1758, Train Reg Loss: 1.2692, Train MAPE: 13.9178, Train R: 0.9233, Train RRSE: 0.3843, Test Loss: 975.5833, Test Node Loss: 0.0653, Test Reg Loss: 9.7552, Test MAPE: 16.3103, Test R: 0.9026, Test RRSE: 1.0903
2025-02-10 16:09:37,800:INFO:Epoch 172: Train Loss: 147.8265, Train Node Loss: 0.1640, Train Reg Loss: 1.4766, Train MAPE: 13.6854, Train R: 0.9134, Train RRSE: 0.4145, Test Loss: 826.3710, Test Node Loss: 0.0762, Test Reg Loss: 8.2629, Test MAPE: 15.6871, Test R: 0.9024, Test RRSE: 1.0035
2025-02-10 16:10:02,056:INFO:Epoch 173: Train Loss: 135.3312, Train Node Loss: 0.1980, Train Reg Loss: 1.3513, Train MAPE: 13.8279, Train R: 0.9183, Train RRSE: 0.3966, Test Loss: 210.9781, Test Node Loss: 0.1451, Test Reg Loss: 2.1083, Test MAPE: 14.6411, Test R: 0.9035, Test RRSE: 0.5069
2025-02-10 16:10:02,082:INFO:Checkpoint saved at best_0.001_0.001_256_SAGE_3_64_0.9035_epoch_173.pth
2025-02-10 16:10:26,309:INFO:Epoch 174: Train Loss: 153.1459, Train Node Loss: 0.2005, Train Reg Loss: 1.5295, Train MAPE: 13.8769, Train R: 0.9078, Train RRSE: 0.4219, Test Loss: 463.1280, Test Node Loss: 0.0905, Test Reg Loss: 4.6304, Test MAPE: 14.7264, Test R: 0.9028, Test RRSE: 0.7512
2025-02-10 16:10:50,674:INFO:Epoch 175: Train Loss: 119.3174, Train Node Loss: 0.1686, Train Reg Loss: 1.1915, Train MAPE: 13.7908, Train R: 0.9285, Train RRSE: 0.3724, Test Loss: 247.2449, Test Node Loss: 0.1041, Test Reg Loss: 2.4714, Test MAPE: 14.6792, Test R: 0.9017, Test RRSE: 0.5488
2025-02-10 16:11:14,980:INFO:Epoch 176: Train Loss: 145.0757, Train Node Loss: 0.1565, Train Reg Loss: 1.4492, Train MAPE: 13.9553, Train R: 0.9118, Train RRSE: 0.4107, Test Loss: 381.9012, Test Node Loss: 0.0838, Test Reg Loss: 3.8182, Test MAPE: 14.8156, Test R: 0.9034, Test RRSE: 0.6821
2025-02-10 16:11:39,259:INFO:Epoch 177: Train Loss: 119.2011, Train Node Loss: 0.1537, Train Reg Loss: 1.1905, Train MAPE: 13.8132, Train R: 0.9286, Train RRSE: 0.3722, Test Loss: 598.2005, Test Node Loss: 0.0749, Test Reg Loss: 5.9813, Test MAPE: 15.1068, Test R: 0.9049, Test RRSE: 0.8538
2025-02-10 16:11:39,283:INFO:Checkpoint saved at best_0.001_0.001_256_SAGE_3_64_0.9049_epoch_177.pth
2025-02-10 16:12:03,517:INFO:Epoch 178: Train Loss: 113.0588, Train Node Loss: 0.1629, Train Reg Loss: 1.1290, Train MAPE: 13.8286, Train R: 0.9326, Train RRSE: 0.3625, Test Loss: 797.7866, Test Node Loss: 0.0630, Test Reg Loss: 7.9772, Test MAPE: 15.5238, Test R: 0.9047, Test RRSE: 0.9860
2025-02-10 16:12:27,744:INFO:Epoch 179: Train Loss: 119.5467, Train Node Loss: 0.1555, Train Reg Loss: 1.1939, Train MAPE: 13.7363, Train R: 0.9283, Train RRSE: 0.3727, Test Loss: 546.3153, Test Node Loss: 0.0690, Test Reg Loss: 5.4625, Test MAPE: 15.3046, Test R: 0.9037, Test RRSE: 0.8159
2025-02-10 16:12:52,028:INFO:Epoch 180: Train Loss: 131.2274, Train Node Loss: 0.1473, Train Reg Loss: 1.3108, Train MAPE: 13.8293, Train R: 0.9207, Train RRSE: 0.3906, Test Loss: 485.8738, Test Node Loss: 0.0670, Test Reg Loss: 4.8581, Test MAPE: 15.1874, Test R: 0.9034, Test RRSE: 0.7694
2025-02-10 16:13:16,293:INFO:Epoch 181: Train Loss: 134.0164, Train Node Loss: 0.1554, Train Reg Loss: 1.3386, Train MAPE: 14.0402, Train R: 0.9194, Train RRSE: 0.3947, Test Loss: 867.7285, Test Node Loss: 0.0577, Test Reg Loss: 8.6767, Test MAPE: 15.7272, Test R: 0.9032, Test RRSE: 1.0283
2025-02-10 16:13:40,642:INFO:Epoch 182: Train Loss: 117.6959, Train Node Loss: 0.1526, Train Reg Loss: 1.1754, Train MAPE: 13.7919, Train R: 0.9296, Train RRSE: 0.3698, Test Loss: 1354.6689, Test Node Loss: 0.0457, Test Reg Loss: 13.5462, Test MAPE: 17.3167, Test R: 0.9017, Test RRSE: 1.2848
2025-02-10 16:14:04,962:INFO:Epoch 183: Train Loss: 116.9742, Train Node Loss: 0.1494, Train Reg Loss: 1.1682, Train MAPE: 13.6645, Train R: 0.9315, Train RRSE: 0.3687, Test Loss: 721.1831, Test Node Loss: 0.0656, Test Reg Loss: 7.2112, Test MAPE: 15.6144, Test R: 0.9022, Test RRSE: 0.9374
2025-02-10 16:14:29,209:INFO:Epoch 184: Train Loss: 138.9572, Train Node Loss: 0.1612, Train Reg Loss: 1.3880, Train MAPE: 13.9480, Train R: 0.9161, Train RRSE: 0.4019, Test Loss: 308.1454, Test Node Loss: 0.0822, Test Reg Loss: 3.0806, Test MAPE: 14.8458, Test R: 0.9024, Test RRSE: 0.6127
2025-02-10 16:14:53,362:INFO:Epoch 185: Train Loss: 125.6467, Train Node Loss: 0.1467, Train Reg Loss: 1.2550, Train MAPE: 13.8535, Train R: 0.9244, Train RRSE: 0.3822, Test Loss: 384.0357, Test Node Loss: 0.0714, Test Reg Loss: 3.8396, Test MAPE: 14.5209, Test R: 0.9038, Test RRSE: 0.6840
2025-02-10 16:15:17,608:INFO:Epoch 186: Train Loss: 121.6820, Train Node Loss: 0.1373, Train Reg Loss: 1.2154, Train MAPE: 13.6003, Train R: 0.9283, Train RRSE: 0.3761, Test Loss: 360.1436, Test Node Loss: 0.0766, Test Reg Loss: 3.6007, Test MAPE: 14.5880, Test R: 0.9044, Test RRSE: 0.6624
2025-02-10 16:15:41,832:INFO:Epoch 187: Train Loss: 132.5754, Train Node Loss: 0.1425, Train Reg Loss: 1.3243, Train MAPE: 13.8692, Train R: 0.9199, Train RRSE: 0.3926, Test Loss: 230.5761, Test Node Loss: 0.0938, Test Reg Loss: 2.3048, Test MAPE: 15.0508, Test R: 0.9012, Test RRSE: 0.5300
2025-02-10 16:16:06,062:INFO:Epoch 188: Train Loss: 133.0263, Train Node Loss: 0.1432, Train Reg Loss: 1.3288, Train MAPE: 13.8699, Train R: 0.9197, Train RRSE: 0.3932, Test Loss: 413.4488, Test Node Loss: 0.0733, Test Reg Loss: 4.1338, Test MAPE: 14.8136, Test R: 0.9033, Test RRSE: 0.7098
2025-02-10 16:16:30,264:INFO:Epoch 189: Train Loss: 117.3893, Train Node Loss: 0.1478, Train Reg Loss: 1.1724, Train MAPE: 13.8535, Train R: 0.9296, Train RRSE: 0.3694, Test Loss: 303.5524, Test Node Loss: 0.0829, Test Reg Loss: 3.0347, Test MAPE: 14.5560, Test R: 0.9030, Test RRSE: 0.6081
2025-02-10 16:16:54,219:INFO:Epoch 190: Train Loss: 123.3320, Train Node Loss: 0.1530, Train Reg Loss: 1.2318, Train MAPE: 13.9830, Train R: 0.9257, Train RRSE: 0.3786, Test Loss: 441.4190, Test Node Loss: 0.0676, Test Reg Loss: 4.4135, Test MAPE: 14.7757, Test R: 0.9038, Test RRSE: 0.7334
2025-02-10 16:17:18,118:INFO:Epoch 191: Train Loss: 116.5255, Train Node Loss: 0.1431, Train Reg Loss: 1.1638, Train MAPE: 13.8230, Train R: 0.9301, Train RRSE: 0.3680, Test Loss: 498.7994, Test Node Loss: 0.0623, Test Reg Loss: 4.9874, Test MAPE: 15.0023, Test R: 0.9041, Test RRSE: 0.7796
2025-02-10 16:17:41,981:INFO:Epoch 192: Train Loss: 117.6220, Train Node Loss: 0.1347, Train Reg Loss: 1.1749, Train MAPE: 13.7829, Train R: 0.9293, Train RRSE: 0.3698, Test Loss: 494.3116, Test Node Loss: 0.0608, Test Reg Loss: 4.9425, Test MAPE: 15.3318, Test R: 0.9029, Test RRSE: 0.7761
2025-02-10 16:18:05,897:INFO:Epoch 193: Train Loss: 107.9823, Train Node Loss: 0.1465, Train Reg Loss: 1.0784, Train MAPE: 14.1080, Train R: 0.9354, Train RRSE: 0.3542, Test Loss: 666.3878, Test Node Loss: 0.0595, Test Reg Loss: 6.6633, Test MAPE: 15.4364, Test R: 0.9041, Test RRSE: 0.9011
2025-02-10 16:18:29,813:INFO:Epoch 194: Train Loss: 129.5927, Train Node Loss: 0.1434, Train Reg Loss: 1.2945, Train MAPE: 13.5999, Train R: 0.9224, Train RRSE: 0.3881, Test Loss: 650.5875, Test Node Loss: 0.0538, Test Reg Loss: 6.5053, Test MAPE: 15.2969, Test R: 0.9041, Test RRSE: 0.8904
2025-02-10 16:18:53,964:INFO:Epoch 195: Train Loss: 114.9471, Train Node Loss: 0.1420, Train Reg Loss: 1.1481, Train MAPE: 13.9076, Train R: 0.9309, Train RRSE: 0.3655, Test Loss: 298.0955, Test Node Loss: 0.0693, Test Reg Loss: 2.9803, Test MAPE: 14.7729, Test R: 0.9036, Test RRSE: 0.6027
2025-02-10 16:19:17,787:INFO:Epoch 196: Train Loss: 124.9538, Train Node Loss: 0.1381, Train Reg Loss: 1.2482, Train MAPE: 14.0266, Train R: 0.9255, Train RRSE: 0.3811, Test Loss: 583.4337, Test Node Loss: 0.0513, Test Reg Loss: 5.8338, Test MAPE: 15.2745, Test R: 0.9047, Test RRSE: 0.8432
2025-02-10 16:19:41,587:INFO:Epoch 197: Train Loss: 124.5664, Train Node Loss: 0.1274, Train Reg Loss: 1.2444, Train MAPE: 13.8122, Train R: 0.9250, Train RRSE: 0.3805, Test Loss: 875.6693, Test Node Loss: 0.0444, Test Reg Loss: 8.7562, Test MAPE: 15.8541, Test R: 0.9051, Test RRSE: 1.0330
2025-02-10 16:19:41,612:INFO:Checkpoint saved at best_0.001_0.001_256_SAGE_3_64_0.9051_epoch_197.pth
2025-02-10 16:20:05,507:INFO:Epoch 198: Train Loss: 125.4187, Train Node Loss: 0.1293, Train Reg Loss: 1.2529, Train MAPE: 13.7888, Train R: 0.9245, Train RRSE: 0.3818, Test Loss: 675.1430, Test Node Loss: 0.0526, Test Reg Loss: 6.7509, Test MAPE: 15.4184, Test R: 0.9051, Test RRSE: 0.9070
2025-02-10 16:20:29,419:INFO:Epoch 199: Train Loss: 122.3149, Train Node Loss: 0.1335, Train Reg Loss: 1.2218, Train MAPE: 13.9767, Train R: 0.9267, Train RRSE: 0.3771, Test Loss: 645.6968, Test Node Loss: 0.0539, Test Reg Loss: 6.4564, Test MAPE: 15.3315, Test R: 0.9043, Test RRSE: 0.8870
2025-02-10 16:20:53,669:INFO:Epoch 200: Train Loss: 116.8714, Train Node Loss: 0.1259, Train Reg Loss: 1.1675, Train MAPE: 13.7958, Train R: 0.9304, Train RRSE: 0.3686, Test Loss: 658.4776, Test Node Loss: 0.0512, Test Reg Loss: 6.5843, Test MAPE: 15.2995, Test R: 0.9033, Test RRSE: 0.8958
2025-02-10 16:21:17,865:INFO:Epoch 201: Train Loss: 139.0661, Train Node Loss: 0.1228, Train Reg Loss: 1.3894, Train MAPE: 13.8290, Train R: 0.9158, Train RRSE: 0.4021, Test Loss: 414.4678, Test Node Loss: 0.0597, Test Reg Loss: 4.1441, Test MAPE: 15.3084, Test R: 0.9027, Test RRSE: 0.7106
2025-02-10 16:21:42,043:INFO:Epoch 202: Train Loss: 120.2278, Train Node Loss: 0.1208, Train Reg Loss: 1.2011, Train MAPE: 14.2181, Train R: 0.9283, Train RRSE: 0.3739, Test Loss: 853.0634, Test Node Loss: 0.0432, Test Reg Loss: 8.5302, Test MAPE: 15.8332, Test R: 0.8999, Test RRSE: 1.0196
2025-02-10 16:22:05,948:INFO:Epoch 203: Train Loss: 123.7377, Train Node Loss: 0.1210, Train Reg Loss: 1.2362, Train MAPE: 13.6157, Train R: 0.9273, Train RRSE: 0.3793, Test Loss: 657.1751, Test Node Loss: 0.0506, Test Reg Loss: 6.5712, Test MAPE: 15.0111, Test R: 0.9009, Test RRSE: 0.8949
2025-02-10 16:22:29,961:INFO:Epoch 204: Train Loss: 126.4444, Train Node Loss: 0.1365, Train Reg Loss: 1.2631, Train MAPE: 13.7262, Train R: 0.9252, Train RRSE: 0.3834, Test Loss: 555.3468, Test Node Loss: 0.0582, Test Reg Loss: 5.5529, Test MAPE: 15.1115, Test R: 0.9032, Test RRSE: 0.8226
2025-02-10 16:22:53,938:INFO:Epoch 205: Train Loss: 106.3985, Train Node Loss: 0.1354, Train Reg Loss: 1.0626, Train MAPE: 14.0248, Train R: 0.9361, Train RRSE: 0.3516, Test Loss: 659.4653, Test Node Loss: 0.0517, Test Reg Loss: 6.5941, Test MAPE: 15.5136, Test R: 0.9039, Test RRSE: 0.8964
2025-02-10 16:23:17,854:INFO:Epoch 206: Train Loss: 117.2428, Train Node Loss: 0.1232, Train Reg Loss: 1.1712, Train MAPE: 13.8598, Train R: 0.9300, Train RRSE: 0.3692, Test Loss: 551.6827, Test Node Loss: 0.0529, Test Reg Loss: 5.5163, Test MAPE: 15.2281, Test R: 0.9041, Test RRSE: 0.8199
2025-02-10 16:23:42,026:INFO:Epoch 207: Train Loss: 110.5124, Train Node Loss: 0.1301, Train Reg Loss: 1.1038, Train MAPE: 14.0529, Train R: 0.9337, Train RRSE: 0.3584, Test Loss: 613.1564, Test Node Loss: 0.0555, Test Reg Loss: 6.1310, Test MAPE: 15.2028, Test R: 0.9049, Test RRSE: 0.8644
2025-02-10 16:24:05,837:INFO:Epoch 208: Train Loss: 114.9775, Train Node Loss: 0.1451, Train Reg Loss: 1.1483, Train MAPE: 13.9182, Train R: 0.9314, Train RRSE: 0.3656, Test Loss: 926.9632, Test Node Loss: 0.0448, Test Reg Loss: 9.2692, Test MAPE: 15.7789, Test R: 0.9016, Test RRSE: 1.0628
2025-02-10 16:24:29,719:INFO:Epoch 209: Train Loss: 116.9489, Train Node Loss: 0.1287, Train Reg Loss: 1.1682, Train MAPE: 13.4927, Train R: 0.9322, Train RRSE: 0.3687, Test Loss: 799.2962, Test Node Loss: 0.0422, Test Reg Loss: 7.9925, Test MAPE: 15.7567, Test R: 0.9022, Test RRSE: 0.9869
2025-02-10 16:24:54,011:INFO:Epoch 210: Train Loss: 136.7378, Train Node Loss: 0.1284, Train Reg Loss: 1.3661, Train MAPE: 14.2308, Train R: 0.9188, Train RRSE: 0.3987, Test Loss: 583.8524, Test Node Loss: 0.0494, Test Reg Loss: 5.8380, Test MAPE: 15.6919, Test R: 0.9025, Test RRSE: 0.8435
2025-02-10 16:25:17,956:INFO:Epoch 211: Train Loss: 112.9974, Train Node Loss: 0.1180, Train Reg Loss: 1.1288, Train MAPE: 13.8813, Train R: 0.9324, Train RRSE: 0.3624, Test Loss: 1141.1709, Test Node Loss: 0.0366, Test Reg Loss: 11.4113, Test MAPE: 16.9623, Test R: 0.9044, Test RRSE: 1.1793
2025-02-10 16:25:41,763:INFO:Epoch 212: Train Loss: 112.7476, Train Node Loss: 0.1125, Train Reg Loss: 1.1264, Train MAPE: 13.7697, Train R: 0.9335, Train RRSE: 0.3620, Test Loss: 632.6006, Test Node Loss: 0.0463, Test Reg Loss: 6.3255, Test MAPE: 15.5695, Test R: 0.9060, Test RRSE: 0.8780
2025-02-10 16:25:41,791:INFO:Checkpoint saved at best_0.001_0.001_256_SAGE_3_64_0.9060_epoch_212.pth
2025-02-10 16:26:05,605:INFO:Epoch 213: Train Loss: 115.6885, Train Node Loss: 0.1212, Train Reg Loss: 1.1557, Train MAPE: 14.0647, Train R: 0.9319, Train RRSE: 0.3667, Test Loss: 589.0383, Test Node Loss: 0.0493, Test Reg Loss: 5.8899, Test MAPE: 15.2646, Test R: 0.9053, Test RRSE: 0.8472
2025-02-10 16:26:29,471:INFO:Epoch 214: Train Loss: 112.9854, Train Node Loss: 0.1195, Train Reg Loss: 1.1287, Train MAPE: 14.0161, Train R: 0.9321, Train RRSE: 0.3624, Test Loss: 1175.2029, Test Node Loss: 0.0390, Test Reg Loss: 11.7516, Test MAPE: 16.8487, Test R: 0.9001, Test RRSE: 1.1967
2025-02-10 16:26:53,307:INFO:Epoch 215: Train Loss: 117.7021, Train Node Loss: 0.1177, Train Reg Loss: 1.1758, Train MAPE: 13.6318, Train R: 0.9329, Train RRSE: 0.3699, Test Loss: 837.9808, Test Node Loss: 0.0453, Test Reg Loss: 8.3794, Test MAPE: 15.7173, Test R: 0.9034, Test RRSE: 1.0105
2025-02-10 16:27:17,249:INFO:Epoch 216: Train Loss: 143.7703, Train Node Loss: 0.1332, Train Reg Loss: 1.4364, Train MAPE: 13.8251, Train R: 0.9131, Train RRSE: 0.4088, Test Loss: 288.9684, Test Node Loss: 0.0674, Test Reg Loss: 2.8890, Test MAPE: 14.9890, Test R: 0.9044, Test RRSE: 0.5934
2025-02-10 16:27:41,129:INFO:Epoch 217: Train Loss: 133.2210, Train Node Loss: 0.1396, Train Reg Loss: 1.3308, Train MAPE: 13.9657, Train R: 0.9209, Train RRSE: 0.3935, Test Loss: 666.9036, Test Node Loss: 0.0523, Test Reg Loss: 6.6685, Test MAPE: 15.1342, Test R: 0.9024, Test RRSE: 0.9015
2025-02-10 16:28:05,148:INFO:Epoch 218: Train Loss: 113.9391, Train Node Loss: 0.1393, Train Reg Loss: 1.1380, Train MAPE: 13.7103, Train R: 0.9324, Train RRSE: 0.3639, Test Loss: 495.8410, Test Node Loss: 0.0697, Test Reg Loss: 4.9577, Test MAPE: 15.0531, Test R: 0.8995, Test RRSE: 0.7773
2025-02-10 16:28:29,463:INFO:Epoch 219: Train Loss: 113.3725, Train Node Loss: 0.1495, Train Reg Loss: 1.1322, Train MAPE: 13.9510, Train R: 0.9320, Train RRSE: 0.3630, Test Loss: 438.4251, Test Node Loss: 0.0753, Test Reg Loss: 4.3835, Test MAPE: 15.2614, Test R: 0.9020, Test RRSE: 0.7309
2025-02-10 16:28:53,616:INFO:Epoch 220: Train Loss: 114.7388, Train Node Loss: 0.1526, Train Reg Loss: 1.1459, Train MAPE: 14.1061, Train R: 0.9311, Train RRSE: 0.3652, Test Loss: 406.0759, Test Node Loss: 0.0762, Test Reg Loss: 4.0600, Test MAPE: 15.2568, Test R: 0.9031, Test RRSE: 0.7034
2025-02-10 16:29:17,548:INFO:Epoch 221: Train Loss: 103.5874, Train Node Loss: 0.1505, Train Reg Loss: 1.0344, Train MAPE: 13.8704, Train R: 0.9383, Train RRSE: 0.3469, Test Loss: 438.9154, Test Node Loss: 0.0751, Test Reg Loss: 4.3884, Test MAPE: 15.0736, Test R: 0.9042, Test RRSE: 0.7313
2025-02-10 16:29:41,530:INFO:Epoch 222: Train Loss: 124.0675, Train Node Loss: 0.1527, Train Reg Loss: 1.2391, Train MAPE: 13.9367, Train R: 0.9257, Train RRSE: 0.3797, Test Loss: 458.4201, Test Node Loss: 0.0702, Test Reg Loss: 4.5835, Test MAPE: 14.8165, Test R: 0.9049, Test RRSE: 0.7474
2025-02-10 16:30:05,778:INFO:Epoch 223: Train Loss: 112.9829, Train Node Loss: 0.1433, Train Reg Loss: 1.1284, Train MAPE: 13.7308, Train R: 0.9328, Train RRSE: 0.3624, Test Loss: 611.7248, Test Node Loss: 0.0585, Test Reg Loss: 6.1167, Test MAPE: 15.3413, Test R: 0.9032, Test RRSE: 0.8634
2025-02-10 16:30:29,716:INFO:Epoch 224: Train Loss: 107.4927, Train Node Loss: 0.1372, Train Reg Loss: 1.0736, Train MAPE: 13.7990, Train R: 0.9367, Train RRSE: 0.3535, Test Loss: 480.3701, Test Node Loss: 0.0679, Test Reg Loss: 4.8030, Test MAPE: 15.1943, Test R: 0.9026, Test RRSE: 0.7651
2025-02-10 16:30:53,679:INFO:Epoch 225: Train Loss: 117.6728, Train Node Loss: 0.1472, Train Reg Loss: 1.1753, Train MAPE: 14.0876, Train R: 0.9292, Train RRSE: 0.3698, Test Loss: 553.6242, Test Node Loss: 0.0630, Test Reg Loss: 5.5356, Test MAPE: 15.4564, Test R: 0.9023, Test RRSE: 0.8213
2025-02-10 16:31:18,002:INFO:Epoch 226: Train Loss: 127.6081, Train Node Loss: 0.1546, Train Reg Loss: 1.2745, Train MAPE: 13.9735, Train R: 0.9235, Train RRSE: 0.3851, Test Loss: 644.7384, Test Node Loss: 0.0618, Test Reg Loss: 6.4468, Test MAPE: 15.3915, Test R: 0.9052, Test RRSE: 0.8864
2025-02-10 16:31:42,324:INFO:Epoch 227: Train Loss: 145.5183, Train Node Loss: 0.1652, Train Reg Loss: 1.4535, Train MAPE: 13.6507, Train R: 0.9122, Train RRSE: 0.4113, Test Loss: 1194.1650, Test Node Loss: 0.0466, Test Reg Loss: 11.9412, Test MAPE: 16.9322, Test R: 0.9039, Test RRSE: 1.2063
2025-02-10 16:32:06,306:INFO:Epoch 228: Train Loss: 126.8741, Train Node Loss: 0.1486, Train Reg Loss: 1.2673, Train MAPE: 13.6159, Train R: 0.9263, Train RRSE: 0.3840, Test Loss: 794.7706, Test Node Loss: 0.0521, Test Reg Loss: 7.9472, Test MAPE: 16.0378, Test R: 0.9065, Test RRSE: 0.9841
2025-02-10 16:32:06,332:INFO:Checkpoint saved at best_0.001_0.001_256_SAGE_3_64_0.9065_epoch_228.pth
2025-02-10 16:32:30,338:INFO:Epoch 229: Train Loss: 110.5282, Train Node Loss: 0.1501, Train Reg Loss: 1.1038, Train MAPE: 14.1068, Train R: 0.9337, Train RRSE: 0.3584, Test Loss: 300.6857, Test Node Loss: 0.0769, Test Reg Loss: 3.0061, Test MAPE: 14.9263, Test R: 0.9056, Test RRSE: 0.6053
2025-02-10 16:32:54,254:INFO:Epoch 230: Train Loss: 113.4568, Train Node Loss: 0.1618, Train Reg Loss: 1.1329, Train MAPE: 13.9485, Train R: 0.9347, Train RRSE: 0.3631, Test Loss: 837.1948, Test Node Loss: 0.0523, Test Reg Loss: 8.3714, Test MAPE: 15.6535, Test R: 0.9021, Test RRSE: 1.0100
2025-02-10 16:33:18,289:INFO:Epoch 231: Train Loss: 140.0392, Train Node Loss: 0.1526, Train Reg Loss: 1.3989, Train MAPE: 13.7062, Train R: 0.9165, Train RRSE: 0.4035, Test Loss: 930.5549, Test Node Loss: 0.0508, Test Reg Loss: 9.3050, Test MAPE: 16.0828, Test R: 0.9017, Test RRSE: 1.0649
2025-02-10 16:33:42,262:INFO:Epoch 232: Train Loss: 108.2737, Train Node Loss: 0.1578, Train Reg Loss: 1.0812, Train MAPE: 13.8514, Train R: 0.9355, Train RRSE: 0.3547, Test Loss: 499.0233, Test Node Loss: 0.0657, Test Reg Loss: 4.9896, Test MAPE: 14.8509, Test R: 0.9055, Test RRSE: 0.7798
2025-02-10 16:34:06,163:INFO:Epoch 233: Train Loss: 123.8851, Train Node Loss: 0.1670, Train Reg Loss: 1.2372, Train MAPE: 14.0911, Train R: 0.9277, Train RRSE: 0.3794, Test Loss: 583.8783, Test Node Loss: 0.0621, Test Reg Loss: 5.8382, Test MAPE: 15.3659, Test R: 0.9070, Test RRSE: 0.8435
2025-02-10 16:34:06,189:INFO:Checkpoint saved at best_0.001_0.001_256_SAGE_3_64_0.9070_epoch_233.pth
2025-02-10 16:34:30,119:INFO:Epoch 234: Train Loss: 140.1236, Train Node Loss: 0.1435, Train Reg Loss: 1.3998, Train MAPE: 13.6837, Train R: 0.9160, Train RRSE: 0.4036, Test Loss: 890.0703, Test Node Loss: 0.0539, Test Reg Loss: 8.9002, Test MAPE: 16.1218, Test R: 0.9075, Test RRSE: 1.0415
2025-02-10 16:34:30,149:INFO:Checkpoint saved at best_0.001_0.001_256_SAGE_3_64_0.9075_epoch_234.pth
2025-02-10 16:34:54,105:INFO:Epoch 235: Train Loss: 114.1785, Train Node Loss: 0.1576, Train Reg Loss: 1.1402, Train MAPE: 13.7057, Train R: 0.9331, Train RRSE: 0.3643, Test Loss: 615.9124, Test Node Loss: 0.0680, Test Reg Loss: 6.1584, Test MAPE: 15.0961, Test R: 0.9073, Test RRSE: 0.8663
2025-02-10 16:35:18,043:INFO:Epoch 236: Train Loss: 123.6455, Train Node Loss: 0.1646, Train Reg Loss: 1.2348, Train MAPE: 13.7423, Train R: 0.9256, Train RRSE: 0.3791, Test Loss: 245.2937, Test Node Loss: 0.0937, Test Reg Loss: 2.4520, Test MAPE: 14.9810, Test R: 0.9040, Test RRSE: 0.5466
2025-02-10 16:35:41,999:INFO:Epoch 237: Train Loss: 125.3689, Train Node Loss: 0.1558, Train Reg Loss: 1.2521, Train MAPE: 14.1339, Train R: 0.9248, Train RRSE: 0.3817, Test Loss: 566.4690, Test Node Loss: 0.0644, Test Reg Loss: 5.6640, Test MAPE: 15.2049, Test R: 0.9046, Test RRSE: 0.8308
2025-02-10 16:36:05,955:INFO:Epoch 238: Train Loss: 128.6702, Train Node Loss: 0.1686, Train Reg Loss: 1.2850, Train MAPE: 14.0494, Train R: 0.9234, Train RRSE: 0.3867, Test Loss: 900.9223, Test Node Loss: 0.0523, Test Reg Loss: 9.0087, Test MAPE: 15.8435, Test R: 0.9051, Test RRSE: 1.0478
2025-02-10 16:36:29,956:INFO:Epoch 239: Train Loss: 116.0152, Train Node Loss: 0.1517, Train Reg Loss: 1.1586, Train MAPE: 13.5155, Train R: 0.9339, Train RRSE: 0.3672, Test Loss: 1746.7904, Test Node Loss: 0.0326, Test Reg Loss: 17.4676, Test MAPE: 18.6509, Test R: 0.9007, Test RRSE: 1.4590
2025-02-10 16:36:54,231:INFO:Epoch 240: Train Loss: 132.2487, Train Node Loss: 0.1623, Train Reg Loss: 1.3209, Train MAPE: 13.7274, Train R: 0.9203, Train RRSE: 0.3921, Test Loss: 827.6433, Test Node Loss: 0.0512, Test Reg Loss: 8.2759, Test MAPE: 16.3040, Test R: 0.9061, Test RRSE: 1.0043
2025-02-10 16:37:18,417:INFO:Epoch 241: Train Loss: 110.0539, Train Node Loss: 0.1603, Train Reg Loss: 1.0989, Train MAPE: 14.3177, Train R: 0.9357, Train RRSE: 0.3576, Test Loss: 411.4424, Test Node Loss: 0.0643, Test Reg Loss: 4.1138, Test MAPE: 15.3393, Test R: 0.9040, Test RRSE: 0.7080
2025-02-10 16:37:42,358:INFO:Epoch 242: Train Loss: 124.2845, Train Node Loss: 0.1303, Train Reg Loss: 1.2415, Train MAPE: 13.9425, Train R: 0.9251, Train RRSE: 0.3801, Test Loss: 726.9359, Test Node Loss: 0.0471, Test Reg Loss: 7.2689, Test MAPE: 15.6452, Test R: 0.9078, Test RRSE: 0.9412
2025-02-10 16:37:42,392:INFO:Checkpoint saved at best_0.001_0.001_256_SAGE_3_64_0.9078_epoch_242.pth
2025-02-10 16:38:06,333:INFO:Epoch 243: Train Loss: 131.2077, Train Node Loss: 0.1235, Train Reg Loss: 1.3108, Train MAPE: 13.5447, Train R: 0.9237, Train RRSE: 0.3906, Test Loss: 404.8040, Test Node Loss: 0.0624, Test Reg Loss: 4.0474, Test MAPE: 14.7339, Test R: 0.9090, Test RRSE: 0.7023
2025-02-10 16:38:06,353:INFO:Checkpoint saved at best_0.001_0.001_256_SAGE_3_64_0.9090_epoch_243.pth
2025-02-10 16:38:30,263:INFO:Epoch 244: Train Loss: 118.5992, Train Node Loss: 0.1532, Train Reg Loss: 1.1845, Train MAPE: 14.1964, Train R: 0.9318, Train RRSE: 0.3713, Test Loss: 203.5684, Test Node Loss: 0.0996, Test Reg Loss: 2.0347, Test MAPE: 15.1308, Test R: 0.9063, Test RRSE: 0.4980
2025-02-10 16:38:54,263:INFO:Epoch 245: Train Loss: 110.2830, Train Node Loss: 0.1522, Train Reg Loss: 1.1013, Train MAPE: 14.1670, Train R: 0.9361, Train RRSE: 0.3580, Test Loss: 470.9629, Test Node Loss: 0.0581, Test Reg Loss: 4.7090, Test MAPE: 15.2412, Test R: 0.9065, Test RRSE: 0.7575
2025-02-10 16:39:18,197:INFO:Epoch 246: Train Loss: 110.7101, Train Node Loss: 0.1124, Train Reg Loss: 1.1060, Train MAPE: 13.7107, Train R: 0.9357, Train RRSE: 0.3587, Test Loss: 772.7783, Test Node Loss: 0.0423, Test Reg Loss: 7.7274, Test MAPE: 15.9814, Test R: 0.9067, Test RRSE: 0.9704
2025-02-10 16:39:42,091:INFO:Epoch 247: Train Loss: 117.5021, Train Node Loss: 0.1120, Train Reg Loss: 1.1739, Train MAPE: 13.5123, Train R: 0.9330, Train RRSE: 0.3696, Test Loss: 752.5854, Test Node Loss: 0.0472, Test Reg Loss: 7.5254, Test MAPE: 15.6147, Test R: 0.9056, Test RRSE: 0.9576
2025-02-10 16:40:05,975:INFO:Epoch 248: Train Loss: 118.4790, Train Node Loss: 0.1429, Train Reg Loss: 1.1834, Train MAPE: 13.9786, Train R: 0.9301, Train RRSE: 0.3711, Test Loss: 457.5942, Test Node Loss: 0.0569, Test Reg Loss: 4.5754, Test MAPE: 14.9124, Test R: 0.9052, Test RRSE: 0.7467
2025-02-10 16:40:29,928:INFO:Epoch 249: Train Loss: 110.0006, Train Node Loss: 0.1470, Train Reg Loss: 1.0985, Train MAPE: 14.1330, Train R: 0.9361, Train RRSE: 0.3575, Test Loss: 855.1194, Test Node Loss: 0.0450, Test Reg Loss: 8.5507, Test MAPE: 15.9377, Test R: 0.9023, Test RRSE: 1.0208
2025-02-10 16:40:54,047:INFO:Epoch 250: Train Loss: 118.6495, Train Node Loss: 0.1245, Train Reg Loss: 1.1853, Train MAPE: 13.6682, Train R: 0.9315, Train RRSE: 0.3714, Test Loss: 1168.3186, Test Node Loss: 0.0366, Test Reg Loss: 11.6828, Test MAPE: 17.0031, Test R: 0.9017, Test RRSE: 1.1932
2025-02-10 16:41:18,069:INFO:Epoch 251: Train Loss: 111.0889, Train Node Loss: 0.1299, Train Reg Loss: 1.1096, Train MAPE: 13.7665, Train R: 0.9348, Train RRSE: 0.3593, Test Loss: 736.6163, Test Node Loss: 0.0492, Test Reg Loss: 7.3657, Test MAPE: 15.7890, Test R: 0.9039, Test RRSE: 0.9474
2025-02-10 16:41:42,243:INFO:Epoch 252: Train Loss: 119.7130, Train Node Loss: 0.1485, Train Reg Loss: 1.1956, Train MAPE: 14.1968, Train R: 0.9303, Train RRSE: 0.3730, Test Loss: 648.0588, Test Node Loss: 0.0503, Test Reg Loss: 6.4801, Test MAPE: 15.4606, Test R: 0.9051, Test RRSE: 0.8886
2025-02-10 16:42:06,349:INFO:Epoch 253: Train Loss: 108.8942, Train Node Loss: 0.1376, Train Reg Loss: 1.0876, Train MAPE: 13.9292, Train R: 0.9361, Train RRSE: 0.3558, Test Loss: 1173.0343, Test Node Loss: 0.0358, Test Reg Loss: 11.7300, Test MAPE: 16.9794, Test R: 0.9045, Test RRSE: 1.1956
2025-02-10 16:42:30,294:INFO:Epoch 254: Train Loss: 137.4860, Train Node Loss: 0.1195, Train Reg Loss: 1.3737, Train MAPE: 13.6832, Train R: 0.9214, Train RRSE: 0.3998, Test Loss: 926.6540, Test Node Loss: 0.0434, Test Reg Loss: 9.2661, Test MAPE: 16.3496, Test R: 0.9048, Test RRSE: 1.0626
2025-02-10 16:42:54,033:INFO:Epoch 255: Train Loss: 108.6357, Train Node Loss: 0.1472, Train Reg Loss: 1.0849, Train MAPE: 14.1383, Train R: 0.9350, Train RRSE: 0.3553, Test Loss: 370.5057, Test Node Loss: 0.0731, Test Reg Loss: 3.7043, Test MAPE: 14.8123, Test R: 0.9045, Test RRSE: 0.6719
2025-02-10 16:43:17,515:INFO:Epoch 256: Train Loss: 118.3395, Train Node Loss: 0.1662, Train Reg Loss: 1.1817, Train MAPE: 14.3341, Train R: 0.9350, Train RRSE: 0.3708, Test Loss: 786.9105, Test Node Loss: 0.0471, Test Reg Loss: 7.8686, Test MAPE: 15.6335, Test R: 0.9068, Test RRSE: 0.9792
2025-02-10 16:43:41,107:INFO:Epoch 257: Train Loss: 111.2899, Train Node Loss: 0.1232, Train Reg Loss: 1.1117, Train MAPE: 13.6395, Train R: 0.9362, Train RRSE: 0.3597, Test Loss: 1064.5382, Test Node Loss: 0.0372, Test Reg Loss: 10.6450, Test MAPE: 16.4548, Test R: 0.9056, Test RRSE: 1.1390
2025-02-10 16:44:04,715:INFO:Epoch 258: Train Loss: 120.4974, Train Node Loss: 0.1161, Train Reg Loss: 1.2038, Train MAPE: 13.6553, Train R: 0.9303, Train RRSE: 0.3743, Test Loss: 423.1517, Test Node Loss: 0.0539, Test Reg Loss: 4.2310, Test MAPE: 15.2471, Test R: 0.9073, Test RRSE: 0.7181
2025-02-10 16:44:28,321:INFO:Epoch 259: Train Loss: 107.9208, Train Node Loss: 0.1372, Train Reg Loss: 1.0778, Train MAPE: 14.2118, Train R: 0.9375, Train RRSE: 0.3542, Test Loss: 895.3406, Test Node Loss: 0.0415, Test Reg Loss: 8.9530, Test MAPE: 16.1163, Test R: 0.9050, Test RRSE: 1.0445
2025-02-10 16:44:51,880:INFO:Epoch 260: Train Loss: 115.0377, Train Node Loss: 0.1293, Train Reg Loss: 1.1491, Train MAPE: 13.7777, Train R: 0.9312, Train RRSE: 0.3657, Test Loss: 1208.3321, Test Node Loss: 0.0332, Test Reg Loss: 12.0830, Test MAPE: 17.1858, Test R: 0.9037, Test RRSE: 1.2135
2025-02-10 16:45:15,730:INFO:Epoch 261: Train Loss: 120.4463, Train Node Loss: 0.1216, Train Reg Loss: 1.2032, Train MAPE: 13.6630, Train R: 0.9280, Train RRSE: 0.3742, Test Loss: 925.9363, Test Node Loss: 0.0374, Test Reg Loss: 9.2590, Test MAPE: 16.3068, Test R: 0.9033, Test RRSE: 1.0622
2025-02-10 16:45:39,544:INFO:Epoch 262: Train Loss: 100.0030, Train Node Loss: 0.1298, Train Reg Loss: 0.9987, Train MAPE: 14.1208, Train R: 0.9404, Train RRSE: 0.3409, Test Loss: 1012.5354, Test Node Loss: 0.0385, Test Reg Loss: 10.1250, Test MAPE: 16.6575, Test R: 0.9055, Test RRSE: 1.1108
2025-02-10 16:46:03,111:INFO:Epoch 263: Train Loss: 106.7205, Train Node Loss: 0.1258, Train Reg Loss: 1.0659, Train MAPE: 13.8590, Train R: 0.9364, Train RRSE: 0.3522, Test Loss: 696.9830, Test Node Loss: 0.0509, Test Reg Loss: 6.9693, Test MAPE: 15.7640, Test R: 0.9074, Test RRSE: 0.9216
2025-02-10 16:46:26,639:INFO:Epoch 264: Train Loss: 104.2312, Train Node Loss: 0.1393, Train Reg Loss: 1.0409, Train MAPE: 14.0536, Train R: 0.9375, Train RRSE: 0.3480, Test Loss: 391.0376, Test Node Loss: 0.0734, Test Reg Loss: 3.9096, Test MAPE: 14.8926, Test R: 0.9061, Test RRSE: 0.6903
2025-02-10 16:46:50,403:INFO:Epoch 265: Train Loss: 102.8565, Train Node Loss: 0.1422, Train Reg Loss: 1.0271, Train MAPE: 13.9839, Train R: 0.9384, Train RRSE: 0.3457, Test Loss: 662.3963, Test Node Loss: 0.0573, Test Reg Loss: 6.6234, Test MAPE: 15.1917, Test R: 0.9030, Test RRSE: 0.8984
2025-02-10 16:47:14,047:INFO:Epoch 266: Train Loss: 110.7863, Train Node Loss: 0.1551, Train Reg Loss: 1.1063, Train MAPE: 13.8815, Train R: 0.9340, Train RRSE: 0.3588, Test Loss: 555.5901, Test Node Loss: 0.0663, Test Reg Loss: 5.5552, Test MAPE: 15.3325, Test R: 0.9043, Test RRSE: 0.8228
2025-02-10 16:47:37,491:INFO:Epoch 267: Train Loss: 121.7671, Train Node Loss: 0.1573, Train Reg Loss: 1.2161, Train MAPE: 13.9488, Train R: 0.9266, Train RRSE: 0.3762, Test Loss: 843.7741, Test Node Loss: 0.0513, Test Reg Loss: 8.4372, Test MAPE: 16.3592, Test R: 0.9063, Test RRSE: 1.0140
2025-02-10 16:48:00,981:INFO:Epoch 268: Train Loss: 100.3637, Train Node Loss: 0.1423, Train Reg Loss: 1.0022, Train MAPE: 14.0032, Train R: 0.9407, Train RRSE: 0.3415, Test Loss: 694.0933, Test Node Loss: 0.0586, Test Reg Loss: 6.9403, Test MAPE: 15.7551, Test R: 0.9070, Test RRSE: 0.9197
2025-02-10 16:48:24,545:INFO:Epoch 269: Train Loss: 122.1210, Train Node Loss: 0.1549, Train Reg Loss: 1.2197, Train MAPE: 13.8828, Train R: 0.9265, Train RRSE: 0.3767, Test Loss: 631.5883, Test Node Loss: 0.0670, Test Reg Loss: 6.3152, Test MAPE: 15.4177, Test R: 0.9051, Test RRSE: 0.8773
2025-02-10 16:48:48,068:INFO:Epoch 270: Train Loss: 106.3504, Train Node Loss: 0.1773, Train Reg Loss: 1.0617, Train MAPE: 14.0399, Train R: 0.9381, Train RRSE: 0.3515, Test Loss: 642.9964, Test Node Loss: 0.0683, Test Reg Loss: 6.4293, Test MAPE: 15.5349, Test R: 0.9018, Test RRSE: 0.8852
2025-02-10 16:49:11,698:INFO:Epoch 271: Train Loss: 111.8494, Train Node Loss: 0.1531, Train Reg Loss: 1.1170, Train MAPE: 13.8761, Train R: 0.9332, Train RRSE: 0.3605, Test Loss: 865.8895, Test Node Loss: 0.0488, Test Reg Loss: 8.6584, Test MAPE: 16.0106, Test R: 0.9046, Test RRSE: 1.0272
2025-02-10 16:49:35,220:INFO:Epoch 272: Train Loss: 116.9135, Train Node Loss: 0.1455, Train Reg Loss: 1.1677, Train MAPE: 13.8901, Train R: 0.9298, Train RRSE: 0.3686, Test Loss: 630.5359, Test Node Loss: 0.0606, Test Reg Loss: 6.3048, Test MAPE: 15.5868, Test R: 0.9076, Test RRSE: 0.8765
2025-02-10 16:49:58,748:INFO:Epoch 273: Train Loss: 101.2984, Train Node Loss: 0.1586, Train Reg Loss: 1.0114, Train MAPE: 14.0635, Train R: 0.9393, Train RRSE: 0.3431, Test Loss: 810.1598, Test Node Loss: 0.0509, Test Reg Loss: 8.1011, Test MAPE: 15.9722, Test R: 0.9068, Test RRSE: 0.9936
2025-02-10 16:50:22,389:INFO:Epoch 274: Train Loss: 110.8067, Train Node Loss: 0.1538, Train Reg Loss: 1.1065, Train MAPE: 13.7960, Train R: 0.9337, Train RRSE: 0.3588, Test Loss: 740.4177, Test Node Loss: 0.0483, Test Reg Loss: 7.4037, Test MAPE: 15.5005, Test R: 0.9078, Test RRSE: 0.9499
2025-02-10 16:50:46,025:INFO:Epoch 275: Train Loss: 107.4921, Train Node Loss: 0.1587, Train Reg Loss: 1.0733, Train MAPE: 13.9943, Train R: 0.9362, Train RRSE: 0.3534, Test Loss: 626.2349, Test Node Loss: 0.0561, Test Reg Loss: 6.2618, Test MAPE: 15.7066, Test R: 0.9066, Test RRSE: 0.8736
2025-02-10 16:51:09,622:INFO:Epoch 276: Train Loss: 98.6217, Train Node Loss: 0.1480, Train Reg Loss: 0.9847, Train MAPE: 14.1141, Train R: 0.9420, Train RRSE: 0.3385, Test Loss: 677.5384, Test Node Loss: 0.0553, Test Reg Loss: 6.7748, Test MAPE: 15.7982, Test R: 0.9045, Test RRSE: 0.9086
2025-02-10 16:51:33,203:INFO:Epoch 277: Train Loss: 109.6482, Train Node Loss: 0.1528, Train Reg Loss: 1.0950, Train MAPE: 13.8162, Train R: 0.9344, Train RRSE: 0.3570, Test Loss: 495.5486, Test Node Loss: 0.0634, Test Reg Loss: 4.9549, Test MAPE: 15.0809, Test R: 0.9049, Test RRSE: 0.7771
2025-02-10 16:51:56,834:INFO:Epoch 278: Train Loss: 115.5410, Train Node Loss: 0.1826, Train Reg Loss: 1.1536, Train MAPE: 14.0098, Train R: 0.9326, Train RRSE: 0.3664, Test Loss: 864.3652, Test Node Loss: 0.0543, Test Reg Loss: 8.6431, Test MAPE: 16.0120, Test R: 0.9021, Test RRSE: 1.0263
2025-02-10 16:52:20,335:INFO:Epoch 279: Train Loss: 98.5141, Train Node Loss: 0.1589, Train Reg Loss: 0.9836, Train MAPE: 13.9160, Train R: 0.9421, Train RRSE: 0.3383, Test Loss: 1090.1824, Test Node Loss: 0.0406, Test Reg Loss: 10.9014, Test MAPE: 16.9439, Test R: 0.9051, Test RRSE: 1.1526
2025-02-10 16:52:43,918:INFO:Epoch 280: Train Loss: 116.6472, Train Node Loss: 0.1433, Train Reg Loss: 1.1650, Train MAPE: 13.8878, Train R: 0.9306, Train RRSE: 0.3682, Test Loss: 574.0655, Test Node Loss: 0.0554, Test Reg Loss: 5.7401, Test MAPE: 15.4629, Test R: 0.9061, Test RRSE: 0.8364
2025-02-10 16:53:07,510:INFO:Epoch 281: Train Loss: 114.7066, Train Node Loss: 0.1582, Train Reg Loss: 1.1455, Train MAPE: 13.9651, Train R: 0.9316, Train RRSE: 0.3651, Test Loss: 596.8453, Test Node Loss: 0.0577, Test Reg Loss: 5.9679, Test MAPE: 15.3886, Test R: 0.9019, Test RRSE: 0.8528
2025-02-10 16:53:31,217:INFO:Epoch 282: Train Loss: 114.6011, Train Node Loss: 0.1671, Train Reg Loss: 1.1443, Train MAPE: 14.1207, Train R: 0.9320, Train RRSE: 0.3649, Test Loss: 445.4426, Test Node Loss: 0.0815, Test Reg Loss: 4.4536, Test MAPE: 15.2046, Test R: 0.9011, Test RRSE: 0.7367
2025-02-10 16:53:54,863:INFO:Epoch 283: Train Loss: 110.6622, Train Node Loss: 0.1505, Train Reg Loss: 1.1051, Train MAPE: 13.8144, Train R: 0.9345, Train RRSE: 0.3586, Test Loss: 738.9732, Test Node Loss: 0.0546, Test Reg Loss: 7.3892, Test MAPE: 15.7395, Test R: 0.9057, Test RRSE: 0.9489
2025-02-10 16:54:18,467:INFO:Epoch 284: Train Loss: 125.6857, Train Node Loss: 0.1513, Train Reg Loss: 1.2553, Train MAPE: 13.6928, Train R: 0.9250, Train RRSE: 0.3822, Test Loss: 287.8749, Test Node Loss: 0.0847, Test Reg Loss: 2.8779, Test MAPE: 14.7514, Test R: 0.9068, Test RRSE: 0.5922
2025-02-10 16:54:42,076:INFO:Epoch 285: Train Loss: 106.9590, Train Node Loss: 0.1621, Train Reg Loss: 1.0680, Train MAPE: 14.0717, Train R: 0.9372, Train RRSE: 0.3525, Test Loss: 466.4973, Test Node Loss: 0.0692, Test Reg Loss: 4.6643, Test MAPE: 15.1563, Test R: 0.9063, Test RRSE: 0.7539
2025-02-10 16:55:05,560:INFO:Epoch 286: Train Loss: 132.5457, Train Node Loss: 0.1515, Train Reg Loss: 1.3239, Train MAPE: 13.4694, Train R: 0.9229, Train RRSE: 0.3925, Test Loss: 917.2735, Test Node Loss: 0.0538, Test Reg Loss: 9.1722, Test MAPE: 16.1307, Test R: 0.9035, Test RRSE: 1.0572
2025-02-10 16:55:29,028:INFO:Epoch 287: Train Loss: 101.7100, Train Node Loss: 0.1696, Train Reg Loss: 1.0154, Train MAPE: 13.8569, Train R: 0.9394, Train RRSE: 0.3437, Test Loss: 509.0724, Test Node Loss: 0.0726, Test Reg Loss: 5.0900, Test MAPE: 15.6118, Test R: 0.9047, Test RRSE: 0.7876
2025-02-10 16:55:52,585:INFO:Epoch 288: Train Loss: 114.1855, Train Node Loss: 0.1787, Train Reg Loss: 1.1401, Train MAPE: 14.1239, Train R: 0.9325, Train RRSE: 0.3642, Test Loss: 825.6171, Test Node Loss: 0.0562, Test Reg Loss: 8.2556, Test MAPE: 16.0083, Test R: 0.9044, Test RRSE: 1.0030
2025-02-10 16:56:16,104:INFO:Epoch 289: Train Loss: 115.0022, Train Node Loss: 0.1780, Train Reg Loss: 1.1482, Train MAPE: 13.9166, Train R: 0.9310, Train RRSE: 0.3655, Test Loss: 814.0153, Test Node Loss: 0.0596, Test Reg Loss: 8.1396, Test MAPE: 15.9297, Test R: 0.9048, Test RRSE: 0.9960
2025-02-10 16:56:39,713:INFO:Epoch 290: Train Loss: 110.2337, Train Node Loss: 0.1854, Train Reg Loss: 1.1005, Train MAPE: 13.7298, Train R: 0.9347, Train RRSE: 0.3579, Test Loss: 1167.3416, Test Node Loss: 0.0576, Test Reg Loss: 11.6728, Test MAPE: 16.9002, Test R: 0.8987, Test RRSE: 1.1927
2025-02-10 16:57:03,393:INFO:Epoch 291: Train Loss: 128.8207, Train Node Loss: 0.1940, Train Reg Loss: 1.2863, Train MAPE: 13.6827, Train R: 0.9249, Train RRSE: 0.3869, Test Loss: 755.4381, Test Node Loss: 0.0752, Test Reg Loss: 7.5536, Test MAPE: 15.8650, Test R: 0.9045, Test RRSE: 0.9594
2025-02-10 16:57:26,903:INFO:Epoch 292: Train Loss: 105.9788, Train Node Loss: 0.2216, Train Reg Loss: 1.0576, Train MAPE: 14.1256, Train R: 0.9375, Train RRSE: 0.3508, Test Loss: 362.9455, Test Node Loss: 0.0912, Test Reg Loss: 3.6285, Test MAPE: 15.2302, Test R: 0.9074, Test RRSE: 0.6650
2025-02-10 16:57:50,496:INFO:Epoch 293: Train Loss: 108.7075, Train Node Loss: 0.1960, Train Reg Loss: 1.0851, Train MAPE: 14.1509, Train R: 0.9363, Train RRSE: 0.3553, Test Loss: 827.5427, Test Node Loss: 0.0626, Test Reg Loss: 8.2748, Test MAPE: 15.9004, Test R: 0.9068, Test RRSE: 1.0042
2025-02-10 16:58:14,100:INFO:Epoch 294: Train Loss: 105.5801, Train Node Loss: 0.1898, Train Reg Loss: 1.0539, Train MAPE: 13.8460, Train R: 0.9383, Train RRSE: 0.3502, Test Loss: 1156.0359, Test Node Loss: 0.0510, Test Reg Loss: 11.5598, Test MAPE: 17.0199, Test R: 0.9060, Test RRSE: 1.1869
2025-02-10 16:58:37,717:INFO:Epoch 295: Train Loss: 108.7237, Train Node Loss: 0.1774, Train Reg Loss: 1.0855, Train MAPE: 13.8786, Train R: 0.9364, Train RRSE: 0.3554, Test Loss: 694.7789, Test Node Loss: 0.0630, Test Reg Loss: 6.9472, Test MAPE: 15.5209, Test R: 0.9102, Test RRSE: 0.9201
2025-02-10 16:58:37,774:INFO:Checkpoint saved at best_0.001_0.001_256_SAGE_3_64_0.9102_epoch_295.pth
2025-02-10 16:59:01,421:INFO:Epoch 296: Train Loss: 117.5532, Train Node Loss: 0.2000, Train Reg Loss: 1.1735, Train MAPE: 13.8930, Train R: 0.9307, Train RRSE: 0.3695, Test Loss: 652.8707, Test Node Loss: 0.0772, Test Reg Loss: 6.5279, Test MAPE: 15.2523, Test R: 0.9071, Test RRSE: 0.8919
2025-02-10 16:59:24,983:INFO:Epoch 297: Train Loss: 124.6950, Train Node Loss: 0.2393, Train Reg Loss: 1.2446, Train MAPE: 14.0163, Train R: 0.9283, Train RRSE: 0.3806, Test Loss: 823.8527, Test Node Loss: 0.0600, Test Reg Loss: 8.2379, Test MAPE: 15.9115, Test R: 0.9063, Test RRSE: 1.0020
2025-02-10 16:59:48,500:INFO:Epoch 298: Train Loss: 154.8278, Train Node Loss: 0.1370, Train Reg Loss: 1.5469, Train MAPE: 13.6504, Train R: 0.9144, Train RRSE: 0.4243, Test Loss: 722.6279, Test Node Loss: 0.0425, Test Reg Loss: 7.2259, Test MAPE: 16.1256, Test R: 0.9081, Test RRSE: 0.9384
2025-02-10 17:00:12,049:INFO:Epoch 299: Train Loss: 107.9792, Train Node Loss: 0.1218, Train Reg Loss: 1.0786, Train MAPE: 14.0941, Train R: 0.9357, Train RRSE: 0.3543, Test Loss: 259.1242, Test Node Loss: 0.0629, Test Reg Loss: 2.5906, Test MAPE: 14.8364, Test R: 0.9080, Test RRSE: 0.5619
2025-02-10 17:00:35,659:INFO:Epoch 300: Train Loss: 115.7004, Train Node Loss: 0.1726, Train Reg Loss: 1.1553, Train MAPE: 14.1392, Train R: 0.9383, Train RRSE: 0.3667, Test Loss: 960.5633, Test Node Loss: 0.0434, Test Reg Loss: 9.6052, Test MAPE: 15.7628, Test R: 0.8987, Test RRSE: 1.0819
2025-02-10 17:00:35,660:INFO:Best performance at epoch 295 with Test MAPE: 0.9102
