2025-02-10 14:55:32,511:INFO:Learning rate: 0.0008
2025-02-10 14:55:32,512:INFO:Weight decay: 0.001
2025-02-10 14:55:32,512:INFO:Batch size: 64
2025-02-10 14:55:32,512:INFO:Number of layers: 2
2025-02-10 14:55:32,512:INFO:Convolution type: SAGE
2025-02-10 14:55:32,512:INFO:Convolution neurons: 256
2025-02-10 15:00:03,841:INFO:Learning rate: 0.0008
2025-02-10 15:00:03,842:INFO:Weight decay: 0.001
2025-02-10 15:00:03,842:INFO:Batch size: 64
2025-02-10 15:00:03,842:INFO:Number of layers: 2
2025-02-10 15:00:03,842:INFO:Convolution type: SAGE
2025-02-10 15:00:03,842:INFO:Convolution neurons: 256
2025-02-10 15:00:25,644:INFO:Epoch 1: Train Loss: 144174.8288, Train Node Loss: 0.9875, Train Reg Loss: 1441.7384, Train MAPE: 98.8791, Train R: -0.0316, Train RRSE: 8.3673, Test Loss: 142730.2057, Test Node Loss: 3.8092, Test Reg Loss: 1427.2640, Test MAPE: 97.2004, Test R: 0.8472, Test RRSE: 8.2707
2025-02-10 15:00:25,677:INFO:Checkpoint saved at best_0.0008_0.001_256_SAGE_2_64_0.8472_epoch_1.pth
2025-02-10 15:00:46,860:INFO:Epoch 2: Train Loss: 130972.2036, Train Node Loss: 17.3950, Train Reg Loss: 1309.5481, Train MAPE: 94.1070, Train R: 0.0308, Train RRSE: 7.9745, Test Loss: 121921.4489, Test Node Loss: 59.2025, Test Reg Loss: 1218.6225, Test MAPE: 89.6291, Test R: 0.8425, Test RRSE: 7.6423
2025-02-10 15:01:08,850:INFO:Epoch 3: Train Loss: 103427.4781, Train Node Loss: 153.6219, Train Reg Loss: 1032.7385, Train MAPE: 83.1726, Train R: 0.0756, Train RRSE: 7.0817, Test Loss: 71197.1442, Test Node Loss: 536.3159, Test Reg Loss: 706.6083, Test MAPE: 67.6389, Test R: 0.8520, Test RRSE: 5.8194
2025-02-10 15:01:08,877:INFO:Checkpoint saved at best_0.0008_0.001_256_SAGE_2_64_0.8520_epoch_3.pth
2025-02-10 15:01:30,766:INFO:Epoch 4: Train Loss: 49643.4139, Train Node Loss: 937.8045, Train Reg Loss: 487.0561, Train MAPE: 55.1632, Train R: 0.1129, Train RRSE: 4.8633, Test Loss: 5529.9367, Test Node Loss: 3443.8139, Test Reg Loss: 20.8612, Test MAPE: 9.6979, Test R: 0.8567, Test RRSE: 0.9999
2025-02-10 15:01:30,789:INFO:Checkpoint saved at best_0.0008_0.001_256_SAGE_2_64_0.8567_epoch_4.pth
2025-02-10 15:01:52,583:INFO:Epoch 5: Train Loss: 11633.7103, Train Node Loss: 3915.5434, Train Reg Loss: 77.1817, Train MAPE: 20.8625, Train R: 0.1089, Train RRSE: 1.9360, Test Loss: 79930.1383, Test Node Loss: 9035.9389, Test Reg Loss: 708.9420, Test MAPE: 70.8196, Test R: 0.8591, Test RRSE: 5.8290
2025-02-10 15:01:52,614:INFO:Checkpoint saved at best_0.0008_0.001_256_SAGE_2_64_0.8591_epoch_5.pth
2025-02-10 15:02:14,117:INFO:Epoch 6: Train Loss: 20231.5909, Train Node Loss: 5234.3251, Train Reg Loss: 149.9727, Train MAPE: 32.2671, Train R: 0.3681, Train RRSE: 2.6987, Test Loss: 12386.4178, Test Node Loss: 4801.3160, Test Reg Loss: 75.8510, Test MAPE: 23.3911, Test R: 0.8590, Test RRSE: 1.9067
2025-02-10 15:02:36,174:INFO:Epoch 7: Train Loss: 5316.6344, Train Node Loss: 2998.3612, Train Reg Loss: 23.1827, Train MAPE: 11.5662, Train R: 0.3586, Train RRSE: 1.0610, Test Loss: 6698.6989, Test Node Loss: 2444.6092, Test Reg Loss: 42.5409, Test MAPE: 13.6663, Test R: 0.8578, Test RRSE: 1.4279
2025-02-10 15:02:58,009:INFO:Epoch 8: Train Loss: 9940.6742, Train Node Loss: 1963.5107, Train Reg Loss: 79.7716, Train MAPE: 20.2707, Train R: 0.7281, Train RRSE: 1.9682, Test Loss: 8237.0794, Test Node Loss: 2116.5538, Test Reg Loss: 61.2053, Test MAPE: 17.1367, Test R: 0.8578, Test RRSE: 1.7127
2025-02-10 15:03:19,876:INFO:Epoch 9: Train Loss: 7781.4743, Train Node Loss: 2050.8169, Train Reg Loss: 57.3066, Train MAPE: 16.3876, Train R: 0.5769, Train RRSE: 1.6682, Test Loss: 4069.5329, Test Node Loss: 2723.6990, Test Reg Loss: 13.4583, Test MAPE: 9.0905, Test R: 0.8587, Test RRSE: 0.8031
2025-02-10 15:03:41,758:INFO:Epoch 10: Train Loss: 4224.0239, Train Node Loss: 2701.2385, Train Reg Loss: 15.2279, Train MAPE: 10.3574, Train R: 0.5248, Train RRSE: 0.8599, Test Loss: 6996.9167, Test Node Loss: 3474.9955, Test Reg Loss: 35.2192, Test MAPE: 16.6265, Test R: 0.8596, Test RRSE: 1.2992
2025-02-10 15:03:41,798:INFO:Checkpoint saved at best_0.0008_0.001_256_SAGE_2_64_0.8596_epoch_10.pth
2025-02-10 15:04:03,176:INFO:Epoch 11: Train Loss: 5425.9098, Train Node Loss: 3122.0762, Train Reg Loss: 23.0383, Train MAPE: 13.9771, Train R: 0.8546, Train RRSE: 1.0577, Test Loss: 6038.6065, Test Node Loss: 3218.9355, Test Reg Loss: 28.1967, Test MAPE: 15.2431, Test R: 0.8594, Test RRSE: 1.1625
2025-02-10 15:04:25,197:INFO:Epoch 12: Train Loss: 4182.2142, Train Node Loss: 2753.6900, Train Reg Loss: 14.2852, Train MAPE: 11.2201, Train R: 0.7160, Train RRSE: 0.8329, Test Loss: 3614.5902, Test Node Loss: 2452.7616, Test Reg Loss: 11.6183, Test MAPE: 9.2755, Test R: 0.8584, Test RRSE: 0.7462
2025-02-10 15:04:47,046:INFO:Epoch 13: Train Loss: 3849.7235, Train Node Loss: 2202.6057, Train Reg Loss: 16.4712, Train MAPE: 9.4636, Train R: 0.7567, Train RRSE: 0.8943, Test Loss: 4268.0762, Test Node Loss: 2061.8543, Test Reg Loss: 22.0622, Test MAPE: 10.1252, Test R: 0.8575, Test RRSE: 1.0283
2025-02-10 15:05:08,917:INFO:Epoch 14: Train Loss: 4029.9698, Train Node Loss: 2029.4524, Train Reg Loss: 20.0052, Train MAPE: 9.7649, Train R: 0.8252, Train RRSE: 0.9856, Test Loss: 3636.5145, Test Node Loss: 2119.3076, Test Reg Loss: 15.1721, Test MAPE: 9.2854, Test R: 0.8575, Test RRSE: 0.8527
2025-02-10 15:05:30,715:INFO:Epoch 15: Train Loss: 3460.8805, Train Node Loss: 2167.2885, Train Reg Loss: 12.9359, Train MAPE: 9.4367, Train R: 0.7482, Train RRSE: 0.7926, Test Loss: 3388.3553, Test Node Loss: 2303.0489, Test Reg Loss: 10.8531, Test MAPE: 9.8643, Test R: 0.8578, Test RRSE: 0.7212
2025-02-10 15:05:52,613:INFO:Epoch 16: Train Loss: 3470.8276, Train Node Loss: 2288.0664, Train Reg Loss: 11.8276, Train MAPE: 10.3881, Train R: 0.8377, Train RRSE: 0.7579, Test Loss: 3318.4315, Test Node Loss: 2231.2048, Test Reg Loss: 10.8723, Test MAPE: 10.0191, Test R: 0.8575, Test RRSE: 0.7219
2025-02-10 15:06:14,485:INFO:Epoch 17: Train Loss: 3271.2177, Train Node Loss: 2140.5040, Train Reg Loss: 11.3071, Train MAPE: 9.9929, Train R: 0.8098, Train RRSE: 0.7410, Test Loss: 3220.1077, Test Node Loss: 1954.6548, Test Reg Loss: 12.6545, Test MAPE: 9.1966, Test R: 0.8566, Test RRSE: 0.7788
2025-02-10 15:06:36,367:INFO:Epoch 18: Train Loss: 3136.3615, Train Node Loss: 1911.6321, Train Reg Loss: 12.2473, Train MAPE: 9.2577, Train R: 0.8459, Train RRSE: 0.7712, Test Loss: 3332.4991, Test Node Loss: 1810.7854, Test Reg Loss: 15.2171, Test MAPE: 9.3639, Test R: 0.8560, Test RRSE: 0.8540
2025-02-10 15:06:58,420:INFO:Epoch 19: Train Loss: 3048.5452, Train Node Loss: 1846.9069, Train Reg Loss: 12.0164, Train MAPE: 9.2397, Train R: 0.8488, Train RRSE: 0.7639, Test Loss: 3021.0893, Test Node Loss: 1839.4614, Test Reg Loss: 11.8163, Test MAPE: 9.2649, Test R: 0.8562, Test RRSE: 0.7525
2025-02-10 15:07:20,322:INFO:Epoch 20: Train Loss: 2945.2583, Train Node Loss: 1876.2281, Train Reg Loss: 10.6903, Train MAPE: 9.6480, Train R: 0.8429, Train RRSE: 0.7205, Test Loss: 2893.6619, Test Node Loss: 1834.9618, Test Reg Loss: 10.5870, Test MAPE: 9.4622, Test R: 0.8556, Test RRSE: 0.7123
2025-02-10 15:07:41,877:INFO:Epoch 21: Train Loss: 2898.8276, Train Node Loss: 1842.4272, Train Reg Loss: 10.5640, Train MAPE: 9.8356, Train R: 0.8530, Train RRSE: 0.7162, Test Loss: 2850.3988, Test Node Loss: 1730.0567, Test Reg Loss: 11.2034, Test MAPE: 9.2930, Test R: 0.8547, Test RRSE: 0.7328
2025-02-10 15:08:03,750:INFO:Epoch 22: Train Loss: 2777.2015, Train Node Loss: 1718.2970, Train Reg Loss: 10.5890, Train MAPE: 9.5333, Train R: 0.8372, Train RRSE: 0.7171, Test Loss: 2919.6171, Test Node Loss: 1606.6710, Test Reg Loss: 13.1295, Test MAPE: 9.2769, Test R: 0.8537, Test RRSE: 0.7933
2025-02-10 15:08:25,852:INFO:Epoch 23: Train Loss: 2719.3878, Train Node Loss: 1631.5165, Train Reg Loss: 10.8787, Train MAPE: 9.3868, Train R: 0.8526, Train RRSE: 0.7268, Test Loss: 2777.6779, Test Node Loss: 1574.3844, Test Reg Loss: 12.0329, Test MAPE: 9.2824, Test R: 0.8532, Test RRSE: 0.7594
2025-02-10 15:08:47,689:INFO:Epoch 24: Train Loss: 2635.5087, Train Node Loss: 1611.6014, Train Reg Loss: 10.2391, Train MAPE: 9.6418, Train R: 0.8411, Train RRSE: 0.7051, Test Loss: 2629.1347, Test Node Loss: 1559.5441, Test Reg Loss: 10.6959, Test MAPE: 9.3232, Test R: 0.8528, Test RRSE: 0.7160
2025-02-10 15:09:09,326:INFO:Epoch 25: Train Loss: 2562.2525, Train Node Loss: 1582.5576, Train Reg Loss: 9.7969, Train MAPE: 9.8417, Train R: 0.8578, Train RRSE: 0.6897, Test Loss: 2587.1946, Test Node Loss: 1487.9442, Test Reg Loss: 10.9925, Test MAPE: 9.3577, Test R: 0.8519, Test RRSE: 0.7258
2025-02-10 15:09:31,035:INFO:Epoch 26: Train Loss: 2503.0606, Train Node Loss: 1486.9415, Train Reg Loss: 10.1612, Train MAPE: 9.6258, Train R: 0.8381, Train RRSE: 0.7024, Test Loss: 2644.8725, Test Node Loss: 1390.8401, Test Reg Loss: 12.5403, Test MAPE: 9.3872, Test R: 0.8508, Test RRSE: 0.7753
2025-02-10 15:09:52,741:INFO:Epoch 27: Train Loss: 2445.9868, Train Node Loss: 1424.7414, Train Reg Loss: 10.2125, Train MAPE: 9.5412, Train R: 0.8496, Train RRSE: 0.7042, Test Loss: 2487.2219, Test Node Loss: 1371.6824, Test Reg Loss: 11.1554, Test MAPE: 9.3961, Test R: 0.8500, Test RRSE: 0.7312
2025-02-10 15:10:14,223:INFO:Epoch 28: Train Loss: 2357.8590, Train Node Loss: 1401.2028, Train Reg Loss: 9.5666, Train MAPE: 9.8004, Train R: 0.8512, Train RRSE: 0.6816, Test Loss: 2395.3769, Test Node Loss: 1335.4990, Test Reg Loss: 10.5988, Test MAPE: 9.4165, Test R: 0.8491, Test RRSE: 0.7127
2025-02-10 15:10:35,367:INFO:Epoch 29: Train Loss: 2310.6818, Train Node Loss: 1353.3483, Train Reg Loss: 9.5733, Train MAPE: 9.8280, Train R: 0.8457, Train RRSE: 0.6818, Test Loss: 2391.9025, Test Node Loss: 1264.9475, Test Reg Loss: 11.2696, Test MAPE: 9.3961, Test R: 0.8481, Test RRSE: 0.7349
2025-02-10 15:10:55,997:INFO:Epoch 30: Train Loss: 2259.0549, Train Node Loss: 1283.1544, Train Reg Loss: 9.7590, Train MAPE: 9.6305, Train R: 0.8416, Train RRSE: 0.6884, Test Loss: 2376.1110, Test Node Loss: 1205.7832, Test Reg Loss: 11.7033, Test MAPE: 9.4594, Test R: 0.8470, Test RRSE: 0.7489
2025-02-10 15:11:16,727:INFO:Epoch 31: Train Loss: 2188.5479, Train Node Loss: 1242.3274, Train Reg Loss: 9.4622, Train MAPE: 9.6999, Train R: 0.8491, Train RRSE: 0.6779, Test Loss: 2271.6753, Test Node Loss: 1173.7689, Test Reg Loss: 10.9791, Test MAPE: 9.5034, Test R: 0.8459, Test RRSE: 0.7254
2025-02-10 15:11:37,107:INFO:Epoch 32: Train Loss: 2148.1950, Train Node Loss: 1208.5427, Train Reg Loss: 9.3965, Train MAPE: 9.9165, Train R: 0.8346, Train RRSE: 0.6755, Test Loss: 2236.4733, Test Node Loss: 1124.6167, Test Reg Loss: 11.1186, Test MAPE: 9.4825, Test R: 0.8449, Test RRSE: 0.7300
2025-02-10 15:11:56,843:INFO:Epoch 33: Train Loss: 2079.6941, Train Node Loss: 1145.2988, Train Reg Loss: 9.3440, Train MAPE: 9.7701, Train R: 0.8409, Train RRSE: 0.6736, Test Loss: 2226.8268, Test Node Loss: 1072.3311, Test Reg Loss: 11.5450, Test MAPE: 9.5673, Test R: 0.8441, Test RRSE: 0.7439
2025-02-10 15:12:16,695:INFO:Epoch 34: Train Loss: 2096.5735, Train Node Loss: 1124.0993, Train Reg Loss: 9.7247, Train MAPE: 10.0113, Train R: 0.8090, Train RRSE: 0.6872, Test Loss: 2109.7575, Test Node Loss: 1052.4017, Test Reg Loss: 10.5736, Test MAPE: 9.5658, Test R: 0.8426, Test RRSE: 0.7119
2025-02-10 15:12:36,886:INFO:Epoch 35: Train Loss: 1973.9003, Train Node Loss: 1076.5559, Train Reg Loss: 8.9734, Train MAPE: 9.9280, Train R: 0.8383, Train RRSE: 0.6601, Test Loss: 2251.4942, Test Node Loss: 978.9419, Test Reg Loss: 12.7255, Test MAPE: 9.6892, Test R: 0.8412, Test RRSE: 0.7810
2025-02-10 15:12:57,600:INFO:Epoch 36: Train Loss: 1942.3618, Train Node Loss: 1019.7858, Train Reg Loss: 9.2258, Train MAPE: 9.7657, Train R: 0.8394, Train RRSE: 0.6693, Test Loss: 2117.5344, Test Node Loss: 961.8402, Test Reg Loss: 11.5569, Test MAPE: 9.5973, Test R: 0.8404, Test RRSE: 0.7442
2025-02-10 15:13:18,544:INFO:Epoch 37: Train Loss: 1865.3768, Train Node Loss: 1005.0606, Train Reg Loss: 8.6032, Train MAPE: 9.9740, Train R: 0.8461, Train RRSE: 0.6464, Test Loss: 1992.2176, Test Node Loss: 948.0436, Test Reg Loss: 10.4417, Test MAPE: 9.6119, Test R: 0.8395, Test RRSE: 0.7074
2025-02-10 15:13:39,105:INFO:Epoch 38: Train Loss: 1853.8446, Train Node Loss: 975.0044, Train Reg Loss: 8.7884, Train MAPE: 10.0670, Train R: 0.8294, Train RRSE: 0.6533, Test Loss: 2034.2823, Test Node Loss: 899.9081, Test Reg Loss: 11.3437, Test MAPE: 9.6806, Test R: 0.8389, Test RRSE: 0.7373
2025-02-10 15:13:59,243:INFO:Epoch 39: Train Loss: 1799.9878, Train Node Loss: 929.8902, Train Reg Loss: 8.7010, Train MAPE: 9.9167, Train R: 0.8407, Train RRSE: 0.6500, Test Loss: 2017.0199, Test Node Loss: 867.2185, Test Reg Loss: 11.4980, Test MAPE: 9.7218, Test R: 0.8384, Test RRSE: 0.7423
2025-02-10 15:14:19,416:INFO:Epoch 40: Train Loss: 1775.3599, Train Node Loss: 916.2521, Train Reg Loss: 8.5911, Train MAPE: 10.1261, Train R: 0.8315, Train RRSE: 0.6459, Test Loss: 1881.9840, Test Node Loss: 859.4965, Test Reg Loss: 10.2249, Test MAPE: 9.7309, Test R: 0.8374, Test RRSE: 0.7000
2025-02-10 15:14:40,063:INFO:Epoch 41: Train Loss: 1740.7683, Train Node Loss: 885.9091, Train Reg Loss: 8.5486, Train MAPE: 10.0502, Train R: 0.8328, Train RRSE: 0.6443, Test Loss: 1972.3166, Test Node Loss: 810.4621, Test Reg Loss: 11.6185, Test MAPE: 9.7384, Test R: 0.8363, Test RRSE: 0.7462
2025-02-10 15:15:00,572:INFO:Epoch 42: Train Loss: 1714.8793, Train Node Loss: 848.4330, Train Reg Loss: 8.6645, Train MAPE: 9.9979, Train R: 0.8308, Train RRSE: 0.6487, Test Loss: 1938.2447, Test Node Loss: 786.5717, Test Reg Loss: 11.5167, Test MAPE: 9.8265, Test R: 0.8353, Test RRSE: 0.7429
2025-02-10 15:15:21,249:INFO:Epoch 43: Train Loss: 1684.3887, Train Node Loss: 828.6091, Train Reg Loss: 8.5578, Train MAPE: 10.0560, Train R: 0.8300, Train RRSE: 0.6446, Test Loss: 1899.0864, Test Node Loss: 764.5920, Test Reg Loss: 11.3449, Test MAPE: 9.8178, Test R: 0.8348, Test RRSE: 0.7374
2025-02-10 15:15:42,217:INFO:Epoch 44: Train Loss: 1606.8381, Train Node Loss: 807.9747, Train Reg Loss: 7.9886, Train MAPE: 10.2319, Train R: 0.8405, Train RRSE: 0.6228, Test Loss: 1937.1878, Test Node Loss: 733.7819, Test Reg Loss: 12.0341, Test MAPE: 9.9509, Test R: 0.8341, Test RRSE: 0.7594
2025-02-10 15:16:03,538:INFO:Epoch 45: Train Loss: 1596.3324, Train Node Loss: 781.4444, Train Reg Loss: 8.1489, Train MAPE: 10.1922, Train R: 0.8302, Train RRSE: 0.6291, Test Loss: 2009.5949, Test Node Loss: 700.6977, Test Reg Loss: 13.0890, Test MAPE: 10.0581, Test R: 0.8334, Test RRSE: 0.7920
2025-02-10 15:16:24,445:INFO:Epoch 46: Train Loss: 1556.0012, Train Node Loss: 748.9871, Train Reg Loss: 8.0701, Train MAPE: 10.1421, Train R: 0.8356, Train RRSE: 0.6260, Test Loss: 1874.4212, Test Node Loss: 692.4372, Test Reg Loss: 11.8198, Test MAPE: 9.9674, Test R: 0.8331, Test RRSE: 0.7527
2025-02-10 15:16:44,465:INFO:Epoch 47: Train Loss: 1542.7408, Train Node Loss: 747.9241, Train Reg Loss: 7.9482, Train MAPE: 10.3440, Train R: 0.8321, Train RRSE: 0.6213, Test Loss: 1803.0702, Test Node Loss: 678.6581, Test Reg Loss: 11.2441, Test MAPE: 9.8819, Test R: 0.8328, Test RRSE: 0.7341
2025-02-10 15:17:04,562:INFO:Epoch 48: Train Loss: 1526.9330, Train Node Loss: 732.3967, Train Reg Loss: 7.9454, Train MAPE: 10.5039, Train R: 0.8298, Train RRSE: 0.6212, Test Loss: 2035.5242, Test Node Loss: 633.2287, Test Reg Loss: 14.0230, Test MAPE: 10.1638, Test R: 0.8321, Test RRSE: 0.8198
2025-02-10 15:17:24,713:INFO:Epoch 49: Train Loss: 1532.1843, Train Node Loss: 676.7448, Train Reg Loss: 8.5544, Train MAPE: 10.0558, Train R: 0.8255, Train RRSE: 0.6445, Test Loss: 2022.8332, Test Node Loss: 616.2530, Test Reg Loss: 14.0658, Test MAPE: 10.3012, Test R: 0.8309, Test RRSE: 0.8211
2025-02-10 15:17:45,034:INFO:Epoch 50: Train Loss: 1460.4960, Train Node Loss: 684.9144, Train Reg Loss: 7.7558, Train MAPE: 10.4550, Train R: 0.8267, Train RRSE: 0.6137, Test Loss: 1650.0266, Test Node Loss: 639.7233, Test Reg Loss: 10.1030, Test MAPE: 10.0656, Test R: 0.8300, Test RRSE: 0.6959
2025-02-10 15:18:05,498:INFO:Epoch 51: Train Loss: 1419.3122, Train Node Loss: 673.2655, Train Reg Loss: 7.4605, Train MAPE: 10.5373, Train R: 0.8349, Train RRSE: 0.6019, Test Loss: 1946.6321, Test Node Loss: 589.7615, Test Reg Loss: 13.5687, Test MAPE: 10.1933, Test R: 0.8293, Test RRSE: 0.8064
2025-02-10 15:18:26,073:INFO:Epoch 52: Train Loss: 1423.2526, Train Node Loss: 636.6918, Train Reg Loss: 7.8656, Train MAPE: 10.2861, Train R: 0.8293, Train RRSE: 0.6180, Test Loss: 1731.6757, Test Node Loss: 594.5202, Test Reg Loss: 11.3716, Test MAPE: 10.2156, Test R: 0.8291, Test RRSE: 0.7382
2025-02-10 15:18:47,424:INFO:Epoch 53: Train Loss: 1364.5320, Train Node Loss: 635.0830, Train Reg Loss: 7.2945, Train MAPE: 10.4554, Train R: 0.8377, Train RRSE: 0.5952, Test Loss: 1711.1428, Test Node Loss: 580.7719, Test Reg Loss: 11.3037, Test MAPE: 10.2270, Test R: 0.8293, Test RRSE: 0.7360
2025-02-10 15:19:08,861:INFO:Epoch 54: Train Loss: 1368.8175, Train Node Loss: 626.5834, Train Reg Loss: 7.4223, Train MAPE: 10.5927, Train R: 0.8287, Train RRSE: 0.6004, Test Loss: 1600.3494, Test Node Loss: 577.7368, Test Reg Loss: 10.2261, Test MAPE: 10.1100, Test R: 0.8300, Test RRSE: 0.7001
2025-02-10 15:19:29,385:INFO:Epoch 55: Train Loss: 1309.8048, Train Node Loss: 598.9384, Train Reg Loss: 7.1087, Train MAPE: 10.4923, Train R: 0.8434, Train RRSE: 0.5875, Test Loss: 1795.6973, Test Node Loss: 542.5527, Test Reg Loss: 12.5314, Test MAPE: 10.3924, Test R: 0.8300, Test RRSE: 0.7750
2025-02-10 15:19:49,527:INFO:Epoch 56: Train Loss: 1303.5698, Train Node Loss: 589.3026, Train Reg Loss: 7.1427, Train MAPE: 10.4860, Train R: 0.8420, Train RRSE: 0.5889, Test Loss: 1507.1393, Test Node Loss: 559.5741, Test Reg Loss: 9.4757, Test MAPE: 10.1960, Test R: 0.8302, Test RRSE: 0.6739
2025-02-10 15:20:09,542:INFO:Epoch 57: Train Loss: 1293.3652, Train Node Loss: 576.3431, Train Reg Loss: 7.1702, Train MAPE: 10.5685, Train R: 0.8350, Train RRSE: 0.5901, Test Loss: 1730.9176, Test Node Loss: 520.9948, Test Reg Loss: 12.0992, Test MAPE: 10.4162, Test R: 0.8300, Test RRSE: 0.7615
2025-02-10 15:20:29,870:INFO:Epoch 58: Train Loss: 1231.1148, Train Node Loss: 567.5410, Train Reg Loss: 6.6357, Train MAPE: 10.7237, Train R: 0.8468, Train RRSE: 0.5677, Test Loss: 1526.0969, Test Node Loss: 528.9832, Test Reg Loss: 9.9711, Test MAPE: 10.2694, Test R: 0.8297, Test RRSE: 0.6913
2025-02-10 15:20:50,553:INFO:Epoch 59: Train Loss: 1208.1322, Train Node Loss: 556.6423, Train Reg Loss: 6.5149, Train MAPE: 10.7065, Train R: 0.8520, Train RRSE: 0.5625, Test Loss: 1691.6164, Test Node Loss: 498.7038, Test Reg Loss: 11.9291, Test MAPE: 10.3869, Test R: 0.8309, Test RRSE: 0.7561
2025-02-10 15:21:11,127:INFO:Epoch 60: Train Loss: 1200.6066, Train Node Loss: 530.9873, Train Reg Loss: 6.6962, Train MAPE: 10.5729, Train R: 0.8527, Train RRSE: 0.5702, Test Loss: 1510.9626, Test Node Loss: 503.5468, Test Reg Loss: 10.0742, Test MAPE: 10.2828, Test R: 0.8317, Test RRSE: 0.6949
2025-02-10 15:21:31,469:INFO:Epoch 61: Train Loss: 1218.3522, Train Node Loss: 547.0540, Train Reg Loss: 6.7130, Train MAPE: 11.0368, Train R: 0.8452, Train RRSE: 0.5710, Test Loss: 1497.8027, Test Node Loss: 494.2114, Test Reg Loss: 10.0359, Test MAPE: 10.3391, Test R: 0.8320, Test RRSE: 0.6935
2025-02-10 15:21:52,135:INFO:Epoch 62: Train Loss: 1157.0471, Train Node Loss: 513.3460, Train Reg Loss: 6.4370, Train MAPE: 10.6482, Train R: 0.8536, Train RRSE: 0.5591, Test Loss: 2025.2073, Test Node Loss: 443.7662, Test Reg Loss: 15.8144, Test MAPE: 10.8788, Test R: 0.8308, Test RRSE: 0.8706
2025-02-10 15:22:12,998:INFO:Epoch 63: Train Loss: 1185.9347, Train Node Loss: 497.6614, Train Reg Loss: 6.8827, Train MAPE: 10.5791, Train R: 0.8433, Train RRSE: 0.5781, Test Loss: 1337.2128, Test Node Loss: 492.5568, Test Reg Loss: 8.4466, Test MAPE: 10.2030, Test R: 0.8321, Test RRSE: 0.6363
2025-02-10 15:22:33,712:INFO:Epoch 64: Train Loss: 1169.5424, Train Node Loss: 518.8319, Train Reg Loss: 6.5071, Train MAPE: 11.0914, Train R: 0.8537, Train RRSE: 0.5621, Test Loss: 1782.7333, Test Node Loss: 441.5849, Test Reg Loss: 13.4115, Test MAPE: 10.7539, Test R: 0.8301, Test RRSE: 0.8017
2025-02-10 15:22:54,538:INFO:Epoch 65: Train Loss: 1206.1466, Train Node Loss: 469.7626, Train Reg Loss: 7.3638, Train MAPE: 10.4957, Train R: 0.8420, Train RRSE: 0.5980, Test Loss: 1556.0510, Test Node Loss: 449.8831, Test Reg Loss: 11.0617, Test MAPE: 10.5666, Test R: 0.8303, Test RRSE: 0.7281
2025-02-10 15:23:15,633:INFO:Epoch 66: Train Loss: 1129.6107, Train Node Loss: 504.8639, Train Reg Loss: 6.2475, Train MAPE: 11.2815, Train R: 0.8595, Train RRSE: 0.5508, Test Loss: 1362.9584, Test Node Loss: 460.9284, Test Reg Loss: 9.0203, Test MAPE: 10.4364, Test R: 0.8307, Test RRSE: 0.6575
2025-02-10 15:23:36,821:INFO:Epoch 67: Train Loss: 1139.8436, Train Node Loss: 468.2188, Train Reg Loss: 6.7162, Train MAPE: 10.8736, Train R: 0.8370, Train RRSE: 0.5711, Test Loss: 1981.4745, Test Node Loss: 407.9823, Test Reg Loss: 15.7349, Test MAPE: 11.1403, Test R: 0.8287, Test RRSE: 0.8684
2025-02-10 15:23:57,988:INFO:Epoch 68: Train Loss: 1160.9946, Train Node Loss: 468.7963, Train Reg Loss: 6.9220, Train MAPE: 10.9403, Train R: 0.8283, Train RRSE: 0.5798, Test Loss: 1233.6533, Test Node Loss: 463.0384, Test Reg Loss: 7.7061, Test MAPE: 10.5291, Test R: 0.8311, Test RRSE: 0.6077
2025-02-10 15:24:19,166:INFO:Epoch 69: Train Loss: 1050.0573, Train Node Loss: 474.6046, Train Reg Loss: 5.7545, Train MAPE: 11.0891, Train R: 0.8675, Train RRSE: 0.5286, Test Loss: 1853.1682, Test Node Loss: 399.8395, Test Reg Loss: 14.5333, Test MAPE: 10.9989, Test R: 0.8300, Test RRSE: 0.8346
2025-02-10 15:24:40,375:INFO:Epoch 70: Train Loss: 1115.6382, Train Node Loss: 430.2686, Train Reg Loss: 6.8537, Train MAPE: 10.7613, Train R: 0.8568, Train RRSE: 0.5769, Test Loss: 1285.4816, Test Node Loss: 435.9316, Test Reg Loss: 8.4955, Test MAPE: 10.5685, Test R: 0.8321, Test RRSE: 0.6381
2025-02-10 15:25:01,400:INFO:Epoch 71: Train Loss: 1084.1571, Train Node Loss: 467.9368, Train Reg Loss: 6.1622, Train MAPE: 11.3706, Train R: 0.8588, Train RRSE: 0.5470, Test Loss: 1355.7377, Test Node Loss: 421.0465, Test Reg Loss: 9.3469, Test MAPE: 10.6462, Test R: 0.8318, Test RRSE: 0.6693
2025-02-10 15:25:22,217:INFO:Epoch 72: Train Loss: 1027.0711, Train Node Loss: 431.6391, Train Reg Loss: 5.9543, Train MAPE: 10.8341, Train R: 0.8644, Train RRSE: 0.5377, Test Loss: 1682.6212, Test Node Loss: 388.8724, Test Reg Loss: 12.9375, Test MAPE: 10.9668, Test R: 0.8313, Test RRSE: 0.7874
2025-02-10 15:25:43,314:INFO:Epoch 73: Train Loss: 995.0250, Train Node Loss: 425.1292, Train Reg Loss: 5.6990, Train MAPE: 10.8829, Train R: 0.8717, Train RRSE: 0.5261, Test Loss: 1233.9641, Test Node Loss: 418.4826, Test Reg Loss: 8.1548, Test MAPE: 10.5864, Test R: 0.8329, Test RRSE: 0.6252
2025-02-10 15:26:04,057:INFO:Epoch 74: Train Loss: 1046.9362, Train Node Loss: 428.4530, Train Reg Loss: 6.1848, Train MAPE: 11.0245, Train R: 0.8493, Train RRSE: 0.5480, Test Loss: 1358.0446, Test Node Loss: 397.1299, Test Reg Loss: 9.6091, Test MAPE: 10.4991, Test R: 0.8334, Test RRSE: 0.6786
2025-02-10 15:26:25,104:INFO:Epoch 75: Train Loss: 984.1978, Train Node Loss: 423.5725, Train Reg Loss: 5.6063, Train MAPE: 10.9423, Train R: 0.8721, Train RRSE: 0.5218, Test Loss: 1277.6280, Test Node Loss: 398.3320, Test Reg Loss: 8.7930, Test MAPE: 10.6561, Test R: 0.8332, Test RRSE: 0.6492
2025-02-10 15:26:46,391:INFO:Epoch 76: Train Loss: 973.1948, Train Node Loss: 411.7135, Train Reg Loss: 5.6148, Train MAPE: 10.9489, Train R: 0.8695, Train RRSE: 0.5222, Test Loss: 1492.4982, Test Node Loss: 374.5623, Test Reg Loss: 11.1794, Test MAPE: 10.8506, Test R: 0.8325, Test RRSE: 0.7320
2025-02-10 15:27:07,610:INFO:Epoch 77: Train Loss: 969.0855, Train Node Loss: 405.5174, Train Reg Loss: 5.6357, Train MAPE: 11.0338, Train R: 0.8668, Train RRSE: 0.5231, Test Loss: 1228.0072, Test Node Loss: 389.4141, Test Reg Loss: 8.3859, Test MAPE: 10.7607, Test R: 0.8342, Test RRSE: 0.6340
2025-02-10 15:27:28,666:INFO:Epoch 78: Train Loss: 960.9396, Train Node Loss: 399.5158, Train Reg Loss: 5.6142, Train MAPE: 11.0582, Train R: 0.8677, Train RRSE: 0.5221, Test Loss: 1334.8099, Test Node Loss: 372.2901, Test Reg Loss: 9.6252, Test MAPE: 10.7070, Test R: 0.8339, Test RRSE: 0.6792
2025-02-10 15:27:50,022:INFO:Epoch 79: Train Loss: 925.0175, Train Node Loss: 393.7649, Train Reg Loss: 5.3125, Train MAPE: 11.0453, Train R: 0.8768, Train RRSE: 0.5079, Test Loss: 1170.4266, Test Node Loss: 381.5508, Test Reg Loss: 7.8888, Test MAPE: 10.7830, Test R: 0.8354, Test RRSE: 0.6149
2025-02-10 15:28:11,019:INFO:Epoch 80: Train Loss: 974.7121, Train Node Loss: 393.4458, Train Reg Loss: 5.8127, Train MAPE: 11.1717, Train R: 0.8598, Train RRSE: 0.5313, Test Loss: 1518.4048, Test Node Loss: 348.5403, Test Reg Loss: 11.6986, Test MAPE: 11.0086, Test R: 0.8335, Test RRSE: 0.7488
2025-02-10 15:28:32,082:INFO:Epoch 81: Train Loss: 931.8515, Train Node Loss: 377.1957, Train Reg Loss: 5.5466, Train MAPE: 10.9807, Train R: 0.8708, Train RRSE: 0.5190, Test Loss: 1339.5660, Test Node Loss: 354.2150, Test Reg Loss: 9.8535, Test MAPE: 10.9076, Test R: 0.8345, Test RRSE: 0.6872
2025-02-10 15:28:53,241:INFO:Epoch 82: Train Loss: 905.1537, Train Node Loss: 379.1801, Train Reg Loss: 5.2597, Train MAPE: 11.1293, Train R: 0.8777, Train RRSE: 0.5054, Test Loss: 1219.7742, Test Node Loss: 357.7239, Test Reg Loss: 8.6205, Test MAPE: 10.8188, Test R: 0.8363, Test RRSE: 0.6428
2025-02-10 15:29:14,986:INFO:Epoch 83: Train Loss: 912.7932, Train Node Loss: 375.8388, Train Reg Loss: 5.3695, Train MAPE: 11.1675, Train R: 0.8721, Train RRSE: 0.5106, Test Loss: 1547.0493, Test Node Loss: 330.1514, Test Reg Loss: 12.1690, Test MAPE: 11.0851, Test R: 0.8361, Test RRSE: 0.7637
2025-02-10 15:29:36,302:INFO:Epoch 84: Train Loss: 919.4994, Train Node Loss: 349.5511, Train Reg Loss: 5.6995, Train MAPE: 10.9776, Train R: 0.8776, Train RRSE: 0.5261, Test Loss: 1136.0146, Test Node Loss: 353.3471, Test Reg Loss: 7.8267, Test MAPE: 10.8205, Test R: 0.8388, Test RRSE: 0.6125
2025-02-10 15:29:58,025:INFO:Epoch 85: Train Loss: 917.0500, Train Node Loss: 372.9417, Train Reg Loss: 5.4411, Train MAPE: 11.3782, Train R: 0.8758, Train RRSE: 0.5140, Test Loss: 1206.7153, Test Node Loss: 342.8773, Test Reg Loss: 8.6384, Test MAPE: 10.8415, Test R: 0.8384, Test RRSE: 0.6434
2025-02-10 15:30:19,346:INFO:Epoch 86: Train Loss: 896.9382, Train Node Loss: 347.1198, Train Reg Loss: 5.4982, Train MAPE: 11.0396, Train R: 0.8732, Train RRSE: 0.5167, Test Loss: 1708.9772, Test Node Loss: 310.9211, Test Reg Loss: 13.9806, Test MAPE: 11.2489, Test R: 0.8364, Test RRSE: 0.8186
2025-02-10 15:30:40,531:INFO:Epoch 87: Train Loss: 902.2736, Train Node Loss: 355.3337, Train Reg Loss: 5.4694, Train MAPE: 11.3565, Train R: 0.8663, Train RRSE: 0.5154, Test Loss: 1082.9334, Test Node Loss: 346.3633, Test Reg Loss: 7.3657, Test MAPE: 10.9542, Test R: 0.8393, Test RRSE: 0.5942
2025-02-10 15:31:01,743:INFO:Epoch 88: Train Loss: 884.9102, Train Node Loss: 344.8594, Train Reg Loss: 5.4005, Train MAPE: 11.1866, Train R: 0.8686, Train RRSE: 0.5121, Test Loss: 1769.7089, Test Node Loss: 299.1016, Test Reg Loss: 14.7061, Test MAPE: 11.6348, Test R: 0.8378, Test RRSE: 0.8395
2025-02-10 15:31:22,812:INFO:Epoch 89: Train Loss: 856.7850, Train Node Loss: 331.8095, Train Reg Loss: 5.2498, Train MAPE: 11.0563, Train R: 0.8791, Train RRSE: 0.5049, Test Loss: 996.4526, Test Node Loss: 348.0562, Test Reg Loss: 6.4840, Test MAPE: 11.0515, Test R: 0.8422, Test RRSE: 0.5575
2025-02-10 15:31:43,901:INFO:Epoch 90: Train Loss: 874.2781, Train Node Loss: 347.8806, Train Reg Loss: 5.2640, Train MAPE: 11.4325, Train R: 0.8798, Train RRSE: 0.5056, Test Loss: 1253.7528, Test Node Loss: 311.9877, Test Reg Loss: 9.4177, Test MAPE: 10.9620, Test R: 0.8430, Test RRSE: 0.6718
2025-02-10 15:32:05,159:INFO:Epoch 91: Train Loss: 833.5881, Train Node Loss: 321.9544, Train Reg Loss: 5.1163, Train MAPE: 11.0541, Train R: 0.8863, Train RRSE: 0.4984, Test Loss: 1092.1277, Test Node Loss: 320.5079, Test Reg Loss: 7.7162, Test MAPE: 10.9092, Test R: 0.8432, Test RRSE: 0.6081
2025-02-10 15:32:26,470:INFO:Epoch 92: Train Loss: 867.5599, Train Node Loss: 331.6202, Train Reg Loss: 5.3594, Train MAPE: 11.1924, Train R: 0.8732, Train RRSE: 0.5102, Test Loss: 1128.8362, Test Node Loss: 313.4799, Test Reg Loss: 8.1536, Test MAPE: 10.9710, Test R: 0.8428, Test RRSE: 0.6251
2025-02-10 15:32:47,478:INFO:Epoch 93: Train Loss: 852.9639, Train Node Loss: 318.4154, Train Reg Loss: 5.3455, Train MAPE: 11.1691, Train R: 0.8716, Train RRSE: 0.5095, Test Loss: 1218.6836, Test Node Loss: 301.6145, Test Reg Loss: 9.1707, Test MAPE: 11.0454, Test R: 0.8432, Test RRSE: 0.6630
2025-02-10 15:33:08,567:INFO:Epoch 94: Train Loss: 827.5913, Train Node Loss: 324.6415, Train Reg Loss: 5.0295, Train MAPE: 11.3377, Train R: 0.8810, Train RRSE: 0.4942, Test Loss: 1017.7590, Test Node Loss: 313.5672, Test Reg Loss: 7.0419, Test MAPE: 10.9237, Test R: 0.8451, Test RRSE: 0.5809
2025-02-10 15:33:29,628:INFO:Epoch 95: Train Loss: 807.6797, Train Node Loss: 314.3307, Train Reg Loss: 4.9335, Train MAPE: 11.1644, Train R: 0.8838, Train RRSE: 0.4895, Test Loss: 1456.5255, Test Node Loss: 281.2702, Test Reg Loss: 11.7526, Test MAPE: 11.3558, Test R: 0.8436, Test RRSE: 0.7505
2025-02-10 15:33:51,134:INFO:Epoch 96: Train Loss: 847.9266, Train Node Loss: 302.6995, Train Reg Loss: 5.4523, Train MAPE: 11.1940, Train R: 0.8696, Train RRSE: 0.5146, Test Loss: 940.3292, Test Node Loss: 322.6190, Test Reg Loss: 6.1771, Test MAPE: 11.1147, Test R: 0.8465, Test RRSE: 0.5441
2025-02-10 15:34:12,072:INFO:Epoch 97: Train Loss: 858.8597, Train Node Loss: 323.0804, Train Reg Loss: 5.3578, Train MAPE: 11.5264, Train R: 0.8832, Train RRSE: 0.5101, Test Loss: 1583.6105, Test Node Loss: 269.4498, Test Reg Loss: 13.1416, Test MAPE: 11.3844, Test R: 0.8445, Test RRSE: 0.7936
2025-02-10 15:34:32,853:INFO:Epoch 98: Train Loss: 940.8306, Train Node Loss: 279.0786, Train Reg Loss: 6.6175, Train MAPE: 10.9601, Train R: 0.8777, Train RRSE: 0.5669, Test Loss: 1094.0156, Test Node Loss: 291.6680, Test Reg Loss: 8.0235, Test MAPE: 10.9661, Test R: 0.8459, Test RRSE: 0.6201
2025-02-10 15:34:53,669:INFO:Epoch 99: Train Loss: 858.1305, Train Node Loss: 317.3307, Train Reg Loss: 5.4080, Train MAPE: 11.7070, Train R: 0.8822, Train RRSE: 0.5125, Test Loss: 955.6550, Test Node Loss: 302.9927, Test Reg Loss: 6.5266, Test MAPE: 11.1356, Test R: 0.8472, Test RRSE: 0.5593
2025-02-10 15:35:14,519:INFO:Epoch 100: Train Loss: 917.5632, Train Node Loss: 288.9806, Train Reg Loss: 6.2858, Train MAPE: 11.2398, Train R: 0.8442, Train RRSE: 0.5525, Test Loss: 1395.8354, Test Node Loss: 267.4476, Test Reg Loss: 11.2839, Test MAPE: 11.2865, Test R: 0.8468, Test RRSE: 0.7354
2025-02-10 15:35:35,242:INFO:Epoch 101: Train Loss: 851.1566, Train Node Loss: 301.7958, Train Reg Loss: 5.4936, Train MAPE: 11.6230, Train R: 0.8649, Train RRSE: 0.5165, Test Loss: 923.1439, Test Node Loss: 302.5944, Test Reg Loss: 6.2055, Test MAPE: 11.1964, Test R: 0.8486, Test RRSE: 0.5454
2025-02-10 15:35:56,222:INFO:Epoch 102: Train Loss: 762.4046, Train Node Loss: 292.3446, Train Reg Loss: 4.7006, Train MAPE: 11.3158, Train R: 0.8870, Train RRSE: 0.4778, Test Loss: 1883.6330, Test Node Loss: 248.5385, Test Reg Loss: 16.3509, Test MAPE: 12.0468, Test R: 0.8456, Test RRSE: 0.8852
2025-02-10 15:36:17,678:INFO:Epoch 103: Train Loss: 790.0087, Train Node Loss: 278.6091, Train Reg Loss: 5.1140, Train MAPE: 11.0519, Train R: 0.8868, Train RRSE: 0.4983, Test Loss: 993.3632, Test Node Loss: 286.1396, Test Reg Loss: 7.0722, Test MAPE: 11.0772, Test R: 0.8482, Test RRSE: 0.5822
2025-02-10 15:36:38,639:INFO:Epoch 104: Train Loss: 776.7003, Train Node Loss: 295.8795, Train Reg Loss: 4.8082, Train MAPE: 11.5181, Train R: 0.8897, Train RRSE: 0.4832, Test Loss: 1103.9304, Test Node Loss: 271.4740, Test Reg Loss: 8.3246, Test MAPE: 11.0792, Test R: 0.8489, Test RRSE: 0.6316
2025-02-10 15:36:59,817:INFO:Epoch 105: Train Loss: 767.6023, Train Node Loss: 276.9787, Train Reg Loss: 4.9062, Train MAPE: 11.1529, Train R: 0.8859, Train RRSE: 0.4881, Test Loss: 1168.7309, Test Node Loss: 261.9130, Test Reg Loss: 9.0682, Test MAPE: 11.1585, Test R: 0.8498, Test RRSE: 0.6593
2025-02-10 15:37:20,908:INFO:Epoch 106: Train Loss: 791.5146, Train Node Loss: 278.4334, Train Reg Loss: 5.1308, Train MAPE: 11.2340, Train R: 0.8765, Train RRSE: 0.4992, Test Loss: 992.0081, Test Node Loss: 268.8397, Test Reg Loss: 7.2317, Test MAPE: 11.0457, Test R: 0.8514, Test RRSE: 0.5887
2025-02-10 15:37:41,902:INFO:Epoch 107: Train Loss: 759.7786, Train Node Loss: 268.4836, Train Reg Loss: 4.9130, Train MAPE: 11.0869, Train R: 0.8887, Train RRSE: 0.4884, Test Loss: 996.0578, Test Node Loss: 264.4955, Test Reg Loss: 7.3156, Test MAPE: 11.0418, Test R: 0.8520, Test RRSE: 0.5921
2025-02-10 15:38:02,372:INFO:Epoch 108: Train Loss: 730.4631, Train Node Loss: 275.0923, Train Reg Loss: 4.5537, Train MAPE: 11.3605, Train R: 0.8951, Train RRSE: 0.4702, Test Loss: 1036.4032, Test Node Loss: 261.2325, Test Reg Loss: 7.7517, Test MAPE: 11.0961, Test R: 0.8519, Test RRSE: 0.6095
2025-02-10 15:38:22,904:INFO:Epoch 109: Train Loss: 733.5149, Train Node Loss: 270.7140, Train Reg Loss: 4.6280, Train MAPE: 11.3132, Train R: 0.8914, Train RRSE: 0.4741, Test Loss: 1403.0972, Test Node Loss: 242.2679, Test Reg Loss: 11.6083, Test MAPE: 11.4604, Test R: 0.8501, Test RRSE: 0.7459
2025-02-10 15:38:43,436:INFO:Epoch 110: Train Loss: 733.7909, Train Node Loss: 260.8930, Train Reg Loss: 4.7290, Train MAPE: 11.2288, Train R: 0.8909, Train RRSE: 0.4792, Test Loss: 1110.9432, Test Node Loss: 251.7062, Test Reg Loss: 8.5924, Test MAPE: 11.1938, Test R: 0.8512, Test RRSE: 0.6417
2025-02-10 15:39:03,633:INFO:Epoch 111: Train Loss: 711.5301, Train Node Loss: 271.2518, Train Reg Loss: 4.4028, Train MAPE: 11.5207, Train R: 0.8992, Train RRSE: 0.4624, Test Loss: 1187.2250, Test Node Loss: 244.5527, Test Reg Loss: 9.4267, Test MAPE: 11.1632, Test R: 0.8515, Test RRSE: 0.6722
2025-02-10 15:39:23,873:INFO:Epoch 112: Train Loss: 801.4820, Train Node Loss: 248.3480, Train Reg Loss: 5.5313, Train MAPE: 11.1723, Train R: 0.8758, Train RRSE: 0.5183, Test Loss: 1069.4283, Test Node Loss: 245.8338, Test Reg Loss: 8.2359, Test MAPE: 11.2023, Test R: 0.8524, Test RRSE: 0.6283
2025-02-10 15:39:43,864:INFO:Epoch 113: Train Loss: 905.5318, Train Node Loss: 274.9577, Train Reg Loss: 6.3057, Train MAPE: 12.0490, Train R: 0.8602, Train RRSE: 0.5534, Test Loss: 971.9855, Test Node Loss: 249.9289, Test Reg Loss: 7.2206, Test MAPE: 11.0697, Test R: 0.8530, Test RRSE: 0.5883
2025-02-10 15:40:04,121:INFO:Epoch 114: Train Loss: 803.9614, Train Node Loss: 238.5120, Train Reg Loss: 5.6545, Train MAPE: 11.2558, Train R: 0.8810, Train RRSE: 0.5240, Test Loss: 1656.4551, Test Node Loss: 219.5456, Test Reg Loss: 14.3691, Test MAPE: 11.8414, Test R: 0.8508, Test RRSE: 0.8299
2025-02-10 15:40:24,252:INFO:Epoch 115: Train Loss: 710.2463, Train Node Loss: 249.2210, Train Reg Loss: 4.6103, Train MAPE: 11.2285, Train R: 0.8905, Train RRSE: 0.4732, Test Loss: 857.8369, Test Node Loss: 270.6405, Test Reg Loss: 5.8720, Test MAPE: 11.5334, Test R: 0.8534, Test RRSE: 0.5305
2025-02-10 15:40:44,469:INFO:Epoch 116: Train Loss: 738.7758, Train Node Loss: 263.1043, Train Reg Loss: 4.7567, Train MAPE: 11.7282, Train R: 0.8972, Train RRSE: 0.4806, Test Loss: 1681.1786, Test Node Loss: 214.4638, Test Reg Loss: 14.6671, Test MAPE: 11.9108, Test R: 0.8511, Test RRSE: 0.8384
2025-02-10 15:41:04,489:INFO:Epoch 117: Train Loss: 784.4064, Train Node Loss: 227.2393, Train Reg Loss: 5.5717, Train MAPE: 11.1276, Train R: 0.8951, Train RRSE: 0.5202, Test Loss: 935.3834, Test Node Loss: 240.4318, Test Reg Loss: 6.9495, Test MAPE: 11.1504, Test R: 0.8535, Test RRSE: 0.5771
2025-02-10 15:41:24,463:INFO:Epoch 118: Train Loss: 813.0238, Train Node Loss: 259.7796, Train Reg Loss: 5.5324, Train MAPE: 12.0186, Train R: 0.8825, Train RRSE: 0.5183, Test Loss: 892.2510, Test Node Loss: 241.7230, Test Reg Loss: 6.5053, Test MAPE: 11.2049, Test R: 0.8547, Test RRSE: 0.5584
2025-02-10 15:41:44,580:INFO:Epoch 119: Train Loss: 898.9484, Train Node Loss: 224.6052, Train Reg Loss: 6.7434, Train MAPE: 11.3901, Train R: 0.8479, Train RRSE: 0.5722, Test Loss: 1558.1343, Test Node Loss: 209.9892, Test Reg Loss: 13.4815, Test MAPE: 11.7422, Test R: 0.8541, Test RRSE: 0.8038
2025-02-10 15:42:04,786:INFO:Epoch 120: Train Loss: 725.3012, Train Node Loss: 245.0700, Train Reg Loss: 4.8023, Train MAPE: 11.5957, Train R: 0.8838, Train RRSE: 0.4829, Test Loss: 845.0993, Test Node Loss: 258.8787, Test Reg Loss: 5.8622, Test MAPE: 11.6068, Test R: 0.8548, Test RRSE: 0.5301
2025-02-10 15:42:24,995:INFO:Epoch 121: Train Loss: 791.4165, Train Node Loss: 237.8568, Train Reg Loss: 5.5356, Train MAPE: 11.6038, Train R: 0.8584, Train RRSE: 0.5185, Test Loss: 1643.8891, Test Node Loss: 201.5734, Test Reg Loss: 14.4232, Test MAPE: 11.9543, Test R: 0.8549, Test RRSE: 0.8314
2025-02-10 15:42:45,215:INFO:Epoch 122: Train Loss: 733.7729, Train Node Loss: 223.7569, Train Reg Loss: 5.1002, Train MAPE: 11.2507, Train R: 0.8819, Train RRSE: 0.4977, Test Loss: 817.5067, Test Node Loss: 241.7815, Test Reg Loss: 5.7573, Test MAPE: 11.3434, Test R: 0.8564, Test RRSE: 0.5253
2025-02-10 15:43:05,174:INFO:Epoch 123: Train Loss: 744.4230, Train Node Loss: 235.9728, Train Reg Loss: 5.0845, Train MAPE: 11.5855, Train R: 0.8785, Train RRSE: 0.4969, Test Loss: 1205.5092, Test Node Loss: 209.4897, Test Reg Loss: 9.9602, Test MAPE: 11.3722, Test R: 0.8554, Test RRSE: 0.6909
2025-02-10 15:43:24,979:INFO:Epoch 124: Train Loss: 690.7542, Train Node Loss: 226.2462, Train Reg Loss: 4.6451, Train MAPE: 11.3585, Train R: 0.8883, Train RRSE: 0.4749, Test Loss: 1035.3794, Test Node Loss: 214.5500, Test Reg Loss: 8.2083, Test MAPE: 11.2815, Test R: 0.8562, Test RRSE: 0.6272
2025-02-10 15:43:44,861:INFO:Epoch 125: Train Loss: 685.5480, Train Node Loss: 217.5766, Train Reg Loss: 4.6797, Train MAPE: 11.2268, Train R: 0.8924, Train RRSE: 0.4767, Test Loss: 1258.0578, Test Node Loss: 202.8928, Test Reg Loss: 10.5517, Test MAPE: 11.5336, Test R: 0.8564, Test RRSE: 0.7111
2025-02-10 15:44:04,980:INFO:Epoch 126: Train Loss: 738.6409, Train Node Loss: 228.0489, Train Reg Loss: 5.1059, Train MAPE: 11.6939, Train R: 0.8761, Train RRSE: 0.4979, Test Loss: 958.1927, Test Node Loss: 215.0992, Test Reg Loss: 7.4309, Test MAPE: 11.3137, Test R: 0.8570, Test RRSE: 0.5968
2025-02-10 15:44:25,321:INFO:Epoch 127: Train Loss: 668.3480, Train Node Loss: 214.4377, Train Reg Loss: 4.5391, Train MAPE: 11.3002, Train R: 0.8911, Train RRSE: 0.4695, Test Loss: 1586.0352, Test Node Loss: 187.3585, Test Reg Loss: 13.9868, Test MAPE: 11.8602, Test R: 0.8565, Test RRSE: 0.8187
2025-02-10 15:44:45,942:INFO:Epoch 128: Train Loss: 659.1237, Train Node Loss: 207.5193, Train Reg Loss: 4.5160, Train MAPE: 11.0855, Train R: 0.8992, Train RRSE: 0.4683, Test Loss: 790.0241, Test Node Loss: 226.9975, Test Reg Loss: 5.6303, Test MAPE: 11.5103, Test R: 0.8585, Test RRSE: 0.5195
2025-02-10 15:45:06,547:INFO:Epoch 129: Train Loss: 704.2288, Train Node Loss: 224.1171, Train Reg Loss: 4.8011, Train MAPE: 11.8341, Train R: 0.8944, Train RRSE: 0.4828, Test Loss: 1100.4442, Test Node Loss: 197.1507, Test Reg Loss: 9.0329, Test MAPE: 11.3690, Test R: 0.8584, Test RRSE: 0.6580
2025-02-10 15:45:27,315:INFO:Epoch 130: Train Loss: 624.6139, Train Node Loss: 202.7586, Train Reg Loss: 4.2186, Train MAPE: 11.2595, Train R: 0.9083, Train RRSE: 0.4526, Test Loss: 989.5944, Test Node Loss: 199.3092, Test Reg Loss: 7.9029, Test MAPE: 11.2481, Test R: 0.8584, Test RRSE: 0.6154
2025-02-10 15:45:48,413:INFO:Epoch 131: Train Loss: 691.9150, Train Node Loss: 209.3875, Train Reg Loss: 4.8253, Train MAPE: 11.3432, Train R: 0.8820, Train RRSE: 0.4841, Test Loss: 821.1086, Test Node Loss: 209.0311, Test Reg Loss: 6.1208, Test MAPE: 11.2759, Test R: 0.8587, Test RRSE: 0.5416
2025-02-10 15:46:09,553:INFO:Epoch 132: Train Loss: 618.1190, Train Node Loss: 206.5999, Train Reg Loss: 4.1152, Train MAPE: 11.5308, Train R: 0.9024, Train RRSE: 0.4470, Test Loss: 1447.7450, Test Node Loss: 179.7171, Test Reg Loss: 12.6803, Test MAPE: 11.8468, Test R: 0.8576, Test RRSE: 0.7796
2025-02-10 15:46:30,708:INFO:Epoch 133: Train Loss: 642.4717, Train Node Loss: 195.1842, Train Reg Loss: 4.4729, Train MAPE: 11.3286, Train R: 0.8987, Train RRSE: 0.4661, Test Loss: 814.8916, Test Node Loss: 203.0065, Test Reg Loss: 6.1189, Test MAPE: 11.3093, Test R: 0.8594, Test RRSE: 0.5415
2025-02-10 15:46:51,776:INFO:Epoch 134: Train Loss: 647.4122, Train Node Loss: 205.5335, Train Reg Loss: 4.4188, Train MAPE: 11.6341, Train R: 0.8959, Train RRSE: 0.4632, Test Loss: 1004.1864, Test Node Loss: 189.4603, Test Reg Loss: 8.1473, Test MAPE: 11.3380, Test R: 0.8598, Test RRSE: 0.6249
2025-02-10 15:46:51,812:INFO:Checkpoint saved at best_0.0008_0.001_256_SAGE_2_64_0.8598_epoch_134.pth
2025-02-10 15:47:12,195:INFO:Epoch 135: Train Loss: 630.7897, Train Node Loss: 195.8711, Train Reg Loss: 4.3492, Train MAPE: 11.3894, Train R: 0.8966, Train RRSE: 0.4596, Test Loss: 1283.6912, Test Node Loss: 177.5331, Test Reg Loss: 11.0616, Test MAPE: 11.7565, Test R: 0.8603, Test RRSE: 0.7281
2025-02-10 15:47:12,234:INFO:Checkpoint saved at best_0.0008_0.001_256_SAGE_2_64_0.8603_epoch_135.pth
2025-02-10 15:47:32,651:INFO:Epoch 136: Train Loss: 634.0562, Train Node Loss: 194.0167, Train Reg Loss: 4.4004, Train MAPE: 11.4084, Train R: 0.8943, Train RRSE: 0.4623, Test Loss: 786.2448, Test Node Loss: 196.9380, Test Reg Loss: 5.8931, Test MAPE: 11.2609, Test R: 0.8613, Test RRSE: 0.5314
2025-02-10 15:47:32,719:INFO:Checkpoint saved at best_0.0008_0.001_256_SAGE_2_64_0.8613_epoch_136.pth
2025-02-10 15:47:53,040:INFO:Epoch 137: Train Loss: 604.4702, Train Node Loss: 195.5514, Train Reg Loss: 4.0892, Train MAPE: 11.4368, Train R: 0.9056, Train RRSE: 0.4456, Test Loss: 1263.3594, Test Node Loss: 173.1274, Test Reg Loss: 10.9023, Test MAPE: 11.6050, Test R: 0.8609, Test RRSE: 0.7229
2025-02-10 15:48:13,512:INFO:Epoch 138: Train Loss: 613.3494, Train Node Loss: 184.5145, Train Reg Loss: 4.2883, Train MAPE: 11.3625, Train R: 0.9026, Train RRSE: 0.4563, Test Loss: 946.8619, Test Node Loss: 183.8796, Test Reg Loss: 7.6298, Test MAPE: 11.3833, Test R: 0.8617, Test RRSE: 0.6047
2025-02-10 15:48:13,546:INFO:Checkpoint saved at best_0.0008_0.001_256_SAGE_2_64_0.8617_epoch_138.pth
2025-02-10 15:48:33,954:INFO:Epoch 139: Train Loss: 630.7679, Train Node Loss: 192.2462, Train Reg Loss: 4.3852, Train MAPE: 11.5680, Train R: 0.8944, Train RRSE: 0.4615, Test Loss: 1125.7594, Test Node Loss: 174.3619, Test Reg Loss: 9.5140, Test MAPE: 11.5862, Test R: 0.8620, Test RRSE: 0.6753
2025-02-10 15:48:34,084:INFO:Checkpoint saved at best_0.0008_0.001_256_SAGE_2_64_0.8620_epoch_139.pth
2025-02-10 15:48:54,529:INFO:Epoch 140: Train Loss: 592.7176, Train Node Loss: 187.2897, Train Reg Loss: 4.0543, Train MAPE: 11.5732, Train R: 0.9022, Train RRSE: 0.4437, Test Loss: 1013.3809, Test Node Loss: 174.7482, Test Reg Loss: 8.3863, Test MAPE: 11.4649, Test R: 0.8632, Test RRSE: 0.6340
2025-02-10 15:48:54,557:INFO:Checkpoint saved at best_0.0008_0.001_256_SAGE_2_64_0.8632_epoch_140.pth
2025-02-10 15:49:15,198:INFO:Epoch 141: Train Loss: 581.5512, Train Node Loss: 183.2779, Train Reg Loss: 3.9827, Train MAPE: 11.4708, Train R: 0.9063, Train RRSE: 0.4398, Test Loss: 1102.2317, Test Node Loss: 169.4455, Test Reg Loss: 9.3279, Test MAPE: 11.5955, Test R: 0.8641, Test RRSE: 0.6686
2025-02-10 15:49:15,241:INFO:Checkpoint saved at best_0.0008_0.001_256_SAGE_2_64_0.8641_epoch_141.pth
2025-02-10 15:49:35,673:INFO:Epoch 142: Train Loss: 569.3029, Train Node Loss: 178.9482, Train Reg Loss: 3.9035, Train MAPE: 11.4873, Train R: 0.9089, Train RRSE: 0.4354, Test Loss: 819.5460, Test Node Loss: 178.8926, Test Reg Loss: 6.4065, Test MAPE: 11.2400, Test R: 0.8649, Test RRSE: 0.5541
2025-02-10 15:49:35,713:INFO:Checkpoint saved at best_0.0008_0.001_256_SAGE_2_64_0.8649_epoch_142.pth
2025-02-10 15:49:56,156:INFO:Epoch 143: Train Loss: 583.8448, Train Node Loss: 185.4285, Train Reg Loss: 3.9842, Train MAPE: 11.6385, Train R: 0.9085, Train RRSE: 0.4399, Test Loss: 1374.8024, Test Node Loss: 159.6304, Test Reg Loss: 12.1517, Test MAPE: 11.9961, Test R: 0.8642, Test RRSE: 0.7631
2025-02-10 15:50:16,491:INFO:Epoch 144: Train Loss: 586.4400, Train Node Loss: 171.3675, Train Reg Loss: 4.1507, Train MAPE: 11.3074, Train R: 0.9090, Train RRSE: 0.4490, Test Loss: 989.6411, Test Node Loss: 167.8596, Test Reg Loss: 8.2178, Test MAPE: 11.5941, Test R: 0.8644, Test RRSE: 0.6276
2025-02-10 15:50:37,050:INFO:Epoch 145: Train Loss: 639.0198, Train Node Loss: 184.2679, Train Reg Loss: 4.5475, Train MAPE: 11.8366, Train R: 0.8943, Train RRSE: 0.4699, Test Loss: 987.0996, Test Node Loss: 166.0315, Test Reg Loss: 8.2107, Test MAPE: 11.5730, Test R: 0.8624, Test RRSE: 0.6273
2025-02-10 15:50:57,780:INFO:Epoch 146: Train Loss: 702.5789, Train Node Loss: 163.3819, Train Reg Loss: 5.3920, Train MAPE: 11.4101, Train R: 0.8813, Train RRSE: 0.5117, Test Loss: 974.5779, Test Node Loss: 165.7657, Test Reg Loss: 8.0881, Test MAPE: 11.6493, Test R: 0.8630, Test RRSE: 0.6226
2025-02-10 15:51:18,285:INFO:Epoch 147: Train Loss: 780.8702, Train Node Loss: 188.3200, Train Reg Loss: 5.9255, Train MAPE: 12.3807, Train R: 0.8756, Train RRSE: 0.5364, Test Loss: 1009.5269, Test Node Loss: 165.1019, Test Reg Loss: 8.4443, Test MAPE: 11.6323, Test R: 0.8642, Test RRSE: 0.6362
2025-02-10 15:51:38,270:INFO:Epoch 148: Train Loss: 779.7848, Train Node Loss: 156.1929, Train Reg Loss: 6.2359, Train MAPE: 11.4608, Train R: 0.8727, Train RRSE: 0.5503, Test Loss: 1607.5043, Test Node Loss: 148.9862, Test Reg Loss: 14.5852, Test MAPE: 12.2971, Test R: 0.8644, Test RRSE: 0.8361
2025-02-10 15:51:58,058:INFO:Epoch 149: Train Loss: 711.0857, Train Node Loss: 178.3596, Train Reg Loss: 5.3273, Train MAPE: 11.9461, Train R: 0.8699, Train RRSE: 0.5086, Test Loss: 735.0701, Test Node Loss: 190.4285, Test Reg Loss: 5.4464, Test MAPE: 11.8891, Test R: 0.8658, Test RRSE: 0.5109
2025-02-10 15:51:58,083:INFO:Checkpoint saved at best_0.0008_0.001_256_SAGE_2_64_0.8658_epoch_149.pth
2025-02-10 15:52:18,299:INFO:Epoch 150: Train Loss: 673.1937, Train Node Loss: 167.5626, Train Reg Loss: 5.0563, Train MAPE: 11.4663, Train R: 0.8722, Train RRSE: 0.4955, Test Loss: 2377.4486, Test Node Loss: 132.7837, Test Reg Loss: 22.4466, Test MAPE: 13.3736, Test R: 0.8646, Test RRSE: 1.0372
2025-02-10 15:52:38,099:INFO:Epoch 151: Train Loss: 604.2741, Train Node Loss: 157.0809, Train Reg Loss: 4.4719, Train MAPE: 11.2803, Train R: 0.9050, Train RRSE: 0.4660, Test Loss: 706.0407, Test Node Loss: 181.8313, Test Reg Loss: 5.2421, Test MAPE: 11.7329, Test R: 0.8665, Test RRSE: 0.5012
2025-02-10 15:52:38,132:INFO:Checkpoint saved at best_0.0008_0.001_256_SAGE_2_64_0.8665_epoch_151.pth
2025-02-10 15:52:57,911:INFO:Epoch 152: Train Loss: 720.2423, Train Node Loss: 181.0438, Train Reg Loss: 5.3920, Train MAPE: 12.3355, Train R: 0.8973, Train RRSE: 0.5117, Test Loss: 1761.4413, Test Node Loss: 139.1257, Test Reg Loss: 16.2232, Test MAPE: 12.4936, Test R: 0.8657, Test RRSE: 0.8818
2025-02-10 15:53:18,060:INFO:Epoch 153: Train Loss: 737.7507, Train Node Loss: 144.8503, Train Reg Loss: 5.9290, Train MAPE: 11.3669, Train R: 0.9005, Train RRSE: 0.5366, Test Loss: 933.9446, Test Node Loss: 155.0488, Test Reg Loss: 7.7890, Test MAPE: 11.3261, Test R: 0.8678, Test RRSE: 0.6110
2025-02-10 15:53:18,084:INFO:Checkpoint saved at best_0.0008_0.001_256_SAGE_2_64_0.8678_epoch_153.pth
2025-02-10 15:53:37,533:INFO:Epoch 154: Train Loss: 796.6740, Train Node Loss: 176.6700, Train Reg Loss: 6.2000, Train MAPE: 12.3713, Train R: 0.8709, Train RRSE: 0.5487, Test Loss: 733.2031, Test Node Loss: 164.4209, Test Reg Loss: 5.6878, Test MAPE: 11.4198, Test R: 0.8682, Test RRSE: 0.5221
2025-02-10 15:53:37,557:INFO:Checkpoint saved at best_0.0008_0.001_256_SAGE_2_64_0.8682_epoch_154.pth
2025-02-10 15:53:57,087:INFO:Epoch 155: Train Loss: 628.2842, Train Node Loss: 151.1916, Train Reg Loss: 4.7709, Train MAPE: 11.4162, Train R: 0.8928, Train RRSE: 0.4813, Test Loss: 1619.9015, Test Node Loss: 133.8972, Test Reg Loss: 14.8600, Test MAPE: 12.2661, Test R: 0.8678, Test RRSE: 0.8439
2025-02-10 15:54:16,347:INFO:Epoch 156: Train Loss: 772.8380, Train Node Loss: 159.1097, Train Reg Loss: 6.1373, Train MAPE: 11.6414, Train R: 0.8402, Train RRSE: 0.5459, Test Loss: 694.3535, Test Node Loss: 165.4700, Test Reg Loss: 5.2888, Test MAPE: 11.3970, Test R: 0.8685, Test RRSE: 0.5035
2025-02-10 15:54:16,393:INFO:Checkpoint saved at best_0.0008_0.001_256_SAGE_2_64_0.8685_epoch_156.pth
2025-02-10 15:54:36,263:INFO:Epoch 157: Train Loss: 571.7921, Train Node Loss: 158.1450, Train Reg Loss: 4.1365, Train MAPE: 11.5219, Train R: 0.9013, Train RRSE: 0.4482, Test Loss: 1557.3456, Test Node Loss: 132.8551, Test Reg Loss: 14.2449, Test MAPE: 12.2415, Test R: 0.8685, Test RRSE: 0.8263
2025-02-10 15:54:56,095:INFO:Epoch 158: Train Loss: 598.9558, Train Node Loss: 145.9800, Train Reg Loss: 4.5298, Train MAPE: 11.3882, Train R: 0.9000, Train RRSE: 0.4690, Test Loss: 741.4888, Test Node Loss: 155.3562, Test Reg Loss: 5.8613, Test MAPE: 11.4322, Test R: 0.8694, Test RRSE: 0.5300
2025-02-10 15:54:56,130:INFO:Checkpoint saved at best_0.0008_0.001_256_SAGE_2_64_0.8694_epoch_158.pth
2025-02-10 15:55:16,203:INFO:Epoch 159: Train Loss: 541.6010, Train Node Loss: 156.1927, Train Reg Loss: 3.8541, Train MAPE: 11.6630, Train R: 0.9125, Train RRSE: 0.4326, Test Loss: 1017.8359, Test Node Loss: 141.9684, Test Reg Loss: 8.7587, Test MAPE: 11.6625, Test R: 0.8695, Test RRSE: 0.6479
2025-02-10 15:55:16,229:INFO:Checkpoint saved at best_0.0008_0.001_256_SAGE_2_64_0.8695_epoch_159.pth
2025-02-10 15:55:36,007:INFO:Epoch 160: Train Loss: 538.4875, Train Node Loss: 146.8243, Train Reg Loss: 3.9166, Train MAPE: 11.4878, Train R: 0.9085, Train RRSE: 0.4361, Test Loss: 1087.8410, Test Node Loss: 138.0336, Test Reg Loss: 9.4981, Test MAPE: 11.7255, Test R: 0.8697, Test RRSE: 0.6747
2025-02-10 15:55:36,035:INFO:Checkpoint saved at best_0.0008_0.001_256_SAGE_2_64_0.8697_epoch_160.pth
2025-02-10 15:55:56,829:INFO:Epoch 161: Train Loss: 513.3893, Train Node Loss: 148.3786, Train Reg Loss: 3.6501, Train MAPE: 11.6420, Train R: 0.9131, Train RRSE: 0.4210, Test Loss: 1010.2746, Test Node Loss: 138.5492, Test Reg Loss: 8.7173, Test MAPE: 11.7105, Test R: 0.8698, Test RRSE: 0.6464
2025-02-10 15:55:56,858:INFO:Checkpoint saved at best_0.0008_0.001_256_SAGE_2_64_0.8698_epoch_161.pth
2025-02-10 15:56:17,610:INFO:Epoch 162: Train Loss: 536.7959, Train Node Loss: 148.7277, Train Reg Loss: 3.8807, Train MAPE: 11.6483, Train R: 0.9077, Train RRSE: 0.4341, Test Loss: 1069.3072, Test Node Loss: 133.6749, Test Reg Loss: 9.3563, Test MAPE: 11.7780, Test R: 0.8702, Test RRSE: 0.6696
2025-02-10 15:56:17,632:INFO:Checkpoint saved at best_0.0008_0.001_256_SAGE_2_64_0.8702_epoch_162.pth
2025-02-10 15:56:38,764:INFO:Epoch 163: Train Loss: 532.5452, Train Node Loss: 140.9194, Train Reg Loss: 3.9163, Train MAPE: 11.5199, Train R: 0.9080, Train RRSE: 0.4361, Test Loss: 767.3098, Test Node Loss: 141.1462, Test Reg Loss: 6.2616, Test MAPE: 11.4278, Test R: 0.8696, Test RRSE: 0.5478
2025-02-10 15:56:59,868:INFO:Epoch 164: Train Loss: 543.7285, Train Node Loss: 146.1896, Train Reg Loss: 3.9754, Train MAPE: 11.7730, Train R: 0.9040, Train RRSE: 0.4394, Test Loss: 1165.4210, Test Node Loss: 129.5192, Test Reg Loss: 10.3590, Test MAPE: 11.9699, Test R: 0.8705, Test RRSE: 0.7046
2025-02-10 15:56:59,906:INFO:Checkpoint saved at best_0.0008_0.001_256_SAGE_2_64_0.8705_epoch_164.pth
2025-02-10 15:57:21,333:INFO:Epoch 165: Train Loss: 529.2315, Train Node Loss: 137.1389, Train Reg Loss: 3.9209, Train MAPE: 11.5352, Train R: 0.9103, Train RRSE: 0.4364, Test Loss: 762.3340, Test Node Loss: 138.8649, Test Reg Loss: 6.2347, Test MAPE: 11.5902, Test R: 0.8713, Test RRSE: 0.5466
2025-02-10 15:57:21,391:INFO:Checkpoint saved at best_0.0008_0.001_256_SAGE_2_64_0.8713_epoch_165.pth
2025-02-10 15:57:42,623:INFO:Epoch 166: Train Loss: 515.4213, Train Node Loss: 145.1459, Train Reg Loss: 3.7028, Train MAPE: 11.8280, Train R: 0.9140, Train RRSE: 0.4240, Test Loss: 869.1150, Test Node Loss: 133.6313, Test Reg Loss: 7.3548, Test MAPE: 11.6198, Test R: 0.8715, Test RRSE: 0.5937
2025-02-10 15:57:42,648:INFO:Checkpoint saved at best_0.0008_0.001_256_SAGE_2_64_0.8715_epoch_166.pth
2025-02-10 15:58:03,834:INFO:Epoch 167: Train Loss: 551.4629, Train Node Loss: 134.4836, Train Reg Loss: 4.1698, Train MAPE: 11.4787, Train R: 0.9032, Train RRSE: 0.4500, Test Loss: 1058.2356, Test Node Loss: 127.6074, Test Reg Loss: 9.3063, Test MAPE: 11.8970, Test R: 0.8714, Test RRSE: 0.6678
2025-02-10 15:58:25,017:INFO:Epoch 168: Train Loss: 547.0282, Train Node Loss: 141.8115, Train Reg Loss: 4.0522, Train MAPE: 11.8116, Train R: 0.9030, Train RRSE: 0.4436, Test Loss: 862.9168, Test Node Loss: 133.4572, Test Reg Loss: 7.2946, Test MAPE: 11.7021, Test R: 0.8722, Test RRSE: 0.5913
2025-02-10 15:58:25,063:INFO:Checkpoint saved at best_0.0008_0.001_256_SAGE_2_64_0.8722_epoch_168.pth
2025-02-10 15:58:46,356:INFO:Epoch 169: Train Loss: 582.5950, Train Node Loss: 131.1839, Train Reg Loss: 4.5141, Train MAPE: 11.6311, Train R: 0.8913, Train RRSE: 0.4682, Test Loss: 1076.8608, Test Node Loss: 124.3187, Test Reg Loss: 9.5254, Test MAPE: 11.7487, Test R: 0.8725, Test RRSE: 0.6757
2025-02-10 15:58:46,383:INFO:Checkpoint saved at best_0.0008_0.001_256_SAGE_2_64_0.8725_epoch_169.pth
2025-02-10 15:59:07,676:INFO:Epoch 170: Train Loss: 593.1690, Train Node Loss: 140.6334, Train Reg Loss: 4.5254, Train MAPE: 12.0215, Train R: 0.8924, Train RRSE: 0.4688, Test Loss: 797.0814, Test Node Loss: 131.9282, Test Reg Loss: 6.6515, Test MAPE: 11.6014, Test R: 0.8729, Test RRSE: 0.5646
2025-02-10 15:59:07,708:INFO:Checkpoint saved at best_0.0008_0.001_256_SAGE_2_64_0.8729_epoch_170.pth
2025-02-10 15:59:28,951:INFO:Epoch 171: Train Loss: 543.9980, Train Node Loss: 128.5037, Train Reg Loss: 4.1549, Train MAPE: 11.4999, Train R: 0.9027, Train RRSE: 0.4492, Test Loss: 1595.3914, Test Node Loss: 113.8076, Test Reg Loss: 14.8158, Test MAPE: 12.6159, Test R: 0.8724, Test RRSE: 0.8427
2025-02-10 15:59:50,070:INFO:Epoch 172: Train Loss: 550.9711, Train Node Loss: 134.0944, Train Reg Loss: 4.1688, Train MAPE: 11.8486, Train R: 0.8970, Train RRSE: 0.4499, Test Loss: 676.0022, Test Node Loss: 134.6612, Test Reg Loss: 5.4134, Test MAPE: 11.4354, Test R: 0.8738, Test RRSE: 0.5094
2025-02-10 15:59:50,102:INFO:Checkpoint saved at best_0.0008_0.001_256_SAGE_2_64_0.8738_epoch_172.pth
2025-02-10 16:00:11,256:INFO:Epoch 173: Train Loss: 513.5601, Train Node Loss: 127.9581, Train Reg Loss: 3.8560, Train MAPE: 11.6613, Train R: 0.9064, Train RRSE: 0.4327, Test Loss: 1240.2377, Test Node Loss: 115.1009, Test Reg Loss: 11.2514, Test MAPE: 12.0571, Test R: 0.8731, Test RRSE: 0.7343
2025-02-10 16:00:32,584:INFO:Epoch 174: Train Loss: 508.4644, Train Node Loss: 127.8696, Train Reg Loss: 3.8059, Train MAPE: 11.5733, Train R: 0.9084, Train RRSE: 0.4299, Test Loss: 647.4098, Test Node Loss: 134.7776, Test Reg Loss: 5.1263, Test MAPE: 11.6455, Test R: 0.8742, Test RRSE: 0.4957
2025-02-10 16:00:32,616:INFO:Checkpoint saved at best_0.0008_0.001_256_SAGE_2_64_0.8742_epoch_174.pth
2025-02-10 16:00:53,843:INFO:Epoch 175: Train Loss: 562.7103, Train Node Loss: 128.6505, Train Reg Loss: 4.3406, Train MAPE: 11.6749, Train R: 0.8934, Train RRSE: 0.4591, Test Loss: 1333.5543, Test Node Loss: 112.3666, Test Reg Loss: 12.2119, Test MAPE: 12.1791, Test R: 0.8744, Test RRSE: 0.7650
2025-02-10 16:00:53,881:INFO:Checkpoint saved at best_0.0008_0.001_256_SAGE_2_64_0.8744_epoch_175.pth
2025-02-10 16:01:15,140:INFO:Epoch 176: Train Loss: 510.3752, Train Node Loss: 127.2091, Train Reg Loss: 3.8317, Train MAPE: 11.7757, Train R: 0.9067, Train RRSE: 0.4314, Test Loss: 737.9230, Test Node Loss: 125.1657, Test Reg Loss: 6.1276, Test MAPE: 11.6726, Test R: 0.8746, Test RRSE: 0.5419
2025-02-10 16:01:15,161:INFO:Checkpoint saved at best_0.0008_0.001_256_SAGE_2_64_0.8746_epoch_176.pth
2025-02-10 16:01:36,323:INFO:Epoch 177: Train Loss: 492.1192, Train Node Loss: 122.6425, Train Reg Loss: 3.6948, Train MAPE: 11.6546, Train R: 0.9105, Train RRSE: 0.4236, Test Loss: 1160.2277, Test Node Loss: 112.7385, Test Reg Loss: 10.4749, Test MAPE: 12.0808, Test R: 0.8751, Test RRSE: 0.7085
2025-02-10 16:01:36,349:INFO:Checkpoint saved at best_0.0008_0.001_256_SAGE_2_64_0.8751_epoch_177.pth
2025-02-10 16:01:57,290:INFO:Epoch 178: Train Loss: 474.7610, Train Node Loss: 121.7476, Train Reg Loss: 3.5301, Train MAPE: 11.5882, Train R: 0.9162, Train RRSE: 0.4140, Test Loss: 747.0959, Test Node Loss: 123.1111, Test Reg Loss: 6.2398, Test MAPE: 11.7049, Test R: 0.8754, Test RRSE: 0.5469
2025-02-10 16:01:57,312:INFO:Checkpoint saved at best_0.0008_0.001_256_SAGE_2_64_0.8754_epoch_178.pth
2025-02-10 16:02:18,509:INFO:Epoch 179: Train Loss: 478.9416, Train Node Loss: 127.3871, Train Reg Loss: 3.5155, Train MAPE: 11.9298, Train R: 0.9187, Train RRSE: 0.4132, Test Loss: 1557.7800, Test Node Loss: 105.4714, Test Reg Loss: 14.5231, Test MAPE: 12.6936, Test R: 0.8744, Test RRSE: 0.8343
2025-02-10 16:02:39,763:INFO:Epoch 180: Train Loss: 512.0817, Train Node Loss: 115.6801, Train Reg Loss: 3.9640, Train MAPE: 11.5828, Train R: 0.9102, Train RRSE: 0.4387, Test Loss: 773.4935, Test Node Loss: 118.2228, Test Reg Loss: 6.5527, Test MAPE: 11.7545, Test R: 0.8742, Test RRSE: 0.5604
2025-02-10 16:03:00,985:INFO:Epoch 181: Train Loss: 471.2900, Train Node Loss: 123.8376, Train Reg Loss: 3.4745, Train MAPE: 11.8234, Train R: 0.9208, Train RRSE: 0.4108, Test Loss: 797.8685, Test Node Loss: 116.6765, Test Reg Loss: 6.8119, Test MAPE: 11.7435, Test R: 0.8748, Test RRSE: 0.5714
2025-02-10 16:03:22,131:INFO:Epoch 182: Train Loss: 473.1870, Train Node Loss: 117.7620, Train Reg Loss: 3.5542, Train MAPE: 11.6652, Train R: 0.9140, Train RRSE: 0.4154, Test Loss: 1576.0767, Test Node Loss: 102.4495, Test Reg Loss: 14.7363, Test MAPE: 12.6501, Test R: 0.8754, Test RRSE: 0.8404
2025-02-10 16:03:43,119:INFO:Epoch 183: Train Loss: 456.3737, Train Node Loss: 115.9317, Train Reg Loss: 3.4044, Train MAPE: 11.7178, Train R: 0.9177, Train RRSE: 0.4066, Test Loss: 767.4553, Test Node Loss: 116.0778, Test Reg Loss: 6.5138, Test MAPE: 11.7113, Test R: 0.8761, Test RRSE: 0.5587
2025-02-10 16:03:43,157:INFO:Checkpoint saved at best_0.0008_0.001_256_SAGE_2_64_0.8761_epoch_183.pth
2025-02-10 16:04:04,371:INFO:Epoch 184: Train Loss: 480.7002, Train Node Loss: 116.3955, Train Reg Loss: 3.6430, Train MAPE: 11.6455, Train R: 0.9119, Train RRSE: 0.4206, Test Loss: 852.3332, Test Node Loss: 110.8903, Test Reg Loss: 7.4144, Test MAPE: 11.9323, Test R: 0.8764, Test RRSE: 0.5961
2025-02-10 16:04:04,388:INFO:Checkpoint saved at best_0.0008_0.001_256_SAGE_2_64_0.8764_epoch_184.pth
2025-02-10 16:04:25,654:INFO:Epoch 185: Train Loss: 493.4355, Train Node Loss: 116.3775, Train Reg Loss: 3.7706, Train MAPE: 11.7940, Train R: 0.9074, Train RRSE: 0.4279, Test Loss: 1313.3502, Test Node Loss: 101.4220, Test Reg Loss: 12.1193, Test MAPE: 12.4103, Test R: 0.8763, Test RRSE: 0.7621
2025-02-10 16:04:46,925:INFO:Epoch 186: Train Loss: 466.8415, Train Node Loss: 109.0343, Train Reg Loss: 3.5781, Train MAPE: 11.5505, Train R: 0.9180, Train RRSE: 0.4168, Test Loss: 682.4874, Test Node Loss: 113.7581, Test Reg Loss: 5.6873, Test MAPE: 11.8249, Test R: 0.8767, Test RRSE: 0.5221
2025-02-10 16:04:46,957:INFO:Checkpoint saved at best_0.0008_0.001_256_SAGE_2_64_0.8767_epoch_186.pth
2025-02-10 16:05:08,155:INFO:Epoch 187: Train Loss: 511.8572, Train Node Loss: 117.8302, Train Reg Loss: 3.9403, Train MAPE: 12.1047, Train R: 0.9086, Train RRSE: 0.4374, Test Loss: 1326.3456, Test Node Loss: 99.3903, Test Reg Loss: 12.2696, Test MAPE: 12.5142, Test R: 0.8767, Test RRSE: 0.7668
2025-02-10 16:05:29,184:INFO:Epoch 188: Train Loss: 457.4691, Train Node Loss: 107.5825, Train Reg Loss: 3.4989, Train MAPE: 11.7068, Train R: 0.9189, Train RRSE: 0.4122, Test Loss: 784.8322, Test Node Loss: 108.2176, Test Reg Loss: 6.7661, Test MAPE: 11.9265, Test R: 0.8770, Test RRSE: 0.5695
2025-02-10 16:05:29,221:INFO:Checkpoint saved at best_0.0008_0.001_256_SAGE_2_64_0.8770_epoch_188.pth
2025-02-10 16:05:50,347:INFO:Epoch 189: Train Loss: 466.8687, Train Node Loss: 113.3239, Train Reg Loss: 3.5354, Train MAPE: 11.9580, Train R: 0.9146, Train RRSE: 0.4143, Test Loss: 1094.9236, Test Node Loss: 101.2283, Test Reg Loss: 9.9370, Test MAPE: 12.1195, Test R: 0.8776, Test RRSE: 0.6901
2025-02-10 16:05:50,371:INFO:Checkpoint saved at best_0.0008_0.001_256_SAGE_2_64_0.8776_epoch_189.pth
2025-02-10 16:06:11,674:INFO:Epoch 190: Train Loss: 456.4924, Train Node Loss: 105.4478, Train Reg Loss: 3.5104, Train MAPE: 11.6189, Train R: 0.9187, Train RRSE: 0.4129, Test Loss: 926.1819, Test Node Loss: 102.5834, Test Reg Loss: 8.2360, Test MAPE: 12.0798, Test R: 0.8783, Test RRSE: 0.6283
2025-02-10 16:06:11,696:INFO:Checkpoint saved at best_0.0008_0.001_256_SAGE_2_64_0.8783_epoch_190.pth
2025-02-10 16:06:32,673:INFO:Epoch 191: Train Loss: 467.0363, Train Node Loss: 106.3577, Train Reg Loss: 3.6068, Train MAPE: 11.6367, Train R: 0.9131, Train RRSE: 0.4185, Test Loss: 686.8961, Test Node Loss: 107.9950, Test Reg Loss: 5.7890, Test MAPE: 11.8450, Test R: 0.8784, Test RRSE: 0.5267
2025-02-10 16:06:32,712:INFO:Checkpoint saved at best_0.0008_0.001_256_SAGE_2_64_0.8784_epoch_191.pth
2025-02-10 16:06:53,653:INFO:Epoch 192: Train Loss: 463.4992, Train Node Loss: 109.5061, Train Reg Loss: 3.5399, Train MAPE: 11.8590, Train R: 0.9156, Train RRSE: 0.4146, Test Loss: 1017.9265, Test Node Loss: 99.6729, Test Reg Loss: 9.1825, Test MAPE: 12.2050, Test R: 0.8784, Test RRSE: 0.6634
2025-02-10 16:07:14,801:INFO:Epoch 193: Train Loss: 454.1778, Train Node Loss: 103.8499, Train Reg Loss: 3.5033, Train MAPE: 11.6661, Train R: 0.9160, Train RRSE: 0.4125, Test Loss: 863.7564, Test Node Loss: 101.9428, Test Reg Loss: 7.6181, Test MAPE: 12.0245, Test R: 0.8787, Test RRSE: 0.6042
2025-02-10 16:07:14,826:INFO:Checkpoint saved at best_0.0008_0.001_256_SAGE_2_64_0.8787_epoch_193.pth
2025-02-10 16:07:35,827:INFO:Epoch 194: Train Loss: 463.6887, Train Node Loss: 107.8505, Train Reg Loss: 3.5584, Train MAPE: 11.9617, Train R: 0.9135, Train RRSE: 0.4157, Test Loss: 1406.6304, Test Node Loss: 92.3124, Test Reg Loss: 13.1432, Test MAPE: 12.5747, Test R: 0.8787, Test RRSE: 0.7937
2025-02-10 16:07:56,906:INFO:Epoch 195: Train Loss: 447.9552, Train Node Loss: 100.7272, Train Reg Loss: 3.4723, Train MAPE: 11.7255, Train R: 0.9179, Train RRSE: 0.4106, Test Loss: 816.6321, Test Node Loss: 101.0976, Test Reg Loss: 7.1553, Test MAPE: 12.0628, Test R: 0.8792, Test RRSE: 0.5856
2025-02-10 16:07:56,931:INFO:Checkpoint saved at best_0.0008_0.001_256_SAGE_2_64_0.8792_epoch_195.pth
2025-02-10 16:08:18,036:INFO:Epoch 196: Train Loss: 475.5129, Train Node Loss: 105.8337, Train Reg Loss: 3.6968, Train MAPE: 11.9759, Train R: 0.9103, Train RRSE: 0.4237, Test Loss: 1122.4800, Test Node Loss: 94.2840, Test Reg Loss: 10.2820, Test MAPE: 12.3753, Test R: 0.8798, Test RRSE: 0.7020
2025-02-10 16:08:18,058:INFO:Checkpoint saved at best_0.0008_0.001_256_SAGE_2_64_0.8798_epoch_196.pth
2025-02-10 16:08:39,288:INFO:Epoch 197: Train Loss: 485.6836, Train Node Loss: 95.3099, Train Reg Loss: 3.9037, Train MAPE: 11.6462, Train R: 0.9129, Train RRSE: 0.4354, Test Loss: 723.5640, Test Node Loss: 100.0485, Test Reg Loss: 6.2352, Test MAPE: 11.9655, Test R: 0.8805, Test RRSE: 0.5467
2025-02-10 16:08:39,312:INFO:Checkpoint saved at best_0.0008_0.001_256_SAGE_2_64_0.8805_epoch_197.pth
2025-02-10 16:09:00,461:INFO:Epoch 198: Train Loss: 477.7711, Train Node Loss: 105.1960, Train Reg Loss: 3.7258, Train MAPE: 11.9762, Train R: 0.9143, Train RRSE: 0.4254, Test Loss: 1110.0824, Test Node Loss: 92.7594, Test Reg Loss: 10.1732, Test MAPE: 12.4121, Test R: 0.8805, Test RRSE: 0.6983
2025-02-10 16:09:21,622:INFO:Epoch 199: Train Loss: 473.0224, Train Node Loss: 93.6538, Train Reg Loss: 3.7937, Train MAPE: 11.5181, Train R: 0.9159, Train RRSE: 0.4292, Test Loss: 1169.0989, Test Node Loss: 89.8545, Test Reg Loss: 10.7924, Test MAPE: 12.5518, Test R: 0.8808, Test RRSE: 0.7192
2025-02-10 16:09:21,656:INFO:Checkpoint saved at best_0.0008_0.001_256_SAGE_2_64_0.8808_epoch_199.pth
2025-02-10 16:09:42,637:INFO:Epoch 200: Train Loss: 594.4069, Train Node Loss: 105.1918, Train Reg Loss: 4.8922, Train MAPE: 12.3525, Train R: 0.8871, Train RRSE: 0.4874, Test Loss: 665.0474, Test Node Loss: 98.5866, Test Reg Loss: 5.6646, Test MAPE: 11.9416, Test R: 0.8791, Test RRSE: 0.5210
2025-02-10 16:10:03,682:INFO:Epoch 201: Train Loss: 468.6928, Train Node Loss: 91.6124, Train Reg Loss: 3.7708, Train MAPE: 11.4973, Train R: 0.9174, Train RRSE: 0.4279, Test Loss: 1446.4434, Test Node Loss: 83.6091, Test Reg Loss: 13.6283, Test MAPE: 12.7668, Test R: 0.8811, Test RRSE: 0.8082
2025-02-10 16:10:03,725:INFO:Checkpoint saved at best_0.0008_0.001_256_SAGE_2_64_0.8811_epoch_201.pth
2025-02-10 16:10:24,784:INFO:Epoch 202: Train Loss: 419.0129, Train Node Loss: 93.4540, Train Reg Loss: 3.2556, Train MAPE: 11.5636, Train R: 0.9232, Train RRSE: 0.3976, Test Loss: 629.4680, Test Node Loss: 111.7386, Test Reg Loss: 5.1773, Test MAPE: 12.4164, Test R: 0.8807, Test RRSE: 0.4981
2025-02-10 16:10:46,010:INFO:Epoch 203: Train Loss: 511.5381, Train Node Loss: 102.7372, Train Reg Loss: 4.0880, Train MAPE: 12.0422, Train R: 0.9151, Train RRSE: 0.4456, Test Loss: 1800.9681, Test Node Loss: 80.2489, Test Reg Loss: 17.2072, Test MAPE: 13.2349, Test R: 0.8817, Test RRSE: 0.9081
2025-02-10 16:10:46,033:INFO:Checkpoint saved at best_0.0008_0.001_256_SAGE_2_64_0.8817_epoch_203.pth
2025-02-10 16:11:07,093:INFO:Epoch 204: Train Loss: 647.1111, Train Node Loss: 83.4819, Train Reg Loss: 5.6363, Train MAPE: 11.4940, Train R: 0.8915, Train RRSE: 0.5232, Test Loss: 625.9565, Test Node Loss: 97.5412, Test Reg Loss: 5.2842, Test MAPE: 11.8677, Test R: 0.8821, Test RRSE: 0.5032
2025-02-10 16:11:07,118:INFO:Checkpoint saved at best_0.0008_0.001_256_SAGE_2_64_0.8821_epoch_204.pth
2025-02-10 16:11:28,143:INFO:Epoch 205: Train Loss: 566.4312, Train Node Loss: 103.3523, Train Reg Loss: 4.6308, Train MAPE: 12.4930, Train R: 0.9151, Train RRSE: 0.4742, Test Loss: 748.9386, Test Node Loss: 91.9001, Test Reg Loss: 6.5704, Test MAPE: 11.9218, Test R: 0.8824, Test RRSE: 0.5612
2025-02-10 16:11:28,171:INFO:Checkpoint saved at best_0.0008_0.001_256_SAGE_2_64_0.8824_epoch_205.pth
2025-02-10 16:11:49,217:INFO:Epoch 206: Train Loss: 443.4663, Train Node Loss: 86.6669, Train Reg Loss: 3.5680, Train MAPE: 11.3779, Train R: 0.9224, Train RRSE: 0.4162, Test Loss: 1644.8505, Test Node Loss: 77.8019, Test Reg Loss: 15.6705, Test MAPE: 13.0004, Test R: 0.8822, Test RRSE: 0.8666
2025-02-10 16:12:10,354:INFO:Epoch 207: Train Loss: 459.7331, Train Node Loss: 89.6537, Train Reg Loss: 3.7008, Train MAPE: 11.7441, Train R: 0.9089, Train RRSE: 0.4239, Test Loss: 575.3093, Test Node Loss: 97.7240, Test Reg Loss: 4.7759, Test MAPE: 12.1002, Test R: 0.8826, Test RRSE: 0.4784
2025-02-10 16:12:10,375:INFO:Checkpoint saved at best_0.0008_0.001_256_SAGE_2_64_0.8826_epoch_207.pth
2025-02-10 16:12:31,478:INFO:Epoch 208: Train Loss: 409.3746, Train Node Loss: 92.2746, Train Reg Loss: 3.1710, Train MAPE: 11.8711, Train R: 0.9255, Train RRSE: 0.3924, Test Loss: 1232.0736, Test Node Loss: 79.5597, Test Reg Loss: 11.5251, Test MAPE: 12.5036, Test R: 0.8830, Test RRSE: 0.7432
2025-02-10 16:12:31,498:INFO:Checkpoint saved at best_0.0008_0.001_256_SAGE_2_64_0.8830_epoch_208.pth
2025-02-10 16:12:52,586:INFO:Epoch 209: Train Loss: 416.6645, Train Node Loss: 84.5257, Train Reg Loss: 3.3214, Train MAPE: 11.6617, Train R: 0.9255, Train RRSE: 0.4016, Test Loss: 731.4259, Test Node Loss: 88.8164, Test Reg Loss: 6.4261, Test MAPE: 12.0954, Test R: 0.8826, Test RRSE: 0.5550
2025-02-10 16:13:13,628:INFO:Epoch 210: Train Loss: 431.2589, Train Node Loss: 90.6415, Train Reg Loss: 3.4062, Train MAPE: 12.0318, Train R: 0.9191, Train RRSE: 0.4067, Test Loss: 1415.7122, Test Node Loss: 77.8531, Test Reg Loss: 13.3786, Test MAPE: 12.8167, Test R: 0.8813, Test RRSE: 0.8007
2025-02-10 16:13:34,338:INFO:Epoch 211: Train Loss: 432.3505, Train Node Loss: 82.3766, Train Reg Loss: 3.4997, Train MAPE: 11.6509, Train R: 0.9214, Train RRSE: 0.4122, Test Loss: 939.6664, Test Node Loss: 82.4812, Test Reg Loss: 8.5719, Test MAPE: 12.2779, Test R: 0.8821, Test RRSE: 0.6410
2025-02-10 16:13:54,625:INFO:Epoch 212: Train Loss: 415.7822, Train Node Loss: 90.1387, Train Reg Loss: 3.2564, Train MAPE: 12.1173, Train R: 0.9262, Train RRSE: 0.3977, Test Loss: 853.8119, Test Node Loss: 82.7341, Test Reg Loss: 7.7108, Test MAPE: 12.2077, Test R: 0.8824, Test RRSE: 0.6079
2025-02-10 16:14:15,041:INFO:Epoch 213: Train Loss: 373.7085, Train Node Loss: 82.7668, Train Reg Loss: 2.9094, Train MAPE: 11.7686, Train R: 0.9310, Train RRSE: 0.3759, Test Loss: 1396.4613, Test Node Loss: 74.0397, Test Reg Loss: 13.2242, Test MAPE: 12.8405, Test R: 0.8830, Test RRSE: 0.7961
2025-02-10 16:14:35,289:INFO:Epoch 214: Train Loss: 464.7933, Train Node Loss: 80.1487, Train Reg Loss: 3.8464, Train MAPE: 11.6644, Train R: 0.9092, Train RRSE: 0.4322, Test Loss: 598.3139, Test Node Loss: 88.1514, Test Reg Loss: 5.1016, Test MAPE: 12.0772, Test R: 0.8828, Test RRSE: 0.4945
2025-02-10 16:14:55,655:INFO:Epoch 215: Train Loss: 450.1546, Train Node Loss: 89.7286, Train Reg Loss: 3.6043, Train MAPE: 12.2579, Train R: 0.9234, Train RRSE: 0.4184, Test Loss: 1420.6325, Test Node Loss: 73.4113, Test Reg Loss: 13.4722, Test MAPE: 12.8885, Test R: 0.8833, Test RRSE: 0.8035
2025-02-10 16:14:55,680:INFO:Checkpoint saved at best_0.0008_0.001_256_SAGE_2_64_0.8833_epoch_215.pth
2025-02-10 16:15:16,178:INFO:Epoch 216: Train Loss: 510.3721, Train Node Loss: 75.3931, Train Reg Loss: 4.3498, Train MAPE: 11.7049, Train R: 0.9101, Train RRSE: 0.4596, Test Loss: 715.6900, Test Node Loss: 82.1972, Test Reg Loss: 6.3349, Test MAPE: 12.1111, Test R: 0.8833, Test RRSE: 0.5510
2025-02-10 16:15:36,784:INFO:Epoch 217: Train Loss: 488.2124, Train Node Loss: 88.8890, Train Reg Loss: 3.9932, Train MAPE: 12.2403, Train R: 0.9175, Train RRSE: 0.4404, Test Loss: 692.4141, Test Node Loss: 82.2475, Test Reg Loss: 6.1017, Test MAPE: 12.0758, Test R: 0.8830, Test RRSE: 0.5408
2025-02-10 16:15:57,239:INFO:Epoch 218: Train Loss: 459.5876, Train Node Loss: 75.7841, Train Reg Loss: 3.8380, Train MAPE: 11.6003, Train R: 0.9147, Train RRSE: 0.4317, Test Loss: 1647.1986, Test Node Loss: 67.7780, Test Reg Loss: 15.7942, Test MAPE: 13.1048, Test R: 0.8837, Test RRSE: 0.8700
2025-02-10 16:15:57,264:INFO:Checkpoint saved at best_0.0008_0.001_256_SAGE_2_64_0.8837_epoch_218.pth
2025-02-10 16:16:17,861:INFO:Epoch 219: Train Loss: 410.4539, Train Node Loss: 79.7131, Train Reg Loss: 3.3074, Train MAPE: 11.7660, Train R: 0.9185, Train RRSE: 0.4008, Test Loss: 553.9426, Test Node Loss: 89.0456, Test Reg Loss: 4.6490, Test MAPE: 12.2783, Test R: 0.8828, Test RRSE: 0.4720
2025-02-10 16:16:38,314:INFO:Epoch 220: Train Loss: 494.6660, Train Node Loss: 81.0085, Train Reg Loss: 4.1366, Train MAPE: 12.1717, Train R: 0.8960, Train RRSE: 0.4482, Test Loss: 1427.2860, Test Node Loss: 67.9229, Test Reg Loss: 13.5936, Test MAPE: 12.8955, Test R: 0.8840, Test RRSE: 0.8072
2025-02-10 16:16:38,344:INFO:Checkpoint saved at best_0.0008_0.001_256_SAGE_2_64_0.8840_epoch_220.pth
2025-02-10 16:16:58,957:INFO:Epoch 221: Train Loss: 408.6409, Train Node Loss: 75.2665, Train Reg Loss: 3.3337, Train MAPE: 11.7339, Train R: 0.9205, Train RRSE: 0.4024, Test Loss: 545.1110, Test Node Loss: 85.3792, Test Reg Loss: 4.5973, Test MAPE: 12.2552, Test R: 0.8832, Test RRSE: 0.4694
2025-02-10 16:17:19,340:INFO:Epoch 222: Train Loss: 412.5658, Train Node Loss: 79.0589, Train Reg Loss: 3.3351, Train MAPE: 12.0198, Train R: 0.9194, Train RRSE: 0.4024, Test Loss: 1352.0277, Test Node Loss: 68.1201, Test Reg Loss: 12.8391, Test MAPE: 12.8449, Test R: 0.8846, Test RRSE: 0.7844
2025-02-10 16:17:19,381:INFO:Checkpoint saved at best_0.0008_0.001_256_SAGE_2_64_0.8846_epoch_222.pth
2025-02-10 16:17:40,143:INFO:Epoch 223: Train Loss: 381.5535, Train Node Loss: 73.9723, Train Reg Loss: 3.0758, Train MAPE: 11.7753, Train R: 0.9276, Train RRSE: 0.3865, Test Loss: 875.4570, Test Node Loss: 74.6840, Test Reg Loss: 8.0077, Test MAPE: 12.3470, Test R: 0.8837, Test RRSE: 0.6195
2025-02-10 16:18:00,555:INFO:Epoch 224: Train Loss: 428.4520, Train Node Loss: 76.9885, Train Reg Loss: 3.5146, Train MAPE: 12.0364, Train R: 0.9123, Train RRSE: 0.4131, Test Loss: 756.1484, Test Node Loss: 75.2431, Test Reg Loss: 6.8091, Test MAPE: 12.3228, Test R: 0.8841, Test RRSE: 0.5713
2025-02-10 16:18:21,165:INFO:Epoch 225: Train Loss: 391.3019, Train Node Loss: 75.8637, Train Reg Loss: 3.1544, Train MAPE: 11.9714, Train R: 0.9230, Train RRSE: 0.3914, Test Loss: 1174.7568, Test Node Loss: 67.6442, Test Reg Loss: 11.0711, Test MAPE: 12.7233, Test R: 0.8846, Test RRSE: 0.7284
2025-02-10 16:18:21,210:INFO:Checkpoint saved at best_0.0008_0.001_256_SAGE_2_64_0.8846_epoch_225.pth
2025-02-10 16:18:41,735:INFO:Epoch 226: Train Loss: 397.1483, Train Node Loss: 71.3289, Train Reg Loss: 3.2582, Train MAPE: 11.7504, Train R: 0.9231, Train RRSE: 0.3978, Test Loss: 1044.3772, Test Node Loss: 67.4821, Test Reg Loss: 9.7690, Test MAPE: 12.6302, Test R: 0.8840, Test RRSE: 0.6842
2025-02-10 16:19:02,456:INFO:Epoch 227: Train Loss: 392.1915, Train Node Loss: 72.4736, Train Reg Loss: 3.1972, Train MAPE: 11.9763, Train R: 0.9205, Train RRSE: 0.3940, Test Loss: 733.0910, Test Node Loss: 71.4793, Test Reg Loss: 6.6161, Test MAPE: 12.2899, Test R: 0.8836, Test RRSE: 0.5631
2025-02-10 16:19:22,894:INFO:Epoch 228: Train Loss: 377.6669, Train Node Loss: 73.0697, Train Reg Loss: 3.0460, Train MAPE: 12.0986, Train R: 0.9248, Train RRSE: 0.3846, Test Loss: 1161.1523, Test Node Loss: 66.3267, Test Reg Loss: 10.9483, Test MAPE: 12.8078, Test R: 0.8851, Test RRSE: 0.7244
2025-02-10 16:19:22,920:INFO:Checkpoint saved at best_0.0008_0.001_256_SAGE_2_64_0.8851_epoch_228.pth
2025-02-10 16:19:43,575:INFO:Epoch 229: Train Loss: 378.3248, Train Node Loss: 69.9501, Train Reg Loss: 3.0837, Train MAPE: 11.8648, Train R: 0.9251, Train RRSE: 0.3870, Test Loss: 1010.2894, Test Node Loss: 68.3646, Test Reg Loss: 9.4192, Test MAPE: 12.5723, Test R: 0.8858, Test RRSE: 0.6719
2025-02-10 16:19:43,607:INFO:Checkpoint saved at best_0.0008_0.001_256_SAGE_2_64_0.8858_epoch_229.pth
2025-02-10 16:20:04,138:INFO:Epoch 230: Train Loss: 425.4659, Train Node Loss: 73.9627, Train Reg Loss: 3.5150, Train MAPE: 12.0614, Train R: 0.9163, Train RRSE: 0.4131, Test Loss: 1455.1369, Test Node Loss: 62.0438, Test Reg Loss: 13.9309, Test MAPE: 13.0412, Test R: 0.8863, Test RRSE: 0.8171
2025-02-10 16:20:04,165:INFO:Checkpoint saved at best_0.0008_0.001_256_SAGE_2_64_0.8863_epoch_230.pth
2025-02-10 16:20:24,658:INFO:Epoch 231: Train Loss: 432.8442, Train Node Loss: 64.3330, Train Reg Loss: 3.6851, Train MAPE: 11.7128, Train R: 0.9232, Train RRSE: 0.4230, Test Loss: 639.4709, Test Node Loss: 71.0369, Test Reg Loss: 5.6843, Test MAPE: 12.3091, Test R: 0.8857, Test RRSE: 0.5220
2025-02-10 16:20:45,166:INFO:Epoch 232: Train Loss: 419.9516, Train Node Loss: 73.5288, Train Reg Loss: 3.4642, Train MAPE: 12.2767, Train R: 0.9235, Train RRSE: 0.4102, Test Loss: 912.5156, Test Node Loss: 66.1582, Test Reg Loss: 8.4636, Test MAPE: 12.5317, Test R: 0.8867, Test RRSE: 0.6369
2025-02-10 16:20:45,188:INFO:Checkpoint saved at best_0.0008_0.001_256_SAGE_2_64_0.8867_epoch_232.pth
2025-02-10 16:21:05,790:INFO:Epoch 233: Train Loss: 427.2875, Train Node Loss: 64.0811, Train Reg Loss: 3.6321, Train MAPE: 11.8184, Train R: 0.9163, Train RRSE: 0.4200, Test Loss: 1237.1713, Test Node Loss: 62.3819, Test Reg Loss: 11.7479, Test MAPE: 12.9296, Test R: 0.8869, Test RRSE: 0.7504
2025-02-10 16:21:05,812:INFO:Checkpoint saved at best_0.0008_0.001_256_SAGE_2_64_0.8869_epoch_233.pth
2025-02-10 16:21:26,392:INFO:Epoch 234: Train Loss: 398.0015, Train Node Loss: 71.1032, Train Reg Loss: 3.2690, Train MAPE: 12.1626, Train R: 0.9246, Train RRSE: 0.3984, Test Loss: 701.3514, Test Node Loss: 69.4484, Test Reg Loss: 6.3190, Test MAPE: 12.4203, Test R: 0.8867, Test RRSE: 0.5503
2025-02-10 16:21:46,961:INFO:Epoch 235: Train Loss: 435.8815, Train Node Loss: 64.0030, Train Reg Loss: 3.7188, Train MAPE: 11.9996, Train R: 0.9093, Train RRSE: 0.4250, Test Loss: 1528.1442, Test Node Loss: 57.7914, Test Reg Loss: 14.7035, Test MAPE: 13.1487, Test R: 0.8872, Test RRSE: 0.8395
2025-02-10 16:21:46,987:INFO:Checkpoint saved at best_0.0008_0.001_256_SAGE_2_64_0.8872_epoch_235.pth
2025-02-10 16:22:07,562:INFO:Epoch 236: Train Loss: 403.6628, Train Node Loss: 67.7747, Train Reg Loss: 3.3589, Train MAPE: 12.0217, Train R: 0.9173, Train RRSE: 0.4039, Test Loss: 560.2611, Test Node Loss: 71.7174, Test Reg Loss: 4.8854, Test MAPE: 12.3480, Test R: 0.8868, Test RRSE: 0.4839
2025-02-10 16:22:28,223:INFO:Epoch 237: Train Loss: 374.2095, Train Node Loss: 64.9620, Train Reg Loss: 3.0925, Train MAPE: 12.0688, Train R: 0.9231, Train RRSE: 0.3875, Test Loss: 2297.4158, Test Node Loss: 51.7911, Test Reg Loss: 22.4562, Test MAPE: 14.2276, Test R: 0.8861, Test RRSE: 1.0374
2025-02-10 16:22:48,920:INFO:Epoch 238: Train Loss: 363.2420, Train Node Loss: 62.4157, Train Reg Loss: 3.0083, Train MAPE: 12.0154, Train R: 0.9269, Train RRSE: 0.3822, Test Loss: 549.9599, Test Node Loss: 69.3997, Test Reg Loss: 4.8056, Test MAPE: 12.4299, Test R: 0.8868, Test RRSE: 0.4799
2025-02-10 16:23:09,544:INFO:Epoch 239: Train Loss: 379.6544, Train Node Loss: 64.8707, Train Reg Loss: 3.1478, Train MAPE: 12.0381, Train R: 0.9231, Train RRSE: 0.3910, Test Loss: 931.1854, Test Node Loss: 59.5881, Test Reg Loss: 8.7160, Test MAPE: 12.5239, Test R: 0.8877, Test RRSE: 0.6463
2025-02-10 16:23:09,566:INFO:Checkpoint saved at best_0.0008_0.001_256_SAGE_2_64_0.8877_epoch_239.pth
2025-02-10 16:23:30,275:INFO:Epoch 240: Train Loss: 343.2888, Train Node Loss: 60.8567, Train Reg Loss: 2.8243, Train MAPE: 11.9016, Train R: 0.9322, Train RRSE: 0.3703, Test Loss: 881.0687, Test Node Loss: 60.2338, Test Reg Loss: 8.2083, Test MAPE: 12.5691, Test R: 0.8868, Test RRSE: 0.6272
2025-02-10 16:23:50,673:INFO:Epoch 241: Train Loss: 366.4964, Train Node Loss: 62.3638, Train Reg Loss: 3.0413, Train MAPE: 12.0180, Train R: 0.9250, Train RRSE: 0.3843, Test Loss: 1162.6591, Test Node Loss: 56.7057, Test Reg Loss: 11.0595, Test MAPE: 12.7560, Test R: 0.8870, Test RRSE: 0.7280
2025-02-10 16:24:10,933:INFO:Epoch 242: Train Loss: 401.4608, Train Node Loss: 60.0235, Train Reg Loss: 3.4144, Train MAPE: 11.8972, Train R: 0.9151, Train RRSE: 0.4072, Test Loss: 712.6187, Test Node Loss: 61.1239, Test Reg Loss: 6.5149, Test MAPE: 12.4627, Test R: 0.8865, Test RRSE: 0.5588
2025-02-10 16:24:31,190:INFO:Epoch 243: Train Loss: 374.6753, Train Node Loss: 61.0026, Train Reg Loss: 3.1367, Train MAPE: 12.2060, Train R: 0.9214, Train RRSE: 0.3903, Test Loss: 1269.6994, Test Node Loss: 53.7958, Test Reg Loss: 12.1590, Test MAPE: 13.0564, Test R: 0.8883, Test RRSE: 0.7634
2025-02-10 16:24:31,242:INFO:Checkpoint saved at best_0.0008_0.001_256_SAGE_2_64_0.8883_epoch_243.pth
2025-02-10 16:24:51,464:INFO:Epoch 244: Train Loss: 451.3891, Train Node Loss: 57.6493, Train Reg Loss: 3.9374, Train MAPE: 11.8704, Train R: 0.9031, Train RRSE: 0.4373, Test Loss: 528.7329, Test Node Loss: 66.3028, Test Reg Loss: 4.6243, Test MAPE: 12.3064, Test R: 0.8868, Test RRSE: 0.4708
2025-02-10 16:25:11,626:INFO:Epoch 245: Train Loss: 377.5289, Train Node Loss: 61.5047, Train Reg Loss: 3.1602, Train MAPE: 12.2088, Train R: 0.9228, Train RRSE: 0.3917, Test Loss: 1231.3845, Test Node Loss: 53.1035, Test Reg Loss: 11.7828, Test MAPE: 12.8930, Test R: 0.8881, Test RRSE: 0.7515
2025-02-10 16:25:31,916:INFO:Epoch 246: Train Loss: 368.7714, Train Node Loss: 55.8473, Train Reg Loss: 3.1292, Train MAPE: 11.7910, Train R: 0.9275, Train RRSE: 0.3898, Test Loss: 547.7188, Test Node Loss: 62.2686, Test Reg Loss: 4.8545, Test MAPE: 12.4240, Test R: 0.8856, Test RRSE: 0.4824
2025-02-10 16:25:52,241:INFO:Epoch 247: Train Loss: 386.5555, Train Node Loss: 60.2504, Train Reg Loss: 3.2631, Train MAPE: 12.1601, Train R: 0.9219, Train RRSE: 0.3981, Test Loss: 836.0288, Test Node Loss: 56.1770, Test Reg Loss: 7.7985, Test MAPE: 12.4992, Test R: 0.8869, Test RRSE: 0.6114
2025-02-10 16:26:12,607:INFO:Epoch 248: Train Loss: 360.4984, Train Node Loss: 56.3485, Train Reg Loss: 3.0415, Train MAPE: 11.9296, Train R: 0.9250, Train RRSE: 0.3843, Test Loss: 1208.1755, Test Node Loss: 52.2540, Test Reg Loss: 11.5592, Test MAPE: 12.9043, Test R: 0.8875, Test RRSE: 0.7443
2025-02-10 16:26:32,848:INFO:Epoch 249: Train Loss: 344.1355, Train Node Loss: 57.1564, Train Reg Loss: 2.8698, Train MAPE: 11.9725, Train R: 0.9298, Train RRSE: 0.3733, Test Loss: 842.2976, Test Node Loss: 55.3981, Test Reg Loss: 7.8690, Test MAPE: 12.5513, Test R: 0.8872, Test RRSE: 0.6141
2025-02-10 16:26:53,042:INFO:Epoch 250: Train Loss: 556.2788, Train Node Loss: 51.9109, Train Reg Loss: 5.0437, Train MAPE: 11.8503, Train R: 0.8795, Train RRSE: 0.4949, Test Loss: 752.7160, Test Node Loss: 54.6834, Test Reg Loss: 6.9803, Test MAPE: 12.5038, Test R: 0.8867, Test RRSE: 0.5784
2025-02-10 16:27:13,246:INFO:Epoch 251: Train Loss: 485.5715, Train Node Loss: 60.8698, Train Reg Loss: 4.2470, Train MAPE: 12.4788, Train R: 0.9103, Train RRSE: 0.4541, Test Loss: 595.4852, Test Node Loss: 58.2704, Test Reg Loss: 5.3721, Test MAPE: 12.3057, Test R: 0.8861, Test RRSE: 0.5074
2025-02-10 16:27:33,353:INFO:Epoch 252: Train Loss: 328.3350, Train Node Loss: 53.6923, Train Reg Loss: 2.7464, Train MAPE: 11.8452, Train R: 0.9338, Train RRSE: 0.3652, Test Loss: 2385.0379, Test Node Loss: 42.9707, Test Reg Loss: 23.4207, Test MAPE: 14.2643, Test R: 0.8866, Test RRSE: 1.0595
2025-02-10 16:27:53,365:INFO:Epoch 253: Train Loss: 367.4756, Train Node Loss: 51.7738, Train Reg Loss: 3.1570, Train MAPE: 11.7445, Train R: 0.9266, Train RRSE: 0.3915, Test Loss: 676.3577, Test Node Loss: 57.1651, Test Reg Loss: 6.1919, Test MAPE: 12.5251, Test R: 0.8860, Test RRSE: 0.5448
2025-02-10 16:28:13,446:INFO:Epoch 254: Train Loss: 370.2856, Train Node Loss: 57.8290, Train Reg Loss: 3.1246, Train MAPE: 12.3799, Train R: 0.9308, Train RRSE: 0.3895, Test Loss: 1408.4189, Test Node Loss: 47.3808, Test Reg Loss: 13.6104, Test MAPE: 13.2323, Test R: 0.8869, Test RRSE: 0.8077
2025-02-10 16:28:33,411:INFO:Epoch 255: Train Loss: 363.0082, Train Node Loss: 49.6060, Train Reg Loss: 3.1340, Train MAPE: 11.9569, Train R: 0.9281, Train RRSE: 0.3901, Test Loss: 1008.1181, Test Node Loss: 49.3442, Test Reg Loss: 9.5877, Test MAPE: 12.6782, Test R: 0.8871, Test RRSE: 0.6779
2025-02-10 16:28:53,508:INFO:Epoch 256: Train Loss: 366.9773, Train Node Loss: 53.2854, Train Reg Loss: 3.1369, Train MAPE: 12.1176, Train R: 0.9225, Train RRSE: 0.3903, Test Loss: 922.8260, Test Node Loss: 50.5555, Test Reg Loss: 8.7227, Test MAPE: 12.4885, Test R: 0.8871, Test RRSE: 0.6466
2025-02-10 16:29:13,483:INFO:Epoch 257: Train Loss: 369.2564, Train Node Loss: 51.2770, Train Reg Loss: 3.1798, Train MAPE: 11.9721, Train R: 0.9205, Train RRSE: 0.3930, Test Loss: 2140.4505, Test Node Loss: 41.1585, Test Reg Loss: 20.9929, Test MAPE: 14.1265, Test R: 0.8870, Test RRSE: 1.0031
2025-02-10 16:29:33,577:INFO:Epoch 258: Train Loss: 366.5120, Train Node Loss: 46.9957, Train Reg Loss: 3.1952, Train MAPE: 11.8082, Train R: 0.9302, Train RRSE: 0.3939, Test Loss: 573.4813, Test Node Loss: 54.3492, Test Reg Loss: 5.1913, Test MAPE: 12.2972, Test R: 0.8874, Test RRSE: 0.4988
2025-02-10 16:29:53,783:INFO:Epoch 259: Train Loss: 387.9108, Train Node Loss: 55.1787, Train Reg Loss: 3.3273, Train MAPE: 12.4111, Train R: 0.9324, Train RRSE: 0.4020, Test Loss: 969.6229, Test Node Loss: 47.8316, Test Reg Loss: 9.2179, Test MAPE: 12.5777, Test R: 0.8880, Test RRSE: 0.6647
2025-02-10 16:30:13,904:INFO:Epoch 260: Train Loss: 496.0927, Train Node Loss: 44.3244, Train Reg Loss: 4.5177, Train MAPE: 11.7749, Train R: 0.9037, Train RRSE: 0.4684, Test Loss: 1339.7099, Test Node Loss: 43.8790, Test Reg Loss: 12.9583, Test MAPE: 13.0246, Test R: 0.8884, Test RRSE: 0.7881
2025-02-10 16:30:13,937:INFO:Checkpoint saved at best_0.0008_0.001_256_SAGE_2_64_0.8884_epoch_260.pth
2025-02-10 16:30:33,571:INFO:Epoch 261: Train Loss: 526.2615, Train Node Loss: 54.2418, Train Reg Loss: 4.7202, Train MAPE: 12.6133, Train R: 0.8953, Train RRSE: 0.4788, Test Loss: 540.0895, Test Node Loss: 54.6921, Test Reg Loss: 4.8540, Test MAPE: 12.3868, Test R: 0.8874, Test RRSE: 0.4823
2025-02-10 16:30:53,181:INFO:Epoch 262: Train Loss: 428.7099, Train Node Loss: 46.0078, Train Reg Loss: 3.8270, Train MAPE: 11.7567, Train R: 0.9073, Train RRSE: 0.4311, Test Loss: 2064.6718, Test Node Loss: 37.6517, Test Reg Loss: 20.2702, Test MAPE: 13.7400, Test R: 0.8883, Test RRSE: 0.9856
2025-02-10 16:31:12,601:INFO:Epoch 263: Train Loss: 404.8985, Train Node Loss: 45.1455, Train Reg Loss: 3.5975, Train MAPE: 11.7007, Train R: 0.9154, Train RRSE: 0.4180, Test Loss: 512.7562, Test Node Loss: 55.5012, Test Reg Loss: 4.5726, Test MAPE: 12.4688, Test R: 0.8868, Test RRSE: 0.4681
2025-02-10 16:31:32,130:INFO:Epoch 264: Train Loss: 427.6206, Train Node Loss: 51.2134, Train Reg Loss: 3.7641, Train MAPE: 12.2016, Train R: 0.9168, Train RRSE: 0.4275, Test Loss: 1339.4281, Test Node Loss: 41.3755, Test Reg Loss: 12.9805, Test MAPE: 12.9838, Test R: 0.8877, Test RRSE: 0.7887
2025-02-10 16:31:51,840:INFO:Epoch 265: Train Loss: 356.6182, Train Node Loss: 43.5753, Train Reg Loss: 3.1304, Train MAPE: 11.8925, Train R: 0.9276, Train RRSE: 0.3899, Test Loss: 1263.8201, Test Node Loss: 42.0051, Test Reg Loss: 12.2182, Test MAPE: 12.9421, Test R: 0.8867, Test RRSE: 0.7652
2025-02-10 16:32:11,587:INFO:Epoch 266: Train Loss: 370.6127, Train Node Loss: 47.7090, Train Reg Loss: 3.2290, Train MAPE: 12.2384, Train R: 0.9214, Train RRSE: 0.3960, Test Loss: 1138.7226, Test Node Loss: 42.4899, Test Reg Loss: 10.9623, Test MAPE: 12.8506, Test R: 0.8869, Test RRSE: 0.7248
2025-02-10 16:32:31,276:INFO:Epoch 267: Train Loss: 346.9363, Train Node Loss: 43.6143, Train Reg Loss: 3.0332, Train MAPE: 11.8660, Train R: 0.9264, Train RRSE: 0.3838, Test Loss: 1210.9366, Test Node Loss: 40.0257, Test Reg Loss: 11.7091, Test MAPE: 12.7813, Test R: 0.8876, Test RRSE: 0.7491
2025-02-10 16:32:51,140:INFO:Epoch 268: Train Loss: 352.8357, Train Node Loss: 43.6423, Train Reg Loss: 3.0919, Train MAPE: 11.9061, Train R: 0.9241, Train RRSE: 0.3875, Test Loss: 678.8891, Test Node Loss: 45.0988, Test Reg Loss: 6.3379, Test MAPE: 12.4043, Test R: 0.8872, Test RRSE: 0.5511
2025-02-10 16:33:11,131:INFO:Epoch 269: Train Loss: 324.4368, Train Node Loss: 44.3966, Train Reg Loss: 2.8004, Train MAPE: 11.9912, Train R: 0.9308, Train RRSE: 0.3688, Test Loss: 1067.0859, Test Node Loss: 40.6926, Test Reg Loss: 10.2639, Test MAPE: 12.7477, Test R: 0.8876, Test RRSE: 0.7014
2025-02-10 16:33:30,839:INFO:Epoch 270: Train Loss: 334.3821, Train Node Loss: 43.7447, Train Reg Loss: 2.9064, Train MAPE: 12.1967, Train R: 0.9270, Train RRSE: 0.3757, Test Loss: 1163.0371, Test Node Loss: 39.9410, Test Reg Loss: 11.2310, Test MAPE: 13.0066, Test R: 0.8875, Test RRSE: 0.7337
2025-02-10 16:33:50,752:INFO:Epoch 271: Train Loss: 394.7191, Train Node Loss: 40.6907, Train Reg Loss: 3.5403, Train MAPE: 11.8975, Train R: 0.9161, Train RRSE: 0.4146, Test Loss: 908.5019, Test Node Loss: 41.6423, Test Reg Loss: 8.6686, Test MAPE: 12.7187, Test R: 0.8877, Test RRSE: 0.6446
2025-02-10 16:34:10,348:INFO:Epoch 272: Train Loss: 401.1945, Train Node Loss: 46.2674, Train Reg Loss: 3.5493, Train MAPE: 12.3244, Train R: 0.9187, Train RRSE: 0.4152, Test Loss: 850.3388, Test Node Loss: 41.8993, Test Reg Loss: 8.0844, Test MAPE: 12.6530, Test R: 0.8873, Test RRSE: 0.6225
2025-02-10 16:34:29,791:INFO:Epoch 273: Train Loss: 356.7506, Train Node Loss: 39.4975, Train Reg Loss: 3.1725, Train MAPE: 11.9926, Train R: 0.9273, Train RRSE: 0.3925, Test Loss: 1787.1417, Test Node Loss: 34.6863, Test Reg Loss: 17.5246, Test MAPE: 13.6501, Test R: 0.8880, Test RRSE: 0.9165
2025-02-10 16:34:49,071:INFO:Epoch 274: Train Loss: 523.1466, Train Node Loss: 43.8760, Train Reg Loss: 4.7927, Train MAPE: 12.2665, Train R: 0.8793, Train RRSE: 0.4824, Test Loss: 808.8010, Test Node Loss: 42.5480, Test Reg Loss: 7.6625, Test MAPE: 12.6015, Test R: 0.8885, Test RRSE: 0.6060
2025-02-10 16:34:49,112:INFO:Checkpoint saved at best_0.0008_0.001_256_SAGE_2_64_0.8885_epoch_274.pth
2025-02-10 16:35:08,558:INFO:Epoch 275: Train Loss: 379.1526, Train Node Loss: 39.6855, Train Reg Loss: 3.3947, Train MAPE: 11.9065, Train R: 0.9167, Train RRSE: 0.4060, Test Loss: 1773.1836, Test Node Loss: 33.8994, Test Reg Loss: 17.3928, Test MAPE: 13.4659, Test R: 0.8892, Test RRSE: 0.9130
2025-02-10 16:35:08,583:INFO:Checkpoint saved at best_0.0008_0.001_256_SAGE_2_64_0.8892_epoch_275.pth
2025-02-10 16:35:28,043:INFO:Epoch 276: Train Loss: 352.5600, Train Node Loss: 39.4192, Train Reg Loss: 3.1314, Train MAPE: 11.9554, Train R: 0.9229, Train RRSE: 0.3900, Test Loss: 526.9276, Test Node Loss: 44.3251, Test Reg Loss: 4.8260, Test MAPE: 12.4691, Test R: 0.8870, Test RRSE: 0.4809
2025-02-10 16:35:47,565:INFO:Epoch 277: Train Loss: 337.8269, Train Node Loss: 41.6860, Train Reg Loss: 2.9614, Train MAPE: 12.0202, Train R: 0.9299, Train RRSE: 0.3792, Test Loss: 1289.7259, Test Node Loss: 36.4455, Test Reg Loss: 12.5328, Test MAPE: 13.1488, Test R: 0.8886, Test RRSE: 0.7750
2025-02-10 16:36:06,961:INFO:Epoch 278: Train Loss: 348.7859, Train Node Loss: 37.2198, Train Reg Loss: 3.1157, Train MAPE: 11.9429, Train R: 0.9275, Train RRSE: 0.3890, Test Loss: 1462.5180, Test Node Loss: 35.1628, Test Reg Loss: 14.2736, Test MAPE: 13.3119, Test R: 0.8883, Test RRSE: 0.8271
2025-02-10 16:36:26,506:INFO:Epoch 279: Train Loss: 424.6207, Train Node Loss: 41.9410, Train Reg Loss: 3.8268, Train MAPE: 12.4472, Train R: 0.9082, Train RRSE: 0.4311, Test Loss: 847.1536, Test Node Loss: 39.3932, Test Reg Loss: 8.0776, Test MAPE: 12.6766, Test R: 0.8883, Test RRSE: 0.6222
2025-02-10 16:36:46,477:INFO:Epoch 280: Train Loss: 460.2207, Train Node Loss: 35.6850, Train Reg Loss: 4.2454, Train MAPE: 11.8796, Train R: 0.9005, Train RRSE: 0.4540, Test Loss: 1584.4325, Test Node Loss: 33.1164, Test Reg Loss: 15.5132, Test MAPE: 13.3178, Test R: 0.8884, Test RRSE: 0.8623
2025-02-10 16:37:06,539:INFO:Epoch 281: Train Loss: 301.8587, Train Node Loss: 39.4117, Train Reg Loss: 2.6245, Train MAPE: 12.1616, Train R: 0.9352, Train RRSE: 0.3570, Test Loss: 510.2076, Test Node Loss: 44.8450, Test Reg Loss: 4.6536, Test MAPE: 12.5956, Test R: 0.8872, Test RRSE: 0.4723
2025-02-10 16:37:26,885:INFO:Epoch 282: Train Loss: 314.5025, Train Node Loss: 40.8471, Train Reg Loss: 2.7366, Train MAPE: 12.4008, Train R: 0.9389, Train RRSE: 0.3645, Test Loss: 2031.1332, Test Node Loss: 30.7032, Test Reg Loss: 20.0043, Test MAPE: 13.9470, Test R: 0.8876, Test RRSE: 0.9792
2025-02-10 16:37:47,249:INFO:Epoch 283: Train Loss: 378.3717, Train Node Loss: 32.9442, Train Reg Loss: 3.4543, Train MAPE: 11.9102, Train R: 0.9316, Train RRSE: 0.4096, Test Loss: 970.8784, Test Node Loss: 35.4166, Test Reg Loss: 9.3546, Test MAPE: 12.6252, Test R: 0.8885, Test RRSE: 0.6696
2025-02-10 16:38:07,894:INFO:Epoch 284: Train Loss: 322.3461, Train Node Loss: 38.2913, Train Reg Loss: 2.8405, Train MAPE: 12.0779, Train R: 0.9321, Train RRSE: 0.3714, Test Loss: 518.2784, Test Node Loss: 41.5713, Test Reg Loss: 4.7671, Test MAPE: 12.4179, Test R: 0.8878, Test RRSE: 0.4780
2025-02-10 16:38:28,641:INFO:Epoch 285: Train Loss: 331.8284, Train Node Loss: 37.5897, Train Reg Loss: 2.9424, Train MAPE: 12.2169, Train R: 0.9283, Train RRSE: 0.3780, Test Loss: 2020.5751, Test Node Loss: 29.4789, Test Reg Loss: 19.9110, Test MAPE: 13.9829, Test R: 0.8883, Test RRSE: 0.9769
2025-02-10 16:38:49,506:INFO:Epoch 286: Train Loss: 337.1319, Train Node Loss: 34.2008, Train Reg Loss: 3.0293, Train MAPE: 12.0229, Train R: 0.9266, Train RRSE: 0.3835, Test Loss: 863.3237, Test Node Loss: 35.5315, Test Reg Loss: 8.2779, Test MAPE: 12.7301, Test R: 0.8882, Test RRSE: 0.6299
2025-02-10 16:39:10,222:INFO:Epoch 287: Train Loss: 301.5402, Train Node Loss: 36.2488, Train Reg Loss: 2.6529, Train MAPE: 12.1580, Train R: 0.9350, Train RRSE: 0.3589, Test Loss: 1201.5467, Test Node Loss: 32.3101, Test Reg Loss: 11.6924, Test MAPE: 12.9578, Test R: 0.8884, Test RRSE: 0.7486
2025-02-10 16:39:30,932:INFO:Epoch 288: Train Loss: 316.8220, Train Node Loss: 33.6491, Train Reg Loss: 2.8317, Train MAPE: 11.9611, Train R: 0.9309, Train RRSE: 0.3708, Test Loss: 1311.6273, Test Node Loss: 31.3091, Test Reg Loss: 12.8032, Test MAPE: 13.1458, Test R: 0.8883, Test RRSE: 0.7833
2025-02-10 16:39:51,590:INFO:Epoch 289: Train Loss: 291.9713, Train Node Loss: 33.9140, Train Reg Loss: 2.5806, Train MAPE: 12.0427, Train R: 0.9367, Train RRSE: 0.3540, Test Loss: 1041.7193, Test Node Loss: 33.4844, Test Reg Loss: 10.0823, Test MAPE: 13.0252, Test R: 0.8880, Test RRSE: 0.6951
2025-02-10 16:40:12,325:INFO:Epoch 290: Train Loss: 350.4494, Train Node Loss: 34.4357, Train Reg Loss: 3.1601, Train MAPE: 12.1839, Train R: 0.9206, Train RRSE: 0.3917, Test Loss: 1347.8241, Test Node Loss: 31.7876, Test Reg Loss: 13.1604, Test MAPE: 13.3481, Test R: 0.8879, Test RRSE: 0.7942
2025-02-10 16:40:32,972:INFO:Epoch 291: Train Loss: 301.4817, Train Node Loss: 34.3687, Train Reg Loss: 2.6711, Train MAPE: 12.2575, Train R: 0.9334, Train RRSE: 0.3602, Test Loss: 1159.3542, Test Node Loss: 31.8454, Test Reg Loss: 11.2751, Test MAPE: 13.0975, Test R: 0.8876, Test RRSE: 0.7351
2025-02-10 16:40:53,688:INFO:Epoch 292: Train Loss: 305.3858, Train Node Loss: 33.0835, Train Reg Loss: 2.7230, Train MAPE: 12.1198, Train R: 0.9321, Train RRSE: 0.3636, Test Loss: 1196.0603, Test Node Loss: 30.8705, Test Reg Loss: 11.6519, Test MAPE: 12.9989, Test R: 0.8877, Test RRSE: 0.7473
2025-02-10 16:41:14,229:INFO:Epoch 293: Train Loss: 297.8302, Train Node Loss: 33.4329, Train Reg Loss: 2.6440, Train MAPE: 12.1885, Train R: 0.9344, Train RRSE: 0.3583, Test Loss: 1146.2007, Test Node Loss: 30.4462, Test Reg Loss: 11.1575, Test MAPE: 13.0182, Test R: 0.8878, Test RRSE: 0.7313
2025-02-10 16:41:34,552:INFO:Epoch 294: Train Loss: 294.2549, Train Node Loss: 31.8915, Train Reg Loss: 2.6236, Train MAPE: 11.9856, Train R: 0.9354, Train RRSE: 0.3569, Test Loss: 1422.2675, Test Node Loss: 28.4124, Test Reg Loss: 13.9386, Test MAPE: 13.3915, Test R: 0.8881, Test RRSE: 0.8173
2025-02-10 16:41:54,524:INFO:Epoch 295: Train Loss: 308.5819, Train Node Loss: 31.6664, Train Reg Loss: 2.7692, Train MAPE: 12.1524, Train R: 0.9307, Train RRSE: 0.3667, Test Loss: 1084.8600, Test Node Loss: 30.2072, Test Reg Loss: 10.5465, Test MAPE: 13.0836, Test R: 0.8887, Test RRSE: 0.7110
2025-02-10 16:42:14,842:INFO:Epoch 296: Train Loss: 286.4751, Train Node Loss: 31.2585, Train Reg Loss: 2.5522, Train MAPE: 12.1676, Train R: 0.9365, Train RRSE: 0.3520, Test Loss: 1600.0950, Test Node Loss: 27.4212, Test Reg Loss: 15.7267, Test MAPE: 13.6457, Test R: 0.8893, Test RRSE: 0.8682
2025-02-10 16:42:14,913:INFO:Checkpoint saved at best_0.0008_0.001_256_SAGE_2_64_0.8893_epoch_296.pth
2025-02-10 16:42:35,224:INFO:Epoch 297: Train Loss: 278.3682, Train Node Loss: 30.6593, Train Reg Loss: 2.4771, Train MAPE: 12.1569, Train R: 0.9386, Train RRSE: 0.3468, Test Loss: 1100.6868, Test Node Loss: 29.8481, Test Reg Loss: 10.7084, Test MAPE: 12.9998, Test R: 0.8898, Test RRSE: 0.7164
2025-02-10 16:42:35,244:INFO:Checkpoint saved at best_0.0008_0.001_256_SAGE_2_64_0.8898_epoch_297.pth
2025-02-10 16:42:55,383:INFO:Epoch 298: Train Loss: 326.6528, Train Node Loss: 32.7568, Train Reg Loss: 2.9390, Train MAPE: 12.2836, Train R: 0.9291, Train RRSE: 0.3778, Test Loss: 1848.3812, Test Node Loss: 26.6883, Test Reg Loss: 18.2169, Test MAPE: 13.8678, Test R: 0.8898, Test RRSE: 0.9344
2025-02-10 16:42:55,410:INFO:Checkpoint saved at best_0.0008_0.001_256_SAGE_2_64_0.8898_epoch_298.pth
2025-02-10 16:43:15,976:INFO:Epoch 299: Train Loss: 337.0352, Train Node Loss: 28.2293, Train Reg Loss: 3.0881, Train MAPE: 12.0051, Train R: 0.9298, Train RRSE: 0.3872, Test Loss: 1219.8806, Test Node Loss: 27.9867, Test Reg Loss: 11.9189, Test MAPE: 13.1749, Test R: 0.8905, Test RRSE: 0.7558
2025-02-10 16:43:16,008:INFO:Checkpoint saved at best_0.0008_0.001_256_SAGE_2_64_0.8905_epoch_299.pth
2025-02-10 16:43:36,399:INFO:Epoch 300: Train Loss: 350.7879, Train Node Loss: 32.0793, Train Reg Loss: 3.1871, Train MAPE: 12.2549, Train R: 0.9232, Train RRSE: 0.3934, Test Loss: 533.0312, Test Node Loss: 33.9278, Test Reg Loss: 4.9910, Test MAPE: 12.7432, Test R: 0.8886, Test RRSE: 0.4891
2025-02-10 16:43:36,399:INFO:Best performance at epoch 299 with Test MAPE: 0.8905
