2025-02-10 14:55:32,511:INFO:Learning rate: 0.0008
2025-02-10 14:55:32,512:INFO:Weight decay: 0.001
2025-02-10 14:55:32,512:INFO:Batch size: 64
2025-02-10 14:55:32,512:INFO:Number of layers: 3
2025-02-10 14:55:32,512:INFO:Convolution type: SAGE
2025-02-10 14:55:32,512:INFO:Convolution neurons: 256
2025-02-10 15:00:03,841:INFO:Learning rate: 0.0008
2025-02-10 15:00:03,842:INFO:Weight decay: 0.001
2025-02-10 15:00:03,842:INFO:Batch size: 64
2025-02-10 15:00:03,842:INFO:Number of layers: 3
2025-02-10 15:00:03,843:INFO:Convolution type: SAGE
2025-02-10 15:00:03,843:INFO:Convolution neurons: 256
2025-02-10 15:00:37,289:INFO:Epoch 1: Train Loss: 147175.3143, Train Node Loss: 0.8704, Train Reg Loss: 1471.7444, Train MAPE: 99.9691, Train R: 0.1777, Train RRSE: 8.4539, Test Loss: 149159.9043, Test Node Loss: 2.3332, Test Reg Loss: 1491.5757, Test MAPE: 99.4196, Test R: -0.0117, Test RRSE: 8.4550
2025-02-10 15:01:08,706:INFO:Epoch 2: Train Loss: 142014.2958, Train Node Loss: 9.6499, Train Reg Loss: 1420.0464, Train MAPE: 98.1303, Train R: 0.0501, Train RRSE: 8.3041, Test Loss: 144851.9220, Test Node Loss: 15.8617, Test Reg Loss: 1448.3606, Test MAPE: 97.9314, Test R: 0.7625, Test RRSE: 8.3316
2025-02-10 15:01:08,753:INFO:Checkpoint saved at best_0.0008_0.001_256_SAGE_3_64_0.7625_epoch_2.pth
2025-02-10 15:01:40,182:INFO:Epoch 3: Train Loss: 135196.1914, Train Node Loss: 38.8097, Train Reg Loss: 1351.5739, Train MAPE: 95.6368, Train R: -0.1209, Train RRSE: 8.1014, Test Loss: 136669.5116, Test Node Loss: 66.1801, Test Reg Loss: 1366.0333, Test MAPE: 95.0328, Test R: 0.8393, Test RRSE: 8.0914
2025-02-10 15:01:40,218:INFO:Checkpoint saved at best_0.0008_0.001_256_SAGE_3_64_0.8393_epoch_3.pth
2025-02-10 15:02:11,672:INFO:Epoch 4: Train Loss: 124018.3357, Train Node Loss: 181.3302, Train Reg Loss: 1238.3700, Train MAPE: 91.4181, Train R: -0.0115, Train RRSE: 7.7547, Test Loss: 113025.1520, Test Node Loss: 657.2736, Test Reg Loss: 1123.6788, Test MAPE: 85.9515, Test R: 0.8385, Test RRSE: 7.3386
2025-02-10 15:02:43,346:INFO:Epoch 5: Train Loss: 99023.4624, Train Node Loss: 1028.1890, Train Reg Loss: 979.9527, Train MAPE: 80.9242, Train R: 0.0546, Train RRSE: 6.8983, Test Loss: 51450.4002, Test Node Loss: 5900.5082, Test Reg Loss: 455.4989, Test MAPE: 53.6955, Test R: 0.8495, Test RRSE: 4.6723
2025-02-10 15:02:43,384:INFO:Checkpoint saved at best_0.0008_0.001_256_SAGE_3_64_0.8495_epoch_5.pth
2025-02-10 15:03:14,900:INFO:Epoch 6: Train Loss: 51852.8272, Train Node Loss: 4709.7791, Train Reg Loss: 471.4305, Train MAPE: 54.3409, Train R: 0.1201, Train RRSE: 4.7846, Test Loss: 45233.1172, Test Node Loss: 32076.2107, Test Reg Loss: 131.5691, Test MAPE: 30.4336, Test R: 0.8567, Test RRSE: 2.5111
2025-02-10 15:03:14,948:INFO:Checkpoint saved at best_0.0008_0.001_256_SAGE_3_64_0.8567_epoch_6.pth
2025-02-10 15:03:46,413:INFO:Epoch 7: Train Loss: 21452.1017, Train Node Loss: 15643.9180, Train Reg Loss: 58.0818, Train MAPE: 17.3528, Train R: 0.1278, Train RRSE: 1.6794, Test Loss: 226259.0869, Test Node Loss: 57186.6503, Test Reg Loss: 1690.7243, Test MAPE: 109.0174, Test R: 0.8587, Test RRSE: 9.0017
2025-02-10 15:03:46,437:INFO:Checkpoint saved at best_0.0008_0.001_256_SAGE_3_64_0.8587_epoch_7.pth
2025-02-10 15:04:18,082:INFO:Epoch 8: Train Loss: 26502.4427, Train Node Loss: 18316.5757, Train Reg Loss: 81.8587, Train MAPE: 23.7352, Train R: 0.4132, Train RRSE: 1.9938, Test Loss: 35896.9860, Test Node Loss: 20691.2676, Test Reg Loss: 152.0572, Test MAPE: 32.5936, Test R: 0.8571, Test RRSE: 2.6996
2025-02-10 15:04:49,608:INFO:Epoch 9: Train Loss: 12855.0785, Train Node Loss: 9822.8454, Train Reg Loss: 30.3223, Train MAPE: 11.6960, Train R: 0.2824, Train RRSE: 1.2135, Test Loss: 12206.0975, Test Node Loss: 7957.5185, Test Reg Loss: 42.4858, Test MAPE: 12.8641, Test R: 0.8557, Test RRSE: 1.4270
2025-02-10 15:05:21,186:INFO:Epoch 10: Train Loss: 15271.9824, Train Node Loss: 5860.4693, Train Reg Loss: 94.1151, Train MAPE: 22.2019, Train R: 0.6906, Train RRSE: 2.1378, Test Loss: 11726.2310, Test Node Loss: 6495.3671, Test Reg Loss: 52.3086, Test MAPE: 14.9886, Test R: 0.8590, Test RRSE: 1.5834
2025-02-10 15:05:21,227:INFO:Checkpoint saved at best_0.0008_0.001_256_SAGE_3_64_0.8590_epoch_10.pth
2025-02-10 15:05:53,478:INFO:Epoch 11: Train Loss: 12435.0582, Train Node Loss: 5746.6745, Train Reg Loss: 66.8838, Train MAPE: 17.6944, Train R: 0.4321, Train RRSE: 1.8022, Test Loss: 9942.6015, Test Node Loss: 8603.6858, Test Reg Loss: 13.3892, Test MAPE: 10.2411, Test R: 0.8599, Test RRSE: 0.8011
2025-02-10 15:05:53,504:INFO:Checkpoint saved at best_0.0008_0.001_256_SAGE_3_64_0.8599_epoch_11.pth
2025-02-10 15:06:25,011:INFO:Epoch 12: Train Loss: 8686.2865, Train Node Loss: 7167.9608, Train Reg Loss: 15.1833, Train MAPE: 9.3718, Train R: 0.6083, Train RRSE: 0.8587, Test Loss: 16768.4875, Test Node Loss: 10325.9669, Test Reg Loss: 64.4252, Test MAPE: 21.6188, Test R: 0.8592, Test RRSE: 1.7572
2025-02-10 15:06:56,430:INFO:Epoch 13: Train Loss: 9315.0533, Train Node Loss: 7713.4041, Train Reg Loss: 16.0165, Train MAPE: 11.8599, Train R: 0.8474, Train RRSE: 0.8819, Test Loss: 12090.2617, Test Node Loss: 8529.9208, Test Reg Loss: 35.6034, Test MAPE: 16.6713, Test R: 0.8578, Test RRSE: 1.3063
2025-02-10 15:07:27,889:INFO:Epoch 14: Train Loss: 7442.7593, Train Node Loss: 6196.3712, Train Reg Loss: 12.4639, Train MAPE: 9.5207, Train R: 0.6941, Train RRSE: 0.7780, Test Loss: 7047.1922, Test Node Loss: 5805.4622, Test Reg Loss: 12.4173, Test MAPE: 9.1959, Test R: 0.8557, Test RRSE: 0.7714
2025-02-10 15:07:59,501:INFO:Epoch 15: Train Loss: 7363.2446, Train Node Loss: 4740.7183, Train Reg Loss: 26.2253, Train MAPE: 10.7275, Train R: 0.8151, Train RRSE: 1.1285, Test Loss: 6646.0372, Test Node Loss: 4899.1314, Test Reg Loss: 17.4691, Test MAPE: 9.4880, Test R: 0.8540, Test RRSE: 0.9150
2025-02-10 15:08:30,738:INFO:Epoch 16: Train Loss: 6537.9593, Train Node Loss: 4576.2236, Train Reg Loss: 19.6174, Train MAPE: 9.7116, Train R: 0.7495, Train RRSE: 0.9760, Test Loss: 6184.3552, Test Node Loss: 5096.9556, Test Reg Loss: 10.8740, Test MAPE: 9.6509, Test R: 0.8533, Test RRSE: 0.7219
2025-02-10 15:09:01,901:INFO:Epoch 17: Train Loss: 6010.9947, Train Node Loss: 4846.2577, Train Reg Loss: 11.6474, Train MAPE: 9.7923, Train R: 0.7832, Train RRSE: 0.7521, Test Loss: 6043.6617, Test Node Loss: 4884.6654, Test Reg Loss: 11.5900, Test MAPE: 10.4174, Test R: 0.8525, Test RRSE: 0.7453
2025-02-10 15:09:32,873:INFO:Epoch 18: Train Loss: 5580.9930, Train Node Loss: 4455.3513, Train Reg Loss: 11.2564, Train MAPE: 9.7375, Train R: 0.7970, Train RRSE: 0.7393, Test Loss: 5281.9498, Test Node Loss: 3903.8876, Test Reg Loss: 13.7806, Test MAPE: 9.2356, Test R: 0.8508, Test RRSE: 0.8127
2025-02-10 15:10:03,952:INFO:Epoch 19: Train Loss: 5201.1367, Train Node Loss: 3654.3072, Train Reg Loss: 15.4683, Train MAPE: 9.2952, Train R: 0.8045, Train RRSE: 0.8667, Test Loss: 5256.6306, Test Node Loss: 3359.0739, Test Reg Loss: 18.9756, Test MAPE: 9.7140, Test R: 0.8489, Test RRSE: 0.9536
2025-02-10 15:10:35,457:INFO:Epoch 20: Train Loss: 4851.2913, Train Node Loss: 3440.4708, Train Reg Loss: 14.1082, Train MAPE: 9.2593, Train R: 0.7823, Train RRSE: 0.8277, Test Loss: 4634.1223, Test Node Loss: 3415.6593, Test Reg Loss: 12.1846, Test MAPE: 9.2135, Test R: 0.8475, Test RRSE: 0.7642
2025-02-10 15:11:06,954:INFO:Epoch 21: Train Loss: 4549.4730, Train Node Loss: 3463.6820, Train Reg Loss: 10.8579, Train MAPE: 9.7125, Train R: 0.8255, Train RRSE: 0.7261, Test Loss: 4367.6923, Test Node Loss: 3184.6379, Test Reg Loss: 11.8305, Test MAPE: 9.2153, Test R: 0.8459, Test RRSE: 0.7530
2025-02-10 15:11:38,510:INFO:Epoch 22: Train Loss: 4260.2412, Train Node Loss: 3117.6967, Train Reg Loss: 11.4254, Train MAPE: 9.4745, Train R: 0.8132, Train RRSE: 0.7449, Test Loss: 4390.7730, Test Node Loss: 2720.2519, Test Reg Loss: 16.7052, Test MAPE: 9.5331, Test R: 0.8440, Test RRSE: 0.8948
2025-02-10 15:12:10,015:INFO:Epoch 23: Train Loss: 4033.5057, Train Node Loss: 2750.0933, Train Reg Loss: 12.8341, Train MAPE: 9.2424, Train R: 0.8332, Train RRSE: 0.7894, Test Loss: 4115.5090, Test Node Loss: 2563.0655, Test Reg Loss: 15.5244, Test MAPE: 9.4323, Test R: 0.8420, Test RRSE: 0.8626
2025-02-10 15:12:41,619:INFO:Epoch 24: Train Loss: 3813.6122, Train Node Loss: 2672.9253, Train Reg Loss: 11.4069, Train MAPE: 9.4462, Train R: 0.8058, Train RRSE: 0.7443, Test Loss: 3731.1881, Test Node Loss: 2527.9277, Test Reg Loss: 12.0326, Test MAPE: 9.2828, Test R: 0.8402, Test RRSE: 0.7594
2025-02-10 15:13:13,301:INFO:Epoch 25: Train Loss: 3643.4521, Train Node Loss: 2554.4702, Train Reg Loss: 10.8898, Train MAPE: 9.6404, Train R: 0.8149, Train RRSE: 0.7272, Test Loss: 3644.6476, Test Node Loss: 2282.1829, Test Reg Loss: 13.6246, Test MAPE: 9.2907, Test R: 0.8382, Test RRSE: 0.8081
2025-02-10 15:13:44,787:INFO:Epoch 26: Train Loss: 3421.2674, Train Node Loss: 2320.0696, Train Reg Loss: 11.0120, Train MAPE: 9.4618, Train R: 0.8217, Train RRSE: 0.7313, Test Loss: 3536.4142, Test Node Loss: 2102.5017, Test Reg Loss: 14.3391, Test MAPE: 9.4129, Test R: 0.8364, Test RRSE: 0.8290
2025-02-10 15:14:16,358:INFO:Epoch 27: Train Loss: 3273.5706, Train Node Loss: 2164.9727, Train Reg Loss: 11.0860, Train MAPE: 9.4916, Train R: 0.8101, Train RRSE: 0.7337, Test Loss: 3320.6797, Test Node Loss: 1999.3543, Test Reg Loss: 13.2133, Test MAPE: 9.3867, Test R: 0.8343, Test RRSE: 0.7958
2025-02-10 15:14:47,899:INFO:Epoch 28: Train Loss: 3086.2060, Train Node Loss: 2033.1204, Train Reg Loss: 10.5309, Train MAPE: 9.5194, Train R: 0.8296, Train RRSE: 0.7151, Test Loss: 3199.7995, Test Node Loss: 1864.4549, Test Reg Loss: 13.3534, Test MAPE: 9.4185, Test R: 0.8324, Test RRSE: 0.8000
2025-02-10 15:15:19,383:INFO:Epoch 29: Train Loss: 2979.6963, Train Node Loss: 1917.9960, Train Reg Loss: 10.6170, Train MAPE: 9.5965, Train R: 0.8097, Train RRSE: 0.7180, Test Loss: 3014.4927, Test Node Loss: 1777.4920, Test Reg Loss: 12.3700, Test MAPE: 9.3965, Test R: 0.8303, Test RRSE: 0.7700
2025-02-10 15:15:50,999:INFO:Epoch 30: Train Loss: 2816.0122, Train Node Loss: 1799.6646, Train Reg Loss: 10.1635, Train MAPE: 9.6840, Train R: 0.8187, Train RRSE: 0.7025, Test Loss: 2998.8581, Test Node Loss: 1625.7986, Test Reg Loss: 13.7306, Test MAPE: 9.5325, Test R: 0.8280, Test RRSE: 0.8112
2025-02-10 15:16:22,434:INFO:Epoch 31: Train Loss: 2731.2376, Train Node Loss: 1680.0447, Train Reg Loss: 10.5119, Train MAPE: 9.6053, Train R: 0.8001, Train RRSE: 0.7145, Test Loss: 2809.1486, Test Node Loss: 1561.2326, Test Reg Loss: 12.4792, Test MAPE: 9.4918, Test R: 0.8254, Test RRSE: 0.7734
2025-02-10 15:16:53,863:INFO:Epoch 32: Train Loss: 2608.2787, Train Node Loss: 1615.4502, Train Reg Loss: 9.9283, Train MAPE: 9.8107, Train R: 0.8114, Train RRSE: 0.6943, Test Loss: 2728.7601, Test Node Loss: 1461.9076, Test Reg Loss: 12.6685, Test MAPE: 9.5325, Test R: 0.8229, Test RRSE: 0.7792
2025-02-10 15:17:25,353:INFO:Epoch 33: Train Loss: 2515.0785, Train Node Loss: 1504.4751, Train Reg Loss: 10.1060, Train MAPE: 9.8061, Train R: 0.7966, Train RRSE: 0.7005, Test Loss: 2817.6608, Test Node Loss: 1325.5061, Test Reg Loss: 14.9215, Test MAPE: 9.7404, Test R: 0.8202, Test RRSE: 0.8457
2025-02-10 15:17:56,323:INFO:Epoch 34: Train Loss: 2409.7203, Train Node Loss: 1417.4837, Train Reg Loss: 9.9224, Train MAPE: 9.8331, Train R: 0.7933, Train RRSE: 0.6941, Test Loss: 2590.1017, Test Node Loss: 1288.6972, Test Reg Loss: 13.0140, Test MAPE: 9.6393, Test R: 0.8177, Test RRSE: 0.7898
2025-02-10 15:18:27,272:INFO:Epoch 35: Train Loss: 2331.2474, Train Node Loss: 1343.3191, Train Reg Loss: 9.8793, Train MAPE: 9.9127, Train R: 0.7867, Train RRSE: 0.6926, Test Loss: 2529.5307, Test Node Loss: 1213.5778, Test Reg Loss: 13.1595, Test MAPE: 9.7439, Test R: 0.8156, Test RRSE: 0.7942
2025-02-10 15:18:58,049:INFO:Epoch 36: Train Loss: 2259.8136, Train Node Loss: 1293.0598, Train Reg Loss: 9.6675, Train MAPE: 10.0246, Train R: 0.7849, Train RRSE: 0.6852, Test Loss: 2415.6249, Test Node Loss: 1160.0847, Test Reg Loss: 12.5554, Test MAPE: 9.7258, Test R: 0.8145, Test RRSE: 0.7757
2025-02-10 15:19:28,797:INFO:Epoch 37: Train Loss: 2152.2463, Train Node Loss: 1198.3726, Train Reg Loss: 9.5387, Train MAPE: 9.9489, Train R: 0.8009, Train RRSE: 0.6806, Test Loss: 2464.5112, Test Node Loss: 1072.5671, Test Reg Loss: 13.9194, Test MAPE: 9.8641, Test R: 0.8132, Test RRSE: 0.8168
2025-02-10 15:19:59,391:INFO:Epoch 38: Train Loss: 2063.2149, Train Node Loss: 1133.6106, Train Reg Loss: 9.2960, Train MAPE: 9.9444, Train R: 0.8051, Train RRSE: 0.6719, Test Loss: 2214.4331, Test Node Loss: 1063.8537, Test Reg Loss: 11.5058, Test MAPE: 9.7606, Test R: 0.8126, Test RRSE: 0.7426
2025-02-10 15:20:29,802:INFO:Epoch 39: Train Loss: 2022.3613, Train Node Loss: 1132.7264, Train Reg Loss: 8.8963, Train MAPE: 10.3660, Train R: 0.8025, Train RRSE: 0.6573, Test Loss: 2233.3206, Test Node Loss: 991.6311, Test Reg Loss: 12.4169, Test MAPE: 9.8260, Test R: 0.8117, Test RRSE: 0.7714
2025-02-10 15:21:00,182:INFO:Epoch 40: Train Loss: 2028.7505, Train Node Loss: 1002.4421, Train Reg Loss: 10.2631, Train MAPE: 10.0084, Train R: 0.7720, Train RRSE: 0.7060, Test Loss: 2335.5366, Test Node Loss: 912.3244, Test Reg Loss: 14.2321, Test MAPE: 9.9468, Test R: 0.8110, Test RRSE: 0.8259
2025-02-10 15:21:30,702:INFO:Epoch 41: Train Loss: 1988.7757, Train Node Loss: 1025.9586, Train Reg Loss: 9.6282, Train MAPE: 10.4852, Train R: 0.7603, Train RRSE: 0.6838, Test Loss: 1901.7836, Test Node Loss: 986.2881, Test Reg Loss: 9.1550, Test MAPE: 9.9884, Test R: 0.8118, Test RRSE: 0.6624
2025-02-10 15:22:01,772:INFO:Epoch 42: Train Loss: 1888.3217, Train Node Loss: 952.0490, Train Reg Loss: 9.3627, Train MAPE: 10.3153, Train R: 0.7693, Train RRSE: 0.6743, Test Loss: 2464.4619, Test Node Loss: 805.3175, Test Reg Loss: 16.5914, Test MAPE: 10.4470, Test R: 0.8099, Test RRSE: 0.8917
2025-02-10 15:22:32,827:INFO:Epoch 43: Train Loss: 1773.7785, Train Node Loss: 891.4975, Train Reg Loss: 8.8228, Train MAPE: 10.1627, Train R: 0.8057, Train RRSE: 0.6546, Test Loss: 1844.7203, Test Node Loss: 883.5349, Test Reg Loss: 9.6119, Test MAPE: 9.9523, Test R: 0.8104, Test RRSE: 0.6787
2025-02-10 15:23:03,724:INFO:Epoch 44: Train Loss: 1766.3538, Train Node Loss: 929.9864, Train Reg Loss: 8.3637, Train MAPE: 10.7848, Train R: 0.8085, Train RRSE: 0.6373, Test Loss: 2126.4737, Test Node Loss: 778.9970, Test Reg Loss: 13.4748, Test MAPE: 10.2165, Test R: 0.8089, Test RRSE: 0.8036
2025-02-10 15:23:34,465:INFO:Epoch 45: Train Loss: 1744.6866, Train Node Loss: 803.3508, Train Reg Loss: 9.4134, Train MAPE: 10.1289, Train R: 0.7973, Train RRSE: 0.6761, Test Loss: 2373.1342, Test Node Loss: 713.8695, Test Reg Loss: 16.5926, Test MAPE: 10.6077, Test R: 0.8082, Test RRSE: 0.8918
2025-02-10 15:24:05,668:INFO:Epoch 46: Train Loss: 1761.9822, Train Node Loss: 835.5435, Train Reg Loss: 9.2644, Train MAPE: 10.8276, Train R: 0.7596, Train RRSE: 0.6707, Test Loss: 1700.3856, Test Node Loss: 801.9124, Test Reg Loss: 8.9847, Test MAPE: 9.9872, Test R: 0.8097, Test RRSE: 0.6562
2025-02-10 15:24:36,816:INFO:Epoch 47: Train Loss: 1647.7458, Train Node Loss: 791.3509, Train Reg Loss: 8.5639, Train MAPE: 10.6561, Train R: 0.7835, Train RRSE: 0.6449, Test Loss: 2362.6623, Test Node Loss: 655.6500, Test Reg Loss: 17.0701, Test MAPE: 10.7101, Test R: 0.8071, Test RRSE: 0.9045
2025-02-10 15:25:07,946:INFO:Epoch 48: Train Loss: 1595.5100, Train Node Loss: 738.0837, Train Reg Loss: 8.5743, Train MAPE: 10.4743, Train R: 0.7959, Train RRSE: 0.6453, Test Loss: 1676.7536, Test Node Loss: 726.3727, Test Reg Loss: 9.5038, Test MAPE: 10.0992, Test R: 0.8097, Test RRSE: 0.6749
2025-02-10 15:25:38,895:INFO:Epoch 49: Train Loss: 1501.0715, Train Node Loss: 752.6260, Train Reg Loss: 7.4845, Train MAPE: 10.7278, Train R: 0.8250, Train RRSE: 0.6029, Test Loss: 1866.3086, Test Node Loss: 658.9386, Test Reg Loss: 12.0737, Test MAPE: 10.2510, Test R: 0.8090, Test RRSE: 0.7607
2025-02-10 15:26:09,782:INFO:Epoch 50: Train Loss: 1503.8548, Train Node Loss: 710.2114, Train Reg Loss: 7.9364, Train MAPE: 10.5609, Train R: 0.8070, Train RRSE: 0.6208, Test Loss: 1852.7962, Test Node Loss: 634.6400, Test Reg Loss: 12.1816, Test MAPE: 10.1588, Test R: 0.8090, Test RRSE: 0.7641
2025-02-10 15:26:40,553:INFO:Epoch 51: Train Loss: 1459.4570, Train Node Loss: 671.7163, Train Reg Loss: 7.8774, Train MAPE: 10.4691, Train R: 0.8142, Train RRSE: 0.6185, Test Loss: 1861.2605, Test Node Loss: 610.2210, Test Reg Loss: 12.5104, Test MAPE: 10.4200, Test R: 0.8078, Test RRSE: 0.7743
2025-02-10 15:27:11,657:INFO:Epoch 52: Train Loss: 1410.8098, Train Node Loss: 669.9724, Train Reg Loss: 7.4084, Train MAPE: 10.6890, Train R: 0.8208, Train RRSE: 0.5998, Test Loss: 1649.8986, Test Node Loss: 617.0422, Test Reg Loss: 10.3286, Test MAPE: 10.3232, Test R: 0.8085, Test RRSE: 0.7036
2025-02-10 15:27:42,720:INFO:Epoch 53: Train Loss: 1374.9030, Train Node Loss: 635.9974, Train Reg Loss: 7.3891, Train MAPE: 10.6822, Train R: 0.8211, Train RRSE: 0.5990, Test Loss: 1832.8989, Test Node Loss: 567.3304, Test Reg Loss: 12.6557, Test MAPE: 10.4894, Test R: 0.8082, Test RRSE: 0.7788
2025-02-10 15:28:13,542:INFO:Epoch 54: Train Loss: 1323.7244, Train Node Loss: 621.8849, Train Reg Loss: 7.0184, Train MAPE: 10.7757, Train R: 0.8309, Train RRSE: 0.5838, Test Loss: 1572.9060, Test Node Loss: 582.7179, Test Reg Loss: 9.9019, Test MAPE: 10.3532, Test R: 0.8081, Test RRSE: 0.6889
2025-02-10 15:28:44,359:INFO:Epoch 55: Train Loss: 1301.3486, Train Node Loss: 612.4015, Train Reg Loss: 6.8895, Train MAPE: 10.8895, Train R: 0.8295, Train RRSE: 0.5784, Test Loss: 1875.3414, Test Node Loss: 526.1566, Test Reg Loss: 13.4918, Test MAPE: 10.8001, Test R: 0.8049, Test RRSE: 0.8041
2025-02-10 15:29:15,317:INFO:Epoch 56: Train Loss: 1299.4460, Train Node Loss: 566.4788, Train Reg Loss: 7.3297, Train MAPE: 10.7155, Train R: 0.8243, Train RRSE: 0.5966, Test Loss: 1711.1950, Test Node Loss: 522.5677, Test Reg Loss: 11.8863, Test MAPE: 10.5520, Test R: 0.8058, Test RRSE: 0.7548
2025-02-10 15:29:46,654:INFO:Epoch 57: Train Loss: 1230.8423, Train Node Loss: 572.9204, Train Reg Loss: 6.5792, Train MAPE: 10.9649, Train R: 0.8374, Train RRSE: 0.5652, Test Loss: 1494.9626, Test Node Loss: 529.0876, Test Reg Loss: 9.6587, Test MAPE: 10.4951, Test R: 0.8081, Test RRSE: 0.6804
2025-02-10 15:30:17,485:INFO:Epoch 58: Train Loss: 1221.3369, Train Node Loss: 553.5150, Train Reg Loss: 6.6782, Train MAPE: 10.9784, Train R: 0.8332, Train RRSE: 0.5695, Test Loss: 1696.7779, Test Node Loss: 482.5750, Test Reg Loss: 12.1420, Test MAPE: 10.6743, Test R: 0.8087, Test RRSE: 0.7628
2025-02-10 15:30:48,131:INFO:Epoch 59: Train Loss: 1324.6804, Train Node Loss: 540.3924, Train Reg Loss: 7.8429, Train MAPE: 11.0353, Train R: 0.7971, Train RRSE: 0.6171, Test Loss: 1646.8517, Test Node Loss: 472.6297, Test Reg Loss: 11.7422, Test MAPE: 10.7281, Test R: 0.8089, Test RRSE: 0.7502
2025-02-10 15:31:19,107:INFO:Epoch 60: Train Loss: 1202.1281, Train Node Loss: 489.4594, Train Reg Loss: 7.1267, Train MAPE: 10.6474, Train R: 0.8401, Train RRSE: 0.5883, Test Loss: 1790.5354, Test Node Loss: 443.9800, Test Reg Loss: 13.4656, Test MAPE: 10.9137, Test R: 0.8090, Test RRSE: 0.8033
2025-02-10 15:31:50,331:INFO:Epoch 61: Train Loss: 1194.0335, Train Node Loss: 510.8993, Train Reg Loss: 6.8313, Train MAPE: 11.1050, Train R: 0.8290, Train RRSE: 0.5760, Test Loss: 1440.1382, Test Node Loss: 467.9533, Test Reg Loss: 9.7218, Test MAPE: 10.5802, Test R: 0.8114, Test RRSE: 0.6826
2025-02-10 15:32:21,750:INFO:Epoch 62: Train Loss: 1133.5686, Train Node Loss: 483.0426, Train Reg Loss: 6.5053, Train MAPE: 10.8678, Train R: 0.8415, Train RRSE: 0.5620, Test Loss: 1900.1533, Test Node Loss: 410.9118, Test Reg Loss: 14.8924, Test MAPE: 11.1632, Test R: 0.8110, Test RRSE: 0.8448
2025-02-10 15:32:53,398:INFO:Epoch 63: Train Loss: 1131.3156, Train Node Loss: 458.0797, Train Reg Loss: 6.7324, Train MAPE: 10.8162, Train R: 0.8419, Train RRSE: 0.5718, Test Loss: 1363.9329, Test Node Loss: 448.1680, Test Reg Loss: 9.1576, Test MAPE: 10.6309, Test R: 0.8146, Test RRSE: 0.6625
2025-02-10 15:33:25,738:INFO:Epoch 64: Train Loss: 1110.2806, Train Node Loss: 470.7919, Train Reg Loss: 6.3949, Train MAPE: 11.1599, Train R: 0.8430, Train RRSE: 0.5573, Test Loss: 1606.1452, Test Node Loss: 406.0262, Test Reg Loss: 12.0012, Test MAPE: 10.6914, Test R: 0.8156, Test RRSE: 0.7584
2025-02-10 15:33:57,382:INFO:Epoch 65: Train Loss: 1054.7276, Train Node Loss: 445.3676, Train Reg Loss: 6.0936, Train MAPE: 10.9204, Train R: 0.8541, Train RRSE: 0.5440, Test Loss: 1363.8697, Test Node Loss: 419.7411, Test Reg Loss: 9.4413, Test MAPE: 10.6525, Test R: 0.8176, Test RRSE: 0.6727
2025-02-10 15:34:29,037:INFO:Epoch 66: Train Loss: 1055.0741, Train Node Loss: 438.1838, Train Reg Loss: 6.1689, Train MAPE: 10.9840, Train R: 0.8498, Train RRSE: 0.5473, Test Loss: 1532.6418, Test Node Loss: 390.7331, Test Reg Loss: 11.4191, Test MAPE: 10.7866, Test R: 0.8182, Test RRSE: 0.7398
2025-02-10 15:35:00,515:INFO:Epoch 67: Train Loss: 1045.9717, Train Node Loss: 414.0116, Train Reg Loss: 6.3196, Train MAPE: 10.9660, Train R: 0.8483, Train RRSE: 0.5540, Test Loss: 1631.7944, Test Node Loss: 372.8073, Test Reg Loss: 12.5899, Test MAPE: 10.9754, Test R: 0.8188, Test RRSE: 0.7768
2025-02-10 15:35:31,979:INFO:Epoch 68: Train Loss: 1048.7300, Train Node Loss: 430.4836, Train Reg Loss: 6.1825, Train MAPE: 11.2658, Train R: 0.8492, Train RRSE: 0.5479, Test Loss: 1432.8993, Test Node Loss: 379.6907, Test Reg Loss: 10.5321, Test MAPE: 10.7920, Test R: 0.8210, Test RRSE: 0.7105
2025-02-10 15:36:03,484:INFO:Epoch 69: Train Loss: 1021.5829, Train Node Loss: 386.7883, Train Reg Loss: 6.3479, Train MAPE: 10.8933, Train R: 0.8522, Train RRSE: 0.5552, Test Loss: 1742.1281, Test Node Loss: 342.3411, Test Reg Loss: 13.9979, Test MAPE: 11.1153, Test R: 0.8220, Test RRSE: 0.8191
2025-02-10 15:36:34,902:INFO:Epoch 70: Train Loss: 982.4456, Train Node Loss: 388.1821, Train Reg Loss: 5.9426, Train MAPE: 10.9510, Train R: 0.8566, Train RRSE: 0.5372, Test Loss: 1127.4259, Test Node Loss: 394.6618, Test Reg Loss: 7.3276, Test MAPE: 10.6185, Test R: 0.8265, Test RRSE: 0.5926
2025-02-10 15:37:06,505:INFO:Epoch 71: Train Loss: 1001.5527, Train Node Loss: 404.4008, Train Reg Loss: 5.9715, Train MAPE: 11.3339, Train R: 0.8635, Train RRSE: 0.5385, Test Loss: 1620.0573, Test Node Loss: 332.9955, Test Reg Loss: 12.8706, Test MAPE: 11.1157, Test R: 0.8249, Test RRSE: 0.7854
2025-02-10 15:37:38,142:INFO:Epoch 72: Train Loss: 958.9208, Train Node Loss: 356.7708, Train Reg Loss: 6.0215, Train MAPE: 10.9668, Train R: 0.8633, Train RRSE: 0.5407, Test Loss: 1453.5174, Test Node Loss: 333.4459, Test Reg Loss: 11.2007, Test MAPE: 10.9391, Test R: 0.8273, Test RRSE: 0.7327
2025-02-10 15:38:09,676:INFO:Epoch 73: Train Loss: 937.5455, Train Node Loss: 369.5075, Train Reg Loss: 5.6804, Train MAPE: 11.2117, Train R: 0.8600, Train RRSE: 0.5252, Test Loss: 1182.5860, Test Node Loss: 349.1367, Test Reg Loss: 8.3345, Test MAPE: 10.7733, Test R: 0.8308, Test RRSE: 0.6320
2025-02-10 15:38:41,083:INFO:Epoch 74: Train Loss: 892.2767, Train Node Loss: 355.9599, Train Reg Loss: 5.3632, Train MAPE: 11.1463, Train R: 0.8722, Train RRSE: 0.5103, Test Loss: 1573.5945, Test Node Loss: 307.6484, Test Reg Loss: 12.6595, Test MAPE: 11.1161, Test R: 0.8306, Test RRSE: 0.7789
2025-02-10 15:39:11,973:INFO:Epoch 75: Train Loss: 889.9661, Train Node Loss: 342.7831, Train Reg Loss: 5.4718, Train MAPE: 11.0892, Train R: 0.8686, Train RRSE: 0.5155, Test Loss: 1072.7105, Test Node Loss: 342.5585, Test Reg Loss: 7.3015, Test MAPE: 10.7493, Test R: 0.8343, Test RRSE: 0.5916
2025-02-10 15:39:42,711:INFO:Epoch 76: Train Loss: 906.3577, Train Node Loss: 351.3324, Train Reg Loss: 5.5503, Train MAPE: 11.3932, Train R: 0.8657, Train RRSE: 0.5192, Test Loss: 1509.6730, Test Node Loss: 291.7208, Test Reg Loss: 12.1795, Test MAPE: 11.0915, Test R: 0.8331, Test RRSE: 0.7640
2025-02-10 15:40:13,697:INFO:Epoch 77: Train Loss: 910.9419, Train Node Loss: 309.4058, Train Reg Loss: 6.0154, Train MAPE: 10.8947, Train R: 0.8698, Train RRSE: 0.5405, Test Loss: 1245.3427, Test Node Loss: 302.0255, Test Reg Loss: 9.4332, Test MAPE: 10.8644, Test R: 0.8348, Test RRSE: 0.6724
2025-02-10 15:40:44,828:INFO:Epoch 78: Train Loss: 1007.4765, Train Node Loss: 342.1191, Train Reg Loss: 6.6536, Train MAPE: 11.5981, Train R: 0.8410, Train RRSE: 0.5684, Test Loss: 1212.6903, Test Node Loss: 300.9268, Test Reg Loss: 9.1176, Test MAPE: 10.7457, Test R: 0.8360, Test RRSE: 0.6610
2025-02-10 15:41:15,703:INFO:Epoch 79: Train Loss: 1006.4610, Train Node Loss: 286.3355, Train Reg Loss: 7.2013, Train MAPE: 11.0536, Train R: 0.8398, Train RRSE: 0.5914, Test Loss: 1872.8716, Test Node Loss: 255.8441, Test Reg Loss: 16.1703, Test MAPE: 11.6000, Test R: 0.8358, Test RRSE: 0.8803
2025-02-10 15:41:46,560:INFO:Epoch 80: Train Loss: 918.8398, Train Node Loss: 316.7124, Train Reg Loss: 6.0213, Train MAPE: 11.4498, Train R: 0.8509, Train RRSE: 0.5407, Test Loss: 1005.9227, Test Node Loss: 310.8712, Test Reg Loss: 6.9505, Test MAPE: 10.8959, Test R: 0.8399, Test RRSE: 0.5772
2025-02-10 15:42:17,570:INFO:Epoch 81: Train Loss: 845.0918, Train Node Loss: 300.3985, Train Reg Loss: 5.4469, Train MAPE: 11.1475, Train R: 0.8687, Train RRSE: 0.5143, Test Loss: 1900.3826, Test Node Loss: 242.0270, Test Reg Loss: 16.5836, Test MAPE: 11.7605, Test R: 0.8375, Test RRSE: 0.8915
2025-02-10 15:42:48,516:INFO:Epoch 82: Train Loss: 828.7302, Train Node Loss: 277.2936, Train Reg Loss: 5.5144, Train MAPE: 10.9802, Train R: 0.8793, Train RRSE: 0.5175, Test Loss: 958.6906, Test Node Loss: 296.1996, Test Reg Loss: 6.6249, Test MAPE: 10.8686, Test R: 0.8432, Test RRSE: 0.5635
2025-02-10 15:43:19,366:INFO:Epoch 83: Train Loss: 843.8173, Train Node Loss: 308.7466, Train Reg Loss: 5.3507, Train MAPE: 11.6277, Train R: 0.8843, Train RRSE: 0.5097, Test Loss: 1265.1657, Test Node Loss: 260.2287, Test Reg Loss: 10.0494, Test MAPE: 11.0297, Test R: 0.8419, Test RRSE: 0.6940
2025-02-10 15:43:49,876:INFO:Epoch 84: Train Loss: 913.2873, Train Node Loss: 255.7753, Train Reg Loss: 6.5751, Train MAPE: 11.0898, Train R: 0.8588, Train RRSE: 0.5651, Test Loss: 1403.8878, Test Node Loss: 244.8604, Test Reg Loss: 11.5903, Test MAPE: 11.2897, Test R: 0.8412, Test RRSE: 0.7453
2025-02-10 15:44:20,292:INFO:Epoch 85: Train Loss: 891.1573, Train Node Loss: 290.1849, Train Reg Loss: 6.0097, Train MAPE: 11.6896, Train R: 0.8540, Train RRSE: 0.5402, Test Loss: 942.7630, Test Node Loss: 279.5208, Test Reg Loss: 6.6324, Test MAPE: 10.9881, Test R: 0.8442, Test RRSE: 0.5638
2025-02-10 15:44:50,649:INFO:Epoch 86: Train Loss: 783.0205, Train Node Loss: 264.3544, Train Reg Loss: 5.1867, Train MAPE: 11.2754, Train R: 0.8733, Train RRSE: 0.5019, Test Loss: 2468.2534, Test Node Loss: 203.9186, Test Reg Loss: 22.6433, Test MAPE: 12.9013, Test R: 0.8405, Test RRSE: 1.0417
2025-02-10 15:45:21,028:INFO:Epoch 87: Train Loss: 879.4934, Train Node Loss: 252.1141, Train Reg Loss: 6.2738, Train MAPE: 11.3305, Train R: 0.8432, Train RRSE: 0.5520, Test Loss: 921.7357, Test Node Loss: 269.1465, Test Reg Loss: 6.5259, Test MAPE: 10.9648, Test R: 0.8464, Test RRSE: 0.5593
2025-02-10 15:45:51,287:INFO:Epoch 88: Train Loss: 738.3719, Train Node Loss: 264.7604, Train Reg Loss: 4.7361, Train MAPE: 11.5700, Train R: 0.8881, Train RRSE: 0.4796, Test Loss: 1639.4090, Test Node Loss: 212.8053, Test Reg Loss: 14.2660, Test MAPE: 11.6585, Test R: 0.8461, Test RRSE: 0.8269
2025-02-10 15:46:21,660:INFO:Epoch 89: Train Loss: 737.3113, Train Node Loss: 230.9329, Train Reg Loss: 5.0638, Train MAPE: 11.1259, Train R: 0.8924, Train RRSE: 0.4959, Test Loss: 1093.3028, Test Node Loss: 233.0340, Test Reg Loss: 8.6027, Test MAPE: 11.0639, Test R: 0.8485, Test RRSE: 0.6421
2025-02-10 15:46:52,366:INFO:Epoch 90: Train Loss: 800.9850, Train Node Loss: 257.8679, Train Reg Loss: 5.4312, Train MAPE: 11.7204, Train R: 0.8758, Train RRSE: 0.5136, Test Loss: 1150.0801, Test Node Loss: 225.9806, Test Reg Loss: 9.2410, Test MAPE: 11.2214, Test R: 0.8484, Test RRSE: 0.6655
2025-02-10 15:47:22,760:INFO:Epoch 91: Train Loss: 777.9755, Train Node Loss: 219.3607, Train Reg Loss: 5.5861, Train MAPE: 11.2564, Train R: 0.8752, Train RRSE: 0.5208, Test Loss: 1894.5231, Test Node Loss: 191.7155, Test Reg Loss: 17.0281, Test MAPE: 12.2130, Test R: 0.8458, Test RRSE: 0.9034
2025-02-10 15:47:53,271:INFO:Epoch 92: Train Loss: 711.3315, Train Node Loss: 234.4025, Train Reg Loss: 4.7693, Train MAPE: 11.5833, Train R: 0.8814, Train RRSE: 0.4812, Test Loss: 859.4717, Test Node Loss: 241.1438, Test Reg Loss: 6.1833, Test MAPE: 11.2820, Test R: 0.8498, Test RRSE: 0.5444
2025-02-10 15:48:23,744:INFO:Epoch 93: Train Loss: 725.0367, Train Node Loss: 229.4496, Train Reg Loss: 4.9559, Train MAPE: 11.5711, Train R: 0.8769, Train RRSE: 0.4906, Test Loss: 1745.6902, Test Node Loss: 179.6184, Test Reg Loss: 15.6607, Test MAPE: 12.0518, Test R: 0.8491, Test RRSE: 0.8664
2025-02-10 15:48:54,057:INFO:Epoch 94: Train Loss: 807.4990, Train Node Loss: 199.2301, Train Reg Loss: 6.0827, Train MAPE: 11.1819, Train R: 0.8640, Train RRSE: 0.5435, Test Loss: 819.6896, Test Node Loss: 233.2269, Test Reg Loss: 5.8646, Test MAPE: 11.4204, Test R: 0.8538, Test RRSE: 0.5302
2025-02-10 15:49:24,659:INFO:Epoch 95: Train Loss: 763.2682, Train Node Loss: 222.3653, Train Reg Loss: 5.4090, Train MAPE: 11.6089, Train R: 0.8718, Train RRSE: 0.5125, Test Loss: 1186.0004, Test Node Loss: 193.7632, Test Reg Loss: 9.9224, Test MAPE: 11.3179, Test R: 0.8512, Test RRSE: 0.6896
2025-02-10 15:49:54,602:INFO:Epoch 96: Train Loss: 664.2606, Train Node Loss: 202.2616, Train Reg Loss: 4.6200, Train MAPE: 11.3803, Train R: 0.8889, Train RRSE: 0.4737, Test Loss: 1286.2964, Test Node Loss: 183.3941, Test Reg Loss: 11.0290, Test MAPE: 11.5090, Test R: 0.8500, Test RRSE: 0.7270
2025-02-10 15:50:25,069:INFO:Epoch 97: Train Loss: 673.5467, Train Node Loss: 206.5316, Train Reg Loss: 4.6702, Train MAPE: 11.5899, Train R: 0.8860, Train RRSE: 0.4762, Test Loss: 1092.5940, Test Node Loss: 190.3330, Test Reg Loss: 9.0226, Test MAPE: 11.3638, Test R: 0.8523, Test RRSE: 0.6576
2025-02-10 15:50:55,225:INFO:Epoch 98: Train Loss: 613.8466, Train Node Loss: 198.9580, Train Reg Loss: 4.1489, Train MAPE: 11.4869, Train R: 0.9010, Train RRSE: 0.4489, Test Loss: 1578.3848, Test Node Loss: 165.2875, Test Reg Loss: 14.1310, Test MAPE: 12.0108, Test R: 0.8528, Test RRSE: 0.8230
2025-02-10 15:51:25,352:INFO:Epoch 99: Train Loss: 674.3734, Train Node Loss: 179.0777, Train Reg Loss: 4.9530, Train MAPE: 11.4244, Train R: 0.8880, Train RRSE: 0.4904, Test Loss: 868.2175, Test Node Loss: 186.3263, Test Reg Loss: 6.8189, Test MAPE: 11.1535, Test R: 0.8544, Test RRSE: 0.5717
2025-02-10 15:51:55,398:INFO:Epoch 100: Train Loss: 694.6741, Train Node Loss: 200.8052, Train Reg Loss: 4.9387, Train MAPE: 12.0034, Train R: 0.8832, Train RRSE: 0.4897, Test Loss: 1345.8041, Test Node Loss: 171.1092, Test Reg Loss: 11.7469, Test MAPE: 11.8204, Test R: 0.8535, Test RRSE: 0.7503
2025-02-10 15:52:25,488:INFO:Epoch 101: Train Loss: 685.2643, Train Node Loss: 174.3216, Train Reg Loss: 5.1094, Train MAPE: 11.3925, Train R: 0.8792, Train RRSE: 0.4981, Test Loss: 1705.9509, Test Node Loss: 151.3362, Test Reg Loss: 15.5461, Test MAPE: 12.3234, Test R: 0.8513, Test RRSE: 0.8632
2025-02-10 15:52:55,671:INFO:Epoch 102: Train Loss: 697.6447, Train Node Loss: 179.7684, Train Reg Loss: 5.1788, Train MAPE: 11.6620, Train R: 0.8680, Train RRSE: 0.5015, Test Loss: 769.6405, Test Node Loss: 182.7608, Test Reg Loss: 5.8688, Test MAPE: 11.4355, Test R: 0.8560, Test RRSE: 0.5304
2025-02-10 15:53:25,975:INFO:Epoch 103: Train Loss: 706.7086, Train Node Loss: 167.4039, Train Reg Loss: 5.3930, Train MAPE: 11.4558, Train R: 0.8655, Train RRSE: 0.5118, Test Loss: 935.2716, Test Node Loss: 161.1257, Test Reg Loss: 7.7415, Test MAPE: 11.2566, Test R: 0.8595, Test RRSE: 0.6091
2025-02-10 15:53:56,060:INFO:Epoch 104: Train Loss: 577.9227, Train Node Loss: 164.8798, Train Reg Loss: 4.1304, Train MAPE: 11.3211, Train R: 0.9048, Train RRSE: 0.4479, Test Loss: 767.5082, Test Node Loss: 170.4174, Test Reg Loss: 5.9709, Test MAPE: 11.1985, Test R: 0.8620, Test RRSE: 0.5349
2025-02-10 15:53:56,112:INFO:Checkpoint saved at best_0.0008_0.001_256_SAGE_3_64_0.8620_epoch_104.pth
2025-02-10 15:54:26,269:INFO:Epoch 105: Train Loss: 616.4879, Train Node Loss: 176.2887, Train Reg Loss: 4.4020, Train MAPE: 11.8293, Train R: 0.9002, Train RRSE: 0.4623, Test Loss: 1140.1750, Test Node Loss: 149.3889, Test Reg Loss: 9.9079, Test MAPE: 11.6556, Test R: 0.8605, Test RRSE: 0.6891
2025-02-10 15:54:56,336:INFO:Epoch 106: Train Loss: 715.4534, Train Node Loss: 143.8650, Train Reg Loss: 5.7159, Train MAPE: 11.4223, Train R: 0.8775, Train RRSE: 0.5268, Test Loss: 1436.8369, Test Node Loss: 134.1395, Test Reg Loss: 13.0270, Test MAPE: 11.9189, Test R: 0.8593, Test RRSE: 0.7902
2025-02-10 15:55:26,400:INFO:Epoch 107: Train Loss: 581.0618, Train Node Loss: 161.5881, Train Reg Loss: 4.1947, Train MAPE: 11.7163, Train R: 0.8977, Train RRSE: 0.4513, Test Loss: 716.9725, Test Node Loss: 169.0859, Test Reg Loss: 5.4789, Test MAPE: 11.4304, Test R: 0.8623, Test RRSE: 0.5124
2025-02-10 15:55:26,426:INFO:Checkpoint saved at best_0.0008_0.001_256_SAGE_3_64_0.8623_epoch_107.pth
2025-02-10 15:55:56,665:INFO:Epoch 108: Train Loss: 564.0779, Train Node Loss: 160.0174, Train Reg Loss: 4.0406, Train MAPE: 11.7868, Train R: 0.9034, Train RRSE: 0.4430, Test Loss: 2083.2109, Test Node Loss: 118.5148, Test Reg Loss: 19.6470, Test MAPE: 13.0655, Test R: 0.8605, Test RRSE: 0.9704
2025-02-10 15:56:26,787:INFO:Epoch 109: Train Loss: 635.5927, Train Node Loss: 132.6174, Train Reg Loss: 5.0298, Train MAPE: 11.3723, Train R: 0.8988, Train RRSE: 0.4942, Test Loss: 696.5931, Test Node Loss: 152.5755, Test Reg Loss: 5.4402, Test MAPE: 11.3445, Test R: 0.8643, Test RRSE: 0.5106
2025-02-10 15:56:26,825:INFO:Checkpoint saved at best_0.0008_0.001_256_SAGE_3_64_0.8643_epoch_109.pth
2025-02-10 15:56:57,127:INFO:Epoch 110: Train Loss: 727.0531, Train Node Loss: 159.3667, Train Reg Loss: 5.6769, Train MAPE: 11.9674, Train R: 0.8781, Train RRSE: 0.5250, Test Loss: 797.9820, Test Node Loss: 143.9166, Test Reg Loss: 6.5407, Test MAPE: 11.5576, Test R: 0.8618, Test RRSE: 0.5599
2025-02-10 15:57:27,372:INFO:Epoch 111: Train Loss: 567.7304, Train Node Loss: 132.6083, Train Reg Loss: 4.3512, Train MAPE: 11.3242, Train R: 0.8996, Train RRSE: 0.4597, Test Loss: 2107.2969, Test Node Loss: 105.4676, Test Reg Loss: 20.0183, Test MAPE: 13.1608, Test R: 0.8588, Test RRSE: 0.9795
2025-02-10 15:57:57,406:INFO:Epoch 112: Train Loss: 590.4030, Train Node Loss: 128.9833, Train Reg Loss: 4.6142, Train MAPE: 11.5741, Train R: 0.8914, Train RRSE: 0.4734, Test Loss: 762.0125, Test Node Loss: 157.7523, Test Reg Loss: 6.0426, Test MAPE: 12.1270, Test R: 0.8641, Test RRSE: 0.5381
2025-02-10 15:58:27,708:INFO:Epoch 113: Train Loss: 589.9484, Train Node Loss: 143.0401, Train Reg Loss: 4.4691, Train MAPE: 11.9273, Train R: 0.8958, Train RRSE: 0.4659, Test Loss: 1021.1366, Test Node Loss: 119.6534, Test Reg Loss: 9.0148, Test MAPE: 11.7106, Test R: 0.8651, Test RRSE: 0.6573
2025-02-10 15:58:27,739:INFO:Checkpoint saved at best_0.0008_0.001_256_SAGE_3_64_0.8651_epoch_113.pth
2025-02-10 15:58:58,288:INFO:Epoch 114: Train Loss: 540.4567, Train Node Loss: 122.7556, Train Reg Loss: 4.1770, Train MAPE: 11.4738, Train R: 0.9045, Train RRSE: 0.4504, Test Loss: 752.0946, Test Node Loss: 126.4992, Test Reg Loss: 6.2560, Test MAPE: 11.5462, Test R: 0.8670, Test RRSE: 0.5476
2025-02-10 15:58:58,313:INFO:Checkpoint saved at best_0.0008_0.001_256_SAGE_3_64_0.8670_epoch_114.pth
2025-02-10 15:59:28,614:INFO:Epoch 115: Train Loss: 603.1263, Train Node Loss: 134.7032, Train Reg Loss: 4.6842, Train MAPE: 11.8583, Train R: 0.8884, Train RRSE: 0.4769, Test Loss: 1104.6506, Test Node Loss: 115.0828, Test Reg Loss: 9.8957, Test MAPE: 11.8761, Test R: 0.8658, Test RRSE: 0.6887
2025-02-10 15:59:59,130:INFO:Epoch 116: Train Loss: 595.8255, Train Node Loss: 113.0621, Train Reg Loss: 4.8276, Train MAPE: 11.5050, Train R: 0.8921, Train RRSE: 0.4842, Test Loss: 1153.0184, Test Node Loss: 107.2224, Test Reg Loss: 10.4580, Test MAPE: 11.7100, Test R: 0.8653, Test RRSE: 0.7080
2025-02-10 16:00:29,754:INFO:Epoch 117: Train Loss: 559.4590, Train Node Loss: 123.7009, Train Reg Loss: 4.3576, Train MAPE: 11.7915, Train R: 0.8924, Train RRSE: 0.4600, Test Loss: 839.3090, Test Node Loss: 122.3897, Test Reg Loss: 7.1692, Test MAPE: 11.6236, Test R: 0.8678, Test RRSE: 0.5862
2025-02-10 16:00:29,788:INFO:Checkpoint saved at best_0.0008_0.001_256_SAGE_3_64_0.8678_epoch_117.pth
2025-02-10 16:01:00,242:INFO:Epoch 118: Train Loss: 577.5972, Train Node Loss: 117.5743, Train Reg Loss: 4.6002, Train MAPE: 11.6729, Train R: 0.8840, Train RRSE: 0.4726, Test Loss: 2115.5643, Test Node Loss: 90.6614, Test Reg Loss: 20.2490, Test MAPE: 13.2839, Test R: 0.8677, Test RRSE: 0.9851
2025-02-10 16:01:30,652:INFO:Epoch 119: Train Loss: 528.5688, Train Node Loss: 112.2715, Train Reg Loss: 4.1630, Train MAPE: 11.6519, Train R: 0.8984, Train RRSE: 0.4496, Test Loss: 642.1107, Test Node Loss: 124.9331, Test Reg Loss: 5.1718, Test MAPE: 11.7977, Test R: 0.8696, Test RRSE: 0.4979
2025-02-10 16:01:30,677:INFO:Checkpoint saved at best_0.0008_0.001_256_SAGE_3_64_0.8696_epoch_119.pth
2025-02-10 16:02:01,407:INFO:Epoch 120: Train Loss: 551.1592, Train Node Loss: 121.4066, Train Reg Loss: 4.2975, Train MAPE: 11.9403, Train R: 0.8988, Train RRSE: 0.4568, Test Loss: 1577.6710, Test Node Loss: 92.7346, Test Reg Loss: 14.8494, Test MAPE: 12.5469, Test R: 0.8665, Test RRSE: 0.8436
2025-02-10 16:02:32,273:INFO:Epoch 121: Train Loss: 607.9631, Train Node Loss: 98.6418, Train Reg Loss: 5.0932, Train MAPE: 11.5521, Train R: 0.8938, Train RRSE: 0.4973, Test Loss: 827.7906, Test Node Loss: 104.6444, Test Reg Loss: 7.2315, Test MAPE: 11.6461, Test R: 0.8679, Test RRSE: 0.5887
2025-02-10 16:03:03,177:INFO:Epoch 122: Train Loss: 521.2831, Train Node Loss: 117.1638, Train Reg Loss: 4.0412, Train MAPE: 11.9630, Train R: 0.9092, Train RRSE: 0.4430, Test Loss: 710.8664, Test Node Loss: 114.0062, Test Reg Loss: 5.9686, Test MAPE: 11.7759, Test R: 0.8700, Test RRSE: 0.5348
2025-02-10 16:03:03,208:INFO:Checkpoint saved at best_0.0008_0.001_256_SAGE_3_64_0.8700_epoch_122.pth
2025-02-10 16:03:34,160:INFO:Epoch 123: Train Loss: 564.7912, Train Node Loss: 104.3413, Train Reg Loss: 4.6045, Train MAPE: 11.7483, Train R: 0.8836, Train RRSE: 0.4729, Test Loss: 2377.1521, Test Node Loss: 79.1492, Test Reg Loss: 22.9800, Test MAPE: 13.8819, Test R: 0.8683, Test RRSE: 1.0495
2025-02-10 16:04:05,410:INFO:Epoch 124: Train Loss: 530.9243, Train Node Loss: 100.1002, Train Reg Loss: 4.3082, Train MAPE: 11.5978, Train R: 0.8936, Train RRSE: 0.4574, Test Loss: 632.8809, Test Node Loss: 113.9689, Test Reg Loss: 5.1891, Test MAPE: 12.0482, Test R: 0.8716, Test RRSE: 0.4987
2025-02-10 16:04:05,451:INFO:Checkpoint saved at best_0.0008_0.001_256_SAGE_3_64_0.8716_epoch_124.pth
2025-02-10 16:04:36,951:INFO:Epoch 125: Train Loss: 575.1858, Train Node Loss: 98.6342, Train Reg Loss: 4.7655, Train MAPE: 11.8221, Train R: 0.8786, Train RRSE: 0.4811, Test Loss: 749.3253, Test Node Loss: 91.6581, Test Reg Loss: 6.5767, Test MAPE: 11.6007, Test R: 0.8725, Test RRSE: 0.5614
2025-02-10 16:04:36,974:INFO:Checkpoint saved at best_0.0008_0.001_256_SAGE_3_64_0.8725_epoch_125.pth
2025-02-10 16:05:08,476:INFO:Epoch 126: Train Loss: 495.4350, Train Node Loss: 95.6863, Train Reg Loss: 3.9975, Train MAPE: 11.7195, Train R: 0.9010, Train RRSE: 0.4406, Test Loss: 654.6401, Test Node Loss: 99.9398, Test Reg Loss: 5.5470, Test MAPE: 11.7866, Test R: 0.8734, Test RRSE: 0.5156
2025-02-10 16:05:08,505:INFO:Checkpoint saved at best_0.0008_0.001_256_SAGE_3_64_0.8734_epoch_126.pth
2025-02-10 16:05:40,004:INFO:Epoch 127: Train Loss: 484.5713, Train Node Loss: 96.9718, Train Reg Loss: 3.8760, Train MAPE: 11.8426, Train R: 0.9040, Train RRSE: 0.4338, Test Loss: 1217.6234, Test Node Loss: 80.6713, Test Reg Loss: 11.3695, Test MAPE: 12.2741, Test R: 0.8713, Test RRSE: 0.7382
2025-02-10 16:06:11,536:INFO:Epoch 128: Train Loss: 457.5978, Train Node Loss: 88.1789, Train Reg Loss: 3.6942, Train MAPE: 11.7673, Train R: 0.9117, Train RRSE: 0.4235, Test Loss: 604.3355, Test Node Loss: 95.2886, Test Reg Loss: 5.0905, Test MAPE: 11.8164, Test R: 0.8710, Test RRSE: 0.4939
2025-02-10 16:06:42,985:INFO:Epoch 129: Train Loss: 454.8626, Train Node Loss: 93.7179, Train Reg Loss: 3.6114, Train MAPE: 11.8543, Train R: 0.9134, Train RRSE: 0.4188, Test Loss: 721.9663, Test Node Loss: 88.1152, Test Reg Loss: 6.3385, Test MAPE: 11.7976, Test R: 0.8749, Test RRSE: 0.5512
2025-02-10 16:06:43,039:INFO:Checkpoint saved at best_0.0008_0.001_256_SAGE_3_64_0.8749_epoch_129.pth
2025-02-10 16:07:14,464:INFO:Epoch 130: Train Loss: 485.3259, Train Node Loss: 87.9681, Train Reg Loss: 3.9736, Train MAPE: 11.6976, Train R: 0.9005, Train RRSE: 0.4393, Test Loss: 663.1246, Test Node Loss: 86.8023, Test Reg Loss: 5.7632, Test MAPE: 11.7648, Test R: 0.8754, Test RRSE: 0.5256
2025-02-10 16:07:14,493:INFO:Checkpoint saved at best_0.0008_0.001_256_SAGE_3_64_0.8754_epoch_130.pth
2025-02-10 16:07:46,040:INFO:Epoch 131: Train Loss: 443.3310, Train Node Loss: 85.3018, Train Reg Loss: 3.5803, Train MAPE: 11.8422, Train R: 0.9113, Train RRSE: 0.4170, Test Loss: 666.2661, Test Node Loss: 82.9429, Test Reg Loss: 5.8332, Test MAPE: 11.6950, Test R: 0.8750, Test RRSE: 0.5287
2025-02-10 16:08:17,580:INFO:Epoch 132: Train Loss: 471.7885, Train Node Loss: 83.5272, Train Reg Loss: 3.8826, Train MAPE: 11.7539, Train R: 0.9037, Train RRSE: 0.4342, Test Loss: 593.3403, Test Node Loss: 87.1629, Test Reg Loss: 5.0618, Test MAPE: 11.9114, Test R: 0.8739, Test RRSE: 0.4925
2025-02-10 16:08:49,077:INFO:Epoch 133: Train Loss: 465.8275, Train Node Loss: 81.9829, Train Reg Loss: 3.8384, Train MAPE: 11.8240, Train R: 0.9043, Train RRSE: 0.4317, Test Loss: 988.8958, Test Node Loss: 75.3415, Test Reg Loss: 9.1355, Test MAPE: 12.2061, Test R: 0.8756, Test RRSE: 0.6617
2025-02-10 16:08:49,117:INFO:Checkpoint saved at best_0.0008_0.001_256_SAGE_3_64_0.8756_epoch_133.pth
2025-02-10 16:09:20,719:INFO:Epoch 134: Train Loss: 444.2180, Train Node Loss: 82.4349, Train Reg Loss: 3.6178, Train MAPE: 12.0065, Train R: 0.9105, Train RRSE: 0.4191, Test Loss: 795.4933, Test Node Loss: 76.0514, Test Reg Loss: 7.1944, Test MAPE: 11.9485, Test R: 0.8778, Test RRSE: 0.5872
2025-02-10 16:09:20,747:INFO:Checkpoint saved at best_0.0008_0.001_256_SAGE_3_64_0.8778_epoch_134.pth
2025-02-10 16:09:52,096:INFO:Epoch 135: Train Loss: 432.6201, Train Node Loss: 76.1674, Train Reg Loss: 3.5645, Train MAPE: 11.8056, Train R: 0.9115, Train RRSE: 0.4160, Test Loss: 1017.2374, Test Node Loss: 67.6599, Test Reg Loss: 9.4958, Test MAPE: 12.2050, Test R: 0.8780, Test RRSE: 0.6746
2025-02-10 16:09:52,136:INFO:Checkpoint saved at best_0.0008_0.001_256_SAGE_3_64_0.8780_epoch_135.pth
2025-02-10 16:10:23,357:INFO:Epoch 136: Train Loss: 420.5836, Train Node Loss: 73.4796, Train Reg Loss: 3.4710, Train MAPE: 11.8245, Train R: 0.9149, Train RRSE: 0.4106, Test Loss: 901.9322, Test Node Loss: 69.9532, Test Reg Loss: 8.3198, Test MAPE: 12.2018, Test R: 0.8779, Test RRSE: 0.6315
2025-02-10 16:10:54,803:INFO:Epoch 137: Train Loss: 416.1881, Train Node Loss: 74.0613, Train Reg Loss: 3.4213, Train MAPE: 11.9215, Train R: 0.9153, Train RRSE: 0.4076, Test Loss: 1041.8210, Test Node Loss: 65.8289, Test Reg Loss: 9.7599, Test MAPE: 12.2658, Test R: 0.8784, Test RRSE: 0.6839
2025-02-10 16:10:54,859:INFO:Checkpoint saved at best_0.0008_0.001_256_SAGE_3_64_0.8784_epoch_137.pth
2025-02-10 16:11:26,206:INFO:Epoch 138: Train Loss: 542.2205, Train Node Loss: 73.8851, Train Reg Loss: 4.6834, Train MAPE: 12.1404, Train R: 0.8811, Train RRSE: 0.4769, Test Loss: 1149.0316, Test Node Loss: 62.0368, Test Reg Loss: 10.8699, Test MAPE: 12.4028, Test R: 0.8803, Test RRSE: 0.7218
2025-02-10 16:11:26,230:INFO:Checkpoint saved at best_0.0008_0.001_256_SAGE_3_64_0.8803_epoch_138.pth
2025-02-10 16:11:57,654:INFO:Epoch 139: Train Loss: 447.4998, Train Node Loss: 61.5938, Train Reg Loss: 3.8591, Train MAPE: 11.7813, Train R: 0.9189, Train RRSE: 0.4329, Test Loss: 1053.2088, Test Node Loss: 59.4230, Test Reg Loss: 9.9379, Test MAPE: 12.2619, Test R: 0.8811, Test RRSE: 0.6901
2025-02-10 16:11:57,680:INFO:Checkpoint saved at best_0.0008_0.001_256_SAGE_3_64_0.8811_epoch_139.pth
2025-02-10 16:12:28,923:INFO:Epoch 140: Train Loss: 370.4943, Train Node Loss: 68.4583, Train Reg Loss: 3.0204, Train MAPE: 11.9156, Train R: 0.9263, Train RRSE: 0.3830, Test Loss: 564.7279, Test Node Loss: 73.7540, Test Reg Loss: 4.9097, Test MAPE: 12.0510, Test R: 0.8825, Test RRSE: 0.4851
2025-02-10 16:12:28,959:INFO:Checkpoint saved at best_0.0008_0.001_256_SAGE_3_64_0.8825_epoch_140.pth
2025-02-10 16:13:00,411:INFO:Epoch 141: Train Loss: 412.1202, Train Node Loss: 69.6170, Train Reg Loss: 3.4250, Train MAPE: 11.9720, Train R: 0.9163, Train RRSE: 0.4078, Test Loss: 1978.4879, Test Node Loss: 53.7064, Test Reg Loss: 19.2478, Test MAPE: 13.5904, Test R: 0.8800, Test RRSE: 0.9605
2025-02-10 16:13:31,914:INFO:Epoch 142: Train Loss: 484.4044, Train Node Loss: 66.3152, Train Reg Loss: 4.1809, Train MAPE: 12.0314, Train R: 0.8932, Train RRSE: 0.4506, Test Loss: 981.7142, Test Node Loss: 58.9912, Test Reg Loss: 9.2272, Test MAPE: 12.3148, Test R: 0.8800, Test RRSE: 0.6650
2025-02-10 16:14:03,558:INFO:Epoch 143: Train Loss: 399.5096, Train Node Loss: 59.6834, Train Reg Loss: 3.3983, Train MAPE: 11.8489, Train R: 0.9184, Train RRSE: 0.4062, Test Loss: 951.9616, Test Node Loss: 54.7017, Test Reg Loss: 8.9726, Test MAPE: 12.3532, Test R: 0.8820, Test RRSE: 0.6558
2025-02-10 16:14:34,907:INFO:Epoch 144: Train Loss: 399.5460, Train Node Loss: 60.7038, Train Reg Loss: 3.3884, Train MAPE: 11.8533, Train R: 0.9158, Train RRSE: 0.4056, Test Loss: 562.9113, Test Node Loss: 63.5068, Test Reg Loss: 4.9940, Test MAPE: 12.0208, Test R: 0.8840, Test RRSE: 0.4892
2025-02-10 16:14:34,938:INFO:Checkpoint saved at best_0.0008_0.001_256_SAGE_3_64_0.8840_epoch_144.pth
2025-02-10 16:15:06,471:INFO:Epoch 145: Train Loss: 436.3549, Train Node Loss: 59.3227, Train Reg Loss: 3.7703, Train MAPE: 11.9668, Train R: 0.9050, Train RRSE: 0.4279, Test Loss: 1299.0327, Test Node Loss: 50.3917, Test Reg Loss: 12.4864, Test MAPE: 12.8170, Test R: 0.8849, Test RRSE: 0.7736
2025-02-10 16:15:06,497:INFO:Checkpoint saved at best_0.0008_0.001_256_SAGE_3_64_0.8849_epoch_145.pth
2025-02-10 16:15:38,064:INFO:Epoch 146: Train Loss: 368.5723, Train Node Loss: 56.3550, Train Reg Loss: 3.1222, Train MAPE: 11.8761, Train R: 0.9240, Train RRSE: 0.3894, Test Loss: 604.8105, Test Node Loss: 59.5523, Test Reg Loss: 5.4526, Test MAPE: 12.1311, Test R: 0.8832, Test RRSE: 0.5112
2025-02-10 16:16:09,522:INFO:Epoch 147: Train Loss: 398.2044, Train Node Loss: 59.5181, Train Reg Loss: 3.3869, Train MAPE: 12.1882, Train R: 0.9166, Train RRSE: 0.4055, Test Loss: 1877.7336, Test Node Loss: 46.7552, Test Reg Loss: 18.3098, Test MAPE: 13.6425, Test R: 0.8839, Test RRSE: 0.9368
2025-02-10 16:16:40,906:INFO:Epoch 148: Train Loss: 384.4734, Train Node Loss: 52.5883, Train Reg Loss: 3.3189, Train MAPE: 11.8691, Train R: 0.9212, Train RRSE: 0.4015, Test Loss: 596.6396, Test Node Loss: 55.1848, Test Reg Loss: 5.4145, Test MAPE: 12.2657, Test R: 0.8844, Test RRSE: 0.5094
2025-02-10 16:17:12,248:INFO:Epoch 149: Train Loss: 373.3084, Train Node Loss: 53.8875, Train Reg Loss: 3.1942, Train MAPE: 11.9610, Train R: 0.9210, Train RRSE: 0.3938, Test Loss: 584.7043, Test Node Loss: 54.3289, Test Reg Loss: 5.3038, Test MAPE: 12.1936, Test R: 0.8845, Test RRSE: 0.5042
2025-02-10 16:17:43,452:INFO:Epoch 150: Train Loss: 409.2468, Train Node Loss: 53.7816, Train Reg Loss: 3.5547, Train MAPE: 11.9613, Train R: 0.9110, Train RRSE: 0.4155, Test Loss: 838.9388, Test Node Loss: 51.3511, Test Reg Loss: 7.8759, Test MAPE: 12.5575, Test R: 0.8842, Test RRSE: 0.6144
2025-02-10 16:18:14,715:INFO:Epoch 151: Train Loss: 426.8843, Train Node Loss: 50.0471, Train Reg Loss: 3.7684, Train MAPE: 11.9087, Train R: 0.9056, Train RRSE: 0.4278, Test Loss: 1083.0281, Test Node Loss: 45.3436, Test Reg Loss: 10.3768, Test MAPE: 12.6884, Test R: 0.8842, Test RRSE: 0.7052
2025-02-10 16:18:45,981:INFO:Epoch 152: Train Loss: 373.2504, Train Node Loss: 48.6856, Train Reg Loss: 3.2456, Train MAPE: 11.9473, Train R: 0.9190, Train RRSE: 0.3970, Test Loss: 533.8338, Test Node Loss: 56.3405, Test Reg Loss: 4.7749, Test MAPE: 12.5156, Test R: 0.8829, Test RRSE: 0.4784
2025-02-10 16:19:17,148:INFO:Epoch 153: Train Loss: 427.0722, Train Node Loss: 51.7916, Train Reg Loss: 3.7528, Train MAPE: 12.1453, Train R: 0.9102, Train RRSE: 0.4269, Test Loss: 1478.9125, Test Node Loss: 40.8556, Test Reg Loss: 14.3806, Test MAPE: 13.1772, Test R: 0.8867, Test RRSE: 0.8302
2025-02-10 16:19:17,187:INFO:Checkpoint saved at best_0.0008_0.001_256_SAGE_3_64_0.8867_epoch_153.pth
2025-02-10 16:19:48,648:INFO:Epoch 154: Train Loss: 436.1600, Train Node Loss: 42.3109, Train Reg Loss: 3.9385, Train MAPE: 11.7161, Train R: 0.9128, Train RRSE: 0.4373, Test Loss: 714.7296, Test Node Loss: 45.8133, Test Reg Loss: 6.6892, Test MAPE: 12.4618, Test R: 0.8859, Test RRSE: 0.5662
2025-02-10 16:20:20,623:INFO:Epoch 155: Train Loss: 518.3465, Train Node Loss: 48.2377, Train Reg Loss: 4.7011, Train MAPE: 11.9299, Train R: 0.8834, Train RRSE: 0.4778, Test Loss: 515.7935, Test Node Loss: 51.4289, Test Reg Loss: 4.6436, Test MAPE: 12.4579, Test R: 0.8834, Test RRSE: 0.4718
2025-02-10 16:20:51,489:INFO:Epoch 156: Train Loss: 368.0998, Train Node Loss: 47.0817, Train Reg Loss: 3.2102, Train MAPE: 11.8705, Train R: 0.9243, Train RRSE: 0.3948, Test Loss: 2725.3895, Test Node Loss: 32.6237, Test Reg Loss: 26.9277, Test MAPE: 14.7920, Test R: 0.8843, Test RRSE: 1.1360
2025-02-10 16:21:22,055:INFO:Epoch 157: Train Loss: 440.6124, Train Node Loss: 38.5235, Train Reg Loss: 4.0209, Train MAPE: 11.7442, Train R: 0.9182, Train RRSE: 0.4419, Test Loss: 1128.5761, Test Node Loss: 40.8071, Test Reg Loss: 10.8777, Test MAPE: 12.9426, Test R: 0.8850, Test RRSE: 0.7220
2025-02-10 16:21:52,578:INFO:Epoch 158: Train Loss: 410.7527, Train Node Loss: 47.6363, Train Reg Loss: 3.6312, Train MAPE: 12.3281, Train R: 0.9157, Train RRSE: 0.4199, Test Loss: 690.2244, Test Node Loss: 43.6926, Test Reg Loss: 6.4653, Test MAPE: 12.5148, Test R: 0.8844, Test RRSE: 0.5567
2025-02-10 16:22:22,946:INFO:Epoch 159: Train Loss: 415.8430, Train Node Loss: 39.2243, Train Reg Loss: 3.7662, Train MAPE: 12.0776, Train R: 0.9070, Train RRSE: 0.4277, Test Loss: 1556.8470, Test Node Loss: 31.9851, Test Reg Loss: 15.2486, Test MAPE: 13.4858, Test R: 0.8863, Test RRSE: 0.8549
2025-02-10 16:22:53,343:INFO:Epoch 160: Train Loss: 387.3280, Train Node Loss: 39.1950, Train Reg Loss: 3.4813, Train MAPE: 12.1040, Train R: 0.9118, Train RRSE: 0.4112, Test Loss: 523.0625, Test Node Loss: 45.0535, Test Reg Loss: 4.7801, Test MAPE: 12.5562, Test R: 0.8836, Test RRSE: 0.4786
2025-02-10 16:23:23,798:INFO:Epoch 161: Train Loss: 385.2630, Train Node Loss: 39.4567, Train Reg Loss: 3.4581, Train MAPE: 12.1042, Train R: 0.9129, Train RRSE: 0.4098, Test Loss: 1322.2081, Test Node Loss: 32.6109, Test Reg Loss: 12.8960, Test MAPE: 12.9390, Test R: 0.8873, Test RRSE: 0.7862
2025-02-10 16:23:23,833:INFO:Checkpoint saved at best_0.0008_0.001_256_SAGE_3_64_0.8873_epoch_161.pth
2025-02-10 16:23:54,228:INFO:Epoch 162: Train Loss: 343.8391, Train Node Loss: 35.6702, Train Reg Loss: 3.0817, Train MAPE: 11.9282, Train R: 0.9261, Train RRSE: 0.3868, Test Loss: 700.6496, Test Node Loss: 36.6107, Test Reg Loss: 6.6404, Test MAPE: 12.3591, Test R: 0.8864, Test RRSE: 0.5641
2025-02-10 16:24:24,467:INFO:Epoch 163: Train Loss: 517.7291, Train Node Loss: 41.6827, Train Reg Loss: 4.7605, Train MAPE: 12.3829, Train R: 0.8860, Train RRSE: 0.4808, Test Loss: 1236.8229, Test Node Loss: 34.1609, Test Reg Loss: 12.0266, Test MAPE: 12.8220, Test R: 0.8883, Test RRSE: 0.7592
2025-02-10 16:24:24,504:INFO:Checkpoint saved at best_0.0008_0.001_256_SAGE_3_64_0.8883_epoch_163.pth
2025-02-10 16:24:54,449:INFO:Epoch 164: Train Loss: 383.3052, Train Node Loss: 35.2973, Train Reg Loss: 3.4801, Train MAPE: 11.8052, Train R: 0.9149, Train RRSE: 0.4111, Test Loss: 1629.5520, Test Node Loss: 29.0174, Test Reg Loss: 16.0053, Test MAPE: 13.4369, Test R: 0.8885, Test RRSE: 0.8758
2025-02-10 16:24:54,482:INFO:Checkpoint saved at best_0.0008_0.001_256_SAGE_3_64_0.8885_epoch_164.pth
2025-02-10 16:25:24,240:INFO:Epoch 165: Train Loss: 383.8426, Train Node Loss: 33.6817, Train Reg Loss: 3.5016, Train MAPE: 11.9977, Train R: 0.9127, Train RRSE: 0.4124, Test Loss: 501.0645, Test Node Loss: 36.3526, Test Reg Loss: 4.6471, Test MAPE: 12.3877, Test R: 0.8839, Test RRSE: 0.4719
2025-02-10 16:25:53,764:INFO:Epoch 166: Train Loss: 343.9893, Train Node Loss: 34.0618, Train Reg Loss: 3.0993, Train MAPE: 12.0119, Train R: 0.9236, Train RRSE: 0.3879, Test Loss: 987.5716, Test Node Loss: 30.8333, Test Reg Loss: 9.5674, Test MAPE: 12.7931, Test R: 0.8895, Test RRSE: 0.6772
2025-02-10 16:25:53,795:INFO:Checkpoint saved at best_0.0008_0.001_256_SAGE_3_64_0.8895_epoch_166.pth
2025-02-10 16:26:23,145:INFO:Epoch 167: Train Loss: 372.8970, Train Node Loss: 31.2233, Train Reg Loss: 3.4167, Train MAPE: 11.8039, Train R: 0.9187, Train RRSE: 0.4073, Test Loss: 602.9702, Test Node Loss: 33.4238, Test Reg Loss: 5.6955, Test MAPE: 12.4443, Test R: 0.8894, Test RRSE: 0.5225
2025-02-10 16:26:52,521:INFO:Epoch 168: Train Loss: 327.8765, Train Node Loss: 34.7445, Train Reg Loss: 2.9313, Train MAPE: 12.2062, Train R: 0.9295, Train RRSE: 0.3773, Test Loss: 563.9566, Test Node Loss: 34.7278, Test Reg Loss: 5.2923, Test MAPE: 12.5830, Test R: 0.8885, Test RRSE: 0.5036
2025-02-10 16:27:21,799:INFO:Epoch 169: Train Loss: 334.1853, Train Node Loss: 31.6736, Train Reg Loss: 3.0251, Train MAPE: 12.0103, Train R: 0.9247, Train RRSE: 0.3833, Test Loss: 1405.0119, Test Node Loss: 26.2187, Test Reg Loss: 13.7879, Test MAPE: 13.2329, Test R: 0.8880, Test RRSE: 0.8129
2025-02-10 16:27:50,939:INFO:Epoch 170: Train Loss: 344.5563, Train Node Loss: 29.8180, Train Reg Loss: 3.1474, Train MAPE: 12.0205, Train R: 0.9220, Train RRSE: 0.3909, Test Loss: 545.1518, Test Node Loss: 32.5170, Test Reg Loss: 5.1263, Test MAPE: 12.5626, Test R: 0.8855, Test RRSE: 0.4957
2025-02-10 16:28:20,484:INFO:Epoch 171: Train Loss: 348.7516, Train Node Loss: 33.0202, Train Reg Loss: 3.1573, Train MAPE: 12.2151, Train R: 0.9234, Train RRSE: 0.3916, Test Loss: 1882.4964, Test Node Loss: 25.6938, Test Reg Loss: 18.5680, Test MAPE: 13.6663, Test R: 0.8903, Test RRSE: 0.9434
2025-02-10 16:28:20,515:INFO:Checkpoint saved at best_0.0008_0.001_256_SAGE_3_64_0.8903_epoch_171.pth
2025-02-10 16:28:50,113:INFO:Epoch 172: Train Loss: 442.4878, Train Node Loss: 27.7184, Train Reg Loss: 4.1477, Train MAPE: 11.6919, Train R: 0.9037, Train RRSE: 0.4488, Test Loss: 696.1124, Test Node Loss: 28.6974, Test Reg Loss: 6.6741, Test MAPE: 12.5225, Test R: 0.8903, Test RRSE: 0.5656
2025-02-10 16:28:50,157:INFO:Checkpoint saved at best_0.0008_0.001_256_SAGE_3_64_0.8903_epoch_172.pth
2025-02-10 16:29:19,970:INFO:Epoch 173: Train Loss: 377.1335, Train Node Loss: 31.5975, Train Reg Loss: 3.4554, Train MAPE: 12.3341, Train R: 0.9185, Train RRSE: 0.4096, Test Loss: 504.1763, Test Node Loss: 29.2089, Test Reg Loss: 4.7497, Test MAPE: 12.4911, Test R: 0.8845, Test RRSE: 0.4771
2025-02-10 16:29:49,438:INFO:Epoch 174: Train Loss: 363.7622, Train Node Loss: 26.1900, Train Reg Loss: 3.3757, Train MAPE: 12.1654, Train R: 0.9153, Train RRSE: 0.4049, Test Loss: 1667.1635, Test Node Loss: 20.7594, Test Reg Loss: 16.4640, Test MAPE: 13.6897, Test R: 0.8881, Test RRSE: 0.8883
2025-02-10 16:30:19,293:INFO:Epoch 175: Train Loss: 358.9820, Train Node Loss: 26.5836, Train Reg Loss: 3.3240, Train MAPE: 12.0986, Train R: 0.9162, Train RRSE: 0.4018, Test Loss: 616.3781, Test Node Loss: 28.6382, Test Reg Loss: 5.8774, Test MAPE: 12.5503, Test R: 0.8881, Test RRSE: 0.5307
2025-02-10 16:30:49,068:INFO:Epoch 176: Train Loss: 372.7548, Train Node Loss: 26.4930, Train Reg Loss: 3.4626, Train MAPE: 12.0484, Train R: 0.9126, Train RRSE: 0.4101, Test Loss: 1841.5482, Test Node Loss: 21.2754, Test Reg Loss: 18.2027, Test MAPE: 13.7904, Test R: 0.8896, Test RRSE: 0.9340
2025-02-10 16:31:19,009:INFO:Epoch 177: Train Loss: 340.6075, Train Node Loss: 25.8812, Train Reg Loss: 3.1473, Train MAPE: 12.0640, Train R: 0.9211, Train RRSE: 0.3909, Test Loss: 531.9885, Test Node Loss: 28.0117, Test Reg Loss: 5.0398, Test MAPE: 12.6870, Test R: 0.8872, Test RRSE: 0.4915
2025-02-10 16:31:48,707:INFO:Epoch 178: Train Loss: 333.6141, Train Node Loss: 26.6102, Train Reg Loss: 3.0700, Train MAPE: 12.3159, Train R: 0.9240, Train RRSE: 0.3861, Test Loss: 1558.9077, Test Node Loss: 20.4648, Test Reg Loss: 15.3844, Test MAPE: 13.4399, Test R: 0.8874, Test RRSE: 0.8587
2025-02-10 16:32:18,575:INFO:Epoch 179: Train Loss: 385.4839, Train Node Loss: 23.3755, Train Reg Loss: 3.6211, Train MAPE: 12.0065, Train R: 0.9102, Train RRSE: 0.4193, Test Loss: 1085.0696, Test Node Loss: 23.1197, Test Reg Loss: 10.6195, Test MAPE: 12.8973, Test R: 0.8877, Test RRSE: 0.7134
2025-02-10 16:32:48,645:INFO:Epoch 180: Train Loss: 335.7074, Train Node Loss: 24.2823, Train Reg Loss: 3.1143, Train MAPE: 12.0339, Train R: 0.9223, Train RRSE: 0.3889, Test Loss: 1154.9767, Test Node Loss: 22.8068, Test Reg Loss: 11.3217, Test MAPE: 12.9796, Test R: 0.8894, Test RRSE: 0.7366
2025-02-10 16:33:18,748:INFO:Epoch 181: Train Loss: 331.7593, Train Node Loss: 24.9665, Train Reg Loss: 3.0679, Train MAPE: 11.9383, Train R: 0.9247, Train RRSE: 0.3860, Test Loss: 907.6833, Test Node Loss: 23.2889, Test Reg Loss: 8.8439, Test MAPE: 12.7540, Test R: 0.8896, Test RRSE: 0.6510
2025-02-10 16:33:48,772:INFO:Epoch 182: Train Loss: 320.4128, Train Node Loss: 22.7392, Train Reg Loss: 2.9767, Train MAPE: 11.9956, Train R: 0.9267, Train RRSE: 0.3802, Test Loss: 977.3621, Test Node Loss: 21.0256, Test Reg Loss: 9.5634, Test MAPE: 12.9024, Test R: 0.8901, Test RRSE: 0.6770
2025-02-10 16:34:18,899:INFO:Epoch 183: Train Loss: 312.4081, Train Node Loss: 21.8029, Train Reg Loss: 2.9061, Train MAPE: 11.9192, Train R: 0.9294, Train RRSE: 0.3757, Test Loss: 655.6209, Test Node Loss: 23.5282, Test Reg Loss: 6.3209, Test MAPE: 12.6738, Test R: 0.8903, Test RRSE: 0.5504
2025-02-10 16:34:49,617:INFO:Epoch 184: Train Loss: 360.3071, Train Node Loss: 25.2109, Train Reg Loss: 3.3510, Train MAPE: 12.4012, Train R: 0.9227, Train RRSE: 0.4034, Test Loss: 918.8289, Test Node Loss: 21.6419, Test Reg Loss: 8.9719, Test MAPE: 12.9952, Test R: 0.8909, Test RRSE: 0.6557
2025-02-10 16:34:49,655:INFO:Checkpoint saved at best_0.0008_0.001_256_SAGE_3_64_0.8909_epoch_184.pth
2025-02-10 16:35:20,577:INFO:Epoch 185: Train Loss: 319.2383, Train Node Loss: 21.6341, Train Reg Loss: 2.9760, Train MAPE: 12.0301, Train R: 0.9255, Train RRSE: 0.3802, Test Loss: 1888.1856, Test Node Loss: 16.5016, Test Reg Loss: 18.7168, Test MAPE: 13.9115, Test R: 0.8890, Test RRSE: 0.9471
2025-02-10 16:35:51,280:INFO:Epoch 186: Train Loss: 344.4861, Train Node Loss: 19.5078, Train Reg Loss: 3.2498, Train MAPE: 12.0907, Train R: 0.9207, Train RRSE: 0.3973, Test Loss: 641.8325, Test Node Loss: 20.4818, Test Reg Loss: 6.2135, Test MAPE: 12.8182, Test R: 0.8868, Test RRSE: 0.5457
2025-02-10 16:36:22,014:INFO:Epoch 187: Train Loss: 302.5005, Train Node Loss: 20.6615, Train Reg Loss: 2.8184, Train MAPE: 12.2646, Train R: 0.9291, Train RRSE: 0.3699, Test Loss: 997.9830, Test Node Loss: 19.5594, Test Reg Loss: 9.7842, Test MAPE: 12.8814, Test R: 0.8910, Test RRSE: 0.6848
2025-02-10 16:36:22,047:INFO:Checkpoint saved at best_0.0008_0.001_256_SAGE_3_64_0.8910_epoch_187.pth
2025-02-10 16:36:52,705:INFO:Epoch 188: Train Loss: 300.6860, Train Node Loss: 21.3237, Train Reg Loss: 2.7936, Train MAPE: 12.0746, Train R: 0.9310, Train RRSE: 0.3683, Test Loss: 1018.3376, Test Node Loss: 19.4410, Test Reg Loss: 9.9890, Test MAPE: 12.7896, Test R: 0.8924, Test RRSE: 0.6919
2025-02-10 16:36:52,736:INFO:Checkpoint saved at best_0.0008_0.001_256_SAGE_3_64_0.8924_epoch_188.pth
2025-02-10 16:37:23,593:INFO:Epoch 189: Train Loss: 328.9713, Train Node Loss: 19.4559, Train Reg Loss: 3.0952, Train MAPE: 11.9424, Train R: 0.9240, Train RRSE: 0.3877, Test Loss: 729.3745, Test Node Loss: 18.4727, Test Reg Loss: 7.1090, Test MAPE: 12.6707, Test R: 0.8915, Test RRSE: 0.5837
2025-02-10 16:37:54,114:INFO:Epoch 190: Train Loss: 330.6563, Train Node Loss: 19.9051, Train Reg Loss: 3.1075, Train MAPE: 12.1888, Train R: 0.9233, Train RRSE: 0.3885, Test Loss: 522.4135, Test Node Loss: 19.2661, Test Reg Loss: 5.0315, Test MAPE: 12.5097, Test R: 0.8863, Test RRSE: 0.4911
2025-02-10 16:38:24,701:INFO:Epoch 191: Train Loss: 289.4504, Train Node Loss: 17.2790, Train Reg Loss: 2.7217, Train MAPE: 12.0079, Train R: 0.9335, Train RRSE: 0.3635, Test Loss: 1428.7952, Test Node Loss: 14.4520, Test Reg Loss: 14.1434, Test MAPE: 13.4755, Test R: 0.8908, Test RRSE: 0.8233
2025-02-10 16:38:54,989:INFO:Epoch 192: Train Loss: 331.8104, Train Node Loss: 17.7990, Train Reg Loss: 3.1401, Train MAPE: 12.0841, Train R: 0.9210, Train RRSE: 0.3905, Test Loss: 650.8911, Test Node Loss: 18.4715, Test Reg Loss: 6.3242, Test MAPE: 12.8668, Test R: 0.8899, Test RRSE: 0.5505
2025-02-10 16:39:25,432:INFO:Epoch 193: Train Loss: 330.7677, Train Node Loss: 18.8719, Train Reg Loss: 3.1190, Train MAPE: 12.2374, Train R: 0.9228, Train RRSE: 0.3892, Test Loss: 1533.7584, Test Node Loss: 15.0715, Test Reg Loss: 15.1869, Test MAPE: 13.4659, Test R: 0.8909, Test RRSE: 0.8531
2025-02-10 16:39:55,959:INFO:Epoch 194: Train Loss: 342.4408, Train Node Loss: 15.9211, Train Reg Loss: 3.2652, Train MAPE: 11.8643, Train R: 0.9244, Train RRSE: 0.3982, Test Loss: 1343.4805, Test Node Loss: 15.1388, Test Reg Loss: 13.2834, Test MAPE: 13.1596, Test R: 0.8906, Test RRSE: 0.7979
2025-02-10 16:40:26,354:INFO:Epoch 195: Train Loss: 306.5460, Train Node Loss: 18.1886, Train Reg Loss: 2.8836, Train MAPE: 12.2336, Train R: 0.9285, Train RRSE: 0.3742, Test Loss: 935.1681, Test Node Loss: 16.7705, Test Reg Loss: 9.1840, Test MAPE: 12.8358, Test R: 0.8904, Test RRSE: 0.6634
2025-02-10 16:40:56,540:INFO:Epoch 196: Train Loss: 287.2842, Train Node Loss: 16.9065, Train Reg Loss: 2.7038, Train MAPE: 12.1028, Train R: 0.9327, Train RRSE: 0.3623, Test Loss: 2009.8499, Test Node Loss: 13.4854, Test Reg Loss: 19.9636, Test MAPE: 13.8107, Test R: 0.8897, Test RRSE: 0.9782
2025-02-10 16:41:26,724:INFO:Epoch 197: Train Loss: 389.2269, Train Node Loss: 17.4988, Train Reg Loss: 3.7173, Train MAPE: 12.0979, Train R: 0.9062, Train RRSE: 0.4249, Test Loss: 787.9692, Test Node Loss: 16.3985, Test Reg Loss: 7.7157, Test MAPE: 12.9014, Test R: 0.8914, Test RRSE: 0.6081
2025-02-10 16:41:56,638:INFO:Epoch 198: Train Loss: 300.1582, Train Node Loss: 15.8343, Train Reg Loss: 2.8432, Train MAPE: 12.0834, Train R: 0.9291, Train RRSE: 0.3716, Test Loss: 2142.0861, Test Node Loss: 11.5156, Test Reg Loss: 21.3057, Test MAPE: 13.9027, Test R: 0.8890, Test RRSE: 1.0105
2025-02-10 16:42:26,735:INFO:Epoch 199: Train Loss: 314.1285, Train Node Loss: 13.8254, Train Reg Loss: 3.0030, Train MAPE: 11.8738, Train R: 0.9318, Train RRSE: 0.3819, Test Loss: 597.8729, Test Node Loss: 16.1379, Test Reg Loss: 5.8174, Test MAPE: 12.8442, Test R: 0.8913, Test RRSE: 0.5280
2025-02-10 16:42:56,775:INFO:Epoch 200: Train Loss: 325.9686, Train Node Loss: 16.7081, Train Reg Loss: 3.0926, Train MAPE: 12.3635, Train R: 0.9266, Train RRSE: 0.3875, Test Loss: 790.0253, Test Node Loss: 15.4255, Test Reg Loss: 7.7460, Test MAPE: 12.8725, Test R: 0.8923, Test RRSE: 0.6093
2025-02-10 16:43:26,738:INFO:Epoch 201: Train Loss: 357.9257, Train Node Loss: 14.7381, Train Reg Loss: 3.4319, Train MAPE: 11.9378, Train R: 0.9140, Train RRSE: 0.4082, Test Loss: 2173.1138, Test Node Loss: 11.2905, Test Reg Loss: 21.6182, Test MAPE: 13.9074, Test R: 0.8910, Test RRSE: 1.0179
2025-02-10 16:43:56,477:INFO:Epoch 202: Train Loss: 315.1964, Train Node Loss: 13.6741, Train Reg Loss: 3.0152, Train MAPE: 11.9688, Train R: 0.9255, Train RRSE: 0.3826, Test Loss: 502.1691, Test Node Loss: 15.4731, Test Reg Loss: 4.8670, Test MAPE: 13.1204, Test R: 0.8874, Test RRSE: 0.4830
2025-02-10 16:44:26,264:INFO:Epoch 203: Train Loss: 304.9038, Train Node Loss: 14.6255, Train Reg Loss: 2.9028, Train MAPE: 12.3908, Train R: 0.9307, Train RRSE: 0.3754, Test Loss: 815.5467, Test Node Loss: 12.5337, Test Reg Loss: 8.0301, Test MAPE: 12.9588, Test R: 0.8900, Test RRSE: 0.6204
2025-02-10 16:44:56,018:INFO:Epoch 204: Train Loss: 332.4137, Train Node Loss: 11.7948, Train Reg Loss: 3.2062, Train MAPE: 11.8566, Train R: 0.9250, Train RRSE: 0.3946, Test Loss: 935.5524, Test Node Loss: 11.8642, Test Reg Loss: 9.2369, Test MAPE: 12.9569, Test R: 0.8926, Test RRSE: 0.6654
2025-02-10 16:44:56,048:INFO:Checkpoint saved at best_0.0008_0.001_256_SAGE_3_64_0.8926_epoch_204.pth
2025-02-10 16:45:25,864:INFO:Epoch 205: Train Loss: 299.6141, Train Node Loss: 13.1923, Train Reg Loss: 2.8642, Train MAPE: 12.0882, Train R: 0.9288, Train RRSE: 0.3729, Test Loss: 499.3979, Test Node Loss: 14.6062, Test Reg Loss: 4.8479, Test MAPE: 12.8925, Test R: 0.8908, Test RRSE: 0.4820
2025-02-10 16:45:55,675:INFO:Epoch 206: Train Loss: 315.6226, Train Node Loss: 12.7857, Train Reg Loss: 3.0284, Train MAPE: 12.1445, Train R: 0.9238, Train RRSE: 0.3835, Test Loss: 1612.2519, Test Node Loss: 10.2462, Test Reg Loss: 16.0201, Test MAPE: 13.5753, Test R: 0.8911, Test RRSE: 0.8762
2025-02-10 16:46:25,477:INFO:Epoch 207: Train Loss: 290.1792, Train Node Loss: 11.5757, Train Reg Loss: 2.7860, Train MAPE: 11.8961, Train R: 0.9325, Train RRSE: 0.3678, Test Loss: 690.5938, Test Node Loss: 12.1606, Test Reg Loss: 6.7843, Test MAPE: 12.9239, Test R: 0.8907, Test RRSE: 0.5702
2025-02-10 16:46:55,425:INFO:Epoch 208: Train Loss: 320.7598, Train Node Loss: 12.9663, Train Reg Loss: 3.0779, Train MAPE: 12.3657, Train R: 0.9251, Train RRSE: 0.3866, Test Loss: 1030.0925, Test Node Loss: 11.3803, Test Reg Loss: 10.1871, Test MAPE: 13.0406, Test R: 0.8924, Test RRSE: 0.6987
2025-02-10 16:47:25,541:INFO:Epoch 209: Train Loss: 307.3086, Train Node Loss: 11.7772, Train Reg Loss: 2.9553, Train MAPE: 12.1490, Train R: 0.9259, Train RRSE: 0.3788, Test Loss: 2209.3718, Test Node Loss: 9.4535, Test Reg Loss: 21.9992, Test MAPE: 14.1269, Test R: 0.8907, Test RRSE: 1.0268
2025-02-10 16:47:55,377:INFO:Epoch 210: Train Loss: 274.7360, Train Node Loss: 11.4957, Train Reg Loss: 2.6324, Train MAPE: 11.8832, Train R: 0.9367, Train RRSE: 0.3575, Test Loss: 1498.6472, Test Node Loss: 10.3136, Test Reg Loss: 14.8833, Test MAPE: 13.4634, Test R: 0.8917, Test RRSE: 0.8446
2025-02-10 16:48:25,200:INFO:Epoch 211: Train Loss: 299.5839, Train Node Loss: 12.2028, Train Reg Loss: 2.8738, Train MAPE: 12.2496, Train R: 0.9285, Train RRSE: 0.3736, Test Loss: 1469.3327, Test Node Loss: 10.1752, Test Reg Loss: 14.5916, Test MAPE: 13.4320, Test R: 0.8906, Test RRSE: 0.8363
2025-02-10 16:48:54,947:INFO:Epoch 212: Train Loss: 298.9160, Train Node Loss: 11.4404, Train Reg Loss: 2.8748, Train MAPE: 12.2374, Train R: 0.9276, Train RRSE: 0.3736, Test Loss: 1548.7478, Test Node Loss: 9.4903, Test Reg Loss: 15.3926, Test MAPE: 13.4393, Test R: 0.8914, Test RRSE: 0.8589
2025-02-10 16:49:24,409:INFO:Epoch 213: Train Loss: 288.0570, Train Node Loss: 10.7336, Train Reg Loss: 2.7732, Train MAPE: 12.1599, Train R: 0.9307, Train RRSE: 0.3670, Test Loss: 568.5633, Test Node Loss: 11.2499, Test Reg Loss: 5.5731, Test MAPE: 12.9808, Test R: 0.8917, Test RRSE: 0.5168
2025-02-10 16:49:54,027:INFO:Epoch 214: Train Loss: 309.8735, Train Node Loss: 11.3773, Train Reg Loss: 2.9850, Train MAPE: 12.2502, Train R: 0.9259, Train RRSE: 0.3807, Test Loss: 907.9201, Test Node Loss: 10.3308, Test Reg Loss: 8.9759, Test MAPE: 12.6502, Test R: 0.8919, Test RRSE: 0.6559
2025-02-10 16:50:23,318:INFO:Epoch 215: Train Loss: 284.5811, Train Node Loss: 9.8108, Train Reg Loss: 2.7477, Train MAPE: 11.9194, Train R: 0.9355, Train RRSE: 0.3653, Test Loss: 783.5903, Test Node Loss: 9.7054, Test Reg Loss: 7.7388, Test MAPE: 12.7258, Test R: 0.8925, Test RRSE: 0.6090
2025-02-10 16:50:52,912:INFO:Epoch 216: Train Loss: 294.2491, Train Node Loss: 10.1497, Train Reg Loss: 2.8410, Train MAPE: 12.2179, Train R: 0.9286, Train RRSE: 0.3714, Test Loss: 517.7006, Test Node Loss: 11.3719, Test Reg Loss: 5.0633, Test MAPE: 12.8420, Test R: 0.8902, Test RRSE: 0.4926
2025-02-10 16:51:22,256:INFO:Epoch 217: Train Loss: 302.3362, Train Node Loss: 10.4836, Train Reg Loss: 2.9185, Train MAPE: 12.1462, Train R: 0.9267, Train RRSE: 0.3765, Test Loss: 1796.2237, Test Node Loss: 8.2339, Test Reg Loss: 17.8799, Test MAPE: 13.5827, Test R: 0.8923, Test RRSE: 0.9257
2025-02-10 16:51:51,569:INFO:Epoch 218: Train Loss: 299.0018, Train Node Loss: 10.0989, Train Reg Loss: 2.8890, Train MAPE: 11.9105, Train R: 0.9291, Train RRSE: 0.3746, Test Loss: 617.3707, Test Node Loss: 10.6115, Test Reg Loss: 6.0676, Test MAPE: 12.9803, Test R: 0.8945, Test RRSE: 0.5393
2025-02-10 16:51:51,603:INFO:Checkpoint saved at best_0.0008_0.001_256_SAGE_3_64_0.8945_epoch_218.pth
2025-02-10 16:52:21,149:INFO:Epoch 219: Train Loss: 302.1401, Train Node Loss: 10.5277, Train Reg Loss: 2.9161, Train MAPE: 12.3481, Train R: 0.9283, Train RRSE: 0.3763, Test Loss: 872.6200, Test Node Loss: 8.9989, Test Reg Loss: 8.6362, Test MAPE: 13.1123, Test R: 0.8929, Test RRSE: 0.6434
2025-02-10 16:52:50,665:INFO:Epoch 220: Train Loss: 261.0286, Train Node Loss: 9.1131, Train Reg Loss: 2.5192, Train MAPE: 12.1123, Train R: 0.9377, Train RRSE: 0.3498, Test Loss: 1803.0037, Test Node Loss: 7.2636, Test Reg Loss: 17.9574, Test MAPE: 13.6251, Test R: 0.8898, Test RRSE: 0.9277
2025-02-10 16:53:20,073:INFO:Epoch 221: Train Loss: 287.4502, Train Node Loss: 8.8788, Train Reg Loss: 2.7857, Train MAPE: 12.1106, Train R: 0.9309, Train RRSE: 0.3678, Test Loss: 777.4950, Test Node Loss: 9.3150, Test Reg Loss: 7.6818, Test MAPE: 12.8649, Test R: 0.8916, Test RRSE: 0.6068
2025-02-10 16:53:49,620:INFO:Epoch 222: Train Loss: 278.6896, Train Node Loss: 9.5771, Train Reg Loss: 2.6911, Train MAPE: 12.2400, Train R: 0.9328, Train RRSE: 0.3615, Test Loss: 1108.5780, Test Node Loss: 8.5635, Test Reg Loss: 11.0001, Test MAPE: 12.8788, Test R: 0.8923, Test RRSE: 0.7261
2025-02-10 16:54:19,259:INFO:Epoch 223: Train Loss: 294.9433, Train Node Loss: 9.7933, Train Reg Loss: 2.8515, Train MAPE: 12.2118, Train R: 0.9290, Train RRSE: 0.3721, Test Loss: 982.7140, Test Node Loss: 8.4924, Test Reg Loss: 9.7422, Test MAPE: 12.7224, Test R: 0.8926, Test RRSE: 0.6833
2025-02-10 16:54:48,858:INFO:Epoch 224: Train Loss: 293.6318, Train Node Loss: 9.0226, Train Reg Loss: 2.8461, Train MAPE: 12.0559, Train R: 0.9288, Train RRSE: 0.3718, Test Loss: 1061.6749, Test Node Loss: 7.7704, Test Reg Loss: 10.5390, Test MAPE: 12.8669, Test R: 0.8918, Test RRSE: 0.7107
2025-02-10 16:55:18,258:INFO:Epoch 225: Train Loss: 285.1840, Train Node Loss: 8.5296, Train Reg Loss: 2.7665, Train MAPE: 12.1421, Train R: 0.9307, Train RRSE: 0.3665, Test Loss: 895.6504, Test Node Loss: 8.0151, Test Reg Loss: 8.8764, Test MAPE: 12.7229, Test R: 0.8908, Test RRSE: 0.6522
2025-02-10 16:55:47,658:INFO:Epoch 226: Train Loss: 275.1381, Train Node Loss: 8.3478, Train Reg Loss: 2.6679, Train MAPE: 12.0404, Train R: 0.9338, Train RRSE: 0.3599, Test Loss: 1194.6433, Test Node Loss: 7.2767, Test Reg Loss: 11.8737, Test MAPE: 12.8787, Test R: 0.8894, Test RRSE: 0.7544
2025-02-10 16:56:16,975:INFO:Epoch 227: Train Loss: 282.3761, Train Node Loss: 8.1258, Train Reg Loss: 2.7425, Train MAPE: 12.1303, Train R: 0.9311, Train RRSE: 0.3649, Test Loss: 914.5078, Test Node Loss: 7.6295, Test Reg Loss: 9.0688, Test MAPE: 12.8213, Test R: 0.8904, Test RRSE: 0.6593
2025-02-10 16:56:46,208:INFO:Epoch 228: Train Loss: 292.0132, Train Node Loss: 8.1761, Train Reg Loss: 2.8384, Train MAPE: 12.1184, Train R: 0.9289, Train RRSE: 0.3713, Test Loss: 2051.4623, Test Node Loss: 6.2279, Test Reg Loss: 20.4523, Test MAPE: 13.3662, Test R: 0.8868, Test RRSE: 0.9901
2025-02-10 16:57:15,569:INFO:Epoch 229: Train Loss: 261.2078, Train Node Loss: 7.5143, Train Reg Loss: 2.5369, Train MAPE: 11.8430, Train R: 0.9402, Train RRSE: 0.3510, Test Loss: 1476.9132, Test Node Loss: 6.6124, Test Reg Loss: 14.7030, Test MAPE: 13.1899, Test R: 0.8898, Test RRSE: 0.8394
2025-02-10 16:57:44,924:INFO:Epoch 230: Train Loss: 279.5453, Train Node Loss: 7.6467, Train Reg Loss: 2.7190, Train MAPE: 12.1653, Train R: 0.9318, Train RRSE: 0.3634, Test Loss: 996.9420, Test Node Loss: 7.2945, Test Reg Loss: 9.8965, Test MAPE: 12.8336, Test R: 0.8906, Test RRSE: 0.6887
2025-02-10 16:58:14,088:INFO:Epoch 231: Train Loss: 321.9366, Train Node Loss: 7.5888, Train Reg Loss: 3.1435, Train MAPE: 12.0863, Train R: 0.9207, Train RRSE: 0.3907, Test Loss: 1092.5335, Test Node Loss: 6.5901, Test Reg Loss: 10.8594, Test MAPE: 13.0877, Test R: 0.8895, Test RRSE: 0.7214
2025-02-10 16:58:43,216:INFO:Epoch 232: Train Loss: 280.5509, Train Node Loss: 7.8942, Train Reg Loss: 2.7266, Train MAPE: 12.5008, Train R: 0.9327, Train RRSE: 0.3639, Test Loss: 890.4678, Test Node Loss: 7.5013, Test Reg Loss: 8.8297, Test MAPE: 12.7733, Test R: 0.8909, Test RRSE: 0.6505
2025-02-10 16:59:12,449:INFO:Epoch 233: Train Loss: 422.8497, Train Node Loss: 6.9740, Train Reg Loss: 4.1588, Train MAPE: 11.7245, Train R: 0.8964, Train RRSE: 0.4494, Test Loss: 950.7364, Test Node Loss: 6.7611, Test Reg Loss: 9.4398, Test MAPE: 12.3474, Test R: 0.8904, Test RRSE: 0.6726
2025-02-10 16:59:41,371:INFO:Epoch 234: Train Loss: 284.1457, Train Node Loss: 7.9648, Train Reg Loss: 2.7618, Train MAPE: 12.3007, Train R: 0.9323, Train RRSE: 0.3662, Test Loss: 522.2186, Test Node Loss: 7.8403, Test Reg Loss: 5.1438, Test MAPE: 12.7787, Test R: 0.8924, Test RRSE: 0.4965
2025-02-10 17:00:10,519:INFO:Epoch 235: Train Loss: 308.0128, Train Node Loss: 7.0047, Train Reg Loss: 3.0101, Train MAPE: 12.0222, Train R: 0.9247, Train RRSE: 0.3823, Test Loss: 1158.6778, Test Node Loss: 5.6806, Test Reg Loss: 11.5300, Test MAPE: 12.4787, Test R: 0.8897, Test RRSE: 0.7434
2025-02-10 17:00:39,296:INFO:Epoch 236: Train Loss: 286.0560, Train Node Loss: 6.3133, Train Reg Loss: 2.7974, Train MAPE: 11.9520, Train R: 0.9319, Train RRSE: 0.3686, Test Loss: 503.6652, Test Node Loss: 7.2924, Test Reg Loss: 4.9637, Test MAPE: 13.1355, Test R: 0.8884, Test RRSE: 0.4877
2025-02-10 17:01:08,046:INFO:Epoch 237: Train Loss: 288.7469, Train Node Loss: 6.6341, Train Reg Loss: 2.8211, Train MAPE: 12.2300, Train R: 0.9293, Train RRSE: 0.3701, Test Loss: 1129.8935, Test Node Loss: 5.6006, Test Reg Loss: 11.2429, Test MAPE: 12.7863, Test R: 0.8888, Test RRSE: 0.7341
2025-02-10 17:01:36,679:INFO:Epoch 238: Train Loss: 287.1394, Train Node Loss: 6.6194, Train Reg Loss: 2.8052, Train MAPE: 12.1164, Train R: 0.9297, Train RRSE: 0.3691, Test Loss: 1272.3616, Test Node Loss: 5.7381, Test Reg Loss: 12.6662, Test MAPE: 12.9253, Test R: 0.8886, Test RRSE: 0.7791
2025-02-10 17:02:05,336:INFO:Epoch 239: Train Loss: 255.7130, Train Node Loss: 6.3398, Train Reg Loss: 2.4937, Train MAPE: 12.0525, Train R: 0.9381, Train RRSE: 0.3480, Test Loss: 1772.4365, Test Node Loss: 4.8232, Test Reg Loss: 17.6761, Test MAPE: 13.4479, Test R: 0.8890, Test RRSE: 0.9204
2025-02-10 17:02:34,075:INFO:Epoch 240: Train Loss: 262.5454, Train Node Loss: 5.5217, Train Reg Loss: 2.5702, Train MAPE: 12.0501, Train R: 0.9381, Train RRSE: 0.3533, Test Loss: 1081.3289, Test Node Loss: 5.2430, Test Reg Loss: 10.7609, Test MAPE: 13.1212, Test R: 0.8924, Test RRSE: 0.7181
2025-02-10 17:03:03,136:INFO:Epoch 241: Train Loss: 280.8921, Train Node Loss: 6.2240, Train Reg Loss: 2.7467, Train MAPE: 12.3011, Train R: 0.9317, Train RRSE: 0.3652, Test Loss: 951.8318, Test Node Loss: 5.7080, Test Reg Loss: 9.4612, Test MAPE: 12.9910, Test R: 0.8923, Test RRSE: 0.6734
2025-02-10 17:03:32,505:INFO:Epoch 242: Train Loss: 247.5531, Train Node Loss: 6.0302, Train Reg Loss: 2.4152, Train MAPE: 12.1688, Train R: 0.9399, Train RRSE: 0.3425, Test Loss: 1740.7866, Test Node Loss: 4.5872, Test Reg Loss: 17.3620, Test MAPE: 13.0141, Test R: 0.8883, Test RRSE: 0.9122
2025-02-10 17:04:01,979:INFO:Epoch 243: Train Loss: 254.4342, Train Node Loss: 5.2340, Train Reg Loss: 2.4920, Train MAPE: 11.8418, Train R: 0.9416, Train RRSE: 0.3479, Test Loss: 646.4709, Test Node Loss: 5.5036, Test Reg Loss: 6.4097, Test MAPE: 13.0505, Test R: 0.8905, Test RRSE: 0.5543
2025-02-10 17:04:31,644:INFO:Epoch 244: Train Loss: 321.4266, Train Node Loss: 5.7197, Train Reg Loss: 3.1571, Train MAPE: 12.3860, Train R: 0.9217, Train RRSE: 0.3915, Test Loss: 719.8397, Test Node Loss: 5.5632, Test Reg Loss: 7.1428, Test MAPE: 12.8376, Test R: 0.8910, Test RRSE: 0.5851
2025-02-10 17:05:01,122:INFO:Epoch 245: Train Loss: 250.5185, Train Node Loss: 5.3492, Train Reg Loss: 2.4517, Train MAPE: 12.1467, Train R: 0.9391, Train RRSE: 0.3450, Test Loss: 1465.2103, Test Node Loss: 4.4493, Test Reg Loss: 14.6076, Test MAPE: 13.0059, Test R: 0.8890, Test RRSE: 0.8367
2025-02-10 17:05:30,643:INFO:Epoch 246: Train Loss: 281.4401, Train Node Loss: 5.5182, Train Reg Loss: 2.7592, Train MAPE: 12.1486, Train R: 0.9311, Train RRSE: 0.3660, Test Loss: 710.4726, Test Node Loss: 5.4571, Test Reg Loss: 7.0502, Test MAPE: 12.7889, Test R: 0.8926, Test RRSE: 0.5813
2025-02-10 17:06:00,365:INFO:Epoch 247: Train Loss: 245.5651, Train Node Loss: 5.1188, Train Reg Loss: 2.4045, Train MAPE: 12.1456, Train R: 0.9402, Train RRSE: 0.3417, Test Loss: 1075.9394, Test Node Loss: 4.3862, Test Reg Loss: 10.7155, Test MAPE: 12.8493, Test R: 0.8907, Test RRSE: 0.7166
2025-02-10 17:06:30,011:INFO:Epoch 248: Train Loss: 246.6654, Train Node Loss: 4.6328, Train Reg Loss: 2.4203, Train MAPE: 12.1381, Train R: 0.9403, Train RRSE: 0.3428, Test Loss: 794.8411, Test Node Loss: 4.6997, Test Reg Loss: 7.9014, Test MAPE: 12.9636, Test R: 0.8918, Test RRSE: 0.6154
2025-02-10 17:06:59,605:INFO:Epoch 249: Train Loss: 242.0933, Train Node Loss: 5.0171, Train Reg Loss: 2.3708, Train MAPE: 12.3745, Train R: 0.9410, Train RRSE: 0.3393, Test Loss: 1233.6106, Test Node Loss: 4.4731, Test Reg Loss: 12.2914, Test MAPE: 12.9811, Test R: 0.8908, Test RRSE: 0.7675
2025-02-10 17:07:29,240:INFO:Epoch 250: Train Loss: 257.4169, Train Node Loss: 5.2775, Train Reg Loss: 2.5214, Train MAPE: 12.2938, Train R: 0.9376, Train RRSE: 0.3499, Test Loss: 1899.9111, Test Node Loss: 3.8702, Test Reg Loss: 18.9604, Test MAPE: 13.1633, Test R: 0.8874, Test RRSE: 0.9533
2025-02-10 17:07:58,840:INFO:Epoch 251: Train Loss: 278.2623, Train Node Loss: 4.6114, Train Reg Loss: 2.7365, Train MAPE: 11.9928, Train R: 0.9328, Train RRSE: 0.3645, Test Loss: 1164.6086, Test Node Loss: 3.8429, Test Reg Loss: 11.6077, Test MAPE: 12.8537, Test R: 0.8904, Test RRSE: 0.7459
2025-02-10 17:08:28,358:INFO:Epoch 252: Train Loss: 296.5254, Train Node Loss: 4.5723, Train Reg Loss: 2.9195, Train MAPE: 12.2966, Train R: 0.9266, Train RRSE: 0.3765, Test Loss: 872.8238, Test Node Loss: 4.1318, Test Reg Loss: 8.6869, Test MAPE: 12.6861, Test R: 0.8909, Test RRSE: 0.6452
2025-02-10 17:08:57,723:INFO:Epoch 253: Train Loss: 275.3165, Train Node Loss: 4.1066, Train Reg Loss: 2.7121, Train MAPE: 11.9179, Train R: 0.9350, Train RRSE: 0.3629, Test Loss: 1075.1834, Test Node Loss: 3.8783, Test Reg Loss: 10.7131, Test MAPE: 12.5980, Test R: 0.8913, Test RRSE: 0.7166
2025-02-10 17:09:27,111:INFO:Epoch 254: Train Loss: 266.8909, Train Node Loss: 4.6385, Train Reg Loss: 2.6225, Train MAPE: 12.3292, Train R: 0.9344, Train RRSE: 0.3569, Test Loss: 553.4293, Test Node Loss: 4.6694, Test Reg Loss: 5.4876, Test MAPE: 12.8995, Test R: 0.8936, Test RRSE: 0.5128
2025-02-10 17:09:56,442:INFO:Epoch 255: Train Loss: 296.9624, Train Node Loss: 4.6119, Train Reg Loss: 2.9235, Train MAPE: 12.2858, Train R: 0.9267, Train RRSE: 0.3768, Test Loss: 1503.7347, Test Node Loss: 3.3369, Test Reg Loss: 15.0040, Test MAPE: 13.0097, Test R: 0.8903, Test RRSE: 0.8480
2025-02-10 17:10:25,730:INFO:Epoch 256: Train Loss: 285.3825, Train Node Loss: 3.9659, Train Reg Loss: 2.8142, Train MAPE: 11.9080, Train R: 0.9321, Train RRSE: 0.3697, Test Loss: 920.7823, Test Node Loss: 3.9689, Test Reg Loss: 9.1681, Test MAPE: 12.5068, Test R: 0.8911, Test RRSE: 0.6629
2025-02-10 17:10:55,036:INFO:Epoch 257: Train Loss: 243.6722, Train Node Loss: 4.1011, Train Reg Loss: 2.3957, Train MAPE: 12.1240, Train R: 0.9407, Train RRSE: 0.3411, Test Loss: 730.0951, Test Node Loss: 3.8483, Test Reg Loss: 7.2625, Test MAPE: 12.7518, Test R: 0.8926, Test RRSE: 0.5900
2025-02-10 17:11:24,423:INFO:Epoch 258: Train Loss: 267.4843, Train Node Loss: 3.9923, Train Reg Loss: 2.6349, Train MAPE: 12.3260, Train R: 0.9339, Train RRSE: 0.3577, Test Loss: 1008.5044, Test Node Loss: 3.6770, Test Reg Loss: 10.0483, Test MAPE: 12.8679, Test R: 0.8923, Test RRSE: 0.6940
2025-02-10 17:11:53,746:INFO:Epoch 259: Train Loss: 257.1586, Train Node Loss: 3.8934, Train Reg Loss: 2.5327, Train MAPE: 12.1941, Train R: 0.9366, Train RRSE: 0.3507, Test Loss: 1208.1316, Test Node Loss: 3.3960, Test Reg Loss: 12.0474, Test MAPE: 12.9033, Test R: 0.8914, Test RRSE: 0.7599
2025-02-10 17:12:23,178:INFO:Epoch 260: Train Loss: 274.6541, Train Node Loss: 3.6847, Train Reg Loss: 2.7097, Train MAPE: 12.0078, Train R: 0.9323, Train RRSE: 0.3627, Test Loss: 1275.6733, Test Node Loss: 3.2085, Test Reg Loss: 12.7246, Test MAPE: 12.6563, Test R: 0.8888, Test RRSE: 0.7809
2025-02-10 17:12:52,616:INFO:Epoch 261: Train Loss: 250.5552, Train Node Loss: 3.6600, Train Reg Loss: 2.4690, Train MAPE: 12.0995, Train R: 0.9386, Train RRSE: 0.3463, Test Loss: 1284.0872, Test Node Loss: 3.3771, Test Reg Loss: 12.8071, Test MAPE: 12.9896, Test R: 0.8895, Test RRSE: 0.7835
2025-02-10 17:13:22,108:INFO:Epoch 262: Train Loss: 240.4689, Train Node Loss: 3.8746, Train Reg Loss: 2.3659, Train MAPE: 12.1659, Train R: 0.9420, Train RRSE: 0.3390, Test Loss: 1541.5860, Test Node Loss: 3.1160, Test Reg Loss: 15.3847, Test MAPE: 13.3594, Test R: 0.8894, Test RRSE: 0.8587
2025-02-10 17:13:51,613:INFO:Epoch 263: Train Loss: 233.4606, Train Node Loss: 3.5819, Train Reg Loss: 2.2988, Train MAPE: 12.3926, Train R: 0.9426, Train RRSE: 0.3341, Test Loss: 1787.4932, Test Node Loss: 2.6973, Test Reg Loss: 17.8480, Test MAPE: 13.6944, Test R: 0.8887, Test RRSE: 0.9249
2025-02-10 17:14:21,049:INFO:Epoch 264: Train Loss: 238.9315, Train Node Loss: 3.3737, Train Reg Loss: 2.3556, Train MAPE: 12.1789, Train R: 0.9412, Train RRSE: 0.3382, Test Loss: 1440.8830, Test Node Loss: 2.8197, Test Reg Loss: 14.3806, Test MAPE: 13.2899, Test R: 0.8892, Test RRSE: 0.8302
2025-02-10 17:14:50,627:INFO:Epoch 265: Train Loss: 235.2089, Train Node Loss: 3.3551, Train Reg Loss: 2.3185, Train MAPE: 12.1098, Train R: 0.9424, Train RRSE: 0.3355, Test Loss: 1372.2641, Test Node Loss: 2.9060, Test Reg Loss: 13.6936, Test MAPE: 13.0225, Test R: 0.8902, Test RRSE: 0.8101
2025-02-10 17:15:20,366:INFO:Epoch 266: Train Loss: 287.2674, Train Node Loss: 3.0423, Train Reg Loss: 2.8423, Train MAPE: 11.8838, Train R: 0.9307, Train RRSE: 0.3715, Test Loss: 1099.3145, Test Node Loss: 2.8220, Test Reg Loss: 10.9649, Test MAPE: 12.9985, Test R: 0.8903, Test RRSE: 0.7249
2025-02-10 17:15:49,923:INFO:Epoch 267: Train Loss: 285.8241, Train Node Loss: 3.4524, Train Reg Loss: 2.8237, Train MAPE: 12.5611, Train R: 0.9311, Train RRSE: 0.3703, Test Loss: 928.0459, Test Node Loss: 3.1224, Test Reg Loss: 9.2492, Test MAPE: 12.8156, Test R: 0.8889, Test RRSE: 0.6658
2025-02-10 17:16:19,165:INFO:Epoch 268: Train Loss: 262.8862, Train Node Loss: 3.1085, Train Reg Loss: 2.5978, Train MAPE: 12.0848, Train R: 0.9359, Train RRSE: 0.3552, Test Loss: 1752.1594, Test Node Loss: 2.4947, Test Reg Loss: 17.4966, Test MAPE: 12.8850, Test R: 0.8827, Test RRSE: 0.9157
2025-02-10 17:16:48,453:INFO:Epoch 269: Train Loss: 332.9749, Train Node Loss: 3.3945, Train Reg Loss: 3.2958, Train MAPE: 12.0306, Train R: 0.9171, Train RRSE: 0.4001, Test Loss: 666.8734, Test Node Loss: 3.5086, Test Reg Loss: 6.6336, Test MAPE: 12.7249, Test R: 0.8903, Test RRSE: 0.5639
2025-02-10 17:17:17,633:INFO:Epoch 270: Train Loss: 293.6584, Train Node Loss: 3.3742, Train Reg Loss: 2.9028, Train MAPE: 12.3693, Train R: 0.9283, Train RRSE: 0.3755, Test Loss: 1819.1634, Test Node Loss: 2.0964, Test Reg Loss: 18.1707, Test MAPE: 13.2263, Test R: 0.8859, Test RRSE: 0.9332
2025-02-10 17:17:47,096:INFO:Epoch 271: Train Loss: 336.0929, Train Node Loss: 2.3133, Train Reg Loss: 3.3378, Train MAPE: 11.6939, Train R: 0.9255, Train RRSE: 0.4026, Test Loss: 1161.2081, Test Node Loss: 2.4231, Test Reg Loss: 11.5878, Test MAPE: 13.0501, Test R: 0.8888, Test RRSE: 0.7452
2025-02-10 17:18:16,316:INFO:Epoch 272: Train Loss: 332.6030, Train Node Loss: 3.2581, Train Reg Loss: 3.2934, Train MAPE: 12.5682, Train R: 0.9205, Train RRSE: 0.3999, Test Loss: 844.9936, Test Node Loss: 3.0587, Test Reg Loss: 8.4193, Test MAPE: 12.7197, Test R: 0.8895, Test RRSE: 0.6352
2025-02-10 17:18:45,521:INFO:Epoch 273: Train Loss: 258.3152, Train Node Loss: 2.9157, Train Reg Loss: 2.5540, Train MAPE: 12.0502, Train R: 0.9369, Train RRSE: 0.3522, Test Loss: 2260.8763, Test Node Loss: 1.8274, Test Reg Loss: 22.5905, Test MAPE: 13.4838, Test R: 0.8823, Test RRSE: 1.0405
2025-02-10 17:19:14,496:INFO:Epoch 274: Train Loss: 259.8241, Train Node Loss: 2.3599, Train Reg Loss: 2.5746, Train MAPE: 11.6358, Train R: 0.9418, Train RRSE: 0.3536, Test Loss: 694.0702, Test Node Loss: 2.5661, Test Reg Loss: 6.9150, Test MAPE: 12.7635, Test R: 0.8913, Test RRSE: 0.5757
2025-02-10 17:19:43,676:INFO:Epoch 275: Train Loss: 302.7710, Train Node Loss: 2.8578, Train Reg Loss: 2.9991, Train MAPE: 12.6347, Train R: 0.9276, Train RRSE: 0.3816, Test Loss: 692.1545, Test Node Loss: 2.6256, Test Reg Loss: 6.8953, Test MAPE: 12.8886, Test R: 0.8916, Test RRSE: 0.5749
2025-02-10 17:20:12,705:INFO:Epoch 276: Train Loss: 279.6982, Train Node Loss: 2.4614, Train Reg Loss: 2.7724, Train MAPE: 12.1130, Train R: 0.9307, Train RRSE: 0.3669, Test Loss: 1899.3400, Test Node Loss: 1.8933, Test Reg Loss: 18.9745, Test MAPE: 13.1088, Test R: 0.8828, Test RRSE: 0.9536
2025-02-10 17:20:42,049:INFO:Epoch 277: Train Loss: 291.2173, Train Node Loss: 2.5630, Train Reg Loss: 2.8865, Train MAPE: 11.8018, Train R: 0.9305, Train RRSE: 0.3744, Test Loss: 563.1044, Test Node Loss: 2.9875, Test Reg Loss: 5.6012, Test MAPE: 12.3452, Test R: 0.8907, Test RRSE: 0.5181
2025-02-10 17:21:11,189:INFO:Epoch 278: Train Loss: 263.3203, Train Node Loss: 2.6890, Train Reg Loss: 2.6063, Train MAPE: 12.1840, Train R: 0.9357, Train RRSE: 0.3558, Test Loss: 670.2515, Test Node Loss: 2.2563, Test Reg Loss: 6.6800, Test MAPE: 12.7157, Test R: 0.8902, Test RRSE: 0.5658
2025-02-10 17:21:40,555:INFO:Epoch 279: Train Loss: 257.2342, Train Node Loss: 2.2378, Train Reg Loss: 2.5500, Train MAPE: 12.2504, Train R: 0.9362, Train RRSE: 0.3519, Test Loss: 863.5870, Test Node Loss: 2.1327, Test Reg Loss: 8.6145, Test MAPE: 12.7075, Test R: 0.8892, Test RRSE: 0.6425
2025-02-10 17:22:09,830:INFO:Epoch 280: Train Loss: 249.1289, Train Node Loss: 2.2492, Train Reg Loss: 2.4688, Train MAPE: 12.0591, Train R: 0.9388, Train RRSE: 0.3462, Test Loss: 1052.7242, Test Node Loss: 2.1629, Test Reg Loss: 10.5056, Test MAPE: 12.7546, Test R: 0.8891, Test RRSE: 0.7096
2025-02-10 17:22:38,963:INFO:Epoch 281: Train Loss: 275.3015, Train Node Loss: 2.3820, Train Reg Loss: 2.7292, Train MAPE: 12.1157, Train R: 0.9317, Train RRSE: 0.3640, Test Loss: 1060.6969, Test Node Loss: 2.1471, Test Reg Loss: 10.5855, Test MAPE: 12.8916, Test R: 0.8899, Test RRSE: 0.7123
2025-02-10 17:23:07,792:INFO:Epoch 282: Train Loss: 243.6478, Train Node Loss: 2.2543, Train Reg Loss: 2.4139, Train MAPE: 12.1071, Train R: 0.9398, Train RRSE: 0.3424, Test Loss: 1905.1082, Test Node Loss: 1.6384, Test Reg Loss: 19.0347, Test MAPE: 13.5661, Test R: 0.8870, Test RRSE: 0.9551
2025-02-10 17:23:36,696:INFO:Epoch 283: Train Loss: 263.4300, Train Node Loss: 1.9309, Train Reg Loss: 2.6150, Train MAPE: 12.0884, Train R: 0.9365, Train RRSE: 0.3563, Test Loss: 1298.9611, Test Node Loss: 1.8364, Test Reg Loss: 12.9712, Test MAPE: 13.1859, Test R: 0.8900, Test RRSE: 0.7885
2025-02-10 17:24:05,684:INFO:Epoch 284: Train Loss: 249.2348, Train Node Loss: 2.2190, Train Reg Loss: 2.4702, Train MAPE: 12.2660, Train R: 0.9386, Train RRSE: 0.3463, Test Loss: 1128.8295, Test Node Loss: 2.0582, Test Reg Loss: 11.2677, Test MAPE: 12.9445, Test R: 0.8912, Test RRSE: 0.7349
2025-02-10 17:24:34,691:INFO:Epoch 285: Train Loss: 239.9624, Train Node Loss: 2.2612, Train Reg Loss: 2.3770, Train MAPE: 12.1496, Train R: 0.9419, Train RRSE: 0.3397, Test Loss: 1630.4076, Test Node Loss: 1.6848, Test Reg Loss: 16.2872, Test MAPE: 12.9011, Test R: 0.8875, Test RRSE: 0.8835
2025-02-10 17:25:03,637:INFO:Epoch 286: Train Loss: 230.3123, Train Node Loss: 1.9039, Train Reg Loss: 2.2841, Train MAPE: 12.0539, Train R: 0.9441, Train RRSE: 0.3330, Test Loss: 1014.6833, Test Node Loss: 1.6642, Test Reg Loss: 10.1302, Test MAPE: 13.0571, Test R: 0.8903, Test RRSE: 0.6968
2025-02-10 17:25:32,762:INFO:Epoch 287: Train Loss: 249.0617, Train Node Loss: 1.9544, Train Reg Loss: 2.4711, Train MAPE: 12.3721, Train R: 0.9383, Train RRSE: 0.3464, Test Loss: 662.6173, Test Node Loss: 1.9469, Test Reg Loss: 6.6067, Test MAPE: 12.8373, Test R: 0.8924, Test RRSE: 0.5627
2025-02-10 17:26:01,756:INFO:Epoch 288: Train Loss: 236.0340, Train Node Loss: 1.8730, Train Reg Loss: 2.3416, Train MAPE: 12.2000, Train R: 0.9416, Train RRSE: 0.3372, Test Loss: 1480.5366, Test Node Loss: 1.5106, Test Reg Loss: 14.7903, Test MAPE: 12.9034, Test R: 0.8897, Test RRSE: 0.8419
2025-02-10 17:26:30,689:INFO:Epoch 289: Train Loss: 241.7554, Train Node Loss: 1.8780, Train Reg Loss: 2.3988, Train MAPE: 12.1238, Train R: 0.9404, Train RRSE: 0.3413, Test Loss: 648.7839, Test Node Loss: 1.9574, Test Reg Loss: 6.4683, Test MAPE: 12.9307, Test R: 0.8950, Test RRSE: 0.5568
2025-02-10 17:26:30,754:INFO:Checkpoint saved at best_0.0008_0.001_256_SAGE_3_64_0.8950_epoch_289.pth
2025-02-10 17:26:59,818:INFO:Epoch 290: Train Loss: 322.0705, Train Node Loss: 1.9386, Train Reg Loss: 3.2013, Train MAPE: 12.1904, Train R: 0.9193, Train RRSE: 0.3943, Test Loss: 1223.3105, Test Node Loss: 1.5015, Test Reg Loss: 12.2181, Test MAPE: 12.7555, Test R: 0.8896, Test RRSE: 0.7652
2025-02-10 17:27:29,330:INFO:Epoch 291: Train Loss: 255.4661, Train Node Loss: 1.7835, Train Reg Loss: 2.5368, Train MAPE: 11.9971, Train R: 0.9373, Train RRSE: 0.3510, Test Loss: 517.4202, Test Node Loss: 2.0548, Test Reg Loss: 5.1537, Test MAPE: 12.9368, Test R: 0.8892, Test RRSE: 0.4970
2025-02-10 17:27:58,784:INFO:Epoch 292: Train Loss: 313.3990, Train Node Loss: 1.9482, Train Reg Loss: 3.1145, Train MAPE: 12.1987, Train R: 0.9216, Train RRSE: 0.3889, Test Loss: 925.6483, Test Node Loss: 1.8192, Test Reg Loss: 9.2383, Test MAPE: 12.6447, Test R: 0.8897, Test RRSE: 0.6654
2025-02-10 17:28:28,178:INFO:Epoch 293: Train Loss: 263.6542, Train Node Loss: 1.9103, Train Reg Loss: 2.6174, Train MAPE: 12.0607, Train R: 0.9348, Train RRSE: 0.3565, Test Loss: 1564.0926, Test Node Loss: 1.5274, Test Reg Loss: 15.6257, Test MAPE: 12.9198, Test R: 0.8891, Test RRSE: 0.8654
2025-02-10 17:28:57,605:INFO:Epoch 294: Train Loss: 209.9831, Train Node Loss: 1.7972, Train Reg Loss: 2.0819, Train MAPE: 12.0328, Train R: 0.9495, Train RRSE: 0.3180, Test Loss: 1427.0866, Test Node Loss: 1.5576, Test Reg Loss: 14.2553, Test MAPE: 13.0964, Test R: 0.8905, Test RRSE: 0.8266
2025-02-10 17:29:27,140:INFO:Epoch 295: Train Loss: 221.8116, Train Node Loss: 1.8264, Train Reg Loss: 2.1999, Train MAPE: 12.2455, Train R: 0.9452, Train RRSE: 0.3268, Test Loss: 1050.0620, Test Node Loss: 1.6486, Test Reg Loss: 10.4841, Test MAPE: 12.8399, Test R: 0.8922, Test RRSE: 0.7089
2025-02-10 17:29:56,835:INFO:Epoch 296: Train Loss: 231.4266, Train Node Loss: 1.7984, Train Reg Loss: 2.2963, Train MAPE: 12.1230, Train R: 0.9429, Train RRSE: 0.3339, Test Loss: 1017.7490, Test Node Loss: 1.6447, Test Reg Loss: 10.1610, Test MAPE: 12.5241, Test R: 0.8911, Test RRSE: 0.6978
2025-02-10 17:30:26,429:INFO:Epoch 297: Train Loss: 269.7071, Train Node Loss: 1.9927, Train Reg Loss: 2.6771, Train MAPE: 12.2354, Train R: 0.9339, Train RRSE: 0.3606, Test Loss: 1350.9435, Test Node Loss: 1.6233, Test Reg Loss: 13.4932, Test MAPE: 13.1678, Test R: 0.8905, Test RRSE: 0.8042
2025-02-10 17:30:55,906:INFO:Epoch 298: Train Loss: 262.9552, Train Node Loss: 1.7473, Train Reg Loss: 2.6121, Train MAPE: 12.1190, Train R: 0.9345, Train RRSE: 0.3562, Test Loss: 1917.0641, Test Node Loss: 1.1788, Test Reg Loss: 19.1589, Test MAPE: 13.4020, Test R: 0.8864, Test RRSE: 0.9582
2025-02-10 17:31:25,316:INFO:Epoch 299: Train Loss: 250.6149, Train Node Loss: 1.4447, Train Reg Loss: 2.4917, Train MAPE: 12.0311, Train R: 0.9400, Train RRSE: 0.3478, Test Loss: 853.6077, Test Node Loss: 1.4508, Test Reg Loss: 8.5216, Test MAPE: 12.7537, Test R: 0.8896, Test RRSE: 0.6391
2025-02-10 17:31:54,841:INFO:Epoch 300: Train Loss: 243.0962, Train Node Loss: 1.6671, Train Reg Loss: 2.4143, Train MAPE: 12.3429, Train R: 0.9399, Train RRSE: 0.3424, Test Loss: 916.0589, Test Node Loss: 1.5756, Test Reg Loss: 9.1448, Test MAPE: 12.4325, Test R: 0.8899, Test RRSE: 0.6620
2025-02-10 17:31:54,841:INFO:Best performance at epoch 289 with Test MAPE: 0.8950
