2025-02-10 14:55:51,482:INFO:Learning rate: 0.0008
2025-02-10 14:55:51,483:INFO:Weight decay: 0.001
2025-02-10 14:55:51,483:INFO:Batch size: 32
2025-02-10 14:55:51,483:INFO:Number of layers: 2
2025-02-10 14:55:51,483:INFO:Convolution type: SAGE
2025-02-10 14:55:51,483:INFO:Convolution neurons: 256
2025-02-10 15:01:02,040:INFO:Learning rate: 0.0008
2025-02-10 15:01:02,041:INFO:Weight decay: 0.001
2025-02-10 15:01:02,041:INFO:Batch size: 32
2025-02-10 15:01:02,041:INFO:Number of layers: 2
2025-02-10 15:01:02,041:INFO:Convolution type: SAGE
2025-02-10 15:01:02,041:INFO:Convolution neurons: 256
2025-02-10 15:01:16,606:INFO:Epoch 1: Train Loss: 12907.2731, Train Node Loss: 0.0906, Train Reg Loss: 129.0718, Train MAPE: 94.9327, Train R: -0.0819, Train RRSE: 8.2547, Test Loss: 13003.1125, Test Node Loss: 0.1676, Test Reg Loss: 130.0294, Test MAPE: 92.8266, Test R: 0.6795, Test RRSE: 8.2663
2025-02-10 15:01:16,643:INFO:Checkpoint saved at best_0.0008_0.001_256_SAGE_2_32_0.6795_epoch_1.pth
2025-02-10 15:01:30,370:INFO:Epoch 2: Train Loss: 10496.7681, Train Node Loss: 3.7529, Train Reg Loss: 104.9302, Train MAPE: 85.3179, Train R: 0.0146, Train RRSE: 7.4428, Test Loss: 9614.0874, Test Node Loss: 16.8398, Test Reg Loss: 95.9725, Test MAPE: 79.3598, Test R: 0.6013, Test RRSE: 7.1017
2025-02-10 15:01:44,121:INFO:Epoch 3: Train Loss: 6499.6233, Train Node Loss: 50.5200, Train Reg Loss: 64.4910, Train MAPE: 65.6975, Train R: 0.0148, Train RRSE: 5.8349, Test Loss: 2630.8771, Test Node Loss: 226.6131, Test Reg Loss: 24.0426, Test MAPE: 38.0381, Test R: 0.6670, Test RRSE: 3.5545
2025-02-10 15:01:57,992:INFO:Epoch 4: Train Loss: 1542.3586, Train Node Loss: 571.2660, Train Reg Loss: 9.7109, Train MAPE: 22.9421, Train R: 0.0996, Train RRSE: 2.2642, Test Loss: 1841.6568, Test Node Loss: 768.3668, Test Reg Loss: 10.7329, Test MAPE: 26.9335, Test R: 0.6710, Test RRSE: 2.3749
2025-02-10 15:02:11,738:INFO:Epoch 5: Train Loss: 703.6080, Train Node Loss: 328.0673, Train Reg Loss: 3.7554, Train MAPE: 14.2333, Train R: 0.0119, Train RRSE: 1.4080, Test Loss: 906.9762, Test Node Loss: 119.2871, Test Reg Loss: 7.8769, Test MAPE: 19.7910, Test R: 0.6818, Test RRSE: 2.0346
2025-02-10 15:02:11,769:INFO:Checkpoint saved at best_0.0008_0.001_256_SAGE_2_32_0.6818_epoch_5.pth
2025-02-10 15:02:25,513:INFO:Epoch 6: Train Loss: 529.6789, Train Node Loss: 146.8789, Train Reg Loss: 3.8280, Train MAPE: 13.1369, Train R: 0.3026, Train RRSE: 1.4216, Test Loss: 387.1274, Test Node Loss: 228.8777, Test Reg Loss: 1.5825, Test MAPE: 10.0270, Test R: 0.6801, Test RRSE: 0.9119
2025-02-10 15:02:39,285:INFO:Epoch 7: Train Loss: 413.9355, Train Node Loss: 228.0819, Train Reg Loss: 1.8585, Train MAPE: 11.3875, Train R: 0.5808, Train RRSE: 0.9905, Test Loss: 328.0364, Test Node Loss: 185.9812, Test Reg Loss: 1.4206, Test MAPE: 9.4735, Test R: 0.6845, Test RRSE: 0.8640
2025-02-10 15:02:39,314:INFO:Checkpoint saved at best_0.0008_0.001_256_SAGE_2_32_0.6845_epoch_7.pth
2025-02-10 15:02:53,252:INFO:Epoch 8: Train Loss: 340.5454, Train Node Loss: 146.8637, Train Reg Loss: 1.9368, Train MAPE: 10.4537, Train R: 0.5275, Train RRSE: 1.0112, Test Loss: 351.1295, Test Node Loss: 139.9443, Test Reg Loss: 2.1119, Test MAPE: 10.7378, Test R: 0.6829, Test RRSE: 1.0535
2025-02-10 15:03:06,897:INFO:Epoch 9: Train Loss: 310.3548, Train Node Loss: 158.0281, Train Reg Loss: 1.5233, Train MAPE: 10.3107, Train R: 0.4557, Train RRSE: 0.8968, Test Loss: 287.5755, Test Node Loss: 151.1415, Test Reg Loss: 1.3643, Test MAPE: 9.5254, Test R: 0.6833, Test RRSE: 0.8467
2025-02-10 15:03:20,576:INFO:Epoch 10: Train Loss: 272.8730, Train Node Loss: 130.2410, Train Reg Loss: 1.4263, Train MAPE: 9.9668, Train R: 0.6276, Train RRSE: 0.8677, Test Loss: 306.5540, Test Node Loss: 116.9783, Test Reg Loss: 1.8958, Test MAPE: 10.4591, Test R: 0.6829, Test RRSE: 0.9981
2025-02-10 15:03:34,299:INFO:Epoch 11: Train Loss: 258.1658, Train Node Loss: 120.6565, Train Reg Loss: 1.3751, Train MAPE: 9.9300, Train R: 0.6705, Train RRSE: 0.8520, Test Loss: 264.4781, Test Node Loss: 121.1435, Test Reg Loss: 1.4333, Test MAPE: 9.6704, Test R: 0.6827, Test RRSE: 0.8679
2025-02-10 15:03:47,974:INFO:Epoch 12: Train Loss: 245.8911, Train Node Loss: 117.9319, Train Reg Loss: 1.2796, Train MAPE: 9.9140, Train R: 0.6969, Train RRSE: 0.8219, Test Loss: 270.8541, Test Node Loss: 103.7162, Test Reg Loss: 1.6714, Test MAPE: 10.1691, Test R: 0.6822, Test RRSE: 0.9372
2025-02-10 15:04:01,632:INFO:Epoch 13: Train Loss: 236.7148, Train Node Loss: 100.4607, Train Reg Loss: 1.3625, Train MAPE: 9.9411, Train R: 0.6906, Train RRSE: 0.8481, Test Loss: 253.2360, Test Node Loss: 97.1136, Test Reg Loss: 1.5612, Test MAPE: 10.0161, Test R: 0.6814, Test RRSE: 0.9058
2025-02-10 15:04:15,349:INFO:Epoch 14: Train Loss: 224.6578, Train Node Loss: 97.2663, Train Reg Loss: 1.2739, Train MAPE: 10.0042, Train R: 0.6839, Train RRSE: 0.8201, Test Loss: 234.9870, Test Node Loss: 91.2609, Test Reg Loss: 1.4373, Test MAPE: 9.7960, Test R: 0.6805, Test RRSE: 0.8691
2025-02-10 15:04:28,980:INFO:Epoch 15: Train Loss: 213.8250, Train Node Loss: 85.8425, Train Reg Loss: 1.2798, Train MAPE: 10.0607, Train R: 0.6821, Train RRSE: 0.8220, Test Loss: 227.1713, Test Node Loss: 81.8208, Test Reg Loss: 1.4535, Test MAPE: 9.9113, Test R: 0.6793, Test RRSE: 0.8740
2025-02-10 15:04:42,573:INFO:Epoch 16: Train Loss: 204.5842, Train Node Loss: 82.1162, Train Reg Loss: 1.2247, Train MAPE: 10.1324, Train R: 0.6922, Train RRSE: 0.8041, Test Loss: 225.4090, Test Node Loss: 71.6413, Test Reg Loss: 1.5377, Test MAPE: 10.0968, Test R: 0.6778, Test RRSE: 0.8989
2025-02-10 15:04:56,479:INFO:Epoch 17: Train Loss: 196.2430, Train Node Loss: 67.2525, Train Reg Loss: 1.2899, Train MAPE: 10.0707, Train R: 0.6860, Train RRSE: 0.8252, Test Loss: 213.9996, Test Node Loss: 64.8790, Test Reg Loss: 1.4912, Test MAPE: 10.0441, Test R: 0.6759, Test RRSE: 0.8852
2025-02-10 15:05:10,316:INFO:Epoch 18: Train Loss: 190.0780, Train Node Loss: 68.2734, Train Reg Loss: 1.2180, Train MAPE: 10.3169, Train R: 0.6744, Train RRSE: 0.8019, Test Loss: 209.3841, Test Node Loss: 57.7186, Test Reg Loss: 1.5167, Test MAPE: 10.1238, Test R: 0.6745, Test RRSE: 0.8928
2025-02-10 15:05:24,074:INFO:Epoch 19: Train Loss: 182.4171, Train Node Loss: 53.6802, Train Reg Loss: 1.2874, Train MAPE: 10.2140, Train R: 0.6704, Train RRSE: 0.8244, Test Loss: 196.1612, Test Node Loss: 53.4889, Test Reg Loss: 1.4267, Test MAPE: 10.1213, Test R: 0.6718, Test RRSE: 0.8659
2025-02-10 15:05:37,916:INFO:Epoch 20: Train Loss: 173.8571, Train Node Loss: 54.6509, Train Reg Loss: 1.1921, Train MAPE: 10.2984, Train R: 0.6673, Train RRSE: 0.7933, Test Loss: 192.2056, Test Node Loss: 48.1463, Test Reg Loss: 1.4406, Test MAPE: 9.9969, Test R: 0.6706, Test RRSE: 0.8701
2025-02-10 15:05:51,556:INFO:Epoch 21: Train Loss: 166.9963, Train Node Loss: 45.5515, Train Reg Loss: 1.2144, Train MAPE: 10.1726, Train R: 0.6762, Train RRSE: 0.8007, Test Loss: 194.6640, Test Node Loss: 42.5950, Test Reg Loss: 1.5207, Test MAPE: 10.3483, Test R: 0.6686, Test RRSE: 0.8939
2025-02-10 15:06:05,232:INFO:Epoch 22: Train Loss: 158.3355, Train Node Loss: 43.9691, Train Reg Loss: 1.1437, Train MAPE: 10.3851, Train R: 0.6747, Train RRSE: 0.7770, Test Loss: 172.7508, Test Node Loss: 41.7755, Test Reg Loss: 1.3098, Test MAPE: 10.0625, Test R: 0.6684, Test RRSE: 0.8296
2025-02-10 15:06:19,005:INFO:Epoch 23: Train Loss: 153.4986, Train Node Loss: 39.9849, Train Reg Loss: 1.1351, Train MAPE: 10.3436, Train R: 0.6763, Train RRSE: 0.7741, Test Loss: 211.4624, Test Node Loss: 32.6697, Test Reg Loss: 1.7879, Test MAPE: 10.8565, Test R: 0.6682, Test RRSE: 0.9693
2025-02-10 15:06:32,755:INFO:Epoch 24: Train Loss: 152.6339, Train Node Loss: 35.8626, Train Reg Loss: 1.1677, Train MAPE: 10.5521, Train R: 0.6531, Train RRSE: 0.7851, Test Loss: 174.7596, Test Node Loss: 33.1643, Test Reg Loss: 1.4160, Test MAPE: 10.3390, Test R: 0.6670, Test RRSE: 0.8626
2025-02-10 15:06:46,527:INFO:Epoch 25: Train Loss: 144.5477, Train Node Loss: 32.6493, Train Reg Loss: 1.1190, Train MAPE: 10.4394, Train R: 0.6799, Train RRSE: 0.7686, Test Loss: 174.2537, Test Node Loss: 30.1627, Test Reg Loss: 1.4409, Test MAPE: 10.4474, Test R: 0.6678, Test RRSE: 0.8702
2025-02-10 15:07:00,356:INFO:Epoch 26: Train Loss: 143.7796, Train Node Loss: 31.2216, Train Reg Loss: 1.1256, Train MAPE: 10.5809, Train R: 0.6627, Train RRSE: 0.7709, Test Loss: 182.3455, Test Node Loss: 26.8050, Test Reg Loss: 1.5554, Test MAPE: 10.6772, Test R: 0.6678, Test RRSE: 0.9041
2025-02-10 15:07:14,075:INFO:Epoch 27: Train Loss: 138.3553, Train Node Loss: 26.9290, Train Reg Loss: 1.1143, Train MAPE: 10.5913, Train R: 0.6770, Train RRSE: 0.7670, Test Loss: 154.1071, Test Node Loss: 27.2323, Test Reg Loss: 1.2687, Test MAPE: 10.2133, Test R: 0.6704, Test RRSE: 0.8165
2025-02-10 15:07:27,897:INFO:Epoch 28: Train Loss: 136.5669, Train Node Loss: 26.0178, Train Reg Loss: 1.1055, Train MAPE: 10.6591, Train R: 0.6681, Train RRSE: 0.7639, Test Loss: 176.7142, Test Node Loss: 22.7777, Test Reg Loss: 1.5394, Test MAPE: 10.6965, Test R: 0.6712, Test RRSE: 0.8994
2025-02-10 15:07:41,644:INFO:Epoch 29: Train Loss: 135.9920, Train Node Loss: 25.4011, Train Reg Loss: 1.1059, Train MAPE: 10.7983, Train R: 0.6667, Train RRSE: 0.7641, Test Loss: 160.6397, Test Node Loss: 21.9860, Test Reg Loss: 1.3865, Test MAPE: 10.5136, Test R: 0.6758, Test RRSE: 0.8536
2025-02-10 15:07:55,487:INFO:Epoch 30: Train Loss: 133.7328, Train Node Loss: 20.7239, Train Reg Loss: 1.1301, Train MAPE: 10.5883, Train R: 0.6762, Train RRSE: 0.7724, Test Loss: 154.1724, Test Node Loss: 20.7141, Test Reg Loss: 1.3346, Test MAPE: 10.4133, Test R: 0.6772, Test RRSE: 0.8375
2025-02-10 15:08:09,565:INFO:Epoch 31: Train Loss: 126.4229, Train Node Loss: 21.5088, Train Reg Loss: 1.0491, Train MAPE: 10.7636, Train R: 0.6901, Train RRSE: 0.7442, Test Loss: 155.3470, Test Node Loss: 18.9566, Test Reg Loss: 1.3639, Test MAPE: 10.5007, Test R: 0.6796, Test RRSE: 0.8466
2025-02-10 15:08:23,687:INFO:Epoch 32: Train Loss: 124.4443, Train Node Loss: 19.9133, Train Reg Loss: 1.0453, Train MAPE: 10.7892, Train R: 0.6905, Train RRSE: 0.7429, Test Loss: 173.1677, Test Node Loss: 16.4173, Test Reg Loss: 1.5675, Test MAPE: 10.8641, Test R: 0.6826, Test RRSE: 0.9076
2025-02-10 15:08:37,687:INFO:Epoch 33: Train Loss: 123.2089, Train Node Loss: 17.4475, Train Reg Loss: 1.0576, Train MAPE: 10.6461, Train R: 0.6884, Train RRSE: 0.7472, Test Loss: 138.7864, Test Node Loss: 17.5534, Test Reg Loss: 1.2123, Test MAPE: 10.3641, Test R: 0.6861, Test RRSE: 0.7982
2025-02-10 15:08:37,731:INFO:Checkpoint saved at best_0.0008_0.001_256_SAGE_2_32_0.6861_epoch_33.pth
2025-02-10 15:08:51,721:INFO:Epoch 34: Train Loss: 120.6108, Train Node Loss: 17.5861, Train Reg Loss: 1.0302, Train MAPE: 10.8707, Train R: 0.6923, Train RRSE: 0.7375, Test Loss: 167.5004, Test Node Loss: 14.3778, Test Reg Loss: 1.5312, Test MAPE: 10.8798, Test R: 0.6883, Test RRSE: 0.8970
2025-02-10 15:08:51,740:INFO:Checkpoint saved at best_0.0008_0.001_256_SAGE_2_32_0.6883_epoch_34.pth
2025-02-10 15:09:05,682:INFO:Epoch 35: Train Loss: 116.1157, Train Node Loss: 15.5132, Train Reg Loss: 1.0060, Train MAPE: 10.7743, Train R: 0.7068, Train RRSE: 0.7288, Test Loss: 139.4105, Test Node Loss: 15.0149, Test Reg Loss: 1.2440, Test MAPE: 10.5403, Test R: 0.6921, Test RRSE: 0.8085
2025-02-10 15:09:05,707:INFO:Checkpoint saved at best_0.0008_0.001_256_SAGE_2_32_0.6921_epoch_35.pth
2025-02-10 15:09:19,697:INFO:Epoch 36: Train Loss: 116.4564, Train Node Loss: 15.1343, Train Reg Loss: 1.0132, Train MAPE: 10.8742, Train R: 0.6973, Train RRSE: 0.7314, Test Loss: 138.4504, Test Node Loss: 14.1452, Test Reg Loss: 1.2431, Test MAPE: 10.4645, Test R: 0.6952, Test RRSE: 0.8082
2025-02-10 15:09:19,727:INFO:Checkpoint saved at best_0.0008_0.001_256_SAGE_2_32_0.6952_epoch_36.pth
2025-02-10 15:09:33,945:INFO:Epoch 37: Train Loss: 111.2330, Train Node Loss: 14.3501, Train Reg Loss: 0.9688, Train MAPE: 10.9299, Train R: 0.7151, Train RRSE: 0.7152, Test Loss: 168.4883, Test Node Loss: 11.5215, Test Reg Loss: 1.5697, Test MAPE: 11.0183, Test R: 0.6976, Test RRSE: 0.9082
2025-02-10 15:09:33,984:INFO:Checkpoint saved at best_0.0008_0.001_256_SAGE_2_32_0.6976_epoch_37.pth
2025-02-10 15:09:48,115:INFO:Epoch 38: Train Loss: 109.1888, Train Node Loss: 13.2937, Train Reg Loss: 0.9590, Train MAPE: 10.9327, Train R: 0.7204, Train RRSE: 0.7115, Test Loss: 145.5891, Test Node Loss: 11.8267, Test Reg Loss: 1.3376, Test MAPE: 10.8438, Test R: 0.7004, Test RRSE: 0.8384
2025-02-10 15:09:48,142:INFO:Checkpoint saved at best_0.0008_0.001_256_SAGE_2_32_0.7004_epoch_38.pth
2025-02-10 15:10:02,168:INFO:Epoch 39: Train Loss: 111.4828, Train Node Loss: 11.6235, Train Reg Loss: 0.9986, Train MAPE: 10.8072, Train R: 0.7117, Train RRSE: 0.7261, Test Loss: 122.2920, Test Node Loss: 12.6299, Test Reg Loss: 1.0966, Test MAPE: 10.4234, Test R: 0.7026, Test RRSE: 0.7591
2025-02-10 15:10:02,202:INFO:Checkpoint saved at best_0.0008_0.001_256_SAGE_2_32_0.7026_epoch_39.pth
2025-02-10 15:10:16,064:INFO:Epoch 40: Train Loss: 108.2204, Train Node Loss: 12.7842, Train Reg Loss: 0.9544, Train MAPE: 11.1724, Train R: 0.7286, Train RRSE: 0.7098, Test Loss: 152.6062, Test Node Loss: 9.9918, Test Reg Loss: 1.4261, Test MAPE: 10.8369, Test R: 0.7065, Test RRSE: 0.8657
2025-02-10 15:10:16,112:INFO:Checkpoint saved at best_0.0008_0.001_256_SAGE_2_32_0.7065_epoch_40.pth
2025-02-10 15:10:30,096:INFO:Epoch 41: Train Loss: 103.5642, Train Node Loss: 10.6863, Train Reg Loss: 0.9288, Train MAPE: 10.8837, Train R: 0.7337, Train RRSE: 0.7002, Test Loss: 142.2645, Test Node Loss: 9.6380, Test Reg Loss: 1.3263, Test MAPE: 10.6226, Test R: 0.7096, Test RRSE: 0.8348
2025-02-10 15:10:30,129:INFO:Checkpoint saved at best_0.0008_0.001_256_SAGE_2_32_0.7096_epoch_41.pth
2025-02-10 15:10:44,085:INFO:Epoch 42: Train Loss: 102.1337, Train Node Loss: 10.0314, Train Reg Loss: 0.9210, Train MAPE: 10.8781, Train R: 0.7365, Train RRSE: 0.6973, Test Loss: 128.2019, Test Node Loss: 9.7783, Test Reg Loss: 1.1842, Test MAPE: 10.6274, Test R: 0.7111, Test RRSE: 0.7889
2025-02-10 15:10:44,120:INFO:Checkpoint saved at best_0.0008_0.001_256_SAGE_2_32_0.7111_epoch_42.pth
2025-02-10 15:10:58,067:INFO:Epoch 43: Train Loss: 100.4631, Train Node Loss: 10.2294, Train Reg Loss: 0.9023, Train MAPE: 10.9616, Train R: 0.7459, Train RRSE: 0.6902, Test Loss: 164.5313, Test Node Loss: 7.8978, Test Reg Loss: 1.5663, Test MAPE: 11.2741, Test R: 0.7127, Test RRSE: 0.9073
2025-02-10 15:10:58,099:INFO:Checkpoint saved at best_0.0008_0.001_256_SAGE_2_32_0.7127_epoch_43.pth
2025-02-10 15:11:11,966:INFO:Epoch 44: Train Loss: 102.2789, Train Node Loss: 8.8551, Train Reg Loss: 0.9342, Train MAPE: 10.9488, Train R: 0.7274, Train RRSE: 0.7023, Test Loss: 142.4031, Test Node Loss: 8.0362, Test Reg Loss: 1.3437, Test MAPE: 10.9022, Test R: 0.7141, Test RRSE: 0.8403
2025-02-10 15:11:11,992:INFO:Checkpoint saved at best_0.0008_0.001_256_SAGE_2_32_0.7141_epoch_44.pth
2025-02-10 15:11:26,185:INFO:Epoch 45: Train Loss: 96.9707, Train Node Loss: 8.9502, Train Reg Loss: 0.8802, Train MAPE: 11.0694, Train R: 0.7465, Train RRSE: 0.6817, Test Loss: 148.0732, Test Node Loss: 7.3574, Test Reg Loss: 1.4072, Test MAPE: 10.9604, Test R: 0.7152, Test RRSE: 0.8599
2025-02-10 15:11:26,207:INFO:Checkpoint saved at best_0.0008_0.001_256_SAGE_2_32_0.7152_epoch_45.pth
2025-02-10 15:11:40,141:INFO:Epoch 46: Train Loss: 96.9102, Train Node Loss: 8.1507, Train Reg Loss: 0.8876, Train MAPE: 11.1031, Train R: 0.7411, Train RRSE: 0.6845, Test Loss: 138.9092, Test Node Loss: 7.1392, Test Reg Loss: 1.3177, Test MAPE: 10.9845, Test R: 0.7170, Test RRSE: 0.8321
2025-02-10 15:11:40,169:INFO:Checkpoint saved at best_0.0008_0.001_256_SAGE_2_32_0.7170_epoch_46.pth
2025-02-10 15:11:54,148:INFO:Epoch 47: Train Loss: 95.3555, Train Node Loss: 8.0733, Train Reg Loss: 0.8728, Train MAPE: 11.1901, Train R: 0.7441, Train RRSE: 0.6788, Test Loss: 164.0064, Test Node Loss: 5.9648, Test Reg Loss: 1.5804, Test MAPE: 11.3927, Test R: 0.7188, Test RRSE: 0.9113
2025-02-10 15:11:54,176:INFO:Checkpoint saved at best_0.0008_0.001_256_SAGE_2_32_0.7188_epoch_47.pth
2025-02-10 15:12:07,912:INFO:Epoch 48: Train Loss: 94.7225, Train Node Loss: 7.1275, Train Reg Loss: 0.8759, Train MAPE: 11.0978, Train R: 0.7465, Train RRSE: 0.6800, Test Loss: 119.8814, Test Node Loss: 6.8523, Test Reg Loss: 1.1303, Test MAPE: 10.7844, Test R: 0.7217, Test RRSE: 0.7707
2025-02-10 15:12:07,940:INFO:Checkpoint saved at best_0.0008_0.001_256_SAGE_2_32_0.7217_epoch_48.pth
2025-02-10 15:12:21,951:INFO:Epoch 49: Train Loss: 94.4342, Train Node Loss: 7.1679, Train Reg Loss: 0.8727, Train MAPE: 11.0369, Train R: 0.7474, Train RRSE: 0.6787, Test Loss: 131.7078, Test Node Loss: 6.1176, Test Reg Loss: 1.2559, Test MAPE: 10.9572, Test R: 0.7223, Test RRSE: 0.8124
2025-02-10 15:12:21,973:INFO:Checkpoint saved at best_0.0008_0.001_256_SAGE_2_32_0.7223_epoch_49.pth
2025-02-10 15:12:35,857:INFO:Epoch 50: Train Loss: 95.2067, Train Node Loss: 6.8300, Train Reg Loss: 0.8838, Train MAPE: 11.1888, Train R: 0.7405, Train RRSE: 0.6831, Test Loss: 141.3051, Test Node Loss: 5.5175, Test Reg Loss: 1.3579, Test MAPE: 11.1126, Test R: 0.7238, Test RRSE: 0.8447
2025-02-10 15:12:35,887:INFO:Checkpoint saved at best_0.0008_0.001_256_SAGE_2_32_0.7238_epoch_50.pth
2025-02-10 15:12:50,030:INFO:Epoch 51: Train Loss: 89.1374, Train Node Loss: 5.7495, Train Reg Loss: 0.8339, Train MAPE: 11.1321, Train R: 0.7693, Train RRSE: 0.6635, Test Loss: 117.6954, Test Node Loss: 5.9837, Test Reg Loss: 1.1171, Test MAPE: 10.9303, Test R: 0.7238, Test RRSE: 0.7662
2025-02-10 15:13:03,996:INFO:Epoch 52: Train Loss: 88.0182, Train Node Loss: 6.4794, Train Reg Loss: 0.8154, Train MAPE: 11.3072, Train R: 0.7683, Train RRSE: 0.6561, Test Loss: 159.9911, Test Node Loss: 4.7099, Test Reg Loss: 1.5528, Test MAPE: 11.4597, Test R: 0.7250, Test RRSE: 0.9033
2025-02-10 15:13:04,037:INFO:Checkpoint saved at best_0.0008_0.001_256_SAGE_2_32_0.7250_epoch_52.pth
2025-02-10 15:13:18,148:INFO:Epoch 53: Train Loss: 91.5124, Train Node Loss: 5.1713, Train Reg Loss: 0.8634, Train MAPE: 11.1108, Train R: 0.7557, Train RRSE: 0.6751, Test Loss: 110.2015, Test Node Loss: 5.5808, Test Reg Loss: 1.0462, Test MAPE: 10.8041, Test R: 0.7263, Test RRSE: 0.7415
2025-02-10 15:13:18,181:INFO:Checkpoint saved at best_0.0008_0.001_256_SAGE_2_32_0.7263_epoch_53.pth
2025-02-10 15:13:32,303:INFO:Epoch 54: Train Loss: 90.3601, Train Node Loss: 5.8318, Train Reg Loss: 0.8453, Train MAPE: 11.3177, Train R: 0.7578, Train RRSE: 0.6680, Test Loss: 118.5723, Test Node Loss: 4.9299, Test Reg Loss: 1.1364, Test MAPE: 10.9832, Test R: 0.7290, Test RRSE: 0.7728
2025-02-10 15:13:32,332:INFO:Checkpoint saved at best_0.0008_0.001_256_SAGE_2_32_0.7290_epoch_54.pth
2025-02-10 15:13:46,604:INFO:Epoch 55: Train Loss: 87.3753, Train Node Loss: 5.0640, Train Reg Loss: 0.8231, Train MAPE: 11.1489, Train R: 0.7646, Train RRSE: 0.6592, Test Loss: 134.8698, Test Node Loss: 4.1949, Test Reg Loss: 1.3067, Test MAPE: 11.1016, Test R: 0.7303, Test RRSE: 0.8287
2025-02-10 15:13:46,637:INFO:Checkpoint saved at best_0.0008_0.001_256_SAGE_2_32_0.7303_epoch_55.pth
2025-02-10 15:14:00,674:INFO:Epoch 56: Train Loss: 91.7791, Train Node Loss: 4.5947, Train Reg Loss: 0.8718, Train MAPE: 11.0767, Train R: 0.7461, Train RRSE: 0.6784, Test Loss: 117.0005, Test Node Loss: 4.4205, Test Reg Loss: 1.1258, Test MAPE: 10.8688, Test R: 0.7319, Test RRSE: 0.7692
2025-02-10 15:14:00,694:INFO:Checkpoint saved at best_0.0008_0.001_256_SAGE_2_32_0.7319_epoch_56.pth
2025-02-10 15:14:14,755:INFO:Epoch 57: Train Loss: 89.6047, Train Node Loss: 5.0860, Train Reg Loss: 0.8452, Train MAPE: 11.3322, Train R: 0.7633, Train RRSE: 0.6680, Test Loss: 144.9487, Test Node Loss: 3.6677, Test Reg Loss: 1.4128, Test MAPE: 11.2294, Test R: 0.7341, Test RRSE: 0.8617
2025-02-10 15:14:14,781:INFO:Checkpoint saved at best_0.0008_0.001_256_SAGE_2_32_0.7341_epoch_57.pth
2025-02-10 15:14:28,986:INFO:Epoch 58: Train Loss: 85.5821, Train Node Loss: 3.9966, Train Reg Loss: 0.8159, Train MAPE: 11.2096, Train R: 0.7707, Train RRSE: 0.6563, Test Loss: 119.1724, Test Node Loss: 3.9892, Test Reg Loss: 1.1518, Test MAPE: 10.8657, Test R: 0.7335, Test RRSE: 0.7780
2025-02-10 15:14:43,134:INFO:Epoch 59: Train Loss: 84.5012, Train Node Loss: 4.1842, Train Reg Loss: 0.8032, Train MAPE: 11.2989, Train R: 0.7682, Train RRSE: 0.6512, Test Loss: 128.9193, Test Node Loss: 3.5704, Test Reg Loss: 1.2535, Test MAPE: 11.2095, Test R: 0.7336, Test RRSE: 0.8116
2025-02-10 15:14:57,349:INFO:Epoch 60: Train Loss: 83.5604, Train Node Loss: 3.9101, Train Reg Loss: 0.7965, Train MAPE: 11.3026, Train R: 0.7699, Train RRSE: 0.6485, Test Loss: 123.5508, Test Node Loss: 3.4336, Test Reg Loss: 1.2012, Test MAPE: 11.0998, Test R: 0.7338, Test RRSE: 0.7945
2025-02-10 15:15:11,577:INFO:Epoch 61: Train Loss: 83.0120, Train Node Loss: 3.9778, Train Reg Loss: 0.7903, Train MAPE: 11.3702, Train R: 0.7745, Train RRSE: 0.6459, Test Loss: 121.8843, Test Node Loss: 3.2445, Test Reg Loss: 1.1864, Test MAPE: 11.1416, Test R: 0.7353, Test RRSE: 0.7896
2025-02-10 15:15:11,623:INFO:Checkpoint saved at best_0.0008_0.001_256_SAGE_2_32_0.7353_epoch_61.pth
2025-02-10 15:15:25,914:INFO:Epoch 62: Train Loss: 83.5601, Train Node Loss: 3.3270, Train Reg Loss: 0.8023, Train MAPE: 11.0846, Train R: 0.7735, Train RRSE: 0.6508, Test Loss: 122.1205, Test Node Loss: 3.0222, Test Reg Loss: 1.1910, Test MAPE: 11.2408, Test R: 0.7353, Test RRSE: 0.7911
2025-02-10 15:15:40,328:INFO:Epoch 63: Train Loss: 81.1516, Train Node Loss: 3.5914, Train Reg Loss: 0.7756, Train MAPE: 11.3952, Train R: 0.7802, Train RRSE: 0.6399, Test Loss: 133.0946, Test Node Loss: 2.7068, Test Reg Loss: 1.3039, Test MAPE: 11.3562, Test R: 0.7372, Test RRSE: 0.8278
2025-02-10 15:15:40,351:INFO:Checkpoint saved at best_0.0008_0.001_256_SAGE_2_32_0.7372_epoch_63.pth
2025-02-10 15:15:54,774:INFO:Epoch 64: Train Loss: 80.9061, Train Node Loss: 2.9924, Train Reg Loss: 0.7791, Train MAPE: 11.3487, Train R: 0.7764, Train RRSE: 0.6413, Test Loss: 124.7955, Test Node Loss: 2.7297, Test Reg Loss: 1.2207, Test MAPE: 11.3565, Test R: 0.7368, Test RRSE: 0.8009
2025-02-10 15:16:09,072:INFO:Epoch 65: Train Loss: 79.6540, Train Node Loss: 2.9742, Train Reg Loss: 0.7668, Train MAPE: 11.3512, Train R: 0.7813, Train RRSE: 0.6362, Test Loss: 111.3946, Test Node Loss: 2.7760, Test Reg Loss: 1.0862, Test MAPE: 11.0786, Test R: 0.7388, Test RRSE: 0.7555
2025-02-10 15:16:09,094:INFO:Checkpoint saved at best_0.0008_0.001_256_SAGE_2_32_0.7388_epoch_65.pth
2025-02-10 15:16:23,388:INFO:Epoch 66: Train Loss: 86.4831, Train Node Loss: 2.6619, Train Reg Loss: 0.8382, Train MAPE: 11.2734, Train R: 0.7560, Train RRSE: 0.6652, Test Loss: 112.4616, Test Node Loss: 2.5593, Test Reg Loss: 1.0990, Test MAPE: 11.1071, Test R: 0.7399, Test RRSE: 0.7600
2025-02-10 15:16:23,409:INFO:Checkpoint saved at best_0.0008_0.001_256_SAGE_2_32_0.7399_epoch_66.pth
2025-02-10 15:16:37,690:INFO:Epoch 67: Train Loss: 85.1489, Train Node Loss: 3.0948, Train Reg Loss: 0.8205, Train MAPE: 11.4993, Train R: 0.7704, Train RRSE: 0.6582, Test Loss: 133.5197, Test Node Loss: 2.1211, Test Reg Loss: 1.3140, Test MAPE: 11.3427, Test R: 0.7403, Test RRSE: 0.8310
2025-02-10 15:16:37,717:INFO:Checkpoint saved at best_0.0008_0.001_256_SAGE_2_32_0.7403_epoch_67.pth
2025-02-10 15:16:52,065:INFO:Epoch 68: Train Loss: 82.3996, Train Node Loss: 2.3415, Train Reg Loss: 0.8006, Train MAPE: 11.2573, Train R: 0.7699, Train RRSE: 0.6501, Test Loss: 132.7699, Test Node Loss: 1.9097, Test Reg Loss: 1.3086, Test MAPE: 11.4047, Test R: 0.7403, Test RRSE: 0.8293
2025-02-10 15:17:06,402:INFO:Epoch 69: Train Loss: 80.4784, Train Node Loss: 2.5856, Train Reg Loss: 0.7789, Train MAPE: 11.4771, Train R: 0.7755, Train RRSE: 0.6413, Test Loss: 102.5267, Test Node Loss: 2.2800, Test Reg Loss: 1.0025, Test MAPE: 10.9275, Test R: 0.7417, Test RRSE: 0.7258
2025-02-10 15:17:06,430:INFO:Checkpoint saved at best_0.0008_0.001_256_SAGE_2_32_0.7417_epoch_69.pth
2025-02-10 15:17:20,688:INFO:Epoch 70: Train Loss: 74.1483, Train Node Loss: 2.3020, Train Reg Loss: 0.7185, Train MAPE: 11.2669, Train R: 0.7998, Train RRSE: 0.6159, Test Loss: 149.9021, Test Node Loss: 1.5726, Test Reg Loss: 1.4833, Test MAPE: 11.6831, Test R: 0.7420, Test RRSE: 0.8829
2025-02-10 15:17:20,712:INFO:Checkpoint saved at best_0.0008_0.001_256_SAGE_2_32_0.7420_epoch_70.pth
2025-02-10 15:17:35,031:INFO:Epoch 71: Train Loss: 79.6471, Train Node Loss: 1.9027, Train Reg Loss: 0.7774, Train MAPE: 11.2638, Train R: 0.7865, Train RRSE: 0.6406, Test Loss: 97.3498, Test Node Loss: 2.1433, Test Reg Loss: 0.9521, Test MAPE: 11.0982, Test R: 0.7420, Test RRSE: 0.7073
2025-02-10 15:17:35,072:INFO:Checkpoint saved at best_0.0008_0.001_256_SAGE_2_32_0.7420_epoch_71.pth
2025-02-10 15:17:49,429:INFO:Epoch 72: Train Loss: 84.5724, Train Node Loss: 2.2182, Train Reg Loss: 0.8235, Train MAPE: 11.4688, Train R: 0.7600, Train RRSE: 0.6594, Test Loss: 153.0175, Test Node Loss: 1.4210, Test Reg Loss: 1.5160, Test MAPE: 11.7651, Test R: 0.7419, Test RRSE: 0.8926
2025-02-10 15:18:03,787:INFO:Epoch 73: Train Loss: 78.1977, Train Node Loss: 1.8570, Train Reg Loss: 0.7634, Train MAPE: 11.4126, Train R: 0.7789, Train RRSE: 0.6348, Test Loss: 114.5399, Test Node Loss: 1.6064, Test Reg Loss: 1.1293, Test MAPE: 11.1198, Test R: 0.7435, Test RRSE: 0.7704
2025-02-10 15:18:03,812:INFO:Checkpoint saved at best_0.0008_0.001_256_SAGE_2_32_0.7435_epoch_73.pth
2025-02-10 15:18:18,153:INFO:Epoch 74: Train Loss: 74.6240, Train Node Loss: 1.8295, Train Reg Loss: 0.7279, Train MAPE: 11.4492, Train R: 0.7931, Train RRSE: 0.6199, Test Loss: 113.7096, Test Node Loss: 1.4977, Test Reg Loss: 1.1221, Test MAPE: 11.1137, Test R: 0.7440, Test RRSE: 0.7679
2025-02-10 15:18:18,173:INFO:Checkpoint saved at best_0.0008_0.001_256_SAGE_2_32_0.7440_epoch_74.pth
2025-02-10 15:18:32,427:INFO:Epoch 75: Train Loss: 75.9870, Train Node Loss: 1.6671, Train Reg Loss: 0.7432, Train MAPE: 11.2881, Train R: 0.7890, Train RRSE: 0.6264, Test Loss: 113.7494, Test Node Loss: 1.4119, Test Reg Loss: 1.1234, Test MAPE: 11.1698, Test R: 0.7452, Test RRSE: 0.7683
2025-02-10 15:18:32,463:INFO:Checkpoint saved at best_0.0008_0.001_256_SAGE_2_32_0.7452_epoch_75.pth
2025-02-10 15:18:46,774:INFO:Epoch 76: Train Loss: 74.4009, Train Node Loss: 1.6827, Train Reg Loss: 0.7272, Train MAPE: 11.4482, Train R: 0.7942, Train RRSE: 0.6196, Test Loss: 120.9107, Test Node Loss: 1.3100, Test Reg Loss: 1.1960, Test MAPE: 11.3575, Test R: 0.7452, Test RRSE: 0.7928
2025-02-10 15:18:46,801:INFO:Checkpoint saved at best_0.0008_0.001_256_SAGE_2_32_0.7452_epoch_76.pth
2025-02-10 15:19:01,090:INFO:Epoch 77: Train Loss: 74.6485, Train Node Loss: 1.4932, Train Reg Loss: 0.7316, Train MAPE: 11.4387, Train R: 0.7900, Train RRSE: 0.6215, Test Loss: 122.4830, Test Node Loss: 1.2236, Test Reg Loss: 1.2126, Test MAPE: 11.3760, Test R: 0.7457, Test RRSE: 0.7983
2025-02-10 15:19:01,120:INFO:Checkpoint saved at best_0.0008_0.001_256_SAGE_2_32_0.7457_epoch_77.pth
2025-02-10 15:19:15,451:INFO:Epoch 78: Train Loss: 74.8195, Train Node Loss: 1.6556, Train Reg Loss: 0.7316, Train MAPE: 11.5640, Train R: 0.7941, Train RRSE: 0.6215, Test Loss: 131.6242, Test Node Loss: 1.1268, Test Reg Loss: 1.3050, Test MAPE: 11.6008, Test R: 0.7465, Test RRSE: 0.8281
2025-02-10 15:19:15,475:INFO:Checkpoint saved at best_0.0008_0.001_256_SAGE_2_32_0.7465_epoch_78.pth
2025-02-10 15:19:30,045:INFO:Epoch 79: Train Loss: 80.3094, Train Node Loss: 1.1860, Train Reg Loss: 0.7912, Train MAPE: 11.3580, Train R: 0.7761, Train RRSE: 0.6463, Test Loss: 131.5333, Test Node Loss: 1.0294, Test Reg Loss: 1.3050, Test MAPE: 11.5498, Test R: 0.7466, Test RRSE: 0.8281
2025-02-10 15:19:30,132:INFO:Checkpoint saved at best_0.0008_0.001_256_SAGE_2_32_0.7466_epoch_79.pth
2025-02-10 15:19:44,395:INFO:Epoch 80: Train Loss: 74.5682, Train Node Loss: 1.5645, Train Reg Loss: 0.7300, Train MAPE: 11.6063, Train R: 0.8006, Train RRSE: 0.6208, Test Loss: 107.2094, Test Node Loss: 1.2215, Test Reg Loss: 1.0599, Test MAPE: 11.1641, Test R: 0.7490, Test RRSE: 0.7463
2025-02-10 15:19:44,420:INFO:Checkpoint saved at best_0.0008_0.001_256_SAGE_2_32_0.7490_epoch_80.pth
2025-02-10 15:19:58,732:INFO:Epoch 81: Train Loss: 73.1988, Train Node Loss: 1.2125, Train Reg Loss: 0.7199, Train MAPE: 11.4194, Train R: 0.7959, Train RRSE: 0.6165, Test Loss: 141.0871, Test Node Loss: 0.8721, Test Reg Loss: 1.4021, Test MAPE: 11.6240, Test R: 0.7488, Test RRSE: 0.8584
2025-02-10 15:20:13,083:INFO:Epoch 82: Train Loss: 75.7853, Train Node Loss: 1.0833, Train Reg Loss: 0.7470, Train MAPE: 11.3044, Train R: 0.7894, Train RRSE: 0.6280, Test Loss: 115.7655, Test Node Loss: 0.9891, Test Reg Loss: 1.1478, Test MAPE: 11.3568, Test R: 0.7489, Test RRSE: 0.7766
2025-02-10 15:20:27,499:INFO:Epoch 83: Train Loss: 78.4723, Train Node Loss: 1.3264, Train Reg Loss: 0.7715, Train MAPE: 11.6469, Train R: 0.7839, Train RRSE: 0.6382, Test Loss: 128.7025, Test Node Loss: 0.8381, Test Reg Loss: 1.2786, Test MAPE: 11.4640, Test R: 0.7499, Test RRSE: 0.8197
2025-02-10 15:20:27,543:INFO:Checkpoint saved at best_0.0008_0.001_256_SAGE_2_32_0.7499_epoch_83.pth
2025-02-10 15:20:41,777:INFO:Epoch 84: Train Loss: 77.2666, Train Node Loss: 1.0042, Train Reg Loss: 0.7626, Train MAPE: 11.3191, Train R: 0.7830, Train RRSE: 0.6345, Test Loss: 118.8347, Test Node Loss: 0.8125, Test Reg Loss: 1.1802, Test MAPE: 11.3930, Test R: 0.7511, Test RRSE: 0.7875
2025-02-10 15:20:41,819:INFO:Checkpoint saved at best_0.0008_0.001_256_SAGE_2_32_0.7511_epoch_84.pth
2025-02-10 15:20:56,041:INFO:Epoch 85: Train Loss: 79.6196, Train Node Loss: 1.1480, Train Reg Loss: 0.7847, Train MAPE: 11.4506, Train R: 0.7759, Train RRSE: 0.6436, Test Loss: 116.9836, Test Node Loss: 0.8176, Test Reg Loss: 1.1617, Test MAPE: 11.2672, Test R: 0.7514, Test RRSE: 0.7813
2025-02-10 15:20:56,067:INFO:Checkpoint saved at best_0.0008_0.001_256_SAGE_2_32_0.7514_epoch_85.pth
2025-02-10 15:21:10,341:INFO:Epoch 86: Train Loss: 73.7337, Train Node Loss: 0.8956, Train Reg Loss: 0.7284, Train MAPE: 11.3136, Train R: 0.7967, Train RRSE: 0.6201, Test Loss: 129.8329, Test Node Loss: 0.6893, Test Reg Loss: 1.2914, Test MAPE: 11.5587, Test R: 0.7519, Test RRSE: 0.8238
2025-02-10 15:21:10,382:INFO:Checkpoint saved at best_0.0008_0.001_256_SAGE_2_32_0.7519_epoch_86.pth
2025-02-10 15:21:24,714:INFO:Epoch 87: Train Loss: 73.4057, Train Node Loss: 0.9663, Train Reg Loss: 0.7244, Train MAPE: 11.3720, Train R: 0.7950, Train RRSE: 0.6184, Test Loss: 109.3475, Test Node Loss: 0.7971, Test Reg Loss: 1.0855, Test MAPE: 11.3693, Test R: 0.7527, Test RRSE: 0.7553
2025-02-10 15:21:24,749:INFO:Checkpoint saved at best_0.0008_0.001_256_SAGE_2_32_0.7527_epoch_87.pth
2025-02-10 15:21:38,904:INFO:Epoch 88: Train Loss: 73.0166, Train Node Loss: 0.9814, Train Reg Loss: 0.7204, Train MAPE: 11.5484, Train R: 0.7957, Train RRSE: 0.6167, Test Loss: 173.8842, Test Node Loss: 0.5082, Test Reg Loss: 1.7338, Test MAPE: 12.1826, Test R: 0.7527, Test RRSE: 0.9545
2025-02-10 15:21:38,922:INFO:Checkpoint saved at best_0.0008_0.001_256_SAGE_2_32_0.7527_epoch_88.pth
2025-02-10 15:21:53,048:INFO:Epoch 89: Train Loss: 74.1072, Train Node Loss: 0.7929, Train Reg Loss: 0.7331, Train MAPE: 11.4369, Train R: 0.7903, Train RRSE: 0.6221, Test Loss: 112.2541, Test Node Loss: 0.7165, Test Reg Loss: 1.1154, Test MAPE: 11.4365, Test R: 0.7540, Test RRSE: 0.7656
2025-02-10 15:21:53,090:INFO:Checkpoint saved at best_0.0008_0.001_256_SAGE_2_32_0.7540_epoch_89.pth
2025-02-10 15:22:07,346:INFO:Epoch 90: Train Loss: 72.6169, Train Node Loss: 0.9269, Train Reg Loss: 0.7169, Train MAPE: 11.5227, Train R: 0.7971, Train RRSE: 0.6152, Test Loss: 119.4878, Test Node Loss: 0.6196, Test Reg Loss: 1.1887, Test MAPE: 11.3640, Test R: 0.7544, Test RRSE: 0.7904
2025-02-10 15:22:07,381:INFO:Checkpoint saved at best_0.0008_0.001_256_SAGE_2_32_0.7544_epoch_90.pth
2025-02-10 15:22:21,544:INFO:Epoch 91: Train Loss: 70.7850, Train Node Loss: 0.7914, Train Reg Loss: 0.6999, Train MAPE: 11.4292, Train R: 0.8016, Train RRSE: 0.6079, Test Loss: 116.3417, Test Node Loss: 0.5869, Test Reg Loss: 1.1575, Test MAPE: 11.4849, Test R: 0.7557, Test RRSE: 0.7799
2025-02-10 15:22:21,580:INFO:Checkpoint saved at best_0.0008_0.001_256_SAGE_2_32_0.7557_epoch_91.pth
2025-02-10 15:22:35,824:INFO:Epoch 92: Train Loss: 70.4050, Train Node Loss: 0.7588, Train Reg Loss: 0.6965, Train MAPE: 11.4090, Train R: 0.8039, Train RRSE: 0.6064, Test Loss: 114.1627, Test Node Loss: 0.5919, Test Reg Loss: 1.1357, Test MAPE: 11.3740, Test R: 0.7566, Test RRSE: 0.7725
2025-02-10 15:22:35,852:INFO:Checkpoint saved at best_0.0008_0.001_256_SAGE_2_32_0.7566_epoch_92.pth
2025-02-10 15:22:50,109:INFO:Epoch 93: Train Loss: 67.8413, Train Node Loss: 0.8344, Train Reg Loss: 0.6701, Train MAPE: 11.5725, Train R: 0.8142, Train RRSE: 0.5948, Test Loss: 141.0928, Test Node Loss: 0.5167, Test Reg Loss: 1.4058, Test MAPE: 11.7601, Test R: 0.7560, Test RRSE: 0.8595
2025-02-10 15:23:04,480:INFO:Epoch 94: Train Loss: 72.9729, Train Node Loss: 0.7029, Train Reg Loss: 0.7227, Train MAPE: 11.3918, Train R: 0.7923, Train RRSE: 0.6177, Test Loss: 157.2241, Test Node Loss: 0.4328, Test Reg Loss: 1.5679, Test MAPE: 12.0038, Test R: 0.7559, Test RRSE: 0.9077
2025-02-10 15:23:18,782:INFO:Epoch 95: Train Loss: 72.5099, Train Node Loss: 0.7160, Train Reg Loss: 0.7179, Train MAPE: 11.6658, Train R: 0.7919, Train RRSE: 0.6156, Test Loss: 118.1850, Test Node Loss: 0.5397, Test Reg Loss: 1.1765, Test MAPE: 11.5703, Test R: 0.7566, Test RRSE: 0.7863
2025-02-10 15:23:18,815:INFO:Checkpoint saved at best_0.0008_0.001_256_SAGE_2_32_0.7566_epoch_95.pth
2025-02-10 15:23:33,006:INFO:Epoch 96: Train Loss: 73.5222, Train Node Loss: 0.6359, Train Reg Loss: 0.7289, Train MAPE: 11.5641, Train R: 0.7895, Train RRSE: 0.6203, Test Loss: 119.2276, Test Node Loss: 0.4454, Test Reg Loss: 1.1878, Test MAPE: 11.4492, Test R: 0.7588, Test RRSE: 0.7901
2025-02-10 15:23:33,026:INFO:Checkpoint saved at best_0.0008_0.001_256_SAGE_2_32_0.7588_epoch_96.pth
2025-02-10 15:23:47,196:INFO:Epoch 97: Train Loss: 68.7468, Train Node Loss: 0.6418, Train Reg Loss: 0.6811, Train MAPE: 11.5804, Train R: 0.8070, Train RRSE: 0.5996, Test Loss: 108.8557, Test Node Loss: 0.4627, Test Reg Loss: 1.0839, Test MAPE: 11.3423, Test R: 0.7597, Test RRSE: 0.7547
2025-02-10 15:23:47,229:INFO:Checkpoint saved at best_0.0008_0.001_256_SAGE_2_32_0.7597_epoch_97.pth
2025-02-10 15:24:01,525:INFO:Epoch 98: Train Loss: 68.7728, Train Node Loss: 0.6138, Train Reg Loss: 0.6816, Train MAPE: 11.5567, Train R: 0.8065, Train RRSE: 0.5999, Test Loss: 135.5881, Test Node Loss: 0.3911, Test Reg Loss: 1.3520, Test MAPE: 11.7683, Test R: 0.7596, Test RRSE: 0.8429
2025-02-10 15:24:15,945:INFO:Epoch 99: Train Loss: 65.8859, Train Node Loss: 0.5604, Train Reg Loss: 0.6533, Train MAPE: 11.6149, Train R: 0.8151, Train RRSE: 0.5873, Test Loss: 114.5442, Test Node Loss: 0.4543, Test Reg Loss: 1.1409, Test MAPE: 11.7257, Test R: 0.7598, Test RRSE: 0.7743
2025-02-10 15:24:15,969:INFO:Checkpoint saved at best_0.0008_0.001_256_SAGE_2_32_0.7598_epoch_99.pth
2025-02-10 15:24:30,239:INFO:Epoch 100: Train Loss: 71.2250, Train Node Loss: 0.6573, Train Reg Loss: 0.7057, Train MAPE: 11.6471, Train R: 0.8019, Train RRSE: 0.6104, Test Loss: 154.1737, Test Node Loss: 0.3446, Test Reg Loss: 1.5383, Test MAPE: 12.0475, Test R: 0.7607, Test RRSE: 0.8991
2025-02-10 15:24:30,282:INFO:Checkpoint saved at best_0.0008_0.001_256_SAGE_2_32_0.7607_epoch_100.pth
2025-02-10 15:24:44,624:INFO:Epoch 101: Train Loss: 69.4058, Train Node Loss: 0.4591, Train Reg Loss: 0.6895, Train MAPE: 11.4029, Train R: 0.8128, Train RRSE: 0.6033, Test Loss: 126.5754, Test Node Loss: 0.3481, Test Reg Loss: 1.2623, Test MAPE: 11.6893, Test R: 0.7624, Test RRSE: 0.8145
2025-02-10 15:24:44,659:INFO:Checkpoint saved at best_0.0008_0.001_256_SAGE_2_32_0.7624_epoch_101.pth
2025-02-10 15:24:58,968:INFO:Epoch 102: Train Loss: 66.3582, Train Node Loss: 0.5753, Train Reg Loss: 0.6578, Train MAPE: 11.7117, Train R: 0.8164, Train RRSE: 0.5893, Test Loss: 116.9370, Test Node Loss: 0.3711, Test Reg Loss: 1.1657, Test MAPE: 11.7430, Test R: 0.7628, Test RRSE: 0.7827
2025-02-10 15:24:58,989:INFO:Checkpoint saved at best_0.0008_0.001_256_SAGE_2_32_0.7628_epoch_102.pth
2025-02-10 15:25:13,308:INFO:Epoch 103: Train Loss: 66.4718, Train Node Loss: 0.4985, Train Reg Loss: 0.6597, Train MAPE: 11.6299, Train R: 0.8121, Train RRSE: 0.5902, Test Loss: 134.1605, Test Node Loss: 0.3107, Test Reg Loss: 1.3385, Test MAPE: 11.9683, Test R: 0.7629, Test RRSE: 0.8387
2025-02-10 15:25:13,339:INFO:Checkpoint saved at best_0.0008_0.001_256_SAGE_2_32_0.7629_epoch_103.pth
2025-02-10 15:25:27,275:INFO:Epoch 104: Train Loss: 66.9103, Train Node Loss: 0.4668, Train Reg Loss: 0.6644, Train MAPE: 11.5676, Train R: 0.8115, Train RRSE: 0.5923, Test Loss: 132.7339, Test Node Loss: 0.2930, Test Reg Loss: 1.3244, Test MAPE: 11.9318, Test R: 0.7633, Test RRSE: 0.8343
2025-02-10 15:25:27,304:INFO:Checkpoint saved at best_0.0008_0.001_256_SAGE_2_32_0.7633_epoch_104.pth
2025-02-10 15:25:41,630:INFO:Epoch 105: Train Loss: 70.6818, Train Node Loss: 0.4560, Train Reg Loss: 0.7023, Train MAPE: 11.6028, Train R: 0.7985, Train RRSE: 0.6089, Test Loss: 99.6869, Test Node Loss: 0.4005, Test Reg Loss: 0.9929, Test MAPE: 11.3832, Test R: 0.7633, Test RRSE: 0.7223
2025-02-10 15:25:41,653:INFO:Checkpoint saved at best_0.0008_0.001_256_SAGE_2_32_0.7633_epoch_105.pth
2025-02-10 15:25:56,029:INFO:Epoch 106: Train Loss: 66.2663, Train Node Loss: 0.5539, Train Reg Loss: 0.6571, Train MAPE: 11.9467, Train R: 0.8201, Train RRSE: 0.5890, Test Loss: 173.0046, Test Node Loss: 0.2557, Test Reg Loss: 1.7275, Test MAPE: 12.4769, Test R: 0.7637, Test RRSE: 0.9528
2025-02-10 15:25:56,049:INFO:Checkpoint saved at best_0.0008_0.001_256_SAGE_2_32_0.7637_epoch_106.pth
2025-02-10 15:26:10,257:INFO:Epoch 107: Train Loss: 73.7388, Train Node Loss: 0.3616, Train Reg Loss: 0.7338, Train MAPE: 11.5684, Train R: 0.7958, Train RRSE: 0.6224, Test Loss: 111.5401, Test Node Loss: 0.2886, Test Reg Loss: 1.1125, Test MAPE: 11.6513, Test R: 0.7646, Test RRSE: 0.7646
2025-02-10 15:26:10,285:INFO:Checkpoint saved at best_0.0008_0.001_256_SAGE_2_32_0.7646_epoch_107.pth
2025-02-10 15:26:24,585:INFO:Epoch 108: Train Loss: 68.9902, Train Node Loss: 0.4746, Train Reg Loss: 0.6852, Train MAPE: 11.7246, Train R: 0.8071, Train RRSE: 0.6014, Test Loss: 94.5610, Test Node Loss: 0.3228, Test Reg Loss: 0.9424, Test MAPE: 11.2661, Test R: 0.7662, Test RRSE: 0.7037
2025-02-10 15:26:24,612:INFO:Checkpoint saved at best_0.0008_0.001_256_SAGE_2_32_0.7662_epoch_108.pth
2025-02-10 15:26:38,802:INFO:Epoch 109: Train Loss: 63.3648, Train Node Loss: 0.3842, Train Reg Loss: 0.6298, Train MAPE: 11.6991, Train R: 0.8217, Train RRSE: 0.5766, Test Loss: 141.6346, Test Node Loss: 0.2097, Test Reg Loss: 1.4142, Test MAPE: 11.9486, Test R: 0.7657, Test RRSE: 0.8621
2025-02-10 15:26:52,881:INFO:Epoch 110: Train Loss: 61.4773, Train Node Loss: 0.3400, Train Reg Loss: 0.6114, Train MAPE: 11.6954, Train R: 0.8290, Train RRSE: 0.5681, Test Loss: 115.4662, Test Node Loss: 0.2450, Test Reg Loss: 1.1522, Test MAPE: 11.7433, Test R: 0.7659, Test RRSE: 0.7781
2025-02-10 15:27:07,364:INFO:Epoch 111: Train Loss: 69.8124, Train Node Loss: 0.4028, Train Reg Loss: 0.6941, Train MAPE: 11.7624, Train R: 0.8037, Train RRSE: 0.6053, Test Loss: 161.3240, Test Node Loss: 0.1992, Test Reg Loss: 1.6112, Test MAPE: 12.3702, Test R: 0.7666, Test RRSE: 0.9202
2025-02-10 15:27:07,397:INFO:Checkpoint saved at best_0.0008_0.001_256_SAGE_2_32_0.7666_epoch_111.pth
2025-02-10 15:27:21,505:INFO:Epoch 112: Train Loss: 69.2551, Train Node Loss: 0.3009, Train Reg Loss: 0.6895, Train MAPE: 11.6655, Train R: 0.8056, Train RRSE: 0.6033, Test Loss: 134.4657, Test Node Loss: 0.1916, Test Reg Loss: 1.3427, Test MAPE: 12.0748, Test R: 0.7658, Test RRSE: 0.8400
2025-02-10 15:27:35,755:INFO:Epoch 113: Train Loss: 67.9827, Train Node Loss: 0.3716, Train Reg Loss: 0.6761, Train MAPE: 11.9930, Train R: 0.8165, Train RRSE: 0.5974, Test Loss: 132.0536, Test Node Loss: 0.1772, Test Reg Loss: 1.3188, Test MAPE: 11.9325, Test R: 0.7676, Test RRSE: 0.8325
2025-02-10 15:27:35,783:INFO:Checkpoint saved at best_0.0008_0.001_256_SAGE_2_32_0.7676_epoch_113.pth
2025-02-10 15:27:49,961:INFO:Epoch 114: Train Loss: 66.0092, Train Node Loss: 0.2570, Train Reg Loss: 0.6575, Train MAPE: 11.5710, Train R: 0.8158, Train RRSE: 0.5892, Test Loss: 173.5070, Test Node Loss: 0.1336, Test Reg Loss: 1.7337, Test MAPE: 12.5320, Test R: 0.7662, Test RRSE: 0.9545
2025-02-10 15:28:04,152:INFO:Epoch 115: Train Loss: 61.5398, Train Node Loss: 0.2820, Train Reg Loss: 0.6126, Train MAPE: 11.8999, Train R: 0.8246, Train RRSE: 0.5687, Test Loss: 93.8909, Test Node Loss: 0.2015, Test Reg Loss: 0.9369, Test MAPE: 11.6818, Test R: 0.7677, Test RRSE: 0.7017
2025-02-10 15:28:04,182:INFO:Checkpoint saved at best_0.0008_0.001_256_SAGE_2_32_0.7677_epoch_115.pth
2025-02-10 15:28:18,274:INFO:Epoch 116: Train Loss: 65.4886, Train Node Loss: 0.2690, Train Reg Loss: 0.6522, Train MAPE: 11.8909, Train R: 0.8124, Train RRSE: 0.5868, Test Loss: 179.2930, Test Node Loss: 0.1244, Test Reg Loss: 1.7917, Test MAPE: 12.5545, Test R: 0.7696, Test RRSE: 0.9703
2025-02-10 15:28:18,294:INFO:Checkpoint saved at best_0.0008_0.001_256_SAGE_2_32_0.7696_epoch_116.pth
2025-02-10 15:28:32,359:INFO:Epoch 117: Train Loss: 66.0184, Train Node Loss: 0.2150, Train Reg Loss: 0.6580, Train MAPE: 11.6652, Train R: 0.8127, Train RRSE: 0.5894, Test Loss: 137.5212, Test Node Loss: 0.1270, Test Reg Loss: 1.3739, Test MAPE: 11.9392, Test R: 0.7703, Test RRSE: 0.8497
2025-02-10 15:28:32,383:INFO:Checkpoint saved at best_0.0008_0.001_256_SAGE_2_32_0.7703_epoch_117.pth
2025-02-10 15:28:46,485:INFO:Epoch 118: Train Loss: 66.1325, Train Node Loss: 0.2370, Train Reg Loss: 0.6590, Train MAPE: 11.8270, Train R: 0.8110, Train RRSE: 0.5898, Test Loss: 142.4151, Test Node Loss: 0.1233, Test Reg Loss: 1.4229, Test MAPE: 12.1499, Test R: 0.7686, Test RRSE: 0.8647
2025-02-10 15:29:00,759:INFO:Epoch 119: Train Loss: 61.2831, Train Node Loss: 0.2281, Train Reg Loss: 0.6106, Train MAPE: 11.8648, Train R: 0.8254, Train RRSE: 0.5677, Test Loss: 184.7700, Test Node Loss: 0.1192, Test Reg Loss: 1.8465, Test MAPE: 12.7382, Test R: 0.7667, Test RRSE: 0.9851
2025-02-10 15:29:14,857:INFO:Epoch 120: Train Loss: 67.3468, Train Node Loss: 0.2209, Train Reg Loss: 0.6713, Train MAPE: 11.7800, Train R: 0.8047, Train RRSE: 0.5953, Test Loss: 141.1647, Test Node Loss: 0.1172, Test Reg Loss: 1.4105, Test MAPE: 12.2589, Test R: 0.7686, Test RRSE: 0.8609
2025-02-10 15:29:29,098:INFO:Epoch 121: Train Loss: 64.5200, Train Node Loss: 0.2117, Train Reg Loss: 0.6431, Train MAPE: 11.8198, Train R: 0.8165, Train RRSE: 0.5827, Test Loss: 132.7764, Test Node Loss: 0.1053, Test Reg Loss: 1.3267, Test MAPE: 12.0652, Test R: 0.7696, Test RRSE: 0.8350
2025-02-10 15:29:43,282:INFO:Epoch 122: Train Loss: 65.8424, Train Node Loss: 0.2151, Train Reg Loss: 0.6563, Train MAPE: 11.8165, Train R: 0.8106, Train RRSE: 0.5886, Test Loss: 124.4225, Test Node Loss: 0.1203, Test Reg Loss: 1.2430, Test MAPE: 11.9089, Test R: 0.7697, Test RRSE: 0.8082
2025-02-10 15:29:57,244:INFO:Epoch 123: Train Loss: 58.2545, Train Node Loss: 0.2166, Train Reg Loss: 0.5804, Train MAPE: 11.8916, Train R: 0.8352, Train RRSE: 0.5535, Test Loss: 126.3367, Test Node Loss: 0.1230, Test Reg Loss: 1.2621, Test MAPE: 11.9462, Test R: 0.7700, Test RRSE: 0.8144
2025-02-10 15:30:11,360:INFO:Epoch 124: Train Loss: 60.2860, Train Node Loss: 0.2186, Train Reg Loss: 0.6007, Train MAPE: 11.8827, Train R: 0.8297, Train RRSE: 0.5631, Test Loss: 146.2899, Test Node Loss: 0.1117, Test Reg Loss: 1.4618, Test MAPE: 12.1104, Test R: 0.7707, Test RRSE: 0.8765
2025-02-10 15:30:11,382:INFO:Checkpoint saved at best_0.0008_0.001_256_SAGE_2_32_0.7707_epoch_124.pth
2025-02-10 15:30:25,671:INFO:Epoch 125: Train Loss: 59.6956, Train Node Loss: 0.1916, Train Reg Loss: 0.5950, Train MAPE: 11.8397, Train R: 0.8324, Train RRSE: 0.5605, Test Loss: 133.3819, Test Node Loss: 0.1099, Test Reg Loss: 1.3327, Test MAPE: 12.0569, Test R: 0.7700, Test RRSE: 0.8369
2025-02-10 15:30:39,778:INFO:Epoch 126: Train Loss: 60.9384, Train Node Loss: 0.1940, Train Reg Loss: 0.6074, Train MAPE: 11.8327, Train R: 0.8278, Train RRSE: 0.5663, Test Loss: 140.3440, Test Node Loss: 0.1011, Test Reg Loss: 1.4024, Test MAPE: 12.0716, Test R: 0.7698, Test RRSE: 0.8585
2025-02-10 15:30:53,999:INFO:Epoch 127: Train Loss: 62.0367, Train Node Loss: 0.1896, Train Reg Loss: 0.6185, Train MAPE: 11.9565, Train R: 0.8232, Train RRSE: 0.5714, Test Loss: 159.2281, Test Node Loss: 0.0850, Test Reg Loss: 1.5914, Test MAPE: 12.4970, Test R: 0.7696, Test RRSE: 0.9145
2025-02-10 15:31:08,065:INFO:Epoch 128: Train Loss: 68.8186, Train Node Loss: 0.1572, Train Reg Loss: 0.6866, Train MAPE: 11.8111, Train R: 0.8038, Train RRSE: 0.6021, Test Loss: 111.1580, Test Node Loss: 0.0902, Test Reg Loss: 1.1107, Test MAPE: 11.9673, Test R: 0.7700, Test RRSE: 0.7640
2025-02-10 15:31:22,238:INFO:Epoch 129: Train Loss: 64.8435, Train Node Loss: 0.1737, Train Reg Loss: 0.6467, Train MAPE: 11.9214, Train R: 0.8154, Train RRSE: 0.5843, Test Loss: 107.9498, Test Node Loss: 0.0896, Test Reg Loss: 1.0786, Test MAPE: 11.5757, Test R: 0.7729, Test RRSE: 0.7529
2025-02-10 15:31:22,287:INFO:Checkpoint saved at best_0.0008_0.001_256_SAGE_2_32_0.7729_epoch_129.pth
2025-02-10 15:31:36,309:INFO:Epoch 130: Train Loss: 62.2091, Train Node Loss: 0.1622, Train Reg Loss: 0.6205, Train MAPE: 11.8914, Train R: 0.8224, Train RRSE: 0.5723, Test Loss: 160.8535, Test Node Loss: 0.0743, Test Reg Loss: 1.6078, Test MAPE: 12.6058, Test R: 0.7719, Test RRSE: 0.9192
2025-02-10 15:31:50,316:INFO:Epoch 131: Train Loss: 65.5727, Train Node Loss: 0.1422, Train Reg Loss: 0.6543, Train MAPE: 11.7897, Train R: 0.8132, Train RRSE: 0.5877, Test Loss: 88.0353, Test Node Loss: 0.0907, Test Reg Loss: 0.8794, Test MAPE: 11.6348, Test R: 0.7737, Test RRSE: 0.6798
2025-02-10 15:31:50,349:INFO:Checkpoint saved at best_0.0008_0.001_256_SAGE_2_32_0.7737_epoch_131.pth
2025-02-10 15:32:04,271:INFO:Epoch 132: Train Loss: 61.6611, Train Node Loss: 0.1660, Train Reg Loss: 0.6150, Train MAPE: 11.9553, Train R: 0.8276, Train RRSE: 0.5698, Test Loss: 128.1809, Test Node Loss: 0.0751, Test Reg Loss: 1.2811, Test MAPE: 12.1810, Test R: 0.7723, Test RRSE: 0.8205
2025-02-10 15:32:18,303:INFO:Epoch 133: Train Loss: 60.0666, Train Node Loss: 0.1441, Train Reg Loss: 0.5992, Train MAPE: 11.8962, Train R: 0.8287, Train RRSE: 0.5624, Test Loss: 146.9750, Test Node Loss: 0.0696, Test Reg Loss: 1.4691, Test MAPE: 12.4184, Test R: 0.7728, Test RRSE: 0.8786
2025-02-10 15:32:32,363:INFO:Epoch 134: Train Loss: 58.0668, Train Node Loss: 0.1393, Train Reg Loss: 0.5793, Train MAPE: 11.8234, Train R: 0.8397, Train RRSE: 0.5530, Test Loss: 121.0082, Test Node Loss: 0.0761, Test Reg Loss: 1.2093, Test MAPE: 12.0249, Test R: 0.7737, Test RRSE: 0.7972
2025-02-10 15:32:46,309:INFO:Epoch 135: Train Loss: 65.6269, Train Node Loss: 0.1585, Train Reg Loss: 0.6547, Train MAPE: 11.9708, Train R: 0.8171, Train RRSE: 0.5879, Test Loss: 153.2903, Test Node Loss: 0.0671, Test Reg Loss: 1.5322, Test MAPE: 12.5035, Test R: 0.7724, Test RRSE: 0.8973
2025-02-10 15:33:00,285:INFO:Epoch 136: Train Loss: 59.5601, Train Node Loss: 0.1200, Train Reg Loss: 0.5944, Train MAPE: 11.8285, Train R: 0.8336, Train RRSE: 0.5602, Test Loss: 162.9729, Test Node Loss: 0.0534, Test Reg Loss: 1.6292, Test MAPE: 12.6697, Test R: 0.7740, Test RRSE: 0.9253
2025-02-10 15:33:00,306:INFO:Checkpoint saved at best_0.0008_0.001_256_SAGE_2_32_0.7740_epoch_136.pth
2025-02-10 15:33:14,471:INFO:Epoch 137: Train Loss: 64.6461, Train Node Loss: 0.1202, Train Reg Loss: 0.6453, Train MAPE: 11.6224, Train R: 0.8145, Train RRSE: 0.5836, Test Loss: 94.4630, Test Node Loss: 0.0639, Test Reg Loss: 0.9440, Test MAPE: 11.7178, Test R: 0.7733, Test RRSE: 0.7043
2025-02-10 15:33:28,425:INFO:Epoch 138: Train Loss: 62.3726, Train Node Loss: 0.1302, Train Reg Loss: 0.6224, Train MAPE: 12.0378, Train R: 0.8235, Train RRSE: 0.5732, Test Loss: 188.6056, Test Node Loss: 0.0577, Test Reg Loss: 1.8855, Test MAPE: 13.0001, Test R: 0.7727, Test RRSE: 0.9954
2025-02-10 15:33:42,510:INFO:Epoch 139: Train Loss: 72.6580, Train Node Loss: 0.1147, Train Reg Loss: 0.7254, Train MAPE: 11.6877, Train R: 0.7945, Train RRSE: 0.6188, Test Loss: 88.0695, Test Node Loss: 0.0573, Test Reg Loss: 0.8801, Test MAPE: 11.7222, Test R: 0.7748, Test RRSE: 0.6801
2025-02-10 15:33:42,532:INFO:Checkpoint saved at best_0.0008_0.001_256_SAGE_2_32_0.7748_epoch_139.pth
2025-02-10 15:33:56,502:INFO:Epoch 140: Train Loss: 58.7769, Train Node Loss: 0.1101, Train Reg Loss: 0.5867, Train MAPE: 12.0021, Train R: 0.8358, Train RRSE: 0.5565, Test Loss: 113.6626, Test Node Loss: 0.0506, Test Reg Loss: 1.1361, Test MAPE: 11.7119, Test R: 0.7748, Test RRSE: 0.7727
2025-02-10 15:33:56,528:INFO:Checkpoint saved at best_0.0008_0.001_256_SAGE_2_32_0.7748_epoch_140.pth
2025-02-10 15:34:10,478:INFO:Epoch 141: Train Loss: 66.2872, Train Node Loss: 0.1027, Train Reg Loss: 0.6618, Train MAPE: 11.9094, Train R: 0.8079, Train RRSE: 0.5911, Test Loss: 147.0831, Test Node Loss: 0.0487, Test Reg Loss: 1.4703, Test MAPE: 12.4113, Test R: 0.7725, Test RRSE: 0.8790
2025-02-10 15:34:24,445:INFO:Epoch 142: Train Loss: 58.1771, Train Node Loss: 0.1004, Train Reg Loss: 0.5808, Train MAPE: 11.8590, Train R: 0.8353, Train RRSE: 0.5537, Test Loss: 168.3584, Test Node Loss: 0.0445, Test Reg Loss: 1.6831, Test MAPE: 12.7292, Test R: 0.7738, Test RRSE: 0.9405
2025-02-10 15:34:38,389:INFO:Epoch 143: Train Loss: 61.2833, Train Node Loss: 0.0986, Train Reg Loss: 0.6118, Train MAPE: 11.8949, Train R: 0.8258, Train RRSE: 0.5683, Test Loss: 98.7604, Test Node Loss: 0.0536, Test Reg Loss: 0.9871, Test MAPE: 11.6982, Test R: 0.7752, Test RRSE: 0.7202
2025-02-10 15:34:38,418:INFO:Checkpoint saved at best_0.0008_0.001_256_SAGE_2_32_0.7752_epoch_143.pth
2025-02-10 15:34:52,487:INFO:Epoch 144: Train Loss: 62.0454, Train Node Loss: 0.1146, Train Reg Loss: 0.6193, Train MAPE: 12.1022, Train R: 0.8225, Train RRSE: 0.5718, Test Loss: 214.1303, Test Node Loss: 0.0481, Test Reg Loss: 2.1408, Test MAPE: 13.4966, Test R: 0.7734, Test RRSE: 1.0607
2025-02-10 15:35:06,474:INFO:Epoch 145: Train Loss: 58.8063, Train Node Loss: 0.1003, Train Reg Loss: 0.5871, Train MAPE: 11.9405, Train R: 0.8345, Train RRSE: 0.5567, Test Loss: 132.9822, Test Node Loss: 0.0489, Test Reg Loss: 1.3293, Test MAPE: 12.2624, Test R: 0.7746, Test RRSE: 0.8358
2025-02-10 15:35:20,667:INFO:Epoch 146: Train Loss: 64.2840, Train Node Loss: 0.1123, Train Reg Loss: 0.6417, Train MAPE: 12.1256, Train R: 0.8209, Train RRSE: 0.5820, Test Loss: 118.7951, Test Node Loss: 0.0493, Test Reg Loss: 1.1875, Test MAPE: 12.1994, Test R: 0.7770, Test RRSE: 0.7900
2025-02-10 15:35:20,694:INFO:Checkpoint saved at best_0.0008_0.001_256_SAGE_2_32_0.7770_epoch_146.pth
2025-02-10 15:35:34,584:INFO:Epoch 147: Train Loss: 59.2952, Train Node Loss: 0.1021, Train Reg Loss: 0.5919, Train MAPE: 11.9753, Train R: 0.8331, Train RRSE: 0.5590, Test Loss: 167.4736, Test Node Loss: 0.0451, Test Reg Loss: 1.6743, Test MAPE: 12.7849, Test R: 0.7764, Test RRSE: 0.9380
2025-02-10 15:35:48,584:INFO:Epoch 148: Train Loss: 62.4310, Train Node Loss: 0.0968, Train Reg Loss: 0.6233, Train MAPE: 11.9600, Train R: 0.8203, Train RRSE: 0.5737, Test Loss: 112.9364, Test Node Loss: 0.0422, Test Reg Loss: 1.1289, Test MAPE: 12.0532, Test R: 0.7761, Test RRSE: 0.7702
2025-02-10 15:36:02,544:INFO:Epoch 149: Train Loss: 58.5255, Train Node Loss: 0.0869, Train Reg Loss: 0.5844, Train MAPE: 11.9859, Train R: 0.8333, Train RRSE: 0.5554, Test Loss: 222.7517, Test Node Loss: 0.0397, Test Reg Loss: 2.2271, Test MAPE: 13.6051, Test R: 0.7741, Test RRSE: 1.0818
2025-02-10 15:36:16,493:INFO:Epoch 150: Train Loss: 57.1989, Train Node Loss: 0.0862, Train Reg Loss: 0.5711, Train MAPE: 11.9887, Train R: 0.8372, Train RRSE: 0.5491, Test Loss: 149.7638, Test Node Loss: 0.0414, Test Reg Loss: 1.4972, Test MAPE: 12.5789, Test R: 0.7755, Test RRSE: 0.8870
2025-02-10 15:36:30,619:INFO:Epoch 151: Train Loss: 60.1200, Train Node Loss: 0.0876, Train Reg Loss: 0.6003, Train MAPE: 12.0476, Train R: 0.8288, Train RRSE: 0.5630, Test Loss: 182.5106, Test Node Loss: 0.0442, Test Reg Loss: 1.8247, Test MAPE: 13.0778, Test R: 0.7759, Test RRSE: 0.9792
2025-02-10 15:36:44,706:INFO:Epoch 152: Train Loss: 59.1405, Train Node Loss: 0.0923, Train Reg Loss: 0.5905, Train MAPE: 11.9116, Train R: 0.8309, Train RRSE: 0.5583, Test Loss: 122.2425, Test Node Loss: 0.0485, Test Reg Loss: 1.2219, Test MAPE: 12.2062, Test R: 0.7763, Test RRSE: 0.8013
2025-02-10 15:36:58,793:INFO:Epoch 153: Train Loss: 61.4923, Train Node Loss: 0.0987, Train Reg Loss: 0.6139, Train MAPE: 12.1092, Train R: 0.8289, Train RRSE: 0.5693, Test Loss: 215.2946, Test Node Loss: 0.0526, Test Reg Loss: 2.1524, Test MAPE: 13.5022, Test R: 0.7746, Test RRSE: 1.0635
2025-02-10 15:37:12,898:INFO:Epoch 154: Train Loss: 61.5777, Train Node Loss: 0.0943, Train Reg Loss: 0.6148, Train MAPE: 11.9795, Train R: 0.8287, Train RRSE: 0.5697, Test Loss: 148.7748, Test Node Loss: 0.0400, Test Reg Loss: 1.4873, Test MAPE: 12.4362, Test R: 0.7752, Test RRSE: 0.8841
2025-02-10 15:37:27,206:INFO:Epoch 155: Train Loss: 61.0678, Train Node Loss: 0.0814, Train Reg Loss: 0.6099, Train MAPE: 11.9040, Train R: 0.8255, Train RRSE: 0.5674, Test Loss: 165.4462, Test Node Loss: 0.0390, Test Reg Loss: 1.6541, Test MAPE: 12.7987, Test R: 0.7745, Test RRSE: 0.9323
2025-02-10 15:37:41,257:INFO:Epoch 156: Train Loss: 60.7864, Train Node Loss: 0.0757, Train Reg Loss: 0.6071, Train MAPE: 11.9972, Train R: 0.8247, Train RRSE: 0.5661, Test Loss: 104.1272, Test Node Loss: 0.0331, Test Reg Loss: 1.0409, Test MAPE: 11.7302, Test R: 0.7752, Test RRSE: 0.7396
2025-02-10 15:37:55,511:INFO:Epoch 157: Train Loss: 59.2075, Train Node Loss: 0.0712, Train Reg Loss: 0.5914, Train MAPE: 11.9802, Train R: 0.8320, Train RRSE: 0.5587, Test Loss: 215.8280, Test Node Loss: 0.0323, Test Reg Loss: 2.1580, Test MAPE: 13.5962, Test R: 0.7763, Test RRSE: 1.0649
2025-02-10 15:38:09,551:INFO:Epoch 158: Train Loss: 58.3141, Train Node Loss: 0.0709, Train Reg Loss: 0.5824, Train MAPE: 11.7727, Train R: 0.8357, Train RRSE: 0.5545, Test Loss: 137.3287, Test Node Loss: 0.0354, Test Reg Loss: 1.3729, Test MAPE: 12.4554, Test R: 0.7770, Test RRSE: 0.8494
2025-02-10 15:38:09,580:INFO:Checkpoint saved at best_0.0008_0.001_256_SAGE_2_32_0.7770_epoch_158.pth
2025-02-10 15:38:23,802:INFO:Epoch 159: Train Loss: 70.7976, Train Node Loss: 0.0792, Train Reg Loss: 0.7072, Train MAPE: 11.8804, Train R: 0.7948, Train RRSE: 0.6110, Test Loss: 76.7662, Test Node Loss: 0.0421, Test Reg Loss: 0.7672, Test MAPE: 11.9358, Test R: 0.7769, Test RRSE: 0.6350
2025-02-10 15:38:38,035:INFO:Epoch 160: Train Loss: 60.4868, Train Node Loss: 0.0814, Train Reg Loss: 0.6041, Train MAPE: 12.0914, Train R: 0.8323, Train RRSE: 0.5647, Test Loss: 118.8957, Test Node Loss: 0.0321, Test Reg Loss: 1.1886, Test MAPE: 12.1468, Test R: 0.7767, Test RRSE: 0.7903
2025-02-10 15:38:52,428:INFO:Epoch 161: Train Loss: 61.5908, Train Node Loss: 0.0691, Train Reg Loss: 0.6152, Train MAPE: 11.8102, Train R: 0.8242, Train RRSE: 0.5699, Test Loss: 121.4749, Test Node Loss: 0.0328, Test Reg Loss: 1.2144, Test MAPE: 12.2948, Test R: 0.7756, Test RRSE: 0.7989
2025-02-10 15:39:06,777:INFO:Epoch 162: Train Loss: 60.3892, Train Node Loss: 0.0720, Train Reg Loss: 0.6032, Train MAPE: 12.0999, Train R: 0.8288, Train RRSE: 0.5643, Test Loss: 143.7623, Test Node Loss: 0.0366, Test Reg Loss: 1.4373, Test MAPE: 12.4565, Test R: 0.7754, Test RRSE: 0.8691
2025-02-10 15:39:21,138:INFO:Epoch 163: Train Loss: 56.9888, Train Node Loss: 0.0751, Train Reg Loss: 0.5691, Train MAPE: 11.9682, Train R: 0.8407, Train RRSE: 0.5481, Test Loss: 168.5908, Test Node Loss: 0.0392, Test Reg Loss: 1.6855, Test MAPE: 12.8886, Test R: 0.7768, Test RRSE: 0.9411
2025-02-10 15:39:35,500:INFO:Epoch 164: Train Loss: 57.2883, Train Node Loss: 0.0757, Train Reg Loss: 0.5721, Train MAPE: 11.9830, Train R: 0.8371, Train RRSE: 0.5496, Test Loss: 125.1340, Test Node Loss: 0.0404, Test Reg Loss: 1.2509, Test MAPE: 12.4196, Test R: 0.7780, Test RRSE: 0.8108
2025-02-10 15:39:35,534:INFO:Checkpoint saved at best_0.0008_0.001_256_SAGE_2_32_0.7780_epoch_164.pth
2025-02-10 15:39:49,922:INFO:Epoch 165: Train Loss: 58.4575, Train Node Loss: 0.0903, Train Reg Loss: 0.5837, Train MAPE: 12.1209, Train R: 0.8320, Train RRSE: 0.5551, Test Loss: 157.5866, Test Node Loss: 0.0540, Test Reg Loss: 1.5753, Test MAPE: 12.7993, Test R: 0.7778, Test RRSE: 0.9099
2025-02-10 15:40:04,137:INFO:Epoch 166: Train Loss: 55.6286, Train Node Loss: 0.0875, Train Reg Loss: 0.5554, Train MAPE: 11.8900, Train R: 0.8432, Train RRSE: 0.5415, Test Loss: 162.1340, Test Node Loss: 0.0473, Test Reg Loss: 1.6209, Test MAPE: 12.7056, Test R: 0.7762, Test RRSE: 0.9229
2025-02-10 15:40:18,296:INFO:Epoch 167: Train Loss: 58.7381, Train Node Loss: 0.0969, Train Reg Loss: 0.5864, Train MAPE: 12.1032, Train R: 0.8332, Train RRSE: 0.5564, Test Loss: 199.6986, Test Node Loss: 0.0755, Test Reg Loss: 1.9962, Test MAPE: 13.4160, Test R: 0.7753, Test RRSE: 1.0242
2025-02-10 15:40:32,495:INFO:Epoch 168: Train Loss: 62.7000, Train Node Loss: 0.1297, Train Reg Loss: 0.6257, Train MAPE: 12.0034, Train R: 0.8275, Train RRSE: 0.5747, Test Loss: 111.8810, Test Node Loss: 0.0519, Test Reg Loss: 1.1183, Test MAPE: 12.2126, Test R: 0.7773, Test RRSE: 0.7666
2025-02-10 15:40:46,725:INFO:Epoch 169: Train Loss: 65.1344, Train Node Loss: 0.0828, Train Reg Loss: 0.6505, Train MAPE: 12.2660, Train R: 0.8352, Train RRSE: 0.5860, Test Loss: 118.8384, Test Node Loss: 0.0330, Test Reg Loss: 1.1881, Test MAPE: 12.0894, Test R: 0.7748, Test RRSE: 0.7901
2025-02-10 15:41:00,908:INFO:Epoch 170: Train Loss: 58.5532, Train Node Loss: 0.0579, Train Reg Loss: 0.5850, Train MAPE: 11.8849, Train R: 0.8400, Train RRSE: 0.5557, Test Loss: 165.7303, Test Node Loss: 0.0264, Test Reg Loss: 1.6570, Test MAPE: 12.9257, Test R: 0.7764, Test RRSE: 0.9332
2025-02-10 15:41:15,408:INFO:Epoch 171: Train Loss: 58.7797, Train Node Loss: 0.0573, Train Reg Loss: 0.5872, Train MAPE: 12.0547, Train R: 0.8312, Train RRSE: 0.5568, Test Loss: 117.7450, Test Node Loss: 0.0291, Test Reg Loss: 1.1772, Test MAPE: 12.2538, Test R: 0.7781, Test RRSE: 0.7865
2025-02-10 15:41:15,437:INFO:Checkpoint saved at best_0.0008_0.001_256_SAGE_2_32_0.7781_epoch_171.pth
2025-02-10 15:41:29,633:INFO:Epoch 172: Train Loss: 56.7407, Train Node Loss: 0.0583, Train Reg Loss: 0.5668, Train MAPE: 11.9128, Train R: 0.8390, Train RRSE: 0.5470, Test Loss: 180.6763, Test Node Loss: 0.0282, Test Reg Loss: 1.8065, Test MAPE: 13.0862, Test R: 0.7771, Test RRSE: 0.9743
2025-02-10 15:41:43,998:INFO:Epoch 173: Train Loss: 56.9191, Train Node Loss: 0.0618, Train Reg Loss: 0.5686, Train MAPE: 12.1718, Train R: 0.8369, Train RRSE: 0.5479, Test Loss: 160.1761, Test Node Loss: 0.0293, Test Reg Loss: 1.6015, Test MAPE: 12.8486, Test R: 0.7769, Test RRSE: 0.9174
2025-02-10 15:41:58,229:INFO:Epoch 174: Train Loss: 55.5122, Train Node Loss: 0.0610, Train Reg Loss: 0.5545, Train MAPE: 12.0293, Train R: 0.8421, Train RRSE: 0.5411, Test Loss: 175.0484, Test Node Loss: 0.0311, Test Reg Loss: 1.7502, Test MAPE: 13.0700, Test R: 0.7768, Test RRSE: 0.9590
2025-02-10 15:42:12,557:INFO:Epoch 175: Train Loss: 54.7247, Train Node Loss: 0.0625, Train Reg Loss: 0.5466, Train MAPE: 12.0322, Train R: 0.8454, Train RRSE: 0.5372, Test Loss: 134.8513, Test Node Loss: 0.0322, Test Reg Loss: 1.3482, Test MAPE: 12.1871, Test R: 0.7772, Test RRSE: 0.8417
2025-02-10 15:42:26,999:INFO:Epoch 176: Train Loss: 55.9517, Train Node Loss: 0.0641, Train Reg Loss: 0.5589, Train MAPE: 12.1590, Train R: 0.8444, Train RRSE: 0.5432, Test Loss: 157.5914, Test Node Loss: 0.0330, Test Reg Loss: 1.5756, Test MAPE: 12.6593, Test R: 0.7771, Test RRSE: 0.9099
2025-02-10 15:42:41,406:INFO:Epoch 177: Train Loss: 58.9322, Train Node Loss: 0.0654, Train Reg Loss: 0.5887, Train MAPE: 11.9045, Train R: 0.8343, Train RRSE: 0.5575, Test Loss: 166.9861, Test Node Loss: 0.0353, Test Reg Loss: 1.6695, Test MAPE: 13.0811, Test R: 0.7745, Test RRSE: 0.9367
2025-02-10 15:42:55,549:INFO:Epoch 178: Train Loss: 60.9716, Train Node Loss: 0.0591, Train Reg Loss: 0.6091, Train MAPE: 12.1820, Train R: 0.8263, Train RRSE: 0.5671, Test Loss: 131.4867, Test Node Loss: 0.0300, Test Reg Loss: 1.3146, Test MAPE: 12.4133, Test R: 0.7764, Test RRSE: 0.8312
2025-02-10 15:43:09,644:INFO:Epoch 179: Train Loss: 55.2144, Train Node Loss: 0.0559, Train Reg Loss: 0.5516, Train MAPE: 11.9044, Train R: 0.8443, Train RRSE: 0.5396, Test Loss: 126.4714, Test Node Loss: 0.0307, Test Reg Loss: 1.2644, Test MAPE: 12.4014, Test R: 0.7779, Test RRSE: 0.8151
2025-02-10 15:43:23,833:INFO:Epoch 180: Train Loss: 58.6941, Train Node Loss: 0.0552, Train Reg Loss: 0.5864, Train MAPE: 12.2477, Train R: 0.8325, Train RRSE: 0.5564, Test Loss: 162.6711, Test Node Loss: 0.0327, Test Reg Loss: 1.6264, Test MAPE: 12.8516, Test R: 0.7778, Test RRSE: 0.9245
2025-02-10 15:43:38,149:INFO:Epoch 181: Train Loss: 57.7643, Train Node Loss: 0.0609, Train Reg Loss: 0.5770, Train MAPE: 12.0638, Train R: 0.8376, Train RRSE: 0.5519, Test Loss: 119.5706, Test Node Loss: 0.0329, Test Reg Loss: 1.1954, Test MAPE: 12.3561, Test R: 0.7786, Test RRSE: 0.7926
2025-02-10 15:43:38,170:INFO:Checkpoint saved at best_0.0008_0.001_256_SAGE_2_32_0.7786_epoch_181.pth
2025-02-10 15:43:52,346:INFO:Epoch 182: Train Loss: 52.7702, Train Node Loss: 0.0634, Train Reg Loss: 0.5271, Train MAPE: 12.2430, Train R: 0.8498, Train RRSE: 0.5275, Test Loss: 136.6916, Test Node Loss: 0.0357, Test Reg Loss: 1.3666, Test MAPE: 12.3589, Test R: 0.7774, Test RRSE: 0.8474
2025-02-10 15:44:06,545:INFO:Epoch 183: Train Loss: 56.5524, Train Node Loss: 0.0614, Train Reg Loss: 0.5649, Train MAPE: 12.0084, Train R: 0.8396, Train RRSE: 0.5461, Test Loss: 132.0985, Test Node Loss: 0.0353, Test Reg Loss: 1.3206, Test MAPE: 12.4366, Test R: 0.7770, Test RRSE: 0.8331
2025-02-10 15:44:20,834:INFO:Epoch 184: Train Loss: 56.7163, Train Node Loss: 0.0666, Train Reg Loss: 0.5665, Train MAPE: 12.1679, Train R: 0.8376, Train RRSE: 0.5469, Test Loss: 174.7748, Test Node Loss: 0.0426, Test Reg Loss: 1.7473, Test MAPE: 13.1121, Test R: 0.7769, Test RRSE: 0.9582
2025-02-10 15:44:34,926:INFO:Epoch 185: Train Loss: 58.9178, Train Node Loss: 0.0721, Train Reg Loss: 0.5885, Train MAPE: 12.0523, Train R: 0.8334, Train RRSE: 0.5574, Test Loss: 183.2523, Test Node Loss: 0.0384, Test Reg Loss: 1.8321, Test MAPE: 12.9352, Test R: 0.7787, Test RRSE: 0.9812
2025-02-10 15:44:34,948:INFO:Checkpoint saved at best_0.0008_0.001_256_SAGE_2_32_0.7787_epoch_185.pth
2025-02-10 15:44:49,112:INFO:Epoch 186: Train Loss: 54.1863, Train Node Loss: 0.0689, Train Reg Loss: 0.5412, Train MAPE: 12.1544, Train R: 0.8457, Train RRSE: 0.5345, Test Loss: 138.2208, Test Node Loss: 0.0416, Test Reg Loss: 1.3818, Test MAPE: 12.5684, Test R: 0.7786, Test RRSE: 0.8521
2025-02-10 15:45:03,246:INFO:Epoch 187: Train Loss: 50.0088, Train Node Loss: 0.0721, Train Reg Loss: 0.4994, Train MAPE: 12.1906, Train R: 0.8595, Train RRSE: 0.5134, Test Loss: 144.2179, Test Node Loss: 0.0404, Test Reg Loss: 1.4418, Test MAPE: 12.3562, Test R: 0.7767, Test RRSE: 0.8704
2025-02-10 15:45:17,438:INFO:Epoch 188: Train Loss: 55.5192, Train Node Loss: 0.0735, Train Reg Loss: 0.5545, Train MAPE: 12.0506, Train R: 0.8421, Train RRSE: 0.5410, Test Loss: 169.3064, Test Node Loss: 0.0435, Test Reg Loss: 1.6926, Test MAPE: 12.9967, Test R: 0.7761, Test RRSE: 0.9431
2025-02-10 15:45:31,499:INFO:Epoch 189: Train Loss: 63.4177, Train Node Loss: 0.0779, Train Reg Loss: 0.6334, Train MAPE: 12.1380, Train R: 0.8186, Train RRSE: 0.5783, Test Loss: 241.7076, Test Node Loss: 0.0521, Test Reg Loss: 2.4166, Test MAPE: 14.0606, Test R: 0.7767, Test RRSE: 1.1269
2025-02-10 15:45:45,593:INFO:Epoch 190: Train Loss: 53.7099, Train Node Loss: 0.0894, Train Reg Loss: 0.5362, Train MAPE: 12.0569, Train R: 0.8530, Train RRSE: 0.5320, Test Loss: 132.2497, Test Node Loss: 0.0479, Test Reg Loss: 1.3220, Test MAPE: 12.5942, Test R: 0.7790, Test RRSE: 0.8335
2025-02-10 15:45:45,629:INFO:Checkpoint saved at best_0.0008_0.001_256_SAGE_2_32_0.7790_epoch_190.pth
2025-02-10 15:45:59,906:INFO:Epoch 191: Train Loss: 57.0054, Train Node Loss: 0.0791, Train Reg Loss: 0.5693, Train MAPE: 12.1353, Train R: 0.8383, Train RRSE: 0.5482, Test Loss: 217.8503, Test Node Loss: 0.0500, Test Reg Loss: 2.1780, Test MAPE: 13.7117, Test R: 0.7771, Test RRSE: 1.0698
2025-02-10 15:46:14,038:INFO:Epoch 192: Train Loss: 56.0291, Train Node Loss: 0.0794, Train Reg Loss: 0.5595, Train MAPE: 11.8398, Train R: 0.8426, Train RRSE: 0.5435, Test Loss: 119.0686, Test Node Loss: 0.0445, Test Reg Loss: 1.1902, Test MAPE: 12.4015, Test R: 0.7793, Test RRSE: 0.7909
2025-02-10 15:46:14,073:INFO:Checkpoint saved at best_0.0008_0.001_256_SAGE_2_32_0.7793_epoch_192.pth
2025-02-10 15:46:28,235:INFO:Epoch 193: Train Loss: 55.5368, Train Node Loss: 0.0903, Train Reg Loss: 0.5545, Train MAPE: 12.0698, Train R: 0.8417, Train RRSE: 0.5410, Test Loss: 239.6723, Test Node Loss: 0.0728, Test Reg Loss: 2.3960, Test MAPE: 14.0970, Test R: 0.7783, Test RRSE: 1.1221
2025-02-10 15:46:42,512:INFO:Epoch 194: Train Loss: 53.0810, Train Node Loss: 0.0979, Train Reg Loss: 0.5298, Train MAPE: 12.1720, Train R: 0.8504, Train RRSE: 0.5289, Test Loss: 175.5790, Test Node Loss: 0.0721, Test Reg Loss: 1.7551, Test MAPE: 13.1392, Test R: 0.7767, Test RRSE: 0.9604
2025-02-10 15:46:56,728:INFO:Epoch 195: Train Loss: 55.2405, Train Node Loss: 0.1100, Train Reg Loss: 0.5513, Train MAPE: 12.2035, Train R: 0.8429, Train RRSE: 0.5395, Test Loss: 153.5171, Test Node Loss: 0.0666, Test Reg Loss: 1.5345, Test MAPE: 12.9324, Test R: 0.7777, Test RRSE: 0.8980
2025-02-10 15:47:10,798:INFO:Epoch 196: Train Loss: 56.7799, Train Node Loss: 0.0944, Train Reg Loss: 0.5669, Train MAPE: 12.0789, Train R: 0.8379, Train RRSE: 0.5470, Test Loss: 149.5870, Test Node Loss: 0.0613, Test Reg Loss: 1.4953, Test MAPE: 12.8749, Test R: 0.7793, Test RRSE: 0.8864
2025-02-10 15:47:24,974:INFO:Epoch 197: Train Loss: 53.5147, Train Node Loss: 0.0915, Train Reg Loss: 0.5342, Train MAPE: 12.1304, Train R: 0.8482, Train RRSE: 0.5311, Test Loss: 132.7393, Test Node Loss: 0.0562, Test Reg Loss: 1.3268, Test MAPE: 12.3655, Test R: 0.7776, Test RRSE: 0.8350
2025-02-10 15:47:38,935:INFO:Epoch 198: Train Loss: 63.0467, Train Node Loss: 0.0823, Train Reg Loss: 0.6296, Train MAPE: 12.3783, Train R: 0.8272, Train RRSE: 0.5765, Test Loss: 141.6742, Test Node Loss: 0.0473, Test Reg Loss: 1.4163, Test MAPE: 12.6455, Test R: 0.7783, Test RRSE: 0.8627
2025-02-10 15:47:53,081:INFO:Epoch 199: Train Loss: 56.5082, Train Node Loss: 0.0825, Train Reg Loss: 0.5643, Train MAPE: 11.9570, Train R: 0.8492, Train RRSE: 0.5458, Test Loss: 209.7545, Test Node Loss: 0.0401, Test Reg Loss: 2.0971, Test MAPE: 13.3545, Test R: 0.7732, Test RRSE: 1.0498
2025-02-10 15:48:07,073:INFO:Epoch 200: Train Loss: 58.7943, Train Node Loss: 0.0635, Train Reg Loss: 0.5873, Train MAPE: 11.9225, Train R: 0.8367, Train RRSE: 0.5568, Test Loss: 200.9233, Test Node Loss: 0.0356, Test Reg Loss: 2.0089, Test MAPE: 13.4184, Test R: 0.7755, Test RRSE: 1.0275
2025-02-10 15:48:21,232:INFO:Epoch 201: Train Loss: 60.0608, Train Node Loss: 0.0597, Train Reg Loss: 0.6000, Train MAPE: 11.9174, Train R: 0.8282, Train RRSE: 0.5628, Test Loss: 157.4635, Test Node Loss: 0.0367, Test Reg Loss: 1.5743, Test MAPE: 12.9901, Test R: 0.7802, Test RRSE: 0.9096
2025-02-10 15:48:21,260:INFO:Checkpoint saved at best_0.0008_0.001_256_SAGE_2_32_0.7802_epoch_201.pth
2025-02-10 15:48:35,516:INFO:Epoch 202: Train Loss: 54.7800, Train Node Loss: 0.0661, Train Reg Loss: 0.5471, Train MAPE: 12.2255, Train R: 0.8433, Train RRSE: 0.5374, Test Loss: 127.8426, Test Node Loss: 0.0379, Test Reg Loss: 1.2780, Test MAPE: 12.4845, Test R: 0.7801, Test RRSE: 0.8195
2025-02-10 15:48:49,739:INFO:Epoch 203: Train Loss: 62.6188, Train Node Loss: 0.0683, Train Reg Loss: 0.6255, Train MAPE: 12.0487, Train R: 0.8213, Train RRSE: 0.5746, Test Loss: 93.6303, Test Node Loss: 0.0346, Test Reg Loss: 0.9360, Test MAPE: 12.0373, Test R: 0.7775, Test RRSE: 0.7013
2025-02-10 15:49:03,966:INFO:Epoch 204: Train Loss: 53.7704, Train Node Loss: 0.0674, Train Reg Loss: 0.5370, Train MAPE: 12.3170, Train R: 0.8539, Train RRSE: 0.5325, Test Loss: 132.3253, Test Node Loss: 0.0446, Test Reg Loss: 1.3228, Test MAPE: 12.3862, Test R: 0.7776, Test RRSE: 0.8338
2025-02-10 15:49:18,080:INFO:Epoch 205: Train Loss: 66.5143, Train Node Loss: 0.0831, Train Reg Loss: 0.6643, Train MAPE: 11.7150, Train R: 0.8119, Train RRSE: 0.5922, Test Loss: 201.1763, Test Node Loss: 0.0451, Test Reg Loss: 2.0113, Test MAPE: 13.3102, Test R: 0.7768, Test RRSE: 1.0281
2025-02-10 15:49:32,201:INFO:Epoch 206: Train Loss: 56.1825, Train Node Loss: 0.0607, Train Reg Loss: 0.5612, Train MAPE: 12.2734, Train R: 0.8500, Train RRSE: 0.5443, Test Loss: 155.6269, Test Node Loss: 0.0344, Test Reg Loss: 1.5559, Test MAPE: 12.8078, Test R: 0.7790, Test RRSE: 0.9042
2025-02-10 15:49:46,608:INFO:Epoch 207: Train Loss: 54.6774, Train Node Loss: 0.0586, Train Reg Loss: 0.5462, Train MAPE: 12.1315, Train R: 0.8451, Train RRSE: 0.5370, Test Loss: 176.9155, Test Node Loss: 0.0335, Test Reg Loss: 1.7688, Test MAPE: 13.1832, Test R: 0.7811, Test RRSE: 0.9641
2025-02-10 15:49:46,639:INFO:Checkpoint saved at best_0.0008_0.001_256_SAGE_2_32_0.7811_epoch_207.pth
2025-02-10 15:50:00,596:INFO:Epoch 208: Train Loss: 54.4927, Train Node Loss: 0.0585, Train Reg Loss: 0.5443, Train MAPE: 12.1814, Train R: 0.8455, Train RRSE: 0.5361, Test Loss: 180.0017, Test Node Loss: 0.0361, Test Reg Loss: 1.7997, Test MAPE: 13.2438, Test R: 0.7798, Test RRSE: 0.9725
2025-02-10 15:50:14,615:INFO:Epoch 209: Train Loss: 55.1687, Train Node Loss: 0.0656, Train Reg Loss: 0.5510, Train MAPE: 12.1694, Train R: 0.8450, Train RRSE: 0.5394, Test Loss: 195.6809, Test Node Loss: 0.0410, Test Reg Loss: 1.9564, Test MAPE: 13.4322, Test R: 0.7793, Test RRSE: 1.0140
2025-02-10 15:50:28,786:INFO:Epoch 210: Train Loss: 54.6328, Train Node Loss: 0.0643, Train Reg Loss: 0.5457, Train MAPE: 12.2217, Train R: 0.8444, Train RRSE: 0.5367, Test Loss: 132.2567, Test Node Loss: 0.0373, Test Reg Loss: 1.3222, Test MAPE: 12.5148, Test R: 0.7799, Test RRSE: 0.8336
2025-02-10 15:50:42,936:INFO:Epoch 211: Train Loss: 54.8593, Train Node Loss: 0.0696, Train Reg Loss: 0.5479, Train MAPE: 11.8533, Train R: 0.8459, Train RRSE: 0.5378, Test Loss: 184.5139, Test Node Loss: 0.0503, Test Reg Loss: 1.8446, Test MAPE: 13.2902, Test R: 0.7768, Test RRSE: 0.9846
2025-02-10 15:50:57,103:INFO:Epoch 212: Train Loss: 56.8982, Train Node Loss: 0.0800, Train Reg Loss: 0.5682, Train MAPE: 12.0755, Train R: 0.8377, Train RRSE: 0.5477, Test Loss: 130.4566, Test Node Loss: 0.0491, Test Reg Loss: 1.3041, Test MAPE: 12.6761, Test R: 0.7759, Test RRSE: 0.8278
2025-02-10 15:51:11,246:INFO:Epoch 213: Train Loss: 51.4341, Train Node Loss: 0.0730, Train Reg Loss: 0.5136, Train MAPE: 12.2888, Train R: 0.8547, Train RRSE: 0.5207, Test Loss: 208.4019, Test Node Loss: 0.0475, Test Reg Loss: 2.0835, Test MAPE: 13.5354, Test R: 0.7777, Test RRSE: 1.0464
2025-02-10 15:51:25,390:INFO:Epoch 214: Train Loss: 55.9258, Train Node Loss: 0.0873, Train Reg Loss: 0.5584, Train MAPE: 12.0124, Train R: 0.8452, Train RRSE: 0.5429, Test Loss: 141.1797, Test Node Loss: 0.0535, Test Reg Loss: 1.4113, Test MAPE: 12.8713, Test R: 0.7784, Test RRSE: 0.8612
2025-02-10 15:51:39,662:INFO:Epoch 215: Train Loss: 58.9283, Train Node Loss: 0.0684, Train Reg Loss: 0.5886, Train MAPE: 12.1686, Train R: 0.8349, Train RRSE: 0.5574, Test Loss: 151.9485, Test Node Loss: 0.0341, Test Reg Loss: 1.5191, Test MAPE: 12.7086, Test R: 0.7781, Test RRSE: 0.8935
2025-02-10 15:51:53,874:INFO:Epoch 216: Train Loss: 54.8448, Train Node Loss: 0.0561, Train Reg Loss: 0.5479, Train MAPE: 11.9695, Train R: 0.8440, Train RRSE: 0.5378, Test Loss: 209.1073, Test Node Loss: 0.0347, Test Reg Loss: 2.0907, Test MAPE: 13.6740, Test R: 0.7787, Test RRSE: 1.0482
2025-02-10 15:52:08,023:INFO:Epoch 217: Train Loss: 52.9553, Train Node Loss: 0.0628, Train Reg Loss: 0.5289, Train MAPE: 12.1273, Train R: 0.8524, Train RRSE: 0.5284, Test Loss: 184.4701, Test Node Loss: 0.0415, Test Reg Loss: 1.8443, Test MAPE: 13.2112, Test R: 0.7784, Test RRSE: 0.9845
2025-02-10 15:52:22,138:INFO:Epoch 218: Train Loss: 57.1150, Train Node Loss: 0.0607, Train Reg Loss: 0.5705, Train MAPE: 12.2063, Train R: 0.8397, Train RRSE: 0.5488, Test Loss: 191.1040, Test Node Loss: 0.0383, Test Reg Loss: 1.9107, Test MAPE: 13.3605, Test R: 0.7718, Test RRSE: 1.0020
2025-02-10 15:52:36,354:INFO:Epoch 219: Train Loss: 54.3659, Train Node Loss: 0.0640, Train Reg Loss: 0.5430, Train MAPE: 11.9783, Train R: 0.8486, Train RRSE: 0.5354, Test Loss: 108.1255, Test Node Loss: 0.0349, Test Reg Loss: 1.0809, Test MAPE: 12.4489, Test R: 0.7764, Test RRSE: 0.7537
2025-02-10 15:52:50,543:INFO:Epoch 220: Train Loss: 60.4459, Train Node Loss: 0.0595, Train Reg Loss: 0.6039, Train MAPE: 12.2699, Train R: 0.8313, Train RRSE: 0.5646, Test Loss: 232.7149, Test Node Loss: 0.0460, Test Reg Loss: 2.3267, Test MAPE: 13.9048, Test R: 0.7766, Test RRSE: 1.1058
2025-02-10 15:53:04,622:INFO:Epoch 221: Train Loss: 54.2412, Train Node Loss: 0.0736, Train Reg Loss: 0.5417, Train MAPE: 12.1648, Train R: 0.8468, Train RRSE: 0.5348, Test Loss: 113.4382, Test Node Loss: 0.0414, Test Reg Loss: 1.1340, Test MAPE: 12.5083, Test R: 0.7813, Test RRSE: 0.7720
2025-02-10 15:53:04,659:INFO:Checkpoint saved at best_0.0008_0.001_256_SAGE_2_32_0.7813_epoch_221.pth
2025-02-10 15:53:18,827:INFO:Epoch 222: Train Loss: 55.1618, Train Node Loss: 0.0656, Train Reg Loss: 0.5510, Train MAPE: 12.1591, Train R: 0.8428, Train RRSE: 0.5393, Test Loss: 116.9873, Test Node Loss: 0.0329, Test Reg Loss: 1.1695, Test MAPE: 12.2574, Test R: 0.7812, Test RRSE: 0.7840
2025-02-10 15:53:32,897:INFO:Epoch 223: Train Loss: 56.2051, Train Node Loss: 0.0605, Train Reg Loss: 0.5614, Train MAPE: 12.0565, Train R: 0.8411, Train RRSE: 0.5444, Test Loss: 226.5561, Test Node Loss: 0.0507, Test Reg Loss: 2.2651, Test MAPE: 13.9539, Test R: 0.7768, Test RRSE: 1.0910
2025-02-10 15:53:47,015:INFO:Epoch 224: Train Loss: 53.4326, Train Node Loss: 0.0766, Train Reg Loss: 0.5336, Train MAPE: 12.3098, Train R: 0.8476, Train RRSE: 0.5307, Test Loss: 139.5180, Test Node Loss: 0.0430, Test Reg Loss: 1.3947, Test MAPE: 12.8755, Test R: 0.7813, Test RRSE: 0.8561
2025-02-10 15:53:47,054:INFO:Checkpoint saved at best_0.0008_0.001_256_SAGE_2_32_0.7813_epoch_224.pth
2025-02-10 15:54:01,012:INFO:Epoch 225: Train Loss: 53.0791, Train Node Loss: 0.0585, Train Reg Loss: 0.5302, Train MAPE: 12.2254, Train R: 0.8543, Train RRSE: 0.5291, Test Loss: 274.3228, Test Node Loss: 0.0383, Test Reg Loss: 2.7428, Test MAPE: 14.3029, Test R: 0.7748, Test RRSE: 1.2006
2025-02-10 15:54:15,068:INFO:Epoch 226: Train Loss: 61.1471, Train Node Loss: 0.0622, Train Reg Loss: 0.6108, Train MAPE: 11.9652, Train R: 0.8296, Train RRSE: 0.5679, Test Loss: 143.0696, Test Node Loss: 0.0333, Test Reg Loss: 1.4304, Test MAPE: 12.8830, Test R: 0.7701, Test RRSE: 0.8670
2025-02-10 15:54:29,119:INFO:Epoch 227: Train Loss: 55.3281, Train Node Loss: 0.0588, Train Reg Loss: 0.5527, Train MAPE: 12.2371, Train R: 0.8466, Train RRSE: 0.5402, Test Loss: 237.1482, Test Node Loss: 0.0406, Test Reg Loss: 2.3711, Test MAPE: 13.9938, Test R: 0.7751, Test RRSE: 1.1163
2025-02-10 15:54:43,255:INFO:Epoch 228: Train Loss: 52.3366, Train Node Loss: 0.0644, Train Reg Loss: 0.5227, Train MAPE: 11.9261, Train R: 0.8549, Train RRSE: 0.5253, Test Loss: 109.5657, Test Node Loss: 0.0366, Test Reg Loss: 1.0953, Test MAPE: 12.3683, Test R: 0.7767, Test RRSE: 0.7587
2025-02-10 15:54:57,357:INFO:Epoch 229: Train Loss: 53.9263, Train Node Loss: 0.0679, Train Reg Loss: 0.5386, Train MAPE: 12.3012, Train R: 0.8460, Train RRSE: 0.5332, Test Loss: 161.7457, Test Node Loss: 0.0428, Test Reg Loss: 1.6170, Test MAPE: 13.1279, Test R: 0.7783, Test RRSE: 0.9218
2025-02-10 15:55:11,470:INFO:Epoch 230: Train Loss: 52.3126, Train Node Loss: 0.0653, Train Reg Loss: 0.5225, Train MAPE: 12.2442, Train R: 0.8531, Train RRSE: 0.5252, Test Loss: 245.9384, Test Node Loss: 0.0432, Test Reg Loss: 2.4590, Test MAPE: 14.1698, Test R: 0.7786, Test RRSE: 1.1368
2025-02-10 15:55:25,608:INFO:Epoch 231: Train Loss: 59.5900, Train Node Loss: 0.0734, Train Reg Loss: 0.5952, Train MAPE: 11.9754, Train R: 0.8310, Train RRSE: 0.5605, Test Loss: 96.8355, Test Node Loss: 0.0397, Test Reg Loss: 0.9680, Test MAPE: 11.9371, Test R: 0.7803, Test RRSE: 0.7132
2025-02-10 15:55:39,884:INFO:Epoch 232: Train Loss: 55.0731, Train Node Loss: 0.0761, Train Reg Loss: 0.5500, Train MAPE: 12.2422, Train R: 0.8433, Train RRSE: 0.5388, Test Loss: 183.3533, Test Node Loss: 0.0492, Test Reg Loss: 1.8330, Test MAPE: 13.3480, Test R: 0.7816, Test RRSE: 0.9815
2025-02-10 15:55:39,909:INFO:Checkpoint saved at best_0.0008_0.001_256_SAGE_2_32_0.7816_epoch_232.pth
2025-02-10 15:55:53,964:INFO:Epoch 233: Train Loss: 56.5115, Train Node Loss: 0.0731, Train Reg Loss: 0.5644, Train MAPE: 12.0740, Train R: 0.8385, Train RRSE: 0.5458, Test Loss: 212.0152, Test Node Loss: 0.0513, Test Reg Loss: 2.1196, Test MAPE: 13.7867, Test R: 0.7764, Test RRSE: 1.0554
2025-02-10 15:56:08,123:INFO:Epoch 234: Train Loss: 53.5747, Train Node Loss: 0.0806, Train Reg Loss: 0.5349, Train MAPE: 12.1437, Train R: 0.8474, Train RRSE: 0.5314, Test Loss: 152.5576, Test Node Loss: 0.0547, Test Reg Loss: 1.5250, Test MAPE: 13.0130, Test R: 0.7782, Test RRSE: 0.8952
2025-02-10 15:56:22,543:INFO:Epoch 235: Train Loss: 51.9223, Train Node Loss: 0.0853, Train Reg Loss: 0.5184, Train MAPE: 12.3349, Train R: 0.8552, Train RRSE: 0.5231, Test Loss: 204.6129, Test Node Loss: 0.0699, Test Reg Loss: 2.0454, Test MAPE: 13.4444, Test R: 0.7774, Test RRSE: 1.0368
2025-02-10 15:56:36,671:INFO:Epoch 236: Train Loss: 55.8920, Train Node Loss: 0.0939, Train Reg Loss: 0.5580, Train MAPE: 11.9696, Train R: 0.8434, Train RRSE: 0.5427, Test Loss: 166.8407, Test Node Loss: 0.0622, Test Reg Loss: 1.6678, Test MAPE: 13.0731, Test R: 0.7790, Test RRSE: 0.9362
2025-02-10 15:56:51,160:INFO:Epoch 237: Train Loss: 57.6912, Train Node Loss: 0.0797, Train Reg Loss: 0.5761, Train MAPE: 12.2633, Train R: 0.8386, Train RRSE: 0.5515, Test Loss: 207.8525, Test Node Loss: 0.0655, Test Reg Loss: 2.0779, Test MAPE: 13.5334, Test R: 0.7790, Test RRSE: 1.0450
2025-02-10 15:57:05,276:INFO:Epoch 238: Train Loss: 60.0537, Train Node Loss: 0.1066, Train Reg Loss: 0.5995, Train MAPE: 11.8394, Train R: 0.8339, Train RRSE: 0.5626, Test Loss: 107.7740, Test Node Loss: 0.0508, Test Reg Loss: 1.0772, Test MAPE: 12.4005, Test R: 0.7785, Test RRSE: 0.7524
2025-02-10 15:57:19,721:INFO:Epoch 239: Train Loss: 55.7013, Train Node Loss: 0.0805, Train Reg Loss: 0.5562, Train MAPE: 12.1058, Train R: 0.8464, Train RRSE: 0.5419, Test Loss: 209.8801, Test Node Loss: 0.0506, Test Reg Loss: 2.0983, Test MAPE: 13.7282, Test R: 0.7784, Test RRSE: 1.0501
2025-02-10 15:57:34,005:INFO:Epoch 240: Train Loss: 57.4467, Train Node Loss: 0.0757, Train Reg Loss: 0.5737, Train MAPE: 11.9853, Train R: 0.8380, Train RRSE: 0.5503, Test Loss: 138.0660, Test Node Loss: 0.0396, Test Reg Loss: 1.3803, Test MAPE: 12.4502, Test R: 0.7767, Test RRSE: 0.8517
2025-02-10 15:57:48,303:INFO:Epoch 241: Train Loss: 51.8938, Train Node Loss: 0.0718, Train Reg Loss: 0.5182, Train MAPE: 12.1197, Train R: 0.8527, Train RRSE: 0.5230, Test Loss: 193.7731, Test Node Loss: 0.0494, Test Reg Loss: 1.9372, Test MAPE: 13.5707, Test R: 0.7787, Test RRSE: 1.0090
2025-02-10 15:58:02,560:INFO:Epoch 242: Train Loss: 56.9658, Train Node Loss: 0.0870, Train Reg Loss: 0.5688, Train MAPE: 12.1879, Train R: 0.8365, Train RRSE: 0.5480, Test Loss: 126.3013, Test Node Loss: 0.0493, Test Reg Loss: 1.2625, Test MAPE: 12.6787, Test R: 0.7767, Test RRSE: 0.8145
2025-02-10 15:58:16,808:INFO:Epoch 243: Train Loss: 50.6526, Train Node Loss: 0.0812, Train Reg Loss: 0.5057, Train MAPE: 12.1736, Train R: 0.8568, Train RRSE: 0.5167, Test Loss: 204.6362, Test Node Loss: 0.0458, Test Reg Loss: 2.0459, Test MAPE: 13.6133, Test R: 0.7758, Test RRSE: 1.0369
2025-02-10 15:58:30,817:INFO:Epoch 244: Train Loss: 49.0491, Train Node Loss: 0.0728, Train Reg Loss: 0.4898, Train MAPE: 12.1088, Train R: 0.8621, Train RRSE: 0.5085, Test Loss: 110.8763, Test Node Loss: 0.0428, Test Reg Loss: 1.1083, Test MAPE: 12.3602, Test R: 0.7798, Test RRSE: 0.7632
2025-02-10 15:58:44,897:INFO:Epoch 245: Train Loss: 52.7724, Train Node Loss: 0.0901, Train Reg Loss: 0.5268, Train MAPE: 12.2049, Train R: 0.8506, Train RRSE: 0.5274, Test Loss: 274.5211, Test Node Loss: 0.0777, Test Reg Loss: 2.7444, Test MAPE: 14.7712, Test R: 0.7800, Test RRSE: 1.2009
2025-02-10 15:58:58,958:INFO:Epoch 246: Train Loss: 53.0781, Train Node Loss: 0.0880, Train Reg Loss: 0.5299, Train MAPE: 12.1741, Train R: 0.8492, Train RRSE: 0.5289, Test Loss: 213.0822, Test Node Loss: 0.0504, Test Reg Loss: 2.1303, Test MAPE: 13.8362, Test R: 0.7758, Test RRSE: 1.0581
2025-02-10 15:59:13,204:INFO:Epoch 247: Train Loss: 46.6812, Train Node Loss: 0.0775, Train Reg Loss: 0.4660, Train MAPE: 12.2140, Train R: 0.8702, Train RRSE: 0.4960, Test Loss: 169.7156, Test Node Loss: 0.0476, Test Reg Loss: 1.6967, Test MAPE: 13.1200, Test R: 0.7739, Test RRSE: 0.9443
2025-02-10 15:59:27,380:INFO:Epoch 248: Train Loss: 53.2458, Train Node Loss: 0.0752, Train Reg Loss: 0.5317, Train MAPE: 12.3112, Train R: 0.8512, Train RRSE: 0.5298, Test Loss: 210.4142, Test Node Loss: 0.0570, Test Reg Loss: 2.1036, Test MAPE: 13.6472, Test R: 0.7773, Test RRSE: 1.0514
2025-02-10 15:59:41,779:INFO:Epoch 249: Train Loss: 55.1880, Train Node Loss: 0.0758, Train Reg Loss: 0.5511, Train MAPE: 12.1144, Train R: 0.8473, Train RRSE: 0.5394, Test Loss: 88.9592, Test Node Loss: 0.0306, Test Reg Loss: 0.8893, Test MAPE: 12.1363, Test R: 0.7769, Test RRSE: 0.6836
2025-02-10 15:59:55,950:INFO:Epoch 250: Train Loss: 57.1914, Train Node Loss: 0.0574, Train Reg Loss: 0.5713, Train MAPE: 12.2438, Train R: 0.8386, Train RRSE: 0.5492, Test Loss: 185.9159, Test Node Loss: 0.0417, Test Reg Loss: 1.8587, Test MAPE: 13.4080, Test R: 0.7797, Test RRSE: 0.9883
2025-02-10 16:00:10,043:INFO:Epoch 251: Train Loss: 48.6282, Train Node Loss: 0.0709, Train Reg Loss: 0.4856, Train MAPE: 12.1592, Train R: 0.8631, Train RRSE: 0.5063, Test Loss: 164.3121, Test Node Loss: 0.0496, Test Reg Loss: 1.6426, Test MAPE: 13.0237, Test R: 0.7801, Test RRSE: 0.9291
2025-02-10 16:00:24,171:INFO:Epoch 252: Train Loss: 49.6003, Train Node Loss: 0.0804, Train Reg Loss: 0.4952, Train MAPE: 12.1400, Train R: 0.8621, Train RRSE: 0.5113, Test Loss: 198.4849, Test Node Loss: 0.0631, Test Reg Loss: 1.9842, Test MAPE: 13.6323, Test R: 0.7770, Test RRSE: 1.0211
2025-02-10 16:00:38,455:INFO:Epoch 253: Train Loss: 51.7691, Train Node Loss: 0.0917, Train Reg Loss: 0.5168, Train MAPE: 12.3327, Train R: 0.8538, Train RRSE: 0.5223, Test Loss: 219.1667, Test Node Loss: 0.0550, Test Reg Loss: 2.1911, Test MAPE: 13.9521, Test R: 0.7776, Test RRSE: 1.0731
2025-02-10 16:00:52,636:INFO:Epoch 254: Train Loss: 51.6434, Train Node Loss: 0.0815, Train Reg Loss: 0.5156, Train MAPE: 12.2466, Train R: 0.8547, Train RRSE: 0.5217, Test Loss: 217.7126, Test Node Loss: 0.0555, Test Reg Loss: 2.1766, Test MAPE: 14.0361, Test R: 0.7772, Test RRSE: 1.0695
2025-02-10 16:01:06,735:INFO:Epoch 255: Train Loss: 53.8865, Train Node Loss: 0.0814, Train Reg Loss: 0.5381, Train MAPE: 12.1511, Train R: 0.8505, Train RRSE: 0.5330, Test Loss: 143.5196, Test Node Loss: 0.0417, Test Reg Loss: 1.4348, Test MAPE: 12.7737, Test R: 0.7795, Test RRSE: 0.8683
2025-02-10 16:01:20,870:INFO:Epoch 256: Train Loss: 51.1553, Train Node Loss: 0.0652, Train Reg Loss: 0.5109, Train MAPE: 12.1738, Train R: 0.8554, Train RRSE: 0.5193, Test Loss: 154.3736, Test Node Loss: 0.0441, Test Reg Loss: 1.5433, Test MAPE: 13.0228, Test R: 0.7795, Test RRSE: 0.9006
2025-02-10 16:01:35,196:INFO:Epoch 257: Train Loss: 47.6364, Train Node Loss: 0.0749, Train Reg Loss: 0.4756, Train MAPE: 12.1943, Train R: 0.8663, Train RRSE: 0.5011, Test Loss: 167.8487, Test Node Loss: 0.0528, Test Reg Loss: 1.6780, Test MAPE: 12.9920, Test R: 0.7765, Test RRSE: 0.9390
2025-02-10 16:01:49,252:INFO:Epoch 258: Train Loss: 53.7178, Train Node Loss: 0.0814, Train Reg Loss: 0.5364, Train MAPE: 12.3030, Train R: 0.8470, Train RRSE: 0.5321, Test Loss: 256.7093, Test Node Loss: 0.0623, Test Reg Loss: 2.5665, Test MAPE: 14.5348, Test R: 0.7777, Test RRSE: 1.1613
2025-02-10 16:02:03,616:INFO:Epoch 259: Train Loss: 52.6831, Train Node Loss: 0.0788, Train Reg Loss: 0.5260, Train MAPE: 12.0708, Train R: 0.8508, Train RRSE: 0.5270, Test Loss: 160.0067, Test Node Loss: 0.0478, Test Reg Loss: 1.5996, Test MAPE: 13.1120, Test R: 0.7776, Test RRSE: 0.9168
2025-02-10 16:02:17,991:INFO:Epoch 260: Train Loss: 52.7836, Train Node Loss: 0.0804, Train Reg Loss: 0.5270, Train MAPE: 12.2619, Train R: 0.8518, Train RRSE: 0.5275, Test Loss: 372.1810, Test Node Loss: 0.0843, Test Reg Loss: 3.7210, Test MAPE: 16.1003, Test R: 0.7747, Test RRSE: 1.3984
2025-02-10 16:02:32,247:INFO:Epoch 261: Train Loss: 54.0672, Train Node Loss: 0.0983, Train Reg Loss: 0.5397, Train MAPE: 12.1664, Train R: 0.8552, Train RRSE: 0.5338, Test Loss: 84.7806, Test Node Loss: 0.0352, Test Reg Loss: 0.8475, Test MAPE: 12.3048, Test R: 0.7738, Test RRSE: 0.6673
2025-02-10 16:02:46,387:INFO:Epoch 262: Train Loss: 57.3011, Train Node Loss: 0.0637, Train Reg Loss: 0.5724, Train MAPE: 12.3476, Train R: 0.8390, Train RRSE: 0.5497, Test Loss: 292.6522, Test Node Loss: 0.0514, Test Reg Loss: 2.9260, Test MAPE: 14.9465, Test R: 0.7780, Test RRSE: 1.2400
2025-02-10 16:03:00,601:INFO:Epoch 263: Train Loss: 54.1202, Train Node Loss: 0.0691, Train Reg Loss: 0.5405, Train MAPE: 12.0591, Train R: 0.8464, Train RRSE: 0.5342, Test Loss: 244.0345, Test Node Loss: 0.0510, Test Reg Loss: 2.4398, Test MAPE: 14.2298, Test R: 0.7748, Test RRSE: 1.1323
2025-02-10 16:03:14,740:INFO:Epoch 264: Train Loss: 51.1925, Train Node Loss: 0.0770, Train Reg Loss: 0.5112, Train MAPE: 12.1608, Train R: 0.8548, Train RRSE: 0.5195, Test Loss: 300.5207, Test Node Loss: 0.0568, Test Reg Loss: 3.0046, Test MAPE: 15.3019, Test R: 0.7760, Test RRSE: 1.2566
2025-02-10 16:03:29,142:INFO:Epoch 265: Train Loss: 56.1301, Train Node Loss: 0.0631, Train Reg Loss: 0.5607, Train MAPE: 12.2195, Train R: 0.8391, Train RRSE: 0.5440, Test Loss: 148.8695, Test Node Loss: 0.0311, Test Reg Loss: 1.4884, Test MAPE: 12.8568, Test R: 0.7765, Test RRSE: 0.8844
2025-02-10 16:03:43,308:INFO:Epoch 266: Train Loss: 54.0163, Train Node Loss: 0.0530, Train Reg Loss: 0.5396, Train MAPE: 12.0309, Train R: 0.8471, Train RRSE: 0.5337, Test Loss: 253.9224, Test Node Loss: 0.0422, Test Reg Loss: 2.5388, Test MAPE: 14.3346, Test R: 0.7776, Test RRSE: 1.1551
2025-02-10 16:03:57,373:INFO:Epoch 267: Train Loss: 58.3174, Train Node Loss: 0.0690, Train Reg Loss: 0.5825, Train MAPE: 12.2147, Train R: 0.8338, Train RRSE: 0.5545, Test Loss: 146.4143, Test Node Loss: 0.0543, Test Reg Loss: 1.4636, Test MAPE: 12.8606, Test R: 0.7771, Test RRSE: 0.8770
2025-02-10 16:04:11,547:INFO:Epoch 268: Train Loss: 50.8472, Train Node Loss: 0.1027, Train Reg Loss: 0.5074, Train MAPE: 12.1514, Train R: 0.8609, Train RRSE: 0.5176, Test Loss: 239.4990, Test Node Loss: 0.0588, Test Reg Loss: 2.3944, Test MAPE: 14.1513, Test R: 0.7802, Test RRSE: 1.1217
2025-02-10 16:04:25,889:INFO:Epoch 269: Train Loss: 49.8987, Train Node Loss: 0.0700, Train Reg Loss: 0.4983, Train MAPE: 12.1526, Train R: 0.8612, Train RRSE: 0.5129, Test Loss: 149.3024, Test Node Loss: 0.0417, Test Reg Loss: 1.4926, Test MAPE: 12.7896, Test R: 0.7774, Test RRSE: 0.8857
2025-02-10 16:04:39,966:INFO:Epoch 270: Train Loss: 56.4325, Train Node Loss: 0.0797, Train Reg Loss: 0.5635, Train MAPE: 12.2895, Train R: 0.8398, Train RRSE: 0.5454, Test Loss: 240.4067, Test Node Loss: 0.0544, Test Reg Loss: 2.4035, Test MAPE: 14.2132, Test R: 0.7783, Test RRSE: 1.1239
2025-02-10 16:04:54,082:INFO:Epoch 271: Train Loss: 50.4912, Train Node Loss: 0.0726, Train Reg Loss: 0.5042, Train MAPE: 12.2787, Train R: 0.8600, Train RRSE: 0.5159, Test Loss: 185.6187, Test Node Loss: 0.0485, Test Reg Loss: 1.8557, Test MAPE: 13.3019, Test R: 0.7766, Test RRSE: 0.9875
2025-02-10 16:05:08,052:INFO:Epoch 272: Train Loss: 48.7780, Train Node Loss: 0.0777, Train Reg Loss: 0.4870, Train MAPE: 12.1232, Train R: 0.8636, Train RRSE: 0.5070, Test Loss: 155.8390, Test Node Loss: 0.0499, Test Reg Loss: 1.5579, Test MAPE: 12.9607, Test R: 0.7747, Test RRSE: 0.9048
2025-02-10 16:05:22,103:INFO:Epoch 273: Train Loss: 50.9183, Train Node Loss: 0.0764, Train Reg Loss: 0.5084, Train MAPE: 12.3439, Train R: 0.8563, Train RRSE: 0.5181, Test Loss: 278.0482, Test Node Loss: 0.0595, Test Reg Loss: 2.7799, Test MAPE: 14.6700, Test R: 0.7774, Test RRSE: 1.2087
2025-02-10 16:05:36,257:INFO:Epoch 274: Train Loss: 53.9101, Train Node Loss: 0.0799, Train Reg Loss: 0.5383, Train MAPE: 12.1085, Train R: 0.8483, Train RRSE: 0.5331, Test Loss: 137.5573, Test Node Loss: 0.0396, Test Reg Loss: 1.3752, Test MAPE: 12.8299, Test R: 0.7785, Test RRSE: 0.8501
2025-02-10 16:05:50,362:INFO:Epoch 275: Train Loss: 51.8379, Train Node Loss: 0.0626, Train Reg Loss: 0.5178, Train MAPE: 12.1850, Train R: 0.8541, Train RRSE: 0.5228, Test Loss: 164.8136, Test Node Loss: 0.0412, Test Reg Loss: 1.6477, Test MAPE: 13.2090, Test R: 0.7762, Test RRSE: 0.9305
2025-02-10 16:06:04,574:INFO:Epoch 276: Train Loss: 48.5351, Train Node Loss: 0.0723, Train Reg Loss: 0.4846, Train MAPE: 12.1641, Train R: 0.8637, Train RRSE: 0.5058, Test Loss: 204.0135, Test Node Loss: 0.0485, Test Reg Loss: 2.0396, Test MAPE: 13.7155, Test R: 0.7763, Test RRSE: 1.0353
2025-02-10 16:06:18,544:INFO:Epoch 277: Train Loss: 52.8728, Train Node Loss: 0.0762, Train Reg Loss: 0.5280, Train MAPE: 12.2305, Train R: 0.8494, Train RRSE: 0.5279, Test Loss: 282.3535, Test Node Loss: 0.0665, Test Reg Loss: 2.8229, Test MAPE: 14.9196, Test R: 0.7772, Test RRSE: 1.2180
2025-02-10 16:06:32,597:INFO:Epoch 278: Train Loss: 52.8944, Train Node Loss: 0.0780, Train Reg Loss: 0.5282, Train MAPE: 12.2283, Train R: 0.8496, Train RRSE: 0.5280, Test Loss: 116.9733, Test Node Loss: 0.0491, Test Reg Loss: 1.1692, Test MAPE: 12.3904, Test R: 0.7775, Test RRSE: 0.7839
2025-02-10 16:06:46,797:INFO:Epoch 279: Train Loss: 51.8697, Train Node Loss: 0.1209, Train Reg Loss: 0.5175, Train MAPE: 12.2007, Train R: 0.8570, Train RRSE: 0.5227, Test Loss: 281.8119, Test Node Loss: 0.0766, Test Reg Loss: 2.8174, Test MAPE: 14.8444, Test R: 0.7757, Test RRSE: 1.2168
2025-02-10 16:07:00,945:INFO:Epoch 280: Train Loss: 61.3673, Train Node Loss: 0.0569, Train Reg Loss: 0.6131, Train MAPE: 12.4104, Train R: 0.8366, Train RRSE: 0.5689, Test Loss: 362.7193, Test Node Loss: 0.0327, Test Reg Loss: 3.6269, Test MAPE: 15.9280, Test R: 0.7756, Test RRSE: 1.3806
2025-02-10 16:07:15,189:INFO:Epoch 281: Train Loss: 69.9764, Train Node Loss: 0.0432, Train Reg Loss: 0.6993, Train MAPE: 11.6616, Train R: 0.8207, Train RRSE: 0.6076, Test Loss: 100.2247, Test Node Loss: 0.0242, Test Reg Loss: 1.0020, Test MAPE: 12.2368, Test R: 0.7776, Test RRSE: 0.7256
2025-02-10 16:07:29,347:INFO:Epoch 282: Train Loss: 62.9207, Train Node Loss: 0.0548, Train Reg Loss: 0.6287, Train MAPE: 12.4961, Train R: 0.8318, Train RRSE: 0.5761, Test Loss: 211.8015, Test Node Loss: 0.0396, Test Reg Loss: 2.1176, Test MAPE: 13.8246, Test R: 0.7800, Test RRSE: 1.0549
2025-02-10 16:07:43,542:INFO:Epoch 283: Train Loss: 51.6988, Train Node Loss: 0.0684, Train Reg Loss: 0.5163, Train MAPE: 11.9196, Train R: 0.8603, Train RRSE: 0.5221, Test Loss: 201.3952, Test Node Loss: 0.0388, Test Reg Loss: 2.0136, Test MAPE: 13.5170, Test R: 0.7737, Test RRSE: 1.0287
2025-02-10 16:07:57,651:INFO:Epoch 284: Train Loss: 53.4880, Train Node Loss: 0.0609, Train Reg Loss: 0.5343, Train MAPE: 12.3517, Train R: 0.8511, Train RRSE: 0.5311, Test Loss: 161.1098, Test Node Loss: 0.0412, Test Reg Loss: 1.6107, Test MAPE: 13.1858, Test R: 0.7749, Test RRSE: 0.9200
2025-02-10 16:08:11,842:INFO:Epoch 285: Train Loss: 57.7995, Train Node Loss: 0.0719, Train Reg Loss: 0.5773, Train MAPE: 12.0189, Train R: 0.8385, Train RRSE: 0.5520, Test Loss: 186.1483, Test Node Loss: 0.0496, Test Reg Loss: 1.8610, Test MAPE: 13.2877, Test R: 0.7745, Test RRSE: 0.9889
2025-02-10 16:08:25,915:INFO:Epoch 286: Train Loss: 53.4626, Train Node Loss: 0.0831, Train Reg Loss: 0.5338, Train MAPE: 11.9893, Train R: 0.8492, Train RRSE: 0.5308, Test Loss: 115.0319, Test Node Loss: 0.0521, Test Reg Loss: 1.1498, Test MAPE: 12.5337, Test R: 0.7728, Test RRSE: 0.7773
2025-02-10 16:08:39,999:INFO:Epoch 287: Train Loss: 53.5035, Train Node Loss: 0.0902, Train Reg Loss: 0.5341, Train MAPE: 12.2909, Train R: 0.8481, Train RRSE: 0.5310, Test Loss: 224.7625, Test Node Loss: 0.0709, Test Reg Loss: 2.2469, Test MAPE: 14.0039, Test R: 0.7782, Test RRSE: 1.0866
2025-02-10 16:08:54,173:INFO:Epoch 288: Train Loss: 53.8042, Train Node Loss: 0.0977, Train Reg Loss: 0.5371, Train MAPE: 11.9081, Train R: 0.8511, Train RRSE: 0.5325, Test Loss: 143.0122, Test Node Loss: 0.0460, Test Reg Loss: 1.4297, Test MAPE: 12.7968, Test R: 0.7754, Test RRSE: 0.8668
2025-02-10 16:09:08,219:INFO:Epoch 289: Train Loss: 61.4963, Train Node Loss: 0.0701, Train Reg Loss: 0.6143, Train MAPE: 12.3807, Train R: 0.8338, Train RRSE: 0.5695, Test Loss: 279.2528, Test Node Loss: 0.0671, Test Reg Loss: 2.7919, Test MAPE: 14.7636, Test R: 0.7770, Test RRSE: 1.2113
2025-02-10 16:09:22,446:INFO:Epoch 290: Train Loss: 50.5531, Train Node Loss: 0.0957, Train Reg Loss: 0.5046, Train MAPE: 12.0784, Train R: 0.8615, Train RRSE: 0.5161, Test Loss: 120.1167, Test Node Loss: 0.0484, Test Reg Loss: 1.2007, Test MAPE: 12.5632, Test R: 0.7759, Test RRSE: 0.7943
2025-02-10 16:09:36,587:INFO:Epoch 291: Train Loss: 50.4907, Train Node Loss: 0.0792, Train Reg Loss: 0.5041, Train MAPE: 12.3178, Train R: 0.8617, Train RRSE: 0.5159, Test Loss: 216.6842, Test Node Loss: 0.0590, Test Reg Loss: 2.1663, Test MAPE: 13.8587, Test R: 0.7776, Test RRSE: 1.0670
2025-02-10 16:09:50,770:INFO:Epoch 292: Train Loss: 49.6849, Train Node Loss: 0.0891, Train Reg Loss: 0.4960, Train MAPE: 12.1925, Train R: 0.8613, Train RRSE: 0.5117, Test Loss: 178.7406, Test Node Loss: 0.0499, Test Reg Loss: 1.7869, Test MAPE: 13.4463, Test R: 0.7774, Test RRSE: 0.9690
2025-02-10 16:10:05,059:INFO:Epoch 293: Train Loss: 51.0054, Train Node Loss: 0.0624, Train Reg Loss: 0.5094, Train MAPE: 12.2214, Train R: 0.8561, Train RRSE: 0.5186, Test Loss: 245.3702, Test Node Loss: 0.0466, Test Reg Loss: 2.4532, Test MAPE: 14.2042, Test R: 0.7758, Test RRSE: 1.1354
2025-02-10 16:10:19,270:INFO:Epoch 294: Train Loss: 51.7193, Train Node Loss: 0.0731, Train Reg Loss: 0.5165, Train MAPE: 12.0719, Train R: 0.8541, Train RRSE: 0.5222, Test Loss: 275.0632, Test Node Loss: 0.0721, Test Reg Loss: 2.7499, Test MAPE: 14.9051, Test R: 0.7787, Test RRSE: 1.2021
2025-02-10 16:10:33,503:INFO:Epoch 295: Train Loss: 48.2496, Train Node Loss: 0.0868, Train Reg Loss: 0.4816, Train MAPE: 12.1558, Train R: 0.8659, Train RRSE: 0.5042, Test Loss: 155.0195, Test Node Loss: 0.0449, Test Reg Loss: 1.5497, Test MAPE: 13.0313, Test R: 0.7750, Test RRSE: 0.9024
2025-02-10 16:10:47,799:INFO:Epoch 296: Train Loss: 52.4537, Train Node Loss: 0.0651, Train Reg Loss: 0.5239, Train MAPE: 12.2706, Train R: 0.8511, Train RRSE: 0.5259, Test Loss: 186.4732, Test Node Loss: 0.0463, Test Reg Loss: 1.8643, Test MAPE: 13.3498, Test R: 0.7737, Test RRSE: 0.9898
2025-02-10 16:11:02,079:INFO:Epoch 297: Train Loss: 49.1828, Train Node Loss: 0.0802, Train Reg Loss: 0.4910, Train MAPE: 12.3876, Train R: 0.8610, Train RRSE: 0.5091, Test Loss: 238.6536, Test Node Loss: 0.0680, Test Reg Loss: 2.3859, Test MAPE: 14.2622, Test R: 0.7769, Test RRSE: 1.1197
2025-02-10 16:11:16,250:INFO:Epoch 298: Train Loss: 52.1695, Train Node Loss: 0.1030, Train Reg Loss: 0.5207, Train MAPE: 12.2215, Train R: 0.8520, Train RRSE: 0.5243, Test Loss: 130.0278, Test Node Loss: 0.0554, Test Reg Loss: 1.2997, Test MAPE: 12.6808, Test R: 0.7740, Test RRSE: 0.8265
2025-02-10 16:11:30,430:INFO:Epoch 299: Train Loss: 48.9966, Train Node Loss: 0.1065, Train Reg Loss: 0.4889, Train MAPE: 12.3085, Train R: 0.8621, Train RRSE: 0.5080, Test Loss: 203.8323, Test Node Loss: 0.0662, Test Reg Loss: 2.0377, Test MAPE: 13.7491, Test R: 0.7782, Test RRSE: 1.0348
2025-02-10 16:11:44,615:INFO:Epoch 300: Train Loss: 51.8919, Train Node Loss: 0.0848, Train Reg Loss: 0.5181, Train MAPE: 12.0713, Train R: 0.8531, Train RRSE: 0.5230, Test Loss: 153.2615, Test Node Loss: 0.0462, Test Reg Loss: 1.5322, Test MAPE: 12.9017, Test R: 0.7797, Test RRSE: 0.8973
2025-02-10 16:11:44,616:INFO:Best performance at epoch 232 with Test MAPE: 0.7816
