2025-02-10 14:55:49,599:INFO:Learning rate: 0.001
2025-02-10 14:55:49,600:INFO:Weight decay: 0.001
2025-02-10 14:55:49,600:INFO:Batch size: 32
2025-02-10 14:55:49,600:INFO:Number of layers: 3
2025-02-10 14:55:49,600:INFO:Convolution type: SAGE
2025-02-10 14:55:49,600:INFO:Convolution neurons: 256
2025-02-10 15:00:52,063:INFO:Learning rate: 0.001
2025-02-10 15:00:52,069:INFO:Weight decay: 0.001
2025-02-10 15:00:52,069:INFO:Batch size: 32
2025-02-10 15:00:52,069:INFO:Number of layers: 3
2025-02-10 15:00:52,069:INFO:Convolution type: SAGE
2025-02-10 15:00:52,069:INFO:Convolution neurons: 256
2025-02-10 15:01:14,810:INFO:Epoch 1: Train Loss: 10745.4182, Train Node Loss: 44.9130, Train Reg Loss: 107.0051, Train MAPE: 85.3707, Train R: -0.0125, Train RRSE: 7.5160, Test Loss: 4762.9827, Test Node Loss: 384.0123, Test Reg Loss: 43.7897, Test MAPE: 52.6427, Test R: 0.6395, Test RRSE: 4.7971
2025-02-10 15:01:14,858:INFO:Checkpoint saved at best_0.001_0.001_256_SAGE_3_32_0.6395_epoch_1.pth
2025-02-10 15:01:36,453:INFO:Epoch 2: Train Loss: 2159.2723, Train Node Loss: 1048.9316, Train Reg Loss: 11.1034, Train MAPE: 24.4650, Train R: -0.0039, Train RRSE: 2.4211, Test Loss: 1044.0089, Test Node Loss: 376.2094, Test Reg Loss: 6.6780, Test MAPE: 17.7646, Test R: 0.6495, Test RRSE: 1.8733
2025-02-10 15:01:36,479:INFO:Checkpoint saved at best_0.001_0.001_256_SAGE_3_32_0.6495_epoch_2.pth
2025-02-10 15:01:57,698:INFO:Epoch 3: Train Loss: 807.9444, Train Node Loss: 207.8632, Train Reg Loss: 6.0008, Train MAPE: 16.6002, Train R: 0.1251, Train RRSE: 1.7799, Test Loss: 1002.8837, Test Node Loss: 130.3815, Test Reg Loss: 8.7250, Test MAPE: 20.9563, Test R: 0.6752, Test RRSE: 2.1413
2025-02-10 15:01:57,726:INFO:Checkpoint saved at best_0.001_0.001_256_SAGE_3_32_0.6752_epoch_3.pth
2025-02-10 15:02:19,128:INFO:Epoch 4: Train Loss: 431.9282, Train Node Loss: 191.6851, Train Reg Loss: 2.4024, Train MAPE: 11.8681, Train R: 0.1433, Train RRSE: 1.1262, Test Loss: 401.1918, Test Node Loss: 212.4632, Test Reg Loss: 1.8873, Test MAPE: 11.1010, Test R: 0.6714, Test RRSE: 0.9959
2025-02-10 15:02:40,543:INFO:Epoch 5: Train Loss: 300.5149, Train Node Loss: 126.6329, Train Reg Loss: 1.7388, Train MAPE: 10.2989, Train R: 0.3226, Train RRSE: 0.9581, Test Loss: 405.3708, Test Node Loss: 74.3488, Test Reg Loss: 3.3102, Test MAPE: 12.7228, Test R: 0.6682, Test RRSE: 1.3189
2025-02-10 15:03:02,208:INFO:Epoch 6: Train Loss: 260.3752, Train Node Loss: 72.4766, Train Reg Loss: 1.8790, Train MAPE: 10.2892, Train R: 0.4234, Train RRSE: 0.9960, Test Loss: 232.1732, Test Node Loss: 81.1679, Test Reg Loss: 1.5101, Test MAPE: 9.5528, Test R: 0.6698, Test RRSE: 0.8908
2025-02-10 15:03:23,572:INFO:Epoch 7: Train Loss: 220.1084, Train Node Loss: 75.0677, Train Reg Loss: 1.4504, Train MAPE: 10.1232, Train R: 0.6306, Train RRSE: 0.8750, Test Loss: 237.1324, Test Node Loss: 56.5155, Test Reg Loss: 1.8062, Test MAPE: 10.1172, Test R: 0.6696, Test RRSE: 0.9743
2025-02-10 15:03:44,922:INFO:Epoch 8: Train Loss: 205.6543, Train Node Loss: 46.9335, Train Reg Loss: 1.5872, Train MAPE: 9.9764, Train R: 0.5776, Train RRSE: 0.9154, Test Loss: 238.7763, Test Node Loss: 42.7573, Test Reg Loss: 1.9602, Test MAPE: 10.3959, Test R: 0.6683, Test RRSE: 1.0149
2025-02-10 15:04:06,329:INFO:Epoch 9: Train Loss: 185.8754, Train Node Loss: 45.7177, Train Reg Loss: 1.4016, Train MAPE: 9.9428, Train R: 0.6037, Train RRSE: 0.8602, Test Loss: 194.0943, Test Node Loss: 41.6527, Test Reg Loss: 1.5244, Test MAPE: 9.6768, Test R: 0.6667, Test RRSE: 0.8950
2025-02-10 15:04:27,972:INFO:Epoch 10: Train Loss: 183.3682, Train Node Loss: 35.9746, Train Reg Loss: 1.4739, Train MAPE: 10.0512, Train R: 0.5357, Train RRSE: 0.8821, Test Loss: 232.4951, Test Node Loss: 29.2125, Test Reg Loss: 2.0328, Test MAPE: 10.7076, Test R: 0.6626, Test RRSE: 1.0336
2025-02-10 15:04:49,397:INFO:Epoch 11: Train Loss: 170.1773, Train Node Loss: 31.8575, Train Reg Loss: 1.3832, Train MAPE: 10.0341, Train R: 0.5929, Train RRSE: 0.8545, Test Loss: 190.4664, Test Node Loss: 29.0169, Test Reg Loss: 1.6145, Test MAPE: 10.0167, Test R: 0.6576, Test RRSE: 0.9211
2025-02-10 15:05:10,944:INFO:Epoch 12: Train Loss: 167.5459, Train Node Loss: 26.7506, Train Reg Loss: 1.4080, Train MAPE: 10.1884, Train R: 0.5545, Train RRSE: 0.8621, Test Loss: 201.0670, Test Node Loss: 23.1170, Test Reg Loss: 1.7795, Test MAPE: 10.4404, Test R: 0.6530, Test RRSE: 0.9670
2025-02-10 15:05:32,267:INFO:Epoch 13: Train Loss: 154.6288, Train Node Loss: 23.3200, Train Reg Loss: 1.3131, Train MAPE: 10.1189, Train R: 0.6135, Train RRSE: 0.8326, Test Loss: 194.6418, Test Node Loss: 20.2277, Test Reg Loss: 1.7441, Test MAPE: 10.4573, Test R: 0.6509, Test RRSE: 0.9574
2025-02-10 15:05:53,784:INFO:Epoch 14: Train Loss: 146.2488, Train Node Loss: 20.7755, Train Reg Loss: 1.2547, Train MAPE: 10.1984, Train R: 0.6304, Train RRSE: 0.8139, Test Loss: 180.0640, Test Node Loss: 18.6575, Test Reg Loss: 1.6141, Test MAPE: 10.2357, Test R: 0.6506, Test RRSE: 0.9210
2025-02-10 15:06:14,995:INFO:Epoch 15: Train Loss: 141.5100, Train Node Loss: 18.0850, Train Reg Loss: 1.2342, Train MAPE: 10.3342, Train R: 0.6286, Train RRSE: 0.8072, Test Loss: 202.8045, Test Node Loss: 14.7994, Test Reg Loss: 1.8801, Test MAPE: 10.9169, Test R: 0.6490, Test RRSE: 0.9940
2025-02-10 15:06:36,375:INFO:Epoch 16: Train Loss: 137.1625, Train Node Loss: 16.0090, Train Reg Loss: 1.2115, Train MAPE: 10.4538, Train R: 0.6269, Train RRSE: 0.7997, Test Loss: 172.0801, Test Node Loss: 14.9449, Test Reg Loss: 1.5714, Test MAPE: 10.5120, Test R: 0.6484, Test RRSE: 0.9087
2025-02-10 15:06:57,863:INFO:Epoch 17: Train Loss: 132.3459, Train Node Loss: 14.5640, Train Reg Loss: 1.1778, Train MAPE: 10.6425, Train R: 0.6328, Train RRSE: 0.7885, Test Loss: 213.5185, Test Node Loss: 11.3110, Test Reg Loss: 2.0221, Test MAPE: 11.4306, Test R: 0.6485, Test RRSE: 1.0308
2025-02-10 15:07:19,367:INFO:Epoch 18: Train Loss: 131.3425, Train Node Loss: 12.0843, Train Reg Loss: 1.1926, Train MAPE: 10.6093, Train R: 0.6261, Train RRSE: 0.7935, Test Loss: 179.6853, Test Node Loss: 11.2197, Test Reg Loss: 1.6847, Test MAPE: 11.0357, Test R: 0.6553, Test RRSE: 0.9409
2025-02-10 15:07:40,505:INFO:Epoch 19: Train Loss: 119.7450, Train Node Loss: 11.7644, Train Reg Loss: 1.0798, Train MAPE: 10.8013, Train R: 0.6759, Train RRSE: 0.7550, Test Loss: 203.3075, Test Node Loss: 9.0862, Test Reg Loss: 1.9422, Test MAPE: 11.4584, Test R: 0.6647, Test RRSE: 1.0103
2025-02-10 15:08:01,702:INFO:Epoch 20: Train Loss: 118.5158, Train Node Loss: 10.2352, Train Reg Loss: 1.0828, Train MAPE: 10.8195, Train R: 0.6707, Train RRSE: 0.7561, Test Loss: 224.7060, Test Node Loss: 7.6267, Test Reg Loss: 2.1708, Test MAPE: 11.7853, Test R: 0.6738, Test RRSE: 1.0681
2025-02-10 15:08:22,954:INFO:Epoch 21: Train Loss: 121.1332, Train Node Loss: 8.0314, Train Reg Loss: 1.1310, Train MAPE: 10.8448, Train R: 0.6511, Train RRSE: 0.7727, Test Loss: 185.4216, Test Node Loss: 7.5849, Test Reg Loss: 1.7784, Test MAPE: 11.3405, Test R: 0.6798, Test RRSE: 0.9667
2025-02-10 15:08:22,985:INFO:Checkpoint saved at best_0.001_0.001_256_SAGE_3_32_0.6798_epoch_21.pth
2025-02-10 15:08:44,506:INFO:Epoch 22: Train Loss: 108.3932, Train Node Loss: 8.0486, Train Reg Loss: 1.0034, Train MAPE: 10.9329, Train R: 0.6989, Train RRSE: 0.7278, Test Loss: 229.1394, Test Node Loss: 5.8200, Test Reg Loss: 2.2332, Test MAPE: 12.1520, Test R: 0.6888, Test RRSE: 1.0833
2025-02-10 15:08:44,537:INFO:Checkpoint saved at best_0.001_0.001_256_SAGE_3_32_0.6888_epoch_22.pth
2025-02-10 15:09:06,180:INFO:Epoch 23: Train Loss: 112.2640, Train Node Loss: 6.1504, Train Reg Loss: 1.0611, Train MAPE: 10.8191, Train R: 0.6829, Train RRSE: 0.7485, Test Loss: 181.3430, Test Node Loss: 5.8380, Test Reg Loss: 1.7550, Test MAPE: 11.4835, Test R: 0.7007, Test RRSE: 0.9604
2025-02-10 15:09:06,200:INFO:Checkpoint saved at best_0.001_0.001_256_SAGE_3_32_0.7007_epoch_23.pth
2025-02-10 15:09:27,836:INFO:Epoch 24: Train Loss: 104.3479, Train Node Loss: 6.5889, Train Reg Loss: 0.9776, Train MAPE: 10.9323, Train R: 0.7198, Train RRSE: 0.7184, Test Loss: 194.3524, Test Node Loss: 5.0175, Test Reg Loss: 1.8933, Test MAPE: 11.6744, Test R: 0.7085, Test RRSE: 0.9975
2025-02-10 15:09:27,871:INFO:Checkpoint saved at best_0.001_0.001_256_SAGE_3_32_0.7085_epoch_24.pth
2025-02-10 15:09:49,372:INFO:Epoch 25: Train Loss: 101.3729, Train Node Loss: 5.3185, Train Reg Loss: 0.9605, Train MAPE: 11.0005, Train R: 0.7122, Train RRSE: 0.7121, Test Loss: 177.1484, Test Node Loss: 4.7488, Test Reg Loss: 1.7240, Test MAPE: 11.5845, Test R: 0.7105, Test RRSE: 0.9518
2025-02-10 15:09:49,399:INFO:Checkpoint saved at best_0.001_0.001_256_SAGE_3_32_0.7105_epoch_25.pth
2025-02-10 15:10:10,816:INFO:Epoch 26: Train Loss: 102.4999, Train Node Loss: 5.2656, Train Reg Loss: 0.9723, Train MAPE: 11.2050, Train R: 0.7038, Train RRSE: 0.7165, Test Loss: 165.4205, Test Node Loss: 4.0917, Test Reg Loss: 1.6133, Test MAPE: 11.4354, Test R: 0.7155, Test RRSE: 0.9208
2025-02-10 15:10:10,841:INFO:Checkpoint saved at best_0.001_0.001_256_SAGE_3_32_0.7155_epoch_26.pth
2025-02-10 15:10:32,398:INFO:Epoch 27: Train Loss: 90.1190, Train Node Loss: 4.3184, Train Reg Loss: 0.8580, Train MAPE: 11.0513, Train R: 0.7565, Train RRSE: 0.6730, Test Loss: 148.2149, Test Node Loss: 3.7652, Test Reg Loss: 1.4445, Test MAPE: 11.0198, Test R: 0.7212, Test RRSE: 0.8713
2025-02-10 15:10:32,432:INFO:Checkpoint saved at best_0.001_0.001_256_SAGE_3_32_0.7212_epoch_27.pth
2025-02-10 15:10:53,898:INFO:Epoch 28: Train Loss: 90.5107, Train Node Loss: 3.9686, Train Reg Loss: 0.8654, Train MAPE: 11.1835, Train R: 0.7487, Train RRSE: 0.6759, Test Loss: 164.7003, Test Node Loss: 2.9282, Test Reg Loss: 1.6177, Test MAPE: 11.6354, Test R: 0.7233, Test RRSE: 0.9220
2025-02-10 15:10:53,923:INFO:Checkpoint saved at best_0.001_0.001_256_SAGE_3_32_0.7233_epoch_28.pth
2025-02-10 15:11:15,285:INFO:Epoch 29: Train Loss: 88.1949, Train Node Loss: 3.4027, Train Reg Loss: 0.8479, Train MAPE: 11.2022, Train R: 0.7525, Train RRSE: 0.6691, Test Loss: 141.0085, Test Node Loss: 2.9802, Test Reg Loss: 1.3803, Test MAPE: 11.3722, Test R: 0.7242, Test RRSE: 0.8517
2025-02-10 15:11:15,308:INFO:Checkpoint saved at best_0.001_0.001_256_SAGE_3_32_0.7242_epoch_29.pth
2025-02-10 15:11:36,825:INFO:Epoch 30: Train Loss: 87.0840, Train Node Loss: 3.1773, Train Reg Loss: 0.8391, Train MAPE: 11.2740, Train R: 0.7562, Train RRSE: 0.6656, Test Loss: 150.3615, Test Node Loss: 2.2252, Test Reg Loss: 1.4814, Test MAPE: 11.5486, Test R: 0.7234, Test RRSE: 0.8823
2025-02-10 15:11:57,947:INFO:Epoch 31: Train Loss: 88.9890, Train Node Loss: 2.6156, Train Reg Loss: 0.8637, Train MAPE: 11.3333, Train R: 0.7430, Train RRSE: 0.6753, Test Loss: 134.8934, Test Node Loss: 2.0184, Test Reg Loss: 1.3287, Test MAPE: 11.2178, Test R: 0.7283, Test RRSE: 0.8356
2025-02-10 15:11:57,977:INFO:Checkpoint saved at best_0.001_0.001_256_SAGE_3_32_0.7283_epoch_31.pth
2025-02-10 15:12:19,451:INFO:Epoch 32: Train Loss: 90.5994, Train Node Loss: 1.8506, Train Reg Loss: 0.8875, Train MAPE: 11.2074, Train R: 0.7435, Train RRSE: 0.6845, Test Loss: 119.2732, Test Node Loss: 1.8460, Test Reg Loss: 1.1743, Test MAPE: 11.1957, Test R: 0.7299, Test RRSE: 0.7856
2025-02-10 15:12:19,482:INFO:Checkpoint saved at best_0.001_0.001_256_SAGE_3_32_0.7299_epoch_32.pth
2025-02-10 15:12:41,367:INFO:Epoch 33: Train Loss: 82.8874, Train Node Loss: 2.0734, Train Reg Loss: 0.8081, Train MAPE: 11.2751, Train R: 0.7709, Train RRSE: 0.6532, Test Loss: 112.4327, Test Node Loss: 1.6169, Test Reg Loss: 1.1082, Test MAPE: 11.1234, Test R: 0.7308, Test RRSE: 0.7631
2025-02-10 15:12:41,403:INFO:Checkpoint saved at best_0.001_0.001_256_SAGE_3_32_0.7308_epoch_33.pth
2025-02-10 15:13:03,091:INFO:Epoch 34: Train Loss: 85.5340, Train Node Loss: 1.6215, Train Reg Loss: 0.8391, Train MAPE: 11.3037, Train R: 0.7527, Train RRSE: 0.6656, Test Loss: 112.8869, Test Node Loss: 1.3582, Test Reg Loss: 1.1153, Test MAPE: 11.0989, Test R: 0.7332, Test RRSE: 0.7656
2025-02-10 15:13:03,123:INFO:Checkpoint saved at best_0.001_0.001_256_SAGE_3_32_0.7332_epoch_34.pth
2025-02-10 15:13:24,774:INFO:Epoch 35: Train Loss: 83.6155, Train Node Loss: 1.5732, Train Reg Loss: 0.8204, Train MAPE: 11.2747, Train R: 0.7622, Train RRSE: 0.6581, Test Loss: 113.7218, Test Node Loss: 1.2584, Test Reg Loss: 1.1246, Test MAPE: 10.9974, Test R: 0.7366, Test RRSE: 0.7688
2025-02-10 15:13:24,797:INFO:Checkpoint saved at best_0.001_0.001_256_SAGE_3_32_0.7366_epoch_35.pth
2025-02-10 15:13:46,282:INFO:Epoch 36: Train Loss: 88.9550, Train Node Loss: 1.3321, Train Reg Loss: 0.8762, Train MAPE: 11.1274, Train R: 0.7420, Train RRSE: 0.6801, Test Loss: 124.0453, Test Node Loss: 1.0392, Test Reg Loss: 1.2301, Test MAPE: 11.1636, Test R: 0.7372, Test RRSE: 0.8040
2025-02-10 15:13:46,315:INFO:Checkpoint saved at best_0.001_0.001_256_SAGE_3_32_0.7372_epoch_36.pth
2025-02-10 15:14:07,877:INFO:Epoch 37: Train Loss: 81.9022, Train Node Loss: 1.4229, Train Reg Loss: 0.8048, Train MAPE: 11.3850, Train R: 0.7722, Train RRSE: 0.6518, Test Loss: 137.5798, Test Node Loss: 0.8539, Test Reg Loss: 1.3673, Test MAPE: 11.4878, Test R: 0.7377, Test RRSE: 0.8477
2025-02-10 15:14:07,909:INFO:Checkpoint saved at best_0.001_0.001_256_SAGE_3_32_0.7377_epoch_37.pth
2025-02-10 15:14:29,388:INFO:Epoch 38: Train Loss: 81.3629, Train Node Loss: 0.9746, Train Reg Loss: 0.8039, Train MAPE: 11.2356, Train R: 0.7703, Train RRSE: 0.6514, Test Loss: 149.9350, Test Node Loss: 0.6533, Test Reg Loss: 1.4928, Test MAPE: 11.6552, Test R: 0.7381, Test RRSE: 0.8857
2025-02-10 15:14:29,419:INFO:Checkpoint saved at best_0.001_0.001_256_SAGE_3_32_0.7381_epoch_38.pth
2025-02-10 15:14:50,835:INFO:Epoch 39: Train Loss: 78.5406, Train Node Loss: 1.0045, Train Reg Loss: 0.7754, Train MAPE: 11.3276, Train R: 0.7768, Train RRSE: 0.6398, Test Loss: 104.0506, Test Node Loss: 0.8800, Test Reg Loss: 1.0317, Test MAPE: 11.1146, Test R: 0.7390, Test RRSE: 0.7363
2025-02-10 15:14:50,855:INFO:Checkpoint saved at best_0.001_0.001_256_SAGE_3_32_0.7390_epoch_39.pth
2025-02-10 15:15:12,217:INFO:Epoch 40: Train Loss: 80.7202, Train Node Loss: 1.0908, Train Reg Loss: 0.7963, Train MAPE: 11.5464, Train R: 0.7742, Train RRSE: 0.6484, Test Loss: 133.0094, Test Node Loss: 0.5426, Test Reg Loss: 1.3247, Test MAPE: 11.3693, Test R: 0.7390, Test RRSE: 0.8343
2025-02-10 15:15:33,763:INFO:Epoch 41: Train Loss: 80.2032, Train Node Loss: 0.6860, Train Reg Loss: 0.7952, Train MAPE: 11.3790, Train R: 0.7723, Train RRSE: 0.6479, Test Loss: 107.2438, Test Node Loss: 0.5254, Test Reg Loss: 1.0672, Test MAPE: 11.0953, Test R: 0.7415, Test RRSE: 0.7489
2025-02-10 15:15:33,801:INFO:Checkpoint saved at best_0.001_0.001_256_SAGE_3_32_0.7415_epoch_41.pth
2025-02-10 15:15:55,214:INFO:Epoch 42: Train Loss: 80.2371, Train Node Loss: 0.7867, Train Reg Loss: 0.7945, Train MAPE: 11.4144, Train R: 0.7721, Train RRSE: 0.6476, Test Loss: 102.3652, Test Node Loss: 0.5297, Test Reg Loss: 1.0184, Test MAPE: 10.9869, Test R: 0.7436, Test RRSE: 0.7315
2025-02-10 15:15:55,243:INFO:Checkpoint saved at best_0.001_0.001_256_SAGE_3_32_0.7436_epoch_42.pth
2025-02-10 15:16:16,816:INFO:Epoch 43: Train Loss: 79.9715, Train Node Loss: 0.6108, Train Reg Loss: 0.7936, Train MAPE: 11.2899, Train R: 0.7695, Train RRSE: 0.6473, Test Loss: 177.2788, Test Node Loss: 0.2483, Test Reg Loss: 1.7703, Test MAPE: 11.9783, Test R: 0.7428, Test RRSE: 0.9645
2025-02-10 15:16:38,304:INFO:Epoch 44: Train Loss: 79.5897, Train Node Loss: 0.5353, Train Reg Loss: 0.7905, Train MAPE: 11.3621, Train R: 0.7700, Train RRSE: 0.6460, Test Loss: 105.3708, Test Node Loss: 0.4240, Test Reg Loss: 1.0495, Test MAPE: 11.1760, Test R: 0.7440, Test RRSE: 0.7426
2025-02-10 15:16:38,347:INFO:Checkpoint saved at best_0.001_0.001_256_SAGE_3_32_0.7440_epoch_44.pth
2025-02-10 15:16:59,791:INFO:Epoch 45: Train Loss: 79.5991, Train Node Loss: 0.5097, Train Reg Loss: 0.7909, Train MAPE: 11.3993, Train R: 0.7696, Train RRSE: 0.6462, Test Loss: 115.4509, Test Node Loss: 0.2805, Test Reg Loss: 1.1517, Test MAPE: 11.2794, Test R: 0.7452, Test RRSE: 0.7780
2025-02-10 15:16:59,812:INFO:Checkpoint saved at best_0.001_0.001_256_SAGE_3_32_0.7452_epoch_45.pth
2025-02-10 15:17:21,315:INFO:Epoch 46: Train Loss: 79.8245, Train Node Loss: 0.4829, Train Reg Loss: 0.7934, Train MAPE: 11.3604, Train R: 0.7701, Train RRSE: 0.6472, Test Loss: 111.7283, Test Node Loss: 0.2578, Test Reg Loss: 1.1147, Test MAPE: 11.1446, Test R: 0.7484, Test RRSE: 0.7654
2025-02-10 15:17:21,339:INFO:Checkpoint saved at best_0.001_0.001_256_SAGE_3_32_0.7484_epoch_46.pth
2025-02-10 15:17:42,669:INFO:Epoch 47: Train Loss: 72.6032, Train Node Loss: 0.4569, Train Reg Loss: 0.7215, Train MAPE: 11.3402, Train R: 0.7993, Train RRSE: 0.6172, Test Loss: 123.7297, Test Node Loss: 0.2563, Test Reg Loss: 1.2347, Test MAPE: 11.4233, Test R: 0.7471, Test RRSE: 0.8055
2025-02-10 15:18:04,093:INFO:Epoch 48: Train Loss: 75.8683, Train Node Loss: 0.4108, Train Reg Loss: 0.7546, Train MAPE: 11.4563, Train R: 0.7811, Train RRSE: 0.6312, Test Loss: 114.2956, Test Node Loss: 0.2436, Test Reg Loss: 1.1405, Test MAPE: 11.4318, Test R: 0.7471, Test RRSE: 0.7742
2025-02-10 15:18:25,622:INFO:Epoch 49: Train Loss: 70.2323, Train Node Loss: 0.4358, Train Reg Loss: 0.6980, Train MAPE: 11.5338, Train R: 0.8022, Train RRSE: 0.6070, Test Loss: 109.2000, Test Node Loss: 0.2522, Test Reg Loss: 1.0895, Test MAPE: 11.3131, Test R: 0.7486, Test RRSE: 0.7567
2025-02-10 15:18:25,646:INFO:Checkpoint saved at best_0.001_0.001_256_SAGE_3_32_0.7486_epoch_49.pth
2025-02-10 15:18:47,146:INFO:Epoch 50: Train Loss: 72.0054, Train Node Loss: 0.4205, Train Reg Loss: 0.7158, Train MAPE: 11.5334, Train R: 0.7967, Train RRSE: 0.6147, Test Loss: 144.5997, Test Node Loss: 0.1725, Test Reg Loss: 1.4443, Test MAPE: 11.7427, Test R: 0.7496, Test RRSE: 0.8712
2025-02-10 15:18:47,167:INFO:Checkpoint saved at best_0.001_0.001_256_SAGE_3_32_0.7496_epoch_50.pth
2025-02-10 15:19:08,736:INFO:Epoch 51: Train Loss: 71.4693, Train Node Loss: 0.3198, Train Reg Loss: 0.7115, Train MAPE: 11.4019, Train R: 0.8003, Train RRSE: 0.6129, Test Loss: 129.5267, Test Node Loss: 0.1656, Test Reg Loss: 1.2936, Test MAPE: 11.6309, Test R: 0.7506, Test RRSE: 0.8245
2025-02-10 15:19:08,768:INFO:Checkpoint saved at best_0.001_0.001_256_SAGE_3_32_0.7506_epoch_51.pth
2025-02-10 15:19:30,223:INFO:Epoch 52: Train Loss: 77.8225, Train Node Loss: 0.3292, Train Reg Loss: 0.7749, Train MAPE: 11.5430, Train R: 0.7719, Train RRSE: 0.6396, Test Loss: 145.2983, Test Node Loss: 0.1301, Test Reg Loss: 1.4517, Test MAPE: 11.7575, Test R: 0.7506, Test RRSE: 0.8734
2025-02-10 15:19:51,704:INFO:Epoch 53: Train Loss: 70.6760, Train Node Loss: 0.3037, Train Reg Loss: 0.7037, Train MAPE: 11.5009, Train R: 0.7998, Train RRSE: 0.6095, Test Loss: 119.1283, Test Node Loss: 0.1354, Test Reg Loss: 1.1899, Test MAPE: 11.4417, Test R: 0.7522, Test RRSE: 0.7908
2025-02-10 15:19:51,735:INFO:Checkpoint saved at best_0.001_0.001_256_SAGE_3_32_0.7522_epoch_53.pth
2025-02-10 15:20:13,267:INFO:Epoch 54: Train Loss: 73.1364, Train Node Loss: 0.2758, Train Reg Loss: 0.7286, Train MAPE: 11.4999, Train R: 0.7919, Train RRSE: 0.6202, Test Loss: 112.4419, Test Node Loss: 0.1280, Test Reg Loss: 1.1231, Test MAPE: 11.3663, Test R: 0.7543, Test RRSE: 0.7683
2025-02-10 15:20:13,293:INFO:Checkpoint saved at best_0.001_0.001_256_SAGE_3_32_0.7543_epoch_54.pth
2025-02-10 15:20:34,802:INFO:Epoch 55: Train Loss: 72.8644, Train Node Loss: 0.2737, Train Reg Loss: 0.7259, Train MAPE: 11.5357, Train R: 0.7931, Train RRSE: 0.6190, Test Loss: 160.3433, Test Node Loss: 0.0809, Test Reg Loss: 1.6026, Test MAPE: 12.1930, Test R: 0.7530, Test RRSE: 0.9177
2025-02-10 15:20:56,438:INFO:Epoch 56: Train Loss: 71.5197, Train Node Loss: 0.2088, Train Reg Loss: 0.7131, Train MAPE: 11.6051, Train R: 0.7948, Train RRSE: 0.6136, Test Loss: 126.1607, Test Node Loss: 0.0925, Test Reg Loss: 1.2607, Test MAPE: 11.6674, Test R: 0.7545, Test RRSE: 0.8139
2025-02-10 15:20:56,465:INFO:Checkpoint saved at best_0.001_0.001_256_SAGE_3_32_0.7545_epoch_56.pth
2025-02-10 15:21:17,816:INFO:Epoch 57: Train Loss: 71.3700, Train Node Loss: 0.2207, Train Reg Loss: 0.7115, Train MAPE: 11.6335, Train R: 0.7937, Train RRSE: 0.6129, Test Loss: 139.5707, Test Node Loss: 0.0703, Test Reg Loss: 1.3950, Test MAPE: 11.8326, Test R: 0.7552, Test RRSE: 0.8562
2025-02-10 15:21:17,838:INFO:Checkpoint saved at best_0.001_0.001_256_SAGE_3_32_0.7552_epoch_57.pth
2025-02-10 15:21:39,315:INFO:Epoch 58: Train Loss: 69.9943, Train Node Loss: 0.2068, Train Reg Loss: 0.6979, Train MAPE: 11.5832, Train R: 0.8007, Train RRSE: 0.6070, Test Loss: 116.0510, Test Node Loss: 0.0818, Test Reg Loss: 1.1597, Test MAPE: 11.5442, Test R: 0.7579, Test RRSE: 0.7807
2025-02-10 15:21:39,340:INFO:Checkpoint saved at best_0.001_0.001_256_SAGE_3_32_0.7579_epoch_58.pth
2025-02-10 15:22:00,541:INFO:Epoch 59: Train Loss: 70.7069, Train Node Loss: 0.1794, Train Reg Loss: 0.7053, Train MAPE: 11.5129, Train R: 0.7977, Train RRSE: 0.6102, Test Loss: 145.1234, Test Node Loss: 0.0523, Test Reg Loss: 1.4507, Test MAPE: 11.8579, Test R: 0.7582, Test RRSE: 0.8731
2025-02-10 15:22:00,564:INFO:Checkpoint saved at best_0.001_0.001_256_SAGE_3_32_0.7582_epoch_59.pth
2025-02-10 15:22:22,113:INFO:Epoch 60: Train Loss: 68.3488, Train Node Loss: 0.1618, Train Reg Loss: 0.6819, Train MAPE: 11.5522, Train R: 0.8038, Train RRSE: 0.6000, Test Loss: 104.6718, Test Node Loss: 0.0679, Test Reg Loss: 1.0460, Test MAPE: 11.5404, Test R: 0.7581, Test RRSE: 0.7414
2025-02-10 15:22:43,766:INFO:Epoch 61: Train Loss: 71.7547, Train Node Loss: 0.1813, Train Reg Loss: 0.7157, Train MAPE: 11.7179, Train R: 0.7974, Train RRSE: 0.6147, Test Loss: 106.9096, Test Node Loss: 0.0574, Test Reg Loss: 1.0685, Test MAPE: 11.3402, Test R: 0.7588, Test RRSE: 0.7493
2025-02-10 15:22:43,797:INFO:Checkpoint saved at best_0.001_0.001_256_SAGE_3_32_0.7588_epoch_61.pth
2025-02-10 15:23:05,424:INFO:Epoch 62: Train Loss: 65.6544, Train Node Loss: 0.1462, Train Reg Loss: 0.6551, Train MAPE: 11.5684, Train R: 0.8151, Train RRSE: 0.5881, Test Loss: 114.6589, Test Node Loss: 0.0504, Test Reg Loss: 1.1461, Test MAPE: 11.4903, Test R: 0.7600, Test RRSE: 0.7761
2025-02-10 15:23:05,452:INFO:Checkpoint saved at best_0.001_0.001_256_SAGE_3_32_0.7600_epoch_62.pth
2025-02-10 15:23:27,022:INFO:Epoch 63: Train Loss: 70.5476, Train Node Loss: 0.1412, Train Reg Loss: 0.7041, Train MAPE: 11.5816, Train R: 0.7980, Train RRSE: 0.6097, Test Loss: 116.0639, Test Node Loss: 0.0507, Test Reg Loss: 1.1601, Test MAPE: 11.5116, Test R: 0.7603, Test RRSE: 0.7808
2025-02-10 15:23:27,043:INFO:Checkpoint saved at best_0.001_0.001_256_SAGE_3_32_0.7603_epoch_63.pth
2025-02-10 15:23:48,636:INFO:Epoch 64: Train Loss: 65.6968, Train Node Loss: 0.1448, Train Reg Loss: 0.6555, Train MAPE: 11.6662, Train R: 0.8131, Train RRSE: 0.5883, Test Loss: 121.4255, Test Node Loss: 0.0456, Test Reg Loss: 1.2138, Test MAPE: 11.5748, Test R: 0.7615, Test RRSE: 0.7987
2025-02-10 15:23:48,659:INFO:Checkpoint saved at best_0.001_0.001_256_SAGE_3_32_0.7615_epoch_64.pth
2025-02-10 15:24:10,134:INFO:Epoch 65: Train Loss: 64.7498, Train Node Loss: 0.1389, Train Reg Loss: 0.6461, Train MAPE: 11.8196, Train R: 0.8152, Train RRSE: 0.5840, Test Loss: 116.2121, Test Node Loss: 0.0421, Test Reg Loss: 1.1617, Test MAPE: 11.6303, Test R: 0.7618, Test RRSE: 0.7813
2025-02-10 15:24:10,172:INFO:Checkpoint saved at best_0.001_0.001_256_SAGE_3_32_0.7618_epoch_65.pth
2025-02-10 15:24:31,716:INFO:Epoch 66: Train Loss: 66.2121, Train Node Loss: 0.1366, Train Reg Loss: 0.6608, Train MAPE: 11.8308, Train R: 0.8110, Train RRSE: 0.5906, Test Loss: 134.4252, Test Node Loss: 0.0343, Test Reg Loss: 1.3439, Test MAPE: 11.8879, Test R: 0.7635, Test RRSE: 0.8404
2025-02-10 15:24:31,746:INFO:Checkpoint saved at best_0.001_0.001_256_SAGE_3_32_0.7635_epoch_66.pth
2025-02-10 15:24:53,242:INFO:Epoch 67: Train Loss: 69.8201, Train Node Loss: 0.1139, Train Reg Loss: 0.6971, Train MAPE: 11.4421, Train R: 0.8020, Train RRSE: 0.6066, Test Loss: 102.3036, Test Node Loss: 0.0372, Test Reg Loss: 1.0227, Test MAPE: 11.5422, Test R: 0.7650, Test RRSE: 0.7331
2025-02-10 15:24:53,278:INFO:Checkpoint saved at best_0.001_0.001_256_SAGE_3_32_0.7650_epoch_67.pth
2025-02-10 15:25:14,739:INFO:Epoch 68: Train Loss: 67.4512, Train Node Loss: 0.1137, Train Reg Loss: 0.6734, Train MAPE: 11.7628, Train R: 0.8049, Train RRSE: 0.5962, Test Loss: 91.8232, Test Node Loss: 0.0365, Test Reg Loss: 0.9179, Test MAPE: 11.2863, Test R: 0.7646, Test RRSE: 0.6945
2025-02-10 15:25:36,252:INFO:Epoch 69: Train Loss: 69.4718, Train Node Loss: 0.1018, Train Reg Loss: 0.6937, Train MAPE: 11.7017, Train R: 0.7993, Train RRSE: 0.6052, Test Loss: 104.7190, Test Node Loss: 0.0287, Test Reg Loss: 1.0469, Test MAPE: 11.6228, Test R: 0.7653, Test RRSE: 0.7417
2025-02-10 15:25:36,274:INFO:Checkpoint saved at best_0.001_0.001_256_SAGE_3_32_0.7653_epoch_69.pth
2025-02-10 15:25:57,817:INFO:Epoch 70: Train Loss: 60.3279, Train Node Loss: 0.0996, Train Reg Loss: 0.6023, Train MAPE: 11.8198, Train R: 0.8296, Train RRSE: 0.5639, Test Loss: 103.1147, Test Node Loss: 0.0281, Test Reg Loss: 1.0309, Test MAPE: 11.6816, Test R: 0.7652, Test RRSE: 0.7360
2025-02-10 15:26:19,406:INFO:Epoch 71: Train Loss: 70.3527, Train Node Loss: 0.0954, Train Reg Loss: 0.7026, Train MAPE: 11.7207, Train R: 0.7959, Train RRSE: 0.6090, Test Loss: 135.5618, Test Node Loss: 0.0220, Test Reg Loss: 1.3554, Test MAPE: 11.9765, Test R: 0.7656, Test RRSE: 0.8440
2025-02-10 15:26:19,440:INFO:Checkpoint saved at best_0.001_0.001_256_SAGE_3_32_0.7656_epoch_71.pth
2025-02-10 15:26:40,799:INFO:Epoch 72: Train Loss: 67.2052, Train Node Loss: 0.0853, Train Reg Loss: 0.6712, Train MAPE: 11.8292, Train R: 0.8052, Train RRSE: 0.5953, Test Loss: 134.8701, Test Node Loss: 0.0202, Test Reg Loss: 1.3485, Test MAPE: 11.8611, Test R: 0.7656, Test RRSE: 0.8418
2025-02-10 15:26:40,833:INFO:Checkpoint saved at best_0.001_0.001_256_SAGE_3_32_0.7656_epoch_72.pth
2025-02-10 15:27:02,405:INFO:Epoch 73: Train Loss: 68.2126, Train Node Loss: 0.0756, Train Reg Loss: 0.6814, Train MAPE: 11.7305, Train R: 0.8029, Train RRSE: 0.5998, Test Loss: 118.5356, Test Node Loss: 0.0201, Test Reg Loss: 1.1852, Test MAPE: 11.8520, Test R: 0.7654, Test RRSE: 0.7892
2025-02-10 15:27:23,741:INFO:Epoch 74: Train Loss: 68.0468, Train Node Loss: 0.0821, Train Reg Loss: 0.6796, Train MAPE: 11.8291, Train R: 0.8034, Train RRSE: 0.5990, Test Loss: 117.0028, Test Node Loss: 0.0199, Test Reg Loss: 1.1698, Test MAPE: 11.7904, Test R: 0.7662, Test RRSE: 0.7841
2025-02-10 15:27:23,761:INFO:Checkpoint saved at best_0.001_0.001_256_SAGE_3_32_0.7662_epoch_74.pth
2025-02-10 15:27:45,168:INFO:Epoch 75: Train Loss: 68.7291, Train Node Loss: 0.0685, Train Reg Loss: 0.6866, Train MAPE: 11.6614, Train R: 0.8026, Train RRSE: 0.6021, Test Loss: 128.6434, Test Node Loss: 0.0189, Test Reg Loss: 1.2862, Test MAPE: 11.8664, Test R: 0.7669, Test RRSE: 0.8222
2025-02-10 15:27:45,197:INFO:Checkpoint saved at best_0.001_0.001_256_SAGE_3_32_0.7669_epoch_75.pth
2025-02-10 15:28:06,782:INFO:Epoch 76: Train Loss: 66.1022, Train Node Loss: 0.0696, Train Reg Loss: 0.6603, Train MAPE: 11.9339, Train R: 0.8081, Train RRSE: 0.5904, Test Loss: 96.5925, Test Node Loss: 0.0224, Test Reg Loss: 0.9657, Test MAPE: 11.6939, Test R: 0.7672, Test RRSE: 0.7124
2025-02-10 15:28:06,824:INFO:Checkpoint saved at best_0.001_0.001_256_SAGE_3_32_0.7672_epoch_76.pth
2025-02-10 15:28:28,349:INFO:Epoch 77: Train Loss: 64.4789, Train Node Loss: 0.0757, Train Reg Loss: 0.6440, Train MAPE: 11.8577, Train R: 0.8176, Train RRSE: 0.5831, Test Loss: 96.6482, Test Node Loss: 0.0199, Test Reg Loss: 0.9663, Test MAPE: 11.5335, Test R: 0.7686, Test RRSE: 0.7126
2025-02-10 15:28:28,380:INFO:Checkpoint saved at best_0.001_0.001_256_SAGE_3_32_0.7686_epoch_77.pth
2025-02-10 15:28:50,100:INFO:Epoch 78: Train Loss: 66.6698, Train Node Loss: 0.0574, Train Reg Loss: 0.6661, Train MAPE: 11.6275, Train R: 0.8134, Train RRSE: 0.5930, Test Loss: 115.9315, Test Node Loss: 0.0157, Test Reg Loss: 1.1592, Test MAPE: 11.8774, Test R: 0.7679, Test RRSE: 0.7805
2025-02-10 15:29:11,581:INFO:Epoch 79: Train Loss: 67.5135, Train Node Loss: 0.0642, Train Reg Loss: 0.6745, Train MAPE: 11.9122, Train R: 0.8096, Train RRSE: 0.5967, Test Loss: 104.0359, Test Node Loss: 0.0156, Test Reg Loss: 1.0402, Test MAPE: 11.6802, Test R: 0.7689, Test RRSE: 0.7394
2025-02-10 15:29:11,617:INFO:Checkpoint saved at best_0.001_0.001_256_SAGE_3_32_0.7689_epoch_79.pth
2025-02-10 15:29:33,055:INFO:Epoch 80: Train Loss: 68.3222, Train Node Loss: 0.0483, Train Reg Loss: 0.6827, Train MAPE: 11.8421, Train R: 0.8009, Train RRSE: 0.6004, Test Loss: 157.1764, Test Node Loss: 0.0122, Test Reg Loss: 1.5716, Test MAPE: 12.5220, Test R: 0.7679, Test RRSE: 0.9088
2025-02-10 15:29:54,568:INFO:Epoch 81: Train Loss: 64.6614, Train Node Loss: 0.0462, Train Reg Loss: 0.6462, Train MAPE: 11.7962, Train R: 0.8141, Train RRSE: 0.5841, Test Loss: 101.6403, Test Node Loss: 0.0143, Test Reg Loss: 1.0163, Test MAPE: 11.5044, Test R: 0.7699, Test RRSE: 0.7308
2025-02-10 15:29:54,609:INFO:Checkpoint saved at best_0.001_0.001_256_SAGE_3_32_0.7699_epoch_81.pth
2025-02-10 15:30:16,215:INFO:Epoch 82: Train Loss: 62.6874, Train Node Loss: 0.0459, Train Reg Loss: 0.6264, Train MAPE: 11.8956, Train R: 0.8194, Train RRSE: 0.5751, Test Loss: 149.1607, Test Node Loss: 0.0123, Test Reg Loss: 1.4915, Test MAPE: 12.4068, Test R: 0.7699, Test RRSE: 0.8853
2025-02-10 15:30:38,118:INFO:Epoch 83: Train Loss: 65.9111, Train Node Loss: 0.0457, Train Reg Loss: 0.6587, Train MAPE: 11.6691, Train R: 0.8116, Train RRSE: 0.5897, Test Loss: 138.4448, Test Node Loss: 0.0122, Test Reg Loss: 1.3843, Test MAPE: 12.0918, Test R: 0.7695, Test RRSE: 0.8529
2025-02-10 15:30:59,469:INFO:Epoch 84: Train Loss: 66.6397, Train Node Loss: 0.0461, Train Reg Loss: 0.6659, Train MAPE: 11.9568, Train R: 0.8093, Train RRSE: 0.5929, Test Loss: 165.7722, Test Node Loss: 0.0116, Test Reg Loss: 1.6576, Test MAPE: 12.5782, Test R: 0.7695, Test RRSE: 0.9333
2025-02-10 15:31:21,055:INFO:Epoch 85: Train Loss: 68.7515, Train Node Loss: 0.0410, Train Reg Loss: 0.6871, Train MAPE: 11.8082, Train R: 0.7996, Train RRSE: 0.6023, Test Loss: 121.5614, Test Node Loss: 0.0119, Test Reg Loss: 1.2155, Test MAPE: 12.0146, Test R: 0.7701, Test RRSE: 0.7992
2025-02-10 15:31:21,082:INFO:Checkpoint saved at best_0.001_0.001_256_SAGE_3_32_0.7701_epoch_85.pth
2025-02-10 15:31:42,449:INFO:Epoch 86: Train Loss: 65.0836, Train Node Loss: 0.0380, Train Reg Loss: 0.6505, Train MAPE: 11.9061, Train R: 0.8151, Train RRSE: 0.5860, Test Loss: 96.8280, Test Node Loss: 0.0124, Test Reg Loss: 0.9682, Test MAPE: 11.6842, Test R: 0.7707, Test RRSE: 0.7133
2025-02-10 15:31:42,491:INFO:Checkpoint saved at best_0.001_0.001_256_SAGE_3_32_0.7707_epoch_86.pth
2025-02-10 15:32:03,957:INFO:Epoch 87: Train Loss: 70.7680, Train Node Loss: 0.0458, Train Reg Loss: 0.7072, Train MAPE: 11.9797, Train R: 0.8109, Train RRSE: 0.6110, Test Loss: 145.4198, Test Node Loss: 0.0109, Test Reg Loss: 1.4541, Test MAPE: 12.3531, Test R: 0.7703, Test RRSE: 0.8742
2025-02-10 15:32:25,375:INFO:Epoch 88: Train Loss: 73.3104, Train Node Loss: 0.0288, Train Reg Loss: 0.7328, Train MAPE: 12.0049, Train R: 0.8121, Train RRSE: 0.6220, Test Loss: 91.5969, Test Node Loss: 0.0107, Test Reg Loss: 0.9159, Test MAPE: 11.8290, Test R: 0.7688, Test RRSE: 0.6938
2025-02-10 15:32:46,794:INFO:Epoch 89: Train Loss: 69.6704, Train Node Loss: 0.0368, Train Reg Loss: 0.6963, Train MAPE: 12.0697, Train R: 0.8135, Train RRSE: 0.6063, Test Loss: 82.1400, Test Node Loss: 0.0109, Test Reg Loss: 0.8213, Test MAPE: 11.2543, Test R: 0.7716, Test RRSE: 0.6570
2025-02-10 15:32:46,837:INFO:Checkpoint saved at best_0.001_0.001_256_SAGE_3_32_0.7716_epoch_89.pth
2025-02-10 15:33:08,259:INFO:Epoch 90: Train Loss: 64.8789, Train Node Loss: 0.0300, Train Reg Loss: 0.6485, Train MAPE: 11.6519, Train R: 0.8169, Train RRSE: 0.5851, Test Loss: 111.9144, Test Node Loss: 0.0102, Test Reg Loss: 1.1190, Test MAPE: 11.5389, Test R: 0.7712, Test RRSE: 0.7669
2025-02-10 15:33:29,635:INFO:Epoch 91: Train Loss: 61.7352, Train Node Loss: 0.0297, Train Reg Loss: 0.6171, Train MAPE: 11.7975, Train R: 0.8227, Train RRSE: 0.5708, Test Loss: 96.2915, Test Node Loss: 0.0103, Test Reg Loss: 0.9628, Test MAPE: 11.7734, Test R: 0.7711, Test RRSE: 0.7113
2025-02-10 15:33:51,005:INFO:Epoch 92: Train Loss: 63.0317, Train Node Loss: 0.0290, Train Reg Loss: 0.6300, Train MAPE: 11.8889, Train R: 0.8179, Train RRSE: 0.5767, Test Loss: 141.3664, Test Node Loss: 0.0097, Test Reg Loss: 1.4136, Test MAPE: 12.4784, Test R: 0.7697, Test RRSE: 0.8619
2025-02-10 15:34:12,382:INFO:Epoch 93: Train Loss: 61.9617, Train Node Loss: 0.0278, Train Reg Loss: 0.6193, Train MAPE: 11.8783, Train R: 0.8219, Train RRSE: 0.5718, Test Loss: 88.9253, Test Node Loss: 0.0102, Test Reg Loss: 0.8892, Test MAPE: 11.5147, Test R: 0.7712, Test RRSE: 0.6836
2025-02-10 15:34:33,713:INFO:Epoch 94: Train Loss: 65.0533, Train Node Loss: 0.0281, Train Reg Loss: 0.6503, Train MAPE: 11.8616, Train R: 0.8129, Train RRSE: 0.5859, Test Loss: 110.6200, Test Node Loss: 0.0098, Test Reg Loss: 1.1061, Test MAPE: 11.9171, Test R: 0.7722, Test RRSE: 0.7624
2025-02-10 15:34:33,759:INFO:Checkpoint saved at best_0.001_0.001_256_SAGE_3_32_0.7722_epoch_94.pth
2025-02-10 15:34:55,059:INFO:Epoch 95: Train Loss: 64.4395, Train Node Loss: 0.0265, Train Reg Loss: 0.6441, Train MAPE: 11.8872, Train R: 0.8140, Train RRSE: 0.5831, Test Loss: 103.5212, Test Node Loss: 0.0099, Test Reg Loss: 1.0351, Test MAPE: 11.7031, Test R: 0.7731, Test RRSE: 0.7375
2025-02-10 15:34:55,083:INFO:Checkpoint saved at best_0.001_0.001_256_SAGE_3_32_0.7731_epoch_95.pth
2025-02-10 15:35:16,377:INFO:Epoch 96: Train Loss: 66.8165, Train Node Loss: 0.0290, Train Reg Loss: 0.6679, Train MAPE: 11.8444, Train R: 0.8121, Train RRSE: 0.5938, Test Loss: 117.0302, Test Node Loss: 0.0098, Test Reg Loss: 1.1702, Test MAPE: 11.8520, Test R: 0.7741, Test RRSE: 0.7842
2025-02-10 15:35:16,427:INFO:Checkpoint saved at best_0.001_0.001_256_SAGE_3_32_0.7741_epoch_96.pth
2025-02-10 15:35:37,896:INFO:Epoch 97: Train Loss: 72.7907, Train Node Loss: 0.0254, Train Reg Loss: 0.7277, Train MAPE: 11.7746, Train R: 0.7953, Train RRSE: 0.6198, Test Loss: 95.9942, Test Node Loss: 0.0099, Test Reg Loss: 0.9598, Test MAPE: 11.7364, Test R: 0.7744, Test RRSE: 0.7102
2025-02-10 15:35:37,917:INFO:Checkpoint saved at best_0.001_0.001_256_SAGE_3_32_0.7744_epoch_97.pth
2025-02-10 15:35:59,210:INFO:Epoch 98: Train Loss: 69.7509, Train Node Loss: 0.0292, Train Reg Loss: 0.6972, Train MAPE: 12.1008, Train R: 0.8045, Train RRSE: 0.6067, Test Loss: 121.5496, Test Node Loss: 0.0096, Test Reg Loss: 1.2154, Test MAPE: 12.1291, Test R: 0.7741, Test RRSE: 0.7992
2025-02-10 15:36:20,758:INFO:Epoch 99: Train Loss: 61.5579, Train Node Loss: 0.0245, Train Reg Loss: 0.6153, Train MAPE: 11.8866, Train R: 0.8279, Train RRSE: 0.5700, Test Loss: 106.8026, Test Node Loss: 0.0095, Test Reg Loss: 1.0679, Test MAPE: 11.8060, Test R: 0.7730, Test RRSE: 0.7491
2025-02-10 15:36:42,146:INFO:Epoch 100: Train Loss: 64.8933, Train Node Loss: 0.0259, Train Reg Loss: 0.6487, Train MAPE: 12.0206, Train R: 0.8169, Train RRSE: 0.5852, Test Loss: 117.7908, Test Node Loss: 0.0094, Test Reg Loss: 1.1778, Test MAPE: 11.9650, Test R: 0.7728, Test RRSE: 0.7867
2025-02-10 15:37:03,503:INFO:Epoch 101: Train Loss: 65.6069, Train Node Loss: 0.0224, Train Reg Loss: 0.6558, Train MAPE: 11.8761, Train R: 0.8155, Train RRSE: 0.5884, Test Loss: 93.1713, Test Node Loss: 0.0095, Test Reg Loss: 0.9316, Test MAPE: 11.7410, Test R: 0.7732, Test RRSE: 0.6997
2025-02-10 15:37:24,912:INFO:Epoch 102: Train Loss: 64.9545, Train Node Loss: 0.0238, Train Reg Loss: 0.6493, Train MAPE: 12.0938, Train R: 0.8216, Train RRSE: 0.5855, Test Loss: 101.4321, Test Node Loss: 0.0093, Test Reg Loss: 1.0142, Test MAPE: 11.8455, Test R: 0.7732, Test RRSE: 0.7301
2025-02-10 15:37:46,471:INFO:Epoch 103: Train Loss: 68.1773, Train Node Loss: 0.0210, Train Reg Loss: 0.6816, Train MAPE: 11.7274, Train R: 0.8039, Train RRSE: 0.5998, Test Loss: 89.1826, Test Node Loss: 0.0093, Test Reg Loss: 0.8917, Test MAPE: 11.7960, Test R: 0.7742, Test RRSE: 0.6846
2025-02-10 15:38:07,795:INFO:Epoch 104: Train Loss: 60.2493, Train Node Loss: 0.0218, Train Reg Loss: 0.6023, Train MAPE: 11.9450, Train R: 0.8273, Train RRSE: 0.5639, Test Loss: 103.2347, Test Node Loss: 0.0092, Test Reg Loss: 1.0323, Test MAPE: 11.8777, Test R: 0.7752, Test RRSE: 0.7365
2025-02-10 15:38:07,827:INFO:Checkpoint saved at best_0.001_0.001_256_SAGE_3_32_0.7752_epoch_104.pth
2025-02-10 15:38:29,222:INFO:Epoch 105: Train Loss: 61.7554, Train Node Loss: 0.0222, Train Reg Loss: 0.6173, Train MAPE: 12.0434, Train R: 0.8216, Train RRSE: 0.5709, Test Loss: 112.9294, Test Node Loss: 0.0092, Test Reg Loss: 1.1292, Test MAPE: 12.0894, Test R: 0.7745, Test RRSE: 0.7703
2025-02-10 15:38:50,495:INFO:Epoch 106: Train Loss: 61.3980, Train Node Loss: 0.0221, Train Reg Loss: 0.6138, Train MAPE: 11.9078, Train R: 0.8242, Train RRSE: 0.5692, Test Loss: 103.0621, Test Node Loss: 0.0092, Test Reg Loss: 1.0305, Test MAPE: 11.7275, Test R: 0.7751, Test RRSE: 0.7359
2025-02-10 15:39:11,742:INFO:Epoch 107: Train Loss: 60.0896, Train Node Loss: 0.0206, Train Reg Loss: 0.6007, Train MAPE: 11.9916, Train R: 0.8292, Train RRSE: 0.5631, Test Loss: 147.5653, Test Node Loss: 0.0090, Test Reg Loss: 1.4756, Test MAPE: 12.5307, Test R: 0.7734, Test RRSE: 0.8806
2025-02-10 15:39:33,115:INFO:Epoch 108: Train Loss: 57.7300, Train Node Loss: 0.0212, Train Reg Loss: 0.5771, Train MAPE: 12.0667, Train R: 0.8375, Train RRSE: 0.5520, Test Loss: 105.4374, Test Node Loss: 0.0091, Test Reg Loss: 1.0543, Test MAPE: 11.8053, Test R: 0.7727, Test RRSE: 0.7443
2025-02-10 15:39:54,424:INFO:Epoch 109: Train Loss: 64.3616, Train Node Loss: 0.0198, Train Reg Loss: 0.6434, Train MAPE: 11.8678, Train R: 0.8148, Train RRSE: 0.5828, Test Loss: 146.9045, Test Node Loss: 0.0089, Test Reg Loss: 1.4690, Test MAPE: 12.4959, Test R: 0.7734, Test RRSE: 0.8786
2025-02-10 15:40:15,906:INFO:Epoch 110: Train Loss: 60.2407, Train Node Loss: 0.0209, Train Reg Loss: 0.6022, Train MAPE: 12.2021, Train R: 0.8293, Train RRSE: 0.5638, Test Loss: 130.0369, Test Node Loss: 0.0090, Test Reg Loss: 1.3003, Test MAPE: 12.3380, Test R: 0.7741, Test RRSE: 0.8266
2025-02-10 15:40:37,295:INFO:Epoch 111: Train Loss: 59.3920, Train Node Loss: 0.0193, Train Reg Loss: 0.5937, Train MAPE: 11.9370, Train R: 0.8298, Train RRSE: 0.5599, Test Loss: 107.0966, Test Node Loss: 0.0090, Test Reg Loss: 1.0709, Test MAPE: 12.0439, Test R: 0.7768, Test RRSE: 0.7502
2025-02-10 15:40:37,324:INFO:Checkpoint saved at best_0.001_0.001_256_SAGE_3_32_0.7768_epoch_111.pth
2025-02-10 15:40:58,652:INFO:Epoch 112: Train Loss: 57.9776, Train Node Loss: 0.0198, Train Reg Loss: 0.5796, Train MAPE: 12.1075, Train R: 0.8354, Train RRSE: 0.5531, Test Loss: 121.2464, Test Node Loss: 0.0090, Test Reg Loss: 1.2124, Test MAPE: 12.0892, Test R: 0.7769, Test RRSE: 0.7982
2025-02-10 15:40:58,688:INFO:Checkpoint saved at best_0.001_0.001_256_SAGE_3_32_0.7769_epoch_112.pth
2025-02-10 15:41:19,601:INFO:Epoch 113: Train Loss: 64.1905, Train Node Loss: 0.0183, Train Reg Loss: 0.6417, Train MAPE: 11.9515, Train R: 0.8177, Train RRSE: 0.5820, Test Loss: 133.9194, Test Node Loss: 0.0090, Test Reg Loss: 1.3391, Test MAPE: 12.3652, Test R: 0.7749, Test RRSE: 0.8389
2025-02-10 15:41:40,905:INFO:Epoch 114: Train Loss: 61.1770, Train Node Loss: 0.0202, Train Reg Loss: 0.6116, Train MAPE: 12.1096, Train R: 0.8265, Train RRSE: 0.5682, Test Loss: 133.7371, Test Node Loss: 0.0090, Test Reg Loss: 1.3373, Test MAPE: 12.1859, Test R: 0.7764, Test RRSE: 0.8383
2025-02-10 15:42:02,432:INFO:Epoch 115: Train Loss: 58.9333, Train Node Loss: 0.0187, Train Reg Loss: 0.5891, Train MAPE: 11.8578, Train R: 0.8347, Train RRSE: 0.5577, Test Loss: 122.9403, Test Node Loss: 0.0090, Test Reg Loss: 1.2293, Test MAPE: 12.1703, Test R: 0.7756, Test RRSE: 0.8038
2025-02-10 15:42:23,935:INFO:Epoch 116: Train Loss: 60.0695, Train Node Loss: 0.0196, Train Reg Loss: 0.6005, Train MAPE: 12.2342, Train R: 0.8311, Train RRSE: 0.5630, Test Loss: 158.6525, Test Node Loss: 0.0089, Test Reg Loss: 1.5864, Test MAPE: 12.9753, Test R: 0.7736, Test RRSE: 0.9131
2025-02-10 15:42:45,344:INFO:Epoch 117: Train Loss: 63.0507, Train Node Loss: 0.0186, Train Reg Loss: 0.6303, Train MAPE: 12.0210, Train R: 0.8191, Train RRSE: 0.5769, Test Loss: 135.4016, Test Node Loss: 0.0089, Test Reg Loss: 1.3539, Test MAPE: 12.2753, Test R: 0.7757, Test RRSE: 0.8435
2025-02-10 15:43:06,896:INFO:Epoch 118: Train Loss: 58.0398, Train Node Loss: 0.0192, Train Reg Loss: 0.5802, Train MAPE: 11.8014, Train R: 0.8364, Train RRSE: 0.5534, Test Loss: 138.1408, Test Node Loss: 0.0089, Test Reg Loss: 1.3813, Test MAPE: 12.4686, Test R: 0.7759, Test RRSE: 0.8520
2025-02-10 15:43:28,272:INFO:Epoch 119: Train Loss: 62.1448, Train Node Loss: 0.0183, Train Reg Loss: 0.6213, Train MAPE: 11.9206, Train R: 0.8220, Train RRSE: 0.5727, Test Loss: 127.9979, Test Node Loss: 0.0089, Test Reg Loss: 1.2799, Test MAPE: 12.2906, Test R: 0.7756, Test RRSE: 0.8201
2025-02-10 15:43:49,735:INFO:Epoch 120: Train Loss: 63.7545, Train Node Loss: 0.0195, Train Reg Loss: 0.6373, Train MAPE: 12.0387, Train R: 0.8244, Train RRSE: 0.5801, Test Loss: 145.8655, Test Node Loss: 0.0088, Test Reg Loss: 1.4586, Test MAPE: 12.4039, Test R: 0.7771, Test RRSE: 0.8755
2025-02-10 15:43:49,773:INFO:Checkpoint saved at best_0.001_0.001_256_SAGE_3_32_0.7771_epoch_120.pth
2025-02-10 15:44:11,214:INFO:Epoch 121: Train Loss: 67.2088, Train Node Loss: 0.0178, Train Reg Loss: 0.6719, Train MAPE: 11.9939, Train R: 0.8144, Train RRSE: 0.5956, Test Loss: 86.6332, Test Node Loss: 0.0090, Test Reg Loss: 0.8662, Test MAPE: 11.9327, Test R: 0.7783, Test RRSE: 0.6747
2025-02-10 15:44:11,239:INFO:Checkpoint saved at best_0.001_0.001_256_SAGE_3_32_0.7783_epoch_121.pth
2025-02-10 15:44:32,624:INFO:Epoch 122: Train Loss: 62.1859, Train Node Loss: 0.0196, Train Reg Loss: 0.6217, Train MAPE: 12.0989, Train R: 0.8229, Train RRSE: 0.5729, Test Loss: 97.4737, Test Node Loss: 0.0089, Test Reg Loss: 0.9746, Test MAPE: 12.0421, Test R: 0.7782, Test RRSE: 0.7157
2025-02-10 15:44:53,877:INFO:Epoch 123: Train Loss: 61.0075, Train Node Loss: 0.0186, Train Reg Loss: 0.6099, Train MAPE: 11.9044, Train R: 0.8244, Train RRSE: 0.5674, Test Loss: 104.7826, Test Node Loss: 0.0088, Test Reg Loss: 1.0477, Test MAPE: 11.9750, Test R: 0.7793, Test RRSE: 0.7420
2025-02-10 15:44:53,906:INFO:Checkpoint saved at best_0.001_0.001_256_SAGE_3_32_0.7793_epoch_123.pth
2025-02-10 15:45:15,324:INFO:Epoch 124: Train Loss: 61.7184, Train Node Loss: 0.0190, Train Reg Loss: 0.6170, Train MAPE: 11.9580, Train R: 0.8229, Train RRSE: 0.5707, Test Loss: 99.0621, Test Node Loss: 0.0089, Test Reg Loss: 0.9905, Test MAPE: 11.8233, Test R: 0.7780, Test RRSE: 0.7215
2025-02-10 15:45:36,631:INFO:Epoch 125: Train Loss: 55.7534, Train Node Loss: 0.0188, Train Reg Loss: 0.5573, Train MAPE: 12.0296, Train R: 0.8422, Train RRSE: 0.5424, Test Loss: 136.6783, Test Node Loss: 0.0088, Test Reg Loss: 1.3667, Test MAPE: 12.2671, Test R: 0.7783, Test RRSE: 0.8475
2025-02-10 15:45:58,060:INFO:Epoch 126: Train Loss: 59.6342, Train Node Loss: 0.0180, Train Reg Loss: 0.5962, Train MAPE: 11.9696, Train R: 0.8297, Train RRSE: 0.5610, Test Loss: 138.4754, Test Node Loss: 0.0088, Test Reg Loss: 1.3847, Test MAPE: 12.5000, Test R: 0.7777, Test RRSE: 0.8530
2025-02-10 15:46:19,313:INFO:Epoch 127: Train Loss: 56.0898, Train Node Loss: 0.0181, Train Reg Loss: 0.5607, Train MAPE: 11.9854, Train R: 0.8414, Train RRSE: 0.5441, Test Loss: 104.5912, Test Node Loss: 0.0088, Test Reg Loss: 1.0458, Test MAPE: 12.0940, Test R: 0.7759, Test RRSE: 0.7413
2025-02-10 15:46:40,609:INFO:Epoch 128: Train Loss: 64.7297, Train Node Loss: 0.0171, Train Reg Loss: 0.6471, Train MAPE: 12.1634, Train R: 0.8120, Train RRSE: 0.5845, Test Loss: 129.7703, Test Node Loss: 0.0087, Test Reg Loss: 1.2976, Test MAPE: 12.4750, Test R: 0.7759, Test RRSE: 0.8258
2025-02-10 15:47:01,681:INFO:Epoch 129: Train Loss: 60.1250, Train Node Loss: 0.0176, Train Reg Loss: 0.6011, Train MAPE: 12.0761, Train R: 0.8279, Train RRSE: 0.5633, Test Loss: 139.5154, Test Node Loss: 0.0087, Test Reg Loss: 1.3951, Test MAPE: 12.4123, Test R: 0.7763, Test RRSE: 0.8562
2025-02-10 15:47:22,848:INFO:Epoch 130: Train Loss: 56.9578, Train Node Loss: 0.0176, Train Reg Loss: 0.5694, Train MAPE: 12.0351, Train R: 0.8380, Train RRSE: 0.5483, Test Loss: 158.1150, Test Node Loss: 0.0087, Test Reg Loss: 1.5811, Test MAPE: 12.8463, Test R: 0.7769, Test RRSE: 0.9115
2025-02-10 15:47:43,969:INFO:Epoch 131: Train Loss: 65.2024, Train Node Loss: 0.0180, Train Reg Loss: 0.6518, Train MAPE: 12.0733, Train R: 0.8112, Train RRSE: 0.5866, Test Loss: 204.7980, Test Node Loss: 0.0087, Test Reg Loss: 2.0479, Test MAPE: 13.3813, Test R: 0.7769, Test RRSE: 1.0374
2025-02-10 15:48:04,895:INFO:Epoch 132: Train Loss: 60.9804, Train Node Loss: 0.0178, Train Reg Loss: 0.6096, Train MAPE: 11.9657, Train R: 0.8241, Train RRSE: 0.5673, Test Loss: 130.2819, Test Node Loss: 0.0087, Test Reg Loss: 1.3027, Test MAPE: 12.3723, Test R: 0.7769, Test RRSE: 0.8274
2025-02-10 15:48:26,032:INFO:Epoch 133: Train Loss: 57.4718, Train Node Loss: 0.0172, Train Reg Loss: 0.5745, Train MAPE: 12.0932, Train R: 0.8382, Train RRSE: 0.5507, Test Loss: 101.8838, Test Node Loss: 0.0087, Test Reg Loss: 1.0188, Test MAPE: 12.1170, Test R: 0.7762, Test RRSE: 0.7317
2025-02-10 15:48:47,029:INFO:Epoch 134: Train Loss: 58.8382, Train Node Loss: 0.0181, Train Reg Loss: 0.5882, Train MAPE: 12.2652, Train R: 0.8330, Train RRSE: 0.5572, Test Loss: 164.6734, Test Node Loss: 0.0087, Test Reg Loss: 1.6466, Test MAPE: 12.7848, Test R: 0.7746, Test RRSE: 0.9302
2025-02-10 15:49:08,180:INFO:Epoch 135: Train Loss: 61.5999, Train Node Loss: 0.0173, Train Reg Loss: 0.6158, Train MAPE: 11.8855, Train R: 0.8254, Train RRSE: 0.5702, Test Loss: 96.7499, Test Node Loss: 0.0088, Test Reg Loss: 0.9674, Test MAPE: 11.9971, Test R: 0.7765, Test RRSE: 0.7130
2025-02-10 15:49:29,078:INFO:Epoch 136: Train Loss: 58.6197, Train Node Loss: 0.0174, Train Reg Loss: 0.5860, Train MAPE: 12.0638, Train R: 0.8315, Train RRSE: 0.5562, Test Loss: 109.1272, Test Node Loss: 0.0087, Test Reg Loss: 1.0912, Test MAPE: 12.1644, Test R: 0.7786, Test RRSE: 0.7573
2025-02-10 15:49:50,148:INFO:Epoch 137: Train Loss: 55.8226, Train Node Loss: 0.0171, Train Reg Loss: 0.5581, Train MAPE: 12.0675, Train R: 0.8406, Train RRSE: 0.5428, Test Loss: 92.1213, Test Node Loss: 0.0088, Test Reg Loss: 0.9211, Test MAPE: 11.8230, Test R: 0.7788, Test RRSE: 0.6957
2025-02-10 15:50:11,085:INFO:Epoch 138: Train Loss: 60.0809, Train Node Loss: 0.0178, Train Reg Loss: 0.6006, Train MAPE: 12.0462, Train R: 0.8275, Train RRSE: 0.5631, Test Loss: 120.8036, Test Node Loss: 0.0087, Test Reg Loss: 1.2079, Test MAPE: 12.1853, Test R: 0.7786, Test RRSE: 0.7967
2025-02-10 15:50:32,078:INFO:Epoch 139: Train Loss: 59.4825, Train Node Loss: 0.0177, Train Reg Loss: 0.5946, Train MAPE: 11.9927, Train R: 0.8296, Train RRSE: 0.5603, Test Loss: 95.3702, Test Node Loss: 0.0087, Test Reg Loss: 0.9536, Test MAPE: 11.9404, Test R: 0.7791, Test RRSE: 0.7079
2025-02-10 15:50:53,052:INFO:Epoch 140: Train Loss: 58.9389, Train Node Loss: 0.0174, Train Reg Loss: 0.5892, Train MAPE: 11.8934, Train R: 0.8316, Train RRSE: 0.5577, Test Loss: 120.1091, Test Node Loss: 0.0087, Test Reg Loss: 1.2010, Test MAPE: 12.2090, Test R: 0.7779, Test RRSE: 0.7944
2025-02-10 15:51:14,091:INFO:Epoch 141: Train Loss: 54.5019, Train Node Loss: 0.0168, Train Reg Loss: 0.5449, Train MAPE: 12.1173, Train R: 0.8443, Train RRSE: 0.5363, Test Loss: 146.4223, Test Node Loss: 0.0086, Test Reg Loss: 1.4641, Test MAPE: 12.6462, Test R: 0.7761, Test RRSE: 0.8772
2025-02-10 15:51:34,951:INFO:Epoch 142: Train Loss: 57.2537, Train Node Loss: 0.0164, Train Reg Loss: 0.5724, Train MAPE: 12.2090, Train R: 0.8354, Train RRSE: 0.5497, Test Loss: 128.8032, Test Node Loss: 0.0086, Test Reg Loss: 1.2879, Test MAPE: 12.3250, Test R: 0.7767, Test RRSE: 0.8227
2025-02-10 15:51:55,964:INFO:Epoch 143: Train Loss: 55.9050, Train Node Loss: 0.0164, Train Reg Loss: 0.5589, Train MAPE: 12.1276, Train R: 0.8403, Train RRSE: 0.5432, Test Loss: 141.2495, Test Node Loss: 0.0086, Test Reg Loss: 1.4124, Test MAPE: 12.6803, Test R: 0.7789, Test RRSE: 0.8615
2025-02-10 15:52:16,951:INFO:Epoch 144: Train Loss: 58.7603, Train Node Loss: 0.0166, Train Reg Loss: 0.5874, Train MAPE: 11.8900, Train R: 0.8332, Train RRSE: 0.5569, Test Loss: 113.5149, Test Node Loss: 0.0086, Test Reg Loss: 1.1351, Test MAPE: 12.1062, Test R: 0.7796, Test RRSE: 0.7723
2025-02-10 15:52:16,990:INFO:Checkpoint saved at best_0.001_0.001_256_SAGE_3_32_0.7796_epoch_144.pth
2025-02-10 15:52:38,082:INFO:Epoch 145: Train Loss: 60.4541, Train Node Loss: 0.0175, Train Reg Loss: 0.6044, Train MAPE: 12.1663, Train R: 0.8343, Train RRSE: 0.5649, Test Loss: 145.6195, Test Node Loss: 0.0086, Test Reg Loss: 1.4561, Test MAPE: 12.6362, Test R: 0.7808, Test RRSE: 0.8748
2025-02-10 15:52:38,122:INFO:Checkpoint saved at best_0.001_0.001_256_SAGE_3_32_0.7808_epoch_145.pth
2025-02-10 15:52:59,356:INFO:Epoch 146: Train Loss: 58.5158, Train Node Loss: 0.0153, Train Reg Loss: 0.5850, Train MAPE: 11.9189, Train R: 0.8398, Train RRSE: 0.5557, Test Loss: 135.3916, Test Node Loss: 0.0086, Test Reg Loss: 1.3538, Test MAPE: 12.5766, Test R: 0.7794, Test RRSE: 0.8435
2025-02-10 15:53:20,409:INFO:Epoch 147: Train Loss: 58.9277, Train Node Loss: 0.0166, Train Reg Loss: 0.5891, Train MAPE: 12.2780, Train R: 0.8374, Train RRSE: 0.5577, Test Loss: 126.3618, Test Node Loss: 0.0086, Test Reg Loss: 1.2635, Test MAPE: 12.2944, Test R: 0.7797, Test RRSE: 0.8149
2025-02-10 15:53:41,527:INFO:Epoch 148: Train Loss: 58.0402, Train Node Loss: 0.0158, Train Reg Loss: 0.5802, Train MAPE: 11.9815, Train R: 0.8334, Train RRSE: 0.5535, Test Loss: 157.1847, Test Node Loss: 0.0086, Test Reg Loss: 1.5718, Test MAPE: 12.7485, Test R: 0.7801, Test RRSE: 0.9088
2025-02-10 15:54:02,711:INFO:Epoch 149: Train Loss: 60.4537, Train Node Loss: 0.0157, Train Reg Loss: 0.6044, Train MAPE: 11.9489, Train R: 0.8261, Train RRSE: 0.5649, Test Loss: 99.1876, Test Node Loss: 0.0086, Test Reg Loss: 0.9918, Test MAPE: 11.9242, Test R: 0.7806, Test RRSE: 0.7219
2025-02-10 15:54:23,743:INFO:Epoch 150: Train Loss: 57.7872, Train Node Loss: 0.0159, Train Reg Loss: 0.5777, Train MAPE: 12.1743, Train R: 0.8338, Train RRSE: 0.5523, Test Loss: 137.1279, Test Node Loss: 0.0086, Test Reg Loss: 1.3712, Test MAPE: 12.5623, Test R: 0.7795, Test RRSE: 0.8489
2025-02-10 15:54:44,903:INFO:Epoch 151: Train Loss: 59.4890, Train Node Loss: 0.0164, Train Reg Loss: 0.5947, Train MAPE: 12.1662, Train R: 0.8302, Train RRSE: 0.5603, Test Loss: 128.6746, Test Node Loss: 0.0086, Test Reg Loss: 1.2867, Test MAPE: 12.2048, Test R: 0.7773, Test RRSE: 0.8223
2025-02-10 15:55:05,972:INFO:Epoch 152: Train Loss: 60.7148, Train Node Loss: 0.0156, Train Reg Loss: 0.6070, Train MAPE: 12.0339, Train R: 0.8272, Train RRSE: 0.5661, Test Loss: 90.4286, Test Node Loss: 0.0086, Test Reg Loss: 0.9042, Test MAPE: 12.0349, Test R: 0.7790, Test RRSE: 0.6893
2025-02-10 15:55:26,970:INFO:Epoch 153: Train Loss: 53.0432, Train Node Loss: 0.0160, Train Reg Loss: 0.5303, Train MAPE: 12.2181, Train R: 0.8505, Train RRSE: 0.5291, Test Loss: 169.5052, Test Node Loss: 0.0086, Test Reg Loss: 1.6950, Test MAPE: 13.0723, Test R: 0.7776, Test RRSE: 0.9438
2025-02-10 15:55:47,981:INFO:Epoch 154: Train Loss: 60.1609, Train Node Loss: 0.0156, Train Reg Loss: 0.6015, Train MAPE: 12.1506, Train R: 0.8273, Train RRSE: 0.5635, Test Loss: 131.2886, Test Node Loss: 0.0086, Test Reg Loss: 1.3128, Test MAPE: 12.3585, Test R: 0.7776, Test RRSE: 0.8306
2025-02-10 15:56:09,194:INFO:Epoch 155: Train Loss: 52.5615, Train Node Loss: 0.0151, Train Reg Loss: 0.5255, Train MAPE: 12.0401, Train R: 0.8518, Train RRSE: 0.5267, Test Loss: 132.6563, Test Node Loss: 0.0086, Test Reg Loss: 1.3265, Test MAPE: 12.5372, Test R: 0.7794, Test RRSE: 0.8349
2025-02-10 15:56:30,170:INFO:Epoch 156: Train Loss: 55.7148, Train Node Loss: 0.0152, Train Reg Loss: 0.5570, Train MAPE: 12.2554, Train R: 0.8407, Train RRSE: 0.5423, Test Loss: 136.7799, Test Node Loss: 0.0086, Test Reg Loss: 1.3677, Test MAPE: 12.6495, Test R: 0.7802, Test RRSE: 0.8478
2025-02-10 15:56:51,186:INFO:Epoch 157: Train Loss: 55.3119, Train Node Loss: 0.0149, Train Reg Loss: 0.5530, Train MAPE: 12.1907, Train R: 0.8418, Train RRSE: 0.5403, Test Loss: 173.3034, Test Node Loss: 0.0086, Test Reg Loss: 1.7329, Test MAPE: 13.0803, Test R: 0.7796, Test RRSE: 0.9543
2025-02-10 15:57:12,169:INFO:Epoch 158: Train Loss: 56.2323, Train Node Loss: 0.0147, Train Reg Loss: 0.5622, Train MAPE: 12.2938, Train R: 0.8387, Train RRSE: 0.5448, Test Loss: 136.4939, Test Node Loss: 0.0086, Test Reg Loss: 1.3649, Test MAPE: 12.7228, Test R: 0.7787, Test RRSE: 0.8469
2025-02-10 15:57:33,353:INFO:Epoch 159: Train Loss: 55.4188, Train Node Loss: 0.0149, Train Reg Loss: 0.5540, Train MAPE: 12.0577, Train R: 0.8421, Train RRSE: 0.5408, Test Loss: 137.8073, Test Node Loss: 0.0086, Test Reg Loss: 1.3780, Test MAPE: 12.5443, Test R: 0.7820, Test RRSE: 0.8510
2025-02-10 15:57:33,388:INFO:Checkpoint saved at best_0.001_0.001_256_SAGE_3_32_0.7820_epoch_159.pth
2025-02-10 15:57:54,458:INFO:Epoch 160: Train Loss: 55.4211, Train Node Loss: 0.0146, Train Reg Loss: 0.5541, Train MAPE: 12.1743, Train R: 0.8413, Train RRSE: 0.5408, Test Loss: 143.5149, Test Node Loss: 0.0086, Test Reg Loss: 1.4351, Test MAPE: 12.8109, Test R: 0.7773, Test RRSE: 0.8684
2025-02-10 15:58:15,405:INFO:Epoch 161: Train Loss: 60.5152, Train Node Loss: 0.0146, Train Reg Loss: 0.6050, Train MAPE: 11.8860, Train R: 0.8267, Train RRSE: 0.5652, Test Loss: 148.8196, Test Node Loss: 0.0086, Test Reg Loss: 1.4881, Test MAPE: 12.5479, Test R: 0.7789, Test RRSE: 0.8843
2025-02-10 15:58:36,473:INFO:Epoch 162: Train Loss: 58.7927, Train Node Loss: 0.0151, Train Reg Loss: 0.5878, Train MAPE: 12.1631, Train R: 0.8367, Train RRSE: 0.5570, Test Loss: 225.7047, Test Node Loss: 0.0085, Test Reg Loss: 2.2570, Test MAPE: 13.9030, Test R: 0.7807, Test RRSE: 1.0891
2025-02-10 15:58:57,528:INFO:Epoch 163: Train Loss: 64.9222, Train Node Loss: 0.0145, Train Reg Loss: 0.6491, Train MAPE: 12.1177, Train R: 0.8108, Train RRSE: 0.5854, Test Loss: 180.9446, Test Node Loss: 0.0085, Test Reg Loss: 1.8094, Test MAPE: 13.2060, Test R: 0.7787, Test RRSE: 0.9751
2025-02-10 15:59:18,756:INFO:Epoch 164: Train Loss: 55.9208, Train Node Loss: 0.0146, Train Reg Loss: 0.5591, Train MAPE: 12.1974, Train R: 0.8397, Train RRSE: 0.5433, Test Loss: 102.4542, Test Node Loss: 0.0086, Test Reg Loss: 1.0245, Test MAPE: 12.1714, Test R: 0.7792, Test RRSE: 0.7337
2025-02-10 15:59:39,904:INFO:Epoch 165: Train Loss: 52.3616, Train Node Loss: 0.0145, Train Reg Loss: 0.5235, Train MAPE: 11.9990, Train R: 0.8513, Train RRSE: 0.5257, Test Loss: 156.7522, Test Node Loss: 0.0085, Test Reg Loss: 1.5674, Test MAPE: 12.8601, Test R: 0.7800, Test RRSE: 0.9076
2025-02-10 16:00:01,106:INFO:Epoch 166: Train Loss: 57.0199, Train Node Loss: 0.0143, Train Reg Loss: 0.5701, Train MAPE: 12.1960, Train R: 0.8365, Train RRSE: 0.5486, Test Loss: 154.0140, Test Node Loss: 0.0085, Test Reg Loss: 1.5401, Test MAPE: 12.5944, Test R: 0.7805, Test RRSE: 0.8996
2025-02-10 16:00:22,088:INFO:Epoch 167: Train Loss: 69.6026, Train Node Loss: 0.0144, Train Reg Loss: 0.6959, Train MAPE: 12.1401, Train R: 0.7977, Train RRSE: 0.6061, Test Loss: 202.7050, Test Node Loss: 0.0085, Test Reg Loss: 2.0270, Test MAPE: 13.3503, Test R: 0.7799, Test RRSE: 1.0321
2025-02-10 16:00:43,294:INFO:Epoch 168: Train Loss: 56.3700, Train Node Loss: 0.0138, Train Reg Loss: 0.5636, Train MAPE: 11.9487, Train R: 0.8477, Train RRSE: 0.5455, Test Loss: 75.8843, Test Node Loss: 0.0086, Test Reg Loss: 0.7588, Test MAPE: 11.6887, Test R: 0.7826, Test RRSE: 0.6315
2025-02-10 16:00:43,334:INFO:Checkpoint saved at best_0.001_0.001_256_SAGE_3_32_0.7826_epoch_168.pth
2025-02-10 16:01:04,429:INFO:Epoch 169: Train Loss: 60.1004, Train Node Loss: 0.0155, Train Reg Loss: 0.6008, Train MAPE: 12.3876, Train R: 0.8423, Train RRSE: 0.5632, Test Loss: 254.4352, Test Node Loss: 0.0085, Test Reg Loss: 2.5443, Test MAPE: 14.4011, Test R: 0.7801, Test RRSE: 1.1563
2025-02-10 16:01:25,609:INFO:Epoch 170: Train Loss: 65.0692, Train Node Loss: 0.0133, Train Reg Loss: 0.6506, Train MAPE: 11.8669, Train R: 0.8412, Train RRSE: 0.5860, Test Loss: 74.9137, Test Node Loss: 0.0086, Test Reg Loss: 0.7491, Test MAPE: 11.7948, Test R: 0.7828, Test RRSE: 0.6274
2025-02-10 16:01:25,636:INFO:Checkpoint saved at best_0.001_0.001_256_SAGE_3_32_0.7828_epoch_170.pth
2025-02-10 16:01:46,730:INFO:Epoch 171: Train Loss: 67.4408, Train Node Loss: 0.0143, Train Reg Loss: 0.6743, Train MAPE: 12.6234, Train R: 0.8285, Train RRSE: 0.5966, Test Loss: 145.7884, Test Node Loss: 0.0085, Test Reg Loss: 1.4578, Test MAPE: 12.8331, Test R: 0.7811, Test RRSE: 0.8753
2025-02-10 16:02:07,814:INFO:Epoch 172: Train Loss: 64.5089, Train Node Loss: 0.0127, Train Reg Loss: 0.6450, Train MAPE: 12.2627, Train R: 0.8154, Train RRSE: 0.5835, Test Loss: 113.0678, Test Node Loss: 0.0085, Test Reg Loss: 1.1306, Test MAPE: 12.1445, Test R: 0.7764, Test RRSE: 0.7708
2025-02-10 16:02:28,964:INFO:Epoch 173: Train Loss: 58.8574, Train Node Loss: 0.0136, Train Reg Loss: 0.5884, Train MAPE: 11.7299, Train R: 0.8349, Train RRSE: 0.5574, Test Loss: 134.6812, Test Node Loss: 0.0085, Test Reg Loss: 1.3467, Test MAPE: 12.2704, Test R: 0.7760, Test RRSE: 0.8413
2025-02-10 16:02:50,106:INFO:Epoch 174: Train Loss: 56.4434, Train Node Loss: 0.0138, Train Reg Loss: 0.5643, Train MAPE: 12.2270, Train R: 0.8384, Train RRSE: 0.5458, Test Loss: 94.1692, Test Node Loss: 0.0085, Test Reg Loss: 0.9416, Test MAPE: 12.1644, Test R: 0.7792, Test RRSE: 0.7034
2025-02-10 16:03:11,148:INFO:Epoch 175: Train Loss: 62.5694, Train Node Loss: 0.0137, Train Reg Loss: 0.6256, Train MAPE: 12.1137, Train R: 0.8205, Train RRSE: 0.5747, Test Loss: 98.8143, Test Node Loss: 0.0085, Test Reg Loss: 0.9881, Test MAPE: 11.9944, Test R: 0.7811, Test RRSE: 0.7206
2025-02-10 16:03:32,201:INFO:Epoch 176: Train Loss: 57.4761, Train Node Loss: 0.0134, Train Reg Loss: 0.5746, Train MAPE: 11.8501, Train R: 0.8381, Train RRSE: 0.5508, Test Loss: 143.2670, Test Node Loss: 0.0085, Test Reg Loss: 1.4326, Test MAPE: 12.5072, Test R: 0.7840, Test RRSE: 0.8677
2025-02-10 16:03:32,235:INFO:Checkpoint saved at best_0.001_0.001_256_SAGE_3_32_0.7840_epoch_176.pth
2025-02-10 16:03:53,258:INFO:Epoch 177: Train Loss: 54.8193, Train Node Loss: 0.0132, Train Reg Loss: 0.5481, Train MAPE: 12.3028, Train R: 0.8438, Train RRSE: 0.5379, Test Loss: 137.6507, Test Node Loss: 0.0085, Test Reg Loss: 1.3764, Test MAPE: 12.5114, Test R: 0.7826, Test RRSE: 0.8505
2025-02-10 16:04:14,203:INFO:Epoch 178: Train Loss: 65.9038, Train Node Loss: 0.0137, Train Reg Loss: 0.6589, Train MAPE: 12.1366, Train R: 0.8173, Train RRSE: 0.5898, Test Loss: 186.3084, Test Node Loss: 0.0085, Test Reg Loss: 1.8630, Test MAPE: 13.1771, Test R: 0.7785, Test RRSE: 0.9895
2025-02-10 16:04:35,422:INFO:Epoch 179: Train Loss: 63.4600, Train Node Loss: 0.0125, Train Reg Loss: 0.6345, Train MAPE: 12.1150, Train R: 0.8399, Train RRSE: 0.5788, Test Loss: 100.6239, Test Node Loss: 0.0085, Test Reg Loss: 1.0062, Test MAPE: 11.9791, Test R: 0.7813, Test RRSE: 0.7271
2025-02-10 16:04:56,642:INFO:Epoch 180: Train Loss: 57.6147, Train Node Loss: 0.0136, Train Reg Loss: 0.5760, Train MAPE: 12.1599, Train R: 0.8453, Train RRSE: 0.5514, Test Loss: 136.9722, Test Node Loss: 0.0085, Test Reg Loss: 1.3696, Test MAPE: 12.3329, Test R: 0.7800, Test RRSE: 0.8484
2025-02-10 16:05:17,562:INFO:Epoch 181: Train Loss: 54.1066, Train Node Loss: 0.0128, Train Reg Loss: 0.5409, Train MAPE: 12.0461, Train R: 0.8481, Train RRSE: 0.5344, Test Loss: 95.5461, Test Node Loss: 0.0085, Test Reg Loss: 0.9554, Test MAPE: 12.3879, Test R: 0.7801, Test RRSE: 0.7086
2025-02-10 16:05:38,721:INFO:Epoch 182: Train Loss: 61.3370, Train Node Loss: 0.0127, Train Reg Loss: 0.6132, Train MAPE: 12.2938, Train R: 0.8228, Train RRSE: 0.5690, Test Loss: 125.9137, Test Node Loss: 0.0085, Test Reg Loss: 1.2591, Test MAPE: 12.0780, Test R: 0.7808, Test RRSE: 0.8134
2025-02-10 16:05:59,695:INFO:Epoch 183: Train Loss: 55.3904, Train Node Loss: 0.0126, Train Reg Loss: 0.5538, Train MAPE: 11.9040, Train R: 0.8436, Train RRSE: 0.5407, Test Loss: 146.3509, Test Node Loss: 0.0085, Test Reg Loss: 1.4634, Test MAPE: 12.5243, Test R: 0.7808, Test RRSE: 0.8770
2025-02-10 16:06:20,889:INFO:Epoch 184: Train Loss: 56.6380, Train Node Loss: 0.0128, Train Reg Loss: 0.5663, Train MAPE: 12.2886, Train R: 0.8386, Train RRSE: 0.5468, Test Loss: 144.6697, Test Node Loss: 0.0085, Test Reg Loss: 1.4466, Test MAPE: 12.6902, Test R: 0.7812, Test RRSE: 0.8719
2025-02-10 16:06:41,969:INFO:Epoch 185: Train Loss: 58.3580, Train Node Loss: 0.0130, Train Reg Loss: 0.5835, Train MAPE: 12.0213, Train R: 0.8341, Train RRSE: 0.5550, Test Loss: 208.6699, Test Node Loss: 0.0085, Test Reg Loss: 2.0866, Test MAPE: 13.5831, Test R: 0.7789, Test RRSE: 1.0472
2025-02-10 16:07:03,023:INFO:Epoch 186: Train Loss: 58.6361, Train Node Loss: 0.0127, Train Reg Loss: 0.5862, Train MAPE: 12.2509, Train R: 0.8365, Train RRSE: 0.5563, Test Loss: 82.3037, Test Node Loss: 0.0085, Test Reg Loss: 0.8230, Test MAPE: 12.1347, Test R: 0.7817, Test RRSE: 0.6576
2025-02-10 16:07:24,184:INFO:Epoch 187: Train Loss: 60.3669, Train Node Loss: 0.0133, Train Reg Loss: 0.6035, Train MAPE: 12.1783, Train R: 0.8283, Train RRSE: 0.5645, Test Loss: 151.4042, Test Node Loss: 0.0085, Test Reg Loss: 1.5140, Test MAPE: 12.5736, Test R: 0.7790, Test RRSE: 0.8920
2025-02-10 16:07:45,381:INFO:Epoch 188: Train Loss: 52.7836, Train Node Loss: 0.0130, Train Reg Loss: 0.5277, Train MAPE: 12.1088, Train R: 0.8502, Train RRSE: 0.5278, Test Loss: 94.3982, Test Node Loss: 0.0085, Test Reg Loss: 0.9439, Test MAPE: 11.9062, Test R: 0.7816, Test RRSE: 0.7043
2025-02-10 16:08:06,373:INFO:Epoch 189: Train Loss: 56.5767, Train Node Loss: 0.0130, Train Reg Loss: 0.5656, Train MAPE: 12.1267, Train R: 0.8389, Train RRSE: 0.5465, Test Loss: 143.0895, Test Node Loss: 0.0085, Test Reg Loss: 1.4308, Test MAPE: 12.6529, Test R: 0.7815, Test RRSE: 0.8671
2025-02-10 16:08:27,509:INFO:Epoch 190: Train Loss: 66.1353, Train Node Loss: 0.0126, Train Reg Loss: 0.6612, Train MAPE: 11.8980, Train R: 0.8107, Train RRSE: 0.5908, Test Loss: 84.2500, Test Node Loss: 0.0086, Test Reg Loss: 0.8424, Test MAPE: 11.8092, Test R: 0.7814, Test RRSE: 0.6654
2025-02-10 16:08:48,621:INFO:Epoch 191: Train Loss: 61.8403, Train Node Loss: 0.0127, Train Reg Loss: 0.6183, Train MAPE: 12.5034, Train R: 0.8221, Train RRSE: 0.5713, Test Loss: 111.5517, Test Node Loss: 0.0085, Test Reg Loss: 1.1154, Test MAPE: 12.1085, Test R: 0.7829, Test RRSE: 0.7656
2025-02-10 16:09:09,762:INFO:Epoch 192: Train Loss: 57.3548, Train Node Loss: 0.0133, Train Reg Loss: 0.5734, Train MAPE: 12.0142, Train R: 0.8423, Train RRSE: 0.5502, Test Loss: 123.4090, Test Node Loss: 0.0085, Test Reg Loss: 1.2340, Test MAPE: 12.2580, Test R: 0.7789, Test RRSE: 0.8053
2025-02-10 16:09:30,760:INFO:Epoch 193: Train Loss: 62.6043, Train Node Loss: 0.0127, Train Reg Loss: 0.6259, Train MAPE: 12.0126, Train R: 0.8229, Train RRSE: 0.5748, Test Loss: 102.1447, Test Node Loss: 0.0085, Test Reg Loss: 1.0214, Test MAPE: 12.2495, Test R: 0.7795, Test RRSE: 0.7326
2025-02-10 16:09:51,673:INFO:Epoch 194: Train Loss: 57.3305, Train Node Loss: 0.0128, Train Reg Loss: 0.5732, Train MAPE: 12.1558, Train R: 0.8352, Train RRSE: 0.5501, Test Loss: 201.9050, Test Node Loss: 0.0085, Test Reg Loss: 2.0190, Test MAPE: 13.4310, Test R: 0.7807, Test RRSE: 1.0300
2025-02-10 16:10:12,812:INFO:Epoch 195: Train Loss: 52.2967, Train Node Loss: 0.0130, Train Reg Loss: 0.5228, Train MAPE: 11.8746, Train R: 0.8546, Train RRSE: 0.5254, Test Loss: 124.4064, Test Node Loss: 0.0085, Test Reg Loss: 1.2440, Test MAPE: 12.3182, Test R: 0.7817, Test RRSE: 0.8085
2025-02-10 16:10:33,868:INFO:Epoch 196: Train Loss: 53.2488, Train Node Loss: 0.0130, Train Reg Loss: 0.5324, Train MAPE: 12.3695, Train R: 0.8529, Train RRSE: 0.5301, Test Loss: 196.5567, Test Node Loss: 0.0085, Test Reg Loss: 1.9655, Test MAPE: 13.4617, Test R: 0.7806, Test RRSE: 1.0163
2025-02-10 16:10:54,793:INFO:Epoch 197: Train Loss: 52.3636, Train Node Loss: 0.0124, Train Reg Loss: 0.5235, Train MAPE: 11.9391, Train R: 0.8543, Train RRSE: 0.5257, Test Loss: 134.7292, Test Node Loss: 0.0085, Test Reg Loss: 1.3472, Test MAPE: 12.5496, Test R: 0.7797, Test RRSE: 0.8414
2025-02-10 16:11:15,754:INFO:Epoch 198: Train Loss: 58.4190, Train Node Loss: 0.0125, Train Reg Loss: 0.5841, Train MAPE: 12.1961, Train R: 0.8320, Train RRSE: 0.5553, Test Loss: 156.8078, Test Node Loss: 0.0085, Test Reg Loss: 1.5680, Test MAPE: 13.0259, Test R: 0.7793, Test RRSE: 0.9077
2025-02-10 16:11:36,924:INFO:Epoch 199: Train Loss: 52.7516, Train Node Loss: 0.0131, Train Reg Loss: 0.5274, Train MAPE: 12.1719, Train R: 0.8568, Train RRSE: 0.5277, Test Loss: 266.7932, Test Node Loss: 0.0085, Test Reg Loss: 2.6678, Test MAPE: 14.3107, Test R: 0.7764, Test RRSE: 1.1841
2025-02-10 16:11:57,882:INFO:Epoch 200: Train Loss: 59.3026, Train Node Loss: 0.0127, Train Reg Loss: 0.5929, Train MAPE: 12.0666, Train R: 0.8302, Train RRSE: 0.5595, Test Loss: 125.6220, Test Node Loss: 0.0085, Test Reg Loss: 1.2561, Test MAPE: 12.4919, Test R: 0.7808, Test RRSE: 0.8125
2025-02-10 16:12:19,096:INFO:Epoch 201: Train Loss: 56.6724, Train Node Loss: 0.0123, Train Reg Loss: 0.5666, Train MAPE: 12.0130, Train R: 0.8420, Train RRSE: 0.5469, Test Loss: 130.0294, Test Node Loss: 0.0085, Test Reg Loss: 1.3002, Test MAPE: 12.4007, Test R: 0.7811, Test RRSE: 0.8266
2025-02-10 16:12:40,270:INFO:Epoch 202: Train Loss: 53.4210, Train Node Loss: 0.0126, Train Reg Loss: 0.5341, Train MAPE: 12.3122, Train R: 0.8510, Train RRSE: 0.5310, Test Loss: 217.7749, Test Node Loss: 0.0085, Test Reg Loss: 2.1777, Test MAPE: 13.8929, Test R: 0.7792, Test RRSE: 1.0698
2025-02-10 16:13:01,250:INFO:Epoch 203: Train Loss: 55.4054, Train Node Loss: 0.0125, Train Reg Loss: 0.5539, Train MAPE: 12.2399, Train R: 0.8412, Train RRSE: 0.5408, Test Loss: 149.1742, Test Node Loss: 0.0085, Test Reg Loss: 1.4917, Test MAPE: 12.7648, Test R: 0.7789, Test RRSE: 0.8854
2025-02-10 16:13:22,190:INFO:Epoch 204: Train Loss: 55.4897, Train Node Loss: 0.0126, Train Reg Loss: 0.5548, Train MAPE: 11.9597, Train R: 0.8426, Train RRSE: 0.5412, Test Loss: 143.7822, Test Node Loss: 0.0085, Test Reg Loss: 1.4377, Test MAPE: 12.4599, Test R: 0.7796, Test RRSE: 0.8692
2025-02-10 16:13:43,089:INFO:Epoch 205: Train Loss: 51.6190, Train Node Loss: 0.0127, Train Reg Loss: 0.5161, Train MAPE: 12.3578, Train R: 0.8543, Train RRSE: 0.5220, Test Loss: 161.2596, Test Node Loss: 0.0085, Test Reg Loss: 1.6125, Test MAPE: 13.1113, Test R: 0.7811, Test RRSE: 0.9205
2025-02-10 16:14:04,176:INFO:Epoch 206: Train Loss: 57.1740, Train Node Loss: 0.0125, Train Reg Loss: 0.5716, Train MAPE: 12.0322, Train R: 0.8357, Train RRSE: 0.5493, Test Loss: 206.3656, Test Node Loss: 0.0085, Test Reg Loss: 2.0636, Test MAPE: 13.5146, Test R: 0.7798, Test RRSE: 1.0414
2025-02-10 16:14:25,160:INFO:Epoch 207: Train Loss: 53.7227, Train Node Loss: 0.0121, Train Reg Loss: 0.5371, Train MAPE: 12.0742, Train R: 0.8521, Train RRSE: 0.5325, Test Loss: 119.5220, Test Node Loss: 0.0085, Test Reg Loss: 1.1951, Test MAPE: 12.6108, Test R: 0.7819, Test RRSE: 0.7925
2025-02-10 16:14:46,253:INFO:Epoch 208: Train Loss: 53.0462, Train Node Loss: 0.0129, Train Reg Loss: 0.5303, Train MAPE: 12.1930, Train R: 0.8531, Train RRSE: 0.5291, Test Loss: 221.1474, Test Node Loss: 0.0085, Test Reg Loss: 2.2114, Test MAPE: 13.6773, Test R: 0.7791, Test RRSE: 1.0780
2025-02-10 16:15:07,424:INFO:Epoch 209: Train Loss: 54.8260, Train Node Loss: 0.0126, Train Reg Loss: 0.5481, Train MAPE: 12.2120, Train R: 0.8456, Train RRSE: 0.5379, Test Loss: 104.4149, Test Node Loss: 0.0085, Test Reg Loss: 1.0441, Test MAPE: 12.3430, Test R: 0.7775, Test RRSE: 0.7407
2025-02-10 16:15:28,483:INFO:Epoch 210: Train Loss: 56.4464, Train Node Loss: 0.0127, Train Reg Loss: 0.5643, Train MAPE: 12.3539, Train R: 0.8384, Train RRSE: 0.5458, Test Loss: 157.2877, Test Node Loss: 0.0085, Test Reg Loss: 1.5728, Test MAPE: 12.8041, Test R: 0.7790, Test RRSE: 0.9091
2025-02-10 16:15:49,561:INFO:Epoch 211: Train Loss: 49.1354, Train Node Loss: 0.0122, Train Reg Loss: 0.4912, Train MAPE: 12.0472, Train R: 0.8640, Train RRSE: 0.5092, Test Loss: 163.6287, Test Node Loss: 0.0084, Test Reg Loss: 1.6362, Test MAPE: 12.7415, Test R: 0.7797, Test RRSE: 0.9273
2025-02-10 16:16:10,511:INFO:Epoch 212: Train Loss: 61.5569, Train Node Loss: 0.0124, Train Reg Loss: 0.6154, Train MAPE: 12.1890, Train R: 0.8271, Train RRSE: 0.5700, Test Loss: 265.3978, Test Node Loss: 0.0084, Test Reg Loss: 2.6539, Test MAPE: 14.4518, Test R: 0.7796, Test RRSE: 1.1810
2025-02-10 16:16:31,433:INFO:Epoch 213: Train Loss: 60.4676, Train Node Loss: 0.0121, Train Reg Loss: 0.6046, Train MAPE: 12.3385, Train R: 0.8253, Train RRSE: 0.5649, Test Loss: 127.7465, Test Node Loss: 0.0085, Test Reg Loss: 1.2774, Test MAPE: 12.6797, Test R: 0.7812, Test RRSE: 0.8193
2025-02-10 16:16:52,385:INFO:Epoch 214: Train Loss: 52.2108, Train Node Loss: 0.0122, Train Reg Loss: 0.5220, Train MAPE: 12.0406, Train R: 0.8526, Train RRSE: 0.5249, Test Loss: 238.3348, Test Node Loss: 0.0085, Test Reg Loss: 2.3833, Test MAPE: 14.1381, Test R: 0.7810, Test RRSE: 1.1191
2025-02-10 16:17:13,485:INFO:Epoch 215: Train Loss: 55.8918, Train Node Loss: 0.0119, Train Reg Loss: 0.5588, Train MAPE: 12.2461, Train R: 0.8423, Train RRSE: 0.5431, Test Loss: 134.9779, Test Node Loss: 0.0085, Test Reg Loss: 1.3497, Test MAPE: 12.7462, Test R: 0.7785, Test RRSE: 0.8422
2025-02-10 16:17:34,407:INFO:Epoch 216: Train Loss: 52.0979, Train Node Loss: 0.0118, Train Reg Loss: 0.5209, Train MAPE: 12.2367, Train R: 0.8518, Train RRSE: 0.5244, Test Loss: 208.0201, Test Node Loss: 0.0085, Test Reg Loss: 2.0801, Test MAPE: 13.6137, Test R: 0.7766, Test RRSE: 1.0455
2025-02-10 16:17:55,446:INFO:Epoch 217: Train Loss: 57.5855, Train Node Loss: 0.0115, Train Reg Loss: 0.5757, Train MAPE: 12.1590, Train R: 0.8343, Train RRSE: 0.5513, Test Loss: 117.7863, Test Node Loss: 0.0085, Test Reg Loss: 1.1778, Test MAPE: 12.5539, Test R: 0.7815, Test RRSE: 0.7867
2025-02-10 16:18:16,578:INFO:Epoch 218: Train Loss: 55.2953, Train Node Loss: 0.0115, Train Reg Loss: 0.5528, Train MAPE: 12.1415, Train R: 0.8449, Train RRSE: 0.5402, Test Loss: 165.1030, Test Node Loss: 0.0085, Test Reg Loss: 1.6509, Test MAPE: 13.0616, Test R: 0.7796, Test RRSE: 0.9314
2025-02-10 16:18:37,618:INFO:Epoch 219: Train Loss: 56.9269, Train Node Loss: 0.0112, Train Reg Loss: 0.5692, Train MAPE: 12.2933, Train R: 0.8408, Train RRSE: 0.5482, Test Loss: 111.1601, Test Node Loss: 0.0085, Test Reg Loss: 1.1115, Test MAPE: 12.2844, Test R: 0.7807, Test RRSE: 0.7643
2025-02-10 16:18:58,742:INFO:Epoch 220: Train Loss: 52.2066, Train Node Loss: 0.0114, Train Reg Loss: 0.5220, Train MAPE: 12.1627, Train R: 0.8517, Train RRSE: 0.5249, Test Loss: 166.9549, Test Node Loss: 0.0085, Test Reg Loss: 1.6695, Test MAPE: 13.1874, Test R: 0.7790, Test RRSE: 0.9367
2025-02-10 16:19:19,981:INFO:Epoch 221: Train Loss: 50.5968, Train Node Loss: 0.0114, Train Reg Loss: 0.5059, Train MAPE: 12.1133, Train R: 0.8572, Train RRSE: 0.5168, Test Loss: 111.8062, Test Node Loss: 0.0084, Test Reg Loss: 1.1180, Test MAPE: 12.1783, Test R: 0.7814, Test RRSE: 0.7665
2025-02-10 16:19:40,971:INFO:Epoch 222: Train Loss: 52.0407, Train Node Loss: 0.0114, Train Reg Loss: 0.5203, Train MAPE: 12.0225, Train R: 0.8532, Train RRSE: 0.5241, Test Loss: 216.3055, Test Node Loss: 0.0085, Test Reg Loss: 2.1630, Test MAPE: 13.8154, Test R: 0.7810, Test RRSE: 1.0661
2025-02-10 16:20:02,074:INFO:Epoch 223: Train Loss: 60.5166, Train Node Loss: 0.0113, Train Reg Loss: 0.6051, Train MAPE: 12.3367, Train R: 0.8271, Train RRSE: 0.5652, Test Loss: 97.9498, Test Node Loss: 0.0085, Test Reg Loss: 0.9794, Test MAPE: 12.2579, Test R: 0.7797, Test RRSE: 0.7174
2025-02-10 16:20:23,100:INFO:Epoch 224: Train Loss: 55.1745, Train Node Loss: 0.0118, Train Reg Loss: 0.5516, Train MAPE: 12.2132, Train R: 0.8517, Train RRSE: 0.5396, Test Loss: 212.9973, Test Node Loss: 0.0085, Test Reg Loss: 2.1299, Test MAPE: 13.7232, Test R: 0.7845, Test RRSE: 1.0580
2025-02-10 16:20:23,148:INFO:Checkpoint saved at best_0.001_0.001_256_SAGE_3_32_0.7845_epoch_224.pth
2025-02-10 16:20:43,999:INFO:Epoch 225: Train Loss: 61.2192, Train Node Loss: 0.0113, Train Reg Loss: 0.6121, Train MAPE: 12.4160, Train R: 0.8269, Train RRSE: 0.5684, Test Loss: 79.7370, Test Node Loss: 0.0085, Test Reg Loss: 0.7973, Test MAPE: 12.2206, Test R: 0.7835, Test RRSE: 0.6473
2025-02-10 16:21:04,765:INFO:Epoch 226: Train Loss: 51.4203, Train Node Loss: 0.0116, Train Reg Loss: 0.5141, Train MAPE: 12.1303, Train R: 0.8546, Train RRSE: 0.5210, Test Loss: 109.9850, Test Node Loss: 0.0084, Test Reg Loss: 1.0998, Test MAPE: 11.9224, Test R: 0.7791, Test RRSE: 0.7602
2025-02-10 16:21:25,535:INFO:Epoch 227: Train Loss: 52.2091, Train Node Loss: 0.0117, Train Reg Loss: 0.5220, Train MAPE: 12.2682, Train R: 0.8538, Train RRSE: 0.5249, Test Loss: 123.8302, Test Node Loss: 0.0084, Test Reg Loss: 1.2382, Test MAPE: 12.2952, Test R: 0.7810, Test RRSE: 0.8067
2025-02-10 16:21:46,195:INFO:Epoch 228: Train Loss: 55.8042, Train Node Loss: 0.0115, Train Reg Loss: 0.5579, Train MAPE: 12.1799, Train R: 0.8419, Train RRSE: 0.5427, Test Loss: 118.7151, Test Node Loss: 0.0084, Test Reg Loss: 1.1871, Test MAPE: 12.1361, Test R: 0.7759, Test RRSE: 0.7898
2025-02-10 16:22:07,026:INFO:Epoch 229: Train Loss: 55.1598, Train Node Loss: 0.0118, Train Reg Loss: 0.5515, Train MAPE: 12.0116, Train R: 0.8470, Train RRSE: 0.5396, Test Loss: 238.9964, Test Node Loss: 0.0084, Test Reg Loss: 2.3899, Test MAPE: 14.0835, Test R: 0.7761, Test RRSE: 1.1207
2025-02-10 16:22:27,830:INFO:Epoch 230: Train Loss: 59.6572, Train Node Loss: 0.0112, Train Reg Loss: 0.5965, Train MAPE: 12.1969, Train R: 0.8331, Train RRSE: 0.5611, Test Loss: 132.6641, Test Node Loss: 0.0084, Test Reg Loss: 1.3266, Test MAPE: 12.5277, Test R: 0.7790, Test RRSE: 0.8349
2025-02-10 16:22:48,604:INFO:Epoch 231: Train Loss: 51.9378, Train Node Loss: 0.0115, Train Reg Loss: 0.5193, Train MAPE: 12.1157, Train R: 0.8556, Train RRSE: 0.5236, Test Loss: 299.4319, Test Node Loss: 0.0085, Test Reg Loss: 2.9942, Test MAPE: 15.0268, Test R: 0.7788, Test RRSE: 1.2544
2025-02-10 16:23:09,423:INFO:Epoch 232: Train Loss: 52.5593, Train Node Loss: 0.0115, Train Reg Loss: 0.5255, Train MAPE: 12.2050, Train R: 0.8505, Train RRSE: 0.5267, Test Loss: 148.8607, Test Node Loss: 0.0085, Test Reg Loss: 1.4885, Test MAPE: 12.8988, Test R: 0.7783, Test RRSE: 0.8844
2025-02-10 16:23:30,319:INFO:Epoch 233: Train Loss: 58.5989, Train Node Loss: 0.0113, Train Reg Loss: 0.5859, Train MAPE: 12.2943, Train R: 0.8342, Train RRSE: 0.5561, Test Loss: 141.5186, Test Node Loss: 0.0085, Test Reg Loss: 1.4151, Test MAPE: 12.6344, Test R: 0.7787, Test RRSE: 0.8624
2025-02-10 16:23:51,050:INFO:Epoch 234: Train Loss: 56.0923, Train Node Loss: 0.0115, Train Reg Loss: 0.5608, Train MAPE: 12.1781, Train R: 0.8429, Train RRSE: 0.5441, Test Loss: 306.6628, Test Node Loss: 0.0085, Test Reg Loss: 3.0665, Test MAPE: 15.0985, Test R: 0.7779, Test RRSE: 1.2695
2025-02-10 16:24:12,002:INFO:Epoch 235: Train Loss: 51.8703, Train Node Loss: 0.0113, Train Reg Loss: 0.5186, Train MAPE: 12.1665, Train R: 0.8555, Train RRSE: 0.5232, Test Loss: 98.3091, Test Node Loss: 0.0085, Test Reg Loss: 0.9830, Test MAPE: 12.2235, Test R: 0.7775, Test RRSE: 0.7187
2025-02-10 16:24:33,038:INFO:Epoch 236: Train Loss: 53.0386, Train Node Loss: 0.0113, Train Reg Loss: 0.5303, Train MAPE: 12.5016, Train R: 0.8495, Train RRSE: 0.5291, Test Loss: 208.6100, Test Node Loss: 0.0084, Test Reg Loss: 2.0860, Test MAPE: 13.7144, Test R: 0.7780, Test RRSE: 1.0470
2025-02-10 16:24:53,859:INFO:Epoch 237: Train Loss: 52.1545, Train Node Loss: 0.0110, Train Reg Loss: 0.5214, Train MAPE: 12.3342, Train R: 0.8515, Train RRSE: 0.5247, Test Loss: 175.8868, Test Node Loss: 0.0084, Test Reg Loss: 1.7588, Test MAPE: 13.2400, Test R: 0.7795, Test RRSE: 0.9614
2025-02-10 16:25:14,507:INFO:Epoch 238: Train Loss: 53.6727, Train Node Loss: 0.0110, Train Reg Loss: 0.5366, Train MAPE: 12.1443, Train R: 0.8475, Train RRSE: 0.5323, Test Loss: 166.0476, Test Node Loss: 0.0084, Test Reg Loss: 1.6604, Test MAPE: 13.0320, Test R: 0.7783, Test RRSE: 0.9341
2025-02-10 16:25:35,315:INFO:Epoch 239: Train Loss: 51.5951, Train Node Loss: 0.0109, Train Reg Loss: 0.5158, Train MAPE: 12.0215, Train R: 0.8546, Train RRSE: 0.5218, Test Loss: 137.0914, Test Node Loss: 0.0084, Test Reg Loss: 1.3708, Test MAPE: 12.7314, Test R: 0.7776, Test RRSE: 0.8488
2025-02-10 16:25:56,040:INFO:Epoch 240: Train Loss: 51.9980, Train Node Loss: 0.0109, Train Reg Loss: 0.5199, Train MAPE: 12.3728, Train R: 0.8526, Train RRSE: 0.5239, Test Loss: 162.7962, Test Node Loss: 0.0084, Test Reg Loss: 1.6279, Test MAPE: 12.9282, Test R: 0.7780, Test RRSE: 0.9249
2025-02-10 16:26:16,924:INFO:Epoch 241: Train Loss: 52.6786, Train Node Loss: 0.0108, Train Reg Loss: 0.5267, Train MAPE: 12.1821, Train R: 0.8504, Train RRSE: 0.5273, Test Loss: 182.3904, Test Node Loss: 0.0084, Test Reg Loss: 1.8238, Test MAPE: 13.2669, Test R: 0.7807, Test RRSE: 0.9790
2025-02-10 16:26:37,596:INFO:Epoch 242: Train Loss: 55.3956, Train Node Loss: 0.0107, Train Reg Loss: 0.5538, Train MAPE: 12.1683, Train R: 0.8413, Train RRSE: 0.5407, Test Loss: 275.2248, Test Node Loss: 0.0084, Test Reg Loss: 2.7522, Test MAPE: 14.5778, Test R: 0.7786, Test RRSE: 1.2026
2025-02-10 16:26:58,211:INFO:Epoch 243: Train Loss: 48.1697, Train Node Loss: 0.0107, Train Reg Loss: 0.4816, Train MAPE: 12.0956, Train R: 0.8654, Train RRSE: 0.5042, Test Loss: 105.8896, Test Node Loss: 0.0084, Test Reg Loss: 1.0588, Test MAPE: 12.3303, Test R: 0.7773, Test RRSE: 0.7459
2025-02-10 16:27:19,076:INFO:Epoch 244: Train Loss: 53.8565, Train Node Loss: 0.0108, Train Reg Loss: 0.5385, Train MAPE: 12.3487, Train R: 0.8496, Train RRSE: 0.5332, Test Loss: 251.1690, Test Node Loss: 0.0084, Test Reg Loss: 2.5116, Test MAPE: 14.2696, Test R: 0.7778, Test RRSE: 1.1489
2025-02-10 16:27:39,841:INFO:Epoch 245: Train Loss: 55.3376, Train Node Loss: 0.0105, Train Reg Loss: 0.5533, Train MAPE: 12.4217, Train R: 0.8427, Train RRSE: 0.5404, Test Loss: 126.7525, Test Node Loss: 0.0084, Test Reg Loss: 1.2674, Test MAPE: 12.3821, Test R: 0.7765, Test RRSE: 0.8161
2025-02-10 16:28:00,651:INFO:Epoch 246: Train Loss: 57.1835, Train Node Loss: 0.0107, Train Reg Loss: 0.5717, Train MAPE: 12.1652, Train R: 0.8368, Train RRSE: 0.5494, Test Loss: 170.9562, Test Node Loss: 0.0084, Test Reg Loss: 1.7095, Test MAPE: 13.2060, Test R: 0.7771, Test RRSE: 0.9478
2025-02-10 16:28:21,402:INFO:Epoch 247: Train Loss: 58.7304, Train Node Loss: 0.0108, Train Reg Loss: 0.5872, Train MAPE: 12.6598, Train R: 0.8441, Train RRSE: 0.5568, Test Loss: 271.6901, Test Node Loss: 0.0085, Test Reg Loss: 2.7168, Test MAPE: 14.6180, Test R: 0.7784, Test RRSE: 1.1949
2025-02-10 16:28:42,284:INFO:Epoch 248: Train Loss: 61.0884, Train Node Loss: 0.0104, Train Reg Loss: 0.6108, Train MAPE: 11.9932, Train R: 0.8444, Train RRSE: 0.5678, Test Loss: 81.9457, Test Node Loss: 0.0085, Test Reg Loss: 0.8194, Test MAPE: 12.1681, Test R: 0.7794, Test RRSE: 0.6562
2025-02-10 16:29:03,075:INFO:Epoch 249: Train Loss: 55.9824, Train Node Loss: 0.0104, Train Reg Loss: 0.5597, Train MAPE: 12.4116, Train R: 0.8544, Train RRSE: 0.5436, Test Loss: 215.2024, Test Node Loss: 0.0084, Test Reg Loss: 2.1519, Test MAPE: 13.7003, Test R: 0.7809, Test RRSE: 1.0634
2025-02-10 16:29:23,747:INFO:Epoch 250: Train Loss: 64.0505, Train Node Loss: 0.0102, Train Reg Loss: 0.6404, Train MAPE: 12.1909, Train R: 0.8243, Train RRSE: 0.5814, Test Loss: 102.3282, Test Node Loss: 0.0085, Test Reg Loss: 1.0232, Test MAPE: 12.2746, Test R: 0.7814, Test RRSE: 0.7333
2025-02-10 16:29:44,488:INFO:Epoch 251: Train Loss: 63.7315, Train Node Loss: 0.0103, Train Reg Loss: 0.6372, Train MAPE: 12.6294, Train R: 0.8188, Train RRSE: 0.5800, Test Loss: 222.5806, Test Node Loss: 0.0085, Test Reg Loss: 2.2257, Test MAPE: 13.7521, Test R: 0.7792, Test RRSE: 1.0815
2025-02-10 16:30:05,365:INFO:Epoch 252: Train Loss: 56.3729, Train Node Loss: 0.0108, Train Reg Loss: 0.5636, Train MAPE: 12.3360, Train R: 0.8549, Train RRSE: 0.5455, Test Loss: 288.4449, Test Node Loss: 0.0085, Test Reg Loss: 2.8844, Test MAPE: 14.8175, Test R: 0.7769, Test RRSE: 1.2312
2025-02-10 16:30:26,107:INFO:Epoch 253: Train Loss: 53.6564, Train Node Loss: 0.0103, Train Reg Loss: 0.5365, Train MAPE: 12.2144, Train R: 0.8588, Train RRSE: 0.5322, Test Loss: 124.2604, Test Node Loss: 0.0085, Test Reg Loss: 1.2425, Test MAPE: 12.6163, Test R: 0.7781, Test RRSE: 0.8081
2025-02-10 16:30:46,819:INFO:Epoch 254: Train Loss: 51.1376, Train Node Loss: 0.0105, Train Reg Loss: 0.5113, Train MAPE: 12.3469, Train R: 0.8582, Train RRSE: 0.5195, Test Loss: 173.1383, Test Node Loss: 0.0084, Test Reg Loss: 1.7313, Test MAPE: 13.1801, Test R: 0.7803, Test RRSE: 0.9538
2025-02-10 16:31:07,440:INFO:Epoch 255: Train Loss: 50.3715, Train Node Loss: 0.0102, Train Reg Loss: 0.5036, Train MAPE: 12.3364, Train R: 0.8569, Train RRSE: 0.5156, Test Loss: 138.6575, Test Node Loss: 0.0084, Test Reg Loss: 1.3865, Test MAPE: 12.6788, Test R: 0.7789, Test RRSE: 0.8536
2025-02-10 16:31:28,048:INFO:Epoch 256: Train Loss: 53.3533, Train Node Loss: 0.0100, Train Reg Loss: 0.5334, Train MAPE: 12.0588, Train R: 0.8502, Train RRSE: 0.5307, Test Loss: 113.6658, Test Node Loss: 0.0084, Test Reg Loss: 1.1366, Test MAPE: 12.3556, Test R: 0.7823, Test RRSE: 0.7728
2025-02-10 16:31:48,657:INFO:Epoch 257: Train Loss: 54.9199, Train Node Loss: 0.0100, Train Reg Loss: 0.5491, Train MAPE: 12.3032, Train R: 0.8436, Train RRSE: 0.5384, Test Loss: 185.4042, Test Node Loss: 0.0084, Test Reg Loss: 1.8540, Test MAPE: 13.4496, Test R: 0.7830, Test RRSE: 0.9871
2025-02-10 16:32:09,403:INFO:Epoch 258: Train Loss: 45.8649, Train Node Loss: 0.0099, Train Reg Loss: 0.4585, Train MAPE: 12.3109, Train R: 0.8712, Train RRSE: 0.4920, Test Loss: 173.8145, Test Node Loss: 0.0084, Test Reg Loss: 1.7381, Test MAPE: 13.0436, Test R: 0.7790, Test RRSE: 0.9557
2025-02-10 16:32:29,987:INFO:Epoch 259: Train Loss: 52.7286, Train Node Loss: 0.0098, Train Reg Loss: 0.5272, Train MAPE: 12.0945, Train R: 0.8505, Train RRSE: 0.5276, Test Loss: 199.9991, Test Node Loss: 0.0084, Test Reg Loss: 1.9999, Test MAPE: 13.6271, Test R: 0.7762, Test RRSE: 1.0252
2025-02-10 16:32:50,799:INFO:Epoch 260: Train Loss: 48.4345, Train Node Loss: 0.0098, Train Reg Loss: 0.4842, Train MAPE: 12.2423, Train R: 0.8631, Train RRSE: 0.5056, Test Loss: 193.8968, Test Node Loss: 0.0084, Test Reg Loss: 1.9389, Test MAPE: 13.6089, Test R: 0.7813, Test RRSE: 1.0094
2025-02-10 16:33:11,555:INFO:Epoch 261: Train Loss: 54.4059, Train Node Loss: 0.0099, Train Reg Loss: 0.5440, Train MAPE: 12.0962, Train R: 0.8449, Train RRSE: 0.5359, Test Loss: 168.7153, Test Node Loss: 0.0084, Test Reg Loss: 1.6871, Test MAPE: 13.2797, Test R: 0.7837, Test RRSE: 0.9416
2025-02-10 16:33:32,378:INFO:Epoch 262: Train Loss: 53.1708, Train Node Loss: 0.0099, Train Reg Loss: 0.5316, Train MAPE: 12.3608, Train R: 0.8524, Train RRSE: 0.5298, Test Loss: 110.0667, Test Node Loss: 0.0084, Test Reg Loss: 1.1006, Test MAPE: 12.1300, Test R: 0.7793, Test RRSE: 0.7605
2025-02-10 16:33:53,180:INFO:Epoch 263: Train Loss: 60.4604, Train Node Loss: 0.0101, Train Reg Loss: 0.6045, Train MAPE: 12.4618, Train R: 0.8435, Train RRSE: 0.5649, Test Loss: 452.4196, Test Node Loss: 0.0085, Test Reg Loss: 4.5241, Test MAPE: 17.2851, Test R: 0.7747, Test RRSE: 1.5419
2025-02-10 16:34:14,006:INFO:Epoch 264: Train Loss: 63.2390, Train Node Loss: 0.0099, Train Reg Loss: 0.6323, Train MAPE: 12.3446, Train R: 0.8311, Train RRSE: 0.5778, Test Loss: 90.0551, Test Node Loss: 0.0085, Test Reg Loss: 0.9005, Test MAPE: 12.3463, Test R: 0.7730, Test RRSE: 0.6879
2025-02-10 16:34:34,576:INFO:Epoch 265: Train Loss: 46.5992, Train Node Loss: 0.0099, Train Reg Loss: 0.4659, Train MAPE: 12.1513, Train R: 0.8752, Train RRSE: 0.4959, Test Loss: 388.6621, Test Node Loss: 0.0085, Test Reg Loss: 3.8865, Test MAPE: 16.2770, Test R: 0.7765, Test RRSE: 1.4291
2025-02-10 16:34:55,529:INFO:Epoch 266: Train Loss: 62.3131, Train Node Loss: 0.0097, Train Reg Loss: 0.6230, Train MAPE: 12.3468, Train R: 0.8195, Train RRSE: 0.5735, Test Loss: 167.6815, Test Node Loss: 0.0084, Test Reg Loss: 1.6767, Test MAPE: 13.1604, Test R: 0.7808, Test RRSE: 0.9387
2025-02-10 16:35:16,367:INFO:Epoch 267: Train Loss: 52.7980, Train Node Loss: 0.0095, Train Reg Loss: 0.5279, Train MAPE: 12.1509, Train R: 0.8570, Train RRSE: 0.5279, Test Loss: 160.3138, Test Node Loss: 0.0084, Test Reg Loss: 1.6031, Test MAPE: 13.1010, Test R: 0.7783, Test RRSE: 0.9178
2025-02-10 16:35:37,126:INFO:Epoch 268: Train Loss: 55.9811, Train Node Loss: 0.0097, Train Reg Loss: 0.5597, Train MAPE: 12.3946, Train R: 0.8417, Train RRSE: 0.5436, Test Loss: 175.9900, Test Node Loss: 0.0084, Test Reg Loss: 1.7598, Test MAPE: 13.2970, Test R: 0.7808, Test RRSE: 0.9617
2025-02-10 16:35:57,918:INFO:Epoch 269: Train Loss: 51.6141, Train Node Loss: 0.0097, Train Reg Loss: 0.5160, Train MAPE: 12.0934, Train R: 0.8564, Train RRSE: 0.5219, Test Loss: 147.7771, Test Node Loss: 0.0084, Test Reg Loss: 1.4777, Test MAPE: 12.6954, Test R: 0.7753, Test RRSE: 0.8812
2025-02-10 16:36:18,760:INFO:Epoch 270: Train Loss: 49.1201, Train Node Loss: 0.0097, Train Reg Loss: 0.4911, Train MAPE: 12.2700, Train R: 0.8649, Train RRSE: 0.5092, Test Loss: 116.7528, Test Node Loss: 0.0084, Test Reg Loss: 1.1674, Test MAPE: 12.8587, Test R: 0.7807, Test RRSE: 0.7833
2025-02-10 16:36:39,664:INFO:Epoch 271: Train Loss: 49.4527, Train Node Loss: 0.0098, Train Reg Loss: 0.4944, Train MAPE: 12.4021, Train R: 0.8625, Train RRSE: 0.5109, Test Loss: 322.0501, Test Node Loss: 0.0084, Test Reg Loss: 3.2204, Test MAPE: 15.4067, Test R: 0.7781, Test RRSE: 1.3009
2025-02-10 16:37:00,632:INFO:Epoch 272: Train Loss: 52.4248, Train Node Loss: 0.0096, Train Reg Loss: 0.5242, Train MAPE: 12.1222, Train R: 0.8516, Train RRSE: 0.5260, Test Loss: 152.3619, Test Node Loss: 0.0084, Test Reg Loss: 1.5235, Test MAPE: 12.9377, Test R: 0.7785, Test RRSE: 0.8948
2025-02-10 16:37:21,394:INFO:Epoch 273: Train Loss: 53.5528, Train Node Loss: 0.0096, Train Reg Loss: 0.5354, Train MAPE: 12.1119, Train R: 0.8482, Train RRSE: 0.5317, Test Loss: 144.7340, Test Node Loss: 0.0084, Test Reg Loss: 1.4473, Test MAPE: 12.9318, Test R: 0.7817, Test RRSE: 0.8721
2025-02-10 16:37:42,211:INFO:Epoch 274: Train Loss: 47.8733, Train Node Loss: 0.0097, Train Reg Loss: 0.4786, Train MAPE: 12.4991, Train R: 0.8673, Train RRSE: 0.5027, Test Loss: 234.9035, Test Node Loss: 0.0084, Test Reg Loss: 2.3490, Test MAPE: 13.9669, Test R: 0.7793, Test RRSE: 1.1110
2025-02-10 16:38:02,934:INFO:Epoch 275: Train Loss: 51.1851, Train Node Loss: 0.0097, Train Reg Loss: 0.5118, Train MAPE: 12.0792, Train R: 0.8566, Train RRSE: 0.5198, Test Loss: 124.3439, Test Node Loss: 0.0084, Test Reg Loss: 1.2434, Test MAPE: 12.4641, Test R: 0.7761, Test RRSE: 0.8083
2025-02-10 16:38:23,821:INFO:Epoch 276: Train Loss: 54.2100, Train Node Loss: 0.0097, Train Reg Loss: 0.5420, Train MAPE: 12.5376, Train R: 0.8462, Train RRSE: 0.5349, Test Loss: 125.6671, Test Node Loss: 0.0084, Test Reg Loss: 1.2566, Test MAPE: 12.6999, Test R: 0.7789, Test RRSE: 0.8126
2025-02-10 16:38:44,692:INFO:Epoch 277: Train Loss: 55.7987, Train Node Loss: 0.0096, Train Reg Loss: 0.5579, Train MAPE: 12.0993, Train R: 0.8410, Train RRSE: 0.5427, Test Loss: 252.5145, Test Node Loss: 0.0084, Test Reg Loss: 2.5251, Test MAPE: 14.0472, Test R: 0.7717, Test RRSE: 1.1519
2025-02-10 16:39:05,425:INFO:Epoch 278: Train Loss: 50.5291, Train Node Loss: 0.0097, Train Reg Loss: 0.5052, Train MAPE: 11.9947, Train R: 0.8608, Train RRSE: 0.5164, Test Loss: 175.5828, Test Node Loss: 0.0084, Test Reg Loss: 1.7557, Test MAPE: 13.3307, Test R: 0.7804, Test RRSE: 0.9606
2025-02-10 16:39:26,102:INFO:Epoch 279: Train Loss: 56.6450, Train Node Loss: 0.0100, Train Reg Loss: 0.5664, Train MAPE: 12.6276, Train R: 0.8521, Train RRSE: 0.5468, Test Loss: 237.5573, Test Node Loss: 0.0084, Test Reg Loss: 2.3755, Test MAPE: 13.9206, Test R: 0.7795, Test RRSE: 1.1173
2025-02-10 16:39:46,936:INFO:Epoch 280: Train Loss: 56.3210, Train Node Loss: 0.0096, Train Reg Loss: 0.5631, Train MAPE: 12.0745, Train R: 0.8500, Train RRSE: 0.5452, Test Loss: 88.8429, Test Node Loss: 0.0084, Test Reg Loss: 0.8883, Test MAPE: 12.0551, Test R: 0.7807, Test RRSE: 0.6833
2025-02-10 16:40:07,715:INFO:Epoch 281: Train Loss: 53.4292, Train Node Loss: 0.0098, Train Reg Loss: 0.5342, Train MAPE: 12.3943, Train R: 0.8514, Train RRSE: 0.5310, Test Loss: 353.0859, Test Node Loss: 0.0084, Test Reg Loss: 3.5308, Test MAPE: 15.9105, Test R: 0.7804, Test RRSE: 1.3622
2025-02-10 16:40:28,454:INFO:Epoch 282: Train Loss: 58.7811, Train Node Loss: 0.0097, Train Reg Loss: 0.5877, Train MAPE: 12.5127, Train R: 0.8319, Train RRSE: 0.5570, Test Loss: 228.1293, Test Node Loss: 0.0084, Test Reg Loss: 2.2812, Test MAPE: 13.8988, Test R: 0.7824, Test RRSE: 1.0949
2025-02-10 16:40:48,943:INFO:Epoch 283: Train Loss: 50.6935, Train Node Loss: 0.0095, Train Reg Loss: 0.5068, Train MAPE: 12.2356, Train R: 0.8639, Train RRSE: 0.5173, Test Loss: 202.2400, Test Node Loss: 0.0084, Test Reg Loss: 2.0223, Test MAPE: 13.6647, Test R: 0.7819, Test RRSE: 1.0309
2025-02-10 16:41:09,672:INFO:Epoch 284: Train Loss: 51.2632, Train Node Loss: 0.0096, Train Reg Loss: 0.5125, Train MAPE: 12.4841, Train R: 0.8627, Train RRSE: 0.5202, Test Loss: 329.3199, Test Node Loss: 0.0084, Test Reg Loss: 3.2931, Test MAPE: 15.5605, Test R: 0.7832, Test RRSE: 1.3155
2025-02-10 16:41:30,660:INFO:Epoch 285: Train Loss: 53.9661, Train Node Loss: 0.0093, Train Reg Loss: 0.5396, Train MAPE: 12.2412, Train R: 0.8469, Train RRSE: 0.5337, Test Loss: 203.3692, Test Node Loss: 0.0084, Test Reg Loss: 2.0336, Test MAPE: 13.7577, Test R: 0.7789, Test RRSE: 1.0338
2025-02-10 16:41:51,686:INFO:Epoch 286: Train Loss: 47.8111, Train Node Loss: 0.0093, Train Reg Loss: 0.4780, Train MAPE: 12.2177, Train R: 0.8655, Train RRSE: 0.5024, Test Loss: 271.6225, Test Node Loss: 0.0084, Test Reg Loss: 2.7161, Test MAPE: 14.8316, Test R: 0.7779, Test RRSE: 1.1947
2025-02-10 16:42:12,373:INFO:Epoch 287: Train Loss: 45.0762, Train Node Loss: 0.0094, Train Reg Loss: 0.4507, Train MAPE: 12.2352, Train R: 0.8742, Train RRSE: 0.4878, Test Loss: 130.6245, Test Node Loss: 0.0084, Test Reg Loss: 1.3062, Test MAPE: 12.6655, Test R: 0.7748, Test RRSE: 0.8285
2025-02-10 16:42:33,270:INFO:Epoch 288: Train Loss: 57.1603, Train Node Loss: 0.0094, Train Reg Loss: 0.5715, Train MAPE: 12.2815, Train R: 0.8360, Train RRSE: 0.5493, Test Loss: 241.6834, Test Node Loss: 0.0084, Test Reg Loss: 2.4168, Test MAPE: 14.4250, Test R: 0.7809, Test RRSE: 1.1270
2025-02-10 16:42:54,131:INFO:Epoch 289: Train Loss: 51.2387, Train Node Loss: 0.0094, Train Reg Loss: 0.5123, Train MAPE: 12.1976, Train R: 0.8625, Train RRSE: 0.5200, Test Loss: 101.2079, Test Node Loss: 0.0084, Test Reg Loss: 1.0120, Test MAPE: 12.3342, Test R: 0.7821, Test RRSE: 0.7293
2025-02-10 16:43:15,029:INFO:Epoch 290: Train Loss: 60.8874, Train Node Loss: 0.0095, Train Reg Loss: 0.6088, Train MAPE: 12.8253, Train R: 0.8454, Train RRSE: 0.5669, Test Loss: 463.1403, Test Node Loss: 0.0084, Test Reg Loss: 4.6313, Test MAPE: 17.2412, Test R: 0.7762, Test RRSE: 1.5601
2025-02-10 16:43:35,866:INFO:Epoch 291: Train Loss: 59.3744, Train Node Loss: 0.0095, Train Reg Loss: 0.5936, Train MAPE: 12.0539, Train R: 0.8337, Train RRSE: 0.5598, Test Loss: 124.8909, Test Node Loss: 0.0085, Test Reg Loss: 1.2488, Test MAPE: 12.8112, Test R: 0.7805, Test RRSE: 0.8101
2025-02-10 16:43:56,944:INFO:Epoch 292: Train Loss: 57.7448, Train Node Loss: 0.0094, Train Reg Loss: 0.5774, Train MAPE: 12.3273, Train R: 0.8346, Train RRSE: 0.5521, Test Loss: 217.8205, Test Node Loss: 0.0084, Test Reg Loss: 2.1781, Test MAPE: 13.9971, Test R: 0.7826, Test RRSE: 1.0699
2025-02-10 16:44:17,841:INFO:Epoch 293: Train Loss: 50.0316, Train Node Loss: 0.0094, Train Reg Loss: 0.5002, Train MAPE: 12.2141, Train R: 0.8591, Train RRSE: 0.5139, Test Loss: 166.4723, Test Node Loss: 0.0084, Test Reg Loss: 1.6646, Test MAPE: 13.3786, Test R: 0.7805, Test RRSE: 0.9353
2025-02-10 16:44:38,687:INFO:Epoch 294: Train Loss: 50.7679, Train Node Loss: 0.0094, Train Reg Loss: 0.5076, Train MAPE: 12.4282, Train R: 0.8565, Train RRSE: 0.5177, Test Loss: 142.0552, Test Node Loss: 0.0084, Test Reg Loss: 1.4205, Test MAPE: 12.8336, Test R: 0.7760, Test RRSE: 0.8640
2025-02-10 16:44:59,453:INFO:Epoch 295: Train Loss: 50.5979, Train Node Loss: 0.0094, Train Reg Loss: 0.5059, Train MAPE: 12.0402, Train R: 0.8611, Train RRSE: 0.5168, Test Loss: 300.3320, Test Node Loss: 0.0084, Test Reg Loss: 3.0032, Test MAPE: 14.9597, Test R: 0.7751, Test RRSE: 1.2563
2025-02-10 16:45:20,301:INFO:Epoch 296: Train Loss: 51.3375, Train Node Loss: 0.0094, Train Reg Loss: 0.5133, Train MAPE: 12.4234, Train R: 0.8556, Train RRSE: 0.5205, Test Loss: 136.3560, Test Node Loss: 0.0084, Test Reg Loss: 1.3635, Test MAPE: 12.9548, Test R: 0.7779, Test RRSE: 0.8465
2025-02-10 16:45:41,254:INFO:Epoch 297: Train Loss: 49.4157, Train Node Loss: 0.0093, Train Reg Loss: 0.4941, Train MAPE: 12.2248, Train R: 0.8598, Train RRSE: 0.5107, Test Loss: 149.8571, Test Node Loss: 0.0084, Test Reg Loss: 1.4985, Test MAPE: 12.8808, Test R: 0.7740, Test RRSE: 0.8874
2025-02-10 16:46:02,131:INFO:Epoch 298: Train Loss: 46.8511, Train Node Loss: 0.0092, Train Reg Loss: 0.4684, Train MAPE: 12.1602, Train R: 0.8687, Train RRSE: 0.4973, Test Loss: 155.0934, Test Node Loss: 0.0083, Test Reg Loss: 1.5508, Test MAPE: 13.1721, Test R: 0.7787, Test RRSE: 0.9028
2025-02-10 16:46:23,037:INFO:Epoch 299: Train Loss: 50.8728, Train Node Loss: 0.0091, Train Reg Loss: 0.5086, Train MAPE: 12.1534, Train R: 0.8558, Train RRSE: 0.5182, Test Loss: 137.8814, Test Node Loss: 0.0083, Test Reg Loss: 1.3787, Test MAPE: 12.7963, Test R: 0.7726, Test RRSE: 0.8512
2025-02-10 16:46:43,857:INFO:Epoch 300: Train Loss: 48.8796, Train Node Loss: 0.0090, Train Reg Loss: 0.4887, Train MAPE: 12.2959, Train R: 0.8615, Train RRSE: 0.5079, Test Loss: 338.7861, Test Node Loss: 0.0084, Test Reg Loss: 3.3878, Test MAPE: 15.5816, Test R: 0.7736, Test RRSE: 1.3343
2025-02-10 16:46:43,857:INFO:Best performance at epoch 224 with Test MAPE: 0.7845
