2025-02-10 14:55:59,315:INFO:Learning rate: 0.0008
2025-02-10 14:55:59,316:INFO:Weight decay: 0.001
2025-02-10 14:55:59,316:INFO:Batch size: 64
2025-02-10 14:55:59,316:INFO:Number of layers: 3
2025-02-10 14:55:59,316:INFO:Convolution type: SAGE
2025-02-10 14:55:59,316:INFO:Convolution neurons: 256
2025-02-10 15:00:49,001:INFO:Learning rate: 0.0008
2025-02-10 15:00:49,002:INFO:Weight decay: 0.001
2025-02-10 15:00:49,002:INFO:Batch size: 64
2025-02-10 15:00:49,002:INFO:Number of layers: 3
2025-02-10 15:00:49,002:INFO:Convolution type: SAGE
2025-02-10 15:00:49,002:INFO:Convolution neurons: 256
2025-02-10 15:01:15,246:INFO:Epoch 1: Train Loss: 13499.4957, Train Node Loss: 3.2198, Train Reg Loss: 134.9628, Train MAPE: 97.1098, Train R: -0.0459, Train RRSE: 8.4409, Test Loss: 12746.2377, Test Node Loss: 11.4223, Test Reg Loss: 127.3482, Test MAPE: 91.8346, Test R: 0.5003, Test RRSE: 8.1806
2025-02-10 15:01:15,268:INFO:Checkpoint saved at best_0.0008_0.001_256_SAGE_3_64_0.5003_epoch_1.pth
2025-02-10 15:01:41,073:INFO:Epoch 2: Train Loss: 8550.1992, Train Node Loss: 84.6578, Train Reg Loss: 84.6554, Train MAPE: 75.8354, Train R: -0.0056, Train RRSE: 6.6852, Test Loss: 4820.7247, Test Node Loss: 329.1675, Test Reg Loss: 44.9156, Test MAPE: 53.3832, Test R: 0.6313, Test RRSE: 4.8584
2025-02-10 15:01:41,105:INFO:Checkpoint saved at best_0.0008_0.001_256_SAGE_3_64_0.6313_epoch_2.pth
2025-02-10 15:02:05,801:INFO:Epoch 3: Train Loss: 2309.3849, Train Node Loss: 879.5229, Train Reg Loss: 14.2986, Train MAPE: 27.2911, Train R: 0.1549, Train RRSE: 2.7475, Test Loss: 7223.3921, Test Node Loss: 2756.4172, Test Reg Loss: 44.6697, Test MAPE: 56.1361, Test R: 0.6463, Test RRSE: 4.8450
2025-02-10 15:02:05,830:INFO:Checkpoint saved at best_0.0008_0.001_256_SAGE_3_64_0.6463_epoch_3.pth
2025-02-10 15:02:30,341:INFO:Epoch 4: Train Loss: 2439.2126, Train Node Loss: 1454.5156, Train Reg Loss: 9.8470, Train MAPE: 25.6343, Train R: 0.1933, Train RRSE: 2.2800, Test Loss: 980.1294, Test Node Loss: 778.6613, Test Reg Loss: 2.0147, Test MAPE: 10.4099, Test R: 0.6421, Test RRSE: 1.0290
2025-02-10 15:02:55,175:INFO:Epoch 5: Train Loss: 967.0670, Train Node Loss: 524.2763, Train Reg Loss: 4.4279, Train MAPE: 14.5633, Train R: 0.1178, Train RRSE: 1.5289, Test Loss: 2228.2501, Test Node Loss: 241.4662, Test Reg Loss: 19.8678, Test MAPE: 34.1904, Test R: 0.6351, Test RRSE: 3.2312
2025-02-10 15:03:20,725:INFO:Epoch 6: Train Loss: 1175.7998, Train Node Loss: 252.7668, Train Reg Loss: 9.2303, Train MAPE: 22.2768, Train R: 0.5672, Train RRSE: 2.2075, Test Loss: 1583.5226, Test Node Loss: 217.2034, Test Reg Loss: 13.6632, Test MAPE: 27.5664, Test R: 0.6413, Test RRSE: 2.6796
2025-02-10 15:03:46,192:INFO:Epoch 7: Train Loss: 673.5366, Train Node Loss: 268.9153, Train Reg Loss: 4.0462, Train MAPE: 13.8393, Train R: 0.2452, Train RRSE: 1.4615, Test Loss: 549.0468, Test Node Loss: 328.9215, Test Reg Loss: 2.2013, Test MAPE: 10.7218, Test R: 0.6490, Test RRSE: 1.0755
2025-02-10 15:03:46,219:INFO:Checkpoint saved at best_0.0008_0.001_256_SAGE_3_64_0.6490_epoch_7.pth
2025-02-10 15:04:10,715:INFO:Epoch 8: Train Loss: 527.8389, Train Node Loss: 345.9681, Train Reg Loss: 1.8187, Train MAPE: 10.9426, Train R: 0.4142, Train RRSE: 0.9799, Test Loss: 509.5221, Test Node Loss: 352.0255, Test Reg Loss: 1.5750, Test MAPE: 10.1009, Test R: 0.6515, Test RRSE: 0.9098
2025-02-10 15:04:10,741:INFO:Checkpoint saved at best_0.0008_0.001_256_SAGE_3_64_0.6515_epoch_8.pth
2025-02-10 15:04:36,219:INFO:Epoch 9: Train Loss: 512.6403, Train Node Loss: 306.1390, Train Reg Loss: 2.0650, Train MAPE: 11.9382, Train R: 0.5346, Train RRSE: 1.0441, Test Loss: 431.8010, Test Node Loss: 224.6568, Test Reg Loss: 2.0714, Test MAPE: 10.5718, Test R: 0.6495, Test RRSE: 1.0433
2025-02-10 15:05:01,984:INFO:Epoch 10: Train Loss: 361.5749, Train Node Loss: 195.8501, Train Reg Loss: 1.6572, Train MAPE: 9.7696, Train R: 0.4559, Train RRSE: 0.9354, Test Loss: 639.0483, Test Node Loss: 139.2115, Test Reg Loss: 4.9984, Test MAPE: 15.4920, Test R: 0.6457, Test RRSE: 1.6207
2025-02-10 15:05:27,162:INFO:Epoch 11: Train Loss: 375.4160, Train Node Loss: 138.2212, Train Reg Loss: 2.3719, Train MAPE: 10.9582, Train R: 0.6268, Train RRSE: 1.1190, Test Loss: 581.9151, Test Node Loss: 122.2953, Test Reg Loss: 4.5962, Test MAPE: 14.8691, Test R: 0.6469, Test RRSE: 1.5541
2025-02-10 15:05:53,433:INFO:Epoch 12: Train Loss: 315.6068, Train Node Loss: 134.0193, Train Reg Loss: 1.8159, Train MAPE: 10.1651, Train R: 0.5599, Train RRSE: 0.9791, Test Loss: 367.2948, Test Node Loss: 137.6498, Test Reg Loss: 2.2964, Test MAPE: 11.0247, Test R: 0.6490, Test RRSE: 1.0986
2025-02-10 15:06:18,522:INFO:Epoch 13: Train Loss: 288.7056, Train Node Loss: 146.8397, Train Reg Loss: 1.4187, Train MAPE: 10.0127, Train R: 0.6269, Train RRSE: 0.8654, Test Loss: 306.5859, Test Node Loss: 137.0569, Test Reg Loss: 1.6953, Test MAPE: 9.9583, Test R: 0.6537, Test RRSE: 0.9439
2025-02-10 15:06:18,554:INFO:Checkpoint saved at best_0.0008_0.001_256_SAGE_3_64_0.6537_epoch_13.pth
2025-02-10 15:06:43,483:INFO:Epoch 14: Train Loss: 276.9892, Train Node Loss: 134.6851, Train Reg Loss: 1.4230, Train MAPE: 10.0591, Train R: 0.6240, Train RRSE: 0.8667, Test Loss: 350.5780, Test Node Loss: 109.9774, Test Reg Loss: 2.4060, Test MAPE: 11.2819, Test R: 0.6527, Test RRSE: 1.1244
2025-02-10 15:07:08,756:INFO:Epoch 15: Train Loss: 260.3674, Train Node Loss: 106.6987, Train Reg Loss: 1.5367, Train MAPE: 10.0751, Train R: 0.6055, Train RRSE: 0.9007, Test Loss: 397.1131, Test Node Loss: 92.0611, Test Reg Loss: 3.0505, Test MAPE: 12.4252, Test R: 0.6517, Test RRSE: 1.2661
2025-02-10 15:07:33,291:INFO:Epoch 16: Train Loss: 250.2232, Train Node Loss: 98.4543, Train Reg Loss: 1.5177, Train MAPE: 9.9533, Train R: 0.6017, Train RRSE: 0.8951, Test Loss: 316.7997, Test Node Loss: 93.8426, Test Reg Loss: 2.2296, Test MAPE: 11.0349, Test R: 0.6504, Test RRSE: 1.0824
2025-02-10 15:07:57,848:INFO:Epoch 17: Train Loss: 236.5126, Train Node Loss: 99.2984, Train Reg Loss: 1.3721, Train MAPE: 9.9475, Train R: 0.6467, Train RRSE: 0.8511, Test Loss: 287.7157, Test Node Loss: 89.9346, Test Reg Loss: 1.9778, Test MAPE: 10.5997, Test R: 0.6505, Test RRSE: 1.0195
2025-02-10 15:08:22,402:INFO:Epoch 18: Train Loss: 229.9510, Train Node Loss: 90.7512, Train Reg Loss: 1.3920, Train MAPE: 9.9767, Train R: 0.6102, Train RRSE: 0.8572, Test Loss: 315.4058, Test Node Loss: 77.7244, Test Reg Loss: 2.3768, Test MAPE: 11.3618, Test R: 0.6499, Test RRSE: 1.1176
2025-02-10 15:08:47,115:INFO:Epoch 19: Train Loss: 221.6971, Train Node Loss: 80.4077, Train Reg Loss: 1.4129, Train MAPE: 9.8792, Train R: 0.6295, Train RRSE: 0.8637, Test Loss: 313.2020, Test Node Loss: 71.1378, Test Reg Loss: 2.4206, Test MAPE: 11.4507, Test R: 0.6495, Test RRSE: 1.1279
2025-02-10 15:09:12,054:INFO:Epoch 20: Train Loss: 212.2559, Train Node Loss: 74.5600, Train Reg Loss: 1.3770, Train MAPE: 9.9033, Train R: 0.6481, Train RRSE: 0.8526, Test Loss: 292.9264, Test Node Loss: 67.0545, Test Reg Loss: 2.2587, Test MAPE: 11.1942, Test R: 0.6491, Test RRSE: 1.0895
2025-02-10 15:09:37,121:INFO:Epoch 21: Train Loss: 203.8016, Train Node Loss: 70.8371, Train Reg Loss: 1.3296, Train MAPE: 9.9821, Train R: 0.6463, Train RRSE: 0.8378, Test Loss: 272.0252, Test Node Loss: 63.2900, Test Reg Loss: 2.0874, Test MAPE: 10.9082, Test R: 0.6490, Test RRSE: 1.0473
2025-02-10 15:10:02,012:INFO:Epoch 22: Train Loss: 198.9272, Train Node Loss: 66.0999, Train Reg Loss: 1.3283, Train MAPE: 10.0241, Train R: 0.6388, Train RRSE: 0.8374, Test Loss: 272.7130, Test Node Loss: 57.2595, Test Reg Loss: 2.1545, Test MAPE: 11.0476, Test R: 0.6483, Test RRSE: 1.0641
2025-02-10 15:10:27,589:INFO:Epoch 23: Train Loss: 193.2419, Train Node Loss: 59.1469, Train Reg Loss: 1.3410, Train MAPE: 10.0281, Train R: 0.6272, Train RRSE: 0.8414, Test Loss: 286.1106, Test Node Loss: 50.7791, Test Reg Loss: 2.3533, Test MAPE: 11.4106, Test R: 0.6477, Test RRSE: 1.1121
2025-02-10 15:10:52,159:INFO:Epoch 24: Train Loss: 187.3864, Train Node Loss: 53.5490, Train Reg Loss: 1.3384, Train MAPE: 10.0534, Train R: 0.6213, Train RRSE: 0.8406, Test Loss: 274.5858, Test Node Loss: 47.1727, Test Reg Loss: 2.2741, Test MAPE: 11.3240, Test R: 0.6471, Test RRSE: 1.0932
2025-02-10 15:11:16,988:INFO:Epoch 25: Train Loss: 180.8837, Train Node Loss: 50.6526, Train Reg Loss: 1.3023, Train MAPE: 10.1142, Train R: 0.6281, Train RRSE: 0.8292, Test Loss: 265.2729, Test Node Loss: 43.7375, Test Reg Loss: 2.2154, Test MAPE: 11.2662, Test R: 0.6467, Test RRSE: 1.0790
2025-02-10 15:11:41,960:INFO:Epoch 26: Train Loss: 173.7422, Train Node Loss: 45.9169, Train Reg Loss: 1.2783, Train MAPE: 10.1470, Train R: 0.6404, Train RRSE: 0.8215, Test Loss: 285.2912, Test Node Loss: 38.6903, Test Reg Loss: 2.4660, Test MAPE: 11.7462, Test R: 0.6463, Test RRSE: 1.1384
2025-02-10 15:12:06,748:INFO:Epoch 27: Train Loss: 168.7771, Train Node Loss: 41.9208, Train Reg Loss: 1.2686, Train MAPE: 10.1344, Train R: 0.6405, Train RRSE: 0.8184, Test Loss: 280.0340, Test Node Loss: 35.6832, Test Reg Loss: 2.4435, Test MAPE: 11.7500, Test R: 0.6458, Test RRSE: 1.1332
2025-02-10 15:12:31,708:INFO:Epoch 28: Train Loss: 168.0665, Train Node Loss: 39.0059, Train Reg Loss: 1.2906, Train MAPE: 10.1915, Train R: 0.6210, Train RRSE: 0.8254, Test Loss: 281.6057, Test Node Loss: 32.5732, Test Reg Loss: 2.4903, Test MAPE: 11.8445, Test R: 0.6450, Test RRSE: 1.1440
2025-02-10 15:12:56,922:INFO:Epoch 29: Train Loss: 160.9827, Train Node Loss: 35.4654, Train Reg Loss: 1.2552, Train MAPE: 10.2359, Train R: 0.6338, Train RRSE: 0.8140, Test Loss: 306.6207, Test Node Loss: 28.6942, Test Reg Loss: 2.7793, Test MAPE: 12.4228, Test R: 0.6447, Test RRSE: 1.2085
2025-02-10 15:13:22,261:INFO:Epoch 30: Train Loss: 156.2713, Train Node Loss: 32.0121, Train Reg Loss: 1.2426, Train MAPE: 10.2218, Train R: 0.6426, Train RRSE: 0.8099, Test Loss: 291.5291, Test Node Loss: 26.9968, Test Reg Loss: 2.6453, Test MAPE: 12.2676, Test R: 0.6447, Test RRSE: 1.1790
2025-02-10 15:13:47,371:INFO:Epoch 31: Train Loss: 153.5378, Train Node Loss: 30.5331, Train Reg Loss: 1.2300, Train MAPE: 10.3795, Train R: 0.6316, Train RRSE: 0.8058, Test Loss: 293.0757, Test Node Loss: 25.0047, Test Reg Loss: 2.6807, Test MAPE: 12.3713, Test R: 0.6444, Test RRSE: 1.1869
2025-02-10 15:14:12,197:INFO:Epoch 32: Train Loss: 149.4972, Train Node Loss: 28.3813, Train Reg Loss: 1.2112, Train MAPE: 10.4742, Train R: 0.6280, Train RRSE: 0.7996, Test Loss: 304.9566, Test Node Loss: 22.9353, Test Reg Loss: 2.8202, Test MAPE: 12.6620, Test R: 0.6445, Test RRSE: 1.2174
2025-02-10 15:14:37,400:INFO:Epoch 33: Train Loss: 143.4373, Train Node Loss: 25.9980, Train Reg Loss: 1.1744, Train MAPE: 10.4412, Train R: 0.6494, Train RRSE: 0.7874, Test Loss: 327.6993, Test Node Loss: 20.5472, Test Reg Loss: 3.0715, Test MAPE: 13.1329, Test R: 0.6448, Test RRSE: 1.2705
2025-02-10 15:15:02,948:INFO:Epoch 34: Train Loss: 141.1135, Train Node Loss: 23.9675, Train Reg Loss: 1.1715, Train MAPE: 10.5501, Train R: 0.6411, Train RRSE: 0.7864, Test Loss: 332.7647, Test Node Loss: 19.2166, Test Reg Loss: 3.1355, Test MAPE: 13.2953, Test R: 0.6456, Test RRSE: 1.2836
2025-02-10 15:15:27,977:INFO:Epoch 35: Train Loss: 140.3998, Train Node Loss: 22.2886, Train Reg Loss: 1.1811, Train MAPE: 10.5667, Train R: 0.6347, Train RRSE: 0.7896, Test Loss: 345.0535, Test Node Loss: 17.7439, Test Reg Loss: 3.2731, Test MAPE: 13.6082, Test R: 0.6474, Test RRSE: 1.3115
2025-02-10 15:15:53,953:INFO:Epoch 36: Train Loss: 143.6119, Train Node Loss: 21.9246, Train Reg Loss: 1.2169, Train MAPE: 10.8508, Train R: 0.6070, Train RRSE: 0.8015, Test Loss: 317.0160, Test Node Loss: 17.4077, Test Reg Loss: 2.9961, Test MAPE: 13.2491, Test R: 0.6508, Test RRSE: 1.2548
2025-02-10 15:16:19,493:INFO:Epoch 37: Train Loss: 129.6158, Train Node Loss: 19.6689, Train Reg Loss: 1.0995, Train MAPE: 10.7773, Train R: 0.6604, Train RRSE: 0.7619, Test Loss: 436.8693, Test Node Loss: 14.1013, Test Reg Loss: 4.2277, Test MAPE: 15.1446, Test R: 0.6537, Test RRSE: 1.4905
2025-02-10 15:16:19,526:INFO:Checkpoint saved at best_0.0008_0.001_256_SAGE_3_64_0.6537_epoch_37.pth
2025-02-10 15:16:45,091:INFO:Epoch 38: Train Loss: 130.1905, Train Node Loss: 17.6193, Train Reg Loss: 1.1257, Train MAPE: 10.7038, Train R: 0.6608, Train RRSE: 0.7709, Test Loss: 387.4051, Test Node Loss: 14.2022, Test Reg Loss: 3.7320, Test MAPE: 14.4733, Test R: 0.6575, Test RRSE: 1.4004
2025-02-10 15:16:45,120:INFO:Checkpoint saved at best_0.0008_0.001_256_SAGE_3_64_0.6575_epoch_38.pth
2025-02-10 15:17:10,823:INFO:Epoch 39: Train Loss: 123.8672, Train Node Loss: 17.5730, Train Reg Loss: 1.0629, Train MAPE: 10.7882, Train R: 0.6757, Train RRSE: 0.7491, Test Loss: 339.3446, Test Node Loss: 14.2805, Test Reg Loss: 3.2506, Test MAPE: 13.6810, Test R: 0.6621, Test RRSE: 1.3070
2025-02-10 15:17:10,853:INFO:Checkpoint saved at best_0.0008_0.001_256_SAGE_3_64_0.6621_epoch_39.pth
2025-02-10 15:17:35,859:INFO:Epoch 40: Train Loss: 131.3355, Train Node Loss: 17.2321, Train Reg Loss: 1.1410, Train MAPE: 10.9808, Train R: 0.6432, Train RRSE: 0.7761, Test Loss: 359.7256, Test Node Loss: 12.9906, Test Reg Loss: 3.4674, Test MAPE: 14.1188, Test R: 0.6672, Test RRSE: 1.3499
2025-02-10 15:17:35,904:INFO:Checkpoint saved at best_0.0008_0.001_256_SAGE_3_64_0.6672_epoch_40.pth
2025-02-10 15:18:00,538:INFO:Epoch 41: Train Loss: 123.0799, Train Node Loss: 14.8605, Train Reg Loss: 1.0822, Train MAPE: 10.8288, Train R: 0.6644, Train RRSE: 0.7559, Test Loss: 455.0753, Test Node Loss: 10.6212, Test Reg Loss: 4.4445, Test MAPE: 15.6158, Test R: 0.6721, Test RRSE: 1.5283
2025-02-10 15:18:00,563:INFO:Checkpoint saved at best_0.0008_0.001_256_SAGE_3_64_0.6721_epoch_41.pth
2025-02-10 15:18:25,131:INFO:Epoch 42: Train Loss: 121.4466, Train Node Loss: 13.5174, Train Reg Loss: 1.0793, Train MAPE: 10.8262, Train R: 0.6741, Train RRSE: 0.7548, Test Loss: 334.8383, Test Node Loss: 11.6291, Test Reg Loss: 3.2321, Test MAPE: 13.8155, Test R: 0.6756, Test RRSE: 1.3033
2025-02-10 15:18:25,151:INFO:Checkpoint saved at best_0.0008_0.001_256_SAGE_3_64_0.6756_epoch_42.pth
2025-02-10 15:18:50,044:INFO:Epoch 43: Train Loss: 118.6157, Train Node Loss: 13.5242, Train Reg Loss: 1.0509, Train MAPE: 10.8155, Train R: 0.6841, Train RRSE: 0.7448, Test Loss: 327.5944, Test Node Loss: 10.9401, Test Reg Loss: 3.1665, Test MAPE: 13.7173, Test R: 0.6793, Test RRSE: 1.2900
2025-02-10 15:18:50,092:INFO:Checkpoint saved at best_0.0008_0.001_256_SAGE_3_64_0.6793_epoch_43.pth
2025-02-10 15:19:14,721:INFO:Epoch 44: Train Loss: 119.9766, Train Node Loss: 13.0729, Train Reg Loss: 1.0690, Train MAPE: 10.9384, Train R: 0.6742, Train RRSE: 0.7512, Test Loss: 330.8794, Test Node Loss: 10.2879, Test Reg Loss: 3.2059, Test MAPE: 13.7663, Test R: 0.6826, Test RRSE: 1.2980
2025-02-10 15:19:14,748:INFO:Checkpoint saved at best_0.0008_0.001_256_SAGE_3_64_0.6826_epoch_44.pth
2025-02-10 15:19:39,077:INFO:Epoch 45: Train Loss: 117.3020, Train Node Loss: 11.6532, Train Reg Loss: 1.0565, Train MAPE: 10.9186, Train R: 0.6746, Train RRSE: 0.7468, Test Loss: 401.7335, Test Node Loss: 8.6493, Test Reg Loss: 3.9308, Test MAPE: 14.9646, Test R: 0.6854, Test RRSE: 1.4373
2025-02-10 15:19:39,107:INFO:Checkpoint saved at best_0.0008_0.001_256_SAGE_3_64_0.6854_epoch_45.pth
2025-02-10 15:20:03,217:INFO:Epoch 46: Train Loss: 117.7267, Train Node Loss: 10.8749, Train Reg Loss: 1.0685, Train MAPE: 10.9430, Train R: 0.6693, Train RRSE: 0.7511, Test Loss: 297.5450, Test Node Loss: 9.3854, Test Reg Loss: 2.8816, Test MAPE: 13.3485, Test R: 0.6894, Test RRSE: 1.2306
2025-02-10 15:20:03,250:INFO:Checkpoint saved at best_0.0008_0.001_256_SAGE_3_64_0.6894_epoch_46.pth
2025-02-10 15:20:28,302:INFO:Epoch 47: Train Loss: 106.6399, Train Node Loss: 10.6637, Train Reg Loss: 0.9598, Train MAPE: 10.9510, Train R: 0.7175, Train RRSE: 0.7118, Test Loss: 297.6181, Test Node Loss: 8.7165, Test Reg Loss: 2.8890, Test MAPE: 13.4379, Test R: 0.6926, Test RRSE: 1.2322
2025-02-10 15:20:28,327:INFO:Checkpoint saved at best_0.0008_0.001_256_SAGE_3_64_0.6926_epoch_47.pth
2025-02-10 15:20:52,349:INFO:Epoch 48: Train Loss: 109.2907, Train Node Loss: 9.5425, Train Reg Loss: 0.9975, Train MAPE: 10.8892, Train R: 0.7033, Train RRSE: 0.7257, Test Loss: 327.4206, Test Node Loss: 7.6733, Test Reg Loss: 3.1975, Test MAPE: 13.8990, Test R: 0.6949, Test RRSE: 1.2963
2025-02-10 15:20:52,368:INFO:Checkpoint saved at best_0.0008_0.001_256_SAGE_3_64_0.6949_epoch_48.pth
2025-02-10 15:21:16,381:INFO:Epoch 49: Train Loss: 112.9250, Train Node Loss: 9.3494, Train Reg Loss: 1.0358, Train MAPE: 10.9437, Train R: 0.6840, Train RRSE: 0.7395, Test Loss: 215.3938, Test Node Loss: 8.6105, Test Reg Loss: 2.0678, Test MAPE: 12.1655, Test R: 0.6997, Test RRSE: 1.0424
2025-02-10 15:21:16,406:INFO:Checkpoint saved at best_0.0008_0.001_256_SAGE_3_64_0.6997_epoch_49.pth
2025-02-10 15:21:41,409:INFO:Epoch 50: Train Loss: 109.5734, Train Node Loss: 8.9698, Train Reg Loss: 1.0060, Train MAPE: 10.9133, Train R: 0.7011, Train RRSE: 0.7288, Test Loss: 265.5453, Test Node Loss: 7.2357, Test Reg Loss: 2.5831, Test MAPE: 12.9574, Test R: 0.7024, Test RRSE: 1.1651
2025-02-10 15:21:41,427:INFO:Checkpoint saved at best_0.0008_0.001_256_SAGE_3_64_0.7024_epoch_50.pth
2025-02-10 15:22:05,426:INFO:Epoch 51: Train Loss: 104.2782, Train Node Loss: 8.0540, Train Reg Loss: 0.9622, Train MAPE: 10.9143, Train R: 0.7175, Train RRSE: 0.7127, Test Loss: 263.3053, Test Node Loss: 6.8991, Test Reg Loss: 2.5641, Test MAPE: 13.0514, Test R: 0.7055, Test RRSE: 1.1608
2025-02-10 15:22:05,467:INFO:Checkpoint saved at best_0.0008_0.001_256_SAGE_3_64_0.7055_epoch_51.pth
2025-02-10 15:22:29,421:INFO:Epoch 52: Train Loss: 107.5840, Train Node Loss: 8.0284, Train Reg Loss: 0.9956, Train MAPE: 11.0963, Train R: 0.6986, Train RRSE: 0.7250, Test Loss: 242.2799, Test Node Loss: 7.0228, Test Reg Loss: 2.3526, Test MAPE: 12.7174, Test R: 0.7083, Test RRSE: 1.1119
2025-02-10 15:22:29,451:INFO:Checkpoint saved at best_0.0008_0.001_256_SAGE_3_64_0.7083_epoch_52.pth
2025-02-10 15:22:54,255:INFO:Epoch 53: Train Loss: 100.1555, Train Node Loss: 7.5053, Train Reg Loss: 0.9265, Train MAPE: 11.0145, Train R: 0.7278, Train RRSE: 0.6994, Test Loss: 383.6857, Test Node Loss: 5.3420, Test Reg Loss: 3.7834, Test MAPE: 14.9515, Test R: 0.7089, Test RRSE: 1.4101
2025-02-10 15:22:54,280:INFO:Checkpoint saved at best_0.0008_0.001_256_SAGE_3_64_0.7089_epoch_53.pth
2025-02-10 15:23:18,365:INFO:Epoch 54: Train Loss: 96.2400, Train Node Loss: 6.8111, Train Reg Loss: 0.8943, Train MAPE: 11.0421, Train R: 0.7436, Train RRSE: 0.6871, Test Loss: 371.8483, Test Node Loss: 5.3241, Test Reg Loss: 3.6652, Test MAPE: 14.8136, Test R: 0.7112, Test RRSE: 1.3879
2025-02-10 15:23:18,392:INFO:Checkpoint saved at best_0.0008_0.001_256_SAGE_3_64_0.7112_epoch_54.pth
2025-02-10 15:23:43,464:INFO:Epoch 55: Train Loss: 98.1605, Train Node Loss: 6.7998, Train Reg Loss: 0.9136, Train MAPE: 11.2299, Train R: 0.7255, Train RRSE: 0.6945, Test Loss: 365.5483, Test Node Loss: 5.1603, Test Reg Loss: 3.6039, Test MAPE: 14.7680, Test R: 0.7149, Test RRSE: 1.3762
2025-02-10 15:23:43,485:INFO:Checkpoint saved at best_0.0008_0.001_256_SAGE_3_64_0.7149_epoch_55.pth
2025-02-10 15:24:08,093:INFO:Epoch 56: Train Loss: 99.0270, Train Node Loss: 6.4594, Train Reg Loss: 0.9257, Train MAPE: 11.2249, Train R: 0.7218, Train RRSE: 0.6991, Test Loss: 370.1957, Test Node Loss: 4.7112, Test Reg Loss: 3.6548, Test MAPE: 14.8668, Test R: 0.7184, Test RRSE: 1.3859
2025-02-10 15:24:08,123:INFO:Checkpoint saved at best_0.0008_0.001_256_SAGE_3_64_0.7184_epoch_56.pth
2025-02-10 15:24:32,311:INFO:Epoch 57: Train Loss: 98.3999, Train Node Loss: 6.1063, Train Reg Loss: 0.9229, Train MAPE: 11.1949, Train R: 0.7251, Train RRSE: 0.6980, Test Loss: 328.0784, Test Node Loss: 4.5922, Test Reg Loss: 3.2349, Test MAPE: 14.1314, Test R: 0.7216, Test RRSE: 1.3038
2025-02-10 15:24:32,335:INFO:Checkpoint saved at best_0.0008_0.001_256_SAGE_3_64_0.7216_epoch_57.pth
2025-02-10 15:24:57,005:INFO:Epoch 58: Train Loss: 92.5315, Train Node Loss: 5.6743, Train Reg Loss: 0.8686, Train MAPE: 11.1028, Train R: 0.7491, Train RRSE: 0.6772, Test Loss: 293.0126, Test Node Loss: 4.4279, Test Reg Loss: 2.8858, Test MAPE: 13.5297, Test R: 0.7235, Test RRSE: 1.2315
2025-02-10 15:24:57,032:INFO:Checkpoint saved at best_0.0008_0.001_256_SAGE_3_64_0.7235_epoch_58.pth
2025-02-10 15:25:21,400:INFO:Epoch 59: Train Loss: 98.1288, Train Node Loss: 5.0200, Train Reg Loss: 0.9311, Train MAPE: 11.0612, Train R: 0.7268, Train RRSE: 0.7011, Test Loss: 223.2173, Test Node Loss: 4.4744, Test Reg Loss: 2.1874, Test MAPE: 12.6518, Test R: 0.7275, Test RRSE: 1.0722
2025-02-10 15:25:21,422:INFO:Checkpoint saved at best_0.0008_0.001_256_SAGE_3_64_0.7275_epoch_59.pth
2025-02-10 15:25:45,302:INFO:Epoch 60: Train Loss: 89.3981, Train Node Loss: 5.3549, Train Reg Loss: 0.8404, Train MAPE: 11.2208, Train R: 0.7622, Train RRSE: 0.6661, Test Loss: 174.4471, Test Node Loss: 4.9952, Test Reg Loss: 1.6945, Test MAPE: 12.0148, Test R: 0.7280, Test RRSE: 0.9437
2025-02-10 15:25:45,330:INFO:Checkpoint saved at best_0.0008_0.001_256_SAGE_3_64_0.7280_epoch_60.pth
2025-02-10 15:26:10,206:INFO:Epoch 61: Train Loss: 89.0869, Train Node Loss: 5.0643, Train Reg Loss: 0.8402, Train MAPE: 11.2652, Train R: 0.7577, Train RRSE: 0.6660, Test Loss: 311.5450, Test Node Loss: 3.5313, Test Reg Loss: 3.0801, Test MAPE: 14.1284, Test R: 0.7243, Test RRSE: 1.2723
2025-02-10 15:26:34,259:INFO:Epoch 62: Train Loss: 90.8340, Train Node Loss: 4.3984, Train Reg Loss: 0.8644, Train MAPE: 11.2263, Train R: 0.7472, Train RRSE: 0.6755, Test Loss: 276.9885, Test Node Loss: 3.5950, Test Reg Loss: 2.7339, Test MAPE: 13.6421, Test R: 0.7262, Test RRSE: 1.1986
2025-02-10 15:26:58,580:INFO:Epoch 63: Train Loss: 88.6258, Train Node Loss: 4.4130, Train Reg Loss: 0.8421, Train MAPE: 11.2926, Train R: 0.7523, Train RRSE: 0.6668, Test Loss: 268.0876, Test Node Loss: 3.4754, Test Reg Loss: 2.6461, Test MAPE: 13.5377, Test R: 0.7282, Test RRSE: 1.1792
2025-02-10 15:26:58,623:INFO:Checkpoint saved at best_0.0008_0.001_256_SAGE_3_64_0.7282_epoch_63.pth
2025-02-10 15:27:23,337:INFO:Epoch 64: Train Loss: 89.5873, Train Node Loss: 4.0624, Train Reg Loss: 0.8552, Train MAPE: 11.2236, Train R: 0.7501, Train RRSE: 0.6719, Test Loss: 321.2625, Test Node Loss: 2.9181, Test Reg Loss: 3.1834, Test MAPE: 14.3074, Test R: 0.7298, Test RRSE: 1.2934
2025-02-10 15:27:23,407:INFO:Checkpoint saved at best_0.0008_0.001_256_SAGE_3_64_0.7298_epoch_64.pth
2025-02-10 15:27:47,558:INFO:Epoch 65: Train Loss: 86.1675, Train Node Loss: 3.8806, Train Reg Loss: 0.8229, Train MAPE: 11.3100, Train R: 0.7602, Train RRSE: 0.6591, Test Loss: 318.6428, Test Node Loss: 2.8031, Test Reg Loss: 3.1584, Test MAPE: 14.2321, Test R: 0.7320, Test RRSE: 1.2883
2025-02-10 15:27:47,584:INFO:Checkpoint saved at best_0.0008_0.001_256_SAGE_3_64_0.7320_epoch_65.pth
2025-02-10 15:28:11,993:INFO:Epoch 66: Train Loss: 87.3611, Train Node Loss: 3.6111, Train Reg Loss: 0.8375, Train MAPE: 11.3467, Train R: 0.7514, Train RRSE: 0.6649, Test Loss: 283.4363, Test Node Loss: 2.7012, Test Reg Loss: 2.8074, Test MAPE: 13.7222, Test R: 0.7347, Test RRSE: 1.2146
2025-02-10 15:28:12,038:INFO:Checkpoint saved at best_0.0008_0.001_256_SAGE_3_64_0.7347_epoch_66.pth
2025-02-10 15:28:36,011:INFO:Epoch 67: Train Loss: 83.2045, Train Node Loss: 3.6352, Train Reg Loss: 0.7957, Train MAPE: 11.3464, Train R: 0.7721, Train RRSE: 0.6481, Test Loss: 208.6783, Test Node Loss: 2.9704, Test Reg Loss: 2.0571, Test MAPE: 12.6883, Test R: 0.7390, Test RRSE: 1.0397
2025-02-10 15:28:36,034:INFO:Checkpoint saved at best_0.0008_0.001_256_SAGE_3_64_0.7390_epoch_67.pth
2025-02-10 15:29:00,213:INFO:Epoch 68: Train Loss: 83.2078, Train Node Loss: 3.4616, Train Reg Loss: 0.7975, Train MAPE: 11.2980, Train R: 0.7730, Train RRSE: 0.6488, Test Loss: 238.8613, Test Node Loss: 2.5516, Test Reg Loss: 2.3631, Test MAPE: 13.1738, Test R: 0.7372, Test RRSE: 1.1144
2025-02-10 15:29:23,950:INFO:Epoch 69: Train Loss: 82.9832, Train Node Loss: 3.0398, Train Reg Loss: 0.7994, Train MAPE: 11.2822, Train R: 0.7695, Train RRSE: 0.6496, Test Loss: 218.2062, Test Node Loss: 2.4670, Test Reg Loss: 2.1574, Test MAPE: 12.8652, Test R: 0.7399, Test RRSE: 1.0648
2025-02-10 15:29:23,981:INFO:Checkpoint saved at best_0.0008_0.001_256_SAGE_3_64_0.7399_epoch_69.pth
2025-02-10 15:29:49,000:INFO:Epoch 70: Train Loss: 84.4327, Train Node Loss: 2.9442, Train Reg Loss: 0.8149, Train MAPE: 11.2522, Train R: 0.7641, Train RRSE: 0.6559, Test Loss: 193.1917, Test Node Loss: 2.5661, Test Reg Loss: 1.9063, Test MAPE: 12.5311, Test R: 0.7404, Test RRSE: 1.0009
2025-02-10 15:29:49,047:INFO:Checkpoint saved at best_0.0008_0.001_256_SAGE_3_64_0.7404_epoch_70.pth
2025-02-10 15:30:13,433:INFO:Epoch 71: Train Loss: 79.1680, Train Node Loss: 2.9993, Train Reg Loss: 0.7617, Train MAPE: 11.4176, Train R: 0.7814, Train RRSE: 0.6341, Test Loss: 179.1231, Test Node Loss: 2.5666, Test Reg Loss: 1.7656, Test MAPE: 12.3297, Test R: 0.7415, Test RRSE: 0.9632
2025-02-10 15:30:13,453:INFO:Checkpoint saved at best_0.0008_0.001_256_SAGE_3_64_0.7415_epoch_71.pth
2025-02-10 15:30:37,708:INFO:Epoch 72: Train Loss: 81.3690, Train Node Loss: 3.0192, Train Reg Loss: 0.7835, Train MAPE: 11.4444, Train R: 0.7746, Train RRSE: 0.6431, Test Loss: 188.6395, Test Node Loss: 2.3909, Test Reg Loss: 1.8625, Test MAPE: 12.4927, Test R: 0.7417, Test RRSE: 0.9893
2025-02-10 15:30:37,726:INFO:Checkpoint saved at best_0.0008_0.001_256_SAGE_3_64_0.7417_epoch_72.pth
2025-02-10 15:31:02,682:INFO:Epoch 73: Train Loss: 78.7447, Train Node Loss: 2.7006, Train Reg Loss: 0.7604, Train MAPE: 11.3492, Train R: 0.7824, Train RRSE: 0.6336, Test Loss: 236.5284, Test Node Loss: 1.8930, Test Reg Loss: 2.3464, Test MAPE: 13.0560, Test R: 0.7407, Test RRSE: 1.1104
2025-02-10 15:31:27,193:INFO:Epoch 74: Train Loss: 81.6308, Train Node Loss: 2.2972, Train Reg Loss: 0.7933, Train MAPE: 11.4725, Train R: 0.7698, Train RRSE: 0.6472, Test Loss: 193.0204, Test Node Loss: 1.9509, Test Reg Loss: 1.9107, Test MAPE: 12.5925, Test R: 0.7436, Test RRSE: 1.0020
2025-02-10 15:31:27,222:INFO:Checkpoint saved at best_0.0008_0.001_256_SAGE_3_64_0.7436_epoch_74.pth
2025-02-10 15:31:52,007:INFO:Epoch 75: Train Loss: 78.0448, Train Node Loss: 2.4338, Train Reg Loss: 0.7561, Train MAPE: 11.4209, Train R: 0.7833, Train RRSE: 0.6318, Test Loss: 186.9222, Test Node Loss: 2.0196, Test Reg Loss: 1.8490, Test MAPE: 12.5368, Test R: 0.7431, Test RRSE: 0.9857
2025-02-10 15:32:16,134:INFO:Epoch 76: Train Loss: 83.9564, Train Node Loss: 2.5697, Train Reg Loss: 0.8139, Train MAPE: 11.6087, Train R: 0.7671, Train RRSE: 0.6555, Test Loss: 214.6062, Test Node Loss: 1.7255, Test Reg Loss: 2.1288, Test MAPE: 12.7716, Test R: 0.7435, Test RRSE: 1.0577
2025-02-10 15:32:40,161:INFO:Epoch 77: Train Loss: 81.9144, Train Node Loss: 1.9083, Train Reg Loss: 0.8001, Train MAPE: 11.4528, Train R: 0.7705, Train RRSE: 0.6499, Test Loss: 286.3095, Test Node Loss: 1.2175, Test Reg Loss: 2.8509, Test MAPE: 13.9845, Test R: 0.7437, Test RRSE: 1.2240
2025-02-10 15:32:40,179:INFO:Checkpoint saved at best_0.0008_0.001_256_SAGE_3_64_0.7437_epoch_77.pth
2025-02-10 15:33:04,520:INFO:Epoch 78: Train Loss: 79.6995, Train Node Loss: 1.8453, Train Reg Loss: 0.7785, Train MAPE: 11.3390, Train R: 0.7775, Train RRSE: 0.6411, Test Loss: 167.1087, Test Node Loss: 1.7505, Test Reg Loss: 1.6536, Test MAPE: 12.2451, Test R: 0.7471, Test RRSE: 0.9322
2025-02-10 15:33:04,565:INFO:Checkpoint saved at best_0.0008_0.001_256_SAGE_3_64_0.7471_epoch_78.pth
2025-02-10 15:33:29,407:INFO:Epoch 79: Train Loss: 79.4813, Train Node Loss: 2.1717, Train Reg Loss: 0.7731, Train MAPE: 11.7088, Train R: 0.7791, Train RRSE: 0.6389, Test Loss: 200.9708, Test Node Loss: 1.5212, Test Reg Loss: 1.9945, Test MAPE: 12.7916, Test R: 0.7450, Test RRSE: 1.0238
2025-02-10 15:33:53,658:INFO:Epoch 80: Train Loss: 75.2215, Train Node Loss: 1.8811, Train Reg Loss: 0.7334, Train MAPE: 11.5617, Train R: 0.7891, Train RRSE: 0.6222, Test Loss: 215.5030, Test Node Loss: 1.2243, Test Reg Loss: 2.1428, Test MAPE: 13.0111, Test R: 0.7483, Test RRSE: 1.0612
2025-02-10 15:33:53,691:INFO:Checkpoint saved at best_0.0008_0.001_256_SAGE_3_64_0.7483_epoch_80.pth
2025-02-10 15:34:17,790:INFO:Epoch 81: Train Loss: 76.7526, Train Node Loss: 1.5555, Train Reg Loss: 0.7520, Train MAPE: 11.3632, Train R: 0.7875, Train RRSE: 0.6301, Test Loss: 241.8508, Test Node Loss: 1.0752, Test Reg Loss: 2.4078, Test MAPE: 13.2139, Test R: 0.7475, Test RRSE: 1.1249
2025-02-10 15:34:42,534:INFO:Epoch 82: Train Loss: 73.6794, Train Node Loss: 1.5966, Train Reg Loss: 0.7208, Train MAPE: 11.5456, Train R: 0.7918, Train RRSE: 0.6169, Test Loss: 220.5027, Test Node Loss: 1.1714, Test Reg Loss: 2.1933, Test MAPE: 13.0604, Test R: 0.7472, Test RRSE: 1.0736
2025-02-10 15:35:06,798:INFO:Epoch 83: Train Loss: 76.7965, Train Node Loss: 1.7187, Train Reg Loss: 0.7508, Train MAPE: 11.7700, Train R: 0.7872, Train RRSE: 0.6296, Test Loss: 233.7764, Test Node Loss: 1.0758, Test Reg Loss: 2.3270, Test MAPE: 13.1722, Test R: 0.7479, Test RRSE: 1.1058
2025-02-10 15:35:30,920:INFO:Epoch 84: Train Loss: 71.8709, Train Node Loss: 1.3849, Train Reg Loss: 0.7049, Train MAPE: 11.4983, Train R: 0.7990, Train RRSE: 0.6100, Test Loss: 277.0231, Test Node Loss: 0.7313, Test Reg Loss: 2.7629, Test MAPE: 13.9352, Test R: 0.7482, Test RRSE: 1.2050
2025-02-10 15:35:55,736:INFO:Epoch 85: Train Loss: 85.4591, Train Node Loss: 1.0941, Train Reg Loss: 0.8437, Train MAPE: 11.3600, Train R: 0.7599, Train RRSE: 0.6674, Test Loss: 191.4857, Test Node Loss: 0.9109, Test Reg Loss: 1.9057, Test MAPE: 12.7101, Test R: 0.7497, Test RRSE: 1.0007
2025-02-10 15:35:55,764:INFO:Checkpoint saved at best_0.0008_0.001_256_SAGE_3_64_0.7497_epoch_85.pth
2025-02-10 15:36:19,825:INFO:Epoch 86: Train Loss: 76.0841, Train Node Loss: 1.4607, Train Reg Loss: 0.7462, Train MAPE: 11.8295, Train R: 0.7874, Train RRSE: 0.6277, Test Loss: 154.0947, Test Node Loss: 1.1330, Test Reg Loss: 1.5296, Test MAPE: 12.1234, Test R: 0.7493, Test RRSE: 0.8966
2025-02-10 15:36:44,241:INFO:Epoch 87: Train Loss: 69.9883, Train Node Loss: 1.3388, Train Reg Loss: 0.6865, Train MAPE: 11.6938, Train R: 0.8085, Train RRSE: 0.6020, Test Loss: 259.2369, Test Node Loss: 0.6336, Test Reg Loss: 2.5860, Test MAPE: 13.7675, Test R: 0.7470, Test RRSE: 1.1658
2025-02-10 15:37:08,585:INFO:Epoch 88: Train Loss: 74.7998, Train Node Loss: 0.9190, Train Reg Loss: 0.7388, Train MAPE: 11.5729, Train R: 0.7940, Train RRSE: 0.6245, Test Loss: 236.3192, Test Node Loss: 0.5921, Test Reg Loss: 2.3573, Test MAPE: 13.2933, Test R: 0.7502, Test RRSE: 1.1130
2025-02-10 15:37:08,614:INFO:Checkpoint saved at best_0.0008_0.001_256_SAGE_3_64_0.7502_epoch_88.pth
2025-02-10 15:37:32,769:INFO:Epoch 89: Train Loss: 70.3061, Train Node Loss: 0.9927, Train Reg Loss: 0.6931, Train MAPE: 11.5737, Train R: 0.8014, Train RRSE: 0.6049, Test Loss: 163.7224, Test Node Loss: 0.8157, Test Reg Loss: 1.6291, Test MAPE: 12.3459, Test R: 0.7539, Test RRSE: 0.9253
2025-02-10 15:37:32,797:INFO:Checkpoint saved at best_0.0008_0.001_256_SAGE_3_64_0.7539_epoch_89.pth
2025-02-10 15:37:56,644:INFO:Epoch 90: Train Loss: 73.7690, Train Node Loss: 1.1526, Train Reg Loss: 0.7262, Train MAPE: 11.7586, Train R: 0.8006, Train RRSE: 0.6192, Test Loss: 239.8835, Test Node Loss: 0.6242, Test Reg Loss: 2.3926, Test MAPE: 13.4868, Test R: 0.7461, Test RRSE: 1.1213
2025-02-10 15:38:20,551:INFO:Epoch 91: Train Loss: 70.2486, Train Node Loss: 0.8946, Train Reg Loss: 0.6935, Train MAPE: 11.7425, Train R: 0.7982, Train RRSE: 0.6051, Test Loss: 315.4121, Test Node Loss: 0.4287, Test Reg Loss: 3.1498, Test MAPE: 14.5310, Test R: 0.7447, Test RRSE: 1.2866
2025-02-10 15:38:44,460:INFO:Epoch 92: Train Loss: 76.0945, Train Node Loss: 0.7420, Train Reg Loss: 0.7535, Train MAPE: 11.4881, Train R: 0.7850, Train RRSE: 0.6307, Test Loss: 253.1093, Test Node Loss: 0.4465, Test Reg Loss: 2.5266, Test MAPE: 13.4810, Test R: 0.7515, Test RRSE: 1.1523
2025-02-10 15:39:08,655:INFO:Epoch 93: Train Loss: 72.3616, Train Node Loss: 0.8118, Train Reg Loss: 0.7155, Train MAPE: 11.5466, Train R: 0.7949, Train RRSE: 0.6146, Test Loss: 170.8094, Test Node Loss: 0.6112, Test Reg Loss: 1.7020, Test MAPE: 12.3712, Test R: 0.7551, Test RRSE: 0.9457
2025-02-10 15:39:08,677:INFO:Checkpoint saved at best_0.0008_0.001_256_SAGE_3_64_0.7551_epoch_93.pth
2025-02-10 15:39:32,667:INFO:Epoch 94: Train Loss: 74.0450, Train Node Loss: 0.9081, Train Reg Loss: 0.7314, Train MAPE: 11.8168, Train R: 0.7950, Train RRSE: 0.6214, Test Loss: 215.1906, Test Node Loss: 0.4841, Test Reg Loss: 2.1471, Test MAPE: 13.0787, Test R: 0.7511, Test RRSE: 1.0622
2025-02-10 15:39:56,725:INFO:Epoch 95: Train Loss: 70.0860, Train Node Loss: 0.6929, Train Reg Loss: 0.6939, Train MAPE: 11.7284, Train R: 0.7999, Train RRSE: 0.6053, Test Loss: 260.5364, Test Node Loss: 0.3377, Test Reg Loss: 2.6020, Test MAPE: 13.8335, Test R: 0.7478, Test RRSE: 1.1693
2025-02-10 15:40:20,743:INFO:Epoch 96: Train Loss: 72.3737, Train Node Loss: 0.6238, Train Reg Loss: 0.7175, Train MAPE: 11.6197, Train R: 0.7958, Train RRSE: 0.6155, Test Loss: 178.4920, Test Node Loss: 0.4721, Test Reg Loss: 1.7802, Test MAPE: 12.6642, Test R: 0.7512, Test RRSE: 0.9672
2025-02-10 15:40:44,797:INFO:Epoch 97: Train Loss: 68.6602, Train Node Loss: 0.7371, Train Reg Loss: 0.6792, Train MAPE: 11.6966, Train R: 0.8077, Train RRSE: 0.5988, Test Loss: 159.9485, Test Node Loss: 0.5015, Test Reg Loss: 1.5945, Test MAPE: 12.3083, Test R: 0.7535, Test RRSE: 0.9154
2025-02-10 15:41:09,113:INFO:Epoch 98: Train Loss: 70.8392, Train Node Loss: 0.7099, Train Reg Loss: 0.7013, Train MAPE: 11.7623, Train R: 0.7978, Train RRSE: 0.6085, Test Loss: 181.5567, Test Node Loss: 0.3945, Test Reg Loss: 1.8116, Test MAPE: 12.6279, Test R: 0.7556, Test RRSE: 0.9757
2025-02-10 15:41:09,140:INFO:Checkpoint saved at best_0.0008_0.001_256_SAGE_3_64_0.7556_epoch_98.pth
2025-02-10 15:41:33,371:INFO:Epoch 99: Train Loss: 72.6351, Train Node Loss: 0.5828, Train Reg Loss: 0.7205, Train MAPE: 11.6601, Train R: 0.7914, Train RRSE: 0.6167, Test Loss: 189.6406, Test Node Loss: 0.3524, Test Reg Loss: 1.8929, Test MAPE: 12.7283, Test R: 0.7560, Test RRSE: 0.9974
2025-02-10 15:41:33,401:INFO:Checkpoint saved at best_0.0008_0.001_256_SAGE_3_64_0.7560_epoch_99.pth
2025-02-10 15:41:57,559:INFO:Epoch 100: Train Loss: 70.6887, Train Node Loss: 0.6109, Train Reg Loss: 0.7008, Train MAPE: 11.6081, Train R: 0.7986, Train RRSE: 0.6082, Test Loss: 165.2267, Test Node Loss: 0.4189, Test Reg Loss: 1.6481, Test MAPE: 12.4404, Test R: 0.7555, Test RRSE: 0.9306
2025-02-10 15:42:21,287:INFO:Epoch 101: Train Loss: 69.2998, Train Node Loss: 0.6393, Train Reg Loss: 0.6866, Train MAPE: 11.7890, Train R: 0.8043, Train RRSE: 0.6021, Test Loss: 179.6882, Test Node Loss: 0.3514, Test Reg Loss: 1.7934, Test MAPE: 12.6481, Test R: 0.7553, Test RRSE: 0.9708
2025-02-10 15:42:45,069:INFO:Epoch 102: Train Loss: 66.7334, Train Node Loss: 0.5408, Train Reg Loss: 0.6619, Train MAPE: 11.7740, Train R: 0.8095, Train RRSE: 0.5911, Test Loss: 188.0072, Test Node Loss: 0.2994, Test Reg Loss: 1.8771, Test MAPE: 12.7542, Test R: 0.7569, Test RRSE: 0.9932
2025-02-10 15:42:45,093:INFO:Checkpoint saved at best_0.0008_0.001_256_SAGE_3_64_0.7569_epoch_102.pth
2025-02-10 15:43:08,930:INFO:Epoch 103: Train Loss: 66.2168, Train Node Loss: 0.5265, Train Reg Loss: 0.6569, Train MAPE: 11.7232, Train R: 0.8116, Train RRSE: 0.5889, Test Loss: 174.1907, Test Node Loss: 0.3242, Test Reg Loss: 1.7387, Test MAPE: 12.5514, Test R: 0.7574, Test RRSE: 0.9559
2025-02-10 15:43:08,954:INFO:Checkpoint saved at best_0.0008_0.001_256_SAGE_3_64_0.7574_epoch_103.pth
2025-02-10 15:43:32,959:INFO:Epoch 104: Train Loss: 65.9203, Train Node Loss: 0.5294, Train Reg Loss: 0.6539, Train MAPE: 11.6844, Train R: 0.8135, Train RRSE: 0.5875, Test Loss: 174.3016, Test Node Loss: 0.3150, Test Reg Loss: 1.7399, Test MAPE: 12.5957, Test R: 0.7577, Test RRSE: 0.9562
2025-02-10 15:43:33,004:INFO:Checkpoint saved at best_0.0008_0.001_256_SAGE_3_64_0.7577_epoch_104.pth
2025-02-10 15:43:56,922:INFO:Epoch 105: Train Loss: 65.0745, Train Node Loss: 0.5169, Train Reg Loss: 0.6456, Train MAPE: 11.8165, Train R: 0.8143, Train RRSE: 0.5838, Test Loss: 164.1771, Test Node Loss: 0.3191, Test Reg Loss: 1.6386, Test MAPE: 12.5550, Test R: 0.7579, Test RRSE: 0.9280
2025-02-10 15:43:56,944:INFO:Checkpoint saved at best_0.0008_0.001_256_SAGE_3_64_0.7579_epoch_105.pth
2025-02-10 15:44:20,725:INFO:Epoch 106: Train Loss: 68.3039, Train Node Loss: 0.4894, Train Reg Loss: 0.6781, Train MAPE: 11.7823, Train R: 0.8033, Train RRSE: 0.5983, Test Loss: 187.2169, Test Node Loss: 0.2651, Test Reg Loss: 1.8695, Test MAPE: 12.7479, Test R: 0.7587, Test RRSE: 0.9912
2025-02-10 15:44:20,759:INFO:Checkpoint saved at best_0.0008_0.001_256_SAGE_3_64_0.7587_epoch_106.pth
2025-02-10 15:44:44,838:INFO:Epoch 107: Train Loss: 64.9169, Train Node Loss: 0.4428, Train Reg Loss: 0.6447, Train MAPE: 11.7169, Train R: 0.8170, Train RRSE: 0.5834, Test Loss: 210.3519, Test Node Loss: 0.2293, Test Reg Loss: 2.1012, Test MAPE: 13.0864, Test R: 0.7569, Test RRSE: 1.0508
2025-02-10 15:45:08,861:INFO:Epoch 108: Train Loss: 65.3883, Train Node Loss: 0.4461, Train Reg Loss: 0.6494, Train MAPE: 11.8146, Train R: 0.8146, Train RRSE: 0.5855, Test Loss: 224.7492, Test Node Loss: 0.2163, Test Reg Loss: 2.2453, Test MAPE: 13.3815, Test R: 0.7551, Test RRSE: 1.0863
2025-02-10 15:45:32,187:INFO:Epoch 109: Train Loss: 66.4196, Train Node Loss: 0.4188, Train Reg Loss: 0.6600, Train MAPE: 11.8879, Train R: 0.8087, Train RRSE: 0.5903, Test Loss: 223.0998, Test Node Loss: 0.1970, Test Reg Loss: 2.2290, Test MAPE: 13.4367, Test R: 0.7563, Test RRSE: 1.0823
2025-02-10 15:45:56,020:INFO:Epoch 110: Train Loss: 70.9418, Train Node Loss: 0.3938, Train Reg Loss: 0.7055, Train MAPE: 11.8159, Train R: 0.7935, Train RRSE: 0.6103, Test Loss: 190.3842, Test Node Loss: 0.2087, Test Reg Loss: 1.9018, Test MAPE: 12.8059, Test R: 0.7583, Test RRSE: 0.9997
2025-02-10 15:46:20,259:INFO:Epoch 111: Train Loss: 68.1868, Train Node Loss: 0.3679, Train Reg Loss: 0.6782, Train MAPE: 11.8041, Train R: 0.8042, Train RRSE: 0.5984, Test Loss: 167.9482, Test Node Loss: 0.2135, Test Reg Loss: 1.6773, Test MAPE: 12.5280, Test R: 0.7604, Test RRSE: 0.9389
2025-02-10 15:46:20,282:INFO:Checkpoint saved at best_0.0008_0.001_256_SAGE_3_64_0.7604_epoch_111.pth
2025-02-10 15:46:44,876:INFO:Epoch 112: Train Loss: 63.1635, Train Node Loss: 0.4021, Train Reg Loss: 0.6276, Train MAPE: 11.8830, Train R: 0.8207, Train RRSE: 0.5756, Test Loss: 158.3890, Test Node Loss: 0.2318, Test Reg Loss: 1.5816, Test MAPE: 12.5384, Test R: 0.7575, Test RRSE: 0.9117
2025-02-10 15:47:09,423:INFO:Epoch 113: Train Loss: 63.4190, Train Node Loss: 0.3907, Train Reg Loss: 0.6303, Train MAPE: 11.9287, Train R: 0.8190, Train RRSE: 0.5768, Test Loss: 164.0893, Test Node Loss: 0.1976, Test Reg Loss: 1.6389, Test MAPE: 12.5059, Test R: 0.7607, Test RRSE: 0.9280
2025-02-10 15:47:09,456:INFO:Checkpoint saved at best_0.0008_0.001_256_SAGE_3_64_0.7607_epoch_113.pth
2025-02-10 15:47:34,246:INFO:Epoch 114: Train Loss: 63.0397, Train Node Loss: 0.3491, Train Reg Loss: 0.6269, Train MAPE: 11.7522, Train R: 0.8226, Train RRSE: 0.5753, Test Loss: 187.0786, Test Node Loss: 0.1721, Test Reg Loss: 1.8691, Test MAPE: 12.8389, Test R: 0.7629, Test RRSE: 0.9911
2025-02-10 15:47:34,277:INFO:Checkpoint saved at best_0.0008_0.001_256_SAGE_3_64_0.7629_epoch_114.pth
2025-02-10 15:47:59,412:INFO:Epoch 115: Train Loss: 65.8462, Train Node Loss: 0.3495, Train Reg Loss: 0.6550, Train MAPE: 11.7646, Train R: 0.8119, Train RRSE: 0.5880, Test Loss: 210.2785, Test Node Loss: 0.1782, Test Reg Loss: 2.1010, Test MAPE: 13.2875, Test R: 0.7618, Test RRSE: 1.0508
2025-02-10 15:48:25,030:INFO:Epoch 116: Train Loss: 65.0572, Train Node Loss: 0.3429, Train Reg Loss: 0.6471, Train MAPE: 11.9718, Train R: 0.8126, Train RRSE: 0.5845, Test Loss: 251.5352, Test Node Loss: 0.1450, Test Reg Loss: 2.5139, Test MAPE: 13.9138, Test R: 0.7588, Test RRSE: 1.1494
2025-02-10 15:48:50,541:INFO:Epoch 117: Train Loss: 64.5294, Train Node Loss: 0.3234, Train Reg Loss: 0.6421, Train MAPE: 11.9390, Train R: 0.8145, Train RRSE: 0.5822, Test Loss: 243.1753, Test Node Loss: 0.1461, Test Reg Loss: 2.4303, Test MAPE: 13.7691, Test R: 0.7595, Test RRSE: 1.1301
2025-02-10 15:49:15,556:INFO:Epoch 118: Train Loss: 63.7223, Train Node Loss: 0.3203, Train Reg Loss: 0.6340, Train MAPE: 11.9546, Train R: 0.8175, Train RRSE: 0.5785, Test Loss: 253.1679, Test Node Loss: 0.1265, Test Reg Loss: 2.5304, Test MAPE: 13.9220, Test R: 0.7610, Test RRSE: 1.1532
2025-02-10 15:49:40,430:INFO:Epoch 119: Train Loss: 63.0230, Train Node Loss: 0.2739, Train Reg Loss: 0.6275, Train MAPE: 11.8606, Train R: 0.8207, Train RRSE: 0.5756, Test Loss: 254.0437, Test Node Loss: 0.1094, Test Reg Loss: 2.5393, Test MAPE: 13.9074, Test R: 0.7607, Test RRSE: 1.1552
2025-02-10 15:50:05,367:INFO:Epoch 120: Train Loss: 63.1661, Train Node Loss: 0.2781, Train Reg Loss: 0.6289, Train MAPE: 11.8513, Train R: 0.8199, Train RRSE: 0.5762, Test Loss: 205.3483, Test Node Loss: 0.1304, Test Reg Loss: 2.0522, Test MAPE: 13.1535, Test R: 0.7627, Test RRSE: 1.0385
2025-02-10 15:50:30,013:INFO:Epoch 121: Train Loss: 63.5522, Train Node Loss: 0.2785, Train Reg Loss: 0.6327, Train MAPE: 11.9648, Train R: 0.8177, Train RRSE: 0.5780, Test Loss: 201.8063, Test Node Loss: 0.1165, Test Reg Loss: 2.0169, Test MAPE: 13.0408, Test R: 0.7639, Test RRSE: 1.0295
2025-02-10 15:50:30,048:INFO:Checkpoint saved at best_0.0008_0.001_256_SAGE_3_64_0.7639_epoch_121.pth
2025-02-10 15:50:54,484:INFO:Epoch 122: Train Loss: 63.9575, Train Node Loss: 0.2629, Train Reg Loss: 0.6369, Train MAPE: 11.9580, Train R: 0.8155, Train RRSE: 0.5799, Test Loss: 189.6599, Test Node Loss: 0.1178, Test Reg Loss: 1.8954, Test MAPE: 13.0857, Test R: 0.7641, Test RRSE: 0.9980
2025-02-10 15:50:54,506:INFO:Checkpoint saved at best_0.0008_0.001_256_SAGE_3_64_0.7641_epoch_122.pth
2025-02-10 15:51:19,314:INFO:Epoch 123: Train Loss: 63.6733, Train Node Loss: 0.2624, Train Reg Loss: 0.6341, Train MAPE: 11.9866, Train R: 0.8170, Train RRSE: 0.5786, Test Loss: 182.6028, Test Node Loss: 0.1096, Test Reg Loss: 1.8249, Test MAPE: 12.8224, Test R: 0.7655, Test RRSE: 0.9793
2025-02-10 15:51:19,330:INFO:Checkpoint saved at best_0.0008_0.001_256_SAGE_3_64_0.7655_epoch_123.pth
2025-02-10 15:51:43,809:INFO:Epoch 124: Train Loss: 64.4755, Train Node Loss: 0.2174, Train Reg Loss: 0.6426, Train MAPE: 11.9252, Train R: 0.8151, Train RRSE: 0.5824, Test Loss: 286.0017, Test Node Loss: 0.0668, Test Reg Loss: 2.8593, Test MAPE: 14.4540, Test R: 0.7609, Test RRSE: 1.2258
2025-02-10 15:52:09,043:INFO:Epoch 125: Train Loss: 66.7955, Train Node Loss: 0.1850, Train Reg Loss: 0.6661, Train MAPE: 11.8093, Train R: 0.8099, Train RRSE: 0.5930, Test Loss: 260.4303, Test Node Loss: 0.0737, Test Reg Loss: 2.6036, Test MAPE: 13.9953, Test R: 0.7605, Test RRSE: 1.1697
2025-02-10 15:52:33,538:INFO:Epoch 126: Train Loss: 64.7338, Train Node Loss: 0.2344, Train Reg Loss: 0.6450, Train MAPE: 12.0330, Train R: 0.8176, Train RRSE: 0.5835, Test Loss: 185.8174, Test Node Loss: 0.1060, Test Reg Loss: 1.8571, Test MAPE: 12.8739, Test R: 0.7632, Test RRSE: 0.9879
2025-02-10 15:52:58,021:INFO:Epoch 127: Train Loss: 61.5610, Train Node Loss: 0.2309, Train Reg Loss: 0.6133, Train MAPE: 11.9070, Train R: 0.8311, Train RRSE: 0.5690, Test Loss: 206.1722, Test Node Loss: 0.0707, Test Reg Loss: 2.0610, Test MAPE: 13.1835, Test R: 0.7674, Test RRSE: 1.0407
2025-02-10 15:52:58,046:INFO:Checkpoint saved at best_0.0008_0.001_256_SAGE_3_64_0.7674_epoch_127.pth
2025-02-10 15:53:22,788:INFO:Epoch 128: Train Loss: 64.5074, Train Node Loss: 0.1617, Train Reg Loss: 0.6435, Train MAPE: 11.7980, Train R: 0.8192, Train RRSE: 0.5828, Test Loss: 251.2544, Test Node Loss: 0.0541, Test Reg Loss: 2.5120, Test MAPE: 13.9465, Test R: 0.7640, Test RRSE: 1.1490
2025-02-10 15:53:47,990:INFO:Epoch 129: Train Loss: 64.9552, Train Node Loss: 0.1532, Train Reg Loss: 0.6480, Train MAPE: 11.8333, Train R: 0.8175, Train RRSE: 0.5849, Test Loss: 230.6233, Test Node Loss: 0.0680, Test Reg Loss: 2.3056, Test MAPE: 13.5528, Test R: 0.7632, Test RRSE: 1.1007
2025-02-10 15:54:12,661:INFO:Epoch 130: Train Loss: 63.5980, Train Node Loss: 0.1956, Train Reg Loss: 0.6340, Train MAPE: 12.0904, Train R: 0.8194, Train RRSE: 0.5785, Test Loss: 194.8340, Test Node Loss: 0.0814, Test Reg Loss: 1.9475, Test MAPE: 13.1656, Test R: 0.7649, Test RRSE: 1.0117
2025-02-10 15:54:37,255:INFO:Epoch 131: Train Loss: 60.4451, Train Node Loss: 0.1873, Train Reg Loss: 0.6026, Train MAPE: 12.0450, Train R: 0.8305, Train RRSE: 0.5640, Test Loss: 250.9450, Test Node Loss: 0.0510, Test Reg Loss: 2.5089, Test MAPE: 13.9156, Test R: 0.7652, Test RRSE: 1.1483
2025-02-10 15:55:01,757:INFO:Epoch 132: Train Loss: 63.9955, Train Node Loss: 0.1352, Train Reg Loss: 0.6386, Train MAPE: 11.9467, Train R: 0.8181, Train RRSE: 0.5806, Test Loss: 303.1333, Test Node Loss: 0.0354, Test Reg Loss: 3.0310, Test MAPE: 14.7183, Test R: 0.7639, Test RRSE: 1.2621
2025-02-10 15:55:26,563:INFO:Epoch 133: Train Loss: 59.7452, Train Node Loss: 0.1302, Train Reg Loss: 0.5961, Train MAPE: 11.8034, Train R: 0.8321, Train RRSE: 0.5610, Test Loss: 204.1544, Test Node Loss: 0.0513, Test Reg Loss: 2.0410, Test MAPE: 13.2233, Test R: 0.7638, Test RRSE: 1.0357
2025-02-10 15:55:51,251:INFO:Epoch 134: Train Loss: 61.4194, Train Node Loss: 0.1609, Train Reg Loss: 0.6126, Train MAPE: 12.1478, Train R: 0.8294, Train RRSE: 0.5687, Test Loss: 148.8360, Test Node Loss: 0.0600, Test Reg Loss: 1.4878, Test MAPE: 12.4561, Test R: 0.7671, Test RRSE: 0.8842
2025-02-10 15:56:15,786:INFO:Epoch 135: Train Loss: 59.3101, Train Node Loss: 0.1405, Train Reg Loss: 0.5917, Train MAPE: 12.0139, Train R: 0.8310, Train RRSE: 0.5589, Test Loss: 185.2332, Test Node Loss: 0.0426, Test Reg Loss: 1.8519, Test MAPE: 12.9527, Test R: 0.7682, Test RRSE: 0.9865
2025-02-10 15:56:15,813:INFO:Checkpoint saved at best_0.0008_0.001_256_SAGE_3_64_0.7682_epoch_135.pth
2025-02-10 15:56:40,342:INFO:Epoch 136: Train Loss: 64.8329, Train Node Loss: 0.1199, Train Reg Loss: 0.6471, Train MAPE: 11.9016, Train R: 0.8136, Train RRSE: 0.5845, Test Loss: 214.0981, Test Node Loss: 0.0411, Test Reg Loss: 2.1406, Test MAPE: 13.4575, Test R: 0.7640, Test RRSE: 1.0606
2025-02-10 15:57:05,303:INFO:Epoch 137: Train Loss: 61.3666, Train Node Loss: 0.1190, Train Reg Loss: 0.6125, Train MAPE: 11.9946, Train R: 0.8238, Train RRSE: 0.5686, Test Loss: 182.6361, Test Node Loss: 0.0428, Test Reg Loss: 1.8259, Test MAPE: 13.0168, Test R: 0.7649, Test RRSE: 0.9796
2025-02-10 15:57:30,432:INFO:Epoch 138: Train Loss: 62.4150, Train Node Loss: 0.1284, Train Reg Loss: 0.6229, Train MAPE: 12.0659, Train R: 0.8210, Train RRSE: 0.5734, Test Loss: 155.3012, Test Node Loss: 0.0489, Test Reg Loss: 1.5525, Test MAPE: 12.5113, Test R: 0.7675, Test RRSE: 0.9033
2025-02-10 15:57:55,898:INFO:Epoch 139: Train Loss: 59.0890, Train Node Loss: 0.1217, Train Reg Loss: 0.5897, Train MAPE: 12.0961, Train R: 0.8310, Train RRSE: 0.5579, Test Loss: 226.7130, Test Node Loss: 0.0347, Test Reg Loss: 2.2668, Test MAPE: 13.5688, Test R: 0.7661, Test RRSE: 1.0914
2025-02-10 15:58:20,573:INFO:Epoch 140: Train Loss: 63.1829, Train Node Loss: 0.1035, Train Reg Loss: 0.6308, Train MAPE: 11.9321, Train R: 0.8190, Train RRSE: 0.5771, Test Loss: 270.7471, Test Node Loss: 0.0302, Test Reg Loss: 2.7072, Test MAPE: 14.3537, Test R: 0.7642, Test RRSE: 1.1927
2025-02-10 15:58:45,527:INFO:Epoch 141: Train Loss: 62.2972, Train Node Loss: 0.1016, Train Reg Loss: 0.6220, Train MAPE: 12.0356, Train R: 0.8203, Train RRSE: 0.5730, Test Loss: 210.3479, Test Node Loss: 0.0354, Test Reg Loss: 2.1031, Test MAPE: 13.4262, Test R: 0.7669, Test RRSE: 1.0513
2025-02-10 15:59:11,041:INFO:Epoch 142: Train Loss: 60.6354, Train Node Loss: 0.1048, Train Reg Loss: 0.6053, Train MAPE: 11.9153, Train R: 0.8269, Train RRSE: 0.5653, Test Loss: 166.7877, Test Node Loss: 0.0392, Test Reg Loss: 1.6675, Test MAPE: 12.6935, Test R: 0.7690, Test RRSE: 0.9361
2025-02-10 15:59:11,080:INFO:Checkpoint saved at best_0.0008_0.001_256_SAGE_3_64_0.7690_epoch_142.pth
2025-02-10 15:59:35,250:INFO:Epoch 143: Train Loss: 61.7793, Train Node Loss: 0.1078, Train Reg Loss: 0.6167, Train MAPE: 11.9266, Train R: 0.8238, Train RRSE: 0.5706, Test Loss: 182.2860, Test Node Loss: 0.0368, Test Reg Loss: 1.8225, Test MAPE: 12.9679, Test R: 0.7660, Test RRSE: 0.9786
2025-02-10 15:59:59,164:INFO:Epoch 144: Train Loss: 58.9417, Train Node Loss: 0.1053, Train Reg Loss: 0.5884, Train MAPE: 12.2149, Train R: 0.8314, Train RRSE: 0.5573, Test Loss: 237.1559, Test Node Loss: 0.0324, Test Reg Loss: 2.3712, Test MAPE: 13.8278, Test R: 0.7623, Test RRSE: 1.1163
2025-02-10 16:00:23,330:INFO:Epoch 145: Train Loss: 60.4749, Train Node Loss: 0.0998, Train Reg Loss: 0.6038, Train MAPE: 12.0947, Train R: 0.8263, Train RRSE: 0.5646, Test Loss: 208.4968, Test Node Loss: 0.0319, Test Reg Loss: 2.0846, Test MAPE: 13.3318, Test R: 0.7664, Test RRSE: 1.0467
2025-02-10 16:00:47,299:INFO:Epoch 146: Train Loss: 59.2195, Train Node Loss: 0.0927, Train Reg Loss: 0.5913, Train MAPE: 11.8392, Train R: 0.8329, Train RRSE: 0.5587, Test Loss: 168.1638, Test Node Loss: 0.0329, Test Reg Loss: 1.6813, Test MAPE: 12.7383, Test R: 0.7690, Test RRSE: 0.9400
2025-02-10 16:00:47,323:INFO:Checkpoint saved at best_0.0008_0.001_256_SAGE_3_64_0.7690_epoch_146.pth
2025-02-10 16:01:12,326:INFO:Epoch 147: Train Loss: 66.3401, Train Node Loss: 0.0874, Train Reg Loss: 0.6625, Train MAPE: 11.8531, Train R: 0.8112, Train RRSE: 0.5914, Test Loss: 187.1208, Test Node Loss: 0.0341, Test Reg Loss: 1.8709, Test MAPE: 13.1419, Test R: 0.7680, Test RRSE: 0.9915
2025-02-10 16:01:37,059:INFO:Epoch 148: Train Loss: 62.0102, Train Node Loss: 0.1061, Train Reg Loss: 0.6190, Train MAPE: 12.1777, Train R: 0.8221, Train RRSE: 0.5717, Test Loss: 206.4298, Test Node Loss: 0.0386, Test Reg Loss: 2.0639, Test MAPE: 13.4917, Test R: 0.7629, Test RRSE: 1.0414
2025-02-10 16:02:01,989:INFO:Epoch 149: Train Loss: 60.9293, Train Node Loss: 0.1092, Train Reg Loss: 0.6082, Train MAPE: 12.1791, Train R: 0.8291, Train RRSE: 0.5666, Test Loss: 204.1325, Test Node Loss: 0.0311, Test Reg Loss: 2.0410, Test MAPE: 13.2387, Test R: 0.7689, Test RRSE: 1.0357
2025-02-10 16:02:27,056:INFO:Epoch 150: Train Loss: 62.3206, Train Node Loss: 0.0869, Train Reg Loss: 0.6223, Train MAPE: 11.8865, Train R: 0.8215, Train RRSE: 0.5732, Test Loss: 208.5823, Test Node Loss: 0.0278, Test Reg Loss: 2.0855, Test MAPE: 13.3443, Test R: 0.7697, Test RRSE: 1.0469
2025-02-10 16:02:27,080:INFO:Checkpoint saved at best_0.0008_0.001_256_SAGE_3_64_0.7697_epoch_150.pth
2025-02-10 16:02:52,152:INFO:Epoch 151: Train Loss: 60.2169, Train Node Loss: 0.0804, Train Reg Loss: 0.6014, Train MAPE: 11.8820, Train R: 0.8310, Train RRSE: 0.5634, Test Loss: 226.7262, Test Node Loss: 0.0268, Test Reg Loss: 2.2670, Test MAPE: 13.5333, Test R: 0.7684, Test RRSE: 1.0915
2025-02-10 16:03:17,162:INFO:Epoch 152: Train Loss: 62.8643, Train Node Loss: 0.0877, Train Reg Loss: 0.6278, Train MAPE: 12.0895, Train R: 0.8193, Train RRSE: 0.5757, Test Loss: 285.0408, Test Node Loss: 0.0259, Test Reg Loss: 2.8501, Test MAPE: 14.5707, Test R: 0.7631, Test RRSE: 1.2238
2025-02-10 16:03:42,208:INFO:Epoch 153: Train Loss: 65.1265, Train Node Loss: 0.0820, Train Reg Loss: 0.6504, Train MAPE: 12.1207, Train R: 0.8107, Train RRSE: 0.5860, Test Loss: 240.9144, Test Node Loss: 0.0242, Test Reg Loss: 2.4089, Test MAPE: 13.8963, Test R: 0.7687, Test RRSE: 1.1251
2025-02-10 16:04:07,189:INFO:Epoch 154: Train Loss: 62.8058, Train Node Loss: 0.0787, Train Reg Loss: 0.6273, Train MAPE: 11.9022, Train R: 0.8200, Train RRSE: 0.5755, Test Loss: 200.5169, Test Node Loss: 0.0251, Test Reg Loss: 2.0049, Test MAPE: 13.1541, Test R: 0.7711, Test RRSE: 1.0265
2025-02-10 16:04:07,214:INFO:Checkpoint saved at best_0.0008_0.001_256_SAGE_3_64_0.7711_epoch_154.pth
2025-02-10 16:04:32,684:INFO:Epoch 155: Train Loss: 57.8871, Train Node Loss: 0.0737, Train Reg Loss: 0.5781, Train MAPE: 11.8872, Train R: 0.8370, Train RRSE: 0.5525, Test Loss: 273.5716, Test Node Loss: 0.0208, Test Reg Loss: 2.7355, Test MAPE: 14.3932, Test R: 0.7692, Test RRSE: 1.1990
2025-02-10 16:04:57,494:INFO:Epoch 156: Train Loss: 60.1291, Train Node Loss: 0.0736, Train Reg Loss: 0.6006, Train MAPE: 12.2388, Train R: 0.8264, Train RRSE: 0.5631, Test Loss: 256.0091, Test Node Loss: 0.0225, Test Reg Loss: 2.5599, Test MAPE: 14.2388, Test R: 0.7649, Test RRSE: 1.1598
2025-02-10 16:05:22,295:INFO:Epoch 157: Train Loss: 61.0190, Train Node Loss: 0.0741, Train Reg Loss: 0.6094, Train MAPE: 12.1846, Train R: 0.8239, Train RRSE: 0.5672, Test Loss: 202.5222, Test Node Loss: 0.0225, Test Reg Loss: 2.0250, Test MAPE: 13.3860, Test R: 0.7707, Test RRSE: 1.0316
2025-02-10 16:05:47,464:INFO:Epoch 158: Train Loss: 60.5527, Train Node Loss: 0.0711, Train Reg Loss: 0.6048, Train MAPE: 11.9301, Train R: 0.8266, Train RRSE: 0.5651, Test Loss: 171.6955, Test Node Loss: 0.0254, Test Reg Loss: 1.7167, Test MAPE: 12.8147, Test R: 0.7723, Test RRSE: 0.9498
2025-02-10 16:05:47,497:INFO:Checkpoint saved at best_0.0008_0.001_256_SAGE_3_64_0.7723_epoch_158.pth
2025-02-10 16:06:12,528:INFO:Epoch 159: Train Loss: 61.8141, Train Node Loss: 0.0702, Train Reg Loss: 0.6174, Train MAPE: 11.8362, Train R: 0.8239, Train RRSE: 0.5709, Test Loss: 213.9370, Test Node Loss: 0.0233, Test Reg Loss: 2.1391, Test MAPE: 13.5701, Test R: 0.7726, Test RRSE: 1.0603
2025-02-10 16:06:12,558:INFO:Checkpoint saved at best_0.0008_0.001_256_SAGE_3_64_0.7726_epoch_159.pth
2025-02-10 16:06:38,504:INFO:Epoch 160: Train Loss: 62.2453, Train Node Loss: 0.0672, Train Reg Loss: 0.6218, Train MAPE: 12.0987, Train R: 0.8203, Train RRSE: 0.5729, Test Loss: 273.4117, Test Node Loss: 0.0205, Test Reg Loss: 2.7339, Test MAPE: 14.5168, Test R: 0.7699, Test RRSE: 1.1986
2025-02-10 16:07:03,919:INFO:Epoch 161: Train Loss: 57.8627, Train Node Loss: 0.0698, Train Reg Loss: 0.5779, Train MAPE: 12.1269, Train R: 0.8348, Train RRSE: 0.5524, Test Loss: 184.4507, Test Node Loss: 0.0242, Test Reg Loss: 1.8443, Test MAPE: 12.9957, Test R: 0.7733, Test RRSE: 0.9845
2025-02-10 16:07:03,943:INFO:Checkpoint saved at best_0.0008_0.001_256_SAGE_3_64_0.7733_epoch_161.pth
2025-02-10 16:07:29,054:INFO:Epoch 162: Train Loss: 61.7524, Train Node Loss: 0.0687, Train Reg Loss: 0.6168, Train MAPE: 11.9795, Train R: 0.8230, Train RRSE: 0.5706, Test Loss: 198.8926, Test Node Loss: 0.0207, Test Reg Loss: 1.9887, Test MAPE: 13.3794, Test R: 0.7739, Test RRSE: 1.0223
2025-02-10 16:07:29,084:INFO:Checkpoint saved at best_0.0008_0.001_256_SAGE_3_64_0.7739_epoch_162.pth
2025-02-10 16:07:53,951:INFO:Epoch 163: Train Loss: 59.7428, Train Node Loss: 0.0610, Train Reg Loss: 0.5968, Train MAPE: 11.9982, Train R: 0.8298, Train RRSE: 0.5613, Test Loss: 200.0545, Test Node Loss: 0.0215, Test Reg Loss: 2.0003, Test MAPE: 13.3799, Test R: 0.7721, Test RRSE: 1.0253
2025-02-10 16:08:19,430:INFO:Epoch 164: Train Loss: 59.6286, Train Node Loss: 0.0675, Train Reg Loss: 0.5956, Train MAPE: 12.1123, Train R: 0.8302, Train RRSE: 0.5607, Test Loss: 174.5565, Test Node Loss: 0.0230, Test Reg Loss: 1.7453, Test MAPE: 12.9607, Test R: 0.7697, Test RRSE: 0.9577
2025-02-10 16:08:44,723:INFO:Epoch 165: Train Loss: 56.9954, Train Node Loss: 0.0655, Train Reg Loss: 0.5693, Train MAPE: 12.0691, Train R: 0.8395, Train RRSE: 0.5482, Test Loss: 196.1440, Test Node Loss: 0.0192, Test Reg Loss: 1.9612, Test MAPE: 13.2659, Test R: 0.7701, Test RRSE: 1.0152
2025-02-10 16:09:09,648:INFO:Epoch 166: Train Loss: 58.1822, Train Node Loss: 0.0559, Train Reg Loss: 0.5813, Train MAPE: 11.9902, Train R: 0.8353, Train RRSE: 0.5540, Test Loss: 201.1187, Test Node Loss: 0.0185, Test Reg Loss: 2.0110, Test MAPE: 13.3977, Test R: 0.7692, Test RRSE: 1.0280
2025-02-10 16:09:34,656:INFO:Epoch 167: Train Loss: 59.1015, Train Node Loss: 0.0579, Train Reg Loss: 0.5904, Train MAPE: 12.0918, Train R: 0.8303, Train RRSE: 0.5583, Test Loss: 205.7721, Test Node Loss: 0.0190, Test Reg Loss: 2.0575, Test MAPE: 13.4771, Test R: 0.7686, Test RRSE: 1.0398
2025-02-10 16:10:00,086:INFO:Epoch 168: Train Loss: 58.9955, Train Node Loss: 0.0580, Train Reg Loss: 0.5894, Train MAPE: 12.2097, Train R: 0.8305, Train RRSE: 0.5578, Test Loss: 225.7871, Test Node Loss: 0.0176, Test Reg Loss: 2.2577, Test MAPE: 13.7518, Test R: 0.7690, Test RRSE: 1.0892
2025-02-10 16:10:25,098:INFO:Epoch 169: Train Loss: 56.4848, Train Node Loss: 0.0544, Train Reg Loss: 0.5643, Train MAPE: 12.1326, Train R: 0.8386, Train RRSE: 0.5458, Test Loss: 198.9145, Test Node Loss: 0.0179, Test Reg Loss: 1.9890, Test MAPE: 13.3944, Test R: 0.7696, Test RRSE: 1.0224
2025-02-10 16:10:50,710:INFO:Epoch 170: Train Loss: 56.0212, Train Node Loss: 0.0542, Train Reg Loss: 0.5597, Train MAPE: 12.0470, Train R: 0.8405, Train RRSE: 0.5436, Test Loss: 156.9721, Test Node Loss: 0.0195, Test Reg Loss: 1.5695, Test MAPE: 12.6967, Test R: 0.7701, Test RRSE: 0.9082
2025-02-10 16:11:15,913:INFO:Epoch 171: Train Loss: 60.5996, Train Node Loss: 0.0556, Train Reg Loss: 0.6054, Train MAPE: 11.9853, Train R: 0.8262, Train RRSE: 0.5654, Test Loss: 160.3672, Test Node Loss: 0.0192, Test Reg Loss: 1.6035, Test MAPE: 12.7061, Test R: 0.7708, Test RRSE: 0.9180
2025-02-10 16:11:41,020:INFO:Epoch 172: Train Loss: 58.7036, Train Node Loss: 0.0559, Train Reg Loss: 0.5865, Train MAPE: 11.9192, Train R: 0.8338, Train RRSE: 0.5564, Test Loss: 185.4995, Test Node Loss: 0.0186, Test Reg Loss: 1.8548, Test MAPE: 13.1267, Test R: 0.7709, Test RRSE: 0.9873
2025-02-10 16:12:06,382:INFO:Epoch 173: Train Loss: 57.8224, Train Node Loss: 0.0537, Train Reg Loss: 0.5777, Train MAPE: 12.2092, Train R: 0.8338, Train RRSE: 0.5522, Test Loss: 260.4852, Test Node Loss: 0.0160, Test Reg Loss: 2.6047, Test MAPE: 14.3150, Test R: 0.7680, Test RRSE: 1.1700
2025-02-10 16:12:31,116:INFO:Epoch 174: Train Loss: 58.4141, Train Node Loss: 0.0517, Train Reg Loss: 0.5836, Train MAPE: 12.0396, Train R: 0.8332, Train RRSE: 0.5551, Test Loss: 231.5100, Test Node Loss: 0.0160, Test Reg Loss: 2.3149, Test MAPE: 13.7713, Test R: 0.7695, Test RRSE: 1.1030
2025-02-10 16:12:55,871:INFO:Epoch 175: Train Loss: 64.5095, Train Node Loss: 0.0483, Train Reg Loss: 0.6446, Train MAPE: 11.8448, Train R: 0.8155, Train RRSE: 0.5834, Test Loss: 195.0984, Test Node Loss: 0.0167, Test Reg Loss: 1.9508, Test MAPE: 13.3058, Test R: 0.7714, Test RRSE: 1.0125
2025-02-10 16:13:20,792:INFO:Epoch 176: Train Loss: 56.4458, Train Node Loss: 0.0554, Train Reg Loss: 0.5639, Train MAPE: 12.2294, Train R: 0.8386, Train RRSE: 0.5456, Test Loss: 153.4475, Test Node Loss: 0.0208, Test Reg Loss: 1.5343, Test MAPE: 12.8066, Test R: 0.7688, Test RRSE: 0.8979
2025-02-10 16:13:45,656:INFO:Epoch 177: Train Loss: 60.5048, Train Node Loss: 0.0569, Train Reg Loss: 0.6045, Train MAPE: 12.2438, Train R: 0.8275, Train RRSE: 0.5649, Test Loss: 193.1075, Test Node Loss: 0.0169, Test Reg Loss: 1.9309, Test MAPE: 13.2368, Test R: 0.7702, Test RRSE: 1.0073
2025-02-10 16:14:10,462:INFO:Epoch 178: Train Loss: 56.8696, Train Node Loss: 0.0483, Train Reg Loss: 0.5682, Train MAPE: 11.9639, Train R: 0.8389, Train RRSE: 0.5477, Test Loss: 218.7698, Test Node Loss: 0.0156, Test Reg Loss: 2.1875, Test MAPE: 13.6395, Test R: 0.7718, Test RRSE: 1.0722
2025-02-10 16:14:34,905:INFO:Epoch 179: Train Loss: 57.8701, Train Node Loss: 0.0480, Train Reg Loss: 0.5782, Train MAPE: 12.0415, Train R: 0.8347, Train RRSE: 0.5525, Test Loss: 224.8806, Test Node Loss: 0.0159, Test Reg Loss: 2.2486, Test MAPE: 13.7669, Test R: 0.7675, Test RRSE: 1.0871
2025-02-10 16:14:59,772:INFO:Epoch 180: Train Loss: 56.1656, Train Node Loss: 0.0487, Train Reg Loss: 0.5612, Train MAPE: 12.1996, Train R: 0.8400, Train RRSE: 0.5443, Test Loss: 180.2442, Test Node Loss: 0.0162, Test Reg Loss: 1.8023, Test MAPE: 13.1033, Test R: 0.7712, Test RRSE: 0.9732
2025-02-10 16:15:24,485:INFO:Epoch 181: Train Loss: 56.3711, Train Node Loss: 0.0461, Train Reg Loss: 0.5633, Train MAPE: 12.1426, Train R: 0.8390, Train RRSE: 0.5453, Test Loss: 179.5070, Test Node Loss: 0.0157, Test Reg Loss: 1.7949, Test MAPE: 13.0604, Test R: 0.7714, Test RRSE: 0.9712
2025-02-10 16:15:49,065:INFO:Epoch 182: Train Loss: 59.1835, Train Node Loss: 0.0441, Train Reg Loss: 0.5914, Train MAPE: 11.9838, Train R: 0.8312, Train RRSE: 0.5588, Test Loss: 180.8715, Test Node Loss: 0.0161, Test Reg Loss: 1.8086, Test MAPE: 13.1403, Test R: 0.7710, Test RRSE: 0.9749
2025-02-10 16:16:13,875:INFO:Epoch 183: Train Loss: 57.7905, Train Node Loss: 0.0473, Train Reg Loss: 0.5774, Train MAPE: 12.0892, Train R: 0.8352, Train RRSE: 0.5521, Test Loss: 174.8787, Test Node Loss: 0.0168, Test Reg Loss: 1.7486, Test MAPE: 13.0405, Test R: 0.7712, Test RRSE: 0.9586
2025-02-10 16:16:38,682:INFO:Epoch 184: Train Loss: 59.5453, Train Node Loss: 0.0471, Train Reg Loss: 0.5950, Train MAPE: 12.1165, Train R: 0.8285, Train RRSE: 0.5604, Test Loss: 186.7968, Test Node Loss: 0.0156, Test Reg Loss: 1.8678, Test MAPE: 13.2111, Test R: 0.7725, Test RRSE: 0.9907
2025-02-10 16:17:03,175:INFO:Epoch 185: Train Loss: 57.2716, Train Node Loss: 0.0448, Train Reg Loss: 0.5723, Train MAPE: 12.1262, Train R: 0.8357, Train RRSE: 0.5496, Test Loss: 192.0223, Test Node Loss: 0.0155, Test Reg Loss: 1.9201, Test MAPE: 13.2644, Test R: 0.7712, Test RRSE: 1.0045
2025-02-10 16:17:27,936:INFO:Epoch 186: Train Loss: 57.1194, Train Node Loss: 0.0455, Train Reg Loss: 0.5707, Train MAPE: 12.2265, Train R: 0.8369, Train RRSE: 0.5489, Test Loss: 209.6072, Test Node Loss: 0.0153, Test Reg Loss: 2.0959, Test MAPE: 13.5779, Test R: 0.7726, Test RRSE: 1.0495
2025-02-10 16:17:52,160:INFO:Epoch 187: Train Loss: 59.1739, Train Node Loss: 0.0436, Train Reg Loss: 0.5913, Train MAPE: 12.0843, Train R: 0.8301, Train RRSE: 0.5587, Test Loss: 241.5386, Test Node Loss: 0.0141, Test Reg Loss: 2.4152, Test MAPE: 13.9788, Test R: 0.7722, Test RRSE: 1.1266
2025-02-10 16:18:16,516:INFO:Epoch 188: Train Loss: 57.4105, Train Node Loss: 0.0407, Train Reg Loss: 0.5737, Train MAPE: 11.9712, Train R: 0.8368, Train RRSE: 0.5503, Test Loss: 250.1965, Test Node Loss: 0.0140, Test Reg Loss: 2.5018, Test MAPE: 14.1326, Test R: 0.7708, Test RRSE: 1.1466
2025-02-10 16:18:40,929:INFO:Epoch 189: Train Loss: 55.0459, Train Node Loss: 0.0423, Train Reg Loss: 0.5500, Train MAPE: 12.2148, Train R: 0.8434, Train RRSE: 0.5389, Test Loss: 216.4321, Test Node Loss: 0.0149, Test Reg Loss: 2.1642, Test MAPE: 13.7406, Test R: 0.7719, Test RRSE: 1.0664
2025-02-10 16:19:05,495:INFO:Epoch 190: Train Loss: 59.4567, Train Node Loss: 0.0427, Train Reg Loss: 0.5941, Train MAPE: 12.2371, Train R: 0.8290, Train RRSE: 0.5601, Test Loss: 221.1301, Test Node Loss: 0.0142, Test Reg Loss: 2.2112, Test MAPE: 13.6826, Test R: 0.7742, Test RRSE: 1.0780
2025-02-10 16:19:05,520:INFO:Checkpoint saved at best_0.0008_0.001_256_SAGE_3_64_0.7742_epoch_190.pth
2025-02-10 16:19:30,261:INFO:Epoch 191: Train Loss: 55.8705, Train Node Loss: 0.0382, Train Reg Loss: 0.5583, Train MAPE: 12.0444, Train R: 0.8423, Train RRSE: 0.5429, Test Loss: 273.5589, Test Node Loss: 0.0133, Test Reg Loss: 2.7355, Test MAPE: 14.4497, Test R: 0.7718, Test RRSE: 1.1990
2025-02-10 16:19:54,546:INFO:Epoch 192: Train Loss: 54.6899, Train Node Loss: 0.0384, Train Reg Loss: 0.5465, Train MAPE: 12.1349, Train R: 0.8444, Train RRSE: 0.5371, Test Loss: 285.5942, Test Node Loss: 0.0134, Test Reg Loss: 2.8558, Test MAPE: 14.6462, Test R: 0.7692, Test RRSE: 1.2251
2025-02-10 16:20:19,012:INFO:Epoch 193: Train Loss: 58.6987, Train Node Loss: 0.0392, Train Reg Loss: 0.5866, Train MAPE: 12.2376, Train R: 0.8319, Train RRSE: 0.5565, Test Loss: 224.2471, Test Node Loss: 0.0139, Test Reg Loss: 2.2423, Test MAPE: 13.7251, Test R: 0.7728, Test RRSE: 1.0855
2025-02-10 16:20:43,647:INFO:Epoch 194: Train Loss: 59.8705, Train Node Loss: 0.0368, Train Reg Loss: 0.5983, Train MAPE: 11.9945, Train R: 0.8288, Train RRSE: 0.5620, Test Loss: 233.5988, Test Node Loss: 0.0135, Test Reg Loss: 2.3359, Test MAPE: 13.9117, Test R: 0.7713, Test RRSE: 1.1079
2025-02-10 16:21:07,736:INFO:Epoch 195: Train Loss: 54.8669, Train Node Loss: 0.0383, Train Reg Loss: 0.5483, Train MAPE: 12.1718, Train R: 0.8437, Train RRSE: 0.5380, Test Loss: 221.9852, Test Node Loss: 0.0141, Test Reg Loss: 2.2197, Test MAPE: 13.8487, Test R: 0.7690, Test RRSE: 1.0800
2025-02-10 16:21:32,005:INFO:Epoch 196: Train Loss: 57.0558, Train Node Loss: 0.0388, Train Reg Loss: 0.5702, Train MAPE: 12.1843, Train R: 0.8363, Train RRSE: 0.5486, Test Loss: 177.3290, Test Node Loss: 0.0143, Test Reg Loss: 1.7731, Test MAPE: 13.2000, Test R: 0.7740, Test RRSE: 0.9653
2025-02-10 16:21:57,289:INFO:Epoch 197: Train Loss: 55.0774, Train Node Loss: 0.0388, Train Reg Loss: 0.5504, Train MAPE: 12.1027, Train R: 0.8431, Train RRSE: 0.5390, Test Loss: 153.6582, Test Node Loss: 0.0149, Test Reg Loss: 1.5364, Test MAPE: 12.8271, Test R: 0.7759, Test RRSE: 0.8986
2025-02-10 16:21:57,329:INFO:Checkpoint saved at best_0.0008_0.001_256_SAGE_3_64_0.7759_epoch_197.pth
2025-02-10 16:22:22,155:INFO:Epoch 198: Train Loss: 60.3257, Train Node Loss: 0.0377, Train Reg Loss: 0.6029, Train MAPE: 12.1183, Train R: 0.8263, Train RRSE: 0.5642, Test Loss: 270.5621, Test Node Loss: 0.0129, Test Reg Loss: 2.7055, Test MAPE: 14.6108, Test R: 0.7690, Test RRSE: 1.1924
2025-02-10 16:22:47,030:INFO:Epoch 199: Train Loss: 56.1659, Train Node Loss: 0.0362, Train Reg Loss: 0.5613, Train MAPE: 12.1642, Train R: 0.8399, Train RRSE: 0.5444, Test Loss: 231.9159, Test Node Loss: 0.0131, Test Reg Loss: 2.3190, Test MAPE: 13.8271, Test R: 0.7714, Test RRSE: 1.1039
2025-02-10 16:23:11,869:INFO:Epoch 200: Train Loss: 54.7471, Train Node Loss: 0.0344, Train Reg Loss: 0.5471, Train MAPE: 12.1011, Train R: 0.8444, Train RRSE: 0.5374, Test Loss: 230.7379, Test Node Loss: 0.0129, Test Reg Loss: 2.3073, Test MAPE: 13.9472, Test R: 0.7753, Test RRSE: 1.1011
2025-02-10 16:23:36,803:INFO:Epoch 201: Train Loss: 56.9081, Train Node Loss: 0.0350, Train Reg Loss: 0.5687, Train MAPE: 12.1599, Train R: 0.8373, Train RRSE: 0.5479, Test Loss: 209.2239, Test Node Loss: 0.0136, Test Reg Loss: 2.0921, Test MAPE: 13.6825, Test R: 0.7741, Test RRSE: 1.0485
2025-02-10 16:24:01,914:INFO:Epoch 202: Train Loss: 54.6837, Train Node Loss: 0.0370, Train Reg Loss: 0.5465, Train MAPE: 12.1763, Train R: 0.8453, Train RRSE: 0.5371, Test Loss: 192.7187, Test Node Loss: 0.0136, Test Reg Loss: 1.9271, Test MAPE: 13.2739, Test R: 0.7729, Test RRSE: 1.0063
2025-02-10 16:24:27,037:INFO:Epoch 203: Train Loss: 56.9415, Train Node Loss: 0.0353, Train Reg Loss: 0.5691, Train MAPE: 12.1193, Train R: 0.8370, Train RRSE: 0.5481, Test Loss: 240.4994, Test Node Loss: 0.0127, Test Reg Loss: 2.4049, Test MAPE: 13.9999, Test R: 0.7712, Test RRSE: 1.1242
2025-02-10 16:24:52,425:INFO:Epoch 204: Train Loss: 57.0077, Train Node Loss: 0.0343, Train Reg Loss: 0.5697, Train MAPE: 12.1068, Train R: 0.8368, Train RRSE: 0.5484, Test Loss: 231.4011, Test Node Loss: 0.0126, Test Reg Loss: 2.3139, Test MAPE: 13.9568, Test R: 0.7703, Test RRSE: 1.1027
2025-02-10 16:25:17,946:INFO:Epoch 205: Train Loss: 53.9313, Train Node Loss: 0.0333, Train Reg Loss: 0.5390, Train MAPE: 12.1191, Train R: 0.8469, Train RRSE: 0.5334, Test Loss: 226.2935, Test Node Loss: 0.0126, Test Reg Loss: 2.2628, Test MAPE: 13.8813, Test R: 0.7717, Test RRSE: 1.0905
2025-02-10 16:25:43,058:INFO:Epoch 206: Train Loss: 56.6972, Train Node Loss: 0.0345, Train Reg Loss: 0.5666, Train MAPE: 12.1672, Train R: 0.8386, Train RRSE: 0.5469, Test Loss: 229.1663, Test Node Loss: 0.0127, Test Reg Loss: 2.2915, Test MAPE: 14.0029, Test R: 0.7710, Test RRSE: 1.0974
2025-02-10 16:26:08,467:INFO:Epoch 207: Train Loss: 52.2024, Train Node Loss: 0.0332, Train Reg Loss: 0.5217, Train MAPE: 12.2058, Train R: 0.8519, Train RRSE: 0.5248, Test Loss: 206.0536, Test Node Loss: 0.0128, Test Reg Loss: 2.0604, Test MAPE: 13.4710, Test R: 0.7721, Test RRSE: 1.0406
2025-02-10 16:26:33,644:INFO:Epoch 208: Train Loss: 53.4050, Train Node Loss: 0.0337, Train Reg Loss: 0.5337, Train MAPE: 12.1641, Train R: 0.8483, Train RRSE: 0.5308, Test Loss: 238.1314, Test Node Loss: 0.0126, Test Reg Loss: 2.3812, Test MAPE: 14.0187, Test R: 0.7717, Test RRSE: 1.1186
2025-02-10 16:26:58,960:INFO:Epoch 209: Train Loss: 63.5792, Train Node Loss: 0.0308, Train Reg Loss: 0.6355, Train MAPE: 12.1456, Train R: 0.8177, Train RRSE: 0.5792, Test Loss: 322.9526, Test Node Loss: 0.0116, Test Reg Loss: 3.2294, Test MAPE: 15.2794, Test R: 0.7726, Test RRSE: 1.3027
2025-02-10 16:27:24,470:INFO:Epoch 210: Train Loss: 62.1089, Train Node Loss: 0.0324, Train Reg Loss: 0.6208, Train MAPE: 12.2039, Train R: 0.8215, Train RRSE: 0.5725, Test Loss: 243.4467, Test Node Loss: 0.0124, Test Reg Loss: 2.4343, Test MAPE: 13.9943, Test R: 0.7667, Test RRSE: 1.1311
2025-02-10 16:27:49,980:INFO:Epoch 211: Train Loss: 55.8682, Train Node Loss: 0.0322, Train Reg Loss: 0.5584, Train MAPE: 12.1041, Train R: 0.8438, Train RRSE: 0.5429, Test Loss: 225.5835, Test Node Loss: 0.0121, Test Reg Loss: 2.2557, Test MAPE: 13.9287, Test R: 0.7717, Test RRSE: 1.0888
2025-02-10 16:28:15,079:INFO:Epoch 212: Train Loss: 57.9751, Train Node Loss: 0.0302, Train Reg Loss: 0.5794, Train MAPE: 12.2361, Train R: 0.8357, Train RRSE: 0.5531, Test Loss: 162.4193, Test Node Loss: 0.0130, Test Reg Loss: 1.6241, Test MAPE: 12.9027, Test R: 0.7736, Test RRSE: 0.9238
2025-02-10 16:28:40,038:INFO:Epoch 213: Train Loss: 54.0482, Train Node Loss: 0.0319, Train Reg Loss: 0.5402, Train MAPE: 12.0023, Train R: 0.8473, Train RRSE: 0.5340, Test Loss: 178.6289, Test Node Loss: 0.0130, Test Reg Loss: 1.7862, Test MAPE: 12.9477, Test R: 0.7704, Test RRSE: 0.9688
2025-02-10 16:29:05,622:INFO:Epoch 214: Train Loss: 54.9064, Train Node Loss: 0.0318, Train Reg Loss: 0.5487, Train MAPE: 12.1636, Train R: 0.8440, Train RRSE: 0.5382, Test Loss: 234.7646, Test Node Loss: 0.0122, Test Reg Loss: 2.3475, Test MAPE: 14.2373, Test R: 0.7714, Test RRSE: 1.1107
2025-02-10 16:29:30,538:INFO:Epoch 215: Train Loss: 54.1696, Train Node Loss: 0.0317, Train Reg Loss: 0.5414, Train MAPE: 12.4208, Train R: 0.8454, Train RRSE: 0.5346, Test Loss: 204.3884, Test Node Loss: 0.0125, Test Reg Loss: 2.0438, Test MAPE: 13.6485, Test R: 0.7732, Test RRSE: 1.0363
2025-02-10 16:29:55,930:INFO:Epoch 216: Train Loss: 52.3984, Train Node Loss: 0.0305, Train Reg Loss: 0.5237, Train MAPE: 12.2127, Train R: 0.8512, Train RRSE: 0.5258, Test Loss: 254.2986, Test Node Loss: 0.0115, Test Reg Loss: 2.5429, Test MAPE: 14.2695, Test R: 0.7745, Test RRSE: 1.1560
2025-02-10 16:30:21,371:INFO:Epoch 217: Train Loss: 54.9581, Train Node Loss: 0.0275, Train Reg Loss: 0.5493, Train MAPE: 12.1162, Train R: 0.8464, Train RRSE: 0.5385, Test Loss: 254.0184, Test Node Loss: 0.0115, Test Reg Loss: 2.5401, Test MAPE: 14.3134, Test R: 0.7739, Test RRSE: 1.1554
2025-02-10 16:30:46,084:INFO:Epoch 218: Train Loss: 54.9113, Train Node Loss: 0.0301, Train Reg Loss: 0.5488, Train MAPE: 12.1718, Train R: 0.8452, Train RRSE: 0.5383, Test Loss: 185.8991, Test Node Loss: 0.0124, Test Reg Loss: 1.8589, Test MAPE: 13.1214, Test R: 0.7723, Test RRSE: 0.9884
2025-02-10 16:31:10,816:INFO:Epoch 219: Train Loss: 50.3613, Train Node Loss: 0.0310, Train Reg Loss: 0.5033, Train MAPE: 12.3178, Train R: 0.8600, Train RRSE: 0.5155, Test Loss: 221.0996, Test Node Loss: 0.0119, Test Reg Loss: 2.2109, Test MAPE: 13.8395, Test R: 0.7731, Test RRSE: 1.0779
2025-02-10 16:31:35,284:INFO:Epoch 220: Train Loss: 51.3293, Train Node Loss: 0.0277, Train Reg Loss: 0.5130, Train MAPE: 12.2498, Train R: 0.8561, Train RRSE: 0.5204, Test Loss: 342.1778, Test Node Loss: 0.0109, Test Reg Loss: 3.4217, Test MAPE: 15.6683, Test R: 0.7701, Test RRSE: 1.3409
2025-02-10 16:31:59,938:INFO:Epoch 221: Train Loss: 52.8941, Train Node Loss: 0.0268, Train Reg Loss: 0.5287, Train MAPE: 12.2161, Train R: 0.8504, Train RRSE: 0.5283, Test Loss: 369.9777, Test Node Loss: 0.0109, Test Reg Loss: 3.6997, Test MAPE: 15.9327, Test R: 0.7689, Test RRSE: 1.3944
2025-02-10 16:32:24,505:INFO:Epoch 222: Train Loss: 54.1011, Train Node Loss: 0.0280, Train Reg Loss: 0.5407, Train MAPE: 12.0964, Train R: 0.8472, Train RRSE: 0.5343, Test Loss: 279.7670, Test Node Loss: 0.0115, Test Reg Loss: 2.7976, Test MAPE: 14.7310, Test R: 0.7719, Test RRSE: 1.2125
2025-02-10 16:32:49,530:INFO:Epoch 223: Train Loss: 58.4636, Train Node Loss: 0.0287, Train Reg Loss: 0.5843, Train MAPE: 12.2355, Train R: 0.8317, Train RRSE: 0.5554, Test Loss: 229.1071, Test Node Loss: 0.0118, Test Reg Loss: 2.2910, Test MAPE: 13.9984, Test R: 0.7766, Test RRSE: 1.0972
2025-02-10 16:32:49,562:INFO:Checkpoint saved at best_0.0008_0.001_256_SAGE_3_64_0.7766_epoch_223.pth
2025-02-10 16:33:15,462:INFO:Epoch 224: Train Loss: 55.1920, Train Node Loss: 0.0284, Train Reg Loss: 0.5516, Train MAPE: 12.0992, Train R: 0.8429, Train RRSE: 0.5396, Test Loss: 219.4688, Test Node Loss: 0.0121, Test Reg Loss: 2.1946, Test MAPE: 13.7437, Test R: 0.7717, Test RRSE: 1.0739
2025-02-10 16:33:40,500:INFO:Epoch 225: Train Loss: 54.4020, Train Node Loss: 0.0294, Train Reg Loss: 0.5437, Train MAPE: 12.0592, Train R: 0.8466, Train RRSE: 0.5358, Test Loss: 330.1338, Test Node Loss: 0.0115, Test Reg Loss: 3.3012, Test MAPE: 15.4545, Test R: 0.7703, Test RRSE: 1.3171
2025-02-10 16:34:05,591:INFO:Epoch 226: Train Loss: 57.7824, Train Node Loss: 0.0309, Train Reg Loss: 0.5775, Train MAPE: 12.3081, Train R: 0.8375, Train RRSE: 0.5522, Test Loss: 329.8782, Test Node Loss: 0.0116, Test Reg Loss: 3.2987, Test MAPE: 15.5233, Test R: 0.7690, Test RRSE: 1.3166
2025-02-10 16:34:31,238:INFO:Epoch 227: Train Loss: 52.3723, Train Node Loss: 0.0282, Train Reg Loss: 0.5234, Train MAPE: 12.1896, Train R: 0.8520, Train RRSE: 0.5257, Test Loss: 336.3322, Test Node Loss: 0.0111, Test Reg Loss: 3.3632, Test MAPE: 15.5526, Test R: 0.7746, Test RRSE: 1.3294
2025-02-10 16:34:55,972:INFO:Epoch 228: Train Loss: 52.2653, Train Node Loss: 0.0276, Train Reg Loss: 0.5224, Train MAPE: 12.1785, Train R: 0.8525, Train RRSE: 0.5251, Test Loss: 312.1374, Test Node Loss: 0.0113, Test Reg Loss: 3.1213, Test MAPE: 15.2607, Test R: 0.7714, Test RRSE: 1.2807
2025-02-10 16:35:21,085:INFO:Epoch 229: Train Loss: 54.4914, Train Node Loss: 0.0291, Train Reg Loss: 0.5446, Train MAPE: 12.3038, Train R: 0.8467, Train RRSE: 0.5362, Test Loss: 285.9258, Test Node Loss: 0.0114, Test Reg Loss: 2.8591, Test MAPE: 14.7218, Test R: 0.7693, Test RRSE: 1.2258
2025-02-10 16:35:46,083:INFO:Epoch 230: Train Loss: 54.7907, Train Node Loss: 0.0276, Train Reg Loss: 0.5476, Train MAPE: 12.2537, Train R: 0.8435, Train RRSE: 0.5377, Test Loss: 306.3378, Test Node Loss: 0.0110, Test Reg Loss: 3.0633, Test MAPE: 15.2557, Test R: 0.7700, Test RRSE: 1.2688
2025-02-10 16:36:10,827:INFO:Epoch 231: Train Loss: 52.8014, Train Node Loss: 0.0269, Train Reg Loss: 0.5277, Train MAPE: 12.2046, Train R: 0.8502, Train RRSE: 0.5278, Test Loss: 262.0327, Test Node Loss: 0.0115, Test Reg Loss: 2.6202, Test MAPE: 14.4687, Test R: 0.7709, Test RRSE: 1.1734
2025-02-10 16:36:36,248:INFO:Epoch 232: Train Loss: 51.6558, Train Node Loss: 0.0278, Train Reg Loss: 0.5163, Train MAPE: 12.3179, Train R: 0.8535, Train RRSE: 0.5221, Test Loss: 286.2777, Test Node Loss: 0.0113, Test Reg Loss: 2.8627, Test MAPE: 14.8230, Test R: 0.7711, Test RRSE: 1.2265
2025-02-10 16:37:01,911:INFO:Epoch 233: Train Loss: 52.9149, Train Node Loss: 0.0271, Train Reg Loss: 0.5289, Train MAPE: 12.2291, Train R: 0.8493, Train RRSE: 0.5284, Test Loss: 295.7893, Test Node Loss: 0.0114, Test Reg Loss: 2.9578, Test MAPE: 15.0742, Test R: 0.7719, Test RRSE: 1.2467
2025-02-10 16:37:26,715:INFO:Epoch 234: Train Loss: 52.7779, Train Node Loss: 0.0276, Train Reg Loss: 0.5275, Train MAPE: 12.3775, Train R: 0.8494, Train RRSE: 0.5277, Test Loss: 207.7259, Test Node Loss: 0.0118, Test Reg Loss: 2.0771, Test MAPE: 13.6993, Test R: 0.7706, Test RRSE: 1.0448
2025-02-10 16:37:51,953:INFO:Epoch 235: Train Loss: 49.7272, Train Node Loss: 0.0271, Train Reg Loss: 0.4970, Train MAPE: 12.1813, Train R: 0.8602, Train RRSE: 0.5122, Test Loss: 250.7323, Test Node Loss: 0.0112, Test Reg Loss: 2.5072, Test MAPE: 14.3198, Test R: 0.7715, Test RRSE: 1.1479
2025-02-10 16:38:17,002:INFO:Epoch 236: Train Loss: 52.9470, Train Node Loss: 0.0258, Train Reg Loss: 0.5292, Train MAPE: 12.1781, Train R: 0.8496, Train RRSE: 0.5286, Test Loss: 246.5078, Test Node Loss: 0.0113, Test Reg Loss: 2.4650, Test MAPE: 14.3170, Test R: 0.7710, Test RRSE: 1.1381
2025-02-10 16:38:41,930:INFO:Epoch 237: Train Loss: 50.3337, Train Node Loss: 0.0260, Train Reg Loss: 0.5031, Train MAPE: 12.1131, Train R: 0.8585, Train RRSE: 0.5153, Test Loss: 251.1777, Test Node Loss: 0.0113, Test Reg Loss: 2.5117, Test MAPE: 14.3154, Test R: 0.7714, Test RRSE: 1.1489
2025-02-10 16:39:06,730:INFO:Epoch 238: Train Loss: 56.3254, Train Node Loss: 0.0260, Train Reg Loss: 0.5630, Train MAPE: 12.3124, Train R: 0.8383, Train RRSE: 0.5452, Test Loss: 254.5064, Test Node Loss: 0.0113, Test Reg Loss: 2.5450, Test MAPE: 14.5181, Test R: 0.7712, Test RRSE: 1.1565
2025-02-10 16:39:31,465:INFO:Epoch 239: Train Loss: 51.3949, Train Node Loss: 0.0261, Train Reg Loss: 0.5137, Train MAPE: 12.1600, Train R: 0.8549, Train RRSE: 0.5208, Test Loss: 212.7120, Test Node Loss: 0.0116, Test Reg Loss: 2.1270, Test MAPE: 13.7268, Test R: 0.7703, Test RRSE: 1.0572
2025-02-10 16:39:55,939:INFO:Epoch 240: Train Loss: 57.2398, Train Node Loss: 0.0259, Train Reg Loss: 0.5721, Train MAPE: 12.0499, Train R: 0.8364, Train RRSE: 0.5496, Test Loss: 249.5916, Test Node Loss: 0.0112, Test Reg Loss: 2.4958, Test MAPE: 14.3096, Test R: 0.7730, Test RRSE: 1.1452
2025-02-10 16:40:20,573:INFO:Epoch 241: Train Loss: 62.7338, Train Node Loss: 0.0276, Train Reg Loss: 0.6271, Train MAPE: 12.2821, Train R: 0.8197, Train RRSE: 0.5754, Test Loss: 224.2520, Test Node Loss: 0.0118, Test Reg Loss: 2.2424, Test MAPE: 14.0981, Test R: 0.7675, Test RRSE: 1.0855
2025-02-10 16:40:45,251:INFO:Epoch 242: Train Loss: 54.6589, Train Node Loss: 0.0263, Train Reg Loss: 0.5463, Train MAPE: 12.3440, Train R: 0.8439, Train RRSE: 0.5370, Test Loss: 234.8742, Test Node Loss: 0.0111, Test Reg Loss: 2.3486, Test MAPE: 14.1016, Test R: 0.7713, Test RRSE: 1.1110
2025-02-10 16:41:10,831:INFO:Epoch 243: Train Loss: 51.6082, Train Node Loss: 0.0247, Train Reg Loss: 0.5158, Train MAPE: 11.9816, Train R: 0.8573, Train RRSE: 0.5218, Test Loss: 191.4005, Test Node Loss: 0.0115, Test Reg Loss: 1.9139, Test MAPE: 13.4262, Test R: 0.7689, Test RRSE: 1.0029
2025-02-10 16:41:35,645:INFO:Epoch 244: Train Loss: 56.2665, Train Node Loss: 0.0277, Train Reg Loss: 0.5624, Train MAPE: 12.3366, Train R: 0.8428, Train RRSE: 0.5449, Test Loss: 199.5773, Test Node Loss: 0.0117, Test Reg Loss: 1.9957, Test MAPE: 13.7625, Test R: 0.7693, Test RRSE: 1.0241
2025-02-10 16:42:00,602:INFO:Epoch 245: Train Loss: 56.8399, Train Node Loss: 0.0263, Train Reg Loss: 0.5681, Train MAPE: 12.4255, Train R: 0.8373, Train RRSE: 0.5477, Test Loss: 258.1463, Test Node Loss: 0.0108, Test Reg Loss: 2.5814, Test MAPE: 14.4619, Test R: 0.7693, Test RRSE: 1.1647
2025-02-10 16:42:25,982:INFO:Epoch 246: Train Loss: 53.4574, Train Node Loss: 0.0229, Train Reg Loss: 0.5343, Train MAPE: 11.9658, Train R: 0.8539, Train RRSE: 0.5311, Test Loss: 199.5189, Test Node Loss: 0.0108, Test Reg Loss: 1.9951, Test MAPE: 13.3340, Test R: 0.7643, Test RRSE: 1.0239
2025-02-10 16:42:50,958:INFO:Epoch 247: Train Loss: 55.4554, Train Node Loss: 0.0242, Train Reg Loss: 0.5543, Train MAPE: 12.0816, Train R: 0.8435, Train RRSE: 0.5410, Test Loss: 178.4685, Test Node Loss: 0.0113, Test Reg Loss: 1.7846, Test MAPE: 13.2562, Test R: 0.7711, Test RRSE: 0.9684
2025-02-10 16:43:15,765:INFO:Epoch 248: Train Loss: 53.9843, Train Node Loss: 0.0244, Train Reg Loss: 0.5396, Train MAPE: 12.3626, Train R: 0.8459, Train RRSE: 0.5337, Test Loss: 270.2916, Test Node Loss: 0.0106, Test Reg Loss: 2.7028, Test MAPE: 14.7501, Test R: 0.7721, Test RRSE: 1.1918
2025-02-10 16:43:40,650:INFO:Epoch 249: Train Loss: 50.8041, Train Node Loss: 0.0223, Train Reg Loss: 0.5078, Train MAPE: 12.2050, Train R: 0.8576, Train RRSE: 0.5178, Test Loss: 254.1375, Test Node Loss: 0.0105, Test Reg Loss: 2.5413, Test MAPE: 14.2795, Test R: 0.7689, Test RRSE: 1.1556
2025-02-10 16:44:05,395:INFO:Epoch 250: Train Loss: 53.3334, Train Node Loss: 0.0226, Train Reg Loss: 0.5331, Train MAPE: 11.9892, Train R: 0.8499, Train RRSE: 0.5305, Test Loss: 261.3026, Test Node Loss: 0.0105, Test Reg Loss: 2.6129, Test MAPE: 14.4581, Test R: 0.7696, Test RRSE: 1.1718
2025-02-10 16:44:30,741:INFO:Epoch 251: Train Loss: 54.0018, Train Node Loss: 0.0224, Train Reg Loss: 0.5398, Train MAPE: 12.2225, Train R: 0.8458, Train RRSE: 0.5338, Test Loss: 374.6392, Test Node Loss: 0.0101, Test Reg Loss: 3.7463, Test MAPE: 16.2609, Test R: 0.7648, Test RRSE: 1.4031
2025-02-10 16:44:55,737:INFO:Epoch 252: Train Loss: 55.0480, Train Node Loss: 0.0231, Train Reg Loss: 0.5502, Train MAPE: 12.3312, Train R: 0.8444, Train RRSE: 0.5390, Test Loss: 295.4509, Test Node Loss: 0.0103, Test Reg Loss: 2.9544, Test MAPE: 15.0898, Test R: 0.7674, Test RRSE: 1.2460
2025-02-10 16:45:20,774:INFO:Epoch 253: Train Loss: 53.0295, Train Node Loss: 0.0219, Train Reg Loss: 0.5301, Train MAPE: 12.2014, Train R: 0.8499, Train RRSE: 0.5290, Test Loss: 199.8154, Test Node Loss: 0.0105, Test Reg Loss: 1.9980, Test MAPE: 13.5973, Test R: 0.7706, Test RRSE: 1.0247
2025-02-10 16:45:45,844:INFO:Epoch 254: Train Loss: 53.9693, Train Node Loss: 0.0225, Train Reg Loss: 0.5395, Train MAPE: 12.1458, Train R: 0.8468, Train RRSE: 0.5337, Test Loss: 141.8389, Test Node Loss: 0.0113, Test Reg Loss: 1.4183, Test MAPE: 12.6353, Test R: 0.7661, Test RRSE: 0.8633
2025-02-10 16:46:10,733:INFO:Epoch 255: Train Loss: 53.4942, Train Node Loss: 0.0249, Train Reg Loss: 0.5347, Train MAPE: 12.3352, Train R: 0.8564, Train RRSE: 0.5313, Test Loss: 208.7770, Test Node Loss: 0.0108, Test Reg Loss: 2.0877, Test MAPE: 13.7612, Test R: 0.7686, Test RRSE: 1.0474
2025-02-10 16:46:35,661:INFO:Epoch 256: Train Loss: 56.0817, Train Node Loss: 0.0223, Train Reg Loss: 0.5606, Train MAPE: 12.2943, Train R: 0.8431, Train RRSE: 0.5440, Test Loss: 303.2237, Test Node Loss: 0.0101, Test Reg Loss: 3.0321, Test MAPE: 15.2036, Test R: 0.7717, Test RRSE: 1.2623
2025-02-10 16:47:00,457:INFO:Epoch 257: Train Loss: 54.3255, Train Node Loss: 0.0216, Train Reg Loss: 0.5430, Train MAPE: 12.2057, Train R: 0.8467, Train RRSE: 0.5354, Test Loss: 266.9558, Test Node Loss: 0.0103, Test Reg Loss: 2.6695, Test MAPE: 14.4449, Test R: 0.7634, Test RRSE: 1.1844
2025-02-10 16:47:24,947:INFO:Epoch 258: Train Loss: 50.3410, Train Node Loss: 0.0229, Train Reg Loss: 0.5032, Train MAPE: 12.2859, Train R: 0.8648, Train RRSE: 0.5154, Test Loss: 357.3866, Test Node Loss: 0.0101, Test Reg Loss: 3.5738, Test MAPE: 15.9865, Test R: 0.7632, Test RRSE: 1.3704
2025-02-10 16:47:49,260:INFO:Epoch 259: Train Loss: 48.3938, Train Node Loss: 0.0224, Train Reg Loss: 0.4837, Train MAPE: 12.1958, Train R: 0.8645, Train RRSE: 0.5053, Test Loss: 352.6373, Test Node Loss: 0.0100, Test Reg Loss: 3.5263, Test MAPE: 15.9894, Test R: 0.7703, Test RRSE: 1.3613
2025-02-10 16:48:13,344:INFO:Epoch 260: Train Loss: 51.7778, Train Node Loss: 0.0216, Train Reg Loss: 0.5176, Train MAPE: 12.1623, Train R: 0.8563, Train RRSE: 0.5227, Test Loss: 243.3459, Test Node Loss: 0.0104, Test Reg Loss: 2.4334, Test MAPE: 14.1795, Test R: 0.7716, Test RRSE: 1.1308
2025-02-10 16:48:38,360:INFO:Epoch 261: Train Loss: 48.7573, Train Node Loss: 0.0223, Train Reg Loss: 0.4873, Train MAPE: 12.1568, Train R: 0.8636, Train RRSE: 0.5072, Test Loss: 266.0736, Test Node Loss: 0.0104, Test Reg Loss: 2.6606, Test MAPE: 14.5128, Test R: 0.7660, Test RRSE: 1.1825
2025-02-10 16:49:02,441:INFO:Epoch 262: Train Loss: 50.6953, Train Node Loss: 0.0221, Train Reg Loss: 0.5067, Train MAPE: 12.1899, Train R: 0.8569, Train RRSE: 0.5172, Test Loss: 363.0938, Test Node Loss: 0.0101, Test Reg Loss: 3.6308, Test MAPE: 16.0586, Test R: 0.7676, Test RRSE: 1.3813
2025-02-10 16:49:26,193:INFO:Epoch 263: Train Loss: 49.7293, Train Node Loss: 0.0218, Train Reg Loss: 0.4971, Train MAPE: 12.5565, Train R: 0.8591, Train RRSE: 0.5123, Test Loss: 288.3168, Test Node Loss: 0.0104, Test Reg Loss: 2.8831, Test MAPE: 14.9904, Test R: 0.7687, Test RRSE: 1.2309
2025-02-10 16:49:50,254:INFO:Epoch 264: Train Loss: 51.3426, Train Node Loss: 0.0219, Train Reg Loss: 0.5132, Train MAPE: 12.2530, Train R: 0.8542, Train RRSE: 0.5205, Test Loss: 277.5054, Test Node Loss: 0.0103, Test Reg Loss: 2.7750, Test MAPE: 14.7417, Test R: 0.7684, Test RRSE: 1.2076
2025-02-10 16:50:14,257:INFO:Epoch 265: Train Loss: 51.3890, Train Node Loss: 0.0216, Train Reg Loss: 0.5137, Train MAPE: 12.1914, Train R: 0.8543, Train RRSE: 0.5207, Test Loss: 339.3384, Test Node Loss: 0.0102, Test Reg Loss: 3.3933, Test MAPE: 15.6712, Test R: 0.7680, Test RRSE: 1.3354
2025-02-10 16:50:38,521:INFO:Epoch 266: Train Loss: 52.9335, Train Node Loss: 0.0214, Train Reg Loss: 0.5291, Train MAPE: 12.2247, Train R: 0.8503, Train RRSE: 0.5285, Test Loss: 308.4664, Test Node Loss: 0.0102, Test Reg Loss: 3.0846, Test MAPE: 15.1537, Test R: 0.7672, Test RRSE: 1.2732
2025-02-10 16:51:02,956:INFO:Epoch 267: Train Loss: 51.8888, Train Node Loss: 0.0225, Train Reg Loss: 0.5187, Train MAPE: 12.2992, Train R: 0.8535, Train RRSE: 0.5233, Test Loss: 270.3972, Test Node Loss: 0.0105, Test Reg Loss: 2.7039, Test MAPE: 14.6960, Test R: 0.7698, Test RRSE: 1.1920
2025-02-10 16:51:27,344:INFO:Epoch 268: Train Loss: 52.0569, Train Node Loss: 0.0219, Train Reg Loss: 0.5203, Train MAPE: 12.3235, Train R: 0.8519, Train RRSE: 0.5241, Test Loss: 502.6122, Test Node Loss: 0.0098, Test Reg Loss: 5.0260, Test MAPE: 18.1054, Test R: 0.7670, Test RRSE: 1.6252
2025-02-10 16:51:51,787:INFO:Epoch 269: Train Loss: 61.7893, Train Node Loss: 0.0218, Train Reg Loss: 0.6177, Train MAPE: 12.1742, Train R: 0.8215, Train RRSE: 0.5710, Test Loss: 333.3604, Test Node Loss: 0.0102, Test Reg Loss: 3.3335, Test MAPE: 15.6070, Test R: 0.7702, Test RRSE: 1.3236
2025-02-10 16:52:16,569:INFO:Epoch 270: Train Loss: 58.2526, Train Node Loss: 0.0213, Train Reg Loss: 0.5823, Train MAPE: 12.3595, Train R: 0.8343, Train RRSE: 0.5545, Test Loss: 313.5689, Test Node Loss: 0.0102, Test Reg Loss: 3.1356, Test MAPE: 15.2605, Test R: 0.7707, Test RRSE: 1.2837
2025-02-10 16:52:41,379:INFO:Epoch 271: Train Loss: 49.9353, Train Node Loss: 0.0215, Train Reg Loss: 0.4991, Train MAPE: 12.1768, Train R: 0.8593, Train RRSE: 0.5133, Test Loss: 215.3362, Test Node Loss: 0.0106, Test Reg Loss: 2.1533, Test MAPE: 13.6565, Test R: 0.7659, Test RRSE: 1.0637
2025-02-10 16:53:06,402:INFO:Epoch 272: Train Loss: 49.8897, Train Node Loss: 0.0228, Train Reg Loss: 0.4987, Train MAPE: 12.2911, Train R: 0.8606, Train RRSE: 0.5131, Test Loss: 206.7221, Test Node Loss: 0.0108, Test Reg Loss: 2.0671, Test MAPE: 13.8247, Test R: 0.7691, Test RRSE: 1.0423
2025-02-10 16:53:31,369:INFO:Epoch 273: Train Loss: 50.2417, Train Node Loss: 0.0227, Train Reg Loss: 0.5022, Train MAPE: 12.3077, Train R: 0.8575, Train RRSE: 0.5149, Test Loss: 263.2910, Test Node Loss: 0.0105, Test Reg Loss: 2.6328, Test MAPE: 14.7360, Test R: 0.7676, Test RRSE: 1.1763
2025-02-10 16:53:56,595:INFO:Epoch 274: Train Loss: 54.1682, Train Node Loss: 0.0215, Train Reg Loss: 0.5415, Train MAPE: 12.2379, Train R: 0.8457, Train RRSE: 0.5347, Test Loss: 235.6402, Test Node Loss: 0.0105, Test Reg Loss: 2.3563, Test MAPE: 14.2243, Test R: 0.7671, Test RRSE: 1.1128
2025-02-10 16:54:22,483:INFO:Epoch 275: Train Loss: 62.2853, Train Node Loss: 0.0214, Train Reg Loss: 0.6226, Train MAPE: 11.9940, Train R: 0.8220, Train RRSE: 0.5733, Test Loss: 197.1546, Test Node Loss: 0.0107, Test Reg Loss: 1.9714, Test MAPE: 13.5746, Test R: 0.7672, Test RRSE: 1.0178
2025-02-10 16:54:47,649:INFO:Epoch 276: Train Loss: 53.8268, Train Node Loss: 0.0237, Train Reg Loss: 0.5380, Train MAPE: 12.2952, Train R: 0.8508, Train RRSE: 0.5330, Test Loss: 218.0898, Test Node Loss: 0.0109, Test Reg Loss: 2.1808, Test MAPE: 14.1017, Test R: 0.7658, Test RRSE: 1.0705
2025-02-10 16:55:12,696:INFO:Epoch 277: Train Loss: 54.2398, Train Node Loss: 0.0235, Train Reg Loss: 0.5422, Train MAPE: 12.4931, Train R: 0.8456, Train RRSE: 0.5350, Test Loss: 337.9610, Test Node Loss: 0.0102, Test Reg Loss: 3.3795, Test MAPE: 15.7919, Test R: 0.7694, Test RRSE: 1.3327
2025-02-10 16:55:38,157:INFO:Epoch 278: Train Loss: 55.7372, Train Node Loss: 0.0211, Train Reg Loss: 0.5572, Train MAPE: 11.9978, Train R: 0.8452, Train RRSE: 0.5423, Test Loss: 260.8070, Test Node Loss: 0.0104, Test Reg Loss: 2.6080, Test MAPE: 14.5092, Test R: 0.7666, Test RRSE: 1.1707
2025-02-10 16:56:04,379:INFO:Epoch 279: Train Loss: 49.9274, Train Node Loss: 0.0229, Train Reg Loss: 0.4990, Train MAPE: 12.2627, Train R: 0.8607, Train RRSE: 0.5133, Test Loss: 309.2651, Test Node Loss: 0.0105, Test Reg Loss: 3.0925, Test MAPE: 15.4051, Test R: 0.7678, Test RRSE: 1.2748
2025-02-10 16:56:29,442:INFO:Epoch 280: Train Loss: 51.2611, Train Node Loss: 0.0233, Train Reg Loss: 0.5124, Train MAPE: 12.3819, Train R: 0.8583, Train RRSE: 0.5201, Test Loss: 447.3159, Test Node Loss: 0.0100, Test Reg Loss: 4.4731, Test MAPE: 17.3730, Test R: 0.7675, Test RRSE: 1.5332
2025-02-10 16:56:54,772:INFO:Epoch 281: Train Loss: 52.8257, Train Node Loss: 0.0214, Train Reg Loss: 0.5280, Train MAPE: 12.3118, Train R: 0.8517, Train RRSE: 0.5280, Test Loss: 348.7777, Test Node Loss: 0.0100, Test Reg Loss: 3.4877, Test MAPE: 15.8088, Test R: 0.7680, Test RRSE: 1.3538
2025-02-10 16:57:20,715:INFO:Epoch 282: Train Loss: 52.4628, Train Node Loss: 0.0213, Train Reg Loss: 0.5244, Train MAPE: 12.2022, Train R: 0.8513, Train RRSE: 0.5262, Test Loss: 290.6090, Test Node Loss: 0.0102, Test Reg Loss: 2.9060, Test MAPE: 14.9946, Test R: 0.7680, Test RRSE: 1.2358
2025-02-10 16:57:46,734:INFO:Epoch 283: Train Loss: 49.9461, Train Node Loss: 0.0222, Train Reg Loss: 0.4992, Train MAPE: 12.2344, Train R: 0.8595, Train RRSE: 0.5134, Test Loss: 360.4625, Test Node Loss: 0.0101, Test Reg Loss: 3.6045, Test MAPE: 16.1521, Test R: 0.7714, Test RRSE: 1.3763
2025-02-10 16:58:12,082:INFO:Epoch 284: Train Loss: 53.4254, Train Node Loss: 0.0220, Train Reg Loss: 0.5340, Train MAPE: 12.3277, Train R: 0.8476, Train RRSE: 0.5310, Test Loss: 402.0433, Test Node Loss: 0.0100, Test Reg Loss: 4.0203, Test MAPE: 16.4922, Test R: 0.7722, Test RRSE: 1.4535
2025-02-10 16:58:37,378:INFO:Epoch 285: Train Loss: 47.6989, Train Node Loss: 0.0204, Train Reg Loss: 0.4768, Train MAPE: 12.1501, Train R: 0.8711, Train RRSE: 0.5017, Test Loss: 367.4758, Test Node Loss: 0.0100, Test Reg Loss: 3.6747, Test MAPE: 16.0660, Test R: 0.7687, Test RRSE: 1.3896
2025-02-10 16:59:02,671:INFO:Epoch 286: Train Loss: 50.7341, Train Node Loss: 0.0214, Train Reg Loss: 0.5071, Train MAPE: 12.3521, Train R: 0.8558, Train RRSE: 0.5174, Test Loss: 301.8809, Test Node Loss: 0.0104, Test Reg Loss: 3.0187, Test MAPE: 15.2196, Test R: 0.7660, Test RRSE: 1.2595
2025-02-10 16:59:28,064:INFO:Epoch 287: Train Loss: 49.4335, Train Node Loss: 0.0230, Train Reg Loss: 0.4941, Train MAPE: 12.5607, Train R: 0.8648, Train RRSE: 0.5107, Test Loss: 348.0506, Test Node Loss: 0.0103, Test Reg Loss: 3.4804, Test MAPE: 15.9735, Test R: 0.7686, Test RRSE: 1.3524
2025-02-10 16:59:53,038:INFO:Epoch 288: Train Loss: 53.0509, Train Node Loss: 0.0222, Train Reg Loss: 0.5303, Train MAPE: 12.2778, Train R: 0.8486, Train RRSE: 0.5291, Test Loss: 322.1589, Test Node Loss: 0.0102, Test Reg Loss: 3.2215, Test MAPE: 15.4737, Test R: 0.7702, Test RRSE: 1.3011
2025-02-10 17:00:18,083:INFO:Epoch 289: Train Loss: 54.2130, Train Node Loss: 0.0222, Train Reg Loss: 0.5419, Train MAPE: 12.0342, Train R: 0.8482, Train RRSE: 0.5349, Test Loss: 200.8601, Test Node Loss: 0.0107, Test Reg Loss: 2.0085, Test MAPE: 13.6633, Test R: 0.7705, Test RRSE: 1.0274
2025-02-10 17:00:43,442:INFO:Epoch 290: Train Loss: 47.0411, Train Node Loss: 0.0236, Train Reg Loss: 0.4702, Train MAPE: 12.2735, Train R: 0.8678, Train RRSE: 0.4982, Test Loss: 341.7286, Test Node Loss: 0.0104, Test Reg Loss: 3.4172, Test MAPE: 16.0163, Test R: 0.7692, Test RRSE: 1.3401
2025-02-10 17:01:08,441:INFO:Epoch 291: Train Loss: 49.8008, Train Node Loss: 0.0238, Train Reg Loss: 0.4978, Train MAPE: 12.4583, Train R: 0.8592, Train RRSE: 0.5126, Test Loss: 313.6998, Test Node Loss: 0.0103, Test Reg Loss: 3.1369, Test MAPE: 15.4166, Test R: 0.7671, Test RRSE: 1.2839
2025-02-10 17:01:33,692:INFO:Epoch 292: Train Loss: 51.7647, Train Node Loss: 0.0223, Train Reg Loss: 0.5174, Train MAPE: 12.1264, Train R: 0.8531, Train RRSE: 0.5226, Test Loss: 361.8186, Test Node Loss: 0.0100, Test Reg Loss: 3.6181, Test MAPE: 16.0095, Test R: 0.7702, Test RRSE: 1.3789
2025-02-10 17:01:58,618:INFO:Epoch 293: Train Loss: 46.6754, Train Node Loss: 0.0218, Train Reg Loss: 0.4665, Train MAPE: 12.3363, Train R: 0.8697, Train RRSE: 0.4963, Test Loss: 366.9956, Test Node Loss: 0.0102, Test Reg Loss: 3.6699, Test MAPE: 16.1792, Test R: 0.7675, Test RRSE: 1.3887
2025-02-10 17:02:24,055:INFO:Epoch 294: Train Loss: 51.4690, Train Node Loss: 0.0229, Train Reg Loss: 0.5145, Train MAPE: 12.4096, Train R: 0.8535, Train RRSE: 0.5211, Test Loss: 348.5135, Test Node Loss: 0.0102, Test Reg Loss: 3.4850, Test MAPE: 15.7839, Test R: 0.7686, Test RRSE: 1.3533
2025-02-10 17:02:48,365:INFO:Epoch 295: Train Loss: 50.4381, Train Node Loss: 0.0233, Train Reg Loss: 0.5041, Train MAPE: 12.3716, Train R: 0.8577, Train RRSE: 0.5159, Test Loss: 315.5415, Test Node Loss: 0.0103, Test Reg Loss: 3.1553, Test MAPE: 15.4201, Test R: 0.7677, Test RRSE: 1.2877
2025-02-10 17:03:12,750:INFO:Epoch 296: Train Loss: 48.8140, Train Node Loss: 0.0240, Train Reg Loss: 0.4879, Train MAPE: 12.3623, Train R: 0.8631, Train RRSE: 0.5075, Test Loss: 360.1790, Test Node Loss: 0.0103, Test Reg Loss: 3.6017, Test MAPE: 16.0826, Test R: 0.7674, Test RRSE: 1.3758
2025-02-10 17:03:37,429:INFO:Epoch 297: Train Loss: 47.5614, Train Node Loss: 0.0232, Train Reg Loss: 0.4754, Train MAPE: 12.2704, Train R: 0.8662, Train RRSE: 0.5010, Test Loss: 381.1495, Test Node Loss: 0.0102, Test Reg Loss: 3.8114, Test MAPE: 16.3810, Test R: 0.7663, Test RRSE: 1.4153
2025-02-10 17:04:01,906:INFO:Epoch 298: Train Loss: 48.9614, Train Node Loss: 0.0221, Train Reg Loss: 0.4894, Train MAPE: 12.2726, Train R: 0.8624, Train RRSE: 0.5083, Test Loss: 307.4707, Test Node Loss: 0.0102, Test Reg Loss: 3.0746, Test MAPE: 15.1453, Test R: 0.7623, Test RRSE: 1.2711
2025-02-10 17:04:26,888:INFO:Epoch 299: Train Loss: 49.1390, Train Node Loss: 0.0217, Train Reg Loss: 0.4912, Train MAPE: 12.1933, Train R: 0.8616, Train RRSE: 0.5092, Test Loss: 210.9665, Test Node Loss: 0.0104, Test Reg Loss: 2.1096, Test MAPE: 13.7383, Test R: 0.7597, Test RRSE: 1.0529
2025-02-10 17:04:51,760:INFO:Epoch 300: Train Loss: 46.5246, Train Node Loss: 0.0228, Train Reg Loss: 0.4650, Train MAPE: 12.3732, Train R: 0.8696, Train RRSE: 0.4955, Test Loss: 260.3619, Test Node Loss: 0.0105, Test Reg Loss: 2.6035, Test MAPE: 14.8037, Test R: 0.7623, Test RRSE: 1.1697
2025-02-10 17:04:51,761:INFO:Best performance at epoch 223 with Test MAPE: 0.7766
