2025-02-10 14:55:51,468:INFO:Learning rate: 0.001
2025-02-10 14:55:51,468:INFO:Weight decay: 0.001
2025-02-10 14:55:51,468:INFO:Batch size: 64
2025-02-10 14:55:51,468:INFO:Number of layers: 3
2025-02-10 14:55:51,468:INFO:Convolution type: SAGE
2025-02-10 14:55:51,468:INFO:Convolution neurons: 256
2025-02-10 15:01:02,050:INFO:Learning rate: 0.001
2025-02-10 15:01:02,051:INFO:Weight decay: 0.001
2025-02-10 15:01:02,051:INFO:Batch size: 64
2025-02-10 15:01:02,051:INFO:Number of layers: 3
2025-02-10 15:01:02,051:INFO:Convolution type: SAGE
2025-02-10 15:01:02,051:INFO:Convolution neurons: 256
2025-02-10 15:01:39,004:INFO:Epoch 1: Train Loss: 12535.8365, Train Node Loss: 2.8646, Train Reg Loss: 125.3297, Train MAPE: 93.6290, Train R: 0.1320, Train RRSE: 8.1341, Test Loss: 11533.8444, Test Node Loss: 12.1778, Test Reg Loss: 115.2167, Test MAPE: 87.2287, Test R: 0.6164, Test RRSE: 7.7812
2025-02-10 15:01:39,042:INFO:Checkpoint saved at best_0.001_0.001_256_SAGE_3_64_0.6164_epoch_1.pth
2025-02-10 15:02:14,117:INFO:Epoch 2: Train Loss: 6972.9975, Train Node Loss: 76.4135, Train Reg Loss: 68.9658, Train MAPE: 67.4285, Train R: -0.0632, Train RRSE: 6.0339, Test Loss: 2296.5475, Test Node Loss: 356.8753, Test Reg Loss: 19.3967, Test MAPE: 33.8410, Test R: 0.6476, Test RRSE: 3.1927
2025-02-10 15:02:14,154:INFO:Checkpoint saved at best_0.001_0.001_256_SAGE_3_64_0.6476_epoch_2.pth
2025-02-10 15:02:50,215:INFO:Epoch 3: Train Loss: 1739.8652, Train Node Loss: 757.2016, Train Reg Loss: 9.8266, Train MAPE: 24.1530, Train R: 0.1612, Train RRSE: 2.2776, Test Loss: 4928.7359, Test Node Loss: 1498.4454, Test Reg Loss: 34.3029, Test MAPE: 49.1859, Test R: 0.6545, Test RRSE: 4.2458
2025-02-10 15:02:50,308:INFO:Checkpoint saved at best_0.001_0.001_256_SAGE_3_64_0.6545_epoch_3.pth
2025-02-10 15:03:26,591:INFO:Epoch 4: Train Loss: 1307.0260, Train Node Loss: 713.7792, Train Reg Loss: 5.9325, Train MAPE: 19.0801, Train R: 0.1928, Train RRSE: 1.7697, Test Loss: 896.3198, Test Node Loss: 339.4694, Test Reg Loss: 5.5685, Test MAPE: 16.4650, Test R: 0.6554, Test RRSE: 1.7106
2025-02-10 15:03:26,637:INFO:Checkpoint saved at best_0.001_0.001_256_SAGE_3_64_0.6554_epoch_4.pth
2025-02-10 15:04:01,883:INFO:Epoch 5: Train Loss: 762.9086, Train Node Loss: 234.1409, Train Reg Loss: 5.2877, Train MAPE: 15.9535, Train R: 0.3709, Train RRSE: 1.6708, Test Loss: 1534.2688, Test Node Loss: 147.7932, Test Reg Loss: 13.8648, Test MAPE: 27.9024, Test R: 0.6565, Test RRSE: 2.6993
2025-02-10 15:04:01,920:INFO:Checkpoint saved at best_0.001_0.001_256_SAGE_3_64_0.6565_epoch_5.pth
2025-02-10 15:04:38,272:INFO:Epoch 6: Train Loss: 725.3288, Train Node Loss: 147.0478, Train Reg Loss: 5.7828, Train MAPE: 16.6298, Train R: 0.3942, Train RRSE: 1.7472, Test Loss: 784.7075, Test Node Loss: 151.5210, Test Reg Loss: 6.3319, Test MAPE: 17.5319, Test R: 0.6608, Test RRSE: 1.8241
2025-02-10 15:04:38,300:INFO:Checkpoint saved at best_0.001_0.001_256_SAGE_3_64_0.6608_epoch_6.pth
2025-02-10 15:05:14,634:INFO:Epoch 7: Train Loss: 369.7125, Train Node Loss: 166.2424, Train Reg Loss: 2.0347, Train MAPE: 10.3671, Train R: 0.2819, Train RRSE: 1.0364, Test Loss: 337.7831, Test Node Loss: 187.9074, Test Reg Loss: 1.4988, Test MAPE: 9.5249, Test R: 0.6606, Test RRSE: 0.8875
2025-02-10 15:05:50,853:INFO:Epoch 8: Train Loss: 393.1177, Train Node Loss: 181.8665, Train Reg Loss: 2.1125, Train MAPE: 12.0089, Train R: 0.6038, Train RRSE: 1.0560, Test Loss: 300.9034, Test Node Loss: 157.3221, Test Reg Loss: 1.4358, Test MAPE: 9.4796, Test R: 0.6624, Test RRSE: 0.8686
2025-02-10 15:05:50,884:INFO:Checkpoint saved at best_0.001_0.001_256_SAGE_3_64_0.6624_epoch_8.pth
2025-02-10 15:06:26,471:INFO:Epoch 9: Train Loss: 315.4614, Train Node Loss: 138.7833, Train Reg Loss: 1.7668, Train MAPE: 10.9719, Train R: 0.5848, Train RRSE: 0.9658, Test Loss: 351.8721, Test Node Loss: 94.7707, Test Reg Loss: 2.5710, Test MAPE: 11.3756, Test R: 0.6616, Test RRSE: 1.1624
2025-02-10 15:07:03,314:INFO:Epoch 10: Train Loss: 244.9703, Train Node Loss: 85.0969, Train Reg Loss: 1.5987, Train MAPE: 9.8375, Train R: 0.5460, Train RRSE: 0.9187, Test Loss: 496.1979, Test Node Loss: 59.5478, Test Reg Loss: 4.3665, Test MAPE: 14.3804, Test R: 0.6618, Test RRSE: 1.5148
2025-02-10 15:07:40,199:INFO:Epoch 11: Train Loss: 259.1224, Train Node Loss: 59.5905, Train Reg Loss: 1.9953, Train MAPE: 10.2565, Train R: 0.5974, Train RRSE: 1.0263, Test Loss: 429.5267, Test Node Loss: 50.5499, Test Reg Loss: 3.7898, Test MAPE: 13.4178, Test R: 0.6616, Test RRSE: 1.4112
2025-02-10 15:08:16,966:INFO:Epoch 12: Train Loss: 221.4292, Train Node Loss: 53.6022, Train Reg Loss: 1.6783, Train MAPE: 9.8991, Train R: 0.6103, Train RRSE: 0.9413, Test Loss: 289.1175, Test Node Loss: 50.7120, Test Reg Loss: 2.3841, Test MAPE: 10.9937, Test R: 0.6614, Test RRSE: 1.1193
2025-02-10 15:08:53,609:INFO:Epoch 13: Train Loss: 204.8497, Train Node Loss: 53.6526, Train Reg Loss: 1.5120, Train MAPE: 9.8419, Train R: 0.5675, Train RRSE: 0.8934, Test Loss: 223.5321, Test Node Loss: 50.0172, Test Reg Loss: 1.7351, Test MAPE: 9.8556, Test R: 0.6613, Test RRSE: 0.9549
2025-02-10 15:09:29,458:INFO:Epoch 14: Train Loss: 204.0597, Train Node Loss: 50.1397, Train Reg Loss: 1.5392, Train MAPE: 10.1515, Train R: 0.6036, Train RRSE: 0.9014, Test Loss: 221.5335, Test Node Loss: 42.3387, Test Reg Loss: 1.7919, Test MAPE: 9.9695, Test R: 0.6610, Test RRSE: 0.9704
2025-02-10 15:10:05,188:INFO:Epoch 15: Train Loss: 187.2897, Train Node Loss: 41.1952, Train Reg Loss: 1.4609, Train MAPE: 9.8750, Train R: 0.6247, Train RRSE: 0.8782, Test Loss: 247.3925, Test Node Loss: 33.3788, Test Reg Loss: 2.1401, Test MAPE: 10.6265, Test R: 0.6611, Test RRSE: 1.0605
2025-02-10 15:10:41,427:INFO:Epoch 16: Train Loss: 181.4910, Train Node Loss: 32.8838, Train Reg Loss: 1.4861, Train MAPE: 9.7379, Train R: 0.6110, Train RRSE: 0.8857, Test Loss: 264.0534, Test Node Loss: 27.5638, Test Reg Loss: 2.3649, Test MAPE: 11.0491, Test R: 0.6614, Test RRSE: 1.1148
2025-02-10 15:11:18,532:INFO:Epoch 17: Train Loss: 180.4332, Train Node Loss: 27.7757, Train Reg Loss: 1.5266, Train MAPE: 9.8028, Train R: 0.6118, Train RRSE: 0.8977, Test Loss: 246.5452, Test Node Loss: 24.9331, Test Reg Loss: 2.2161, Test MAPE: 10.7961, Test R: 0.6617, Test RRSE: 1.0792
2025-02-10 15:11:55,582:INFO:Epoch 18: Train Loss: 167.0649, Train Node Loss: 26.1638, Train Reg Loss: 1.4090, Train MAPE: 9.8716, Train R: 0.6501, Train RRSE: 0.8625, Test Loss: 205.9844, Test Node Loss: 24.6391, Test Reg Loss: 1.8135, Test MAPE: 10.1221, Test R: 0.6624, Test RRSE: 0.9762
2025-02-10 15:11:55,617:INFO:Checkpoint saved at best_0.001_0.001_256_SAGE_3_64_0.6624_epoch_18.pth
2025-02-10 15:12:31,491:INFO:Epoch 19: Train Loss: 166.4347, Train Node Loss: 25.4919, Train Reg Loss: 1.4094, Train MAPE: 9.9199, Train R: 0.6352, Train RRSE: 0.8626, Test Loss: 190.4228, Test Node Loss: 23.1197, Test Reg Loss: 1.6730, Test MAPE: 9.9146, Test R: 0.6633, Test RRSE: 0.9377
2025-02-10 15:12:31,515:INFO:Checkpoint saved at best_0.001_0.001_256_SAGE_3_64_0.6633_epoch_19.pth
2025-02-10 15:13:06,982:INFO:Epoch 20: Train Loss: 162.3326, Train Node Loss: 23.4911, Train Reg Loss: 1.3884, Train MAPE: 9.9643, Train R: 0.6420, Train RRSE: 0.8561, Test Loss: 195.2992, Test Node Loss: 20.0944, Test Reg Loss: 1.7520, Test MAPE: 10.1271, Test R: 0.6635, Test RRSE: 0.9595
2025-02-10 15:13:07,006:INFO:Checkpoint saved at best_0.001_0.001_256_SAGE_3_64_0.6635_epoch_20.pth
2025-02-10 15:13:43,781:INFO:Epoch 21: Train Loss: 155.7806, Train Node Loss: 20.1094, Train Reg Loss: 1.3567, Train MAPE: 9.9776, Train R: 0.6294, Train RRSE: 0.8463, Test Loss: 213.8792, Test Node Loss: 16.7651, Test Reg Loss: 1.9711, Test MAPE: 10.5496, Test R: 0.6626, Test RRSE: 1.0178
2025-02-10 15:14:19,104:INFO:Epoch 22: Train Loss: 151.9615, Train Node Loss: 17.4880, Train Reg Loss: 1.3447, Train MAPE: 9.9781, Train R: 0.6414, Train RRSE: 0.8426, Test Loss: 209.4829, Test Node Loss: 15.5610, Test Reg Loss: 1.9392, Test MAPE: 10.5400, Test R: 0.6622, Test RRSE: 1.0095
2025-02-10 15:14:54,368:INFO:Epoch 23: Train Loss: 146.0158, Train Node Loss: 16.4898, Train Reg Loss: 1.2953, Train MAPE: 10.0180, Train R: 0.6514, Train RRSE: 0.8269, Test Loss: 194.0810, Test Node Loss: 15.0628, Test Reg Loss: 1.7902, Test MAPE: 10.3161, Test R: 0.6613, Test RRSE: 0.9699
2025-02-10 15:15:29,436:INFO:Epoch 24: Train Loss: 147.4555, Train Node Loss: 16.0774, Train Reg Loss: 1.3138, Train MAPE: 10.1112, Train R: 0.6223, Train RRSE: 0.8328, Test Loss: 182.1353, Test Node Loss: 14.3574, Test Reg Loss: 1.6778, Test MAPE: 10.2629, Test R: 0.6603, Test RRSE: 0.9390
2025-02-10 15:16:03,597:INFO:Epoch 25: Train Loss: 144.8636, Train Node Loss: 15.4111, Train Reg Loss: 1.2945, Train MAPE: 10.2727, Train R: 0.6156, Train RRSE: 0.8267, Test Loss: 184.6206, Test Node Loss: 12.9999, Test Reg Loss: 1.7162, Test MAPE: 10.3973, Test R: 0.6594, Test RRSE: 0.9497
2025-02-10 15:16:37,395:INFO:Epoch 26: Train Loss: 137.6775, Train Node Loss: 13.5855, Train Reg Loss: 1.2409, Train MAPE: 10.2047, Train R: 0.6481, Train RRSE: 0.8094, Test Loss: 224.9015, Test Node Loss: 10.2715, Test Reg Loss: 2.1463, Test MAPE: 11.2251, Test R: 0.6583, Test RRSE: 1.0620
2025-02-10 15:17:10,836:INFO:Epoch 27: Train Loss: 134.8977, Train Node Loss: 11.2391, Train Reg Loss: 1.2366, Train MAPE: 10.2801, Train R: 0.6394, Train RRSE: 0.8080, Test Loss: 233.4658, Test Node Loss: 9.2888, Test Reg Loss: 2.2418, Test MAPE: 11.4938, Test R: 0.6561, Test RRSE: 1.0854
2025-02-10 15:17:45,448:INFO:Epoch 28: Train Loss: 134.2628, Train Node Loss: 10.8617, Train Reg Loss: 1.2340, Train MAPE: 10.4079, Train R: 0.6201, Train RRSE: 0.8071, Test Loss: 195.2686, Test Node Loss: 9.9763, Test Reg Loss: 1.8529, Test MAPE: 10.8966, Test R: 0.6536, Test RRSE: 0.9868
2025-02-10 15:18:18,985:INFO:Epoch 29: Train Loss: 128.9694, Train Node Loss: 11.2954, Train Reg Loss: 1.1767, Train MAPE: 10.5852, Train R: 0.6435, Train RRSE: 0.7882, Test Loss: 187.6629, Test Node Loss: 9.7040, Test Reg Loss: 1.7796, Test MAPE: 10.9181, Test R: 0.6519, Test RRSE: 0.9671
2025-02-10 15:18:52,781:INFO:Epoch 30: Train Loss: 128.3990, Train Node Loss: 10.1071, Train Reg Loss: 1.1829, Train MAPE: 10.6781, Train R: 0.6282, Train RRSE: 0.7902, Test Loss: 229.3895, Test Node Loss: 7.9299, Test Reg Loss: 2.2146, Test MAPE: 11.6534, Test R: 0.6507, Test RRSE: 1.0788
2025-02-10 15:19:27,098:INFO:Epoch 31: Train Loss: 122.3775, Train Node Loss: 9.1198, Train Reg Loss: 1.1326, Train MAPE: 10.7350, Train R: 0.6484, Train RRSE: 0.7732, Test Loss: 223.9087, Test Node Loss: 7.6585, Test Reg Loss: 2.1625, Test MAPE: 11.7527, Test R: 0.6521, Test RRSE: 1.0660
2025-02-10 15:20:01,401:INFO:Epoch 32: Train Loss: 121.1737, Train Node Loss: 8.5640, Train Reg Loss: 1.1261, Train MAPE: 10.8128, Train R: 0.6461, Train RRSE: 0.7710, Test Loss: 226.1827, Test Node Loss: 7.1128, Test Reg Loss: 2.1907, Test MAPE: 11.8526, Test R: 0.6545, Test RRSE: 1.0730
2025-02-10 15:20:37,709:INFO:Epoch 33: Train Loss: 118.2235, Train Node Loss: 7.8461, Train Reg Loss: 1.1038, Train MAPE: 10.8381, Train R: 0.6554, Train RRSE: 0.7634, Test Loss: 228.4743, Test Node Loss: 6.5281, Test Reg Loss: 2.2195, Test MAPE: 11.9843, Test R: 0.6597, Test RRSE: 1.0800
2025-02-10 15:21:14,938:INFO:Epoch 34: Train Loss: 115.0298, Train Node Loss: 7.3306, Train Reg Loss: 1.0770, Train MAPE: 10.8488, Train R: 0.6684, Train RRSE: 0.7540, Test Loss: 217.6622, Test Node Loss: 6.2444, Test Reg Loss: 2.1142, Test MAPE: 11.8602, Test R: 0.6653, Test RRSE: 1.0541
2025-02-10 15:21:14,986:INFO:Checkpoint saved at best_0.001_0.001_256_SAGE_3_64_0.6653_epoch_34.pth
2025-02-10 15:21:51,421:INFO:Epoch 35: Train Loss: 116.5180, Train Node Loss: 7.0350, Train Reg Loss: 1.0948, Train MAPE: 10.9343, Train R: 0.6583, Train RRSE: 0.7603, Test Loss: 212.0808, Test Node Loss: 5.6829, Test Reg Loss: 2.0640, Test MAPE: 11.8085, Test R: 0.6721, Test RRSE: 1.0415
2025-02-10 15:21:51,446:INFO:Checkpoint saved at best_0.001_0.001_256_SAGE_3_64_0.6721_epoch_35.pth
2025-02-10 15:22:27,762:INFO:Epoch 36: Train Loss: 105.4700, Train Node Loss: 6.1385, Train Reg Loss: 0.9933, Train MAPE: 10.9033, Train R: 0.7072, Train RRSE: 0.7241, Test Loss: 240.8965, Test Node Loss: 4.5167, Test Reg Loss: 2.3638, Test MAPE: 12.1909, Test R: 0.6777, Test RRSE: 1.1145
2025-02-10 15:22:27,795:INFO:Checkpoint saved at best_0.001_0.001_256_SAGE_3_64_0.6777_epoch_36.pth
2025-02-10 15:23:04,697:INFO:Epoch 37: Train Loss: 110.4943, Train Node Loss: 5.1715, Train Reg Loss: 1.0532, Train MAPE: 10.8609, Train R: 0.6793, Train RRSE: 0.7457, Test Loss: 234.0637, Test Node Loss: 4.3303, Test Reg Loss: 2.2973, Test MAPE: 12.2450, Test R: 0.6832, Test RRSE: 1.0988
2025-02-10 15:23:04,727:INFO:Checkpoint saved at best_0.001_0.001_256_SAGE_3_64_0.6832_epoch_37.pth
2025-02-10 15:23:42,583:INFO:Epoch 38: Train Loss: 112.1777, Train Node Loss: 5.2575, Train Reg Loss: 1.0692, Train MAPE: 10.9621, Train R: 0.6676, Train RRSE: 0.7513, Test Loss: 200.5906, Test Node Loss: 4.6344, Test Reg Loss: 1.9596, Test MAPE: 11.7568, Test R: 0.6874, Test RRSE: 1.0148
2025-02-10 15:23:42,613:INFO:Checkpoint saved at best_0.001_0.001_256_SAGE_3_64_0.6874_epoch_38.pth
2025-02-10 15:24:20,391:INFO:Epoch 39: Train Loss: 105.2801, Train Node Loss: 4.9848, Train Reg Loss: 1.0030, Train MAPE: 11.0493, Train R: 0.6942, Train RRSE: 0.7277, Test Loss: 232.2016, Test Node Loss: 3.6755, Test Reg Loss: 2.2853, Test MAPE: 12.3091, Test R: 0.6920, Test RRSE: 1.0959
2025-02-10 15:24:20,429:INFO:Checkpoint saved at best_0.001_0.001_256_SAGE_3_64_0.6920_epoch_39.pth
2025-02-10 15:24:58,331:INFO:Epoch 40: Train Loss: 101.8742, Train Node Loss: 4.0437, Train Reg Loss: 0.9783, Train MAPE: 10.9153, Train R: 0.7101, Train RRSE: 0.7187, Test Loss: 215.5056, Test Node Loss: 3.3261, Test Reg Loss: 2.1218, Test MAPE: 12.1085, Test R: 0.6960, Test RRSE: 1.0559
2025-02-10 15:24:58,366:INFO:Checkpoint saved at best_0.001_0.001_256_SAGE_3_64_0.6960_epoch_40.pth
2025-02-10 15:25:35,555:INFO:Epoch 41: Train Loss: 101.5286, Train Node Loss: 3.9158, Train Reg Loss: 0.9761, Train MAPE: 11.0500, Train R: 0.7049, Train RRSE: 0.7179, Test Loss: 175.3661, Test Node Loss: 3.5693, Test Reg Loss: 1.7180, Test MAPE: 11.5530, Test R: 0.6986, Test RRSE: 0.9502
2025-02-10 15:25:35,581:INFO:Checkpoint saved at best_0.001_0.001_256_SAGE_3_64_0.6986_epoch_41.pth
2025-02-10 15:26:12,991:INFO:Epoch 42: Train Loss: 99.7042, Train Node Loss: 4.0756, Train Reg Loss: 0.9563, Train MAPE: 11.1583, Train R: 0.7153, Train RRSE: 0.7105, Test Loss: 177.2517, Test Node Loss: 3.3244, Test Reg Loss: 1.7393, Test MAPE: 11.5498, Test R: 0.7017, Test RRSE: 0.9560
2025-02-10 15:26:13,020:INFO:Checkpoint saved at best_0.001_0.001_256_SAGE_3_64_0.7017_epoch_42.pth
2025-02-10 15:26:50,142:INFO:Epoch 43: Train Loss: 101.1468, Train Node Loss: 3.3830, Train Reg Loss: 0.9776, Train MAPE: 11.0737, Train R: 0.7039, Train RRSE: 0.7184, Test Loss: 237.5016, Test Node Loss: 2.2910, Test Reg Loss: 2.3521, Test MAPE: 12.6071, Test R: 0.7045, Test RRSE: 1.1118
2025-02-10 15:26:50,167:INFO:Checkpoint saved at best_0.001_0.001_256_SAGE_3_64_0.7045_epoch_43.pth
2025-02-10 15:27:26,833:INFO:Epoch 44: Train Loss: 98.5780, Train Node Loss: 2.8443, Train Reg Loss: 0.9573, Train MAPE: 11.0042, Train R: 0.7165, Train RRSE: 0.7109, Test Loss: 210.0017, Test Node Loss: 2.4385, Test Reg Loss: 2.0756, Test MAPE: 12.1977, Test R: 0.7073, Test RRSE: 1.0444
2025-02-10 15:27:26,865:INFO:Checkpoint saved at best_0.001_0.001_256_SAGE_3_64_0.7073_epoch_44.pth
2025-02-10 15:28:04,629:INFO:Epoch 45: Train Loss: 92.2898, Train Node Loss: 3.0504, Train Reg Loss: 0.8924, Train MAPE: 11.2508, Train R: 0.7352, Train RRSE: 0.6864, Test Loss: 185.2861, Test Node Loss: 2.5509, Test Reg Loss: 1.8274, Test MAPE: 11.9239, Test R: 0.7106, Test RRSE: 0.9799
2025-02-10 15:28:04,667:INFO:Checkpoint saved at best_0.001_0.001_256_SAGE_3_64_0.7106_epoch_45.pth
2025-02-10 15:28:41,390:INFO:Epoch 46: Train Loss: 88.4907, Train Node Loss: 2.8237, Train Reg Loss: 0.8567, Train MAPE: 11.2285, Train R: 0.7499, Train RRSE: 0.6725, Test Loss: 196.8896, Test Node Loss: 2.1573, Test Reg Loss: 1.9473, Test MAPE: 12.0397, Test R: 0.7138, Test RRSE: 1.0116
2025-02-10 15:28:41,421:INFO:Checkpoint saved at best_0.001_0.001_256_SAGE_3_64_0.7138_epoch_46.pth
2025-02-10 15:29:18,435:INFO:Epoch 47: Train Loss: 92.4443, Train Node Loss: 2.4113, Train Reg Loss: 0.9003, Train MAPE: 11.0265, Train R: 0.7360, Train RRSE: 0.6894, Test Loss: 204.6545, Test Node Loss: 1.9217, Test Reg Loss: 2.0273, Test MAPE: 12.2338, Test R: 0.7171, Test RRSE: 1.0322
2025-02-10 15:29:18,483:INFO:Checkpoint saved at best_0.001_0.001_256_SAGE_3_64_0.7171_epoch_47.pth
2025-02-10 15:29:56,068:INFO:Epoch 48: Train Loss: 91.4382, Train Node Loss: 2.2871, Train Reg Loss: 0.8915, Train MAPE: 11.1533, Train R: 0.7374, Train RRSE: 0.6860, Test Loss: 176.4056, Test Node Loss: 2.0496, Test Reg Loss: 1.7436, Test MAPE: 11.8094, Test R: 0.7202, Test RRSE: 0.9572
2025-02-10 15:29:56,096:INFO:Checkpoint saved at best_0.001_0.001_256_SAGE_3_64_0.7202_epoch_48.pth
2025-02-10 15:30:33,552:INFO:Epoch 49: Train Loss: 93.2644, Train Node Loss: 2.3740, Train Reg Loss: 0.9089, Train MAPE: 11.2496, Train R: 0.7293, Train RRSE: 0.6927, Test Loss: 169.7905, Test Node Loss: 1.9302, Test Reg Loss: 1.6786, Test MAPE: 11.7193, Test R: 0.7228, Test RRSE: 0.9392
2025-02-10 15:30:33,592:INFO:Checkpoint saved at best_0.001_0.001_256_SAGE_3_64_0.7228_epoch_49.pth
2025-02-10 15:31:10,990:INFO:Epoch 50: Train Loss: 88.2231, Train Node Loss: 2.1710, Train Reg Loss: 0.8605, Train MAPE: 11.2784, Train R: 0.7485, Train RRSE: 0.6740, Test Loss: 160.0432, Test Node Loss: 1.7101, Test Reg Loss: 1.5833, Test MAPE: 11.6773, Test R: 0.7259, Test RRSE: 0.9122
2025-02-10 15:31:11,029:INFO:Checkpoint saved at best_0.001_0.001_256_SAGE_3_64_0.7259_epoch_50.pth
2025-02-10 15:31:47,564:INFO:Epoch 51: Train Loss: 88.4365, Train Node Loss: 1.9435, Train Reg Loss: 0.8649, Train MAPE: 11.2026, Train R: 0.7470, Train RRSE: 0.6757, Test Loss: 157.1974, Test Node Loss: 1.5426, Test Reg Loss: 1.5565, Test MAPE: 11.6663, Test R: 0.7277, Test RRSE: 0.9044
2025-02-10 15:31:47,593:INFO:Checkpoint saved at best_0.001_0.001_256_SAGE_3_64_0.7277_epoch_51.pth
2025-02-10 15:32:24,394:INFO:Epoch 52: Train Loss: 86.6473, Train Node Loss: 1.6117, Train Reg Loss: 0.8504, Train MAPE: 11.1903, Train R: 0.7542, Train RRSE: 0.6700, Test Loss: 166.3259, Test Node Loss: 1.3333, Test Reg Loss: 1.6499, Test MAPE: 11.8674, Test R: 0.7288, Test RRSE: 0.9312
2025-02-10 15:32:24,424:INFO:Checkpoint saved at best_0.001_0.001_256_SAGE_3_64_0.7288_epoch_52.pth
2025-02-10 15:33:01,318:INFO:Epoch 53: Train Loss: 87.7182, Train Node Loss: 1.6875, Train Reg Loss: 0.8603, Train MAPE: 11.3548, Train R: 0.7446, Train RRSE: 0.6739, Test Loss: 128.8446, Test Node Loss: 1.6423, Test Reg Loss: 1.2720, Test MAPE: 11.3611, Test R: 0.7304, Test RRSE: 0.8176
2025-02-10 15:33:01,344:INFO:Checkpoint saved at best_0.001_0.001_256_SAGE_3_64_0.7304_epoch_53.pth
2025-02-10 15:33:38,976:INFO:Epoch 54: Train Loss: 85.5247, Train Node Loss: 1.6741, Train Reg Loss: 0.8385, Train MAPE: 11.3835, Train R: 0.7550, Train RRSE: 0.6653, Test Loss: 151.6458, Test Node Loss: 1.2407, Test Reg Loss: 1.5041, Test MAPE: 11.6469, Test R: 0.7306, Test RRSE: 0.8890
2025-02-10 15:33:39,015:INFO:Checkpoint saved at best_0.001_0.001_256_SAGE_3_64_0.7306_epoch_54.pth
2025-02-10 15:34:16,677:INFO:Epoch 55: Train Loss: 86.1008, Train Node Loss: 1.2392, Train Reg Loss: 0.8486, Train MAPE: 11.2442, Train R: 0.7531, Train RRSE: 0.6693, Test Loss: 181.6133, Test Node Loss: 0.8808, Test Reg Loss: 1.8073, Test MAPE: 12.1176, Test R: 0.7330, Test RRSE: 0.9746
2025-02-10 15:34:16,712:INFO:Checkpoint saved at best_0.001_0.001_256_SAGE_3_64_0.7330_epoch_55.pth
2025-02-10 15:34:52,920:INFO:Epoch 56: Train Loss: 79.4702, Train Node Loss: 1.0962, Train Reg Loss: 0.7837, Train MAPE: 11.3364, Train R: 0.7766, Train RRSE: 0.6432, Test Loss: 158.4989, Test Node Loss: 1.0364, Test Reg Loss: 1.5746, Test MAPE: 11.7926, Test R: 0.7338, Test RRSE: 0.9097
2025-02-10 15:34:52,949:INFO:Checkpoint saved at best_0.001_0.001_256_SAGE_3_64_0.7338_epoch_56.pth
2025-02-10 15:35:27,179:INFO:Epoch 57: Train Loss: 79.3758, Train Node Loss: 1.3404, Train Reg Loss: 0.7804, Train MAPE: 11.5211, Train R: 0.7747, Train RRSE: 0.6418, Test Loss: 137.2473, Test Node Loss: 1.1500, Test Reg Loss: 1.3610, Test MAPE: 11.4822, Test R: 0.7346, Test RRSE: 0.8457
2025-02-10 15:35:27,205:INFO:Checkpoint saved at best_0.001_0.001_256_SAGE_3_64_0.7346_epoch_57.pth
2025-02-10 15:36:02,041:INFO:Epoch 58: Train Loss: 81.3283, Train Node Loss: 1.2215, Train Reg Loss: 0.8011, Train MAPE: 11.4574, Train R: 0.7714, Train RRSE: 0.6503, Test Loss: 180.9557, Test Node Loss: 0.7070, Test Reg Loss: 1.8025, Test MAPE: 12.2010, Test R: 0.7360, Test RRSE: 0.9733
2025-02-10 15:36:02,068:INFO:Checkpoint saved at best_0.001_0.001_256_SAGE_3_64_0.7360_epoch_58.pth
2025-02-10 15:36:35,937:INFO:Epoch 59: Train Loss: 81.1313, Train Node Loss: 0.8535, Train Reg Loss: 0.8028, Train MAPE: 11.3035, Train R: 0.7685, Train RRSE: 0.6510, Test Loss: 195.3511, Test Node Loss: 0.5553, Test Reg Loss: 1.9480, Test MAPE: 12.4018, Test R: 0.7392, Test RRSE: 1.0118
2025-02-10 15:36:35,983:INFO:Checkpoint saved at best_0.001_0.001_256_SAGE_3_64_0.7392_epoch_59.pth
2025-02-10 15:37:10,044:INFO:Epoch 60: Train Loss: 81.0219, Train Node Loss: 0.8516, Train Reg Loss: 0.8017, Train MAPE: 11.3307, Train R: 0.7682, Train RRSE: 0.6506, Test Loss: 160.5864, Test Node Loss: 0.6649, Test Reg Loss: 1.5992, Test MAPE: 11.8404, Test R: 0.7402, Test RRSE: 0.9167
2025-02-10 15:37:10,079:INFO:Checkpoint saved at best_0.001_0.001_256_SAGE_3_64_0.7402_epoch_60.pth
2025-02-10 15:37:44,773:INFO:Epoch 61: Train Loss: 79.3778, Train Node Loss: 0.8366, Train Reg Loss: 0.7854, Train MAPE: 11.4182, Train R: 0.7728, Train RRSE: 0.6439, Test Loss: 152.1322, Test Node Loss: 0.5903, Test Reg Loss: 1.5154, Test MAPE: 11.8576, Test R: 0.7397, Test RRSE: 0.8924
2025-02-10 15:38:19,843:INFO:Epoch 62: Train Loss: 77.4945, Train Node Loss: 0.7525, Train Reg Loss: 0.7674, Train MAPE: 11.4409, Train R: 0.7781, Train RRSE: 0.6365, Test Loss: 125.5697, Test Node Loss: 0.5731, Test Reg Loss: 1.2500, Test MAPE: 11.5336, Test R: 0.7427, Test RRSE: 0.8105
2025-02-10 15:38:19,875:INFO:Checkpoint saved at best_0.001_0.001_256_SAGE_3_64_0.7427_epoch_62.pth
2025-02-10 15:38:54,705:INFO:Epoch 63: Train Loss: 78.0774, Train Node Loss: 0.6965, Train Reg Loss: 0.7738, Train MAPE: 11.3872, Train R: 0.7753, Train RRSE: 0.6391, Test Loss: 110.7166, Test Node Loss: 0.5827, Test Reg Loss: 1.1013, Test MAPE: 11.3445, Test R: 0.7445, Test RRSE: 0.7608
2025-02-10 15:38:54,732:INFO:Checkpoint saved at best_0.001_0.001_256_SAGE_3_64_0.7445_epoch_63.pth
2025-02-10 15:39:28,766:INFO:Epoch 64: Train Loss: 72.9015, Train Node Loss: 0.6737, Train Reg Loss: 0.7223, Train MAPE: 11.4246, Train R: 0.7957, Train RRSE: 0.6175, Test Loss: 118.8695, Test Node Loss: 0.5250, Test Reg Loss: 1.1834, Test MAPE: 11.5176, Test R: 0.7438, Test RRSE: 0.7886
2025-02-10 15:40:03,796:INFO:Epoch 65: Train Loss: 76.1101, Train Node Loss: 0.6245, Train Reg Loss: 0.7549, Train MAPE: 11.5135, Train R: 0.7808, Train RRSE: 0.6313, Test Loss: 121.1820, Test Node Loss: 0.4810, Test Reg Loss: 1.2070, Test MAPE: 11.4892, Test R: 0.7439, Test RRSE: 0.7964
2025-02-10 15:40:38,122:INFO:Epoch 66: Train Loss: 73.4930, Train Node Loss: 0.5703, Train Reg Loss: 0.7292, Train MAPE: 11.5194, Train R: 0.7902, Train RRSE: 0.6205, Test Loss: 123.1932, Test Node Loss: 0.4599, Test Reg Loss: 1.2273, Test MAPE: 11.5138, Test R: 0.7446, Test RRSE: 0.8031
2025-02-10 15:40:38,156:INFO:Checkpoint saved at best_0.001_0.001_256_SAGE_3_64_0.7446_epoch_66.pth
2025-02-10 15:41:13,194:INFO:Epoch 67: Train Loss: 76.3110, Train Node Loss: 0.5585, Train Reg Loss: 0.7575, Train MAPE: 11.5110, Train R: 0.7793, Train RRSE: 0.6324, Test Loss: 142.0615, Test Node Loss: 0.4112, Test Reg Loss: 1.4165, Test MAPE: 11.7872, Test R: 0.7448, Test RRSE: 0.8628
2025-02-10 15:41:13,229:INFO:Checkpoint saved at best_0.001_0.001_256_SAGE_3_64_0.7448_epoch_67.pth
2025-02-10 15:41:47,315:INFO:Epoch 68: Train Loss: 74.6133, Train Node Loss: 0.5290, Train Reg Loss: 0.7408, Train MAPE: 11.4535, Train R: 0.7883, Train RRSE: 0.6254, Test Loss: 160.2577, Test Node Loss: 0.3677, Test Reg Loss: 1.5989, Test MAPE: 12.0788, Test R: 0.7468, Test RRSE: 0.9166
2025-02-10 15:41:47,347:INFO:Checkpoint saved at best_0.001_0.001_256_SAGE_3_64_0.7468_epoch_68.pth
2025-02-10 15:42:20,519:INFO:Epoch 69: Train Loss: 76.9771, Train Node Loss: 0.4986, Train Reg Loss: 0.7648, Train MAPE: 11.4524, Train R: 0.7787, Train RRSE: 0.6354, Test Loss: 171.6716, Test Node Loss: 0.3384, Test Reg Loss: 1.7133, Test MAPE: 12.2631, Test R: 0.7482, Test RRSE: 0.9489
2025-02-10 15:42:20,576:INFO:Checkpoint saved at best_0.001_0.001_256_SAGE_3_64_0.7482_epoch_69.pth
2025-02-10 15:42:54,292:INFO:Epoch 70: Train Loss: 73.5957, Train Node Loss: 0.4532, Train Reg Loss: 0.7314, Train MAPE: 11.5054, Train R: 0.7892, Train RRSE: 0.6214, Test Loss: 172.7329, Test Node Loss: 0.2868, Test Reg Loss: 1.7245, Test MAPE: 12.2980, Test R: 0.7496, Test RRSE: 0.9520
2025-02-10 15:42:54,322:INFO:Checkpoint saved at best_0.001_0.001_256_SAGE_3_64_0.7496_epoch_70.pth
2025-02-10 15:43:28,371:INFO:Epoch 71: Train Loss: 70.0874, Train Node Loss: 0.3967, Train Reg Loss: 0.6969, Train MAPE: 11.5062, Train R: 0.8027, Train RRSE: 0.6066, Test Loss: 149.3108, Test Node Loss: 0.2973, Test Reg Loss: 1.4901, Test MAPE: 11.9344, Test R: 0.7509, Test RRSE: 0.8849
2025-02-10 15:43:28,415:INFO:Checkpoint saved at best_0.001_0.001_256_SAGE_3_64_0.7509_epoch_71.pth
2025-02-10 15:44:02,071:INFO:Epoch 72: Train Loss: 70.3892, Train Node Loss: 0.4365, Train Reg Loss: 0.6995, Train MAPE: 11.5801, Train R: 0.8007, Train RRSE: 0.6077, Test Loss: 135.8987, Test Node Loss: 0.3286, Test Reg Loss: 1.3557, Test MAPE: 11.7192, Test R: 0.7528, Test RRSE: 0.8441
2025-02-10 15:44:02,176:INFO:Checkpoint saved at best_0.001_0.001_256_SAGE_3_64_0.7528_epoch_72.pth
2025-02-10 15:44:36,177:INFO:Epoch 73: Train Loss: 75.5206, Train Node Loss: 0.4183, Train Reg Loss: 0.7510, Train MAPE: 11.5647, Train R: 0.7820, Train RRSE: 0.6297, Test Loss: 159.6295, Test Node Loss: 0.2439, Test Reg Loss: 1.5939, Test MAPE: 12.1403, Test R: 0.7502, Test RRSE: 0.9152
2025-02-10 15:45:10,373:INFO:Epoch 74: Train Loss: 70.4958, Train Node Loss: 0.3358, Train Reg Loss: 0.7016, Train MAPE: 11.5679, Train R: 0.7997, Train RRSE: 0.6086, Test Loss: 145.3670, Test Node Loss: 0.2382, Test Reg Loss: 1.4513, Test MAPE: 11.9820, Test R: 0.7523, Test RRSE: 0.8733
2025-02-10 15:45:44,329:INFO:Epoch 75: Train Loss: 73.8890, Train Node Loss: 0.3352, Train Reg Loss: 0.7355, Train MAPE: 11.6092, Train R: 0.7854, Train RRSE: 0.6231, Test Loss: 120.4492, Test Node Loss: 0.2731, Test Reg Loss: 1.2018, Test MAPE: 11.6548, Test R: 0.7542, Test RRSE: 0.7947
2025-02-10 15:45:44,359:INFO:Checkpoint saved at best_0.001_0.001_256_SAGE_3_64_0.7542_epoch_75.pth
2025-02-10 15:46:19,176:INFO:Epoch 76: Train Loss: 73.2448, Train Node Loss: 0.3657, Train Reg Loss: 0.7288, Train MAPE: 11.5644, Train R: 0.7900, Train RRSE: 0.6203, Test Loss: 123.2488, Test Node Loss: 0.2712, Test Reg Loss: 1.2298, Test MAPE: 11.6614, Test R: 0.7538, Test RRSE: 0.8039
2025-02-10 15:46:53,338:INFO:Epoch 77: Train Loss: 65.7345, Train Node Loss: 0.3439, Train Reg Loss: 0.6539, Train MAPE: 11.6730, Train R: 0.8158, Train RRSE: 0.5875, Test Loss: 157.1609, Test Node Loss: 0.2000, Test Reg Loss: 1.5696, Test MAPE: 12.1310, Test R: 0.7541, Test RRSE: 0.9082
2025-02-10 15:47:26,890:INFO:Epoch 78: Train Loss: 69.0142, Train Node Loss: 0.2897, Train Reg Loss: 0.6872, Train MAPE: 11.5763, Train R: 0.8037, Train RRSE: 0.6023, Test Loss: 178.2898, Test Node Loss: 0.1723, Test Reg Loss: 1.7812, Test MAPE: 12.3807, Test R: 0.7537, Test RRSE: 0.9675
2025-02-10 15:48:01,117:INFO:Epoch 79: Train Loss: 66.3701, Train Node Loss: 0.2817, Train Reg Loss: 0.6609, Train MAPE: 11.6778, Train R: 0.8119, Train RRSE: 0.5907, Test Loss: 182.9998, Test Node Loss: 0.1719, Test Reg Loss: 1.8283, Test MAPE: 12.5901, Test R: 0.7529, Test RRSE: 0.9802
2025-02-10 15:48:35,529:INFO:Epoch 80: Train Loss: 71.5382, Train Node Loss: 0.2533, Train Reg Loss: 0.7128, Train MAPE: 11.6083, Train R: 0.7939, Train RRSE: 0.6135, Test Loss: 165.7220, Test Node Loss: 0.1463, Test Reg Loss: 1.6558, Test MAPE: 12.2559, Test R: 0.7556, Test RRSE: 0.9328
2025-02-10 15:48:35,561:INFO:Checkpoint saved at best_0.001_0.001_256_SAGE_3_64_0.7556_epoch_80.pth
2025-02-10 15:49:09,975:INFO:Epoch 81: Train Loss: 65.6450, Train Node Loss: 0.2300, Train Reg Loss: 0.6542, Train MAPE: 11.5809, Train R: 0.8153, Train RRSE: 0.5877, Test Loss: 157.7291, Test Node Loss: 0.1494, Test Reg Loss: 1.5758, Test MAPE: 12.2248, Test R: 0.7559, Test RRSE: 0.9100
2025-02-10 15:49:10,002:INFO:Checkpoint saved at best_0.001_0.001_256_SAGE_3_64_0.7559_epoch_81.pth
2025-02-10 15:49:45,271:INFO:Epoch 82: Train Loss: 70.8296, Train Node Loss: 0.2352, Train Reg Loss: 0.7059, Train MAPE: 11.6832, Train R: 0.7954, Train RRSE: 0.6105, Test Loss: 142.2917, Test Node Loss: 0.1593, Test Reg Loss: 1.4213, Test MAPE: 11.8523, Test R: 0.7559, Test RRSE: 0.8642
2025-02-10 15:49:45,303:INFO:Checkpoint saved at best_0.001_0.001_256_SAGE_3_64_0.7559_epoch_82.pth
2025-02-10 15:50:20,353:INFO:Epoch 83: Train Loss: 64.5134, Train Node Loss: 0.2353, Train Reg Loss: 0.6428, Train MAPE: 11.7638, Train R: 0.8172, Train RRSE: 0.5825, Test Loss: 135.9290, Test Node Loss: 0.1467, Test Reg Loss: 1.3578, Test MAPE: 11.8866, Test R: 0.7575, Test RRSE: 0.8447
2025-02-10 15:50:20,379:INFO:Checkpoint saved at best_0.001_0.001_256_SAGE_3_64_0.7575_epoch_83.pth
2025-02-10 15:50:55,308:INFO:Epoch 84: Train Loss: 66.1136, Train Node Loss: 0.2215, Train Reg Loss: 0.6589, Train MAPE: 11.7101, Train R: 0.8116, Train RRSE: 0.5898, Test Loss: 130.6507, Test Node Loss: 0.1456, Test Reg Loss: 1.3051, Test MAPE: 11.8378, Test R: 0.7572, Test RRSE: 0.8281
2025-02-10 15:51:30,064:INFO:Epoch 85: Train Loss: 68.3138, Train Node Loss: 0.2217, Train Reg Loss: 0.6809, Train MAPE: 11.7052, Train R: 0.8048, Train RRSE: 0.5996, Test Loss: 144.0730, Test Node Loss: 0.1240, Test Reg Loss: 1.4395, Test MAPE: 12.0450, Test R: 0.7573, Test RRSE: 0.8698
2025-02-10 15:52:03,023:INFO:Epoch 86: Train Loss: 69.0317, Train Node Loss: 0.1957, Train Reg Loss: 0.6884, Train MAPE: 11.6488, Train R: 0.8020, Train RRSE: 0.6028, Test Loss: 134.6183, Test Node Loss: 0.1198, Test Reg Loss: 1.3450, Test MAPE: 11.9689, Test R: 0.7599, Test RRSE: 0.8407
2025-02-10 15:52:03,061:INFO:Checkpoint saved at best_0.001_0.001_256_SAGE_3_64_0.7599_epoch_86.pth
2025-02-10 15:52:36,696:INFO:Epoch 87: Train Loss: 67.0359, Train Node Loss: 0.1775, Train Reg Loss: 0.6686, Train MAPE: 11.6654, Train R: 0.8096, Train RRSE: 0.5941, Test Loss: 141.2827, Test Node Loss: 0.1024, Test Reg Loss: 1.4118, Test MAPE: 12.1134, Test R: 0.7594, Test RRSE: 0.8613
2025-02-10 15:53:09,851:INFO:Epoch 88: Train Loss: 64.8224, Train Node Loss: 0.1770, Train Reg Loss: 0.6465, Train MAPE: 11.7478, Train R: 0.8150, Train RRSE: 0.5842, Test Loss: 127.2846, Test Node Loss: 0.1193, Test Reg Loss: 1.2717, Test MAPE: 11.8513, Test R: 0.7586, Test RRSE: 0.8175
2025-02-10 15:53:42,382:INFO:Epoch 89: Train Loss: 67.0860, Train Node Loss: 0.1976, Train Reg Loss: 0.6689, Train MAPE: 11.8364, Train R: 0.8092, Train RRSE: 0.5942, Test Loss: 131.5340, Test Node Loss: 0.1213, Test Reg Loss: 1.3141, Test MAPE: 11.9268, Test R: 0.7594, Test RRSE: 0.8310
2025-02-10 15:54:16,353:INFO:Epoch 90: Train Loss: 64.0107, Train Node Loss: 0.1803, Train Reg Loss: 0.6383, Train MAPE: 11.7970, Train R: 0.8189, Train RRSE: 0.5805, Test Loss: 161.4052, Test Node Loss: 0.0834, Test Reg Loss: 1.6132, Test MAPE: 12.3063, Test R: 0.7600, Test RRSE: 0.9207
2025-02-10 15:54:16,396:INFO:Checkpoint saved at best_0.001_0.001_256_SAGE_3_64_0.7600_epoch_90.pth
2025-02-10 15:54:49,734:INFO:Epoch 91: Train Loss: 69.8557, Train Node Loss: 0.1304, Train Reg Loss: 0.6973, Train MAPE: 11.6993, Train R: 0.7999, Train RRSE: 0.6067, Test Loss: 177.0276, Test Node Loss: 0.0700, Test Reg Loss: 1.7696, Test MAPE: 12.5895, Test R: 0.7594, Test RRSE: 0.9643
2025-02-10 15:55:22,153:INFO:Epoch 92: Train Loss: 64.1601, Train Node Loss: 0.1430, Train Reg Loss: 0.6402, Train MAPE: 11.7641, Train R: 0.8176, Train RRSE: 0.5813, Test Loss: 135.8791, Test Node Loss: 0.0984, Test Reg Loss: 1.3578, Test MAPE: 12.0172, Test R: 0.7609, Test RRSE: 0.8447
2025-02-10 15:55:22,182:INFO:Checkpoint saved at best_0.001_0.001_256_SAGE_3_64_0.7609_epoch_92.pth
2025-02-10 15:55:55,224:INFO:Epoch 93: Train Loss: 65.3382, Train Node Loss: 0.1650, Train Reg Loss: 0.6517, Train MAPE: 11.8578, Train R: 0.8177, Train RRSE: 0.5866, Test Loss: 169.3598, Test Node Loss: 0.0755, Test Reg Loss: 1.6928, Test MAPE: 12.5365, Test R: 0.7596, Test RRSE: 0.9432
2025-02-10 15:56:28,802:INFO:Epoch 94: Train Loss: 62.2852, Train Node Loss: 0.1223, Train Reg Loss: 0.6216, Train MAPE: 11.8277, Train R: 0.8228, Train RRSE: 0.5729, Test Loss: 185.6177, Test Node Loss: 0.0542, Test Reg Loss: 1.8556, Test MAPE: 12.5896, Test R: 0.7596, Test RRSE: 0.9875
2025-02-10 15:57:02,064:INFO:Epoch 95: Train Loss: 63.6267, Train Node Loss: 0.1025, Train Reg Loss: 0.6352, Train MAPE: 11.7586, Train R: 0.8208, Train RRSE: 0.5791, Test Loss: 161.6335, Test Node Loss: 0.0623, Test Reg Loss: 1.6157, Test MAPE: 12.4177, Test R: 0.7613, Test RRSE: 0.9215
2025-02-10 15:57:02,094:INFO:Checkpoint saved at best_0.001_0.001_256_SAGE_3_64_0.7613_epoch_95.pth
2025-02-10 15:57:37,361:INFO:Epoch 96: Train Loss: 64.7851, Train Node Loss: 0.1224, Train Reg Loss: 0.6466, Train MAPE: 11.7654, Train R: 0.8172, Train RRSE: 0.5843, Test Loss: 132.9457, Test Node Loss: 0.0813, Test Reg Loss: 1.3286, Test MAPE: 12.0991, Test R: 0.7608, Test RRSE: 0.8356
2025-02-10 15:58:13,736:INFO:Epoch 97: Train Loss: 67.5005, Train Node Loss: 0.1246, Train Reg Loss: 0.6738, Train MAPE: 11.9526, Train R: 0.8057, Train RRSE: 0.5964, Test Loss: 186.3324, Test Node Loss: 0.0518, Test Reg Loss: 1.8628, Test MAPE: 12.8281, Test R: 0.7581, Test RRSE: 0.9894
2025-02-10 15:58:50,247:INFO:Epoch 98: Train Loss: 64.1839, Train Node Loss: 0.0947, Train Reg Loss: 0.6409, Train MAPE: 11.8429, Train R: 0.8156, Train RRSE: 0.5817, Test Loss: 182.8518, Test Node Loss: 0.0511, Test Reg Loss: 1.8280, Test MAPE: 12.8037, Test R: 0.7601, Test RRSE: 0.9801
2025-02-10 15:59:28,061:INFO:Epoch 99: Train Loss: 62.7779, Train Node Loss: 0.0958, Train Reg Loss: 0.6268, Train MAPE: 11.7994, Train R: 0.8209, Train RRSE: 0.5752, Test Loss: 137.4953, Test Node Loss: 0.0628, Test Reg Loss: 1.3743, Test MAPE: 12.0071, Test R: 0.7639, Test RRSE: 0.8498
2025-02-10 15:59:28,114:INFO:Checkpoint saved at best_0.001_0.001_256_SAGE_3_64_0.7639_epoch_99.pth
2025-02-10 16:00:05,818:INFO:Epoch 100: Train Loss: 66.4564, Train Node Loss: 0.1058, Train Reg Loss: 0.6635, Train MAPE: 11.7462, Train R: 0.8104, Train RRSE: 0.5918, Test Loss: 129.2837, Test Node Loss: 0.0660, Test Reg Loss: 1.2922, Test MAPE: 11.9675, Test R: 0.7637, Test RRSE: 0.8240
2025-02-10 16:00:43,123:INFO:Epoch 101: Train Loss: 68.5589, Train Node Loss: 0.1087, Train Reg Loss: 0.6845, Train MAPE: 11.9196, Train R: 0.8013, Train RRSE: 0.6011, Test Loss: 141.2079, Test Node Loss: 0.0616, Test Reg Loss: 1.4115, Test MAPE: 12.2501, Test R: 0.7627, Test RRSE: 0.8612
2025-02-10 16:01:20,702:INFO:Epoch 102: Train Loss: 66.2628, Train Node Loss: 0.0951, Train Reg Loss: 0.6617, Train MAPE: 11.7083, Train R: 0.8092, Train RRSE: 0.5910, Test Loss: 158.1070, Test Node Loss: 0.0556, Test Reg Loss: 1.5805, Test MAPE: 12.4871, Test R: 0.7611, Test RRSE: 0.9114
2025-02-10 16:01:57,181:INFO:Epoch 103: Train Loss: 67.4656, Train Node Loss: 0.0878, Train Reg Loss: 0.6738, Train MAPE: 11.8733, Train R: 0.8051, Train RRSE: 0.5964, Test Loss: 177.7981, Test Node Loss: 0.0539, Test Reg Loss: 1.7774, Test MAPE: 12.6685, Test R: 0.7632, Test RRSE: 0.9665
2025-02-10 16:02:34,567:INFO:Epoch 104: Train Loss: 66.0839, Train Node Loss: 0.0946, Train Reg Loss: 0.6599, Train MAPE: 11.7870, Train R: 0.8096, Train RRSE: 0.5902, Test Loss: 161.2577, Test Node Loss: 0.0608, Test Reg Loss: 1.6120, Test MAPE: 12.5138, Test R: 0.7621, Test RRSE: 0.9204
2025-02-10 16:03:11,888:INFO:Epoch 105: Train Loss: 62.9067, Train Node Loss: 0.1026, Train Reg Loss: 0.6280, Train MAPE: 11.9315, Train R: 0.8217, Train RRSE: 0.5758, Test Loss: 151.9590, Test Node Loss: 0.0542, Test Reg Loss: 1.5190, Test MAPE: 12.2573, Test R: 0.7624, Test RRSE: 0.8935
2025-02-10 16:03:48,660:INFO:Epoch 106: Train Loss: 63.3611, Train Node Loss: 0.0912, Train Reg Loss: 0.6327, Train MAPE: 11.8644, Train R: 0.8191, Train RRSE: 0.5779, Test Loss: 174.4007, Test Node Loss: 0.0445, Test Reg Loss: 1.7436, Test MAPE: 12.7737, Test R: 0.7627, Test RRSE: 0.9572
2025-02-10 16:04:25,836:INFO:Epoch 107: Train Loss: 62.5253, Train Node Loss: 0.0757, Train Reg Loss: 0.6245, Train MAPE: 11.9780, Train R: 0.8207, Train RRSE: 0.5742, Test Loss: 200.5644, Test Node Loss: 0.0400, Test Reg Loss: 2.0052, Test MAPE: 13.2041, Test R: 0.7617, Test RRSE: 1.0265
2025-02-10 16:05:03,533:INFO:Epoch 108: Train Loss: 65.9628, Train Node Loss: 0.0711, Train Reg Loss: 0.6589, Train MAPE: 11.9360, Train R: 0.8101, Train RRSE: 0.5898, Test Loss: 175.1006, Test Node Loss: 0.0441, Test Reg Loss: 1.7506, Test MAPE: 12.8307, Test R: 0.7637, Test RRSE: 0.9591
2025-02-10 16:05:39,979:INFO:Epoch 109: Train Loss: 69.1796, Train Node Loss: 0.0914, Train Reg Loss: 0.6909, Train MAPE: 12.0167, Train R: 0.8021, Train RRSE: 0.6039, Test Loss: 149.7652, Test Node Loss: 0.0531, Test Reg Loss: 1.4971, Test MAPE: 12.3921, Test R: 0.7647, Test RRSE: 0.8870
2025-02-10 16:05:40,029:INFO:Checkpoint saved at best_0.001_0.001_256_SAGE_3_64_0.7647_epoch_109.pth
2025-02-10 16:06:17,719:INFO:Epoch 110: Train Loss: 64.6050, Train Node Loss: 0.0811, Train Reg Loss: 0.6452, Train MAPE: 11.8741, Train R: 0.8161, Train RRSE: 0.5836, Test Loss: 203.4792, Test Node Loss: 0.0360, Test Reg Loss: 2.0344, Test MAPE: 13.1538, Test R: 0.7654, Test RRSE: 1.0340
2025-02-10 16:06:17,766:INFO:Checkpoint saved at best_0.001_0.001_256_SAGE_3_64_0.7654_epoch_110.pth
2025-02-10 16:06:55,243:INFO:Epoch 111: Train Loss: 67.4726, Train Node Loss: 0.0673, Train Reg Loss: 0.6741, Train MAPE: 11.9221, Train R: 0.8040, Train RRSE: 0.5965, Test Loss: 191.2084, Test Node Loss: 0.0406, Test Reg Loss: 1.9117, Test MAPE: 13.0815, Test R: 0.7657, Test RRSE: 1.0023
2025-02-10 16:06:55,286:INFO:Checkpoint saved at best_0.001_0.001_256_SAGE_3_64_0.7657_epoch_111.pth
2025-02-10 16:07:32,851:INFO:Epoch 112: Train Loss: 68.4759, Train Node Loss: 0.0698, Train Reg Loss: 0.6841, Train MAPE: 11.9188, Train R: 0.8000, Train RRSE: 0.6009, Test Loss: 138.6067, Test Node Loss: 0.0445, Test Reg Loss: 1.3856, Test MAPE: 12.3186, Test R: 0.7686, Test RRSE: 0.8533
2025-02-10 16:07:32,881:INFO:Checkpoint saved at best_0.001_0.001_256_SAGE_3_64_0.7686_epoch_112.pth
2025-02-10 16:08:10,024:INFO:Epoch 113: Train Loss: 65.8105, Train Node Loss: 0.0640, Train Reg Loss: 0.6575, Train MAPE: 11.8356, Train R: 0.8109, Train RRSE: 0.5891, Test Loss: 130.0704, Test Node Loss: 0.0409, Test Reg Loss: 1.3003, Test MAPE: 12.0108, Test R: 0.7693, Test RRSE: 0.8266
2025-02-10 16:08:10,057:INFO:Checkpoint saved at best_0.001_0.001_256_SAGE_3_64_0.7693_epoch_113.pth
2025-02-10 16:08:46,642:INFO:Epoch 114: Train Loss: 63.2238, Train Node Loss: 0.0724, Train Reg Loss: 0.6315, Train MAPE: 11.8257, Train R: 0.8199, Train RRSE: 0.5774, Test Loss: 101.1730, Test Node Loss: 0.0548, Test Reg Loss: 1.0112, Test MAPE: 11.7159, Test R: 0.7696, Test RRSE: 0.7290
2025-02-10 16:08:46,676:INFO:Checkpoint saved at best_0.001_0.001_256_SAGE_3_64_0.7696_epoch_114.pth
2025-02-10 16:09:23,249:INFO:Epoch 115: Train Loss: 61.5112, Train Node Loss: 0.0748, Train Reg Loss: 0.6144, Train MAPE: 12.0322, Train R: 0.8251, Train RRSE: 0.5695, Test Loss: 126.9548, Test Node Loss: 0.0427, Test Reg Loss: 1.2691, Test MAPE: 12.1281, Test R: 0.7702, Test RRSE: 0.8167
2025-02-10 16:09:23,280:INFO:Checkpoint saved at best_0.001_0.001_256_SAGE_3_64_0.7702_epoch_115.pth
2025-02-10 16:09:59,680:INFO:Epoch 116: Train Loss: 62.2208, Train Node Loss: 0.0620, Train Reg Loss: 0.6216, Train MAPE: 11.9609, Train R: 0.8218, Train RRSE: 0.5728, Test Loss: 148.4145, Test Node Loss: 0.0375, Test Reg Loss: 1.4838, Test MAPE: 12.5029, Test R: 0.7684, Test RRSE: 0.8830
2025-02-10 16:10:35,942:INFO:Epoch 117: Train Loss: 64.3524, Train Node Loss: 0.0664, Train Reg Loss: 0.6429, Train MAPE: 11.9917, Train R: 0.8142, Train RRSE: 0.5826, Test Loss: 123.9930, Test Node Loss: 0.0428, Test Reg Loss: 1.2395, Test MAPE: 12.0957, Test R: 0.7696, Test RRSE: 0.8071
2025-02-10 16:11:11,781:INFO:Epoch 118: Train Loss: 61.8177, Train Node Loss: 0.0643, Train Reg Loss: 0.6175, Train MAPE: 11.8654, Train R: 0.8235, Train RRSE: 0.5710, Test Loss: 158.4876, Test Node Loss: 0.0346, Test Reg Loss: 1.5845, Test MAPE: 12.5753, Test R: 0.7689, Test RRSE: 0.9125
2025-02-10 16:11:48,547:INFO:Epoch 119: Train Loss: 64.4042, Train Node Loss: 0.0564, Train Reg Loss: 0.6435, Train MAPE: 11.8409, Train R: 0.8150, Train RRSE: 0.5828, Test Loss: 145.2475, Test Node Loss: 0.0360, Test Reg Loss: 1.4521, Test MAPE: 12.4582, Test R: 0.7698, Test RRSE: 0.8736
2025-02-10 16:12:24,128:INFO:Epoch 120: Train Loss: 67.4290, Train Node Loss: 0.0628, Train Reg Loss: 0.6737, Train MAPE: 11.8283, Train R: 0.8061, Train RRSE: 0.5964, Test Loss: 110.2768, Test Node Loss: 0.0423, Test Reg Loss: 1.1023, Test MAPE: 11.7805, Test R: 0.7689, Test RRSE: 0.7611
2025-02-10 16:12:59,589:INFO:Epoch 121: Train Loss: 62.1795, Train Node Loss: 0.0631, Train Reg Loss: 0.6212, Train MAPE: 11.8557, Train R: 0.8245, Train RRSE: 0.5726, Test Loss: 157.3210, Test Node Loss: 0.0324, Test Reg Loss: 1.5729, Test MAPE: 12.6272, Test R: 0.7685, Test RRSE: 0.9092
2025-02-10 16:13:35,994:INFO:Epoch 122: Train Loss: 59.3743, Train Node Loss: 0.0497, Train Reg Loss: 0.5932, Train MAPE: 11.9885, Train R: 0.8336, Train RRSE: 0.5596, Test Loss: 182.1499, Test Node Loss: 0.0279, Test Reg Loss: 1.8212, Test MAPE: 12.9932, Test R: 0.7682, Test RRSE: 0.9783
2025-02-10 16:14:12,546:INFO:Epoch 123: Train Loss: 61.7233, Train Node Loss: 0.0543, Train Reg Loss: 0.6167, Train MAPE: 12.1531, Train R: 0.8215, Train RRSE: 0.5706, Test Loss: 131.3983, Test Node Loss: 0.0348, Test Reg Loss: 1.3136, Test MAPE: 12.1021, Test R: 0.7681, Test RRSE: 0.8309
2025-02-10 16:14:48,171:INFO:Epoch 124: Train Loss: 61.6791, Train Node Loss: 0.0568, Train Reg Loss: 0.6162, Train MAPE: 12.0766, Train R: 0.8230, Train RRSE: 0.5704, Test Loss: 123.6563, Test Node Loss: 0.0320, Test Reg Loss: 1.2362, Test MAPE: 12.1457, Test R: 0.7706, Test RRSE: 0.8060
2025-02-10 16:14:48,207:INFO:Checkpoint saved at best_0.001_0.001_256_SAGE_3_64_0.7706_epoch_124.pth
2025-02-10 16:15:23,314:INFO:Epoch 125: Train Loss: 59.4857, Train Node Loss: 0.0501, Train Reg Loss: 0.5944, Train MAPE: 11.8449, Train R: 0.8312, Train RRSE: 0.5602, Test Loss: 153.4478, Test Node Loss: 0.0272, Test Reg Loss: 1.5342, Test MAPE: 12.4495, Test R: 0.7715, Test RRSE: 0.8979
2025-02-10 16:15:23,339:INFO:Checkpoint saved at best_0.001_0.001_256_SAGE_3_64_0.7715_epoch_125.pth
2025-02-10 16:15:57,476:INFO:Epoch 126: Train Loss: 58.2854, Train Node Loss: 0.0482, Train Reg Loss: 0.5824, Train MAPE: 11.8962, Train R: 0.8352, Train RRSE: 0.5545, Test Loss: 180.3074, Test Node Loss: 0.0273, Test Reg Loss: 1.8028, Test MAPE: 12.8666, Test R: 0.7707, Test RRSE: 0.9733
2025-02-10 16:16:31,868:INFO:Epoch 127: Train Loss: 61.7652, Train Node Loss: 0.0514, Train Reg Loss: 0.6171, Train MAPE: 12.0786, Train R: 0.8228, Train RRSE: 0.5708, Test Loss: 169.3285, Test Node Loss: 0.0274, Test Reg Loss: 1.6930, Test MAPE: 12.8604, Test R: 0.7695, Test RRSE: 0.9432
2025-02-10 16:17:05,913:INFO:Epoch 128: Train Loss: 59.2883, Train Node Loss: 0.0450, Train Reg Loss: 0.5924, Train MAPE: 12.0741, Train R: 0.8298, Train RRSE: 0.5592, Test Loss: 163.5078, Test Node Loss: 0.0253, Test Reg Loss: 1.6348, Test MAPE: 12.7857, Test R: 0.7704, Test RRSE: 0.9269
2025-02-10 16:17:39,935:INFO:Epoch 129: Train Loss: 59.2773, Train Node Loss: 0.0468, Train Reg Loss: 0.5923, Train MAPE: 12.1646, Train R: 0.8292, Train RRSE: 0.5592, Test Loss: 153.8647, Test Node Loss: 0.0299, Test Reg Loss: 1.5383, Test MAPE: 12.6302, Test R: 0.7707, Test RRSE: 0.8991
2025-02-10 16:18:14,059:INFO:Epoch 130: Train Loss: 59.3550, Train Node Loss: 0.0492, Train Reg Loss: 0.5931, Train MAPE: 12.1050, Train R: 0.8303, Train RRSE: 0.5595, Test Loss: 200.2222, Test Node Loss: 0.0245, Test Reg Loss: 2.0020, Test MAPE: 13.2786, Test R: 0.7714, Test RRSE: 1.0257
2025-02-10 16:18:48,386:INFO:Epoch 131: Train Loss: 60.5922, Train Node Loss: 0.0400, Train Reg Loss: 0.6055, Train MAPE: 11.8483, Train R: 0.8288, Train RRSE: 0.5654, Test Loss: 257.2455, Test Node Loss: 0.0205, Test Reg Loss: 2.5722, Test MAPE: 14.0887, Test R: 0.7708, Test RRSE: 1.1626
2025-02-10 16:19:22,587:INFO:Epoch 132: Train Loss: 60.6297, Train Node Loss: 0.0410, Train Reg Loss: 0.6059, Train MAPE: 11.9432, Train R: 0.8261, Train RRSE: 0.5656, Test Loss: 210.6578, Test Node Loss: 0.0242, Test Reg Loss: 2.1063, Test MAPE: 13.4017, Test R: 0.7701, Test RRSE: 1.0521
2025-02-10 16:19:56,787:INFO:Epoch 133: Train Loss: 61.9458, Train Node Loss: 0.0479, Train Reg Loss: 0.6190, Train MAPE: 12.2232, Train R: 0.8269, Train RRSE: 0.5716, Test Loss: 152.0891, Test Node Loss: 0.0270, Test Reg Loss: 1.5206, Test MAPE: 12.6208, Test R: 0.7708, Test RRSE: 0.8939
2025-02-10 16:20:29,533:INFO:Epoch 134: Train Loss: 60.1546, Train Node Loss: 0.0396, Train Reg Loss: 0.6011, Train MAPE: 12.0729, Train R: 0.8268, Train RRSE: 0.5633, Test Loss: 208.4730, Test Node Loss: 0.0194, Test Reg Loss: 2.0845, Test MAPE: 13.5516, Test R: 0.7719, Test RRSE: 1.0466
2025-02-10 16:20:29,559:INFO:Checkpoint saved at best_0.001_0.001_256_SAGE_3_64_0.7719_epoch_134.pth
2025-02-10 16:21:03,278:INFO:Epoch 135: Train Loss: 59.4228, Train Node Loss: 0.0345, Train Reg Loss: 0.5939, Train MAPE: 11.9828, Train R: 0.8322, Train RRSE: 0.5599, Test Loss: 167.1549, Test Node Loss: 0.0223, Test Reg Loss: 1.6713, Test MAPE: 12.8542, Test R: 0.7705, Test RRSE: 0.9372
2025-02-10 16:21:37,034:INFO:Epoch 136: Train Loss: 55.7814, Train Node Loss: 0.0399, Train Reg Loss: 0.5574, Train MAPE: 12.0837, Train R: 0.8434, Train RRSE: 0.5425, Test Loss: 149.4043, Test Node Loss: 0.0234, Test Reg Loss: 1.4938, Test MAPE: 12.6573, Test R: 0.7696, Test RRSE: 0.8860
2025-02-10 16:22:10,162:INFO:Epoch 137: Train Loss: 58.4568, Train Node Loss: 0.0374, Train Reg Loss: 0.5842, Train MAPE: 12.1835, Train R: 0.8322, Train RRSE: 0.5553, Test Loss: 187.9209, Test Node Loss: 0.0193, Test Reg Loss: 1.8790, Test MAPE: 13.3010, Test R: 0.7693, Test RRSE: 0.9937
2025-02-10 16:22:43,339:INFO:Epoch 138: Train Loss: 58.0546, Train Node Loss: 0.0328, Train Reg Loss: 0.5802, Train MAPE: 12.0919, Train R: 0.8345, Train RRSE: 0.5535, Test Loss: 180.6191, Test Node Loss: 0.0195, Test Reg Loss: 1.8060, Test MAPE: 13.0105, Test R: 0.7691, Test RRSE: 0.9742
2025-02-10 16:23:16,868:INFO:Epoch 139: Train Loss: 54.5856, Train Node Loss: 0.0349, Train Reg Loss: 0.5455, Train MAPE: 12.1074, Train R: 0.8453, Train RRSE: 0.5366, Test Loss: 172.4311, Test Node Loss: 0.0200, Test Reg Loss: 1.7241, Test MAPE: 12.9642, Test R: 0.7694, Test RRSE: 0.9519
2025-02-10 16:23:49,012:INFO:Epoch 140: Train Loss: 60.0164, Train Node Loss: 0.0334, Train Reg Loss: 0.5998, Train MAPE: 12.0112, Train R: 0.8282, Train RRSE: 0.5627, Test Loss: 184.8370, Test Node Loss: 0.0184, Test Reg Loss: 1.8482, Test MAPE: 13.3199, Test R: 0.7701, Test RRSE: 0.9855
2025-02-10 16:24:22,092:INFO:Epoch 141: Train Loss: 57.5695, Train Node Loss: 0.0316, Train Reg Loss: 0.5754, Train MAPE: 12.2158, Train R: 0.8344, Train RRSE: 0.5511, Test Loss: 169.7905, Test Node Loss: 0.0192, Test Reg Loss: 1.6977, Test MAPE: 13.0253, Test R: 0.7715, Test RRSE: 0.9445
2025-02-10 16:24:55,543:INFO:Epoch 142: Train Loss: 57.4538, Train Node Loss: 0.0332, Train Reg Loss: 0.5742, Train MAPE: 12.1782, Train R: 0.8356, Train RRSE: 0.5506, Test Loss: 133.3798, Test Node Loss: 0.0210, Test Reg Loss: 1.3336, Test MAPE: 12.4033, Test R: 0.7728, Test RRSE: 0.8371
2025-02-10 16:24:55,582:INFO:Checkpoint saved at best_0.001_0.001_256_SAGE_3_64_0.7728_epoch_142.pth
2025-02-10 16:25:28,234:INFO:Epoch 143: Train Loss: 60.5672, Train Node Loss: 0.0306, Train Reg Loss: 0.6054, Train MAPE: 12.0105, Train R: 0.8265, Train RRSE: 0.5653, Test Loss: 162.1404, Test Node Loss: 0.0192, Test Reg Loss: 1.6212, Test MAPE: 12.8969, Test R: 0.7731, Test RRSE: 0.9230
2025-02-10 16:25:28,267:INFO:Checkpoint saved at best_0.001_0.001_256_SAGE_3_64_0.7731_epoch_143.pth
2025-02-10 16:26:00,828:INFO:Epoch 144: Train Loss: 59.0494, Train Node Loss: 0.0312, Train Reg Loss: 0.5902, Train MAPE: 11.9789, Train R: 0.8312, Train RRSE: 0.5582, Test Loss: 150.7715, Test Node Loss: 0.0212, Test Reg Loss: 1.5075, Test MAPE: 12.6708, Test R: 0.7752, Test RRSE: 0.8901
2025-02-10 16:26:00,885:INFO:Checkpoint saved at best_0.001_0.001_256_SAGE_3_64_0.7752_epoch_144.pth
2025-02-10 16:26:34,107:INFO:Epoch 145: Train Loss: 58.9708, Train Node Loss: 0.0335, Train Reg Loss: 0.5894, Train MAPE: 11.9917, Train R: 0.8322, Train RRSE: 0.5578, Test Loss: 195.8355, Test Node Loss: 0.0192, Test Reg Loss: 1.9582, Test MAPE: 13.2667, Test R: 0.7734, Test RRSE: 1.0144
2025-02-10 16:27:08,106:INFO:Epoch 146: Train Loss: 58.1465, Train Node Loss: 0.0318, Train Reg Loss: 0.5811, Train MAPE: 12.0329, Train R: 0.8348, Train RRSE: 0.5539, Test Loss: 211.8143, Test Node Loss: 0.0185, Test Reg Loss: 2.1180, Test MAPE: 13.5478, Test R: 0.7724, Test RRSE: 1.0550
2025-02-10 16:27:42,431:INFO:Epoch 147: Train Loss: 57.9192, Train Node Loss: 0.0320, Train Reg Loss: 0.5789, Train MAPE: 12.2681, Train R: 0.8345, Train RRSE: 0.5528, Test Loss: 201.6376, Test Node Loss: 0.0189, Test Reg Loss: 2.0162, Test MAPE: 13.5597, Test R: 0.7722, Test RRSE: 1.0293
2025-02-10 16:28:16,941:INFO:Epoch 148: Train Loss: 61.9414, Train Node Loss: 0.0281, Train Reg Loss: 0.6191, Train MAPE: 12.0584, Train R: 0.8215, Train RRSE: 0.5717, Test Loss: 230.7570, Test Node Loss: 0.0164, Test Reg Loss: 2.3074, Test MAPE: 13.8643, Test R: 0.7729, Test RRSE: 1.1012
2025-02-10 16:28:50,252:INFO:Epoch 149: Train Loss: 56.6612, Train Node Loss: 0.0285, Train Reg Loss: 0.5663, Train MAPE: 11.9779, Train R: 0.8390, Train RRSE: 0.5468, Test Loss: 156.9342, Test Node Loss: 0.0199, Test Reg Loss: 1.5691, Test MAPE: 12.6543, Test R: 0.7722, Test RRSE: 0.9081
2025-02-10 16:29:23,163:INFO:Epoch 150: Train Loss: 55.7818, Train Node Loss: 0.0323, Train Reg Loss: 0.5575, Train MAPE: 12.1975, Train R: 0.8467, Train RRSE: 0.5425, Test Loss: 152.7858, Test Node Loss: 0.0188, Test Reg Loss: 1.5277, Test MAPE: 12.8070, Test R: 0.7729, Test RRSE: 0.8960
2025-02-10 16:29:57,494:INFO:Epoch 151: Train Loss: 66.9791, Train Node Loss: 0.0249, Train Reg Loss: 0.6695, Train MAPE: 12.2387, Train R: 0.8087, Train RRSE: 0.5945, Test Loss: 213.3786, Test Node Loss: 0.0147, Test Reg Loss: 2.1336, Test MAPE: 13.6649, Test R: 0.7734, Test RRSE: 1.0589
2025-02-10 16:30:32,491:INFO:Epoch 152: Train Loss: 57.9143, Train Node Loss: 0.0252, Train Reg Loss: 0.5789, Train MAPE: 12.0104, Train R: 0.8349, Train RRSE: 0.5528, Test Loss: 160.5361, Test Node Loss: 0.0180, Test Reg Loss: 1.6052, Test MAPE: 12.7755, Test R: 0.7704, Test RRSE: 0.9184
2025-02-10 16:31:06,431:INFO:Epoch 153: Train Loss: 58.2649, Train Node Loss: 0.0291, Train Reg Loss: 0.5824, Train MAPE: 12.1432, Train R: 0.8392, Train RRSE: 0.5545, Test Loss: 131.3969, Test Node Loss: 0.0180, Test Reg Loss: 1.3138, Test MAPE: 12.4536, Test R: 0.7719, Test RRSE: 0.8309
2025-02-10 16:31:39,855:INFO:Epoch 154: Train Loss: 57.1495, Train Node Loss: 0.0254, Train Reg Loss: 0.5712, Train MAPE: 12.1980, Train R: 0.8362, Train RRSE: 0.5492, Test Loss: 184.3399, Test Node Loss: 0.0148, Test Reg Loss: 1.8433, Test MAPE: 13.3564, Test R: 0.7710, Test RRSE: 0.9842
2025-02-10 16:32:15,702:INFO:Epoch 155: Train Loss: 57.0171, Train Node Loss: 0.0225, Train Reg Loss: 0.5699, Train MAPE: 12.0905, Train R: 0.8379, Train RRSE: 0.5485, Test Loss: 200.9597, Test Node Loss: 0.0143, Test Reg Loss: 2.0095, Test MAPE: 13.3467, Test R: 0.7705, Test RRSE: 1.0276
2025-02-10 16:32:51,261:INFO:Epoch 156: Train Loss: 57.4736, Train Node Loss: 0.0240, Train Reg Loss: 0.5745, Train MAPE: 12.0911, Train R: 0.8372, Train RRSE: 0.5507, Test Loss: 199.5549, Test Node Loss: 0.0147, Test Reg Loss: 1.9954, Test MAPE: 13.3692, Test R: 0.7709, Test RRSE: 1.0240
2025-02-10 16:33:25,739:INFO:Epoch 157: Train Loss: 58.0041, Train Node Loss: 0.0234, Train Reg Loss: 0.5798, Train MAPE: 12.1092, Train R: 0.8338, Train RRSE: 0.5533, Test Loss: 157.1516, Test Node Loss: 0.0145, Test Reg Loss: 1.5714, Test MAPE: 12.8536, Test R: 0.7727, Test RRSE: 0.9087
2025-02-10 16:33:59,619:INFO:Epoch 158: Train Loss: 56.5065, Train Node Loss: 0.0208, Train Reg Loss: 0.5649, Train MAPE: 12.0435, Train R: 0.8430, Train RRSE: 0.5461, Test Loss: 158.7146, Test Node Loss: 0.0146, Test Reg Loss: 1.5870, Test MAPE: 12.9243, Test R: 0.7710, Test RRSE: 0.9132
2025-02-10 16:34:32,860:INFO:Epoch 159: Train Loss: 56.8296, Train Node Loss: 0.0230, Train Reg Loss: 0.5681, Train MAPE: 12.1697, Train R: 0.8372, Train RRSE: 0.5476, Test Loss: 152.2790, Test Node Loss: 0.0160, Test Reg Loss: 1.5226, Test MAPE: 12.8936, Test R: 0.7712, Test RRSE: 0.8945
2025-02-10 16:35:05,129:INFO:Epoch 160: Train Loss: 56.2194, Train Node Loss: 0.0241, Train Reg Loss: 0.5620, Train MAPE: 12.3485, Train R: 0.8396, Train RRSE: 0.5447, Test Loss: 165.8376, Test Node Loss: 0.0149, Test Reg Loss: 1.6582, Test MAPE: 12.9938, Test R: 0.7725, Test RRSE: 0.9335
2025-02-10 16:35:36,701:INFO:Epoch 161: Train Loss: 56.1014, Train Node Loss: 0.0220, Train Reg Loss: 0.5608, Train MAPE: 12.1498, Train R: 0.8398, Train RRSE: 0.5441, Test Loss: 166.9435, Test Node Loss: 0.0142, Test Reg Loss: 1.6693, Test MAPE: 12.8668, Test R: 0.7718, Test RRSE: 0.9366
2025-02-10 16:36:08,017:INFO:Epoch 162: Train Loss: 56.1613, Train Node Loss: 0.0214, Train Reg Loss: 0.5614, Train MAPE: 12.1321, Train R: 0.8397, Train RRSE: 0.5444, Test Loss: 185.4080, Test Node Loss: 0.0141, Test Reg Loss: 1.8539, Test MAPE: 13.2676, Test R: 0.7712, Test RRSE: 0.9871
2025-02-10 16:36:39,252:INFO:Epoch 163: Train Loss: 51.1256, Train Node Loss: 0.0224, Train Reg Loss: 0.5110, Train MAPE: 12.2148, Train R: 0.8561, Train RRSE: 0.5194, Test Loss: 168.7559, Test Node Loss: 0.0146, Test Reg Loss: 1.6874, Test MAPE: 12.9148, Test R: 0.7712, Test RRSE: 0.9417
2025-02-10 16:37:11,036:INFO:Epoch 164: Train Loss: 53.8354, Train Node Loss: 0.0223, Train Reg Loss: 0.5381, Train MAPE: 12.1956, Train R: 0.8489, Train RRSE: 0.5330, Test Loss: 188.4286, Test Node Loss: 0.0138, Test Reg Loss: 1.8841, Test MAPE: 13.2512, Test R: 0.7716, Test RRSE: 0.9951
2025-02-10 16:37:41,648:INFO:Epoch 165: Train Loss: 57.1458, Train Node Loss: 0.0200, Train Reg Loss: 0.5713, Train MAPE: 12.0682, Train R: 0.8371, Train RRSE: 0.5492, Test Loss: 207.9811, Test Node Loss: 0.0132, Test Reg Loss: 2.0797, Test MAPE: 13.6263, Test R: 0.7728, Test RRSE: 1.0454
2025-02-10 16:38:12,884:INFO:Epoch 166: Train Loss: 57.5931, Train Node Loss: 0.0206, Train Reg Loss: 0.5757, Train MAPE: 12.3101, Train R: 0.8343, Train RRSE: 0.5513, Test Loss: 211.7641, Test Node Loss: 0.0137, Test Reg Loss: 2.1175, Test MAPE: 13.6865, Test R: 0.7712, Test RRSE: 1.0549
2025-02-10 16:38:43,600:INFO:Epoch 167: Train Loss: 55.7434, Train Node Loss: 0.0209, Train Reg Loss: 0.5572, Train MAPE: 12.1987, Train R: 0.8416, Train RRSE: 0.5424, Test Loss: 185.5668, Test Node Loss: 0.0135, Test Reg Loss: 1.8555, Test MAPE: 13.1549, Test R: 0.7699, Test RRSE: 0.9875
2025-02-10 16:39:14,545:INFO:Epoch 168: Train Loss: 54.0007, Train Node Loss: 0.0194, Train Reg Loss: 0.5398, Train MAPE: 12.1131, Train R: 0.8470, Train RRSE: 0.5338, Test Loss: 183.4591, Test Node Loss: 0.0131, Test Reg Loss: 1.8345, Test MAPE: 13.2133, Test R: 0.7717, Test RRSE: 0.9819
2025-02-10 16:39:45,601:INFO:Epoch 169: Train Loss: 55.7556, Train Node Loss: 0.0197, Train Reg Loss: 0.5574, Train MAPE: 12.0858, Train R: 0.8410, Train RRSE: 0.5424, Test Loss: 183.1000, Test Node Loss: 0.0137, Test Reg Loss: 1.8309, Test MAPE: 13.3056, Test R: 0.7707, Test RRSE: 0.9809
2025-02-10 16:40:17,933:INFO:Epoch 170: Train Loss: 50.7511, Train Node Loss: 0.0204, Train Reg Loss: 0.5073, Train MAPE: 12.3460, Train R: 0.8561, Train RRSE: 0.5175, Test Loss: 186.9574, Test Node Loss: 0.0135, Test Reg Loss: 1.8694, Test MAPE: 13.2804, Test R: 0.7704, Test RRSE: 0.9912
2025-02-10 16:40:48,975:INFO:Epoch 171: Train Loss: 54.2145, Train Node Loss: 0.0199, Train Reg Loss: 0.5419, Train MAPE: 12.1005, Train R: 0.8465, Train RRSE: 0.5349, Test Loss: 187.7811, Test Node Loss: 0.0134, Test Reg Loss: 1.8777, Test MAPE: 13.3280, Test R: 0.7709, Test RRSE: 0.9933
2025-02-10 16:41:20,411:INFO:Epoch 172: Train Loss: 58.5479, Train Node Loss: 0.0192, Train Reg Loss: 0.5853, Train MAPE: 12.1540, Train R: 0.8316, Train RRSE: 0.5559, Test Loss: 210.4206, Test Node Loss: 0.0133, Test Reg Loss: 2.1041, Test MAPE: 13.7822, Test R: 0.7717, Test RRSE: 1.0515
2025-02-10 16:41:52,316:INFO:Epoch 173: Train Loss: 56.5091, Train Node Loss: 0.0197, Train Reg Loss: 0.5649, Train MAPE: 12.3998, Train R: 0.8378, Train RRSE: 0.5461, Test Loss: 194.8161, Test Node Loss: 0.0141, Test Reg Loss: 1.9480, Test MAPE: 13.5466, Test R: 0.7722, Test RRSE: 1.0118
2025-02-10 16:42:22,623:INFO:Epoch 174: Train Loss: 54.1641, Train Node Loss: 0.0194, Train Reg Loss: 0.5414, Train MAPE: 12.2074, Train R: 0.8457, Train RRSE: 0.5346, Test Loss: 178.5740, Test Node Loss: 0.0138, Test Reg Loss: 1.7856, Test MAPE: 13.1634, Test R: 0.7723, Test RRSE: 0.9687
2025-02-10 16:42:52,775:INFO:Epoch 175: Train Loss: 51.5716, Train Node Loss: 0.0198, Train Reg Loss: 0.5155, Train MAPE: 12.0472, Train R: 0.8549, Train RRSE: 0.5217, Test Loss: 165.3132, Test Node Loss: 0.0148, Test Reg Loss: 1.6530, Test MAPE: 13.0939, Test R: 0.7733, Test RRSE: 0.9320
2025-02-10 16:43:23,043:INFO:Epoch 176: Train Loss: 52.3773, Train Node Loss: 0.0205, Train Reg Loss: 0.5236, Train MAPE: 12.2222, Train R: 0.8509, Train RRSE: 0.5257, Test Loss: 196.5773, Test Node Loss: 0.0140, Test Reg Loss: 1.9656, Test MAPE: 13.4629, Test R: 0.7734, Test RRSE: 1.0163
2025-02-10 16:43:53,545:INFO:Epoch 177: Train Loss: 55.9081, Train Node Loss: 0.0202, Train Reg Loss: 0.5589, Train MAPE: 12.1434, Train R: 0.8400, Train RRSE: 0.5432, Test Loss: 180.4531, Test Node Loss: 0.0142, Test Reg Loss: 1.8044, Test MAPE: 13.1859, Test R: 0.7717, Test RRSE: 0.9738
2025-02-10 16:44:24,553:INFO:Epoch 178: Train Loss: 55.4413, Train Node Loss: 0.0201, Train Reg Loss: 0.5542, Train MAPE: 12.1474, Train R: 0.8419, Train RRSE: 0.5409, Test Loss: 182.4762, Test Node Loss: 0.0141, Test Reg Loss: 1.8246, Test MAPE: 13.2156, Test R: 0.7730, Test RRSE: 0.9792
2025-02-10 16:44:55,989:INFO:Epoch 179: Train Loss: 54.9813, Train Node Loss: 0.0200, Train Reg Loss: 0.5496, Train MAPE: 12.2642, Train R: 0.8425, Train RRSE: 0.5387, Test Loss: 198.9478, Test Node Loss: 0.0139, Test Reg Loss: 1.9893, Test MAPE: 13.5397, Test R: 0.7733, Test RRSE: 1.0225
2025-02-10 16:45:27,408:INFO:Epoch 180: Train Loss: 52.5675, Train Node Loss: 0.0204, Train Reg Loss: 0.5255, Train MAPE: 12.3887, Train R: 0.8505, Train RRSE: 0.5267, Test Loss: 229.2956, Test Node Loss: 0.0132, Test Reg Loss: 2.2928, Test MAPE: 13.9951, Test R: 0.7714, Test RRSE: 1.0977
2025-02-10 16:45:58,678:INFO:Epoch 181: Train Loss: 54.1616, Train Node Loss: 0.0193, Train Reg Loss: 0.5414, Train MAPE: 12.1958, Train R: 0.8455, Train RRSE: 0.5346, Test Loss: 191.3261, Test Node Loss: 0.0132, Test Reg Loss: 1.9131, Test MAPE: 13.3227, Test R: 0.7715, Test RRSE: 1.0027
2025-02-10 16:46:29,595:INFO:Epoch 182: Train Loss: 55.3719, Train Node Loss: 0.0190, Train Reg Loss: 0.5535, Train MAPE: 12.0433, Train R: 0.8429, Train RRSE: 0.5406, Test Loss: 182.1180, Test Node Loss: 0.0140, Test Reg Loss: 1.8210, Test MAPE: 13.3628, Test R: 0.7725, Test RRSE: 0.9783
2025-02-10 16:47:00,853:INFO:Epoch 183: Train Loss: 54.9889, Train Node Loss: 0.0202, Train Reg Loss: 0.5497, Train MAPE: 12.4349, Train R: 0.8431, Train RRSE: 0.5387, Test Loss: 188.9340, Test Node Loss: 0.0137, Test Reg Loss: 1.8892, Test MAPE: 13.6503, Test R: 0.7719, Test RRSE: 0.9964
2025-02-10 16:47:32,299:INFO:Epoch 184: Train Loss: 55.1306, Train Node Loss: 0.0189, Train Reg Loss: 0.5511, Train MAPE: 12.2551, Train R: 0.8425, Train RRSE: 0.5394, Test Loss: 192.5985, Test Node Loss: 0.0132, Test Reg Loss: 1.9259, Test MAPE: 13.3190, Test R: 0.7712, Test RRSE: 1.0060
2025-02-10 16:48:04,305:INFO:Epoch 185: Train Loss: 56.1623, Train Node Loss: 0.0198, Train Reg Loss: 0.5614, Train MAPE: 12.0711, Train R: 0.8419, Train RRSE: 0.5444, Test Loss: 203.4958, Test Node Loss: 0.0135, Test Reg Loss: 2.0348, Test MAPE: 13.5405, Test R: 0.7705, Test RRSE: 1.0341
2025-02-10 16:48:35,683:INFO:Epoch 186: Train Loss: 59.3322, Train Node Loss: 0.0198, Train Reg Loss: 0.5931, Train MAPE: 12.2722, Train R: 0.8299, Train RRSE: 0.5596, Test Loss: 232.2298, Test Node Loss: 0.0125, Test Reg Loss: 2.3222, Test MAPE: 14.1350, Test R: 0.7748, Test RRSE: 1.1047
2025-02-10 16:49:06,689:INFO:Epoch 187: Train Loss: 56.5385, Train Node Loss: 0.0179, Train Reg Loss: 0.5652, Train MAPE: 12.2593, Train R: 0.8394, Train RRSE: 0.5462, Test Loss: 205.5313, Test Node Loss: 0.0127, Test Reg Loss: 2.0552, Test MAPE: 13.6761, Test R: 0.7744, Test RRSE: 1.0392
2025-02-10 16:49:38,399:INFO:Epoch 188: Train Loss: 52.8901, Train Node Loss: 0.0181, Train Reg Loss: 0.5287, Train MAPE: 12.1040, Train R: 0.8502, Train RRSE: 0.5283, Test Loss: 228.4127, Test Node Loss: 0.0126, Test Reg Loss: 2.2840, Test MAPE: 13.9192, Test R: 0.7725, Test RRSE: 1.0956
2025-02-10 16:50:09,733:INFO:Epoch 189: Train Loss: 53.1882, Train Node Loss: 0.0184, Train Reg Loss: 0.5317, Train MAPE: 12.2112, Train R: 0.8488, Train RRSE: 0.5298, Test Loss: 322.3875, Test Node Loss: 0.0121, Test Reg Loss: 3.2238, Test MAPE: 15.3746, Test R: 0.7703, Test RRSE: 1.3016
2025-02-10 16:50:41,221:INFO:Epoch 190: Train Loss: 58.0008, Train Node Loss: 0.0184, Train Reg Loss: 0.5798, Train MAPE: 12.2742, Train R: 0.8330, Train RRSE: 0.5533, Test Loss: 198.8216, Test Node Loss: 0.0129, Test Reg Loss: 1.9881, Test MAPE: 13.5382, Test R: 0.7708, Test RRSE: 1.0221
2025-02-10 16:51:12,929:INFO:Epoch 191: Train Loss: 51.9721, Train Node Loss: 0.0177, Train Reg Loss: 0.5195, Train MAPE: 12.0981, Train R: 0.8537, Train RRSE: 0.5237, Test Loss: 200.4335, Test Node Loss: 0.0127, Test Reg Loss: 2.0042, Test MAPE: 13.5250, Test R: 0.7715, Test RRSE: 1.0263
2025-02-10 16:51:44,099:INFO:Epoch 192: Train Loss: 53.1198, Train Node Loss: 0.0182, Train Reg Loss: 0.5310, Train MAPE: 12.1866, Train R: 0.8497, Train RRSE: 0.5295, Test Loss: 255.8368, Test Node Loss: 0.0126, Test Reg Loss: 2.5582, Test MAPE: 14.1242, Test R: 0.7710, Test RRSE: 1.1595
2025-02-10 16:52:15,247:INFO:Epoch 193: Train Loss: 52.3268, Train Node Loss: 0.0179, Train Reg Loss: 0.5231, Train MAPE: 12.5029, Train R: 0.8510, Train RRSE: 0.5255, Test Loss: 284.3959, Test Node Loss: 0.0119, Test Reg Loss: 2.8438, Test MAPE: 14.7583, Test R: 0.7709, Test RRSE: 1.2225
2025-02-10 16:52:46,724:INFO:Epoch 194: Train Loss: 56.6314, Train Node Loss: 0.0171, Train Reg Loss: 0.5661, Train MAPE: 12.1220, Train R: 0.8384, Train RRSE: 0.5467, Test Loss: 224.4938, Test Node Loss: 0.0124, Test Reg Loss: 2.2448, Test MAPE: 13.9074, Test R: 0.7718, Test RRSE: 1.0861
2025-02-10 16:53:18,040:INFO:Epoch 195: Train Loss: 54.6953, Train Node Loss: 0.0175, Train Reg Loss: 0.5468, Train MAPE: 12.2633, Train R: 0.8435, Train RRSE: 0.5373, Test Loss: 236.1880, Test Node Loss: 0.0125, Test Reg Loss: 2.3618, Test MAPE: 14.0492, Test R: 0.7720, Test RRSE: 1.1141
2025-02-10 16:53:48,796:INFO:Epoch 196: Train Loss: 52.1681, Train Node Loss: 0.0172, Train Reg Loss: 0.5215, Train MAPE: 12.1544, Train R: 0.8525, Train RRSE: 0.5247, Test Loss: 276.3121, Test Node Loss: 0.0120, Test Reg Loss: 2.7630, Test MAPE: 14.5429, Test R: 0.7721, Test RRSE: 1.2050
2025-02-10 16:54:20,329:INFO:Epoch 197: Train Loss: 58.8638, Train Node Loss: 0.0185, Train Reg Loss: 0.5885, Train MAPE: 12.2478, Train R: 0.8355, Train RRSE: 0.5574, Test Loss: 260.4960, Test Node Loss: 0.0125, Test Reg Loss: 2.6048, Test MAPE: 14.5363, Test R: 0.7704, Test RRSE: 1.1700
2025-02-10 16:54:50,960:INFO:Epoch 198: Train Loss: 58.7302, Train Node Loss: 0.0166, Train Reg Loss: 0.5871, Train MAPE: 12.3347, Train R: 0.8336, Train RRSE: 0.5567, Test Loss: 270.6467, Test Node Loss: 0.0119, Test Reg Loss: 2.7063, Test MAPE: 14.6062, Test R: 0.7724, Test RRSE: 1.1926
2025-02-10 16:55:22,848:INFO:Epoch 199: Train Loss: 54.5824, Train Node Loss: 0.0171, Train Reg Loss: 0.5457, Train MAPE: 12.1403, Train R: 0.8453, Train RRSE: 0.5367, Test Loss: 175.3787, Test Node Loss: 0.0137, Test Reg Loss: 1.7536, Test MAPE: 12.9238, Test R: 0.7652, Test RRSE: 0.9600
2025-02-10 16:55:54,258:INFO:Epoch 200: Train Loss: 58.3246, Train Node Loss: 0.0192, Train Reg Loss: 0.5831, Train MAPE: 11.9568, Train R: 0.8389, Train RRSE: 0.5548, Test Loss: 178.9397, Test Node Loss: 0.0136, Test Reg Loss: 1.7893, Test MAPE: 13.1689, Test R: 0.7698, Test RRSE: 0.9697
2025-02-10 16:56:25,740:INFO:Epoch 201: Train Loss: 58.9058, Train Node Loss: 0.0189, Train Reg Loss: 0.5889, Train MAPE: 12.3498, Train R: 0.8317, Train RRSE: 0.5576, Test Loss: 209.1954, Test Node Loss: 0.0130, Test Reg Loss: 2.0918, Test MAPE: 14.0422, Test R: 0.7682, Test RRSE: 1.0485
2025-02-10 16:56:56,855:INFO:Epoch 202: Train Loss: 61.0048, Train Node Loss: 0.0162, Train Reg Loss: 0.6099, Train MAPE: 12.3819, Train R: 0.8310, Train RRSE: 0.5674, Test Loss: 209.0777, Test Node Loss: 0.0123, Test Reg Loss: 2.0907, Test MAPE: 13.6513, Test R: 0.7716, Test RRSE: 1.0482
2025-02-10 16:57:27,937:INFO:Epoch 203: Train Loss: 55.2863, Train Node Loss: 0.0171, Train Reg Loss: 0.5527, Train MAPE: 12.0899, Train R: 0.8428, Train RRSE: 0.5402, Test Loss: 123.9053, Test Node Loss: 0.0148, Test Reg Loss: 1.2389, Test MAPE: 12.2890, Test R: 0.7648, Test RRSE: 0.8069
2025-02-10 16:57:58,560:INFO:Epoch 204: Train Loss: 55.7188, Train Node Loss: 0.0189, Train Reg Loss: 0.5570, Train MAPE: 12.1038, Train R: 0.8478, Train RRSE: 0.5423, Test Loss: 212.9271, Test Node Loss: 0.0126, Test Reg Loss: 2.1291, Test MAPE: 13.6717, Test R: 0.7730, Test RRSE: 1.0578
2025-02-10 16:58:29,826:INFO:Epoch 205: Train Loss: 53.6247, Train Node Loss: 0.0162, Train Reg Loss: 0.5361, Train MAPE: 12.3320, Train R: 0.8478, Train RRSE: 0.5320, Test Loss: 238.2505, Test Node Loss: 0.0119, Test Reg Loss: 2.3824, Test MAPE: 14.3483, Test R: 0.7724, Test RRSE: 1.1189
2025-02-10 16:59:01,646:INFO:Epoch 206: Train Loss: 51.7234, Train Node Loss: 0.0164, Train Reg Loss: 0.5171, Train MAPE: 12.3510, Train R: 0.8527, Train RRSE: 0.5225, Test Loss: 161.0628, Test Node Loss: 0.0126, Test Reg Loss: 1.6105, Test MAPE: 13.1419, Test R: 0.7726, Test RRSE: 0.9200
2025-02-10 16:59:31,894:INFO:Epoch 207: Train Loss: 51.8224, Train Node Loss: 0.0164, Train Reg Loss: 0.5181, Train MAPE: 12.1289, Train R: 0.8559, Train RRSE: 0.5230, Test Loss: 188.0113, Test Node Loss: 0.0120, Test Reg Loss: 1.8800, Test MAPE: 13.3175, Test R: 0.7736, Test RRSE: 0.9940
2025-02-10 17:00:01,812:INFO:Epoch 208: Train Loss: 51.9080, Train Node Loss: 0.0152, Train Reg Loss: 0.5189, Train MAPE: 12.2023, Train R: 0.8533, Train RRSE: 0.5234, Test Loss: 267.4167, Test Node Loss: 0.0113, Test Reg Loss: 2.6741, Test MAPE: 14.5624, Test R: 0.7757, Test RRSE: 1.1854
2025-02-10 17:00:01,911:INFO:Checkpoint saved at best_0.001_0.001_256_SAGE_3_64_0.7757_epoch_208.pth
2025-02-10 17:00:31,993:INFO:Epoch 209: Train Loss: 56.2283, Train Node Loss: 0.0152, Train Reg Loss: 0.5621, Train MAPE: 12.2924, Train R: 0.8387, Train RRSE: 0.5448, Test Loss: 207.3204, Test Node Loss: 0.0119, Test Reg Loss: 2.0731, Test MAPE: 13.6140, Test R: 0.7719, Test RRSE: 1.0438
2025-02-10 17:01:02,340:INFO:Epoch 210: Train Loss: 56.5198, Train Node Loss: 0.0153, Train Reg Loss: 0.5650, Train MAPE: 12.2203, Train R: 0.8389, Train RRSE: 0.5462, Test Loss: 239.4041, Test Node Loss: 0.0113, Test Reg Loss: 2.3939, Test MAPE: 14.1712, Test R: 0.7703, Test RRSE: 1.1216
2025-02-10 17:01:32,776:INFO:Epoch 211: Train Loss: 51.0166, Train Node Loss: 0.0144, Train Reg Loss: 0.5100, Train MAPE: 12.1696, Train R: 0.8567, Train RRSE: 0.5189, Test Loss: 226.3073, Test Node Loss: 0.0114, Test Reg Loss: 2.2630, Test MAPE: 14.0005, Test R: 0.7710, Test RRSE: 1.0905
2025-02-10 17:02:03,201:INFO:Epoch 212: Train Loss: 49.6397, Train Node Loss: 0.0150, Train Reg Loss: 0.4962, Train MAPE: 12.2912, Train R: 0.8603, Train RRSE: 0.5118, Test Loss: 222.8751, Test Node Loss: 0.0116, Test Reg Loss: 2.2286, Test MAPE: 13.9063, Test R: 0.7720, Test RRSE: 1.0822
2025-02-10 17:02:33,300:INFO:Epoch 213: Train Loss: 55.8683, Train Node Loss: 0.0147, Train Reg Loss: 0.5585, Train MAPE: 12.3398, Train R: 0.8401, Train RRSE: 0.5430, Test Loss: 233.6004, Test Node Loss: 0.0112, Test Reg Loss: 2.3359, Test MAPE: 14.1741, Test R: 0.7726, Test RRSE: 1.1079
2025-02-10 17:03:03,903:INFO:Epoch 214: Train Loss: 51.3722, Train Node Loss: 0.0140, Train Reg Loss: 0.5136, Train MAPE: 12.2282, Train R: 0.8549, Train RRSE: 0.5207, Test Loss: 223.1807, Test Node Loss: 0.0111, Test Reg Loss: 2.2317, Test MAPE: 14.1319, Test R: 0.7744, Test RRSE: 1.0830
2025-02-10 17:03:34,379:INFO:Epoch 215: Train Loss: 49.1769, Train Node Loss: 0.0143, Train Reg Loss: 0.4916, Train MAPE: 12.2574, Train R: 0.8609, Train RRSE: 0.5094, Test Loss: 183.6836, Test Node Loss: 0.0116, Test Reg Loss: 1.8367, Test MAPE: 13.3400, Test R: 0.7725, Test RRSE: 0.9825
2025-02-10 17:04:04,272:INFO:Epoch 216: Train Loss: 50.7663, Train Node Loss: 0.0148, Train Reg Loss: 0.5075, Train MAPE: 12.2077, Train R: 0.8601, Train RRSE: 0.5176, Test Loss: 248.0372, Test Node Loss: 0.0112, Test Reg Loss: 2.4803, Test MAPE: 14.2441, Test R: 0.7721, Test RRSE: 1.1417
2025-02-10 17:04:33,721:INFO:Epoch 217: Train Loss: 53.1114, Train Node Loss: 0.0140, Train Reg Loss: 0.5310, Train MAPE: 12.3562, Train R: 0.8486, Train RRSE: 0.5294, Test Loss: 300.9979, Test Node Loss: 0.0108, Test Reg Loss: 3.0099, Test MAPE: 15.1107, Test R: 0.7710, Test RRSE: 1.2577
2025-02-10 17:05:03,093:INFO:Epoch 218: Train Loss: 50.8436, Train Node Loss: 0.0138, Train Reg Loss: 0.5083, Train MAPE: 12.1773, Train R: 0.8568, Train RRSE: 0.5180, Test Loss: 293.5273, Test Node Loss: 0.0109, Test Reg Loss: 2.9352, Test MAPE: 14.8871, Test R: 0.7700, Test RRSE: 1.2420
2025-02-10 17:05:32,535:INFO:Epoch 219: Train Loss: 55.2385, Train Node Loss: 0.0145, Train Reg Loss: 0.5522, Train MAPE: 12.3302, Train R: 0.8453, Train RRSE: 0.5399, Test Loss: 214.6414, Test Node Loss: 0.0113, Test Reg Loss: 2.1463, Test MAPE: 14.0421, Test R: 0.7683, Test RRSE: 1.0620
2025-02-10 17:06:01,351:INFO:Epoch 220: Train Loss: 50.3900, Train Node Loss: 0.0140, Train Reg Loss: 0.5038, Train MAPE: 12.2792, Train R: 0.8573, Train RRSE: 0.5157, Test Loss: 207.9440, Test Node Loss: 0.0112, Test Reg Loss: 2.0793, Test MAPE: 13.8659, Test R: 0.7725, Test RRSE: 1.0453
2025-02-10 17:06:30,296:INFO:Epoch 221: Train Loss: 64.8455, Train Node Loss: 0.0143, Train Reg Loss: 0.6483, Train MAPE: 12.0141, Train R: 0.8123, Train RRSE: 0.5850, Test Loss: 235.6174, Test Node Loss: 0.0116, Test Reg Loss: 2.3561, Test MAPE: 13.9579, Test R: 0.7722, Test RRSE: 1.1127
2025-02-10 17:06:59,551:INFO:Epoch 222: Train Loss: 52.7485, Train Node Loss: 0.0149, Train Reg Loss: 0.5273, Train MAPE: 12.1694, Train R: 0.8503, Train RRSE: 0.5276, Test Loss: 228.8557, Test Node Loss: 0.0118, Test Reg Loss: 2.2884, Test MAPE: 14.1582, Test R: 0.7741, Test RRSE: 1.0966
2025-02-10 17:07:29,815:INFO:Epoch 223: Train Loss: 49.1922, Train Node Loss: 0.0153, Train Reg Loss: 0.4918, Train MAPE: 12.4615, Train R: 0.8605, Train RRSE: 0.5095, Test Loss: 210.1852, Test Node Loss: 0.0121, Test Reg Loss: 2.1017, Test MAPE: 13.8910, Test R: 0.7754, Test RRSE: 1.0509
2025-02-10 17:08:00,523:INFO:Epoch 224: Train Loss: 53.8356, Train Node Loss: 0.0155, Train Reg Loss: 0.5382, Train MAPE: 12.1094, Train R: 0.8484, Train RRSE: 0.5330, Test Loss: 197.0771, Test Node Loss: 0.0122, Test Reg Loss: 1.9706, Test MAPE: 13.5722, Test R: 0.7738, Test RRSE: 1.0176
2025-02-10 17:08:30,831:INFO:Epoch 225: Train Loss: 52.1549, Train Node Loss: 0.0147, Train Reg Loss: 0.5214, Train MAPE: 12.3083, Train R: 0.8519, Train RRSE: 0.5247, Test Loss: 352.8147, Test Node Loss: 0.0110, Test Reg Loss: 3.5280, Test MAPE: 15.8599, Test R: 0.7758, Test RRSE: 1.3616
2025-02-10 17:08:30,867:INFO:Checkpoint saved at best_0.001_0.001_256_SAGE_3_64_0.7758_epoch_225.pth
2025-02-10 17:09:01,469:INFO:Epoch 226: Train Loss: 49.3372, Train Node Loss: 0.0146, Train Reg Loss: 0.4932, Train MAPE: 12.1887, Train R: 0.8611, Train RRSE: 0.5103, Test Loss: 277.2370, Test Node Loss: 0.0117, Test Reg Loss: 2.7723, Test MAPE: 14.7300, Test R: 0.7727, Test RRSE: 1.2070
2025-02-10 17:09:32,517:INFO:Epoch 227: Train Loss: 53.6116, Train Node Loss: 0.0152, Train Reg Loss: 0.5360, Train MAPE: 12.3530, Train R: 0.8485, Train RRSE: 0.5319, Test Loss: 281.9544, Test Node Loss: 0.0114, Test Reg Loss: 2.8194, Test MAPE: 14.7698, Test R: 0.7713, Test RRSE: 1.2172
2025-02-10 17:10:04,611:INFO:Epoch 228: Train Loss: 56.9364, Train Node Loss: 0.0141, Train Reg Loss: 0.5692, Train MAPE: 12.1275, Train R: 0.8387, Train RRSE: 0.5482, Test Loss: 221.7400, Test Node Loss: 0.0113, Test Reg Loss: 2.2173, Test MAPE: 13.9564, Test R: 0.7702, Test RRSE: 1.0794
2025-02-10 17:10:37,635:INFO:Epoch 229: Train Loss: 52.7470, Train Node Loss: 0.0150, Train Reg Loss: 0.5273, Train MAPE: 12.3873, Train R: 0.8499, Train RRSE: 0.5276, Test Loss: 167.8924, Test Node Loss: 0.0122, Test Reg Loss: 1.6788, Test MAPE: 13.3886, Test R: 0.7683, Test RRSE: 0.9393
2025-02-10 17:11:09,912:INFO:Epoch 230: Train Loss: 53.7073, Train Node Loss: 0.0148, Train Reg Loss: 0.5369, Train MAPE: 12.4653, Train R: 0.8468, Train RRSE: 0.5324, Test Loss: 348.7872, Test Node Loss: 0.0108, Test Reg Loss: 3.4878, Test MAPE: 15.8534, Test R: 0.7695, Test RRSE: 1.3538
2025-02-10 17:11:42,497:INFO:Epoch 231: Train Loss: 52.0497, Train Node Loss: 0.0139, Train Reg Loss: 0.5204, Train MAPE: 12.2387, Train R: 0.8523, Train RRSE: 0.5241, Test Loss: 235.1382, Test Node Loss: 0.0113, Test Reg Loss: 2.3513, Test MAPE: 13.8462, Test R: 0.7641, Test RRSE: 1.1116
2025-02-10 17:12:15,404:INFO:Epoch 232: Train Loss: 56.7797, Train Node Loss: 0.0138, Train Reg Loss: 0.5677, Train MAPE: 12.0980, Train R: 0.8380, Train RRSE: 0.5474, Test Loss: 175.9342, Test Node Loss: 0.0114, Test Reg Loss: 1.7592, Test MAPE: 13.2881, Test R: 0.7713, Test RRSE: 0.9615
2025-02-10 17:12:49,699:INFO:Epoch 233: Train Loss: 51.4853, Train Node Loss: 0.0141, Train Reg Loss: 0.5147, Train MAPE: 12.4318, Train R: 0.8537, Train RRSE: 0.5213, Test Loss: 204.8042, Test Node Loss: 0.0114, Test Reg Loss: 2.0479, Test MAPE: 13.6635, Test R: 0.7709, Test RRSE: 1.0374
2025-02-10 17:13:23,229:INFO:Epoch 234: Train Loss: 50.5034, Train Node Loss: 0.0138, Train Reg Loss: 0.5049, Train MAPE: 12.2033, Train R: 0.8575, Train RRSE: 0.5163, Test Loss: 239.7830, Test Node Loss: 0.0112, Test Reg Loss: 2.3977, Test MAPE: 14.2124, Test R: 0.7710, Test RRSE: 1.1225
2025-02-10 17:13:55,374:INFO:Epoch 235: Train Loss: 53.2868, Train Node Loss: 0.0142, Train Reg Loss: 0.5327, Train MAPE: 12.3097, Train R: 0.8488, Train RRSE: 0.5303, Test Loss: 155.0078, Test Node Loss: 0.0118, Test Reg Loss: 1.5500, Test MAPE: 12.9533, Test R: 0.7688, Test RRSE: 0.9025
2025-02-10 17:14:28,223:INFO:Epoch 236: Train Loss: 54.1960, Train Node Loss: 0.0138, Train Reg Loss: 0.5418, Train MAPE: 12.2272, Train R: 0.8452, Train RRSE: 0.5348, Test Loss: 195.5765, Test Node Loss: 0.0111, Test Reg Loss: 1.9557, Test MAPE: 13.5459, Test R: 0.7729, Test RRSE: 1.0138
2025-02-10 17:15:01,104:INFO:Epoch 237: Train Loss: 52.4892, Train Node Loss: 0.0133, Train Reg Loss: 0.5248, Train MAPE: 12.2654, Train R: 0.8537, Train RRSE: 0.5263, Test Loss: 228.7649, Test Node Loss: 0.0113, Test Reg Loss: 2.2875, Test MAPE: 14.2677, Test R: 0.7720, Test RRSE: 1.0964
2025-02-10 17:15:33,813:INFO:Epoch 238: Train Loss: 51.7604, Train Node Loss: 0.0144, Train Reg Loss: 0.5175, Train MAPE: 12.3077, Train R: 0.8538, Train RRSE: 0.5227, Test Loss: 248.1487, Test Node Loss: 0.0119, Test Reg Loss: 2.4814, Test MAPE: 14.3391, Test R: 0.7727, Test RRSE: 1.1419
2025-02-10 17:16:06,158:INFO:Epoch 239: Train Loss: 50.8657, Train Node Loss: 0.0148, Train Reg Loss: 0.5085, Train MAPE: 12.3412, Train R: 0.8575, Train RRSE: 0.5181, Test Loss: 361.5664, Test Node Loss: 0.0112, Test Reg Loss: 3.6156, Test MAPE: 15.8238, Test R: 0.7736, Test RRSE: 1.3784
2025-02-10 17:16:38,169:INFO:Epoch 240: Train Loss: 46.0152, Train Node Loss: 0.0140, Train Reg Loss: 0.4600, Train MAPE: 12.0510, Train R: 0.8745, Train RRSE: 0.4928, Test Loss: 321.5283, Test Node Loss: 0.0113, Test Reg Loss: 3.2152, Test MAPE: 15.3279, Test R: 0.7746, Test RRSE: 1.2999
2025-02-10 17:17:11,189:INFO:Epoch 241: Train Loss: 48.2741, Train Node Loss: 0.0143, Train Reg Loss: 0.4826, Train MAPE: 12.2069, Train R: 0.8642, Train RRSE: 0.5048, Test Loss: 245.4245, Test Node Loss: 0.0117, Test Reg Loss: 2.4541, Test MAPE: 14.2137, Test R: 0.7752, Test RRSE: 1.1356
2025-02-10 17:17:44,389:INFO:Epoch 242: Train Loss: 47.9070, Train Node Loss: 0.0151, Train Reg Loss: 0.4789, Train MAPE: 12.4091, Train R: 0.8658, Train RRSE: 0.5028, Test Loss: 364.4137, Test Node Loss: 0.0112, Test Reg Loss: 3.6440, Test MAPE: 16.1693, Test R: 0.7746, Test RRSE: 1.3838
2025-02-10 17:18:18,244:INFO:Epoch 243: Train Loss: 48.0049, Train Node Loss: 0.0143, Train Reg Loss: 0.4799, Train MAPE: 12.3588, Train R: 0.8642, Train RRSE: 0.5033, Test Loss: 350.7376, Test Node Loss: 0.0112, Test Reg Loss: 3.5073, Test MAPE: 15.8375, Test R: 0.7717, Test RRSE: 1.3576
2025-02-10 17:18:52,945:INFO:Epoch 244: Train Loss: 48.5106, Train Node Loss: 0.0141, Train Reg Loss: 0.4850, Train MAPE: 12.3008, Train R: 0.8629, Train RRSE: 0.5060, Test Loss: 304.0744, Test Node Loss: 0.0113, Test Reg Loss: 3.0406, Test MAPE: 15.1670, Test R: 0.7687, Test RRSE: 1.2641
2025-02-10 17:19:27,714:INFO:Epoch 245: Train Loss: 47.5419, Train Node Loss: 0.0140, Train Reg Loss: 0.4753, Train MAPE: 12.3219, Train R: 0.8659, Train RRSE: 0.5009, Test Loss: 291.9789, Test Node Loss: 0.0112, Test Reg Loss: 2.9197, Test MAPE: 14.9278, Test R: 0.7680, Test RRSE: 1.2387
2025-02-10 17:20:02,888:INFO:Epoch 246: Train Loss: 51.4027, Train Node Loss: 0.0141, Train Reg Loss: 0.5139, Train MAPE: 12.3105, Train R: 0.8539, Train RRSE: 0.5209, Test Loss: 349.7975, Test Node Loss: 0.0111, Test Reg Loss: 3.4979, Test MAPE: 15.8951, Test R: 0.7697, Test RRSE: 1.3558
2025-02-10 17:20:37,083:INFO:Epoch 247: Train Loss: 48.8666, Train Node Loss: 0.0139, Train Reg Loss: 0.4885, Train MAPE: 12.4579, Train R: 0.8615, Train RRSE: 0.5078, Test Loss: 369.5515, Test Node Loss: 0.0111, Test Reg Loss: 3.6954, Test MAPE: 16.1992, Test R: 0.7668, Test RRSE: 1.3935
2025-02-10 17:21:11,850:INFO:Epoch 248: Train Loss: 51.1306, Train Node Loss: 0.0139, Train Reg Loss: 0.5112, Train MAPE: 12.2510, Train R: 0.8548, Train RRSE: 0.5195, Test Loss: 276.4432, Test Node Loss: 0.0115, Test Reg Loss: 2.7643, Test MAPE: 14.7205, Test R: 0.7679, Test RRSE: 1.2053
2025-02-10 17:21:45,859:INFO:Epoch 249: Train Loss: 49.5054, Train Node Loss: 0.0142, Train Reg Loss: 0.4949, Train MAPE: 12.3781, Train R: 0.8596, Train RRSE: 0.5112, Test Loss: 288.4560, Test Node Loss: 0.0116, Test Reg Loss: 2.8844, Test MAPE: 14.9637, Test R: 0.7724, Test RRSE: 1.2312
2025-02-10 17:22:20,273:INFO:Epoch 250: Train Loss: 55.0085, Train Node Loss: 0.0145, Train Reg Loss: 0.5499, Train MAPE: 12.3131, Train R: 0.8427, Train RRSE: 0.5388, Test Loss: 316.8916, Test Node Loss: 0.0114, Test Reg Loss: 3.1688, Test MAPE: 15.4713, Test R: 0.7705, Test RRSE: 1.2904
2025-02-10 17:22:54,638:INFO:Epoch 251: Train Loss: 50.6878, Train Node Loss: 0.0141, Train Reg Loss: 0.5067, Train MAPE: 12.2047, Train R: 0.8565, Train RRSE: 0.5172, Test Loss: 253.5727, Test Node Loss: 0.0113, Test Reg Loss: 2.5356, Test MAPE: 14.4848, Test R: 0.7652, Test RRSE: 1.1543
2025-02-10 17:23:29,423:INFO:Epoch 252: Train Loss: 50.0529, Train Node Loss: 0.0136, Train Reg Loss: 0.5004, Train MAPE: 12.1451, Train R: 0.8603, Train RRSE: 0.5140, Test Loss: 191.6729, Test Node Loss: 0.0115, Test Reg Loss: 1.9166, Test MAPE: 13.7354, Test R: 0.7655, Test RRSE: 1.0036
2025-02-10 17:24:04,092:INFO:Epoch 253: Train Loss: 48.7849, Train Node Loss: 0.0144, Train Reg Loss: 0.4877, Train MAPE: 12.4871, Train R: 0.8625, Train RRSE: 0.5074, Test Loss: 160.0369, Test Node Loss: 0.0120, Test Reg Loss: 1.6002, Test MAPE: 13.2137, Test R: 0.7677, Test RRSE: 0.9170
2025-02-10 17:24:38,831:INFO:Epoch 254: Train Loss: 47.1332, Train Node Loss: 0.0143, Train Reg Loss: 0.4712, Train MAPE: 12.2391, Train R: 0.8672, Train RRSE: 0.4987, Test Loss: 249.7183, Test Node Loss: 0.0114, Test Reg Loss: 2.4971, Test MAPE: 14.2745, Test R: 0.7739, Test RRSE: 1.1455
2025-02-10 17:25:13,516:INFO:Epoch 255: Train Loss: 49.5325, Train Node Loss: 0.0138, Train Reg Loss: 0.4952, Train MAPE: 12.1922, Train R: 0.8610, Train RRSE: 0.5113, Test Loss: 331.1476, Test Node Loss: 0.0113, Test Reg Loss: 3.3114, Test MAPE: 15.6412, Test R: 0.7720, Test RRSE: 1.3192
2025-02-10 17:25:47,596:INFO:Epoch 256: Train Loss: 49.5108, Train Node Loss: 0.0140, Train Reg Loss: 0.4950, Train MAPE: 12.3212, Train R: 0.8596, Train RRSE: 0.5112, Test Loss: 336.9246, Test Node Loss: 0.0112, Test Reg Loss: 3.3691, Test MAPE: 15.7804, Test R: 0.7704, Test RRSE: 1.3306
2025-02-10 17:26:21,938:INFO:Epoch 257: Train Loss: 50.5553, Train Node Loss: 0.0141, Train Reg Loss: 0.5054, Train MAPE: 12.3344, Train R: 0.8563, Train RRSE: 0.5165, Test Loss: 279.7352, Test Node Loss: 0.0117, Test Reg Loss: 2.7972, Test MAPE: 14.8262, Test R: 0.7699, Test RRSE: 1.2124
2025-02-10 17:26:55,985:INFO:Epoch 258: Train Loss: 48.5625, Train Node Loss: 0.0143, Train Reg Loss: 0.4855, Train MAPE: 12.2383, Train R: 0.8633, Train RRSE: 0.5063, Test Loss: 338.4628, Test Node Loss: 0.0114, Test Reg Loss: 3.3845, Test MAPE: 15.7182, Test R: 0.7689, Test RRSE: 1.3336
2025-02-10 17:27:30,035:INFO:Epoch 259: Train Loss: 55.0730, Train Node Loss: 0.0137, Train Reg Loss: 0.5506, Train MAPE: 12.2298, Train R: 0.8440, Train RRSE: 0.5391, Test Loss: 313.7565, Test Node Loss: 0.0118, Test Reg Loss: 3.1374, Test MAPE: 15.4778, Test R: 0.7677, Test RRSE: 1.2840
2025-02-10 17:28:04,132:INFO:Epoch 260: Train Loss: 50.8208, Train Node Loss: 0.0151, Train Reg Loss: 0.5081, Train MAPE: 12.4005, Train R: 0.8615, Train RRSE: 0.5179, Test Loss: 186.5861, Test Node Loss: 0.0121, Test Reg Loss: 1.8657, Test MAPE: 13.4083, Test R: 0.7637, Test RRSE: 0.9902
2025-02-10 17:28:38,614:INFO:Epoch 261: Train Loss: 50.2755, Train Node Loss: 0.0137, Train Reg Loss: 0.5026, Train MAPE: 12.3046, Train R: 0.8575, Train RRSE: 0.5151, Test Loss: 359.3042, Test Node Loss: 0.0109, Test Reg Loss: 3.5929, Test MAPE: 15.9526, Test R: 0.7665, Test RRSE: 1.3741
2025-02-10 17:29:13,348:INFO:Epoch 262: Train Loss: 57.5098, Train Node Loss: 0.0136, Train Reg Loss: 0.5750, Train MAPE: 12.2569, Train R: 0.8347, Train RRSE: 0.5509, Test Loss: 420.5229, Test Node Loss: 0.0112, Test Reg Loss: 4.2051, Test MAPE: 16.7816, Test R: 0.7650, Test RRSE: 1.4866
2025-02-10 17:29:48,080:INFO:Epoch 263: Train Loss: 52.8919, Train Node Loss: 0.0141, Train Reg Loss: 0.5288, Train MAPE: 12.3958, Train R: 0.8507, Train RRSE: 0.5283, Test Loss: 330.8360, Test Node Loss: 0.0115, Test Reg Loss: 3.3082, Test MAPE: 15.6357, Test R: 0.7661, Test RRSE: 1.3185
2025-02-10 17:30:22,209:INFO:Epoch 264: Train Loss: 54.2397, Train Node Loss: 0.0136, Train Reg Loss: 0.5423, Train MAPE: 12.3943, Train R: 0.8506, Train RRSE: 0.5350, Test Loss: 227.0648, Test Node Loss: 0.0117, Test Reg Loss: 2.2705, Test MAPE: 14.2246, Test R: 0.7708, Test RRSE: 1.0923
2025-02-10 17:30:55,690:INFO:Epoch 265: Train Loss: 49.5503, Train Node Loss: 0.0145, Train Reg Loss: 0.4954, Train MAPE: 12.2614, Train R: 0.8597, Train RRSE: 0.5114, Test Loss: 139.8309, Test Node Loss: 0.0128, Test Reg Loss: 1.3982, Test MAPE: 12.9420, Test R: 0.7711, Test RRSE: 0.8572
2025-02-10 17:31:28,962:INFO:Epoch 266: Train Loss: 53.3900, Train Node Loss: 0.0149, Train Reg Loss: 0.5338, Train MAPE: 12.3417, Train R: 0.8498, Train RRSE: 0.5308, Test Loss: 251.2578, Test Node Loss: 0.0119, Test Reg Loss: 2.5125, Test MAPE: 14.5036, Test R: 0.7705, Test RRSE: 1.1491
2025-02-10 17:32:03,435:INFO:Epoch 267: Train Loss: 45.2561, Train Node Loss: 0.0144, Train Reg Loss: 0.4524, Train MAPE: 12.3039, Train R: 0.8737, Train RRSE: 0.4887, Test Loss: 237.7436, Test Node Loss: 0.0118, Test Reg Loss: 2.3773, Test MAPE: 14.4361, Test R: 0.7708, Test RRSE: 1.1177
2025-02-10 17:32:37,921:INFO:Epoch 268: Train Loss: 51.4625, Train Node Loss: 0.0143, Train Reg Loss: 0.5145, Train MAPE: 12.2157, Train R: 0.8546, Train RRSE: 0.5212, Test Loss: 228.5487, Test Node Loss: 0.0116, Test Reg Loss: 2.2854, Test MAPE: 14.3323, Test R: 0.7701, Test RRSE: 1.0959
2025-02-10 17:33:12,833:INFO:Epoch 269: Train Loss: 48.7932, Train Node Loss: 0.0134, Train Reg Loss: 0.4878, Train MAPE: 12.3268, Train R: 0.8649, Train RRSE: 0.5075, Test Loss: 248.7556, Test Node Loss: 0.0113, Test Reg Loss: 2.4874, Test MAPE: 14.4570, Test R: 0.7698, Test RRSE: 1.1433
2025-02-10 17:33:46,761:INFO:Epoch 270: Train Loss: 47.9459, Train Node Loss: 0.0137, Train Reg Loss: 0.4793, Train MAPE: 12.1534, Train R: 0.8656, Train RRSE: 0.5030, Test Loss: 204.4607, Test Node Loss: 0.0116, Test Reg Loss: 2.0445, Test MAPE: 13.8538, Test R: 0.7651, Test RRSE: 1.0365
2025-02-10 17:34:20,936:INFO:Epoch 271: Train Loss: 50.2297, Train Node Loss: 0.0140, Train Reg Loss: 0.5022, Train MAPE: 12.4369, Train R: 0.8610, Train RRSE: 0.5149, Test Loss: 310.3116, Test Node Loss: 0.0111, Test Reg Loss: 3.1030, Test MAPE: 15.4728, Test R: 0.7673, Test RRSE: 1.2770
2025-02-10 17:34:56,210:INFO:Epoch 272: Train Loss: 46.8080, Train Node Loss: 0.0134, Train Reg Loss: 0.4679, Train MAPE: 12.5003, Train R: 0.8678, Train RRSE: 0.4970, Test Loss: 252.3591, Test Node Loss: 0.0112, Test Reg Loss: 2.5235, Test MAPE: 14.5035, Test R: 0.7683, Test RRSE: 1.1516
2025-02-10 17:35:30,699:INFO:Epoch 273: Train Loss: 48.8054, Train Node Loss: 0.0132, Train Reg Loss: 0.4879, Train MAPE: 12.1790, Train R: 0.8638, Train RRSE: 0.5075, Test Loss: 272.3727, Test Node Loss: 0.0111, Test Reg Loss: 2.7236, Test MAPE: 14.8859, Test R: 0.7692, Test RRSE: 1.1964
2025-02-10 17:36:05,564:INFO:Epoch 274: Train Loss: 50.2459, Train Node Loss: 0.0135, Train Reg Loss: 0.5023, Train MAPE: 12.4455, Train R: 0.8579, Train RRSE: 0.5150, Test Loss: 254.8427, Test Node Loss: 0.0114, Test Reg Loss: 2.5483, Test MAPE: 14.6451, Test R: 0.7678, Test RRSE: 1.1572
2025-02-10 17:36:40,671:INFO:Epoch 275: Train Loss: 47.4179, Train Node Loss: 0.0135, Train Reg Loss: 0.4740, Train MAPE: 12.4726, Train R: 0.8661, Train RRSE: 0.5003, Test Loss: 410.1670, Test Node Loss: 0.0110, Test Reg Loss: 4.1016, Test MAPE: 16.8613, Test R: 0.7686, Test RRSE: 1.4681
2025-02-10 17:37:15,797:INFO:Epoch 276: Train Loss: 48.8262, Train Node Loss: 0.0131, Train Reg Loss: 0.4881, Train MAPE: 12.3798, Train R: 0.8625, Train RRSE: 0.5076, Test Loss: 213.7589, Test Node Loss: 0.0114, Test Reg Loss: 2.1375, Test MAPE: 13.9080, Test R: 0.7655, Test RRSE: 1.0598
2025-02-10 17:37:50,624:INFO:Epoch 277: Train Loss: 45.8504, Train Node Loss: 0.0135, Train Reg Loss: 0.4584, Train MAPE: 12.1694, Train R: 0.8736, Train RRSE: 0.4919, Test Loss: 268.0458, Test Node Loss: 0.0112, Test Reg Loss: 2.6803, Test MAPE: 14.7856, Test R: 0.7665, Test RRSE: 1.1868
2025-02-10 17:38:25,737:INFO:Epoch 278: Train Loss: 51.2959, Train Node Loss: 0.0130, Train Reg Loss: 0.5128, Train MAPE: 12.3065, Train R: 0.8547, Train RRSE: 0.5203, Test Loss: 430.7315, Test Node Loss: 0.0108, Test Reg Loss: 4.3072, Test MAPE: 17.0109, Test R: 0.7673, Test RRSE: 1.5045
2025-02-10 17:39:00,541:INFO:Epoch 279: Train Loss: 48.6632, Train Node Loss: 0.0130, Train Reg Loss: 0.4865, Train MAPE: 12.4711, Train R: 0.8621, Train RRSE: 0.5068, Test Loss: 343.8724, Test Node Loss: 0.0110, Test Reg Loss: 3.4386, Test MAPE: 16.0120, Test R: 0.7691, Test RRSE: 1.3443
2025-02-10 17:39:35,424:INFO:Epoch 280: Train Loss: 49.4663, Train Node Loss: 0.0132, Train Reg Loss: 0.4945, Train MAPE: 12.3856, Train R: 0.8606, Train RRSE: 0.5110, Test Loss: 256.6343, Test Node Loss: 0.0111, Test Reg Loss: 2.5662, Test MAPE: 14.6888, Test R: 0.7708, Test RRSE: 1.1613
2025-02-10 17:40:10,357:INFO:Epoch 281: Train Loss: 50.7695, Train Node Loss: 0.0130, Train Reg Loss: 0.5076, Train MAPE: 12.2943, Train R: 0.8565, Train RRSE: 0.5176, Test Loss: 271.3959, Test Node Loss: 0.0112, Test Reg Loss: 2.7138, Test MAPE: 14.7976, Test R: 0.7670, Test RRSE: 1.1942
2025-02-10 17:40:45,119:INFO:Epoch 282: Train Loss: 46.0938, Train Node Loss: 0.0133, Train Reg Loss: 0.4608, Train MAPE: 12.3297, Train R: 0.8704, Train RRSE: 0.4932, Test Loss: 396.7121, Test Node Loss: 0.0110, Test Reg Loss: 3.9670, Test MAPE: 16.7058, Test R: 0.7714, Test RRSE: 1.4439
2025-02-10 17:41:19,731:INFO:Epoch 283: Train Loss: 48.1220, Train Node Loss: 0.0132, Train Reg Loss: 0.4811, Train MAPE: 12.5599, Train R: 0.8639, Train RRSE: 0.5040, Test Loss: 385.5475, Test Node Loss: 0.0110, Test Reg Loss: 3.8554, Test MAPE: 16.3900, Test R: 0.7724, Test RRSE: 1.4234
2025-02-10 17:41:53,997:INFO:Epoch 284: Train Loss: 45.0010, Train Node Loss: 0.0130, Train Reg Loss: 0.4499, Train MAPE: 12.3102, Train R: 0.8738, Train RRSE: 0.4873, Test Loss: 345.4963, Test Node Loss: 0.0110, Test Reg Loss: 3.4549, Test MAPE: 15.7657, Test R: 0.7688, Test RRSE: 1.3474
2025-02-10 17:42:27,337:INFO:Epoch 285: Train Loss: 47.8239, Train Node Loss: 0.0129, Train Reg Loss: 0.4781, Train MAPE: 12.1286, Train R: 0.8666, Train RRSE: 0.5024, Test Loss: 326.9391, Test Node Loss: 0.0111, Test Reg Loss: 3.2693, Test MAPE: 15.5093, Test R: 0.7657, Test RRSE: 1.3107
2025-02-10 17:43:01,487:INFO:Epoch 286: Train Loss: 46.0435, Train Node Loss: 0.0132, Train Reg Loss: 0.4603, Train MAPE: 12.3698, Train R: 0.8704, Train RRSE: 0.4930, Test Loss: 359.9770, Test Node Loss: 0.0111, Test Reg Loss: 3.5997, Test MAPE: 16.2375, Test R: 0.7646, Test RRSE: 1.3754
2025-02-10 17:43:35,516:INFO:Epoch 287: Train Loss: 49.8115, Train Node Loss: 0.0133, Train Reg Loss: 0.4980, Train MAPE: 12.5507, Train R: 0.8588, Train RRSE: 0.5127, Test Loss: 318.9497, Test Node Loss: 0.0112, Test Reg Loss: 3.1894, Test MAPE: 15.5935, Test R: 0.7600, Test RRSE: 1.2946
2025-02-10 17:44:09,255:INFO:Epoch 288: Train Loss: 48.7451, Train Node Loss: 0.0136, Train Reg Loss: 0.4873, Train MAPE: 12.2835, Train R: 0.8638, Train RRSE: 0.5072, Test Loss: 221.4548, Test Node Loss: 0.0117, Test Reg Loss: 2.2144, Test MAPE: 14.0789, Test R: 0.7531, Test RRSE: 1.0788
2025-02-10 17:44:43,385:INFO:Epoch 289: Train Loss: 48.3859, Train Node Loss: 0.0137, Train Reg Loss: 0.4837, Train MAPE: 12.3065, Train R: 0.8631, Train RRSE: 0.5053, Test Loss: 265.1583, Test Node Loss: 0.0116, Test Reg Loss: 2.6515, Test MAPE: 14.8236, Test R: 0.7635, Test RRSE: 1.1804
2025-02-10 17:45:16,708:INFO:Epoch 290: Train Loss: 48.0990, Train Node Loss: 0.0138, Train Reg Loss: 0.4809, Train MAPE: 12.3486, Train R: 0.8646, Train RRSE: 0.5038, Test Loss: 353.9149, Test Node Loss: 0.0115, Test Reg Loss: 3.5390, Test MAPE: 16.0808, Test R: 0.7659, Test RRSE: 1.3637
2025-02-10 17:45:49,890:INFO:Epoch 291: Train Loss: 45.9242, Train Node Loss: 0.0141, Train Reg Loss: 0.4591, Train MAPE: 12.3995, Train R: 0.8707, Train RRSE: 0.4923, Test Loss: 327.1976, Test Node Loss: 0.0117, Test Reg Loss: 3.2719, Test MAPE: 15.7023, Test R: 0.7657, Test RRSE: 1.3113
2025-02-10 17:46:23,928:INFO:Epoch 292: Train Loss: 45.6834, Train Node Loss: 0.0141, Train Reg Loss: 0.4567, Train MAPE: 12.3342, Train R: 0.8717, Train RRSE: 0.4910, Test Loss: 348.9046, Test Node Loss: 0.0116, Test Reg Loss: 3.4889, Test MAPE: 16.0311, Test R: 0.7670, Test RRSE: 1.3541
2025-02-10 17:46:57,688:INFO:Epoch 293: Train Loss: 47.4152, Train Node Loss: 0.0141, Train Reg Loss: 0.4740, Train MAPE: 12.3677, Train R: 0.8660, Train RRSE: 0.5002, Test Loss: 334.5121, Test Node Loss: 0.0119, Test Reg Loss: 3.3450, Test MAPE: 15.9210, Test R: 0.7713, Test RRSE: 1.3258
2025-02-10 17:47:30,691:INFO:Epoch 294: Train Loss: 44.2427, Train Node Loss: 0.0143, Train Reg Loss: 0.4423, Train MAPE: 12.3289, Train R: 0.8766, Train RRSE: 0.4832, Test Loss: 466.7895, Test Node Loss: 0.0119, Test Reg Loss: 4.6678, Test MAPE: 17.6079, Test R: 0.7683, Test RRSE: 1.5662
2025-02-10 17:48:02,466:INFO:Epoch 295: Train Loss: 47.2560, Train Node Loss: 0.0146, Train Reg Loss: 0.4724, Train MAPE: 12.3868, Train R: 0.8665, Train RRSE: 0.4994, Test Loss: 374.6373, Test Node Loss: 0.0121, Test Reg Loss: 3.7463, Test MAPE: 16.2944, Test R: 0.7677, Test RRSE: 1.4031
2025-02-10 17:48:33,947:INFO:Epoch 296: Train Loss: 46.9317, Train Node Loss: 0.0144, Train Reg Loss: 0.4692, Train MAPE: 12.5087, Train R: 0.8674, Train RRSE: 0.4977, Test Loss: 441.8142, Test Node Loss: 0.0117, Test Reg Loss: 4.4180, Test MAPE: 17.2582, Test R: 0.7672, Test RRSE: 1.5237
2025-02-10 17:49:05,475:INFO:Epoch 297: Train Loss: 50.5546, Train Node Loss: 0.0146, Train Reg Loss: 0.5054, Train MAPE: 12.5813, Train R: 0.8575, Train RRSE: 0.5165, Test Loss: 304.9028, Test Node Loss: 0.0123, Test Reg Loss: 3.0489, Test MAPE: 15.2476, Test R: 0.7651, Test RRSE: 1.2658
2025-02-10 17:49:37,340:INFO:Epoch 298: Train Loss: 48.1267, Train Node Loss: 0.0146, Train Reg Loss: 0.4811, Train MAPE: 12.2693, Train R: 0.8645, Train RRSE: 0.5040, Test Loss: 319.5110, Test Node Loss: 0.0123, Test Reg Loss: 3.1950, Test MAPE: 15.6877, Test R: 0.7722, Test RRSE: 1.2958
2025-02-10 17:50:08,348:INFO:Epoch 299: Train Loss: 45.1455, Train Node Loss: 0.0148, Train Reg Loss: 0.4513, Train MAPE: 12.1800, Train R: 0.8751, Train RRSE: 0.4881, Test Loss: 230.9576, Test Node Loss: 0.0130, Test Reg Loss: 2.3094, Test MAPE: 14.5186, Test R: 0.7701, Test RRSE: 1.1017
2025-02-10 17:50:40,126:INFO:Epoch 300: Train Loss: 49.1694, Train Node Loss: 0.0150, Train Reg Loss: 0.4915, Train MAPE: 12.3658, Train R: 0.8611, Train RRSE: 0.5094, Test Loss: 361.3680, Test Node Loss: 0.0127, Test Reg Loss: 3.6136, Test MAPE: 16.2165, Test R: 0.7646, Test RRSE: 1.3780
2025-02-10 17:50:40,126:INFO:Best performance at epoch 225 with Test MAPE: 0.7758
