2025-02-10 14:55:58,818:INFO:Learning rate: 0.001
2025-02-10 14:55:58,819:INFO:Weight decay: 0.001
2025-02-10 14:55:58,819:INFO:Batch size: 64
2025-02-10 14:55:58,819:INFO:Number of layers: 2
2025-02-10 14:55:58,819:INFO:Convolution type: SAGE
2025-02-10 14:55:58,819:INFO:Convolution neurons: 256
2025-02-10 15:00:50,631:INFO:Learning rate: 0.001
2025-02-10 15:00:50,632:INFO:Weight decay: 0.001
2025-02-10 15:00:50,632:INFO:Batch size: 64
2025-02-10 15:00:50,632:INFO:Number of layers: 2
2025-02-10 15:00:50,632:INFO:Convolution type: SAGE
2025-02-10 15:00:50,632:INFO:Convolution neurons: 256
2025-02-10 15:01:02,536:INFO:Epoch 1: Train Loss: 12872.8930, Train Node Loss: 1.8053, Train Reg Loss: 128.7109, Train MAPE: 94.8506, Train R: 0.0222, Train RRSE: 8.2431, Test Loss: 11881.9759, Test Node Loss: 10.2279, Test Reg Loss: 118.7175, Test MAPE: 88.5871, Test R: 0.6313, Test RRSE: 7.8986
2025-02-10 15:01:02,715:INFO:Checkpoint saved at best_0.001_0.001_256_SAGE_2_64_0.6313_epoch_1.pth
2025-02-10 15:01:14,600:INFO:Epoch 2: Train Loss: 8660.8971, Train Node Loss: 48.7831, Train Reg Loss: 86.1211, Train MAPE: 76.6408, Train R: 0.0133, Train RRSE: 6.7428, Test Loss: 4302.3464, Test Node Loss: 236.3372, Test Reg Loss: 40.6601, Test MAPE: 50.6649, Test R: 0.6477, Test RRSE: 4.6225
2025-02-10 15:01:14,619:INFO:Checkpoint saved at best_0.001_0.001_256_SAGE_2_64_0.6477_epoch_2.pth
2025-02-10 15:01:26,304:INFO:Epoch 3: Train Loss: 2342.5694, Train Node Loss: 566.9836, Train Reg Loss: 17.7559, Train MAPE: 29.8845, Train R: -0.0853, Train RRSE: 3.0616, Test Loss: 5668.7493, Test Node Loss: 1878.6485, Test Reg Loss: 37.9010, Test MAPE: 51.7305, Test R: 0.6560, Test RRSE: 4.4629
2025-02-10 15:01:26,323:INFO:Checkpoint saved at best_0.001_0.001_256_SAGE_2_64_0.6560_epoch_3.pth
2025-02-10 15:01:38,000:INFO:Epoch 4: Train Loss: 2288.9975, Train Node Loss: 1173.7335, Train Reg Loss: 11.1526, Train MAPE: 27.8819, Train R: 0.4222, Train RRSE: 2.4265, Test Loss: 1055.1911, Test Node Loss: 850.5808, Test Reg Loss: 2.0461, Test MAPE: 11.9437, Test R: 0.6564, Test RRSE: 1.0369
2025-02-10 15:01:38,013:INFO:Checkpoint saved at best_0.001_0.001_256_SAGE_2_64_0.6564_epoch_4.pth
2025-02-10 15:01:49,880:INFO:Epoch 5: Train Loss: 930.7091, Train Node Loss: 508.3322, Train Reg Loss: 4.2238, Train MAPE: 14.7705, Train R: 0.1054, Train RRSE: 1.4933, Test Loss: 1355.9056, Test Node Loss: 329.2058, Test Reg Loss: 10.2670, Test MAPE: 23.4118, Test R: 0.6557, Test RRSE: 2.3228
2025-02-10 15:02:01,567:INFO:Epoch 6: Train Loss: 1247.0181, Train Node Loss: 281.8589, Train Reg Loss: 9.6516, Train MAPE: 23.1170, Train R: 0.6464, Train RRSE: 2.2573, Test Loss: 1094.7987, Test Node Loss: 302.4607, Test Reg Loss: 7.9234, Test MAPE: 20.0411, Test R: 0.6579, Test RRSE: 2.0405
2025-02-10 15:02:01,590:INFO:Checkpoint saved at best_0.001_0.001_256_SAGE_2_64_0.6579_epoch_6.pth
2025-02-10 15:02:13,315:INFO:Epoch 7: Train Loss: 776.1855, Train Node Loss: 323.9821, Train Reg Loss: 4.5220, Train MAPE: 14.5085, Train R: 0.2696, Train RRSE: 1.5451, Test Loss: 574.6921, Test Node Loss: 434.8668, Test Reg Loss: 1.3983, Test MAPE: 9.6604, Test R: 0.6612, Test RRSE: 0.8572
2025-02-10 15:02:13,337:INFO:Checkpoint saved at best_0.001_0.001_256_SAGE_2_64_0.6612_epoch_7.pth
2025-02-10 15:02:25,242:INFO:Epoch 8: Train Loss: 618.0434, Train Node Loss: 440.9657, Train Reg Loss: 1.7708, Train MAPE: 11.3453, Train R: 0.4259, Train RRSE: 0.9669, Test Loss: 720.8972, Test Node Loss: 482.4691, Test Reg Loss: 2.3843, Test MAPE: 12.6750, Test R: 0.6633, Test RRSE: 1.1194
2025-02-10 15:02:25,257:INFO:Checkpoint saved at best_0.001_0.001_256_SAGE_2_64_0.6633_epoch_8.pth
2025-02-10 15:02:36,976:INFO:Epoch 9: Train Loss: 612.8997, Train Node Loss: 414.8566, Train Reg Loss: 1.9804, Train MAPE: 12.1385, Train R: 0.6201, Train RRSE: 1.0225, Test Loss: 471.4782, Test Node Loss: 321.9330, Test Reg Loss: 1.4955, Test MAPE: 9.7805, Test R: 0.6640, Test RRSE: 0.8865
2025-02-10 15:02:36,991:INFO:Checkpoint saved at best_0.001_0.001_256_SAGE_2_64_0.6640_epoch_9.pth
2025-02-10 15:02:48,862:INFO:Epoch 10: Train Loss: 467.2515, Train Node Loss: 273.0627, Train Reg Loss: 1.9419, Train MAPE: 10.6768, Train R: 0.3605, Train RRSE: 1.0125, Test Loss: 632.6300, Test Node Loss: 206.7491, Test Reg Loss: 4.2588, Test MAPE: 14.4129, Test R: 0.6636, Test RRSE: 1.4960
2025-02-10 15:03:00,757:INFO:Epoch 11: Train Loss: 479.3734, Train Node Loss: 205.7984, Train Reg Loss: 2.7358, Train MAPE: 11.6472, Train R: 0.6507, Train RRSE: 1.2018, Test Loss: 528.9197, Test Node Loss: 198.3545, Test Reg Loss: 3.3057, Test MAPE: 12.8716, Test R: 0.6638, Test RRSE: 1.3180
2025-02-10 15:03:12,625:INFO:Epoch 12: Train Loss: 395.3884, Train Node Loss: 213.9633, Train Reg Loss: 1.8143, Train MAPE: 10.4087, Train R: 0.4745, Train RRSE: 0.9787, Test Loss: 380.7594, Test Node Loss: 223.3865, Test Reg Loss: 1.5737, Test MAPE: 9.8979, Test R: 0.6658, Test RRSE: 0.9094
2025-02-10 15:03:12,668:INFO:Checkpoint saved at best_0.001_0.001_256_SAGE_2_64_0.6658_epoch_12.pth
2025-02-10 15:03:24,563:INFO:Epoch 13: Train Loss: 370.2203, Train Node Loss: 229.3287, Train Reg Loss: 1.4089, Train MAPE: 10.1678, Train R: 0.6341, Train RRSE: 0.8624, Test Loss: 354.1517, Test Node Loss: 212.1729, Test Reg Loss: 1.4198, Test MAPE: 9.6886, Test R: 0.6658, Test RRSE: 0.8638
2025-02-10 15:03:36,296:INFO:Epoch 14: Train Loss: 337.2759, Train Node Loss: 203.2094, Train Reg Loss: 1.3407, Train MAPE: 10.0285, Train R: 0.6591, Train RRSE: 0.8413, Test Loss: 375.3623, Test Node Loss: 168.2542, Test Reg Loss: 2.0711, Test MAPE: 10.7797, Test R: 0.6654, Test RRSE: 1.0433
2025-02-10 15:03:47,987:INFO:Epoch 15: Train Loss: 315.9938, Train Node Loss: 164.6423, Train Reg Loss: 1.5135, Train MAPE: 9.9554, Train R: 0.6767, Train RRSE: 0.8939, Test Loss: 397.9287, Test Node Loss: 144.4066, Test Reg Loss: 2.5352, Test MAPE: 11.5856, Test R: 0.6653, Test RRSE: 1.1542
2025-02-10 15:03:59,867:INFO:Epoch 16: Train Loss: 304.3659, Train Node Loss: 149.0084, Train Reg Loss: 1.5536, Train MAPE: 10.0343, Train R: 0.6686, Train RRSE: 0.9056, Test Loss: 344.7624, Test Node Loss: 142.6661, Test Reg Loss: 2.0210, Test MAPE: 10.7146, Test R: 0.6656, Test RRSE: 1.0306
2025-02-10 15:04:11,528:INFO:Epoch 17: Train Loss: 285.0459, Train Node Loss: 149.2297, Train Reg Loss: 1.3582, Train MAPE: 9.8908, Train R: 0.6718, Train RRSE: 0.8468, Test Loss: 305.1031, Test Node Loss: 142.0317, Test Reg Loss: 1.6307, Test MAPE: 10.0602, Test R: 0.6659, Test RRSE: 0.9257
2025-02-10 15:04:11,548:INFO:Checkpoint saved at best_0.001_0.001_256_SAGE_2_64_0.6659_epoch_17.pth
2025-02-10 15:04:23,414:INFO:Epoch 18: Train Loss: 277.1219, Train Node Loss: 142.4742, Train Reg Loss: 1.3465, Train MAPE: 9.8962, Train R: 0.6577, Train RRSE: 0.8431, Test Loss: 302.6032, Test Node Loss: 128.3047, Test Reg Loss: 1.7430, Test MAPE: 10.2545, Test R: 0.6656, Test RRSE: 0.9571
2025-02-10 15:04:35,276:INFO:Epoch 19: Train Loss: 259.5850, Train Node Loss: 129.0173, Train Reg Loss: 1.3057, Train MAPE: 9.9302, Train R: 0.6974, Train RRSE: 0.8302, Test Loss: 304.7039, Test Node Loss: 115.6390, Test Reg Loss: 1.8906, Test MAPE: 10.5304, Test R: 0.6653, Test RRSE: 0.9968
2025-02-10 15:04:46,961:INFO:Epoch 20: Train Loss: 252.8475, Train Node Loss: 116.0721, Train Reg Loss: 1.3678, Train MAPE: 9.9221, Train R: 0.6879, Train RRSE: 0.8497, Test Loss: 303.1028, Test Node Loss: 106.0661, Test Reg Loss: 1.9704, Test MAPE: 10.6844, Test R: 0.6650, Test RRSE: 1.0176
2025-02-10 15:04:58,664:INFO:Epoch 21: Train Loss: 244.0357, Train Node Loss: 109.6339, Train Reg Loss: 1.3440, Train MAPE: 9.9288, Train R: 0.6797, Train RRSE: 0.8423, Test Loss: 278.8043, Test Node Loss: 103.1557, Test Reg Loss: 1.7565, Test MAPE: 10.2665, Test R: 0.6649, Test RRSE: 0.9608
2025-02-10 15:05:10,581:INFO:Epoch 22: Train Loss: 235.6585, Train Node Loss: 105.7455, Train Reg Loss: 1.2991, Train MAPE: 9.9487, Train R: 0.6816, Train RRSE: 0.8282, Test Loss: 270.8450, Test Node Loss: 96.8571, Test Reg Loss: 1.7399, Test MAPE: 10.3200, Test R: 0.6645, Test RRSE: 0.9562
2025-02-10 15:05:22,301:INFO:Epoch 23: Train Loss: 228.7142, Train Node Loss: 98.6003, Train Reg Loss: 1.3011, Train MAPE: 10.0236, Train R: 0.6646, Train RRSE: 0.8288, Test Loss: 272.3769, Test Node Loss: 88.9096, Test Reg Loss: 1.8347, Test MAPE: 10.4800, Test R: 0.6630, Test RRSE: 0.9819
2025-02-10 15:05:34,175:INFO:Epoch 24: Train Loss: 224.2501, Train Node Loss: 90.8284, Train Reg Loss: 1.3342, Train MAPE: 9.9729, Train R: 0.6586, Train RRSE: 0.8393, Test Loss: 263.6312, Test Node Loss: 84.0861, Test Reg Loss: 1.7955, Test MAPE: 10.4124, Test R: 0.6634, Test RRSE: 0.9714
2025-02-10 15:05:45,977:INFO:Epoch 25: Train Loss: 215.8587, Train Node Loss: 87.4006, Train Reg Loss: 1.2846, Train MAPE: 10.0274, Train R: 0.6772, Train RRSE: 0.8235, Test Loss: 248.7924, Test Node Loss: 81.2269, Test Reg Loss: 1.6757, Test MAPE: 10.2324, Test R: 0.6630, Test RRSE: 0.9384
2025-02-10 15:05:58,101:INFO:Epoch 26: Train Loss: 212.6917, Train Node Loss: 82.6349, Train Reg Loss: 1.3006, Train MAPE: 10.0146, Train R: 0.6549, Train RRSE: 0.8286, Test Loss: 257.3143, Test Node Loss: 73.7602, Test Reg Loss: 1.8355, Test MAPE: 10.5790, Test R: 0.6624, Test RRSE: 0.9821
2025-02-10 15:06:10,333:INFO:Epoch 27: Train Loss: 203.6208, Train Node Loss: 75.4883, Train Reg Loss: 1.2813, Train MAPE: 10.0240, Train R: 0.6764, Train RRSE: 0.8225, Test Loss: 256.6137, Test Node Loss: 69.0044, Test Reg Loss: 1.8761, Test MAPE: 10.6428, Test R: 0.6620, Test RRSE: 0.9929
2025-02-10 15:06:22,555:INFO:Epoch 28: Train Loss: 200.9270, Train Node Loss: 72.5991, Train Reg Loss: 1.2833, Train MAPE: 10.0724, Train R: 0.6556, Train RRSE: 0.8231, Test Loss: 239.7861, Test Node Loss: 67.1902, Test Reg Loss: 1.7260, Test MAPE: 10.4523, Test R: 0.6616, Test RRSE: 0.9524
2025-02-10 15:06:34,585:INFO:Epoch 29: Train Loss: 193.2662, Train Node Loss: 69.4137, Train Reg Loss: 1.2385, Train MAPE: 10.0917, Train R: 0.6775, Train RRSE: 0.8086, Test Loss: 240.4582, Test Node Loss: 62.5383, Test Reg Loss: 1.7792, Test MAPE: 10.4832, Test R: 0.6611, Test RRSE: 0.9669
2025-02-10 15:06:46,595:INFO:Epoch 30: Train Loss: 190.3137, Train Node Loss: 64.2663, Train Reg Loss: 1.2605, Train MAPE: 10.1201, Train R: 0.6541, Train RRSE: 0.8157, Test Loss: 243.2105, Test Node Loss: 58.2269, Test Reg Loss: 1.8498, Test MAPE: 10.6986, Test R: 0.6599, Test RRSE: 0.9860
2025-02-10 15:06:58,868:INFO:Epoch 31: Train Loss: 185.5464, Train Node Loss: 61.0199, Train Reg Loss: 1.2453, Train MAPE: 10.1415, Train R: 0.6627, Train RRSE: 0.8108, Test Loss: 232.2167, Test Node Loss: 56.1517, Test Reg Loss: 1.7606, Test MAPE: 10.5866, Test R: 0.6597, Test RRSE: 0.9619
2025-02-10 15:07:11,103:INFO:Epoch 32: Train Loss: 180.9169, Train Node Loss: 59.2799, Train Reg Loss: 1.2164, Train MAPE: 10.2278, Train R: 0.6633, Train RRSE: 0.8013, Test Loss: 223.7037, Test Node Loss: 54.0615, Test Reg Loss: 1.6964, Test MAPE: 10.5287, Test R: 0.6589, Test RRSE: 0.9442
2025-02-10 15:07:23,151:INFO:Epoch 33: Train Loss: 178.6368, Train Node Loss: 56.1536, Train Reg Loss: 1.2248, Train MAPE: 10.2270, Train R: 0.6546, Train RRSE: 0.8041, Test Loss: 235.5537, Test Node Loss: 49.5201, Test Reg Loss: 1.8603, Test MAPE: 10.8437, Test R: 0.6590, Test RRSE: 0.9888
2025-02-10 15:07:35,372:INFO:Epoch 34: Train Loss: 174.3116, Train Node Loss: 51.6543, Train Reg Loss: 1.2266, Train MAPE: 10.2130, Train R: 0.6615, Train RRSE: 0.8047, Test Loss: 239.9653, Test Node Loss: 46.3042, Test Reg Loss: 1.9366, Test MAPE: 10.9926, Test R: 0.6587, Test RRSE: 1.0088
2025-02-10 15:07:47,591:INFO:Epoch 35: Train Loss: 170.1776, Train Node Loss: 50.8910, Train Reg Loss: 1.1929, Train MAPE: 10.3239, Train R: 0.6562, Train RRSE: 0.7936, Test Loss: 211.3125, Test Node Loss: 46.7989, Test Reg Loss: 1.6451, Test MAPE: 10.5681, Test R: 0.6571, Test RRSE: 0.9298
2025-02-10 15:07:59,818:INFO:Epoch 36: Train Loss: 165.3779, Train Node Loss: 48.7257, Train Reg Loss: 1.1665, Train MAPE: 10.3493, Train R: 0.6701, Train RRSE: 0.7847, Test Loss: 224.8019, Test Node Loss: 42.4666, Test Reg Loss: 1.8234, Test MAPE: 10.8847, Test R: 0.6574, Test RRSE: 0.9789
2025-02-10 15:08:11,851:INFO:Epoch 37: Train Loss: 165.1683, Train Node Loss: 44.9102, Train Reg Loss: 1.2026, Train MAPE: 10.3018, Train R: 0.6521, Train RRSE: 0.7968, Test Loss: 235.3501, Test Node Loss: 39.2296, Test Reg Loss: 1.9612, Test MAPE: 11.1503, Test R: 0.6567, Test RRSE: 1.0152
2025-02-10 15:08:24,019:INFO:Epoch 38: Train Loss: 158.4192, Train Node Loss: 42.7440, Train Reg Loss: 1.1568, Train MAPE: 10.3786, Train R: 0.6704, Train RRSE: 0.7815, Test Loss: 227.0507, Test Node Loss: 38.1046, Test Reg Loss: 1.8895, Test MAPE: 11.0863, Test R: 0.6574, Test RRSE: 0.9965
2025-02-10 15:08:36,086:INFO:Epoch 39: Train Loss: 157.7183, Train Node Loss: 41.1207, Train Reg Loss: 1.1660, Train MAPE: 10.4102, Train R: 0.6565, Train RRSE: 0.7846, Test Loss: 236.4979, Test Node Loss: 35.4042, Test Reg Loss: 2.0109, Test MAPE: 11.2456, Test R: 0.6578, Test RRSE: 1.0280
2025-02-10 15:08:48,138:INFO:Epoch 40: Train Loss: 153.2525, Train Node Loss: 39.8951, Train Reg Loss: 1.1336, Train MAPE: 10.4805, Train R: 0.6708, Train RRSE: 0.7736, Test Loss: 211.0553, Test Node Loss: 35.5900, Test Reg Loss: 1.7547, Test MAPE: 10.9567, Test R: 0.6589, Test RRSE: 0.9603
2025-02-10 15:09:00,309:INFO:Epoch 41: Train Loss: 149.2323, Train Node Loss: 38.6149, Train Reg Loss: 1.1062, Train MAPE: 10.5661, Train R: 0.6753, Train RRSE: 0.7642, Test Loss: 237.4203, Test Node Loss: 31.8192, Test Reg Loss: 2.0560, Test MAPE: 11.4625, Test R: 0.6595, Test RRSE: 1.0395
2025-02-10 15:09:12,478:INFO:Epoch 42: Train Loss: 147.4642, Train Node Loss: 34.6703, Train Reg Loss: 1.1279, Train MAPE: 10.4997, Train R: 0.6721, Train RRSE: 0.7717, Test Loss: 262.9692, Test Node Loss: 28.6406, Test Reg Loss: 2.3433, Test MAPE: 11.9484, Test R: 0.6605, Test RRSE: 1.1097
2025-02-10 15:09:24,457:INFO:Epoch 43: Train Loss: 146.5030, Train Node Loss: 34.1323, Train Reg Loss: 1.1237, Train MAPE: 10.6355, Train R: 0.6629, Train RRSE: 0.7702, Test Loss: 214.9344, Test Node Loss: 30.4880, Test Reg Loss: 1.8445, Test MAPE: 11.2034, Test R: 0.6628, Test RRSE: 0.9845
2025-02-10 15:09:36,694:INFO:Epoch 44: Train Loss: 142.6533, Train Node Loss: 33.2389, Train Reg Loss: 1.0941, Train MAPE: 10.6564, Train R: 0.6725, Train RRSE: 0.7600, Test Loss: 259.4530, Test Node Loss: 26.6870, Test Reg Loss: 2.3277, Test MAPE: 12.0502, Test R: 0.6644, Test RRSE: 1.1060
2025-02-10 15:09:48,736:INFO:Epoch 45: Train Loss: 140.6735, Train Node Loss: 31.4660, Train Reg Loss: 1.0921, Train MAPE: 10.6333, Train R: 0.6728, Train RRSE: 0.7593, Test Loss: 238.1945, Test Node Loss: 26.3238, Test Reg Loss: 2.1187, Test MAPE: 11.7275, Test R: 0.6664, Test RRSE: 1.0552
2025-02-10 15:09:48,751:INFO:Checkpoint saved at best_0.001_0.001_256_SAGE_2_64_0.6664_epoch_45.pth
2025-02-10 15:10:00,750:INFO:Epoch 46: Train Loss: 136.9610, Train Node Loss: 30.0603, Train Reg Loss: 1.0690, Train MAPE: 10.6801, Train R: 0.6828, Train RRSE: 0.7512, Test Loss: 224.9521, Test Node Loss: 25.4949, Test Reg Loss: 1.9946, Test MAPE: 11.5564, Test R: 0.6701, Test RRSE: 1.0238
2025-02-10 15:10:00,769:INFO:Checkpoint saved at best_0.001_0.001_256_SAGE_2_64_0.6701_epoch_46.pth
2025-02-10 15:10:12,939:INFO:Epoch 47: Train Loss: 136.5294, Train Node Loss: 28.5837, Train Reg Loss: 1.0795, Train MAPE: 10.6970, Train R: 0.6771, Train RRSE: 0.7549, Test Loss: 231.0976, Test Node Loss: 23.9952, Test Reg Loss: 2.0710, Test MAPE: 11.6900, Test R: 0.6748, Test RRSE: 1.0432
2025-02-10 15:10:12,952:INFO:Checkpoint saved at best_0.001_0.001_256_SAGE_2_64_0.6748_epoch_47.pth
2025-02-10 15:10:25,009:INFO:Epoch 48: Train Loss: 129.1429, Train Node Loss: 26.8750, Train Reg Loss: 1.0227, Train MAPE: 10.6981, Train R: 0.7073, Train RRSE: 0.7348, Test Loss: 239.8604, Test Node Loss: 22.2871, Test Reg Loss: 2.1757, Test MAPE: 11.8768, Test R: 0.6789, Test RRSE: 1.0693
2025-02-10 15:10:25,038:INFO:Checkpoint saved at best_0.001_0.001_256_SAGE_2_64_0.6789_epoch_48.pth
2025-02-10 15:10:37,125:INFO:Epoch 49: Train Loss: 128.5992, Train Node Loss: 26.2298, Train Reg Loss: 1.0237, Train MAPE: 10.7457, Train R: 0.7020, Train RRSE: 0.7351, Test Loss: 204.7133, Test Node Loss: 22.9834, Test Reg Loss: 1.8173, Test MAPE: 11.3207, Test R: 0.6815, Test RRSE: 0.9772
2025-02-10 15:10:37,147:INFO:Checkpoint saved at best_0.001_0.001_256_SAGE_2_64_0.6815_epoch_49.pth
2025-02-10 15:10:49,334:INFO:Epoch 50: Train Loss: 125.9271, Train Node Loss: 25.0851, Train Reg Loss: 1.0084, Train MAPE: 10.8031, Train R: 0.7053, Train RRSE: 0.7296, Test Loss: 250.8690, Test Node Loss: 19.6217, Test Reg Loss: 2.3125, Test MAPE: 12.1554, Test R: 0.6842, Test RRSE: 1.1024
2025-02-10 15:10:49,365:INFO:Checkpoint saved at best_0.001_0.001_256_SAGE_2_64_0.6842_epoch_50.pth
2025-02-10 15:11:01,497:INFO:Epoch 51: Train Loss: 124.1458, Train Node Loss: 23.3604, Train Reg Loss: 1.0079, Train MAPE: 10.7726, Train R: 0.7073, Train RRSE: 0.7294, Test Loss: 222.2630, Test Node Loss: 19.6002, Test Reg Loss: 2.0266, Test MAPE: 11.6945, Test R: 0.6878, Test RRSE: 1.0320
2025-02-10 15:11:01,517:INFO:Checkpoint saved at best_0.001_0.001_256_SAGE_2_64_0.6878_epoch_51.pth
2025-02-10 15:11:13,511:INFO:Epoch 52: Train Loss: 121.9153, Train Node Loss: 21.8501, Train Reg Loss: 1.0007, Train MAPE: 10.7917, Train R: 0.7109, Train RRSE: 0.7268, Test Loss: 223.1488, Test Node Loss: 18.7480, Test Reg Loss: 2.0440, Test MAPE: 11.7688, Test R: 0.6920, Test RRSE: 1.0364
2025-02-10 15:11:13,526:INFO:Checkpoint saved at best_0.001_0.001_256_SAGE_2_64_0.6920_epoch_52.pth
2025-02-10 15:11:25,522:INFO:Epoch 53: Train Loss: 123.5007, Train Node Loss: 23.2564, Train Reg Loss: 1.0024, Train MAPE: 10.9282, Train R: 0.7106, Train RRSE: 0.7275, Test Loss: 223.5389, Test Node Loss: 18.5039, Test Reg Loss: 2.0503, Test MAPE: 11.9124, Test R: 0.6944, Test RRSE: 1.0380
2025-02-10 15:11:25,549:INFO:Checkpoint saved at best_0.001_0.001_256_SAGE_2_64_0.6944_epoch_53.pth
2025-02-10 15:11:37,605:INFO:Epoch 54: Train Loss: 124.9765, Train Node Loss: 20.0729, Train Reg Loss: 1.0490, Train MAPE: 10.8412, Train R: 0.6842, Train RRSE: 0.7442, Test Loss: 258.3904, Test Node Loss: 15.9568, Test Reg Loss: 2.4243, Test MAPE: 12.4914, Test R: 0.6959, Test RRSE: 1.1287
2025-02-10 15:11:37,618:INFO:Checkpoint saved at best_0.001_0.001_256_SAGE_2_64_0.6959_epoch_54.pth
2025-02-10 15:11:49,649:INFO:Epoch 55: Train Loss: 115.1939, Train Node Loss: 20.3017, Train Reg Loss: 0.9489, Train MAPE: 10.9508, Train R: 0.7219, Train RRSE: 0.7078, Test Loss: 175.1916, Test Node Loss: 18.6100, Test Reg Loss: 1.5658, Test MAPE: 11.2000, Test R: 0.6998, Test RRSE: 0.9071
2025-02-10 15:11:49,684:INFO:Checkpoint saved at best_0.001_0.001_256_SAGE_2_64_0.6998_epoch_55.pth
2025-02-10 15:12:01,720:INFO:Epoch 56: Train Loss: 109.8357, Train Node Loss: 20.0583, Train Reg Loss: 0.8978, Train MAPE: 11.0115, Train R: 0.7445, Train RRSE: 0.6884, Test Loss: 295.9308, Test Node Loss: 13.9346, Test Reg Loss: 2.8200, Test MAPE: 13.2083, Test R: 0.6991, Test RRSE: 1.2173
2025-02-10 15:12:13,771:INFO:Epoch 57: Train Loss: 116.7255, Train Node Loss: 16.9228, Train Reg Loss: 0.9980, Train MAPE: 10.7912, Train R: 0.7176, Train RRSE: 0.7259, Test Loss: 191.1548, Test Node Loss: 15.4247, Test Reg Loss: 1.7573, Test MAPE: 11.4343, Test R: 0.7066, Test RRSE: 0.9610
2025-02-10 15:12:13,794:INFO:Checkpoint saved at best_0.001_0.001_256_SAGE_2_64_0.7066_epoch_57.pth
2025-02-10 15:12:25,839:INFO:Epoch 58: Train Loss: 113.5157, Train Node Loss: 18.5649, Train Reg Loss: 0.9495, Train MAPE: 11.0317, Train R: 0.7241, Train RRSE: 0.7080, Test Loss: 153.8245, Test Node Loss: 17.0179, Test Reg Loss: 1.3681, Test MAPE: 10.9690, Test R: 0.7066, Test RRSE: 0.8479
2025-02-10 15:12:37,905:INFO:Epoch 59: Train Loss: 109.7637, Train Node Loss: 17.3980, Train Reg Loss: 0.9237, Train MAPE: 11.0455, Train R: 0.7286, Train RRSE: 0.6983, Test Loss: 307.6935, Test Node Loss: 11.8390, Test Reg Loss: 2.9585, Test MAPE: 13.5882, Test R: 0.6971, Test RRSE: 1.2469
2025-02-10 15:12:50,115:INFO:Epoch 60: Train Loss: 110.3765, Train Node Loss: 15.1527, Train Reg Loss: 0.9522, Train MAPE: 10.9629, Train R: 0.7258, Train RRSE: 0.7090, Test Loss: 212.1253, Test Node Loss: 13.4533, Test Reg Loss: 1.9867, Test MAPE: 12.0675, Test R: 0.7018, Test RRSE: 1.0218
2025-02-10 15:13:02,161:INFO:Epoch 61: Train Loss: 116.1360, Train Node Loss: 16.8003, Train Reg Loss: 0.9934, Train MAPE: 11.1800, Train R: 0.7009, Train RRSE: 0.7242, Test Loss: 150.7359, Test Node Loss: 14.9333, Test Reg Loss: 1.3580, Test MAPE: 11.0410, Test R: 0.7085, Test RRSE: 0.8448
2025-02-10 15:13:02,203:INFO:Checkpoint saved at best_0.001_0.001_256_SAGE_2_64_0.7085_epoch_61.pth
2025-02-10 15:13:14,246:INFO:Epoch 62: Train Loss: 111.0773, Train Node Loss: 15.1710, Train Reg Loss: 0.9591, Train MAPE: 10.9810, Train R: 0.7136, Train RRSE: 0.7116, Test Loss: 215.7812, Test Node Loss: 11.7841, Test Reg Loss: 2.0400, Test MAPE: 12.1165, Test R: 0.7103, Test RRSE: 1.0354
2025-02-10 15:13:14,263:INFO:Checkpoint saved at best_0.001_0.001_256_SAGE_2_64_0.7103_epoch_62.pth
2025-02-10 15:13:26,507:INFO:Epoch 63: Train Loss: 104.1530, Train Node Loss: 13.6987, Train Reg Loss: 0.9045, Train MAPE: 10.9480, Train R: 0.7462, Train RRSE: 0.6910, Test Loss: 160.6947, Test Node Loss: 12.7627, Test Reg Loss: 1.4793, Test MAPE: 11.1429, Test R: 0.7172, Test RRSE: 0.8817
2025-02-10 15:13:26,533:INFO:Checkpoint saved at best_0.001_0.001_256_SAGE_2_64_0.7172_epoch_63.pth
2025-02-10 15:13:38,702:INFO:Epoch 64: Train Loss: 104.2644, Train Node Loss: 14.4172, Train Reg Loss: 0.8985, Train MAPE: 11.0006, Train R: 0.7417, Train RRSE: 0.6887, Test Loss: 163.8985, Test Node Loss: 12.9319, Test Reg Loss: 1.5097, Test MAPE: 11.3408, Test R: 0.7184, Test RRSE: 0.8907
2025-02-10 15:13:38,737:INFO:Checkpoint saved at best_0.001_0.001_256_SAGE_2_64_0.7184_epoch_64.pth
2025-02-10 15:13:50,756:INFO:Epoch 65: Train Loss: 102.0475, Train Node Loss: 14.0453, Train Reg Loss: 0.8800, Train MAPE: 11.1591, Train R: 0.7443, Train RRSE: 0.6816, Test Loss: 183.2048, Test Node Loss: 11.8082, Test Reg Loss: 1.7140, Test MAPE: 11.7367, Test R: 0.7153, Test RRSE: 0.9491
2025-02-10 15:14:02,738:INFO:Epoch 66: Train Loss: 101.5450, Train Node Loss: 12.8320, Train Reg Loss: 0.8871, Train MAPE: 11.1270, Train R: 0.7417, Train RRSE: 0.6843, Test Loss: 201.4739, Test Node Loss: 10.5113, Test Reg Loss: 1.9096, Test MAPE: 12.0317, Test R: 0.7169, Test RRSE: 1.0018
2025-02-10 15:14:14,921:INFO:Epoch 67: Train Loss: 100.0387, Train Node Loss: 12.6574, Train Reg Loss: 0.8738, Train MAPE: 11.1183, Train R: 0.7458, Train RRSE: 0.6792, Test Loss: 154.8967, Test Node Loss: 11.6246, Test Reg Loss: 1.4327, Test MAPE: 11.3648, Test R: 0.7218, Test RRSE: 0.8677
2025-02-10 15:14:14,934:INFO:Checkpoint saved at best_0.001_0.001_256_SAGE_2_64_0.7218_epoch_67.pth
2025-02-10 15:14:27,113:INFO:Epoch 68: Train Loss: 100.0214, Train Node Loss: 12.9023, Train Reg Loss: 0.8712, Train MAPE: 11.1638, Train R: 0.7522, Train RRSE: 0.6782, Test Loss: 188.7343, Test Node Loss: 10.2270, Test Reg Loss: 1.7851, Test MAPE: 11.8913, Test R: 0.7212, Test RRSE: 0.9685
2025-02-10 15:14:39,139:INFO:Epoch 69: Train Loss: 94.4510, Train Node Loss: 11.0123, Train Reg Loss: 0.8344, Train MAPE: 11.0654, Train R: 0.7672, Train RRSE: 0.6637, Test Loss: 189.3122, Test Node Loss: 9.0068, Test Reg Loss: 1.8031, Test MAPE: 11.8756, Test R: 0.7236, Test RRSE: 0.9734
2025-02-10 15:14:39,159:INFO:Checkpoint saved at best_0.001_0.001_256_SAGE_2_64_0.7236_epoch_69.pth
2025-02-10 15:14:50,960:INFO:Epoch 70: Train Loss: 91.8008, Train Node Loss: 10.5680, Train Reg Loss: 0.8123, Train MAPE: 11.1411, Train R: 0.7725, Train RRSE: 0.6549, Test Loss: 137.3011, Test Node Loss: 10.4269, Test Reg Loss: 1.2687, Test MAPE: 11.1567, Test R: 0.7251, Test RRSE: 0.8165
2025-02-10 15:14:50,973:INFO:Checkpoint saved at best_0.001_0.001_256_SAGE_2_64_0.7251_epoch_70.pth
2025-02-10 15:15:03,014:INFO:Epoch 71: Train Loss: 92.8287, Train Node Loss: 11.5409, Train Reg Loss: 0.8129, Train MAPE: 11.3162, Train R: 0.7719, Train RRSE: 0.6551, Test Loss: 177.7637, Test Node Loss: 9.4260, Test Reg Loss: 1.6834, Test MAPE: 11.9057, Test R: 0.7216, Test RRSE: 0.9406
2025-02-10 15:15:14,940:INFO:Epoch 72: Train Loss: 93.2332, Train Node Loss: 10.4240, Train Reg Loss: 0.8281, Train MAPE: 11.1883, Train R: 0.7611, Train RRSE: 0.6612, Test Loss: 230.9175, Test Node Loss: 7.4106, Test Reg Loss: 2.2351, Test MAPE: 12.7163, Test R: 0.7220, Test RRSE: 1.0838
2025-02-10 15:15:26,963:INFO:Epoch 73: Train Loss: 93.8033, Train Node Loss: 9.0456, Train Reg Loss: 0.8476, Train MAPE: 11.1509, Train R: 0.7598, Train RRSE: 0.6689, Test Loss: 149.9454, Test Node Loss: 8.4153, Test Reg Loss: 1.4153, Test MAPE: 11.4039, Test R: 0.7273, Test RRSE: 0.8624
2025-02-10 15:15:26,979:INFO:Checkpoint saved at best_0.001_0.001_256_SAGE_2_64_0.7273_epoch_73.pth
2025-02-10 15:15:39,023:INFO:Epoch 74: Train Loss: 89.1305, Train Node Loss: 9.5510, Train Reg Loss: 0.7958, Train MAPE: 11.2753, Train R: 0.7745, Train RRSE: 0.6482, Test Loss: 166.1639, Test Node Loss: 8.0773, Test Reg Loss: 1.5809, Test MAPE: 11.6630, Test R: 0.7274, Test RRSE: 0.9115
2025-02-10 15:15:39,043:INFO:Checkpoint saved at best_0.001_0.001_256_SAGE_2_64_0.7274_epoch_74.pth
2025-02-10 15:15:50,964:INFO:Epoch 75: Train Loss: 90.5481, Train Node Loss: 8.8077, Train Reg Loss: 0.8174, Train MAPE: 11.1939, Train R: 0.7670, Train RRSE: 0.6569, Test Loss: 221.1939, Test Node Loss: 6.8984, Test Reg Loss: 2.1430, Test MAPE: 12.6471, Test R: 0.7255, Test RRSE: 1.0612
2025-02-10 15:16:02,800:INFO:Epoch 76: Train Loss: 87.2966, Train Node Loss: 8.8349, Train Reg Loss: 0.7846, Train MAPE: 11.3015, Train R: 0.7764, Train RRSE: 0.6436, Test Loss: 155.8387, Test Node Loss: 7.7301, Test Reg Loss: 1.4811, Test MAPE: 11.5958, Test R: 0.7298, Test RRSE: 0.8822
2025-02-10 15:16:02,820:INFO:Checkpoint saved at best_0.001_0.001_256_SAGE_2_64_0.7298_epoch_76.pth
2025-02-10 15:16:14,824:INFO:Epoch 77: Train Loss: 87.4280, Train Node Loss: 8.1459, Train Reg Loss: 0.7928, Train MAPE: 11.3511, Train R: 0.7711, Train RRSE: 0.6470, Test Loss: 203.3207, Test Node Loss: 6.3454, Test Reg Loss: 1.9698, Test MAPE: 12.4162, Test R: 0.7278, Test RRSE: 1.0174
2025-02-10 15:16:26,837:INFO:Epoch 78: Train Loss: 89.0731, Train Node Loss: 7.5818, Train Reg Loss: 0.8149, Train MAPE: 11.3272, Train R: 0.7630, Train RRSE: 0.6559, Test Loss: 178.1636, Test Node Loss: 6.6090, Test Reg Loss: 1.7155, Test MAPE: 12.0091, Test R: 0.7315, Test RRSE: 0.9495
2025-02-10 15:16:26,854:INFO:Checkpoint saved at best_0.001_0.001_256_SAGE_2_64_0.7315_epoch_78.pth
2025-02-10 15:16:38,832:INFO:Epoch 79: Train Loss: 90.0532, Train Node Loss: 7.5863, Train Reg Loss: 0.8247, Train MAPE: 11.2869, Train R: 0.7602, Train RRSE: 0.6598, Test Loss: 174.1810, Test Node Loss: 6.5343, Test Reg Loss: 1.6765, Test MAPE: 11.8220, Test R: 0.7337, Test RRSE: 0.9386
2025-02-10 15:16:38,844:INFO:Checkpoint saved at best_0.001_0.001_256_SAGE_2_64_0.7337_epoch_79.pth
2025-02-10 15:16:50,909:INFO:Epoch 80: Train Loss: 84.1028, Train Node Loss: 7.7403, Train Reg Loss: 0.7636, Train MAPE: 11.3519, Train R: 0.7864, Train RRSE: 0.6349, Test Loss: 207.2600, Test Node Loss: 5.6518, Test Reg Loss: 2.0161, Test MAPE: 12.4968, Test R: 0.7316, Test RRSE: 1.0293
2025-02-10 15:17:02,989:INFO:Epoch 81: Train Loss: 83.8579, Train Node Loss: 6.5933, Train Reg Loss: 0.7726, Train MAPE: 11.2954, Train R: 0.7797, Train RRSE: 0.6387, Test Loss: 204.7020, Test Node Loss: 4.9219, Test Reg Loss: 1.9978, Test MAPE: 12.4331, Test R: 0.7344, Test RRSE: 1.0246
2025-02-10 15:17:03,009:INFO:Checkpoint saved at best_0.001_0.001_256_SAGE_2_64_0.7344_epoch_81.pth
2025-02-10 15:17:14,868:INFO:Epoch 82: Train Loss: 85.5957, Train Node Loss: 6.1699, Train Reg Loss: 0.7943, Train MAPE: 11.2582, Train R: 0.7740, Train RRSE: 0.6475, Test Loss: 184.4048, Test Node Loss: 5.2890, Test Reg Loss: 1.7912, Test MAPE: 12.1519, Test R: 0.7353, Test RRSE: 0.9702
2025-02-10 15:17:14,886:INFO:Checkpoint saved at best_0.001_0.001_256_SAGE_2_64_0.7353_epoch_82.pth
2025-02-10 15:17:26,906:INFO:Epoch 83: Train Loss: 85.8896, Train Node Loss: 6.2859, Train Reg Loss: 0.7960, Train MAPE: 11.2507, Train R: 0.7734, Train RRSE: 0.6483, Test Loss: 202.3933, Test Node Loss: 5.0964, Test Reg Loss: 1.9730, Test MAPE: 12.4369, Test R: 0.7343, Test RRSE: 1.0182
2025-02-10 15:17:38,740:INFO:Epoch 84: Train Loss: 85.1150, Train Node Loss: 6.3012, Train Reg Loss: 0.7881, Train MAPE: 11.3340, Train R: 0.7770, Train RRSE: 0.6450, Test Loss: 206.3684, Test Node Loss: 4.4726, Test Reg Loss: 2.0190, Test MAPE: 12.5699, Test R: 0.7352, Test RRSE: 1.0300
2025-02-10 15:17:50,644:INFO:Epoch 85: Train Loss: 82.4471, Train Node Loss: 5.4075, Train Reg Loss: 0.7704, Train MAPE: 11.3381, Train R: 0.7805, Train RRSE: 0.6377, Test Loss: 172.8923, Test Node Loss: 4.4196, Test Reg Loss: 1.6847, Test MAPE: 12.0381, Test R: 0.7371, Test RRSE: 0.9409
2025-02-10 15:17:50,667:INFO:Checkpoint saved at best_0.001_0.001_256_SAGE_2_64_0.7371_epoch_85.pth
2025-02-10 15:18:02,468:INFO:Epoch 86: Train Loss: 83.8422, Train Node Loss: 5.1501, Train Reg Loss: 0.7869, Train MAPE: 11.3155, Train R: 0.7743, Train RRSE: 0.6445, Test Loss: 212.2187, Test Node Loss: 3.7519, Test Reg Loss: 2.0847, Test MAPE: 12.6598, Test R: 0.7364, Test RRSE: 1.0467
2025-02-10 15:18:14,319:INFO:Epoch 87: Train Loss: 81.3502, Train Node Loss: 5.2186, Train Reg Loss: 0.7613, Train MAPE: 11.4835, Train R: 0.7824, Train RRSE: 0.6340, Test Loss: 180.4675, Test Node Loss: 4.1477, Test Reg Loss: 1.7632, Test MAPE: 12.2999, Test R: 0.7367, Test RRSE: 0.9626
2025-02-10 15:18:26,176:INFO:Epoch 88: Train Loss: 79.0647, Train Node Loss: 4.7844, Train Reg Loss: 0.7428, Train MAPE: 11.4021, Train R: 0.7890, Train RRSE: 0.6262, Test Loss: 225.1296, Test Node Loss: 3.0687, Test Reg Loss: 2.2206, Test MAPE: 13.0033, Test R: 0.7336, Test RRSE: 1.0803
2025-02-10 15:18:38,231:INFO:Epoch 89: Train Loss: 82.2815, Train Node Loss: 4.1735, Train Reg Loss: 0.7811, Train MAPE: 11.3823, Train R: 0.7744, Train RRSE: 0.6421, Test Loss: 168.4163, Test Node Loss: 3.3137, Test Reg Loss: 1.6510, Test MAPE: 12.0876, Test R: 0.7382, Test RRSE: 0.9315
2025-02-10 15:18:38,245:INFO:Checkpoint saved at best_0.001_0.001_256_SAGE_2_64_0.7382_epoch_89.pth
2025-02-10 15:18:50,244:INFO:Epoch 90: Train Loss: 79.9268, Train Node Loss: 4.2728, Train Reg Loss: 0.7565, Train MAPE: 11.4761, Train R: 0.7824, Train RRSE: 0.6320, Test Loss: 199.7127, Test Node Loss: 3.0241, Test Reg Loss: 1.9669, Test MAPE: 12.5689, Test R: 0.7363, Test RRSE: 1.0167
2025-02-10 15:19:02,107:INFO:Epoch 91: Train Loss: 80.0606, Train Node Loss: 3.8896, Train Reg Loss: 0.7617, Train MAPE: 11.4271, Train R: 0.7799, Train RRSE: 0.6341, Test Loss: 209.1524, Test Node Loss: 2.5658, Test Reg Loss: 2.0659, Test MAPE: 12.7296, Test R: 0.7366, Test RRSE: 1.0419
2025-02-10 15:19:14,174:INFO:Epoch 92: Train Loss: 80.1567, Train Node Loss: 3.2946, Train Reg Loss: 0.7686, Train MAPE: 11.3144, Train R: 0.7813, Train RRSE: 0.6370, Test Loss: 156.2250, Test Node Loss: 2.6332, Test Reg Loss: 1.5359, Test MAPE: 11.8879, Test R: 0.7410, Test RRSE: 0.8984
2025-02-10 15:19:14,195:INFO:Checkpoint saved at best_0.001_0.001_256_SAGE_2_64_0.7410_epoch_92.pth
2025-02-10 15:19:26,078:INFO:Epoch 93: Train Loss: 76.9871, Train Node Loss: 3.5957, Train Reg Loss: 0.7339, Train MAPE: 11.5418, Train R: 0.7917, Train RRSE: 0.6225, Test Loss: 143.3702, Test Node Loss: 2.9141, Test Reg Loss: 1.4046, Test MAPE: 11.8157, Test R: 0.7417, Test RRSE: 0.8591
2025-02-10 15:19:26,091:INFO:Checkpoint saved at best_0.001_0.001_256_SAGE_2_64_0.7417_epoch_93.pth
2025-02-10 15:19:38,122:INFO:Epoch 94: Train Loss: 75.9904, Train Node Loss: 3.2426, Train Reg Loss: 0.7275, Train MAPE: 11.4991, Train R: 0.7920, Train RRSE: 0.6197, Test Loss: 253.5881, Test Node Loss: 1.6828, Test Reg Loss: 2.5191, Test MAPE: 13.4420, Test R: 0.7378, Test RRSE: 1.1506
2025-02-10 15:19:49,939:INFO:Epoch 95: Train Loss: 81.4247, Train Node Loss: 2.6281, Train Reg Loss: 0.7880, Train MAPE: 11.3349, Train R: 0.7735, Train RRSE: 0.6450, Test Loss: 152.1943, Test Node Loss: 2.1238, Test Reg Loss: 1.5007, Test MAPE: 11.8567, Test R: 0.7451, Test RRSE: 0.8881
2025-02-10 15:19:49,953:INFO:Checkpoint saved at best_0.001_0.001_256_SAGE_2_64_0.7451_epoch_95.pth
2025-02-10 15:20:01,792:INFO:Epoch 96: Train Loss: 75.8863, Train Node Loss: 2.7574, Train Reg Loss: 0.7313, Train MAPE: 11.4782, Train R: 0.7932, Train RRSE: 0.6213, Test Loss: 198.1522, Test Node Loss: 1.6262, Test Reg Loss: 1.9653, Test MAPE: 12.5351, Test R: 0.7427, Test RRSE: 1.0163
2025-02-10 15:20:13,658:INFO:Epoch 97: Train Loss: 75.2657, Train Node Loss: 2.2532, Train Reg Loss: 0.7301, Train MAPE: 11.4268, Train R: 0.7927, Train RRSE: 0.6208, Test Loss: 182.3685, Test Node Loss: 1.5955, Test Reg Loss: 1.8077, Test MAPE: 12.4360, Test R: 0.7434, Test RRSE: 0.9747
2025-02-10 15:20:25,498:INFO:Epoch 98: Train Loss: 72.4430, Train Node Loss: 2.2570, Train Reg Loss: 0.7019, Train MAPE: 11.5539, Train R: 0.8000, Train RRSE: 0.6087, Test Loss: 120.1756, Test Node Loss: 1.8817, Test Reg Loss: 1.1829, Test MAPE: 11.4541, Test R: 0.7471, Test RRSE: 0.7884
2025-02-10 15:20:25,520:INFO:Checkpoint saved at best_0.001_0.001_256_SAGE_2_64_0.7471_epoch_98.pth
2025-02-10 15:20:37,501:INFO:Epoch 99: Train Loss: 73.6174, Train Node Loss: 2.2791, Train Reg Loss: 0.7134, Train MAPE: 11.6150, Train R: 0.7958, Train RRSE: 0.6137, Test Loss: 148.1773, Test Node Loss: 1.5288, Test Reg Loss: 1.4665, Test MAPE: 11.9759, Test R: 0.7464, Test RRSE: 0.8779
2025-02-10 15:20:49,522:INFO:Epoch 100: Train Loss: 73.3237, Train Node Loss: 1.9524, Train Reg Loss: 0.7137, Train MAPE: 11.4880, Train R: 0.7970, Train RRSE: 0.6138, Test Loss: 147.6787, Test Node Loss: 1.2875, Test Reg Loss: 1.4639, Test MAPE: 11.9195, Test R: 0.7483, Test RRSE: 0.8771
2025-02-10 15:20:49,536:INFO:Checkpoint saved at best_0.001_0.001_256_SAGE_2_64_0.7483_epoch_100.pth
2025-02-10 15:21:01,551:INFO:Epoch 101: Train Loss: 75.6968, Train Node Loss: 1.8947, Train Reg Loss: 0.7380, Train MAPE: 11.4699, Train R: 0.7869, Train RRSE: 0.6242, Test Loss: 153.0850, Test Node Loss: 1.3052, Test Reg Loss: 1.5178, Test MAPE: 12.0726, Test R: 0.7480, Test RRSE: 0.8931
2025-02-10 15:21:13,390:INFO:Epoch 102: Train Loss: 73.6698, Train Node Loss: 1.7836, Train Reg Loss: 0.7189, Train MAPE: 11.5470, Train R: 0.7938, Train RRSE: 0.6160, Test Loss: 173.3939, Test Node Loss: 1.0566, Test Reg Loss: 1.7234, Test MAPE: 12.3882, Test R: 0.7488, Test RRSE: 0.9517
2025-02-10 15:21:13,425:INFO:Checkpoint saved at best_0.001_0.001_256_SAGE_2_64_0.7488_epoch_102.pth
2025-02-10 15:21:25,256:INFO:Epoch 103: Train Loss: 75.8738, Train Node Loss: 1.4983, Train Reg Loss: 0.7438, Train MAPE: 11.5053, Train R: 0.7856, Train RRSE: 0.6266, Test Loss: 176.9463, Test Node Loss: 0.8638, Test Reg Loss: 1.7608, Test MAPE: 12.3530, Test R: 0.7484, Test RRSE: 0.9619
2025-02-10 15:21:37,070:INFO:Epoch 104: Train Loss: 76.3425, Train Node Loss: 1.6165, Train Reg Loss: 0.7473, Train MAPE: 11.5262, Train R: 0.7851, Train RRSE: 0.6281, Test Loss: 150.7511, Test Node Loss: 1.1500, Test Reg Loss: 1.4960, Test MAPE: 12.0454, Test R: 0.7484, Test RRSE: 0.8867
2025-02-10 15:21:48,900:INFO:Epoch 105: Train Loss: 73.4702, Train Node Loss: 1.3379, Train Reg Loss: 0.7213, Train MAPE: 11.5583, Train R: 0.7938, Train RRSE: 0.6171, Test Loss: 270.1574, Test Node Loss: 0.5353, Test Reg Loss: 2.6962, Test MAPE: 13.8430, Test R: 0.7429, Test RRSE: 1.1903
2025-02-10 15:22:00,937:INFO:Epoch 106: Train Loss: 70.5975, Train Node Loss: 1.2715, Train Reg Loss: 0.6933, Train MAPE: 11.3888, Train R: 0.8075, Train RRSE: 0.6050, Test Loss: 116.2040, Test Node Loss: 1.1256, Test Reg Loss: 1.1508, Test MAPE: 11.3960, Test R: 0.7507, Test RRSE: 0.7777
2025-02-10 15:22:00,982:INFO:Checkpoint saved at best_0.001_0.001_256_SAGE_2_64_0.7507_epoch_106.pth
2025-02-10 15:22:12,799:INFO:Epoch 107: Train Loss: 72.6112, Train Node Loss: 1.5245, Train Reg Loss: 0.7109, Train MAPE: 11.7275, Train R: 0.8012, Train RRSE: 0.6126, Test Loss: 167.8158, Test Node Loss: 0.7299, Test Reg Loss: 1.6709, Test MAPE: 12.4129, Test R: 0.7471, Test RRSE: 0.9370
2025-02-10 15:22:24,605:INFO:Epoch 108: Train Loss: 73.3483, Train Node Loss: 1.0469, Train Reg Loss: 0.7230, Train MAPE: 11.5758, Train R: 0.7921, Train RRSE: 0.6178, Test Loss: 207.7928, Test Node Loss: 0.4386, Test Reg Loss: 2.0735, Test MAPE: 12.8401, Test R: 0.7460, Test RRSE: 1.0439
2025-02-10 15:22:36,679:INFO:Epoch 109: Train Loss: 72.9791, Train Node Loss: 0.9272, Train Reg Loss: 0.7205, Train MAPE: 11.5698, Train R: 0.7929, Train RRSE: 0.6167, Test Loss: 124.9333, Test Node Loss: 0.6819, Test Reg Loss: 1.2425, Test MAPE: 11.7483, Test R: 0.7509, Test RRSE: 0.8081
2025-02-10 15:22:36,699:INFO:Checkpoint saved at best_0.001_0.001_256_SAGE_2_64_0.7509_epoch_109.pth
2025-02-10 15:22:48,710:INFO:Epoch 110: Train Loss: 73.2973, Train Node Loss: 1.1178, Train Reg Loss: 0.7218, Train MAPE: 11.6413, Train R: 0.7953, Train RRSE: 0.6173, Test Loss: 146.6155, Test Node Loss: 0.6428, Test Reg Loss: 1.4597, Test MAPE: 11.9108, Test R: 0.7514, Test RRSE: 0.8758
2025-02-10 15:22:48,726:INFO:Checkpoint saved at best_0.001_0.001_256_SAGE_2_64_0.7514_epoch_110.pth
2025-02-10 15:23:00,544:INFO:Epoch 111: Train Loss: 72.9925, Train Node Loss: 0.9036, Train Reg Loss: 0.7209, Train MAPE: 11.5259, Train R: 0.7931, Train RRSE: 0.6169, Test Loss: 239.7403, Test Node Loss: 0.3029, Test Reg Loss: 2.3944, Test MAPE: 13.4483, Test R: 0.7477, Test RRSE: 1.1217
2025-02-10 15:23:12,359:INFO:Epoch 112: Train Loss: 73.4684, Train Node Loss: 0.8108, Train Reg Loss: 0.7266, Train MAPE: 11.5382, Train R: 0.7912, Train RRSE: 0.6193, Test Loss: 146.9609, Test Node Loss: 0.5236, Test Reg Loss: 1.4644, Test MAPE: 12.0723, Test R: 0.7507, Test RRSE: 0.8772
2025-02-10 15:23:24,160:INFO:Epoch 113: Train Loss: 69.4270, Train Node Loss: 0.8302, Train Reg Loss: 0.6860, Train MAPE: 11.7025, Train R: 0.8035, Train RRSE: 0.6018, Test Loss: 231.8220, Test Node Loss: 0.3016, Test Reg Loss: 2.3152, Test MAPE: 13.3565, Test R: 0.7467, Test RRSE: 1.1030
2025-02-10 15:23:36,157:INFO:Epoch 114: Train Loss: 72.3416, Train Node Loss: 0.7722, Train Reg Loss: 0.7157, Train MAPE: 11.5921, Train R: 0.7937, Train RRSE: 0.6147, Test Loss: 170.8746, Test Node Loss: 0.4127, Test Reg Loss: 1.7046, Test MAPE: 12.4221, Test R: 0.7518, Test RRSE: 0.9465
2025-02-10 15:23:36,180:INFO:Checkpoint saved at best_0.001_0.001_256_SAGE_2_64_0.7518_epoch_114.pth
2025-02-10 15:23:48,113:INFO:Epoch 115: Train Loss: 65.8119, Train Node Loss: 0.7222, Train Reg Loss: 0.6509, Train MAPE: 11.6422, Train R: 0.8165, Train RRSE: 0.5862, Test Loss: 184.4301, Test Node Loss: 0.2840, Test Reg Loss: 1.8415, Test MAPE: 12.7092, Test R: 0.7519, Test RRSE: 0.9837
2025-02-10 15:23:48,134:INFO:Checkpoint saved at best_0.001_0.001_256_SAGE_2_64_0.7519_epoch_115.pth
2025-02-10 15:24:00,168:INFO:Epoch 116: Train Loss: 67.8110, Train Node Loss: 0.5606, Train Reg Loss: 0.6725, Train MAPE: 11.6910, Train R: 0.8090, Train RRSE: 0.5958, Test Loss: 190.1380, Test Node Loss: 0.2618, Test Reg Loss: 1.8988, Test MAPE: 12.8213, Test R: 0.7520, Test RRSE: 0.9989
2025-02-10 15:24:00,185:INFO:Checkpoint saved at best_0.001_0.001_256_SAGE_2_64_0.7520_epoch_116.pth
2025-02-10 15:24:11,984:INFO:Epoch 117: Train Loss: 67.6995, Train Node Loss: 0.6417, Train Reg Loss: 0.6706, Train MAPE: 11.7308, Train R: 0.8081, Train RRSE: 0.5950, Test Loss: 173.3643, Test Node Loss: 0.3458, Test Reg Loss: 1.7302, Test MAPE: 12.4972, Test R: 0.7538, Test RRSE: 0.9535
2025-02-10 15:24:12,000:INFO:Checkpoint saved at best_0.001_0.001_256_SAGE_2_64_0.7538_epoch_117.pth
2025-02-10 15:24:24,026:INFO:Epoch 118: Train Loss: 68.3791, Train Node Loss: 0.5979, Train Reg Loss: 0.6778, Train MAPE: 11.6566, Train R: 0.8072, Train RRSE: 0.5982, Test Loss: 224.0455, Test Node Loss: 0.2103, Test Reg Loss: 2.2384, Test MAPE: 13.2921, Test R: 0.7529, Test RRSE: 1.0846
2025-02-10 15:24:35,831:INFO:Epoch 119: Train Loss: 67.4007, Train Node Loss: 0.5152, Train Reg Loss: 0.6689, Train MAPE: 11.6519, Train R: 0.8096, Train RRSE: 0.5942, Test Loss: 153.3831, Test Node Loss: 0.2701, Test Reg Loss: 1.5311, Test MAPE: 12.2430, Test R: 0.7563, Test RRSE: 0.8970
2025-02-10 15:24:35,848:INFO:Checkpoint saved at best_0.001_0.001_256_SAGE_2_64_0.7563_epoch_119.pth
2025-02-10 15:24:47,694:INFO:Epoch 120: Train Loss: 71.4720, Train Node Loss: 0.6090, Train Reg Loss: 0.7086, Train MAPE: 11.8148, Train R: 0.7973, Train RRSE: 0.6116, Test Loss: 191.5179, Test Node Loss: 0.2351, Test Reg Loss: 1.9128, Test MAPE: 12.9384, Test R: 0.7529, Test RRSE: 1.0026
2025-02-10 15:24:59,467:INFO:Epoch 121: Train Loss: 66.6722, Train Node Loss: 0.4450, Train Reg Loss: 0.6623, Train MAPE: 11.6675, Train R: 0.8109, Train RRSE: 0.5913, Test Loss: 285.3324, Test Node Loss: 0.1098, Test Reg Loss: 2.8522, Test MAPE: 14.2191, Test R: 0.7500, Test RRSE: 1.2243
2025-02-10 15:25:11,169:INFO:Epoch 122: Train Loss: 68.4887, Train Node Loss: 0.3493, Train Reg Loss: 0.6814, Train MAPE: 11.4890, Train R: 0.8120, Train RRSE: 0.5998, Test Loss: 154.6148, Test Node Loss: 0.1883, Test Reg Loss: 1.5443, Test MAPE: 12.1124, Test R: 0.7577, Test RRSE: 0.9008
2025-02-10 15:25:11,187:INFO:Checkpoint saved at best_0.001_0.001_256_SAGE_2_64_0.7577_epoch_122.pth
2025-02-10 15:25:23,118:INFO:Epoch 123: Train Loss: 68.7426, Train Node Loss: 0.4863, Train Reg Loss: 0.6826, Train MAPE: 11.6791, Train R: 0.8113, Train RRSE: 0.6003, Test Loss: 121.0636, Test Node Loss: 0.2492, Test Reg Loss: 1.2081, Test MAPE: 11.7223, Test R: 0.7596, Test RRSE: 0.7968
2025-02-10 15:25:23,136:INFO:Checkpoint saved at best_0.001_0.001_256_SAGE_2_64_0.7596_epoch_123.pth
2025-02-10 15:25:34,864:INFO:Epoch 124: Train Loss: 65.3441, Train Node Loss: 0.4253, Train Reg Loss: 0.6492, Train MAPE: 11.6852, Train R: 0.8183, Train RRSE: 0.5854, Test Loss: 236.2495, Test Node Loss: 0.1029, Test Reg Loss: 2.3615, Test MAPE: 13.4888, Test R: 0.7535, Test RRSE: 1.1140
2025-02-10 15:25:46,650:INFO:Epoch 125: Train Loss: 66.1392, Train Node Loss: 0.2758, Train Reg Loss: 0.6586, Train MAPE: 11.6992, Train R: 0.8161, Train RRSE: 0.5897, Test Loss: 231.4683, Test Node Loss: 0.0902, Test Reg Loss: 2.3138, Test MAPE: 13.4245, Test R: 0.7547, Test RRSE: 1.1027
2025-02-10 15:25:58,537:INFO:Epoch 126: Train Loss: 63.3448, Train Node Loss: 0.2920, Train Reg Loss: 0.6305, Train MAPE: 11.8438, Train R: 0.8196, Train RRSE: 0.5769, Test Loss: 160.1176, Test Node Loss: 0.1306, Test Reg Loss: 1.5999, Test MAPE: 12.3127, Test R: 0.7578, Test RRSE: 0.9169
2025-02-10 15:26:10,449:INFO:Epoch 127: Train Loss: 63.0917, Train Node Loss: 0.2963, Train Reg Loss: 0.6280, Train MAPE: 11.6980, Train R: 0.8241, Train RRSE: 0.5758, Test Loss: 201.8006, Test Node Loss: 0.0982, Test Reg Loss: 2.0170, Test MAPE: 12.9102, Test R: 0.7561, Test RRSE: 1.0295
2025-02-10 15:26:22,632:INFO:Epoch 128: Train Loss: 66.6693, Train Node Loss: 0.2684, Train Reg Loss: 0.6640, Train MAPE: 11.7722, Train R: 0.8091, Train RRSE: 0.5921, Test Loss: 211.7809, Test Node Loss: 0.0910, Test Reg Loss: 2.1169, Test MAPE: 13.1286, Test R: 0.7550, Test RRSE: 1.0547
2025-02-10 15:26:34,875:INFO:Epoch 129: Train Loss: 62.9316, Train Node Loss: 0.2415, Train Reg Loss: 0.6269, Train MAPE: 11.7638, Train R: 0.8222, Train RRSE: 0.5753, Test Loss: 196.6527, Test Node Loss: 0.0831, Test Reg Loss: 1.9657, Test MAPE: 12.8461, Test R: 0.7572, Test RRSE: 1.0164
2025-02-10 15:26:46,895:INFO:Epoch 130: Train Loss: 62.7105, Train Node Loss: 0.2327, Train Reg Loss: 0.6248, Train MAPE: 11.8526, Train R: 0.8217, Train RRSE: 0.5743, Test Loss: 164.7058, Test Node Loss: 0.0907, Test Reg Loss: 1.6462, Test MAPE: 12.5945, Test R: 0.7582, Test RRSE: 0.9301
2025-02-10 15:26:58,964:INFO:Epoch 131: Train Loss: 64.7305, Train Node Loss: 0.2418, Train Reg Loss: 0.6449, Train MAPE: 11.8562, Train R: 0.8150, Train RRSE: 0.5835, Test Loss: 160.5549, Test Node Loss: 0.0887, Test Reg Loss: 1.6047, Test MAPE: 12.3061, Test R: 0.7591, Test RRSE: 0.9183
2025-02-10 15:27:11,078:INFO:Epoch 132: Train Loss: 70.8531, Train Node Loss: 0.1952, Train Reg Loss: 0.7066, Train MAPE: 11.6603, Train R: 0.7965, Train RRSE: 0.6108, Test Loss: 171.9724, Test Node Loss: 0.0720, Test Reg Loss: 1.7190, Test MAPE: 12.6138, Test R: 0.7590, Test RRSE: 0.9505
2025-02-10 15:27:23,286:INFO:Epoch 133: Train Loss: 64.6145, Train Node Loss: 0.2223, Train Reg Loss: 0.6439, Train MAPE: 11.8548, Train R: 0.8157, Train RRSE: 0.5830, Test Loss: 132.0888, Test Node Loss: 0.1019, Test Reg Loss: 1.3199, Test MAPE: 12.0506, Test R: 0.7597, Test RRSE: 0.8328
2025-02-10 15:27:23,318:INFO:Checkpoint saved at best_0.001_0.001_256_SAGE_2_64_0.7597_epoch_133.pth
2025-02-10 15:27:35,506:INFO:Epoch 134: Train Loss: 65.7683, Train Node Loss: 0.2223, Train Reg Loss: 0.6555, Train MAPE: 11.9270, Train R: 0.8109, Train RRSE: 0.5882, Test Loss: 176.3019, Test Node Loss: 0.0748, Test Reg Loss: 1.7623, Test MAPE: 12.6710, Test R: 0.7594, Test RRSE: 0.9623
2025-02-10 15:27:47,732:INFO:Epoch 135: Train Loss: 65.6445, Train Node Loss: 0.2014, Train Reg Loss: 0.6544, Train MAPE: 11.7126, Train R: 0.8119, Train RRSE: 0.5878, Test Loss: 169.9251, Test Node Loss: 0.0746, Test Reg Loss: 1.6985, Test MAPE: 12.6075, Test R: 0.7616, Test RRSE: 0.9448
2025-02-10 15:27:47,756:INFO:Checkpoint saved at best_0.001_0.001_256_SAGE_2_64_0.7616_epoch_135.pth
2025-02-10 15:28:00,021:INFO:Epoch 136: Train Loss: 62.4169, Train Node Loss: 0.1893, Train Reg Loss: 0.6223, Train MAPE: 11.7059, Train R: 0.8248, Train RRSE: 0.5732, Test Loss: 183.1331, Test Node Loss: 0.0666, Test Reg Loss: 1.8307, Test MAPE: 12.7370, Test R: 0.7626, Test RRSE: 0.9808
2025-02-10 15:28:00,041:INFO:Checkpoint saved at best_0.001_0.001_256_SAGE_2_64_0.7626_epoch_136.pth
2025-02-10 15:28:12,447:INFO:Epoch 137: Train Loss: 63.0031, Train Node Loss: 0.1707, Train Reg Loss: 0.6283, Train MAPE: 11.7525, Train R: 0.8228, Train RRSE: 0.5759, Test Loss: 162.0991, Test Node Loss: 0.0698, Test Reg Loss: 1.6203, Test MAPE: 12.5018, Test R: 0.7626, Test RRSE: 0.9228
2025-02-10 15:28:12,463:INFO:Checkpoint saved at best_0.001_0.001_256_SAGE_2_64_0.7626_epoch_137.pth
2025-02-10 15:28:24,797:INFO:Epoch 138: Train Loss: 67.5097, Train Node Loss: 0.1945, Train Reg Loss: 0.6732, Train MAPE: 11.7986, Train R: 0.8087, Train RRSE: 0.5961, Test Loss: 136.1974, Test Node Loss: 0.0845, Test Reg Loss: 1.3611, Test MAPE: 12.2115, Test R: 0.7616, Test RRSE: 0.8457
2025-02-10 15:28:37,000:INFO:Epoch 139: Train Loss: 67.4235, Train Node Loss: 0.1670, Train Reg Loss: 0.6726, Train MAPE: 11.8639, Train R: 0.8045, Train RRSE: 0.5959, Test Loss: 221.7775, Test Node Loss: 0.0520, Test Reg Loss: 2.2173, Test MAPE: 13.4060, Test R: 0.7587, Test RRSE: 1.0794
2025-02-10 15:28:49,195:INFO:Epoch 140: Train Loss: 63.3390, Train Node Loss: 0.1364, Train Reg Loss: 0.6320, Train MAPE: 11.8242, Train R: 0.8208, Train RRSE: 0.5776, Test Loss: 183.2782, Test Node Loss: 0.0565, Test Reg Loss: 1.8322, Test MAPE: 12.8202, Test R: 0.7607, Test RRSE: 0.9813
2025-02-10 15:29:01,397:INFO:Epoch 141: Train Loss: 61.2016, Train Node Loss: 0.1515, Train Reg Loss: 0.6105, Train MAPE: 11.8289, Train R: 0.8273, Train RRSE: 0.5677, Test Loss: 156.6903, Test Node Loss: 0.0600, Test Reg Loss: 1.5663, Test MAPE: 12.3813, Test R: 0.7611, Test RRSE: 0.9073
2025-02-10 15:29:13,795:INFO:Epoch 142: Train Loss: 59.9569, Train Node Loss: 0.1468, Train Reg Loss: 0.5981, Train MAPE: 11.9313, Train R: 0.8310, Train RRSE: 0.5619, Test Loss: 170.5006, Test Node Loss: 0.0543, Test Reg Loss: 1.7045, Test MAPE: 12.7620, Test R: 0.7606, Test RRSE: 0.9464
2025-02-10 15:29:26,159:INFO:Epoch 143: Train Loss: 64.8012, Train Node Loss: 0.1311, Train Reg Loss: 0.6467, Train MAPE: 11.9083, Train R: 0.8131, Train RRSE: 0.5843, Test Loss: 198.9441, Test Node Loss: 0.0489, Test Reg Loss: 1.9890, Test MAPE: 13.0516, Test R: 0.7602, Test RRSE: 1.0224
2025-02-10 15:29:38,559:INFO:Epoch 144: Train Loss: 60.9757, Train Node Loss: 0.1215, Train Reg Loss: 0.6085, Train MAPE: 11.8078, Train R: 0.8268, Train RRSE: 0.5668, Test Loss: 181.0468, Test Node Loss: 0.0490, Test Reg Loss: 1.8100, Test MAPE: 12.8268, Test R: 0.7616, Test RRSE: 0.9753
2025-02-10 15:29:50,778:INFO:Epoch 145: Train Loss: 61.9896, Train Node Loss: 0.1245, Train Reg Loss: 0.6187, Train MAPE: 11.8168, Train R: 0.8256, Train RRSE: 0.5715, Test Loss: 172.8106, Test Node Loss: 0.0490, Test Reg Loss: 1.7276, Test MAPE: 12.7597, Test R: 0.7622, Test RRSE: 0.9528
2025-02-10 15:30:03,010:INFO:Epoch 146: Train Loss: 61.7238, Train Node Loss: 0.1103, Train Reg Loss: 0.6161, Train MAPE: 11.8709, Train R: 0.8242, Train RRSE: 0.5703, Test Loss: 210.9576, Test Node Loss: 0.0462, Test Reg Loss: 2.1091, Test MAPE: 13.3791, Test R: 0.7610, Test RRSE: 1.0528
2025-02-10 15:30:15,173:INFO:Epoch 147: Train Loss: 63.5371, Train Node Loss: 0.1111, Train Reg Loss: 0.6343, Train MAPE: 11.9135, Train R: 0.8173, Train RRSE: 0.5787, Test Loss: 157.1402, Test Node Loss: 0.0508, Test Reg Loss: 1.5709, Test MAPE: 12.5890, Test R: 0.7623, Test RRSE: 0.9086
2025-02-10 15:30:27,370:INFO:Epoch 148: Train Loss: 61.2684, Train Node Loss: 0.1133, Train Reg Loss: 0.6116, Train MAPE: 11.9352, Train R: 0.8254, Train RRSE: 0.5682, Test Loss: 238.2928, Test Node Loss: 0.0486, Test Reg Loss: 2.3824, Test MAPE: 13.7478, Test R: 0.7585, Test RRSE: 1.1189
2025-02-10 15:30:39,455:INFO:Epoch 149: Train Loss: 63.6027, Train Node Loss: 0.1029, Train Reg Loss: 0.6350, Train MAPE: 11.8738, Train R: 0.8175, Train RRSE: 0.5790, Test Loss: 192.5920, Test Node Loss: 0.0477, Test Reg Loss: 1.9254, Test MAPE: 12.9378, Test R: 0.7631, Test RRSE: 1.0059
2025-02-10 15:30:39,472:INFO:Checkpoint saved at best_0.001_0.001_256_SAGE_2_64_0.7631_epoch_149.pth
2025-02-10 15:30:51,767:INFO:Epoch 150: Train Loss: 63.3029, Train Node Loss: 0.1019, Train Reg Loss: 0.6320, Train MAPE: 11.7426, Train R: 0.8203, Train RRSE: 0.5776, Test Loss: 142.0616, Test Node Loss: 0.0493, Test Reg Loss: 1.4201, Test MAPE: 12.3139, Test R: 0.7650, Test RRSE: 0.8639
2025-02-10 15:30:51,790:INFO:Checkpoint saved at best_0.001_0.001_256_SAGE_2_64_0.7650_epoch_150.pth
2025-02-10 15:31:04,179:INFO:Epoch 151: Train Loss: 60.6700, Train Node Loss: 0.1067, Train Reg Loss: 0.6056, Train MAPE: 11.8848, Train R: 0.8277, Train RRSE: 0.5654, Test Loss: 164.9402, Test Node Loss: 0.0535, Test Reg Loss: 1.6489, Test MAPE: 12.7404, Test R: 0.7633, Test RRSE: 0.9309
2025-02-10 15:31:16,275:INFO:Epoch 152: Train Loss: 58.4080, Train Node Loss: 0.1109, Train Reg Loss: 0.5830, Train MAPE: 11.9681, Train R: 0.8346, Train RRSE: 0.5548, Test Loss: 175.4549, Test Node Loss: 0.0552, Test Reg Loss: 1.7540, Test MAPE: 12.8704, Test R: 0.7629, Test RRSE: 0.9601
2025-02-10 15:31:28,609:INFO:Epoch 153: Train Loss: 65.5251, Train Node Loss: 0.1077, Train Reg Loss: 0.6542, Train MAPE: 11.8267, Train R: 0.8114, Train RRSE: 0.5877, Test Loss: 164.7856, Test Node Loss: 0.0555, Test Reg Loss: 1.6473, Test MAPE: 12.8511, Test R: 0.7646, Test RRSE: 0.9304
2025-02-10 15:31:40,821:INFO:Epoch 154: Train Loss: 61.0322, Train Node Loss: 0.1080, Train Reg Loss: 0.6092, Train MAPE: 11.8737, Train R: 0.8259, Train RRSE: 0.5671, Test Loss: 138.5914, Test Node Loss: 0.0575, Test Reg Loss: 1.3853, Test MAPE: 12.4273, Test R: 0.7662, Test RRSE: 0.8532
2025-02-10 15:31:40,840:INFO:Checkpoint saved at best_0.001_0.001_256_SAGE_2_64_0.7662_epoch_154.pth
2025-02-10 15:31:53,271:INFO:Epoch 155: Train Loss: 63.9283, Train Node Loss: 0.1122, Train Reg Loss: 0.6382, Train MAPE: 11.8361, Train R: 0.8169, Train RRSE: 0.5804, Test Loss: 132.7100, Test Node Loss: 0.0599, Test Reg Loss: 1.3265, Test MAPE: 12.3148, Test R: 0.7657, Test RRSE: 0.8349
2025-02-10 15:32:05,635:INFO:Epoch 156: Train Loss: 62.8014, Train Node Loss: 0.1122, Train Reg Loss: 0.6269, Train MAPE: 11.8847, Train R: 0.8216, Train RRSE: 0.5753, Test Loss: 145.7222, Test Node Loss: 0.0563, Test Reg Loss: 1.4567, Test MAPE: 12.4792, Test R: 0.7666, Test RRSE: 0.8749
2025-02-10 15:32:05,655:INFO:Checkpoint saved at best_0.001_0.001_256_SAGE_2_64_0.7666_epoch_156.pth
2025-02-10 15:32:17,873:INFO:Epoch 157: Train Loss: 60.9460, Train Node Loss: 0.1027, Train Reg Loss: 0.6084, Train MAPE: 11.9185, Train R: 0.8258, Train RRSE: 0.5667, Test Loss: 170.3228, Test Node Loss: 0.0552, Test Reg Loss: 1.7027, Test MAPE: 12.7717, Test R: 0.7664, Test RRSE: 0.9459
2025-02-10 15:32:30,203:INFO:Epoch 158: Train Loss: 66.3618, Train Node Loss: 0.1014, Train Reg Loss: 0.6626, Train MAPE: 11.8101, Train R: 0.8083, Train RRSE: 0.5914, Test Loss: 173.9775, Test Node Loss: 0.0562, Test Reg Loss: 1.7392, Test MAPE: 12.6689, Test R: 0.7664, Test RRSE: 0.9560
2025-02-10 15:32:42,570:INFO:Epoch 159: Train Loss: 58.1898, Train Node Loss: 0.1019, Train Reg Loss: 0.5809, Train MAPE: 11.8904, Train R: 0.8362, Train RRSE: 0.5538, Test Loss: 197.6567, Test Node Loss: 0.0581, Test Reg Loss: 1.9760, Test MAPE: 13.2279, Test R: 0.7659, Test RRSE: 1.0190
2025-02-10 15:32:54,783:INFO:Epoch 160: Train Loss: 62.3567, Train Node Loss: 0.0956, Train Reg Loss: 0.6226, Train MAPE: 11.9624, Train R: 0.8214, Train RRSE: 0.5733, Test Loss: 171.3041, Test Node Loss: 0.0567, Test Reg Loss: 1.7125, Test MAPE: 12.7493, Test R: 0.7685, Test RRSE: 0.9486
2025-02-10 15:32:54,800:INFO:Checkpoint saved at best_0.001_0.001_256_SAGE_2_64_0.7685_epoch_160.pth
2025-02-10 15:33:06,993:INFO:Epoch 161: Train Loss: 66.0515, Train Node Loss: 0.1011, Train Reg Loss: 0.6595, Train MAPE: 12.0174, Train R: 0.8118, Train RRSE: 0.5901, Test Loss: 180.4310, Test Node Loss: 0.0564, Test Reg Loss: 1.8037, Test MAPE: 12.7546, Test R: 0.7676, Test RRSE: 0.9736
2025-02-10 15:33:19,364:INFO:Epoch 162: Train Loss: 62.0401, Train Node Loss: 0.0969, Train Reg Loss: 0.6194, Train MAPE: 11.8853, Train R: 0.8231, Train RRSE: 0.5718, Test Loss: 266.8604, Test Node Loss: 0.0589, Test Reg Loss: 2.6680, Test MAPE: 14.2421, Test R: 0.7659, Test RRSE: 1.1841
2025-02-10 15:33:31,709:INFO:Epoch 163: Train Loss: 62.0582, Train Node Loss: 0.0890, Train Reg Loss: 0.6197, Train MAPE: 11.8867, Train R: 0.8247, Train RRSE: 0.5720, Test Loss: 176.6348, Test Node Loss: 0.0518, Test Reg Loss: 1.7658, Test MAPE: 12.8813, Test R: 0.7689, Test RRSE: 0.9633
2025-02-10 15:33:31,736:INFO:Checkpoint saved at best_0.001_0.001_256_SAGE_2_64_0.7689_epoch_163.pth
2025-02-10 15:33:43,893:INFO:Epoch 164: Train Loss: 62.8806, Train Node Loss: 0.0878, Train Reg Loss: 0.6279, Train MAPE: 11.8627, Train R: 0.8209, Train RRSE: 0.5758, Test Loss: 170.7458, Test Node Loss: 0.0508, Test Reg Loss: 1.7069, Test MAPE: 12.7629, Test R: 0.7684, Test RRSE: 0.9471
2025-02-10 15:33:56,023:INFO:Epoch 165: Train Loss: 60.4407, Train Node Loss: 0.0853, Train Reg Loss: 0.6036, Train MAPE: 12.0137, Train R: 0.8273, Train RRSE: 0.5645, Test Loss: 210.5658, Test Node Loss: 0.0543, Test Reg Loss: 2.1051, Test MAPE: 13.3816, Test R: 0.7666, Test RRSE: 1.0518
2025-02-10 15:34:08,241:INFO:Epoch 166: Train Loss: 58.5355, Train Node Loss: 0.0845, Train Reg Loss: 0.5845, Train MAPE: 11.9185, Train R: 0.8336, Train RRSE: 0.5555, Test Loss: 240.3745, Test Node Loss: 0.0553, Test Reg Loss: 2.4032, Test MAPE: 13.7456, Test R: 0.7672, Test RRSE: 1.1238
2025-02-10 15:34:20,362:INFO:Epoch 167: Train Loss: 60.2169, Train Node Loss: 0.0828, Train Reg Loss: 0.6013, Train MAPE: 11.8305, Train R: 0.8289, Train RRSE: 0.5634, Test Loss: 207.3620, Test Node Loss: 0.0536, Test Reg Loss: 2.0731, Test MAPE: 13.2632, Test R: 0.7684, Test RRSE: 1.0438
2025-02-10 15:34:32,596:INFO:Epoch 168: Train Loss: 63.6495, Train Node Loss: 0.0839, Train Reg Loss: 0.6357, Train MAPE: 11.8830, Train R: 0.8173, Train RRSE: 0.5793, Test Loss: 183.3117, Test Node Loss: 0.0558, Test Reg Loss: 1.8326, Test MAPE: 13.0171, Test R: 0.7682, Test RRSE: 0.9813
2025-02-10 15:34:44,776:INFO:Epoch 169: Train Loss: 62.3016, Train Node Loss: 0.0853, Train Reg Loss: 0.6222, Train MAPE: 11.9667, Train R: 0.8221, Train RRSE: 0.5731, Test Loss: 207.3871, Test Node Loss: 0.0597, Test Reg Loss: 2.0733, Test MAPE: 13.3766, Test R: 0.7667, Test RRSE: 1.0438
2025-02-10 15:34:57,158:INFO:Epoch 170: Train Loss: 60.1855, Train Node Loss: 0.0834, Train Reg Loss: 0.6010, Train MAPE: 11.9518, Train R: 0.8278, Train RRSE: 0.5633, Test Loss: 219.7872, Test Node Loss: 0.0612, Test Reg Loss: 2.1973, Test MAPE: 13.4751, Test R: 0.7674, Test RRSE: 1.0746
2025-02-10 15:35:09,465:INFO:Epoch 171: Train Loss: 57.3322, Train Node Loss: 0.0822, Train Reg Loss: 0.5725, Train MAPE: 12.0095, Train R: 0.8371, Train RRSE: 0.5498, Test Loss: 185.4783, Test Node Loss: 0.0581, Test Reg Loss: 1.8542, Test MAPE: 13.0621, Test R: 0.7681, Test RRSE: 0.9871
2025-02-10 15:35:21,851:INFO:Epoch 172: Train Loss: 56.6419, Train Node Loss: 0.0838, Train Reg Loss: 0.5656, Train MAPE: 11.9788, Train R: 0.8407, Train RRSE: 0.5464, Test Loss: 240.0098, Test Node Loss: 0.0618, Test Reg Loss: 2.3995, Test MAPE: 13.8025, Test R: 0.7661, Test RRSE: 1.1229
2025-02-10 15:35:34,004:INFO:Epoch 173: Train Loss: 56.8509, Train Node Loss: 0.0847, Train Reg Loss: 0.5677, Train MAPE: 11.9186, Train R: 0.8403, Train RRSE: 0.5474, Test Loss: 213.0388, Test Node Loss: 0.0637, Test Reg Loss: 2.1298, Test MAPE: 13.4842, Test R: 0.7682, Test RRSE: 1.0579
2025-02-10 15:35:46,339:INFO:Epoch 174: Train Loss: 57.5887, Train Node Loss: 0.0852, Train Reg Loss: 0.5750, Train MAPE: 12.0694, Train R: 0.8355, Train RRSE: 0.5510, Test Loss: 155.7782, Test Node Loss: 0.0616, Test Reg Loss: 1.5572, Test MAPE: 12.5897, Test R: 0.7690, Test RRSE: 0.9046
2025-02-10 15:35:46,360:INFO:Checkpoint saved at best_0.001_0.001_256_SAGE_2_64_0.7690_epoch_174.pth
2025-02-10 15:35:58,757:INFO:Epoch 175: Train Loss: 61.2513, Train Node Loss: 0.0856, Train Reg Loss: 0.6117, Train MAPE: 12.1101, Train R: 0.8233, Train RRSE: 0.5682, Test Loss: 194.6875, Test Node Loss: 0.0673, Test Reg Loss: 1.9462, Test MAPE: 13.2313, Test R: 0.7666, Test RRSE: 1.0113
2025-02-10 15:36:10,979:INFO:Epoch 176: Train Loss: 59.7808, Train Node Loss: 0.0852, Train Reg Loss: 0.5970, Train MAPE: 11.9036, Train R: 0.8304, Train RRSE: 0.5614, Test Loss: 205.0219, Test Node Loss: 0.0689, Test Reg Loss: 2.0495, Test MAPE: 13.2682, Test R: 0.7683, Test RRSE: 1.0378
2025-02-10 15:36:23,169:INFO:Epoch 177: Train Loss: 60.9833, Train Node Loss: 0.0848, Train Reg Loss: 0.6090, Train MAPE: 11.8869, Train R: 0.8268, Train RRSE: 0.5670, Test Loss: 164.8206, Test Node Loss: 0.0678, Test Reg Loss: 1.6475, Test MAPE: 12.8028, Test R: 0.7688, Test RRSE: 0.9305
2025-02-10 15:36:35,490:INFO:Epoch 178: Train Loss: 63.1101, Train Node Loss: 0.0886, Train Reg Loss: 0.6302, Train MAPE: 11.9479, Train R: 0.8177, Train RRSE: 0.5768, Test Loss: 201.5569, Test Node Loss: 0.0787, Test Reg Loss: 2.0148, Test MAPE: 13.3657, Test R: 0.7687, Test RRSE: 1.0290
2025-02-10 15:36:47,823:INFO:Epoch 179: Train Loss: 59.0704, Train Node Loss: 0.0926, Train Reg Loss: 0.5898, Train MAPE: 11.9018, Train R: 0.8338, Train RRSE: 0.5580, Test Loss: 185.0812, Test Node Loss: 0.0738, Test Reg Loss: 1.8501, Test MAPE: 13.1168, Test R: 0.7686, Test RRSE: 0.9860
2025-02-10 15:37:00,197:INFO:Epoch 180: Train Loss: 60.4056, Train Node Loss: 0.0901, Train Reg Loss: 0.6032, Train MAPE: 11.9645, Train R: 0.8273, Train RRSE: 0.5643, Test Loss: 175.3899, Test Node Loss: 0.0725, Test Reg Loss: 1.7532, Test MAPE: 12.9717, Test R: 0.7685, Test RRSE: 0.9599
2025-02-10 15:37:12,603:INFO:Epoch 181: Train Loss: 60.5435, Train Node Loss: 0.0904, Train Reg Loss: 0.6045, Train MAPE: 12.0672, Train R: 0.8277, Train RRSE: 0.5649, Test Loss: 181.6560, Test Node Loss: 0.0744, Test Reg Loss: 1.8158, Test MAPE: 13.1077, Test R: 0.7683, Test RRSE: 0.9768
2025-02-10 15:37:25,012:INFO:Epoch 182: Train Loss: 60.2144, Train Node Loss: 0.0957, Train Reg Loss: 0.6012, Train MAPE: 12.0368, Train R: 0.8283, Train RRSE: 0.5634, Test Loss: 206.8618, Test Node Loss: 0.0792, Test Reg Loss: 2.0678, Test MAPE: 13.3063, Test R: 0.7668, Test RRSE: 1.0424
2025-02-10 15:37:37,224:INFO:Epoch 183: Train Loss: 60.7965, Train Node Loss: 0.0988, Train Reg Loss: 0.6070, Train MAPE: 11.9442, Train R: 0.8269, Train RRSE: 0.5661, Test Loss: 179.6382, Test Node Loss: 0.0772, Test Reg Loss: 1.7956, Test MAPE: 13.1640, Test R: 0.7696, Test RRSE: 0.9714
2025-02-10 15:37:37,251:INFO:Checkpoint saved at best_0.001_0.001_256_SAGE_2_64_0.7696_epoch_183.pth
2025-02-10 15:37:49,404:INFO:Epoch 184: Train Loss: 58.5892, Train Node Loss: 0.0958, Train Reg Loss: 0.5849, Train MAPE: 12.0025, Train R: 0.8328, Train RRSE: 0.5557, Test Loss: 162.4950, Test Node Loss: 0.0729, Test Reg Loss: 1.6242, Test MAPE: 12.7981, Test R: 0.7693, Test RRSE: 0.9239
2025-02-10 15:38:01,572:INFO:Epoch 185: Train Loss: 56.9938, Train Node Loss: 0.0972, Train Reg Loss: 0.5690, Train MAPE: 12.0382, Train R: 0.8388, Train RRSE: 0.5481, Test Loss: 166.3562, Test Node Loss: 0.0770, Test Reg Loss: 1.6628, Test MAPE: 12.9263, Test R: 0.7695, Test RRSE: 0.9348
2025-02-10 15:38:13,725:INFO:Epoch 186: Train Loss: 59.4744, Train Node Loss: 0.1015, Train Reg Loss: 0.5937, Train MAPE: 12.0036, Train R: 0.8298, Train RRSE: 0.5599, Test Loss: 198.5670, Test Node Loss: 0.0840, Test Reg Loss: 1.9848, Test MAPE: 13.3219, Test R: 0.7689, Test RRSE: 1.0213
2025-02-10 15:38:25,929:INFO:Epoch 187: Train Loss: 56.3364, Train Node Loss: 0.1023, Train Reg Loss: 0.5623, Train MAPE: 12.0460, Train R: 0.8398, Train RRSE: 0.5449, Test Loss: 182.9228, Test Node Loss: 0.0805, Test Reg Loss: 1.8284, Test MAPE: 13.0447, Test R: 0.7695, Test RRSE: 0.9802
2025-02-10 15:38:38,092:INFO:Epoch 188: Train Loss: 57.2544, Train Node Loss: 0.0999, Train Reg Loss: 0.5715, Train MAPE: 12.0016, Train R: 0.8371, Train RRSE: 0.5493, Test Loss: 190.5471, Test Node Loss: 0.0806, Test Reg Loss: 1.9047, Test MAPE: 13.2356, Test R: 0.7701, Test RRSE: 1.0005
2025-02-10 15:38:38,118:INFO:Checkpoint saved at best_0.001_0.001_256_SAGE_2_64_0.7701_epoch_188.pth
2025-02-10 15:38:50,288:INFO:Epoch 189: Train Loss: 57.6819, Train Node Loss: 0.1002, Train Reg Loss: 0.5758, Train MAPE: 12.0336, Train R: 0.8364, Train RRSE: 0.5513, Test Loss: 197.5989, Test Node Loss: 0.0840, Test Reg Loss: 1.9751, Test MAPE: 13.2820, Test R: 0.7695, Test RRSE: 1.0188
2025-02-10 15:39:02,610:INFO:Epoch 190: Train Loss: 54.9663, Train Node Loss: 0.1037, Train Reg Loss: 0.5486, Train MAPE: 12.0718, Train R: 0.8443, Train RRSE: 0.5382, Test Loss: 178.3812, Test Node Loss: 0.0859, Test Reg Loss: 1.7830, Test MAPE: 13.0334, Test R: 0.7705, Test RRSE: 0.9680
2025-02-10 15:39:02,655:INFO:Checkpoint saved at best_0.001_0.001_256_SAGE_2_64_0.7705_epoch_190.pth
2025-02-10 15:39:14,707:INFO:Epoch 191: Train Loss: 57.6432, Train Node Loss: 0.1049, Train Reg Loss: 0.5754, Train MAPE: 12.1186, Train R: 0.8352, Train RRSE: 0.5511, Test Loss: 199.0655, Test Node Loss: 0.0862, Test Reg Loss: 1.9898, Test MAPE: 13.2948, Test R: 0.7681, Test RRSE: 1.0226
2025-02-10 15:39:26,892:INFO:Epoch 192: Train Loss: 59.4879, Train Node Loss: 0.1053, Train Reg Loss: 0.5938, Train MAPE: 11.9315, Train R: 0.8306, Train RRSE: 0.5599, Test Loss: 192.5823, Test Node Loss: 0.0865, Test Reg Loss: 1.9250, Test MAPE: 13.1749, Test R: 0.7681, Test RRSE: 1.0058
2025-02-10 15:39:39,105:INFO:Epoch 193: Train Loss: 64.0394, Train Node Loss: 0.1006, Train Reg Loss: 0.6394, Train MAPE: 12.1389, Train R: 0.8181, Train RRSE: 0.5810, Test Loss: 169.9275, Test Node Loss: 0.0811, Test Reg Loss: 1.6985, Test MAPE: 12.8995, Test R: 0.7682, Test RRSE: 0.9448
2025-02-10 15:39:51,114:INFO:Epoch 194: Train Loss: 59.1594, Train Node Loss: 0.1060, Train Reg Loss: 0.5905, Train MAPE: 12.0030, Train R: 0.8311, Train RRSE: 0.5584, Test Loss: 271.7165, Test Node Loss: 0.0969, Test Reg Loss: 2.7162, Test MAPE: 14.4774, Test R: 0.7673, Test RRSE: 1.1947
2025-02-10 15:40:03,288:INFO:Epoch 195: Train Loss: 58.9031, Train Node Loss: 0.1059, Train Reg Loss: 0.5880, Train MAPE: 11.9225, Train R: 0.8340, Train RRSE: 0.5571, Test Loss: 172.1527, Test Node Loss: 0.0826, Test Reg Loss: 1.7207, Test MAPE: 13.0421, Test R: 0.7704, Test RRSE: 0.9509
2025-02-10 15:40:15,471:INFO:Epoch 196: Train Loss: 57.8576, Train Node Loss: 0.0957, Train Reg Loss: 0.5776, Train MAPE: 12.0259, Train R: 0.8347, Train RRSE: 0.5522, Test Loss: 164.9199, Test Node Loss: 0.0809, Test Reg Loss: 1.6484, Test MAPE: 12.9007, Test R: 0.7699, Test RRSE: 0.9307
2025-02-10 15:40:27,470:INFO:Epoch 197: Train Loss: 56.9892, Train Node Loss: 0.0989, Train Reg Loss: 0.5689, Train MAPE: 12.0056, Train R: 0.8380, Train RRSE: 0.5480, Test Loss: 251.7950, Test Node Loss: 0.0913, Test Reg Loss: 2.5170, Test MAPE: 14.0731, Test R: 0.7662, Test RRSE: 1.1501
2025-02-10 15:40:39,635:INFO:Epoch 198: Train Loss: 57.0308, Train Node Loss: 0.1040, Train Reg Loss: 0.5693, Train MAPE: 12.0512, Train R: 0.8379, Train RRSE: 0.5482, Test Loss: 245.6450, Test Node Loss: 0.0930, Test Reg Loss: 2.4555, Test MAPE: 13.9581, Test R: 0.7643, Test RRSE: 1.1360
2025-02-10 15:40:51,539:INFO:Epoch 199: Train Loss: 56.0590, Train Node Loss: 0.1069, Train Reg Loss: 0.5595, Train MAPE: 12.0116, Train R: 0.8413, Train RRSE: 0.5435, Test Loss: 188.9562, Test Node Loss: 0.0906, Test Reg Loss: 1.8887, Test MAPE: 13.2963, Test R: 0.7685, Test RRSE: 0.9962
2025-02-10 15:41:03,379:INFO:Epoch 200: Train Loss: 58.7021, Train Node Loss: 0.1047, Train Reg Loss: 0.5860, Train MAPE: 12.1005, Train R: 0.8317, Train RRSE: 0.5562, Test Loss: 191.5852, Test Node Loss: 0.0911, Test Reg Loss: 1.9149, Test MAPE: 13.3024, Test R: 0.7691, Test RRSE: 1.0032
2025-02-10 15:41:15,265:INFO:Epoch 201: Train Loss: 57.9396, Train Node Loss: 0.1046, Train Reg Loss: 0.5784, Train MAPE: 12.1199, Train R: 0.8349, Train RRSE: 0.5526, Test Loss: 180.5001, Test Node Loss: 0.0884, Test Reg Loss: 1.8041, Test MAPE: 13.0821, Test R: 0.7670, Test RRSE: 0.9737
2025-02-10 15:41:27,137:INFO:Epoch 202: Train Loss: 60.3156, Train Node Loss: 0.1082, Train Reg Loss: 0.6021, Train MAPE: 11.9942, Train R: 0.8273, Train RRSE: 0.5638, Test Loss: 222.9375, Test Node Loss: 0.0970, Test Reg Loss: 2.2284, Test MAPE: 13.7045, Test R: 0.7687, Test RRSE: 1.0822
2025-02-10 15:41:39,155:INFO:Epoch 203: Train Loss: 56.9578, Train Node Loss: 0.1053, Train Reg Loss: 0.5685, Train MAPE: 12.0039, Train R: 0.8384, Train RRSE: 0.5478, Test Loss: 152.6090, Test Node Loss: 0.0886, Test Reg Loss: 1.5252, Test MAPE: 12.6235, Test R: 0.7685, Test RRSE: 0.8953
2025-02-10 15:41:51,182:INFO:Epoch 204: Train Loss: 57.1758, Train Node Loss: 0.1038, Train Reg Loss: 0.5707, Train MAPE: 12.0542, Train R: 0.8373, Train RRSE: 0.5489, Test Loss: 172.8982, Test Node Loss: 0.0961, Test Reg Loss: 1.7280, Test MAPE: 13.0147, Test R: 0.7684, Test RRSE: 0.9529
2025-02-10 15:42:03,189:INFO:Epoch 205: Train Loss: 59.7180, Train Node Loss: 0.1052, Train Reg Loss: 0.5961, Train MAPE: 12.1093, Train R: 0.8310, Train RRSE: 0.5610, Test Loss: 162.3185, Test Node Loss: 0.0935, Test Reg Loss: 1.6223, Test MAPE: 12.8699, Test R: 0.7681, Test RRSE: 0.9233
2025-02-10 15:42:15,013:INFO:Epoch 206: Train Loss: 54.9765, Train Node Loss: 0.1126, Train Reg Loss: 0.5486, Train MAPE: 12.1367, Train R: 0.8435, Train RRSE: 0.5382, Test Loss: 221.8363, Test Node Loss: 0.1076, Test Reg Loss: 2.2173, Test MAPE: 13.7044, Test R: 0.7698, Test RRSE: 1.0794
2025-02-10 15:42:27,044:INFO:Epoch 207: Train Loss: 55.6723, Train Node Loss: 0.1160, Train Reg Loss: 0.5556, Train MAPE: 12.0107, Train R: 0.8437, Train RRSE: 0.5416, Test Loss: 186.5219, Test Node Loss: 0.0968, Test Reg Loss: 1.8643, Test MAPE: 13.1639, Test R: 0.7690, Test RRSE: 0.9898
2025-02-10 15:42:38,879:INFO:Epoch 208: Train Loss: 54.2946, Train Node Loss: 0.1023, Train Reg Loss: 0.5419, Train MAPE: 12.0848, Train R: 0.8485, Train RRSE: 0.5349, Test Loss: 186.0649, Test Node Loss: 0.0923, Test Reg Loss: 1.8597, Test MAPE: 13.1335, Test R: 0.7680, Test RRSE: 0.9886
2025-02-10 15:42:50,770:INFO:Epoch 209: Train Loss: 58.1254, Train Node Loss: 0.1078, Train Reg Loss: 0.5802, Train MAPE: 12.0458, Train R: 0.8341, Train RRSE: 0.5534, Test Loss: 254.1877, Test Node Loss: 0.1053, Test Reg Loss: 2.5408, Test MAPE: 14.2625, Test R: 0.7690, Test RRSE: 1.1555
2025-02-10 15:43:02,844:INFO:Epoch 210: Train Loss: 54.1072, Train Node Loss: 0.1110, Train Reg Loss: 0.5400, Train MAPE: 12.1590, Train R: 0.8468, Train RRSE: 0.5339, Test Loss: 191.5212, Test Node Loss: 0.0965, Test Reg Loss: 1.9142, Test MAPE: 13.3251, Test R: 0.7684, Test RRSE: 1.0030
2025-02-10 15:43:14,889:INFO:Epoch 211: Train Loss: 60.1139, Train Node Loss: 0.1001, Train Reg Loss: 0.6001, Train MAPE: 12.0880, Train R: 0.8298, Train RRSE: 0.5629, Test Loss: 216.3398, Test Node Loss: 0.0926, Test Reg Loss: 2.1625, Test MAPE: 13.4107, Test R: 0.7681, Test RRSE: 1.0660
2025-02-10 15:43:26,724:INFO:Epoch 212: Train Loss: 54.2918, Train Node Loss: 0.0997, Train Reg Loss: 0.5419, Train MAPE: 11.9637, Train R: 0.8482, Train RRSE: 0.5349, Test Loss: 248.8180, Test Node Loss: 0.0979, Test Reg Loss: 2.4872, Test MAPE: 14.0672, Test R: 0.7705, Test RRSE: 1.1433
2025-02-10 15:43:38,833:INFO:Epoch 213: Train Loss: 52.9839, Train Node Loss: 0.1053, Train Reg Loss: 0.5288, Train MAPE: 12.0168, Train R: 0.8521, Train RRSE: 0.5284, Test Loss: 271.2870, Test Node Loss: 0.0982, Test Reg Loss: 2.7119, Test MAPE: 14.3513, Test R: 0.7691, Test RRSE: 1.1938
2025-02-10 15:43:50,877:INFO:Epoch 214: Train Loss: 57.2793, Train Node Loss: 0.1043, Train Reg Loss: 0.5717, Train MAPE: 12.1598, Train R: 0.8362, Train RRSE: 0.5494, Test Loss: 205.8766, Test Node Loss: 0.0950, Test Reg Loss: 2.0578, Test MAPE: 13.5911, Test R: 0.7696, Test RRSE: 1.0399
2025-02-10 15:44:02,928:INFO:Epoch 215: Train Loss: 55.9702, Train Node Loss: 0.1076, Train Reg Loss: 0.5586, Train MAPE: 12.1789, Train R: 0.8402, Train RRSE: 0.5431, Test Loss: 236.3233, Test Node Loss: 0.1058, Test Reg Loss: 2.3622, Test MAPE: 14.0372, Test R: 0.7702, Test RRSE: 1.1142
2025-02-10 15:44:15,145:INFO:Epoch 216: Train Loss: 54.8923, Train Node Loss: 0.1106, Train Reg Loss: 0.5478, Train MAPE: 12.1197, Train R: 0.8444, Train RRSE: 0.5378, Test Loss: 221.7506, Test Node Loss: 0.0986, Test Reg Loss: 2.2165, Test MAPE: 13.6736, Test R: 0.7691, Test RRSE: 1.0793
2025-02-10 15:44:27,396:INFO:Epoch 217: Train Loss: 58.0100, Train Node Loss: 0.1048, Train Reg Loss: 0.5791, Train MAPE: 12.1745, Train R: 0.8352, Train RRSE: 0.5529, Test Loss: 194.6370, Test Node Loss: 0.0954, Test Reg Loss: 1.9454, Test MAPE: 13.1656, Test R: 0.7684, Test RRSE: 1.0111
2025-02-10 15:44:39,484:INFO:Epoch 218: Train Loss: 52.4496, Train Node Loss: 0.1104, Train Reg Loss: 0.5234, Train MAPE: 12.1576, Train R: 0.8519, Train RRSE: 0.5257, Test Loss: 222.9110, Test Node Loss: 0.1070, Test Reg Loss: 2.2280, Test MAPE: 13.8564, Test R: 0.7720, Test RRSE: 1.0821
2025-02-10 15:44:39,499:INFO:Checkpoint saved at best_0.001_0.001_256_SAGE_2_64_0.7720_epoch_218.pth
2025-02-10 15:44:51,781:INFO:Epoch 219: Train Loss: 53.6295, Train Node Loss: 0.1170, Train Reg Loss: 0.5351, Train MAPE: 12.0835, Train R: 0.8502, Train RRSE: 0.5315, Test Loss: 171.8629, Test Node Loss: 0.1004, Test Reg Loss: 1.7176, Test MAPE: 13.0389, Test R: 0.7717, Test RRSE: 0.9501
2025-02-10 15:45:03,701:INFO:Epoch 220: Train Loss: 54.2759, Train Node Loss: 0.1058, Train Reg Loss: 0.5417, Train MAPE: 12.0974, Train R: 0.8468, Train RRSE: 0.5348, Test Loss: 155.8490, Test Node Loss: 0.0956, Test Reg Loss: 1.5575, Test MAPE: 12.7476, Test R: 0.7704, Test RRSE: 0.9047
2025-02-10 15:45:15,907:INFO:Epoch 221: Train Loss: 53.7874, Train Node Loss: 0.1077, Train Reg Loss: 0.5368, Train MAPE: 12.1965, Train R: 0.8484, Train RRSE: 0.5323, Test Loss: 226.3758, Test Node Loss: 0.1056, Test Reg Loss: 2.2627, Test MAPE: 13.7625, Test R: 0.7694, Test RRSE: 1.0904
2025-02-10 15:45:28,300:INFO:Epoch 222: Train Loss: 52.7309, Train Node Loss: 0.1180, Train Reg Loss: 0.5261, Train MAPE: 11.9795, Train R: 0.8531, Train RRSE: 0.5270, Test Loss: 202.4161, Test Node Loss: 0.1058, Test Reg Loss: 2.0231, Test MAPE: 13.4848, Test R: 0.7694, Test RRSE: 1.0311
2025-02-10 15:45:40,494:INFO:Epoch 223: Train Loss: 54.6000, Train Node Loss: 0.1082, Train Reg Loss: 0.5449, Train MAPE: 12.2584, Train R: 0.8442, Train RRSE: 0.5364, Test Loss: 151.2466, Test Node Loss: 0.0943, Test Reg Loss: 1.5115, Test MAPE: 12.8873, Test R: 0.7704, Test RRSE: 0.8912
2025-02-10 15:45:52,722:INFO:Epoch 224: Train Loss: 53.2712, Train Node Loss: 0.1128, Train Reg Loss: 0.5316, Train MAPE: 12.1630, Train R: 0.8489, Train RRSE: 0.5297, Test Loss: 250.3485, Test Node Loss: 0.1089, Test Reg Loss: 2.5024, Test MAPE: 14.0032, Test R: 0.7675, Test RRSE: 1.1468
2025-02-10 15:46:04,932:INFO:Epoch 225: Train Loss: 59.7616, Train Node Loss: 0.1084, Train Reg Loss: 0.5965, Train MAPE: 12.1259, Train R: 0.8302, Train RRSE: 0.5612, Test Loss: 245.2207, Test Node Loss: 0.1014, Test Reg Loss: 2.4512, Test MAPE: 13.9274, Test R: 0.7660, Test RRSE: 1.1350
2025-02-10 15:46:17,156:INFO:Epoch 226: Train Loss: 54.2538, Train Node Loss: 0.1169, Train Reg Loss: 0.5414, Train MAPE: 12.0192, Train R: 0.8472, Train RRSE: 0.5346, Test Loss: 303.1432, Test Node Loss: 0.1134, Test Reg Loss: 3.0303, Test MAPE: 14.9370, Test R: 0.7692, Test RRSE: 1.2619
2025-02-10 15:46:29,342:INFO:Epoch 227: Train Loss: 53.8502, Train Node Loss: 0.1148, Train Reg Loss: 0.5374, Train MAPE: 12.0835, Train R: 0.8481, Train RRSE: 0.5326, Test Loss: 165.6705, Test Node Loss: 0.0919, Test Reg Loss: 1.6558, Test MAPE: 13.1314, Test R: 0.7680, Test RRSE: 0.9328
2025-02-10 15:46:41,748:INFO:Epoch 228: Train Loss: 56.6163, Train Node Loss: 0.1025, Train Reg Loss: 0.5651, Train MAPE: 12.2204, Train R: 0.8424, Train RRSE: 0.5462, Test Loss: 178.2907, Test Node Loss: 0.0996, Test Reg Loss: 1.7819, Test MAPE: 13.1753, Test R: 0.7667, Test RRSE: 0.9677
2025-02-10 15:46:53,977:INFO:Epoch 229: Train Loss: 56.5796, Train Node Loss: 0.1200, Train Reg Loss: 0.5646, Train MAPE: 12.1478, Train R: 0.8394, Train RRSE: 0.5460, Test Loss: 278.4959, Test Node Loss: 0.1140, Test Reg Loss: 2.7838, Test MAPE: 14.6561, Test R: 0.7647, Test RRSE: 1.2095
2025-02-10 15:47:06,201:INFO:Epoch 230: Train Loss: 59.7857, Train Node Loss: 0.1180, Train Reg Loss: 0.5967, Train MAPE: 12.0827, Train R: 0.8287, Train RRSE: 0.5612, Test Loss: 154.3765, Test Node Loss: 0.0872, Test Reg Loss: 1.5429, Test MAPE: 12.7839, Test R: 0.7636, Test RRSE: 0.9004
2025-02-10 15:47:18,361:INFO:Epoch 231: Train Loss: 55.1263, Train Node Loss: 0.0992, Train Reg Loss: 0.5503, Train MAPE: 12.1975, Train R: 0.8469, Train RRSE: 0.5390, Test Loss: 130.7034, Test Node Loss: 0.0867, Test Reg Loss: 1.3062, Test MAPE: 12.5431, Test R: 0.7716, Test RRSE: 0.8285
2025-02-10 15:47:30,527:INFO:Epoch 232: Train Loss: 52.4060, Train Node Loss: 0.1068, Train Reg Loss: 0.5230, Train MAPE: 12.1305, Train R: 0.8523, Train RRSE: 0.5255, Test Loss: 245.8545, Test Node Loss: 0.1061, Test Reg Loss: 2.4575, Test MAPE: 14.2438, Test R: 0.7704, Test RRSE: 1.1364
2025-02-10 15:47:42,741:INFO:Epoch 233: Train Loss: 52.9793, Train Node Loss: 0.1187, Train Reg Loss: 0.5286, Train MAPE: 11.9965, Train R: 0.8538, Train RRSE: 0.5283, Test Loss: 249.9885, Test Node Loss: 0.0988, Test Reg Loss: 2.4989, Test MAPE: 14.1273, Test R: 0.7656, Test RRSE: 1.1459
2025-02-10 15:47:54,910:INFO:Epoch 234: Train Loss: 57.7014, Train Node Loss: 0.1039, Train Reg Loss: 0.5760, Train MAPE: 12.1839, Train R: 0.8389, Train RRSE: 0.5514, Test Loss: 144.9944, Test Node Loss: 0.0867, Test Reg Loss: 1.4491, Test MAPE: 12.7611, Test R: 0.7660, Test RRSE: 0.8726
2025-02-10 15:48:07,301:INFO:Epoch 235: Train Loss: 55.0134, Train Node Loss: 0.0990, Train Reg Loss: 0.5491, Train MAPE: 12.2350, Train R: 0.8449, Train RRSE: 0.5384, Test Loss: 175.4676, Test Node Loss: 0.0955, Test Reg Loss: 1.7537, Test MAPE: 13.3102, Test R: 0.7695, Test RRSE: 0.9600
2025-02-10 15:48:19,552:INFO:Epoch 236: Train Loss: 54.3524, Train Node Loss: 0.1101, Train Reg Loss: 0.5424, Train MAPE: 12.1477, Train R: 0.8494, Train RRSE: 0.5351, Test Loss: 249.3578, Test Node Loss: 0.1017, Test Reg Loss: 2.4926, Test MAPE: 14.3270, Test R: 0.7690, Test RRSE: 1.1445
2025-02-10 15:48:31,932:INFO:Epoch 237: Train Loss: 61.2952, Train Node Loss: 0.1063, Train Reg Loss: 0.6119, Train MAPE: 12.2040, Train R: 0.8229, Train RRSE: 0.5684, Test Loss: 250.4217, Test Node Loss: 0.0866, Test Reg Loss: 2.5034, Test MAPE: 14.1453, Test R: 0.7639, Test RRSE: 1.1470
2025-02-10 15:48:44,218:INFO:Epoch 238: Train Loss: 54.3611, Train Node Loss: 0.1027, Train Reg Loss: 0.5426, Train MAPE: 12.0288, Train R: 0.8469, Train RRSE: 0.5352, Test Loss: 300.9509, Test Node Loss: 0.0889, Test Reg Loss: 3.0086, Test MAPE: 14.8549, Test R: 0.7675, Test RRSE: 1.2574
2025-02-10 15:48:56,398:INFO:Epoch 239: Train Loss: 56.2738, Train Node Loss: 0.1016, Train Reg Loss: 0.5617, Train MAPE: 11.9863, Train R: 0.8429, Train RRSE: 0.5446, Test Loss: 184.7418, Test Node Loss: 0.0838, Test Reg Loss: 1.8466, Test MAPE: 13.3623, Test R: 0.7704, Test RRSE: 0.9851
2025-02-10 15:49:08,558:INFO:Epoch 240: Train Loss: 54.4734, Train Node Loss: 0.0946, Train Reg Loss: 0.5438, Train MAPE: 12.2013, Train R: 0.8447, Train RRSE: 0.5358, Test Loss: 176.6387, Test Node Loss: 0.0856, Test Reg Loss: 1.7655, Test MAPE: 13.3572, Test R: 0.7709, Test RRSE: 0.9632
2025-02-10 15:49:20,716:INFO:Epoch 241: Train Loss: 54.4489, Train Node Loss: 0.0953, Train Reg Loss: 0.5435, Train MAPE: 12.3284, Train R: 0.8477, Train RRSE: 0.5357, Test Loss: 248.5779, Test Node Loss: 0.0900, Test Reg Loss: 2.4849, Test MAPE: 14.1933, Test R: 0.7686, Test RRSE: 1.1427
2025-02-10 15:49:32,851:INFO:Epoch 242: Train Loss: 55.7124, Train Node Loss: 0.1025, Train Reg Loss: 0.5561, Train MAPE: 12.0264, Train R: 0.8427, Train RRSE: 0.5418, Test Loss: 281.7380, Test Node Loss: 0.0907, Test Reg Loss: 2.8165, Test MAPE: 14.5935, Test R: 0.7705, Test RRSE: 1.2166
2025-02-10 15:49:45,214:INFO:Epoch 243: Train Loss: 54.3673, Train Node Loss: 0.0981, Train Reg Loss: 0.5427, Train MAPE: 12.0530, Train R: 0.8474, Train RRSE: 0.5353, Test Loss: 172.1997, Test Node Loss: 0.0814, Test Reg Loss: 1.7212, Test MAPE: 13.0988, Test R: 0.7697, Test RRSE: 0.9511
2025-02-10 15:49:57,454:INFO:Epoch 244: Train Loss: 54.7461, Train Node Loss: 0.0865, Train Reg Loss: 0.5466, Train MAPE: 12.1233, Train R: 0.8472, Train RRSE: 0.5372, Test Loss: 171.6841, Test Node Loss: 0.0822, Test Reg Loss: 1.7160, Test MAPE: 12.9290, Test R: 0.7691, Test RRSE: 0.9496
2025-02-10 15:50:09,780:INFO:Epoch 245: Train Loss: 54.1835, Train Node Loss: 0.0937, Train Reg Loss: 0.5409, Train MAPE: 12.2773, Train R: 0.8466, Train RRSE: 0.5344, Test Loss: 259.9164, Test Node Loss: 0.0894, Test Reg Loss: 2.5983, Test MAPE: 14.3735, Test R: 0.7699, Test RRSE: 1.1685
2025-02-10 15:50:21,924:INFO:Epoch 246: Train Loss: 59.7715, Train Node Loss: 0.1053, Train Reg Loss: 0.5967, Train MAPE: 12.0872, Train R: 0.8313, Train RRSE: 0.5612, Test Loss: 277.4024, Test Node Loss: 0.0908, Test Reg Loss: 2.7731, Test MAPE: 14.6931, Test R: 0.7694, Test RRSE: 1.2072
2025-02-10 15:50:34,087:INFO:Epoch 247: Train Loss: 59.6538, Train Node Loss: 0.0968, Train Reg Loss: 0.5956, Train MAPE: 12.2647, Train R: 0.8291, Train RRSE: 0.5607, Test Loss: 120.7096, Test Node Loss: 0.0781, Test Reg Loss: 1.2063, Test MAPE: 12.3358, Test R: 0.7667, Test RRSE: 0.7962
2025-02-10 15:50:46,286:INFO:Epoch 248: Train Loss: 57.1567, Train Node Loss: 0.0922, Train Reg Loss: 0.5706, Train MAPE: 12.0810, Train R: 0.8370, Train RRSE: 0.5489, Test Loss: 178.7677, Test Node Loss: 0.0903, Test Reg Loss: 1.7868, Test MAPE: 13.1873, Test R: 0.7688, Test RRSE: 0.9690
2025-02-10 15:50:58,441:INFO:Epoch 249: Train Loss: 54.5002, Train Node Loss: 0.1022, Train Reg Loss: 0.5440, Train MAPE: 11.9189, Train R: 0.8494, Train RRSE: 0.5359, Test Loss: 222.2457, Test Node Loss: 0.0890, Test Reg Loss: 2.2216, Test MAPE: 13.5978, Test R: 0.7635, Test RRSE: 1.0805
2025-02-10 15:51:10,832:INFO:Epoch 250: Train Loss: 55.9414, Train Node Loss: 0.0951, Train Reg Loss: 0.5585, Train MAPE: 12.1250, Train R: 0.8438, Train RRSE: 0.5430, Test Loss: 177.5266, Test Node Loss: 0.0801, Test Reg Loss: 1.7745, Test MAPE: 13.2130, Test R: 0.7677, Test RRSE: 0.9657
2025-02-10 15:51:22,984:INFO:Epoch 251: Train Loss: 57.4312, Train Node Loss: 0.0969, Train Reg Loss: 0.5733, Train MAPE: 12.1802, Train R: 0.8353, Train RRSE: 0.5502, Test Loss: 271.1951, Test Node Loss: 0.0882, Test Reg Loss: 2.7111, Test MAPE: 14.6168, Test R: 0.7731, Test RRSE: 1.1936
2025-02-10 15:51:23,009:INFO:Checkpoint saved at best_0.001_0.001_256_SAGE_2_64_0.7731_epoch_251.pth
2025-02-10 15:51:35,360:INFO:Epoch 252: Train Loss: 55.7548, Train Node Loss: 0.1050, Train Reg Loss: 0.5565, Train MAPE: 12.1699, Train R: 0.8441, Train RRSE: 0.5420, Test Loss: 246.4611, Test Node Loss: 0.0854, Test Reg Loss: 2.4638, Test MAPE: 14.0649, Test R: 0.7671, Test RRSE: 1.1379
2025-02-10 15:51:47,618:INFO:Epoch 253: Train Loss: 58.9509, Train Node Loss: 0.0978, Train Reg Loss: 0.5885, Train MAPE: 12.1389, Train R: 0.8348, Train RRSE: 0.5574, Test Loss: 224.5352, Test Node Loss: 0.0809, Test Reg Loss: 2.2445, Test MAPE: 13.4943, Test R: 0.7587, Test RRSE: 1.0861
2025-02-10 15:51:59,805:INFO:Epoch 254: Train Loss: 55.2670, Train Node Loss: 0.0973, Train Reg Loss: 0.5517, Train MAPE: 11.9899, Train R: 0.8445, Train RRSE: 0.5397, Test Loss: 252.2467, Test Node Loss: 0.0867, Test Reg Loss: 2.5216, Test MAPE: 14.1744, Test R: 0.7670, Test RRSE: 1.1511
2025-02-10 15:52:12,192:INFO:Epoch 255: Train Loss: 54.4828, Train Node Loss: 0.1017, Train Reg Loss: 0.5438, Train MAPE: 12.0444, Train R: 0.8464, Train RRSE: 0.5358, Test Loss: 142.7101, Test Node Loss: 0.0827, Test Reg Loss: 1.4263, Test MAPE: 13.0228, Test R: 0.7724, Test RRSE: 0.8658
2025-02-10 15:52:24,591:INFO:Epoch 256: Train Loss: 53.9695, Train Node Loss: 0.0996, Train Reg Loss: 0.5387, Train MAPE: 12.2704, Train R: 0.8460, Train RRSE: 0.5333, Test Loss: 169.9729, Test Node Loss: 0.0904, Test Reg Loss: 1.6988, Test MAPE: 13.2243, Test R: 0.7744, Test RRSE: 0.9449
2025-02-10 15:52:24,630:INFO:Checkpoint saved at best_0.001_0.001_256_SAGE_2_64_0.7744_epoch_256.pth
2025-02-10 15:52:36,941:INFO:Epoch 257: Train Loss: 52.3903, Train Node Loss: 0.1023, Train Reg Loss: 0.5229, Train MAPE: 12.1873, Train R: 0.8516, Train RRSE: 0.5254, Test Loss: 213.5170, Test Node Loss: 0.0942, Test Reg Loss: 2.1342, Test MAPE: 13.6002, Test R: 0.7658, Test RRSE: 1.0590
2025-02-10 15:52:49,189:INFO:Epoch 258: Train Loss: 52.5834, Train Node Loss: 0.1065, Train Reg Loss: 0.5248, Train MAPE: 12.1128, Train R: 0.8521, Train RRSE: 0.5263, Test Loss: 241.3337, Test Node Loss: 0.0961, Test Reg Loss: 2.4124, Test MAPE: 14.0165, Test R: 0.7658, Test RRSE: 1.1259
2025-02-10 15:53:01,208:INFO:Epoch 259: Train Loss: 55.2122, Train Node Loss: 0.1110, Train Reg Loss: 0.5510, Train MAPE: 12.1087, Train R: 0.8431, Train RRSE: 0.5393, Test Loss: 182.3163, Test Node Loss: 0.0938, Test Reg Loss: 1.8222, Test MAPE: 13.3026, Test R: 0.7693, Test RRSE: 0.9786
2025-02-10 15:53:13,435:INFO:Epoch 260: Train Loss: 52.9335, Train Node Loss: 0.1121, Train Reg Loss: 0.5282, Train MAPE: 12.0896, Train R: 0.8507, Train RRSE: 0.5281, Test Loss: 218.2063, Test Node Loss: 0.1017, Test Reg Loss: 2.1810, Test MAPE: 13.8488, Test R: 0.7708, Test RRSE: 1.0706
2025-02-10 15:53:25,483:INFO:Epoch 261: Train Loss: 50.5838, Train Node Loss: 0.1147, Train Reg Loss: 0.5047, Train MAPE: 12.1152, Train R: 0.8591, Train RRSE: 0.5162, Test Loss: 180.0553, Test Node Loss: 0.1006, Test Reg Loss: 1.7995, Test MAPE: 13.4305, Test R: 0.7689, Test RRSE: 0.9725
2025-02-10 15:53:37,484:INFO:Epoch 262: Train Loss: 56.2729, Train Node Loss: 0.1074, Train Reg Loss: 0.5617, Train MAPE: 12.2552, Train R: 0.8442, Train RRSE: 0.5445, Test Loss: 246.8651, Test Node Loss: 0.1027, Test Reg Loss: 2.4676, Test MAPE: 14.1401, Test R: 0.7673, Test RRSE: 1.1388
2025-02-10 15:53:49,382:INFO:Epoch 263: Train Loss: 53.1709, Train Node Loss: 0.1114, Train Reg Loss: 0.5306, Train MAPE: 12.1180, Train R: 0.8495, Train RRSE: 0.5293, Test Loss: 325.7470, Test Node Loss: 0.1084, Test Reg Loss: 3.2564, Test MAPE: 15.3855, Test R: 0.7703, Test RRSE: 1.3082
2025-02-10 15:54:01,277:INFO:Epoch 264: Train Loss: 56.7192, Train Node Loss: 0.1188, Train Reg Loss: 0.5660, Train MAPE: 12.1947, Train R: 0.8412, Train RRSE: 0.5466, Test Loss: 233.7805, Test Node Loss: 0.1037, Test Reg Loss: 2.3368, Test MAPE: 14.2633, Test R: 0.7717, Test RRSE: 1.1082
2025-02-10 15:54:13,089:INFO:Epoch 265: Train Loss: 57.2004, Train Node Loss: 0.1041, Train Reg Loss: 0.5710, Train MAPE: 12.2894, Train R: 0.8369, Train RRSE: 0.5490, Test Loss: 176.7520, Test Node Loss: 0.0966, Test Reg Loss: 1.7666, Test MAPE: 13.2987, Test R: 0.7697, Test RRSE: 0.9635
2025-02-10 15:54:24,998:INFO:Epoch 266: Train Loss: 53.2353, Train Node Loss: 0.1104, Train Reg Loss: 0.5312, Train MAPE: 12.2715, Train R: 0.8485, Train RRSE: 0.5296, Test Loss: 287.8279, Test Node Loss: 0.1035, Test Reg Loss: 2.8772, Test MAPE: 14.8602, Test R: 0.7704, Test RRSE: 1.2296
2025-02-10 15:54:36,868:INFO:Epoch 267: Train Loss: 55.2271, Train Node Loss: 0.1139, Train Reg Loss: 0.5511, Train MAPE: 12.1309, Train R: 0.8430, Train RRSE: 0.5394, Test Loss: 196.6728, Test Node Loss: 0.0981, Test Reg Loss: 1.9657, Test MAPE: 13.5481, Test R: 0.7675, Test RRSE: 1.0164
2025-02-10 15:54:48,763:INFO:Epoch 268: Train Loss: 50.1239, Train Node Loss: 0.1123, Train Reg Loss: 0.5001, Train MAPE: 12.1941, Train R: 0.8607, Train RRSE: 0.5138, Test Loss: 215.7441, Test Node Loss: 0.1048, Test Reg Loss: 2.1564, Test MAPE: 13.8294, Test R: 0.7691, Test RRSE: 1.0645
2025-02-10 15:55:00,700:INFO:Epoch 269: Train Loss: 60.4111, Train Node Loss: 0.1253, Train Reg Loss: 0.6029, Train MAPE: 12.0340, Train R: 0.8294, Train RRSE: 0.5641, Test Loss: 273.8589, Test Node Loss: 0.1080, Test Reg Loss: 2.7375, Test MAPE: 14.5083, Test R: 0.7705, Test RRSE: 1.1994
2025-02-10 15:55:12,533:INFO:Epoch 270: Train Loss: 51.0423, Train Node Loss: 0.1163, Train Reg Loss: 0.5093, Train MAPE: 12.1900, Train R: 0.8563, Train RRSE: 0.5185, Test Loss: 171.1841, Test Node Loss: 0.0908, Test Reg Loss: 1.7109, Test MAPE: 13.0525, Test R: 0.7685, Test RRSE: 0.9482
2025-02-10 15:55:24,362:INFO:Epoch 271: Train Loss: 57.2276, Train Node Loss: 0.1073, Train Reg Loss: 0.5712, Train MAPE: 12.2522, Train R: 0.8455, Train RRSE: 0.5491, Test Loss: 266.4782, Test Node Loss: 0.0941, Test Reg Loss: 2.6638, Test MAPE: 14.4149, Test R: 0.7714, Test RRSE: 1.1832
2025-02-10 15:55:36,232:INFO:Epoch 272: Train Loss: 59.0559, Train Node Loss: 0.1235, Train Reg Loss: 0.5893, Train MAPE: 12.1024, Train R: 0.8404, Train RRSE: 0.5578, Test Loss: 323.1579, Test Node Loss: 0.0970, Test Reg Loss: 3.2306, Test MAPE: 15.4231, Test R: 0.7736, Test RRSE: 1.3030
2025-02-10 15:55:48,095:INFO:Epoch 273: Train Loss: 50.3112, Train Node Loss: 0.1125, Train Reg Loss: 0.5020, Train MAPE: 12.1066, Train R: 0.8588, Train RRSE: 0.5148, Test Loss: 161.7405, Test Node Loss: 0.0832, Test Reg Loss: 1.6166, Test MAPE: 12.8715, Test R: 0.7668, Test RRSE: 0.9217
2025-02-10 15:56:00,122:INFO:Epoch 274: Train Loss: 58.0155, Train Node Loss: 0.0997, Train Reg Loss: 0.5792, Train MAPE: 12.3586, Train R: 0.8500, Train RRSE: 0.5529, Test Loss: 173.1521, Test Node Loss: 0.0858, Test Reg Loss: 1.7307, Test MAPE: 13.1672, Test R: 0.7687, Test RRSE: 0.9537
2025-02-10 15:56:12,000:INFO:Epoch 275: Train Loss: 59.0940, Train Node Loss: 0.1073, Train Reg Loss: 0.5899, Train MAPE: 11.9771, Train R: 0.8332, Train RRSE: 0.5580, Test Loss: 342.2386, Test Node Loss: 0.0961, Test Reg Loss: 3.4214, Test MAPE: 15.6495, Test R: 0.7713, Test RRSE: 1.3409
2025-02-10 15:56:24,054:INFO:Epoch 276: Train Loss: 57.3756, Train Node Loss: 0.1094, Train Reg Loss: 0.5727, Train MAPE: 12.0714, Train R: 0.8413, Train RRSE: 0.5498, Test Loss: 230.0557, Test Node Loss: 0.0829, Test Reg Loss: 2.2997, Test MAPE: 14.0244, Test R: 0.7682, Test RRSE: 1.0993
2025-02-10 15:56:35,982:INFO:Epoch 277: Train Loss: 56.5543, Train Node Loss: 0.1014, Train Reg Loss: 0.5645, Train MAPE: 12.2291, Train R: 0.8385, Train RRSE: 0.5459, Test Loss: 282.3245, Test Node Loss: 0.0833, Test Reg Loss: 2.8224, Test MAPE: 14.7819, Test R: 0.7690, Test RRSE: 1.2179
2025-02-10 15:56:48,089:INFO:Epoch 278: Train Loss: 51.9225, Train Node Loss: 0.1018, Train Reg Loss: 0.5182, Train MAPE: 12.2597, Train R: 0.8540, Train RRSE: 0.5230, Test Loss: 287.9440, Test Node Loss: 0.0824, Test Reg Loss: 2.8786, Test MAPE: 14.7532, Test R: 0.7658, Test RRSE: 1.2299
2025-02-10 15:56:59,956:INFO:Epoch 279: Train Loss: 50.4991, Train Node Loss: 0.1051, Train Reg Loss: 0.5039, Train MAPE: 12.1974, Train R: 0.8580, Train RRSE: 0.5158, Test Loss: 364.2900, Test Node Loss: 0.0867, Test Reg Loss: 3.6420, Test MAPE: 15.8151, Test R: 0.7677, Test RRSE: 1.3834
2025-02-10 15:57:11,969:INFO:Epoch 280: Train Loss: 52.9444, Train Node Loss: 0.1068, Train Reg Loss: 0.5284, Train MAPE: 12.0687, Train R: 0.8513, Train RRSE: 0.5281, Test Loss: 234.8312, Test Node Loss: 0.0870, Test Reg Loss: 2.3474, Test MAPE: 14.1894, Test R: 0.7699, Test RRSE: 1.1107
2025-02-10 15:57:23,775:INFO:Epoch 281: Train Loss: 52.4766, Train Node Loss: 0.0976, Train Reg Loss: 0.5238, Train MAPE: 12.2715, Train R: 0.8510, Train RRSE: 0.5259, Test Loss: 210.3463, Test Node Loss: 0.0837, Test Reg Loss: 2.1026, Test MAPE: 13.7680, Test R: 0.7674, Test RRSE: 1.0512
2025-02-10 15:57:35,803:INFO:Epoch 282: Train Loss: 49.5486, Train Node Loss: 0.0982, Train Reg Loss: 0.4945, Train MAPE: 12.2328, Train R: 0.8612, Train RRSE: 0.5109, Test Loss: 308.5150, Test Node Loss: 0.0891, Test Reg Loss: 3.0843, Test MAPE: 15.1920, Test R: 0.7697, Test RRSE: 1.2731
2025-02-10 15:57:47,693:INFO:Epoch 283: Train Loss: 51.7509, Train Node Loss: 0.1066, Train Reg Loss: 0.5164, Train MAPE: 12.1693, Train R: 0.8549, Train RRSE: 0.5222, Test Loss: 247.4687, Test Node Loss: 0.0904, Test Reg Loss: 2.4738, Test MAPE: 14.2650, Test R: 0.7716, Test RRSE: 1.1402
2025-02-10 15:57:59,540:INFO:Epoch 284: Train Loss: 53.2772, Train Node Loss: 0.0975, Train Reg Loss: 0.5318, Train MAPE: 12.3284, Train R: 0.8495, Train RRSE: 0.5299, Test Loss: 135.6287, Test Node Loss: 0.0796, Test Reg Loss: 1.3555, Test MAPE: 12.7993, Test R: 0.7711, Test RRSE: 0.8440
2025-02-10 15:58:11,416:INFO:Epoch 285: Train Loss: 52.0073, Train Node Loss: 0.0957, Train Reg Loss: 0.5191, Train MAPE: 12.2779, Train R: 0.8526, Train RRSE: 0.5235, Test Loss: 232.5809, Test Node Loss: 0.0905, Test Reg Loss: 2.3249, Test MAPE: 13.9917, Test R: 0.7702, Test RRSE: 1.1053
2025-02-10 15:58:23,295:INFO:Epoch 286: Train Loss: 50.9944, Train Node Loss: 0.1068, Train Reg Loss: 0.5089, Train MAPE: 12.0975, Train R: 0.8567, Train RRSE: 0.5183, Test Loss: 260.0474, Test Node Loss: 0.0886, Test Reg Loss: 2.5996, Test MAPE: 14.2850, Test R: 0.7668, Test RRSE: 1.1688
2025-02-10 15:58:35,366:INFO:Epoch 287: Train Loss: 54.4642, Train Node Loss: 0.1082, Train Reg Loss: 0.5436, Train MAPE: 12.1277, Train R: 0.8450, Train RRSE: 0.5357, Test Loss: 186.8685, Test Node Loss: 0.0880, Test Reg Loss: 1.8678, Test MAPE: 13.4939, Test R: 0.7708, Test RRSE: 0.9907
2025-02-10 15:58:47,421:INFO:Epoch 288: Train Loss: 52.6247, Train Node Loss: 0.1071, Train Reg Loss: 0.5252, Train MAPE: 12.2636, Train R: 0.8503, Train RRSE: 0.5265, Test Loss: 155.4621, Test Node Loss: 0.0882, Test Reg Loss: 1.5537, Test MAPE: 13.1185, Test R: 0.7696, Test RRSE: 0.9036
2025-02-10 15:58:59,446:INFO:Epoch 289: Train Loss: 54.1792, Train Node Loss: 0.1096, Train Reg Loss: 0.5407, Train MAPE: 12.2250, Train R: 0.8459, Train RRSE: 0.5343, Test Loss: 239.6425, Test Node Loss: 0.0940, Test Reg Loss: 2.3955, Test MAPE: 13.9646, Test R: 0.7607, Test RRSE: 1.1220
2025-02-10 15:59:11,291:INFO:Epoch 290: Train Loss: 56.4011, Train Node Loss: 0.1147, Train Reg Loss: 0.5629, Train MAPE: 12.0988, Train R: 0.8394, Train RRSE: 0.5451, Test Loss: 279.7626, Test Node Loss: 0.0964, Test Reg Loss: 2.7967, Test MAPE: 14.6251, Test R: 0.7620, Test RRSE: 1.2123
2025-02-10 15:59:23,347:INFO:Epoch 291: Train Loss: 52.2781, Train Node Loss: 0.1221, Train Reg Loss: 0.5216, Train MAPE: 12.0472, Train R: 0.8552, Train RRSE: 0.5247, Test Loss: 218.4130, Test Node Loss: 0.1026, Test Reg Loss: 2.1831, Test MAPE: 14.0281, Test R: 0.7682, Test RRSE: 1.0711
2025-02-10 15:59:35,181:INFO:Epoch 292: Train Loss: 49.6169, Train Node Loss: 0.1211, Train Reg Loss: 0.4950, Train MAPE: 12.2309, Train R: 0.8601, Train RRSE: 0.5112, Test Loss: 161.3122, Test Node Loss: 0.0973, Test Reg Loss: 1.6121, Test MAPE: 13.2726, Test R: 0.7678, Test RRSE: 0.9204
2025-02-10 15:59:47,236:INFO:Epoch 293: Train Loss: 52.2360, Train Node Loss: 0.1130, Train Reg Loss: 0.5212, Train MAPE: 12.4452, Train R: 0.8558, Train RRSE: 0.5246, Test Loss: 210.9019, Test Node Loss: 0.0951, Test Reg Loss: 2.1081, Test MAPE: 13.7435, Test R: 0.7683, Test RRSE: 1.0525
2025-02-10 15:59:59,042:INFO:Epoch 294: Train Loss: 53.0163, Train Node Loss: 0.1229, Train Reg Loss: 0.5289, Train MAPE: 12.3361, Train R: 0.8512, Train RRSE: 0.5284, Test Loss: 352.2332, Test Node Loss: 0.1025, Test Reg Loss: 3.5213, Test MAPE: 15.7663, Test R: 0.7676, Test RRSE: 1.3603
2025-02-10 16:00:10,857:INFO:Epoch 295: Train Loss: 52.6024, Train Node Loss: 0.1182, Train Reg Loss: 0.5248, Train MAPE: 12.1357, Train R: 0.8516, Train RRSE: 0.5264, Test Loss: 163.2555, Test Node Loss: 0.0898, Test Reg Loss: 1.6317, Test MAPE: 12.9019, Test R: 0.7680, Test RRSE: 0.9260
2025-02-10 16:00:22,871:INFO:Epoch 296: Train Loss: 54.4921, Train Node Loss: 0.1034, Train Reg Loss: 0.5439, Train MAPE: 12.3674, Train R: 0.8500, Train RRSE: 0.5358, Test Loss: 175.4006, Test Node Loss: 0.0882, Test Reg Loss: 1.7531, Test MAPE: 13.3092, Test R: 0.7695, Test RRSE: 0.9598
2025-02-10 16:00:34,863:INFO:Epoch 297: Train Loss: 48.6135, Train Node Loss: 0.1078, Train Reg Loss: 0.4851, Train MAPE: 12.1768, Train R: 0.8640, Train RRSE: 0.5060, Test Loss: 289.3340, Test Node Loss: 0.0918, Test Reg Loss: 2.8924, Test MAPE: 14.8497, Test R: 0.7719, Test RRSE: 1.2329
2025-02-10 16:00:46,821:INFO:Epoch 298: Train Loss: 50.7079, Train Node Loss: 0.1127, Train Reg Loss: 0.5060, Train MAPE: 12.1258, Train R: 0.8586, Train RRSE: 0.5168, Test Loss: 296.2117, Test Node Loss: 0.0886, Test Reg Loss: 2.9612, Test MAPE: 14.9927, Test R: 0.7708, Test RRSE: 1.2475
2025-02-10 16:00:58,409:INFO:Epoch 299: Train Loss: 50.9075, Train Node Loss: 0.1103, Train Reg Loss: 0.5080, Train MAPE: 12.2531, Train R: 0.8562, Train RRSE: 0.5179, Test Loss: 202.0974, Test Node Loss: 0.0904, Test Reg Loss: 2.0201, Test MAPE: 13.8453, Test R: 0.7724, Test RRSE: 1.0303
2025-02-10 16:01:10,234:INFO:Epoch 300: Train Loss: 49.5488, Train Node Loss: 0.1142, Train Reg Loss: 0.4943, Train MAPE: 12.4273, Train R: 0.8597, Train RRSE: 0.5109, Test Loss: 327.1986, Test Node Loss: 0.0972, Test Reg Loss: 3.2710, Test MAPE: 15.3795, Test R: 0.7703, Test RRSE: 1.3111
2025-02-10 16:01:10,234:INFO:Best performance at epoch 256 with Test MAPE: 0.7744
