2025-02-10 14:56:20,307:INFO:Learning rate: 0.001
2025-02-10 14:56:20,307:INFO:Weight decay: 0.001
2025-02-10 14:56:20,307:INFO:Batch size: 32
2025-02-10 14:56:20,307:INFO:Number of layers: 3
2025-02-10 14:56:20,307:INFO:Convolution type: SAGE
2025-02-10 14:56:20,307:INFO:Convolution neurons: 256
2025-02-10 15:00:53,314:INFO:Learning rate: 0.001
2025-02-10 15:00:53,315:INFO:Weight decay: 0.001
2025-02-10 15:00:53,316:INFO:Batch size: 32
2025-02-10 15:00:53,316:INFO:Number of layers: 3
2025-02-10 15:00:53,316:INFO:Convolution type: SAGE
2025-02-10 15:00:53,316:INFO:Convolution neurons: 256
2025-02-10 15:01:17,336:INFO:Epoch 1: Train Loss: 8127.8594, Train Node Loss: 5.7845, Train Reg Loss: 81.2207, Train MAPE: 90.8381, Train R: 0.1113, Train RRSE: 4.7326, Test Loss: 7581.8828, Test Node Loss: 35.7315, Test Reg Loss: 75.4615, Test MAPE: 83.7555, Test R: 0.1586, Test RRSE: 3.6681
2025-02-10 15:01:39,992:INFO:Epoch 2: Train Loss: 3249.3165, Train Node Loss: 312.2921, Train Reg Loss: 29.3702, Train MAPE: 47.0919, Train R: 0.0604, Train RRSE: 2.8459, Test Loss: 2104.5788, Test Node Loss: 1229.9835, Test Reg Loss: 8.7460, Test MAPE: 25.3290, Test R: 0.3907, Test RRSE: 1.2488
2025-02-10 15:02:02,620:INFO:Epoch 3: Train Loss: 843.3870, Train Node Loss: 409.9178, Train Reg Loss: 4.3347, Train MAPE: 15.0246, Train R: 0.1257, Train RRSE: 1.0933, Test Loss: 1310.4624, Test Node Loss: 51.5253, Test Reg Loss: 12.5894, Test MAPE: 24.5854, Test R: 0.4179, Test RRSE: 1.4983
2025-02-10 15:02:25,439:INFO:Epoch 4: Train Loss: 487.3947, Train Node Loss: 66.3207, Train Reg Loss: 4.2107, Train MAPE: 13.1826, Train R: 0.0555, Train RRSE: 1.0776, Test Loss: 588.3683, Test Node Loss: 57.7367, Test Reg Loss: 5.3063, Test MAPE: 12.5245, Test R: 0.4000, Test RRSE: 0.9727
2025-02-10 15:02:48,048:INFO:Epoch 5: Train Loss: 401.0640, Train Node Loss: 36.2568, Train Reg Loss: 3.6481, Train MAPE: 13.1218, Train R: 0.0997, Train RRSE: 1.0030, Test Loss: 645.8576, Test Node Loss: 14.5265, Test Reg Loss: 6.3133, Test MAPE: 11.4290, Test R: 0.3946, Test RRSE: 1.0610
2025-02-10 15:03:10,937:INFO:Epoch 6: Train Loss: 359.5386, Train Node Loss: 13.9559, Train Reg Loss: 3.4558, Train MAPE: 11.6422, Train R: 0.2671, Train RRSE: 0.9762, Test Loss: 550.4976, Test Node Loss: 13.1181, Test Reg Loss: 5.3738, Test MAPE: 11.5215, Test R: 0.3855, Test RRSE: 0.9789
2025-02-10 15:03:33,263:INFO:Epoch 7: Train Loss: 348.3778, Train Node Loss: 11.2890, Train Reg Loss: 3.3709, Train MAPE: 12.8513, Train R: 0.3685, Train RRSE: 0.9641, Test Loss: 561.4873, Test Node Loss: 7.0711, Test Reg Loss: 5.5442, Test MAPE: 11.0981, Test R: 0.3771, Test RRSE: 0.9943
2025-02-10 15:03:55,405:INFO:Epoch 8: Train Loss: 341.6321, Train Node Loss: 6.4077, Train Reg Loss: 3.3522, Train MAPE: 11.8274, Train R: 0.3772, Train RRSE: 0.9615, Test Loss: 553.2005, Test Node Loss: 5.3680, Test Reg Loss: 5.4783, Test MAPE: 11.1841, Test R: 0.3675, Test RRSE: 0.9883
2025-02-10 15:04:17,132:INFO:Epoch 9: Train Loss: 337.2523, Train Node Loss: 5.6581, Train Reg Loss: 3.3159, Train MAPE: 12.1869, Train R: 0.3627, Train RRSE: 0.9563, Test Loss: 532.2473, Test Node Loss: 5.4509, Test Reg Loss: 5.2680, Test MAPE: 11.9299, Test R: 0.3573, Test RRSE: 0.9692
2025-02-10 15:04:39,483:INFO:Epoch 10: Train Loss: 330.2616, Train Node Loss: 5.4464, Train Reg Loss: 3.2482, Train MAPE: 12.6280, Train R: 0.3970, Train RRSE: 0.9464, Test Loss: 532.4394, Test Node Loss: 4.4843, Test Reg Loss: 5.2796, Test MAPE: 11.6715, Test R: 0.3469, Test RRSE: 0.9702
2025-02-10 15:05:01,543:INFO:Epoch 11: Train Loss: 332.6024, Train Node Loss: 4.1418, Train Reg Loss: 3.2846, Train MAPE: 12.1513, Train R: 0.3425, Train RRSE: 0.9517, Test Loss: 533.8863, Test Node Loss: 4.0383, Test Reg Loss: 5.2985, Test MAPE: 11.5549, Test R: 0.3332, Test RRSE: 0.9720
2025-02-10 15:05:23,462:INFO:Epoch 12: Train Loss: 322.9777, Train Node Loss: 4.5479, Train Reg Loss: 3.1843, Train MAPE: 12.7882, Train R: 0.3946, Train RRSE: 0.9371, Test Loss: 530.1690, Test Node Loss: 3.8544, Test Reg Loss: 5.2631, Test MAPE: 11.6531, Test R: 0.3242, Test RRSE: 0.9687
2025-02-10 15:05:45,576:INFO:Epoch 13: Train Loss: 319.3586, Train Node Loss: 3.1659, Train Reg Loss: 3.1619, Train MAPE: 12.1417, Train R: 0.3996, Train RRSE: 0.9338, Test Loss: 529.7882, Test Node Loss: 3.4621, Test Reg Loss: 5.2633, Test MAPE: 11.6911, Test R: 0.3109, Test RRSE: 0.9687
2025-02-10 15:06:07,853:INFO:Epoch 14: Train Loss: 301.0078, Train Node Loss: 3.8643, Train Reg Loss: 2.9714, Train MAPE: 13.0093, Train R: 0.4598, Train RRSE: 0.9052, Test Loss: 519.0735, Test Node Loss: 4.0094, Test Reg Loss: 5.1506, Test MAPE: 12.3108, Test R: 0.3068, Test RRSE: 0.9583
2025-02-10 15:06:30,363:INFO:Epoch 15: Train Loss: 308.6001, Train Node Loss: 3.1565, Train Reg Loss: 3.0544, Train MAPE: 13.0120, Train R: 0.4038, Train RRSE: 0.9178, Test Loss: 539.2123, Test Node Loss: 2.4961, Test Reg Loss: 5.3672, Test MAPE: 11.8293, Test R: 0.2960, Test RRSE: 0.9783
2025-02-10 15:06:52,649:INFO:Epoch 16: Train Loss: 305.1965, Train Node Loss: 3.0423, Train Reg Loss: 3.0215, Train MAPE: 13.3505, Train R: 0.4129, Train RRSE: 0.9128, Test Loss: 524.3883, Test Node Loss: 2.8460, Test Reg Loss: 5.2154, Test MAPE: 12.2800, Test R: 0.2931, Test RRSE: 0.9643
2025-02-10 15:07:15,192:INFO:Epoch 17: Train Loss: 288.6229, Train Node Loss: 2.4689, Train Reg Loss: 2.8615, Train MAPE: 13.1759, Train R: 0.4695, Train RRSE: 0.8883, Test Loss: 533.3410, Test Node Loss: 2.2600, Test Reg Loss: 5.3108, Test MAPE: 12.1201, Test R: 0.2868, Test RRSE: 0.9731
2025-02-10 15:07:37,196:INFO:Epoch 18: Train Loss: 296.9581, Train Node Loss: 2.5432, Train Reg Loss: 2.9441, Train MAPE: 13.7231, Train R: 0.4379, Train RRSE: 0.9011, Test Loss: 537.8688, Test Node Loss: 1.8036, Test Reg Loss: 5.3607, Test MAPE: 12.1107, Test R: 0.2872, Test RRSE: 0.9777
2025-02-10 15:07:59,393:INFO:Epoch 19: Train Loss: 293.1037, Train Node Loss: 1.7575, Train Reg Loss: 2.9135, Train MAPE: 13.0875, Train R: 0.4502, Train RRSE: 0.8963, Test Loss: 527.2448, Test Node Loss: 1.7629, Test Reg Loss: 5.2548, Test MAPE: 12.3935, Test R: 0.2902, Test RRSE: 0.9680
2025-02-10 15:08:21,745:INFO:Epoch 20: Train Loss: 300.5073, Train Node Loss: 1.8520, Train Reg Loss: 2.9866, Train MAPE: 13.5327, Train R: 0.4219, Train RRSE: 0.9075, Test Loss: 517.8244, Test Node Loss: 1.5260, Test Reg Loss: 5.1630, Test MAPE: 12.4642, Test R: 0.3029, Test RRSE: 0.9595
2025-02-10 15:08:43,466:INFO:Epoch 21: Train Loss: 287.1356, Train Node Loss: 1.5091, Train Reg Loss: 2.8563, Train MAPE: 13.2173, Train R: 0.4672, Train RRSE: 0.8875, Test Loss: 518.7872, Test Node Loss: 1.4196, Test Reg Loss: 5.1737, Test MAPE: 12.4793, Test R: 0.3021, Test RRSE: 0.9605
2025-02-10 15:09:05,829:INFO:Epoch 22: Train Loss: 284.7440, Train Node Loss: 1.3378, Train Reg Loss: 2.8341, Train MAPE: 13.3266, Train R: 0.4737, Train RRSE: 0.8840, Test Loss: 518.1248, Test Node Loss: 1.3080, Test Reg Loss: 5.1682, Test MAPE: 12.6017, Test R: 0.3029, Test RRSE: 0.9600
2025-02-10 15:09:28,152:INFO:Epoch 23: Train Loss: 284.6386, Train Node Loss: 1.5807, Train Reg Loss: 2.8306, Train MAPE: 13.9456, Train R: 0.4765, Train RRSE: 0.8835, Test Loss: 515.9674, Test Node Loss: 1.1631, Test Reg Loss: 5.1480, Test MAPE: 12.6030, Test R: 0.3051, Test RRSE: 0.9581
2025-02-10 15:09:50,780:INFO:Epoch 24: Train Loss: 283.1897, Train Node Loss: 1.2209, Train Reg Loss: 2.8197, Train MAPE: 13.6816, Train R: 0.4747, Train RRSE: 0.8818, Test Loss: 543.0681, Test Node Loss: 0.7135, Test Reg Loss: 5.4235, Test MAPE: 12.3565, Test R: 0.3071, Test RRSE: 0.9834
2025-02-10 15:10:13,329:INFO:Epoch 25: Train Loss: 292.5500, Train Node Loss: 0.8868, Train Reg Loss: 2.9166, Train MAPE: 13.3889, Train R: 0.4447, Train RRSE: 0.8968, Test Loss: 517.3059, Test Node Loss: 0.8462, Test Reg Loss: 5.1646, Test MAPE: 12.7687, Test R: 0.3093, Test RRSE: 0.9596
2025-02-10 15:10:36,006:INFO:Epoch 26: Train Loss: 285.5300, Train Node Loss: 0.8299, Train Reg Loss: 2.8470, Train MAPE: 13.4818, Train R: 0.4661, Train RRSE: 0.8861, Test Loss: 511.5039, Test Node Loss: 0.7742, Test Reg Loss: 5.1073, Test MAPE: 12.7240, Test R: 0.3172, Test RRSE: 0.9543
2025-02-10 15:10:58,642:INFO:Epoch 27: Train Loss: 282.7197, Train Node Loss: 0.8532, Train Reg Loss: 2.8187, Train MAPE: 13.7818, Train R: 0.4787, Train RRSE: 0.8816, Test Loss: 524.3162, Test Node Loss: 0.5585, Test Reg Loss: 5.2376, Test MAPE: 12.4905, Test R: 0.3192, Test RRSE: 0.9664
2025-02-10 15:11:20,877:INFO:Epoch 28: Train Loss: 278.2217, Train Node Loss: 0.5315, Train Reg Loss: 2.7769, Train MAPE: 13.3063, Train R: 0.4915, Train RRSE: 0.8751, Test Loss: 522.1401, Test Node Loss: 0.4878, Test Reg Loss: 5.2165, Test MAPE: 12.7169, Test R: 0.3191, Test RRSE: 0.9644
2025-02-10 15:11:43,818:INFO:Epoch 29: Train Loss: 275.0614, Train Node Loss: 0.5558, Train Reg Loss: 2.7451, Train MAPE: 13.6520, Train R: 0.4954, Train RRSE: 0.8701, Test Loss: 511.0088, Test Node Loss: 0.5183, Test Reg Loss: 5.1049, Test MAPE: 12.6102, Test R: 0.3232, Test RRSE: 0.9541
2025-02-10 15:12:06,388:INFO:Epoch 30: Train Loss: 277.8506, Train Node Loss: 0.6708, Train Reg Loss: 2.7718, Train MAPE: 14.2185, Train R: 0.4985, Train RRSE: 0.8743, Test Loss: 529.7609, Test Node Loss: 0.3557, Test Reg Loss: 5.2941, Test MAPE: 12.5547, Test R: 0.3228, Test RRSE: 0.9716
2025-02-10 15:12:29,421:INFO:Epoch 31: Train Loss: 286.3186, Train Node Loss: 0.2801, Train Reg Loss: 2.8604, Train MAPE: 13.2958, Train R: 0.4756, Train RRSE: 0.8881, Test Loss: 538.4171, Test Node Loss: 0.1942, Test Reg Loss: 5.3822, Test MAPE: 12.5303, Test R: 0.3229, Test RRSE: 0.9796
2025-02-10 15:12:52,443:INFO:Epoch 32: Train Loss: 278.9887, Train Node Loss: 0.3599, Train Reg Loss: 2.7863, Train MAPE: 14.0855, Train R: 0.4877, Train RRSE: 0.8766, Test Loss: 507.1643, Test Node Loss: 0.2482, Test Reg Loss: 5.0692, Test MAPE: 12.9624, Test R: 0.3284, Test RRSE: 0.9507
2025-02-10 15:13:15,353:INFO:Epoch 33: Train Loss: 276.5998, Train Node Loss: 0.2459, Train Reg Loss: 2.7635, Train MAPE: 13.5445, Train R: 0.4905, Train RRSE: 0.8730, Test Loss: 530.0690, Test Node Loss: 0.1133, Test Reg Loss: 5.2996, Test MAPE: 12.5629, Test R: 0.3304, Test RRSE: 0.9721
2025-02-10 15:13:38,466:INFO:Epoch 34: Train Loss: 280.6155, Train Node Loss: 0.2037, Train Reg Loss: 2.8041, Train MAPE: 13.6675, Train R: 0.4776, Train RRSE: 0.8794, Test Loss: 524.2219, Test Node Loss: 0.1093, Test Reg Loss: 5.2411, Test MAPE: 12.5204, Test R: 0.3315, Test RRSE: 0.9667
2025-02-10 15:14:01,283:INFO:Epoch 35: Train Loss: 275.7183, Train Node Loss: 0.1584, Train Reg Loss: 2.7556, Train MAPE: 13.4942, Train R: 0.4949, Train RRSE: 0.8717, Test Loss: 510.3250, Test Node Loss: 0.1101, Test Reg Loss: 5.1021, Test MAPE: 12.7677, Test R: 0.3365, Test RRSE: 0.9538
2025-02-10 15:14:23,722:INFO:Epoch 36: Train Loss: 285.8130, Train Node Loss: 0.2141, Train Reg Loss: 2.8560, Train MAPE: 14.1848, Train R: 0.4681, Train RRSE: 0.8875, Test Loss: 505.8129, Test Node Loss: 0.1054, Test Reg Loss: 5.0571, Test MAPE: 13.0241, Test R: 0.3342, Test RRSE: 0.9496
2025-02-10 15:14:46,530:INFO:Epoch 37: Train Loss: 284.3621, Train Node Loss: 0.1012, Train Reg Loss: 2.8426, Train MAPE: 13.5469, Train R: 0.4794, Train RRSE: 0.8854, Test Loss: 516.4355, Test Node Loss: 0.0478, Test Reg Loss: 5.1639, Test MAPE: 12.7426, Test R: 0.3357, Test RRSE: 0.9596
2025-02-10 15:15:09,407:INFO:Epoch 38: Train Loss: 277.1253, Train Node Loss: 0.1121, Train Reg Loss: 2.7701, Train MAPE: 13.7385, Train R: 0.4916, Train RRSE: 0.8740, Test Loss: 494.5538, Test Node Loss: 0.0760, Test Reg Loss: 4.9448, Test MAPE: 13.6022, Test R: 0.3442, Test RRSE: 0.9390
2025-02-10 15:15:32,383:INFO:Epoch 39: Train Loss: 276.0458, Train Node Loss: 0.1015, Train Reg Loss: 2.7594, Train MAPE: 13.8099, Train R: 0.4979, Train RRSE: 0.8723, Test Loss: 523.7866, Test Node Loss: 0.0369, Test Reg Loss: 5.2375, Test MAPE: 12.6194, Test R: 0.3417, Test RRSE: 0.9664
2025-02-10 15:15:55,219:INFO:Epoch 40: Train Loss: 269.9836, Train Node Loss: 0.0870, Train Reg Loss: 2.6990, Train MAPE: 13.6605, Train R: 0.5104, Train RRSE: 0.8627, Test Loss: 539.5839, Test Node Loss: 0.0341, Test Reg Loss: 5.3955, Test MAPE: 12.5721, Test R: 0.3402, Test RRSE: 0.9808
2025-02-10 15:16:17,976:INFO:Epoch 41: Train Loss: 273.3228, Train Node Loss: 0.0701, Train Reg Loss: 2.7325, Train MAPE: 13.5037, Train R: 0.5038, Train RRSE: 0.8681, Test Loss: 516.8366, Test Node Loss: 0.0375, Test Reg Loss: 5.1680, Test MAPE: 12.7202, Test R: 0.3438, Test RRSE: 0.9599
2025-02-10 15:16:40,705:INFO:Epoch 42: Train Loss: 276.8741, Train Node Loss: 0.1018, Train Reg Loss: 2.7677, Train MAPE: 14.2570, Train R: 0.4964, Train RRSE: 0.8736, Test Loss: 501.7420, Test Node Loss: 0.0490, Test Reg Loss: 5.0169, Test MAPE: 13.1034, Test R: 0.3425, Test RRSE: 0.9458
2025-02-10 15:17:03,931:INFO:Epoch 43: Train Loss: 281.9901, Train Node Loss: 0.0628, Train Reg Loss: 2.8193, Train MAPE: 13.5231, Train R: 0.4762, Train RRSE: 0.8817, Test Loss: 510.7590, Test Node Loss: 0.0250, Test Reg Loss: 5.1073, Test MAPE: 12.7842, Test R: 0.3453, Test RRSE: 0.9543
2025-02-10 15:17:26,928:INFO:Epoch 44: Train Loss: 275.1226, Train Node Loss: 0.0664, Train Reg Loss: 2.7506, Train MAPE: 14.0735, Train R: 0.4949, Train RRSE: 0.8709, Test Loss: 501.7479, Test Node Loss: 0.0302, Test Reg Loss: 5.0172, Test MAPE: 13.1041, Test R: 0.3453, Test RRSE: 0.9458
2025-02-10 15:17:49,592:INFO:Epoch 45: Train Loss: 278.3286, Train Node Loss: 0.0668, Train Reg Loss: 2.7826, Train MAPE: 14.4354, Train R: 0.4912, Train RRSE: 0.8760, Test Loss: 535.7833, Test Node Loss: 0.0180, Test Reg Loss: 5.3577, Test MAPE: 12.7006, Test R: 0.3424, Test RRSE: 0.9774
2025-02-10 15:18:12,216:INFO:Epoch 46: Train Loss: 270.1458, Train Node Loss: 0.0383, Train Reg Loss: 2.7011, Train MAPE: 13.4060, Train R: 0.5158, Train RRSE: 0.8631, Test Loss: 533.5145, Test Node Loss: 0.0140, Test Reg Loss: 5.3350, Test MAPE: 12.8073, Test R: 0.3443, Test RRSE: 0.9753
2025-02-10 15:18:34,551:INFO:Epoch 47: Train Loss: 272.6531, Train Node Loss: 0.0430, Train Reg Loss: 2.7261, Train MAPE: 13.7962, Train R: 0.5014, Train RRSE: 0.8670, Test Loss: 514.8463, Test Node Loss: 0.0173, Test Reg Loss: 5.1483, Test MAPE: 12.8931, Test R: 0.3453, Test RRSE: 0.9581
2025-02-10 15:18:57,123:INFO:Epoch 48: Train Loss: 268.5997, Train Node Loss: 0.0399, Train Reg Loss: 2.6856, Train MAPE: 14.0636, Train R: 0.5102, Train RRSE: 0.8606, Test Loss: 514.5853, Test Node Loss: 0.0149, Test Reg Loss: 5.1457, Test MAPE: 12.9289, Test R: 0.3429, Test RRSE: 0.9579
2025-02-10 15:19:20,008:INFO:Epoch 49: Train Loss: 263.2759, Train Node Loss: 0.0410, Train Reg Loss: 2.6323, Train MAPE: 14.1732, Train R: 0.5259, Train RRSE: 0.8520, Test Loss: 509.2056, Test Node Loss: 0.0164, Test Reg Loss: 5.0919, Test MAPE: 12.9858, Test R: 0.3438, Test RRSE: 0.9528
2025-02-10 15:19:42,439:INFO:Epoch 50: Train Loss: 270.8784, Train Node Loss: 0.0338, Train Reg Loss: 2.7084, Train MAPE: 13.8929, Train R: 0.5040, Train RRSE: 0.8642, Test Loss: 525.3142, Test Node Loss: 0.0134, Test Reg Loss: 5.2530, Test MAPE: 12.8824, Test R: 0.3381, Test RRSE: 0.9678
2025-02-10 15:20:05,284:INFO:Epoch 51: Train Loss: 280.0145, Train Node Loss: 0.0360, Train Reg Loss: 2.7998, Train MAPE: 14.1217, Train R: 0.4777, Train RRSE: 0.8787, Test Loss: 498.2930, Test Node Loss: 0.0213, Test Reg Loss: 4.9827, Test MAPE: 13.4302, Test R: 0.3407, Test RRSE: 0.9426
2025-02-10 15:20:28,099:INFO:Epoch 52: Train Loss: 270.5728, Train Node Loss: 0.0419, Train Reg Loss: 2.7053, Train MAPE: 13.7793, Train R: 0.5064, Train RRSE: 0.8637, Test Loss: 501.0566, Test Node Loss: 0.0199, Test Reg Loss: 5.0104, Test MAPE: 13.0348, Test R: 0.3470, Test RRSE: 0.9452
2025-02-10 15:20:50,695:INFO:Epoch 53: Train Loss: 273.7162, Train Node Loss: 0.0395, Train Reg Loss: 2.7368, Train MAPE: 13.4710, Train R: 0.5007, Train RRSE: 0.8687, Test Loss: 492.8706, Test Node Loss: 0.0271, Test Reg Loss: 4.9284, Test MAPE: 13.6378, Test R: 0.3484, Test RRSE: 0.9374
2025-02-10 15:21:13,467:INFO:Epoch 54: Train Loss: 273.8920, Train Node Loss: 0.0540, Train Reg Loss: 2.7384, Train MAPE: 14.4170, Train R: 0.5059, Train RRSE: 0.8690, Test Loss: 515.3254, Test Node Loss: 0.0160, Test Reg Loss: 5.1531, Test MAPE: 12.9864, Test R: 0.3440, Test RRSE: 0.9586
2025-02-10 15:21:35,991:INFO:Epoch 55: Train Loss: 271.3415, Train Node Loss: 0.0285, Train Reg Loss: 2.7131, Train MAPE: 13.3542, Train R: 0.5235, Train RRSE: 0.8650, Test Loss: 508.5247, Test Node Loss: 0.0139, Test Reg Loss: 5.0851, Test MAPE: 13.1900, Test R: 0.3415, Test RRSE: 0.9522
2025-02-10 15:21:58,821:INFO:Epoch 56: Train Loss: 278.0480, Train Node Loss: 0.0423, Train Reg Loss: 2.7801, Train MAPE: 15.1209, Train R: 0.5122, Train RRSE: 0.8756, Test Loss: 501.5414, Test Node Loss: 0.0123, Test Reg Loss: 5.0153, Test MAPE: 13.1973, Test R: 0.3396, Test RRSE: 0.9457
2025-02-10 15:22:21,530:INFO:Epoch 57: Train Loss: 270.9342, Train Node Loss: 0.0203, Train Reg Loss: 2.7091, Train MAPE: 13.7181, Train R: 0.5072, Train RRSE: 0.8643, Test Loss: 573.5186, Test Node Loss: 0.0074, Test Reg Loss: 5.7351, Test MAPE: 13.3079, Test R: 0.3377, Test RRSE: 1.0112
2025-02-10 15:22:44,209:INFO:Epoch 58: Train Loss: 272.9054, Train Node Loss: 0.0187, Train Reg Loss: 2.7289, Train MAPE: 13.6102, Train R: 0.5011, Train RRSE: 0.8675, Test Loss: 493.8606, Test Node Loss: 0.0154, Test Reg Loss: 4.9385, Test MAPE: 13.7317, Test R: 0.3461, Test RRSE: 0.9384
2025-02-10 15:23:06,801:INFO:Epoch 59: Train Loss: 269.4653, Train Node Loss: 0.0230, Train Reg Loss: 2.6944, Train MAPE: 14.2277, Train R: 0.5140, Train RRSE: 0.8620, Test Loss: 501.4731, Test Node Loss: 0.0098, Test Reg Loss: 5.0146, Test MAPE: 12.5892, Test R: 0.3517, Test RRSE: 0.9456
2025-02-10 15:23:29,099:INFO:Epoch 60: Train Loss: 271.1986, Train Node Loss: 0.0178, Train Reg Loss: 2.7118, Train MAPE: 13.6733, Train R: 0.5051, Train RRSE: 0.8648, Test Loss: 499.5501, Test Node Loss: 0.0099, Test Reg Loss: 4.9954, Test MAPE: 12.8744, Test R: 0.3548, Test RRSE: 0.9438
2025-02-10 15:23:51,642:INFO:Epoch 61: Train Loss: 267.1696, Train Node Loss: 0.0190, Train Reg Loss: 2.6715, Train MAPE: 13.8694, Train R: 0.5166, Train RRSE: 0.8583, Test Loss: 493.2202, Test Node Loss: 0.0108, Test Reg Loss: 4.9321, Test MAPE: 13.2907, Test R: 0.3529, Test RRSE: 0.9378
2025-02-10 15:24:14,127:INFO:Epoch 62: Train Loss: 267.1515, Train Node Loss: 0.0181, Train Reg Loss: 2.6713, Train MAPE: 13.7268, Train R: 0.5166, Train RRSE: 0.8583, Test Loss: 510.3930, Test Node Loss: 0.0092, Test Reg Loss: 5.1038, Test MAPE: 13.0043, Test R: 0.3511, Test RRSE: 0.9540
2025-02-10 15:24:36,744:INFO:Epoch 63: Train Loss: 270.8302, Train Node Loss: 0.0206, Train Reg Loss: 2.7081, Train MAPE: 14.3249, Train R: 0.5103, Train RRSE: 0.8642, Test Loss: 508.2202, Test Node Loss: 0.0085, Test Reg Loss: 5.0821, Test MAPE: 13.0565, Test R: 0.3493, Test RRSE: 0.9519
2025-02-10 15:24:58,755:INFO:Epoch 64: Train Loss: 264.8084, Train Node Loss: 0.0152, Train Reg Loss: 2.6479, Train MAPE: 13.7152, Train R: 0.5246, Train RRSE: 0.8545, Test Loss: 514.1771, Test Node Loss: 0.0075, Test Reg Loss: 5.1417, Test MAPE: 13.1887, Test R: 0.3482, Test RRSE: 0.9575
2025-02-10 15:25:21,124:INFO:Epoch 65: Train Loss: 265.5104, Train Node Loss: 0.0153, Train Reg Loss: 2.6550, Train MAPE: 13.9504, Train R: 0.5189, Train RRSE: 0.8557, Test Loss: 495.2247, Test Node Loss: 0.0079, Test Reg Loss: 4.9522, Test MAPE: 13.3568, Test R: 0.3483, Test RRSE: 0.9397
2025-02-10 15:25:43,455:INFO:Epoch 66: Train Loss: 268.9850, Train Node Loss: 0.0152, Train Reg Loss: 2.6897, Train MAPE: 14.2549, Train R: 0.5118, Train RRSE: 0.8612, Test Loss: 521.0834, Test Node Loss: 0.0069, Test Reg Loss: 5.2108, Test MAPE: 12.9889, Test R: 0.3450, Test RRSE: 0.9639
2025-02-10 15:26:06,059:INFO:Epoch 67: Train Loss: 268.6851, Train Node Loss: 0.0126, Train Reg Loss: 2.6867, Train MAPE: 13.7423, Train R: 0.5128, Train RRSE: 0.8608, Test Loss: 519.3642, Test Node Loss: 0.0068, Test Reg Loss: 5.1936, Test MAPE: 13.1488, Test R: 0.3452, Test RRSE: 0.9623
2025-02-10 15:26:28,405:INFO:Epoch 68: Train Loss: 268.1110, Train Node Loss: 0.0129, Train Reg Loss: 2.6810, Train MAPE: 13.7115, Train R: 0.5140, Train RRSE: 0.8598, Test Loss: 512.7910, Test Node Loss: 0.0071, Test Reg Loss: 5.1278, Test MAPE: 13.1450, Test R: 0.3465, Test RRSE: 0.9562
2025-02-10 15:26:51,517:INFO:Epoch 69: Train Loss: 274.7121, Train Node Loss: 0.0154, Train Reg Loss: 2.7470, Train MAPE: 14.2593, Train R: 0.4972, Train RRSE: 0.8704, Test Loss: 511.0868, Test Node Loss: 0.0074, Test Reg Loss: 5.1108, Test MAPE: 12.9084, Test R: 0.3508, Test RRSE: 0.9546
2025-02-10 15:27:14,042:INFO:Epoch 70: Train Loss: 270.1888, Train Node Loss: 0.0161, Train Reg Loss: 2.7017, Train MAPE: 14.3508, Train R: 0.5093, Train RRSE: 0.8632, Test Loss: 506.4750, Test Node Loss: 0.0075, Test Reg Loss: 5.0647, Test MAPE: 13.2213, Test R: 0.3510, Test RRSE: 0.9503
2025-02-10 15:27:36,438:INFO:Epoch 71: Train Loss: 266.7528, Train Node Loss: 0.0129, Train Reg Loss: 2.6674, Train MAPE: 13.5497, Train R: 0.5254, Train RRSE: 0.8577, Test Loss: 517.5420, Test Node Loss: 0.0069, Test Reg Loss: 5.1754, Test MAPE: 13.1593, Test R: 0.3531, Test RRSE: 0.9606
2025-02-10 15:27:58,789:INFO:Epoch 72: Train Loss: 258.0153, Train Node Loss: 0.0138, Train Reg Loss: 2.5800, Train MAPE: 14.0668, Train R: 0.5400, Train RRSE: 0.8435, Test Loss: 496.1888, Test Node Loss: 0.0072, Test Reg Loss: 4.9618, Test MAPE: 13.4981, Test R: 0.3525, Test RRSE: 0.9406
2025-02-10 15:28:20,965:INFO:Epoch 73: Train Loss: 268.9946, Train Node Loss: 0.0124, Train Reg Loss: 2.6898, Train MAPE: 13.9623, Train R: 0.5118, Train RRSE: 0.8613, Test Loss: 521.7224, Test Node Loss: 0.0066, Test Reg Loss: 5.2172, Test MAPE: 13.1922, Test R: 0.3549, Test RRSE: 0.9645
2025-02-10 15:28:43,596:INFO:Epoch 74: Train Loss: 283.1358, Train Node Loss: 0.0143, Train Reg Loss: 2.8312, Train MAPE: 14.9553, Train R: 0.4870, Train RRSE: 0.8836, Test Loss: 508.1555, Test Node Loss: 0.0065, Test Reg Loss: 5.0815, Test MAPE: 13.1535, Test R: 0.3548, Test RRSE: 0.9519
2025-02-10 15:29:06,348:INFO:Epoch 75: Train Loss: 281.0083, Train Node Loss: 0.0099, Train Reg Loss: 2.8100, Train MAPE: 13.5683, Train R: 0.4868, Train RRSE: 0.8803, Test Loss: 521.7322, Test Node Loss: 0.0064, Test Reg Loss: 5.2173, Test MAPE: 13.1783, Test R: 0.3551, Test RRSE: 0.9645
2025-02-10 15:29:29,197:INFO:Epoch 76: Train Loss: 262.3490, Train Node Loss: 0.0098, Train Reg Loss: 2.6234, Train MAPE: 14.0712, Train R: 0.5287, Train RRSE: 0.8506, Test Loss: 491.5292, Test Node Loss: 0.0064, Test Reg Loss: 4.9152, Test MAPE: 13.6911, Test R: 0.3559, Test RRSE: 0.9362
2025-02-10 15:29:51,903:INFO:Epoch 77: Train Loss: 263.5055, Train Node Loss: 0.0097, Train Reg Loss: 2.6350, Train MAPE: 14.4211, Train R: 0.5296, Train RRSE: 0.8524, Test Loss: 510.0935, Test Node Loss: 0.0063, Test Reg Loss: 5.1009, Test MAPE: 13.2669, Test R: 0.3524, Test RRSE: 0.9537
2025-02-10 15:30:14,523:INFO:Epoch 78: Train Loss: 262.6717, Train Node Loss: 0.0086, Train Reg Loss: 2.6266, Train MAPE: 13.6612, Train R: 0.5336, Train RRSE: 0.8511, Test Loss: 500.9511, Test Node Loss: 0.0063, Test Reg Loss: 5.0094, Test MAPE: 13.4417, Test R: 0.3548, Test RRSE: 0.9451
2025-02-10 15:30:37,705:INFO:Epoch 79: Train Loss: 258.5210, Train Node Loss: 0.0091, Train Reg Loss: 2.5851, Train MAPE: 14.3449, Train R: 0.5423, Train RRSE: 0.8443, Test Loss: 492.6649, Test Node Loss: 0.0064, Test Reg Loss: 4.9266, Test MAPE: 14.0519, Test R: 0.3516, Test RRSE: 0.9373
2025-02-10 15:31:00,257:INFO:Epoch 80: Train Loss: 259.4661, Train Node Loss: 0.0088, Train Reg Loss: 2.5946, Train MAPE: 14.3241, Train R: 0.5341, Train RRSE: 0.8459, Test Loss: 526.0092, Test Node Loss: 0.0064, Test Reg Loss: 5.2600, Test MAPE: 13.3755, Test R: 0.3484, Test RRSE: 0.9685
2025-02-10 15:31:22,994:INFO:Epoch 81: Train Loss: 259.5654, Train Node Loss: 0.0086, Train Reg Loss: 2.5956, Train MAPE: 14.0715, Train R: 0.5347, Train RRSE: 0.8460, Test Loss: 506.3656, Test Node Loss: 0.0063, Test Reg Loss: 5.0636, Test MAPE: 13.1848, Test R: 0.3518, Test RRSE: 0.9502
2025-02-10 15:31:46,059:INFO:Epoch 82: Train Loss: 268.0421, Train Node Loss: 0.0085, Train Reg Loss: 2.6803, Train MAPE: 13.6335, Train R: 0.5195, Train RRSE: 0.8597, Test Loss: 516.7180, Test Node Loss: 0.0063, Test Reg Loss: 5.1671, Test MAPE: 13.2067, Test R: 0.3521, Test RRSE: 0.9599
2025-02-10 15:32:08,871:INFO:Epoch 83: Train Loss: 261.7559, Train Node Loss: 0.0092, Train Reg Loss: 2.6175, Train MAPE: 14.6796, Train R: 0.5373, Train RRSE: 0.8496, Test Loss: 505.6567, Test Node Loss: 0.0063, Test Reg Loss: 5.0565, Test MAPE: 13.2753, Test R: 0.3496, Test RRSE: 0.9495
2025-02-10 15:32:31,409:INFO:Epoch 84: Train Loss: 251.5361, Train Node Loss: 0.0082, Train Reg Loss: 2.5153, Train MAPE: 14.0328, Train R: 0.5571, Train RRSE: 0.8328, Test Loss: 552.8143, Test Node Loss: 0.0065, Test Reg Loss: 5.5281, Test MAPE: 13.4020, Test R: 0.3488, Test RRSE: 0.9928
2025-02-10 15:32:53,835:INFO:Epoch 85: Train Loss: 260.3931, Train Node Loss: 0.0081, Train Reg Loss: 2.6038, Train MAPE: 13.8577, Train R: 0.5339, Train RRSE: 0.8474, Test Loss: 511.9842, Test Node Loss: 0.0063, Test Reg Loss: 5.1198, Test MAPE: 13.4663, Test R: 0.3485, Test RRSE: 0.9555
2025-02-10 15:33:16,678:INFO:Epoch 86: Train Loss: 253.6225, Train Node Loss: 0.0081, Train Reg Loss: 2.5361, Train MAPE: 14.1604, Train R: 0.5490, Train RRSE: 0.8363, Test Loss: 514.1938, Test Node Loss: 0.0064, Test Reg Loss: 5.1419, Test MAPE: 13.3817, Test R: 0.3478, Test RRSE: 0.9575
2025-02-10 15:33:39,390:INFO:Epoch 87: Train Loss: 251.4223, Train Node Loss: 0.0079, Train Reg Loss: 2.5141, Train MAPE: 14.1415, Train R: 0.5563, Train RRSE: 0.8327, Test Loss: 507.5292, Test Node Loss: 0.0064, Test Reg Loss: 5.0752, Test MAPE: 13.2586, Test R: 0.3511, Test RRSE: 0.9513
2025-02-10 15:34:02,378:INFO:Epoch 88: Train Loss: 257.1957, Train Node Loss: 0.0078, Train Reg Loss: 2.5719, Train MAPE: 13.8030, Train R: 0.5459, Train RRSE: 0.8422, Test Loss: 500.4181, Test Node Loss: 0.0064, Test Reg Loss: 5.0041, Test MAPE: 13.6417, Test R: 0.3489, Test RRSE: 0.9446
2025-02-10 15:34:25,450:INFO:Epoch 89: Train Loss: 258.1870, Train Node Loss: 0.0082, Train Reg Loss: 2.5818, Train MAPE: 14.5460, Train R: 0.5454, Train RRSE: 0.8438, Test Loss: 501.3135, Test Node Loss: 0.0063, Test Reg Loss: 5.0131, Test MAPE: 13.3551, Test R: 0.3526, Test RRSE: 0.9454
2025-02-10 15:34:48,134:INFO:Epoch 90: Train Loss: 257.6561, Train Node Loss: 0.0076, Train Reg Loss: 2.5765, Train MAPE: 14.0320, Train R: 0.5408, Train RRSE: 0.8429, Test Loss: 533.6938, Test Node Loss: 0.0064, Test Reg Loss: 5.3369, Test MAPE: 13.3892, Test R: 0.3516, Test RRSE: 0.9755
2025-02-10 15:35:11,005:INFO:Epoch 91: Train Loss: 258.5778, Train Node Loss: 0.0077, Train Reg Loss: 2.5857, Train MAPE: 14.4481, Train R: 0.5375, Train RRSE: 0.8444, Test Loss: 511.2275, Test Node Loss: 0.0064, Test Reg Loss: 5.1122, Test MAPE: 13.6732, Test R: 0.3449, Test RRSE: 0.9547
2025-02-10 15:35:34,120:INFO:Epoch 92: Train Loss: 264.5806, Train Node Loss: 0.0074, Train Reg Loss: 2.6457, Train MAPE: 14.0680, Train R: 0.5214, Train RRSE: 0.8542, Test Loss: 538.0993, Test Node Loss: 0.0065, Test Reg Loss: 5.3809, Test MAPE: 13.6434, Test R: 0.3398, Test RRSE: 0.9795
2025-02-10 15:35:56,964:INFO:Epoch 93: Train Loss: 261.9732, Train Node Loss: 0.0076, Train Reg Loss: 2.6197, Train MAPE: 14.5300, Train R: 0.5313, Train RRSE: 0.8499, Test Loss: 499.5969, Test Node Loss: 0.0063, Test Reg Loss: 4.9959, Test MAPE: 13.9260, Test R: 0.3425, Test RRSE: 0.9438
2025-02-10 15:36:19,611:INFO:Epoch 94: Train Loss: 266.3769, Train Node Loss: 0.0072, Train Reg Loss: 2.6637, Train MAPE: 13.7937, Train R: 0.5173, Train RRSE: 0.8571, Test Loss: 535.9772, Test Node Loss: 0.0066, Test Reg Loss: 5.3597, Test MAPE: 13.3723, Test R: 0.3499, Test RRSE: 0.9776
2025-02-10 15:36:42,600:INFO:Epoch 95: Train Loss: 260.4047, Train Node Loss: 0.0072, Train Reg Loss: 2.6040, Train MAPE: 14.3050, Train R: 0.5327, Train RRSE: 0.8474, Test Loss: 514.7118, Test Node Loss: 0.0064, Test Reg Loss: 5.1471, Test MAPE: 13.3417, Test R: 0.3512, Test RRSE: 0.9580
2025-02-10 15:37:05,385:INFO:Epoch 96: Train Loss: 256.1991, Train Node Loss: 0.0072, Train Reg Loss: 2.5619, Train MAPE: 14.3624, Train R: 0.5421, Train RRSE: 0.8405, Test Loss: 540.0926, Test Node Loss: 0.0065, Test Reg Loss: 5.4009, Test MAPE: 13.6781, Test R: 0.3494, Test RRSE: 0.9813
2025-02-10 15:37:28,482:INFO:Epoch 97: Train Loss: 272.4643, Train Node Loss: 0.0073, Train Reg Loss: 2.7246, Train MAPE: 13.5924, Train R: 0.5073, Train RRSE: 0.8668, Test Loss: 494.5750, Test Node Loss: 0.0063, Test Reg Loss: 4.9457, Test MAPE: 14.0756, Test R: 0.3516, Test RRSE: 0.9391
2025-02-10 15:37:51,322:INFO:Epoch 98: Train Loss: 260.1083, Train Node Loss: 0.0080, Train Reg Loss: 2.6010, Train MAPE: 14.6155, Train R: 0.5416, Train RRSE: 0.8469, Test Loss: 530.9081, Test Node Loss: 0.0064, Test Reg Loss: 5.3090, Test MAPE: 13.2328, Test R: 0.3526, Test RRSE: 0.9730
2025-02-10 15:38:13,855:INFO:Epoch 99: Train Loss: 264.9493, Train Node Loss: 0.0075, Train Reg Loss: 2.6494, Train MAPE: 13.8486, Train R: 0.5291, Train RRSE: 0.8548, Test Loss: 539.3795, Test Node Loss: 0.0065, Test Reg Loss: 5.3937, Test MAPE: 13.3765, Test R: 0.3548, Test RRSE: 0.9807
2025-02-10 15:38:36,283:INFO:Epoch 100: Train Loss: 264.0706, Train Node Loss: 0.0076, Train Reg Loss: 2.6406, Train MAPE: 14.5175, Train R: 0.5253, Train RRSE: 0.8533, Test Loss: 492.2216, Test Node Loss: 0.0064, Test Reg Loss: 4.9222, Test MAPE: 14.0310, Test R: 0.3571, Test RRSE: 0.9368
2025-02-10 15:38:58,710:INFO:Epoch 101: Train Loss: 257.0045, Train Node Loss: 0.0074, Train Reg Loss: 2.5700, Train MAPE: 14.3177, Train R: 0.5435, Train RRSE: 0.8419, Test Loss: 501.8826, Test Node Loss: 0.0065, Test Reg Loss: 5.0188, Test MAPE: 13.5073, Test R: 0.3551, Test RRSE: 0.9460
2025-02-10 15:39:21,486:INFO:Epoch 102: Train Loss: 262.2953, Train Node Loss: 0.0071, Train Reg Loss: 2.6229, Train MAPE: 13.8682, Train R: 0.5310, Train RRSE: 0.8505, Test Loss: 498.3157, Test Node Loss: 0.0065, Test Reg Loss: 4.9831, Test MAPE: 13.6847, Test R: 0.3529, Test RRSE: 0.9426
2025-02-10 15:39:44,266:INFO:Epoch 103: Train Loss: 262.6302, Train Node Loss: 0.0073, Train Reg Loss: 2.6262, Train MAPE: 14.4437, Train R: 0.5287, Train RRSE: 0.8510, Test Loss: 501.2940, Test Node Loss: 0.0064, Test Reg Loss: 5.0129, Test MAPE: 13.4968, Test R: 0.3551, Test RRSE: 0.9454
2025-02-10 15:40:07,234:INFO:Epoch 104: Train Loss: 264.2147, Train Node Loss: 0.0077, Train Reg Loss: 2.6421, Train MAPE: 14.1539, Train R: 0.5215, Train RRSE: 0.8536, Test Loss: 523.8961, Test Node Loss: 0.0065, Test Reg Loss: 5.2389, Test MAPE: 13.5498, Test R: 0.3568, Test RRSE: 0.9665
2025-02-10 15:40:29,757:INFO:Epoch 105: Train Loss: 256.1330, Train Node Loss: 0.0078, Train Reg Loss: 2.5613, Train MAPE: 14.3666, Train R: 0.5424, Train RRSE: 0.8404, Test Loss: 518.0324, Test Node Loss: 0.0064, Test Reg Loss: 5.1803, Test MAPE: 13.4025, Test R: 0.3574, Test RRSE: 0.9611
2025-02-10 15:40:52,840:INFO:Epoch 106: Train Loss: 258.4491, Train Node Loss: 0.0074, Train Reg Loss: 2.5844, Train MAPE: 14.0510, Train R: 0.5390, Train RRSE: 0.8442, Test Loss: 510.0619, Test Node Loss: 0.0065, Test Reg Loss: 5.1006, Test MAPE: 13.4575, Test R: 0.3563, Test RRSE: 0.9537
2025-02-10 15:41:15,890:INFO:Epoch 107: Train Loss: 258.5190, Train Node Loss: 0.0074, Train Reg Loss: 2.5851, Train MAPE: 14.7055, Train R: 0.5451, Train RRSE: 0.8443, Test Loss: 513.6778, Test Node Loss: 0.0065, Test Reg Loss: 5.1367, Test MAPE: 13.1818, Test R: 0.3542, Test RRSE: 0.9570
2025-02-10 15:41:39,065:INFO:Epoch 108: Train Loss: 265.1900, Train Node Loss: 0.0071, Train Reg Loss: 2.6518, Train MAPE: 13.8844, Train R: 0.5326, Train RRSE: 0.8552, Test Loss: 520.0489, Test Node Loss: 0.0065, Test Reg Loss: 5.2004, Test MAPE: 13.4898, Test R: 0.3531, Test RRSE: 0.9629
2025-02-10 15:42:02,202:INFO:Epoch 109: Train Loss: 257.8421, Train Node Loss: 0.0072, Train Reg Loss: 2.5783, Train MAPE: 14.8147, Train R: 0.5475, Train RRSE: 0.8432, Test Loss: 511.1173, Test Node Loss: 0.0065, Test Reg Loss: 5.1111, Test MAPE: 13.4765, Test R: 0.3496, Test RRSE: 0.9546
2025-02-10 15:42:25,148:INFO:Epoch 110: Train Loss: 287.3030, Train Node Loss: 0.0070, Train Reg Loss: 2.8730, Train MAPE: 13.6553, Train R: 0.4742, Train RRSE: 0.8901, Test Loss: 510.7534, Test Node Loss: 0.0066, Test Reg Loss: 5.1075, Test MAPE: 13.3312, Test R: 0.3532, Test RRSE: 0.9543
2025-02-10 15:42:48,145:INFO:Epoch 111: Train Loss: 253.0567, Train Node Loss: 0.0070, Train Reg Loss: 2.5305, Train MAPE: 14.5404, Train R: 0.5583, Train RRSE: 0.8354, Test Loss: 491.9212, Test Node Loss: 0.0064, Test Reg Loss: 4.9191, Test MAPE: 13.9915, Test R: 0.3550, Test RRSE: 0.9365
2025-02-10 15:43:10,566:INFO:Epoch 112: Train Loss: 266.3009, Train Node Loss: 0.0077, Train Reg Loss: 2.6629, Train MAPE: 14.1738, Train R: 0.5157, Train RRSE: 0.8569, Test Loss: 517.5001, Test Node Loss: 0.0108, Test Reg Loss: 5.1749, Test MAPE: 13.6373, Test R: 0.3538, Test RRSE: 0.9606
2025-02-10 15:43:33,022:INFO:Epoch 113: Train Loss: 257.3167, Train Node Loss: 0.0189, Train Reg Loss: 2.5730, Train MAPE: 14.2284, Train R: 0.5397, Train RRSE: 0.8423, Test Loss: 513.1781, Test Node Loss: 0.0093, Test Reg Loss: 5.1317, Test MAPE: 13.6816, Test R: 0.3507, Test RRSE: 0.9566
2025-02-10 15:43:55,675:INFO:Epoch 114: Train Loss: 261.3034, Train Node Loss: 0.0169, Train Reg Loss: 2.6129, Train MAPE: 14.9952, Train R: 0.5362, Train RRSE: 0.8488, Test Loss: 545.0292, Test Node Loss: 0.0066, Test Reg Loss: 5.4502, Test MAPE: 13.6891, Test R: 0.3471, Test RRSE: 0.9858
2025-02-10 15:44:18,865:INFO:Epoch 115: Train Loss: 249.2651, Train Node Loss: 0.0077, Train Reg Loss: 2.4926, Train MAPE: 13.9719, Train R: 0.5677, Train RRSE: 0.8291, Test Loss: 523.6490, Test Node Loss: 0.0064, Test Reg Loss: 5.2364, Test MAPE: 13.5440, Test R: 0.3501, Test RRSE: 0.9663
2025-02-10 15:44:41,590:INFO:Epoch 116: Train Loss: 260.4375, Train Node Loss: 0.0079, Train Reg Loss: 2.6043, Train MAPE: 14.9524, Train R: 0.5400, Train RRSE: 0.8475, Test Loss: 521.8372, Test Node Loss: 0.0064, Test Reg Loss: 5.2183, Test MAPE: 13.9903, Test R: 0.3415, Test RRSE: 0.9646
2025-02-10 15:45:04,149:INFO:Epoch 117: Train Loss: 255.8207, Train Node Loss: 0.0072, Train Reg Loss: 2.5581, Train MAPE: 14.4766, Train R: 0.5440, Train RRSE: 0.8399, Test Loss: 533.6370, Test Node Loss: 0.0066, Test Reg Loss: 5.3363, Test MAPE: 13.9962, Test R: 0.3429, Test RRSE: 0.9754
2025-02-10 15:45:26,948:INFO:Epoch 118: Train Loss: 249.1258, Train Node Loss: 0.0067, Train Reg Loss: 2.4912, Train MAPE: 14.1317, Train R: 0.5625, Train RRSE: 0.8288, Test Loss: 500.8374, Test Node Loss: 0.0065, Test Reg Loss: 5.0083, Test MAPE: 13.9385, Test R: 0.3392, Test RRSE: 0.9450
2025-02-10 15:45:49,383:INFO:Epoch 119: Train Loss: 255.2612, Train Node Loss: 0.0065, Train Reg Loss: 2.5525, Train MAPE: 14.6089, Train R: 0.5493, Train RRSE: 0.8390, Test Loss: 509.3058, Test Node Loss: 0.0066, Test Reg Loss: 5.0930, Test MAPE: 13.5595, Test R: 0.3443, Test RRSE: 0.9530
2025-02-10 15:46:11,872:INFO:Epoch 120: Train Loss: 264.6786, Train Node Loss: 0.0066, Train Reg Loss: 2.6467, Train MAPE: 13.8718, Train R: 0.5218, Train RRSE: 0.8543, Test Loss: 504.6662, Test Node Loss: 0.0065, Test Reg Loss: 5.0466, Test MAPE: 13.8204, Test R: 0.3459, Test RRSE: 0.9486
2025-02-10 15:46:34,311:INFO:Epoch 121: Train Loss: 247.6266, Train Node Loss: 0.0069, Train Reg Loss: 2.4762, Train MAPE: 14.6291, Train R: 0.5662, Train RRSE: 0.8263, Test Loss: 520.1290, Test Node Loss: 0.0066, Test Reg Loss: 5.2012, Test MAPE: 13.8085, Test R: 0.3462, Test RRSE: 0.9630
2025-02-10 15:46:56,840:INFO:Epoch 122: Train Loss: 263.4408, Train Node Loss: 0.0068, Train Reg Loss: 2.6343, Train MAPE: 14.3251, Train R: 0.5247, Train RRSE: 0.8523, Test Loss: 519.5936, Test Node Loss: 0.0066, Test Reg Loss: 5.1959, Test MAPE: 13.9035, Test R: 0.3381, Test RRSE: 0.9625
2025-02-10 15:47:19,271:INFO:Epoch 123: Train Loss: 256.6305, Train Node Loss: 0.0068, Train Reg Loss: 2.5662, Train MAPE: 14.7710, Train R: 0.5423, Train RRSE: 0.8412, Test Loss: 547.7271, Test Node Loss: 0.0066, Test Reg Loss: 5.4772, Test MAPE: 14.1407, Test R: 0.3338, Test RRSE: 0.9882
2025-02-10 15:47:41,327:INFO:Epoch 124: Train Loss: 251.3335, Train Node Loss: 0.0068, Train Reg Loss: 2.5133, Train MAPE: 14.5515, Train R: 0.5542, Train RRSE: 0.8325, Test Loss: 538.5977, Test Node Loss: 0.0066, Test Reg Loss: 5.3859, Test MAPE: 13.8191, Test R: 0.3349, Test RRSE: 0.9800
2025-02-10 15:48:03,679:INFO:Epoch 125: Train Loss: 249.9687, Train Node Loss: 0.0067, Train Reg Loss: 2.4996, Train MAPE: 14.1171, Train R: 0.5601, Train RRSE: 0.8302, Test Loss: 519.4720, Test Node Loss: 0.0065, Test Reg Loss: 5.1947, Test MAPE: 13.5459, Test R: 0.3410, Test RRSE: 0.9624
2025-02-10 15:48:25,950:INFO:Epoch 126: Train Loss: 259.1718, Train Node Loss: 0.0068, Train Reg Loss: 2.5917, Train MAPE: 14.1907, Train R: 0.5351, Train RRSE: 0.8454, Test Loss: 526.8340, Test Node Loss: 0.0065, Test Reg Loss: 5.2683, Test MAPE: 13.6011, Test R: 0.3427, Test RRSE: 0.9692
2025-02-10 15:48:48,196:INFO:Epoch 127: Train Loss: 254.5735, Train Node Loss: 0.0067, Train Reg Loss: 2.5457, Train MAPE: 14.6551, Train R: 0.5476, Train RRSE: 0.8379, Test Loss: 511.6891, Test Node Loss: 0.0065, Test Reg Loss: 5.1168, Test MAPE: 13.8191, Test R: 0.3437, Test RRSE: 0.9552
2025-02-10 15:49:10,050:INFO:Epoch 128: Train Loss: 254.8638, Train Node Loss: 0.0070, Train Reg Loss: 2.5486, Train MAPE: 14.4419, Train R: 0.5459, Train RRSE: 0.8383, Test Loss: 517.7428, Test Node Loss: 0.0065, Test Reg Loss: 5.1774, Test MAPE: 13.8757, Test R: 0.3377, Test RRSE: 0.9608
2025-02-10 15:49:32,249:INFO:Epoch 129: Train Loss: 252.0979, Train Node Loss: 0.0071, Train Reg Loss: 2.5209, Train MAPE: 14.0121, Train R: 0.5573, Train RRSE: 0.8338, Test Loss: 529.4394, Test Node Loss: 0.0066, Test Reg Loss: 5.2943, Test MAPE: 13.6798, Test R: 0.3416, Test RRSE: 0.9716
2025-02-10 15:49:54,426:INFO:Epoch 130: Train Loss: 265.0701, Train Node Loss: 0.0075, Train Reg Loss: 2.6506, Train MAPE: 15.4810, Train R: 0.5388, Train RRSE: 0.8550, Test Loss: 567.5777, Test Node Loss: 0.0067, Test Reg Loss: 5.6757, Test MAPE: 14.0773, Test R: 0.3410, Test RRSE: 1.0060
2025-02-10 15:50:16,801:INFO:Epoch 131: Train Loss: 251.6055, Train Node Loss: 0.0069, Train Reg Loss: 2.5160, Train MAPE: 14.0935, Train R: 0.5665, Train RRSE: 0.8330, Test Loss: 566.4447, Test Node Loss: 0.0068, Test Reg Loss: 5.6644, Test MAPE: 14.1522, Test R: 0.3422, Test RRSE: 1.0050
2025-02-10 15:50:38,790:INFO:Epoch 132: Train Loss: 250.8752, Train Node Loss: 0.0070, Train Reg Loss: 2.5087, Train MAPE: 15.1256, Train R: 0.5625, Train RRSE: 0.8318, Test Loss: 544.2196, Test Node Loss: 0.0067, Test Reg Loss: 5.4421, Test MAPE: 14.0190, Test R: 0.3412, Test RRSE: 0.9851
2025-02-10 15:51:00,932:INFO:Epoch 133: Train Loss: 258.7394, Train Node Loss: 0.0068, Train Reg Loss: 2.5873, Train MAPE: 13.8059, Train R: 0.5478, Train RRSE: 0.8447, Test Loss: 528.0952, Test Node Loss: 0.0067, Test Reg Loss: 5.2809, Test MAPE: 13.7520, Test R: 0.3415, Test RRSE: 0.9704
2025-02-10 15:51:23,087:INFO:Epoch 134: Train Loss: 258.3550, Train Node Loss: 0.0067, Train Reg Loss: 2.5835, Train MAPE: 15.1401, Train R: 0.5508, Train RRSE: 0.8441, Test Loss: 530.7346, Test Node Loss: 0.0066, Test Reg Loss: 5.3073, Test MAPE: 13.9565, Test R: 0.3419, Test RRSE: 0.9728
2025-02-10 15:51:45,355:INFO:Epoch 135: Train Loss: 247.5888, Train Node Loss: 0.0067, Train Reg Loss: 2.4758, Train MAPE: 14.3290, Train R: 0.5677, Train RRSE: 0.8263, Test Loss: 591.8609, Test Node Loss: 0.0068, Test Reg Loss: 5.9185, Test MAPE: 14.5138, Test R: 0.3364, Test RRSE: 1.0273
2025-02-10 15:52:07,210:INFO:Epoch 136: Train Loss: 259.6817, Train Node Loss: 0.0067, Train Reg Loss: 2.5968, Train MAPE: 14.9534, Train R: 0.5368, Train RRSE: 0.8462, Test Loss: 576.0879, Test Node Loss: 0.0067, Test Reg Loss: 5.7608, Test MAPE: 13.9937, Test R: 0.3314, Test RRSE: 1.0135
2025-02-10 15:52:29,783:INFO:Epoch 137: Train Loss: 259.1746, Train Node Loss: 0.0066, Train Reg Loss: 2.5917, Train MAPE: 13.8695, Train R: 0.5454, Train RRSE: 0.8454, Test Loss: 509.5386, Test Node Loss: 0.0066, Test Reg Loss: 5.0953, Test MAPE: 14.2589, Test R: 0.3383, Test RRSE: 0.9532
2025-02-10 15:52:51,967:INFO:Epoch 138: Train Loss: 242.7471, Train Node Loss: 0.0065, Train Reg Loss: 2.4274, Train MAPE: 14.4576, Train R: 0.5786, Train RRSE: 0.8182, Test Loss: 510.4429, Test Node Loss: 0.0065, Test Reg Loss: 5.1044, Test MAPE: 14.0888, Test R: 0.3369, Test RRSE: 0.9540
2025-02-10 15:53:13,990:INFO:Epoch 139: Train Loss: 250.7793, Train Node Loss: 0.0067, Train Reg Loss: 2.5077, Train MAPE: 14.4244, Train R: 0.5577, Train RRSE: 0.8316, Test Loss: 522.3931, Test Node Loss: 0.0065, Test Reg Loss: 5.2239, Test MAPE: 14.3110, Test R: 0.3386, Test RRSE: 0.9651
2025-02-10 15:53:35,853:INFO:Epoch 140: Train Loss: 257.7435, Train Node Loss: 0.0070, Train Reg Loss: 2.5774, Train MAPE: 15.5524, Train R: 0.5566, Train RRSE: 0.8431, Test Loss: 572.3812, Test Node Loss: 0.0067, Test Reg Loss: 5.7237, Test MAPE: 14.5314, Test R: 0.3365, Test RRSE: 1.0102
2025-02-10 15:53:57,978:INFO:Epoch 141: Train Loss: 259.7045, Train Node Loss: 0.0068, Train Reg Loss: 2.5970, Train MAPE: 13.5791, Train R: 0.5619, Train RRSE: 0.8463, Test Loss: 586.7716, Test Node Loss: 0.0066, Test Reg Loss: 5.8676, Test MAPE: 14.2775, Test R: 0.3409, Test RRSE: 1.0229
2025-02-10 15:54:20,218:INFO:Epoch 142: Train Loss: 238.7529, Train Node Loss: 0.0067, Train Reg Loss: 2.3875, Train MAPE: 14.5717, Train R: 0.5911, Train RRSE: 0.8114, Test Loss: 521.6482, Test Node Loss: 0.0065, Test Reg Loss: 5.2164, Test MAPE: 14.0744, Test R: 0.3377, Test RRSE: 0.9644
2025-02-10 15:54:42,320:INFO:Epoch 143: Train Loss: 254.8179, Train Node Loss: 0.0068, Train Reg Loss: 2.5481, Train MAPE: 14.5248, Train R: 0.5454, Train RRSE: 0.8383, Test Loss: 596.5901, Test Node Loss: 0.0067, Test Reg Loss: 5.9658, Test MAPE: 14.8397, Test R: 0.3392, Test RRSE: 1.0314
2025-02-10 15:55:04,251:INFO:Epoch 144: Train Loss: 246.2904, Train Node Loss: 0.0068, Train Reg Loss: 2.4628, Train MAPE: 14.4814, Train R: 0.5681, Train RRSE: 0.8241, Test Loss: 544.5170, Test Node Loss: 0.0064, Test Reg Loss: 5.4451, Test MAPE: 14.0085, Test R: 0.3283, Test RRSE: 0.9853
2025-02-10 15:55:26,343:INFO:Epoch 145: Train Loss: 246.4165, Train Node Loss: 0.0067, Train Reg Loss: 2.4641, Train MAPE: 14.5142, Train R: 0.5682, Train RRSE: 0.8243, Test Loss: 556.5652, Test Node Loss: 0.0066, Test Reg Loss: 5.5656, Test MAPE: 14.2823, Test R: 0.3264, Test RRSE: 0.9962
2025-02-10 15:55:48,192:INFO:Epoch 146: Train Loss: 250.4694, Train Node Loss: 0.0068, Train Reg Loss: 2.5046, Train MAPE: 14.3291, Train R: 0.5576, Train RRSE: 0.8311, Test Loss: 548.3223, Test Node Loss: 0.0065, Test Reg Loss: 5.4832, Test MAPE: 14.4103, Test R: 0.3299, Test RRSE: 0.9888
2025-02-10 15:56:10,161:INFO:Epoch 147: Train Loss: 247.3950, Train Node Loss: 0.0074, Train Reg Loss: 2.4739, Train MAPE: 14.8568, Train R: 0.5649, Train RRSE: 0.8260, Test Loss: 582.1936, Test Node Loss: 0.0065, Test Reg Loss: 5.8219, Test MAPE: 14.7960, Test R: 0.3287, Test RRSE: 1.0189
2025-02-10 15:56:32,320:INFO:Epoch 148: Train Loss: 270.8199, Train Node Loss: 0.0069, Train Reg Loss: 2.7081, Train MAPE: 14.1394, Train R: 0.5240, Train RRSE: 0.8642, Test Loss: 564.3664, Test Node Loss: 0.0064, Test Reg Loss: 5.6436, Test MAPE: 14.4720, Test R: 0.3305, Test RRSE: 1.0031
2025-02-10 15:56:54,858:INFO:Epoch 149: Train Loss: 259.9682, Train Node Loss: 0.0072, Train Reg Loss: 2.5996, Train MAPE: 15.1931, Train R: 0.5519, Train RRSE: 0.8467, Test Loss: 748.9899, Test Node Loss: 0.0067, Test Reg Loss: 7.4898, Test MAPE: 16.9069, Test R: 0.3367, Test RRSE: 1.1556
2025-02-10 15:57:17,858:INFO:Epoch 150: Train Loss: 256.4464, Train Node Loss: 0.0071, Train Reg Loss: 2.5644, Train MAPE: 13.9650, Train R: 0.5480, Train RRSE: 0.8409, Test Loss: 745.1751, Test Node Loss: 0.0068, Test Reg Loss: 7.4517, Test MAPE: 16.7777, Test R: 0.3388, Test RRSE: 1.1527
2025-02-10 15:57:40,727:INFO:Epoch 151: Train Loss: 251.9284, Train Node Loss: 0.0069, Train Reg Loss: 2.5192, Train MAPE: 14.2684, Train R: 0.5537, Train RRSE: 0.8335, Test Loss: 562.1765, Test Node Loss: 0.0065, Test Reg Loss: 5.6217, Test MAPE: 14.3076, Test R: 0.3311, Test RRSE: 1.0012
2025-02-10 15:58:03,486:INFO:Epoch 152: Train Loss: 253.4009, Train Node Loss: 0.0070, Train Reg Loss: 2.5339, Train MAPE: 14.3055, Train R: 0.5496, Train RRSE: 0.8359, Test Loss: 510.9688, Test Node Loss: 0.0065, Test Reg Loss: 5.1096, Test MAPE: 15.3853, Test R: 0.3385, Test RRSE: 0.9545
2025-02-10 15:58:26,287:INFO:Epoch 153: Train Loss: 249.1508, Train Node Loss: 0.0073, Train Reg Loss: 2.4914, Train MAPE: 14.5571, Train R: 0.5615, Train RRSE: 0.8289, Test Loss: 508.6236, Test Node Loss: 0.0065, Test Reg Loss: 5.0862, Test MAPE: 14.2083, Test R: 0.3394, Test RRSE: 0.9523
2025-02-10 15:58:49,056:INFO:Epoch 154: Train Loss: 248.0153, Train Node Loss: 0.0073, Train Reg Loss: 2.4801, Train MAPE: 14.1024, Train R: 0.5648, Train RRSE: 0.8270, Test Loss: 545.8580, Test Node Loss: 0.0065, Test Reg Loss: 5.4585, Test MAPE: 14.1110, Test R: 0.3412, Test RRSE: 0.9866
2025-02-10 15:59:11,183:INFO:Epoch 155: Train Loss: 250.4150, Train Node Loss: 0.0078, Train Reg Loss: 2.5041, Train MAPE: 14.7233, Train R: 0.5632, Train RRSE: 0.8310, Test Loss: 570.1157, Test Node Loss: 0.0066, Test Reg Loss: 5.7011, Test MAPE: 14.2064, Test R: 0.3414, Test RRSE: 1.0082
2025-02-10 15:59:33,218:INFO:Epoch 156: Train Loss: 236.7440, Train Node Loss: 0.0078, Train Reg Loss: 2.3674, Train MAPE: 14.3556, Train R: 0.5920, Train RRSE: 0.8080, Test Loss: 710.4773, Test Node Loss: 0.0067, Test Reg Loss: 7.1047, Test MAPE: 16.2826, Test R: 0.3357, Test RRSE: 1.1255
2025-02-10 15:59:55,739:INFO:Epoch 157: Train Loss: 237.3032, Train Node Loss: 0.0079, Train Reg Loss: 2.3730, Train MAPE: 14.1147, Train R: 0.5924, Train RRSE: 0.8089, Test Loss: 558.9578, Test Node Loss: 0.0066, Test Reg Loss: 5.5895, Test MAPE: 14.0199, Test R: 0.3284, Test RRSE: 0.9983
2025-02-10 16:00:18,794:INFO:Epoch 158: Train Loss: 238.4655, Train Node Loss: 0.0083, Train Reg Loss: 2.3846, Train MAPE: 14.5509, Train R: 0.5875, Train RRSE: 0.8109, Test Loss: 614.0613, Test Node Loss: 0.0068, Test Reg Loss: 6.1405, Test MAPE: 14.7348, Test R: 0.3371, Test RRSE: 1.0464
2025-02-10 16:00:41,822:INFO:Epoch 159: Train Loss: 239.6372, Train Node Loss: 0.0092, Train Reg Loss: 2.3963, Train MAPE: 14.2955, Train R: 0.5855, Train RRSE: 0.8129, Test Loss: 603.9261, Test Node Loss: 0.0070, Test Reg Loss: 6.0392, Test MAPE: 14.7251, Test R: 0.3369, Test RRSE: 1.0377
2025-02-10 16:01:04,616:INFO:Epoch 160: Train Loss: 249.2828, Train Node Loss: 0.0117, Train Reg Loss: 2.4927, Train MAPE: 15.2425, Train R: 0.5656, Train RRSE: 0.8291, Test Loss: 610.7339, Test Node Loss: 0.0077, Test Reg Loss: 6.1073, Test MAPE: 15.3722, Test R: 0.3230, Test RRSE: 1.0435
2025-02-10 16:01:27,468:INFO:Epoch 161: Train Loss: 233.0575, Train Node Loss: 0.0100, Train Reg Loss: 2.3305, Train MAPE: 14.1503, Train R: 0.6069, Train RRSE: 0.8017, Test Loss: 588.3901, Test Node Loss: 0.0078, Test Reg Loss: 5.8838, Test MAPE: 14.4933, Test R: 0.3259, Test RRSE: 1.0243
2025-02-10 16:01:50,252:INFO:Epoch 162: Train Loss: 241.8669, Train Node Loss: 0.0127, Train Reg Loss: 2.4185, Train MAPE: 14.9104, Train R: 0.5876, Train RRSE: 0.8167, Test Loss: 557.7595, Test Node Loss: 0.0088, Test Reg Loss: 5.5775, Test MAPE: 14.5018, Test R: 0.3247, Test RRSE: 0.9972
2025-02-10 16:02:13,457:INFO:Epoch 163: Train Loss: 246.3947, Train Node Loss: 0.0106, Train Reg Loss: 2.4638, Train MAPE: 14.1533, Train R: 0.5755, Train RRSE: 0.8243, Test Loss: 530.4936, Test Node Loss: 0.0113, Test Reg Loss: 5.3048, Test MAPE: 14.3619, Test R: 0.3391, Test RRSE: 0.9726
2025-02-10 16:02:35,766:INFO:Epoch 164: Train Loss: 242.0974, Train Node Loss: 0.0161, Train Reg Loss: 2.4208, Train MAPE: 15.0313, Train R: 0.5841, Train RRSE: 0.8171, Test Loss: 657.3865, Test Node Loss: 0.0074, Test Reg Loss: 6.5738, Test MAPE: 15.8559, Test R: 0.3380, Test RRSE: 1.0827
2025-02-10 16:02:58,312:INFO:Epoch 165: Train Loss: 235.9595, Train Node Loss: 0.0111, Train Reg Loss: 2.3595, Train MAPE: 14.4906, Train R: 0.5926, Train RRSE: 0.8066, Test Loss: 648.4536, Test Node Loss: 0.0070, Test Reg Loss: 6.4845, Test MAPE: 15.3727, Test R: 0.3276, Test RRSE: 1.0753
2025-02-10 16:03:21,346:INFO:Epoch 166: Train Loss: 236.8471, Train Node Loss: 0.0105, Train Reg Loss: 2.3684, Train MAPE: 14.2862, Train R: 0.5942, Train RRSE: 0.8082, Test Loss: 638.7129, Test Node Loss: 0.0076, Test Reg Loss: 6.3871, Test MAPE: 15.2512, Test R: 0.3232, Test RRSE: 1.0672
2025-02-10 16:03:44,283:INFO:Epoch 167: Train Loss: 236.2849, Train Node Loss: 0.0128, Train Reg Loss: 2.3627, Train MAPE: 14.1448, Train R: 0.5950, Train RRSE: 0.8072, Test Loss: 744.2120, Test Node Loss: 0.0083, Test Reg Loss: 7.4420, Test MAPE: 17.3117, Test R: 0.3203, Test RRSE: 1.1519
2025-02-10 16:04:06,974:INFO:Epoch 168: Train Loss: 238.4131, Train Node Loss: 0.0157, Train Reg Loss: 2.3840, Train MAPE: 14.9404, Train R: 0.5864, Train RRSE: 0.8108, Test Loss: 791.4212, Test Node Loss: 0.0085, Test Reg Loss: 7.9141, Test MAPE: 18.2538, Test R: 0.3160, Test RRSE: 1.1879
2025-02-10 16:04:29,915:INFO:Epoch 169: Train Loss: 271.0425, Train Node Loss: 0.0125, Train Reg Loss: 2.7103, Train MAPE: 14.0325, Train R: 0.5164, Train RRSE: 0.8645, Test Loss: 777.5806, Test Node Loss: 0.0075, Test Reg Loss: 7.7757, Test MAPE: 17.6724, Test R: 0.3191, Test RRSE: 1.1775
2025-02-10 16:04:52,995:INFO:Epoch 170: Train Loss: 244.3749, Train Node Loss: 0.0138, Train Reg Loss: 2.4436, Train MAPE: 15.3824, Train R: 0.5980, Train RRSE: 0.8209, Test Loss: 724.5466, Test Node Loss: 0.0076, Test Reg Loss: 7.2454, Test MAPE: 16.9440, Test R: 0.3171, Test RRSE: 1.1366
2025-02-10 16:05:15,756:INFO:Epoch 171: Train Loss: 241.1814, Train Node Loss: 0.0104, Train Reg Loss: 2.4117, Train MAPE: 14.5798, Train R: 0.5928, Train RRSE: 0.8155, Test Loss: 562.6851, Test Node Loss: 0.0069, Test Reg Loss: 5.6268, Test MAPE: 14.9044, Test R: 0.3194, Test RRSE: 1.0016
2025-02-10 16:05:38,593:INFO:Epoch 172: Train Loss: 231.0638, Train Node Loss: 0.0087, Train Reg Loss: 2.3106, Train MAPE: 14.5406, Train R: 0.6068, Train RRSE: 0.7982, Test Loss: 573.5500, Test Node Loss: 0.0068, Test Reg Loss: 5.7354, Test MAPE: 14.5765, Test R: 0.3261, Test RRSE: 1.0113
2025-02-10 16:06:01,316:INFO:Epoch 173: Train Loss: 229.0508, Train Node Loss: 0.0091, Train Reg Loss: 2.2904, Train MAPE: 14.5233, Train R: 0.6110, Train RRSE: 0.7947, Test Loss: 862.9082, Test Node Loss: 0.0071, Test Reg Loss: 8.6290, Test MAPE: 19.3272, Test R: 0.3130, Test RRSE: 1.2404
2025-02-10 16:06:23,837:INFO:Epoch 174: Train Loss: 242.5784, Train Node Loss: 0.0116, Train Reg Loss: 2.4257, Train MAPE: 14.7691, Train R: 0.5754, Train RRSE: 0.8179, Test Loss: 996.9072, Test Node Loss: 0.0072, Test Reg Loss: 9.9690, Test MAPE: 21.6634, Test R: 0.3048, Test RRSE: 1.3332
2025-02-10 16:06:46,240:INFO:Epoch 175: Train Loss: 240.9865, Train Node Loss: 0.0140, Train Reg Loss: 2.4097, Train MAPE: 14.3783, Train R: 0.5808, Train RRSE: 0.8152, Test Loss: 760.5267, Test Node Loss: 0.0101, Test Reg Loss: 7.6052, Test MAPE: 17.6740, Test R: 0.3314, Test RRSE: 1.1645
2025-02-10 16:07:09,065:INFO:Epoch 176: Train Loss: 243.2826, Train Node Loss: 0.0236, Train Reg Loss: 2.4326, Train MAPE: 15.0620, Train R: 0.5791, Train RRSE: 0.8190, Test Loss: 742.9575, Test Node Loss: 0.0092, Test Reg Loss: 7.4295, Test MAPE: 17.4080, Test R: 0.3161, Test RRSE: 1.1510
2025-02-10 16:07:31,892:INFO:Epoch 177: Train Loss: 255.6969, Train Node Loss: 0.0103, Train Reg Loss: 2.5569, Train MAPE: 13.9205, Train R: 0.5609, Train RRSE: 0.8397, Test Loss: 607.8956, Test Node Loss: 0.0078, Test Reg Loss: 6.0789, Test MAPE: 14.9719, Test R: 0.3180, Test RRSE: 1.0411
2025-02-10 16:07:54,428:INFO:Epoch 178: Train Loss: 239.7418, Train Node Loss: 0.0126, Train Reg Loss: 2.3973, Train MAPE: 14.9288, Train R: 0.5874, Train RRSE: 0.8131, Test Loss: 805.2395, Test Node Loss: 0.0072, Test Reg Loss: 8.0523, Test MAPE: 18.7105, Test R: 0.3190, Test RRSE: 1.1982
2025-02-10 16:08:17,446:INFO:Epoch 179: Train Loss: 242.5499, Train Node Loss: 0.0118, Train Reg Loss: 2.4254, Train MAPE: 14.9745, Train R: 0.5760, Train RRSE: 0.8178, Test Loss: 747.1015, Test Node Loss: 0.0070, Test Reg Loss: 7.4709, Test MAPE: 17.5678, Test R: 0.3009, Test RRSE: 1.1542
2025-02-10 16:08:40,295:INFO:Epoch 180: Train Loss: 254.1358, Train Node Loss: 0.0108, Train Reg Loss: 2.5412, Train MAPE: 14.3565, Train R: 0.5555, Train RRSE: 0.8371, Test Loss: 616.4709, Test Node Loss: 0.0092, Test Reg Loss: 6.1646, Test MAPE: 15.4147, Test R: 0.3200, Test RRSE: 1.0484
2025-02-10 16:09:03,115:INFO:Epoch 181: Train Loss: 237.7542, Train Node Loss: 0.0152, Train Reg Loss: 2.3774, Train MAPE: 14.8127, Train R: 0.5908, Train RRSE: 0.8097, Test Loss: 638.1073, Test Node Loss: 0.0123, Test Reg Loss: 6.3809, Test MAPE: 16.0912, Test R: 0.3244, Test RRSE: 1.0667
2025-02-10 16:09:25,927:INFO:Epoch 182: Train Loss: 246.8231, Train Node Loss: 0.0128, Train Reg Loss: 2.4681, Train MAPE: 14.2011, Train R: 0.5676, Train RRSE: 0.8250, Test Loss: 583.1515, Test Node Loss: 0.0083, Test Reg Loss: 5.8314, Test MAPE: 14.4427, Test R: 0.3279, Test RRSE: 1.0197
2025-02-10 16:09:48,452:INFO:Epoch 183: Train Loss: 225.3878, Train Node Loss: 0.0116, Train Reg Loss: 2.2538, Train MAPE: 14.6886, Train R: 0.6242, Train RRSE: 0.7884, Test Loss: 705.9110, Test Node Loss: 0.0070, Test Reg Loss: 7.0590, Test MAPE: 16.2211, Test R: 0.3256, Test RRSE: 1.1219
2025-02-10 16:10:11,138:INFO:Epoch 184: Train Loss: 226.8268, Train Node Loss: 0.0136, Train Reg Loss: 2.2681, Train MAPE: 14.8256, Train R: 0.6124, Train RRSE: 0.7909, Test Loss: 878.7385, Test Node Loss: 0.0074, Test Reg Loss: 8.7873, Test MAPE: 19.7066, Test R: 0.3044, Test RRSE: 1.2517
2025-02-10 16:10:33,972:INFO:Epoch 185: Train Loss: 243.4116, Train Node Loss: 0.0199, Train Reg Loss: 2.4339, Train MAPE: 15.1112, Train R: 0.5769, Train RRSE: 0.8193, Test Loss: 1026.8215, Test Node Loss: 0.0084, Test Reg Loss: 10.2681, Test MAPE: 22.1876, Test R: 0.3192, Test RRSE: 1.3531
2025-02-10 16:10:56,849:INFO:Epoch 186: Train Loss: 237.0461, Train Node Loss: 0.0150, Train Reg Loss: 2.3703, Train MAPE: 14.2493, Train R: 0.6010, Train RRSE: 0.8085, Test Loss: 718.4333, Test Node Loss: 0.0095, Test Reg Loss: 7.1842, Test MAPE: 17.0395, Test R: 0.3095, Test RRSE: 1.1318
2025-02-10 16:11:19,353:INFO:Epoch 187: Train Loss: 232.6161, Train Node Loss: 0.0157, Train Reg Loss: 2.3260, Train MAPE: 14.5104, Train R: 0.6000, Train RRSE: 0.8009, Test Loss: 608.1537, Test Node Loss: 0.0146, Test Reg Loss: 6.0814, Test MAPE: 15.6140, Test R: 0.3208, Test RRSE: 1.0413
2025-02-10 16:11:41,770:INFO:Epoch 188: Train Loss: 231.6845, Train Node Loss: 0.0251, Train Reg Loss: 2.3166, Train MAPE: 15.3330, Train R: 0.6204, Train RRSE: 0.7993, Test Loss: 765.0987, Test Node Loss: 0.0114, Test Reg Loss: 7.6509, Test MAPE: 17.6548, Test R: 0.3230, Test RRSE: 1.1680
2025-02-10 16:12:04,391:INFO:Epoch 189: Train Loss: 224.1707, Train Node Loss: 0.0192, Train Reg Loss: 2.2415, Train MAPE: 14.0207, Train R: 0.6398, Train RRSE: 0.7862, Test Loss: 1040.1004, Test Node Loss: 0.0082, Test Reg Loss: 10.4009, Test MAPE: 22.5174, Test R: 0.2952, Test RRSE: 1.3618
2025-02-10 16:12:26,917:INFO:Epoch 190: Train Loss: 246.0487, Train Node Loss: 0.0272, Train Reg Loss: 2.4602, Train MAPE: 15.1856, Train R: 0.5711, Train RRSE: 0.8237, Test Loss: 845.3652, Test Node Loss: 0.0166, Test Reg Loss: 8.4535, Test MAPE: 19.8812, Test R: 0.2999, Test RRSE: 1.2277
2025-02-10 16:12:49,386:INFO:Epoch 191: Train Loss: 226.3681, Train Node Loss: 0.0223, Train Reg Loss: 2.2635, Train MAPE: 14.3655, Train R: 0.6198, Train RRSE: 0.7901, Test Loss: 637.7494, Test Node Loss: 0.0182, Test Reg Loss: 6.3773, Test MAPE: 15.5676, Test R: 0.3179, Test RRSE: 1.0664
2025-02-10 16:13:11,641:INFO:Epoch 192: Train Loss: 232.6272, Train Node Loss: 0.0362, Train Reg Loss: 2.3259, Train MAPE: 14.8737, Train R: 0.6096, Train RRSE: 0.8009, Test Loss: 720.0434, Test Node Loss: 0.0427, Test Reg Loss: 7.2000, Test MAPE: 17.5851, Test R: 0.3206, Test RRSE: 1.1331
2025-02-10 16:13:33,944:INFO:Epoch 193: Train Loss: 230.0541, Train Node Loss: 0.0365, Train Reg Loss: 2.3002, Train MAPE: 14.8096, Train R: 0.6065, Train RRSE: 0.7964, Test Loss: 747.6744, Test Node Loss: 0.0194, Test Reg Loss: 7.4765, Test MAPE: 17.6646, Test R: 0.3103, Test RRSE: 1.1546
2025-02-10 16:13:56,100:INFO:Epoch 194: Train Loss: 230.9038, Train Node Loss: 0.0314, Train Reg Loss: 2.3087, Train MAPE: 14.8006, Train R: 0.6051, Train RRSE: 0.7979, Test Loss: 937.4582, Test Node Loss: 0.0144, Test Reg Loss: 9.3744, Test MAPE: 20.6744, Test R: 0.3165, Test RRSE: 1.2929
2025-02-10 16:14:18,443:INFO:Epoch 195: Train Loss: 218.7180, Train Node Loss: 0.0490, Train Reg Loss: 2.1867, Train MAPE: 15.1037, Train R: 0.6308, Train RRSE: 0.7765, Test Loss: 888.4563, Test Node Loss: 0.0342, Test Reg Loss: 8.8842, Test MAPE: 20.1038, Test R: 0.3161, Test RRSE: 1.2586
2025-02-10 16:14:40,631:INFO:Epoch 196: Train Loss: 230.8881, Train Node Loss: 0.0446, Train Reg Loss: 2.3084, Train MAPE: 14.3270, Train R: 0.6123, Train RRSE: 0.7979, Test Loss: 683.9852, Test Node Loss: 0.0489, Test Reg Loss: 6.8394, Test MAPE: 16.6985, Test R: 0.3282, Test RRSE: 1.1043
2025-02-10 16:15:02,620:INFO:Epoch 197: Train Loss: 238.7507, Train Node Loss: 0.0623, Train Reg Loss: 2.3869, Train MAPE: 14.9264, Train R: 0.5976, Train RRSE: 0.8113, Test Loss: 791.8950, Test Node Loss: 0.0284, Test Reg Loss: 7.9187, Test MAPE: 18.3789, Test R: 0.3239, Test RRSE: 1.1883
2025-02-10 16:15:24,903:INFO:Epoch 198: Train Loss: 232.1546, Train Node Loss: 0.0422, Train Reg Loss: 2.3211, Train MAPE: 15.0820, Train R: 0.6003, Train RRSE: 0.8001, Test Loss: 841.2008, Test Node Loss: 0.0193, Test Reg Loss: 8.4118, Test MAPE: 19.2714, Test R: 0.2923, Test RRSE: 1.2247
2025-02-10 16:15:47,278:INFO:Epoch 199: Train Loss: 226.1440, Train Node Loss: 0.0406, Train Reg Loss: 2.2610, Train MAPE: 14.7598, Train R: 0.6143, Train RRSE: 0.7896, Test Loss: 908.4433, Test Node Loss: 0.0271, Test Reg Loss: 9.0842, Test MAPE: 20.1578, Test R: 0.3200, Test RRSE: 1.2727
2025-02-10 16:16:09,555:INFO:Epoch 200: Train Loss: 225.1798, Train Node Loss: 0.0587, Train Reg Loss: 2.2512, Train MAPE: 14.4361, Train R: 0.6211, Train RRSE: 0.7879, Test Loss: 946.7328, Test Node Loss: 0.0390, Test Reg Loss: 9.4669, Test MAPE: 20.9944, Test R: 0.3101, Test RRSE: 1.2992
2025-02-10 16:16:32,232:INFO:Epoch 201: Train Loss: 220.3997, Train Node Loss: 0.0770, Train Reg Loss: 2.2032, Train MAPE: 15.0899, Train R: 0.6266, Train RRSE: 0.7795, Test Loss: 1006.7910, Test Node Loss: 0.0369, Test Reg Loss: 10.0675, Test MAPE: 22.1830, Test R: 0.3107, Test RRSE: 1.3398
2025-02-10 16:16:54,769:INFO:Epoch 202: Train Loss: 225.6509, Train Node Loss: 0.0726, Train Reg Loss: 2.2558, Train MAPE: 14.4466, Train R: 0.6183, Train RRSE: 0.7887, Test Loss: 865.5713, Test Node Loss: 0.0525, Test Reg Loss: 8.6552, Test MAPE: 19.7392, Test R: 0.3286, Test RRSE: 1.2423
2025-02-10 16:17:17,150:INFO:Epoch 203: Train Loss: 228.1622, Train Node Loss: 0.1002, Train Reg Loss: 2.2806, Train MAPE: 14.4825, Train R: 0.6116, Train RRSE: 0.7930, Test Loss: 914.0179, Test Node Loss: 0.0282, Test Reg Loss: 9.1399, Test MAPE: 20.2631, Test R: 0.3141, Test RRSE: 1.2766
2025-02-10 16:17:39,590:INFO:Epoch 204: Train Loss: 217.3593, Train Node Loss: 0.1092, Train Reg Loss: 2.1725, Train MAPE: 15.3101, Train R: 0.6373, Train RRSE: 0.7740, Test Loss: 850.3137, Test Node Loss: 0.0829, Test Reg Loss: 8.5023, Test MAPE: 19.5351, Test R: 0.2952, Test RRSE: 1.2313
2025-02-10 16:18:01,673:INFO:Epoch 205: Train Loss: 219.6275, Train Node Loss: 0.1659, Train Reg Loss: 2.1946, Train MAPE: 14.5620, Train R: 0.6317, Train RRSE: 0.7779, Test Loss: 1140.2848, Test Node Loss: 0.0930, Test Reg Loss: 11.4019, Test MAPE: 24.4258, Test R: 0.3144, Test RRSE: 1.4258
2025-02-10 16:18:23,566:INFO:Epoch 206: Train Loss: 227.1385, Train Node Loss: 0.2279, Train Reg Loss: 2.2691, Train MAPE: 14.9071, Train R: 0.6149, Train RRSE: 0.7910, Test Loss: 1115.2433, Test Node Loss: 0.0341, Test Reg Loss: 11.1521, Test MAPE: 24.0293, Test R: 0.2706, Test RRSE: 1.4101
2025-02-10 16:18:45,532:INFO:Epoch 207: Train Loss: 220.8121, Train Node Loss: 0.2365, Train Reg Loss: 2.2058, Train MAPE: 15.0124, Train R: 0.6269, Train RRSE: 0.7799, Test Loss: 703.6541, Test Node Loss: 0.4031, Test Reg Loss: 7.0325, Test MAPE: 17.6605, Test R: 0.3185, Test RRSE: 1.1198
2025-02-10 16:19:07,504:INFO:Epoch 208: Train Loss: 226.6901, Train Node Loss: 0.2138, Train Reg Loss: 2.2648, Train MAPE: 14.4857, Train R: 0.6175, Train RRSE: 0.7903, Test Loss: 599.3029, Test Node Loss: 0.3542, Test Reg Loss: 5.9895, Test MAPE: 15.6728, Test R: 0.3211, Test RRSE: 1.0334
2025-02-10 16:19:29,839:INFO:Epoch 209: Train Loss: 226.4884, Train Node Loss: 0.1261, Train Reg Loss: 2.2636, Train MAPE: 14.4083, Train R: 0.6175, Train RRSE: 0.7901, Test Loss: 649.7399, Test Node Loss: 0.0939, Test Reg Loss: 6.4965, Test MAPE: 16.3815, Test R: 0.3120, Test RRSE: 1.0763
2025-02-10 16:19:52,008:INFO:Epoch 210: Train Loss: 212.9012, Train Node Loss: 0.0987, Train Reg Loss: 2.1280, Train MAPE: 14.8069, Train R: 0.6461, Train RRSE: 0.7661, Test Loss: 1029.7039, Test Node Loss: 0.0409, Test Reg Loss: 10.2966, Test MAPE: 22.2139, Test R: 0.3093, Test RRSE: 1.3550
2025-02-10 16:20:13,835:INFO:Epoch 211: Train Loss: 200.6413, Train Node Loss: 0.1523, Train Reg Loss: 2.0049, Train MAPE: 14.6268, Train R: 0.6750, Train RRSE: 0.7436, Test Loss: 871.4212, Test Node Loss: 0.1665, Test Reg Loss: 8.7125, Test MAPE: 19.9676, Test R: 0.2979, Test RRSE: 1.2464
2025-02-10 16:20:35,554:INFO:Epoch 212: Train Loss: 214.3205, Train Node Loss: 0.3034, Train Reg Loss: 2.1402, Train MAPE: 15.2860, Train R: 0.6434, Train RRSE: 0.7682, Test Loss: 1040.6352, Test Node Loss: 0.0684, Test Reg Loss: 10.4057, Test MAPE: 22.4750, Test R: 0.2883, Test RRSE: 1.3621
2025-02-10 16:20:57,562:INFO:Epoch 213: Train Loss: 212.1504, Train Node Loss: 0.2344, Train Reg Loss: 2.1192, Train MAPE: 15.1582, Train R: 0.6485, Train RRSE: 0.7645, Test Loss: 1078.5963, Test Node Loss: 0.1349, Test Reg Loss: 10.7846, Test MAPE: 23.4214, Test R: 0.2802, Test RRSE: 1.3867
2025-02-10 16:21:19,744:INFO:Epoch 214: Train Loss: 211.1307, Train Node Loss: 0.2668, Train Reg Loss: 2.1086, Train MAPE: 14.9937, Train R: 0.6506, Train RRSE: 0.7626, Test Loss: 1388.3624, Test Node Loss: 0.0612, Test Reg Loss: 13.8830, Test MAPE: 28.1691, Test R: 0.2828, Test RRSE: 1.5734
2025-02-10 16:21:41,930:INFO:Epoch 215: Train Loss: 203.6500, Train Node Loss: 0.4172, Train Reg Loss: 2.0323, Train MAPE: 14.9931, Train R: 0.6751, Train RRSE: 0.7486, Test Loss: 1029.6127, Test Node Loss: 0.1726, Test Reg Loss: 10.2944, Test MAPE: 22.7748, Test R: 0.2831, Test RRSE: 1.3548
2025-02-10 16:22:03,610:INFO:Epoch 216: Train Loss: 219.9517, Train Node Loss: 0.1948, Train Reg Loss: 2.1976, Train MAPE: 15.6488, Train R: 0.6328, Train RRSE: 0.7785, Test Loss: 693.0829, Test Node Loss: 0.1036, Test Reg Loss: 6.9298, Test MAPE: 17.4594, Test R: 0.2810, Test RRSE: 1.1116
2025-02-10 16:22:25,259:INFO:Epoch 217: Train Loss: 227.3949, Train Node Loss: 0.0933, Train Reg Loss: 2.2730, Train MAPE: 14.5994, Train R: 0.6166, Train RRSE: 0.7917, Test Loss: 780.9893, Test Node Loss: 0.1252, Test Reg Loss: 7.8086, Test MAPE: 18.6314, Test R: 0.3106, Test RRSE: 1.1800
2025-02-10 16:22:46,938:INFO:Epoch 218: Train Loss: 209.8113, Train Node Loss: 0.2050, Train Reg Loss: 2.0961, Train MAPE: 15.7309, Train R: 0.6604, Train RRSE: 0.7603, Test Loss: 995.0376, Test Node Loss: 0.0823, Test Reg Loss: 9.9496, Test MAPE: 22.0342, Test R: 0.2988, Test RRSE: 1.3319
2025-02-10 16:23:08,479:INFO:Epoch 219: Train Loss: 203.8508, Train Node Loss: 0.1802, Train Reg Loss: 2.0367, Train MAPE: 15.1633, Train R: 0.6652, Train RRSE: 0.7494, Test Loss: 1086.7311, Test Node Loss: 0.0489, Test Reg Loss: 10.8668, Test MAPE: 23.3650, Test R: 0.2773, Test RRSE: 1.3920
2025-02-10 16:23:30,323:INFO:Epoch 220: Train Loss: 218.0059, Train Node Loss: 0.2764, Train Reg Loss: 2.1773, Train MAPE: 14.2605, Train R: 0.6399, Train RRSE: 0.7749, Test Loss: 1027.4532, Test Node Loss: 0.4046, Test Reg Loss: 10.2705, Test MAPE: 22.9040, Test R: 0.2903, Test RRSE: 1.3533
2025-02-10 16:23:52,078:INFO:Epoch 221: Train Loss: 220.9047, Train Node Loss: 0.8189, Train Reg Loss: 2.2009, Train MAPE: 15.9714, Train R: 0.6458, Train RRSE: 0.7791, Test Loss: 1607.1775, Test Node Loss: 0.0596, Test Reg Loss: 16.0712, Test MAPE: 31.4837, Test R: 0.2794, Test RRSE: 1.6928
2025-02-10 16:24:13,802:INFO:Epoch 222: Train Loss: 222.6031, Train Node Loss: 0.2536, Train Reg Loss: 2.2235, Train MAPE: 14.2985, Train R: 0.6379, Train RRSE: 0.7830, Test Loss: 982.4648, Test Node Loss: 0.0549, Test Reg Loss: 9.8241, Test MAPE: 21.8972, Test R: 0.2780, Test RRSE: 1.3235
2025-02-10 16:24:35,507:INFO:Epoch 223: Train Loss: 200.1068, Train Node Loss: 0.1449, Train Reg Loss: 1.9996, Train MAPE: 15.7865, Train R: 0.6727, Train RRSE: 0.7426, Test Loss: 729.7714, Test Node Loss: 0.2238, Test Reg Loss: 7.2955, Test MAPE: 18.3620, Test R: 0.3061, Test RRSE: 1.1405
2025-02-10 16:24:57,074:INFO:Epoch 224: Train Loss: 208.2789, Train Node Loss: 0.1110, Train Reg Loss: 2.0817, Train MAPE: 14.3688, Train R: 0.6620, Train RRSE: 0.7577, Test Loss: 614.0173, Test Node Loss: 0.2433, Test Reg Loss: 6.1377, Test MAPE: 16.2295, Test R: 0.3145, Test RRSE: 1.0461
2025-02-10 16:25:18,783:INFO:Epoch 225: Train Loss: 214.1420, Train Node Loss: 0.1808, Train Reg Loss: 2.1396, Train MAPE: 15.6178, Train R: 0.6487, Train RRSE: 0.7681, Test Loss: 1064.3337, Test Node Loss: 0.0789, Test Reg Loss: 10.6425, Test MAPE: 23.2786, Test R: 0.2921, Test RRSE: 1.3775
2025-02-10 16:25:40,753:INFO:Epoch 226: Train Loss: 221.0094, Train Node Loss: 0.1660, Train Reg Loss: 2.2084, Train MAPE: 14.5597, Train R: 0.6326, Train RRSE: 0.7804, Test Loss: 1018.7948, Test Node Loss: 0.0442, Test Reg Loss: 10.1875, Test MAPE: 22.2853, Test R: 0.2873, Test RRSE: 1.3478
2025-02-10 16:26:02,590:INFO:Epoch 227: Train Loss: 214.1707, Train Node Loss: 0.2268, Train Reg Loss: 2.1394, Train MAPE: 15.1540, Train R: 0.6429, Train RRSE: 0.7681, Test Loss: 1350.4247, Test Node Loss: 0.0784, Test Reg Loss: 13.5035, Test MAPE: 28.0268, Test R: 0.2819, Test RRSE: 1.5517
2025-02-10 16:26:24,254:INFO:Epoch 228: Train Loss: 216.0842, Train Node Loss: 0.2198, Train Reg Loss: 2.1586, Train MAPE: 15.4047, Train R: 0.6371, Train RRSE: 0.7715, Test Loss: 880.4577, Test Node Loss: 0.0698, Test Reg Loss: 8.8039, Test MAPE: 19.9352, Test R: 0.2867, Test RRSE: 1.2529
2025-02-10 16:26:46,389:INFO:Epoch 229: Train Loss: 227.6274, Train Node Loss: 0.2075, Train Reg Loss: 2.2742, Train MAPE: 14.8897, Train R: 0.6128, Train RRSE: 0.7919, Test Loss: 962.8034, Test Node Loss: 0.2387, Test Reg Loss: 9.6256, Test MAPE: 21.8170, Test R: 0.2943, Test RRSE: 1.3101
2025-02-10 16:27:08,045:INFO:Epoch 230: Train Loss: 205.7402, Train Node Loss: 0.1853, Train Reg Loss: 2.0555, Train MAPE: 15.0252, Train R: 0.6617, Train RRSE: 0.7529, Test Loss: 992.6013, Test Node Loss: 0.0952, Test Reg Loss: 9.9251, Test MAPE: 22.1331, Test R: 0.2800, Test RRSE: 1.3303
2025-02-10 16:27:29,560:INFO:Epoch 231: Train Loss: 204.9914, Train Node Loss: 0.2127, Train Reg Loss: 2.0478, Train MAPE: 15.4242, Train R: 0.6649, Train RRSE: 0.7515, Test Loss: 1081.7767, Test Node Loss: 0.0846, Test Reg Loss: 10.8169, Test MAPE: 23.4044, Test R: 0.3085, Test RRSE: 1.3888
2025-02-10 16:27:51,500:INFO:Epoch 232: Train Loss: 207.4797, Train Node Loss: 0.2285, Train Reg Loss: 2.0725, Train MAPE: 14.7856, Train R: 0.6599, Train RRSE: 0.7560, Test Loss: 903.5591, Test Node Loss: 0.1871, Test Reg Loss: 9.0337, Test MAPE: 20.5762, Test R: 0.2871, Test RRSE: 1.2692
2025-02-10 16:28:13,144:INFO:Epoch 233: Train Loss: 209.1592, Train Node Loss: 0.3958, Train Reg Loss: 2.0876, Train MAPE: 15.9847, Train R: 0.6565, Train RRSE: 0.7587, Test Loss: 936.8553, Test Node Loss: 0.1323, Test Reg Loss: 9.3672, Test MAPE: 20.6672, Test R: 0.2995, Test RRSE: 1.2924
2025-02-10 16:28:35,108:INFO:Epoch 234: Train Loss: 201.2811, Train Node Loss: 0.2421, Train Reg Loss: 2.0104, Train MAPE: 14.0956, Train R: 0.6910, Train RRSE: 0.7446, Test Loss: 841.9196, Test Node Loss: 0.5028, Test Reg Loss: 8.4142, Test MAPE: 19.8878, Test R: 0.2985, Test RRSE: 1.2249
2025-02-10 16:28:57,043:INFO:Epoch 235: Train Loss: 194.6464, Train Node Loss: 0.4940, Train Reg Loss: 1.9415, Train MAPE: 15.9504, Train R: 0.6892, Train RRSE: 0.7317, Test Loss: 1382.5378, Test Node Loss: 0.0942, Test Reg Loss: 13.8244, Test MAPE: 28.2856, Test R: 0.2723, Test RRSE: 1.5700
2025-02-10 16:29:18,461:INFO:Epoch 236: Train Loss: 219.8111, Train Node Loss: 0.3857, Train Reg Loss: 2.1943, Train MAPE: 14.4640, Train R: 0.6349, Train RRSE: 0.7779, Test Loss: 1311.5338, Test Node Loss: 0.1818, Test Reg Loss: 13.1135, Test MAPE: 27.3893, Test R: 0.2881, Test RRSE: 1.5291
2025-02-10 16:29:39,849:INFO:Epoch 237: Train Loss: 203.3494, Train Node Loss: 0.6739, Train Reg Loss: 2.0268, Train MAPE: 16.0498, Train R: 0.6717, Train RRSE: 0.7476, Test Loss: 873.8291, Test Node Loss: 0.3288, Test Reg Loss: 8.7350, Test MAPE: 20.1959, Test R: 0.2934, Test RRSE: 1.2480
2025-02-10 16:30:01,432:INFO:Epoch 238: Train Loss: 212.4005, Train Node Loss: 0.3191, Train Reg Loss: 2.1208, Train MAPE: 14.9727, Train R: 0.6460, Train RRSE: 0.7648, Test Loss: 845.9448, Test Node Loss: 0.3081, Test Reg Loss: 8.4564, Test MAPE: 19.6142, Test R: 0.2916, Test RRSE: 1.2279
2025-02-10 16:30:22,746:INFO:Epoch 239: Train Loss: 210.1906, Train Node Loss: 0.2888, Train Reg Loss: 2.0990, Train MAPE: 14.5000, Train R: 0.6569, Train RRSE: 0.7608, Test Loss: 796.1881, Test Node Loss: 0.3683, Test Reg Loss: 7.9582, Test MAPE: 19.1316, Test R: 0.2985, Test RRSE: 1.1912
2025-02-10 16:30:44,484:INFO:Epoch 240: Train Loss: 202.4651, Train Node Loss: 0.2968, Train Reg Loss: 2.0217, Train MAPE: 15.5279, Train R: 0.6677, Train RRSE: 0.7467, Test Loss: 795.9010, Test Node Loss: 0.2870, Test Reg Loss: 7.9561, Test MAPE: 19.1158, Test R: 0.2811, Test RRSE: 1.1911
2025-02-10 16:31:06,054:INFO:Epoch 241: Train Loss: 199.7922, Train Node Loss: 0.4875, Train Reg Loss: 1.9930, Train MAPE: 15.6561, Train R: 0.6743, Train RRSE: 0.7414, Test Loss: 1432.8405, Test Node Loss: 0.0313, Test Reg Loss: 14.3281, Test MAPE: 28.9722, Test R: 0.3253, Test RRSE: 1.5984
2025-02-10 16:31:27,127:INFO:Epoch 242: Train Loss: 207.2197, Train Node Loss: 0.3711, Train Reg Loss: 2.0685, Train MAPE: 14.6035, Train R: 0.6665, Train RRSE: 0.7553, Test Loss: 834.3262, Test Node Loss: 0.4988, Test Reg Loss: 8.3383, Test MAPE: 19.9593, Test R: 0.2872, Test RRSE: 1.2193
2025-02-10 16:31:49,168:INFO:Epoch 243: Train Loss: 213.1044, Train Node Loss: 0.6727, Train Reg Loss: 2.1243, Train MAPE: 16.3111, Train R: 0.6536, Train RRSE: 0.7654, Test Loss: 938.3828, Test Node Loss: 0.1597, Test Reg Loss: 9.3822, Test MAPE: 20.7298, Test R: 0.2820, Test RRSE: 1.2934
2025-02-10 16:32:10,700:INFO:Epoch 244: Train Loss: 218.2375, Train Node Loss: 0.2266, Train Reg Loss: 2.1801, Train MAPE: 14.6677, Train R: 0.6363, Train RRSE: 0.7754, Test Loss: 1076.5482, Test Node Loss: 0.1178, Test Reg Loss: 10.7643, Test MAPE: 23.6055, Test R: 0.2838, Test RRSE: 1.3854
2025-02-10 16:32:32,310:INFO:Epoch 245: Train Loss: 182.4787, Train Node Loss: 0.4047, Train Reg Loss: 1.8207, Train MAPE: 16.1295, Train R: 0.7082, Train RRSE: 0.7086, Test Loss: 1207.6745, Test Node Loss: 0.3284, Test Reg Loss: 12.0735, Test MAPE: 26.0750, Test R: 0.2760, Test RRSE: 1.4672
2025-02-10 16:32:53,878:INFO:Epoch 246: Train Loss: 207.8153, Train Node Loss: 0.2232, Train Reg Loss: 2.0759, Train MAPE: 14.1211, Train R: 0.6766, Train RRSE: 0.7566, Test Loss: 791.0265, Test Node Loss: 0.2086, Test Reg Loss: 7.9082, Test MAPE: 18.8751, Test R: 0.2842, Test RRSE: 1.1875
2025-02-10 16:33:14,570:INFO:Epoch 247: Train Loss: 207.0703, Train Node Loss: 0.2947, Train Reg Loss: 2.0678, Train MAPE: 15.8792, Train R: 0.6736, Train RRSE: 0.7551, Test Loss: 1099.2809, Test Node Loss: 0.1728, Test Reg Loss: 10.9911, Test MAPE: 24.1538, Test R: 0.2854, Test RRSE: 1.3999
2025-02-10 16:33:35,317:INFO:Epoch 248: Train Loss: 215.9700, Train Node Loss: 0.4957, Train Reg Loss: 2.1547, Train MAPE: 15.4796, Train R: 0.6396, Train RRSE: 0.7708, Test Loss: 1354.0013, Test Node Loss: 0.1458, Test Reg Loss: 13.5386, Test MAPE: 27.7654, Test R: 0.2616, Test RRSE: 1.5537
2025-02-10 16:33:55,974:INFO:Epoch 249: Train Loss: 192.2076, Train Node Loss: 0.6817, Train Reg Loss: 1.9153, Train MAPE: 15.0613, Train R: 0.6899, Train RRSE: 0.7267, Test Loss: 929.7361, Test Node Loss: 1.0134, Test Reg Loss: 9.2872, Test MAPE: 21.5076, Test R: 0.2757, Test RRSE: 1.2868
2025-02-10 16:34:16,753:INFO:Epoch 250: Train Loss: 214.0602, Train Node Loss: 0.6387, Train Reg Loss: 2.1342, Train MAPE: 14.8673, Train R: 0.6442, Train RRSE: 0.7672, Test Loss: 740.4185, Test Node Loss: 0.8278, Test Reg Loss: 7.3959, Test MAPE: 18.6731, Test R: 0.2815, Test RRSE: 1.1484
2025-02-10 16:34:37,357:INFO:Epoch 251: Train Loss: 189.8014, Train Node Loss: 0.6727, Train Reg Loss: 1.8913, Train MAPE: 16.0733, Train R: 0.6948, Train RRSE: 0.7222, Test Loss: 973.5779, Test Node Loss: 0.3992, Test Reg Loss: 9.7318, Test MAPE: 22.0714, Test R: 0.2859, Test RRSE: 1.3173
2025-02-10 16:34:58,156:INFO:Epoch 252: Train Loss: 205.2729, Train Node Loss: 0.6622, Train Reg Loss: 2.0461, Train MAPE: 15.2323, Train R: 0.6630, Train RRSE: 0.7512, Test Loss: 1117.1356, Test Node Loss: 0.0980, Test Reg Loss: 11.1704, Test MAPE: 23.7369, Test R: 0.2843, Test RRSE: 1.4113
2025-02-10 16:35:19,245:INFO:Epoch 253: Train Loss: 212.3198, Train Node Loss: 0.3877, Train Reg Loss: 2.1193, Train MAPE: 15.2381, Train R: 0.6485, Train RRSE: 0.7645, Test Loss: 702.2097, Test Node Loss: 1.5529, Test Reg Loss: 7.0066, Test MAPE: 18.7572, Test R: 0.2734, Test RRSE: 1.1177
2025-02-10 16:35:40,231:INFO:Epoch 254: Train Loss: 200.6667, Train Node Loss: 0.3369, Train Reg Loss: 2.0033, Train MAPE: 15.4782, Train R: 0.6694, Train RRSE: 0.7433, Test Loss: 577.9296, Test Node Loss: 0.4731, Test Reg Loss: 5.7746, Test MAPE: 16.2214, Test R: 0.3100, Test RRSE: 1.0147
2025-02-10 16:36:01,181:INFO:Epoch 255: Train Loss: 205.2612, Train Node Loss: 0.3793, Train Reg Loss: 2.0488, Train MAPE: 15.8006, Train R: 0.6646, Train RRSE: 0.7517, Test Loss: 1650.8896, Test Node Loss: 0.0306, Test Reg Loss: 16.5086, Test MAPE: 32.1549, Test R: 0.2916, Test RRSE: 1.7157
2025-02-10 16:36:22,289:INFO:Epoch 256: Train Loss: 205.0230, Train Node Loss: 0.3078, Train Reg Loss: 2.0472, Train MAPE: 14.3503, Train R: 0.6707, Train RRSE: 0.7514, Test Loss: 1413.3663, Test Node Loss: 0.0620, Test Reg Loss: 14.1330, Test MAPE: 28.6554, Test R: 0.3000, Test RRSE: 1.5875
2025-02-10 16:36:43,621:INFO:Epoch 257: Train Loss: 229.1025, Train Node Loss: 0.8948, Train Reg Loss: 2.2821, Train MAPE: 16.6269, Train R: 0.6249, Train RRSE: 0.7933, Test Loss: 832.8838, Test Node Loss: 1.0891, Test Reg Loss: 8.3179, Test MAPE: 20.3105, Test R: 0.2612, Test RRSE: 1.2178
2025-02-10 16:37:04,459:INFO:Epoch 258: Train Loss: 201.3279, Train Node Loss: 0.3823, Train Reg Loss: 2.0095, Train MAPE: 14.8476, Train R: 0.6728, Train RRSE: 0.7444, Test Loss: 657.6957, Test Node Loss: 0.5249, Test Reg Loss: 6.5717, Test MAPE: 17.0808, Test R: 0.2996, Test RRSE: 1.0825
2025-02-10 16:37:25,291:INFO:Epoch 259: Train Loss: 195.9790, Train Node Loss: 0.2360, Train Reg Loss: 1.9574, Train MAPE: 14.4295, Train R: 0.6899, Train RRSE: 0.7347, Test Loss: 822.0933, Test Node Loss: 0.1975, Test Reg Loss: 8.2190, Test MAPE: 19.1693, Test R: 0.2960, Test RRSE: 1.2106
2025-02-10 16:37:46,492:INFO:Epoch 260: Train Loss: 220.0511, Train Node Loss: 0.4279, Train Reg Loss: 2.1962, Train MAPE: 16.2964, Train R: 0.6495, Train RRSE: 0.7782, Test Loss: 1163.4338, Test Node Loss: 0.0997, Test Reg Loss: 11.6333, Test MAPE: 24.7904, Test R: 0.2862, Test RRSE: 1.4402
2025-02-10 16:38:07,706:INFO:Epoch 261: Train Loss: 202.0025, Train Node Loss: 0.2483, Train Reg Loss: 2.0175, Train MAPE: 14.6499, Train R: 0.6837, Train RRSE: 0.7459, Test Loss: 1009.2581, Test Node Loss: 0.0628, Test Reg Loss: 10.0920, Test MAPE: 21.9845, Test R: 0.2984, Test RRSE: 1.3414
2025-02-10 16:38:29,176:INFO:Epoch 262: Train Loss: 196.3725, Train Node Loss: 0.5893, Train Reg Loss: 1.9578, Train MAPE: 16.2581, Train R: 0.6928, Train RRSE: 0.7348, Test Loss: 1081.2941, Test Node Loss: 0.3789, Test Reg Loss: 10.8092, Test MAPE: 23.7922, Test R: 0.2773, Test RRSE: 1.3883
2025-02-10 16:38:50,723:INFO:Epoch 263: Train Loss: 197.0219, Train Node Loss: 0.6811, Train Reg Loss: 1.9634, Train MAPE: 15.1869, Train R: 0.6932, Train RRSE: 0.7358, Test Loss: 1298.8073, Test Node Loss: 0.2959, Test Reg Loss: 12.9851, Test MAPE: 27.0371, Test R: 0.2847, Test RRSE: 1.5216
2025-02-10 16:39:12,330:INFO:Epoch 264: Train Loss: 216.9934, Train Node Loss: 1.2907, Train Reg Loss: 2.1570, Train MAPE: 16.4279, Train R: 0.6571, Train RRSE: 0.7713, Test Loss: 1162.0290, Test Node Loss: 0.2284, Test Reg Loss: 11.6180, Test MAPE: 24.8357, Test R: 0.2831, Test RRSE: 1.4393
2025-02-10 16:39:33,761:INFO:Epoch 265: Train Loss: 187.6235, Train Node Loss: 0.4376, Train Reg Loss: 1.8719, Train MAPE: 14.6897, Train R: 0.7103, Train RRSE: 0.7185, Test Loss: 882.8625, Test Node Loss: 0.6384, Test Reg Loss: 8.8222, Test MAPE: 20.7836, Test R: 0.2674, Test RRSE: 1.2542
2025-02-10 16:39:55,072:INFO:Epoch 266: Train Loss: 182.2089, Train Node Loss: 0.3256, Train Reg Loss: 1.8188, Train MAPE: 15.4871, Train R: 0.7075, Train RRSE: 0.7082, Test Loss: 957.4210, Test Node Loss: 0.4836, Test Reg Loss: 9.5694, Test MAPE: 22.0121, Test R: 0.2690, Test RRSE: 1.3062
2025-02-10 16:40:16,806:INFO:Epoch 267: Train Loss: 177.9063, Train Node Loss: 0.5249, Train Reg Loss: 1.7738, Train MAPE: 15.6932, Train R: 0.7150, Train RRSE: 0.6994, Test Loss: 1163.1736, Test Node Loss: 0.3004, Test Reg Loss: 11.6287, Test MAPE: 24.9401, Test R: 0.2696, Test RRSE: 1.4400
2025-02-10 16:40:38,481:INFO:Epoch 268: Train Loss: 198.9684, Train Node Loss: 0.9030, Train Reg Loss: 1.9807, Train MAPE: 15.2546, Train R: 0.6744, Train RRSE: 0.7391, Test Loss: 1207.0760, Test Node Loss: 1.1610, Test Reg Loss: 12.0592, Test MAPE: 26.0161, Test R: 0.2595, Test RRSE: 1.4664
2025-02-10 16:41:00,369:INFO:Epoch 269: Train Loss: 201.6822, Train Node Loss: 1.3070, Train Reg Loss: 2.0038, Train MAPE: 15.7672, Train R: 0.6711, Train RRSE: 0.7433, Test Loss: 995.3894, Test Node Loss: 0.4433, Test Reg Loss: 9.9495, Test MAPE: 22.1550, Test R: 0.2801, Test RRSE: 1.3319
2025-02-10 16:41:22,128:INFO:Epoch 270: Train Loss: 181.8835, Train Node Loss: 1.7480, Train Reg Loss: 1.8014, Train MAPE: 15.2516, Train R: 0.7112, Train RRSE: 0.7048, Test Loss: 841.2128, Test Node Loss: 3.0825, Test Reg Loss: 8.3813, Test MAPE: 20.1950, Test R: 0.2729, Test RRSE: 1.2225
2025-02-10 16:41:43,867:INFO:Epoch 271: Train Loss: 191.0316, Train Node Loss: 3.3180, Train Reg Loss: 1.8771, Train MAPE: 16.1216, Train R: 0.6985, Train RRSE: 0.7195, Test Loss: 1124.6540, Test Node Loss: 0.0819, Test Reg Loss: 11.2457, Test MAPE: 23.6771, Test R: 0.2758, Test RRSE: 1.4160
2025-02-10 16:42:05,684:INFO:Epoch 272: Train Loss: 220.9051, Train Node Loss: 1.0840, Train Reg Loss: 2.1982, Train MAPE: 14.8659, Train R: 0.6283, Train RRSE: 0.7786, Test Loss: 707.6454, Test Node Loss: 0.3158, Test Reg Loss: 7.0733, Test MAPE: 17.7342, Test R: 0.2952, Test RRSE: 1.1230
2025-02-10 16:42:27,291:INFO:Epoch 273: Train Loss: 186.0195, Train Node Loss: 0.5878, Train Reg Loss: 1.8543, Train MAPE: 15.5469, Train R: 0.7015, Train RRSE: 0.7151, Test Loss: 1114.4051, Test Node Loss: 1.0561, Test Reg Loss: 11.1335, Test MAPE: 24.4888, Test R: 0.2720, Test RRSE: 1.4090
2025-02-10 16:42:48,723:INFO:Epoch 274: Train Loss: 179.5209, Train Node Loss: 0.9439, Train Reg Loss: 1.7858, Train MAPE: 15.3196, Train R: 0.7245, Train RRSE: 0.7018, Test Loss: 1047.2721, Test Node Loss: 0.5149, Test Reg Loss: 10.4676, Test MAPE: 22.9514, Test R: 0.2751, Test RRSE: 1.3662
2025-02-10 16:43:10,274:INFO:Epoch 275: Train Loss: 181.0518, Train Node Loss: 1.1832, Train Reg Loss: 1.7987, Train MAPE: 16.1622, Train R: 0.7240, Train RRSE: 0.7043, Test Loss: 1046.5242, Test Node Loss: 0.3342, Test Reg Loss: 10.4619, Test MAPE: 22.7602, Test R: 0.2780, Test RRSE: 1.3658
2025-02-10 16:43:31,491:INFO:Epoch 276: Train Loss: 182.8606, Train Node Loss: 1.1553, Train Reg Loss: 1.8171, Train MAPE: 14.7884, Train R: 0.7160, Train RRSE: 0.7079, Test Loss: 987.0134, Test Node Loss: 2.1510, Test Reg Loss: 9.8486, Test MAPE: 22.4990, Test R: 0.2583, Test RRSE: 1.3252
2025-02-10 16:43:53,156:INFO:Epoch 277: Train Loss: 176.6242, Train Node Loss: 2.0316, Train Reg Loss: 1.7459, Train MAPE: 15.7165, Train R: 0.7209, Train RRSE: 0.6939, Test Loss: 1161.4748, Test Node Loss: 1.4067, Test Reg Loss: 11.6007, Test MAPE: 25.1542, Test R: 0.2536, Test RRSE: 1.4382
2025-02-10 16:44:14,568:INFO:Epoch 278: Train Loss: 163.2950, Train Node Loss: 3.8019, Train Reg Loss: 1.5949, Train MAPE: 16.2954, Train R: 0.7503, Train RRSE: 0.6632, Test Loss: 1065.7106, Test Node Loss: 1.2350, Test Reg Loss: 10.6448, Test MAPE: 23.3729, Test R: 0.2694, Test RRSE: 1.3777
2025-02-10 16:44:35,783:INFO:Epoch 279: Train Loss: 210.4822, Train Node Loss: 1.1451, Train Reg Loss: 2.0934, Train MAPE: 13.7479, Train R: 0.6853, Train RRSE: 0.7598, Test Loss: 757.3345, Test Node Loss: 0.3071, Test Reg Loss: 7.5703, Test MAPE: 18.5949, Test R: 0.2823, Test RRSE: 1.1618
2025-02-10 16:44:57,121:INFO:Epoch 280: Train Loss: 217.3880, Train Node Loss: 1.0832, Train Reg Loss: 2.1630, Train MAPE: 17.3155, Train R: 0.6815, Train RRSE: 0.7723, Test Loss: 1157.9271, Test Node Loss: 0.9389, Test Reg Loss: 11.5699, Test MAPE: 25.1269, Test R: 0.2537, Test RRSE: 1.4363
2025-02-10 16:45:18,264:INFO:Epoch 281: Train Loss: 210.7832, Train Node Loss: 0.2192, Train Reg Loss: 2.1056, Train MAPE: 14.3368, Train R: 0.7031, Train RRSE: 0.7620, Test Loss: 979.4511, Test Node Loss: 0.4988, Test Reg Loss: 9.7895, Test MAPE: 22.2712, Test R: 0.2714, Test RRSE: 1.3212
2025-02-10 16:45:39,414:INFO:Epoch 282: Train Loss: 211.7415, Train Node Loss: 0.6751, Train Reg Loss: 2.1107, Train MAPE: 16.6481, Train R: 0.6732, Train RRSE: 0.7629, Test Loss: 1087.3776, Test Node Loss: 0.1709, Test Reg Loss: 10.8721, Test MAPE: 23.5822, Test R: 0.2721, Test RRSE: 1.3923
2025-02-10 16:46:00,839:INFO:Epoch 283: Train Loss: 207.6024, Train Node Loss: 0.4119, Train Reg Loss: 2.0719, Train MAPE: 14.9367, Train R: 0.6662, Train RRSE: 0.7559, Test Loss: 1106.0381, Test Node Loss: 0.1726, Test Reg Loss: 11.0587, Test MAPE: 23.8410, Test R: 0.2689, Test RRSE: 1.4042
2025-02-10 16:46:21,803:INFO:Epoch 284: Train Loss: 175.6068, Train Node Loss: 0.7570, Train Reg Loss: 1.7485, Train MAPE: 15.7014, Train R: 0.7270, Train RRSE: 0.6944, Test Loss: 1234.3643, Test Node Loss: 0.5493, Test Reg Loss: 12.3381, Test MAPE: 26.2035, Test R: 0.2819, Test RRSE: 1.4832
2025-02-10 16:46:42,687:INFO:Epoch 285: Train Loss: 194.1945, Train Node Loss: 0.9840, Train Reg Loss: 1.9321, Train MAPE: 14.8041, Train R: 0.6968, Train RRSE: 0.7299, Test Loss: 1144.6819, Test Node Loss: 1.0271, Test Reg Loss: 11.4365, Test MAPE: 24.9179, Test R: 0.2781, Test RRSE: 1.4280
2025-02-10 16:47:03,976:INFO:Epoch 286: Train Loss: 244.5789, Train Node Loss: 2.3244, Train Reg Loss: 2.4225, Train MAPE: 15.6695, Train R: 0.5892, Train RRSE: 0.8173, Test Loss: 1072.2283, Test Node Loss: 0.0380, Test Reg Loss: 10.7219, Test MAPE: 22.7947, Test R: 0.2825, Test RRSE: 1.3827
2025-02-10 16:47:24,960:INFO:Epoch 287: Train Loss: 196.5316, Train Node Loss: 0.3008, Train Reg Loss: 1.9623, Train MAPE: 14.3019, Train R: 0.6933, Train RRSE: 0.7356, Test Loss: 636.6548, Test Node Loss: 0.2254, Test Reg Loss: 6.3643, Test MAPE: 16.3847, Test R: 0.3025, Test RRSE: 1.0653
2025-02-10 16:47:45,780:INFO:Epoch 288: Train Loss: 192.0794, Train Node Loss: 0.6144, Train Reg Loss: 1.9146, Train MAPE: 16.2871, Train R: 0.6976, Train RRSE: 0.7266, Test Loss: 1026.1253, Test Node Loss: 2.0398, Test Reg Loss: 10.2409, Test MAPE: 23.4154, Test R: 0.2380, Test RRSE: 1.3513
2025-02-10 16:48:06,650:INFO:Epoch 289: Train Loss: 185.1178, Train Node Loss: 1.0649, Train Reg Loss: 1.8405, Train MAPE: 15.5700, Train R: 0.7163, Train RRSE: 0.7124, Test Loss: 1058.3123, Test Node Loss: 1.5519, Test Reg Loss: 10.5676, Test MAPE: 23.8908, Test R: 0.2660, Test RRSE: 1.3727
2025-02-10 16:48:28,032:INFO:Epoch 290: Train Loss: 203.6668, Train Node Loss: 2.7782, Train Reg Loss: 2.0089, Train MAPE: 16.2612, Train R: 0.6829, Train RRSE: 0.7443, Test Loss: 1137.9940, Test Node Loss: 0.0867, Test Reg Loss: 11.3791, Test MAPE: 24.0753, Test R: 0.2986, Test RRSE: 1.4244
2025-02-10 16:48:49,490:INFO:Epoch 291: Train Loss: 213.9066, Train Node Loss: 0.9489, Train Reg Loss: 2.1296, Train MAPE: 13.9982, Train R: 0.6622, Train RRSE: 0.7663, Test Loss: 855.2733, Test Node Loss: 0.0380, Test Reg Loss: 8.5524, Test MAPE: 19.3423, Test R: 0.3043, Test RRSE: 1.2349
2025-02-10 16:49:10,854:INFO:Epoch 292: Train Loss: 201.9910, Train Node Loss: 0.7277, Train Reg Loss: 2.0126, Train MAPE: 16.0377, Train R: 0.6780, Train RRSE: 0.7450, Test Loss: 865.4260, Test Node Loss: 1.0240, Test Reg Loss: 8.6440, Test MAPE: 20.6614, Test R: 0.2926, Test RRSE: 1.2415
2025-02-10 16:49:32,431:INFO:Epoch 293: Train Loss: 175.1409, Train Node Loss: 1.0033, Train Reg Loss: 1.7414, Train MAPE: 14.7017, Train R: 0.7334, Train RRSE: 0.6930, Test Loss: 1045.9925, Test Node Loss: 2.5458, Test Reg Loss: 10.4345, Test MAPE: 23.5106, Test R: 0.2582, Test RRSE: 1.3640
2025-02-10 16:49:53,704:INFO:Epoch 294: Train Loss: 170.2530, Train Node Loss: 2.8240, Train Reg Loss: 1.6743, Train MAPE: 16.2188, Train R: 0.7365, Train RRSE: 0.6795, Test Loss: 872.0453, Test Node Loss: 1.3504, Test Reg Loss: 8.7069, Test MAPE: 20.4658, Test R: 0.2796, Test RRSE: 1.2460
2025-02-10 16:50:15,273:INFO:Epoch 295: Train Loss: 195.0258, Train Node Loss: 0.6303, Train Reg Loss: 1.9440, Train MAPE: 14.5839, Train R: 0.6962, Train RRSE: 0.7322, Test Loss: 763.0128, Test Node Loss: 0.8569, Test Reg Loss: 7.6216, Test MAPE: 18.5556, Test R: 0.2917, Test RRSE: 1.1658
2025-02-10 16:50:36,678:INFO:Epoch 296: Train Loss: 158.9080, Train Node Loss: 1.1994, Train Reg Loss: 1.5771, Train MAPE: 15.9682, Train R: 0.7575, Train RRSE: 0.6595, Test Loss: 1236.7637, Test Node Loss: 0.7934, Test Reg Loss: 12.3597, Test MAPE: 26.2496, Test R: 0.2773, Test RRSE: 1.4845
2025-02-10 16:50:58,202:INFO:Epoch 297: Train Loss: 165.6638, Train Node Loss: 2.5643, Train Reg Loss: 1.6310, Train MAPE: 15.5105, Train R: 0.7439, Train RRSE: 0.6707, Test Loss: 1424.4217, Test Node Loss: 1.0267, Test Reg Loss: 14.2340, Test MAPE: 29.1006, Test R: 0.2746, Test RRSE: 1.5931
2025-02-10 16:51:19,887:INFO:Epoch 298: Train Loss: 195.1491, Train Node Loss: 6.9815, Train Reg Loss: 1.8817, Train MAPE: 16.6173, Train R: 0.7117, Train RRSE: 0.7203, Test Loss: 1174.9368, Test Node Loss: 0.0111, Test Reg Loss: 11.7493, Test MAPE: 24.4538, Test R: 0.3216, Test RRSE: 1.4474
2025-02-10 16:51:41,212:INFO:Epoch 299: Train Loss: 242.9069, Train Node Loss: 0.1658, Train Reg Loss: 2.4274, Train MAPE: 14.1654, Train R: 0.5813, Train RRSE: 0.8182, Test Loss: 535.6808, Test Node Loss: 0.0127, Test Reg Loss: 5.3567, Test MAPE: 15.7213, Test R: 0.3208, Test RRSE: 0.9773
2025-02-10 16:52:03,128:INFO:Epoch 300: Train Loss: 248.1619, Train Node Loss: 0.0362, Train Reg Loss: 2.4813, Train MAPE: 14.6613, Train R: 0.5726, Train RRSE: 0.8272, Test Loss: 545.1572, Test Node Loss: 0.0087, Test Reg Loss: 5.4515, Test MAPE: 16.3548, Test R: 0.3230, Test RRSE: 0.9859
2025-02-10 16:52:03,128:INFO:Best performance at epoch 0 with Test MAPE: 0.5000
