2025-02-10 14:55:32,557:INFO:Learning rate: 0.001
2025-02-10 14:55:32,558:INFO:Weight decay: 0.001
2025-02-10 14:55:32,558:INFO:Batch size: 32
2025-02-10 14:55:32,558:INFO:Number of layers: 3
2025-02-10 14:55:32,558:INFO:Convolution type: SAGE
2025-02-10 14:55:32,558:INFO:Convolution neurons: 256
2025-02-10 15:00:13,514:INFO:Learning rate: 0.001
2025-02-10 15:00:13,516:INFO:Weight decay: 0.001
2025-02-10 15:00:13,516:INFO:Batch size: 32
2025-02-10 15:00:13,516:INFO:Number of layers: 3
2025-02-10 15:00:13,516:INFO:Convolution type: SAGE
2025-02-10 15:00:13,516:INFO:Convolution neurons: 256
2025-02-10 15:00:39,386:INFO:Epoch 1: Train Loss: 922565.3441, Train Node Loss: 11.7209, Train Reg Loss: 9225.5362, Train MAPE: 98.7581, Train R: -0.0108, Train RRSE: 12.0817, Test Loss: 872170.3836, Test Node Loss: 80.0165, Test Reg Loss: 8720.9036, Test MAPE: 96.3731, Test R: 0.7685, Test RRSE: 12.2971
2025-02-10 15:00:39,412:INFO:Checkpoint saved at best_0.001_0.001_256_SAGE_3_32_0.7685_epoch_1.pth
2025-02-10 15:01:05,114:INFO:Epoch 2: Train Loss: 722797.9011, Train Node Loss: 1136.8464, Train Reg Loss: 7216.6105, Train MAPE: 86.8698, Train R: 0.0172, Train RRSE: 10.6856, Test Loss: 136565.8970, Test Node Loss: 17414.2733, Test Reg Loss: 1191.5162, Test MAPE: 34.7967, Test R: 0.7781, Test RRSE: 4.5454
2025-02-10 15:01:05,140:INFO:Checkpoint saved at best_0.001_0.001_256_SAGE_3_32_0.7781_epoch_2.pth
2025-02-10 15:01:31,376:INFO:Epoch 3: Train Loss: 157625.2464, Train Node Loss: 20794.4731, Train Reg Loss: 1368.3077, Train MAPE: 33.4423, Train R: 0.1071, Train RRSE: 4.6529, Test Loss: 2109720.2876, Test Node Loss: 128449.9530, Test Reg Loss: 19812.7036, Test MAPE: 147.1073, Test R: 0.7796, Test RRSE: 18.5351
2025-02-10 15:01:31,410:INFO:Checkpoint saved at best_0.001_0.001_256_SAGE_3_32_0.7796_epoch_3.pth
2025-02-10 15:01:57,193:INFO:Epoch 4: Train Loss: 78440.2017, Train Node Loss: 28145.9666, Train Reg Loss: 502.9424, Train MAPE: 19.9719, Train R: 0.0038, Train RRSE: 2.8209, Test Loss: 28417.3591, Test Node Loss: 21348.3182, Test Reg Loss: 70.6904, Test MAPE: 7.1275, Test R: 0.7740, Test RRSE: 1.1071
2025-02-10 15:02:23,266:INFO:Epoch 5: Train Loss: 55442.3726, Train Node Loss: 15549.8315, Train Reg Loss: 398.9254, Train MAPE: 18.4194, Train R: 0.2938, Train RRSE: 2.5123, Test Loss: 68576.7106, Test Node Loss: 30548.1902, Test Reg Loss: 380.2852, Test MAPE: 20.4232, Test R: 0.7819, Test RRSE: 2.5679
2025-02-10 15:02:23,305:INFO:Checkpoint saved at best_0.001_0.001_256_SAGE_3_32_0.7819_epoch_5.pth
2025-02-10 15:02:49,064:INFO:Epoch 6: Train Loss: 30954.5237, Train Node Loss: 22500.9428, Train Reg Loss: 84.5358, Train MAPE: 9.6899, Train R: 0.3794, Train RRSE: 1.1565, Test Loss: 83398.3410, Test Node Loss: 29725.6385, Test Reg Loss: 536.7270, Test MAPE: 24.2833, Test R: 0.7784, Test RRSE: 3.0507
2025-02-10 15:03:14,851:INFO:Epoch 7: Train Loss: 24482.2397, Train Node Loss: 18595.4121, Train Reg Loss: 58.8683, Train MAPE: 7.8534, Train R: 0.5174, Train RRSE: 0.9651, Test Loss: 21847.6723, Test Node Loss: 19277.9944, Test Reg Loss: 25.6968, Test MAPE: 7.0132, Test R: 0.7756, Test RRSE: 0.6675
2025-02-10 15:03:40,368:INFO:Epoch 8: Train Loss: 21932.2607, Train Node Loss: 16966.2929, Train Reg Loss: 49.6597, Train MAPE: 7.3791, Train R: 0.6341, Train RRSE: 0.8864, Test Loss: 26574.9403, Test Node Loss: 19238.2638, Test Reg Loss: 73.3668, Test MAPE: 10.0411, Test R: 0.7772, Test RRSE: 1.1279
2025-02-10 15:04:05,574:INFO:Epoch 9: Train Loss: 20464.4627, Train Node Loss: 16896.1424, Train Reg Loss: 35.6832, Train MAPE: 7.3079, Train R: 0.6910, Train RRSE: 0.7514, Test Loss: 18082.2279, Test Node Loss: 14644.7643, Test Reg Loss: 34.3746, Test MAPE: 6.7352, Test R: 0.7767, Test RRSE: 0.7720
2025-02-10 15:04:30,638:INFO:Epoch 10: Train Loss: 18927.3008, Train Node Loss: 14138.8823, Train Reg Loss: 47.8842, Train MAPE: 7.0879, Train R: 0.7085, Train RRSE: 0.8704, Test Loss: 16727.8780, Test Node Loss: 14023.2881, Test Reg Loss: 27.0459, Test MAPE: 6.5483, Test R: 0.7766, Test RRSE: 0.6848
2025-02-10 15:04:55,992:INFO:Epoch 11: Train Loss: 17454.9083, Train Node Loss: 14004.1522, Train Reg Loss: 34.5076, Train MAPE: 6.9479, Train R: 0.7052, Train RRSE: 0.7389, Test Loss: 15903.3925, Test Node Loss: 12556.4111, Test Reg Loss: 33.4698, Test MAPE: 6.6540, Test R: 0.7759, Test RRSE: 0.7618
2025-02-10 15:05:21,307:INFO:Epoch 12: Train Loss: 16123.6057, Train Node Loss: 12796.4862, Train Reg Loss: 33.2712, Train MAPE: 6.7784, Train R: 0.7475, Train RRSE: 0.7255, Test Loss: 15239.1412, Test Node Loss: 11623.3234, Test Reg Loss: 36.1582, Test MAPE: 6.6898, Test R: 0.7751, Test RRSE: 0.7918
2025-02-10 15:05:46,733:INFO:Epoch 13: Train Loss: 15480.5209, Train Node Loss: 11963.0608, Train Reg Loss: 35.1746, Train MAPE: 6.8125, Train R: 0.7231, Train RRSE: 0.7460, Test Loss: 14385.1676, Test Node Loss: 11038.4882, Test Reg Loss: 33.4668, Test MAPE: 6.6741, Test R: 0.7740, Test RRSE: 0.7618
2025-02-10 15:06:12,035:INFO:Epoch 14: Train Loss: 14634.3289, Train Node Loss: 11266.0037, Train Reg Loss: 33.6833, Train MAPE: 6.8518, Train R: 0.7422, Train RRSE: 0.7300, Test Loss: 13895.2528, Test Node Loss: 10338.9999, Test Reg Loss: 35.5625, Test MAPE: 6.7089, Test R: 0.7727, Test RRSE: 0.7853
2025-02-10 15:06:38,201:INFO:Epoch 15: Train Loss: 14180.3744, Train Node Loss: 10886.9563, Train Reg Loss: 32.9342, Train MAPE: 6.9497, Train R: 0.7282, Train RRSE: 0.7219, Test Loss: 13258.6087, Test Node Loss: 9834.4585, Test Reg Loss: 34.2415, Test MAPE: 6.6496, Test R: 0.7714, Test RRSE: 0.7705
2025-02-10 15:07:03,989:INFO:Epoch 16: Train Loss: 13551.8642, Train Node Loss: 10131.0406, Train Reg Loss: 34.2082, Train MAPE: 6.8232, Train R: 0.7289, Train RRSE: 0.7357, Test Loss: 12563.8724, Test Node Loss: 9461.9091, Test Reg Loss: 31.0196, Test MAPE: 6.6053, Test R: 0.7698, Test RRSE: 0.7334
2025-02-10 15:07:29,300:INFO:Epoch 17: Train Loss: 13104.3099, Train Node Loss: 9509.4980, Train Reg Loss: 35.9481, Train MAPE: 6.8506, Train R: 0.7209, Train RRSE: 0.7542, Test Loss: 11963.1431, Test Node Loss: 9161.5316, Test Reg Loss: 28.0161, Test MAPE: 6.5915, Test R: 0.7686, Test RRSE: 0.6970
2025-02-10 15:07:54,535:INFO:Epoch 18: Train Loss: 12603.9885, Train Node Loss: 9367.2899, Train Reg Loss: 32.3670, Train MAPE: 6.8824, Train R: 0.7279, Train RRSE: 0.7156, Test Loss: 11610.4482, Test Node Loss: 8603.2518, Test Reg Loss: 30.0720, Test MAPE: 6.6605, Test R: 0.7673, Test RRSE: 0.7221
2025-02-10 15:08:20,298:INFO:Epoch 19: Train Loss: 12116.4324, Train Node Loss: 8631.3440, Train Reg Loss: 34.8509, Train MAPE: 6.9084, Train R: 0.7276, Train RRSE: 0.7426, Test Loss: 11097.3282, Test Node Loss: 8374.8253, Test Reg Loss: 27.2250, Test MAPE: 6.7336, Test R: 0.7659, Test RRSE: 0.6871
2025-02-10 15:08:45,955:INFO:Epoch 20: Train Loss: 11854.0933, Train Node Loss: 8590.5946, Train Reg Loss: 32.6350, Train MAPE: 7.0494, Train R: 0.7193, Train RRSE: 0.7186, Test Loss: 11363.3451, Test Node Loss: 7593.5849, Test Reg Loss: 37.6976, Test MAPE: 6.9107, Test R: 0.7643, Test RRSE: 0.8085
2025-02-10 15:09:11,387:INFO:Epoch 21: Train Loss: 11575.1085, Train Node Loss: 7848.0275, Train Reg Loss: 37.2708, Train MAPE: 6.9390, Train R: 0.6953, Train RRSE: 0.7679, Test Loss: 10752.3304, Test Node Loss: 8025.5483, Test Reg Loss: 27.2678, Test MAPE: 7.0533, Test R: 0.7637, Test RRSE: 0.6876
2025-02-10 15:09:37,488:INFO:Epoch 22: Train Loss: 11436.2038, Train Node Loss: 7794.2388, Train Reg Loss: 36.4197, Train MAPE: 7.2879, Train R: 0.6522, Train RRSE: 0.7591, Test Loss: 11605.2851, Test Node Loss: 6749.6343, Test Reg Loss: 48.5565, Test MAPE: 7.3436, Test R: 0.7615, Test RRSE: 0.9176
2025-02-10 15:10:03,659:INFO:Epoch 23: Train Loss: 11039.9756, Train Node Loss: 7461.7644, Train Reg Loss: 35.7821, Train MAPE: 7.3475, Train R: 0.6614, Train RRSE: 0.7524, Test Loss: 9782.3209, Test Node Loss: 6958.3677, Test Reg Loss: 28.2395, Test MAPE: 6.7554, Test R: 0.7616, Test RRSE: 0.6998
2025-02-10 15:10:30,342:INFO:Epoch 24: Train Loss: 10446.1430, Train Node Loss: 6932.0910, Train Reg Loss: 35.1405, Train MAPE: 6.9865, Train R: 0.7181, Train RRSE: 0.7456, Test Loss: 9539.8280, Test Node Loss: 6954.0570, Test Reg Loss: 25.8577, Test MAPE: 6.9381, Test R: 0.7608, Test RRSE: 0.6696
2025-02-10 15:10:56,157:INFO:Epoch 25: Train Loss: 10188.8972, Train Node Loss: 6877.7847, Train Reg Loss: 33.1111, Train MAPE: 7.1492, Train R: 0.7026, Train RRSE: 0.7238, Test Loss: 9205.7079, Test Node Loss: 6446.2506, Test Reg Loss: 27.5946, Test MAPE: 6.8131, Test R: 0.7604, Test RRSE: 0.6917
2025-02-10 15:11:22,166:INFO:Epoch 26: Train Loss: 9591.0587, Train Node Loss: 6544.1256, Train Reg Loss: 30.4693, Train MAPE: 7.0672, Train R: 0.7444, Train RRSE: 0.6943, Test Loss: 8924.5920, Test Node Loss: 6241.1079, Test Reg Loss: 26.8348, Test MAPE: 6.8395, Test R: 0.7599, Test RRSE: 0.6821
2025-02-10 15:11:47,894:INFO:Epoch 27: Train Loss: 9354.7612, Train Node Loss: 6345.5821, Train Reg Loss: 30.0918, Train MAPE: 7.1534, Train R: 0.7412, Train RRSE: 0.6900, Test Loss: 8838.8801, Test Node Loss: 5882.8781, Test Reg Loss: 29.5600, Test MAPE: 6.8556, Test R: 0.7607, Test RRSE: 0.7159
2025-02-10 15:12:14,241:INFO:Epoch 28: Train Loss: 9327.9998, Train Node Loss: 6058.9108, Train Reg Loss: 32.6909, Train MAPE: 7.0229, Train R: 0.7155, Train RRSE: 0.7192, Test Loss: 8486.9354, Test Node Loss: 5749.9290, Test Reg Loss: 27.3701, Test MAPE: 6.8199, Test R: 0.7606, Test RRSE: 0.6889
2025-02-10 15:12:40,618:INFO:Epoch 29: Train Loss: 9021.2788, Train Node Loss: 5805.1363, Train Reg Loss: 32.1614, Train MAPE: 7.0725, Train R: 0.7263, Train RRSE: 0.7133, Test Loss: 8343.4728, Test Node Loss: 5495.3052, Test Reg Loss: 28.4817, Test MAPE: 6.8561, Test R: 0.7619, Test RRSE: 0.7028
2025-02-10 15:13:06,430:INFO:Epoch 30: Train Loss: 8832.1522, Train Node Loss: 5749.1604, Train Reg Loss: 30.8299, Train MAPE: 7.2740, Train R: 0.7244, Train RRSE: 0.6984, Test Loss: 9278.6409, Test Node Loss: 5012.4587, Test Reg Loss: 42.6618, Test MAPE: 7.2286, Test R: 0.7610, Test RRSE: 0.8601
2025-02-10 15:13:32,103:INFO:Epoch 31: Train Loss: 8799.6847, Train Node Loss: 5412.0336, Train Reg Loss: 33.8765, Train MAPE: 7.2718, Train R: 0.6935, Train RRSE: 0.7321, Test Loss: 7938.6531, Test Node Loss: 5389.0132, Test Reg Loss: 25.4964, Test MAPE: 7.0040, Test R: 0.7624, Test RRSE: 0.6649
2025-02-10 15:13:57,408:INFO:Epoch 32: Train Loss: 8295.0701, Train Node Loss: 5230.5189, Train Reg Loss: 30.6455, Train MAPE: 7.1718, Train R: 0.7356, Train RRSE: 0.6963, Test Loss: 7667.4164, Test Node Loss: 5020.8083, Test Reg Loss: 26.4661, Test MAPE: 6.9025, Test R: 0.7628, Test RRSE: 0.6774
2025-02-10 15:14:22,675:INFO:Epoch 33: Train Loss: 8341.3368, Train Node Loss: 5150.9318, Train Reg Loss: 31.9041, Train MAPE: 7.1724, Train R: 0.7135, Train RRSE: 0.7105, Test Loss: 7480.2460, Test Node Loss: 4966.1350, Test Reg Loss: 25.1411, Test MAPE: 6.8605, Test R: 0.7629, Test RRSE: 0.6603
2025-02-10 15:14:48,188:INFO:Epoch 34: Train Loss: 8262.5285, Train Node Loss: 4872.9089, Train Reg Loss: 33.8962, Train MAPE: 7.1870, Train R: 0.7022, Train RRSE: 0.7323, Test Loss: 7371.2874, Test Node Loss: 4858.2193, Test Reg Loss: 25.1307, Test MAPE: 7.0496, Test R: 0.7648, Test RRSE: 0.6601
2025-02-10 15:15:13,454:INFO:Epoch 35: Train Loss: 8006.9352, Train Node Loss: 4710.8939, Train Reg Loss: 32.9604, Train MAPE: 7.1531, Train R: 0.7161, Train RRSE: 0.7221, Test Loss: 7495.2086, Test Node Loss: 4816.9441, Test Reg Loss: 26.7826, Test MAPE: 7.2309, Test R: 0.7653, Test RRSE: 0.6815
2025-02-10 15:15:38,516:INFO:Epoch 36: Train Loss: 8081.3665, Train Node Loss: 4704.8909, Train Reg Loss: 33.7648, Train MAPE: 7.4804, Train R: 0.6836, Train RRSE: 0.7309, Test Loss: 7631.1826, Test Node Loss: 4211.0926, Test Reg Loss: 34.2009, Test MAPE: 6.9826, Test R: 0.7647, Test RRSE: 0.7701
2025-02-10 15:16:03,286:INFO:Epoch 37: Train Loss: 7509.0523, Train Node Loss: 4530.6788, Train Reg Loss: 29.7837, Train MAPE: 7.2244, Train R: 0.7352, Train RRSE: 0.6865, Test Loss: 6841.7920, Test Node Loss: 4345.3574, Test Reg Loss: 24.9643, Test MAPE: 6.9509, Test R: 0.7659, Test RRSE: 0.6579
2025-02-10 15:16:28,429:INFO:Epoch 38: Train Loss: 7548.7680, Train Node Loss: 4314.2580, Train Reg Loss: 32.3451, Train MAPE: 7.1364, Train R: 0.7146, Train RRSE: 0.7154, Test Loss: 6726.1237, Test Node Loss: 4254.2736, Test Reg Loss: 24.7185, Test MAPE: 6.9437, Test R: 0.7670, Test RRSE: 0.6547
2025-02-10 15:16:52,826:INFO:Epoch 39: Train Loss: 7336.0619, Train Node Loss: 4233.4384, Train Reg Loss: 31.0262, Train MAPE: 7.1765, Train R: 0.7246, Train RRSE: 0.7006, Test Loss: 6650.0445, Test Node Loss: 3995.5445, Test Reg Loss: 26.5450, Test MAPE: 6.8840, Test R: 0.7675, Test RRSE: 0.6784
2025-02-10 15:17:17,603:INFO:Epoch 40: Train Loss: 7171.9942, Train Node Loss: 4099.2622, Train Reg Loss: 30.7273, Train MAPE: 7.1891, Train R: 0.7272, Train RRSE: 0.6973, Test Loss: 6464.0316, Test Node Loss: 3934.5777, Test Reg Loss: 25.2945, Test MAPE: 6.8570, Test R: 0.7671, Test RRSE: 0.6623
2025-02-10 15:17:42,228:INFO:Epoch 41: Train Loss: 7055.4850, Train Node Loss: 4010.3680, Train Reg Loss: 30.4512, Train MAPE: 7.2303, Train R: 0.7279, Train RRSE: 0.6941, Test Loss: 6850.0528, Test Node Loss: 3659.1810, Test Reg Loss: 31.9087, Test MAPE: 7.0359, Test R: 0.7673, Test RRSE: 0.7438
2025-02-10 15:18:06,867:INFO:Epoch 42: Train Loss: 6820.0504, Train Node Loss: 3895.9394, Train Reg Loss: 29.2411, Train MAPE: 7.3582, Train R: 0.7386, Train RRSE: 0.6802, Test Loss: 6236.0716, Test Node Loss: 3715.0251, Test Reg Loss: 25.2105, Test MAPE: 6.9482, Test R: 0.7696, Test RRSE: 0.6612
2025-02-10 15:18:31,566:INFO:Epoch 43: Train Loss: 6678.6528, Train Node Loss: 3699.4473, Train Reg Loss: 29.7921, Train MAPE: 7.2047, Train R: 0.7516, Train RRSE: 0.6866, Test Loss: 6101.1712, Test Node Loss: 3669.9707, Test Reg Loss: 24.3120, Test MAPE: 7.0230, Test R: 0.7700, Test RRSE: 0.6493
2025-02-10 15:18:56,564:INFO:Epoch 44: Train Loss: 6935.7501, Train Node Loss: 3709.8985, Train Reg Loss: 32.2585, Train MAPE: 7.4295, Train R: 0.7007, Train RRSE: 0.7144, Test Loss: 6345.0802, Test Node Loss: 3392.0167, Test Reg Loss: 29.5306, Test MAPE: 7.0034, Test R: 0.7688, Test RRSE: 0.7156
2025-02-10 15:19:21,422:INFO:Epoch 45: Train Loss: 6784.7016, Train Node Loss: 3608.2183, Train Reg Loss: 31.7648, Train MAPE: 7.4974, Train R: 0.7070, Train RRSE: 0.7089, Test Loss: 6225.4881, Test Node Loss: 3298.5759, Test Reg Loss: 29.2691, Test MAPE: 7.0597, Test R: 0.7687, Test RRSE: 0.7124
2025-02-10 15:19:46,020:INFO:Epoch 46: Train Loss: 6674.5661, Train Node Loss: 3506.5623, Train Reg Loss: 31.6800, Train MAPE: 7.5217, Train R: 0.7067, Train RRSE: 0.7080, Test Loss: 6498.5539, Test Node Loss: 3146.3658, Test Reg Loss: 33.5219, Test MAPE: 7.0742, Test R: 0.7696, Test RRSE: 0.7624
2025-02-10 15:20:10,675:INFO:Epoch 47: Train Loss: 6481.0010, Train Node Loss: 3350.4118, Train Reg Loss: 31.3059, Train MAPE: 7.3560, Train R: 0.7173, Train RRSE: 0.7038, Test Loss: 5765.8799, Test Node Loss: 3340.6404, Test Reg Loss: 24.2524, Test MAPE: 7.1134, Test R: 0.7716, Test RRSE: 0.6485
2025-02-10 15:20:35,198:INFO:Epoch 48: Train Loss: 6321.1903, Train Node Loss: 3271.5803, Train Reg Loss: 30.4961, Train MAPE: 7.2353, Train R: 0.7283, Train RRSE: 0.6946, Test Loss: 5720.5438, Test Node Loss: 3101.1856, Test Reg Loss: 26.1936, Test MAPE: 6.9819, Test R: 0.7729, Test RRSE: 0.6739
2025-02-10 15:20:59,966:INFO:Epoch 49: Train Loss: 6197.3865, Train Node Loss: 3205.5813, Train Reg Loss: 29.9181, Train MAPE: 7.2631, Train R: 0.7330, Train RRSE: 0.6880, Test Loss: 5654.3746, Test Node Loss: 3013.8543, Test Reg Loss: 26.4052, Test MAPE: 6.8769, Test R: 0.7726, Test RRSE: 0.6767
2025-02-10 15:21:24,502:INFO:Epoch 50: Train Loss: 5992.3061, Train Node Loss: 3141.3702, Train Reg Loss: 28.5094, Train MAPE: 7.3344, Train R: 0.7460, Train RRSE: 0.6716, Test Loss: 5548.9866, Test Node Loss: 2948.3560, Test Reg Loss: 26.0063, Test MAPE: 6.9599, Test R: 0.7721, Test RRSE: 0.6715
2025-02-10 15:21:49,120:INFO:Epoch 51: Train Loss: 5985.3089, Train Node Loss: 3017.5598, Train Reg Loss: 29.6775, Train MAPE: 7.3473, Train R: 0.7358, Train RRSE: 0.6852, Test Loss: 5877.3904, Test Node Loss: 3120.4600, Test Reg Loss: 27.5693, Test MAPE: 7.5271, Test R: 0.7719, Test RRSE: 0.6914
2025-02-10 15:22:13,783:INFO:Epoch 52: Train Loss: 6050.1346, Train Node Loss: 2963.3321, Train Reg Loss: 30.8680, Train MAPE: 7.3596, Train R: 0.7204, Train RRSE: 0.6989, Test Loss: 5333.8031, Test Node Loss: 2935.6864, Test Reg Loss: 23.9812, Test MAPE: 7.1231, Test R: 0.7718, Test RRSE: 0.6448
2025-02-10 15:22:38,855:INFO:Epoch 53: Train Loss: 5752.7732, Train Node Loss: 2896.5183, Train Reg Loss: 28.5625, Train MAPE: 7.3466, Train R: 0.7470, Train RRSE: 0.6722, Test Loss: 5242.5734, Test Node Loss: 2778.6392, Test Reg Loss: 24.6393, Test MAPE: 7.0454, Test R: 0.7730, Test RRSE: 0.6536
2025-02-10 15:23:03,590:INFO:Epoch 54: Train Loss: 5990.9693, Train Node Loss: 2827.0722, Train Reg Loss: 31.6390, Train MAPE: 7.4064, Train R: 0.7099, Train RRSE: 0.7075, Test Loss: 5523.5882, Test Node Loss: 2617.9291, Test Reg Loss: 29.0566, Test MAPE: 7.1294, Test R: 0.7734, Test RRSE: 0.7098
2025-02-10 15:23:28,520:INFO:Epoch 55: Train Loss: 5691.6966, Train Node Loss: 2811.2672, Train Reg Loss: 28.8043, Train MAPE: 7.4760, Train R: 0.7418, Train RRSE: 0.6751, Test Loss: 5483.1910, Test Node Loss: 2546.0584, Test Reg Loss: 29.3713, Test MAPE: 7.0751, Test R: 0.7740, Test RRSE: 0.7136
2025-02-10 15:23:53,159:INFO:Epoch 56: Train Loss: 5578.3202, Train Node Loss: 2672.4125, Train Reg Loss: 29.0591, Train MAPE: 7.3911, Train R: 0.7442, Train RRSE: 0.6781, Test Loss: 4987.6808, Test Node Loss: 2623.0955, Test Reg Loss: 23.6459, Test MAPE: 7.0907, Test R: 0.7745, Test RRSE: 0.6403
2025-02-10 15:24:17,468:INFO:Epoch 57: Train Loss: 5536.6792, Train Node Loss: 2644.4091, Train Reg Loss: 28.9227, Train MAPE: 7.3674, Train R: 0.7414, Train RRSE: 0.6765, Test Loss: 4959.7673, Test Node Loss: 2596.9801, Test Reg Loss: 23.6279, Test MAPE: 7.1423, Test R: 0.7743, Test RRSE: 0.6401
2025-02-10 15:24:41,930:INFO:Epoch 58: Train Loss: 5426.4308, Train Node Loss: 2600.5317, Train Reg Loss: 28.2590, Train MAPE: 7.4793, Train R: 0.7473, Train RRSE: 0.6687, Test Loss: 4892.5941, Test Node Loss: 2473.4896, Test Reg Loss: 24.1910, Test MAPE: 6.9473, Test R: 0.7742, Test RRSE: 0.6477
2025-02-10 15:25:06,132:INFO:Epoch 59: Train Loss: 5391.9199, Train Node Loss: 2539.1164, Train Reg Loss: 28.5280, Train MAPE: 7.3777, Train R: 0.7448, Train RRSE: 0.6718, Test Loss: 5215.6023, Test Node Loss: 2321.8194, Test Reg Loss: 28.9378, Test MAPE: 7.1338, Test R: 0.7769, Test RRSE: 0.7084
2025-02-10 15:25:31,119:INFO:Epoch 60: Train Loss: 5712.7255, Train Node Loss: 2437.1025, Train Reg Loss: 32.7562, Train MAPE: 7.4626, Train R: 0.6996, Train RRSE: 0.7199, Test Loss: 4742.2691, Test Node Loss: 2375.0485, Test Reg Loss: 23.6722, Test MAPE: 7.0258, Test R: 0.7778, Test RRSE: 0.6407
2025-02-10 15:25:55,921:INFO:Epoch 61: Train Loss: 5473.2749, Train Node Loss: 2405.1473, Train Reg Loss: 30.6813, Train MAPE: 7.3877, Train R: 0.7206, Train RRSE: 0.6967, Test Loss: 4679.0216, Test Node Loss: 2319.8331, Test Reg Loss: 23.5919, Test MAPE: 7.0941, Test R: 0.7778, Test RRSE: 0.6396
2025-02-10 15:26:20,386:INFO:Epoch 62: Train Loss: 5275.2756, Train Node Loss: 2371.1703, Train Reg Loss: 29.0411, Train MAPE: 7.4755, Train R: 0.7391, Train RRSE: 0.6779, Test Loss: 4796.6790, Test Node Loss: 2196.2333, Test Reg Loss: 26.0045, Test MAPE: 6.9577, Test R: 0.7785, Test RRSE: 0.6715
2025-02-10 15:26:44,537:INFO:Epoch 63: Train Loss: 5419.3062, Train Node Loss: 2254.4064, Train Reg Loss: 31.6490, Train MAPE: 7.3724, Train R: 0.7177, Train RRSE: 0.7076, Test Loss: 6703.8702, Test Node Loss: 2501.8569, Test Reg Loss: 42.0201, Test MAPE: 8.5993, Test R: 0.7772, Test RRSE: 0.8536
2025-02-10 15:27:08,862:INFO:Epoch 64: Train Loss: 5550.1744, Train Node Loss: 2201.7670, Train Reg Loss: 33.4841, Train MAPE: 7.6163, Train R: 0.6993, Train RRSE: 0.7279, Test Loss: 6912.7524, Test Node Loss: 2467.4488, Test Reg Loss: 44.4530, Test MAPE: 8.6767, Test R: 0.7790, Test RRSE: 0.8780
2025-02-10 15:27:33,454:INFO:Epoch 65: Train Loss: 5801.1900, Train Node Loss: 2224.5382, Train Reg Loss: 35.7665, Train MAPE: 7.7499, Train R: 0.6669, Train RRSE: 0.7523, Test Loss: 4579.1825, Test Node Loss: 2077.6201, Test Reg Loss: 25.0156, Test MAPE: 7.0368, Test R: 0.7783, Test RRSE: 0.6586
2025-02-10 15:27:58,088:INFO:Epoch 66: Train Loss: 5149.6835, Train Node Loss: 2205.5563, Train Reg Loss: 29.4413, Train MAPE: 7.6192, Train R: 0.7360, Train RRSE: 0.6825, Test Loss: 6564.6053, Test Node Loss: 1847.2351, Test Reg Loss: 47.1737, Test MAPE: 7.7195, Test R: 0.7789, Test RRSE: 0.9044
2025-02-10 15:28:21,972:INFO:Epoch 67: Train Loss: 5211.5613, Train Node Loss: 2097.7707, Train Reg Loss: 31.1379, Train MAPE: 7.3565, Train R: 0.7140, Train RRSE: 0.7019, Test Loss: 4501.2914, Test Node Loss: 2108.3570, Test Reg Loss: 23.9293, Test MAPE: 7.2419, Test R: 0.7788, Test RRSE: 0.6442
2025-02-10 15:28:46,162:INFO:Epoch 68: Train Loss: 5021.6482, Train Node Loss: 2017.2798, Train Reg Loss: 30.0437, Train MAPE: 7.4231, Train R: 0.7376, Train RRSE: 0.6895, Test Loss: 5705.4152, Test Node Loss: 2208.1196, Test Reg Loss: 34.9730, Test MAPE: 8.1595, Test R: 0.7792, Test RRSE: 0.7787
2025-02-10 15:29:10,480:INFO:Epoch 69: Train Loss: 5259.6628, Train Node Loss: 2007.2240, Train Reg Loss: 32.5244, Train MAPE: 7.4910, Train R: 0.6994, Train RRSE: 0.7174, Test Loss: 4569.3039, Test Node Loss: 2056.4244, Test Reg Loss: 25.1288, Test MAPE: 7.3780, Test R: 0.7773, Test RRSE: 0.6601
2025-02-10 15:29:34,656:INFO:Epoch 70: Train Loss: 5136.3375, Train Node Loss: 2004.6270, Train Reg Loss: 31.3171, Train MAPE: 7.6284, Train R: 0.7109, Train RRSE: 0.7039, Test Loss: 4878.0642, Test Node Loss: 1802.2183, Test Reg Loss: 30.7585, Test MAPE: 7.2247, Test R: 0.7779, Test RRSE: 0.7303
2025-02-10 15:29:58,939:INFO:Epoch 71: Train Loss: 5463.0175, Train Node Loss: 1951.7758, Train Reg Loss: 35.1124, Train MAPE: 7.6555, Train R: 0.6685, Train RRSE: 0.7454, Test Loss: 4635.0199, Test Node Loss: 1780.0435, Test Reg Loss: 28.5498, Test MAPE: 7.1131, Test R: 0.7797, Test RRSE: 0.7036
2025-02-10 15:30:23,415:INFO:Epoch 72: Train Loss: 5072.1042, Train Node Loss: 1914.5822, Train Reg Loss: 31.5752, Train MAPE: 7.4475, Train R: 0.7090, Train RRSE: 0.7068, Test Loss: 4296.1775, Test Node Loss: 1783.8537, Test Reg Loss: 25.1232, Test MAPE: 6.9899, Test R: 0.7792, Test RRSE: 0.6600
2025-02-10 15:30:47,613:INFO:Epoch 73: Train Loss: 4636.2011, Train Node Loss: 1850.0443, Train Reg Loss: 27.8616, Train MAPE: 7.3604, Train R: 0.7536, Train RRSE: 0.6639, Test Loss: 4542.0936, Test Node Loss: 1905.2264, Test Reg Loss: 26.3687, Test MAPE: 7.5257, Test R: 0.7793, Test RRSE: 0.6762
2025-02-10 15:31:11,524:INFO:Epoch 74: Train Loss: 4929.0459, Train Node Loss: 1817.5010, Train Reg Loss: 31.1154, Train MAPE: 7.4808, Train R: 0.7158, Train RRSE: 0.7016, Test Loss: 4459.7483, Test Node Loss: 1873.2211, Test Reg Loss: 25.8653, Test MAPE: 7.4977, Test R: 0.7785, Test RRSE: 0.6697
2025-02-10 15:31:35,660:INFO:Epoch 75: Train Loss: 4587.0809, Train Node Loss: 1794.4607, Train Reg Loss: 27.9262, Train MAPE: 7.3950, Train R: 0.7492, Train RRSE: 0.6647, Test Loss: 4327.8692, Test Node Loss: 1666.2895, Test Reg Loss: 26.6158, Test MAPE: 6.9863, Test R: 0.7821, Test RRSE: 0.6793
2025-02-10 15:31:35,701:INFO:Checkpoint saved at best_0.001_0.001_256_SAGE_3_32_0.7821_epoch_75.pth
2025-02-10 15:32:00,486:INFO:Epoch 76: Train Loss: 4574.4197, Train Node Loss: 1770.1125, Train Reg Loss: 28.0431, Train MAPE: 7.3272, Train R: 0.7522, Train RRSE: 0.6661, Test Loss: 4016.5878, Test Node Loss: 1711.6841, Test Reg Loss: 23.0490, Test MAPE: 7.0990, Test R: 0.7817, Test RRSE: 0.6322
2025-02-10 15:32:25,288:INFO:Epoch 77: Train Loss: 4516.0165, Train Node Loss: 1717.6313, Train Reg Loss: 27.9839, Train MAPE: 7.4136, Train R: 0.7528, Train RRSE: 0.6654, Test Loss: 3996.9190, Test Node Loss: 1667.3297, Test Reg Loss: 23.2959, Test MAPE: 7.0869, Test R: 0.7822, Test RRSE: 0.6356
2025-02-10 15:32:25,315:INFO:Checkpoint saved at best_0.001_0.001_256_SAGE_3_32_0.7822_epoch_77.pth
2025-02-10 15:32:50,142:INFO:Epoch 78: Train Loss: 4879.7425, Train Node Loss: 1701.4710, Train Reg Loss: 31.7827, Train MAPE: 7.6139, Train R: 0.7056, Train RRSE: 0.7091, Test Loss: 4173.9464, Test Node Loss: 1579.1119, Test Reg Loss: 25.9483, Test MAPE: 7.0143, Test R: 0.7806, Test RRSE: 0.6708
2025-02-10 15:33:14,926:INFO:Epoch 79: Train Loss: 4718.0090, Train Node Loss: 1704.4139, Train Reg Loss: 30.1360, Train MAPE: 7.6751, Train R: 0.7270, Train RRSE: 0.6905, Test Loss: 4799.8136, Test Node Loss: 1478.7360, Test Reg Loss: 33.2108, Test MAPE: 7.3231, Test R: 0.7815, Test RRSE: 0.7589
2025-02-10 15:33:39,394:INFO:Epoch 80: Train Loss: 5053.3558, Train Node Loss: 1633.9504, Train Reg Loss: 34.1941, Train MAPE: 7.7537, Train R: 0.6804, Train RRSE: 0.7355, Test Loss: 3945.9530, Test Node Loss: 1546.9198, Test Reg Loss: 23.9903, Test MAPE: 7.0810, Test R: 0.7770, Test RRSE: 0.6450
2025-02-10 15:34:04,029:INFO:Epoch 81: Train Loss: 4689.5106, Train Node Loss: 1598.3362, Train Reg Loss: 30.9117, Train MAPE: 7.6229, Train R: 0.7157, Train RRSE: 0.6993, Test Loss: 4076.8173, Test Node Loss: 1486.6274, Test Reg Loss: 25.9019, Test MAPE: 7.0721, Test R: 0.7819, Test RRSE: 0.6702
2025-02-10 15:34:28,847:INFO:Epoch 82: Train Loss: 4401.1156, Train Node Loss: 1552.7328, Train Reg Loss: 28.4838, Train MAPE: 7.4061, Train R: 0.7460, Train RRSE: 0.6713, Test Loss: 4426.7136, Test Node Loss: 1636.6727, Test Reg Loss: 27.9004, Test MAPE: 7.6579, Test R: 0.7848, Test RRSE: 0.6956
2025-02-10 15:34:28,881:INFO:Checkpoint saved at best_0.001_0.001_256_SAGE_3_32_0.7848_epoch_82.pth
2025-02-10 15:34:53,414:INFO:Epoch 83: Train Loss: 4230.9300, Train Node Loss: 1528.0369, Train Reg Loss: 27.0289, Train MAPE: 7.4297, Train R: 0.7639, Train RRSE: 0.6540, Test Loss: 3918.8271, Test Node Loss: 1553.6129, Test Reg Loss: 23.6521, Test MAPE: 7.4285, Test R: 0.7816, Test RRSE: 0.6404
2025-02-10 15:35:18,136:INFO:Epoch 84: Train Loss: 4217.7922, Train Node Loss: 1522.0252, Train Reg Loss: 26.9577, Train MAPE: 7.5670, Train R: 0.7596, Train RRSE: 0.6531, Test Loss: 3730.5349, Test Node Loss: 1474.2019, Test Reg Loss: 22.5633, Test MAPE: 7.1390, Test R: 0.7865, Test RRSE: 0.6255
2025-02-10 15:35:18,168:INFO:Checkpoint saved at best_0.001_0.001_256_SAGE_3_32_0.7865_epoch_84.pth
2025-02-10 15:35:42,870:INFO:Epoch 85: Train Loss: 4275.4448, Train Node Loss: 1510.7296, Train Reg Loss: 27.6472, Train MAPE: 7.5333, Train R: 0.7556, Train RRSE: 0.6614, Test Loss: 4194.0578, Test Node Loss: 1367.2676, Test Reg Loss: 28.2679, Test MAPE: 7.1465, Test R: 0.7858, Test RRSE: 0.7001
2025-02-10 15:36:07,585:INFO:Epoch 86: Train Loss: 4556.5477, Train Node Loss: 1453.0878, Train Reg Loss: 31.0346, Train MAPE: 7.6337, Train R: 0.7160, Train RRSE: 0.7007, Test Loss: 3920.9581, Test Node Loss: 1374.6641, Test Reg Loss: 25.4629, Test MAPE: 7.1880, Test R: 0.7851, Test RRSE: 0.6645
2025-02-10 15:36:32,342:INFO:Epoch 87: Train Loss: 4123.0551, Train Node Loss: 1424.8735, Train Reg Loss: 26.9818, Train MAPE: 7.2755, Train R: 0.7653, Train RRSE: 0.6534, Test Loss: 3706.5099, Test Node Loss: 1439.0569, Test Reg Loss: 22.6745, Test MAPE: 7.2607, Test R: 0.7861, Test RRSE: 0.6270
2025-02-10 15:36:57,398:INFO:Epoch 88: Train Loss: 4155.0423, Train Node Loss: 1417.7775, Train Reg Loss: 27.3726, Train MAPE: 7.5853, Train R: 0.7542, Train RRSE: 0.6581, Test Loss: 3711.6359, Test Node Loss: 1349.2580, Test Reg Loss: 23.6238, Test MAPE: 7.2354, Test R: 0.7824, Test RRSE: 0.6400
2025-02-10 15:37:22,493:INFO:Epoch 89: Train Loss: 4297.9980, Train Node Loss: 1395.5766, Train Reg Loss: 29.0242, Train MAPE: 7.5887, Train R: 0.7361, Train RRSE: 0.6777, Test Loss: 3761.4467, Test Node Loss: 1303.1462, Test Reg Loss: 24.5830, Test MAPE: 7.2426, Test R: 0.7831, Test RRSE: 0.6529
2025-02-10 15:37:47,553:INFO:Epoch 90: Train Loss: 4276.4684, Train Node Loss: 1353.6438, Train Reg Loss: 29.2282, Train MAPE: 7.4524, Train R: 0.7358, Train RRSE: 0.6800, Test Loss: 3598.7269, Test Node Loss: 1343.8294, Test Reg Loss: 22.5490, Test MAPE: 7.1876, Test R: 0.7887, Test RRSE: 0.6253
2025-02-10 15:37:47,600:INFO:Checkpoint saved at best_0.001_0.001_256_SAGE_3_32_0.7887_epoch_90.pth
2025-02-10 15:38:12,443:INFO:Epoch 91: Train Loss: 4119.9366, Train Node Loss: 1345.4652, Train Reg Loss: 27.7447, Train MAPE: 7.4620, Train R: 0.7520, Train RRSE: 0.6626, Test Loss: 3684.0838, Test Node Loss: 1357.3586, Test Reg Loss: 23.2673, Test MAPE: 7.3387, Test R: 0.7853, Test RRSE: 0.6352
2025-02-10 15:38:37,089:INFO:Epoch 92: Train Loss: 4031.0686, Train Node Loss: 1322.1362, Train Reg Loss: 27.0893, Train MAPE: 7.4709, Train R: 0.7571, Train RRSE: 0.6547, Test Loss: 3933.7781, Test Node Loss: 1212.5964, Test Reg Loss: 27.2118, Test MAPE: 7.1397, Test R: 0.7860, Test RRSE: 0.6869
2025-02-10 15:39:01,644:INFO:Epoch 93: Train Loss: 4031.8224, Train Node Loss: 1288.4935, Train Reg Loss: 27.4333, Train MAPE: 7.5224, Train R: 0.7557, Train RRSE: 0.6588, Test Loss: 3676.5253, Test Node Loss: 1222.8290, Test Reg Loss: 24.5370, Test MAPE: 7.0540, Test R: 0.7855, Test RRSE: 0.6523
2025-02-10 15:39:26,313:INFO:Epoch 94: Train Loss: 4088.5652, Train Node Loss: 1281.6644, Train Reg Loss: 28.0690, Train MAPE: 7.5206, Train R: 0.7477, Train RRSE: 0.6664, Test Loss: 3554.3283, Test Node Loss: 1210.4361, Test Reg Loss: 23.4389, Test MAPE: 7.1737, Test R: 0.7832, Test RRSE: 0.6375
2025-02-10 15:39:51,385:INFO:Epoch 95: Train Loss: 3895.6469, Train Node Loss: 1228.9142, Train Reg Loss: 26.6673, Train MAPE: 7.5691, Train R: 0.7641, Train RRSE: 0.6496, Test Loss: 4502.9162, Test Node Loss: 1329.7704, Test Reg Loss: 31.7315, Test MAPE: 8.0402, Test R: 0.7849, Test RRSE: 0.7418
2025-02-10 15:40:16,416:INFO:Epoch 96: Train Loss: 4330.2003, Train Node Loss: 1214.6957, Train Reg Loss: 31.1550, Train MAPE: 7.6363, Train R: 0.7129, Train RRSE: 0.7021, Test Loss: 4439.6847, Test Node Loss: 1299.0297, Test Reg Loss: 31.4065, Test MAPE: 7.9597, Test R: 0.7875, Test RRSE: 0.7380
2025-02-10 15:40:41,382:INFO:Epoch 97: Train Loss: 4181.0360, Train Node Loss: 1202.4969, Train Reg Loss: 29.7854, Train MAPE: 7.4994, Train R: 0.7280, Train RRSE: 0.6865, Test Loss: 3947.0341, Test Node Loss: 1238.7305, Test Reg Loss: 27.0830, Test MAPE: 7.7093, Test R: 0.7894, Test RRSE: 0.6853
2025-02-10 15:40:41,430:INFO:Checkpoint saved at best_0.001_0.001_256_SAGE_3_32_0.7894_epoch_97.pth
2025-02-10 15:41:05,966:INFO:Epoch 98: Train Loss: 3895.9430, Train Node Loss: 1160.2924, Train Reg Loss: 27.3565, Train MAPE: 7.5968, Train R: 0.7577, Train RRSE: 0.6579, Test Loss: 4443.6710, Test Node Loss: 1264.1610, Test Reg Loss: 31.7951, Test MAPE: 8.1121, Test R: 0.7850, Test RRSE: 0.7425
2025-02-10 15:41:30,880:INFO:Epoch 99: Train Loss: 3783.5962, Train Node Loss: 1170.6952, Train Reg Loss: 26.1290, Train MAPE: 7.5502, Train R: 0.7686, Train RRSE: 0.6430, Test Loss: 3771.0765, Test Node Loss: 1058.8286, Test Reg Loss: 27.1225, Test MAPE: 7.1069, Test R: 0.7896, Test RRSE: 0.6858
2025-02-10 15:41:30,916:INFO:Checkpoint saved at best_0.001_0.001_256_SAGE_3_32_0.7896_epoch_99.pth
2025-02-10 15:41:55,973:INFO:Epoch 100: Train Loss: 4369.4284, Train Node Loss: 1142.6703, Train Reg Loss: 32.2676, Train MAPE: 7.6237, Train R: 0.6999, Train RRSE: 0.7145, Test Loss: 4322.4193, Test Node Loss: 1008.7848, Test Reg Loss: 33.1363, Test MAPE: 7.4296, Test R: 0.7845, Test RRSE: 0.7580
2025-02-10 15:42:20,695:INFO:Epoch 101: Train Loss: 4129.1237, Train Node Loss: 1115.2194, Train Reg Loss: 30.1390, Train MAPE: 7.6413, Train R: 0.7234, Train RRSE: 0.6906, Test Loss: 3386.1735, Test Node Loss: 1053.6870, Test Reg Loss: 23.3249, Test MAPE: 7.1065, Test R: 0.7890, Test RRSE: 0.6360
2025-02-10 15:42:45,476:INFO:Epoch 102: Train Loss: 4403.4249, Train Node Loss: 1091.7793, Train Reg Loss: 33.1165, Train MAPE: 7.6645, Train R: 0.6914, Train RRSE: 0.7239, Test Loss: 3312.1168, Test Node Loss: 1060.6771, Test Reg Loss: 22.5144, Test MAPE: 7.2507, Test R: 0.7830, Test RRSE: 0.6248
2025-02-10 15:43:10,118:INFO:Epoch 103: Train Loss: 4308.7075, Train Node Loss: 1074.2935, Train Reg Loss: 32.3441, Train MAPE: 7.7319, Train R: 0.7009, Train RRSE: 0.7154, Test Loss: 3455.4668, Test Node Loss: 1088.4362, Test Reg Loss: 23.6703, Test MAPE: 7.3626, Test R: 0.7922, Test RRSE: 0.6407
2025-02-10 15:43:10,146:INFO:Checkpoint saved at best_0.001_0.001_256_SAGE_3_32_0.7922_epoch_103.pth
2025-02-10 15:43:34,701:INFO:Epoch 104: Train Loss: 4289.0571, Train Node Loss: 1033.4372, Train Reg Loss: 32.5562, Train MAPE: 7.6464, Train R: 0.7058, Train RRSE: 0.7177, Test Loss: 3889.5322, Test Node Loss: 1104.6363, Test Reg Loss: 27.8490, Test MAPE: 7.8128, Test R: 0.7763, Test RRSE: 0.6949
2025-02-10 15:43:59,462:INFO:Epoch 105: Train Loss: 4198.5180, Train Node Loss: 1033.4249, Train Reg Loss: 31.6509, Train MAPE: 7.7432, Train R: 0.7089, Train RRSE: 0.7077, Test Loss: 4327.6957, Test Node Loss: 1120.2746, Test Reg Loss: 32.0742, Test MAPE: 8.1257, Test R: 0.7876, Test RRSE: 0.7458
2025-02-10 15:44:24,162:INFO:Epoch 106: Train Loss: 3734.8398, Train Node Loss: 1016.6952, Train Reg Loss: 27.1814, Train MAPE: 7.4719, Train R: 0.7581, Train RRSE: 0.6558, Test Loss: 3478.1295, Test Node Loss: 1049.3137, Test Reg Loss: 24.2882, Test MAPE: 7.5013, Test R: 0.7899, Test RRSE: 0.6490
2025-02-10 15:44:48,803:INFO:Epoch 107: Train Loss: 3831.9752, Train Node Loss: 1010.0874, Train Reg Loss: 28.2189, Train MAPE: 7.5571, Train R: 0.7451, Train RRSE: 0.6682, Test Loss: 3596.5268, Test Node Loss: 1058.8353, Test Reg Loss: 25.3769, Test MAPE: 7.6357, Test R: 0.7865, Test RRSE: 0.6633
2025-02-10 15:45:13,674:INFO:Epoch 108: Train Loss: 3874.6734, Train Node Loss: 987.5370, Train Reg Loss: 28.8714, Train MAPE: 7.5115, Train R: 0.7401, Train RRSE: 0.6759, Test Loss: 3441.1126, Test Node Loss: 1033.1054, Test Reg Loss: 24.0801, Test MAPE: 7.5090, Test R: 0.7894, Test RRSE: 0.6462
2025-02-10 15:45:38,733:INFO:Epoch 109: Train Loss: 3855.5794, Train Node Loss: 1001.0340, Train Reg Loss: 28.5455, Train MAPE: 7.7077, Train R: 0.7431, Train RRSE: 0.6720, Test Loss: 5600.6845, Test Node Loss: 829.8783, Test Reg Loss: 47.7081, Test MAPE: 8.0582, Test R: 0.7851, Test RRSE: 0.9095
2025-02-10 15:46:03,588:INFO:Epoch 110: Train Loss: 4552.8441, Train Node Loss: 951.6151, Train Reg Loss: 36.0123, Train MAPE: 7.6947, Train R: 0.6616, Train RRSE: 0.7548, Test Loss: 3286.5260, Test Node Loss: 976.5174, Test Reg Loss: 23.1001, Test MAPE: 7.3210, Test R: 0.7895, Test RRSE: 0.6329
2025-02-10 15:46:27,633:INFO:Epoch 111: Train Loss: 4205.7395, Train Node Loss: 977.1458, Train Reg Loss: 32.2859, Train MAPE: 7.8562, Train R: 0.7083, Train RRSE: 0.7147, Test Loss: 4513.2775, Test Node Loss: 832.3176, Test Reg Loss: 36.8096, Test MAPE: 7.6048, Test R: 0.7844, Test RRSE: 0.7989
2025-02-10 15:46:51,650:INFO:Epoch 112: Train Loss: 4037.5788, Train Node Loss: 948.7078, Train Reg Loss: 30.8887, Train MAPE: 7.8925, Train R: 0.7184, Train RRSE: 0.6991, Test Loss: 3723.6849, Test Node Loss: 828.6408, Test Reg Loss: 28.9504, Test MAPE: 7.2159, Test R: 0.7904, Test RRSE: 0.7085
2025-02-10 15:47:15,957:INFO:Epoch 113: Train Loss: 4131.5487, Train Node Loss: 921.7565, Train Reg Loss: 32.0979, Train MAPE: 7.6902, Train R: 0.7021, Train RRSE: 0.7126, Test Loss: 4806.1958, Test Node Loss: 782.7619, Test Reg Loss: 40.2343, Test MAPE: 7.5935, Test R: 0.7892, Test RRSE: 0.8353
2025-02-10 15:47:40,707:INFO:Epoch 114: Train Loss: 3858.1439, Train Node Loss: 898.4123, Train Reg Loss: 29.5973, Train MAPE: 7.7796, Train R: 0.7305, Train RRSE: 0.6843, Test Loss: 3234.3339, Test Node Loss: 854.7643, Test Reg Loss: 23.7957, Test MAPE: 7.2373, Test R: 0.7858, Test RRSE: 0.6424
2025-02-10 15:48:05,265:INFO:Epoch 115: Train Loss: 3686.1135, Train Node Loss: 868.8918, Train Reg Loss: 28.1722, Train MAPE: 7.6158, Train R: 0.7487, Train RRSE: 0.6676, Test Loss: 3124.9253, Test Node Loss: 884.8394, Test Reg Loss: 22.4009, Test MAPE: 7.3846, Test R: 0.7884, Test RRSE: 0.6232
2025-02-10 15:48:30,088:INFO:Epoch 116: Train Loss: 3762.9362, Train Node Loss: 863.2037, Train Reg Loss: 28.9973, Train MAPE: 7.5640, Train R: 0.7369, Train RRSE: 0.6773, Test Loss: 3348.2018, Test Node Loss: 893.9923, Test Reg Loss: 24.5421, Test MAPE: 7.4641, Test R: 0.7924, Test RRSE: 0.6523
2025-02-10 15:48:30,116:INFO:Checkpoint saved at best_0.001_0.001_256_SAGE_3_32_0.7924_epoch_116.pth
2025-02-10 15:48:55,434:INFO:Epoch 117: Train Loss: 3459.9127, Train Node Loss: 855.5477, Train Reg Loss: 26.0436, Train MAPE: 7.5623, Train R: 0.7696, Train RRSE: 0.6419, Test Loss: 5057.7355, Test Node Loss: 740.6069, Test Reg Loss: 43.1713, Test MAPE: 7.7310, Test R: 0.7843, Test RRSE: 0.8652
2025-02-10 15:49:20,553:INFO:Epoch 118: Train Loss: 3376.3872, Train Node Loss: 836.1403, Train Reg Loss: 25.4025, Train MAPE: 7.5963, Train R: 0.7759, Train RRSE: 0.6340, Test Loss: 3149.4375, Test Node Loss: 815.0403, Test Reg Loss: 23.3440, Test MAPE: 7.2899, Test R: 0.7851, Test RRSE: 0.6362
2025-02-10 15:49:46,060:INFO:Epoch 119: Train Loss: 3219.8747, Train Node Loss: 843.0794, Train Reg Loss: 23.7680, Train MAPE: 7.5562, Train R: 0.7953, Train RRSE: 0.6132, Test Loss: 3831.2562, Test Node Loss: 744.5725, Test Reg Loss: 30.8668, Test MAPE: 7.2863, Test R: 0.7906, Test RRSE: 0.7316
2025-02-10 15:50:11,838:INFO:Epoch 120: Train Loss: 3531.5940, Train Node Loss: 814.5434, Train Reg Loss: 27.1705, Train MAPE: 7.5387, Train R: 0.7571, Train RRSE: 0.6557, Test Loss: 3079.6300, Test Node Loss: 811.9981, Test Reg Loss: 22.6763, Test MAPE: 7.5280, Test R: 0.7800, Test RRSE: 0.6271
2025-02-10 15:50:37,590:INFO:Epoch 121: Train Loss: 3428.6028, Train Node Loss: 801.5116, Train Reg Loss: 26.2709, Train MAPE: 7.7413, Train R: 0.7662, Train RRSE: 0.6447, Test Loss: 3282.4753, Test Node Loss: 837.5147, Test Reg Loss: 24.4496, Test MAPE: 7.4953, Test R: 0.7894, Test RRSE: 0.6511
2025-02-10 15:51:03,005:INFO:Epoch 122: Train Loss: 3321.5626, Train Node Loss: 780.4993, Train Reg Loss: 25.4106, Train MAPE: 7.4730, Train R: 0.7781, Train RRSE: 0.6341, Test Loss: 2977.0434, Test Node Loss: 777.8188, Test Reg Loss: 21.9922, Test MAPE: 7.1809, Test R: 0.7906, Test RRSE: 0.6175
2025-02-10 15:51:29,213:INFO:Epoch 123: Train Loss: 3399.3041, Train Node Loss: 771.5799, Train Reg Loss: 26.2772, Train MAPE: 7.5846, Train R: 0.7664, Train RRSE: 0.6448, Test Loss: 3072.8096, Test Node Loss: 748.1088, Test Reg Loss: 23.2470, Test MAPE: 7.1847, Test R: 0.7823, Test RRSE: 0.6349
2025-02-10 15:51:54,402:INFO:Epoch 124: Train Loss: 3411.7561, Train Node Loss: 779.6500, Train Reg Loss: 26.3211, Train MAPE: 7.6349, Train R: 0.7689, Train RRSE: 0.6453, Test Loss: 3609.5593, Test Node Loss: 702.6941, Test Reg Loss: 29.0687, Test MAPE: 7.2669, Test R: 0.7869, Test RRSE: 0.7100
2025-02-10 15:52:19,943:INFO:Epoch 125: Train Loss: 3364.3975, Train Node Loss: 756.2662, Train Reg Loss: 26.0813, Train MAPE: 7.5871, Train R: 0.7688, Train RRSE: 0.6424, Test Loss: 3717.4825, Test Node Loss: 688.5980, Test Reg Loss: 30.2888, Test MAPE: 7.3624, Test R: 0.7920, Test RRSE: 0.7247
2025-02-10 15:52:45,683:INFO:Epoch 126: Train Loss: 3425.9708, Train Node Loss: 742.5527, Train Reg Loss: 26.8342, Train MAPE: 7.4943, Train R: 0.7604, Train RRSE: 0.6516, Test Loss: 3148.9980, Test Node Loss: 789.4850, Test Reg Loss: 23.5951, Test MAPE: 7.5490, Test R: 0.7895, Test RRSE: 0.6396
2025-02-10 15:53:11,467:INFO:Epoch 127: Train Loss: 3301.8047, Train Node Loss: 737.7200, Train Reg Loss: 25.6408, Train MAPE: 7.6797, Train R: 0.7714, Train RRSE: 0.6369, Test Loss: 3021.5748, Test Node Loss: 720.6441, Test Reg Loss: 23.0093, Test MAPE: 7.4125, Test R: 0.7820, Test RRSE: 0.6316
2025-02-10 15:53:36,997:INFO:Epoch 128: Train Loss: 3245.5662, Train Node Loss: 728.0116, Train Reg Loss: 25.1755, Train MAPE: 7.6450, Train R: 0.7770, Train RRSE: 0.6311, Test Loss: 2927.2908, Test Node Loss: 722.7172, Test Reg Loss: 22.0457, Test MAPE: 7.2626, Test R: 0.7944, Test RRSE: 0.6183
2025-02-10 15:53:37,028:INFO:Checkpoint saved at best_0.001_0.001_256_SAGE_3_32_0.7944_epoch_128.pth
2025-02-10 15:54:02,214:INFO:Epoch 129: Train Loss: 3072.7739, Train Node Loss: 723.5099, Train Reg Loss: 23.4926, Train MAPE: 7.6921, Train R: 0.7954, Train RRSE: 0.6097, Test Loss: 4164.0242, Test Node Loss: 640.0234, Test Reg Loss: 35.2400, Test MAPE: 7.7688, Test R: 0.7831, Test RRSE: 0.7817
2025-02-10 15:54:26,875:INFO:Epoch 130: Train Loss: 3323.0417, Train Node Loss: 698.6489, Train Reg Loss: 26.2439, Train MAPE: 7.5030, Train R: 0.7665, Train RRSE: 0.6444, Test Loss: 3118.4078, Test Node Loss: 725.9806, Test Reg Loss: 23.9243, Test MAPE: 7.7180, Test R: 0.7908, Test RRSE: 0.6441
2025-02-10 15:54:52,061:INFO:Epoch 131: Train Loss: 3351.3110, Train Node Loss: 688.9475, Train Reg Loss: 26.6236, Train MAPE: 7.5251, Train R: 0.7635, Train RRSE: 0.6490, Test Loss: 3241.4532, Test Node Loss: 707.1611, Test Reg Loss: 25.3429, Test MAPE: 7.7298, Test R: 0.7919, Test RRSE: 0.6629
2025-02-10 15:55:16,994:INFO:Epoch 132: Train Loss: 3430.7719, Train Node Loss: 679.9925, Train Reg Loss: 27.5078, Train MAPE: 7.6976, Train R: 0.7519, Train RRSE: 0.6597, Test Loss: 2896.2108, Test Node Loss: 676.7135, Test Reg Loss: 22.1950, Test MAPE: 7.5234, Test R: 0.7848, Test RRSE: 0.6204
2025-02-10 15:55:41,387:INFO:Epoch 133: Train Loss: 3014.5769, Train Node Loss: 658.4025, Train Reg Loss: 23.5617, Train MAPE: 7.6604, Train R: 0.7953, Train RRSE: 0.6106, Test Loss: 4936.4237, Test Node Loss: 753.8107, Test Reg Loss: 41.8261, Test MAPE: 8.7703, Test R: 0.7927, Test RRSE: 0.8516
2025-02-10 15:56:06,490:INFO:Epoch 134: Train Loss: 3382.6001, Train Node Loss: 650.0671, Train Reg Loss: 27.3253, Train MAPE: 7.6475, Train R: 0.7554, Train RRSE: 0.6575, Test Loss: 3270.9623, Test Node Loss: 714.3363, Test Reg Loss: 25.5663, Test MAPE: 7.7980, Test R: 0.7874, Test RRSE: 0.6658
2025-02-10 15:56:31,022:INFO:Epoch 135: Train Loss: 3782.9055, Train Node Loss: 659.4355, Train Reg Loss: 31.2347, Train MAPE: 8.0446, Train R: 0.7163, Train RRSE: 0.7030, Test Loss: 2904.5921, Test Node Loss: 656.9794, Test Reg Loss: 22.4761, Test MAPE: 7.5554, Test R: 0.7829, Test RRSE: 0.6243
2025-02-10 15:56:55,672:INFO:Epoch 136: Train Loss: 3155.2774, Train Node Loss: 640.3147, Train Reg Loss: 25.1496, Train MAPE: 7.5924, Train R: 0.7771, Train RRSE: 0.6308, Test Loss: 2818.9496, Test Node Loss: 641.8509, Test Reg Loss: 21.7710, Test MAPE: 7.3857, Test R: 0.7930, Test RRSE: 0.6144
2025-02-10 15:57:20,138:INFO:Epoch 137: Train Loss: 3603.6976, Train Node Loss: 621.3566, Train Reg Loss: 29.8234, Train MAPE: 7.8102, Train R: 0.7293, Train RRSE: 0.6869, Test Loss: 6808.1655, Test Node Loss: 734.1724, Test Reg Loss: 60.7399, Test MAPE: 9.7138, Test R: 0.7957, Test RRSE: 1.0263
2025-02-10 15:57:20,183:INFO:Checkpoint saved at best_0.001_0.001_256_SAGE_3_32_0.7957_epoch_137.pth
2025-02-10 15:57:44,883:INFO:Epoch 138: Train Loss: 3407.3224, Train Node Loss: 587.5088, Train Reg Loss: 28.1981, Train MAPE: 7.6242, Train R: 0.7601, Train RRSE: 0.6679, Test Loss: 5011.4846, Test Node Loss: 712.4964, Test Reg Loss: 42.9899, Test MAPE: 8.9564, Test R: 0.7854, Test RRSE: 0.8634
2025-02-10 15:58:09,587:INFO:Epoch 139: Train Loss: 3586.3497, Train Node Loss: 620.4178, Train Reg Loss: 29.6593, Train MAPE: 7.9611, Train R: 0.7326, Train RRSE: 0.6850, Test Loss: 2816.0324, Test Node Loss: 586.8614, Test Reg Loss: 22.2917, Test MAPE: 7.3416, Test R: 0.7908, Test RRSE: 0.6217
2025-02-10 15:58:34,219:INFO:Epoch 140: Train Loss: 2932.0204, Train Node Loss: 600.9776, Train Reg Loss: 23.3104, Train MAPE: 7.6286, Train R: 0.7978, Train RRSE: 0.6073, Test Loss: 3161.4827, Test Node Loss: 525.5609, Test Reg Loss: 26.3592, Test MAPE: 7.3047, Test R: 0.7933, Test RRSE: 0.6761
2025-02-10 15:58:59,058:INFO:Epoch 141: Train Loss: 3226.0028, Train Node Loss: 577.1549, Train Reg Loss: 26.4885, Train MAPE: 7.7484, Train R: 0.7635, Train RRSE: 0.6474, Test Loss: 4080.5086, Test Node Loss: 521.5711, Test Reg Loss: 35.5894, Test MAPE: 7.6653, Test R: 0.7854, Test RRSE: 0.7856
2025-02-10 15:59:23,384:INFO:Epoch 142: Train Loss: 3027.9085, Train Node Loss: 580.9449, Train Reg Loss: 24.4696, Train MAPE: 7.5477, Train R: 0.7859, Train RRSE: 0.6222, Test Loss: 3743.7649, Test Node Loss: 523.8536, Test Reg Loss: 32.1991, Test MAPE: 7.5617, Test R: 0.7868, Test RRSE: 0.7472
2025-02-10 15:59:48,254:INFO:Epoch 143: Train Loss: 3538.5940, Train Node Loss: 575.8276, Train Reg Loss: 29.6277, Train MAPE: 7.8938, Train R: 0.7311, Train RRSE: 0.6847, Test Loss: 8981.5788, Test Node Loss: 422.8825, Test Reg Loss: 85.5870, Test MAPE: 9.7229, Test R: 0.7801, Test RRSE: 1.2182
2025-02-10 16:00:12,794:INFO:Epoch 144: Train Loss: 3467.6018, Train Node Loss: 564.2600, Train Reg Loss: 29.0334, Train MAPE: 7.8817, Train R: 0.7390, Train RRSE: 0.6778, Test Loss: 3542.1095, Test Node Loss: 497.1476, Test Reg Loss: 30.4496, Test MAPE: 7.5061, Test R: 0.7882, Test RRSE: 0.7266
2025-02-10 16:00:37,472:INFO:Epoch 145: Train Loss: 3151.7753, Train Node Loss: 541.9910, Train Reg Loss: 26.0978, Train MAPE: 7.7594, Train R: 0.7672, Train RRSE: 0.6426, Test Loss: 5599.2168, Test Node Loss: 454.8983, Test Reg Loss: 51.4432, Test MAPE: 8.2917, Test R: 0.7821, Test RRSE: 0.9445
2025-02-10 16:01:02,014:INFO:Epoch 146: Train Loss: 3417.5692, Train Node Loss: 534.7306, Train Reg Loss: 28.8284, Train MAPE: 7.7914, Train R: 0.7377, Train RRSE: 0.6754, Test Loss: 2986.4270, Test Node Loss: 486.6421, Test Reg Loss: 24.9978, Test MAPE: 7.1188, Test R: 0.7906, Test RRSE: 0.6584
2025-02-10 16:01:26,555:INFO:Epoch 147: Train Loss: 2801.2249, Train Node Loss: 525.1167, Train Reg Loss: 22.7611, Train MAPE: 7.5099, Train R: 0.8030, Train RRSE: 0.6001, Test Loss: 2741.8982, Test Node Loss: 534.1744, Test Reg Loss: 22.0772, Test MAPE: 7.4143, Test R: 0.7861, Test RRSE: 0.6187
2025-02-10 16:01:50,854:INFO:Epoch 148: Train Loss: 3401.6783, Train Node Loss: 511.9288, Train Reg Loss: 28.8975, Train MAPE: 7.8859, Train R: 0.7410, Train RRSE: 0.6762, Test Loss: 3869.6532, Test Node Loss: 587.9554, Test Reg Loss: 32.8170, Test MAPE: 8.3182, Test R: 0.7892, Test RRSE: 0.7543
2025-02-10 16:02:14,711:INFO:Epoch 149: Train Loss: 3439.0829, Train Node Loss: 496.0050, Train Reg Loss: 29.4308, Train MAPE: 7.7274, Train R: 0.7402, Train RRSE: 0.6824, Test Loss: 4630.1240, Test Node Loss: 593.5488, Test Reg Loss: 40.3658, Test MAPE: 8.7887, Test R: 0.7913, Test RRSE: 0.8366
2025-02-10 16:02:38,893:INFO:Epoch 150: Train Loss: 3892.4271, Train Node Loss: 500.8610, Train Reg Loss: 33.9157, Train MAPE: 7.8968, Train R: 0.6884, Train RRSE: 0.7325, Test Loss: 2946.9745, Test Node Loss: 533.9438, Test Reg Loss: 24.1303, Test MAPE: 7.7155, Test R: 0.7875, Test RRSE: 0.6469
2025-02-10 16:03:02,956:INFO:Epoch 151: Train Loss: 3906.5113, Train Node Loss: 507.2106, Train Reg Loss: 33.9930, Train MAPE: 8.3541, Train R: 0.7006, Train RRSE: 0.7334, Test Loss: 2662.2914, Test Node Loss: 485.1450, Test Reg Loss: 21.7715, Test MAPE: 7.3343, Test R: 0.7891, Test RRSE: 0.6144
2025-02-10 16:03:27,434:INFO:Epoch 152: Train Loss: 3054.1219, Train Node Loss: 489.4874, Train Reg Loss: 25.6463, Train MAPE: 7.7798, Train R: 0.7712, Train RRSE: 0.6370, Test Loss: 2754.0150, Test Node Loss: 473.8370, Test Reg Loss: 22.8018, Test MAPE: 7.4013, Test R: 0.7856, Test RRSE: 0.6288
2025-02-10 16:03:52,071:INFO:Epoch 153: Train Loss: 2975.3820, Train Node Loss: 491.1376, Train Reg Loss: 24.8424, Train MAPE: 7.7703, Train R: 0.7847, Train RRSE: 0.6269, Test Loss: 6673.7609, Test Node Loss: 370.1528, Test Reg Loss: 63.0361, Test MAPE: 8.6885, Test R: 0.7890, Test RRSE: 1.0455
2025-02-10 16:04:16,328:INFO:Epoch 154: Train Loss: 3369.1647, Train Node Loss: 476.0693, Train Reg Loss: 28.9310, Train MAPE: 7.9084, Train R: 0.7404, Train RRSE: 0.6766, Test Loss: 5923.6690, Test Node Loss: 376.3258, Test Reg Loss: 55.4734, Test MAPE: 8.5640, Test R: 0.7846, Test RRSE: 0.9808
2025-02-10 16:04:40,937:INFO:Epoch 155: Train Loss: 3554.8508, Train Node Loss: 452.7383, Train Reg Loss: 31.0211, Train MAPE: 8.0730, Train R: 0.7273, Train RRSE: 0.7006, Test Loss: 2655.9282, Test Node Loss: 449.8759, Test Reg Loss: 22.0605, Test MAPE: 7.2732, Test R: 0.7902, Test RRSE: 0.6185
2025-02-10 16:05:05,431:INFO:Epoch 156: Train Loss: 3147.1534, Train Node Loss: 421.9819, Train Reg Loss: 27.2517, Train MAPE: 7.6780, Train R: 0.7716, Train RRSE: 0.6566, Test Loss: 3739.2105, Test Node Loss: 500.1863, Test Reg Loss: 32.3902, Test MAPE: 8.2903, Test R: 0.7904, Test RRSE: 0.7494
2025-02-10 16:05:29,286:INFO:Epoch 157: Train Loss: 2926.1373, Train Node Loss: 441.9805, Train Reg Loss: 24.8416, Train MAPE: 7.7050, Train R: 0.7810, Train RRSE: 0.6269, Test Loss: 5849.8904, Test Node Loss: 356.2539, Test Reg Loss: 54.9364, Test MAPE: 8.5355, Test R: 0.7836, Test RRSE: 0.9760
2025-02-10 16:05:53,103:INFO:Epoch 158: Train Loss: 2850.3895, Train Node Loss: 418.3675, Train Reg Loss: 24.3202, Train MAPE: 7.6663, Train R: 0.7864, Train RRSE: 0.6203, Test Loss: 2608.5173, Test Node Loss: 423.8240, Test Reg Loss: 21.8469, Test MAPE: 7.3513, Test R: 0.7929, Test RRSE: 0.6155
2025-02-10 16:06:16,791:INFO:Epoch 159: Train Loss: 2920.5427, Train Node Loss: 426.9293, Train Reg Loss: 24.9361, Train MAPE: 7.8312, Train R: 0.7797, Train RRSE: 0.6281, Test Loss: 8257.5834, Test Node Loss: 319.9168, Test Reg Loss: 79.3767, Test MAPE: 9.4518, Test R: 0.7873, Test RRSE: 1.1732
2025-02-10 16:06:40,478:INFO:Epoch 160: Train Loss: 3371.6725, Train Node Loss: 424.5277, Train Reg Loss: 29.4714, Train MAPE: 8.1317, Train R: 0.7408, Train RRSE: 0.6829, Test Loss: 3789.0455, Test Node Loss: 348.0062, Test Reg Loss: 34.4104, Test MAPE: 7.5476, Test R: 0.7909, Test RRSE: 0.7724
2025-02-10 16:07:04,179:INFO:Epoch 161: Train Loss: 3087.2581, Train Node Loss: 392.8616, Train Reg Loss: 26.9440, Train MAPE: 7.6744, Train R: 0.7595, Train RRSE: 0.6529, Test Loss: 2608.1758, Test Node Loss: 414.5058, Test Reg Loss: 21.9367, Test MAPE: 7.5213, Test R: 0.7894, Test RRSE: 0.6167
2025-02-10 16:07:28,003:INFO:Epoch 162: Train Loss: 2977.0955, Train Node Loss: 379.3682, Train Reg Loss: 25.9773, Train MAPE: 7.7319, Train R: 0.7744, Train RRSE: 0.6411, Test Loss: 3574.2135, Test Node Loss: 433.7424, Test Reg Loss: 31.4047, Test MAPE: 8.3239, Test R: 0.7912, Test RRSE: 0.7379
2025-02-10 16:07:51,990:INFO:Epoch 163: Train Loss: 3070.0559, Train Node Loss: 378.6604, Train Reg Loss: 26.9140, Train MAPE: 7.7930, Train R: 0.7579, Train RRSE: 0.6526, Test Loss: 2577.2870, Test Node Loss: 389.0827, Test Reg Loss: 21.8820, Test MAPE: 7.4049, Test R: 0.7885, Test RRSE: 0.6160
2025-02-10 16:08:15,627:INFO:Epoch 164: Train Loss: 3030.7213, Train Node Loss: 385.1928, Train Reg Loss: 26.4553, Train MAPE: 7.9201, Train R: 0.7651, Train RRSE: 0.6470, Test Loss: 7679.0198, Test Node Loss: 302.0302, Test Reg Loss: 73.7699, Test MAPE: 9.2913, Test R: 0.7826, Test RRSE: 1.1310
2025-02-10 16:08:39,202:INFO:Epoch 165: Train Loss: 2771.3372, Train Node Loss: 388.3822, Train Reg Loss: 23.8295, Train MAPE: 7.9552, Train R: 0.7951, Train RRSE: 0.6140, Test Loss: 3825.7735, Test Node Loss: 315.5613, Test Reg Loss: 35.1021, Test MAPE: 7.7323, Test R: 0.7908, Test RRSE: 0.7802
2025-02-10 16:09:02,743:INFO:Epoch 166: Train Loss: 3192.6223, Train Node Loss: 354.8496, Train Reg Loss: 28.3777, Train MAPE: 7.9169, Train R: 0.7459, Train RRSE: 0.6701, Test Loss: 2577.3376, Test Node Loss: 356.4872, Test Reg Loss: 22.2085, Test MAPE: 7.3994, Test R: 0.7854, Test RRSE: 0.6206
2025-02-10 16:09:26,400:INFO:Epoch 167: Train Loss: 2761.3863, Train Node Loss: 340.3655, Train Reg Loss: 24.2102, Train MAPE: 7.5969, Train R: 0.7921, Train RRSE: 0.6189, Test Loss: 2539.5202, Test Node Loss: 345.3647, Test Reg Loss: 21.9416, Test MAPE: 7.3227, Test R: 0.7878, Test RRSE: 0.6168
2025-02-10 16:09:49,771:INFO:Epoch 168: Train Loss: 2573.0356, Train Node Loss: 349.5498, Train Reg Loss: 22.2349, Train MAPE: 7.5310, Train R: 0.8100, Train RRSE: 0.5931, Test Loss: 2726.7780, Test Node Loss: 329.4652, Test Reg Loss: 23.9731, Test MAPE: 7.4210, Test R: 0.7876, Test RRSE: 0.6447
2025-02-10 16:10:13,190:INFO:Epoch 169: Train Loss: 2501.2859, Train Node Loss: 339.4230, Train Reg Loss: 21.6186, Train MAPE: 7.8115, Train R: 0.8122, Train RRSE: 0.5849, Test Loss: 2599.2416, Test Node Loss: 347.7195, Test Reg Loss: 22.5152, Test MAPE: 7.6791, Test R: 0.7862, Test RRSE: 0.6248
2025-02-10 16:10:36,724:INFO:Epoch 170: Train Loss: 2624.9014, Train Node Loss: 336.8896, Train Reg Loss: 22.8801, Train MAPE: 7.7032, Train R: 0.8009, Train RRSE: 0.6017, Test Loss: 3772.5146, Test Node Loss: 300.3825, Test Reg Loss: 34.7213, Test MAPE: 7.7331, Test R: 0.7877, Test RRSE: 0.7759
2025-02-10 16:11:00,036:INFO:Epoch 171: Train Loss: 2430.1351, Train Node Loss: 325.7253, Train Reg Loss: 21.0441, Train MAPE: 7.6180, Train R: 0.8220, Train RRSE: 0.5770, Test Loss: 2823.8385, Test Node Loss: 360.7390, Test Reg Loss: 24.6310, Test MAPE: 7.8528, Test R: 0.7840, Test RRSE: 0.6535
2025-02-10 16:11:23,638:INFO:Epoch 172: Train Loss: 2611.1498, Train Node Loss: 332.5233, Train Reg Loss: 22.7863, Train MAPE: 7.7920, Train R: 0.8008, Train RRSE: 0.6004, Test Loss: 3075.3553, Test Node Loss: 286.6977, Test Reg Loss: 27.8866, Test MAPE: 7.4330, Test R: 0.7857, Test RRSE: 0.6954
2025-02-10 16:11:47,100:INFO:Epoch 173: Train Loss: 2660.6196, Train Node Loss: 327.1718, Train Reg Loss: 23.3345, Train MAPE: 7.9102, Train R: 0.7960, Train RRSE: 0.6076, Test Loss: 4038.3879, Test Node Loss: 275.3652, Test Reg Loss: 37.6302, Test MAPE: 7.7255, Test R: 0.7867, Test RRSE: 0.8078
2025-02-10 16:12:10,454:INFO:Epoch 174: Train Loss: 2835.2517, Train Node Loss: 307.9104, Train Reg Loss: 25.2734, Train MAPE: 7.6993, Train R: 0.7788, Train RRSE: 0.6324, Test Loss: 2622.1535, Test Node Loss: 325.7130, Test Reg Loss: 22.9644, Test MAPE: 7.4888, Test R: 0.7845, Test RRSE: 0.6310
2025-02-10 16:12:33,923:INFO:Epoch 175: Train Loss: 2521.3029, Train Node Loss: 312.6724, Train Reg Loss: 22.0863, Train MAPE: 7.6542, Train R: 0.8069, Train RRSE: 0.5911, Test Loss: 2484.4023, Test Node Loss: 297.3563, Test Reg Loss: 21.8705, Test MAPE: 7.3686, Test R: 0.7901, Test RRSE: 0.6158
2025-02-10 16:12:57,754:INFO:Epoch 176: Train Loss: 2567.8083, Train Node Loss: 310.0335, Train Reg Loss: 22.5777, Train MAPE: 7.8808, Train R: 0.8040, Train RRSE: 0.5977, Test Loss: 4398.2170, Test Node Loss: 253.3542, Test Reg Loss: 41.4486, Test MAPE: 7.8996, Test R: 0.7888, Test RRSE: 0.8478
2025-02-10 16:13:21,652:INFO:Epoch 177: Train Loss: 3032.0121, Train Node Loss: 297.1149, Train Reg Loss: 27.3490, Train MAPE: 7.9084, Train R: 0.7538, Train RRSE: 0.6578, Test Loss: 3302.2523, Test Node Loss: 268.1728, Test Reg Loss: 30.3408, Test MAPE: 7.5912, Test R: 0.7879, Test RRSE: 0.7253
2025-02-10 16:13:45,254:INFO:Epoch 178: Train Loss: 2589.3900, Train Node Loss: 287.1175, Train Reg Loss: 23.0227, Train MAPE: 7.6043, Train R: 0.8000, Train RRSE: 0.6035, Test Loss: 2620.8300, Test Node Loss: 307.3548, Test Reg Loss: 23.1348, Test MAPE: 7.5101, Test R: 0.7886, Test RRSE: 0.6334
2025-02-10 16:14:09,095:INFO:Epoch 179: Train Loss: 2584.1185, Train Node Loss: 283.1978, Train Reg Loss: 23.0092, Train MAPE: 7.7564, Train R: 0.7990, Train RRSE: 0.6034, Test Loss: 2925.1816, Test Node Loss: 283.6874, Test Reg Loss: 26.4149, Test MAPE: 7.4085, Test R: 0.7843, Test RRSE: 0.6768
2025-02-10 16:14:33,309:INFO:Epoch 180: Train Loss: 2794.0770, Train Node Loss: 293.4794, Train Reg Loss: 25.0060, Train MAPE: 8.0357, Train R: 0.7806, Train RRSE: 0.6290, Test Loss: 5276.4961, Test Node Loss: 237.9449, Test Reg Loss: 50.3855, Test MAPE: 8.3087, Test R: 0.7876, Test RRSE: 0.9347
2025-02-10 16:14:57,123:INFO:Epoch 181: Train Loss: 2880.1061, Train Node Loss: 280.1056, Train Reg Loss: 26.0000, Train MAPE: 7.7226, Train R: 0.7675, Train RRSE: 0.6414, Test Loss: 3692.3256, Test Node Loss: 315.9821, Test Reg Loss: 33.7634, Test MAPE: 8.3512, Test R: 0.7940, Test RRSE: 0.7651
2025-02-10 16:15:20,764:INFO:Epoch 182: Train Loss: 2576.7273, Train Node Loss: 261.8777, Train Reg Loss: 23.1485, Train MAPE: 7.6831, Train R: 0.8035, Train RRSE: 0.6052, Test Loss: 4289.5185, Test Node Loss: 253.2655, Test Reg Loss: 40.3625, Test MAPE: 8.0227, Test R: 0.7809, Test RRSE: 0.8366
2025-02-10 16:15:44,564:INFO:Epoch 183: Train Loss: 2495.0610, Train Node Loss: 269.7091, Train Reg Loss: 22.2535, Train MAPE: 7.7215, Train R: 0.8057, Train RRSE: 0.5934, Test Loss: 2586.7892, Test Node Loss: 263.7539, Test Reg Loss: 23.2304, Test MAPE: 7.2857, Test R: 0.7855, Test RRSE: 0.6347
2025-02-10 16:16:08,509:INFO:Epoch 184: Train Loss: 2782.4125, Train Node Loss: 268.4524, Train Reg Loss: 25.1396, Train MAPE: 7.8046, Train R: 0.7781, Train RRSE: 0.6307, Test Loss: 5314.5657, Test Node Loss: 216.2895, Test Reg Loss: 50.9828, Test MAPE: 8.3632, Test R: 0.7831, Test RRSE: 0.9402
2025-02-10 16:16:32,372:INFO:Epoch 185: Train Loss: 2492.2145, Train Node Loss: 266.6125, Train Reg Loss: 22.2560, Train MAPE: 7.8549, Train R: 0.8058, Train RRSE: 0.5934, Test Loss: 3174.5068, Test Node Loss: 249.2365, Test Reg Loss: 29.2527, Test MAPE: 7.6733, Test R: 0.7839, Test RRSE: 0.7122
2025-02-10 16:16:56,309:INFO:Epoch 186: Train Loss: 2475.7961, Train Node Loss: 254.5077, Train Reg Loss: 22.2129, Train MAPE: 7.7458, Train R: 0.8071, Train RRSE: 0.5928, Test Loss: 2485.0958, Test Node Loss: 247.7976, Test Reg Loss: 22.3730, Test MAPE: 7.3565, Test R: 0.7873, Test RRSE: 0.6229
2025-02-10 16:17:20,117:INFO:Epoch 187: Train Loss: 2641.4901, Train Node Loss: 253.6518, Train Reg Loss: 23.8784, Train MAPE: 7.6577, Train R: 0.7901, Train RRSE: 0.6147, Test Loss: 2604.5151, Test Node Loss: 252.3278, Test Reg Loss: 23.5219, Test MAPE: 7.5037, Test R: 0.7858, Test RRSE: 0.6386
2025-02-10 16:17:43,971:INFO:Epoch 188: Train Loss: 2482.1528, Train Node Loss: 249.0317, Train Reg Loss: 22.3312, Train MAPE: 7.7823, Train R: 0.8051, Train RRSE: 0.5944, Test Loss: 2508.9633, Test Node Loss: 242.3660, Test Reg Loss: 22.6660, Test MAPE: 7.4796, Test R: 0.7890, Test RRSE: 0.6269
2025-02-10 16:18:08,267:INFO:Epoch 189: Train Loss: 2496.0885, Train Node Loss: 250.2704, Train Reg Loss: 22.4582, Train MAPE: 7.9455, Train R: 0.8056, Train RRSE: 0.5961, Test Loss: 2602.2255, Test Node Loss: 229.2874, Test Reg Loss: 23.7294, Test MAPE: 7.5333, Test R: 0.7877, Test RRSE: 0.6415
2025-02-10 16:18:32,184:INFO:Epoch 190: Train Loss: 2397.6419, Train Node Loss: 233.3499, Train Reg Loss: 21.6429, Train MAPE: 7.6562, Train R: 0.8150, Train RRSE: 0.5852, Test Loss: 2540.1893, Test Node Loss: 242.6193, Test Reg Loss: 22.9757, Test MAPE: 7.5113, Test R: 0.7893, Test RRSE: 0.6312
2025-02-10 16:18:55,959:INFO:Epoch 191: Train Loss: 2218.6642, Train Node Loss: 238.1336, Train Reg Loss: 19.8053, Train MAPE: 7.8390, Train R: 0.8295, Train RRSE: 0.5598, Test Loss: 3638.0785, Test Node Loss: 218.3509, Test Reg Loss: 34.1973, Test MAPE: 7.7580, Test R: 0.7862, Test RRSE: 0.7701
2025-02-10 16:19:19,556:INFO:Epoch 192: Train Loss: 2546.1644, Train Node Loss: 231.4939, Train Reg Loss: 23.1467, Train MAPE: 7.7802, Train R: 0.7978, Train RRSE: 0.6052, Test Loss: 2963.2322, Test Node Loss: 223.1148, Test Reg Loss: 27.4012, Test MAPE: 7.6891, Test R: 0.7869, Test RRSE: 0.6893
2025-02-10 16:19:43,391:INFO:Epoch 193: Train Loss: 2504.4665, Train Node Loss: 242.1222, Train Reg Loss: 22.6234, Train MAPE: 8.0328, Train R: 0.8097, Train RRSE: 0.5983, Test Loss: 7335.9666, Test Node Loss: 165.4771, Test Reg Loss: 71.7049, Test MAPE: 9.0501, Test R: 0.7806, Test RRSE: 1.1151
2025-02-10 16:20:07,388:INFO:Epoch 194: Train Loss: 3153.1089, Train Node Loss: 225.5263, Train Reg Loss: 29.2758, Train MAPE: 7.9808, Train R: 0.7357, Train RRSE: 0.6806, Test Loss: 5930.9098, Test Node Loss: 192.7899, Test Reg Loss: 57.3812, Test MAPE: 8.6150, Test R: 0.7834, Test RRSE: 0.9975
2025-02-10 16:20:31,556:INFO:Epoch 195: Train Loss: 2763.8475, Train Node Loss: 212.9526, Train Reg Loss: 25.5089, Train MAPE: 7.9145, Train R: 0.7809, Train RRSE: 0.6353, Test Loss: 4164.5050, Test Node Loss: 258.5221, Test Reg Loss: 39.0598, Test MAPE: 8.7134, Test R: 0.7880, Test RRSE: 0.8230
2025-02-10 16:20:55,615:INFO:Epoch 196: Train Loss: 3195.3533, Train Node Loss: 200.7652, Train Reg Loss: 29.9459, Train MAPE: 7.7727, Train R: 0.7352, Train RRSE: 0.6883, Test Loss: 3528.2971, Test Node Loss: 253.2287, Test Reg Loss: 32.7507, Test MAPE: 8.1696, Test R: 0.7854, Test RRSE: 0.7536
2025-02-10 16:21:19,785:INFO:Epoch 197: Train Loss: 2737.9930, Train Node Loss: 215.6605, Train Reg Loss: 25.2233, Train MAPE: 7.9034, Train R: 0.7789, Train RRSE: 0.6317, Test Loss: 4004.3191, Test Node Loss: 179.3782, Test Reg Loss: 38.2494, Test MAPE: 7.8423, Test R: 0.7841, Test RRSE: 0.8144
2025-02-10 16:21:43,732:INFO:Epoch 198: Train Loss: 2417.1915, Train Node Loss: 199.0860, Train Reg Loss: 22.1811, Train MAPE: 7.6837, Train R: 0.8064, Train RRSE: 0.5924, Test Loss: 3905.2617, Test Node Loss: 220.1244, Test Reg Loss: 36.8514, Test MAPE: 8.5760, Test R: 0.7897, Test RRSE: 0.7994
2025-02-10 16:22:07,752:INFO:Epoch 199: Train Loss: 2925.0832, Train Node Loss: 187.5269, Train Reg Loss: 27.3756, Train MAPE: 7.5343, Train R: 0.7582, Train RRSE: 0.6581, Test Loss: 2808.3432, Test Node Loss: 220.5372, Test Reg Loss: 25.8781, Test MAPE: 7.8685, Test R: 0.7918, Test RRSE: 0.6699
2025-02-10 16:22:31,533:INFO:Epoch 200: Train Loss: 3343.0958, Train Node Loss: 207.6799, Train Reg Loss: 31.3542, Train MAPE: 8.3862, Train R: 0.7430, Train RRSE: 0.7043, Test Loss: 16751.6603, Test Node Loss: 121.8743, Test Reg Loss: 166.2979, Test MAPE: 12.6825, Test R: 0.7673, Test RRSE: 1.6981
2025-02-10 16:22:55,472:INFO:Epoch 201: Train Loss: 3501.0001, Train Node Loss: 193.9010, Train Reg Loss: 33.0710, Train MAPE: 8.2222, Train R: 0.7045, Train RRSE: 0.7234, Test Loss: 3944.3728, Test Node Loss: 181.4525, Test Reg Loss: 37.6292, Test MAPE: 8.3508, Test R: 0.7888, Test RRSE: 0.8078
2025-02-10 16:23:19,099:INFO:Epoch 202: Train Loss: 2661.7915, Train Node Loss: 166.2098, Train Reg Loss: 24.9558, Train MAPE: 7.6114, Train R: 0.7862, Train RRSE: 0.6284, Test Loss: 2718.3722, Test Node Loss: 178.6802, Test Reg Loss: 25.3969, Test MAPE: 7.3567, Test R: 0.7870, Test RRSE: 0.6636
2025-02-10 16:23:42,436:INFO:Epoch 203: Train Loss: 2340.8683, Train Node Loss: 178.5886, Train Reg Loss: 21.6228, Train MAPE: 7.7235, Train R: 0.8128, Train RRSE: 0.5849, Test Loss: 3479.7380, Test Node Loss: 166.3486, Test Reg Loss: 33.1339, Test MAPE: 7.6779, Test R: 0.7884, Test RRSE: 0.7580
2025-02-10 16:24:06,475:INFO:Epoch 204: Train Loss: 2388.7369, Train Node Loss: 179.2099, Train Reg Loss: 22.0953, Train MAPE: 7.7049, Train R: 0.8084, Train RRSE: 0.5913, Test Loss: 2478.8900, Test Node Loss: 168.1766, Test Reg Loss: 23.1071, Test MAPE: 7.2682, Test R: 0.7893, Test RRSE: 0.6330
2025-02-10 16:24:29,962:INFO:Epoch 205: Train Loss: 2447.5450, Train Node Loss: 176.2849, Train Reg Loss: 22.7126, Train MAPE: 7.7557, Train R: 0.8012, Train RRSE: 0.5995, Test Loss: 2959.9006, Test Node Loss: 170.8621, Test Reg Loss: 27.8904, Test MAPE: 7.5794, Test R: 0.7860, Test RRSE: 0.6954
2025-02-10 16:24:53,691:INFO:Epoch 206: Train Loss: 2382.3877, Train Node Loss: 172.7860, Train Reg Loss: 22.0960, Train MAPE: 7.7034, Train R: 0.8094, Train RRSE: 0.5913, Test Loss: 3183.3042, Test Node Loss: 168.2409, Test Reg Loss: 30.1506, Test MAPE: 7.7929, Test R: 0.7888, Test RRSE: 0.7231
2025-02-10 16:25:17,335:INFO:Epoch 207: Train Loss: 2362.6950, Train Node Loss: 177.6540, Train Reg Loss: 21.8504, Train MAPE: 7.8411, Train R: 0.8093, Train RRSE: 0.5880, Test Loss: 3337.1583, Test Node Loss: 164.6737, Test Reg Loss: 31.7248, Test MAPE: 7.6924, Test R: 0.7895, Test RRSE: 0.7417
2025-02-10 16:25:40,829:INFO:Epoch 208: Train Loss: 2322.9809, Train Node Loss: 170.4466, Train Reg Loss: 21.5253, Train MAPE: 7.7113, Train R: 0.8141, Train RRSE: 0.5836, Test Loss: 5217.4118, Test Node Loss: 202.0295, Test Reg Loss: 50.1538, Test MAPE: 9.3485, Test R: 0.7883, Test RRSE: 0.9326
2025-02-10 16:26:04,124:INFO:Epoch 209: Train Loss: 2814.5146, Train Node Loss: 164.6639, Train Reg Loss: 26.4985, Train MAPE: 7.6623, Train R: 0.7633, Train RRSE: 0.6475, Test Loss: 2372.7742, Test Node Loss: 174.8801, Test Reg Loss: 21.9789, Test MAPE: 7.5667, Test R: 0.7900, Test RRSE: 0.6173
2025-02-10 16:26:27,331:INFO:Epoch 210: Train Loss: 2647.0442, Train Node Loss: 178.9944, Train Reg Loss: 24.6805, Train MAPE: 8.1749, Train R: 0.7920, Train RRSE: 0.6249, Test Loss: 10096.1519, Test Node Loss: 116.3827, Test Reg Loss: 99.7977, Test MAPE: 10.4396, Test R: 0.7808, Test RRSE: 1.3155
2025-02-10 16:26:50,846:INFO:Epoch 211: Train Loss: 3142.3755, Train Node Loss: 163.3168, Train Reg Loss: 29.7906, Train MAPE: 7.9649, Train R: 0.7313, Train RRSE: 0.6865, Test Loss: 2378.8882, Test Node Loss: 152.9183, Test Reg Loss: 22.2597, Test MAPE: 7.3648, Test R: 0.7887, Test RRSE: 0.6213
2025-02-10 16:27:13,970:INFO:Epoch 212: Train Loss: 2614.9409, Train Node Loss: 139.8908, Train Reg Loss: 24.7505, Train MAPE: 7.5684, Train R: 0.7992, Train RRSE: 0.6258, Test Loss: 5210.5692, Test Node Loss: 187.2042, Test Reg Loss: 50.2336, Test MAPE: 9.4194, Test R: 0.7831, Test RRSE: 0.9333
2025-02-10 16:27:37,350:INFO:Epoch 213: Train Loss: 3073.1570, Train Node Loss: 145.3630, Train Reg Loss: 29.2779, Train MAPE: 8.1492, Train R: 0.7448, Train RRSE: 0.6806, Test Loss: 4709.2840, Test Node Loss: 111.0372, Test Reg Loss: 45.9825, Test MAPE: 7.9850, Test R: 0.7792, Test RRSE: 0.8929
2025-02-10 16:28:01,034:INFO:Epoch 214: Train Loss: 2641.6633, Train Node Loss: 141.3142, Train Reg Loss: 25.0035, Train MAPE: 7.9976, Train R: 0.7805, Train RRSE: 0.6290, Test Loss: 4084.5379, Test Node Loss: 119.0941, Test Reg Loss: 39.6544, Test MAPE: 7.8366, Test R: 0.7852, Test RRSE: 0.8292
2025-02-10 16:28:25,081:INFO:Epoch 215: Train Loss: 2178.4227, Train Node Loss: 134.5155, Train Reg Loss: 20.4391, Train MAPE: 7.7468, Train R: 0.8246, Train RRSE: 0.5687, Test Loss: 2384.3310, Test Node Loss: 129.7216, Test Reg Loss: 22.5461, Test MAPE: 7.4467, Test R: 0.7897, Test RRSE: 0.6253
2025-02-10 16:28:48,999:INFO:Epoch 216: Train Loss: 2481.3718, Train Node Loss: 119.1535, Train Reg Loss: 23.6222, Train MAPE: 7.5615, Train R: 0.8105, Train RRSE: 0.6114, Test Loss: 3227.8500, Test Node Loss: 153.8626, Test Reg Loss: 30.7399, Test MAPE: 8.1632, Test R: 0.7841, Test RRSE: 0.7301
2025-02-10 16:29:12,850:INFO:Epoch 217: Train Loss: 2758.0694, Train Node Loss: 136.6352, Train Reg Loss: 26.2143, Train MAPE: 8.2012, Train R: 0.7712, Train RRSE: 0.6440, Test Loss: 9116.9294, Test Node Loss: 99.7790, Test Reg Loss: 90.1715, Test MAPE: 10.1087, Test R: 0.7782, Test RRSE: 1.2504
2025-02-10 16:29:36,392:INFO:Epoch 218: Train Loss: 2618.6550, Train Node Loss: 132.0691, Train Reg Loss: 24.8659, Train MAPE: 7.9351, Train R: 0.7838, Train RRSE: 0.6272, Test Loss: 3692.3170, Test Node Loss: 108.2937, Test Reg Loss: 35.8402, Test MAPE: 7.7694, Test R: 0.7878, Test RRSE: 0.7883
2025-02-10 16:30:00,330:INFO:Epoch 219: Train Loss: 2313.0170, Train Node Loss: 121.9885, Train Reg Loss: 21.9103, Train MAPE: 7.6004, Train R: 0.8134, Train RRSE: 0.5888, Test Loss: 4856.1231, Test Node Loss: 106.2848, Test Reg Loss: 47.4984, Test MAPE: 8.2527, Test R: 0.7800, Test RRSE: 0.9075
2025-02-10 16:30:24,401:INFO:Epoch 220: Train Loss: 2262.8794, Train Node Loss: 121.7065, Train Reg Loss: 21.4117, Train MAPE: 7.8805, Train R: 0.8134, Train RRSE: 0.5820, Test Loss: 2621.1570, Test Node Loss: 133.1909, Test Reg Loss: 24.8797, Test MAPE: 7.7949, Test R: 0.7824, Test RRSE: 0.6568
2025-02-10 16:30:48,204:INFO:Epoch 221: Train Loss: 2297.0801, Train Node Loss: 121.2697, Train Reg Loss: 21.7581, Train MAPE: 7.8058, Train R: 0.8113, Train RRSE: 0.5867, Test Loss: 2556.8725, Test Node Loss: 127.0284, Test Reg Loss: 24.2984, Test MAPE: 7.5999, Test R: 0.7868, Test RRSE: 0.6491
2025-02-10 16:31:12,546:INFO:Epoch 222: Train Loss: 2228.6452, Train Node Loss: 128.9035, Train Reg Loss: 20.9974, Train MAPE: 7.9196, Train R: 0.8195, Train RRSE: 0.5764, Test Loss: 6874.1527, Test Node Loss: 102.5763, Test Reg Loss: 67.7158, Test MAPE: 9.1938, Test R: 0.7843, Test RRSE: 1.0836
2025-02-10 16:31:36,485:INFO:Epoch 223: Train Loss: 2231.3858, Train Node Loss: 118.7285, Train Reg Loss: 21.1266, Train MAPE: 7.6947, Train R: 0.8187, Train RRSE: 0.5782, Test Loss: 2703.4037, Test Node Loss: 139.7765, Test Reg Loss: 25.6363, Test MAPE: 7.9852, Test R: 0.7861, Test RRSE: 0.6667
2025-02-10 16:32:00,812:INFO:Epoch 224: Train Loss: 3029.4901, Train Node Loss: 118.6843, Train Reg Loss: 29.1081, Train MAPE: 7.9139, Train R: 0.7380, Train RRSE: 0.6786, Test Loss: 2714.7144, Test Node Loss: 109.5062, Test Reg Loss: 26.0521, Test MAPE: 7.4314, Test R: 0.7841, Test RRSE: 0.6721
2025-02-10 16:32:24,976:INFO:Epoch 225: Train Loss: 2273.8322, Train Node Loss: 120.1493, Train Reg Loss: 21.5368, Train MAPE: 7.9892, Train R: 0.8214, Train RRSE: 0.5837, Test Loss: 2774.4264, Test Node Loss: 97.0001, Test Reg Loss: 26.7743, Test MAPE: 7.4809, Test R: 0.7864, Test RRSE: 0.6814
2025-02-10 16:32:48,783:INFO:Epoch 226: Train Loss: 2396.4921, Train Node Loss: 104.6883, Train Reg Loss: 22.9180, Train MAPE: 7.7132, Train R: 0.8013, Train RRSE: 0.6022, Test Loss: 2329.1026, Test Node Loss: 117.2259, Test Reg Loss: 22.1188, Test MAPE: 7.6296, Test R: 0.7880, Test RRSE: 0.6193
2025-02-10 16:33:13,175:INFO:Epoch 227: Train Loss: 2398.4866, Train Node Loss: 109.1837, Train Reg Loss: 22.8930, Train MAPE: 8.0309, Train R: 0.7994, Train RRSE: 0.6018, Test Loss: 2437.0948, Test Node Loss: 108.1803, Test Reg Loss: 23.2891, Test MAPE: 7.6349, Test R: 0.7874, Test RRSE: 0.6355
2025-02-10 16:33:37,545:INFO:Epoch 228: Train Loss: 2244.4539, Train Node Loss: 106.7211, Train Reg Loss: 21.3773, Train MAPE: 7.6941, Train R: 0.8145, Train RRSE: 0.5816, Test Loss: 2276.3631, Test Node Loss: 109.1631, Test Reg Loss: 21.6720, Test MAPE: 7.5521, Test R: 0.7906, Test RRSE: 0.6130
2025-02-10 16:34:01,945:INFO:Epoch 229: Train Loss: 2220.5351, Train Node Loss: 108.7006, Train Reg Loss: 21.1183, Train MAPE: 7.7634, Train R: 0.8166, Train RRSE: 0.5780, Test Loss: 5117.9322, Test Node Loss: 96.5927, Test Reg Loss: 50.2134, Test MAPE: 8.4009, Test R: 0.7795, Test RRSE: 0.9331
2025-02-10 16:34:26,488:INFO:Epoch 230: Train Loss: 2045.9056, Train Node Loss: 111.6039, Train Reg Loss: 19.3430, Train MAPE: 7.8926, Train R: 0.8349, Train RRSE: 0.5532, Test Loss: 8168.0556, Test Node Loss: 87.9380, Test Reg Loss: 80.8012, Test MAPE: 9.4728, Test R: 0.7718, Test RRSE: 1.1837
2025-02-10 16:34:51,590:INFO:Epoch 231: Train Loss: 2417.1464, Train Node Loss: 104.4198, Train Reg Loss: 23.1273, Train MAPE: 7.7005, Train R: 0.7977, Train RRSE: 0.6049, Test Loss: 3027.8161, Test Node Loss: 99.4537, Test Reg Loss: 29.2836, Test MAPE: 7.7033, Test R: 0.7889, Test RRSE: 0.7126
2025-02-10 16:35:15,740:INFO:Epoch 232: Train Loss: 2196.9606, Train Node Loss: 106.8582, Train Reg Loss: 20.9010, Train MAPE: 7.9835, Train R: 0.8188, Train RRSE: 0.5751, Test Loss: 3373.2681, Test Node Loss: 93.1133, Test Reg Loss: 32.8015, Test MAPE: 7.8432, Test R: 0.7873, Test RRSE: 0.7542
2025-02-10 16:35:39,697:INFO:Epoch 233: Train Loss: 2498.7422, Train Node Loss: 110.0452, Train Reg Loss: 23.8870, Train MAPE: 7.9535, Train R: 0.7964, Train RRSE: 0.6148, Test Loss: 8990.5052, Test Node Loss: 72.8530, Test Reg Loss: 89.1765, Test MAPE: 9.7527, Test R: 0.7791, Test RRSE: 1.2435
2025-02-10 16:36:03,641:INFO:Epoch 234: Train Loss: 2712.7222, Train Node Loss: 89.7270, Train Reg Loss: 26.2300, Train MAPE: 7.7301, Train R: 0.7861, Train RRSE: 0.6442, Test Loss: 2896.9355, Test Node Loss: 116.3475, Test Reg Loss: 27.8059, Test MAPE: 8.0173, Test R: 0.7913, Test RRSE: 0.6944
2025-02-10 16:36:27,904:INFO:Epoch 235: Train Loss: 2657.8759, Train Node Loss: 101.7183, Train Reg Loss: 25.5616, Train MAPE: 7.8777, Train R: 0.7752, Train RRSE: 0.6360, Test Loss: 8379.6186, Test Node Loss: 69.9884, Test Reg Loss: 83.0963, Test MAPE: 9.6969, Test R: 0.7884, Test RRSE: 1.2004
2025-02-10 16:36:52,008:INFO:Epoch 236: Train Loss: 2069.9926, Train Node Loss: 94.2861, Train Reg Loss: 19.7571, Train MAPE: 7.7148, Train R: 0.8299, Train RRSE: 0.5591, Test Loss: 2836.2444, Test Node Loss: 110.4840, Test Reg Loss: 27.2576, Test MAPE: 8.0383, Test R: 0.7957, Test RRSE: 0.6875
2025-02-10 16:37:16,148:INFO:Epoch 237: Train Loss: 2136.7098, Train Node Loss: 94.3293, Train Reg Loss: 20.4238, Train MAPE: 7.9606, Train R: 0.8232, Train RRSE: 0.5685, Test Loss: 3943.2009, Test Node Loss: 77.5126, Test Reg Loss: 38.6569, Test MAPE: 7.9314, Test R: 0.7915, Test RRSE: 0.8187
2025-02-10 16:37:39,663:INFO:Epoch 238: Train Loss: 2325.5679, Train Node Loss: 95.2696, Train Reg Loss: 22.3030, Train MAPE: 8.0070, Train R: 0.8082, Train RRSE: 0.5940, Test Loss: 7597.5216, Test Node Loss: 70.9147, Test Reg Loss: 75.2661, Test MAPE: 9.4497, Test R: 0.7864, Test RRSE: 1.1424
2025-02-10 16:38:02,998:INFO:Epoch 239: Train Loss: 2408.0924, Train Node Loss: 82.1088, Train Reg Loss: 23.2598, Train MAPE: 7.7953, Train R: 0.8049, Train RRSE: 0.6066, Test Loss: 3368.2426, Test Node Loss: 102.1852, Test Reg Loss: 32.6606, Test MAPE: 8.4772, Test R: 0.7818, Test RRSE: 0.7525
2025-02-10 16:38:26,587:INFO:Epoch 240: Train Loss: 2577.6130, Train Node Loss: 80.6511, Train Reg Loss: 24.9696, Train MAPE: 7.8831, Train R: 0.7783, Train RRSE: 0.6285, Test Loss: 2318.2322, Test Node Loss: 81.6829, Test Reg Loss: 22.3655, Test MAPE: 7.4504, Test R: 0.7904, Test RRSE: 0.6227
2025-02-10 16:38:49,666:INFO:Epoch 241: Train Loss: 2128.7212, Train Node Loss: 83.4585, Train Reg Loss: 20.4526, Train MAPE: 7.8335, Train R: 0.8230, Train RRSE: 0.5689, Test Loss: 6187.9842, Test Node Loss: 69.9018, Test Reg Loss: 61.1808, Test MAPE: 9.0706, Test R: 0.7853, Test RRSE: 1.0300
2025-02-10 16:39:12,925:INFO:Epoch 242: Train Loss: 2104.2392, Train Node Loss: 84.7297, Train Reg Loss: 20.1951, Train MAPE: 7.9635, Train R: 0.8256, Train RRSE: 0.5653, Test Loss: 5029.2580, Test Node Loss: 71.8320, Test Reg Loss: 49.5743, Test MAPE: 8.4685, Test R: 0.7838, Test RRSE: 0.9272
2025-02-10 16:39:36,423:INFO:Epoch 243: Train Loss: 2504.7124, Train Node Loss: 81.0023, Train Reg Loss: 24.2371, Train MAPE: 7.8980, Train R: 0.7860, Train RRSE: 0.6193, Test Loss: 3114.7268, Test Node Loss: 79.5606, Test Reg Loss: 30.3517, Test MAPE: 7.6476, Test R: 0.7894, Test RRSE: 0.7255
2025-02-10 16:39:59,816:INFO:Epoch 244: Train Loss: 2302.6668, Train Node Loss: 78.6663, Train Reg Loss: 22.2400, Train MAPE: 7.9546, Train R: 0.8078, Train RRSE: 0.5932, Test Loss: 2741.8272, Test Node Loss: 78.8408, Test Reg Loss: 26.6299, Test MAPE: 7.6268, Test R: 0.7844, Test RRSE: 0.6795
2025-02-10 16:40:23,247:INFO:Epoch 245: Train Loss: 2104.4532, Train Node Loss: 84.7345, Train Reg Loss: 20.1972, Train MAPE: 7.9309, Train R: 0.8322, Train RRSE: 0.5653, Test Loss: 6989.4634, Test Node Loss: 59.9874, Test Reg Loss: 69.2948, Test MAPE: 8.8869, Test R: 0.7797, Test RRSE: 1.0962
2025-02-10 16:40:46,609:INFO:Epoch 246: Train Loss: 2799.8990, Train Node Loss: 75.3059, Train Reg Loss: 27.2459, Train MAPE: 7.7879, Train R: 0.7545, Train RRSE: 0.6566, Test Loss: 2310.5549, Test Node Loss: 73.8228, Test Reg Loss: 22.3673, Test MAPE: 7.6344, Test R: 0.7857, Test RRSE: 0.6228
2025-02-10 16:41:10,699:INFO:Epoch 247: Train Loss: 2241.2781, Train Node Loss: 65.5975, Train Reg Loss: 21.7568, Train MAPE: 7.8031, Train R: 0.8223, Train RRSE: 0.5867, Test Loss: 2368.8492, Test Node Loss: 77.8967, Test Reg Loss: 22.9095, Test MAPE: 7.4253, Test R: 0.7881, Test RRSE: 0.6303
2025-02-10 16:41:34,296:INFO:Epoch 248: Train Loss: 2190.4881, Train Node Loss: 78.5029, Train Reg Loss: 21.1199, Train MAPE: 7.8116, Train R: 0.8209, Train RRSE: 0.5781, Test Loss: 10113.6677, Test Node Loss: 55.2669, Test Reg Loss: 100.5840, Test MAPE: 10.4205, Test R: 0.7807, Test RRSE: 1.3206
2025-02-10 16:41:57,863:INFO:Epoch 249: Train Loss: 2093.3673, Train Node Loss: 72.6346, Train Reg Loss: 20.2073, Train MAPE: 7.8792, Train R: 0.8271, Train RRSE: 0.5654, Test Loss: 2294.3249, Test Node Loss: 79.6931, Test Reg Loss: 22.1463, Test MAPE: 7.5894, Test R: 0.7911, Test RRSE: 0.6197
2025-02-10 16:42:21,203:INFO:Epoch 250: Train Loss: 2290.2215, Train Node Loss: 72.1026, Train Reg Loss: 22.1812, Train MAPE: 7.7318, Train R: 0.8066, Train RRSE: 0.5924, Test Loss: 2347.7475, Test Node Loss: 77.5833, Test Reg Loss: 22.7016, Test MAPE: 7.6228, Test R: 0.7913, Test RRSE: 0.6274
2025-02-10 16:42:44,895:INFO:Epoch 251: Train Loss: 2105.4899, Train Node Loss: 79.2631, Train Reg Loss: 20.2623, Train MAPE: 7.9923, Train R: 0.8343, Train RRSE: 0.5662, Test Loss: 7852.8616, Test Node Loss: 56.4905, Test Reg Loss: 77.9637, Test MAPE: 9.6766, Test R: 0.7901, Test RRSE: 1.1627
2025-02-10 16:43:08,825:INFO:Epoch 252: Train Loss: 2727.4861, Train Node Loss: 68.4631, Train Reg Loss: 26.5902, Train MAPE: 8.0015, Train R: 0.7697, Train RRSE: 0.6486, Test Loss: 3096.5885, Test Node Loss: 83.0646, Test Reg Loss: 30.1352, Test MAPE: 8.2821, Test R: 0.7951, Test RRSE: 0.7229
2025-02-10 16:43:32,791:INFO:Epoch 253: Train Loss: 2314.5574, Train Node Loss: 67.1331, Train Reg Loss: 22.4742, Train MAPE: 7.6754, Train R: 0.8046, Train RRSE: 0.5963, Test Loss: 2694.0003, Test Node Loss: 64.6082, Test Reg Loss: 26.2939, Test MAPE: 7.6415, Test R: 0.7881, Test RRSE: 0.6752
2025-02-10 16:43:57,294:INFO:Epoch 254: Train Loss: 1957.6328, Train Node Loss: 68.1377, Train Reg Loss: 18.8950, Train MAPE: 7.8539, Train R: 0.8379, Train RRSE: 0.5468, Test Loss: 3641.9897, Test Node Loss: 59.2453, Test Reg Loss: 35.8274, Test MAPE: 7.8445, Test R: 0.7915, Test RRSE: 0.7882
2025-02-10 16:44:22,271:INFO:Epoch 255: Train Loss: 2359.3140, Train Node Loss: 63.1516, Train Reg Loss: 22.9616, Train MAPE: 7.9109, Train R: 0.8035, Train RRSE: 0.6027, Test Loss: 2788.6748, Test Node Loss: 79.1119, Test Reg Loss: 27.0956, Test MAPE: 8.1202, Test R: 0.7924, Test RRSE: 0.6854
2025-02-10 16:44:46,945:INFO:Epoch 256: Train Loss: 2823.8877, Train Node Loss: 61.7965, Train Reg Loss: 27.6209, Train MAPE: 7.8368, Train R: 0.7531, Train RRSE: 0.6611, Test Loss: 2740.9507, Test Node Loss: 60.5616, Test Reg Loss: 26.8039, Test MAPE: 7.3153, Test R: 0.7925, Test RRSE: 0.6817
2025-02-10 16:45:11,751:INFO:Epoch 257: Train Loss: 2517.0984, Train Node Loss: 72.1783, Train Reg Loss: 24.4492, Train MAPE: 8.1082, Train R: 0.8054, Train RRSE: 0.6220, Test Loss: 9999.8892, Test Node Loss: 45.5735, Test Reg Loss: 99.5432, Test MAPE: 10.3141, Test R: 0.7869, Test RRSE: 1.3138
2025-02-10 16:45:36,709:INFO:Epoch 258: Train Loss: 2349.3130, Train Node Loss: 58.0839, Train Reg Loss: 22.9123, Train MAPE: 7.7133, Train R: 0.8031, Train RRSE: 0.6021, Test Loss: 2606.6328, Test Node Loss: 57.4417, Test Reg Loss: 25.4919, Test MAPE: 7.4971, Test R: 0.7867, Test RRSE: 0.6649
2025-02-10 16:46:02,659:INFO:Epoch 259: Train Loss: 2212.1850, Train Node Loss: 62.9100, Train Reg Loss: 21.4928, Train MAPE: 7.8866, Train R: 0.8151, Train RRSE: 0.5831, Test Loss: 7122.9510, Test Node Loss: 49.4477, Test Reg Loss: 70.7350, Test MAPE: 9.1159, Test R: 0.7876, Test RRSE: 1.1075
2025-02-10 16:46:28,084:INFO:Epoch 260: Train Loss: 2189.3467, Train Node Loss: 58.7718, Train Reg Loss: 21.3057, Train MAPE: 7.6930, Train R: 0.8177, Train RRSE: 0.5806, Test Loss: 2705.2755, Test Node Loss: 57.4143, Test Reg Loss: 26.4786, Test MAPE: 7.6046, Test R: 0.7942, Test RRSE: 0.6776
2025-02-10 16:46:53,714:INFO:Epoch 261: Train Loss: 2071.1840, Train Node Loss: 62.4168, Train Reg Loss: 20.0877, Train MAPE: 7.8537, Train R: 0.8268, Train RRSE: 0.5638, Test Loss: 8126.6209, Test Node Loss: 49.2455, Test Reg Loss: 80.7738, Test MAPE: 9.6411, Test R: 0.7822, Test RRSE: 1.1835
2025-02-10 16:47:19,200:INFO:Epoch 262: Train Loss: 1945.2494, Train Node Loss: 61.5297, Train Reg Loss: 18.8372, Train MAPE: 7.7790, Train R: 0.8402, Train RRSE: 0.5459, Test Loss: 8311.4654, Test Node Loss: 48.1459, Test Reg Loss: 82.6332, Test MAPE: 9.5244, Test R: 0.7793, Test RRSE: 1.1970
2025-02-10 16:47:44,862:INFO:Epoch 263: Train Loss: 2117.6952, Train Node Loss: 63.1495, Train Reg Loss: 20.5455, Train MAPE: 7.9235, Train R: 0.8216, Train RRSE: 0.5701, Test Loss: 2480.9500, Test Node Loss: 60.6791, Test Reg Loss: 24.2027, Test MAPE: 7.6838, Test R: 0.7923, Test RRSE: 0.6478
2025-02-10 16:48:10,277:INFO:Epoch 264: Train Loss: 2054.4519, Train Node Loss: 61.6321, Train Reg Loss: 19.9282, Train MAPE: 7.8683, Train R: 0.8282, Train RRSE: 0.5615, Test Loss: 2633.3279, Test Node Loss: 58.0595, Test Reg Loss: 25.7527, Test MAPE: 7.5229, Test R: 0.7951, Test RRSE: 0.6682
2025-02-10 16:48:36,021:INFO:Epoch 265: Train Loss: 2229.4497, Train Node Loss: 59.4567, Train Reg Loss: 21.6999, Train MAPE: 7.7084, Train R: 0.8132, Train RRSE: 0.5859, Test Loss: 3046.8654, Test Node Loss: 71.8947, Test Reg Loss: 29.7497, Test MAPE: 8.3497, Test R: 0.7968, Test RRSE: 0.7182
2025-02-10 16:48:36,061:INFO:Checkpoint saved at best_0.001_0.001_256_SAGE_3_32_0.7968_epoch_265.pth
2025-02-10 16:49:01,594:INFO:Epoch 266: Train Loss: 2156.8962, Train Node Loss: 60.7492, Train Reg Loss: 20.9615, Train MAPE: 7.8910, Train R: 0.8179, Train RRSE: 0.5759, Test Loss: 3331.1176, Test Node Loss: 55.5776, Test Reg Loss: 32.7554, Test MAPE: 7.9376, Test R: 0.7956, Test RRSE: 0.7536
2025-02-10 16:49:26,829:INFO:Epoch 267: Train Loss: 2086.4978, Train Node Loss: 61.6777, Train Reg Loss: 20.2482, Train MAPE: 8.0137, Train R: 0.8249, Train RRSE: 0.5660, Test Loss: 2342.5107, Test Node Loss: 56.7961, Test Reg Loss: 22.8571, Test MAPE: 7.5402, Test R: 0.7945, Test RRSE: 0.6296
2025-02-10 16:49:52,471:INFO:Epoch 268: Train Loss: 2012.8028, Train Node Loss: 58.0971, Train Reg Loss: 19.5471, Train MAPE: 7.7544, Train R: 0.8321, Train RRSE: 0.5561, Test Loss: 2324.6508, Test Node Loss: 57.4158, Test Reg Loss: 22.6723, Test MAPE: 7.4637, Test R: 0.7974, Test RRSE: 0.6270
2025-02-10 16:49:52,511:INFO:Checkpoint saved at best_0.001_0.001_256_SAGE_3_32_0.7974_epoch_268.pth
2025-02-10 16:50:17,689:INFO:Epoch 269: Train Loss: 1948.6735, Train Node Loss: 60.9890, Train Reg Loss: 18.8768, Train MAPE: 7.8339, Train R: 0.8416, Train RRSE: 0.5465, Test Loss: 3184.7991, Test Node Loss: 53.1316, Test Reg Loss: 31.3167, Test MAPE: 7.7768, Test R: 0.7958, Test RRSE: 0.7369
2025-02-10 16:50:42,323:INFO:Epoch 270: Train Loss: 2009.7506, Train Node Loss: 57.0829, Train Reg Loss: 19.5267, Train MAPE: 7.8159, Train R: 0.8320, Train RRSE: 0.5558, Test Loss: 2271.8567, Test Node Loss: 60.1606, Test Reg Loss: 22.1170, Test MAPE: 7.7291, Test R: 0.7932, Test RRSE: 0.6193
2025-02-10 16:51:07,253:INFO:Epoch 271: Train Loss: 2065.0603, Train Node Loss: 57.6536, Train Reg Loss: 20.0741, Train MAPE: 7.9121, Train R: 0.8262, Train RRSE: 0.5636, Test Loss: 4169.1254, Test Node Loss: 47.1650, Test Reg Loss: 41.2196, Test MAPE: 8.1965, Test R: 0.7936, Test RRSE: 0.8454
2025-02-10 16:51:32,036:INFO:Epoch 272: Train Loss: 1896.9812, Train Node Loss: 57.4988, Train Reg Loss: 18.3948, Train MAPE: 7.8779, Train R: 0.8424, Train RRSE: 0.5395, Test Loss: 2244.7178, Test Node Loss: 59.3003, Test Reg Loss: 21.8542, Test MAPE: 7.4175, Test R: 0.7920, Test RRSE: 0.6156
2025-02-10 16:51:56,628:INFO:Epoch 273: Train Loss: 2126.5605, Train Node Loss: 58.1066, Train Reg Loss: 20.6845, Train MAPE: 7.9762, Train R: 0.8206, Train RRSE: 0.5721, Test Loss: 3820.5829, Test Node Loss: 48.1638, Test Reg Loss: 37.7242, Test MAPE: 8.0983, Test R: 0.7910, Test RRSE: 0.8088
2025-02-10 16:52:21,834:INFO:Epoch 274: Train Loss: 2356.9344, Train Node Loss: 55.2553, Train Reg Loss: 23.0168, Train MAPE: 8.0193, Train R: 0.7984, Train RRSE: 0.6035, Test Loss: 2236.4015, Test Node Loss: 52.7297, Test Reg Loss: 21.8367, Test MAPE: 7.6465, Test R: 0.7941, Test RRSE: 0.6153
2025-02-10 16:52:46,267:INFO:Epoch 275: Train Loss: 1995.3039, Train Node Loss: 50.1681, Train Reg Loss: 19.4514, Train MAPE: 7.8167, Train R: 0.8339, Train RRSE: 0.5548, Test Loss: 2471.7969, Test Node Loss: 49.2049, Test Reg Loss: 24.2259, Test MAPE: 7.6460, Test R: 0.7947, Test RRSE: 0.6481
2025-02-10 16:53:10,399:INFO:Epoch 276: Train Loss: 2060.4629, Train Node Loss: 49.9628, Train Reg Loss: 20.1050, Train MAPE: 7.8443, Train R: 0.8278, Train RRSE: 0.5640, Test Loss: 2539.3215, Test Node Loss: 51.7612, Test Reg Loss: 24.8756, Test MAPE: 7.6275, Test R: 0.7968, Test RRSE: 0.6568
2025-02-10 16:53:34,782:INFO:Epoch 277: Train Loss: 2627.2893, Train Node Loss: 53.2526, Train Reg Loss: 25.7404, Train MAPE: 7.9329, Train R: 0.7740, Train RRSE: 0.6382, Test Loss: 4738.3489, Test Node Loss: 37.7416, Test Reg Loss: 47.0061, Test MAPE: 8.1855, Test R: 0.7911, Test RRSE: 0.9028
2025-02-10 16:53:58,874:INFO:Epoch 278: Train Loss: 1998.4259, Train Node Loss: 48.5000, Train Reg Loss: 19.4993, Train MAPE: 7.8023, Train R: 0.8330, Train RRSE: 0.5554, Test Loss: 2282.5514, Test Node Loss: 49.0583, Test Reg Loss: 22.3349, Test MAPE: 7.5202, Test R: 0.7869, Test RRSE: 0.6223
2025-02-10 16:54:22,390:INFO:Epoch 279: Train Loss: 2042.0523, Train Node Loss: 45.6254, Train Reg Loss: 19.9643, Train MAPE: 7.8715, Train R: 0.8276, Train RRSE: 0.5620, Test Loss: 3226.0099, Test Node Loss: 40.6305, Test Reg Loss: 31.8538, Test MAPE: 7.7107, Test R: 0.7864, Test RRSE: 0.7432
2025-02-10 16:54:46,837:INFO:Epoch 280: Train Loss: 1974.2015, Train Node Loss: 44.5067, Train Reg Loss: 19.2969, Train MAPE: 7.7082, Train R: 0.8352, Train RRSE: 0.5526, Test Loss: 2811.2635, Test Node Loss: 47.3520, Test Reg Loss: 27.6391, Test MAPE: 7.7883, Test R: 0.7902, Test RRSE: 0.6923
2025-02-10 16:55:11,496:INFO:Epoch 281: Train Loss: 2205.1174, Train Node Loss: 48.0439, Train Reg Loss: 21.5707, Train MAPE: 8.1496, Train R: 0.8141, Train RRSE: 0.5842, Test Loss: 15436.4050, Test Node Loss: 32.2696, Test Reg Loss: 154.0414, Test MAPE: 12.4674, Test R: 0.7803, Test RRSE: 1.6343
2025-02-10 16:55:36,177:INFO:Epoch 282: Train Loss: 1978.9815, Train Node Loss: 46.0893, Train Reg Loss: 19.3289, Train MAPE: 7.9310, Train R: 0.8332, Train RRSE: 0.5530, Test Loss: 2480.6474, Test Node Loss: 48.3197, Test Reg Loss: 24.3233, Test MAPE: 7.6485, Test R: 0.7847, Test RRSE: 0.6494
2025-02-10 16:56:00,593:INFO:Epoch 283: Train Loss: 2041.6083, Train Node Loss: 41.7760, Train Reg Loss: 19.9983, Train MAPE: 7.7175, Train R: 0.8302, Train RRSE: 0.5625, Test Loss: 3197.8861, Test Node Loss: 43.3848, Test Reg Loss: 31.5450, Test MAPE: 7.7749, Test R: 0.7895, Test RRSE: 0.7396
2025-02-10 16:56:24,732:INFO:Epoch 284: Train Loss: 2155.1620, Train Node Loss: 48.2615, Train Reg Loss: 21.0690, Train MAPE: 8.0142, Train R: 0.8225, Train RRSE: 0.5774, Test Loss: 9541.4600, Test Node Loss: 35.0371, Test Reg Loss: 95.0642, Test MAPE: 10.4111, Test R: 0.7933, Test RRSE: 1.2839
2025-02-10 16:56:48,094:INFO:Epoch 285: Train Loss: 2245.7959, Train Node Loss: 44.1656, Train Reg Loss: 22.0163, Train MAPE: 8.0768, Train R: 0.8109, Train RRSE: 0.5902, Test Loss: 2314.2568, Test Node Loss: 48.2699, Test Reg Loss: 22.6599, Test MAPE: 7.5631, Test R: 0.7863, Test RRSE: 0.6268
2025-02-10 16:57:11,716:INFO:Epoch 286: Train Loss: 2125.2919, Train Node Loss: 42.1679, Train Reg Loss: 20.8312, Train MAPE: 7.6727, Train R: 0.8222, Train RRSE: 0.5741, Test Loss: 2968.9863, Test Node Loss: 39.8252, Test Reg Loss: 29.2916, Test MAPE: 7.7508, Test R: 0.7890, Test RRSE: 0.7127
2025-02-10 16:57:35,717:INFO:Epoch 287: Train Loss: 2039.1357, Train Node Loss: 44.6717, Train Reg Loss: 19.9446, Train MAPE: 7.9427, Train R: 0.8283, Train RRSE: 0.5618, Test Loss: 3130.2035, Test Node Loss: 39.9124, Test Reg Loss: 30.9029, Test MAPE: 7.8589, Test R: 0.7962, Test RRSE: 0.7320
2025-02-10 16:57:59,319:INFO:Epoch 288: Train Loss: 1999.9331, Train Node Loss: 40.5476, Train Reg Loss: 19.5939, Train MAPE: 7.8455, Train R: 0.8344, Train RRSE: 0.5568, Test Loss: 2510.7788, Test Node Loss: 45.3548, Test Reg Loss: 24.6542, Test MAPE: 8.0837, Test R: 0.7983, Test RRSE: 0.6538
2025-02-10 16:57:59,343:INFO:Checkpoint saved at best_0.001_0.001_256_SAGE_3_32_0.7983_epoch_288.pth
2025-02-10 16:58:22,851:INFO:Epoch 289: Train Loss: 2069.0944, Train Node Loss: 41.7452, Train Reg Loss: 20.2735, Train MAPE: 7.9624, Train R: 0.8264, Train RRSE: 0.5664, Test Loss: 2174.1729, Test Node Loss: 35.5490, Test Reg Loss: 21.3862, Test MAPE: 7.4721, Test R: 0.7940, Test RRSE: 0.6090
2025-02-10 16:58:47,112:INFO:Epoch 290: Train Loss: 2158.4479, Train Node Loss: 37.4316, Train Reg Loss: 21.2102, Train MAPE: 7.7578, Train R: 0.8160, Train RRSE: 0.5793, Test Loss: 2560.4851, Test Node Loss: 37.8873, Test Reg Loss: 25.2260, Test MAPE: 7.3336, Test R: 0.7972, Test RRSE: 0.6614
2025-02-10 16:59:11,599:INFO:Epoch 291: Train Loss: 1878.3348, Train Node Loss: 39.1112, Train Reg Loss: 18.3922, Train MAPE: 7.8685, Train R: 0.8425, Train RRSE: 0.5394, Test Loss: 3742.6458, Test Node Loss: 37.0098, Test Reg Loss: 37.0564, Test MAPE: 7.8978, Test R: 0.7929, Test RRSE: 0.8016
2025-02-10 16:59:35,901:INFO:Epoch 292: Train Loss: 1896.1493, Train Node Loss: 40.1647, Train Reg Loss: 18.5598, Train MAPE: 7.7643, Train R: 0.8426, Train RRSE: 0.5419, Test Loss: 8319.8154, Test Node Loss: 31.6713, Test Reg Loss: 82.8814, Test MAPE: 9.5814, Test R: 0.7818, Test RRSE: 1.1988
2025-02-10 17:00:00,341:INFO:Epoch 293: Train Loss: 1987.5191, Train Node Loss: 41.5826, Train Reg Loss: 19.4594, Train MAPE: 7.9787, Train R: 0.8320, Train RRSE: 0.5549, Test Loss: 4266.2885, Test Node Loss: 38.9050, Test Reg Loss: 42.2738, Test MAPE: 8.2691, Test R: 0.7925, Test RRSE: 0.8562
2025-02-10 17:00:24,621:INFO:Epoch 294: Train Loss: 1887.4204, Train Node Loss: 42.0482, Train Reg Loss: 18.4537, Train MAPE: 7.7919, Train R: 0.8423, Train RRSE: 0.5403, Test Loss: 4025.0031, Test Node Loss: 34.3950, Test Reg Loss: 39.9061, Test MAPE: 8.2091, Test R: 0.7867, Test RRSE: 0.8318
2025-02-10 17:00:49,072:INFO:Epoch 295: Train Loss: 1899.5213, Train Node Loss: 40.1817, Train Reg Loss: 18.5934, Train MAPE: 8.1102, Train R: 0.8410, Train RRSE: 0.5424, Test Loss: 2482.8406, Test Node Loss: 39.9022, Test Reg Loss: 24.4294, Test MAPE: 7.5968, Test R: 0.7986, Test RRSE: 0.6508
2025-02-10 17:00:49,103:INFO:Checkpoint saved at best_0.001_0.001_256_SAGE_3_32_0.7986_epoch_295.pth
2025-02-10 17:01:13,992:INFO:Epoch 296: Train Loss: 1919.9378, Train Node Loss: 39.8240, Train Reg Loss: 18.8011, Train MAPE: 7.9489, Train R: 0.8389, Train RRSE: 0.5454, Test Loss: 2251.7441, Test Node Loss: 41.2153, Test Reg Loss: 22.1053, Test MAPE: 7.7244, Test R: 0.7976, Test RRSE: 0.6191
2025-02-10 17:01:38,992:INFO:Epoch 297: Train Loss: 1832.1755, Train Node Loss: 41.0218, Train Reg Loss: 17.9115, Train MAPE: 7.8970, Train R: 0.8470, Train RRSE: 0.5323, Test Loss: 3589.9499, Test Node Loss: 36.8217, Test Reg Loss: 35.5313, Test MAPE: 7.8167, Test R: 0.7768, Test RRSE: 0.7849
2025-02-10 17:02:03,752:INFO:Epoch 298: Train Loss: 1944.8138, Train Node Loss: 39.4242, Train Reg Loss: 19.0539, Train MAPE: 7.8123, Train R: 0.8377, Train RRSE: 0.5491, Test Loss: 2410.0946, Test Node Loss: 41.3403, Test Reg Loss: 23.6875, Test MAPE: 7.9749, Test R: 0.7948, Test RRSE: 0.6409
2025-02-10 17:02:28,621:INFO:Epoch 299: Train Loss: 1863.5066, Train Node Loss: 42.3710, Train Reg Loss: 18.2114, Train MAPE: 8.1807, Train R: 0.8475, Train RRSE: 0.5368, Test Loss: 7228.0182, Test Node Loss: 29.6385, Test Reg Loss: 71.9838, Test MAPE: 9.3200, Test R: 0.7945, Test RRSE: 1.1172
2025-02-10 17:02:53,024:INFO:Epoch 300: Train Loss: 2016.5964, Train Node Loss: 36.3906, Train Reg Loss: 19.8021, Train MAPE: 7.6940, Train R: 0.8325, Train RRSE: 0.5597, Test Loss: 4785.4900, Test Node Loss: 45.1819, Test Reg Loss: 47.4031, Test MAPE: 9.3597, Test R: 0.7980, Test RRSE: 0.9066
2025-02-10 17:02:53,024:INFO:Best performance at epoch 295 with Test MAPE: 0.7986
