2025-02-10 14:55:32,557:INFO:Learning rate: 0.0008
2025-02-10 14:55:32,558:INFO:Weight decay: 0.001
2025-02-10 14:55:32,558:INFO:Batch size: 32
2025-02-10 14:55:32,558:INFO:Number of layers: 2
2025-02-10 14:55:32,558:INFO:Convolution type: SAGE
2025-02-10 14:55:32,558:INFO:Convolution neurons: 256
2025-02-10 15:00:13,464:INFO:Learning rate: 0.0008
2025-02-10 15:00:13,465:INFO:Weight decay: 0.001
2025-02-10 15:00:13,465:INFO:Batch size: 32
2025-02-10 15:00:13,465:INFO:Number of layers: 2
2025-02-10 15:00:13,465:INFO:Convolution type: SAGE
2025-02-10 15:00:13,465:INFO:Convolution neurons: 256
2025-02-10 15:00:28,014:INFO:Epoch 1: Train Loss: 920079.2811, Train Node Loss: 12.4118, Train Reg Loss: 9200.6687, Train MAPE: 98.6293, Train R: 0.0310, Train RRSE: 12.0654, Test Loss: 860772.8069, Test Node Loss: 81.1339, Test Reg Loss: 8606.9167, Test MAPE: 95.7367, Test R: 0.7857, Test RRSE: 12.2165
2025-02-10 15:00:28,050:INFO:Checkpoint saved at best_0.0008_0.001_256_SAGE_2_32_0.7857_epoch_1.pth
2025-02-10 15:00:41,967:INFO:Epoch 2: Train Loss: 737079.6199, Train Node Loss: 717.3371, Train Reg Loss: 7363.6229, Train MAPE: 87.9362, Train R: 0.0893, Train RRSE: 10.7939, Test Loss: 369586.4703, Test Node Loss: 4684.6901, Test Reg Loss: 3649.0178, Test MAPE: 61.9650, Test R: 0.7805, Test RRSE: 7.9545
2025-02-10 15:00:55,978:INFO:Epoch 3: Train Loss: 196843.9454, Train Node Loss: 11471.8002, Train Reg Loss: 1853.7214, Train MAPE: 37.7942, Train R: 0.0997, Train RRSE: 5.4157, Test Loss: 515518.4858, Test Node Loss: 54913.0158, Test Reg Loss: 4606.0547, Test MAPE: 71.0916, Test R: 0.7807, Test RRSE: 8.9369
2025-02-10 15:01:10,419:INFO:Epoch 4: Train Loss: 97309.3692, Train Node Loss: 29909.5880, Train Reg Loss: 673.9978, Train MAPE: 25.3447, Train R: 0.3720, Train RRSE: 3.2656, Test Loss: 30006.8934, Test Node Loss: 23681.7473, Test Reg Loss: 63.2515, Test MAPE: 9.1472, Test R: 0.7819, Test RRSE: 1.0473
2025-02-10 15:01:24,814:INFO:Epoch 5: Train Loss: 49366.8912, Train Node Loss: 15346.9962, Train Reg Loss: 340.1989, Train MAPE: 16.6958, Train R: 0.2982, Train RRSE: 2.3200, Test Loss: 32805.8564, Test Node Loss: 16743.8005, Test Reg Loss: 160.6206, Test MAPE: 11.5417, Test R: 0.7829, Test RRSE: 1.6689
2025-02-10 15:01:39,119:INFO:Epoch 6: Train Loss: 30876.9379, Train Node Loss: 18011.2106, Train Reg Loss: 128.6573, Train MAPE: 10.4209, Train R: 0.3087, Train RRSE: 1.4267, Test Loss: 54392.2489, Test Node Loss: 25365.6484, Test Reg Loss: 290.2660, Test MAPE: 17.9465, Test R: 0.7827, Test RRSE: 2.2435
2025-02-10 15:01:53,441:INFO:Epoch 7: Train Loss: 28184.4808, Train Node Loss: 21148.4177, Train Reg Loss: 70.3606, Train MAPE: 9.4957, Train R: 0.6623, Train RRSE: 1.0551, Test Loss: 21789.0113, Test Node Loss: 19061.8327, Test Reg Loss: 27.2718, Test MAPE: 6.7608, Test R: 0.7822, Test RRSE: 0.6877
2025-02-10 15:02:07,990:INFO:Epoch 8: Train Loss: 24015.8164, Train Node Loss: 16580.8271, Train Reg Loss: 74.3499, Train MAPE: 8.0928, Train R: 0.7090, Train RRSE: 1.0846, Test Loss: 20473.0340, Test Node Loss: 16754.2665, Test Reg Loss: 37.1877, Test MAPE: 6.6385, Test R: 0.7821, Test RRSE: 0.8030
2025-02-10 15:02:22,178:INFO:Epoch 9: Train Loss: 21386.2157, Train Node Loss: 17184.2322, Train Reg Loss: 42.0198, Train MAPE: 7.1849, Train R: 0.5843, Train RRSE: 0.8154, Test Loss: 21885.4073, Test Node Loss: 17675.8055, Test Reg Loss: 42.0960, Test MAPE: 8.0847, Test R: 0.7824, Test RRSE: 0.8544
2025-02-10 15:02:36,582:INFO:Epoch 10: Train Loss: 19669.3057, Train Node Loss: 16397.6364, Train Reg Loss: 32.7167, Train MAPE: 6.9186, Train R: 0.7185, Train RRSE: 0.7195, Test Loss: 18637.5394, Test Node Loss: 14565.6749, Test Reg Loss: 40.7186, Test MAPE: 6.7999, Test R: 0.7822, Test RRSE: 0.8403
2025-02-10 15:02:51,149:INFO:Epoch 11: Train Loss: 19144.6915, Train Node Loss: 14607.5448, Train Reg Loss: 45.3715, Train MAPE: 6.9819, Train R: 0.6996, Train RRSE: 0.8473, Test Loss: 17226.0282, Test Node Loss: 14518.6351, Test Reg Loss: 27.0739, Test MAPE: 6.5226, Test R: 0.7821, Test RRSE: 0.6852
2025-02-10 15:03:05,799:INFO:Epoch 12: Train Loss: 17951.5539, Train Node Loss: 14534.3511, Train Reg Loss: 34.1720, Train MAPE: 6.8567, Train R: 0.7184, Train RRSE: 0.7353, Test Loss: 16448.5922, Test Node Loss: 13506.3800, Test Reg Loss: 29.4221, Test MAPE: 6.5376, Test R: 0.7820, Test RRSE: 0.7143
2025-02-10 15:03:20,070:INFO:Epoch 13: Train Loss: 17017.2283, Train Node Loss: 13586.5013, Train Reg Loss: 34.3073, Train MAPE: 6.7726, Train R: 0.7381, Train RRSE: 0.7368, Test Loss: 15765.2792, Test Node Loss: 12832.0728, Test Reg Loss: 29.3321, Test MAPE: 6.4770, Test R: 0.7817, Test RRSE: 0.7132
2025-02-10 15:03:34,752:INFO:Epoch 14: Train Loss: 16436.3570, Train Node Loss: 12831.0679, Train Reg Loss: 36.0529, Train MAPE: 6.7446, Train R: 0.7292, Train RRSE: 0.7553, Test Loss: 15134.7227, Test Node Loss: 12210.9951, Test Reg Loss: 29.2373, Test MAPE: 6.5222, Test R: 0.7813, Test RRSE: 0.7120
2025-02-10 15:03:49,436:INFO:Epoch 15: Train Loss: 15820.3807, Train Node Loss: 12502.6799, Train Reg Loss: 33.1770, Train MAPE: 6.9110, Train R: 0.7293, Train RRSE: 0.7245, Test Loss: 14531.4475, Test Node Loss: 11689.4917, Test Reg Loss: 28.4196, Test MAPE: 6.5359, Test R: 0.7807, Test RRSE: 0.7020
2025-02-10 15:04:03,897:INFO:Epoch 16: Train Loss: 15154.2133, Train Node Loss: 11663.6113, Train Reg Loss: 34.9060, Train MAPE: 6.8041, Train R: 0.7381, Train RRSE: 0.7432, Test Loss: 14011.0457, Test Node Loss: 11125.7391, Test Reg Loss: 28.8531, Test MAPE: 6.5051, Test R: 0.7801, Test RRSE: 0.7073
2025-02-10 15:04:18,505:INFO:Epoch 17: Train Loss: 14536.5304, Train Node Loss: 11267.6053, Train Reg Loss: 32.6893, Train MAPE: 6.8479, Train R: 0.7419, Train RRSE: 0.7192, Test Loss: 13477.7711, Test Node Loss: 10757.4645, Test Reg Loss: 27.2031, Test MAPE: 6.5882, Test R: 0.7793, Test RRSE: 0.6868
2025-02-10 15:04:33,179:INFO:Epoch 18: Train Loss: 14067.6671, Train Node Loss: 10681.1875, Train Reg Loss: 33.8648, Train MAPE: 6.8034, Train R: 0.7449, Train RRSE: 0.7320, Test Loss: 13043.7708, Test Node Loss: 10218.7341, Test Reg Loss: 28.2504, Test MAPE: 6.5330, Test R: 0.7786, Test RRSE: 0.6999
2025-02-10 15:04:47,547:INFO:Epoch 19: Train Loss: 13668.1880, Train Node Loss: 10330.1643, Train Reg Loss: 33.3802, Train MAPE: 6.8488, Train R: 0.7328, Train RRSE: 0.7267, Test Loss: 12579.2223, Test Node Loss: 9898.7275, Test Reg Loss: 26.8049, Test MAPE: 6.6239, Test R: 0.7778, Test RRSE: 0.6818
2025-02-10 15:05:02,274:INFO:Epoch 20: Train Loss: 13172.0753, Train Node Loss: 10050.6704, Train Reg Loss: 31.2140, Train MAPE: 6.9393, Train R: 0.7450, Train RRSE: 0.7028, Test Loss: 12192.5003, Test Node Loss: 9449.3211, Test Reg Loss: 27.4318, Test MAPE: 6.6235, Test R: 0.7769, Test RRSE: 0.6897
2025-02-10 15:05:16,874:INFO:Epoch 21: Train Loss: 12812.3026, Train Node Loss: 9409.8383, Train Reg Loss: 34.0246, Train MAPE: 6.7821, Train R: 0.7418, Train RRSE: 0.7337, Test Loss: 11816.6764, Test Node Loss: 9120.0015, Test Reg Loss: 26.9667, Test MAPE: 6.6446, Test R: 0.7761, Test RRSE: 0.6838
2025-02-10 15:05:31,467:INFO:Epoch 22: Train Loss: 12535.1955, Train Node Loss: 9368.4561, Train Reg Loss: 31.6674, Train MAPE: 7.0544, Train R: 0.7321, Train RRSE: 0.7078, Test Loss: 11586.5396, Test Node Loss: 8643.3935, Test Reg Loss: 29.4315, Test MAPE: 6.6522, Test R: 0.7753, Test RRSE: 0.7144
2025-02-10 15:05:46,180:INFO:Epoch 23: Train Loss: 12238.4022, Train Node Loss: 8691.7596, Train Reg Loss: 35.4664, Train MAPE: 6.9127, Train R: 0.7264, Train RRSE: 0.7491, Test Loss: 11151.2938, Test Node Loss: 8595.0189, Test Reg Loss: 25.5627, Test MAPE: 6.7896, Test R: 0.7746, Test RRSE: 0.6658
2025-02-10 15:06:00,436:INFO:Epoch 24: Train Loss: 11648.9688, Train Node Loss: 8628.1199, Train Reg Loss: 30.2085, Train MAPE: 7.0252, Train R: 0.7500, Train RRSE: 0.6913, Test Loss: 10889.0134, Test Node Loss: 8102.8201, Test Reg Loss: 27.8619, Test MAPE: 6.7567, Test R: 0.7738, Test RRSE: 0.6951
2025-02-10 15:06:15,158:INFO:Epoch 25: Train Loss: 11365.4288, Train Node Loss: 8234.0071, Train Reg Loss: 31.3142, Train MAPE: 7.0290, Train R: 0.7423, Train RRSE: 0.7039, Test Loss: 10539.5864, Test Node Loss: 7981.6725, Test Reg Loss: 25.5791, Test MAPE: 6.6687, Test R: 0.7731, Test RRSE: 0.6660
2025-02-10 15:06:29,579:INFO:Epoch 26: Train Loss: 11277.6688, Train Node Loss: 7922.4697, Train Reg Loss: 33.5520, Train MAPE: 7.0080, Train R: 0.7166, Train RRSE: 0.7286, Test Loss: 10263.3311, Test Node Loss: 7703.3663, Test Reg Loss: 25.5996, Test MAPE: 6.8091, Test R: 0.7725, Test RRSE: 0.6663
2025-02-10 15:06:44,291:INFO:Epoch 27: Train Loss: 10913.5272, Train Node Loss: 7732.6005, Train Reg Loss: 31.8093, Train MAPE: 7.0484, Train R: 0.7300, Train RRSE: 0.7094, Test Loss: 10058.4691, Test Node Loss: 7326.7046, Test Reg Loss: 27.3176, Test MAPE: 6.7085, Test R: 0.7722, Test RRSE: 0.6882
2025-02-10 15:06:58,659:INFO:Epoch 28: Train Loss: 10527.3827, Train Node Loss: 7469.0687, Train Reg Loss: 30.5831, Train MAPE: 7.0064, Train R: 0.7475, Train RRSE: 0.6956, Test Loss: 9807.2566, Test Node Loss: 7305.6834, Test Reg Loss: 25.0157, Test MAPE: 6.8560, Test R: 0.7715, Test RRSE: 0.6586
2025-02-10 15:07:13,365:INFO:Epoch 29: Train Loss: 10285.0245, Train Node Loss: 7354.5576, Train Reg Loss: 29.3047, Train MAPE: 7.0719, Train R: 0.7508, Train RRSE: 0.6809, Test Loss: 10017.2195, Test Node Loss: 6661.1538, Test Reg Loss: 33.5607, Test MAPE: 6.7414, Test R: 0.7708, Test RRSE: 0.7628
2025-02-10 15:07:27,666:INFO:Epoch 30: Train Loss: 10380.5618, Train Node Loss: 6866.4379, Train Reg Loss: 35.1412, Train MAPE: 7.1312, Train R: 0.7081, Train RRSE: 0.7457, Test Loss: 9421.4086, Test Node Loss: 6914.7463, Test Reg Loss: 25.0666, Test MAPE: 7.0178, Test R: 0.7705, Test RRSE: 0.6593
2025-02-10 15:07:42,344:INFO:Epoch 31: Train Loss: 9894.1419, Train Node Loss: 6785.7055, Train Reg Loss: 31.0844, Train MAPE: 7.1604, Train R: 0.7334, Train RRSE: 0.7013, Test Loss: 9104.1889, Test Node Loss: 6499.4782, Test Reg Loss: 26.0471, Test MAPE: 6.8821, Test R: 0.7696, Test RRSE: 0.6721
2025-02-10 15:07:56,969:INFO:Epoch 32: Train Loss: 9697.1445, Train Node Loss: 6620.8966, Train Reg Loss: 30.7625, Train MAPE: 7.0969, Train R: 0.7321, Train RRSE: 0.6977, Test Loss: 8887.8434, Test Node Loss: 6330.3130, Test Reg Loss: 25.5753, Test MAPE: 6.9046, Test R: 0.7694, Test RRSE: 0.6659
2025-02-10 15:08:11,325:INFO:Epoch 33: Train Loss: 9604.0669, Train Node Loss: 6357.4338, Train Reg Loss: 32.4663, Train MAPE: 7.0320, Train R: 0.7198, Train RRSE: 0.7167, Test Loss: 8690.7699, Test Node Loss: 6153.2981, Test Reg Loss: 25.3747, Test MAPE: 6.8403, Test R: 0.7695, Test RRSE: 0.6633
2025-02-10 15:08:25,502:INFO:Epoch 34: Train Loss: 9231.3023, Train Node Loss: 6306.4150, Train Reg Loss: 29.2489, Train MAPE: 7.2186, Train R: 0.7476, Train RRSE: 0.6803, Test Loss: 8592.6313, Test Node Loss: 5882.3153, Test Reg Loss: 27.1032, Test MAPE: 6.8189, Test R: 0.7692, Test RRSE: 0.6855
2025-02-10 15:08:40,249:INFO:Epoch 35: Train Loss: 9465.8624, Train Node Loss: 5889.9757, Train Reg Loss: 35.7589, Train MAPE: 7.0918, Train R: 0.6998, Train RRSE: 0.7522, Test Loss: 9261.2487, Test Node Loss: 6203.4702, Test Reg Loss: 30.5778, Test MAPE: 7.6026, Test R: 0.7697, Test RRSE: 0.7282
2025-02-10 15:08:54,721:INFO:Epoch 36: Train Loss: 9237.0799, Train Node Loss: 6015.1885, Train Reg Loss: 32.2189, Train MAPE: 7.3704, Train R: 0.7087, Train RRSE: 0.7140, Test Loss: 8861.2306, Test Node Loss: 5366.9445, Test Reg Loss: 34.9429, Test MAPE: 7.0929, Test R: 0.7693, Test RRSE: 0.7784
2025-02-10 15:09:09,448:INFO:Epoch 37: Train Loss: 8983.0768, Train Node Loss: 5706.0317, Train Reg Loss: 32.7705, Train MAPE: 7.3162, Train R: 0.7003, Train RRSE: 0.7201, Test Loss: 8076.3568, Test Node Loss: 5617.6881, Test Reg Loss: 24.5867, Test MAPE: 6.9815, Test R: 0.7690, Test RRSE: 0.6529
2025-02-10 15:09:23,748:INFO:Epoch 38: Train Loss: 8670.5651, Train Node Loss: 5522.9602, Train Reg Loss: 31.4760, Train MAPE: 7.1061, Train R: 0.7268, Train RRSE: 0.7057, Test Loss: 7869.5816, Test Node Loss: 5333.0282, Test Reg Loss: 25.3655, Test MAPE: 6.9042, Test R: 0.7687, Test RRSE: 0.6632
2025-02-10 15:09:38,344:INFO:Epoch 39: Train Loss: 8621.4544, Train Node Loss: 5328.8021, Train Reg Loss: 32.9265, Train MAPE: 7.2187, Train R: 0.7173, Train RRSE: 0.7218, Test Loss: 8211.6680, Test Node Loss: 5481.8550, Test Reg Loss: 27.2981, Test MAPE: 7.3811, Test R: 0.7690, Test RRSE: 0.6880
2025-02-10 15:09:53,221:INFO:Epoch 40: Train Loss: 8309.9162, Train Node Loss: 5334.4848, Train Reg Loss: 29.7543, Train MAPE: 7.3586, Train R: 0.7328, Train RRSE: 0.6861, Test Loss: 8031.0268, Test Node Loss: 4873.7123, Test Reg Loss: 31.5731, Test MAPE: 6.9292, Test R: 0.7692, Test RRSE: 0.7399
2025-02-10 15:10:07,868:INFO:Epoch 41: Train Loss: 8237.1608, Train Node Loss: 5126.0432, Train Reg Loss: 31.1112, Train MAPE: 7.2986, Train R: 0.7214, Train RRSE: 0.7016, Test Loss: 7461.4624, Test Node Loss: 5029.6002, Test Reg Loss: 24.3186, Test MAPE: 7.0384, Test R: 0.7707, Test RRSE: 0.6494
2025-02-10 15:10:22,588:INFO:Epoch 42: Train Loss: 7856.9336, Train Node Loss: 5031.0202, Train Reg Loss: 28.2591, Train MAPE: 7.1927, Train R: 0.7574, Train RRSE: 0.6687, Test Loss: 7362.3966, Test Node Loss: 4770.2174, Test Reg Loss: 25.9218, Test MAPE: 6.8436, Test R: 0.7711, Test RRSE: 0.6704
2025-02-10 15:10:37,318:INFO:Epoch 43: Train Loss: 7869.6570, Train Node Loss: 4892.2812, Train Reg Loss: 29.7738, Train MAPE: 7.1194, Train R: 0.7410, Train RRSE: 0.6864, Test Loss: 7245.2369, Test Node Loss: 4650.9326, Test Reg Loss: 25.9430, Test MAPE: 6.8656, Test R: 0.7713, Test RRSE: 0.6707
2025-02-10 15:10:52,141:INFO:Epoch 44: Train Loss: 7831.7069, Train Node Loss: 4721.1395, Train Reg Loss: 31.1057, Train MAPE: 7.2545, Train R: 0.7297, Train RRSE: 0.7015, Test Loss: 7246.5906, Test Node Loss: 4755.8337, Test Reg Loss: 24.9076, Test MAPE: 7.1908, Test R: 0.7717, Test RRSE: 0.6572
2025-02-10 15:11:07,009:INFO:Epoch 45: Train Loss: 7746.1284, Train Node Loss: 4669.8742, Train Reg Loss: 30.7625, Train MAPE: 7.3015, Train R: 0.7220, Train RRSE: 0.6977, Test Loss: 7029.5227, Test Node Loss: 4419.3163, Test Reg Loss: 26.1021, Test MAPE: 7.0288, Test R: 0.7715, Test RRSE: 0.6728
2025-02-10 15:11:21,721:INFO:Epoch 46: Train Loss: 7643.6989, Train Node Loss: 4606.0741, Train Reg Loss: 30.3762, Train MAPE: 7.4633, Train R: 0.7251, Train RRSE: 0.6933, Test Loss: 7387.5209, Test Node Loss: 4183.9413, Test Reg Loss: 32.0358, Test MAPE: 7.0558, Test R: 0.7716, Test RRSE: 0.7453
2025-02-10 15:11:36,682:INFO:Epoch 47: Train Loss: 7798.0172, Train Node Loss: 4431.5616, Train Reg Loss: 33.6646, Train MAPE: 7.4574, Train R: 0.6870, Train RRSE: 0.7298, Test Loss: 6725.9676, Test Node Loss: 4321.5829, Test Reg Loss: 24.0438, Test MAPE: 7.0091, Test R: 0.7726, Test RRSE: 0.6457
2025-02-10 15:11:51,017:INFO:Epoch 48: Train Loss: 7400.8287, Train Node Loss: 4277.9568, Train Reg Loss: 31.2287, Train MAPE: 7.2657, Train R: 0.7284, Train RRSE: 0.7029, Test Loss: 6762.9813, Test Node Loss: 4311.2338, Test Reg Loss: 24.5175, Test MAPE: 7.1996, Test R: 0.7731, Test RRSE: 0.6520
2025-02-10 15:12:05,852:INFO:Epoch 49: Train Loss: 7435.2387, Train Node Loss: 4227.7760, Train Reg Loss: 32.0746, Train MAPE: 7.2265, Train R: 0.7107, Train RRSE: 0.7124, Test Loss: 6574.9490, Test Node Loss: 4176.0677, Test Reg Loss: 23.9888, Test MAPE: 7.0323, Test R: 0.7738, Test RRSE: 0.6450
2025-02-10 15:12:20,405:INFO:Epoch 50: Train Loss: 7151.5928, Train Node Loss: 4146.3995, Train Reg Loss: 30.0519, Train MAPE: 7.2720, Train R: 0.7322, Train RRSE: 0.6896, Test Loss: 6424.0266, Test Node Loss: 4030.2987, Test Reg Loss: 23.9373, Test MAPE: 7.0104, Test R: 0.7743, Test RRSE: 0.6443
2025-02-10 15:12:35,316:INFO:Epoch 51: Train Loss: 7037.4303, Train Node Loss: 4043.2870, Train Reg Loss: 29.9414, Train MAPE: 7.2290, Train R: 0.7366, Train RRSE: 0.6883, Test Loss: 6359.6205, Test Node Loss: 3977.9023, Test Reg Loss: 23.8172, Test MAPE: 7.0561, Test R: 0.7747, Test RRSE: 0.6426
2025-02-10 15:12:50,113:INFO:Epoch 52: Train Loss: 6917.7730, Train Node Loss: 3969.4462, Train Reg Loss: 29.4833, Train MAPE: 7.3462, Train R: 0.7381, Train RRSE: 0.6830, Test Loss: 6273.5938, Test Node Loss: 3895.4636, Test Reg Loss: 23.7813, Test MAPE: 7.0649, Test R: 0.7748, Test RRSE: 0.6422
2025-02-10 15:13:04,999:INFO:Epoch 53: Train Loss: 6796.5190, Train Node Loss: 3909.9280, Train Reg Loss: 28.8659, Train MAPE: 7.3595, Train R: 0.7431, Train RRSE: 0.6758, Test Loss: 6153.5443, Test Node Loss: 3766.0725, Test Reg Loss: 23.8747, Test MAPE: 7.0036, Test R: 0.7751, Test RRSE: 0.6434
2025-02-10 15:13:19,798:INFO:Epoch 54: Train Loss: 6779.0030, Train Node Loss: 3735.4997, Train Reg Loss: 30.4350, Train MAPE: 7.0773, Train R: 0.7420, Train RRSE: 0.6939, Test Loss: 7171.1013, Test Node Loss: 3956.7357, Test Reg Loss: 32.1437, Test MAPE: 7.8993, Test R: 0.7754, Test RRSE: 0.7466
2025-02-10 15:13:34,695:INFO:Epoch 55: Train Loss: 6865.5131, Train Node Loss: 3785.0555, Train Reg Loss: 30.8046, Train MAPE: 7.5221, Train R: 0.7179, Train RRSE: 0.6981, Test Loss: 7381.8193, Test Node Loss: 3325.3443, Test Reg Loss: 40.5648, Test MAPE: 7.4310, Test R: 0.7753, Test RRSE: 0.8387
2025-02-10 15:13:49,228:INFO:Epoch 56: Train Loss: 7065.1074, Train Node Loss: 3657.3306, Train Reg Loss: 34.0778, Train MAPE: 7.4128, Train R: 0.6794, Train RRSE: 0.7343, Test Loss: 6012.2266, Test Node Loss: 3465.5422, Test Reg Loss: 25.4668, Test MAPE: 7.0148, Test R: 0.7751, Test RRSE: 0.6645
2025-02-10 15:14:04,092:INFO:Epoch 57: Train Loss: 6492.6143, Train Node Loss: 3541.7914, Train Reg Loss: 29.5082, Train MAPE: 7.2599, Train R: 0.7435, Train RRSE: 0.6833, Test Loss: 5839.5560, Test Node Loss: 3472.5536, Test Reg Loss: 23.6700, Test MAPE: 7.0419, Test R: 0.7753, Test RRSE: 0.6407
2025-02-10 15:14:19,118:INFO:Epoch 58: Train Loss: 6377.1949, Train Node Loss: 3552.4896, Train Reg Loss: 28.2471, Train MAPE: 7.3864, Train R: 0.7489, Train RRSE: 0.6685, Test Loss: 6814.9630, Test Node Loss: 3164.5489, Test Reg Loss: 36.5041, Test MAPE: 7.2769, Test R: 0.7758, Test RRSE: 0.7956
2025-02-10 15:14:34,088:INFO:Epoch 59: Train Loss: 6605.5610, Train Node Loss: 3418.0211, Train Reg Loss: 31.8754, Train MAPE: 7.4800, Train R: 0.7077, Train RRSE: 0.7102, Test Loss: 5695.6337, Test Node Loss: 3337.0907, Test Reg Loss: 23.5854, Test MAPE: 7.0187, Test R: 0.7759, Test RRSE: 0.6395
2025-02-10 15:14:48,510:INFO:Epoch 60: Train Loss: 6169.7318, Train Node Loss: 3344.0846, Train Reg Loss: 28.2565, Train MAPE: 7.4027, Train R: 0.7522, Train RRSE: 0.6686, Test Loss: 5657.7140, Test Node Loss: 3307.3710, Test Reg Loss: 23.5034, Test MAPE: 7.1583, Test R: 0.7769, Test RRSE: 0.6384
2025-02-10 15:15:02,815:INFO:Epoch 61: Train Loss: 6164.2006, Train Node Loss: 3311.6245, Train Reg Loss: 28.5258, Train MAPE: 7.3554, Train R: 0.7455, Train RRSE: 0.6718, Test Loss: 5645.7431, Test Node Loss: 3140.5091, Test Reg Loss: 25.0523, Test MAPE: 6.9866, Test R: 0.7769, Test RRSE: 0.6591
2025-02-10 15:15:16,992:INFO:Epoch 62: Train Loss: 6184.2047, Train Node Loss: 3231.3175, Train Reg Loss: 29.5289, Train MAPE: 7.3456, Train R: 0.7360, Train RRSE: 0.6835, Test Loss: 5613.2094, Test Node Loss: 3071.2675, Test Reg Loss: 25.4194, Test MAPE: 7.0572, Test R: 0.7770, Test RRSE: 0.6639
2025-02-10 15:15:31,203:INFO:Epoch 63: Train Loss: 6014.5745, Train Node Loss: 3169.0407, Train Reg Loss: 28.4553, Train MAPE: 7.3849, Train R: 0.7478, Train RRSE: 0.6710, Test Loss: 5440.6738, Test Node Loss: 3068.1228, Test Reg Loss: 23.7255, Test MAPE: 7.0481, Test R: 0.7774, Test RRSE: 0.6414
2025-02-10 15:15:45,460:INFO:Epoch 64: Train Loss: 5965.3737, Train Node Loss: 3089.6445, Train Reg Loss: 28.7573, Train MAPE: 7.3103, Train R: 0.7487, Train RRSE: 0.6745, Test Loss: 5488.4019, Test Node Loss: 3100.5260, Test Reg Loss: 23.8788, Test MAPE: 7.2063, Test R: 0.7765, Test RRSE: 0.6435
2025-02-10 15:15:59,738:INFO:Epoch 65: Train Loss: 5925.7139, Train Node Loss: 3077.9786, Train Reg Loss: 28.4774, Train MAPE: 7.4717, Train R: 0.7445, Train RRSE: 0.6712, Test Loss: 5592.9149, Test Node Loss: 2861.6614, Test Reg Loss: 27.3125, Test MAPE: 6.9963, Test R: 0.7773, Test RRSE: 0.6882
2025-02-10 15:16:14,148:INFO:Epoch 66: Train Loss: 6165.0185, Train Node Loss: 3027.1591, Train Reg Loss: 31.3786, Train MAPE: 7.5259, Train R: 0.7100, Train RRSE: 0.7046, Test Loss: 5742.8066, Test Node Loss: 2774.2812, Test Reg Loss: 29.6853, Test MAPE: 7.0769, Test R: 0.7775, Test RRSE: 0.7175
2025-02-10 15:16:28,486:INFO:Epoch 67: Train Loss: 6529.7379, Train Node Loss: 2956.2189, Train Reg Loss: 35.7352, Train MAPE: 7.8262, Train R: 0.6618, Train RRSE: 0.7519, Test Loss: 5230.1641, Test Node Loss: 2825.7126, Test Reg Loss: 24.0445, Test MAPE: 7.0554, Test R: 0.7787, Test RRSE: 0.6457
2025-02-10 15:16:42,737:INFO:Epoch 68: Train Loss: 6350.7847, Train Node Loss: 2813.4814, Train Reg Loss: 35.3730, Train MAPE: 7.4068, Train R: 0.6887, Train RRSE: 0.7481, Test Loss: 6713.5997, Test Node Loss: 3065.3534, Test Reg Loss: 36.4825, Test MAPE: 8.2771, Test R: 0.7787, Test RRSE: 0.7954
2025-02-10 15:16:56,970:INFO:Epoch 69: Train Loss: 6191.8753, Train Node Loss: 2819.0125, Train Reg Loss: 33.7286, Train MAPE: 7.5753, Train R: 0.6876, Train RRSE: 0.7305, Test Loss: 6007.1412, Test Node Loss: 2953.3579, Test Reg Loss: 30.5378, Test MAPE: 7.8407, Test R: 0.7784, Test RRSE: 0.7277
2025-02-10 15:17:11,272:INFO:Epoch 70: Train Loss: 5894.4698, Train Node Loss: 2797.2217, Train Reg Loss: 30.9725, Train MAPE: 7.4236, Train R: 0.7156, Train RRSE: 0.7000, Test Loss: 5061.5079, Test Node Loss: 2693.4477, Test Reg Loss: 23.6806, Test MAPE: 6.9552, Test R: 0.7794, Test RRSE: 0.6408
2025-02-10 15:17:25,561:INFO:Epoch 71: Train Loss: 6009.9865, Train Node Loss: 2746.2351, Train Reg Loss: 32.6375, Train MAPE: 7.4219, Train R: 0.6969, Train RRSE: 0.7186, Test Loss: 5095.9393, Test Node Loss: 2613.3200, Test Reg Loss: 24.8262, Test MAPE: 7.0625, Test R: 0.7794, Test RRSE: 0.6561
2025-02-10 15:17:39,993:INFO:Epoch 72: Train Loss: 5526.3810, Train Node Loss: 2719.0375, Train Reg Loss: 28.0734, Train MAPE: 7.3522, Train R: 0.7511, Train RRSE: 0.6665, Test Loss: 5125.2915, Test Node Loss: 2707.0498, Test Reg Loss: 24.1824, Test MAPE: 7.3583, Test R: 0.7794, Test RRSE: 0.6475
2025-02-10 15:17:54,266:INFO:Epoch 73: Train Loss: 5324.6042, Train Node Loss: 2656.5401, Train Reg Loss: 26.6806, Train MAPE: 7.3543, Train R: 0.7673, Train RRSE: 0.6497, Test Loss: 4915.9592, Test Node Loss: 2604.3830, Test Reg Loss: 23.1158, Test MAPE: 7.1500, Test R: 0.7794, Test RRSE: 0.6331
2025-02-10 15:18:08,640:INFO:Epoch 74: Train Loss: 5488.7982, Train Node Loss: 2616.0234, Train Reg Loss: 28.7277, Train MAPE: 7.3936, Train R: 0.7415, Train RRSE: 0.6742, Test Loss: 4876.7442, Test Node Loss: 2515.7005, Test Reg Loss: 23.6104, Test MAPE: 7.0983, Test R: 0.7792, Test RRSE: 0.6398
2025-02-10 15:18:22,897:INFO:Epoch 75: Train Loss: 5460.9570, Train Node Loss: 2572.6452, Train Reg Loss: 28.8831, Train MAPE: 7.3990, Train R: 0.7414, Train RRSE: 0.6760, Test Loss: 4816.6258, Test Node Loss: 2482.6588, Test Reg Loss: 23.3397, Test MAPE: 7.1181, Test R: 0.7800, Test RRSE: 0.6362
2025-02-10 15:18:37,348:INFO:Epoch 76: Train Loss: 5417.2110, Train Node Loss: 2524.2055, Train Reg Loss: 28.9301, Train MAPE: 7.4786, Train R: 0.7393, Train RRSE: 0.6766, Test Loss: 4789.2748, Test Node Loss: 2430.6600, Test Reg Loss: 23.5861, Test MAPE: 7.0301, Test R: 0.7800, Test RRSE: 0.6395
2025-02-10 15:18:51,727:INFO:Epoch 77: Train Loss: 5340.1722, Train Node Loss: 2443.3032, Train Reg Loss: 28.9687, Train MAPE: 7.3450, Train R: 0.7472, Train RRSE: 0.6770, Test Loss: 6591.2791, Test Node Loss: 2662.6823, Test Reg Loss: 39.2860, Test MAPE: 8.5222, Test R: 0.7798, Test RRSE: 0.8254
2025-02-10 15:19:06,088:INFO:Epoch 78: Train Loss: 6069.0036, Train Node Loss: 2410.0865, Train Reg Loss: 36.5892, Train MAPE: 7.7215, Train R: 0.6620, Train RRSE: 0.7609, Test Loss: 6969.7793, Test Node Loss: 2641.6181, Test Reg Loss: 43.2816, Test MAPE: 8.6615, Test R: 0.7794, Test RRSE: 0.8663
2025-02-10 15:19:20,573:INFO:Epoch 79: Train Loss: 6823.3224, Train Node Loss: 2445.2611, Train Reg Loss: 43.7806, Train MAPE: 8.2025, Train R: 0.6186, Train RRSE: 0.8323, Test Loss: 6328.8735, Test Node Loss: 2124.9293, Test Reg Loss: 42.0394, Test MAPE: 7.5735, Test R: 0.7809, Test RRSE: 0.8538
2025-02-10 15:19:34,938:INFO:Epoch 80: Train Loss: 5765.0894, Train Node Loss: 2413.6423, Train Reg Loss: 33.5145, Train MAPE: 7.8466, Train R: 0.6912, Train RRSE: 0.7282, Test Loss: 5088.5121, Test Node Loss: 2189.3106, Test Reg Loss: 28.9920, Test MAPE: 7.1468, Test R: 0.7804, Test RRSE: 0.7090
2025-02-10 15:19:49,188:INFO:Epoch 81: Train Loss: 5174.4364, Train Node Loss: 2294.9705, Train Reg Loss: 28.7947, Train MAPE: 7.3103, Train R: 0.7467, Train RRSE: 0.6750, Test Loss: 6144.8615, Test Node Loss: 2477.6417, Test Reg Loss: 36.6722, Test MAPE: 8.2068, Test R: 0.7809, Test RRSE: 0.7974
2025-02-10 15:20:03,467:INFO:Epoch 82: Train Loss: 5417.4887, Train Node Loss: 2296.5814, Train Reg Loss: 31.2091, Train MAPE: 7.4512, Train R: 0.7118, Train RRSE: 0.7027, Test Loss: 4572.5809, Test Node Loss: 2202.1234, Test Reg Loss: 23.7046, Test MAPE: 7.0617, Test R: 0.7815, Test RRSE: 0.6411
2025-02-10 15:20:17,786:INFO:Epoch 83: Train Loss: 5163.4423, Train Node Loss: 2264.8756, Train Reg Loss: 28.9857, Train MAPE: 7.3626, Train R: 0.7407, Train RRSE: 0.6772, Test Loss: 4504.5950, Test Node Loss: 2209.2784, Test Reg Loss: 22.9532, Test MAPE: 7.0898, Test R: 0.7816, Test RRSE: 0.6309
2025-02-10 15:20:32,023:INFO:Epoch 84: Train Loss: 5329.9915, Train Node Loss: 2217.8913, Train Reg Loss: 31.1210, Train MAPE: 7.5712, Train R: 0.7152, Train RRSE: 0.7017, Test Loss: 4570.1943, Test Node Loss: 2219.9323, Test Reg Loss: 23.5026, Test MAPE: 7.3497, Test R: 0.7817, Test RRSE: 0.6384
2025-02-10 15:20:46,390:INFO:Epoch 85: Train Loss: 5743.5684, Train Node Loss: 2155.8638, Train Reg Loss: 35.8770, Train MAPE: 7.5954, Train R: 0.6683, Train RRSE: 0.7534, Test Loss: 6272.2825, Test Node Loss: 2352.4252, Test Reg Loss: 39.1986, Test MAPE: 8.4921, Test R: 0.7818, Test RRSE: 0.8244
2025-02-10 15:21:00,709:INFO:Epoch 86: Train Loss: 5457.9727, Train Node Loss: 2123.5858, Train Reg Loss: 33.3439, Train MAPE: 7.6384, Train R: 0.6988, Train RRSE: 0.7263, Test Loss: 5341.1431, Test Node Loss: 2256.0856, Test Reg Loss: 30.8506, Test MAPE: 7.9162, Test R: 0.7815, Test RRSE: 0.7314
2025-02-10 15:21:14,816:INFO:Epoch 87: Train Loss: 5463.9400, Train Node Loss: 2147.0888, Train Reg Loss: 33.1685, Train MAPE: 7.4805, Train R: 0.6912, Train RRSE: 0.7244, Test Loss: 4839.3462, Test Node Loss: 1968.2513, Test Reg Loss: 28.7109, Test MAPE: 7.1935, Test R: 0.7818, Test RRSE: 0.7056
2025-02-10 15:21:29,108:INFO:Epoch 88: Train Loss: 5114.8287, Train Node Loss: 2144.6368, Train Reg Loss: 29.7019, Train MAPE: 7.6278, Train R: 0.7343, Train RRSE: 0.6855, Test Loss: 5407.0084, Test Node Loss: 1886.5174, Test Reg Loss: 35.2049, Test MAPE: 7.3840, Test R: 0.7823, Test RRSE: 0.7813
2025-02-10 15:21:43,493:INFO:Epoch 89: Train Loss: 5686.2485, Train Node Loss: 2053.9527, Train Reg Loss: 36.3230, Train MAPE: 7.6833, Train R: 0.6584, Train RRSE: 0.7581, Test Loss: 4311.6454, Test Node Loss: 1996.5212, Test Reg Loss: 23.1512, Test MAPE: 7.1185, Test R: 0.7816, Test RRSE: 0.6336
2025-02-10 15:21:57,805:INFO:Epoch 90: Train Loss: 5830.5518, Train Node Loss: 2030.7079, Train Reg Loss: 37.9984, Train MAPE: 7.7759, Train R: 0.6356, Train RRSE: 0.7754, Test Loss: 4366.7503, Test Node Loss: 2028.1654, Test Reg Loss: 23.3858, Test MAPE: 7.2952, Test R: 0.7816, Test RRSE: 0.6368
2025-02-10 15:22:12,207:INFO:Epoch 91: Train Loss: 5285.6736, Train Node Loss: 1940.8447, Train Reg Loss: 33.4483, Train MAPE: 7.5713, Train R: 0.7154, Train RRSE: 0.7275, Test Loss: 6484.8351, Test Node Loss: 2181.0883, Test Reg Loss: 43.0375, Test MAPE: 8.6315, Test R: 0.7820, Test RRSE: 0.8639
2025-02-10 15:22:26,474:INFO:Epoch 92: Train Loss: 5137.6906, Train Node Loss: 1972.0188, Train Reg Loss: 31.6567, Train MAPE: 7.5706, Train R: 0.7093, Train RRSE: 0.7077, Test Loss: 4229.5501, Test Node Loss: 1950.9411, Test Reg Loss: 22.7861, Test MAPE: 7.2151, Test R: 0.7826, Test RRSE: 0.6286
2025-02-10 15:22:40,663:INFO:Epoch 93: Train Loss: 4814.8756, Train Node Loss: 1990.4540, Train Reg Loss: 28.2442, Train MAPE: 7.4664, Train R: 0.7488, Train RRSE: 0.6685, Test Loss: 4891.5597, Test Node Loss: 1784.8164, Test Reg Loss: 31.0674, Test MAPE: 7.2469, Test R: 0.7823, Test RRSE: 0.7340
2025-02-10 15:22:55,100:INFO:Epoch 94: Train Loss: 4726.1746, Train Node Loss: 1911.5371, Train Reg Loss: 28.1464, Train MAPE: 7.3687, Train R: 0.7479, Train RRSE: 0.6673, Test Loss: 4789.9008, Test Node Loss: 1988.9244, Test Reg Loss: 28.0098, Test MAPE: 7.7163, Test R: 0.7823, Test RRSE: 0.6969
2025-02-10 15:23:09,311:INFO:Epoch 95: Train Loss: 4880.4874, Train Node Loss: 1868.0764, Train Reg Loss: 30.1241, Train MAPE: 7.3304, Train R: 0.7330, Train RRSE: 0.6904, Test Loss: 4829.0394, Test Node Loss: 1966.8506, Test Reg Loss: 28.6219, Test MAPE: 7.7319, Test R: 0.7828, Test RRSE: 0.7045
2025-02-10 15:23:23,658:INFO:Epoch 96: Train Loss: 4843.4667, Train Node Loss: 1898.3322, Train Reg Loss: 29.4513, Train MAPE: 7.6264, Train R: 0.7324, Train RRSE: 0.6826, Test Loss: 4311.8473, Test Node Loss: 1761.6466, Test Reg Loss: 25.5020, Test MAPE: 7.0246, Test R: 0.7829, Test RRSE: 0.6650
2025-02-10 15:23:38,080:INFO:Epoch 97: Train Loss: 4662.1785, Train Node Loss: 1855.1578, Train Reg Loss: 28.0702, Train MAPE: 7.4704, Train R: 0.7489, Train RRSE: 0.6664, Test Loss: 4150.8176, Test Node Loss: 1761.2765, Test Reg Loss: 23.8954, Test MAPE: 6.9571, Test R: 0.7839, Test RRSE: 0.6437
2025-02-10 15:23:52,453:INFO:Epoch 98: Train Loss: 4680.6921, Train Node Loss: 1825.1985, Train Reg Loss: 28.5549, Train MAPE: 7.4314, Train R: 0.7432, Train RRSE: 0.6722, Test Loss: 4060.9219, Test Node Loss: 1761.6255, Test Reg Loss: 22.9930, Test MAPE: 7.0895, Test R: 0.7836, Test RRSE: 0.6314
2025-02-10 15:24:06,949:INFO:Epoch 99: Train Loss: 4575.8414, Train Node Loss: 1784.6338, Train Reg Loss: 27.9121, Train MAPE: 7.3879, Train R: 0.7535, Train RRSE: 0.6645, Test Loss: 4046.6300, Test Node Loss: 1772.2405, Test Reg Loss: 22.7439, Test MAPE: 7.2099, Test R: 0.7823, Test RRSE: 0.6280
2025-02-10 15:24:21,454:INFO:Epoch 100: Train Loss: 4753.2938, Train Node Loss: 1767.4219, Train Reg Loss: 29.8587, Train MAPE: 7.3997, Train R: 0.7291, Train RRSE: 0.6873, Test Loss: 4437.9315, Test Node Loss: 1819.9129, Test Reg Loss: 26.1802, Test MAPE: 7.6774, Test R: 0.7822, Test RRSE: 0.6738
2025-02-10 15:24:35,936:INFO:Epoch 101: Train Loss: 4771.6306, Train Node Loss: 1739.2090, Train Reg Loss: 30.3242, Train MAPE: 7.6109, Train R: 0.7235, Train RRSE: 0.6927, Test Loss: 4525.0467, Test Node Loss: 1807.0407, Test Reg Loss: 27.1801, Test MAPE: 7.6871, Test R: 0.7829, Test RRSE: 0.6865
2025-02-10 15:24:50,475:INFO:Epoch 102: Train Loss: 4729.6528, Train Node Loss: 1725.4996, Train Reg Loss: 30.0415, Train MAPE: 7.5641, Train R: 0.7252, Train RRSE: 0.6894, Test Loss: 4756.3726, Test Node Loss: 1801.1014, Test Reg Loss: 29.5527, Test MAPE: 7.8674, Test R: 0.7822, Test RRSE: 0.7158
2025-02-10 15:25:04,923:INFO:Epoch 103: Train Loss: 4801.1944, Train Node Loss: 1714.0876, Train Reg Loss: 30.8711, Train MAPE: 7.5571, Train R: 0.7153, Train RRSE: 0.6989, Test Loss: 4067.7655, Test Node Loss: 1709.2279, Test Reg Loss: 23.5854, Test MAPE: 7.3745, Test R: 0.7830, Test RRSE: 0.6395
2025-02-10 15:25:19,386:INFO:Epoch 104: Train Loss: 4490.4015, Train Node Loss: 1693.8073, Train Reg Loss: 27.9659, Train MAPE: 7.4750, Train R: 0.7498, Train RRSE: 0.6652, Test Loss: 3940.3794, Test Node Loss: 1664.8020, Test Reg Loss: 22.7558, Test MAPE: 7.2400, Test R: 0.7838, Test RRSE: 0.6282
2025-02-10 15:25:33,760:INFO:Epoch 105: Train Loss: 4526.1655, Train Node Loss: 1654.6895, Train Reg Loss: 28.7148, Train MAPE: 7.5409, Train R: 0.7400, Train RRSE: 0.6740, Test Loss: 3912.2554, Test Node Loss: 1595.4906, Test Reg Loss: 23.1676, Test MAPE: 7.1447, Test R: 0.7838, Test RRSE: 0.6338
2025-02-10 15:25:48,120:INFO:Epoch 106: Train Loss: 4480.1886, Train Node Loss: 1658.7855, Train Reg Loss: 28.2140, Train MAPE: 7.5321, Train R: 0.7478, Train RRSE: 0.6681, Test Loss: 4406.1054, Test Node Loss: 1507.2214, Test Reg Loss: 28.9888, Test MAPE: 7.2881, Test R: 0.7842, Test RRSE: 0.7090
2025-02-10 15:26:02,663:INFO:Epoch 107: Train Loss: 4762.5615, Train Node Loss: 1600.0094, Train Reg Loss: 31.6255, Train MAPE: 7.6076, Train R: 0.7107, Train RRSE: 0.7074, Test Loss: 3856.2785, Test Node Loss: 1558.6540, Test Reg Loss: 22.9762, Test MAPE: 7.0783, Test R: 0.7842, Test RRSE: 0.6312
2025-02-10 15:26:17,267:INFO:Epoch 108: Train Loss: 4236.8343, Train Node Loss: 1615.2336, Train Reg Loss: 26.2160, Train MAPE: 7.5702, Train R: 0.7689, Train RRSE: 0.6440, Test Loss: 3873.8030, Test Node Loss: 1585.8317, Test Reg Loss: 22.8797, Test MAPE: 7.2726, Test R: 0.7844, Test RRSE: 0.6299
2025-02-10 15:26:31,768:INFO:Epoch 109: Train Loss: 4625.6024, Train Node Loss: 1555.1144, Train Reg Loss: 30.7049, Train MAPE: 7.5099, Train R: 0.7220, Train RRSE: 0.6970, Test Loss: 4734.5709, Test Node Loss: 1654.2341, Test Reg Loss: 30.8034, Test MAPE: 7.9245, Test R: 0.7828, Test RRSE: 0.7308
2025-02-10 15:26:46,146:INFO:Epoch 110: Train Loss: 4848.2632, Train Node Loss: 1540.1336, Train Reg Loss: 33.0813, Train MAPE: 7.6010, Train R: 0.6940, Train RRSE: 0.7235, Test Loss: 5164.2236, Test Node Loss: 1659.3515, Test Reg Loss: 35.0487, Test MAPE: 8.3132, Test R: 0.7835, Test RRSE: 0.7796
2025-02-10 15:27:00,434:INFO:Epoch 111: Train Loss: 4631.0831, Train Node Loss: 1530.9240, Train Reg Loss: 31.0016, Train MAPE: 7.5617, Train R: 0.7146, Train RRSE: 0.7004, Test Loss: 4149.8101, Test Node Loss: 1572.1369, Test Reg Loss: 25.7767, Test MAPE: 7.5852, Test R: 0.7845, Test RRSE: 0.6686
2025-02-10 15:27:14,846:INFO:Epoch 112: Train Loss: 4366.1107, Train Node Loss: 1520.7000, Train Reg Loss: 28.4541, Train MAPE: 7.4910, Train R: 0.7422, Train RRSE: 0.6710, Test Loss: 3766.2147, Test Node Loss: 1502.5000, Test Reg Loss: 22.6371, Test MAPE: 7.2155, Test R: 0.7849, Test RRSE: 0.6265
2025-02-10 15:27:29,430:INFO:Epoch 113: Train Loss: 4433.7004, Train Node Loss: 1517.0366, Train Reg Loss: 29.1666, Train MAPE: 7.5189, Train R: 0.7351, Train RRSE: 0.6793, Test Loss: 4255.5746, Test Node Loss: 1383.1215, Test Reg Loss: 28.7245, Test MAPE: 7.2642, Test R: 0.7834, Test RRSE: 0.7057
2025-02-10 15:27:43,978:INFO:Epoch 114: Train Loss: 4566.8183, Train Node Loss: 1493.9431, Train Reg Loss: 30.7288, Train MAPE: 7.6692, Train R: 0.7178, Train RRSE: 0.6973, Test Loss: 4912.9829, Test Node Loss: 1324.0017, Test Reg Loss: 35.8898, Test MAPE: 7.4199, Test R: 0.7854, Test RRSE: 0.7889
2025-02-10 15:27:58,348:INFO:Epoch 115: Train Loss: 4249.5049, Train Node Loss: 1465.1383, Train Reg Loss: 27.8437, Train MAPE: 7.5874, Train R: 0.7482, Train RRSE: 0.6637, Test Loss: 3822.5583, Test Node Loss: 1470.5020, Test Reg Loss: 23.5206, Test MAPE: 7.3914, Test R: 0.7844, Test RRSE: 0.6386
2025-02-10 15:28:12,801:INFO:Epoch 116: Train Loss: 4572.7779, Train Node Loss: 1430.7911, Train Reg Loss: 31.4199, Train MAPE: 7.5468, Train R: 0.7114, Train RRSE: 0.7051, Test Loss: 3865.5009, Test Node Loss: 1458.4619, Test Reg Loss: 24.0704, Test MAPE: 7.4740, Test R: 0.7850, Test RRSE: 0.6460
2025-02-10 15:28:27,629:INFO:Epoch 117: Train Loss: 4324.0955, Train Node Loss: 1417.1652, Train Reg Loss: 29.0693, Train MAPE: 7.4462, Train R: 0.7374, Train RRSE: 0.6782, Test Loss: 3866.6786, Test Node Loss: 1442.8021, Test Reg Loss: 24.2388, Test MAPE: 7.4400, Test R: 0.7849, Test RRSE: 0.6483
2025-02-10 15:28:42,345:INFO:Epoch 118: Train Loss: 4153.2184, Train Node Loss: 1402.1740, Train Reg Loss: 27.5104, Train MAPE: 7.4634, Train R: 0.7546, Train RRSE: 0.6598, Test Loss: 3622.1775, Test Node Loss: 1377.2943, Test Reg Loss: 22.4488, Test MAPE: 7.1626, Test R: 0.7858, Test RRSE: 0.6239
2025-02-10 15:28:42,373:INFO:Checkpoint saved at best_0.0008_0.001_256_SAGE_2_32_0.7858_epoch_118.pth
2025-02-10 15:28:56,735:INFO:Epoch 119: Train Loss: 4116.4485, Train Node Loss: 1384.6023, Train Reg Loss: 27.3185, Train MAPE: 7.4484, Train R: 0.7579, Train RRSE: 0.6574, Test Loss: 3610.2234, Test Node Loss: 1367.3854, Test Reg Loss: 22.4284, Test MAPE: 7.2371, Test R: 0.7870, Test RRSE: 0.6236
2025-02-10 15:28:56,767:INFO:Checkpoint saved at best_0.0008_0.001_256_SAGE_2_32_0.7870_epoch_119.pth
2025-02-10 15:29:11,261:INFO:Epoch 120: Train Loss: 4298.3490, Train Node Loss: 1386.6413, Train Reg Loss: 29.1171, Train MAPE: 7.4952, Train R: 0.7372, Train RRSE: 0.6787, Test Loss: 3587.7309, Test Node Loss: 1338.0096, Test Reg Loss: 22.4972, Test MAPE: 7.0357, Test R: 0.7855, Test RRSE: 0.6246
2025-02-10 15:29:25,664:INFO:Epoch 121: Train Loss: 4281.7415, Train Node Loss: 1346.5832, Train Reg Loss: 29.3516, Train MAPE: 7.6029, Train R: 0.7341, Train RRSE: 0.6815, Test Loss: 3583.6695, Test Node Loss: 1336.9101, Test Reg Loss: 22.4676, Test MAPE: 7.1491, Test R: 0.7854, Test RRSE: 0.6242
2025-02-10 15:29:40,131:INFO:Epoch 122: Train Loss: 4450.0408, Train Node Loss: 1317.6575, Train Reg Loss: 31.3238, Train MAPE: 7.5179, Train R: 0.7172, Train RRSE: 0.7040, Test Loss: 5535.5265, Test Node Loss: 1458.7144, Test Reg Loss: 40.7681, Test MAPE: 8.5563, Test R: 0.7863, Test RRSE: 0.8408
2025-02-10 15:29:54,494:INFO:Epoch 123: Train Loss: 4453.3239, Train Node Loss: 1313.7449, Train Reg Loss: 31.3958, Train MAPE: 7.5909, Train R: 0.7124, Train RRSE: 0.7048, Test Loss: 3972.6987, Test Node Loss: 1363.6888, Test Reg Loss: 26.0901, Test MAPE: 7.6484, Test R: 0.7866, Test RRSE: 0.6726
2025-02-10 15:30:08,808:INFO:Epoch 124: Train Loss: 4229.5979, Train Node Loss: 1310.4753, Train Reg Loss: 29.1912, Train MAPE: 7.5131, Train R: 0.7339, Train RRSE: 0.6796, Test Loss: 3585.5332, Test Node Loss: 1305.8314, Test Reg Loss: 22.7970, Test MAPE: 7.3360, Test R: 0.7871, Test RRSE: 0.6287
2025-02-10 15:30:08,841:INFO:Checkpoint saved at best_0.0008_0.001_256_SAGE_2_32_0.7871_epoch_124.pth
2025-02-10 15:30:23,213:INFO:Epoch 125: Train Loss: 4035.9190, Train Node Loss: 1302.8537, Train Reg Loss: 27.3307, Train MAPE: 7.4335, Train R: 0.7577, Train RRSE: 0.6576, Test Loss: 3537.7956, Test Node Loss: 1282.8441, Test Reg Loss: 22.5495, Test MAPE: 7.2775, Test R: 0.7868, Test RRSE: 0.6253
2025-02-10 15:30:37,672:INFO:Epoch 126: Train Loss: 4188.0504, Train Node Loss: 1288.1132, Train Reg Loss: 28.9994, Train MAPE: 7.5698, Train R: 0.7367, Train RRSE: 0.6774, Test Loss: 3515.5800, Test Node Loss: 1230.4585, Test Reg Loss: 22.8512, Test MAPE: 7.0616, Test R: 0.7876, Test RRSE: 0.6295
2025-02-10 15:30:37,702:INFO:Checkpoint saved at best_0.0008_0.001_256_SAGE_2_32_0.7876_epoch_126.pth
2025-02-10 15:30:52,231:INFO:Epoch 127: Train Loss: 4048.8286, Train Node Loss: 1249.3702, Train Reg Loss: 27.9946, Train MAPE: 7.4243, Train R: 0.7529, Train RRSE: 0.6655, Test Loss: 3596.3092, Test Node Loss: 1273.4049, Test Reg Loss: 23.2290, Test MAPE: 7.3578, Test R: 0.7863, Test RRSE: 0.6347
2025-02-10 15:31:06,478:INFO:Epoch 128: Train Loss: 3910.3539, Train Node Loss: 1250.0211, Train Reg Loss: 26.6033, Train MAPE: 7.5129, Train R: 0.7638, Train RRSE: 0.6488, Test Loss: 3440.8346, Test Node Loss: 1224.9377, Test Reg Loss: 22.1590, Test MAPE: 7.1667, Test R: 0.7888, Test RRSE: 0.6199
2025-02-10 15:31:06,504:INFO:Checkpoint saved at best_0.0008_0.001_256_SAGE_2_32_0.7888_epoch_128.pth
2025-02-10 15:31:21,044:INFO:Epoch 129: Train Loss: 3909.9613, Train Node Loss: 1238.8075, Train Reg Loss: 26.7115, Train MAPE: 7.4723, Train R: 0.7633, Train RRSE: 0.6501, Test Loss: 3444.8783, Test Node Loss: 1224.3508, Test Reg Loss: 22.2053, Test MAPE: 7.1833, Test R: 0.7879, Test RRSE: 0.6205
2025-02-10 15:31:35,579:INFO:Epoch 130: Train Loss: 3874.1142, Train Node Loss: 1230.6809, Train Reg Loss: 26.4343, Train MAPE: 7.5749, Train R: 0.7641, Train RRSE: 0.6467, Test Loss: 3421.1019, Test Node Loss: 1193.7949, Test Reg Loss: 22.2731, Test MAPE: 7.1809, Test R: 0.7880, Test RRSE: 0.6215
2025-02-10 15:31:49,929:INFO:Epoch 131: Train Loss: 3858.3652, Train Node Loss: 1208.2810, Train Reg Loss: 26.5008, Train MAPE: 7.4188, Train R: 0.7664, Train RRSE: 0.6475, Test Loss: 4064.9585, Test Node Loss: 1266.9909, Test Reg Loss: 27.9797, Test MAPE: 7.8909, Test R: 0.7875, Test RRSE: 0.6965
2025-02-10 15:32:04,400:INFO:Epoch 132: Train Loss: 4186.9909, Train Node Loss: 1203.0770, Train Reg Loss: 29.8391, Train MAPE: 7.7044, Train R: 0.7267, Train RRSE: 0.6871, Test Loss: 3896.3771, Test Node Loss: 1241.8474, Test Reg Loss: 26.5453, Test MAPE: 7.7755, Test R: 0.7872, Test RRSE: 0.6784
2025-02-10 15:32:18,936:INFO:Epoch 133: Train Loss: 4129.3728, Train Node Loss: 1170.2105, Train Reg Loss: 29.5916, Train MAPE: 7.5601, Train R: 0.7347, Train RRSE: 0.6843, Test Loss: 6937.4850, Test Node Loss: 1342.9999, Test Reg Loss: 55.9449, Test MAPE: 9.5614, Test R: 0.7869, Test RRSE: 0.9849
2025-02-10 15:32:33,355:INFO:Epoch 134: Train Loss: 4974.7527, Train Node Loss: 1175.0383, Train Reg Loss: 37.9971, Train MAPE: 8.0766, Train R: 0.6498, Train RRSE: 0.7754, Test Loss: 5425.0760, Test Node Loss: 1282.7551, Test Reg Loss: 41.4232, Test MAPE: 8.7528, Test R: 0.7852, Test RRSE: 0.8475
2025-02-10 15:32:47,869:INFO:Epoch 135: Train Loss: 4334.7677, Train Node Loss: 1159.2503, Train Reg Loss: 31.7552, Train MAPE: 7.8112, Train R: 0.7096, Train RRSE: 0.7088, Test Loss: 3459.6987, Test Node Loss: 1159.9308, Test Reg Loss: 22.9977, Test MAPE: 7.3477, Test R: 0.7851, Test RRSE: 0.6315
2025-02-10 15:33:02,241:INFO:Epoch 136: Train Loss: 3947.7031, Train Node Loss: 1167.7810, Train Reg Loss: 27.7992, Train MAPE: 7.5056, Train R: 0.7539, Train RRSE: 0.6632, Test Loss: 4022.1706, Test Node Loss: 1042.9180, Test Reg Loss: 29.7925, Test MAPE: 7.2316, Test R: 0.7896, Test RRSE: 0.7187
2025-02-10 15:33:02,276:INFO:Checkpoint saved at best_0.0008_0.001_256_SAGE_2_32_0.7896_epoch_136.pth
2025-02-10 15:33:17,136:INFO:Epoch 137: Train Loss: 4176.0449, Train Node Loss: 1134.1863, Train Reg Loss: 30.4186, Train MAPE: 7.5500, Train R: 0.7205, Train RRSE: 0.6937, Test Loss: 3658.8239, Test Node Loss: 1054.3375, Test Reg Loss: 26.0449, Test MAPE: 6.9504, Test R: 0.7885, Test RRSE: 0.6720
2025-02-10 15:33:32,184:INFO:Epoch 138: Train Loss: 4181.4242, Train Node Loss: 1137.9924, Train Reg Loss: 30.4343, Train MAPE: 7.7586, Train R: 0.7231, Train RRSE: 0.6939, Test Loss: 4181.9538, Test Node Loss: 1011.5683, Test Reg Loss: 31.7039, Test MAPE: 7.2673, Test R: 0.7889, Test RRSE: 0.7414
2025-02-10 15:33:46,675:INFO:Epoch 139: Train Loss: 4424.5990, Train Node Loss: 1092.3479, Train Reg Loss: 33.3225, Train MAPE: 7.6642, Train R: 0.6949, Train RRSE: 0.7261, Test Loss: 3309.4859, Test Node Loss: 1080.4932, Test Reg Loss: 22.2899, Test MAPE: 7.2420, Test R: 0.7863, Test RRSE: 0.6217
2025-02-10 15:34:01,328:INFO:Epoch 140: Train Loss: 3748.7875, Train Node Loss: 1069.8157, Train Reg Loss: 26.7897, Train MAPE: 7.2925, Train R: 0.7712, Train RRSE: 0.6511, Test Loss: 4246.0417, Test Node Loss: 1160.7510, Test Reg Loss: 30.8529, Test MAPE: 8.0289, Test R: 0.7885, Test RRSE: 0.7314
2025-02-10 15:34:15,963:INFO:Epoch 141: Train Loss: 4266.5270, Train Node Loss: 1078.1535, Train Reg Loss: 31.8837, Train MAPE: 7.6361, Train R: 0.7059, Train RRSE: 0.7103, Test Loss: 3461.9789, Test Node Loss: 1100.1148, Test Reg Loss: 23.6186, Test MAPE: 7.4183, Test R: 0.7898, Test RRSE: 0.6400
2025-02-10 15:34:15,995:INFO:Checkpoint saved at best_0.0008_0.001_256_SAGE_2_32_0.7898_epoch_141.pth
2025-02-10 15:34:30,435:INFO:Epoch 142: Train Loss: 4073.4680, Train Node Loss: 1082.0337, Train Reg Loss: 29.9143, Train MAPE: 7.7925, Train R: 0.7264, Train RRSE: 0.6880, Test Loss: 3285.1730, Test Node Loss: 1044.1238, Test Reg Loss: 22.4105, Test MAPE: 7.0504, Test R: 0.7860, Test RRSE: 0.6234
2025-02-10 15:34:45,199:INFO:Epoch 143: Train Loss: 4045.5872, Train Node Loss: 1060.2525, Train Reg Loss: 29.8533, Train MAPE: 7.6331, Train R: 0.7268, Train RRSE: 0.6873, Test Loss: 3252.6349, Test Node Loss: 1044.9411, Test Reg Loss: 22.0769, Test MAPE: 7.1707, Test R: 0.7885, Test RRSE: 0.6187
2025-02-10 15:34:59,695:INFO:Epoch 144: Train Loss: 3926.9094, Train Node Loss: 1054.0949, Train Reg Loss: 28.7281, Train MAPE: 7.6346, Train R: 0.7392, Train RRSE: 0.6742, Test Loss: 3604.8991, Test Node Loss: 1077.5530, Test Reg Loss: 25.2735, Test MAPE: 7.6145, Test R: 0.7903, Test RRSE: 0.6620
2025-02-10 15:34:59,727:INFO:Checkpoint saved at best_0.0008_0.001_256_SAGE_2_32_0.7903_epoch_144.pth
2025-02-10 15:35:14,583:INFO:Epoch 145: Train Loss: 4209.0330, Train Node Loss: 1035.4286, Train Reg Loss: 31.7360, Train MAPE: 7.7777, Train R: 0.7072, Train RRSE: 0.7086, Test Loss: 3730.2235, Test Node Loss: 1077.4562, Test Reg Loss: 26.5277, Test MAPE: 7.7505, Test R: 0.7863, Test RRSE: 0.6782
2025-02-10 15:35:29,145:INFO:Epoch 146: Train Loss: 4773.5074, Train Node Loss: 1035.3455, Train Reg Loss: 37.3816, Train MAPE: 7.9381, Train R: 0.6503, Train RRSE: 0.7691, Test Loss: 3503.9740, Test Node Loss: 1054.9137, Test Reg Loss: 24.4906, Test MAPE: 7.5364, Test R: 0.7859, Test RRSE: 0.6517
2025-02-10 15:35:43,748:INFO:Epoch 147: Train Loss: 4515.7819, Train Node Loss: 1030.0797, Train Reg Loss: 34.8570, Train MAPE: 7.9186, Train R: 0.6764, Train RRSE: 0.7426, Test Loss: 3418.2539, Test Node Loss: 1034.8249, Test Reg Loss: 23.8343, Test MAPE: 7.4902, Test R: 0.7870, Test RRSE: 0.6429
2025-02-10 15:35:58,048:INFO:Epoch 148: Train Loss: 3772.4038, Train Node Loss: 1014.7245, Train Reg Loss: 27.5768, Train MAPE: 7.6370, Train R: 0.7515, Train RRSE: 0.6605, Test Loss: 3247.3749, Test Node Loss: 1005.2102, Test Reg Loss: 22.4216, Test MAPE: 7.3244, Test R: 0.7869, Test RRSE: 0.6235
2025-02-10 15:36:12,357:INFO:Epoch 149: Train Loss: 4036.8289, Train Node Loss: 991.3874, Train Reg Loss: 30.4544, Train MAPE: 7.7703, Train R: 0.7218, Train RRSE: 0.6942, Test Loss: 3356.7565, Test Node Loss: 1014.2476, Test Reg Loss: 23.4251, Test MAPE: 7.4554, Test R: 0.7888, Test RRSE: 0.6373
2025-02-10 15:36:26,661:INFO:Epoch 150: Train Loss: 4516.9956, Train Node Loss: 994.8284, Train Reg Loss: 35.2217, Train MAPE: 7.9641, Train R: 0.6733, Train RRSE: 0.7465, Test Loss: 3175.3047, Test Node Loss: 970.1648, Test Reg Loss: 22.0514, Test MAPE: 7.2885, Test R: 0.7881, Test RRSE: 0.6184
2025-02-10 15:36:40,856:INFO:Epoch 151: Train Loss: 3712.6336, Train Node Loss: 1003.6896, Train Reg Loss: 27.0894, Train MAPE: 7.7542, Train R: 0.7635, Train RRSE: 0.6547, Test Loss: 4547.8238, Test Node Loss: 861.6924, Test Reg Loss: 36.8613, Test MAPE: 7.5343, Test R: 0.7890, Test RRSE: 0.7995
2025-02-10 15:36:55,039:INFO:Epoch 152: Train Loss: 3727.8484, Train Node Loss: 963.0438, Train Reg Loss: 27.6480, Train MAPE: 7.6016, Train R: 0.7507, Train RRSE: 0.6614, Test Loss: 3302.7194, Test Node Loss: 976.3978, Test Reg Loss: 23.2632, Test MAPE: 7.3690, Test R: 0.7885, Test RRSE: 0.6351
2025-02-10 15:37:09,392:INFO:Epoch 153: Train Loss: 3493.3805, Train Node Loss: 960.6822, Train Reg Loss: 25.3270, Train MAPE: 7.5319, Train R: 0.7781, Train RRSE: 0.6330, Test Loss: 3139.1630, Test Node Loss: 932.4991, Test Reg Loss: 22.0666, Test MAPE: 7.2091, Test R: 0.7896, Test RRSE: 0.6186
2025-02-10 15:37:23,926:INFO:Epoch 154: Train Loss: 3694.5011, Train Node Loss: 944.8822, Train Reg Loss: 27.4962, Train MAPE: 7.5496, Train R: 0.7534, Train RRSE: 0.6596, Test Loss: 3346.5890, Test Node Loss: 966.8650, Test Reg Loss: 23.7972, Test MAPE: 7.5524, Test R: 0.7875, Test RRSE: 0.6424
2025-02-10 15:37:38,335:INFO:Epoch 155: Train Loss: 3614.3524, Train Node Loss: 935.2675, Train Reg Loss: 26.7908, Train MAPE: 7.4593, Train R: 0.7621, Train RRSE: 0.6511, Test Loss: 3185.3391, Test Node Loss: 940.3663, Test Reg Loss: 22.4497, Test MAPE: 7.4105, Test R: 0.7890, Test RRSE: 0.6239
2025-02-10 15:37:52,519:INFO:Epoch 156: Train Loss: 3561.5078, Train Node Loss: 931.8592, Train Reg Loss: 26.2965, Train MAPE: 7.4854, Train R: 0.7670, Train RRSE: 0.6450, Test Loss: 3237.0479, Test Node Loss: 882.9455, Test Reg Loss: 23.5410, Test MAPE: 7.1273, Test R: 0.7900, Test RRSE: 0.6389
2025-02-10 15:38:06,879:INFO:Epoch 157: Train Loss: 3480.6739, Train Node Loss: 923.9977, Train Reg Loss: 25.5668, Train MAPE: 7.5284, Train R: 0.7746, Train RRSE: 0.6360, Test Loss: 3105.4836, Test Node Loss: 895.7205, Test Reg Loss: 22.0976, Test MAPE: 7.2428, Test R: 0.7902, Test RRSE: 0.6190
2025-02-10 15:38:21,346:INFO:Epoch 158: Train Loss: 3521.1430, Train Node Loss: 911.6254, Train Reg Loss: 26.0952, Train MAPE: 7.5276, Train R: 0.7689, Train RRSE: 0.6426, Test Loss: 3107.4490, Test Node Loss: 907.9184, Test Reg Loss: 21.9953, Test MAPE: 7.3210, Test R: 0.7895, Test RRSE: 0.6176
2025-02-10 15:38:35,857:INFO:Epoch 159: Train Loss: 3506.8581, Train Node Loss: 900.9632, Train Reg Loss: 26.0589, Train MAPE: 7.4842, Train R: 0.7710, Train RRSE: 0.6421, Test Loss: 3554.6125, Test Node Loss: 938.4499, Test Reg Loss: 26.1616, Test MAPE: 7.7655, Test R: 0.7908, Test RRSE: 0.6735
2025-02-10 15:38:35,884:INFO:Checkpoint saved at best_0.0008_0.001_256_SAGE_2_32_0.7908_epoch_159.pth
2025-02-10 15:38:50,403:INFO:Epoch 160: Train Loss: 3780.0404, Train Node Loss: 901.6851, Train Reg Loss: 28.7836, Train MAPE: 7.7351, Train R: 0.7382, Train RRSE: 0.6748, Test Loss: 3459.1775, Test Node Loss: 925.3924, Test Reg Loss: 25.3379, Test MAPE: 7.7514, Test R: 0.7893, Test RRSE: 0.6628
2025-02-10 15:39:04,842:INFO:Epoch 161: Train Loss: 3659.3598, Train Node Loss: 887.2911, Train Reg Loss: 27.7207, Train MAPE: 7.6010, Train R: 0.7503, Train RRSE: 0.6623, Test Loss: 3076.9639, Test Node Loss: 881.1845, Test Reg Loss: 21.9578, Test MAPE: 7.2567, Test R: 0.7906, Test RRSE: 0.6170
2025-02-10 15:39:19,574:INFO:Epoch 162: Train Loss: 3703.5016, Train Node Loss: 883.0086, Train Reg Loss: 28.2049, Train MAPE: 7.6353, Train R: 0.7442, Train RRSE: 0.6680, Test Loss: 3158.8362, Test Node Loss: 889.3847, Test Reg Loss: 22.6945, Test MAPE: 7.4710, Test R: 0.7883, Test RRSE: 0.6273
2025-02-10 15:39:34,076:INFO:Epoch 163: Train Loss: 3991.6609, Train Node Loss: 872.9025, Train Reg Loss: 31.1876, Train MAPE: 7.7335, Train R: 0.7123, Train RRSE: 0.7025, Test Loss: 3037.9114, Test Node Loss: 857.5593, Test Reg Loss: 21.8035, Test MAPE: 7.3259, Test R: 0.7901, Test RRSE: 0.6149
2025-02-10 15:39:48,907:INFO:Epoch 164: Train Loss: 3803.0772, Train Node Loss: 848.8768, Train Reg Loss: 29.5420, Train MAPE: 7.6549, Train R: 0.7370, Train RRSE: 0.6837, Test Loss: 3967.7993, Test Node Loss: 918.0241, Test Reg Loss: 30.4978, Test MAPE: 8.0964, Test R: 0.7894, Test RRSE: 0.7272
2025-02-10 15:40:03,607:INFO:Epoch 165: Train Loss: 3959.3249, Train Node Loss: 843.4460, Train Reg Loss: 31.1588, Train MAPE: 7.7527, Train R: 0.7159, Train RRSE: 0.7021, Test Loss: 4964.6440, Test Node Loss: 938.9352, Test Reg Loss: 40.2571, Test MAPE: 8.6613, Test R: 0.7903, Test RRSE: 0.8355
2025-02-10 15:40:18,149:INFO:Epoch 166: Train Loss: 4373.5480, Train Node Loss: 830.8300, Train Reg Loss: 35.4272, Train MAPE: 7.8175, Train R: 0.6789, Train RRSE: 0.7487, Test Loss: 5357.4935, Test Node Loss: 940.9819, Test Reg Loss: 44.1651, Test MAPE: 8.9246, Test R: 0.7869, Test RRSE: 0.8751
2025-02-10 15:40:32,771:INFO:Epoch 167: Train Loss: 4613.6405, Train Node Loss: 830.5544, Train Reg Loss: 37.8309, Train MAPE: 8.0554, Train R: 0.6522, Train RRSE: 0.7737, Test Loss: 4294.5162, Test Node Loss: 899.8546, Test Reg Loss: 33.9466, Test MAPE: 8.3156, Test R: 0.7874, Test RRSE: 0.7672
2025-02-10 15:40:47,008:INFO:Epoch 168: Train Loss: 4283.0972, Train Node Loss: 837.1831, Train Reg Loss: 34.4591, Train MAPE: 7.9287, Train R: 0.6838, Train RRSE: 0.7384, Test Loss: 3062.5035, Test Node Loss: 826.1466, Test Reg Loss: 22.3636, Test MAPE: 7.3758, Test R: 0.7891, Test RRSE: 0.6227
2025-02-10 15:41:01,590:INFO:Epoch 169: Train Loss: 3538.2599, Train Node Loss: 829.0880, Train Reg Loss: 27.0917, Train MAPE: 7.6732, Train R: 0.7578, Train RRSE: 0.6547, Test Loss: 3076.3116, Test Node Loss: 780.6724, Test Reg Loss: 22.9564, Test MAPE: 7.1352, Test R: 0.7920, Test RRSE: 0.6309
2025-02-10 15:41:01,625:INFO:Checkpoint saved at best_0.0008_0.001_256_SAGE_2_32_0.7920_epoch_169.pth
2025-02-10 15:41:15,986:INFO:Epoch 170: Train Loss: 3703.3514, Train Node Loss: 816.6239, Train Reg Loss: 28.8673, Train MAPE: 7.6404, Train R: 0.7375, Train RRSE: 0.6758, Test Loss: 3214.5519, Test Node Loss: 764.1789, Test Reg Loss: 24.5037, Test MAPE: 7.2364, Test R: 0.7896, Test RRSE: 0.6518
2025-02-10 15:41:30,707:INFO:Epoch 171: Train Loss: 3599.9187, Train Node Loss: 812.0721, Train Reg Loss: 27.8785, Train MAPE: 7.6827, Train R: 0.7482, Train RRSE: 0.6641, Test Loss: 3704.5411, Test Node Loss: 731.6521, Test Reg Loss: 29.7289, Test MAPE: 7.3315, Test R: 0.7905, Test RRSE: 0.7180
2025-02-10 15:41:45,285:INFO:Epoch 172: Train Loss: 3604.7778, Train Node Loss: 799.8341, Train Reg Loss: 28.0494, Train MAPE: 7.6416, Train R: 0.7458, Train RRSE: 0.6662, Test Loss: 3049.1028, Test Node Loss: 760.8128, Test Reg Loss: 22.8829, Test MAPE: 7.2504, Test R: 0.7912, Test RRSE: 0.6299
2025-02-10 15:41:59,560:INFO:Epoch 173: Train Loss: 3401.3641, Train Node Loss: 792.6942, Train Reg Loss: 26.0867, Train MAPE: 7.6346, Train R: 0.7673, Train RRSE: 0.6425, Test Loss: 3105.7478, Test Node Loss: 751.0838, Test Reg Loss: 23.5466, Test MAPE: 7.1733, Test R: 0.7907, Test RRSE: 0.6390
2025-02-10 15:42:14,085:INFO:Epoch 174: Train Loss: 3431.9821, Train Node Loss: 787.1805, Train Reg Loss: 26.4480, Train MAPE: 7.6369, Train R: 0.7633, Train RRSE: 0.6469, Test Loss: 2956.6656, Test Node Loss: 766.5813, Test Reg Loss: 21.9008, Test MAPE: 7.2965, Test R: 0.7900, Test RRSE: 0.6162
2025-02-10 15:42:28,492:INFO:Epoch 175: Train Loss: 3604.8121, Train Node Loss: 772.4963, Train Reg Loss: 28.3232, Train MAPE: 7.5756, Train R: 0.7446, Train RRSE: 0.6694, Test Loss: 3024.0917, Test Node Loss: 782.4681, Test Reg Loss: 22.4162, Test MAPE: 7.3476, Test R: 0.7897, Test RRSE: 0.6235
2025-02-10 15:42:43,202:INFO:Epoch 176: Train Loss: 3300.4363, Train Node Loss: 767.5131, Train Reg Loss: 25.3292, Train MAPE: 7.5509, Train R: 0.7774, Train RRSE: 0.6331, Test Loss: 2975.9434, Test Node Loss: 771.2854, Test Reg Loss: 22.0466, Test MAPE: 7.3959, Test R: 0.7915, Test RRSE: 0.6183
2025-02-10 15:42:57,769:INFO:Epoch 177: Train Loss: 3342.6542, Train Node Loss: 767.0661, Train Reg Loss: 25.7559, Train MAPE: 7.5447, Train R: 0.7721, Train RRSE: 0.6384, Test Loss: 3118.2856, Test Node Loss: 719.7423, Test Reg Loss: 23.9854, Test MAPE: 7.1888, Test R: 0.7916, Test RRSE: 0.6449
2025-02-10 15:43:12,072:INFO:Epoch 178: Train Loss: 3679.0475, Train Node Loss: 763.5313, Train Reg Loss: 29.1552, Train MAPE: 7.7735, Train R: 0.7349, Train RRSE: 0.6792, Test Loss: 4300.4588, Test Node Loss: 668.8220, Test Reg Loss: 36.3164, Test MAPE: 7.5858, Test R: 0.7910, Test RRSE: 0.7936
2025-02-10 15:43:26,577:INFO:Epoch 179: Train Loss: 3849.8323, Train Node Loss: 748.2690, Train Reg Loss: 31.0156, Train MAPE: 7.7573, Train R: 0.7162, Train RRSE: 0.7005, Test Loss: 3357.3093, Test Node Loss: 692.4176, Test Reg Loss: 26.6489, Test MAPE: 7.2781, Test R: 0.7923, Test RRSE: 0.6798
2025-02-10 15:43:26,613:INFO:Checkpoint saved at best_0.0008_0.001_256_SAGE_2_32_0.7923_epoch_179.pth
2025-02-10 15:43:41,081:INFO:Epoch 180: Train Loss: 3475.9712, Train Node Loss: 735.1112, Train Reg Loss: 27.4086, Train MAPE: 7.5551, Train R: 0.7540, Train RRSE: 0.6585, Test Loss: 3112.3924, Test Node Loss: 757.5609, Test Reg Loss: 23.5483, Test MAPE: 7.5318, Test R: 0.7917, Test RRSE: 0.6390
2025-02-10 15:43:55,458:INFO:Epoch 181: Train Loss: 3800.1760, Train Node Loss: 730.2268, Train Reg Loss: 30.6995, Train MAPE: 7.6887, Train R: 0.7193, Train RRSE: 0.6969, Test Loss: 3490.7312, Test Node Loss: 767.2980, Test Reg Loss: 27.2343, Test MAPE: 7.8341, Test R: 0.7891, Test RRSE: 0.6872
2025-02-10 15:44:10,043:INFO:Epoch 182: Train Loss: 3399.3093, Train Node Loss: 717.2556, Train Reg Loss: 26.8205, Train MAPE: 7.4403, Train R: 0.7638, Train RRSE: 0.6514, Test Loss: 3419.7422, Test Node Loss: 757.6650, Test Reg Loss: 26.6208, Test MAPE: 7.8411, Test R: 0.7903, Test RRSE: 0.6794
2025-02-10 15:44:24,796:INFO:Epoch 183: Train Loss: 3475.2726, Train Node Loss: 726.8914, Train Reg Loss: 27.4838, Train MAPE: 7.6961, Train R: 0.7521, Train RRSE: 0.6594, Test Loss: 2912.2853, Test Node Loss: 719.5211, Test Reg Loss: 21.9276, Test MAPE: 7.3033, Test R: 0.7932, Test RRSE: 0.6166
2025-02-10 15:44:24,828:INFO:Checkpoint saved at best_0.0008_0.001_256_SAGE_2_32_0.7932_epoch_183.pth
2025-02-10 15:44:39,407:INFO:Epoch 184: Train Loss: 3288.1297, Train Node Loss: 719.0532, Train Reg Loss: 25.6908, Train MAPE: 7.6312, Train R: 0.7731, Train RRSE: 0.6376, Test Loss: 2864.9111, Test Node Loss: 695.2022, Test Reg Loss: 21.6971, Test MAPE: 7.2198, Test R: 0.7938, Test RRSE: 0.6134
2025-02-10 15:44:39,437:INFO:Checkpoint saved at best_0.0008_0.001_256_SAGE_2_32_0.7938_epoch_184.pth
2025-02-10 15:44:53,641:INFO:Epoch 185: Train Loss: 3223.9210, Train Node Loss: 710.0415, Train Reg Loss: 25.1388, Train MAPE: 7.5300, Train R: 0.7802, Train RRSE: 0.6307, Test Loss: 3316.6280, Test Node Loss: 655.7892, Test Reg Loss: 26.6084, Test MAPE: 7.2846, Test R: 0.7929, Test RRSE: 0.6793
2025-02-10 15:45:08,162:INFO:Epoch 186: Train Loss: 3652.5171, Train Node Loss: 713.9436, Train Reg Loss: 29.3857, Train MAPE: 7.7704, Train R: 0.7330, Train RRSE: 0.6819, Test Loss: 3230.5890, Test Node Loss: 654.6729, Test Reg Loss: 25.7592, Test MAPE: 7.2352, Test R: 0.7930, Test RRSE: 0.6683
2025-02-10 15:45:22,703:INFO:Epoch 187: Train Loss: 3746.6233, Train Node Loss: 687.6582, Train Reg Loss: 30.5897, Train MAPE: 7.8321, Train R: 0.7257, Train RRSE: 0.6957, Test Loss: 3262.2429, Test Node Loss: 725.9213, Test Reg Loss: 25.3632, Test MAPE: 7.7306, Test R: 0.7919, Test RRSE: 0.6632
2025-02-10 15:45:37,105:INFO:Epoch 188: Train Loss: 3491.4707, Train Node Loss: 683.0733, Train Reg Loss: 28.0840, Train MAPE: 7.5954, Train R: 0.7480, Train RRSE: 0.6666, Test Loss: 3348.4065, Test Node Loss: 722.4958, Test Reg Loss: 26.2591, Test MAPE: 7.7925, Test R: 0.7908, Test RRSE: 0.6748
2025-02-10 15:45:51,707:INFO:Epoch 189: Train Loss: 3415.5624, Train Node Loss: 692.1100, Train Reg Loss: 27.2345, Train MAPE: 7.6013, Train R: 0.7574, Train RRSE: 0.6564, Test Loss: 2862.9291, Test Node Loss: 662.9498, Test Reg Loss: 21.9998, Test MAPE: 7.2908, Test R: 0.7917, Test RRSE: 0.6176
2025-02-10 15:46:06,332:INFO:Epoch 190: Train Loss: 3423.6370, Train Node Loss: 665.3365, Train Reg Loss: 27.5830, Train MAPE: 7.6813, Train R: 0.7581, Train RRSE: 0.6606, Test Loss: 4491.5554, Test Node Loss: 748.1909, Test Reg Loss: 37.4336, Test MAPE: 8.5563, Test R: 0.7898, Test RRSE: 0.8057
2025-02-10 15:46:20,935:INFO:Epoch 191: Train Loss: 3448.4007, Train Node Loss: 671.1904, Train Reg Loss: 27.7721, Train MAPE: 7.6234, Train R: 0.7499, Train RRSE: 0.6629, Test Loss: 3300.7753, Test Node Loss: 705.0304, Test Reg Loss: 25.9574, Test MAPE: 7.7874, Test R: 0.7925, Test RRSE: 0.6709
2025-02-10 15:46:35,553:INFO:Epoch 192: Train Loss: 3334.7401, Train Node Loss: 668.3439, Train Reg Loss: 26.6640, Train MAPE: 7.6515, Train R: 0.7612, Train RRSE: 0.6495, Test Loss: 3386.1526, Test Node Loss: 706.4643, Test Reg Loss: 26.7969, Test MAPE: 7.8300, Test R: 0.7907, Test RRSE: 0.6817
2025-02-10 15:46:49,845:INFO:Epoch 193: Train Loss: 3166.1060, Train Node Loss: 675.1728, Train Reg Loss: 24.9093, Train MAPE: 7.5363, Train R: 0.7807, Train RRSE: 0.6278, Test Loss: 3714.4550, Test Node Loss: 600.9893, Test Reg Loss: 31.1347, Test MAPE: 7.4117, Test R: 0.7922, Test RRSE: 0.7348
2025-02-10 15:47:04,303:INFO:Epoch 194: Train Loss: 3377.3218, Train Node Loss: 668.3847, Train Reg Loss: 27.0894, Train MAPE: 7.6697, Train R: 0.7563, Train RRSE: 0.6547, Test Loss: 3611.1159, Test Node Loss: 599.9158, Test Reg Loss: 30.1120, Test MAPE: 7.4667, Test R: 0.7923, Test RRSE: 0.7226
2025-02-10 15:47:18,467:INFO:Epoch 195: Train Loss: 3781.7787, Train Node Loss: 649.1869, Train Reg Loss: 31.3259, Train MAPE: 7.8294, Train R: 0.7136, Train RRSE: 0.7040, Test Loss: 3096.3730, Test Node Loss: 608.5735, Test Reg Loss: 24.8780, Test MAPE: 7.2944, Test R: 0.7929, Test RRSE: 0.6568
2025-02-10 15:47:33,126:INFO:Epoch 196: Train Loss: 3219.0317, Train Node Loss: 652.1408, Train Reg Loss: 25.6689, Train MAPE: 7.6458, Train R: 0.7711, Train RRSE: 0.6373, Test Loss: 2800.5753, Test Node Loss: 623.8800, Test Reg Loss: 21.7670, Test MAPE: 7.2827, Test R: 0.7939, Test RRSE: 0.6144
2025-02-10 15:47:33,157:INFO:Checkpoint saved at best_0.0008_0.001_256_SAGE_2_32_0.7939_epoch_196.pth
2025-02-10 15:47:47,851:INFO:Epoch 197: Train Loss: 3130.6584, Train Node Loss: 638.0826, Train Reg Loss: 24.9258, Train MAPE: 7.5440, Train R: 0.7804, Train RRSE: 0.6280, Test Loss: 2818.7510, Test Node Loss: 639.4365, Test Reg Loss: 21.7931, Test MAPE: 7.3911, Test R: 0.7926, Test RRSE: 0.6147
2025-02-10 15:48:02,628:INFO:Epoch 198: Train Loss: 3174.5472, Train Node Loss: 634.5620, Train Reg Loss: 25.3999, Train MAPE: 7.5501, Train R: 0.7757, Train RRSE: 0.6339, Test Loss: 2796.1783, Test Node Loss: 629.9613, Test Reg Loss: 21.6622, Test MAPE: 7.3489, Test R: 0.7929, Test RRSE: 0.6129
2025-02-10 15:48:17,265:INFO:Epoch 199: Train Loss: 3192.4539, Train Node Loss: 631.5166, Train Reg Loss: 25.6094, Train MAPE: 7.5570, Train R: 0.7734, Train RRSE: 0.6365, Test Loss: 2911.6173, Test Node Loss: 639.8101, Test Reg Loss: 22.7181, Test MAPE: 7.4904, Test R: 0.7918, Test RRSE: 0.6276
2025-02-10 15:48:32,163:INFO:Epoch 200: Train Loss: 3254.3334, Train Node Loss: 623.1913, Train Reg Loss: 26.3114, Train MAPE: 7.6251, Train R: 0.7653, Train RRSE: 0.6452, Test Loss: 3166.6561, Test Node Loss: 651.4102, Test Reg Loss: 25.1525, Test MAPE: 7.6799, Test R: 0.7923, Test RRSE: 0.6604
2025-02-10 15:48:46,596:INFO:Epoch 201: Train Loss: 3047.0752, Train Node Loss: 619.0590, Train Reg Loss: 24.2802, Train MAPE: 7.5632, Train R: 0.7877, Train RRSE: 0.6198, Test Loss: 2768.2041, Test Node Loss: 616.4164, Test Reg Loss: 21.5179, Test MAPE: 7.3528, Test R: 0.7928, Test RRSE: 0.6108
2025-02-10 15:49:01,039:INFO:Epoch 202: Train Loss: 3485.9098, Train Node Loss: 618.0672, Train Reg Loss: 28.6784, Train MAPE: 7.7008, Train R: 0.7393, Train RRSE: 0.6736, Test Loss: 2762.1789, Test Node Loss: 603.1995, Test Reg Loss: 21.5898, Test MAPE: 7.3400, Test R: 0.7928, Test RRSE: 0.6119
2025-02-10 15:49:15,720:INFO:Epoch 203: Train Loss: 3887.4081, Train Node Loss: 609.3202, Train Reg Loss: 32.7809, Train MAPE: 7.7989, Train R: 0.6959, Train RRSE: 0.7202, Test Loss: 2886.1615, Test Node Loss: 620.5080, Test Reg Loss: 22.6565, Test MAPE: 7.5150, Test R: 0.7925, Test RRSE: 0.6268
2025-02-10 15:49:30,619:INFO:Epoch 204: Train Loss: 3637.2372, Train Node Loss: 611.4563, Train Reg Loss: 30.2578, Train MAPE: 7.9246, Train R: 0.7262, Train RRSE: 0.6919, Test Loss: 2952.2273, Test Node Loss: 573.2212, Test Reg Loss: 23.7901, Test MAPE: 7.2900, Test R: 0.7925, Test RRSE: 0.6423
2025-02-10 15:49:45,035:INFO:Epoch 205: Train Loss: 3751.1175, Train Node Loss: 605.7748, Train Reg Loss: 31.4534, Train MAPE: 7.9407, Train R: 0.7105, Train RRSE: 0.7054, Test Loss: 2885.4648, Test Node Loss: 572.0206, Test Reg Loss: 23.1344, Test MAPE: 7.2859, Test R: 0.7920, Test RRSE: 0.6334
2025-02-10 15:49:59,410:INFO:Epoch 206: Train Loss: 3134.7243, Train Node Loss: 594.8120, Train Reg Loss: 25.3991, Train MAPE: 7.4408, Train R: 0.7770, Train RRSE: 0.6339, Test Loss: 3544.6528, Test Node Loss: 635.2788, Test Reg Loss: 29.0937, Test MAPE: 7.9735, Test R: 0.7934, Test RRSE: 0.7103
2025-02-10 15:50:13,595:INFO:Epoch 207: Train Loss: 3386.5617, Train Node Loss: 585.0267, Train Reg Loss: 28.0153, Train MAPE: 7.7300, Train R: 0.7475, Train RRSE: 0.6658, Test Loss: 3194.4615, Test Node Loss: 616.0096, Test Reg Loss: 25.7845, Test MAPE: 7.7496, Test R: 0.7906, Test RRSE: 0.6687
2025-02-10 15:50:27,955:INFO:Epoch 208: Train Loss: 3109.8267, Train Node Loss: 594.8521, Train Reg Loss: 25.1497, Train MAPE: 7.6551, Train R: 0.7799, Train RRSE: 0.6308, Test Loss: 2882.0973, Test Node Loss: 550.9196, Test Reg Loss: 23.3118, Test MAPE: 7.1526, Test R: 0.7938, Test RRSE: 0.6358
2025-02-10 15:50:42,557:INFO:Epoch 209: Train Loss: 3236.3415, Train Node Loss: 574.3472, Train Reg Loss: 26.6199, Train MAPE: 7.5708, Train R: 0.7635, Train RRSE: 0.6490, Test Loss: 2729.5159, Test Node Loss: 575.1282, Test Reg Loss: 21.5439, Test MAPE: 7.3488, Test R: 0.7933, Test RRSE: 0.6112
2025-02-10 15:50:57,295:INFO:Epoch 210: Train Loss: 2966.0691, Train Node Loss: 579.8327, Train Reg Loss: 23.8624, Train MAPE: 7.5685, Train R: 0.7916, Train RRSE: 0.6145, Test Loss: 2914.7414, Test Node Loss: 540.5617, Test Reg Loss: 23.7418, Test MAPE: 7.2607, Test R: 0.7932, Test RRSE: 0.6416
2025-02-10 15:51:12,099:INFO:Epoch 211: Train Loss: 3153.3111, Train Node Loss: 576.6570, Train Reg Loss: 25.7665, Train MAPE: 7.6641, Train R: 0.7708, Train RRSE: 0.6385, Test Loss: 2823.1364, Test Node Loss: 545.7526, Test Reg Loss: 22.7738, Test MAPE: 7.2607, Test R: 0.7929, Test RRSE: 0.6284
2025-02-10 15:51:27,012:INFO:Epoch 212: Train Loss: 3079.4185, Train Node Loss: 566.0154, Train Reg Loss: 25.1340, Train MAPE: 7.7064, Train R: 0.7767, Train RRSE: 0.6306, Test Loss: 2902.1835, Test Node Loss: 537.7609, Test Reg Loss: 23.6442, Test MAPE: 7.2922, Test R: 0.7927, Test RRSE: 0.6403
2025-02-10 15:51:41,861:INFO:Epoch 213: Train Loss: 3209.6442, Train Node Loss: 555.2241, Train Reg Loss: 26.5442, Train MAPE: 7.6517, Train R: 0.7652, Train RRSE: 0.6481, Test Loss: 3168.1756, Test Node Loss: 591.7682, Test Reg Loss: 25.7641, Test MAPE: 7.8051, Test R: 0.7924, Test RRSE: 0.6684
2025-02-10 15:51:56,722:INFO:Epoch 214: Train Loss: 3314.9762, Train Node Loss: 550.3964, Train Reg Loss: 27.6458, Train MAPE: 7.6396, Train R: 0.7523, Train RRSE: 0.6614, Test Loss: 4218.6387, Test Node Loss: 612.8153, Test Reg Loss: 36.0582, Test MAPE: 8.4767, Test R: 0.7924, Test RRSE: 0.7907
2025-02-10 15:52:11,652:INFO:Epoch 215: Train Loss: 3141.3401, Train Node Loss: 554.5759, Train Reg Loss: 25.8676, Train MAPE: 7.5129, Train R: 0.7699, Train RRSE: 0.6397, Test Loss: 2931.6795, Test Node Loss: 516.0130, Test Reg Loss: 24.1567, Test MAPE: 7.3201, Test R: 0.7934, Test RRSE: 0.6472
2025-02-10 15:52:26,286:INFO:Epoch 216: Train Loss: 3118.3556, Train Node Loss: 547.5188, Train Reg Loss: 25.7084, Train MAPE: 7.6130, Train R: 0.7707, Train RRSE: 0.6378, Test Loss: 2684.4858, Test Node Loss: 535.4621, Test Reg Loss: 21.4902, Test MAPE: 7.3110, Test R: 0.7937, Test RRSE: 0.6104
2025-02-10 15:52:40,936:INFO:Epoch 217: Train Loss: 3251.6394, Train Node Loss: 541.8534, Train Reg Loss: 27.0979, Train MAPE: 7.5974, Train R: 0.7564, Train RRSE: 0.6548, Test Loss: 2784.5059, Test Node Loss: 517.4094, Test Reg Loss: 22.6710, Test MAPE: 7.3321, Test R: 0.7928, Test RRSE: 0.6270
2025-02-10 15:52:55,626:INFO:Epoch 218: Train Loss: 3125.9413, Train Node Loss: 534.1138, Train Reg Loss: 25.9183, Train MAPE: 7.6422, Train R: 0.7692, Train RRSE: 0.6404, Test Loss: 2784.0226, Test Node Loss: 515.6554, Test Reg Loss: 22.6837, Test MAPE: 7.2494, Test R: 0.7933, Test RRSE: 0.6272
2025-02-10 15:53:10,343:INFO:Epoch 219: Train Loss: 2932.7345, Train Node Loss: 532.3364, Train Reg Loss: 24.0040, Train MAPE: 7.5617, Train R: 0.7903, Train RRSE: 0.6163, Test Loss: 2723.3840, Test Node Loss: 517.8570, Test Reg Loss: 22.0553, Test MAPE: 7.3031, Test R: 0.7926, Test RRSE: 0.6184
2025-02-10 15:53:25,253:INFO:Epoch 220: Train Loss: 2985.8286, Train Node Loss: 529.3237, Train Reg Loss: 24.5650, Train MAPE: 7.6414, Train R: 0.7834, Train RRSE: 0.6234, Test Loss: 2846.0585, Test Node Loss: 503.3585, Test Reg Loss: 23.4270, Test MAPE: 7.2956, Test R: 0.7932, Test RRSE: 0.6374
2025-02-10 15:53:39,921:INFO:Epoch 221: Train Loss: 2907.1159, Train Node Loss: 525.4024, Train Reg Loss: 23.8171, Train MAPE: 7.5797, Train R: 0.7918, Train RRSE: 0.6139, Test Loss: 2664.2378, Test Node Loss: 516.7385, Test Reg Loss: 21.4750, Test MAPE: 7.2529, Test R: 0.7930, Test RRSE: 0.6102
2025-02-10 15:53:54,924:INFO:Epoch 222: Train Loss: 2872.9502, Train Node Loss: 520.6043, Train Reg Loss: 23.5235, Train MAPE: 7.6142, Train R: 0.7943, Train RRSE: 0.6101, Test Loss: 2704.6686, Test Node Loss: 503.1400, Test Reg Loss: 22.0153, Test MAPE: 7.2610, Test R: 0.7926, Test RRSE: 0.6179
2025-02-10 15:54:09,410:INFO:Epoch 223: Train Loss: 2904.3818, Train Node Loss: 518.3414, Train Reg Loss: 23.8604, Train MAPE: 7.4751, Train R: 0.7913, Train RRSE: 0.6144, Test Loss: 2665.9756, Test Node Loss: 514.8334, Test Reg Loss: 21.5114, Test MAPE: 7.3922, Test R: 0.7937, Test RRSE: 0.6107
2025-02-10 15:54:24,319:INFO:Epoch 224: Train Loss: 2816.6458, Train Node Loss: 513.9159, Train Reg Loss: 23.0273, Train MAPE: 7.5711, Train R: 0.8010, Train RRSE: 0.6036, Test Loss: 2693.2562, Test Node Loss: 498.1694, Test Reg Loss: 21.9509, Test MAPE: 7.1895, Test R: 0.7917, Test RRSE: 0.6169
2025-02-10 15:54:39,099:INFO:Epoch 225: Train Loss: 3059.9307, Train Node Loss: 506.1684, Train Reg Loss: 25.5376, Train MAPE: 7.4815, Train R: 0.7761, Train RRSE: 0.6357, Test Loss: 2652.5612, Test Node Loss: 500.9033, Test Reg Loss: 21.5166, Test MAPE: 7.2873, Test R: 0.7942, Test RRSE: 0.6108
2025-02-10 15:54:39,128:INFO:Checkpoint saved at best_0.0008_0.001_256_SAGE_2_32_0.7942_epoch_225.pth
2025-02-10 15:54:53,765:INFO:Epoch 226: Train Loss: 3038.4496, Train Node Loss: 511.9649, Train Reg Loss: 25.2648, Train MAPE: 7.7615, Train R: 0.7755, Train RRSE: 0.6323, Test Loss: 2866.4707, Test Node Loss: 483.2913, Test Reg Loss: 23.8318, Test MAPE: 7.3841, Test R: 0.7898, Test RRSE: 0.6428
2025-02-10 15:55:08,673:INFO:Epoch 227: Train Loss: 2748.4851, Train Node Loss: 500.2424, Train Reg Loss: 22.4824, Train MAPE: 7.6070, Train R: 0.8055, Train RRSE: 0.5964, Test Loss: 2674.0671, Test Node Loss: 507.1143, Test Reg Loss: 21.6695, Test MAPE: 7.3963, Test R: 0.7918, Test RRSE: 0.6130
2025-02-10 15:55:23,468:INFO:Epoch 228: Train Loss: 2889.0177, Train Node Loss: 498.0434, Train Reg Loss: 23.9097, Train MAPE: 7.6398, Train R: 0.7895, Train RRSE: 0.6151, Test Loss: 2898.4944, Test Node Loss: 517.0065, Test Reg Loss: 23.8149, Test MAPE: 7.6553, Test R: 0.7915, Test RRSE: 0.6426
2025-02-10 15:55:38,343:INFO:Epoch 229: Train Loss: 3000.5085, Train Node Loss: 498.6390, Train Reg Loss: 25.0187, Train MAPE: 7.6796, Train R: 0.7779, Train RRSE: 0.6292, Test Loss: 2788.6514, Test Node Loss: 504.0196, Test Reg Loss: 22.8463, Test MAPE: 7.5174, Test R: 0.7917, Test RRSE: 0.6294
2025-02-10 15:55:53,096:INFO:Epoch 230: Train Loss: 2883.9399, Train Node Loss: 490.8310, Train Reg Loss: 23.9311, Train MAPE: 7.5098, Train R: 0.7907, Train RRSE: 0.6153, Test Loss: 2716.4072, Test Node Loss: 500.7636, Test Reg Loss: 22.1564, Test MAPE: 7.5172, Test R: 0.7931, Test RRSE: 0.6198
2025-02-10 15:56:07,904:INFO:Epoch 231: Train Loss: 3033.9491, Train Node Loss: 486.5772, Train Reg Loss: 25.4737, Train MAPE: 7.6011, Train R: 0.7730, Train RRSE: 0.6349, Test Loss: 3089.1595, Test Node Loss: 517.2624, Test Reg Loss: 25.7190, Test MAPE: 7.8396, Test R: 0.7900, Test RRSE: 0.6678
2025-02-10 15:56:22,382:INFO:Epoch 232: Train Loss: 3240.4978, Train Node Loss: 482.0860, Train Reg Loss: 27.5841, Train MAPE: 7.8395, Train R: 0.7526, Train RRSE: 0.6606, Test Loss: 3100.2257, Test Node Loss: 510.3107, Test Reg Loss: 25.8991, Test MAPE: 7.8978, Test R: 0.7890, Test RRSE: 0.6701
2025-02-10 15:56:36,898:INFO:Epoch 233: Train Loss: 3082.1117, Train Node Loss: 479.4458, Train Reg Loss: 26.0267, Train MAPE: 7.7403, Train R: 0.7672, Train RRSE: 0.6417, Test Loss: 2852.9870, Test Node Loss: 495.9978, Test Reg Loss: 23.5699, Test MAPE: 7.6296, Test R: 0.7920, Test RRSE: 0.6393
2025-02-10 15:56:51,232:INFO:Epoch 234: Train Loss: 2944.1067, Train Node Loss: 470.3108, Train Reg Loss: 24.7380, Train MAPE: 7.6274, Train R: 0.7824, Train RRSE: 0.6256, Test Loss: 3413.8262, Test Node Loss: 513.2166, Test Reg Loss: 29.0061, Test MAPE: 8.0579, Test R: 0.7909, Test RRSE: 0.7092
2025-02-10 15:57:05,725:INFO:Epoch 235: Train Loss: 3100.2172, Train Node Loss: 469.5291, Train Reg Loss: 26.3069, Train MAPE: 7.7552, Train R: 0.7648, Train RRSE: 0.6452, Test Loss: 3152.5392, Test Node Loss: 500.0506, Test Reg Loss: 26.5249, Test MAPE: 7.8349, Test R: 0.7919, Test RRSE: 0.6782
2025-02-10 15:57:20,353:INFO:Epoch 236: Train Loss: 2958.9593, Train Node Loss: 473.5556, Train Reg Loss: 24.8540, Train MAPE: 7.7571, Train R: 0.7795, Train RRSE: 0.6271, Test Loss: 2635.6104, Test Node Loss: 468.6865, Test Reg Loss: 21.6692, Test MAPE: 7.3237, Test R: 0.7921, Test RRSE: 0.6130
2025-02-10 15:57:35,059:INFO:Epoch 237: Train Loss: 2901.8841, Train Node Loss: 461.8193, Train Reg Loss: 24.4006, Train MAPE: 7.5561, Train R: 0.7864, Train RRSE: 0.6213, Test Loss: 3091.7656, Test Node Loss: 486.8116, Test Reg Loss: 26.0495, Test MAPE: 7.8717, Test R: 0.7917, Test RRSE: 0.6721
2025-02-10 15:57:49,813:INFO:Epoch 238: Train Loss: 2905.1048, Train Node Loss: 465.7053, Train Reg Loss: 24.3940, Train MAPE: 7.6773, Train R: 0.7864, Train RRSE: 0.6213, Test Loss: 2880.9740, Test Node Loss: 432.8021, Test Reg Loss: 24.4817, Test MAPE: 7.2593, Test R: 0.7910, Test RRSE: 0.6515
2025-02-10 15:58:04,465:INFO:Epoch 239: Train Loss: 3121.5478, Train Node Loss: 457.9365, Train Reg Loss: 26.6361, Train MAPE: 7.7999, Train R: 0.7607, Train RRSE: 0.6492, Test Loss: 3620.4128, Test Node Loss: 410.3970, Test Reg Loss: 32.1002, Test MAPE: 7.5231, Test R: 0.7905, Test RRSE: 0.7461
2025-02-10 15:58:19,071:INFO:Epoch 240: Train Loss: 2966.0042, Train Node Loss: 457.1828, Train Reg Loss: 25.0882, Train MAPE: 7.6263, Train R: 0.7767, Train RRSE: 0.6300, Test Loss: 2798.3026, Test Node Loss: 431.4976, Test Reg Loss: 23.6681, Test MAPE: 7.3449, Test R: 0.7916, Test RRSE: 0.6406
2025-02-10 15:58:33,315:INFO:Epoch 241: Train Loss: 3033.9276, Train Node Loss: 440.2531, Train Reg Loss: 25.9367, Train MAPE: 7.5891, Train R: 0.7733, Train RRSE: 0.6406, Test Loss: 2835.6483, Test Node Loss: 460.2369, Test Reg Loss: 23.7541, Test MAPE: 7.6109, Test R: 0.7915, Test RRSE: 0.6418
2025-02-10 15:58:47,867:INFO:Epoch 242: Train Loss: 2811.3067, Train Node Loss: 445.1023, Train Reg Loss: 23.6620, Train MAPE: 7.5823, Train R: 0.7939, Train RRSE: 0.6119, Test Loss: 2634.3625, Test Node Loss: 426.9400, Test Reg Loss: 22.0742, Test MAPE: 7.2234, Test R: 0.7923, Test RRSE: 0.6187
2025-02-10 15:59:02,403:INFO:Epoch 243: Train Loss: 2772.8717, Train Node Loss: 441.5539, Train Reg Loss: 23.3132, Train MAPE: 7.5411, Train R: 0.7971, Train RRSE: 0.6073, Test Loss: 2719.0893, Test Node Loss: 423.3565, Test Reg Loss: 22.9573, Test MAPE: 7.2796, Test R: 0.7916, Test RRSE: 0.6309
2025-02-10 15:59:17,131:INFO:Epoch 244: Train Loss: 2870.6009, Train Node Loss: 441.1699, Train Reg Loss: 24.2943, Train MAPE: 7.6447, Train R: 0.7852, Train RRSE: 0.6200, Test Loss: 4737.4661, Test Node Loss: 374.6317, Test Reg Loss: 43.6283, Test MAPE: 7.9398, Test R: 0.7901, Test RRSE: 0.8698
2025-02-10 15:59:31,483:INFO:Epoch 245: Train Loss: 3416.8786, Train Node Loss: 434.5735, Train Reg Loss: 29.8231, Train MAPE: 7.8281, Train R: 0.7304, Train RRSE: 0.6869, Test Loss: 3121.2379, Test Node Loss: 397.0916, Test Reg Loss: 27.2415, Test MAPE: 7.4099, Test R: 0.7903, Test RRSE: 0.6873
2025-02-10 15:59:46,192:INFO:Epoch 246: Train Loss: 3249.8720, Train Node Loss: 434.1642, Train Reg Loss: 28.1571, Train MAPE: 7.8562, Train R: 0.7461, Train RRSE: 0.6675, Test Loss: 4458.0425, Test Node Loss: 368.5832, Test Reg Loss: 40.8946, Test MAPE: 7.8164, Test R: 0.7935, Test RRSE: 0.8421
2025-02-10 16:00:00,696:INFO:Epoch 247: Train Loss: 2835.3478, Train Node Loss: 420.9406, Train Reg Loss: 24.1441, Train MAPE: 7.6101, Train R: 0.7879, Train RRSE: 0.6181, Test Loss: 2592.0113, Test Node Loss: 430.5973, Test Reg Loss: 21.6141, Test MAPE: 7.3517, Test R: 0.7943, Test RRSE: 0.6122
2025-02-10 16:00:00,724:INFO:Checkpoint saved at best_0.0008_0.001_256_SAGE_2_32_0.7943_epoch_247.pth
2025-02-10 16:00:15,088:INFO:Epoch 248: Train Loss: 2680.4550, Train Node Loss: 418.7954, Train Reg Loss: 22.6166, Train MAPE: 7.5092, Train R: 0.8066, Train RRSE: 0.5982, Test Loss: 2575.0843, Test Node Loss: 413.6805, Test Reg Loss: 21.6140, Test MAPE: 7.4239, Test R: 0.7920, Test RRSE: 0.6122
2025-02-10 16:00:29,690:INFO:Epoch 249: Train Loss: 3078.3798, Train Node Loss: 413.4270, Train Reg Loss: 26.6495, Train MAPE: 7.6446, Train R: 0.7619, Train RRSE: 0.6493, Test Loss: 2606.9500, Test Node Loss: 406.9440, Test Reg Loss: 22.0001, Test MAPE: 7.3770, Test R: 0.7913, Test RRSE: 0.6176
2025-02-10 16:00:44,190:INFO:Epoch 250: Train Loss: 2981.9215, Train Node Loss: 414.8032, Train Reg Loss: 25.6712, Train MAPE: 7.8222, Train R: 0.7706, Train RRSE: 0.6373, Test Loss: 2812.0873, Test Node Loss: 428.7282, Test Reg Loss: 23.8336, Test MAPE: 7.5659, Test R: 0.7884, Test RRSE: 0.6429
2025-02-10 16:00:58,906:INFO:Epoch 251: Train Loss: 3167.9387, Train Node Loss: 412.2214, Train Reg Loss: 27.5572, Train MAPE: 7.7821, Train R: 0.7513, Train RRSE: 0.6603, Test Loss: 2553.4748, Test Node Loss: 413.5491, Test Reg Loss: 21.3993, Test MAPE: 7.2848, Test R: 0.7943, Test RRSE: 0.6091
2025-02-10 16:01:13,269:INFO:Epoch 252: Train Loss: 2998.3487, Train Node Loss: 420.0846, Train Reg Loss: 25.7826, Train MAPE: 7.6261, Train R: 0.7737, Train RRSE: 0.6387, Test Loss: 3700.2005, Test Node Loss: 365.5275, Test Reg Loss: 33.3467, Test MAPE: 7.5236, Test R: 0.7924, Test RRSE: 0.7604
2025-02-10 16:01:27,921:INFO:Epoch 253: Train Loss: 2922.1263, Train Node Loss: 407.2446, Train Reg Loss: 25.1488, Train MAPE: 7.6707, Train R: 0.7767, Train RRSE: 0.6308, Test Loss: 3059.3995, Test Node Loss: 375.0389, Test Reg Loss: 26.8436, Test MAPE: 7.2995, Test R: 0.7927, Test RRSE: 0.6823
2025-02-10 16:01:42,465:INFO:Epoch 254: Train Loss: 2747.3401, Train Node Loss: 409.6174, Train Reg Loss: 23.3772, Train MAPE: 7.6802, Train R: 0.7957, Train RRSE: 0.6082, Test Loss: 3470.9640, Test Node Loss: 360.6699, Test Reg Loss: 31.1029, Test MAPE: 7.4601, Test R: 0.7934, Test RRSE: 0.7344
2025-02-10 16:01:56,900:INFO:Epoch 255: Train Loss: 2832.0061, Train Node Loss: 395.2303, Train Reg Loss: 24.3678, Train MAPE: 7.6668, Train R: 0.7856, Train RRSE: 0.6209, Test Loss: 2780.2432, Test Node Loss: 374.6480, Test Reg Loss: 24.0560, Test MAPE: 7.3591, Test R: 0.7910, Test RRSE: 0.6459
2025-02-10 16:02:11,529:INFO:Epoch 256: Train Loss: 2810.3444, Train Node Loss: 398.4093, Train Reg Loss: 24.1194, Train MAPE: 7.6518, Train R: 0.7877, Train RRSE: 0.6178, Test Loss: 2909.1622, Test Node Loss: 365.1756, Test Reg Loss: 25.4399, Test MAPE: 7.1795, Test R: 0.7931, Test RRSE: 0.6642
2025-02-10 16:02:26,250:INFO:Epoch 257: Train Loss: 2713.2844, Train Node Loss: 389.8841, Train Reg Loss: 23.2340, Train MAPE: 7.5238, Train R: 0.7990, Train RRSE: 0.6063, Test Loss: 2643.2527, Test Node Loss: 402.6460, Test Reg Loss: 22.4061, Test MAPE: 7.4233, Test R: 0.7920, Test RRSE: 0.6233
2025-02-10 16:02:40,724:INFO:Epoch 258: Train Loss: 2710.0774, Train Node Loss: 388.0488, Train Reg Loss: 23.2203, Train MAPE: 7.6737, Train R: 0.7965, Train RRSE: 0.6061, Test Loss: 2550.4699, Test Node Loss: 387.8429, Test Reg Loss: 21.6263, Test MAPE: 7.4431, Test R: 0.7912, Test RRSE: 0.6124
2025-02-10 16:02:55,607:INFO:Epoch 259: Train Loss: 2901.8611, Train Node Loss: 385.6239, Train Reg Loss: 25.1624, Train MAPE: 7.6758, Train R: 0.7762, Train RRSE: 0.6310, Test Loss: 3506.3740, Test Node Loss: 342.5431, Test Reg Loss: 31.6383, Test MAPE: 7.4217, Test R: 0.7932, Test RRSE: 0.7407
2025-02-10 16:03:10,263:INFO:Epoch 260: Train Loss: 3416.4846, Train Node Loss: 379.6710, Train Reg Loss: 30.3681, Train MAPE: 7.9098, Train R: 0.7244, Train RRSE: 0.6932, Test Loss: 3360.3909, Test Node Loss: 346.7935, Test Reg Loss: 30.1360, Test MAPE: 7.4980, Test R: 0.7885, Test RRSE: 0.7229
2025-02-10 16:03:24,972:INFO:Epoch 261: Train Loss: 3116.2749, Train Node Loss: 379.1301, Train Reg Loss: 27.3714, Train MAPE: 7.6879, Train R: 0.7531, Train RRSE: 0.6581, Test Loss: 2530.4626, Test Node Loss: 376.2884, Test Reg Loss: 21.5417, Test MAPE: 7.3387, Test R: 0.7917, Test RRSE: 0.6112
2025-02-10 16:03:39,878:INFO:Epoch 262: Train Loss: 3190.2103, Train Node Loss: 377.4002, Train Reg Loss: 28.1281, Train MAPE: 8.0015, Train R: 0.7466, Train RRSE: 0.6671, Test Loss: 2655.8296, Test Node Loss: 357.9415, Test Reg Loss: 22.9789, Test MAPE: 7.3181, Test R: 0.7928, Test RRSE: 0.6312
2025-02-10 16:03:54,295:INFO:Epoch 263: Train Loss: 3258.5938, Train Node Loss: 367.9265, Train Reg Loss: 28.9067, Train MAPE: 7.8251, Train R: 0.7385, Train RRSE: 0.6763, Test Loss: 3292.7473, Test Node Loss: 401.2337, Test Reg Loss: 28.9151, Test MAPE: 8.0100, Test R: 0.7918, Test RRSE: 0.7081
2025-02-10 16:04:08,716:INFO:Epoch 264: Train Loss: 4612.6634, Train Node Loss: 368.1095, Train Reg Loss: 42.4455, Train MAPE: 8.4597, Train R: 0.6185, Train RRSE: 0.8195, Test Loss: 2763.1233, Test Node Loss: 387.8094, Test Reg Loss: 23.7531, Test MAPE: 7.6275, Test R: 0.7866, Test RRSE: 0.6418
2025-02-10 16:04:23,169:INFO:Epoch 265: Train Loss: 3725.1263, Train Node Loss: 371.3512, Train Reg Loss: 33.5378, Train MAPE: 8.1121, Train R: 0.6984, Train RRSE: 0.7284, Test Loss: 2580.0949, Test Node Loss: 361.4501, Test Reg Loss: 22.1864, Test MAPE: 7.4814, Test R: 0.7879, Test RRSE: 0.6203
2025-02-10 16:04:37,553:INFO:Epoch 266: Train Loss: 3300.9908, Train Node Loss: 351.8476, Train Reg Loss: 29.4914, Train MAPE: 7.7190, Train R: 0.7312, Train RRSE: 0.6831, Test Loss: 3103.0790, Test Node Loss: 381.4387, Test Reg Loss: 27.2164, Test MAPE: 7.9788, Test R: 0.7920, Test RRSE: 0.6870
2025-02-10 16:04:51,962:INFO:Epoch 267: Train Loss: 3319.1885, Train Node Loss: 353.7562, Train Reg Loss: 29.6543, Train MAPE: 7.8591, Train R: 0.7318, Train RRSE: 0.6850, Test Loss: 2616.1279, Test Node Loss: 340.9634, Test Reg Loss: 22.7516, Test MAPE: 7.0572, Test R: 0.7925, Test RRSE: 0.6281
2025-02-10 16:05:06,297:INFO:Epoch 268: Train Loss: 3803.0039, Train Node Loss: 350.6083, Train Reg Loss: 34.5240, Train MAPE: 8.0721, Train R: 0.6836, Train RRSE: 0.7391, Test Loss: 2652.9412, Test Node Loss: 332.9193, Test Reg Loss: 23.2002, Test MAPE: 7.1468, Test R: 0.7926, Test RRSE: 0.6343
2025-02-10 16:05:20,702:INFO:Epoch 269: Train Loss: 3116.3592, Train Node Loss: 353.1267, Train Reg Loss: 27.6323, Train MAPE: 7.8752, Train R: 0.7547, Train RRSE: 0.6612, Test Loss: 2919.6786, Test Node Loss: 315.5698, Test Reg Loss: 26.0411, Test MAPE: 7.2186, Test R: 0.7933, Test RRSE: 0.6720
2025-02-10 16:05:35,305:INFO:Epoch 270: Train Loss: 2545.8719, Train Node Loss: 339.8029, Train Reg Loss: 22.0607, Train MAPE: 7.5335, Train R: 0.8079, Train RRSE: 0.5908, Test Loss: 2843.3508, Test Node Loss: 360.2094, Test Reg Loss: 24.8314, Test MAPE: 7.6919, Test R: 0.7933, Test RRSE: 0.6562
2025-02-10 16:05:49,904:INFO:Epoch 271: Train Loss: 2708.5211, Train Node Loss: 335.0597, Train Reg Loss: 23.7346, Train MAPE: 7.5687, Train R: 0.7924, Train RRSE: 0.6128, Test Loss: 2591.7321, Test Node Loss: 326.5964, Test Reg Loss: 22.6514, Test MAPE: 7.1437, Test R: 0.7935, Test RRSE: 0.6267
2025-02-10 16:06:04,537:INFO:Epoch 272: Train Loss: 2855.2085, Train Node Loss: 340.6041, Train Reg Loss: 25.1460, Train MAPE: 7.5923, Train R: 0.7799, Train RRSE: 0.6308, Test Loss: 3881.9373, Test Node Loss: 294.6526, Test Reg Loss: 35.8728, Test MAPE: 7.5020, Test R: 0.7926, Test RRSE: 0.7887
2025-02-10 16:06:19,098:INFO:Epoch 273: Train Loss: 3335.9568, Train Node Loss: 328.0514, Train Reg Loss: 30.0791, Train MAPE: 7.8611, Train R: 0.7342, Train RRSE: 0.6899, Test Loss: 2741.8542, Test Node Loss: 350.0844, Test Reg Loss: 23.9177, Test MAPE: 7.5804, Test R: 0.7914, Test RRSE: 0.6440
2025-02-10 16:06:33,721:INFO:Epoch 274: Train Loss: 3086.6247, Train Node Loss: 322.4336, Train Reg Loss: 27.6419, Train MAPE: 7.7138, Train R: 0.7553, Train RRSE: 0.6613, Test Loss: 3367.2955, Test Node Loss: 362.4752, Test Reg Loss: 30.0482, Test MAPE: 7.9589, Test R: 0.7918, Test RRSE: 0.7218
2025-02-10 16:06:48,231:INFO:Epoch 275: Train Loss: 2657.6124, Train Node Loss: 327.7088, Train Reg Loss: 23.2990, Train MAPE: 7.5263, Train R: 0.7958, Train RRSE: 0.6072, Test Loss: 2677.1030, Test Node Loss: 306.9340, Test Reg Loss: 23.7017, Test MAPE: 7.1871, Test R: 0.7916, Test RRSE: 0.6411
2025-02-10 16:07:02,564:INFO:Epoch 276: Train Loss: 2463.3296, Train Node Loss: 322.8261, Train Reg Loss: 21.4050, Train MAPE: 7.4482, Train R: 0.8164, Train RRSE: 0.5820, Test Loss: 2651.9070, Test Node Loss: 339.6462, Test Reg Loss: 23.1226, Test MAPE: 7.5417, Test R: 0.7897, Test RRSE: 0.6332
2025-02-10 16:07:17,027:INFO:Epoch 277: Train Loss: 2676.3488, Train Node Loss: 321.3041, Train Reg Loss: 23.5504, Train MAPE: 7.6923, Train R: 0.7931, Train RRSE: 0.6104, Test Loss: 2485.8202, Test Node Loss: 322.1377, Test Reg Loss: 21.6368, Test MAPE: 7.2801, Test R: 0.7907, Test RRSE: 0.6125
2025-02-10 16:07:31,316:INFO:Epoch 278: Train Loss: 2522.0556, Train Node Loss: 323.1310, Train Reg Loss: 21.9892, Train MAPE: 7.6419, Train R: 0.8094, Train RRSE: 0.5898, Test Loss: 2608.6821, Test Node Loss: 306.4940, Test Reg Loss: 23.0219, Test MAPE: 7.2643, Test R: 0.7918, Test RRSE: 0.6318
2025-02-10 16:07:45,906:INFO:Epoch 279: Train Loss: 2470.4436, Train Node Loss: 322.4897, Train Reg Loss: 21.4795, Train MAPE: 7.6795, Train R: 0.8154, Train RRSE: 0.5830, Test Loss: 3649.3738, Test Node Loss: 281.4851, Test Reg Loss: 33.6789, Test MAPE: 7.5419, Test R: 0.7892, Test RRSE: 0.7642
2025-02-10 16:08:00,791:INFO:Epoch 280: Train Loss: 2711.6984, Train Node Loss: 315.3348, Train Reg Loss: 23.9636, Train MAPE: 7.6885, Train R: 0.7883, Train RRSE: 0.6158, Test Loss: 2888.1439, Test Node Loss: 292.8759, Test Reg Loss: 25.9527, Test MAPE: 7.3145, Test R: 0.7907, Test RRSE: 0.6708
2025-02-10 16:08:15,461:INFO:Epoch 281: Train Loss: 2868.0568, Train Node Loss: 305.3592, Train Reg Loss: 25.6270, Train MAPE: 7.6170, Train R: 0.7753, Train RRSE: 0.6368, Test Loss: 3588.0295, Test Node Loss: 347.4561, Test Reg Loss: 32.4057, Test MAPE: 8.3563, Test R: 0.7890, Test RRSE: 0.7496
2025-02-10 16:08:30,174:INFO:Epoch 282: Train Loss: 2700.0289, Train Node Loss: 306.5957, Train Reg Loss: 23.9343, Train MAPE: 7.6697, Train R: 0.7894, Train RRSE: 0.6154, Test Loss: 2602.3094, Test Node Loss: 321.7259, Test Reg Loss: 22.8058, Test MAPE: 7.5580, Test R: 0.7901, Test RRSE: 0.6288
2025-02-10 16:08:44,897:INFO:Epoch 283: Train Loss: 2792.1444, Train Node Loss: 310.9655, Train Reg Loss: 24.8118, Train MAPE: 7.6741, Train R: 0.7815, Train RRSE: 0.6266, Test Loss: 2473.0296, Test Node Loss: 305.6203, Test Reg Loss: 21.6741, Test MAPE: 7.4349, Test R: 0.7903, Test RRSE: 0.6130
2025-02-10 16:08:59,329:INFO:Epoch 284: Train Loss: 2584.9754, Train Node Loss: 300.4410, Train Reg Loss: 22.8453, Train MAPE: 7.7436, Train R: 0.8002, Train RRSE: 0.6012, Test Loss: 2569.2550, Test Node Loss: 291.3241, Test Reg Loss: 22.7793, Test MAPE: 7.2737, Test R: 0.7882, Test RRSE: 0.6285
2025-02-10 16:09:13,986:INFO:Epoch 285: Train Loss: 2426.1145, Train Node Loss: 305.9500, Train Reg Loss: 21.2016, Train MAPE: 7.6556, Train R: 0.8183, Train RRSE: 0.5792, Test Loss: 2624.3884, Test Node Loss: 288.2284, Test Reg Loss: 23.3616, Test MAPE: 7.2302, Test R: 0.7912, Test RRSE: 0.6365
2025-02-10 16:09:28,693:INFO:Epoch 286: Train Loss: 2804.5343, Train Node Loss: 302.8460, Train Reg Loss: 25.0169, Train MAPE: 7.6596, Train R: 0.7796, Train RRSE: 0.6291, Test Loss: 3851.4514, Test Node Loss: 263.0423, Test Reg Loss: 35.8841, Test MAPE: 7.6593, Test R: 0.7924, Test RRSE: 0.7888
2025-02-10 16:09:43,267:INFO:Epoch 287: Train Loss: 2769.0770, Train Node Loss: 296.0531, Train Reg Loss: 24.7302, Train MAPE: 7.6881, Train R: 0.7805, Train RRSE: 0.6255, Test Loss: 3255.4482, Test Node Loss: 269.5144, Test Reg Loss: 29.8593, Test MAPE: 7.5020, Test R: 0.7903, Test RRSE: 0.7196
2025-02-10 16:09:57,854:INFO:Epoch 288: Train Loss: 2644.6787, Train Node Loss: 293.0979, Train Reg Loss: 23.5158, Train MAPE: 7.6823, Train R: 0.7943, Train RRSE: 0.6100, Test Loss: 2564.4048, Test Node Loss: 281.3551, Test Reg Loss: 22.8305, Test MAPE: 7.3214, Test R: 0.7913, Test RRSE: 0.6292
2025-02-10 16:10:12,596:INFO:Epoch 289: Train Loss: 2569.2157, Train Node Loss: 295.9094, Train Reg Loss: 22.7331, Train MAPE: 7.7136, Train R: 0.8020, Train RRSE: 0.5997, Test Loss: 3420.6691, Test Node Loss: 262.9601, Test Reg Loss: 31.5771, Test MAPE: 7.4530, Test R: 0.7908, Test RRSE: 0.7400
2025-02-10 16:10:27,030:INFO:Epoch 290: Train Loss: 2774.7871, Train Node Loss: 290.8607, Train Reg Loss: 24.8393, Train MAPE: 7.7021, Train R: 0.7794, Train RRSE: 0.6269, Test Loss: 2909.6240, Test Node Loss: 270.9425, Test Reg Loss: 26.3868, Test MAPE: 7.3624, Test R: 0.7902, Test RRSE: 0.6764
2025-02-10 16:10:41,595:INFO:Epoch 291: Train Loss: 2648.8456, Train Node Loss: 285.0904, Train Reg Loss: 23.6376, Train MAPE: 7.6558, Train R: 0.7933, Train RRSE: 0.6115, Test Loss: 2475.4608, Test Node Loss: 297.5349, Test Reg Loss: 21.7793, Test MAPE: 7.4621, Test R: 0.7906, Test RRSE: 0.6145
2025-02-10 16:10:56,288:INFO:Epoch 292: Train Loss: 2968.2449, Train Node Loss: 286.9607, Train Reg Loss: 26.8128, Train MAPE: 7.9083, Train R: 0.7607, Train RRSE: 0.6513, Test Loss: 2493.0340, Test Node Loss: 301.8690, Test Reg Loss: 21.9117, Test MAPE: 7.4790, Test R: 0.7887, Test RRSE: 0.6164
2025-02-10 16:11:10,932:INFO:Epoch 293: Train Loss: 3199.8648, Train Node Loss: 283.3322, Train Reg Loss: 29.1653, Train MAPE: 7.8280, Train R: 0.7377, Train RRSE: 0.6793, Test Loss: 3770.0963, Test Node Loss: 324.7038, Test Reg Loss: 34.4539, Test MAPE: 8.3309, Test R: 0.7909, Test RRSE: 0.7729
2025-02-10 16:11:25,622:INFO:Epoch 294: Train Loss: 3013.3252, Train Node Loss: 275.6400, Train Reg Loss: 27.3769, Train MAPE: 7.6783, Train R: 0.7571, Train RRSE: 0.6581, Test Loss: 3101.5621, Test Node Loss: 303.9858, Test Reg Loss: 27.9758, Test MAPE: 8.0759, Test R: 0.7910, Test RRSE: 0.6965
2025-02-10 16:11:39,996:INFO:Epoch 295: Train Loss: 2473.4558, Train Node Loss: 278.0786, Train Reg Loss: 21.9538, Train MAPE: 7.7645, Train R: 0.8085, Train RRSE: 0.5894, Test Loss: 2801.9819, Test Node Loss: 264.4740, Test Reg Loss: 25.3751, Test MAPE: 7.2833, Test R: 0.7893, Test RRSE: 0.6633
2025-02-10 16:11:54,713:INFO:Epoch 296: Train Loss: 2619.8461, Train Node Loss: 283.1497, Train Reg Loss: 23.3670, Train MAPE: 7.8162, Train R: 0.7958, Train RRSE: 0.6080, Test Loss: 3054.3976, Test Node Loss: 253.8964, Test Reg Loss: 28.0050, Test MAPE: 7.2985, Test R: 0.7896, Test RRSE: 0.6969
2025-02-10 16:12:09,160:INFO:Epoch 297: Train Loss: 2841.3507, Train Node Loss: 279.1491, Train Reg Loss: 25.6220, Train MAPE: 7.6793, Train R: 0.7724, Train RRSE: 0.6367, Test Loss: 3941.0061, Test Node Loss: 235.8748, Test Reg Loss: 37.0513, Test MAPE: 7.6949, Test R: 0.7921, Test RRSE: 0.8015
2025-02-10 16:12:23,802:INFO:Epoch 298: Train Loss: 2733.2038, Train Node Loss: 271.8485, Train Reg Loss: 24.6136, Train MAPE: 7.8116, Train R: 0.7814, Train RRSE: 0.6240, Test Loss: 3002.5487, Test Node Loss: 248.5243, Test Reg Loss: 27.5402, Test MAPE: 7.3694, Test R: 0.7913, Test RRSE: 0.6910
2025-02-10 16:12:38,377:INFO:Epoch 299: Train Loss: 2464.5878, Train Node Loss: 266.9089, Train Reg Loss: 21.9768, Train MAPE: 7.6132, Train R: 0.8102, Train RRSE: 0.5897, Test Loss: 2734.7498, Test Node Loss: 283.9701, Test Reg Loss: 24.5078, Test MAPE: 7.6859, Test R: 0.7900, Test RRSE: 0.6519
2025-02-10 16:12:52,486:INFO:Epoch 300: Train Loss: 2506.1382, Train Node Loss: 266.5085, Train Reg Loss: 22.3963, Train MAPE: 7.5831, Train R: 0.8057, Train RRSE: 0.5953, Test Loss: 2446.0125, Test Node Loss: 272.5661, Test Reg Loss: 21.7345, Test MAPE: 7.4668, Test R: 0.7920, Test RRSE: 0.6139
2025-02-10 16:12:52,486:INFO:Best performance at epoch 247 with Test MAPE: 0.7943
