2025-02-10 14:55:32,812:INFO:Learning rate: 0.0008
2025-02-10 14:55:32,813:INFO:Weight decay: 0.001
2025-02-10 14:55:32,814:INFO:Batch size: 64
2025-02-10 14:55:32,814:INFO:Number of layers: 3
2025-02-10 14:55:32,814:INFO:Convolution type: SAGE
2025-02-10 14:55:32,814:INFO:Convolution neurons: 256
2025-02-10 15:00:13,514:INFO:Learning rate: 0.0008
2025-02-10 15:00:13,515:INFO:Weight decay: 0.001
2025-02-10 15:00:13,515:INFO:Batch size: 64
2025-02-10 15:00:13,515:INFO:Number of layers: 3
2025-02-10 15:00:13,515:INFO:Convolution type: SAGE
2025-02-10 15:00:13,515:INFO:Convolution neurons: 256
2025-02-10 15:00:44,502:INFO:Epoch 1: Train Loss: 935933.6847, Train Node Loss: 0.3310, Train Reg Loss: 9359.3334, Train MAPE: 99.4859, Train R: -0.0375, Train RRSE: 12.1690, Test Loss: 923537.7602, Test Node Loss: 0.3738, Test Reg Loss: 9235.3739, Test MAPE: 99.2058, Test R: 0.7625, Test RRSE: 12.6547
2025-02-10 15:00:44,534:INFO:Checkpoint saved at best_0.0008_0.001_256_SAGE_3_64_0.7625_epoch_1.pth
2025-02-10 15:01:14,153:INFO:Epoch 2: Train Loss: 906697.5467, Train Node Loss: 4.7494, Train Reg Loss: 9066.9280, Train MAPE: 97.8956, Train R: -0.0477, Train RRSE: 11.9774, Test Loss: 896863.3938, Test Node Loss: 13.0673, Test Reg Loss: 8968.5034, Test MAPE: 97.7457, Test R: 0.7962, Test RRSE: 12.4705
2025-02-10 15:01:14,185:INFO:Checkpoint saved at best_0.0008_0.001_256_SAGE_3_64_0.7962_epoch_2.pth
2025-02-10 15:01:43,641:INFO:Epoch 3: Train Loss: 860746.7051, Train Node Loss: 76.1701, Train Reg Loss: 8606.7051, Train MAPE: 95.3512, Train R: 0.0501, Train RRSE: 11.6694, Test Loss: 820372.0208, Test Node Loss: 239.0505, Test Reg Loss: 8201.3298, Test MAPE: 93.4235, Test R: 0.7850, Test RRSE: 11.9252
2025-02-10 15:02:13,595:INFO:Epoch 4: Train Loss: 759901.0362, Train Node Loss: 602.7866, Train Reg Loss: 7592.9825, Train MAPE: 89.4479, Train R: 0.0402, Train RRSE: 10.9607, Test Loss: 558973.4187, Test Node Loss: 2820.4185, Test Reg Loss: 5561.5300, Test MAPE: 76.7390, Test R: 0.7766, Test RRSE: 9.8202
2025-02-10 15:02:43,733:INFO:Epoch 5: Train Loss: 524313.0806, Train Node Loss: 3134.0845, Train Reg Loss: 5211.7901, Train MAPE: 73.7366, Train R: 0.1478, Train RRSE: 9.0808, Test Loss: 89615.9300, Test Node Loss: 19851.0185, Test Reg Loss: 697.6491, Test MAPE: 26.1932, Test R: 0.7775, Test RRSE: 3.4781
2025-02-10 15:03:13,951:INFO:Epoch 6: Train Loss: 164203.2825, Train Node Loss: 12633.0560, Train Reg Loss: 1515.7023, Train MAPE: 36.7764, Train R: 0.1728, Train RRSE: 4.8971, Test Loss: 772751.1052, Test Node Loss: 85239.1599, Test Reg Loss: 6875.1195, Test MAPE: 86.8050, Test R: 0.7785, Test RRSE: 10.9185
2025-02-10 15:03:43,164:INFO:Epoch 7: Train Loss: 98087.1761, Train Node Loss: 33584.3749, Train Reg Loss: 645.0280, Train MAPE: 23.7914, Train R: 0.2400, Train RRSE: 3.1946, Test Loss: 1388054.7104, Test Node Loss: 97076.7368, Test Reg Loss: 12909.7799, Test MAPE: 118.8179, Test R: 0.7793, Test RRSE: 14.9618
2025-02-10 15:04:12,531:INFO:Epoch 8: Train Loss: 93428.7128, Train Node Loss: 31886.5424, Train Reg Loss: 615.4217, Train MAPE: 24.3347, Train R: 0.2257, Train RRSE: 3.1204, Test Loss: 130729.5734, Test Node Loss: 37309.0522, Test Reg Loss: 934.2052, Test MAPE: 31.9558, Test R: 0.7801, Test RRSE: 4.0248
2025-02-10 15:04:42,633:INFO:Epoch 9: Train Loss: 34398.0934, Train Node Loss: 18381.5392, Train Reg Loss: 160.1655, Train MAPE: 10.9248, Train R: 0.2501, Train RRSE: 1.5919, Test Loss: 27655.8837, Test Node Loss: 18675.9733, Test Reg Loss: 89.7991, Test MAPE: 8.2193, Test R: 0.7809, Test RRSE: 1.2478
2025-02-10 15:05:12,767:INFO:Epoch 10: Train Loss: 59764.5871, Train Node Loss: 13511.3395, Train Reg Loss: 462.5325, Train MAPE: 20.6763, Train R: 0.7229, Train RRSE: 2.7052, Test Loss: 24803.3369, Test Node Loss: 18078.2616, Test Reg Loss: 67.2508, Test MAPE: 7.3894, Test R: 0.7809, Test RRSE: 1.0799
2025-02-10 15:05:42,993:INFO:Epoch 11: Train Loss: 37401.8159, Train Node Loss: 14850.9939, Train Reg Loss: 225.5082, Train MAPE: 13.6138, Train R: 0.4812, Train RRSE: 1.8889, Test Loss: 41095.7990, Test Node Loss: 23340.3299, Test Reg Loss: 177.5547, Test MAPE: 14.2225, Test R: 0.7797, Test RRSE: 1.7546
2025-02-10 15:06:13,052:INFO:Epoch 12: Train Loss: 23947.8505, Train Node Loss: 18561.8375, Train Reg Loss: 53.8601, Train MAPE: 7.9541, Train R: 0.4844, Train RRSE: 0.9231, Test Loss: 93340.4780, Test Node Loss: 26659.4627, Test Reg Loss: 666.8101, Test MAPE: 27.0202, Test R: 0.7786, Test RRSE: 3.4004
2025-02-10 15:06:43,060:INFO:Epoch 13: Train Loss: 30442.9425, Train Node Loss: 19814.0659, Train Reg Loss: 106.2888, Train MAPE: 11.3015, Train R: 0.7421, Train RRSE: 1.2968, Test Loss: 50950.4145, Test Node Loss: 22272.3834, Test Reg Loss: 286.7803, Test MAPE: 17.8561, Test R: 0.7769, Test RRSE: 2.2300
2025-02-10 15:07:12,672:INFO:Epoch 14: Train Loss: 20887.6023, Train Node Loss: 16750.2038, Train Reg Loss: 41.3740, Train MAPE: 7.4410, Train R: 0.5932, Train RRSE: 0.8091, Test Loss: 19607.0532, Test Node Loss: 16763.8457, Test Reg Loss: 28.4321, Test MAPE: 7.1088, Test R: 0.7749, Test RRSE: 0.7021
2025-02-10 15:07:42,380:INFO:Epoch 15: Train Loss: 22326.5592, Train Node Loss: 14004.2280, Train Reg Loss: 83.2233, Train MAPE: 8.3699, Train R: 0.7033, Train RRSE: 1.1475, Test Loss: 17963.1021, Test Node Loss: 14787.6169, Test Reg Loss: 31.7548, Test MAPE: 6.6829, Test R: 0.7740, Test RRSE: 0.7420
2025-02-10 15:08:12,465:INFO:Epoch 16: Train Loss: 19953.2992, Train Node Loss: 13733.6645, Train Reg Loss: 62.1963, Train MAPE: 7.6717, Train R: 0.6763, Train RRSE: 0.9920, Test Loss: 18596.9715, Test Node Loss: 15207.6179, Test Reg Loss: 33.8935, Test MAPE: 7.5494, Test R: 0.7744, Test RRSE: 0.7666
2025-02-10 15:08:42,001:INFO:Epoch 17: Train Loss: 18152.0197, Train Node Loss: 14548.1874, Train Reg Loss: 36.0383, Train MAPE: 7.3276, Train R: 0.6904, Train RRSE: 0.7551, Test Loss: 20760.1652, Test Node Loss: 15086.3915, Test Reg Loss: 56.7377, Test MAPE: 9.0735, Test R: 0.7746, Test RRSE: 0.9919
2025-02-10 15:09:11,387:INFO:Epoch 18: Train Loss: 18077.5799, Train Node Loss: 14132.8894, Train Reg Loss: 39.4469, Train MAPE: 7.5155, Train R: 0.6854, Train RRSE: 0.7900, Test Loss: 15922.0541, Test Node Loss: 13233.4438, Test Reg Loss: 26.8861, Test MAPE: 6.7949, Test R: 0.7739, Test RRSE: 0.6828
2025-02-10 15:09:41,504:INFO:Epoch 19: Train Loss: 16455.1424, Train Node Loss: 12646.8733, Train Reg Loss: 38.0827, Train MAPE: 6.8278, Train R: 0.7095, Train RRSE: 0.7762, Test Loss: 15668.1540, Test Node Loss: 11804.1518, Test Reg Loss: 38.6400, Test MAPE: 6.7009, Test R: 0.7730, Test RRSE: 0.8185
2025-02-10 15:10:11,325:INFO:Epoch 20: Train Loss: 16184.1807, Train Node Loss: 11874.2590, Train Reg Loss: 43.0992, Train MAPE: 6.9323, Train R: 0.7291, Train RRSE: 0.8258, Test Loss: 14702.2267, Test Node Loss: 11623.0210, Test Reg Loss: 30.7921, Test MAPE: 6.6092, Test R: 0.7726, Test RRSE: 0.7307
2025-02-10 15:10:40,761:INFO:Epoch 21: Train Loss: 15363.0939, Train Node Loss: 11948.8716, Train Reg Loss: 34.1422, Train MAPE: 6.8949, Train R: 0.7160, Train RRSE: 0.7350, Test Loss: 14331.9562, Test Node Loss: 11638.3841, Test Reg Loss: 26.9357, Test MAPE: 6.7840, Test R: 0.7723, Test RRSE: 0.6834
2025-02-10 15:11:10,264:INFO:Epoch 22: Train Loss: 14978.2556, Train Node Loss: 11730.5264, Train Reg Loss: 32.4773, Train MAPE: 7.0407, Train R: 0.7429, Train RRSE: 0.7168, Test Loss: 13683.2914, Test Node Loss: 10844.8543, Test Reg Loss: 28.3844, Test MAPE: 6.5990, Test R: 0.7713, Test RRSE: 0.7016
2025-02-10 15:11:39,685:INFO:Epoch 23: Train Loss: 14224.8590, Train Node Loss: 10903.8850, Train Reg Loss: 33.2097, Train MAPE: 6.8069, Train R: 0.7507, Train RRSE: 0.7249, Test Loss: 13715.5516, Test Node Loss: 10064.8552, Test Reg Loss: 36.5070, Test MAPE: 6.7431, Test R: 0.7703, Test RRSE: 0.7956
2025-02-10 15:12:10,059:INFO:Epoch 24: Train Loss: 14020.8246, Train Node Loss: 10352.1410, Train Reg Loss: 36.6868, Train MAPE: 6.8273, Train R: 0.7268, Train RRSE: 0.7619, Test Loss: 13027.5806, Test Node Loss: 9803.4896, Test Reg Loss: 32.2409, Test MAPE: 6.6549, Test R: 0.7696, Test RRSE: 0.7477
2025-02-10 15:12:39,647:INFO:Epoch 25: Train Loss: 13436.6529, Train Node Loss: 10128.4305, Train Reg Loss: 33.0822, Train MAPE: 6.8375, Train R: 0.7339, Train RRSE: 0.7235, Test Loss: 12429.5565, Test Node Loss: 9585.9879, Test Reg Loss: 28.4357, Test MAPE: 6.6329, Test R: 0.7689, Test RRSE: 0.7022
2025-02-10 15:13:09,707:INFO:Epoch 26: Train Loss: 13036.5158, Train Node Loss: 9820.6705, Train Reg Loss: 32.1585, Train MAPE: 6.9158, Train R: 0.7382, Train RRSE: 0.7133, Test Loss: 12089.2056, Test Node Loss: 9131.9948, Test Reg Loss: 29.5721, Test MAPE: 6.5817, Test R: 0.7680, Test RRSE: 0.7161
2025-02-10 15:13:39,310:INFO:Epoch 27: Train Loss: 12563.4750, Train Node Loss: 9315.3517, Train Reg Loss: 32.4812, Train MAPE: 6.8592, Train R: 0.7442, Train RRSE: 0.7169, Test Loss: 11825.5210, Test Node Loss: 8671.5054, Test Reg Loss: 31.5402, Test MAPE: 6.6758, Test R: 0.7670, Test RRSE: 0.7395
2025-02-10 15:14:09,009:INFO:Epoch 28: Train Loss: 12283.6287, Train Node Loss: 8948.4427, Train Reg Loss: 33.3519, Train MAPE: 6.8660, Train R: 0.7264, Train RRSE: 0.7264, Test Loss: 11349.5092, Test Node Loss: 8379.5790, Test Reg Loss: 29.6993, Test MAPE: 6.6705, Test R: 0.7661, Test RRSE: 0.7176
2025-02-10 15:14:38,620:INFO:Epoch 29: Train Loss: 11763.1609, Train Node Loss: 8623.2755, Train Reg Loss: 31.3989, Train MAPE: 6.9472, Train R: 0.7428, Train RRSE: 0.7048, Test Loss: 10986.5662, Test Node Loss: 8023.1220, Test Reg Loss: 29.6344, Test MAPE: 6.6469, Test R: 0.7650, Test RRSE: 0.7168
2025-02-10 15:15:08,862:INFO:Epoch 30: Train Loss: 11336.1375, Train Node Loss: 8197.8742, Train Reg Loss: 31.3826, Train MAPE: 6.9333, Train R: 0.7492, Train RRSE: 0.7047, Test Loss: 10808.4704, Test Node Loss: 7569.9401, Test Reg Loss: 32.3853, Test MAPE: 6.7389, Test R: 0.7641, Test RRSE: 0.7494
2025-02-10 15:15:38,977:INFO:Epoch 31: Train Loss: 11065.6894, Train Node Loss: 7760.6019, Train Reg Loss: 33.0509, Train MAPE: 6.9137, Train R: 0.7378, Train RRSE: 0.7231, Test Loss: 10272.6574, Test Node Loss: 7333.5441, Test Reg Loss: 29.3911, Test MAPE: 6.7178, Test R: 0.7632, Test RRSE: 0.7139
2025-02-10 15:16:09,015:INFO:Epoch 32: Train Loss: 10674.3884, Train Node Loss: 7550.0382, Train Reg Loss: 31.2435, Train MAPE: 6.9362, Train R: 0.7417, Train RRSE: 0.7031, Test Loss: 9860.3203, Test Node Loss: 7086.5267, Test Reg Loss: 27.7379, Test MAPE: 6.6756, Test R: 0.7624, Test RRSE: 0.6935
2025-02-10 15:16:39,158:INFO:Epoch 33: Train Loss: 10380.6703, Train Node Loss: 7242.0229, Train Reg Loss: 31.3865, Train MAPE: 7.0227, Train R: 0.7336, Train RRSE: 0.7047, Test Loss: 9645.7506, Test Node Loss: 6670.5173, Test Reg Loss: 29.7523, Test MAPE: 6.7273, Test R: 0.7614, Test RRSE: 0.7183
2025-02-10 15:17:08,728:INFO:Epoch 34: Train Loss: 10070.1450, Train Node Loss: 6792.4077, Train Reg Loss: 32.7774, Train MAPE: 6.9141, Train R: 0.7361, Train RRSE: 0.7201, Test Loss: 9451.5030, Test Node Loss: 6312.7215, Test Reg Loss: 31.3878, Test MAPE: 6.7520, Test R: 0.7609, Test RRSE: 0.7377
2025-02-10 15:17:38,763:INFO:Epoch 35: Train Loss: 9743.2630, Train Node Loss: 6548.8783, Train Reg Loss: 31.9438, Train MAPE: 7.0118, Train R: 0.7277, Train RRSE: 0.7109, Test Loss: 8900.6898, Test Node Loss: 6240.0709, Test Reg Loss: 26.6062, Test MAPE: 6.7543, Test R: 0.7606, Test RRSE: 0.6792
2025-02-10 15:18:08,753:INFO:Epoch 36: Train Loss: 9531.2000, Train Node Loss: 6290.3441, Train Reg Loss: 32.4086, Train MAPE: 7.0012, Train R: 0.7194, Train RRSE: 0.7161, Test Loss: 8839.8221, Test Node Loss: 5799.5838, Test Reg Loss: 30.4024, Test MAPE: 6.7527, Test R: 0.7600, Test RRSE: 0.7261
2025-02-10 15:18:38,167:INFO:Epoch 37: Train Loss: 9231.0626, Train Node Loss: 5991.3589, Train Reg Loss: 32.3970, Train MAPE: 7.0339, Train R: 0.7223, Train RRSE: 0.7160, Test Loss: 8445.6721, Test Node Loss: 5630.1110, Test Reg Loss: 28.1556, Test MAPE: 6.7750, Test R: 0.7597, Test RRSE: 0.6987
2025-02-10 15:19:07,629:INFO:Epoch 38: Train Loss: 8899.1997, Train Node Loss: 5731.0373, Train Reg Loss: 31.6816, Train MAPE: 7.0642, Train R: 0.7298, Train RRSE: 0.7080, Test Loss: 8313.2440, Test Node Loss: 5335.1077, Test Reg Loss: 29.7814, Test MAPE: 6.7810, Test R: 0.7592, Test RRSE: 0.7186
2025-02-10 15:19:37,112:INFO:Epoch 39: Train Loss: 8697.1179, Train Node Loss: 5553.4128, Train Reg Loss: 31.4371, Train MAPE: 7.1534, Train R: 0.7256, Train RRSE: 0.7053, Test Loss: 7922.6742, Test Node Loss: 5225.9079, Test Reg Loss: 26.9677, Test MAPE: 6.8217, Test R: 0.7589, Test RRSE: 0.6838
2025-02-10 15:20:06,534:INFO:Epoch 40: Train Loss: 8523.9148, Train Node Loss: 5286.9739, Train Reg Loss: 32.3694, Train MAPE: 7.0031, Train R: 0.7201, Train RRSE: 0.7156, Test Loss: 8008.1938, Test Node Loss: 4879.5568, Test Reg Loss: 31.2864, Test MAPE: 6.8501, Test R: 0.7584, Test RRSE: 0.7365
2025-02-10 15:20:35,856:INFO:Epoch 41: Train Loss: 8309.5783, Train Node Loss: 5023.1909, Train Reg Loss: 32.8639, Train MAPE: 7.0519, Train R: 0.7209, Train RRSE: 0.7211, Test Loss: 7499.6596, Test Node Loss: 4883.6403, Test Reg Loss: 26.1602, Test MAPE: 6.8718, Test R: 0.7581, Test RRSE: 0.6735
2025-02-10 15:21:05,214:INFO:Epoch 42: Train Loss: 8051.3390, Train Node Loss: 4931.0568, Train Reg Loss: 31.2028, Train MAPE: 7.1297, Train R: 0.7288, Train RRSE: 0.7026, Test Loss: 7356.7275, Test Node Loss: 4633.4929, Test Reg Loss: 27.2323, Test MAPE: 6.8639, Test R: 0.7578, Test RRSE: 0.6872
2025-02-10 15:21:34,713:INFO:Epoch 43: Train Loss: 7957.0376, Train Node Loss: 4658.7390, Train Reg Loss: 32.9830, Train MAPE: 7.0822, Train R: 0.7167, Train RRSE: 0.7224, Test Loss: 7167.5740, Test Node Loss: 4485.4705, Test Reg Loss: 26.8210, Test MAPE: 6.8647, Test R: 0.7577, Test RRSE: 0.6820
2025-02-10 15:22:04,307:INFO:Epoch 44: Train Loss: 7903.2425, Train Node Loss: 4663.7473, Train Reg Loss: 32.3950, Train MAPE: 7.3385, Train R: 0.7136, Train RRSE: 0.7159, Test Loss: 6988.4070, Test Node Loss: 4371.0567, Test Reg Loss: 26.1735, Test MAPE: 6.8377, Test R: 0.7576, Test RRSE: 0.6737
2025-02-10 15:22:34,134:INFO:Epoch 45: Train Loss: 7761.0242, Train Node Loss: 4322.5955, Train Reg Loss: 34.3843, Train MAPE: 7.1364, Train R: 0.7053, Train RRSE: 0.7376, Test Loss: 7158.1395, Test Node Loss: 4076.1138, Test Reg Loss: 30.8203, Test MAPE: 6.8145, Test R: 0.7573, Test RRSE: 0.7310
2025-02-10 15:23:03,880:INFO:Epoch 46: Train Loss: 7425.9148, Train Node Loss: 4276.5592, Train Reg Loss: 31.4936, Train MAPE: 7.1725, Train R: 0.7197, Train RRSE: 0.7059, Test Loss: 6797.9571, Test Node Loss: 4195.1717, Test Reg Loss: 26.0279, Test MAPE: 7.0620, Test R: 0.7577, Test RRSE: 0.6718
2025-02-10 15:23:33,755:INFO:Epoch 47: Train Loss: 7233.7227, Train Node Loss: 4202.7260, Train Reg Loss: 30.3100, Train MAPE: 7.3641, Train R: 0.7308, Train RRSE: 0.6925, Test Loss: 6887.4344, Test Node Loss: 3830.8347, Test Reg Loss: 30.5660, Test MAPE: 6.9030, Test R: 0.7574, Test RRSE: 0.7280
2025-02-10 15:24:03,584:INFO:Epoch 48: Train Loss: 7200.7537, Train Node Loss: 3942.6039, Train Reg Loss: 32.5815, Train MAPE: 7.1160, Train R: 0.7234, Train RRSE: 0.7180, Test Loss: 6460.7849, Test Node Loss: 3840.0938, Test Reg Loss: 26.2069, Test MAPE: 6.8831, Test R: 0.7580, Test RRSE: 0.6741
2025-02-10 15:24:32,796:INFO:Epoch 49: Train Loss: 6892.9039, Train Node Loss: 3947.8677, Train Reg Loss: 29.4504, Train MAPE: 7.2553, Train R: 0.7473, Train RRSE: 0.6826, Test Loss: 6395.4689, Test Node Loss: 3687.1589, Test Reg Loss: 27.0831, Test MAPE: 6.9170, Test R: 0.7584, Test RRSE: 0.6853
2025-02-10 15:25:02,498:INFO:Epoch 50: Train Loss: 6763.2474, Train Node Loss: 3728.7806, Train Reg Loss: 30.3447, Train MAPE: 7.1219, Train R: 0.7463, Train RRSE: 0.6929, Test Loss: 6417.0425, Test Node Loss: 3530.6043, Test Reg Loss: 28.8644, Test MAPE: 6.8774, Test R: 0.7586, Test RRSE: 0.7075
2025-02-10 15:25:32,115:INFO:Epoch 51: Train Loss: 6719.8896, Train Node Loss: 3653.9756, Train Reg Loss: 30.6591, Train MAPE: 7.1593, Train R: 0.7325, Train RRSE: 0.6965, Test Loss: 6110.8261, Test Node Loss: 3540.8243, Test Reg Loss: 25.7000, Test MAPE: 6.9424, Test R: 0.7590, Test RRSE: 0.6676
2025-02-10 15:26:01,230:INFO:Epoch 52: Train Loss: 6736.9461, Train Node Loss: 3594.9264, Train Reg Loss: 31.4202, Train MAPE: 7.2140, Train R: 0.7184, Train RRSE: 0.7051, Test Loss: 6070.8325, Test Node Loss: 3378.6097, Test Reg Loss: 26.9222, Test MAPE: 6.8735, Test R: 0.7591, Test RRSE: 0.6832
2025-02-10 15:26:30,973:INFO:Epoch 53: Train Loss: 6442.1398, Train Node Loss: 3462.8906, Train Reg Loss: 29.7925, Train MAPE: 7.2165, Train R: 0.7398, Train RRSE: 0.6866, Test Loss: 6024.9341, Test Node Loss: 3263.3562, Test Reg Loss: 27.6158, Test MAPE: 6.9057, Test R: 0.7593, Test RRSE: 0.6920
2025-02-10 15:27:00,680:INFO:Epoch 54: Train Loss: 6418.0967, Train Node Loss: 3309.8819, Train Reg Loss: 31.0821, Train MAPE: 7.1591, Train R: 0.7367, Train RRSE: 0.7013, Test Loss: 5819.9554, Test Node Loss: 3232.6725, Test Reg Loss: 25.8728, Test MAPE: 6.9322, Test R: 0.7597, Test RRSE: 0.6698
2025-02-10 15:27:30,244:INFO:Epoch 55: Train Loss: 6329.0904, Train Node Loss: 3323.1404, Train Reg Loss: 30.0595, Train MAPE: 7.2826, Train R: 0.7378, Train RRSE: 0.6896, Test Loss: 5772.9732, Test Node Loss: 3098.7535, Test Reg Loss: 26.7422, Test MAPE: 6.9265, Test R: 0.7601, Test RRSE: 0.6810
2025-02-10 15:27:59,498:INFO:Epoch 56: Train Loss: 6274.5684, Train Node Loss: 3131.4029, Train Reg Loss: 31.4317, Train MAPE: 7.1413, Train R: 0.7281, Train RRSE: 0.7052, Test Loss: 5629.9818, Test Node Loss: 3093.4453, Test Reg Loss: 25.3654, Test MAPE: 6.9241, Test R: 0.7604, Test RRSE: 0.6632
2025-02-10 15:28:29,184:INFO:Epoch 57: Train Loss: 6234.5226, Train Node Loss: 3109.2424, Train Reg Loss: 31.2528, Train MAPE: 7.2266, Train R: 0.7212, Train RRSE: 0.7032, Test Loss: 5690.4271, Test Node Loss: 2910.0685, Test Reg Loss: 27.8036, Test MAPE: 6.9248, Test R: 0.7604, Test RRSE: 0.6943
2025-02-10 15:28:58,839:INFO:Epoch 58: Train Loss: 5851.8242, Train Node Loss: 2998.5518, Train Reg Loss: 28.5327, Train MAPE: 7.1701, Train R: 0.7567, Train RRSE: 0.6719, Test Loss: 5460.4966, Test Node Loss: 2929.8327, Test Reg Loss: 25.3066, Test MAPE: 6.9658, Test R: 0.7608, Test RRSE: 0.6624
2025-02-10 15:29:27,964:INFO:Epoch 59: Train Loss: 6117.3835, Train Node Loss: 2991.0824, Train Reg Loss: 31.2630, Train MAPE: 7.2668, Train R: 0.7232, Train RRSE: 0.7033, Test Loss: 5738.3672, Test Node Loss: 2722.7305, Test Reg Loss: 30.1564, Test MAPE: 7.0054, Test R: 0.7612, Test RRSE: 0.7231
2025-02-10 15:29:57,608:INFO:Epoch 60: Train Loss: 6099.3373, Train Node Loss: 2853.1945, Train Reg Loss: 32.4614, Train MAPE: 7.3083, Train R: 0.7052, Train RRSE: 0.7167, Test Loss: 5326.2169, Test Node Loss: 2750.6915, Test Reg Loss: 25.7553, Test MAPE: 6.9487, Test R: 0.7616, Test RRSE: 0.6683
2025-02-10 15:30:27,710:INFO:Epoch 61: Train Loss: 5939.8561, Train Node Loss: 2750.4580, Train Reg Loss: 31.8940, Train MAPE: 7.2352, Train R: 0.7233, Train RRSE: 0.7104, Test Loss: 5317.4249, Test Node Loss: 2656.1962, Test Reg Loss: 26.6123, Test MAPE: 6.9114, Test R: 0.7625, Test RRSE: 0.6793
2025-02-10 15:30:57,822:INFO:Epoch 62: Train Loss: 5787.7197, Train Node Loss: 2796.5774, Train Reg Loss: 29.9114, Train MAPE: 7.4018, Train R: 0.7374, Train RRSE: 0.6879, Test Loss: 5166.6910, Test Node Loss: 2641.5580, Test Reg Loss: 25.2513, Test MAPE: 7.0167, Test R: 0.7630, Test RRSE: 0.6617
2025-02-10 15:31:28,011:INFO:Epoch 63: Train Loss: 6012.1580, Train Node Loss: 2604.6734, Train Reg Loss: 34.0748, Train MAPE: 7.2627, Train R: 0.7052, Train RRSE: 0.7343, Test Loss: 5157.6513, Test Node Loss: 2549.7879, Test Reg Loss: 26.0786, Test MAPE: 6.9906, Test R: 0.7633, Test RRSE: 0.6725
2025-02-10 15:31:58,206:INFO:Epoch 64: Train Loss: 5675.6965, Train Node Loss: 2658.5724, Train Reg Loss: 30.1712, Train MAPE: 7.3151, Train R: 0.7321, Train RRSE: 0.6909, Test Loss: 5045.1622, Test Node Loss: 2559.8149, Test Reg Loss: 24.8535, Test MAPE: 7.0447, Test R: 0.7638, Test RRSE: 0.6565
2025-02-10 15:32:27,938:INFO:Epoch 65: Train Loss: 5578.2484, Train Node Loss: 2546.6291, Train Reg Loss: 30.3162, Train MAPE: 7.1895, Train R: 0.7318, Train RRSE: 0.6926, Test Loss: 5228.7468, Test Node Loss: 2396.9729, Test Reg Loss: 28.3177, Test MAPE: 6.9445, Test R: 0.7639, Test RRSE: 0.7007
2025-02-10 15:32:57,731:INFO:Epoch 66: Train Loss: 5715.1478, Train Node Loss: 2537.4045, Train Reg Loss: 31.7774, Train MAPE: 7.3962, Train R: 0.7106, Train RRSE: 0.7091, Test Loss: 4937.2153, Test Node Loss: 2421.7117, Test Reg Loss: 25.1550, Test MAPE: 7.0093, Test R: 0.7645, Test RRSE: 0.6604
2025-02-10 15:33:27,421:INFO:Epoch 67: Train Loss: 5430.6188, Train Node Loss: 2426.1969, Train Reg Loss: 30.0442, Train MAPE: 7.2693, Train R: 0.7388, Train RRSE: 0.6895, Test Loss: 4998.1328, Test Node Loss: 2327.6868, Test Reg Loss: 26.7045, Test MAPE: 6.9915, Test R: 0.7647, Test RRSE: 0.6805
2025-02-10 15:33:57,171:INFO:Epoch 68: Train Loss: 5326.2814, Train Node Loss: 2412.6704, Train Reg Loss: 29.1361, Train MAPE: 7.3021, Train R: 0.7422, Train RRSE: 0.6790, Test Loss: 4819.8225, Test Node Loss: 2342.0255, Test Reg Loss: 24.7780, Test MAPE: 7.0072, Test R: 0.7653, Test RRSE: 0.6555
2025-02-10 15:34:27,485:INFO:Epoch 69: Train Loss: 5246.7815, Train Node Loss: 2368.5992, Train Reg Loss: 28.7818, Train MAPE: 7.2724, Train R: 0.7466, Train RRSE: 0.6748, Test Loss: 4852.5673, Test Node Loss: 2248.4220, Test Reg Loss: 26.0415, Test MAPE: 6.9819, Test R: 0.7655, Test RRSE: 0.6720
2025-02-10 15:34:57,783:INFO:Epoch 70: Train Loss: 5228.4966, Train Node Loss: 2331.6254, Train Reg Loss: 28.9687, Train MAPE: 7.3482, Train R: 0.7453, Train RRSE: 0.6770, Test Loss: 4791.4363, Test Node Loss: 2207.0831, Test Reg Loss: 25.8435, Test MAPE: 6.9697, Test R: 0.7659, Test RRSE: 0.6694
2025-02-10 15:35:28,010:INFO:Epoch 71: Train Loss: 5220.9709, Train Node Loss: 2229.9823, Train Reg Loss: 29.9099, Train MAPE: 7.2537, Train R: 0.7438, Train RRSE: 0.6879, Test Loss: 4734.6594, Test Node Loss: 2168.2732, Test Reg Loss: 25.6639, Test MAPE: 6.8903, Test R: 0.7666, Test RRSE: 0.6671
2025-02-10 15:35:57,805:INFO:Epoch 72: Train Loss: 5155.1612, Train Node Loss: 2260.1401, Train Reg Loss: 28.9502, Train MAPE: 7.3706, Train R: 0.7463, Train RRSE: 0.6768, Test Loss: 4633.2901, Test Node Loss: 2156.2056, Test Reg Loss: 24.7708, Test MAPE: 7.0011, Test R: 0.7670, Test RRSE: 0.6554
2025-02-10 15:36:27,603:INFO:Epoch 73: Train Loss: 5052.7480, Train Node Loss: 2178.6308, Train Reg Loss: 28.7412, Train MAPE: 7.2951, Train R: 0.7474, Train RRSE: 0.6743, Test Loss: 4866.2607, Test Node Loss: 2043.1687, Test Reg Loss: 28.2309, Test MAPE: 7.0087, Test R: 0.7672, Test RRSE: 0.6997
2025-02-10 15:36:57,581:INFO:Epoch 74: Train Loss: 5235.5297, Train Node Loss: 2152.3702, Train Reg Loss: 30.8316, Train MAPE: 7.3850, Train R: 0.7196, Train RRSE: 0.6984, Test Loss: 4566.1683, Test Node Loss: 2065.8853, Test Reg Loss: 25.0028, Test MAPE: 6.9699, Test R: 0.7675, Test RRSE: 0.6584
2025-02-10 15:37:27,235:INFO:Epoch 75: Train Loss: 5217.4928, Train Node Loss: 2071.6692, Train Reg Loss: 31.4582, Train MAPE: 7.3101, Train R: 0.7222, Train RRSE: 0.7055, Test Loss: 4719.0395, Test Node Loss: 1978.9013, Test Reg Loss: 27.4014, Test MAPE: 7.0443, Test R: 0.7678, Test RRSE: 0.6893
2025-02-10 15:37:56,997:INFO:Epoch 76: Train Loss: 5303.7501, Train Node Loss: 2127.1895, Train Reg Loss: 31.7656, Train MAPE: 7.5112, Train R: 0.7170, Train RRSE: 0.7089, Test Loss: 4456.0073, Test Node Loss: 2007.9504, Test Reg Loss: 24.4806, Test MAPE: 7.0616, Test R: 0.7684, Test RRSE: 0.6515
2025-02-10 15:38:27,515:INFO:Epoch 77: Train Loss: 5191.9049, Train Node Loss: 1981.0141, Train Reg Loss: 32.1089, Train MAPE: 7.3239, Train R: 0.7215, Train RRSE: 0.7128, Test Loss: 4630.0872, Test Node Loss: 1907.9189, Test Reg Loss: 27.2217, Test MAPE: 7.0367, Test R: 0.7685, Test RRSE: 0.6870
2025-02-10 15:38:57,296:INFO:Epoch 78: Train Loss: 5142.0862, Train Node Loss: 2053.8871, Train Reg Loss: 30.8820, Train MAPE: 7.6338, Train R: 0.7252, Train RRSE: 0.6990, Test Loss: 4371.5683, Test Node Loss: 1952.4753, Test Reg Loss: 24.1909, Test MAPE: 7.0619, Test R: 0.7692, Test RRSE: 0.6477
2025-02-10 15:39:27,783:INFO:Epoch 79: Train Loss: 5151.4172, Train Node Loss: 1906.7940, Train Reg Loss: 32.4462, Train MAPE: 7.2864, Train R: 0.7222, Train RRSE: 0.7165, Test Loss: 4419.2294, Test Node Loss: 1867.8632, Test Reg Loss: 25.5137, Test MAPE: 7.0358, Test R: 0.7693, Test RRSE: 0.6651
2025-02-10 15:39:57,404:INFO:Epoch 80: Train Loss: 4999.2377, Train Node Loss: 1982.7092, Train Reg Loss: 30.1653, Train MAPE: 7.5733, Train R: 0.7332, Train RRSE: 0.6909, Test Loss: 4299.7382, Test Node Loss: 1882.7492, Test Reg Loss: 24.1699, Test MAPE: 7.0735, Test R: 0.7699, Test RRSE: 0.6474
2025-02-10 15:40:27,844:INFO:Epoch 81: Train Loss: 4868.8718, Train Node Loss: 1878.1442, Train Reg Loss: 29.9073, Train MAPE: 7.3090, Train R: 0.7356, Train RRSE: 0.6879, Test Loss: 4475.7251, Test Node Loss: 1790.3620, Test Reg Loss: 26.8536, Test MAPE: 7.0310, Test R: 0.7700, Test RRSE: 0.6824
2025-02-10 15:40:57,768:INFO:Epoch 82: Train Loss: 4720.1907, Train Node Loss: 1872.8370, Train Reg Loss: 28.4735, Train MAPE: 7.3587, Train R: 0.7475, Train RRSE: 0.6712, Test Loss: 4236.5711, Test Node Loss: 1828.9406, Test Reg Loss: 24.0763, Test MAPE: 7.1407, Test R: 0.7706, Test RRSE: 0.6461
2025-02-10 15:41:28,061:INFO:Epoch 83: Train Loss: 4706.7582, Train Node Loss: 1843.7821, Train Reg Loss: 28.6298, Train MAPE: 7.3823, Train R: 0.7455, Train RRSE: 0.6730, Test Loss: 4406.6814, Test Node Loss: 1739.4885, Test Reg Loss: 26.6719, Test MAPE: 7.0594, Test R: 0.7713, Test RRSE: 0.6801
2025-02-10 15:41:57,739:INFO:Epoch 84: Train Loss: 4682.7804, Train Node Loss: 1815.9825, Train Reg Loss: 28.6680, Train MAPE: 7.3743, Train R: 0.7457, Train RRSE: 0.6735, Test Loss: 4369.3592, Test Node Loss: 1715.4377, Test Reg Loss: 26.5392, Test MAPE: 7.0598, Test R: 0.7714, Test RRSE: 0.6784
2025-02-10 15:42:27,891:INFO:Epoch 85: Train Loss: 4699.7246, Train Node Loss: 1808.7498, Train Reg Loss: 28.9097, Train MAPE: 7.4250, Train R: 0.7430, Train RRSE: 0.6763, Test Loss: 4829.4004, Test Node Loss: 1636.6823, Test Reg Loss: 31.9272, Test MAPE: 7.2467, Test R: 0.7714, Test RRSE: 0.7441
2025-02-10 15:42:58,030:INFO:Epoch 86: Train Loss: 4735.4108, Train Node Loss: 1724.8265, Train Reg Loss: 30.1058, Train MAPE: 7.3307, Train R: 0.7384, Train RRSE: 0.6902, Test Loss: 4259.0343, Test Node Loss: 1671.5303, Test Reg Loss: 25.8750, Test MAPE: 7.0577, Test R: 0.7720, Test RRSE: 0.6698
2025-02-10 15:43:28,263:INFO:Epoch 87: Train Loss: 4713.5371, Train Node Loss: 1730.2518, Train Reg Loss: 29.8329, Train MAPE: 7.4408, Train R: 0.7303, Train RRSE: 0.6870, Test Loss: 4170.7308, Test Node Loss: 1654.0365, Test Reg Loss: 25.1669, Test MAPE: 7.1177, Test R: 0.7722, Test RRSE: 0.6606
2025-02-10 15:43:58,447:INFO:Epoch 88: Train Loss: 4730.0283, Train Node Loss: 1745.3402, Train Reg Loss: 29.8469, Train MAPE: 7.5192, Train R: 0.7360, Train RRSE: 0.6872, Test Loss: 4190.5906, Test Node Loss: 1614.1060, Test Reg Loss: 25.7648, Test MAPE: 7.1147, Test R: 0.7727, Test RRSE: 0.6684
2025-02-10 15:44:28,117:INFO:Epoch 89: Train Loss: 4620.2345, Train Node Loss: 1634.1022, Train Reg Loss: 29.8613, Train MAPE: 7.3167, Train R: 0.7462, Train RRSE: 0.6874, Test Loss: 4116.2123, Test Node Loss: 1597.4873, Test Reg Loss: 25.1873, Test MAPE: 7.0771, Test R: 0.7728, Test RRSE: 0.6609
2025-02-10 15:44:58,177:INFO:Epoch 90: Train Loss: 4598.9672, Train Node Loss: 1681.5929, Train Reg Loss: 29.1737, Train MAPE: 7.5605, Train R: 0.7385, Train RRSE: 0.6794, Test Loss: 3992.8923, Test Node Loss: 1600.2855, Test Reg Loss: 23.9261, Test MAPE: 7.0294, Test R: 0.7733, Test RRSE: 0.6441
2025-02-10 15:45:27,864:INFO:Epoch 91: Train Loss: 4612.2185, Train Node Loss: 1576.8818, Train Reg Loss: 30.3534, Train MAPE: 7.3615, Train R: 0.7443, Train RRSE: 0.6930, Test Loss: 3956.5665, Test Node Loss: 1585.0077, Test Reg Loss: 23.7156, Test MAPE: 7.1118, Test R: 0.7740, Test RRSE: 0.6413
2025-02-10 15:45:58,242:INFO:Epoch 92: Train Loss: 4901.8360, Train Node Loss: 1677.4602, Train Reg Loss: 32.2438, Train MAPE: 7.7583, Train R: 0.7261, Train RRSE: 0.7143, Test Loss: 4118.8402, Test Node Loss: 1513.2746, Test Reg Loss: 26.0557, Test MAPE: 7.0356, Test R: 0.7741, Test RRSE: 0.6722
2025-02-10 15:46:28,087:INFO:Epoch 93: Train Loss: 4560.3634, Train Node Loss: 1512.2410, Train Reg Loss: 30.4812, Train MAPE: 7.4102, Train R: 0.7598, Train RRSE: 0.6945, Test Loss: 3948.2702, Test Node Loss: 1519.8227, Test Reg Loss: 24.2845, Test MAPE: 7.1206, Test R: 0.7743, Test RRSE: 0.6489
2025-02-10 15:46:57,761:INFO:Epoch 94: Train Loss: 4471.9383, Train Node Loss: 1567.4169, Train Reg Loss: 29.0452, Train MAPE: 7.3004, Train R: 0.7409, Train RRSE: 0.6779, Test Loss: 4047.2454, Test Node Loss: 1579.4934, Test Reg Loss: 24.6775, Test MAPE: 7.4239, Test R: 0.7749, Test RRSE: 0.6541
2025-02-10 15:47:28,210:INFO:Epoch 95: Train Loss: 4611.4518, Train Node Loss: 1562.5062, Train Reg Loss: 30.4895, Train MAPE: 7.5346, Train R: 0.7229, Train RRSE: 0.6946, Test Loss: 3970.4389, Test Node Loss: 1461.4611, Test Reg Loss: 25.0898, Test MAPE: 7.0783, Test R: 0.7753, Test RRSE: 0.6596
2025-02-10 15:47:57,843:INFO:Epoch 96: Train Loss: 4314.6914, Train Node Loss: 1504.5223, Train Reg Loss: 28.1017, Train MAPE: 7.3676, Train R: 0.7529, Train RRSE: 0.6668, Test Loss: 3831.6590, Test Node Loss: 1485.0970, Test Reg Loss: 23.4656, Test MAPE: 7.1859, Test R: 0.7760, Test RRSE: 0.6379
2025-02-10 15:48:27,751:INFO:Epoch 97: Train Loss: 4435.8437, Train Node Loss: 1536.1126, Train Reg Loss: 28.9973, Train MAPE: 7.5530, Train R: 0.7439, Train RRSE: 0.6773, Test Loss: 4045.2004, Test Node Loss: 1412.8217, Test Reg Loss: 26.3238, Test MAPE: 7.1313, Test R: 0.7764, Test RRSE: 0.6756
2025-02-10 15:48:58,202:INFO:Epoch 98: Train Loss: 4349.1501, Train Node Loss: 1454.5802, Train Reg Loss: 28.9457, Train MAPE: 7.3060, Train R: 0.7488, Train RRSE: 0.6767, Test Loss: 4175.2472, Test Node Loss: 1380.4316, Test Reg Loss: 27.9482, Test MAPE: 7.1847, Test R: 0.7767, Test RRSE: 0.6961
2025-02-10 15:49:28,555:INFO:Epoch 99: Train Loss: 4259.2484, Train Node Loss: 1450.6750, Train Reg Loss: 28.0857, Train MAPE: 7.4074, Train R: 0.7523, Train RRSE: 0.6666, Test Loss: 3783.0421, Test Node Loss: 1423.5927, Test Reg Loss: 23.5945, Test MAPE: 7.1740, Test R: 0.7765, Test RRSE: 0.6396
2025-02-10 15:49:58,382:INFO:Epoch 100: Train Loss: 4438.2457, Train Node Loss: 1484.2955, Train Reg Loss: 29.5395, Train MAPE: 7.5974, Train R: 0.7393, Train RRSE: 0.6836, Test Loss: 4472.6569, Test Node Loss: 1313.7869, Test Reg Loss: 31.5887, Test MAPE: 7.1837, Test R: 0.7773, Test RRSE: 0.7401
2025-02-10 15:50:27,757:INFO:Epoch 101: Train Loss: 4374.7915, Train Node Loss: 1395.3182, Train Reg Loss: 29.7947, Train MAPE: 7.4042, Train R: 0.7387, Train RRSE: 0.6866, Test Loss: 3907.8855, Test Node Loss: 1346.9211, Test Reg Loss: 25.6096, Test MAPE: 7.1413, Test R: 0.7776, Test RRSE: 0.6664
2025-02-10 15:50:57,996:INFO:Epoch 102: Train Loss: 4148.8092, Train Node Loss: 1408.2077, Train Reg Loss: 27.4060, Train MAPE: 7.4452, Train R: 0.7573, Train RRSE: 0.6585, Test Loss: 3873.2790, Test Node Loss: 1328.7492, Test Reg Loss: 25.4453, Test MAPE: 7.1152, Test R: 0.7780, Test RRSE: 0.6642
2025-02-10 15:51:28,210:INFO:Epoch 103: Train Loss: 4220.5060, Train Node Loss: 1381.3383, Train Reg Loss: 28.3917, Train MAPE: 7.3951, Train R: 0.7479, Train RRSE: 0.6702, Test Loss: 3771.8996, Test Node Loss: 1325.3780, Test Reg Loss: 24.4652, Test MAPE: 7.1575, Test R: 0.7779, Test RRSE: 0.6513
2025-02-10 15:51:58,393:INFO:Epoch 104: Train Loss: 4197.0806, Train Node Loss: 1352.7783, Train Reg Loss: 28.4430, Train MAPE: 7.3691, Train R: 0.7497, Train RRSE: 0.6708, Test Loss: 3660.8697, Test Node Loss: 1345.9392, Test Reg Loss: 23.1493, Test MAPE: 7.2178, Test R: 0.7777, Test RRSE: 0.6336
2025-02-10 15:52:28,060:INFO:Epoch 105: Train Loss: 4254.8175, Train Node Loss: 1390.0283, Train Reg Loss: 28.6479, Train MAPE: 7.6214, Train R: 0.7483, Train RRSE: 0.6733, Test Loss: 4051.8332, Test Node Loss: 1256.3754, Test Reg Loss: 27.9546, Test MAPE: 7.1621, Test R: 0.7781, Test RRSE: 0.6962
2025-02-10 15:52:57,729:INFO:Epoch 106: Train Loss: 4138.2554, Train Node Loss: 1320.3335, Train Reg Loss: 28.1792, Train MAPE: 7.3874, Train R: 0.7516, Train RRSE: 0.6677, Test Loss: 3773.8112, Test Node Loss: 1266.9648, Test Reg Loss: 25.0685, Test MAPE: 7.1065, Test R: 0.7787, Test RRSE: 0.6593
2025-02-10 15:53:27,895:INFO:Epoch 107: Train Loss: 4089.9993, Train Node Loss: 1312.6985, Train Reg Loss: 27.7730, Train MAPE: 7.5223, Train R: 0.7522, Train RRSE: 0.6629, Test Loss: 3600.1353, Test Node Loss: 1288.0774, Test Reg Loss: 23.1206, Test MAPE: 7.2053, Test R: 0.7788, Test RRSE: 0.6332
2025-02-10 15:53:58,151:INFO:Epoch 108: Train Loss: 4158.7688, Train Node Loss: 1303.9225, Train Reg Loss: 28.5485, Train MAPE: 7.4800, Train R: 0.7436, Train RRSE: 0.6721, Test Loss: 3616.4647, Test Node Loss: 1255.4366, Test Reg Loss: 23.6103, Test MAPE: 7.1997, Test R: 0.7790, Test RRSE: 0.6398
2025-02-10 15:54:28,532:INFO:Epoch 109: Train Loss: 4015.7274, Train Node Loss: 1273.7004, Train Reg Loss: 27.4203, Train MAPE: 7.4548, Train R: 0.7590, Train RRSE: 0.6587, Test Loss: 3595.1103, Test Node Loss: 1279.8614, Test Reg Loss: 23.1525, Test MAPE: 7.3085, Test R: 0.7788, Test RRSE: 0.6336
2025-02-10 15:54:58,821:INFO:Epoch 110: Train Loss: 4131.0857, Train Node Loss: 1291.8343, Train Reg Loss: 28.3925, Train MAPE: 7.5864, Train R: 0.7456, Train RRSE: 0.6702, Test Loss: 3573.2386, Test Node Loss: 1219.5735, Test Reg Loss: 23.5367, Test MAPE: 7.0620, Test R: 0.7799, Test RRSE: 0.6388
2025-02-10 15:55:28,622:INFO:Epoch 111: Train Loss: 3990.8666, Train Node Loss: 1225.2678, Train Reg Loss: 27.6560, Train MAPE: 7.4239, Train R: 0.7641, Train RRSE: 0.6615, Test Loss: 3758.5638, Test Node Loss: 1277.7654, Test Reg Loss: 24.8080, Test MAPE: 7.4787, Test R: 0.7803, Test RRSE: 0.6559
2025-02-10 15:55:58,312:INFO:Epoch 112: Train Loss: 4495.7683, Train Node Loss: 1290.9476, Train Reg Loss: 32.0482, Train MAPE: 7.8163, Train R: 0.7198, Train RRSE: 0.7121, Test Loss: 3991.4289, Test Node Loss: 1132.9469, Test Reg Loss: 28.5848, Test MAPE: 7.2102, Test R: 0.7805, Test RRSE: 0.7040
2025-02-10 15:56:28,075:INFO:Epoch 113: Train Loss: 4359.6613, Train Node Loss: 1176.1280, Train Reg Loss: 31.8353, Train MAPE: 7.4488, Train R: 0.7295, Train RRSE: 0.7097, Test Loss: 3980.4673, Test Node Loss: 1268.3633, Test Reg Loss: 27.1210, Test MAPE: 7.6953, Test R: 0.7801, Test RRSE: 0.6858
2025-02-10 15:56:58,364:INFO:Epoch 114: Train Loss: 4105.1938, Train Node Loss: 1242.0688, Train Reg Loss: 28.6312, Train MAPE: 7.5873, Train R: 0.7474, Train RRSE: 0.6731, Test Loss: 3815.6973, Test Node Loss: 1120.3845, Test Reg Loss: 26.9531, Test MAPE: 7.1028, Test R: 0.7801, Test RRSE: 0.6836
2025-02-10 15:57:28,532:INFO:Epoch 115: Train Loss: 4110.1341, Train Node Loss: 1164.8576, Train Reg Loss: 29.4528, Train MAPE: 7.4362, Train R: 0.7442, Train RRSE: 0.6826, Test Loss: 3743.9378, Test Node Loss: 1226.2992, Test Reg Loss: 25.1764, Test MAPE: 7.5835, Test R: 0.7804, Test RRSE: 0.6607
2025-02-10 15:57:58,874:INFO:Epoch 116: Train Loss: 4005.0299, Train Node Loss: 1214.9781, Train Reg Loss: 27.9005, Train MAPE: 7.5721, Train R: 0.7572, Train RRSE: 0.6644, Test Loss: 3919.8694, Test Node Loss: 1088.6435, Test Reg Loss: 28.3123, Test MAPE: 7.2256, Test R: 0.7809, Test RRSE: 0.7007
2025-02-10 15:58:29,252:INFO:Epoch 117: Train Loss: 4034.0381, Train Node Loss: 1130.9529, Train Reg Loss: 29.0309, Train MAPE: 7.4081, Train R: 0.7561, Train RRSE: 0.6777, Test Loss: 3601.2652, Test Node Loss: 1190.4145, Test Reg Loss: 24.1085, Test MAPE: 7.4921, Test R: 0.7813, Test RRSE: 0.6466
2025-02-10 15:58:59,170:INFO:Epoch 118: Train Loss: 4095.4460, Train Node Loss: 1203.8933, Train Reg Loss: 28.9155, Train MAPE: 7.6192, Train R: 0.7541, Train RRSE: 0.6764, Test Loss: 4174.3557, Test Node Loss: 1049.5762, Test Reg Loss: 31.2478, Test MAPE: 7.3228, Test R: 0.7819, Test RRSE: 0.7361
2025-02-10 15:59:29,089:INFO:Epoch 119: Train Loss: 4277.9244, Train Node Loss: 1087.3651, Train Reg Loss: 31.9056, Train MAPE: 7.4520, Train R: 0.7452, Train RRSE: 0.7105, Test Loss: 3780.6103, Test Node Loss: 1187.0022, Test Reg Loss: 25.9361, Test MAPE: 7.6475, Test R: 0.7813, Test RRSE: 0.6706
2025-02-10 15:59:59,450:INFO:Epoch 120: Train Loss: 4237.8204, Train Node Loss: 1184.6326, Train Reg Loss: 30.5319, Train MAPE: 7.8074, Train R: 0.7374, Train RRSE: 0.6950, Test Loss: 4064.2058, Test Node Loss: 1030.3444, Test Reg Loss: 30.3386, Test MAPE: 7.2912, Test R: 0.7808, Test RRSE: 0.7253
2025-02-10 16:00:29,237:INFO:Epoch 121: Train Loss: 4036.1073, Train Node Loss: 1085.1696, Train Reg Loss: 29.5094, Train MAPE: 7.5255, Train R: 0.7481, Train RRSE: 0.6833, Test Loss: 3652.3107, Test Node Loss: 1148.8655, Test Reg Loss: 25.0345, Test MAPE: 7.4737, Test R: 0.7810, Test RRSE: 0.6589
2025-02-10 16:00:59,508:INFO:Epoch 122: Train Loss: 3912.9827, Train Node Loss: 1139.3898, Train Reg Loss: 27.7359, Train MAPE: 7.6415, Train R: 0.7592, Train RRSE: 0.6624, Test Loss: 3647.4614, Test Node Loss: 1030.2625, Test Reg Loss: 26.1720, Test MAPE: 7.1505, Test R: 0.7812, Test RRSE: 0.6737
2025-02-10 16:01:29,239:INFO:Epoch 123: Train Loss: 3973.3871, Train Node Loss: 1054.9582, Train Reg Loss: 29.1843, Train MAPE: 7.3898, Train R: 0.7577, Train RRSE: 0.6795, Test Loss: 3784.9309, Test Node Loss: 1137.5285, Test Reg Loss: 26.4740, Test MAPE: 7.7160, Test R: 0.7818, Test RRSE: 0.6775
2025-02-10 16:01:58,836:INFO:Epoch 124: Train Loss: 4172.2595, Train Node Loss: 1103.7410, Train Reg Loss: 30.6852, Train MAPE: 7.7170, Train R: 0.7200, Train RRSE: 0.6968, Test Loss: 3403.2220, Test Node Loss: 1039.3327, Test Reg Loss: 23.6389, Test MAPE: 7.1599, Test R: 0.7826, Test RRSE: 0.6402
2025-02-10 16:02:29,158:INFO:Epoch 125: Train Loss: 3908.3370, Train Node Loss: 1097.5608, Train Reg Loss: 28.1078, Train MAPE: 7.6115, Train R: 0.7500, Train RRSE: 0.6669, Test Loss: 3357.9463, Test Node Loss: 1039.5441, Test Reg Loss: 23.1840, Test MAPE: 7.1694, Test R: 0.7832, Test RRSE: 0.6340
2025-02-10 16:02:58,836:INFO:Epoch 126: Train Loss: 4289.9186, Train Node Loss: 1013.6680, Train Reg Loss: 32.7625, Train MAPE: 7.4768, Train R: 0.7269, Train RRSE: 0.7200, Test Loss: 3343.8382, Test Node Loss: 1062.5149, Test Reg Loss: 22.8132, Test MAPE: 7.2682, Test R: 0.7836, Test RRSE: 0.6290
2025-02-10 16:03:28,798:INFO:Epoch 127: Train Loss: 4097.2580, Train Node Loss: 1108.7232, Train Reg Loss: 29.8853, Train MAPE: 7.8617, Train R: 0.7530, Train RRSE: 0.6876, Test Loss: 3353.4850, Test Node Loss: 1011.0226, Test Reg Loss: 23.4246, Test MAPE: 7.1170, Test R: 0.7831, Test RRSE: 0.6373
2025-02-10 16:03:58,433:INFO:Epoch 128: Train Loss: 4031.8688, Train Node Loss: 995.2696, Train Reg Loss: 30.3660, Train MAPE: 7.4780, Train R: 0.7499, Train RRSE: 0.6931, Test Loss: 3383.1815, Test Node Loss: 1048.4457, Test Reg Loss: 23.3474, Test MAPE: 7.3100, Test R: 0.7826, Test RRSE: 0.6363
2025-02-10 16:04:28,118:INFO:Epoch 129: Train Loss: 4034.9775, Train Node Loss: 1081.5464, Train Reg Loss: 29.5343, Train MAPE: 7.7835, Train R: 0.7543, Train RRSE: 0.6836, Test Loss: 3492.9795, Test Node Loss: 969.0072, Test Reg Loss: 25.2397, Test MAPE: 7.1668, Test R: 0.7822, Test RRSE: 0.6616
2025-02-10 16:04:57,983:INFO:Epoch 130: Train Loss: 3910.0354, Train Node Loss: 970.9313, Train Reg Loss: 29.3910, Train MAPE: 7.3853, Train R: 0.7660, Train RRSE: 0.6819, Test Loss: 3431.5273, Test Node Loss: 1038.0416, Test Reg Loss: 23.9349, Test MAPE: 7.4942, Test R: 0.7823, Test RRSE: 0.6442
2025-02-10 16:05:27,876:INFO:Epoch 131: Train Loss: 4006.8165, Train Node Loss: 1064.7750, Train Reg Loss: 29.4204, Train MAPE: 7.9016, Train R: 0.7572, Train RRSE: 0.6823, Test Loss: 3684.7596, Test Node Loss: 934.9499, Test Reg Loss: 27.4981, Test MAPE: 7.2288, Test R: 0.7825, Test RRSE: 0.6905
2025-02-10 16:05:57,759:INFO:Epoch 132: Train Loss: 3912.4425, Train Node Loss: 964.6782, Train Reg Loss: 29.4776, Train MAPE: 7.4165, Train R: 0.7523, Train RRSE: 0.6829, Test Loss: 3254.8488, Test Node Loss: 992.7651, Test Reg Loss: 22.6208, Test MAPE: 7.2471, Test R: 0.7826, Test RRSE: 0.6263
2025-02-10 16:06:27,728:INFO:Epoch 133: Train Loss: 3692.5976, Train Node Loss: 1018.6164, Train Reg Loss: 26.7398, Train MAPE: 7.6739, Train R: 0.7663, Train RRSE: 0.6504, Test Loss: 3519.5190, Test Node Loss: 931.0716, Test Reg Loss: 25.8845, Test MAPE: 7.2010, Test R: 0.7837, Test RRSE: 0.6700
2025-02-10 16:06:57,579:INFO:Epoch 134: Train Loss: 3768.9731, Train Node Loss: 966.8419, Train Reg Loss: 28.0213, Train MAPE: 7.4687, Train R: 0.7548, Train RRSE: 0.6658, Test Loss: 3229.7188, Test Node Loss: 967.3773, Test Reg Loss: 22.6234, Test MAPE: 7.2335, Test R: 0.7831, Test RRSE: 0.6263
2025-02-10 16:07:27,216:INFO:Epoch 135: Train Loss: 3799.8423, Train Node Loss: 1000.7046, Train Reg Loss: 27.9914, Train MAPE: 7.5813, Train R: 0.7537, Train RRSE: 0.6655, Test Loss: 3888.3353, Test Node Loss: 892.9471, Test Reg Loss: 29.9539, Test MAPE: 7.3755, Test R: 0.7830, Test RRSE: 0.7207
2025-02-10 16:07:57,150:INFO:Epoch 136: Train Loss: 3853.4745, Train Node Loss: 936.5258, Train Reg Loss: 29.1695, Train MAPE: 7.5179, Train R: 0.7494, Train RRSE: 0.6794, Test Loss: 3209.7487, Test Node Loss: 956.3869, Test Reg Loss: 22.5336, Test MAPE: 7.3191, Test R: 0.7828, Test RRSE: 0.6251
2025-02-10 16:08:26,919:INFO:Epoch 137: Train Loss: 3730.6086, Train Node Loss: 976.1844, Train Reg Loss: 27.5442, Train MAPE: 7.6681, Train R: 0.7546, Train RRSE: 0.6602, Test Loss: 3681.6336, Test Node Loss: 881.8821, Test Reg Loss: 27.9975, Test MAPE: 7.2642, Test R: 0.7847, Test RRSE: 0.6968
2025-02-10 16:08:56,845:INFO:Epoch 138: Train Loss: 3882.8579, Train Node Loss: 918.1102, Train Reg Loss: 29.6475, Train MAPE: 7.3906, Train R: 0.7441, Train RRSE: 0.6849, Test Loss: 3585.7384, Test Node Loss: 987.8306, Test Reg Loss: 25.9791, Test MAPE: 7.6954, Test R: 0.7837, Test RRSE: 0.6712
2025-02-10 16:09:27,383:INFO:Epoch 139: Train Loss: 3780.8534, Train Node Loss: 964.2795, Train Reg Loss: 28.1657, Train MAPE: 7.6675, Train R: 0.7518, Train RRSE: 0.6676, Test Loss: 3464.4602, Test Node Loss: 875.8442, Test Reg Loss: 25.8862, Test MAPE: 7.2158, Test R: 0.7841, Test RRSE: 0.6700
2025-02-10 16:09:57,574:INFO:Epoch 140: Train Loss: 3657.3085, Train Node Loss: 905.6089, Train Reg Loss: 27.5170, Train MAPE: 7.5511, Train R: 0.7620, Train RRSE: 0.6598, Test Loss: 3318.1937, Test Node Loss: 947.0145, Test Reg Loss: 23.7118, Test MAPE: 7.4689, Test R: 0.7842, Test RRSE: 0.6412
2025-02-10 16:10:27,450:INFO:Epoch 141: Train Loss: 3697.6861, Train Node Loss: 945.4639, Train Reg Loss: 27.5222, Train MAPE: 7.6754, Train R: 0.7594, Train RRSE: 0.6599, Test Loss: 3861.4677, Test Node Loss: 833.0393, Test Reg Loss: 30.2843, Test MAPE: 7.3081, Test R: 0.7850, Test RRSE: 0.7247
2025-02-10 16:10:57,179:INFO:Epoch 142: Train Loss: 3900.0251, Train Node Loss: 893.5340, Train Reg Loss: 30.0649, Train MAPE: 7.5752, Train R: 0.7295, Train RRSE: 0.6897, Test Loss: 3267.0204, Test Node Loss: 925.2549, Test Reg Loss: 23.4177, Test MAPE: 7.4723, Test R: 0.7840, Test RRSE: 0.6372
2025-02-10 16:11:27,163:INFO:Epoch 143: Train Loss: 3471.3682, Train Node Loss: 907.1752, Train Reg Loss: 25.6419, Train MAPE: 7.5619, Train R: 0.7732, Train RRSE: 0.6370, Test Loss: 3408.3637, Test Node Loss: 842.6627, Test Reg Loss: 25.6570, Test MAPE: 7.2483, Test R: 0.7845, Test RRSE: 0.6670
2025-02-10 16:11:56,864:INFO:Epoch 144: Train Loss: 3647.5176, Train Node Loss: 868.5265, Train Reg Loss: 27.7899, Train MAPE: 7.4604, Train R: 0.7589, Train RRSE: 0.6631, Test Loss: 3479.5715, Test Node Loss: 928.7929, Test Reg Loss: 25.5078, Test MAPE: 7.6546, Test R: 0.7838, Test RRSE: 0.6651
2025-02-10 16:12:26,347:INFO:Epoch 145: Train Loss: 3922.8666, Train Node Loss: 926.1302, Train Reg Loss: 29.9674, Train MAPE: 7.9045, Train R: 0.7442, Train RRSE: 0.6886, Test Loss: 4446.8997, Test Node Loss: 775.5821, Test Reg Loss: 36.7132, Test MAPE: 7.5103, Test R: 0.7849, Test RRSE: 0.7979
2025-02-10 16:12:55,729:INFO:Epoch 146: Train Loss: 3730.8675, Train Node Loss: 837.7403, Train Reg Loss: 28.9313, Train MAPE: 7.4150, Train R: 0.7638, Train RRSE: 0.6766, Test Loss: 3557.2128, Test Node Loss: 917.3893, Test Reg Loss: 26.3982, Test MAPE: 7.7380, Test R: 0.7852, Test RRSE: 0.6766
2025-02-10 16:13:25,371:INFO:Epoch 147: Train Loss: 3740.0784, Train Node Loss: 896.2408, Train Reg Loss: 28.4384, Train MAPE: 7.7550, Train R: 0.7490, Train RRSE: 0.6708, Test Loss: 3448.1185, Test Node Loss: 807.3441, Test Reg Loss: 26.4077, Test MAPE: 7.1565, Test R: 0.7859, Test RRSE: 0.6767
2025-02-10 16:13:54,999:INFO:Epoch 148: Train Loss: 3543.8863, Train Node Loss: 856.7178, Train Reg Loss: 26.8717, Train MAPE: 7.4752, Train R: 0.7622, Train RRSE: 0.6520, Test Loss: 3090.6042, Test Node Loss: 845.4261, Test Reg Loss: 22.4518, Test MAPE: 7.2431, Test R: 0.7860, Test RRSE: 0.6239
2025-02-10 16:14:24,590:INFO:Epoch 149: Train Loss: 3519.7529, Train Node Loss: 860.1229, Train Reg Loss: 26.5963, Train MAPE: 7.5361, Train R: 0.7637, Train RRSE: 0.6487, Test Loss: 3551.3108, Test Node Loss: 791.8231, Test Reg Loss: 27.5949, Test MAPE: 7.2393, Test R: 0.7859, Test RRSE: 0.6917
2025-02-10 16:14:54,524:INFO:Epoch 150: Train Loss: 3655.1556, Train Node Loss: 845.8032, Train Reg Loss: 28.0935, Train MAPE: 7.5985, Train R: 0.7473, Train RRSE: 0.6667, Test Loss: 3070.8664, Test Node Loss: 843.6810, Test Reg Loss: 22.2719, Test MAPE: 7.3013, Test R: 0.7855, Test RRSE: 0.6214
2025-02-10 16:15:24,454:INFO:Epoch 151: Train Loss: 4004.5327, Train Node Loss: 816.8015, Train Reg Loss: 31.8773, Train MAPE: 7.3193, Train R: 0.7189, Train RRSE: 0.7102, Test Loss: 3061.1983, Test Node Loss: 831.2248, Test Reg Loss: 22.2997, Test MAPE: 7.3087, Test R: 0.7854, Test RRSE: 0.6218
2025-02-10 16:15:55,129:INFO:Epoch 152: Train Loss: 3832.8348, Train Node Loss: 889.9471, Train Reg Loss: 29.4289, Train MAPE: 7.9227, Train R: 0.7625, Train RRSE: 0.6824, Test Loss: 3238.0234, Test Node Loss: 796.7260, Test Reg Loss: 24.4130, Test MAPE: 7.2740, Test R: 0.7845, Test RRSE: 0.6506
2025-02-10 16:16:25,063:INFO:Epoch 153: Train Loss: 3600.1354, Train Node Loss: 793.8934, Train Reg Loss: 28.0624, Train MAPE: 7.5054, Train R: 0.7732, Train RRSE: 0.6663, Test Loss: 3159.8987, Test Node Loss: 796.3198, Test Reg Loss: 23.6358, Test MAPE: 7.2886, Test R: 0.7850, Test RRSE: 0.6402
2025-02-10 16:16:55,023:INFO:Epoch 154: Train Loss: 3565.2278, Train Node Loss: 844.8505, Train Reg Loss: 27.2038, Train MAPE: 7.7888, Train R: 0.7600, Train RRSE: 0.6561, Test Loss: 3244.7296, Test Node Loss: 779.7891, Test Reg Loss: 24.6494, Test MAPE: 7.2438, Test R: 0.7861, Test RRSE: 0.6538
2025-02-10 16:17:24,934:INFO:Epoch 155: Train Loss: 3442.2438, Train Node Loss: 797.2688, Train Reg Loss: 26.4497, Train MAPE: 7.4629, Train R: 0.7731, Train RRSE: 0.6469, Test Loss: 3037.9895, Test Node Loss: 798.8154, Test Reg Loss: 22.3917, Test MAPE: 7.2599, Test R: 0.7865, Test RRSE: 0.6231
2025-02-10 16:17:54,629:INFO:Epoch 156: Train Loss: 3434.2312, Train Node Loss: 816.3318, Train Reg Loss: 26.1790, Train MAPE: 7.6198, Train R: 0.7675, Train RRSE: 0.6436, Test Loss: 3015.5673, Test Node Loss: 797.4856, Test Reg Loss: 22.1808, Test MAPE: 7.3062, Test R: 0.7869, Test RRSE: 0.6202
2025-02-10 16:18:24,405:INFO:Epoch 157: Train Loss: 3414.8743, Train Node Loss: 797.5686, Train Reg Loss: 26.1731, Train MAPE: 7.5694, Train R: 0.7688, Train RRSE: 0.6435, Test Loss: 3015.1285, Test Node Loss: 792.7706, Test Reg Loss: 22.2236, Test MAPE: 7.3216, Test R: 0.7860, Test RRSE: 0.6208
2025-02-10 16:18:54,281:INFO:Epoch 158: Train Loss: 3421.6434, Train Node Loss: 818.9398, Train Reg Loss: 26.0270, Train MAPE: 7.6970, Train R: 0.7750, Train RRSE: 0.6417, Test Loss: 3375.0632, Test Node Loss: 741.5561, Test Reg Loss: 26.3351, Test MAPE: 7.2929, Test R: 0.7864, Test RRSE: 0.6758
2025-02-10 16:19:24,253:INFO:Epoch 159: Train Loss: 3414.2029, Train Node Loss: 770.0898, Train Reg Loss: 26.4411, Train MAPE: 7.5086, Train R: 0.7741, Train RRSE: 0.6468, Test Loss: 3067.8486, Test Node Loss: 763.7869, Test Reg Loss: 23.0406, Test MAPE: 7.2334, Test R: 0.7869, Test RRSE: 0.6321
2025-02-10 16:19:54,073:INFO:Epoch 160: Train Loss: 3454.9858, Train Node Loss: 802.2592, Train Reg Loss: 26.5273, Train MAPE: 7.6989, Train R: 0.7658, Train RRSE: 0.6479, Test Loss: 3440.4673, Test Node Loss: 728.8304, Test Reg Loss: 27.1164, Test MAPE: 7.3092, Test R: 0.7868, Test RRSE: 0.6857
2025-02-10 16:20:24,659:INFO:Epoch 161: Train Loss: 3461.8829, Train Node Loss: 758.4089, Train Reg Loss: 27.0347, Train MAPE: 7.5057, Train R: 0.7663, Train RRSE: 0.6540, Test Loss: 3055.5253, Test Node Loss: 787.7910, Test Reg Loss: 22.6773, Test MAPE: 7.4931, Test R: 0.7858, Test RRSE: 0.6271
2025-02-10 16:20:54,525:INFO:Epoch 162: Train Loss: 3230.4580, Train Node Loss: 795.8255, Train Reg Loss: 24.3463, Train MAPE: 7.7420, Train R: 0.7941, Train RRSE: 0.6207, Test Loss: 4017.1658, Test Node Loss: 688.1097, Test Reg Loss: 33.2906, Test MAPE: 7.4293, Test R: 0.7855, Test RRSE: 0.7598
2025-02-10 16:21:24,137:INFO:Epoch 163: Train Loss: 3542.9302, Train Node Loss: 740.9249, Train Reg Loss: 28.0201, Train MAPE: 7.5949, Train R: 0.7569, Train RRSE: 0.6658, Test Loss: 3159.0754, Test Node Loss: 784.9891, Test Reg Loss: 23.7409, Test MAPE: 7.5847, Test R: 0.7847, Test RRSE: 0.6416
2025-02-10 16:21:53,932:INFO:Epoch 164: Train Loss: 3397.3258, Train Node Loss: 768.6221, Train Reg Loss: 26.2870, Train MAPE: 7.7753, Train R: 0.7653, Train RRSE: 0.6449, Test Loss: 3799.1158, Test Node Loss: 687.8679, Test Reg Loss: 31.1125, Test MAPE: 7.4361, Test R: 0.7846, Test RRSE: 0.7345
2025-02-10 16:22:23,826:INFO:Epoch 165: Train Loss: 3297.5112, Train Node Loss: 749.8014, Train Reg Loss: 25.4771, Train MAPE: 7.6010, Train R: 0.7746, Train RRSE: 0.6349, Test Loss: 3040.8478, Test Node Loss: 726.5694, Test Reg Loss: 23.1428, Test MAPE: 7.2630, Test R: 0.7849, Test RRSE: 0.6335
2025-02-10 16:22:53,980:INFO:Epoch 166: Train Loss: 3269.3044, Train Node Loss: 735.4530, Train Reg Loss: 25.3385, Train MAPE: 7.5885, Train R: 0.7788, Train RRSE: 0.6332, Test Loss: 2999.6941, Test Node Loss: 723.9876, Test Reg Loss: 22.7571, Test MAPE: 7.3068, Test R: 0.7854, Test RRSE: 0.6282
2025-02-10 16:23:23,364:INFO:Epoch 167: Train Loss: 3626.7185, Train Node Loss: 755.4022, Train Reg Loss: 28.7132, Train MAPE: 7.7551, Train R: 0.7424, Train RRSE: 0.6740, Test Loss: 3573.7098, Test Node Loss: 674.6471, Test Reg Loss: 28.9906, Test MAPE: 7.3458, Test R: 0.7860, Test RRSE: 0.7090
2025-02-10 16:23:53,220:INFO:Epoch 168: Train Loss: 3396.8769, Train Node Loss: 728.8827, Train Reg Loss: 26.6799, Train MAPE: 7.6658, Train R: 0.7615, Train RRSE: 0.6497, Test Loss: 3000.8045, Test Node Loss: 739.5175, Test Reg Loss: 22.6129, Test MAPE: 7.3868, Test R: 0.7854, Test RRSE: 0.6262
2025-02-10 16:24:23,034:INFO:Epoch 169: Train Loss: 3471.8842, Train Node Loss: 714.0972, Train Reg Loss: 27.5779, Train MAPE: 7.6233, Train R: 0.7554, Train RRSE: 0.6606, Test Loss: 2966.8639, Test Node Loss: 702.8253, Test Reg Loss: 22.6404, Test MAPE: 7.2283, Test R: 0.7859, Test RRSE: 0.6266
2025-02-10 16:24:52,701:INFO:Epoch 170: Train Loss: 3569.0779, Train Node Loss: 752.9414, Train Reg Loss: 28.1614, Train MAPE: 7.8983, Train R: 0.7588, Train RRSE: 0.6675, Test Loss: 3474.1780, Test Node Loss: 661.3347, Test Reg Loss: 28.1284, Test MAPE: 7.3366, Test R: 0.7868, Test RRSE: 0.6984
2025-02-10 16:25:22,804:INFO:Epoch 171: Train Loss: 3499.0864, Train Node Loss: 676.4122, Train Reg Loss: 28.2267, Train MAPE: 7.4953, Train R: 0.7767, Train RRSE: 0.6683, Test Loss: 2935.4482, Test Node Loss: 714.7236, Test Reg Loss: 22.2072, Test MAPE: 7.3539, Test R: 0.7876, Test RRSE: 0.6205
2025-02-10 16:25:52,360:INFO:Epoch 172: Train Loss: 3538.6208, Train Node Loss: 737.5490, Train Reg Loss: 28.0107, Train MAPE: 7.8424, Train R: 0.7599, Train RRSE: 0.6657, Test Loss: 3370.5909, Test Node Loss: 650.5649, Test Reg Loss: 27.2003, Test MAPE: 7.2479, Test R: 0.7873, Test RRSE: 0.6868
2025-02-10 16:26:22,054:INFO:Epoch 173: Train Loss: 3465.6021, Train Node Loss: 674.5896, Train Reg Loss: 27.9101, Train MAPE: 7.5237, Train R: 0.7631, Train RRSE: 0.6645, Test Loss: 3541.5601, Test Node Loss: 739.8476, Test Reg Loss: 28.0171, Test MAPE: 7.8809, Test R: 0.7862, Test RRSE: 0.6970
2025-02-10 16:26:51,705:INFO:Epoch 174: Train Loss: 3242.7492, Train Node Loss: 705.3946, Train Reg Loss: 25.3735, Train MAPE: 7.6777, Train R: 0.7763, Train RRSE: 0.6336, Test Loss: 3076.9745, Test Node Loss: 660.7456, Test Reg Loss: 24.1623, Test MAPE: 7.2427, Test R: 0.7858, Test RRSE: 0.6473
2025-02-10 16:27:21,234:INFO:Epoch 175: Train Loss: 3104.4711, Train Node Loss: 693.8913, Train Reg Loss: 24.1058, Train MAPE: 7.5728, Train R: 0.7895, Train RRSE: 0.6176, Test Loss: 3032.2012, Test Node Loss: 667.9906, Test Reg Loss: 23.6421, Test MAPE: 7.2559, Test R: 0.7864, Test RRSE: 0.6403
2025-02-10 16:27:50,806:INFO:Epoch 176: Train Loss: 3210.5551, Train Node Loss: 684.0227, Train Reg Loss: 25.2653, Train MAPE: 7.6811, Train R: 0.7768, Train RRSE: 0.6323, Test Loss: 2995.3251, Test Node Loss: 668.3224, Test Reg Loss: 23.2700, Test MAPE: 7.2727, Test R: 0.7869, Test RRSE: 0.6352
2025-02-10 16:28:20,295:INFO:Epoch 177: Train Loss: 3302.8092, Train Node Loss: 690.6778, Train Reg Loss: 26.1213, Train MAPE: 7.6745, Train R: 0.7671, Train RRSE: 0.6429, Test Loss: 3473.7312, Test Node Loss: 631.6770, Test Reg Loss: 28.4205, Test MAPE: 7.3352, Test R: 0.7868, Test RRSE: 0.7020
2025-02-10 16:28:50,297:INFO:Epoch 178: Train Loss: 3332.1893, Train Node Loss: 679.7781, Train Reg Loss: 26.5241, Train MAPE: 7.6847, Train R: 0.7624, Train RRSE: 0.6478, Test Loss: 2912.4332, Test Node Loss: 681.4397, Test Reg Loss: 22.3099, Test MAPE: 7.2851, Test R: 0.7850, Test RRSE: 0.6220
2025-02-10 16:29:20,385:INFO:Epoch 179: Train Loss: 2979.3622, Train Node Loss: 681.4330, Train Reg Loss: 22.9793, Train MAPE: 7.6659, Train R: 0.8011, Train RRSE: 0.6030, Test Loss: 3431.4314, Test Node Loss: 618.6515, Test Reg Loss: 28.1278, Test MAPE: 7.2146, Test R: 0.7857, Test RRSE: 0.6984
2025-02-10 16:29:50,022:INFO:Epoch 180: Train Loss: 3195.9714, Train Node Loss: 654.4030, Train Reg Loss: 25.4157, Train MAPE: 7.5857, Train R: 0.7817, Train RRSE: 0.6341, Test Loss: 2887.3689, Test Node Loss: 669.9706, Test Reg Loss: 22.1740, Test MAPE: 7.4007, Test R: 0.7854, Test RRSE: 0.6201
2025-02-10 16:30:20,094:INFO:Epoch 181: Train Loss: 3326.0820, Train Node Loss: 664.8937, Train Reg Loss: 26.6119, Train MAPE: 7.6649, Train R: 0.7618, Train RRSE: 0.6489, Test Loss: 3067.7929, Test Node Loss: 634.2903, Test Reg Loss: 24.3350, Test MAPE: 7.3420, Test R: 0.7859, Test RRSE: 0.6496
2025-02-10 16:30:50,064:INFO:Epoch 182: Train Loss: 3332.1283, Train Node Loss: 671.3444, Train Reg Loss: 26.6078, Train MAPE: 7.7029, Train R: 0.7634, Train RRSE: 0.6488, Test Loss: 3167.7744, Test Node Loss: 620.7215, Test Reg Loss: 25.4705, Test MAPE: 7.3123, Test R: 0.7867, Test RRSE: 0.6646
2025-02-10 16:31:19,599:INFO:Epoch 183: Train Loss: 3249.0776, Train Node Loss: 656.9305, Train Reg Loss: 25.9215, Train MAPE: 7.5783, Train R: 0.7699, Train RRSE: 0.6404, Test Loss: 3285.1470, Test Node Loss: 609.0130, Test Reg Loss: 26.7613, Test MAPE: 7.3313, Test R: 0.7871, Test RRSE: 0.6812
2025-02-10 16:31:48,925:INFO:Epoch 184: Train Loss: 3141.8381, Train Node Loss: 635.8058, Train Reg Loss: 25.0603, Train MAPE: 7.5345, Train R: 0.7841, Train RRSE: 0.6297, Test Loss: 3017.9820, Test Node Loss: 623.6016, Test Reg Loss: 23.9438, Test MAPE: 7.2927, Test R: 0.7868, Test RRSE: 0.6443
2025-02-10 16:32:18,847:INFO:Epoch 185: Train Loss: 3081.9713, Train Node Loss: 650.0775, Train Reg Loss: 24.3189, Train MAPE: 7.6030, Train R: 0.7874, Train RRSE: 0.6203, Test Loss: 3372.9648, Test Node Loss: 603.2216, Test Reg Loss: 27.6974, Test MAPE: 7.3647, Test R: 0.7873, Test RRSE: 0.6930
2025-02-10 16:32:48,747:INFO:Epoch 186: Train Loss: 3155.1556, Train Node Loss: 630.3001, Train Reg Loss: 25.2486, Train MAPE: 7.5776, Train R: 0.7800, Train RRSE: 0.6320, Test Loss: 2910.0783, Test Node Loss: 626.8896, Test Reg Loss: 22.8319, Test MAPE: 7.3578, Test R: 0.7856, Test RRSE: 0.6292
2025-02-10 16:33:18,337:INFO:Epoch 187: Train Loss: 3258.1056, Train Node Loss: 656.7107, Train Reg Loss: 26.0139, Train MAPE: 7.7817, Train R: 0.7741, Train RRSE: 0.6416, Test Loss: 4453.7346, Test Node Loss: 553.8057, Test Reg Loss: 38.9993, Test MAPE: 7.7035, Test R: 0.7858, Test RRSE: 0.8223
2025-02-10 16:33:47,688:INFO:Epoch 188: Train Loss: 3197.1411, Train Node Loss: 605.9110, Train Reg Loss: 25.9123, Train MAPE: 7.5737, Train R: 0.7818, Train RRSE: 0.6403, Test Loss: 2912.5040, Test Node Loss: 635.8575, Test Reg Loss: 22.7665, Test MAPE: 7.4780, Test R: 0.7849, Test RRSE: 0.6283
2025-02-10 16:34:17,749:INFO:Epoch 189: Train Loss: 3062.6655, Train Node Loss: 628.8949, Train Reg Loss: 24.3377, Train MAPE: 7.6803, Train R: 0.7870, Train RRSE: 0.6205, Test Loss: 3427.2074, Test Node Loss: 576.1329, Test Reg Loss: 28.5107, Test MAPE: 7.3758, Test R: 0.7852, Test RRSE: 0.7031
2025-02-10 16:34:47,147:INFO:Epoch 190: Train Loss: 3032.3367, Train Node Loss: 606.7950, Train Reg Loss: 24.2554, Train MAPE: 7.5862, Train R: 0.7904, Train RRSE: 0.6195, Test Loss: 2834.5139, Test Node Loss: 618.4963, Test Reg Loss: 22.1602, Test MAPE: 7.3666, Test R: 0.7860, Test RRSE: 0.6199
2025-02-10 16:35:16,986:INFO:Epoch 191: Train Loss: 3219.4853, Train Node Loss: 633.1928, Train Reg Loss: 25.8629, Train MAPE: 7.7675, Train R: 0.7764, Train RRSE: 0.6397, Test Loss: 5227.0861, Test Node Loss: 528.5994, Test Reg Loss: 46.9849, Test MAPE: 7.9838, Test R: 0.7857, Test RRSE: 0.9026
2025-02-10 16:35:46,310:INFO:Epoch 192: Train Loss: 3165.9558, Train Node Loss: 581.9202, Train Reg Loss: 25.8404, Train MAPE: 7.5034, Train R: 0.7884, Train RRSE: 0.6394, Test Loss: 3066.2556, Test Node Loss: 636.1618, Test Reg Loss: 24.3009, Test MAPE: 7.5809, Test R: 0.7839, Test RRSE: 0.6491
2025-02-10 16:36:15,847:INFO:Epoch 193: Train Loss: 3516.5398, Train Node Loss: 632.1468, Train Reg Loss: 28.8439, Train MAPE: 8.0002, Train R: 0.7511, Train RRSE: 0.6756, Test Loss: 4992.6401, Test Node Loss: 517.2216, Test Reg Loss: 44.7542, Test MAPE: 7.8922, Test R: 0.7833, Test RRSE: 0.8809
2025-02-10 16:36:45,472:INFO:Epoch 194: Train Loss: 3672.1720, Train Node Loss: 597.6682, Train Reg Loss: 30.7450, Train MAPE: 7.8130, Train R: 0.7181, Train RRSE: 0.6975, Test Loss: 2836.8689, Test Node Loss: 602.7935, Test Reg Loss: 22.3408, Test MAPE: 7.3328, Test R: 0.7834, Test RRSE: 0.6224
2025-02-10 16:37:14,928:INFO:Epoch 195: Train Loss: 3124.8625, Train Node Loss: 580.8351, Train Reg Loss: 25.4403, Train MAPE: 7.6454, Train R: 0.7812, Train RRSE: 0.6344, Test Loss: 3802.5720, Test Node Loss: 548.3125, Test Reg Loss: 32.5426, Test MAPE: 7.5518, Test R: 0.7844, Test RRSE: 0.7512
2025-02-10 16:37:44,615:INFO:Epoch 196: Train Loss: 3247.7349, Train Node Loss: 617.2739, Train Reg Loss: 26.3046, Train MAPE: 7.9470, Train R: 0.7736, Train RRSE: 0.6451, Test Loss: 3558.7051, Test Node Loss: 545.4829, Test Reg Loss: 30.1322, Test MAPE: 7.3902, Test R: 0.7853, Test RRSE: 0.7228
2025-02-10 16:38:14,140:INFO:Epoch 197: Train Loss: 3150.5631, Train Node Loss: 560.2964, Train Reg Loss: 25.9027, Train MAPE: 7.4865, Train R: 0.7917, Train RRSE: 0.6402, Test Loss: 3003.7307, Test Node Loss: 565.9598, Test Reg Loss: 24.3777, Test MAPE: 7.1813, Test R: 0.7851, Test RRSE: 0.6502
2025-02-10 16:38:44,150:INFO:Epoch 198: Train Loss: 3302.6305, Train Node Loss: 605.6031, Train Reg Loss: 26.9703, Train MAPE: 7.8148, Train R: 0.7660, Train RRSE: 0.6532, Test Loss: 4017.5921, Test Node Loss: 526.3295, Test Reg Loss: 34.9126, Test MAPE: 7.6035, Test R: 0.7842, Test RRSE: 0.7781
2025-02-10 16:39:13,529:INFO:Epoch 199: Train Loss: 3421.2210, Train Node Loss: 556.2735, Train Reg Loss: 28.6495, Train MAPE: 7.6788, Train R: 0.7536, Train RRSE: 0.6733, Test Loss: 3422.6035, Test Node Loss: 621.5520, Test Reg Loss: 28.0105, Test MAPE: 7.7793, Test R: 0.7836, Test RRSE: 0.6969
2025-02-10 16:39:42,995:INFO:Epoch 200: Train Loss: 3067.7049, Train Node Loss: 598.7341, Train Reg Loss: 24.6897, Train MAPE: 7.8374, Train R: 0.7931, Train RRSE: 0.6250, Test Loss: 3841.1779, Test Node Loss: 508.8823, Test Reg Loss: 33.3230, Test MAPE: 7.4844, Test R: 0.7842, Test RRSE: 0.7601
2025-02-10 16:40:12,585:INFO:Epoch 201: Train Loss: 3318.4686, Train Node Loss: 537.5388, Train Reg Loss: 27.8093, Train MAPE: 7.6358, Train R: 0.7723, Train RRSE: 0.6633, Test Loss: 3114.2781, Test Node Loss: 601.6193, Test Reg Loss: 25.1266, Test MAPE: 7.6910, Test R: 0.7842, Test RRSE: 0.6601
2025-02-10 16:40:42,485:INFO:Epoch 202: Train Loss: 3132.8276, Train Node Loss: 587.0974, Train Reg Loss: 25.4573, Train MAPE: 7.8584, Train R: 0.7863, Train RRSE: 0.6347, Test Loss: 5103.6708, Test Node Loss: 481.7595, Test Reg Loss: 46.2191, Test MAPE: 8.0039, Test R: 0.7845, Test RRSE: 0.8952
2025-02-10 16:41:12,185:INFO:Epoch 203: Train Loss: 3365.3162, Train Node Loss: 539.5272, Train Reg Loss: 28.2579, Train MAPE: 7.7128, Train R: 0.7544, Train RRSE: 0.6687, Test Loss: 3275.7085, Test Node Loss: 596.2673, Test Reg Loss: 26.7944, Test MAPE: 7.8569, Test R: 0.7844, Test RRSE: 0.6816
2025-02-10 16:41:42,084:INFO:Epoch 204: Train Loss: 3069.9077, Train Node Loss: 560.6364, Train Reg Loss: 25.0927, Train MAPE: 7.8163, Train R: 0.7773, Train RRSE: 0.6301, Test Loss: 3224.3231, Test Node Loss: 511.5412, Test Reg Loss: 27.1278, Test MAPE: 7.3494, Test R: 0.7836, Test RRSE: 0.6859
2025-02-10 16:42:11,332:INFO:Epoch 205: Train Loss: 3010.9880, Train Node Loss: 547.6094, Train Reg Loss: 24.6338, Train MAPE: 7.7311, Train R: 0.7823, Train RRSE: 0.6243, Test Loss: 3148.3171, Test Node Loss: 579.6567, Test Reg Loss: 25.6866, Test MAPE: 7.7738, Test R: 0.7837, Test RRSE: 0.6674
2025-02-10 16:42:40,388:INFO:Epoch 206: Train Loss: 3111.4585, Train Node Loss: 551.1386, Train Reg Loss: 25.6032, Train MAPE: 7.6570, Train R: 0.7718, Train RRSE: 0.6365, Test Loss: 3396.8711, Test Node Loss: 502.2091, Test Reg Loss: 28.9466, Test MAPE: 7.3298, Test R: 0.7837, Test RRSE: 0.7085
2025-02-10 16:43:09,523:INFO:Epoch 207: Train Loss: 3090.5468, Train Node Loss: 550.1358, Train Reg Loss: 25.4041, Train MAPE: 7.7398, Train R: 0.7743, Train RRSE: 0.6340, Test Loss: 2899.5730, Test Node Loss: 527.1678, Test Reg Loss: 23.7241, Test MAPE: 7.2839, Test R: 0.7828, Test RRSE: 0.6414
2025-02-10 16:43:39,205:INFO:Epoch 208: Train Loss: 3228.1945, Train Node Loss: 516.4724, Train Reg Loss: 27.1172, Train MAPE: 7.6236, Train R: 0.7715, Train RRSE: 0.6550, Test Loss: 2807.2327, Test Node Loss: 550.3980, Test Reg Loss: 22.5683, Test MAPE: 7.4119, Test R: 0.7829, Test RRSE: 0.6256
2025-02-10 16:44:08,900:INFO:Epoch 209: Train Loss: 3206.7664, Train Node Loss: 565.4882, Train Reg Loss: 26.4128, Train MAPE: 7.8714, Train R: 0.7807, Train RRSE: 0.6465, Test Loss: 3603.2465, Test Node Loss: 491.1711, Test Reg Loss: 31.1208, Test MAPE: 7.3885, Test R: 0.7836, Test RRSE: 0.7346
2025-02-10 16:44:38,578:INFO:Epoch 210: Train Loss: 3126.7765, Train Node Loss: 516.1087, Train Reg Loss: 26.1067, Train MAPE: 7.6870, Train R: 0.7759, Train RRSE: 0.6427, Test Loss: 2776.2668, Test Node Loss: 532.7677, Test Reg Loss: 22.4350, Test MAPE: 7.3600, Test R: 0.7839, Test RRSE: 0.6237
2025-02-10 16:45:08,322:INFO:Epoch 211: Train Loss: 2965.0792, Train Node Loss: 541.0120, Train Reg Loss: 24.2407, Train MAPE: 7.7069, Train R: 0.7887, Train RRSE: 0.6193, Test Loss: 3572.5044, Test Node Loss: 485.0479, Test Reg Loss: 30.8746, Test MAPE: 7.4837, Test R: 0.7839, Test RRSE: 0.7317
2025-02-10 16:45:37,955:INFO:Epoch 212: Train Loss: 3054.2389, Train Node Loss: 504.8470, Train Reg Loss: 25.4939, Train MAPE: 7.5297, Train R: 0.7870, Train RRSE: 0.6351, Test Loss: 3149.5967, Test Node Loss: 557.1459, Test Reg Loss: 25.9245, Test MAPE: 7.7904, Test R: 0.7834, Test RRSE: 0.6705
2025-02-10 16:46:07,383:INFO:Epoch 213: Train Loss: 3124.6741, Train Node Loss: 535.9568, Train Reg Loss: 25.8872, Train MAPE: 7.8355, Train R: 0.7743, Train RRSE: 0.6400, Test Loss: 3232.8909, Test Node Loss: 482.6638, Test Reg Loss: 27.5023, Test MAPE: 7.3234, Test R: 0.7826, Test RRSE: 0.6906
2025-02-10 16:46:36,740:INFO:Epoch 214: Train Loss: 2818.5394, Train Node Loss: 515.3773, Train Reg Loss: 23.0316, Train MAPE: 7.7033, Train R: 0.7993, Train RRSE: 0.6037, Test Loss: 3111.2637, Test Node Loss: 488.8467, Test Reg Loss: 26.2242, Test MAPE: 7.3243, Test R: 0.7839, Test RRSE: 0.6743
2025-02-10 16:47:06,207:INFO:Epoch 215: Train Loss: 3025.8501, Train Node Loss: 504.9970, Train Reg Loss: 25.2085, Train MAPE: 7.5836, Train R: 0.7793, Train RRSE: 0.6315, Test Loss: 2772.2380, Test Node Loss: 509.3786, Test Reg Loss: 22.6286, Test MAPE: 7.3242, Test R: 0.7839, Test RRSE: 0.6264
2025-02-10 16:47:35,164:INFO:Epoch 216: Train Loss: 2897.9825, Train Node Loss: 522.5141, Train Reg Loss: 23.7547, Train MAPE: 7.7515, Train R: 0.7934, Train RRSE: 0.6131, Test Loss: 3430.2010, Test Node Loss: 465.4990, Test Reg Loss: 29.6470, Test MAPE: 7.3353, Test R: 0.7839, Test RRSE: 0.7170
2025-02-10 16:48:04,680:INFO:Epoch 217: Train Loss: 2933.7976, Train Node Loss: 489.1736, Train Reg Loss: 24.4462, Train MAPE: 7.6192, Train R: 0.7963, Train RRSE: 0.6219, Test Loss: 3047.4601, Test Node Loss: 540.3655, Test Reg Loss: 25.0709, Test MAPE: 7.7110, Test R: 0.7845, Test RRSE: 0.6593
2025-02-10 16:48:33,574:INFO:Epoch 218: Train Loss: 3714.2974, Train Node Loss: 529.9126, Train Reg Loss: 31.8438, Train MAPE: 8.1273, Train R: 0.7217, Train RRSE: 0.7098, Test Loss: 5187.5554, Test Node Loss: 423.6507, Test Reg Loss: 47.6390, Test MAPE: 8.0355, Test R: 0.7844, Test RRSE: 0.9089
2025-02-10 16:49:02,971:INFO:Epoch 219: Train Loss: 3145.1948, Train Node Loss: 480.1651, Train Reg Loss: 26.6503, Train MAPE: 7.7814, Train R: 0.7733, Train RRSE: 0.6494, Test Loss: 3500.9677, Test Node Loss: 551.5326, Test Reg Loss: 29.4944, Test MAPE: 8.0365, Test R: 0.7840, Test RRSE: 0.7151
2025-02-10 16:49:32,370:INFO:Epoch 220: Train Loss: 3253.3495, Train Node Loss: 512.1239, Train Reg Loss: 27.4123, Train MAPE: 7.9367, Train R: 0.7585, Train RRSE: 0.6586, Test Loss: 6110.4194, Test Node Loss: 411.9648, Test Reg Loss: 56.9845, Test MAPE: 8.4200, Test R: 0.7842, Test RRSE: 0.9940
2025-02-10 16:50:01,802:INFO:Epoch 221: Train Loss: 3118.2585, Train Node Loss: 485.0306, Train Reg Loss: 26.3323, Train MAPE: 7.7651, Train R: 0.7665, Train RRSE: 0.6455, Test Loss: 2770.3579, Test Node Loss: 514.2910, Test Reg Loss: 22.5607, Test MAPE: 7.4561, Test R: 0.7828, Test RRSE: 0.6255
2025-02-10 16:50:31,162:INFO:Epoch 222: Train Loss: 2951.2488, Train Node Loss: 493.6911, Train Reg Loss: 24.5756, Train MAPE: 7.7115, Train R: 0.7821, Train RRSE: 0.6236, Test Loss: 5458.8989, Test Node Loss: 418.9119, Test Reg Loss: 50.3999, Test MAPE: 8.1735, Test R: 0.7827, Test RRSE: 0.9348
2025-02-10 16:51:00,680:INFO:Epoch 223: Train Loss: 2864.0433, Train Node Loss: 480.6032, Train Reg Loss: 23.8344, Train MAPE: 7.6937, Train R: 0.7914, Train RRSE: 0.6141, Test Loss: 2760.5998, Test Node Loss: 505.9799, Test Reg Loss: 22.5462, Test MAPE: 7.4587, Test R: 0.7828, Test RRSE: 0.6253
2025-02-10 16:51:30,057:INFO:Epoch 224: Train Loss: 3028.4750, Train Node Loss: 491.9298, Train Reg Loss: 25.3655, Train MAPE: 7.7886, Train R: 0.7753, Train RRSE: 0.6335, Test Loss: 5250.9105, Test Node Loss: 411.2703, Test Reg Loss: 48.3964, Test MAPE: 8.0333, Test R: 0.7838, Test RRSE: 0.9161
2025-02-10 16:51:59,581:INFO:Epoch 225: Train Loss: 3025.5082, Train Node Loss: 471.9231, Train Reg Loss: 25.5359, Train MAPE: 7.6669, Train R: 0.7751, Train RRSE: 0.6356, Test Loss: 2855.5597, Test Node Loss: 508.7270, Test Reg Loss: 23.4683, Test MAPE: 7.6125, Test R: 0.7835, Test RRSE: 0.6379
2025-02-10 16:52:29,091:INFO:Epoch 226: Train Loss: 3092.0630, Train Node Loss: 476.6459, Train Reg Loss: 26.1542, Train MAPE: 7.8841, Train R: 0.7658, Train RRSE: 0.6433, Test Loss: 3307.5670, Test Node Loss: 442.4792, Test Reg Loss: 28.6509, Test MAPE: 7.4057, Test R: 0.7847, Test RRSE: 0.7048
2025-02-10 16:52:58,441:INFO:Epoch 227: Train Loss: 3018.7426, Train Node Loss: 476.5400, Train Reg Loss: 25.4220, Train MAPE: 7.7241, Train R: 0.7739, Train RRSE: 0.6342, Test Loss: 2693.6372, Test Node Loss: 476.8378, Test Reg Loss: 22.1680, Test MAPE: 7.3339, Test R: 0.7858, Test RRSE: 0.6200
2025-02-10 16:53:27,963:INFO:Epoch 228: Train Loss: 3631.4781, Train Node Loss: 446.6289, Train Reg Loss: 31.8485, Train MAPE: 7.6374, Train R: 0.7173, Train RRSE: 0.7099, Test Loss: 2713.9265, Test Node Loss: 475.6369, Test Reg Loss: 22.3829, Test MAPE: 7.3739, Test R: 0.7847, Test RRSE: 0.6230
2025-02-10 16:53:57,489:INFO:Epoch 229: Train Loss: 3090.6629, Train Node Loss: 492.3110, Train Reg Loss: 25.9835, Train MAPE: 7.9473, Train R: 0.7905, Train RRSE: 0.6412, Test Loss: 3281.8461, Test Node Loss: 427.0483, Test Reg Loss: 28.5480, Test MAPE: 7.3658, Test R: 0.7828, Test RRSE: 0.7036
2025-02-10 16:54:27,170:INFO:Epoch 230: Train Loss: 2891.6247, Train Node Loss: 435.5669, Train Reg Loss: 24.5606, Train MAPE: 7.5738, Train R: 0.8014, Train RRSE: 0.6234, Test Loss: 2711.8542, Test Node Loss: 464.5291, Test Reg Loss: 22.4733, Test MAPE: 7.4304, Test R: 0.7818, Test RRSE: 0.6242
2025-02-10 16:54:56,364:INFO:Epoch 231: Train Loss: 2952.7572, Train Node Loss: 478.6695, Train Reg Loss: 24.7409, Train MAPE: 7.9839, Train R: 0.7940, Train RRSE: 0.6257, Test Loss: 4228.5060, Test Node Loss: 402.6279, Test Reg Loss: 38.2588, Test MAPE: 7.7236, Test R: 0.7827, Test RRSE: 0.8145
2025-02-10 16:55:25,911:INFO:Epoch 232: Train Loss: 3270.1688, Train Node Loss: 422.6589, Train Reg Loss: 28.4751, Train MAPE: 7.5794, Train R: 0.7693, Train RRSE: 0.6712, Test Loss: 2930.8267, Test Node Loss: 486.3167, Test Reg Loss: 24.4451, Test MAPE: 7.5646, Test R: 0.7839, Test RRSE: 0.6511
2025-02-10 16:55:54,952:INFO:Epoch 233: Train Loss: 3190.8289, Train Node Loss: 467.4499, Train Reg Loss: 27.2338, Train MAPE: 8.0609, Train R: 0.7657, Train RRSE: 0.6564, Test Loss: 4364.1915, Test Node Loss: 392.4996, Test Reg Loss: 39.7169, Test MAPE: 7.7368, Test R: 0.7853, Test RRSE: 0.8299
2025-02-10 16:56:24,003:INFO:Epoch 234: Train Loss: 2987.7683, Train Node Loss: 430.3316, Train Reg Loss: 25.5744, Train MAPE: 7.5451, Train R: 0.7782, Train RRSE: 0.6361, Test Loss: 2835.1460, Test Node Loss: 465.4812, Test Reg Loss: 23.6966, Test MAPE: 7.4292, Test R: 0.7841, Test RRSE: 0.6410
2025-02-10 16:56:53,403:INFO:Epoch 235: Train Loss: 2906.2903, Train Node Loss: 451.4920, Train Reg Loss: 24.5480, Train MAPE: 7.7951, Train R: 0.7869, Train RRSE: 0.6232, Test Loss: 3844.8736, Test Node Loss: 397.7834, Test Reg Loss: 34.4709, Test MAPE: 7.6070, Test R: 0.7840, Test RRSE: 0.7731
2025-02-10 16:57:22,181:INFO:Epoch 236: Train Loss: 2776.6303, Train Node Loss: 426.6786, Train Reg Loss: 23.4995, Train MAPE: 7.6676, Train R: 0.7974, Train RRSE: 0.6098, Test Loss: 2741.9993, Test Node Loss: 435.4192, Test Reg Loss: 23.0658, Test MAPE: 7.3509, Test R: 0.7837, Test RRSE: 0.6324
2025-02-10 16:57:51,511:INFO:Epoch 237: Train Loss: 2849.6104, Train Node Loss: 451.9425, Train Reg Loss: 23.9767, Train MAPE: 7.7557, Train R: 0.7977, Train RRSE: 0.6159, Test Loss: 3845.8055, Test Node Loss: 386.0909, Test Reg Loss: 34.5971, Test MAPE: 7.5344, Test R: 0.7846, Test RRSE: 0.7745
2025-02-10 16:58:20,451:INFO:Epoch 238: Train Loss: 2850.8969, Train Node Loss: 411.0567, Train Reg Loss: 24.3984, Train MAPE: 7.5006, Train R: 0.8009, Train RRSE: 0.6213, Test Loss: 2673.7437, Test Node Loss: 435.3289, Test Reg Loss: 22.3841, Test MAPE: 7.3979, Test R: 0.7826, Test RRSE: 0.6230
2025-02-10 16:58:50,062:INFO:Epoch 239: Train Loss: 2808.6884, Train Node Loss: 450.9524, Train Reg Loss: 23.5774, Train MAPE: 7.9050, Train R: 0.8062, Train RRSE: 0.6108, Test Loss: 5497.5022, Test Node Loss: 362.5038, Test Reg Loss: 51.3500, Test MAPE: 8.2578, Test R: 0.7828, Test RRSE: 0.9436
2025-02-10 16:59:19,837:INFO:Epoch 240: Train Loss: 3024.2881, Train Node Loss: 397.3631, Train Reg Loss: 26.2693, Train MAPE: 7.7065, Train R: 0.7977, Train RRSE: 0.6447, Test Loss: 2725.5266, Test Node Loss: 448.9765, Test Reg Loss: 22.7655, Test MAPE: 7.6015, Test R: 0.7832, Test RRSE: 0.6283
2025-02-10 16:59:49,518:INFO:Epoch 241: Train Loss: 2916.0117, Train Node Loss: 457.3015, Train Reg Loss: 24.5871, Train MAPE: 8.0233, Train R: 0.8137, Train RRSE: 0.6237, Test Loss: 5990.2812, Test Node Loss: 352.0995, Test Reg Loss: 56.3818, Test MAPE: 8.4356, Test R: 0.7841, Test RRSE: 0.9888
2025-02-10 17:00:19,171:INFO:Epoch 242: Train Loss: 3458.6029, Train Node Loss: 377.8648, Train Reg Loss: 30.8074, Train MAPE: 7.7253, Train R: 0.7850, Train RRSE: 0.6982, Test Loss: 3344.4018, Test Node Loss: 469.1988, Test Reg Loss: 28.7520, Test MAPE: 8.0785, Test R: 0.7831, Test RRSE: 0.7061
2025-02-10 17:00:48,875:INFO:Epoch 243: Train Loss: 3425.3289, Train Node Loss: 461.3963, Train Reg Loss: 29.6393, Train MAPE: 8.3273, Train R: 0.7875, Train RRSE: 0.6848, Test Loss: 6838.9168, Test Node Loss: 336.3916, Test Reg Loss: 65.0253, Test MAPE: 8.7678, Test R: 0.7839, Test RRSE: 1.0619
2025-02-10 17:01:17,939:INFO:Epoch 244: Train Loss: 3583.6589, Train Node Loss: 381.1871, Train Reg Loss: 32.0247, Train MAPE: 7.8597, Train R: 0.7405, Train RRSE: 0.7118, Test Loss: 3144.6587, Test Node Loss: 449.4323, Test Reg Loss: 26.9523, Test MAPE: 7.9035, Test R: 0.7837, Test RRSE: 0.6836
2025-02-10 17:01:47,144:INFO:Epoch 245: Train Loss: 2747.9670, Train Node Loss: 426.7824, Train Reg Loss: 23.2118, Train MAPE: 7.8746, Train R: 0.8076, Train RRSE: 0.6060, Test Loss: 4132.8337, Test Node Loss: 357.9701, Test Reg Loss: 37.7486, Test MAPE: 7.7576, Test R: 0.7844, Test RRSE: 0.8090
2025-02-10 17:02:16,997:INFO:Epoch 246: Train Loss: 2952.8000, Train Node Loss: 385.8914, Train Reg Loss: 25.6691, Train MAPE: 7.7260, Train R: 0.7851, Train RRSE: 0.6373, Test Loss: 2689.4131, Test Node Loss: 411.1107, Test Reg Loss: 22.7830, Test MAPE: 7.4318, Test R: 0.7834, Test RRSE: 0.6285
2025-02-10 17:02:46,192:INFO:Epoch 247: Train Loss: 2714.1705, Train Node Loss: 407.6055, Train Reg Loss: 23.0657, Train MAPE: 7.8619, Train R: 0.7975, Train RRSE: 0.6041, Test Loss: 4562.8741, Test Node Loss: 360.9041, Test Reg Loss: 42.0197, Test MAPE: 7.9993, Test R: 0.7828, Test RRSE: 0.8536
2025-02-10 17:03:15,539:INFO:Epoch 248: Train Loss: 2469.8906, Train Node Loss: 401.2198, Train Reg Loss: 20.6867, Train MAPE: 7.6871, Train R: 0.8228, Train RRSE: 0.5721, Test Loss: 3875.7992, Test Node Loss: 374.3756, Test Reg Loss: 35.0142, Test MAPE: 7.6713, Test R: 0.7834, Test RRSE: 0.7792
2025-02-10 17:03:45,237:INFO:Epoch 249: Train Loss: 2827.3151, Train Node Loss: 397.5592, Train Reg Loss: 24.2976, Train MAPE: 7.7048, Train R: 0.7851, Train RRSE: 0.6200, Test Loss: 3936.7218, Test Node Loss: 368.4226, Test Reg Loss: 35.6830, Test MAPE: 7.8308, Test R: 0.7820, Test RRSE: 0.7866
2025-02-10 17:04:14,225:INFO:Epoch 250: Train Loss: 2636.3477, Train Node Loss: 397.3090, Train Reg Loss: 22.3904, Train MAPE: 7.7761, Train R: 0.8040, Train RRSE: 0.5952, Test Loss: 3115.0459, Test Node Loss: 379.4301, Test Reg Loss: 27.3562, Test MAPE: 7.4812, Test R: 0.7838, Test RRSE: 0.6887
2025-02-10 17:04:43,362:INFO:Epoch 251: Train Loss: 2735.5793, Train Node Loss: 395.7015, Train Reg Loss: 23.3988, Train MAPE: 7.8128, Train R: 0.7938, Train RRSE: 0.6085, Test Loss: 3067.9425, Test Node Loss: 374.7076, Test Reg Loss: 26.9324, Test MAPE: 7.4269, Test R: 0.7849, Test RRSE: 0.6834
2025-02-10 17:05:12,526:INFO:Epoch 252: Train Loss: 2970.2317, Train Node Loss: 400.4900, Train Reg Loss: 25.6974, Train MAPE: 7.7197, Train R: 0.7742, Train RRSE: 0.6376, Test Loss: 5366.3904, Test Node Loss: 329.4762, Test Reg Loss: 50.3691, Test MAPE: 8.1080, Test R: 0.7855, Test RRSE: 0.9346
2025-02-10 17:05:41,897:INFO:Epoch 253: Train Loss: 2934.7889, Train Node Loss: 370.1479, Train Reg Loss: 25.6464, Train MAPE: 7.6391, Train R: 0.7843, Train RRSE: 0.6370, Test Loss: 2743.4040, Test Node Loss: 414.1473, Test Reg Loss: 23.2926, Test MAPE: 7.6285, Test R: 0.7860, Test RRSE: 0.6355
2025-02-10 17:06:11,276:INFO:Epoch 254: Train Loss: 2860.7908, Train Node Loss: 397.2895, Train Reg Loss: 24.6350, Train MAPE: 7.8212, Train R: 0.7847, Train RRSE: 0.6243, Test Loss: 4608.7558, Test Node Loss: 336.1373, Test Reg Loss: 42.7262, Test MAPE: 7.9207, Test R: 0.7853, Test RRSE: 0.8607
2025-02-10 17:06:41,156:INFO:Epoch 255: Train Loss: 2649.1719, Train Node Loss: 373.9262, Train Reg Loss: 22.7525, Train MAPE: 7.6836, Train R: 0.8054, Train RRSE: 0.6000, Test Loss: 2685.3606, Test Node Loss: 407.6004, Test Reg Loss: 22.7776, Test MAPE: 7.6281, Test R: 0.7849, Test RRSE: 0.6285
2025-02-10 17:07:10,537:INFO:Epoch 256: Train Loss: 2886.5217, Train Node Loss: 401.9053, Train Reg Loss: 24.8462, Train MAPE: 7.9594, Train R: 0.7915, Train RRSE: 0.6270, Test Loss: 5114.7623, Test Node Loss: 323.2924, Test Reg Loss: 47.9147, Test MAPE: 8.1669, Test R: 0.7847, Test RRSE: 0.9115
2025-02-10 17:07:40,579:INFO:Epoch 257: Train Loss: 2859.6326, Train Node Loss: 356.1317, Train Reg Loss: 25.0350, Train MAPE: 7.6251, Train R: 0.7952, Train RRSE: 0.6294, Test Loss: 2802.2284, Test Node Loss: 403.6150, Test Reg Loss: 23.9861, Test MAPE: 7.7144, Test R: 0.7833, Test RRSE: 0.6449
2025-02-10 17:08:10,042:INFO:Epoch 258: Train Loss: 2867.9527, Train Node Loss: 381.3319, Train Reg Loss: 24.8662, Train MAPE: 7.8729, Train R: 0.7810, Train RRSE: 0.6272, Test Loss: 3948.5127, Test Node Loss: 338.7285, Test Reg Loss: 36.0978, Test MAPE: 7.8033, Test R: 0.7830, Test RRSE: 0.7912
2025-02-10 17:08:39,917:INFO:Epoch 259: Train Loss: 2667.0920, Train Node Loss: 368.6945, Train Reg Loss: 22.9840, Train MAPE: 7.7236, Train R: 0.7987, Train RRSE: 0.6030, Test Loss: 2670.9562, Test Node Loss: 374.3340, Test Reg Loss: 22.9662, Test MAPE: 7.4081, Test R: 0.7839, Test RRSE: 0.6311
2025-02-10 17:09:08,960:INFO:Epoch 260: Train Loss: 2568.2963, Train Node Loss: 375.3072, Train Reg Loss: 21.9299, Train MAPE: 7.8089, Train R: 0.8100, Train RRSE: 0.5890, Test Loss: 3325.8582, Test Node Loss: 340.8287, Test Reg Loss: 29.8503, Test MAPE: 7.5179, Test R: 0.7850, Test RRSE: 0.7194
2025-02-10 17:09:38,821:INFO:Epoch 261: Train Loss: 2591.8879, Train Node Loss: 357.6147, Train Reg Loss: 22.3427, Train MAPE: 7.6516, Train R: 0.8080, Train RRSE: 0.5946, Test Loss: 2662.3033, Test Node Loss: 380.4661, Test Reg Loss: 22.8184, Test MAPE: 7.5725, Test R: 0.7842, Test RRSE: 0.6290
2025-02-10 17:10:08,028:INFO:Epoch 262: Train Loss: 2690.2027, Train Node Loss: 373.7699, Train Reg Loss: 23.1643, Train MAPE: 7.8155, Train R: 0.8007, Train RRSE: 0.6054, Test Loss: 3627.5949, Test Node Loss: 329.2537, Test Reg Loss: 32.9834, Test MAPE: 7.5890, Test R: 0.7845, Test RRSE: 0.7563
2025-02-10 17:10:38,063:INFO:Epoch 263: Train Loss: 2709.6303, Train Node Loss: 347.0028, Train Reg Loss: 23.6263, Train MAPE: 7.6929, Train R: 0.8001, Train RRSE: 0.6114, Test Loss: 2589.4843, Test Node Loss: 376.8570, Test Reg Loss: 22.1263, Test MAPE: 7.5610, Test R: 0.7854, Test RRSE: 0.6194
2025-02-10 17:11:07,853:INFO:Epoch 264: Train Loss: 2670.3031, Train Node Loss: 371.2008, Train Reg Loss: 22.9910, Train MAPE: 7.8724, Train R: 0.8052, Train RRSE: 0.6031, Test Loss: 4215.8278, Test Node Loss: 314.8543, Test Reg Loss: 39.0097, Test MAPE: 7.7754, Test R: 0.7864, Test RRSE: 0.8225
2025-02-10 17:11:37,312:INFO:Epoch 265: Train Loss: 2670.3990, Train Node Loss: 343.9094, Train Reg Loss: 23.2649, Train MAPE: 7.5901, Train R: 0.8019, Train RRSE: 0.6067, Test Loss: 2582.4042, Test Node Loss: 363.8796, Test Reg Loss: 22.1852, Test MAPE: 7.4515, Test R: 0.7861, Test RRSE: 0.6202
2025-02-10 17:12:07,185:INFO:Epoch 266: Train Loss: 2643.1374, Train Node Loss: 355.3898, Train Reg Loss: 22.8775, Train MAPE: 7.8229, Train R: 0.7992, Train RRSE: 0.6016, Test Loss: 3873.5680, Test Node Loss: 322.6774, Test Reg Loss: 35.5089, Test MAPE: 7.7528, Test R: 0.7859, Test RRSE: 0.7847
2025-02-10 17:12:36,833:INFO:Epoch 267: Train Loss: 2496.2988, Train Node Loss: 352.6330, Train Reg Loss: 21.4367, Train MAPE: 7.7043, Train R: 0.8141, Train RRSE: 0.5824, Test Loss: 3168.0162, Test Node Loss: 339.5388, Test Reg Loss: 28.2848, Test MAPE: 7.5405, Test R: 0.7849, Test RRSE: 0.7003
2025-02-10 17:13:06,354:INFO:Epoch 268: Train Loss: 2878.6014, Train Node Loss: 346.3058, Train Reg Loss: 25.3230, Train MAPE: 7.5892, Train R: 0.7757, Train RRSE: 0.6330, Test Loss: 3715.7952, Test Node Loss: 327.7366, Test Reg Loss: 33.8806, Test MAPE: 7.7442, Test R: 0.7856, Test RRSE: 0.7665
2025-02-10 17:13:35,905:INFO:Epoch 269: Train Loss: 2772.8798, Train Node Loss: 362.9370, Train Reg Loss: 24.0994, Train MAPE: 7.9208, Train R: 0.7946, Train RRSE: 0.6175, Test Loss: 5184.6893, Test Node Loss: 301.0275, Test Reg Loss: 48.8366, Test MAPE: 8.1752, Test R: 0.7845, Test RRSE: 0.9202
2025-02-10 17:14:05,049:INFO:Epoch 270: Train Loss: 2700.9598, Train Node Loss: 328.6066, Train Reg Loss: 23.7235, Train MAPE: 7.7116, Train R: 0.8018, Train RRSE: 0.6127, Test Loss: 2880.0635, Test Node Loss: 335.1458, Test Reg Loss: 25.4492, Test MAPE: 7.4557, Test R: 0.7837, Test RRSE: 0.6643
2025-02-10 17:14:34,750:INFO:Epoch 271: Train Loss: 2588.9863, Train Node Loss: 349.9412, Train Reg Loss: 22.3905, Train MAPE: 7.8307, Train R: 0.8061, Train RRSE: 0.5952, Test Loss: 3673.4204, Test Node Loss: 314.3146, Test Reg Loss: 33.5911, Test MAPE: 7.7258, Test R: 0.7833, Test RRSE: 0.7632
2025-02-10 17:15:04,767:INFO:Epoch 272: Train Loss: 2674.2712, Train Node Loss: 325.9573, Train Reg Loss: 23.4831, Train MAPE: 7.7215, Train R: 0.8017, Train RRSE: 0.6095, Test Loss: 2583.0247, Test Node Loss: 352.2321, Test Reg Loss: 22.3079, Test MAPE: 7.5972, Test R: 0.7840, Test RRSE: 0.6219
2025-02-10 17:15:34,194:INFO:Epoch 273: Train Loss: 2667.1272, Train Node Loss: 354.2067, Train Reg Loss: 23.1292, Train MAPE: 8.0049, Train R: 0.8093, Train RRSE: 0.6049, Test Loss: 3854.9973, Test Node Loss: 295.7411, Test Reg Loss: 35.5926, Test MAPE: 7.7840, Test R: 0.7843, Test RRSE: 0.7856
2025-02-10 17:16:03,951:INFO:Epoch 274: Train Loss: 2664.9167, Train Node Loss: 311.5092, Train Reg Loss: 23.5341, Train MAPE: 7.6267, Train R: 0.8116, Train RRSE: 0.6102, Test Loss: 2865.0188, Test Node Loss: 356.4307, Test Reg Loss: 25.0859, Test MAPE: 7.7731, Test R: 0.7848, Test RRSE: 0.6595
2025-02-10 17:16:33,137:INFO:Epoch 275: Train Loss: 2811.4788, Train Node Loss: 348.9427, Train Reg Loss: 24.6254, Train MAPE: 7.9812, Train R: 0.7981, Train RRSE: 0.6242, Test Loss: 4696.8859, Test Node Loss: 278.7403, Test Reg Loss: 44.1815, Test MAPE: 7.9652, Test R: 0.7850, Test RRSE: 0.8753
2025-02-10 17:17:02,421:INFO:Epoch 276: Train Loss: 2960.3649, Train Node Loss: 302.2792, Train Reg Loss: 26.5809, Train MAPE: 7.6665, Train R: 0.7902, Train RRSE: 0.6485, Test Loss: 2827.7200, Test Node Loss: 362.4121, Test Reg Loss: 24.6531, Test MAPE: 7.8796, Test R: 0.7851, Test RRSE: 0.6538
2025-02-10 17:17:32,325:INFO:Epoch 277: Train Loss: 3004.8412, Train Node Loss: 338.9637, Train Reg Loss: 26.6588, Train MAPE: 8.1021, Train R: 0.7670, Train RRSE: 0.6495, Test Loss: 4221.1343, Test Node Loss: 290.0966, Test Reg Loss: 39.3104, Test MAPE: 7.9092, Test R: 0.7846, Test RRSE: 0.8256
2025-02-10 17:18:01,512:INFO:Epoch 278: Train Loss: 2897.8252, Train Node Loss: 331.7393, Train Reg Loss: 25.6609, Train MAPE: 7.9489, Train R: 0.7731, Train RRSE: 0.6372, Test Loss: 3587.5616, Test Node Loss: 304.0818, Test Reg Loss: 32.8348, Test MAPE: 7.7123, Test R: 0.7850, Test RRSE: 0.7546
2025-02-10 17:18:31,630:INFO:Epoch 279: Train Loss: 2711.0032, Train Node Loss: 304.2492, Train Reg Loss: 24.0675, Train MAPE: 7.6308, Train R: 0.8050, Train RRSE: 0.6171, Test Loss: 3097.4370, Test Node Loss: 308.3642, Test Reg Loss: 27.8907, Test MAPE: 7.4237, Test R: 0.7860, Test RRSE: 0.6954
2025-02-10 17:19:01,651:INFO:Epoch 280: Train Loss: 2797.2594, Train Node Loss: 340.7947, Train Reg Loss: 24.5646, Train MAPE: 7.9598, Train R: 0.7985, Train RRSE: 0.6234, Test Loss: 4106.6084, Test Node Loss: 289.8768, Test Reg Loss: 38.1673, Test MAPE: 7.7492, Test R: 0.7852, Test RRSE: 0.8135
2025-02-10 17:19:31,658:INFO:Epoch 281: Train Loss: 2974.2357, Train Node Loss: 292.1276, Train Reg Loss: 26.8211, Train MAPE: 7.7477, Train R: 0.7924, Train RRSE: 0.6514, Test Loss: 2540.2763, Test Node Loss: 332.9565, Test Reg Loss: 22.0732, Test MAPE: 7.5646, Test R: 0.7860, Test RRSE: 0.6187
2025-02-10 17:20:01,573:INFO:Epoch 282: Train Loss: 2907.4999, Train Node Loss: 339.3474, Train Reg Loss: 25.6815, Train MAPE: 8.0992, Train R: 0.7942, Train RRSE: 0.6374, Test Loss: 3547.1126, Test Node Loss: 286.6803, Test Reg Loss: 32.6043, Test MAPE: 7.6953, Test R: 0.7856, Test RRSE: 0.7519
2025-02-10 17:20:30,928:INFO:Epoch 283: Train Loss: 2670.4295, Train Node Loss: 299.0814, Train Reg Loss: 23.7135, Train MAPE: 7.8006, Train R: 0.7985, Train RRSE: 0.6125, Test Loss: 2536.6061, Test Node Loss: 315.8410, Test Reg Loss: 22.2077, Test MAPE: 7.5317, Test R: 0.7854, Test RRSE: 0.6205
2025-02-10 17:21:00,606:INFO:Epoch 284: Train Loss: 2446.6945, Train Node Loss: 310.5385, Train Reg Loss: 21.3616, Train MAPE: 7.8217, Train R: 0.8145, Train RRSE: 0.5814, Test Loss: 3507.2009, Test Node Loss: 284.9410, Test Reg Loss: 32.2226, Test MAPE: 7.6079, Test R: 0.7862, Test RRSE: 0.7475
2025-02-10 17:21:30,284:INFO:Epoch 285: Train Loss: 2463.6232, Train Node Loss: 302.7005, Train Reg Loss: 21.6092, Train MAPE: 7.7263, Train R: 0.8128, Train RRSE: 0.5847, Test Loss: 2846.5069, Test Node Loss: 304.1275, Test Reg Loss: 25.4238, Test MAPE: 7.4911, Test R: 0.7860, Test RRSE: 0.6640
2025-02-10 17:21:59,478:INFO:Epoch 286: Train Loss: 2555.8619, Train Node Loss: 313.7038, Train Reg Loss: 22.4216, Train MAPE: 7.8599, Train R: 0.8060, Train RRSE: 0.5956, Test Loss: 6057.9178, Test Node Loss: 257.3385, Test Reg Loss: 58.0058, Test MAPE: 8.6833, Test R: 0.7825, Test RRSE: 1.0029
2025-02-10 17:22:29,294:INFO:Epoch 287: Train Loss: 2673.5766, Train Node Loss: 297.1297, Train Reg Loss: 23.7645, Train MAPE: 7.8386, Train R: 0.7922, Train RRSE: 0.6132, Test Loss: 2576.5856, Test Node Loss: 309.5529, Test Reg Loss: 22.6703, Test MAPE: 7.5600, Test R: 0.7851, Test RRSE: 0.6270
2025-02-10 17:22:58,536:INFO:Epoch 288: Train Loss: 2650.8399, Train Node Loss: 296.8052, Train Reg Loss: 23.5403, Train MAPE: 7.8499, Train R: 0.7928, Train RRSE: 0.6103, Test Loss: 2956.6517, Test Node Loss: 284.4144, Test Reg Loss: 26.7224, Test MAPE: 7.5989, Test R: 0.7855, Test RRSE: 0.6807
2025-02-10 17:23:28,341:INFO:Epoch 289: Train Loss: 2334.7453, Train Node Loss: 301.8680, Train Reg Loss: 20.3288, Train MAPE: 7.8021, Train R: 0.8257, Train RRSE: 0.5671, Test Loss: 2747.3277, Test Node Loss: 291.1844, Test Reg Loss: 24.5614, Test MAPE: 7.4874, Test R: 0.7860, Test RRSE: 0.6526
2025-02-10 17:23:57,910:INFO:Epoch 290: Train Loss: 2403.0190, Train Node Loss: 292.2127, Train Reg Loss: 21.1081, Train MAPE: 7.7087, Train R: 0.8183, Train RRSE: 0.5779, Test Loss: 3159.9054, Test Node Loss: 278.5828, Test Reg Loss: 28.8132, Test MAPE: 7.6106, Test R: 0.7850, Test RRSE: 0.7068
2025-02-10 17:24:27,825:INFO:Epoch 291: Train Loss: 2498.8553, Train Node Loss: 302.6371, Train Reg Loss: 21.9622, Train MAPE: 7.9613, Train R: 0.8109, Train RRSE: 0.5895, Test Loss: 4164.9226, Test Node Loss: 266.3591, Test Reg Loss: 38.9856, Test MAPE: 7.9989, Test R: 0.7847, Test RRSE: 0.8222
2025-02-10 17:24:57,781:INFO:Epoch 292: Train Loss: 2703.4656, Train Node Loss: 272.2732, Train Reg Loss: 24.3119, Train MAPE: 7.7050, Train R: 0.8091, Train RRSE: 0.6202, Test Loss: 2592.4941, Test Node Loss: 298.8722, Test Reg Loss: 22.9362, Test MAPE: 7.5931, Test R: 0.7848, Test RRSE: 0.6306
2025-02-10 17:25:26,995:INFO:Epoch 293: Train Loss: 2858.2943, Train Node Loss: 318.0462, Train Reg Loss: 25.4025, Train MAPE: 8.2125, Train R: 0.8063, Train RRSE: 0.6340, Test Loss: 5305.0888, Test Node Loss: 245.5953, Test Reg Loss: 50.5949, Test MAPE: 8.3373, Test R: 0.7851, Test RRSE: 0.9366
2025-02-10 17:25:56,763:INFO:Epoch 294: Train Loss: 3067.7323, Train Node Loss: 255.5982, Train Reg Loss: 28.1213, Train MAPE: 7.6941, Train R: 0.8059, Train RRSE: 0.6670, Test Loss: 2678.0612, Test Node Loss: 315.6182, Test Reg Loss: 23.6244, Test MAPE: 7.7482, Test R: 0.7853, Test RRSE: 0.6400
2025-02-10 17:26:26,218:INFO:Epoch 295: Train Loss: 3194.2108, Train Node Loss: 324.2729, Train Reg Loss: 28.6994, Train MAPE: 8.4439, Train R: 0.8139, Train RRSE: 0.6739, Test Loss: 8785.5671, Test Node Loss: 219.9533, Test Reg Loss: 85.6561, Test MAPE: 9.7048, Test R: 0.7837, Test RRSE: 1.2187
2025-02-10 17:26:55,707:INFO:Epoch 296: Train Loss: 3231.3367, Train Node Loss: 244.2576, Train Reg Loss: 29.8708, Train MAPE: 7.8971, Train R: 0.8142, Train RRSE: 0.6875, Test Loss: 2535.7444, Test Node Loss: 296.6335, Test Reg Loss: 22.3911, Test MAPE: 7.5274, Test R: 0.7831, Test RRSE: 0.6231
2025-02-10 17:27:25,650:INFO:Epoch 297: Train Loss: 2957.2275, Train Node Loss: 311.8919, Train Reg Loss: 26.4534, Train MAPE: 8.3175, Train R: 0.8107, Train RRSE: 0.6470, Test Loss: 4699.5359, Test Node Loss: 240.0449, Test Reg Loss: 44.5949, Test MAPE: 8.0633, Test R: 0.7818, Test RRSE: 0.8794
2025-02-10 17:27:54,990:INFO:Epoch 298: Train Loss: 2760.7821, Train Node Loss: 252.0257, Train Reg Loss: 25.0876, Train MAPE: 7.6136, Train R: 0.8115, Train RRSE: 0.6300, Test Loss: 3183.0663, Test Node Loss: 265.9062, Test Reg Loss: 29.1716, Test MAPE: 7.5997, Test R: 0.7820, Test RRSE: 0.7112
2025-02-10 17:28:25,042:INFO:Epoch 299: Train Loss: 2721.1043, Train Node Loss: 292.0480, Train Reg Loss: 24.2906, Train MAPE: 8.0143, Train R: 0.7986, Train RRSE: 0.6199, Test Loss: 4828.4442, Test Node Loss: 242.7085, Test Reg Loss: 45.8574, Test MAPE: 8.1232, Test R: 0.7800, Test RRSE: 0.8917
2025-02-10 17:28:54,537:INFO:Epoch 300: Train Loss: 2408.0497, Train Node Loss: 260.0250, Train Reg Loss: 21.4802, Train MAPE: 7.6971, Train R: 0.8217, Train RRSE: 0.5830, Test Loss: 3393.1696, Test Node Loss: 256.8343, Test Reg Loss: 31.3634, Test MAPE: 7.7264, Test R: 0.7785, Test RRSE: 0.7375
2025-02-10 17:28:54,553:INFO:Best performance at epoch 2 with Test MAPE: 0.7962
