2025-02-10 14:56:20,178:INFO:Learning rate: 0.0008
2025-02-10 14:56:20,179:INFO:Weight decay: 0.001
2025-02-10 14:56:20,179:INFO:Batch size: 32
2025-02-10 14:56:20,179:INFO:Number of layers: 3
2025-02-10 14:56:20,179:INFO:Convolution type: SAGE
2025-02-10 14:56:20,179:INFO:Convolution neurons: 256
2025-02-10 15:01:03,554:INFO:Learning rate: 0.0008
2025-02-10 15:01:03,555:INFO:Weight decay: 0.001
2025-02-10 15:01:03,555:INFO:Batch size: 32
2025-02-10 15:01:03,555:INFO:Number of layers: 3
2025-02-10 15:01:03,555:INFO:Convolution type: SAGE
2025-02-10 15:01:03,555:INFO:Convolution neurons: 256
2025-02-10 15:01:25,356:INFO:Epoch 1: Train Loss: 34248.8093, Train Node Loss: 25.2827, Train Reg Loss: 342.2353, Train MAPE: 88.4797, Train R: 0.0257, Train RRSE: 7.7174, Test Loss: 20880.8175, Test Node Loss: 180.9832, Test Reg Loss: 206.9983, Test MAPE: 66.5427, Test R: 0.7939, Test RRSE: 5.0935
2025-02-10 15:01:25,389:INFO:Checkpoint saved at best_0.0008_0.001_256_SAGE_3_32_0.7939_epoch_1.pth
2025-02-10 15:01:46,541:INFO:Epoch 2: Train Loss: 7727.1385, Train Node Loss: 1214.7428, Train Reg Loss: 65.1240, Train MAPE: 34.6677, Train R: -0.0063, Train RRSE: 3.3665, Test Loss: 17491.1068, Test Node Loss: 3189.6987, Test Reg Loss: 143.0141, Test MAPE: 58.5785, Test R: 0.8027, Test RRSE: 4.2337
2025-02-10 15:01:46,568:INFO:Checkpoint saved at best_0.0008_0.001_256_SAGE_3_32_0.8027_epoch_2.pth
2025-02-10 15:02:07,935:INFO:Epoch 3: Train Loss: 2385.7639, Train Node Loss: 1055.0958, Train Reg Loss: 13.3067, Train MAPE: 15.9140, Train R: 0.2404, Train RRSE: 1.5218, Test Loss: 3347.9980, Test Node Loss: 595.9528, Test Reg Loss: 27.5205, Test MAPE: 20.9858, Test R: 0.8020, Test RRSE: 1.8572
2025-02-10 15:02:29,390:INFO:Epoch 4: Train Loss: 1889.1617, Train Node Loss: 593.1541, Train Reg Loss: 12.9601, Train MAPE: 14.3324, Train R: 0.3350, Train RRSE: 1.5018, Test Loss: 1497.3654, Test Node Loss: 866.8440, Test Reg Loss: 6.3052, Test MAPE: 12.2640, Test R: 0.8040, Test RRSE: 0.8890
2025-02-10 15:02:29,421:INFO:Checkpoint saved at best_0.0008_0.001_256_SAGE_3_32_0.8040_epoch_4.pth
2025-02-10 15:02:50,814:INFO:Epoch 5: Train Loss: 1345.3340, Train Node Loss: 757.2697, Train Reg Loss: 5.8806, Train MAPE: 12.4687, Train R: 0.5682, Train RRSE: 1.0116, Test Loss: 1290.0402, Test Node Loss: 557.9499, Test Reg Loss: 7.3209, Test MAPE: 10.3916, Test R: 0.8046, Test RRSE: 0.9579
2025-02-10 15:02:50,850:INFO:Checkpoint saved at best_0.0008_0.001_256_SAGE_3_32_0.8046_epoch_5.pth
2025-02-10 15:03:12,201:INFO:Epoch 6: Train Loss: 1037.2739, Train Node Loss: 481.8928, Train Reg Loss: 5.5538, Train MAPE: 9.7443, Train R: 0.6003, Train RRSE: 0.9831, Test Loss: 1333.0321, Test Node Loss: 435.9678, Test Reg Loss: 8.9706, Test MAPE: 11.0649, Test R: 0.8035, Test RRSE: 1.0603
2025-02-10 15:03:33,614:INFO:Epoch 7: Train Loss: 869.9092, Train Node Loss: 464.6375, Train Reg Loss: 4.0527, Train MAPE: 10.0318, Train R: 0.6102, Train RRSE: 0.8398, Test Loss: 992.7700, Test Node Loss: 430.2856, Test Reg Loss: 5.6248, Test MAPE: 10.1225, Test R: 0.8026, Test RRSE: 0.8396
2025-02-10 15:03:55,090:INFO:Epoch 8: Train Loss: 770.0400, Train Node Loss: 392.0722, Train Reg Loss: 3.7797, Train MAPE: 9.7210, Train R: 0.7040, Train RRSE: 0.8110, Test Loss: 1143.9172, Test Node Loss: 324.4422, Test Reg Loss: 8.1947, Test MAPE: 10.8870, Test R: 0.7997, Test RRSE: 1.0135
2025-02-10 15:04:16,614:INFO:Epoch 9: Train Loss: 714.4781, Train Node Loss: 331.7386, Train Reg Loss: 3.8274, Train MAPE: 9.5413, Train R: 0.7365, Train RRSE: 0.8161, Test Loss: 914.6649, Test Node Loss: 322.5522, Test Reg Loss: 5.9211, Test MAPE: 10.1567, Test R: 0.7978, Test RRSE: 0.8615
2025-02-10 15:04:38,579:INFO:Epoch 10: Train Loss: 668.4720, Train Node Loss: 314.6591, Train Reg Loss: 3.5381, Train MAPE: 9.8556, Train R: 0.7437, Train RRSE: 0.7847, Test Loss: 914.4486, Test Node Loss: 283.3117, Test Reg Loss: 6.3114, Test MAPE: 10.3736, Test R: 0.7971, Test RRSE: 0.8894
2025-02-10 15:05:00,489:INFO:Epoch 11: Train Loss: 633.5581, Train Node Loss: 283.7054, Train Reg Loss: 3.4985, Train MAPE: 9.8043, Train R: 0.7394, Train RRSE: 0.7803, Test Loss: 894.8168, Test Node Loss: 258.7511, Test Reg Loss: 6.3607, Test MAPE: 10.5093, Test R: 0.7939, Test RRSE: 0.8929
2025-02-10 15:05:21,744:INFO:Epoch 12: Train Loss: 605.6959, Train Node Loss: 268.3923, Train Reg Loss: 3.3730, Train MAPE: 10.0060, Train R: 0.7394, Train RRSE: 0.7662, Test Loss: 846.6320, Test Node Loss: 242.9092, Test Reg Loss: 6.0372, Test MAPE: 10.4581, Test R: 0.7911, Test RRSE: 0.8699
2025-02-10 15:05:42,711:INFO:Epoch 13: Train Loss: 577.9106, Train Node Loss: 237.6812, Train Reg Loss: 3.4023, Train MAPE: 9.7858, Train R: 0.7422, Train RRSE: 0.7695, Test Loss: 855.8282, Test Node Loss: 220.3994, Test Reg Loss: 6.3543, Test MAPE: 10.6064, Test R: 0.7872, Test RRSE: 0.8924
2025-02-10 15:06:04,246:INFO:Epoch 14: Train Loss: 564.7084, Train Node Loss: 232.5565, Train Reg Loss: 3.3215, Train MAPE: 10.1802, Train R: 0.7130, Train RRSE: 0.7603, Test Loss: 832.0733, Test Node Loss: 205.5548, Test Reg Loss: 6.2652, Test MAPE: 10.6097, Test R: 0.7833, Test RRSE: 0.8861
2025-02-10 15:06:25,598:INFO:Epoch 15: Train Loss: 535.6118, Train Node Loss: 219.3986, Train Reg Loss: 3.1621, Train MAPE: 10.2612, Train R: 0.7276, Train RRSE: 0.7418, Test Loss: 871.7547, Test Node Loss: 185.1732, Test Reg Loss: 6.8658, Test MAPE: 11.0451, Test R: 0.7792, Test RRSE: 0.9276
2025-02-10 15:06:46,807:INFO:Epoch 16: Train Loss: 512.2841, Train Node Loss: 192.2887, Train Reg Loss: 3.2000, Train MAPE: 10.0600, Train R: 0.7340, Train RRSE: 0.7462, Test Loss: 809.8851, Test Node Loss: 177.4493, Test Reg Loss: 6.3244, Test MAPE: 10.9975, Test R: 0.7755, Test RRSE: 0.8903
2025-02-10 15:07:08,129:INFO:Epoch 17: Train Loss: 485.7761, Train Node Loss: 187.3392, Train Reg Loss: 2.9844, Train MAPE: 10.3625, Train R: 0.7302, Train RRSE: 0.7207, Test Loss: 820.3291, Test Node Loss: 163.8572, Test Reg Loss: 6.5647, Test MAPE: 11.0926, Test R: 0.7717, Test RRSE: 0.9071
2025-02-10 15:07:29,367:INFO:Epoch 18: Train Loss: 470.3708, Train Node Loss: 174.1401, Train Reg Loss: 2.9623, Train MAPE: 10.4093, Train R: 0.7285, Train RRSE: 0.7180, Test Loss: 869.6203, Test Node Loss: 148.3325, Test Reg Loss: 7.2129, Test MAPE: 11.5848, Test R: 0.7700, Test RRSE: 0.9508
2025-02-10 15:07:50,821:INFO:Epoch 19: Train Loss: 448.6462, Train Node Loss: 158.1731, Train Reg Loss: 2.9047, Train MAPE: 10.2853, Train R: 0.7410, Train RRSE: 0.7110, Test Loss: 699.2078, Test Node Loss: 152.5891, Test Reg Loss: 5.4662, Test MAPE: 11.0320, Test R: 0.7708, Test RRSE: 0.8277
2025-02-10 15:08:11,882:INFO:Epoch 20: Train Loss: 447.3606, Train Node Loss: 163.2582, Train Reg Loss: 2.8410, Train MAPE: 10.8069, Train R: 0.7446, Train RRSE: 0.7031, Test Loss: 965.8128, Test Node Loss: 125.6321, Test Reg Loss: 8.4018, Test MAPE: 12.1469, Test R: 0.7704, Test RRSE: 1.0262
2025-02-10 15:08:33,263:INFO:Epoch 21: Train Loss: 430.1281, Train Node Loss: 133.1175, Train Reg Loss: 2.9701, Train MAPE: 10.2883, Train R: 0.7556, Train RRSE: 0.7189, Test Loss: 809.4238, Test Node Loss: 127.4418, Test Reg Loss: 6.8198, Test MAPE: 11.5691, Test R: 0.7720, Test RRSE: 0.9245
2025-02-10 15:08:54,661:INFO:Epoch 22: Train Loss: 430.9460, Train Node Loss: 147.6039, Train Reg Loss: 2.8334, Train MAPE: 11.1076, Train R: 0.7435, Train RRSE: 0.7022, Test Loss: 1169.1254, Test Node Loss: 103.7156, Test Reg Loss: 10.6541, Test MAPE: 13.4887, Test R: 0.7722, Test RRSE: 1.1556
2025-02-10 15:09:16,057:INFO:Epoch 23: Train Loss: 409.0503, Train Node Loss: 118.7289, Train Reg Loss: 2.9032, Train MAPE: 10.4917, Train R: 0.7484, Train RRSE: 0.7108, Test Loss: 714.9330, Test Node Loss: 118.9517, Test Reg Loss: 5.9598, Test MAPE: 11.5249, Test R: 0.7728, Test RRSE: 0.8643
2025-02-10 15:09:37,468:INFO:Epoch 24: Train Loss: 384.7312, Train Node Loss: 125.4215, Train Reg Loss: 2.5931, Train MAPE: 10.9915, Train R: 0.7528, Train RRSE: 0.6718, Test Loss: 1255.3115, Test Node Loss: 89.9179, Test Reg Loss: 11.6539, Test MAPE: 14.1650, Test R: 0.7715, Test RRSE: 1.2086
2025-02-10 15:09:58,820:INFO:Epoch 25: Train Loss: 365.7937, Train Node Loss: 111.7126, Train Reg Loss: 2.5408, Train MAPE: 10.7691, Train R: 0.7636, Train RRSE: 0.6650, Test Loss: 658.3150, Test Node Loss: 107.1756, Test Reg Loss: 5.5114, Test MAPE: 11.3283, Test R: 0.7793, Test RRSE: 0.8311
2025-02-10 15:10:20,137:INFO:Epoch 26: Train Loss: 343.0308, Train Node Loss: 111.2106, Train Reg Loss: 2.3182, Train MAPE: 10.9547, Train R: 0.7890, Train RRSE: 0.6352, Test Loss: 1031.1913, Test Node Loss: 84.9004, Test Reg Loss: 9.4629, Test MAPE: 13.1570, Test R: 0.7794, Test RRSE: 1.0891
2025-02-10 15:10:41,136:INFO:Epoch 27: Train Loss: 347.3264, Train Node Loss: 95.0989, Train Reg Loss: 2.5223, Train MAPE: 10.6273, Train R: 0.7802, Train RRSE: 0.6625, Test Loss: 519.3080, Test Node Loss: 104.3998, Test Reg Loss: 4.1491, Test MAPE: 11.0610, Test R: 0.7862, Test RRSE: 0.7211
2025-02-10 15:11:02,113:INFO:Epoch 28: Train Loss: 342.9128, Train Node Loss: 100.7299, Train Reg Loss: 2.4218, Train MAPE: 10.9914, Train R: 0.7797, Train RRSE: 0.6492, Test Loss: 1069.3459, Test Node Loss: 75.1993, Test Reg Loss: 9.9415, Test MAPE: 13.5636, Test R: 0.7869, Test RRSE: 1.1162
2025-02-10 15:11:23,181:INFO:Epoch 29: Train Loss: 361.2382, Train Node Loss: 81.7621, Train Reg Loss: 2.7948, Train MAPE: 10.6665, Train R: 0.7520, Train RRSE: 0.6974, Test Loss: 517.7993, Test Node Loss: 92.4168, Test Reg Loss: 4.2538, Test MAPE: 11.1054, Test R: 0.7909, Test RRSE: 0.7302
2025-02-10 15:11:44,255:INFO:Epoch 30: Train Loss: 340.1524, Train Node Loss: 88.6021, Train Reg Loss: 2.5155, Train MAPE: 11.3388, Train R: 0.7640, Train RRSE: 0.6616, Test Loss: 1179.4616, Test Node Loss: 62.7523, Test Reg Loss: 11.1671, Test MAPE: 14.1175, Test R: 0.7893, Test RRSE: 1.1831
2025-02-10 15:12:05,277:INFO:Epoch 31: Train Loss: 305.9387, Train Node Loss: 77.0710, Train Reg Loss: 2.2887, Train MAPE: 10.9196, Train R: 0.7887, Train RRSE: 0.6311, Test Loss: 663.7966, Test Node Loss: 74.6726, Test Reg Loss: 5.8912, Test MAPE: 11.8500, Test R: 0.7926, Test RRSE: 0.8593
2025-02-10 15:12:26,219:INFO:Epoch 32: Train Loss: 298.1306, Train Node Loss: 75.0721, Train Reg Loss: 2.2306, Train MAPE: 10.8797, Train R: 0.7964, Train RRSE: 0.6230, Test Loss: 990.3217, Test Node Loss: 58.3763, Test Reg Loss: 9.3195, Test MAPE: 13.3973, Test R: 0.7927, Test RRSE: 1.0808
2025-02-10 15:12:47,285:INFO:Epoch 33: Train Loss: 295.5861, Train Node Loss: 67.7534, Train Reg Loss: 2.2783, Train MAPE: 10.9390, Train R: 0.7905, Train RRSE: 0.6297, Test Loss: 618.3294, Test Node Loss: 67.6507, Test Reg Loss: 5.5068, Test MAPE: 11.8189, Test R: 0.7911, Test RRSE: 0.8308
2025-02-10 15:13:08,272:INFO:Epoch 34: Train Loss: 276.8574, Train Node Loss: 66.7186, Train Reg Loss: 2.1014, Train MAPE: 11.0739, Train R: 0.8054, Train RRSE: 0.6047, Test Loss: 1128.0009, Test Node Loss: 49.7766, Test Reg Loss: 10.7822, Test MAPE: 14.2701, Test R: 0.7913, Test RRSE: 1.1625
2025-02-10 15:13:29,234:INFO:Epoch 35: Train Loss: 291.8839, Train Node Loss: 60.0622, Train Reg Loss: 2.3182, Train MAPE: 11.0923, Train R: 0.7805, Train RRSE: 0.6352, Test Loss: 681.5793, Test Node Loss: 55.1727, Test Reg Loss: 6.2641, Test MAPE: 12.3227, Test R: 0.7937, Test RRSE: 0.8861
2025-02-10 15:13:50,340:INFO:Epoch 36: Train Loss: 274.8069, Train Node Loss: 56.8128, Train Reg Loss: 2.1799, Train MAPE: 11.1037, Train R: 0.7964, Train RRSE: 0.6159, Test Loss: 603.3158, Test Node Loss: 51.8391, Test Reg Loss: 5.5148, Test MAPE: 11.9799, Test R: 0.7975, Test RRSE: 0.8314
2025-02-10 15:14:11,435:INFO:Epoch 37: Train Loss: 252.4697, Train Node Loss: 52.4088, Train Reg Loss: 2.0006, Train MAPE: 11.1077, Train R: 0.8202, Train RRSE: 0.5901, Test Loss: 546.5435, Test Node Loss: 50.6293, Test Reg Loss: 4.9591, Test MAPE: 11.9111, Test R: 0.7989, Test RRSE: 0.7884
2025-02-10 15:14:32,455:INFO:Epoch 38: Train Loss: 270.7153, Train Node Loss: 48.1616, Train Reg Loss: 2.2255, Train MAPE: 10.9591, Train R: 0.7959, Train RRSE: 0.6223, Test Loss: 452.0197, Test Node Loss: 50.4777, Test Reg Loss: 4.0154, Test MAPE: 11.5550, Test R: 0.8007, Test RRSE: 0.7094
2025-02-10 15:14:53,929:INFO:Epoch 39: Train Loss: 246.3802, Train Node Loss: 51.4001, Train Reg Loss: 1.9498, Train MAPE: 11.5653, Train R: 0.8330, Train RRSE: 0.5825, Test Loss: 950.6198, Test Node Loss: 36.6685, Test Reg Loss: 9.1395, Test MAPE: 13.7450, Test R: 0.7985, Test RRSE: 1.0703
2025-02-10 15:15:15,294:INFO:Epoch 40: Train Loss: 257.2652, Train Node Loss: 40.2585, Train Reg Loss: 2.1701, Train MAPE: 10.9934, Train R: 0.8135, Train RRSE: 0.6145, Test Loss: 410.4832, Test Node Loss: 46.0428, Test Reg Loss: 3.6444, Test MAPE: 11.7038, Test R: 0.8022, Test RRSE: 0.6758
2025-02-10 15:15:36,717:INFO:Epoch 41: Train Loss: 240.1462, Train Node Loss: 43.6479, Train Reg Loss: 1.9650, Train MAPE: 11.3433, Train R: 0.8246, Train RRSE: 0.5848, Test Loss: 764.9290, Test Node Loss: 34.2520, Test Reg Loss: 7.3068, Test MAPE: 12.8893, Test R: 0.8031, Test RRSE: 0.9570
2025-02-10 15:15:58,016:INFO:Epoch 42: Train Loss: 257.5563, Train Node Loss: 38.4120, Train Reg Loss: 2.1914, Train MAPE: 11.1870, Train R: 0.7922, Train RRSE: 0.6176, Test Loss: 614.4156, Test Node Loss: 34.7281, Test Reg Loss: 5.7969, Test MAPE: 12.4551, Test R: 0.8049, Test RRSE: 0.8524
2025-02-10 15:15:58,058:INFO:Checkpoint saved at best_0.0008_0.001_256_SAGE_3_32_0.8049_epoch_42.pth
2025-02-10 15:16:19,226:INFO:Epoch 43: Train Loss: 273.2217, Train Node Loss: 31.8168, Train Reg Loss: 2.4140, Train MAPE: 11.0487, Train R: 0.7980, Train RRSE: 0.6482, Test Loss: 342.6727, Test Node Loss: 40.9899, Test Reg Loss: 3.0168, Test MAPE: 12.0218, Test R: 0.8083, Test RRSE: 0.6149
2025-02-10 15:16:19,260:INFO:Checkpoint saved at best_0.0008_0.001_256_SAGE_3_32_0.8083_epoch_43.pth
2025-02-10 15:16:40,513:INFO:Epoch 44: Train Loss: 246.6826, Train Node Loss: 37.0605, Train Reg Loss: 2.0962, Train MAPE: 11.7303, Train R: 0.8316, Train RRSE: 0.6040, Test Loss: 829.5563, Test Node Loss: 25.1764, Test Reg Loss: 8.0438, Test MAPE: 13.1709, Test R: 0.8068, Test RRSE: 1.0041
2025-02-10 15:17:01,838:INFO:Epoch 45: Train Loss: 244.8240, Train Node Loss: 27.0854, Train Reg Loss: 2.1774, Train MAPE: 11.0920, Train R: 0.8110, Train RRSE: 0.6156, Test Loss: 433.5727, Test Node Loss: 30.6986, Test Reg Loss: 4.0287, Test MAPE: 11.8758, Test R: 0.8086, Test RRSE: 0.7106
2025-02-10 15:17:01,877:INFO:Checkpoint saved at best_0.0008_0.001_256_SAGE_3_32_0.8086_epoch_45.pth
2025-02-10 15:17:23,133:INFO:Epoch 46: Train Loss: 228.1839, Train Node Loss: 29.4242, Train Reg Loss: 1.9876, Train MAPE: 11.4561, Train R: 0.8173, Train RRSE: 0.5881, Test Loss: 922.8741, Test Node Loss: 21.7588, Test Reg Loss: 9.0112, Test MAPE: 13.8165, Test R: 0.8081, Test RRSE: 1.0627
2025-02-10 15:17:44,451:INFO:Epoch 47: Train Loss: 233.7687, Train Node Loss: 25.5996, Train Reg Loss: 2.0817, Train MAPE: 11.1426, Train R: 0.8069, Train RRSE: 0.6019, Test Loss: 489.7954, Test Node Loss: 24.7897, Test Reg Loss: 4.6501, Test MAPE: 12.1035, Test R: 0.8114, Test RRSE: 0.7634
2025-02-10 15:17:44,481:INFO:Checkpoint saved at best_0.0008_0.001_256_SAGE_3_32_0.8114_epoch_47.pth
2025-02-10 15:18:05,973:INFO:Epoch 48: Train Loss: 203.4325, Train Node Loss: 25.4733, Train Reg Loss: 1.7796, Train MAPE: 11.3968, Train R: 0.8375, Train RRSE: 0.5565, Test Loss: 528.5212, Test Node Loss: 22.8258, Test Reg Loss: 5.0570, Test MAPE: 12.2298, Test R: 0.8128, Test RRSE: 0.7961
2025-02-10 15:18:06,008:INFO:Checkpoint saved at best_0.0008_0.001_256_SAGE_3_32_0.8128_epoch_48.pth
2025-02-10 15:18:27,408:INFO:Epoch 49: Train Loss: 202.6578, Train Node Loss: 22.4084, Train Reg Loss: 1.8025, Train MAPE: 11.2234, Train R: 0.8399, Train RRSE: 0.5601, Test Loss: 335.3406, Test Node Loss: 24.6286, Test Reg Loss: 3.1071, Test MAPE: 11.8192, Test R: 0.8142, Test RRSE: 0.6240
2025-02-10 15:18:27,451:INFO:Checkpoint saved at best_0.0008_0.001_256_SAGE_3_32_0.8142_epoch_49.pth
2025-02-10 15:18:48,756:INFO:Epoch 50: Train Loss: 209.6128, Train Node Loss: 23.9338, Train Reg Loss: 1.8568, Train MAPE: 11.5528, Train R: 0.8361, Train RRSE: 0.5684, Test Loss: 674.8057, Test Node Loss: 19.5271, Test Reg Loss: 6.5528, Test MAPE: 13.1152, Test R: 0.8128, Test RRSE: 0.9063
2025-02-10 15:19:10,089:INFO:Epoch 51: Train Loss: 215.6991, Train Node Loss: 19.9528, Train Reg Loss: 1.9575, Train MAPE: 11.1544, Train R: 0.8248, Train RRSE: 0.5837, Test Loss: 400.0298, Test Node Loss: 20.7024, Test Reg Loss: 3.7933, Test MAPE: 11.9875, Test R: 0.8179, Test RRSE: 0.6895
2025-02-10 15:19:10,113:INFO:Checkpoint saved at best_0.0008_0.001_256_SAGE_3_32_0.8179_epoch_51.pth
2025-02-10 15:19:31,401:INFO:Epoch 52: Train Loss: 205.4630, Train Node Loss: 21.2581, Train Reg Loss: 1.8420, Train MAPE: 11.4819, Train R: 0.8383, Train RRSE: 0.5662, Test Loss: 745.8749, Test Node Loss: 16.7440, Test Reg Loss: 7.2913, Test MAPE: 13.4272, Test R: 0.8181, Test RRSE: 0.9560
2025-02-10 15:19:31,438:INFO:Checkpoint saved at best_0.0008_0.001_256_SAGE_3_32_0.8181_epoch_52.pth
2025-02-10 15:19:52,834:INFO:Epoch 53: Train Loss: 191.6643, Train Node Loss: 18.3108, Train Reg Loss: 1.7335, Train MAPE: 11.3921, Train R: 0.8420, Train RRSE: 0.5493, Test Loss: 534.3903, Test Node Loss: 16.8461, Test Reg Loss: 5.1754, Test MAPE: 12.5051, Test R: 0.8190, Test RRSE: 0.8054
2025-02-10 15:19:52,859:INFO:Checkpoint saved at best_0.0008_0.001_256_SAGE_3_32_0.8190_epoch_53.pth
2025-02-10 15:20:14,235:INFO:Epoch 54: Train Loss: 196.0120, Train Node Loss: 17.8002, Train Reg Loss: 1.7821, Train MAPE: 11.5020, Train R: 0.8355, Train RRSE: 0.5569, Test Loss: 610.4222, Test Node Loss: 14.8919, Test Reg Loss: 5.9553, Test MAPE: 12.8795, Test R: 0.8202, Test RRSE: 0.8639
2025-02-10 15:20:14,261:INFO:Checkpoint saved at best_0.0008_0.001_256_SAGE_3_32_0.8202_epoch_54.pth
2025-02-10 15:20:35,728:INFO:Epoch 55: Train Loss: 184.1923, Train Node Loss: 16.6303, Train Reg Loss: 1.6756, Train MAPE: 11.4527, Train R: 0.8472, Train RRSE: 0.5400, Test Loss: 728.0769, Test Node Loss: 13.7839, Test Reg Loss: 7.1429, Test MAPE: 13.4292, Test R: 0.8199, Test RRSE: 0.9462
2025-02-10 15:20:57,192:INFO:Epoch 56: Train Loss: 189.3250, Train Node Loss: 15.3808, Train Reg Loss: 1.7394, Train MAPE: 11.3967, Train R: 0.8397, Train RRSE: 0.5502, Test Loss: 351.9174, Test Node Loss: 16.1814, Test Reg Loss: 3.3574, Test MAPE: 12.0297, Test R: 0.8225, Test RRSE: 0.6487
2025-02-10 15:20:57,222:INFO:Checkpoint saved at best_0.0008_0.001_256_SAGE_3_32_0.8225_epoch_56.pth
2025-02-10 15:21:18,638:INFO:Epoch 57: Train Loss: 186.2674, Train Node Loss: 15.0568, Train Reg Loss: 1.7121, Train MAPE: 11.4635, Train R: 0.8421, Train RRSE: 0.5459, Test Loss: 669.4835, Test Node Loss: 12.2461, Test Reg Loss: 6.5724, Test MAPE: 13.2390, Test R: 0.8219, Test RRSE: 0.9076
2025-02-10 15:21:39,926:INFO:Epoch 58: Train Loss: 178.7126, Train Node Loss: 13.9191, Train Reg Loss: 1.6479, Train MAPE: 11.3431, Train R: 0.8509, Train RRSE: 0.5355, Test Loss: 493.3542, Test Node Loss: 13.0429, Test Reg Loss: 4.8031, Test MAPE: 12.6216, Test R: 0.8227, Test RRSE: 0.7759
2025-02-10 15:21:39,960:INFO:Checkpoint saved at best_0.0008_0.001_256_SAGE_3_32_0.8227_epoch_58.pth
2025-02-10 15:22:01,268:INFO:Epoch 59: Train Loss: 172.0081, Train Node Loss: 12.9835, Train Reg Loss: 1.5902, Train MAPE: 11.4792, Train R: 0.8559, Train RRSE: 0.5261, Test Loss: 600.8362, Test Node Loss: 11.6337, Test Reg Loss: 5.8920, Test MAPE: 13.0740, Test R: 0.8227, Test RRSE: 0.8593
2025-02-10 15:22:01,292:INFO:Checkpoint saved at best_0.0008_0.001_256_SAGE_3_32_0.8227_epoch_59.pth
2025-02-10 15:22:22,477:INFO:Epoch 60: Train Loss: 173.8736, Train Node Loss: 13.2507, Train Reg Loss: 1.6062, Train MAPE: 11.7644, Train R: 0.8557, Train RRSE: 0.5287, Test Loss: 880.4103, Test Node Loss: 9.7873, Test Reg Loss: 8.7062, Test MAPE: 14.3266, Test R: 0.8192, Test RRSE: 1.0446
2025-02-10 15:22:43,933:INFO:Epoch 61: Train Loss: 177.0226, Train Node Loss: 11.5948, Train Reg Loss: 1.6543, Train MAPE: 11.4933, Train R: 0.8477, Train RRSE: 0.5366, Test Loss: 435.2496, Test Node Loss: 10.8736, Test Reg Loss: 4.2438, Test MAPE: 12.6792, Test R: 0.8199, Test RRSE: 0.7293
2025-02-10 15:23:05,128:INFO:Epoch 62: Train Loss: 171.2262, Train Node Loss: 11.1486, Train Reg Loss: 1.6008, Train MAPE: 11.6555, Train R: 0.8511, Train RRSE: 0.5278, Test Loss: 458.3975, Test Node Loss: 9.8304, Test Reg Loss: 4.4857, Test MAPE: 12.7812, Test R: 0.8233, Test RRSE: 0.7498
2025-02-10 15:23:05,165:INFO:Checkpoint saved at best_0.0008_0.001_256_SAGE_3_32_0.8233_epoch_62.pth
2025-02-10 15:23:26,297:INFO:Epoch 63: Train Loss: 167.5179, Train Node Loss: 10.1640, Train Reg Loss: 1.5735, Train MAPE: 11.7027, Train R: 0.8549, Train RRSE: 0.5233, Test Loss: 474.7920, Test Node Loss: 9.1588, Test Reg Loss: 4.6563, Test MAPE: 12.8228, Test R: 0.8249, Test RRSE: 0.7639
2025-02-10 15:23:26,324:INFO:Checkpoint saved at best_0.0008_0.001_256_SAGE_3_32_0.8249_epoch_63.pth
2025-02-10 15:23:47,246:INFO:Epoch 64: Train Loss: 161.3258, Train Node Loss: 9.5177, Train Reg Loss: 1.5181, Train MAPE: 11.5484, Train R: 0.8611, Train RRSE: 0.5140, Test Loss: 844.7251, Test Node Loss: 7.3531, Test Reg Loss: 8.3737, Test MAPE: 14.3319, Test R: 0.8246, Test RRSE: 1.0245
2025-02-10 15:24:08,530:INFO:Epoch 65: Train Loss: 182.4932, Train Node Loss: 9.2135, Train Reg Loss: 1.7328, Train MAPE: 11.7019, Train R: 0.8366, Train RRSE: 0.5491, Test Loss: 396.8441, Test Node Loss: 8.4016, Test Reg Loss: 3.8844, Test MAPE: 12.7059, Test R: 0.8255, Test RRSE: 0.6977
2025-02-10 15:24:08,560:INFO:Checkpoint saved at best_0.0008_0.001_256_SAGE_3_32_0.8255_epoch_65.pth
2025-02-10 15:24:29,973:INFO:Epoch 66: Train Loss: 168.1719, Train Node Loss: 8.1477, Train Reg Loss: 1.6002, Train MAPE: 11.4797, Train R: 0.8549, Train RRSE: 0.5277, Test Loss: 322.0169, Test Node Loss: 8.1483, Test Reg Loss: 3.1387, Test MAPE: 12.4399, Test R: 0.8259, Test RRSE: 0.6272
2025-02-10 15:24:30,011:INFO:Checkpoint saved at best_0.0008_0.001_256_SAGE_3_32_0.8259_epoch_66.pth
2025-02-10 15:24:51,287:INFO:Epoch 67: Train Loss: 171.2892, Train Node Loss: 7.5854, Train Reg Loss: 1.6370, Train MAPE: 11.5281, Train R: 0.8505, Train RRSE: 0.5338, Test Loss: 299.7695, Test Node Loss: 8.1534, Test Reg Loss: 2.9162, Test MAPE: 12.5975, Test R: 0.8280, Test RRSE: 0.6046
2025-02-10 15:24:51,318:INFO:Checkpoint saved at best_0.0008_0.001_256_SAGE_3_32_0.8280_epoch_67.pth
2025-02-10 15:25:12,589:INFO:Epoch 68: Train Loss: 167.6401, Train Node Loss: 8.0538, Train Reg Loss: 1.5959, Train MAPE: 11.8522, Train R: 0.8573, Train RRSE: 0.5270, Test Loss: 1224.1190, Test Node Loss: 5.2195, Test Reg Loss: 12.1890, Test MAPE: 15.9319, Test R: 0.8247, Test RRSE: 1.2360
2025-02-10 15:25:34,013:INFO:Epoch 69: Train Loss: 165.2997, Train Node Loss: 7.4018, Train Reg Loss: 1.5790, Train MAPE: 11.7196, Train R: 0.8533, Train RRSE: 0.5242, Test Loss: 587.9016, Test Node Loss: 6.7752, Test Reg Loss: 5.8113, Test MAPE: 13.2938, Test R: 0.8272, Test RRSE: 0.8534
2025-02-10 15:25:55,354:INFO:Epoch 70: Train Loss: 163.5171, Train Node Loss: 7.2429, Train Reg Loss: 1.5627, Train MAPE: 11.6914, Train R: 0.8552, Train RRSE: 0.5215, Test Loss: 680.7989, Test Node Loss: 5.8980, Test Reg Loss: 6.7490, Test MAPE: 13.6384, Test R: 0.8260, Test RRSE: 0.9197
2025-02-10 15:26:16,649:INFO:Epoch 71: Train Loss: 158.7946, Train Node Loss: 6.8374, Train Reg Loss: 1.5196, Train MAPE: 11.7009, Train R: 0.8604, Train RRSE: 0.5142, Test Loss: 842.2839, Test Node Loss: 4.8711, Test Reg Loss: 8.3741, Test MAPE: 14.3120, Test R: 0.8263, Test RRSE: 1.0245
2025-02-10 15:26:37,995:INFO:Epoch 72: Train Loss: 190.1854, Train Node Loss: 5.4560, Train Reg Loss: 1.8473, Train MAPE: 11.5559, Train R: 0.8376, Train RRSE: 0.5670, Test Loss: 370.0689, Test Node Loss: 7.6760, Test Reg Loss: 3.6239, Test MAPE: 14.0817, Test R: 0.8296, Test RRSE: 0.6739
2025-02-10 15:26:38,028:INFO:Checkpoint saved at best_0.0008_0.001_256_SAGE_3_32_0.8296_epoch_72.pth
2025-02-10 15:26:59,346:INFO:Epoch 73: Train Loss: 166.1538, Train Node Loss: 6.0974, Train Reg Loss: 1.6006, Train MAPE: 11.9098, Train R: 0.8594, Train RRSE: 0.5278, Test Loss: 826.0443, Test Node Loss: 4.0696, Test Reg Loss: 8.2197, Test MAPE: 14.3597, Test R: 0.8289, Test RRSE: 1.0150
2025-02-10 15:27:20,206:INFO:Epoch 74: Train Loss: 172.3745, Train Node Loss: 5.0339, Train Reg Loss: 1.6734, Train MAPE: 11.5978, Train R: 0.8467, Train RRSE: 0.5396, Test Loss: 258.4091, Test Node Loss: 5.7763, Test Reg Loss: 2.5263, Test MAPE: 12.7906, Test R: 0.8307, Test RRSE: 0.5627
2025-02-10 15:27:20,230:INFO:Checkpoint saved at best_0.0008_0.001_256_SAGE_3_32_0.8307_epoch_74.pth
2025-02-10 15:27:41,073:INFO:Epoch 75: Train Loss: 171.5048, Train Node Loss: 5.2100, Train Reg Loss: 1.6629, Train MAPE: 11.8068, Train R: 0.8454, Train RRSE: 0.5380, Test Loss: 722.9316, Test Node Loss: 3.7209, Test Reg Loss: 7.1921, Test MAPE: 14.2156, Test R: 0.8296, Test RRSE: 0.9494
2025-02-10 15:28:01,792:INFO:Epoch 76: Train Loss: 186.5791, Train Node Loss: 4.9879, Train Reg Loss: 1.8159, Train MAPE: 11.8913, Train R: 0.8301, Train RRSE: 0.5622, Test Loss: 857.3069, Test Node Loss: 3.4114, Test Reg Loss: 8.5390, Test MAPE: 14.2901, Test R: 0.8258, Test RRSE: 1.0345
2025-02-10 15:28:22,478:INFO:Epoch 77: Train Loss: 175.5119, Train Node Loss: 3.9501, Train Reg Loss: 1.7156, Train MAPE: 11.5165, Train R: 0.8627, Train RRSE: 0.5464, Test Loss: 329.5166, Test Node Loss: 4.7211, Test Reg Loss: 3.2480, Test MAPE: 12.4798, Test R: 0.8246, Test RRSE: 0.6380
2025-02-10 15:28:43,157:INFO:Epoch 78: Train Loss: 162.0787, Train Node Loss: 4.9108, Train Reg Loss: 1.5717, Train MAPE: 12.0755, Train R: 0.8665, Train RRSE: 0.5230, Test Loss: 1144.3602, Test Node Loss: 2.6767, Test Reg Loss: 11.4168, Test MAPE: 15.5271, Test R: 0.8201, Test RRSE: 1.1962
2025-02-10 15:29:03,912:INFO:Epoch 79: Train Loss: 156.6783, Train Node Loss: 3.7861, Train Reg Loss: 1.5289, Train MAPE: 11.8623, Train R: 0.8600, Train RRSE: 0.5158, Test Loss: 442.7467, Test Node Loss: 3.5327, Test Reg Loss: 4.3921, Test MAPE: 12.8015, Test R: 0.8215, Test RRSE: 0.7419
2025-02-10 15:29:24,794:INFO:Epoch 80: Train Loss: 151.0996, Train Node Loss: 3.5670, Train Reg Loss: 1.4753, Train MAPE: 11.6534, Train R: 0.8645, Train RRSE: 0.5067, Test Loss: 418.3580, Test Node Loss: 3.2784, Test Reg Loss: 4.1508, Test MAPE: 12.9644, Test R: 0.8252, Test RRSE: 0.7213
2025-02-10 15:29:45,516:INFO:Epoch 81: Train Loss: 147.9744, Train Node Loss: 3.5661, Train Reg Loss: 1.4441, Train MAPE: 11.9365, Train R: 0.8673, Train RRSE: 0.5013, Test Loss: 562.9693, Test Node Loss: 2.9481, Test Reg Loss: 5.6002, Test MAPE: 13.4514, Test R: 0.8264, Test RRSE: 0.8378
2025-02-10 15:30:06,221:INFO:Epoch 82: Train Loss: 160.8255, Train Node Loss: 3.3509, Train Reg Loss: 1.5747, Train MAPE: 11.7256, Train R: 0.8531, Train RRSE: 0.5235, Test Loss: 377.9745, Test Node Loss: 3.3363, Test Reg Loss: 3.7464, Test MAPE: 12.9829, Test R: 0.8285, Test RRSE: 0.6852
2025-02-10 15:30:27,010:INFO:Epoch 83: Train Loss: 163.3516, Train Node Loss: 3.2359, Train Reg Loss: 1.6012, Train MAPE: 11.7607, Train R: 0.8506, Train RRSE: 0.5279, Test Loss: 277.8384, Test Node Loss: 3.2340, Test Reg Loss: 2.7460, Test MAPE: 12.5778, Test R: 0.8275, Test RRSE: 0.5867
2025-02-10 15:30:47,690:INFO:Epoch 84: Train Loss: 154.5903, Train Node Loss: 3.2310, Train Reg Loss: 1.5136, Train MAPE: 11.8974, Train R: 0.8610, Train RRSE: 0.5132, Test Loss: 612.7288, Test Node Loss: 2.3283, Test Reg Loss: 6.1040, Test MAPE: 13.5050, Test R: 0.8267, Test RRSE: 0.8747
2025-02-10 15:31:08,459:INFO:Epoch 85: Train Loss: 153.2428, Train Node Loss: 2.9815, Train Reg Loss: 1.5026, Train MAPE: 11.7793, Train R: 0.8604, Train RRSE: 0.5114, Test Loss: 391.7666, Test Node Loss: 2.8404, Test Reg Loss: 3.8893, Test MAPE: 12.4726, Test R: 0.8261, Test RRSE: 0.6982
2025-02-10 15:31:29,314:INFO:Epoch 86: Train Loss: 161.9819, Train Node Loss: 3.0357, Train Reg Loss: 1.5895, Train MAPE: 11.7209, Train R: 0.8513, Train RRSE: 0.5259, Test Loss: 782.3187, Test Node Loss: 2.1248, Test Reg Loss: 7.8019, Test MAPE: 13.9789, Test R: 0.8240, Test RRSE: 0.9889
2025-02-10 15:31:50,274:INFO:Epoch 87: Train Loss: 146.9614, Train Node Loss: 2.8604, Train Reg Loss: 1.4410, Train MAPE: 11.8140, Train R: 0.8671, Train RRSE: 0.5008, Test Loss: 395.0536, Test Node Loss: 2.7032, Test Reg Loss: 3.9235, Test MAPE: 12.6962, Test R: 0.8253, Test RRSE: 0.7012
2025-02-10 15:32:11,071:INFO:Epoch 88: Train Loss: 144.4914, Train Node Loss: 2.7548, Train Reg Loss: 1.4174, Train MAPE: 11.7829, Train R: 0.8691, Train RRSE: 0.4966, Test Loss: 529.3964, Test Node Loss: 2.1718, Test Reg Loss: 5.2722, Test MAPE: 13.1355, Test R: 0.8256, Test RRSE: 0.8129
2025-02-10 15:32:31,885:INFO:Epoch 89: Train Loss: 155.1175, Train Node Loss: 2.6186, Train Reg Loss: 1.5250, Train MAPE: 11.9520, Train R: 0.8572, Train RRSE: 0.5152, Test Loss: 342.6446, Test Node Loss: 2.3745, Test Reg Loss: 3.4027, Test MAPE: 12.7747, Test R: 0.8259, Test RRSE: 0.6531
2025-02-10 15:32:52,726:INFO:Epoch 90: Train Loss: 139.2308, Train Node Loss: 2.5706, Train Reg Loss: 1.3666, Train MAPE: 12.0205, Train R: 0.8754, Train RRSE: 0.4877, Test Loss: 386.0190, Test Node Loss: 2.0459, Test Reg Loss: 3.8397, Test MAPE: 12.6048, Test R: 0.8249, Test RRSE: 0.6937
2025-02-10 15:33:13,692:INFO:Epoch 91: Train Loss: 146.3171, Train Node Loss: 2.2753, Train Reg Loss: 1.4404, Train MAPE: 11.7844, Train R: 0.8673, Train RRSE: 0.5007, Test Loss: 499.6007, Test Node Loss: 1.7947, Test Reg Loss: 4.9781, Test MAPE: 12.9570, Test R: 0.8279, Test RRSE: 0.7899
2025-02-10 15:33:34,529:INFO:Epoch 92: Train Loss: 151.9962, Train Node Loss: 2.0493, Train Reg Loss: 1.4995, Train MAPE: 11.7632, Train R: 0.8645, Train RRSE: 0.5108, Test Loss: 283.7979, Test Node Loss: 2.1480, Test Reg Loss: 2.8165, Test MAPE: 12.5930, Test R: 0.8295, Test RRSE: 0.5941
2025-02-10 15:33:55,339:INFO:Epoch 93: Train Loss: 136.8434, Train Node Loss: 2.3029, Train Reg Loss: 1.3454, Train MAPE: 11.9756, Train R: 0.8829, Train RRSE: 0.4839, Test Loss: 689.3808, Test Node Loss: 1.4455, Test Reg Loss: 6.8794, Test MAPE: 13.6258, Test R: 0.8271, Test RRSE: 0.9286
2025-02-10 15:34:16,147:INFO:Epoch 94: Train Loss: 146.7705, Train Node Loss: 2.0638, Train Reg Loss: 1.4471, Train MAPE: 11.8673, Train R: 0.8652, Train RRSE: 0.5018, Test Loss: 596.9805, Test Node Loss: 1.4776, Test Reg Loss: 5.9550, Test MAPE: 13.3282, Test R: 0.8236, Test RRSE: 0.8639
2025-02-10 15:34:37,032:INFO:Epoch 95: Train Loss: 143.1270, Train Node Loss: 1.8843, Train Reg Loss: 1.4124, Train MAPE: 11.7650, Train R: 0.8702, Train RRSE: 0.4958, Test Loss: 360.3033, Test Node Loss: 1.6364, Test Reg Loss: 3.5867, Test MAPE: 12.6904, Test R: 0.8247, Test RRSE: 0.6705
2025-02-10 15:34:57,880:INFO:Epoch 96: Train Loss: 146.1008, Train Node Loss: 1.8109, Train Reg Loss: 1.4429, Train MAPE: 11.7205, Train R: 0.8673, Train RRSE: 0.5011, Test Loss: 284.8450, Test Node Loss: 1.8274, Test Reg Loss: 2.8302, Test MAPE: 12.5732, Test R: 0.8271, Test RRSE: 0.5956
2025-02-10 15:35:18,797:INFO:Epoch 97: Train Loss: 145.3876, Train Node Loss: 1.9602, Train Reg Loss: 1.4343, Train MAPE: 12.0401, Train R: 0.8696, Train RRSE: 0.4996, Test Loss: 686.0545, Test Node Loss: 1.2529, Test Reg Loss: 6.8480, Test MAPE: 13.6988, Test R: 0.8264, Test RRSE: 0.9264
2025-02-10 15:35:40,197:INFO:Epoch 98: Train Loss: 146.1531, Train Node Loss: 1.7369, Train Reg Loss: 1.4442, Train MAPE: 11.7969, Train R: 0.8666, Train RRSE: 0.5013, Test Loss: 363.5203, Test Node Loss: 1.5262, Test Reg Loss: 3.6199, Test MAPE: 12.5832, Test R: 0.8264, Test RRSE: 0.6736
2025-02-10 15:36:01,600:INFO:Epoch 99: Train Loss: 136.5170, Train Node Loss: 1.6890, Train Reg Loss: 1.3483, Train MAPE: 11.6738, Train R: 0.8767, Train RRSE: 0.4844, Test Loss: 716.9366, Test Node Loss: 1.0799, Test Reg Loss: 7.1586, Test MAPE: 13.7995, Test R: 0.8280, Test RRSE: 0.9472
2025-02-10 15:36:23,022:INFO:Epoch 100: Train Loss: 132.9143, Train Node Loss: 1.5962, Train Reg Loss: 1.3132, Train MAPE: 12.0062, Train R: 0.8787, Train RRSE: 0.4780, Test Loss: 450.7507, Test Node Loss: 1.3090, Test Reg Loss: 4.4944, Test MAPE: 12.9879, Test R: 0.8267, Test RRSE: 0.7505
2025-02-10 15:36:44,299:INFO:Epoch 101: Train Loss: 154.6542, Train Node Loss: 1.5876, Train Reg Loss: 1.5307, Train MAPE: 11.8073, Train R: 0.8567, Train RRSE: 0.5161, Test Loss: 494.9887, Test Node Loss: 1.1702, Test Reg Loss: 4.9382, Test MAPE: 13.0702, Test R: 0.8253, Test RRSE: 0.7867
2025-02-10 15:37:05,615:INFO:Epoch 102: Train Loss: 137.5736, Train Node Loss: 1.5154, Train Reg Loss: 1.3606, Train MAPE: 11.9759, Train R: 0.8740, Train RRSE: 0.4866, Test Loss: 460.6276, Test Node Loss: 1.1764, Test Reg Loss: 4.5945, Test MAPE: 12.7999, Test R: 0.8236, Test RRSE: 0.7588
2025-02-10 15:37:26,959:INFO:Epoch 103: Train Loss: 136.1897, Train Node Loss: 1.4429, Train Reg Loss: 1.3475, Train MAPE: 11.6687, Train R: 0.8764, Train RRSE: 0.4842, Test Loss: 533.1582, Test Node Loss: 1.0895, Test Reg Loss: 5.3207, Test MAPE: 13.0022, Test R: 0.8282, Test RRSE: 0.8166
2025-02-10 15:37:48,073:INFO:Epoch 104: Train Loss: 145.2579, Train Node Loss: 1.4847, Train Reg Loss: 1.4377, Train MAPE: 12.0721, Train R: 0.8681, Train RRSE: 0.5002, Test Loss: 639.5683, Test Node Loss: 0.8954, Test Reg Loss: 6.3867, Test MAPE: 13.6800, Test R: 0.8288, Test RRSE: 0.8947
2025-02-10 15:38:09,284:INFO:Epoch 105: Train Loss: 140.1826, Train Node Loss: 1.2911, Train Reg Loss: 1.3889, Train MAPE: 11.8209, Train R: 0.8721, Train RRSE: 0.4916, Test Loss: 420.5680, Test Node Loss: 1.0201, Test Reg Loss: 4.1955, Test MAPE: 12.9353, Test R: 0.8304, Test RRSE: 0.7251
2025-02-10 15:38:30,480:INFO:Epoch 106: Train Loss: 172.1314, Train Node Loss: 1.3166, Train Reg Loss: 1.7081, Train MAPE: 11.7094, Train R: 0.8387, Train RRSE: 0.5452, Test Loss: 444.7355, Test Node Loss: 0.9125, Test Reg Loss: 4.4382, Test MAPE: 12.8709, Test R: 0.8292, Test RRSE: 0.7458
2025-02-10 15:38:51,795:INFO:Epoch 107: Train Loss: 145.1292, Train Node Loss: 1.2785, Train Reg Loss: 1.4385, Train MAPE: 11.8905, Train R: 0.8664, Train RRSE: 0.5003, Test Loss: 396.9833, Test Node Loss: 1.0230, Test Reg Loss: 3.9596, Test MAPE: 12.8402, Test R: 0.8313, Test RRSE: 0.7045
2025-02-10 15:38:51,838:INFO:Checkpoint saved at best_0.0008_0.001_256_SAGE_3_32_0.8313_epoch_107.pth
2025-02-10 15:39:13,067:INFO:Epoch 108: Train Loss: 145.7635, Train Node Loss: 1.2972, Train Reg Loss: 1.4447, Train MAPE: 11.8497, Train R: 0.8658, Train RRSE: 0.5014, Test Loss: 672.0196, Test Node Loss: 0.8263, Test Reg Loss: 6.7119, Test MAPE: 13.6157, Test R: 0.8288, Test RRSE: 0.9172
2025-02-10 15:39:34,298:INFO:Epoch 109: Train Loss: 163.9929, Train Node Loss: 1.1476, Train Reg Loss: 1.6285, Train MAPE: 11.4548, Train R: 0.8543, Train RRSE: 0.5323, Test Loss: 268.6652, Test Node Loss: 1.2533, Test Reg Loss: 2.6741, Test MAPE: 12.6078, Test R: 0.8292, Test RRSE: 0.5789
2025-02-10 15:39:55,565:INFO:Epoch 110: Train Loss: 153.0158, Train Node Loss: 1.3327, Train Reg Loss: 1.5168, Train MAPE: 12.0239, Train R: 0.8627, Train RRSE: 0.5138, Test Loss: 715.8136, Test Node Loss: 0.6684, Test Reg Loss: 7.1515, Test MAPE: 13.7114, Test R: 0.8281, Test RRSE: 0.9467
2025-02-10 15:40:16,828:INFO:Epoch 111: Train Loss: 141.0510, Train Node Loss: 1.1174, Train Reg Loss: 1.3993, Train MAPE: 11.9491, Train R: 0.8700, Train RRSE: 0.4935, Test Loss: 700.6778, Test Node Loss: 0.7161, Test Reg Loss: 6.9996, Test MAPE: 13.5893, Test R: 0.8301, Test RRSE: 0.9366
2025-02-10 15:40:38,081:INFO:Epoch 112: Train Loss: 140.9687, Train Node Loss: 1.0638, Train Reg Loss: 1.3990, Train MAPE: 11.7697, Train R: 0.8708, Train RRSE: 0.4934, Test Loss: 467.9673, Test Node Loss: 0.6934, Test Reg Loss: 4.6727, Test MAPE: 12.7812, Test R: 0.8290, Test RRSE: 0.7653
2025-02-10 15:40:59,092:INFO:Epoch 113: Train Loss: 141.5204, Train Node Loss: 0.9830, Train Reg Loss: 1.4054, Train MAPE: 11.8860, Train R: 0.8698, Train RRSE: 0.4945, Test Loss: 374.2151, Test Node Loss: 0.6883, Test Reg Loss: 3.7353, Test MAPE: 12.6796, Test R: 0.8257, Test RRSE: 0.6842
2025-02-10 15:41:20,375:INFO:Epoch 114: Train Loss: 139.6124, Train Node Loss: 0.9383, Train Reg Loss: 1.3867, Train MAPE: 11.8461, Train R: 0.8719, Train RRSE: 0.4913, Test Loss: 363.4952, Test Node Loss: 0.6569, Test Reg Loss: 3.6284, Test MAPE: 12.7678, Test R: 0.8293, Test RRSE: 0.6744
2025-02-10 15:41:41,648:INFO:Epoch 115: Train Loss: 136.5303, Train Node Loss: 0.9600, Train Reg Loss: 1.3557, Train MAPE: 12.0576, Train R: 0.8757, Train RRSE: 0.4857, Test Loss: 582.8593, Test Node Loss: 0.5570, Test Reg Loss: 5.8230, Test MAPE: 13.4321, Test R: 0.8303, Test RRSE: 0.8543
2025-02-10 15:42:02,988:INFO:Epoch 116: Train Loss: 149.4663, Train Node Loss: 0.8702, Train Reg Loss: 1.4860, Train MAPE: 11.7684, Train R: 0.8623, Train RRSE: 0.5085, Test Loss: 472.3805, Test Node Loss: 0.6176, Test Reg Loss: 4.7176, Test MAPE: 12.9717, Test R: 0.8283, Test RRSE: 0.7689
2025-02-10 15:42:24,269:INFO:Epoch 117: Train Loss: 139.2691, Train Node Loss: 0.8976, Train Reg Loss: 1.3837, Train MAPE: 11.7762, Train R: 0.8724, Train RRSE: 0.4907, Test Loss: 559.7743, Test Node Loss: 0.5827, Test Reg Loss: 5.5919, Test MAPE: 13.1063, Test R: 0.8274, Test RRSE: 0.8372
2025-02-10 15:42:45,551:INFO:Epoch 118: Train Loss: 133.5445, Train Node Loss: 0.8741, Train Reg Loss: 1.3267, Train MAPE: 11.8020, Train R: 0.8785, Train RRSE: 0.4805, Test Loss: 472.3680, Test Node Loss: 0.6242, Test Reg Loss: 4.7174, Test MAPE: 12.9335, Test R: 0.8294, Test RRSE: 0.7689
2025-02-10 15:43:06,607:INFO:Epoch 119: Train Loss: 153.6764, Train Node Loss: 0.8219, Train Reg Loss: 1.5285, Train MAPE: 11.8330, Train R: 0.8596, Train RRSE: 0.5158, Test Loss: 337.0518, Test Node Loss: 0.6402, Test Reg Loss: 3.3641, Test MAPE: 12.5910, Test R: 0.8282, Test RRSE: 0.6493
2025-02-10 15:43:28,178:INFO:Epoch 120: Train Loss: 164.0638, Train Node Loss: 0.9423, Train Reg Loss: 1.6312, Train MAPE: 11.9953, Train R: 0.8533, Train RRSE: 0.5328, Test Loss: 755.7920, Test Node Loss: 0.4461, Test Reg Loss: 7.5535, Test MAPE: 13.6813, Test R: 0.8264, Test RRSE: 0.9730
2025-02-10 15:43:49,537:INFO:Epoch 121: Train Loss: 149.6616, Train Node Loss: 0.7243, Train Reg Loss: 1.4894, Train MAPE: 11.5582, Train R: 0.8704, Train RRSE: 0.5091, Test Loss: 592.5044, Test Node Loss: 0.5805, Test Reg Loss: 5.9192, Test MAPE: 13.0449, Test R: 0.8263, Test RRSE: 0.8613
2025-02-10 15:44:10,737:INFO:Epoch 122: Train Loss: 161.8896, Train Node Loss: 0.9301, Train Reg Loss: 1.6096, Train MAPE: 12.1341, Train R: 0.8634, Train RRSE: 0.5293, Test Loss: 689.9207, Test Node Loss: 0.3551, Test Reg Loss: 6.8957, Test MAPE: 13.6666, Test R: 0.8278, Test RRSE: 0.9297
2025-02-10 15:44:32,085:INFO:Epoch 123: Train Loss: 149.3118, Train Node Loss: 0.5829, Train Reg Loss: 1.4873, Train MAPE: 11.8073, Train R: 0.8711, Train RRSE: 0.5088, Test Loss: 257.9173, Test Node Loss: 0.5412, Test Reg Loss: 2.5738, Test MAPE: 12.6749, Test R: 0.8258, Test RRSE: 0.5680
2025-02-10 15:44:53,427:INFO:Epoch 124: Train Loss: 147.4918, Train Node Loss: 0.6643, Train Reg Loss: 1.4683, Train MAPE: 12.0594, Train R: 0.8695, Train RRSE: 0.5055, Test Loss: 772.0226, Test Node Loss: 0.2402, Test Reg Loss: 7.7178, Test MAPE: 14.0057, Test R: 0.8260, Test RRSE: 0.9835
2025-02-10 15:45:14,938:INFO:Epoch 125: Train Loss: 146.5776, Train Node Loss: 0.4771, Train Reg Loss: 1.4610, Train MAPE: 11.5862, Train R: 0.8702, Train RRSE: 0.5042, Test Loss: 383.0453, Test Node Loss: 0.3400, Test Reg Loss: 3.8271, Test MAPE: 12.6368, Test R: 0.8302, Test RRSE: 0.6926
2025-02-10 15:45:36,224:INFO:Epoch 126: Train Loss: 140.9311, Train Node Loss: 0.5264, Train Reg Loss: 1.4040, Train MAPE: 11.9208, Train R: 0.8721, Train RRSE: 0.4943, Test Loss: 377.0030, Test Node Loss: 0.2825, Test Reg Loss: 3.7672, Test MAPE: 12.7570, Test R: 0.8287, Test RRSE: 0.6871
2025-02-10 15:45:57,343:INFO:Epoch 127: Train Loss: 141.1027, Train Node Loss: 0.4529, Train Reg Loss: 1.4065, Train MAPE: 11.8986, Train R: 0.8701, Train RRSE: 0.4947, Test Loss: 343.2739, Test Node Loss: 0.2931, Test Reg Loss: 3.4298, Test MAPE: 12.6665, Test R: 0.8258, Test RRSE: 0.6556
2025-02-10 15:46:18,567:INFO:Epoch 128: Train Loss: 127.2903, Train Node Loss: 0.4703, Train Reg Loss: 1.2682, Train MAPE: 11.7830, Train R: 0.8842, Train RRSE: 0.4698, Test Loss: 467.4042, Test Node Loss: 0.2863, Test Reg Loss: 4.6712, Test MAPE: 13.0160, Test R: 0.8276, Test RRSE: 0.7652
2025-02-10 15:46:39,996:INFO:Epoch 129: Train Loss: 125.6352, Train Node Loss: 0.4907, Train Reg Loss: 1.2514, Train MAPE: 12.2042, Train R: 0.8852, Train RRSE: 0.4667, Test Loss: 727.8981, Test Node Loss: 0.2321, Test Reg Loss: 7.2767, Test MAPE: 14.0970, Test R: 0.8269, Test RRSE: 0.9550
2025-02-10 15:47:01,328:INFO:Epoch 130: Train Loss: 143.9682, Train Node Loss: 0.4466, Train Reg Loss: 1.4352, Train MAPE: 11.8525, Train R: 0.8669, Train RRSE: 0.4998, Test Loss: 363.2204, Test Node Loss: 0.2898, Test Reg Loss: 3.6293, Test MAPE: 12.7391, Test R: 0.8252, Test RRSE: 0.6744
2025-02-10 15:47:22,691:INFO:Epoch 131: Train Loss: 142.1078, Train Node Loss: 0.4705, Train Reg Loss: 1.4164, Train MAPE: 11.9134, Train R: 0.8708, Train RRSE: 0.4965, Test Loss: 591.7763, Test Node Loss: 0.2215, Test Reg Loss: 5.9155, Test MAPE: 13.4960, Test R: 0.8280, Test RRSE: 0.8611
2025-02-10 15:47:44,094:INFO:Epoch 132: Train Loss: 160.2454, Train Node Loss: 0.3890, Train Reg Loss: 1.5986, Train MAPE: 11.9330, Train R: 0.8603, Train RRSE: 0.5274, Test Loss: 315.3928, Test Node Loss: 0.3298, Test Reg Loss: 3.1506, Test MAPE: 12.7432, Test R: 0.8279, Test RRSE: 0.6284
2025-02-10 15:48:05,272:INFO:Epoch 133: Train Loss: 152.1968, Train Node Loss: 0.4776, Train Reg Loss: 1.5172, Train MAPE: 12.0635, Train R: 0.8600, Train RRSE: 0.5138, Test Loss: 859.6272, Test Node Loss: 0.1887, Test Reg Loss: 8.5944, Test MAPE: 14.4422, Test R: 0.8266, Test RRSE: 1.0379
2025-02-10 15:48:26,508:INFO:Epoch 134: Train Loss: 141.5544, Train Node Loss: 0.4194, Train Reg Loss: 1.4113, Train MAPE: 11.9097, Train R: 0.8689, Train RRSE: 0.4956, Test Loss: 496.2642, Test Node Loss: 0.2353, Test Reg Loss: 4.9603, Test MAPE: 12.7891, Test R: 0.8281, Test RRSE: 0.7885
2025-02-10 15:48:47,848:INFO:Epoch 135: Train Loss: 167.0209, Train Node Loss: 0.3561, Train Reg Loss: 1.6666, Train MAPE: 11.7790, Train R: 0.8454, Train RRSE: 0.5386, Test Loss: 362.1282, Test Node Loss: 0.2325, Test Reg Loss: 3.6190, Test MAPE: 12.5563, Test R: 0.8289, Test RRSE: 0.6735
2025-02-10 15:49:09,130:INFO:Epoch 136: Train Loss: 147.6409, Train Node Loss: 0.4239, Train Reg Loss: 1.4722, Train MAPE: 12.2740, Train R: 0.8746, Train RRSE: 0.5062, Test Loss: 554.9597, Test Node Loss: 0.1767, Test Reg Loss: 5.5478, Test MAPE: 13.2868, Test R: 0.8304, Test RRSE: 0.8339
2025-02-10 15:49:30,374:INFO:Epoch 137: Train Loss: 145.9278, Train Node Loss: 0.3181, Train Reg Loss: 1.4561, Train MAPE: 11.7290, Train R: 0.8700, Train RRSE: 0.5034, Test Loss: 289.8836, Test Node Loss: 0.2294, Test Reg Loss: 2.8965, Test MAPE: 12.9310, Test R: 0.8312, Test RRSE: 0.6025
2025-02-10 15:49:51,633:INFO:Epoch 138: Train Loss: 142.9735, Train Node Loss: 0.3688, Train Reg Loss: 1.4260, Train MAPE: 12.1726, Train R: 0.8746, Train RRSE: 0.4982, Test Loss: 613.9825, Test Node Loss: 0.1593, Test Reg Loss: 6.1382, Test MAPE: 13.4415, Test R: 0.8314, Test RRSE: 0.8771
2025-02-10 15:49:51,663:INFO:Checkpoint saved at best_0.0008_0.001_256_SAGE_3_32_0.8314_epoch_138.pth
2025-02-10 15:50:12,736:INFO:Epoch 139: Train Loss: 152.5913, Train Node Loss: 0.2928, Train Reg Loss: 1.5230, Train MAPE: 11.7275, Train R: 0.8603, Train RRSE: 0.5148, Test Loss: 307.7540, Test Node Loss: 0.1896, Test Reg Loss: 3.0756, Test MAPE: 12.5835, Test R: 0.8334, Test RRSE: 0.6209
2025-02-10 15:50:12,767:INFO:Checkpoint saved at best_0.0008_0.001_256_SAGE_3_32_0.8334_epoch_139.pth
2025-02-10 15:50:34,200:INFO:Epoch 140: Train Loss: 132.8342, Train Node Loss: 0.2939, Train Reg Loss: 1.3254, Train MAPE: 11.8648, Train R: 0.8774, Train RRSE: 0.4803, Test Loss: 272.7217, Test Node Loss: 0.1845, Test Reg Loss: 2.7254, Test MAPE: 12.6801, Test R: 0.8278, Test RRSE: 0.5845
2025-02-10 15:50:55,469:INFO:Epoch 141: Train Loss: 127.2759, Train Node Loss: 0.2755, Train Reg Loss: 1.2700, Train MAPE: 11.8857, Train R: 0.8835, Train RRSE: 0.4701, Test Loss: 502.3263, Test Node Loss: 0.1353, Test Reg Loss: 5.0219, Test MAPE: 13.0065, Test R: 0.8281, Test RRSE: 0.7934
2025-02-10 15:51:16,822:INFO:Epoch 142: Train Loss: 134.2687, Train Node Loss: 0.2675, Train Reg Loss: 1.3400, Train MAPE: 11.6888, Train R: 0.8798, Train RRSE: 0.4829, Test Loss: 329.3919, Test Node Loss: 0.1806, Test Reg Loss: 3.2921, Test MAPE: 12.6136, Test R: 0.8325, Test RRSE: 0.6424
2025-02-10 15:51:37,655:INFO:Epoch 143: Train Loss: 130.2864, Train Node Loss: 0.3131, Train Reg Loss: 1.2997, Train MAPE: 12.1060, Train R: 0.8837, Train RRSE: 0.4756, Test Loss: 576.1088, Test Node Loss: 0.1280, Test Reg Loss: 5.7598, Test MAPE: 13.6153, Test R: 0.8337, Test RRSE: 0.8496
2025-02-10 15:51:37,684:INFO:Checkpoint saved at best_0.0008_0.001_256_SAGE_3_32_0.8337_epoch_143.pth
2025-02-10 15:51:58,663:INFO:Epoch 144: Train Loss: 133.1883, Train Node Loss: 0.2611, Train Reg Loss: 1.3293, Train MAPE: 11.8657, Train R: 0.8802, Train RRSE: 0.4810, Test Loss: 394.8228, Test Node Loss: 0.1550, Test Reg Loss: 3.9467, Test MAPE: 12.8703, Test R: 0.8273, Test RRSE: 0.7033
2025-02-10 15:52:20,171:INFO:Epoch 145: Train Loss: 134.8177, Train Node Loss: 0.2729, Train Reg Loss: 1.3454, Train MAPE: 11.7258, Train R: 0.8761, Train RRSE: 0.4839, Test Loss: 469.2783, Test Node Loss: 0.1504, Test Reg Loss: 4.6913, Test MAPE: 12.9454, Test R: 0.8245, Test RRSE: 0.7668
2025-02-10 15:52:41,551:INFO:Epoch 146: Train Loss: 131.7818, Train Node Loss: 0.3107, Train Reg Loss: 1.3147, Train MAPE: 12.3447, Train R: 0.8872, Train RRSE: 0.4783, Test Loss: 686.0766, Test Node Loss: 0.1117, Test Reg Loss: 6.8596, Test MAPE: 14.0203, Test R: 0.8279, Test RRSE: 0.9272
2025-02-10 15:53:02,771:INFO:Epoch 147: Train Loss: 143.1825, Train Node Loss: 0.2196, Train Reg Loss: 1.4296, Train MAPE: 11.8534, Train R: 0.8830, Train RRSE: 0.4988, Test Loss: 367.6092, Test Node Loss: 0.1544, Test Reg Loss: 3.6745, Test MAPE: 12.7539, Test R: 0.8219, Test RRSE: 0.6786
2025-02-10 15:53:24,100:INFO:Epoch 148: Train Loss: 163.7347, Train Node Loss: 0.3015, Train Reg Loss: 1.6343, Train MAPE: 12.3635, Train R: 0.8667, Train RRSE: 0.5333, Test Loss: 1221.4032, Test Node Loss: 0.0748, Test Reg Loss: 12.2133, Test MAPE: 16.0447, Test R: 0.8253, Test RRSE: 1.2372
2025-02-10 15:53:45,275:INFO:Epoch 149: Train Loss: 160.3538, Train Node Loss: 0.1691, Train Reg Loss: 1.6018, Train MAPE: 11.7095, Train R: 0.8691, Train RRSE: 0.5280, Test Loss: 421.0298, Test Node Loss: 0.0781, Test Reg Loss: 4.2095, Test MAPE: 12.1755, Test R: 0.8180, Test RRSE: 0.7264
2025-02-10 15:54:06,540:INFO:Epoch 150: Train Loss: 168.1466, Train Node Loss: 0.1791, Train Reg Loss: 1.6797, Train MAPE: 11.8516, Train R: 0.8444, Train RRSE: 0.5407, Test Loss: 255.5177, Test Node Loss: 0.1109, Test Reg Loss: 2.5541, Test MAPE: 12.8026, Test R: 0.8286, Test RRSE: 0.5658
2025-02-10 15:54:27,667:INFO:Epoch 151: Train Loss: 138.9745, Train Node Loss: 0.1820, Train Reg Loss: 1.3879, Train MAPE: 11.9226, Train R: 0.8733, Train RRSE: 0.4915, Test Loss: 245.0776, Test Node Loss: 0.1008, Test Reg Loss: 2.4498, Test MAPE: 12.9015, Test R: 0.8346, Test RRSE: 0.5541
2025-02-10 15:54:27,702:INFO:Checkpoint saved at best_0.0008_0.001_256_SAGE_3_32_0.8346_epoch_151.pth
2025-02-10 15:54:48,589:INFO:Epoch 152: Train Loss: 135.0973, Train Node Loss: 0.1737, Train Reg Loss: 1.3492, Train MAPE: 12.0340, Train R: 0.8755, Train RRSE: 0.4846, Test Loss: 266.1911, Test Node Loss: 0.0966, Test Reg Loss: 2.6609, Test MAPE: 12.8256, Test R: 0.8341, Test RRSE: 0.5775
2025-02-10 15:55:09,795:INFO:Epoch 153: Train Loss: 125.9343, Train Node Loss: 0.1737, Train Reg Loss: 1.2576, Train MAPE: 11.8891, Train R: 0.8852, Train RRSE: 0.4678, Test Loss: 257.0943, Test Node Loss: 0.1063, Test Reg Loss: 2.5699, Test MAPE: 12.7849, Test R: 0.8330, Test RRSE: 0.5675
2025-02-10 15:55:31,163:INFO:Epoch 154: Train Loss: 136.8883, Train Node Loss: 0.1835, Train Reg Loss: 1.3670, Train MAPE: 11.9285, Train R: 0.8733, Train RRSE: 0.4878, Test Loss: 480.0434, Test Node Loss: 0.0867, Test Reg Loss: 4.7996, Test MAPE: 13.3036, Test R: 0.8327, Test RRSE: 0.7756
2025-02-10 15:55:52,412:INFO:Epoch 155: Train Loss: 135.7168, Train Node Loss: 0.2093, Train Reg Loss: 1.3551, Train MAPE: 12.2418, Train R: 0.8781, Train RRSE: 0.4856, Test Loss: 502.7870, Test Node Loss: 0.0909, Test Reg Loss: 5.0270, Test MAPE: 13.4107, Test R: 0.8314, Test RRSE: 0.7938
2025-02-10 15:56:13,608:INFO:Epoch 156: Train Loss: 150.6513, Train Node Loss: 0.1727, Train Reg Loss: 1.5048, Train MAPE: 11.7297, Train R: 0.8676, Train RRSE: 0.5117, Test Loss: 537.0548, Test Node Loss: 0.0909, Test Reg Loss: 5.3696, Test MAPE: 13.0066, Test R: 0.8262, Test RRSE: 0.8204
2025-02-10 15:56:34,864:INFO:Epoch 157: Train Loss: 138.5085, Train Node Loss: 0.2152, Train Reg Loss: 1.3829, Train MAPE: 12.1371, Train R: 0.8833, Train RRSE: 0.4906, Test Loss: 590.6343, Test Node Loss: 0.0767, Test Reg Loss: 5.9056, Test MAPE: 13.4111, Test R: 0.8297, Test RRSE: 0.8603
2025-02-10 15:56:56,225:INFO:Epoch 158: Train Loss: 148.0633, Train Node Loss: 0.1597, Train Reg Loss: 1.4790, Train MAPE: 11.8291, Train R: 0.8641, Train RRSE: 0.5073, Test Loss: 396.4080, Test Node Loss: 0.0708, Test Reg Loss: 3.9634, Test MAPE: 13.0084, Test R: 0.8321, Test RRSE: 0.7048
2025-02-10 15:57:17,383:INFO:Epoch 159: Train Loss: 137.9296, Train Node Loss: 0.1637, Train Reg Loss: 1.3777, Train MAPE: 12.0851, Train R: 0.8740, Train RRSE: 0.4896, Test Loss: 435.0613, Test Node Loss: 0.0719, Test Reg Loss: 4.3499, Test MAPE: 13.0384, Test R: 0.8287, Test RRSE: 0.7384
2025-02-10 15:57:38,693:INFO:Epoch 160: Train Loss: 152.1599, Train Node Loss: 0.1399, Train Reg Loss: 1.5202, Train MAPE: 11.7884, Train R: 0.8666, Train RRSE: 0.5144, Test Loss: 1032.8753, Test Node Loss: 0.0551, Test Reg Loss: 10.3282, Test MAPE: 15.0440, Test R: 0.8266, Test RRSE: 1.1378
2025-02-10 15:58:00,014:INFO:Epoch 161: Train Loss: 137.8666, Train Node Loss: 0.1696, Train Reg Loss: 1.3770, Train MAPE: 12.2009, Train R: 0.8823, Train RRSE: 0.4895, Test Loss: 581.5741, Test Node Loss: 0.0628, Test Reg Loss: 5.8151, Test MAPE: 13.5040, Test R: 0.8315, Test RRSE: 0.8537
2025-02-10 15:58:21,403:INFO:Epoch 162: Train Loss: 134.3566, Train Node Loss: 0.1339, Train Reg Loss: 1.3422, Train MAPE: 11.8692, Train R: 0.8828, Train RRSE: 0.4833, Test Loss: 258.5456, Test Node Loss: 0.0845, Test Reg Loss: 2.5846, Test MAPE: 12.8340, Test R: 0.8288, Test RRSE: 0.5692
2025-02-10 15:58:42,796:INFO:Epoch 163: Train Loss: 145.3626, Train Node Loss: 0.1620, Train Reg Loss: 1.4520, Train MAPE: 12.1950, Train R: 0.8723, Train RRSE: 0.5027, Test Loss: 250.4923, Test Node Loss: 0.0884, Test Reg Loss: 2.5040, Test MAPE: 13.0853, Test R: 0.8294, Test RRSE: 0.5602
2025-02-10 15:59:04,043:INFO:Epoch 164: Train Loss: 142.2956, Train Node Loss: 0.1300, Train Reg Loss: 1.4217, Train MAPE: 11.8898, Train R: 0.8744, Train RRSE: 0.4974, Test Loss: 340.8280, Test Node Loss: 0.0673, Test Reg Loss: 3.4076, Test MAPE: 12.7850, Test R: 0.8292, Test RRSE: 0.6535
2025-02-10 15:59:25,315:INFO:Epoch 165: Train Loss: 129.2116, Train Node Loss: 0.1460, Train Reg Loss: 1.2907, Train MAPE: 12.0145, Train R: 0.8876, Train RRSE: 0.4739, Test Loss: 394.1647, Test Node Loss: 0.0592, Test Reg Loss: 3.9411, Test MAPE: 12.5418, Test R: 0.8298, Test RRSE: 0.7028
2025-02-10 15:59:46,821:INFO:Epoch 166: Train Loss: 138.7194, Train Node Loss: 0.1287, Train Reg Loss: 1.3859, Train MAPE: 11.8993, Train R: 0.8721, Train RRSE: 0.4911, Test Loss: 455.2693, Test Node Loss: 0.0549, Test Reg Loss: 4.5521, Test MAPE: 13.1684, Test R: 0.8295, Test RRSE: 0.7553
2025-02-10 16:00:08,011:INFO:Epoch 167: Train Loss: 126.9833, Train Node Loss: 0.1310, Train Reg Loss: 1.2685, Train MAPE: 12.0286, Train R: 0.8829, Train RRSE: 0.4698, Test Loss: 408.1377, Test Node Loss: 0.0592, Test Reg Loss: 4.0808, Test MAPE: 12.8170, Test R: 0.8290, Test RRSE: 0.7152
2025-02-10 16:00:29,117:INFO:Epoch 168: Train Loss: 153.5150, Train Node Loss: 0.1221, Train Reg Loss: 1.5339, Train MAPE: 11.8147, Train R: 0.8594, Train RRSE: 0.5167, Test Loss: 663.1453, Test Node Loss: 0.0499, Test Reg Loss: 6.6310, Test MAPE: 13.6127, Test R: 0.8275, Test RRSE: 0.9116
2025-02-10 16:00:50,432:INFO:Epoch 169: Train Loss: 153.7695, Train Node Loss: 0.1450, Train Reg Loss: 1.5362, Train MAPE: 12.4248, Train R: 0.8742, Train RRSE: 0.5171, Test Loss: 698.6095, Test Node Loss: 0.0461, Test Reg Loss: 6.9856, Test MAPE: 13.8159, Test R: 0.8271, Test RRSE: 0.9357
2025-02-10 16:01:11,784:INFO:Epoch 170: Train Loss: 135.9097, Train Node Loss: 0.1053, Train Reg Loss: 1.3580, Train MAPE: 11.5451, Train R: 0.8879, Train RRSE: 0.4861, Test Loss: 709.2360, Test Node Loss: 0.0398, Test Reg Loss: 7.0920, Test MAPE: 13.7170, Test R: 0.8242, Test RRSE: 0.9428
2025-02-10 16:01:33,047:INFO:Epoch 171: Train Loss: 140.1276, Train Node Loss: 0.1230, Train Reg Loss: 1.4000, Train MAPE: 12.2532, Train R: 0.8747, Train RRSE: 0.4936, Test Loss: 381.5719, Test Node Loss: 0.0505, Test Reg Loss: 3.8152, Test MAPE: 13.0203, Test R: 0.8289, Test RRSE: 0.6915
2025-02-10 16:01:54,354:INFO:Epoch 172: Train Loss: 126.0305, Train Node Loss: 0.1012, Train Reg Loss: 1.2593, Train MAPE: 11.8330, Train R: 0.8870, Train RRSE: 0.4681, Test Loss: 468.0183, Test Node Loss: 0.0406, Test Reg Loss: 4.6798, Test MAPE: 12.9920, Test R: 0.8287, Test RRSE: 0.7659
2025-02-10 16:02:15,636:INFO:Epoch 173: Train Loss: 133.5159, Train Node Loss: 0.1035, Train Reg Loss: 1.3341, Train MAPE: 12.0751, Train R: 0.8766, Train RRSE: 0.4818, Test Loss: 333.6766, Test Node Loss: 0.0473, Test Reg Loss: 3.3363, Test MAPE: 12.7772, Test R: 0.8291, Test RRSE: 0.6466
2025-02-10 16:02:36,811:INFO:Epoch 174: Train Loss: 128.7936, Train Node Loss: 0.0976, Train Reg Loss: 1.2870, Train MAPE: 12.0825, Train R: 0.8813, Train RRSE: 0.4733, Test Loss: 358.8988, Test Node Loss: 0.0431, Test Reg Loss: 3.5886, Test MAPE: 12.7643, Test R: 0.8268, Test RRSE: 0.6706
2025-02-10 16:02:57,998:INFO:Epoch 175: Train Loss: 125.6922, Train Node Loss: 0.1015, Train Reg Loss: 1.2559, Train MAPE: 12.1750, Train R: 0.8856, Train RRSE: 0.4675, Test Loss: 475.2311, Test Node Loss: 0.0398, Test Reg Loss: 4.7519, Test MAPE: 13.2836, Test R: 0.8305, Test RRSE: 0.7717
2025-02-10 16:03:19,178:INFO:Epoch 176: Train Loss: 139.1806, Train Node Loss: 0.0902, Train Reg Loss: 1.3909, Train MAPE: 11.8564, Train R: 0.8735, Train RRSE: 0.4920, Test Loss: 633.2318, Test Node Loss: 0.0369, Test Reg Loss: 6.3319, Test MAPE: 13.5741, Test R: 0.8268, Test RRSE: 0.8908
2025-02-10 16:03:40,519:INFO:Epoch 177: Train Loss: 139.7375, Train Node Loss: 0.1019, Train Reg Loss: 1.3964, Train MAPE: 12.0583, Train R: 0.8745, Train RRSE: 0.4930, Test Loss: 328.2237, Test Node Loss: 0.0430, Test Reg Loss: 3.2818, Test MAPE: 12.8925, Test R: 0.8261, Test RRSE: 0.6413
2025-02-10 16:04:01,646:INFO:Epoch 178: Train Loss: 144.8041, Train Node Loss: 0.0895, Train Reg Loss: 1.4471, Train MAPE: 11.9682, Train R: 0.8707, Train RRSE: 0.5018, Test Loss: 254.6312, Test Node Loss: 0.0520, Test Reg Loss: 2.5458, Test MAPE: 13.3148, Test R: 0.8252, Test RRSE: 0.5649
2025-02-10 16:04:22,902:INFO:Epoch 179: Train Loss: 135.3748, Train Node Loss: 0.0972, Train Reg Loss: 1.3528, Train MAPE: 12.1601, Train R: 0.8755, Train RRSE: 0.4852, Test Loss: 453.1638, Test Node Loss: 0.0378, Test Reg Loss: 4.5313, Test MAPE: 13.1225, Test R: 0.8274, Test RRSE: 0.7536
2025-02-10 16:04:44,003:INFO:Epoch 180: Train Loss: 111.4844, Train Node Loss: 0.0899, Train Reg Loss: 1.1139, Train MAPE: 12.0352, Train R: 0.8983, Train RRSE: 0.4403, Test Loss: 510.4174, Test Node Loss: 0.0354, Test Reg Loss: 5.1038, Test MAPE: 12.9658, Test R: 0.8283, Test RRSE: 0.7998
2025-02-10 16:05:05,330:INFO:Epoch 181: Train Loss: 125.6783, Train Node Loss: 0.0915, Train Reg Loss: 1.2559, Train MAPE: 12.0048, Train R: 0.8858, Train RRSE: 0.4675, Test Loss: 439.7532, Test Node Loss: 0.0364, Test Reg Loss: 4.3972, Test MAPE: 13.1500, Test R: 0.8291, Test RRSE: 0.7424
2025-02-10 16:05:26,716:INFO:Epoch 182: Train Loss: 135.8855, Train Node Loss: 0.0840, Train Reg Loss: 1.3580, Train MAPE: 11.9229, Train R: 0.8744, Train RRSE: 0.4861, Test Loss: 373.9579, Test Node Loss: 0.0374, Test Reg Loss: 3.7392, Test MAPE: 12.8933, Test R: 0.8263, Test RRSE: 0.6846
2025-02-10 16:05:48,111:INFO:Epoch 183: Train Loss: 128.6719, Train Node Loss: 0.0916, Train Reg Loss: 1.2858, Train MAPE: 12.1592, Train R: 0.8840, Train RRSE: 0.4730, Test Loss: 455.9410, Test Node Loss: 0.0354, Test Reg Loss: 4.5591, Test MAPE: 13.1439, Test R: 0.8286, Test RRSE: 0.7559
2025-02-10 16:06:09,377:INFO:Epoch 184: Train Loss: 120.4483, Train Node Loss: 0.0825, Train Reg Loss: 1.2037, Train MAPE: 11.8161, Train R: 0.8942, Train RRSE: 0.4577, Test Loss: 335.9123, Test Node Loss: 0.0395, Test Reg Loss: 3.3587, Test MAPE: 12.9895, Test R: 0.8266, Test RRSE: 0.6488
2025-02-10 16:06:30,515:INFO:Epoch 185: Train Loss: 127.8561, Train Node Loss: 0.0935, Train Reg Loss: 1.2776, Train MAPE: 12.3071, Train R: 0.8832, Train RRSE: 0.4715, Test Loss: 513.7507, Test Node Loss: 0.0347, Test Reg Loss: 5.1372, Test MAPE: 13.3764, Test R: 0.8270, Test RRSE: 0.8024
2025-02-10 16:06:51,715:INFO:Epoch 186: Train Loss: 139.3333, Train Node Loss: 0.0898, Train Reg Loss: 1.3924, Train MAPE: 11.9214, Train R: 0.8708, Train RRSE: 0.4923, Test Loss: 502.9995, Test Node Loss: 0.0365, Test Reg Loss: 5.0296, Test MAPE: 13.1408, Test R: 0.8255, Test RRSE: 0.7940
2025-02-10 16:07:13,053:INFO:Epoch 187: Train Loss: 129.1170, Train Node Loss: 0.0887, Train Reg Loss: 1.2903, Train MAPE: 11.8733, Train R: 0.8817, Train RRSE: 0.4739, Test Loss: 435.2225, Test Node Loss: 0.0371, Test Reg Loss: 4.3519, Test MAPE: 13.1083, Test R: 0.8290, Test RRSE: 0.7385
2025-02-10 16:07:34,401:INFO:Epoch 188: Train Loss: 141.1294, Train Node Loss: 0.0877, Train Reg Loss: 1.4104, Train MAPE: 11.8946, Train R: 0.8690, Train RRSE: 0.4954, Test Loss: 350.2764, Test Node Loss: 0.0386, Test Reg Loss: 3.5024, Test MAPE: 12.6930, Test R: 0.8267, Test RRSE: 0.6625
2025-02-10 16:07:55,673:INFO:Epoch 189: Train Loss: 155.1990, Train Node Loss: 0.0954, Train Reg Loss: 1.5510, Train MAPE: 12.1192, Train R: 0.8572, Train RRSE: 0.5195, Test Loss: 1132.2721, Test Node Loss: 0.0278, Test Reg Loss: 11.3224, Test MAPE: 15.6792, Test R: 0.8251, Test RRSE: 1.1913
2025-02-10 16:08:17,045:INFO:Epoch 190: Train Loss: 135.7464, Train Node Loss: 0.0793, Train Reg Loss: 1.3567, Train MAPE: 11.7298, Train R: 0.8813, Train RRSE: 0.4859, Test Loss: 769.1350, Test Node Loss: 0.0318, Test Reg Loss: 7.6910, Test MAPE: 13.7448, Test R: 0.8185, Test RRSE: 0.9818
2025-02-10 16:08:38,318:INFO:Epoch 191: Train Loss: 130.9900, Train Node Loss: 0.0883, Train Reg Loss: 1.3090, Train MAPE: 11.9701, Train R: 0.8821, Train RRSE: 0.4773, Test Loss: 369.4184, Test Node Loss: 0.0355, Test Reg Loss: 3.6938, Test MAPE: 13.0175, Test R: 0.8271, Test RRSE: 0.6804
2025-02-10 16:08:59,720:INFO:Epoch 192: Train Loss: 120.6984, Train Node Loss: 0.0824, Train Reg Loss: 1.2062, Train MAPE: 12.2639, Train R: 0.8898, Train RRSE: 0.4582, Test Loss: 248.2595, Test Node Loss: 0.0428, Test Reg Loss: 2.4822, Test MAPE: 13.1141, Test R: 0.8316, Test RRSE: 0.5578
2025-02-10 16:09:20,828:INFO:Epoch 193: Train Loss: 118.2951, Train Node Loss: 0.0887, Train Reg Loss: 1.1821, Train MAPE: 12.1853, Train R: 0.8944, Train RRSE: 0.4536, Test Loss: 437.5182, Test Node Loss: 0.0317, Test Reg Loss: 4.3749, Test MAPE: 12.9676, Test R: 0.8298, Test RRSE: 0.7405
2025-02-10 16:09:42,248:INFO:Epoch 194: Train Loss: 113.6557, Train Node Loss: 0.0761, Train Reg Loss: 1.1358, Train MAPE: 11.8803, Train R: 0.9012, Train RRSE: 0.4446, Test Loss: 370.7723, Test Node Loss: 0.0361, Test Reg Loss: 3.7074, Test MAPE: 12.7667, Test R: 0.8266, Test RRSE: 0.6817
2025-02-10 16:10:03,673:INFO:Epoch 195: Train Loss: 128.5655, Train Node Loss: 0.0886, Train Reg Loss: 1.2848, Train MAPE: 12.1344, Train R: 0.8880, Train RRSE: 0.4728, Test Loss: 612.4552, Test Node Loss: 0.0300, Test Reg Loss: 6.1243, Test MAPE: 13.6678, Test R: 0.8288, Test RRSE: 0.8761
2025-02-10 16:10:24,984:INFO:Epoch 196: Train Loss: 128.0339, Train Node Loss: 0.0718, Train Reg Loss: 1.2796, Train MAPE: 11.7991, Train R: 0.8932, Train RRSE: 0.4719, Test Loss: 605.2017, Test Node Loss: 0.0385, Test Reg Loss: 6.0516, Test MAPE: 13.3275, Test R: 0.8237, Test RRSE: 0.8709
2025-02-10 16:10:46,515:INFO:Epoch 197: Train Loss: 129.3733, Train Node Loss: 0.1174, Train Reg Loss: 1.2926, Train MAPE: 12.2457, Train R: 0.8935, Train RRSE: 0.4743, Test Loss: 819.0750, Test Node Loss: 0.0274, Test Reg Loss: 8.1905, Test MAPE: 14.5212, Test R: 0.8282, Test RRSE: 1.0132
2025-02-10 16:11:07,716:INFO:Epoch 198: Train Loss: 134.2258, Train Node Loss: 0.0698, Train Reg Loss: 1.3416, Train MAPE: 12.0516, Train R: 0.8825, Train RRSE: 0.4832, Test Loss: 370.9170, Test Node Loss: 0.0394, Test Reg Loss: 3.7088, Test MAPE: 12.9522, Test R: 0.8301, Test RRSE: 0.6818
2025-02-10 16:11:28,982:INFO:Epoch 199: Train Loss: 121.8523, Train Node Loss: 0.0814, Train Reg Loss: 1.2177, Train MAPE: 12.0224, Train R: 0.8896, Train RRSE: 0.4603, Test Loss: 360.1875, Test Node Loss: 0.0396, Test Reg Loss: 3.6015, Test MAPE: 12.6918, Test R: 0.8235, Test RRSE: 0.6719
2025-02-10 16:11:50,122:INFO:Epoch 200: Train Loss: 125.4111, Train Node Loss: 0.0849, Train Reg Loss: 1.2533, Train MAPE: 12.2879, Train R: 0.8861, Train RRSE: 0.4670, Test Loss: 689.3779, Test Node Loss: 0.0338, Test Reg Loss: 6.8934, Test MAPE: 14.1601, Test R: 0.8286, Test RRSE: 0.9295
2025-02-10 16:12:11,399:INFO:Epoch 201: Train Loss: 140.6784, Train Node Loss: 0.0737, Train Reg Loss: 1.4060, Train MAPE: 12.2309, Train R: 0.8713, Train RRSE: 0.4947, Test Loss: 819.0722, Test Node Loss: 0.0309, Test Reg Loss: 8.1904, Test MAPE: 14.3331, Test R: 0.8253, Test RRSE: 1.0132
2025-02-10 16:12:32,745:INFO:Epoch 202: Train Loss: 123.5051, Train Node Loss: 0.0700, Train Reg Loss: 1.2344, Train MAPE: 11.8591, Train R: 0.8882, Train RRSE: 0.4635, Test Loss: 314.1726, Test Node Loss: 0.0369, Test Reg Loss: 3.1414, Test MAPE: 13.0752, Test R: 0.8307, Test RRSE: 0.6275
2025-02-10 16:12:54,091:INFO:Epoch 203: Train Loss: 115.7866, Train Node Loss: 0.0743, Train Reg Loss: 1.1571, Train MAPE: 12.2165, Train R: 0.8943, Train RRSE: 0.4487, Test Loss: 248.2318, Test Node Loss: 0.0448, Test Reg Loss: 2.4819, Test MAPE: 13.2711, Test R: 0.8314, Test RRSE: 0.5577
2025-02-10 16:13:15,373:INFO:Epoch 204: Train Loss: 144.8322, Train Node Loss: 0.0671, Train Reg Loss: 1.4477, Train MAPE: 11.8823, Train R: 0.8678, Train RRSE: 0.5019, Test Loss: 590.6078, Test Node Loss: 0.0294, Test Reg Loss: 5.9058, Test MAPE: 13.1839, Test R: 0.8249, Test RRSE: 0.8603
2025-02-10 16:13:36,749:INFO:Epoch 205: Train Loss: 133.7174, Train Node Loss: 0.0760, Train Reg Loss: 1.3364, Train MAPE: 12.1969, Train R: 0.8893, Train RRSE: 0.4823, Test Loss: 744.7225, Test Node Loss: 0.0273, Test Reg Loss: 7.4470, Test MAPE: 14.4519, Test R: 0.8302, Test RRSE: 0.9661
2025-02-10 16:13:58,280:INFO:Epoch 206: Train Loss: 159.2924, Train Node Loss: 0.0618, Train Reg Loss: 1.5923, Train MAPE: 12.1064, Train R: 0.8619, Train RRSE: 0.5264, Test Loss: 375.8441, Test Node Loss: 0.0283, Test Reg Loss: 3.7582, Test MAPE: 12.5623, Test R: 0.8279, Test RRSE: 0.6863
2025-02-10 16:14:19,779:INFO:Epoch 207: Train Loss: 134.7919, Train Node Loss: 0.0659, Train Reg Loss: 1.3473, Train MAPE: 12.2000, Train R: 0.8821, Train RRSE: 0.4842, Test Loss: 379.4384, Test Node Loss: 0.0255, Test Reg Loss: 3.7941, Test MAPE: 12.8189, Test R: 0.8264, Test RRSE: 0.6896
2025-02-10 16:14:41,140:INFO:Epoch 208: Train Loss: 119.5075, Train Node Loss: 0.0572, Train Reg Loss: 1.1945, Train MAPE: 11.8702, Train R: 0.8950, Train RRSE: 0.4559, Test Loss: 367.8948, Test Node Loss: 0.0257, Test Reg Loss: 3.6787, Test MAPE: 12.7817, Test R: 0.8274, Test RRSE: 0.6790
2025-02-10 16:15:02,330:INFO:Epoch 209: Train Loss: 122.7339, Train Node Loss: 0.0620, Train Reg Loss: 1.2267, Train MAPE: 11.9569, Train R: 0.8877, Train RRSE: 0.4620, Test Loss: 379.4174, Test Node Loss: 0.0269, Test Reg Loss: 3.7939, Test MAPE: 13.0128, Test R: 0.8283, Test RRSE: 0.6896
2025-02-10 16:15:23,491:INFO:Epoch 210: Train Loss: 117.5050, Train Node Loss: 0.0631, Train Reg Loss: 1.1744, Train MAPE: 12.2418, Train R: 0.8920, Train RRSE: 0.4521, Test Loss: 406.8779, Test Node Loss: 0.0261, Test Reg Loss: 4.0685, Test MAPE: 13.0894, Test R: 0.8301, Test RRSE: 0.7141
2025-02-10 16:15:44,749:INFO:Epoch 211: Train Loss: 125.2658, Train Node Loss: 0.0623, Train Reg Loss: 1.2520, Train MAPE: 12.0017, Train R: 0.8857, Train RRSE: 0.4668, Test Loss: 483.7651, Test Node Loss: 0.0246, Test Reg Loss: 4.8374, Test MAPE: 13.1765, Test R: 0.8250, Test RRSE: 0.7786
2025-02-10 16:16:05,931:INFO:Epoch 212: Train Loss: 134.4410, Train Node Loss: 0.0583, Train Reg Loss: 1.3438, Train MAPE: 11.7811, Train R: 0.8791, Train RRSE: 0.4836, Test Loss: 465.5898, Test Node Loss: 0.0248, Test Reg Loss: 4.6556, Test MAPE: 13.0824, Test R: 0.8254, Test RRSE: 0.7639
2025-02-10 16:16:27,257:INFO:Epoch 213: Train Loss: 124.9384, Train Node Loss: 0.0618, Train Reg Loss: 1.2488, Train MAPE: 12.0670, Train R: 0.8848, Train RRSE: 0.4662, Test Loss: 311.8598, Test Node Loss: 0.0284, Test Reg Loss: 3.1183, Test MAPE: 12.9141, Test R: 0.8290, Test RRSE: 0.6252
2025-02-10 16:16:48,458:INFO:Epoch 214: Train Loss: 132.1189, Train Node Loss: 0.0657, Train Reg Loss: 1.3205, Train MAPE: 12.0705, Train R: 0.8807, Train RRSE: 0.4794, Test Loss: 422.9926, Test Node Loss: 0.0263, Test Reg Loss: 4.2297, Test MAPE: 13.2093, Test R: 0.8287, Test RRSE: 0.7281
2025-02-10 16:17:09,783:INFO:Epoch 215: Train Loss: 128.6388, Train Node Loss: 0.0596, Train Reg Loss: 1.2858, Train MAPE: 12.0336, Train R: 0.8827, Train RRSE: 0.4730, Test Loss: 793.0087, Test Node Loss: 0.0230, Test Reg Loss: 7.9299, Test MAPE: 14.2559, Test R: 0.8267, Test RRSE: 0.9969
2025-02-10 16:17:31,059:INFO:Epoch 216: Train Loss: 122.3076, Train Node Loss: 0.0641, Train Reg Loss: 1.2224, Train MAPE: 11.9829, Train R: 0.8903, Train RRSE: 0.4612, Test Loss: 426.8815, Test Node Loss: 0.0270, Test Reg Loss: 4.2685, Test MAPE: 13.0718, Test R: 0.8233, Test RRSE: 0.7314
2025-02-10 16:17:52,487:INFO:Epoch 217: Train Loss: 119.0106, Train Node Loss: 0.0602, Train Reg Loss: 1.1895, Train MAPE: 11.9740, Train R: 0.8921, Train RRSE: 0.4550, Test Loss: 334.1899, Test Node Loss: 0.0271, Test Reg Loss: 3.3416, Test MAPE: 12.9193, Test R: 0.8266, Test RRSE: 0.6472
2025-02-10 16:18:13,737:INFO:Epoch 218: Train Loss: 125.1737, Train Node Loss: 0.0656, Train Reg Loss: 1.2511, Train MAPE: 12.3419, Train R: 0.8867, Train RRSE: 0.4666, Test Loss: 541.9038, Test Node Loss: 0.0243, Test Reg Loss: 5.4188, Test MAPE: 13.7378, Test R: 0.8290, Test RRSE: 0.8241
2025-02-10 16:18:34,850:INFO:Epoch 219: Train Loss: 128.0243, Train Node Loss: 0.0606, Train Reg Loss: 1.2796, Train MAPE: 12.1412, Train R: 0.8819, Train RRSE: 0.4719, Test Loss: 491.2622, Test Node Loss: 0.0246, Test Reg Loss: 4.9124, Test MAPE: 13.3628, Test R: 0.8273, Test RRSE: 0.7847
2025-02-10 16:18:56,176:INFO:Epoch 220: Train Loss: 123.7931, Train Node Loss: 0.0579, Train Reg Loss: 1.2374, Train MAPE: 11.8580, Train R: 0.8883, Train RRSE: 0.4640, Test Loss: 445.1727, Test Node Loss: 0.0261, Test Reg Loss: 4.4515, Test MAPE: 13.2767, Test R: 0.8286, Test RRSE: 0.7469
2025-02-10 16:19:17,465:INFO:Epoch 221: Train Loss: 131.6558, Train Node Loss: 0.0663, Train Reg Loss: 1.3159, Train MAPE: 12.3926, Train R: 0.8887, Train RRSE: 0.4785, Test Loss: 665.6105, Test Node Loss: 0.0227, Test Reg Loss: 6.6559, Test MAPE: 14.0054, Test R: 0.8267, Test RRSE: 0.9134
2025-02-10 16:19:38,724:INFO:Epoch 222: Train Loss: 140.4815, Train Node Loss: 0.0548, Train Reg Loss: 1.4043, Train MAPE: 11.9574, Train R: 0.8774, Train RRSE: 0.4943, Test Loss: 673.9166, Test Node Loss: 0.0231, Test Reg Loss: 6.7389, Test MAPE: 13.8334, Test R: 0.8224, Test RRSE: 0.9190
2025-02-10 16:19:59,932:INFO:Epoch 223: Train Loss: 145.8880, Train Node Loss: 0.0601, Train Reg Loss: 1.4583, Train MAPE: 12.3580, Train R: 0.8686, Train RRSE: 0.5038, Test Loss: 485.4827, Test Node Loss: 0.0229, Test Reg Loss: 4.8546, Test MAPE: 13.6485, Test R: 0.8298, Test RRSE: 0.7800
2025-02-10 16:20:21,518:INFO:Epoch 224: Train Loss: 144.8815, Train Node Loss: 0.0520, Train Reg Loss: 1.4483, Train MAPE: 12.0015, Train R: 0.8669, Train RRSE: 0.5020, Test Loss: 269.7244, Test Node Loss: 0.0263, Test Reg Loss: 2.6970, Test MAPE: 12.7400, Test R: 0.8274, Test RRSE: 0.5814
2025-02-10 16:20:42,767:INFO:Epoch 225: Train Loss: 149.7794, Train Node Loss: 0.0492, Train Reg Loss: 1.4973, Train MAPE: 11.7755, Train R: 0.8686, Train RRSE: 0.5105, Test Loss: 521.4049, Test Node Loss: 0.0220, Test Reg Loss: 5.2138, Test MAPE: 13.5112, Test R: 0.8298, Test RRSE: 0.8084
2025-02-10 16:21:03,777:INFO:Epoch 226: Train Loss: 133.7041, Train Node Loss: 0.0552, Train Reg Loss: 1.3365, Train MAPE: 12.3762, Train R: 0.8880, Train RRSE: 0.4823, Test Loss: 408.7277, Test Node Loss: 0.0218, Test Reg Loss: 4.0871, Test MAPE: 13.1917, Test R: 0.8289, Test RRSE: 0.7157
2025-02-10 16:21:24,769:INFO:Epoch 227: Train Loss: 124.0910, Train Node Loss: 0.0458, Train Reg Loss: 1.2405, Train MAPE: 11.9935, Train R: 0.8917, Train RRSE: 0.4646, Test Loss: 494.7580, Test Node Loss: 0.0202, Test Reg Loss: 4.9474, Test MAPE: 13.2869, Test R: 0.8294, Test RRSE: 0.7875
2025-02-10 16:21:45,819:INFO:Epoch 228: Train Loss: 130.6316, Train Node Loss: 0.0500, Train Reg Loss: 1.3058, Train MAPE: 12.1814, Train R: 0.8834, Train RRSE: 0.4767, Test Loss: 538.6698, Test Node Loss: 0.0201, Test Reg Loss: 5.3865, Test MAPE: 13.6637, Test R: 0.8311, Test RRSE: 0.8217
2025-02-10 16:22:06,774:INFO:Epoch 229: Train Loss: 150.5956, Train Node Loss: 0.0453, Train Reg Loss: 1.5055, Train MAPE: 12.0132, Train R: 0.8599, Train RRSE: 0.5119, Test Loss: 391.8446, Test Node Loss: 0.0208, Test Reg Loss: 3.9182, Test MAPE: 12.6563, Test R: 0.8277, Test RRSE: 0.7008
2025-02-10 16:22:27,966:INFO:Epoch 230: Train Loss: 121.3699, Train Node Loss: 0.0446, Train Reg Loss: 1.2133, Train MAPE: 11.9185, Train R: 0.8896, Train RRSE: 0.4595, Test Loss: 533.0730, Test Node Loss: 0.0190, Test Reg Loss: 5.3305, Test MAPE: 13.3937, Test R: 0.8254, Test RRSE: 0.8174
2025-02-10 16:22:49,038:INFO:Epoch 231: Train Loss: 125.1754, Train Node Loss: 0.0461, Train Reg Loss: 1.2513, Train MAPE: 11.8933, Train R: 0.8847, Train RRSE: 0.4666, Test Loss: 318.5185, Test Node Loss: 0.0225, Test Reg Loss: 3.1850, Test MAPE: 12.7521, Test R: 0.8271, Test RRSE: 0.6318
2025-02-10 16:23:10,171:INFO:Epoch 232: Train Loss: 125.1658, Train Node Loss: 0.0491, Train Reg Loss: 1.2512, Train MAPE: 12.4767, Train R: 0.8885, Train RRSE: 0.4666, Test Loss: 713.9856, Test Node Loss: 0.0185, Test Reg Loss: 7.1397, Test MAPE: 14.2132, Test R: 0.8288, Test RRSE: 0.9460
2025-02-10 16:23:30,990:INFO:Epoch 233: Train Loss: 120.8764, Train Node Loss: 0.0444, Train Reg Loss: 1.2083, Train MAPE: 12.0298, Train R: 0.8918, Train RRSE: 0.4586, Test Loss: 310.4263, Test Node Loss: 0.0211, Test Reg Loss: 3.1041, Test MAPE: 12.6444, Test R: 0.8287, Test RRSE: 0.6237
2025-02-10 16:23:51,959:INFO:Epoch 234: Train Loss: 128.5282, Train Node Loss: 0.0454, Train Reg Loss: 1.2848, Train MAPE: 12.1173, Train R: 0.8812, Train RRSE: 0.4729, Test Loss: 412.3653, Test Node Loss: 0.0195, Test Reg Loss: 4.1235, Test MAPE: 12.9737, Test R: 0.8284, Test RRSE: 0.7189
2025-02-10 16:24:13,107:INFO:Epoch 235: Train Loss: 99.6273, Train Node Loss: 0.0462, Train Reg Loss: 0.9958, Train MAPE: 12.2134, Train R: 0.9100, Train RRSE: 0.4163, Test Loss: 470.8006, Test Node Loss: 0.0198, Test Reg Loss: 4.7078, Test MAPE: 13.3844, Test R: 0.8311, Test RRSE: 0.7681
2025-02-10 16:24:34,147:INFO:Epoch 236: Train Loss: 122.3305, Train Node Loss: 0.0446, Train Reg Loss: 1.2229, Train MAPE: 12.1254, Train R: 0.8883, Train RRSE: 0.4613, Test Loss: 483.5570, Test Node Loss: 0.0198, Test Reg Loss: 4.8354, Test MAPE: 13.3528, Test R: 0.8276, Test RRSE: 0.7785
2025-02-10 16:24:55,166:INFO:Epoch 237: Train Loss: 127.7837, Train Node Loss: 0.0468, Train Reg Loss: 1.2774, Train MAPE: 12.1134, Train R: 0.8867, Train RRSE: 0.4715, Test Loss: 513.2570, Test Node Loss: 0.0194, Test Reg Loss: 5.1324, Test MAPE: 13.4216, Test R: 0.8280, Test RRSE: 0.8020
2025-02-10 16:25:16,165:INFO:Epoch 238: Train Loss: 122.6850, Train Node Loss: 0.0446, Train Reg Loss: 1.2264, Train MAPE: 12.0259, Train R: 0.8904, Train RRSE: 0.4620, Test Loss: 348.2174, Test Node Loss: 0.0222, Test Reg Loss: 3.4820, Test MAPE: 12.8700, Test R: 0.8277, Test RRSE: 0.6606
2025-02-10 16:25:37,199:INFO:Epoch 239: Train Loss: 128.6536, Train Node Loss: 0.0482, Train Reg Loss: 1.2861, Train MAPE: 12.1277, Train R: 0.8833, Train RRSE: 0.4731, Test Loss: 399.4875, Test Node Loss: 0.0208, Test Reg Loss: 3.9947, Test MAPE: 12.9862, Test R: 0.8270, Test RRSE: 0.7076
2025-02-10 16:25:58,100:INFO:Epoch 240: Train Loss: 127.5832, Train Node Loss: 0.0451, Train Reg Loss: 1.2754, Train MAPE: 11.9549, Train R: 0.8854, Train RRSE: 0.4711, Test Loss: 390.0917, Test Node Loss: 0.0213, Test Reg Loss: 3.9007, Test MAPE: 13.0231, Test R: 0.8256, Test RRSE: 0.6992
2025-02-10 16:26:19,238:INFO:Epoch 241: Train Loss: 135.5716, Train Node Loss: 0.0483, Train Reg Loss: 1.3552, Train MAPE: 12.2187, Train R: 0.8758, Train RRSE: 0.4856, Test Loss: 424.3492, Test Node Loss: 0.0197, Test Reg Loss: 4.2433, Test MAPE: 13.1666, Test R: 0.8250, Test RRSE: 0.7293
2025-02-10 16:26:40,301:INFO:Epoch 242: Train Loss: 134.6660, Train Node Loss: 0.0472, Train Reg Loss: 1.3462, Train MAPE: 12.1796, Train R: 0.8752, Train RRSE: 0.4840, Test Loss: 402.5636, Test Node Loss: 0.0204, Test Reg Loss: 4.0254, Test MAPE: 13.0028, Test R: 0.8275, Test RRSE: 0.7103
2025-02-10 16:27:01,319:INFO:Epoch 243: Train Loss: 123.2258, Train Node Loss: 0.0446, Train Reg Loss: 1.2318, Train MAPE: 12.0518, Train R: 0.8909, Train RRSE: 0.4630, Test Loss: 463.5210, Test Node Loss: 0.0205, Test Reg Loss: 4.6350, Test MAPE: 13.0597, Test R: 0.8284, Test RRSE: 0.7622
2025-02-10 16:27:22,313:INFO:Epoch 244: Train Loss: 125.4488, Train Node Loss: 0.0486, Train Reg Loss: 1.2540, Train MAPE: 11.9933, Train R: 0.8858, Train RRSE: 0.4672, Test Loss: 365.5145, Test Node Loss: 0.0215, Test Reg Loss: 3.6549, Test MAPE: 12.7073, Test R: 0.8283, Test RRSE: 0.6768
2025-02-10 16:27:43,568:INFO:Epoch 245: Train Loss: 122.3205, Train Node Loss: 0.0508, Train Reg Loss: 1.2227, Train MAPE: 12.3210, Train R: 0.8896, Train RRSE: 0.4613, Test Loss: 357.8974, Test Node Loss: 0.0217, Test Reg Loss: 3.5788, Test MAPE: 13.2519, Test R: 0.8301, Test RRSE: 0.6697
2025-02-10 16:28:04,820:INFO:Epoch 246: Train Loss: 128.2895, Train Node Loss: 0.0455, Train Reg Loss: 1.2824, Train MAPE: 12.0314, Train R: 0.8881, Train RRSE: 0.4724, Test Loss: 520.3358, Test Node Loss: 0.0202, Test Reg Loss: 5.2032, Test MAPE: 12.9543, Test R: 0.8273, Test RRSE: 0.8075
2025-02-10 16:28:25,810:INFO:Epoch 247: Train Loss: 124.5542, Train Node Loss: 0.0509, Train Reg Loss: 1.2450, Train MAPE: 12.0034, Train R: 0.8921, Train RRSE: 0.4655, Test Loss: 548.5065, Test Node Loss: 0.0202, Test Reg Loss: 5.4849, Test MAPE: 13.2736, Test R: 0.8290, Test RRSE: 0.8291
2025-02-10 16:28:46,901:INFO:Epoch 248: Train Loss: 134.4398, Train Node Loss: 0.0468, Train Reg Loss: 1.3439, Train MAPE: 12.0845, Train R: 0.8786, Train RRSE: 0.4836, Test Loss: 423.7650, Test Node Loss: 0.0213, Test Reg Loss: 4.2374, Test MAPE: 12.9878, Test R: 0.8282, Test RRSE: 0.7288
2025-02-10 16:29:07,962:INFO:Epoch 249: Train Loss: 127.1780, Train Node Loss: 0.0509, Train Reg Loss: 1.2713, Train MAPE: 12.2360, Train R: 0.8909, Train RRSE: 0.4704, Test Loss: 466.6171, Test Node Loss: 0.0196, Test Reg Loss: 4.6660, Test MAPE: 13.1894, Test R: 0.8265, Test RRSE: 0.7647
2025-02-10 16:29:29,016:INFO:Epoch 250: Train Loss: 126.2446, Train Node Loss: 0.0433, Train Reg Loss: 1.2620, Train MAPE: 11.9209, Train R: 0.8943, Train RRSE: 0.4686, Test Loss: 348.3260, Test Node Loss: 0.0202, Test Reg Loss: 3.4831, Test MAPE: 12.9473, Test R: 0.8270, Test RRSE: 0.6607
2025-02-10 16:29:50,149:INFO:Epoch 251: Train Loss: 112.4546, Train Node Loss: 0.0468, Train Reg Loss: 1.1241, Train MAPE: 12.0380, Train R: 0.8985, Train RRSE: 0.4423, Test Loss: 357.1730, Test Node Loss: 0.0204, Test Reg Loss: 3.5715, Test MAPE: 12.8159, Test R: 0.8244, Test RRSE: 0.6691
2025-02-10 16:30:11,224:INFO:Epoch 252: Train Loss: 134.7437, Train Node Loss: 0.0472, Train Reg Loss: 1.3470, Train MAPE: 11.9640, Train R: 0.8761, Train RRSE: 0.4842, Test Loss: 486.9478, Test Node Loss: 0.0201, Test Reg Loss: 4.8693, Test MAPE: 13.5580, Test R: 0.8297, Test RRSE: 0.7812
2025-02-10 16:30:32,241:INFO:Epoch 253: Train Loss: 114.1792, Train Node Loss: 0.0464, Train Reg Loss: 1.1413, Train MAPE: 12.1462, Train R: 0.8955, Train RRSE: 0.4457, Test Loss: 371.2658, Test Node Loss: 0.0212, Test Reg Loss: 3.7124, Test MAPE: 13.0068, Test R: 0.8289, Test RRSE: 0.6821
2025-02-10 16:30:53,076:INFO:Epoch 254: Train Loss: 118.9414, Train Node Loss: 0.0479, Train Reg Loss: 1.1889, Train MAPE: 12.1831, Train R: 0.8926, Train RRSE: 0.4549, Test Loss: 538.4029, Test Node Loss: 0.0193, Test Reg Loss: 5.3838, Test MAPE: 13.3751, Test R: 0.8241, Test RRSE: 0.8215
2025-02-10 16:31:14,049:INFO:Epoch 255: Train Loss: 128.1363, Train Node Loss: 0.0413, Train Reg Loss: 1.2809, Train MAPE: 11.7136, Train R: 0.8967, Train RRSE: 0.4721, Test Loss: 774.1403, Test Node Loss: 0.0191, Test Reg Loss: 7.7412, Test MAPE: 14.1164, Test R: 0.8217, Test RRSE: 0.9850
2025-02-10 16:31:35,044:INFO:Epoch 256: Train Loss: 126.5353, Train Node Loss: 0.0489, Train Reg Loss: 1.2649, Train MAPE: 12.5028, Train R: 0.9003, Train RRSE: 0.4692, Test Loss: 298.3472, Test Node Loss: 0.0214, Test Reg Loss: 2.9833, Test MAPE: 13.2086, Test R: 0.8313, Test RRSE: 0.6115
2025-02-10 16:31:55,922:INFO:Epoch 257: Train Loss: 122.6381, Train Node Loss: 0.0428, Train Reg Loss: 1.2260, Train MAPE: 12.1555, Train R: 0.8896, Train RRSE: 0.4619, Test Loss: 301.1636, Test Node Loss: 0.0241, Test Reg Loss: 3.0114, Test MAPE: 13.9827, Test R: 0.8289, Test RRSE: 0.6144
2025-02-10 16:32:16,739:INFO:Epoch 258: Train Loss: 122.0419, Train Node Loss: 0.0433, Train Reg Loss: 1.2200, Train MAPE: 12.0593, Train R: 0.8879, Train RRSE: 0.4608, Test Loss: 373.5690, Test Node Loss: 0.0196, Test Reg Loss: 3.7355, Test MAPE: 12.7014, Test R: 0.8257, Test RRSE: 0.6842
2025-02-10 16:32:37,651:INFO:Epoch 259: Train Loss: 114.7792, Train Node Loss: 0.0430, Train Reg Loss: 1.1474, Train MAPE: 12.1407, Train R: 0.8959, Train RRSE: 0.4468, Test Loss: 495.0171, Test Node Loss: 0.0184, Test Reg Loss: 4.9500, Test MAPE: 13.4061, Test R: 0.8297, Test RRSE: 0.7877
2025-02-10 16:32:58,490:INFO:Epoch 260: Train Loss: 130.7977, Train Node Loss: 0.0391, Train Reg Loss: 1.3076, Train MAPE: 11.9602, Train R: 0.8866, Train RRSE: 0.4770, Test Loss: 285.2526, Test Node Loss: 0.0200, Test Reg Loss: 2.8523, Test MAPE: 12.7248, Test R: 0.8268, Test RRSE: 0.5979
2025-02-10 16:33:19,160:INFO:Epoch 261: Train Loss: 128.4472, Train Node Loss: 0.0445, Train Reg Loss: 1.2840, Train MAPE: 12.3324, Train R: 0.8931, Train RRSE: 0.4727, Test Loss: 707.4534, Test Node Loss: 0.0170, Test Reg Loss: 7.0744, Test MAPE: 14.0774, Test R: 0.8272, Test RRSE: 0.9416
2025-02-10 16:33:40,038:INFO:Epoch 262: Train Loss: 146.7693, Train Node Loss: 0.0361, Train Reg Loss: 1.4673, Train MAPE: 11.8993, Train R: 0.8698, Train RRSE: 0.5053, Test Loss: 598.6470, Test Node Loss: 0.0172, Test Reg Loss: 5.9863, Test MAPE: 13.7111, Test R: 0.8254, Test RRSE: 0.8662
2025-02-10 16:34:00,797:INFO:Epoch 263: Train Loss: 118.0300, Train Node Loss: 0.0367, Train Reg Loss: 1.1799, Train MAPE: 12.0743, Train R: 0.8923, Train RRSE: 0.4531, Test Loss: 346.6690, Test Node Loss: 0.0180, Test Reg Loss: 3.4665, Test MAPE: 13.1071, Test R: 0.8278, Test RRSE: 0.6591
2025-02-10 16:34:21,659:INFO:Epoch 264: Train Loss: 128.2866, Train Node Loss: 0.0361, Train Reg Loss: 1.2825, Train MAPE: 12.0407, Train R: 0.8814, Train RRSE: 0.4724, Test Loss: 253.9398, Test Node Loss: 0.0194, Test Reg Loss: 2.5392, Test MAPE: 13.1255, Test R: 0.8278, Test RRSE: 0.5641
2025-02-10 16:34:42,632:INFO:Epoch 265: Train Loss: 115.6664, Train Node Loss: 0.0373, Train Reg Loss: 1.1563, Train MAPE: 12.1871, Train R: 0.8938, Train RRSE: 0.4486, Test Loss: 327.0216, Test Node Loss: 0.0184, Test Reg Loss: 3.2700, Test MAPE: 12.8994, Test R: 0.8263, Test RRSE: 0.6402
2025-02-10 16:35:03,615:INFO:Epoch 266: Train Loss: 124.9012, Train Node Loss: 0.0387, Train Reg Loss: 1.2486, Train MAPE: 12.0504, Train R: 0.8850, Train RRSE: 0.4661, Test Loss: 472.7087, Test Node Loss: 0.0174, Test Reg Loss: 4.7269, Test MAPE: 13.1376, Test R: 0.8254, Test RRSE: 0.7697
2025-02-10 16:35:24,473:INFO:Epoch 267: Train Loss: 114.4194, Train Node Loss: 0.0382, Train Reg Loss: 1.1438, Train MAPE: 12.0512, Train R: 0.8958, Train RRSE: 0.4462, Test Loss: 426.1109, Test Node Loss: 0.0181, Test Reg Loss: 4.2609, Test MAPE: 13.1349, Test R: 0.8269, Test RRSE: 0.7308
2025-02-10 16:35:45,376:INFO:Epoch 268: Train Loss: 109.4599, Train Node Loss: 0.0387, Train Reg Loss: 1.0942, Train MAPE: 11.9529, Train R: 0.9008, Train RRSE: 0.4364, Test Loss: 574.1458, Test Node Loss: 0.0175, Test Reg Loss: 5.7413, Test MAPE: 13.3884, Test R: 0.8258, Test RRSE: 0.8483
2025-02-10 16:36:06,206:INFO:Epoch 269: Train Loss: 102.1951, Train Node Loss: 0.0406, Train Reg Loss: 1.0215, Train MAPE: 12.1769, Train R: 0.9078, Train RRSE: 0.4216, Test Loss: 516.3027, Test Node Loss: 0.0180, Test Reg Loss: 5.1628, Test MAPE: 13.4701, Test R: 0.8253, Test RRSE: 0.8044
2025-02-10 16:36:27,270:INFO:Epoch 270: Train Loss: 117.1316, Train Node Loss: 0.0389, Train Reg Loss: 1.1709, Train MAPE: 12.2705, Train R: 0.8934, Train RRSE: 0.4514, Test Loss: 563.0697, Test Node Loss: 0.0178, Test Reg Loss: 5.6305, Test MAPE: 13.7889, Test R: 0.8266, Test RRSE: 0.8401
2025-02-10 16:36:48,410:INFO:Epoch 271: Train Loss: 107.1436, Train Node Loss: 0.0393, Train Reg Loss: 1.0710, Train MAPE: 12.0854, Train R: 0.9031, Train RRSE: 0.4317, Test Loss: 422.3538, Test Node Loss: 0.0182, Test Reg Loss: 4.2234, Test MAPE: 13.1746, Test R: 0.8280, Test RRSE: 0.7276
2025-02-10 16:37:09,470:INFO:Epoch 272: Train Loss: 118.8219, Train Node Loss: 0.0378, Train Reg Loss: 1.1878, Train MAPE: 12.1176, Train R: 0.8924, Train RRSE: 0.4547, Test Loss: 675.2385, Test Node Loss: 0.0171, Test Reg Loss: 6.7522, Test MAPE: 14.1557, Test R: 0.8283, Test RRSE: 0.9199
2025-02-10 16:37:30,483:INFO:Epoch 273: Train Loss: 112.4323, Train Node Loss: 0.0414, Train Reg Loss: 1.1239, Train MAPE: 12.1535, Train R: 0.8987, Train RRSE: 0.4423, Test Loss: 513.8567, Test Node Loss: 0.0184, Test Reg Loss: 5.1384, Test MAPE: 13.3276, Test R: 0.8264, Test RRSE: 0.8025
2025-02-10 16:37:51,581:INFO:Epoch 274: Train Loss: 114.3182, Train Node Loss: 0.0400, Train Reg Loss: 1.1428, Train MAPE: 12.0460, Train R: 0.8961, Train RRSE: 0.4460, Test Loss: 571.5794, Test Node Loss: 0.0179, Test Reg Loss: 5.7156, Test MAPE: 13.5618, Test R: 0.8247, Test RRSE: 0.8464
2025-02-10 16:38:12,481:INFO:Epoch 275: Train Loss: 122.6079, Train Node Loss: 0.0394, Train Reg Loss: 1.2257, Train MAPE: 12.1178, Train R: 0.8903, Train RRSE: 0.4618, Test Loss: 282.9711, Test Node Loss: 0.0216, Test Reg Loss: 2.8295, Test MAPE: 13.2121, Test R: 0.8283, Test RRSE: 0.5955
2025-02-10 16:38:33,572:INFO:Epoch 276: Train Loss: 106.6239, Train Node Loss: 0.0446, Train Reg Loss: 1.0658, Train MAPE: 12.5128, Train R: 0.9088, Train RRSE: 0.4307, Test Loss: 559.8151, Test Node Loss: 0.0180, Test Reg Loss: 5.5980, Test MAPE: 13.5857, Test R: 0.8260, Test RRSE: 0.8376
2025-02-10 16:38:54,779:INFO:Epoch 277: Train Loss: 125.5934, Train Node Loss: 0.0385, Train Reg Loss: 1.2555, Train MAPE: 12.0392, Train R: 0.8849, Train RRSE: 0.4674, Test Loss: 964.3876, Test Node Loss: 0.0166, Test Reg Loss: 9.6437, Test MAPE: 14.8648, Test R: 0.8169, Test RRSE: 1.0994
2025-02-10 16:39:15,706:INFO:Epoch 278: Train Loss: 109.4693, Train Node Loss: 0.0382, Train Reg Loss: 1.0943, Train MAPE: 12.0246, Train R: 0.9006, Train RRSE: 0.4364, Test Loss: 573.2383, Test Node Loss: 0.0179, Test Reg Loss: 5.7322, Test MAPE: 13.6329, Test R: 0.8237, Test RRSE: 0.8476
2025-02-10 16:39:36,691:INFO:Epoch 279: Train Loss: 134.1013, Train Node Loss: 0.0412, Train Reg Loss: 1.3406, Train MAPE: 12.3366, Train R: 0.8781, Train RRSE: 0.4830, Test Loss: 300.0279, Test Node Loss: 0.0200, Test Reg Loss: 3.0001, Test MAPE: 12.9730, Test R: 0.8269, Test RRSE: 0.6132
2025-02-10 16:39:57,648:INFO:Epoch 280: Train Loss: 116.2152, Train Node Loss: 0.0386, Train Reg Loss: 1.1618, Train MAPE: 11.9842, Train R: 0.8969, Train RRSE: 0.4496, Test Loss: 343.5441, Test Node Loss: 0.0195, Test Reg Loss: 3.4352, Test MAPE: 12.8873, Test R: 0.8254, Test RRSE: 0.6562
2025-02-10 16:40:18,690:INFO:Epoch 281: Train Loss: 110.1982, Train Node Loss: 0.0411, Train Reg Loss: 1.1016, Train MAPE: 12.2425, Train R: 0.8998, Train RRSE: 0.4378, Test Loss: 364.7996, Test Node Loss: 0.0192, Test Reg Loss: 3.6478, Test MAPE: 13.0772, Test R: 0.8291, Test RRSE: 0.6762
2025-02-10 16:40:39,500:INFO:Epoch 282: Train Loss: 110.7076, Train Node Loss: 0.0418, Train Reg Loss: 1.1067, Train MAPE: 11.9965, Train R: 0.8994, Train RRSE: 0.4388, Test Loss: 392.0177, Test Node Loss: 0.0191, Test Reg Loss: 3.9200, Test MAPE: 12.8685, Test R: 0.8200, Test RRSE: 0.7009
2025-02-10 16:41:00,579:INFO:Epoch 283: Train Loss: 119.1746, Train Node Loss: 0.0420, Train Reg Loss: 1.1913, Train MAPE: 12.0245, Train R: 0.8911, Train RRSE: 0.4553, Test Loss: 427.6028, Test Node Loss: 0.0192, Test Reg Loss: 4.2758, Test MAPE: 13.2445, Test R: 0.8273, Test RRSE: 0.7321
2025-02-10 16:41:21,583:INFO:Epoch 284: Train Loss: 108.7748, Train Node Loss: 0.0437, Train Reg Loss: 1.0873, Train MAPE: 12.2455, Train R: 0.9005, Train RRSE: 0.4350, Test Loss: 602.9248, Test Node Loss: 0.0187, Test Reg Loss: 6.0291, Test MAPE: 13.7463, Test R: 0.8311, Test RRSE: 0.8693
2025-02-10 16:41:42,615:INFO:Epoch 285: Train Loss: 113.3940, Train Node Loss: 0.0415, Train Reg Loss: 1.1335, Train MAPE: 12.0047, Train R: 0.8974, Train RRSE: 0.4441, Test Loss: 744.0078, Test Node Loss: 0.0178, Test Reg Loss: 7.4399, Test MAPE: 14.0869, Test R: 0.8227, Test RRSE: 0.9656
2025-02-10 16:42:03,490:INFO:Epoch 286: Train Loss: 118.5039, Train Node Loss: 0.0437, Train Reg Loss: 1.1846, Train MAPE: 12.2128, Train R: 0.8958, Train RRSE: 0.4540, Test Loss: 553.3261, Test Node Loss: 0.0180, Test Reg Loss: 5.5331, Test MAPE: 13.7052, Test R: 0.8327, Test RRSE: 0.8328
2025-02-10 16:42:24,587:INFO:Epoch 287: Train Loss: 113.1107, Train Node Loss: 0.0393, Train Reg Loss: 1.1307, Train MAPE: 12.0989, Train R: 0.8996, Train RRSE: 0.4436, Test Loss: 266.7213, Test Node Loss: 0.0201, Test Reg Loss: 2.6670, Test MAPE: 13.0615, Test R: 0.8276, Test RRSE: 0.5782
2025-02-10 16:42:45,436:INFO:Epoch 288: Train Loss: 114.2264, Train Node Loss: 0.0420, Train Reg Loss: 1.1418, Train MAPE: 12.2509, Train R: 0.8991, Train RRSE: 0.4458, Test Loss: 693.1963, Test Node Loss: 0.0173, Test Reg Loss: 6.9318, Test MAPE: 13.9975, Test R: 0.8261, Test RRSE: 0.9321
2025-02-10 16:43:06,534:INFO:Epoch 289: Train Loss: 122.8719, Train Node Loss: 0.0370, Train Reg Loss: 1.2283, Train MAPE: 11.8571, Train R: 0.8922, Train RRSE: 0.4623, Test Loss: 643.9383, Test Node Loss: 0.0183, Test Reg Loss: 6.4392, Test MAPE: 13.8196, Test R: 0.8260, Test RRSE: 0.8984
2025-02-10 16:43:27,517:INFO:Epoch 290: Train Loss: 124.5750, Train Node Loss: 0.0399, Train Reg Loss: 1.2454, Train MAPE: 12.3450, Train R: 0.8922, Train RRSE: 0.4655, Test Loss: 359.8989, Test Node Loss: 0.0182, Test Reg Loss: 3.5988, Test MAPE: 12.8485, Test R: 0.8264, Test RRSE: 0.6716
2025-02-10 16:43:48,556:INFO:Epoch 291: Train Loss: 124.9148, Train Node Loss: 0.0368, Train Reg Loss: 1.2488, Train MAPE: 11.9464, Train R: 0.8906, Train RRSE: 0.4662, Test Loss: 270.5618, Test Node Loss: 0.0197, Test Reg Loss: 2.7054, Test MAPE: 13.1186, Test R: 0.8269, Test RRSE: 0.5823
2025-02-10 16:44:09,632:INFO:Epoch 292: Train Loss: 146.3303, Train Node Loss: 0.0404, Train Reg Loss: 1.4629, Train MAPE: 12.4441, Train R: 0.8677, Train RRSE: 0.5046, Test Loss: 490.4394, Test Node Loss: 0.0170, Test Reg Loss: 4.9042, Test MAPE: 13.4479, Test R: 0.8286, Test RRSE: 0.7840
2025-02-10 16:44:30,726:INFO:Epoch 293: Train Loss: 110.1348, Train Node Loss: 0.0367, Train Reg Loss: 1.1010, Train MAPE: 11.9637, Train R: 0.9003, Train RRSE: 0.4377, Test Loss: 397.3230, Test Node Loss: 0.0180, Test Reg Loss: 3.9731, Test MAPE: 13.0360, Test R: 0.8258, Test RRSE: 0.7057
2025-02-10 16:44:51,734:INFO:Epoch 294: Train Loss: 129.4412, Train Node Loss: 0.0388, Train Reg Loss: 1.2940, Train MAPE: 12.0048, Train R: 0.8884, Train RRSE: 0.4745, Test Loss: 517.0041, Test Node Loss: 0.0169, Test Reg Loss: 5.1699, Test MAPE: 13.6649, Test R: 0.8308, Test RRSE: 0.8050
2025-02-10 16:45:12,675:INFO:Epoch 295: Train Loss: 145.9674, Train Node Loss: 0.0341, Train Reg Loss: 1.4593, Train MAPE: 11.9671, Train R: 0.8786, Train RRSE: 0.5039, Test Loss: 326.2501, Test Node Loss: 0.0215, Test Reg Loss: 3.2623, Test MAPE: 14.2200, Test R: 0.8287, Test RRSE: 0.6394
2025-02-10 16:45:33,633:INFO:Epoch 296: Train Loss: 122.0284, Train Node Loss: 0.0378, Train Reg Loss: 1.2199, Train MAPE: 12.2541, Train R: 0.8966, Train RRSE: 0.4608, Test Loss: 970.6228, Test Node Loss: 0.0155, Test Reg Loss: 9.7061, Test MAPE: 15.1843, Test R: 0.8295, Test RRSE: 1.1030
2025-02-10 16:45:54,406:INFO:Epoch 297: Train Loss: 136.6501, Train Node Loss: 0.0324, Train Reg Loss: 1.3662, Train MAPE: 11.9494, Train R: 0.8768, Train RRSE: 0.4876, Test Loss: 528.4892, Test Node Loss: 0.0167, Test Reg Loss: 5.2847, Test MAPE: 13.1764, Test R: 0.8178, Test RRSE: 0.8139
2025-02-10 16:46:15,472:INFO:Epoch 298: Train Loss: 142.6431, Train Node Loss: 0.0332, Train Reg Loss: 1.4261, Train MAPE: 11.8960, Train R: 0.8672, Train RRSE: 0.4982, Test Loss: 277.9398, Test Node Loss: 0.0169, Test Reg Loss: 2.7792, Test MAPE: 12.7294, Test R: 0.8220, Test RRSE: 0.5902
2025-02-10 16:46:36,500:INFO:Epoch 299: Train Loss: 133.6003, Train Node Loss: 0.0349, Train Reg Loss: 1.3357, Train MAPE: 12.4111, Train R: 0.8803, Train RRSE: 0.4821, Test Loss: 437.7395, Test Node Loss: 0.0165, Test Reg Loss: 4.3772, Test MAPE: 13.2994, Test R: 0.8277, Test RRSE: 0.7407
2025-02-10 16:46:57,133:INFO:Epoch 300: Train Loss: 128.0620, Train Node Loss: 0.0309, Train Reg Loss: 1.2803, Train MAPE: 11.8847, Train R: 0.8935, Train RRSE: 0.4720, Test Loss: 635.9339, Test Node Loss: 0.0159, Test Reg Loss: 6.3592, Test MAPE: 13.5164, Test R: 0.8232, Test RRSE: 0.8928
2025-02-10 16:46:57,133:INFO:Best performance at epoch 151 with Test MAPE: 0.8346
