2025-02-10 14:56:09,852:INFO:Learning rate: 0.0008
2025-02-10 14:56:09,852:INFO:Weight decay: 0.001
2025-02-10 14:56:09,852:INFO:Batch size: 32
2025-02-10 14:56:09,852:INFO:Number of layers: 2
2025-02-10 14:56:09,852:INFO:Convolution type: SAGE
2025-02-10 14:56:09,852:INFO:Convolution neurons: 256
2025-02-10 15:01:10,531:INFO:Learning rate: 0.0008
2025-02-10 15:01:10,541:INFO:Weight decay: 0.001
2025-02-10 15:01:10,541:INFO:Batch size: 32
2025-02-10 15:01:10,541:INFO:Number of layers: 2
2025-02-10 15:01:10,541:INFO:Convolution type: SAGE
2025-02-10 15:01:10,541:INFO:Convolution neurons: 256
2025-02-10 15:01:24,521:INFO:Epoch 1: Train Loss: 37508.4899, Train Node Loss: 6.3049, Train Reg Loss: 375.0218, Train MAPE: 93.0191, Train R: -0.0204, Train RRSE: 8.0786, Test Loss: 31199.0109, Test Node Loss: 46.8651, Test Reg Loss: 311.5215, Test MAPE: 82.4455, Test R: 0.8032, Test RRSE: 6.2486
2025-02-10 15:01:24,551:INFO:Checkpoint saved at best_0.0008_0.001_256_SAGE_2_32_0.8032_epoch_1.pth
2025-02-10 15:01:38,569:INFO:Epoch 2: Train Loss: 15438.0928, Train Node Loss: 391.1683, Train Reg Loss: 150.4692, Train MAPE: 53.4414, Train R: 0.0079, Train RRSE: 5.1172, Test Loss: 7548.6249, Test Node Loss: 2532.8405, Test Reg Loss: 50.1578, Test MAPE: 34.5518, Test R: 0.8015, Test RRSE: 2.5073
2025-02-10 15:01:52,144:INFO:Epoch 3: Train Loss: 4365.4966, Train Node Loss: 1793.7009, Train Reg Loss: 25.7180, Train MAPE: 23.3016, Train R: 0.2619, Train RRSE: 2.1156, Test Loss: 1750.0583, Test Node Loss: 1085.9084, Test Reg Loss: 6.6415, Test MAPE: 10.1973, Test R: 0.8046, Test RRSE: 0.9124
2025-02-10 15:01:52,165:INFO:Checkpoint saved at best_0.0008_0.001_256_SAGE_2_32_0.8046_epoch_3.pth
2025-02-10 15:02:05,725:INFO:Epoch 4: Train Loss: 2517.7771, Train Node Loss: 697.7264, Train Reg Loss: 18.2005, Train MAPE: 17.4468, Train R: 0.5115, Train RRSE: 1.7797, Test Loss: 2202.3511, Test Node Loss: 728.4689, Test Reg Loss: 14.7388, Test MAPE: 14.0522, Test R: 0.8067, Test RRSE: 1.3591
2025-02-10 15:02:05,749:INFO:Checkpoint saved at best_0.0008_0.001_256_SAGE_2_32_0.8067_epoch_4.pth
2025-02-10 15:02:19,354:INFO:Epoch 5: Train Loss: 1539.6718, Train Node Loss: 852.8981, Train Reg Loss: 6.8677, Train MAPE: 11.4316, Train R: 0.2751, Train RRSE: 1.0932, Test Loss: 1972.9955, Test Node Loss: 1068.3042, Test Reg Loss: 9.0469, Test MAPE: 14.8276, Test R: 0.8086, Test RRSE: 1.0648
2025-02-10 15:02:19,387:INFO:Checkpoint saved at best_0.0008_0.001_256_SAGE_2_32_0.8086_epoch_5.pth
2025-02-10 15:02:33,062:INFO:Epoch 6: Train Loss: 1367.0392, Train Node Loss: 840.3243, Train Reg Loss: 5.2671, Train MAPE: 11.3494, Train R: 0.3813, Train RRSE: 0.9574, Test Loss: 1523.5876, Test Node Loss: 624.5512, Test Reg Loss: 8.9904, Test MAPE: 11.0907, Test R: 0.8111, Test RRSE: 1.0615
2025-02-10 15:02:33,088:INFO:Checkpoint saved at best_0.0008_0.001_256_SAGE_2_32_0.8111_epoch_6.pth
2025-02-10 15:02:46,794:INFO:Epoch 7: Train Loss: 1136.4892, Train Node Loss: 614.8021, Train Reg Loss: 5.2169, Train MAPE: 9.7065, Train R: 0.6346, Train RRSE: 0.9528, Test Loss: 1182.7902, Test Node Loss: 637.4825, Test Reg Loss: 5.4531, Test MAPE: 10.1374, Test R: 0.8122, Test RRSE: 0.8267
2025-02-10 15:02:46,828:INFO:Checkpoint saved at best_0.0008_0.001_256_SAGE_2_32_0.8122_epoch_7.pth
2025-02-10 15:03:00,996:INFO:Epoch 8: Train Loss: 979.7200, Train Node Loss: 619.9311, Train Reg Loss: 3.5979, Train MAPE: 10.0244, Train R: 0.7792, Train RRSE: 0.7913, Test Loss: 1137.5505, Test Node Loss: 542.0640, Test Reg Loss: 5.9549, Test MAPE: 10.1509, Test R: 0.8126, Test RRSE: 0.8639
2025-02-10 15:03:01,015:INFO:Checkpoint saved at best_0.0008_0.001_256_SAGE_2_32_0.8126_epoch_8.pth
2025-02-10 15:03:15,066:INFO:Epoch 9: Train Loss: 906.4623, Train Node Loss: 512.8814, Train Reg Loss: 3.9358, Train MAPE: 9.5201, Train R: 0.7503, Train RRSE: 0.8276, Test Loss: 1091.7385, Test Node Loss: 471.1248, Test Reg Loss: 6.2061, Test MAPE: 10.2494, Test R: 0.8126, Test RRSE: 0.8820
2025-02-10 15:03:29,326:INFO:Epoch 10: Train Loss: 821.1512, Train Node Loss: 464.8202, Train Reg Loss: 3.5633, Train MAPE: 9.6186, Train R: 0.7859, Train RRSE: 0.7875, Test Loss: 981.0376, Test Node Loss: 431.7627, Test Reg Loss: 5.4927, Test MAPE: 10.1911, Test R: 0.8120, Test RRSE: 0.8297
2025-02-10 15:03:43,026:INFO:Epoch 11: Train Loss: 768.3802, Train Node Loss: 416.8462, Train Reg Loss: 3.5153, Train MAPE: 9.7864, Train R: 0.7733, Train RRSE: 0.7822, Test Loss: 980.2304, Test Node Loss: 364.7126, Test Reg Loss: 6.1552, Test MAPE: 10.2186, Test R: 0.8117, Test RRSE: 0.8783
2025-02-10 15:03:57,357:INFO:Epoch 12: Train Loss: 705.9244, Train Node Loss: 363.4014, Train Reg Loss: 3.4252, Train MAPE: 9.8095, Train R: 0.7755, Train RRSE: 0.7721, Test Loss: 890.7520, Test Node Loss: 333.5034, Test Reg Loss: 5.5725, Test MAPE: 10.2399, Test R: 0.8111, Test RRSE: 0.8357
2025-02-10 15:04:11,352:INFO:Epoch 13: Train Loss: 669.1607, Train Node Loss: 329.5825, Train Reg Loss: 3.3958, Train MAPE: 9.9167, Train R: 0.7667, Train RRSE: 0.7687, Test Loss: 905.0921, Test Node Loss: 286.7780, Test Reg Loss: 6.1831, Test MAPE: 10.3222, Test R: 0.8091, Test RRSE: 0.8803
2025-02-10 15:04:25,051:INFO:Epoch 14: Train Loss: 640.6618, Train Node Loss: 287.7832, Train Reg Loss: 3.5288, Train MAPE: 9.7869, Train R: 0.7438, Train RRSE: 0.7836, Test Loss: 790.0565, Test Node Loss: 275.4133, Test Reg Loss: 5.1464, Test MAPE: 10.1796, Test R: 0.8076, Test RRSE: 0.8031
2025-02-10 15:04:39,047:INFO:Epoch 15: Train Loss: 593.8833, Train Node Loss: 265.7207, Train Reg Loss: 3.2816, Train MAPE: 9.8389, Train R: 0.7686, Train RRSE: 0.7557, Test Loss: 810.3137, Test Node Loss: 242.1600, Test Reg Loss: 5.6815, Test MAPE: 10.4646, Test R: 0.8055, Test RRSE: 0.8439
2025-02-10 15:04:52,743:INFO:Epoch 16: Train Loss: 568.6819, Train Node Loss: 243.4616, Train Reg Loss: 3.2522, Train MAPE: 9.8448, Train R: 0.7654, Train RRSE: 0.7523, Test Loss: 735.6673, Test Node Loss: 231.1091, Test Reg Loss: 5.0456, Test MAPE: 10.3661, Test R: 0.8038, Test RRSE: 0.7952
2025-02-10 15:05:06,460:INFO:Epoch 17: Train Loss: 536.5617, Train Node Loss: 230.6686, Train Reg Loss: 3.0589, Train MAPE: 10.1870, Train R: 0.7723, Train RRSE: 0.7296, Test Loss: 802.7745, Test Node Loss: 199.5544, Test Reg Loss: 6.0322, Test MAPE: 10.4482, Test R: 0.8012, Test RRSE: 0.8695
2025-02-10 15:05:19,946:INFO:Epoch 18: Train Loss: 512.2106, Train Node Loss: 204.2047, Train Reg Loss: 3.0801, Train MAPE: 9.8078, Train R: 0.7756, Train RRSE: 0.7321, Test Loss: 685.4605, Test Node Loss: 197.6822, Test Reg Loss: 4.8778, Test MAPE: 10.3685, Test R: 0.7984, Test RRSE: 0.7819
2025-02-10 15:05:33,738:INFO:Epoch 19: Train Loss: 492.8789, Train Node Loss: 199.1399, Train Reg Loss: 2.9374, Train MAPE: 10.3091, Train R: 0.7712, Train RRSE: 0.7150, Test Loss: 805.8202, Test Node Loss: 166.5950, Test Reg Loss: 6.3923, Test MAPE: 10.8504, Test R: 0.7963, Test RRSE: 0.8951
2025-02-10 15:05:47,463:INFO:Epoch 20: Train Loss: 488.7554, Train Node Loss: 174.1467, Train Reg Loss: 3.1461, Train MAPE: 9.8780, Train R: 0.7461, Train RRSE: 0.7399, Test Loss: 638.9364, Test Node Loss: 171.3107, Test Reg Loss: 4.6763, Test MAPE: 10.5736, Test R: 0.7936, Test RRSE: 0.7656
2025-02-10 15:06:01,133:INFO:Epoch 21: Train Loss: 451.1983, Train Node Loss: 171.1469, Train Reg Loss: 2.8005, Train MAPE: 10.4034, Train R: 0.7689, Train RRSE: 0.6981, Test Loss: 791.4207, Test Node Loss: 142.5587, Test Reg Loss: 6.4886, Test MAPE: 11.0394, Test R: 0.7906, Test RRSE: 0.9018
2025-02-10 15:06:14,962:INFO:Epoch 22: Train Loss: 440.5742, Train Node Loss: 155.6936, Train Reg Loss: 2.8488, Train MAPE: 10.3435, Train R: 0.7566, Train RRSE: 0.7041, Test Loss: 679.4283, Test Node Loss: 141.0703, Test Reg Loss: 5.3836, Test MAPE: 10.7818, Test R: 0.7870, Test RRSE: 0.8214
2025-02-10 15:06:28,895:INFO:Epoch 23: Train Loss: 429.4009, Train Node Loss: 145.2471, Train Reg Loss: 2.8415, Train MAPE: 10.2691, Train R: 0.7547, Train RRSE: 0.7032, Test Loss: 603.5864, Test Node Loss: 139.5074, Test Reg Loss: 4.6408, Test MAPE: 10.7567, Test R: 0.7845, Test RRSE: 0.7627
2025-02-10 15:06:42,716:INFO:Epoch 24: Train Loss: 412.5927, Train Node Loss: 137.3727, Train Reg Loss: 2.7522, Train MAPE: 10.4232, Train R: 0.7577, Train RRSE: 0.6921, Test Loss: 615.8293, Test Node Loss: 129.3431, Test Reg Loss: 4.8649, Test MAPE: 10.8344, Test R: 0.7820, Test RRSE: 0.7809
2025-02-10 15:06:56,436:INFO:Epoch 25: Train Loss: 409.5990, Train Node Loss: 135.9045, Train Reg Loss: 2.7369, Train MAPE: 10.7493, Train R: 0.7542, Train RRSE: 0.6901, Test Loss: 761.4494, Test Node Loss: 111.9689, Test Reg Loss: 6.4948, Test MAPE: 11.2961, Test R: 0.7781, Test RRSE: 0.9022
2025-02-10 15:07:10,290:INFO:Epoch 26: Train Loss: 394.0134, Train Node Loss: 125.0052, Train Reg Loss: 2.6901, Train MAPE: 10.6113, Train R: 0.7526, Train RRSE: 0.6842, Test Loss: 656.0422, Test Node Loss: 111.8654, Test Reg Loss: 5.4418, Test MAPE: 11.1259, Test R: 0.7777, Test RRSE: 0.8259
2025-02-10 15:07:23,885:INFO:Epoch 27: Train Loss: 380.6727, Train Node Loss: 117.5023, Train Reg Loss: 2.6317, Train MAPE: 10.5338, Train R: 0.7626, Train RRSE: 0.6767, Test Loss: 626.4781, Test Node Loss: 107.8269, Test Reg Loss: 5.1865, Test MAPE: 11.0571, Test R: 0.7778, Test RRSE: 0.8063
2025-02-10 15:07:37,701:INFO:Epoch 28: Train Loss: 366.9829, Train Node Loss: 114.7604, Train Reg Loss: 2.5222, Train MAPE: 10.7212, Train R: 0.7703, Train RRSE: 0.6625, Test Loss: 772.7303, Test Node Loss: 94.4863, Test Reg Loss: 6.7824, Test MAPE: 11.6388, Test R: 0.7765, Test RRSE: 0.9220
2025-02-10 15:07:51,522:INFO:Epoch 29: Train Loss: 364.4516, Train Node Loss: 104.8233, Train Reg Loss: 2.5963, Train MAPE: 10.5740, Train R: 0.7642, Train RRSE: 0.6722, Test Loss: 560.7653, Test Node Loss: 101.7449, Test Reg Loss: 4.5902, Test MAPE: 10.9988, Test R: 0.7787, Test RRSE: 0.7585
2025-02-10 15:08:05,300:INFO:Epoch 30: Train Loss: 352.7501, Train Node Loss: 104.8584, Train Reg Loss: 2.4789, Train MAPE: 10.8500, Train R: 0.7745, Train RRSE: 0.6568, Test Loss: 679.0213, Test Node Loss: 89.4176, Test Reg Loss: 5.8960, Test MAPE: 11.4824, Test R: 0.7779, Test RRSE: 0.8596
2025-02-10 15:08:18,993:INFO:Epoch 31: Train Loss: 365.7547, Train Node Loss: 94.8607, Train Reg Loss: 2.7089, Train MAPE: 10.7069, Train R: 0.7447, Train RRSE: 0.6866, Test Loss: 485.0674, Test Node Loss: 100.2423, Test Reg Loss: 3.8483, Test MAPE: 11.1692, Test R: 0.7777, Test RRSE: 0.6945
2025-02-10 15:08:32,845:INFO:Epoch 32: Train Loss: 349.5356, Train Node Loss: 94.5835, Train Reg Loss: 2.5495, Train MAPE: 10.9901, Train R: 0.7517, Train RRSE: 0.6661, Test Loss: 709.3376, Test Node Loss: 79.1617, Test Reg Loss: 6.3018, Test MAPE: 11.5632, Test R: 0.7774, Test RRSE: 0.8887
2025-02-10 15:08:46,669:INFO:Epoch 33: Train Loss: 330.8535, Train Node Loss: 89.6164, Train Reg Loss: 2.4124, Train MAPE: 10.7356, Train R: 0.7796, Train RRSE: 0.6479, Test Loss: 549.4058, Test Node Loss: 83.2703, Test Reg Loss: 4.6614, Test MAPE: 11.1513, Test R: 0.7815, Test RRSE: 0.7643
2025-02-10 15:09:01,077:INFO:Epoch 34: Train Loss: 325.7594, Train Node Loss: 82.8698, Train Reg Loss: 2.4289, Train MAPE: 10.7093, Train R: 0.7809, Train RRSE: 0.6501, Test Loss: 499.7903, Test Node Loss: 83.4010, Test Reg Loss: 4.1639, Test MAPE: 11.0529, Test R: 0.7822, Test RRSE: 0.7224
2025-02-10 15:09:15,059:INFO:Epoch 35: Train Loss: 325.8204, Train Node Loss: 84.1732, Train Reg Loss: 2.4165, Train MAPE: 10.9780, Train R: 0.7741, Train RRSE: 0.6485, Test Loss: 759.6098, Test Node Loss: 67.4554, Test Reg Loss: 6.9215, Test MAPE: 11.8504, Test R: 0.7802, Test RRSE: 0.9314
2025-02-10 15:09:28,923:INFO:Epoch 36: Train Loss: 325.5023, Train Node Loss: 78.8431, Train Reg Loss: 2.4666, Train MAPE: 10.9327, Train R: 0.7668, Train RRSE: 0.6552, Test Loss: 585.2758, Test Node Loss: 71.1526, Test Reg Loss: 5.1412, Test MAPE: 11.2040, Test R: 0.7820, Test RRSE: 0.8027
2025-02-10 15:09:42,797:INFO:Epoch 37: Train Loss: 299.7389, Train Node Loss: 73.2568, Train Reg Loss: 2.2648, Train MAPE: 10.7908, Train R: 0.7976, Train RRSE: 0.6278, Test Loss: 487.4033, Test Node Loss: 73.8035, Test Reg Loss: 4.1360, Test MAPE: 11.2002, Test R: 0.7834, Test RRSE: 0.7200
2025-02-10 15:09:56,922:INFO:Epoch 38: Train Loss: 302.0592, Train Node Loss: 74.9012, Train Reg Loss: 2.2716, Train MAPE: 11.1896, Train R: 0.7893, Train RRSE: 0.6287, Test Loss: 694.2894, Test Node Loss: 61.6660, Test Reg Loss: 6.3262, Test MAPE: 11.8328, Test R: 0.7825, Test RRSE: 0.8904
2025-02-10 15:10:11,574:INFO:Epoch 39: Train Loss: 313.0026, Train Node Loss: 70.9941, Train Reg Loss: 2.4201, Train MAPE: 10.9285, Train R: 0.7743, Train RRSE: 0.6490, Test Loss: 617.1184, Test Node Loss: 61.2474, Test Reg Loss: 5.5587, Test MAPE: 11.5683, Test R: 0.7858, Test RRSE: 0.8347
2025-02-10 15:10:25,857:INFO:Epoch 40: Train Loss: 301.9080, Train Node Loss: 63.7065, Train Reg Loss: 2.3820, Train MAPE: 10.7774, Train R: 0.7867, Train RRSE: 0.6438, Test Loss: 436.0769, Test Node Loss: 69.0635, Test Reg Loss: 3.6701, Test MAPE: 11.3613, Test R: 0.7888, Test RRSE: 0.6782
2025-02-10 15:10:40,006:INFO:Epoch 41: Train Loss: 297.2514, Train Node Loss: 66.5218, Train Reg Loss: 2.3073, Train MAPE: 11.2177, Train R: 0.7807, Train RRSE: 0.6337, Test Loss: 880.0168, Test Node Loss: 49.5419, Test Reg Loss: 8.3047, Test MAPE: 12.5115, Test R: 0.7855, Test RRSE: 1.0202
2025-02-10 15:10:54,233:INFO:Epoch 42: Train Loss: 296.3381, Train Node Loss: 62.1425, Train Reg Loss: 2.3420, Train MAPE: 10.9945, Train R: 0.7771, Train RRSE: 0.6384, Test Loss: 477.7118, Test Node Loss: 59.8752, Test Reg Loss: 4.1784, Test MAPE: 11.2214, Test R: 0.7904, Test RRSE: 0.7237
2025-02-10 15:11:08,358:INFO:Epoch 43: Train Loss: 304.1072, Train Node Loss: 55.9355, Train Reg Loss: 2.4817, Train MAPE: 10.8784, Train R: 0.7753, Train RRSE: 0.6572, Test Loss: 430.8520, Test Node Loss: 60.3735, Test Reg Loss: 3.7048, Test MAPE: 11.3315, Test R: 0.7918, Test RRSE: 0.6814
2025-02-10 15:11:22,498:INFO:Epoch 44: Train Loss: 286.0866, Train Node Loss: 57.7628, Train Reg Loss: 2.2832, Train MAPE: 11.0493, Train R: 0.7899, Train RRSE: 0.6304, Test Loss: 572.4150, Test Node Loss: 50.5572, Test Reg Loss: 5.2186, Test MAPE: 11.4464, Test R: 0.7927, Test RRSE: 0.8087
2025-02-10 15:11:36,645:INFO:Epoch 45: Train Loss: 258.5693, Train Node Loss: 54.4965, Train Reg Loss: 2.0407, Train MAPE: 10.9860, Train R: 0.8190, Train RRSE: 0.5959, Test Loss: 523.3804, Test Node Loss: 50.4242, Test Reg Loss: 4.7296, Test MAPE: 11.4642, Test R: 0.7923, Test RRSE: 0.7699
2025-02-10 15:11:51,085:INFO:Epoch 46: Train Loss: 283.2382, Train Node Loss: 50.2893, Train Reg Loss: 2.3295, Train MAPE: 10.9623, Train R: 0.7850, Train RRSE: 0.6367, Test Loss: 402.0956, Test Node Loss: 54.8214, Test Reg Loss: 3.4727, Test MAPE: 11.5436, Test R: 0.7948, Test RRSE: 0.6597
2025-02-10 15:12:05,557:INFO:Epoch 47: Train Loss: 265.1540, Train Node Loss: 51.8216, Train Reg Loss: 2.1333, Train MAPE: 11.2814, Train R: 0.8019, Train RRSE: 0.6093, Test Loss: 796.8766, Test Node Loss: 38.9522, Test Reg Loss: 7.5792, Test MAPE: 12.6116, Test R: 0.7930, Test RRSE: 0.9746
2025-02-10 15:12:20,044:INFO:Epoch 48: Train Loss: 282.9581, Train Node Loss: 48.1078, Train Reg Loss: 2.3485, Train MAPE: 11.1934, Train R: 0.7748, Train RRSE: 0.6393, Test Loss: 537.1887, Test Node Loss: 43.2159, Test Reg Loss: 4.9397, Test MAPE: 11.4943, Test R: 0.7957, Test RRSE: 0.7868
2025-02-10 15:12:34,171:INFO:Epoch 49: Train Loss: 246.6197, Train Node Loss: 44.8239, Train Reg Loss: 2.0180, Train MAPE: 10.8716, Train R: 0.8228, Train RRSE: 0.5926, Test Loss: 565.0631, Test Node Loss: 40.3558, Test Reg Loss: 5.2471, Test MAPE: 11.6820, Test R: 0.7960, Test RRSE: 0.8110
2025-02-10 15:12:48,372:INFO:Epoch 50: Train Loss: 241.4045, Train Node Loss: 43.4787, Train Reg Loss: 1.9793, Train MAPE: 10.9647, Train R: 0.8255, Train RRSE: 0.5869, Test Loss: 437.7732, Test Node Loss: 43.2458, Test Reg Loss: 3.9453, Test MAPE: 11.5584, Test R: 0.7978, Test RRSE: 0.7032
2025-02-10 15:13:02,418:INFO:Epoch 51: Train Loss: 247.5250, Train Node Loss: 44.1336, Train Reg Loss: 2.0339, Train MAPE: 11.1937, Train R: 0.8171, Train RRSE: 0.5949, Test Loss: 793.0188, Test Node Loss: 32.6005, Test Reg Loss: 7.6042, Test MAPE: 12.6518, Test R: 0.7967, Test RRSE: 0.9763
2025-02-10 15:13:16,423:INFO:Epoch 52: Train Loss: 275.5680, Train Node Loss: 39.8704, Train Reg Loss: 2.3570, Train MAPE: 11.0952, Train R: 0.7739, Train RRSE: 0.6405, Test Loss: 402.4510, Test Node Loss: 41.8708, Test Reg Loss: 3.6058, Test MAPE: 11.5335, Test R: 0.7987, Test RRSE: 0.6723
2025-02-10 15:13:30,603:INFO:Epoch 53: Train Loss: 237.8071, Train Node Loss: 39.1733, Train Reg Loss: 1.9863, Train MAPE: 11.1290, Train R: 0.8172, Train RRSE: 0.5879, Test Loss: 559.6354, Test Node Loss: 34.8196, Test Reg Loss: 5.2482, Test MAPE: 11.9609, Test R: 0.7981, Test RRSE: 0.8110
2025-02-10 15:13:44,609:INFO:Epoch 54: Train Loss: 227.0252, Train Node Loss: 38.0444, Train Reg Loss: 1.8898, Train MAPE: 11.1580, Train R: 0.8304, Train RRSE: 0.5735, Test Loss: 448.0615, Test Node Loss: 36.9054, Test Reg Loss: 4.1116, Test MAPE: 11.4469, Test R: 0.8007, Test RRSE: 0.7179
2025-02-10 15:13:58,752:INFO:Epoch 55: Train Loss: 234.3515, Train Node Loss: 36.6642, Train Reg Loss: 1.9769, Train MAPE: 11.1978, Train R: 0.8181, Train RRSE: 0.5865, Test Loss: 600.1925, Test Node Loss: 31.5197, Test Reg Loss: 5.6867, Test MAPE: 11.9285, Test R: 0.7997, Test RRSE: 0.8442
2025-02-10 15:14:12,933:INFO:Epoch 56: Train Loss: 217.4297, Train Node Loss: 35.0652, Train Reg Loss: 1.8236, Train MAPE: 11.1748, Train R: 0.8377, Train RRSE: 0.5634, Test Loss: 428.7151, Test Node Loss: 34.1807, Test Reg Loss: 3.9453, Test MAPE: 11.5523, Test R: 0.8037, Test RRSE: 0.7032
2025-02-10 15:14:27,068:INFO:Epoch 57: Train Loss: 234.0350, Train Node Loss: 33.8284, Train Reg Loss: 2.0021, Train MAPE: 11.1743, Train R: 0.8170, Train RRSE: 0.5903, Test Loss: 494.9567, Test Node Loss: 31.1815, Test Reg Loss: 4.6378, Test MAPE: 11.6457, Test R: 0.8045, Test RRSE: 0.7624
2025-02-10 15:14:41,130:INFO:Epoch 58: Train Loss: 235.2243, Train Node Loss: 35.0063, Train Reg Loss: 2.0022, Train MAPE: 11.4610, Train R: 0.8224, Train RRSE: 0.5903, Test Loss: 889.7873, Test Node Loss: 24.6308, Test Reg Loss: 8.6516, Test MAPE: 13.3388, Test R: 0.8007, Test RRSE: 1.0413
2025-02-10 15:14:55,249:INFO:Epoch 59: Train Loss: 223.1473, Train Node Loss: 30.1525, Train Reg Loss: 1.9299, Train MAPE: 11.2678, Train R: 0.8259, Train RRSE: 0.5795, Test Loss: 412.1519, Test Node Loss: 31.5955, Test Reg Loss: 3.8056, Test MAPE: 11.6966, Test R: 0.8038, Test RRSE: 0.6906
2025-02-10 15:15:10,567:INFO:Epoch 60: Train Loss: 233.6696, Train Node Loss: 30.5495, Train Reg Loss: 2.0312, Train MAPE: 11.2370, Train R: 0.8098, Train RRSE: 0.5945, Test Loss: 791.8896, Test Node Loss: 23.3564, Test Reg Loss: 7.6853, Test MAPE: 13.0785, Test R: 0.8015, Test RRSE: 0.9814
2025-02-10 15:15:24,622:INFO:Epoch 61: Train Loss: 240.3576, Train Node Loss: 29.9002, Train Reg Loss: 2.1046, Train MAPE: 11.2895, Train R: 0.8010, Train RRSE: 0.6052, Test Loss: 409.6964, Test Node Loss: 28.6069, Test Reg Loss: 3.8109, Test MAPE: 11.6993, Test R: 0.8059, Test RRSE: 0.6911
2025-02-10 15:15:38,564:INFO:Epoch 62: Train Loss: 213.5792, Train Node Loss: 28.7098, Train Reg Loss: 1.8487, Train MAPE: 11.2409, Train R: 0.8326, Train RRSE: 0.5672, Test Loss: 701.5193, Test Node Loss: 22.1561, Test Reg Loss: 6.7936, Test MAPE: 12.7461, Test R: 0.8061, Test RRSE: 0.9228
2025-02-10 15:15:53,214:INFO:Epoch 63: Train Loss: 256.7351, Train Node Loss: 25.8382, Train Reg Loss: 2.3090, Train MAPE: 11.1909, Train R: 0.7796, Train RRSE: 0.6339, Test Loss: 361.6356, Test Node Loss: 27.8838, Test Reg Loss: 3.3375, Test MAPE: 11.6966, Test R: 0.8107, Test RRSE: 0.6468
2025-02-10 15:16:08,235:INFO:Epoch 64: Train Loss: 229.0625, Train Node Loss: 24.2879, Train Reg Loss: 2.0477, Train MAPE: 11.0923, Train R: 0.8186, Train RRSE: 0.5970, Test Loss: 416.0173, Test Node Loss: 25.3581, Test Reg Loss: 3.9066, Test MAPE: 11.6492, Test R: 0.8111, Test RRSE: 0.6997
2025-02-10 15:16:22,613:INFO:Epoch 65: Train Loss: 241.5808, Train Node Loss: 26.3345, Train Reg Loss: 2.1525, Train MAPE: 11.3702, Train R: 0.8042, Train RRSE: 0.6120, Test Loss: 826.2417, Test Node Loss: 18.2723, Test Reg Loss: 8.0797, Test MAPE: 13.1728, Test R: 0.8093, Test RRSE: 1.0063
2025-02-10 15:16:37,351:INFO:Epoch 66: Train Loss: 217.0737, Train Node Loss: 22.4373, Train Reg Loss: 1.9464, Train MAPE: 11.1463, Train R: 0.8271, Train RRSE: 0.5820, Test Loss: 382.1853, Test Node Loss: 24.1847, Test Reg Loss: 3.5800, Test MAPE: 11.7229, Test R: 0.8128, Test RRSE: 0.6699
2025-02-10 15:16:37,387:INFO:Checkpoint saved at best_0.0008_0.001_256_SAGE_2_32_0.8128_epoch_66.pth
2025-02-10 15:16:52,576:INFO:Epoch 67: Train Loss: 211.2557, Train Node Loss: 24.8044, Train Reg Loss: 1.8645, Train MAPE: 11.4499, Train R: 0.8406, Train RRSE: 0.5696, Test Loss: 902.6857, Test Node Loss: 15.9913, Test Reg Loss: 8.8669, Test MAPE: 13.6083, Test R: 0.8101, Test RRSE: 1.0542
2025-02-10 15:17:07,093:INFO:Epoch 68: Train Loss: 231.9683, Train Node Loss: 20.0700, Train Reg Loss: 2.1190, Train MAPE: 11.3393, Train R: 0.8088, Train RRSE: 0.6073, Test Loss: 322.3492, Test Node Loss: 24.0868, Test Reg Loss: 2.9826, Test MAPE: 11.8770, Test R: 0.8144, Test RRSE: 0.6114
2025-02-10 15:17:07,126:INFO:Checkpoint saved at best_0.0008_0.001_256_SAGE_2_32_0.8144_epoch_68.pth
2025-02-10 15:17:22,463:INFO:Epoch 69: Train Loss: 198.9463, Train Node Loss: 20.7430, Train Reg Loss: 1.7820, Train MAPE: 11.2741, Train R: 0.8381, Train RRSE: 0.5569, Test Loss: 623.4229, Test Node Loss: 17.5586, Test Reg Loss: 6.0586, Test MAPE: 12.4890, Test R: 0.8124, Test RRSE: 0.8714
2025-02-10 15:17:37,072:INFO:Epoch 70: Train Loss: 213.5263, Train Node Loss: 21.2508, Train Reg Loss: 1.9228, Train MAPE: 11.4133, Train R: 0.8246, Train RRSE: 0.5785, Test Loss: 448.0089, Test Node Loss: 19.4387, Test Reg Loss: 4.2857, Test MAPE: 12.0491, Test R: 0.8140, Test RRSE: 0.7329
2025-02-10 15:17:52,037:INFO:Epoch 71: Train Loss: 204.5089, Train Node Loss: 18.5853, Train Reg Loss: 1.8592, Train MAPE: 11.3563, Train R: 0.8321, Train RRSE: 0.5688, Test Loss: 364.9258, Test Node Loss: 19.7125, Test Reg Loss: 3.4521, Test MAPE: 11.8086, Test R: 0.8155, Test RRSE: 0.6578
2025-02-10 15:17:52,060:INFO:Checkpoint saved at best_0.0008_0.001_256_SAGE_2_32_0.8155_epoch_71.pth
2025-02-10 15:18:06,588:INFO:Epoch 72: Train Loss: 205.5564, Train Node Loss: 18.7955, Train Reg Loss: 1.8676, Train MAPE: 11.3672, Train R: 0.8272, Train RRSE: 0.5701, Test Loss: 497.8616, Test Node Loss: 16.4501, Test Reg Loss: 4.8141, Test MAPE: 12.1682, Test R: 0.8171, Test RRSE: 0.7768
2025-02-10 15:18:06,623:INFO:Checkpoint saved at best_0.0008_0.001_256_SAGE_2_32_0.8171_epoch_72.pth
2025-02-10 15:18:21,044:INFO:Epoch 73: Train Loss: 204.6216, Train Node Loss: 18.4101, Train Reg Loss: 1.8621, Train MAPE: 11.4041, Train R: 0.8299, Train RRSE: 0.5693, Test Loss: 505.2583, Test Node Loss: 16.1941, Test Reg Loss: 4.8906, Test MAPE: 12.2704, Test R: 0.8178, Test RRSE: 0.7829
2025-02-10 15:18:21,078:INFO:Checkpoint saved at best_0.0008_0.001_256_SAGE_2_32_0.8178_epoch_73.pth
2025-02-10 15:18:35,544:INFO:Epoch 74: Train Loss: 183.7530, Train Node Loss: 17.2901, Train Reg Loss: 1.6646, Train MAPE: 11.1368, Train R: 0.8543, Train RRSE: 0.5382, Test Loss: 390.5264, Test Node Loss: 17.6023, Test Reg Loss: 3.7292, Test MAPE: 11.8484, Test R: 0.8180, Test RRSE: 0.6837
2025-02-10 15:18:35,574:INFO:Checkpoint saved at best_0.0008_0.001_256_SAGE_2_32_0.8180_epoch_74.pth
2025-02-10 15:18:50,398:INFO:Epoch 75: Train Loss: 231.4367, Train Node Loss: 17.4279, Train Reg Loss: 2.1401, Train MAPE: 11.5329, Train R: 0.7951, Train RRSE: 0.6103, Test Loss: 814.9928, Test Node Loss: 11.8197, Test Reg Loss: 8.0317, Test MAPE: 13.5229, Test R: 0.8169, Test RRSE: 1.0033
2025-02-10 15:19:04,905:INFO:Epoch 76: Train Loss: 186.6939, Train Node Loss: 15.6263, Train Reg Loss: 1.7107, Train MAPE: 11.1970, Train R: 0.8455, Train RRSE: 0.5456, Test Loss: 303.8100, Test Node Loss: 17.8017, Test Reg Loss: 2.8601, Test MAPE: 12.0558, Test R: 0.8202, Test RRSE: 0.5987
2025-02-10 15:19:04,947:INFO:Checkpoint saved at best_0.0008_0.001_256_SAGE_2_32_0.8202_epoch_76.pth
2025-02-10 15:19:19,507:INFO:Epoch 77: Train Loss: 194.4837, Train Node Loss: 16.0376, Train Reg Loss: 1.7845, Train MAPE: 11.3433, Train R: 0.8393, Train RRSE: 0.5573, Test Loss: 535.5324, Test Node Loss: 13.2005, Test Reg Loss: 5.2233, Test MAPE: 12.3053, Test R: 0.8195, Test RRSE: 0.8091
2025-02-10 15:19:33,708:INFO:Epoch 78: Train Loss: 180.3633, Train Node Loss: 15.0784, Train Reg Loss: 1.6528, Train MAPE: 11.3706, Train R: 0.8521, Train RRSE: 0.5363, Test Loss: 374.5554, Test Node Loss: 14.9981, Test Reg Loss: 3.5956, Test MAPE: 11.9136, Test R: 0.8214, Test RRSE: 0.6713
2025-02-10 15:19:33,732:INFO:Checkpoint saved at best_0.0008_0.001_256_SAGE_2_32_0.8214_epoch_78.pth
2025-02-10 15:19:48,190:INFO:Epoch 79: Train Loss: 187.5823, Train Node Loss: 14.7492, Train Reg Loss: 1.7283, Train MAPE: 11.3935, Train R: 0.8422, Train RRSE: 0.5484, Test Loss: 695.3125, Test Node Loss: 11.5999, Test Reg Loss: 6.8371, Test MAPE: 13.1589, Test R: 0.8186, Test RRSE: 0.9257
2025-02-10 15:20:02,676:INFO:Epoch 80: Train Loss: 174.3211, Train Node Loss: 14.9575, Train Reg Loss: 1.5936, Train MAPE: 11.5796, Train R: 0.8562, Train RRSE: 0.5266, Test Loss: 434.4199, Test Node Loss: 13.2159, Test Reg Loss: 4.2120, Test MAPE: 12.2322, Test R: 0.8214, Test RRSE: 0.7266
2025-02-10 15:20:17,239:INFO:Epoch 81: Train Loss: 188.7429, Train Node Loss: 13.0674, Train Reg Loss: 1.7568, Train MAPE: 11.1856, Train R: 0.8440, Train RRSE: 0.5529, Test Loss: 346.6386, Test Node Loss: 13.8482, Test Reg Loss: 3.3279, Test MAPE: 12.0448, Test R: 0.8216, Test RRSE: 0.6458
2025-02-10 15:20:17,263:INFO:Checkpoint saved at best_0.0008_0.001_256_SAGE_2_32_0.8216_epoch_81.pth
2025-02-10 15:20:31,706:INFO:Epoch 82: Train Loss: 195.3401, Train Node Loss: 13.7451, Train Reg Loss: 1.8159, Train MAPE: 11.5183, Train R: 0.8315, Train RRSE: 0.5622, Test Loss: 633.0561, Test Node Loss: 10.5814, Test Reg Loss: 6.2247, Test MAPE: 12.7360, Test R: 0.8198, Test RRSE: 0.8833
2025-02-10 15:20:46,512:INFO:Epoch 83: Train Loss: 174.9518, Train Node Loss: 13.0059, Train Reg Loss: 1.6195, Train MAPE: 11.3556, Train R: 0.8545, Train RRSE: 0.5309, Test Loss: 331.0432, Test Node Loss: 13.3209, Test Reg Loss: 3.1772, Test MAPE: 12.0403, Test R: 0.8221, Test RRSE: 0.6310
2025-02-10 15:20:46,538:INFO:Checkpoint saved at best_0.0008_0.001_256_SAGE_2_32_0.8221_epoch_83.pth
2025-02-10 15:21:01,036:INFO:Epoch 84: Train Loss: 176.2642, Train Node Loss: 12.4991, Train Reg Loss: 1.6377, Train MAPE: 11.5019, Train R: 0.8504, Train RRSE: 0.5339, Test Loss: 455.3773, Test Node Loss: 11.2335, Test Reg Loss: 4.4414, Test MAPE: 12.4071, Test R: 0.8214, Test RRSE: 0.7461
2025-02-10 15:21:15,840:INFO:Epoch 85: Train Loss: 164.0464, Train Node Loss: 12.2371, Train Reg Loss: 1.5181, Train MAPE: 11.5771, Train R: 0.8624, Train RRSE: 0.5140, Test Loss: 393.0369, Test Node Loss: 11.4108, Test Reg Loss: 3.8163, Test MAPE: 12.2332, Test R: 0.8226, Test RRSE: 0.6916
2025-02-10 15:21:15,873:INFO:Checkpoint saved at best_0.0008_0.001_256_SAGE_2_32_0.8226_epoch_85.pth
2025-02-10 15:21:30,769:INFO:Epoch 86: Train Loss: 184.0864, Train Node Loss: 11.4287, Train Reg Loss: 1.7266, Train MAPE: 11.4320, Train R: 0.8414, Train RRSE: 0.5482, Test Loss: 303.6745, Test Node Loss: 12.6477, Test Reg Loss: 2.9103, Test MAPE: 12.1200, Test R: 0.8222, Test RRSE: 0.6040
2025-02-10 15:21:45,722:INFO:Epoch 87: Train Loss: 192.4434, Train Node Loss: 11.1908, Train Reg Loss: 1.8125, Train MAPE: 11.5281, Train R: 0.8297, Train RRSE: 0.5616, Test Loss: 402.0806, Test Node Loss: 10.4853, Test Reg Loss: 3.9160, Test MAPE: 12.1230, Test R: 0.8223, Test RRSE: 0.7006
2025-02-10 15:22:00,107:INFO:Epoch 88: Train Loss: 168.9602, Train Node Loss: 11.1391, Train Reg Loss: 1.5782, Train MAPE: 11.5191, Train R: 0.8575, Train RRSE: 0.5241, Test Loss: 371.2393, Test Node Loss: 10.6852, Test Reg Loss: 3.6055, Test MAPE: 12.3221, Test R: 0.8230, Test RRSE: 0.6722
2025-02-10 15:22:00,152:INFO:Checkpoint saved at best_0.0008_0.001_256_SAGE_2_32_0.8230_epoch_88.pth
2025-02-10 15:22:15,154:INFO:Epoch 89: Train Loss: 161.1045, Train Node Loss: 10.2872, Train Reg Loss: 1.5082, Train MAPE: 11.4757, Train R: 0.8652, Train RRSE: 0.5123, Test Loss: 487.2180, Test Node Loss: 9.3706, Test Reg Loss: 4.7785, Test MAPE: 12.5554, Test R: 0.8233, Test RRSE: 0.7739
2025-02-10 15:22:15,181:INFO:Checkpoint saved at best_0.0008_0.001_256_SAGE_2_32_0.8233_epoch_89.pth
2025-02-10 15:22:29,766:INFO:Epoch 90: Train Loss: 170.9812, Train Node Loss: 10.0652, Train Reg Loss: 1.6092, Train MAPE: 11.3261, Train R: 0.8558, Train RRSE: 0.5292, Test Loss: 301.8538, Test Node Loss: 11.1887, Test Reg Loss: 2.9067, Test MAPE: 12.0152, Test R: 0.8244, Test RRSE: 0.6036
2025-02-10 15:22:29,801:INFO:Checkpoint saved at best_0.0008_0.001_256_SAGE_2_32_0.8244_epoch_90.pth
2025-02-10 15:22:44,250:INFO:Epoch 91: Train Loss: 175.1733, Train Node Loss: 10.8737, Train Reg Loss: 1.6430, Train MAPE: 11.7592, Train R: 0.8570, Train RRSE: 0.5347, Test Loss: 1384.3706, Test Node Loss: 5.4061, Test Reg Loss: 13.7896, Test MAPE: 16.3457, Test R: 0.8154, Test RRSE: 1.3147
2025-02-10 15:22:58,717:INFO:Epoch 92: Train Loss: 207.2636, Train Node Loss: 9.2487, Train Reg Loss: 1.9801, Train MAPE: 11.5758, Train R: 0.8115, Train RRSE: 0.5870, Test Loss: 367.1118, Test Node Loss: 9.3293, Test Reg Loss: 3.5778, Test MAPE: 12.1733, Test R: 0.8227, Test RRSE: 0.6696
2025-02-10 15:23:13,613:INFO:Epoch 93: Train Loss: 170.1690, Train Node Loss: 8.4904, Train Reg Loss: 1.6168, Train MAPE: 11.3842, Train R: 0.8563, Train RRSE: 0.5304, Test Loss: 365.4509, Test Node Loss: 8.4607, Test Reg Loss: 3.5699, Test MAPE: 11.9631, Test R: 0.8227, Test RRSE: 0.6689
2025-02-10 15:23:27,986:INFO:Epoch 94: Train Loss: 157.5283, Train Node Loss: 9.3227, Train Reg Loss: 1.4821, Train MAPE: 11.7239, Train R: 0.8719, Train RRSE: 0.5079, Test Loss: 598.7299, Test Node Loss: 7.2442, Test Reg Loss: 5.9149, Test MAPE: 12.9902, Test R: 0.8224, Test RRSE: 0.8610
2025-02-10 15:23:42,657:INFO:Epoch 95: Train Loss: 169.7673, Train Node Loss: 7.8586, Train Reg Loss: 1.6191, Train MAPE: 11.4390, Train R: 0.8547, Train RRSE: 0.5308, Test Loss: 314.0270, Test Node Loss: 8.8193, Test Reg Loss: 3.0521, Test MAPE: 12.3086, Test R: 0.8268, Test RRSE: 0.6185
2025-02-10 15:23:42,684:INFO:Checkpoint saved at best_0.0008_0.001_256_SAGE_2_32_0.8268_epoch_95.pth
2025-02-10 15:23:57,292:INFO:Epoch 96: Train Loss: 163.7016, Train Node Loss: 8.5595, Train Reg Loss: 1.5514, Train MAPE: 11.6891, Train R: 0.8607, Train RRSE: 0.5196, Test Loss: 674.5281, Test Node Loss: 6.2073, Test Reg Loss: 6.6832, Test MAPE: 13.1053, Test R: 0.8252, Test RRSE: 0.9152
2025-02-10 15:24:11,840:INFO:Epoch 97: Train Loss: 158.4020, Train Node Loss: 7.4176, Train Reg Loss: 1.5098, Train MAPE: 11.3995, Train R: 0.8667, Train RRSE: 0.5126, Test Loss: 391.9727, Test Node Loss: 7.5117, Test Reg Loss: 3.8446, Test MAPE: 12.4531, Test R: 0.8254, Test RRSE: 0.6942
2025-02-10 15:24:26,376:INFO:Epoch 98: Train Loss: 159.4995, Train Node Loss: 8.1270, Train Reg Loss: 1.5137, Train MAPE: 11.7085, Train R: 0.8655, Train RRSE: 0.5133, Test Loss: 790.5189, Test Node Loss: 5.4111, Test Reg Loss: 7.8511, Test MAPE: 13.9410, Test R: 0.8232, Test RRSE: 0.9920
2025-02-10 15:24:40,691:INFO:Epoch 99: Train Loss: 160.0439, Train Node Loss: 6.9318, Train Reg Loss: 1.5311, Train MAPE: 11.5691, Train R: 0.8624, Train RRSE: 0.5162, Test Loss: 322.1912, Test Node Loss: 7.4645, Test Reg Loss: 3.1473, Test MAPE: 12.3954, Test R: 0.8245, Test RRSE: 0.6281
2025-02-10 15:24:55,058:INFO:Epoch 100: Train Loss: 151.2545, Train Node Loss: 7.0849, Train Reg Loss: 1.4417, Train MAPE: 11.6613, Train R: 0.8683, Train RRSE: 0.5009, Test Loss: 640.9664, Test Node Loss: 5.7477, Test Reg Loss: 6.3522, Test MAPE: 13.5063, Test R: 0.8242, Test RRSE: 0.8923
2025-02-10 15:25:09,542:INFO:Epoch 101: Train Loss: 169.1596, Train Node Loss: 6.9126, Train Reg Loss: 1.6225, Train MAPE: 11.6836, Train R: 0.8489, Train RRSE: 0.5314, Test Loss: 399.6311, Test Node Loss: 6.3248, Test Reg Loss: 3.9331, Test MAPE: 12.5274, Test R: 0.8239, Test RRSE: 0.7021
2025-02-10 15:25:23,962:INFO:Epoch 102: Train Loss: 159.0270, Train Node Loss: 6.7147, Train Reg Loss: 1.5231, Train MAPE: 11.6191, Train R: 0.8600, Train RRSE: 0.5148, Test Loss: 340.8850, Test Node Loss: 6.5930, Test Reg Loss: 3.3429, Test MAPE: 12.2013, Test R: 0.8249, Test RRSE: 0.6473
2025-02-10 15:25:38,250:INFO:Epoch 103: Train Loss: 167.5054, Train Node Loss: 6.5988, Train Reg Loss: 1.6091, Train MAPE: 11.5104, Train R: 0.8532, Train RRSE: 0.5292, Test Loss: 426.1034, Test Node Loss: 6.0598, Test Reg Loss: 4.2004, Test MAPE: 12.5301, Test R: 0.8250, Test RRSE: 0.7256
2025-02-10 15:25:52,550:INFO:Epoch 104: Train Loss: 166.0613, Train Node Loss: 7.0409, Train Reg Loss: 1.5902, Train MAPE: 11.9568, Train R: 0.8571, Train RRSE: 0.5261, Test Loss: 1089.6412, Test Node Loss: 4.0402, Test Reg Loss: 10.8560, Test MAPE: 15.2983, Test R: 0.8245, Test RRSE: 1.1665
2025-02-10 15:26:06,863:INFO:Epoch 105: Train Loss: 159.6897, Train Node Loss: 5.3938, Train Reg Loss: 1.5430, Train MAPE: 11.5705, Train R: 0.8704, Train RRSE: 0.5182, Test Loss: 262.2716, Test Node Loss: 7.2406, Test Reg Loss: 2.5503, Test MAPE: 12.6480, Test R: 0.8288, Test RRSE: 0.5654
2025-02-10 15:26:06,891:INFO:Checkpoint saved at best_0.0008_0.001_256_SAGE_2_32_0.8288_epoch_105.pth
2025-02-10 15:26:21,396:INFO:Epoch 106: Train Loss: 165.4053, Train Node Loss: 6.4386, Train Reg Loss: 1.5897, Train MAPE: 11.9697, Train R: 0.8569, Train RRSE: 0.5260, Test Loss: 718.6284, Test Node Loss: 4.2397, Test Reg Loss: 7.1439, Test MAPE: 13.6292, Test R: 0.8283, Test RRSE: 0.9462
2025-02-10 15:26:36,499:INFO:Epoch 107: Train Loss: 153.7103, Train Node Loss: 5.4613, Train Reg Loss: 1.4825, Train MAPE: 11.6868, Train R: 0.8643, Train RRSE: 0.5079, Test Loss: 348.7750, Test Node Loss: 5.5129, Test Reg Loss: 3.4326, Test MAPE: 12.4582, Test R: 0.8262, Test RRSE: 0.6559
2025-02-10 15:26:51,734:INFO:Epoch 108: Train Loss: 143.6620, Train Node Loss: 5.2833, Train Reg Loss: 1.3838, Train MAPE: 11.6606, Train R: 0.8741, Train RRSE: 0.4907, Test Loss: 684.5057, Test Node Loss: 4.1325, Test Reg Loss: 6.8037, Test MAPE: 13.5975, Test R: 0.8251, Test RRSE: 0.9234
2025-02-10 15:27:06,243:INFO:Epoch 109: Train Loss: 142.5885, Train Node Loss: 5.0760, Train Reg Loss: 1.3751, Train MAPE: 11.6523, Train R: 0.8757, Train RRSE: 0.4892, Test Loss: 448.3256, Test Node Loss: 4.9160, Test Reg Loss: 4.4341, Test MAPE: 12.8625, Test R: 0.8270, Test RRSE: 0.7455
2025-02-10 15:27:20,706:INFO:Epoch 110: Train Loss: 147.1029, Train Node Loss: 5.1011, Train Reg Loss: 1.4200, Train MAPE: 11.8982, Train R: 0.8685, Train RRSE: 0.4971, Test Loss: 536.9069, Test Node Loss: 4.2375, Test Reg Loss: 5.3267, Test MAPE: 13.1884, Test R: 0.8262, Test RRSE: 0.8171
2025-02-10 15:27:35,235:INFO:Epoch 111: Train Loss: 146.9500, Train Node Loss: 5.1685, Train Reg Loss: 1.4178, Train MAPE: 11.8032, Train R: 0.8718, Train RRSE: 0.4967, Test Loss: 507.7015, Test Node Loss: 4.1561, Test Reg Loss: 5.0355, Test MAPE: 13.0920, Test R: 0.8267, Test RRSE: 0.7944
2025-02-10 15:27:49,651:INFO:Epoch 112: Train Loss: 156.3015, Train Node Loss: 4.3539, Train Reg Loss: 1.5195, Train MAPE: 11.5235, Train R: 0.8661, Train RRSE: 0.5142, Test Loss: 311.0967, Test Node Loss: 5.0629, Test Reg Loss: 3.0603, Test MAPE: 12.6432, Test R: 0.8285, Test RRSE: 0.6193
2025-02-10 15:28:03,944:INFO:Epoch 113: Train Loss: 176.2773, Train Node Loss: 4.7885, Train Reg Loss: 1.7149, Train MAPE: 11.7423, Train R: 0.8391, Train RRSE: 0.5463, Test Loss: 757.9324, Test Node Loss: 3.2862, Test Reg Loss: 7.5465, Test MAPE: 14.2239, Test R: 0.8266, Test RRSE: 0.9725
2025-02-10 15:28:18,391:INFO:Epoch 114: Train Loss: 165.5603, Train Node Loss: 4.8153, Train Reg Loss: 1.6075, Train MAPE: 11.9972, Train R: 0.8557, Train RRSE: 0.5289, Test Loss: 791.5028, Test Node Loss: 3.1690, Test Reg Loss: 7.8833, Test MAPE: 14.3464, Test R: 0.8271, Test RRSE: 0.9940
2025-02-10 15:28:32,696:INFO:Epoch 115: Train Loss: 163.9195, Train Node Loss: 3.6369, Train Reg Loss: 1.6028, Train MAPE: 11.6501, Train R: 0.8581, Train RRSE: 0.5281, Test Loss: 322.6619, Test Node Loss: 4.1563, Test Reg Loss: 3.1851, Test MAPE: 12.7546, Test R: 0.8286, Test RRSE: 0.6318
2025-02-10 15:28:47,153:INFO:Epoch 116: Train Loss: 151.9734, Train Node Loss: 3.8833, Train Reg Loss: 1.4809, Train MAPE: 11.7535, Train R: 0.8634, Train RRSE: 0.5077, Test Loss: 336.1658, Test Node Loss: 3.6854, Test Reg Loss: 3.3248, Test MAPE: 12.4776, Test R: 0.8269, Test RRSE: 0.6455
2025-02-10 15:29:01,469:INFO:Epoch 117: Train Loss: 138.5924, Train Node Loss: 3.6700, Train Reg Loss: 1.3492, Train MAPE: 11.6786, Train R: 0.8784, Train RRSE: 0.4846, Test Loss: 565.7336, Test Node Loss: 3.1124, Test Reg Loss: 5.6262, Test MAPE: 13.2331, Test R: 0.8266, Test RRSE: 0.8397
2025-02-10 15:29:15,775:INFO:Epoch 118: Train Loss: 157.3819, Train Node Loss: 3.7369, Train Reg Loss: 1.5364, Train MAPE: 11.5648, Train R: 0.8595, Train RRSE: 0.5171, Test Loss: 517.9107, Test Node Loss: 3.1525, Test Reg Loss: 5.1476, Test MAPE: 13.2862, Test R: 0.8251, Test RRSE: 0.8032
2025-02-10 15:29:30,250:INFO:Epoch 119: Train Loss: 146.9615, Train Node Loss: 3.5303, Train Reg Loss: 1.4343, Train MAPE: 11.6394, Train R: 0.8687, Train RRSE: 0.4996, Test Loss: 487.9866, Test Node Loss: 3.2007, Test Reg Loss: 4.8479, Test MAPE: 13.1603, Test R: 0.8284, Test RRSE: 0.7795
2025-02-10 15:29:44,595:INFO:Epoch 120: Train Loss: 175.5705, Train Node Loss: 4.1286, Train Reg Loss: 1.7144, Train MAPE: 11.9370, Train R: 0.8476, Train RRSE: 0.5462, Test Loss: 1304.4770, Test Node Loss: 2.0701, Test Reg Loss: 13.0241, Test MAPE: 16.3860, Test R: 0.8252, Test RRSE: 1.2776
2025-02-10 15:29:58,894:INFO:Epoch 121: Train Loss: 160.7374, Train Node Loss: 2.9585, Train Reg Loss: 1.5778, Train MAPE: 11.4354, Train R: 0.8707, Train RRSE: 0.5240, Test Loss: 264.0484, Test Node Loss: 3.9021, Test Reg Loss: 2.6015, Test MAPE: 12.5244, Test R: 0.8276, Test RRSE: 0.5710
2025-02-10 15:30:13,368:INFO:Epoch 122: Train Loss: 173.8012, Train Node Loss: 3.6647, Train Reg Loss: 1.7014, Train MAPE: 12.0194, Train R: 0.8444, Train RRSE: 0.5441, Test Loss: 1092.4073, Test Node Loss: 2.0146, Test Reg Loss: 10.9039, Test MAPE: 15.4220, Test R: 0.8263, Test RRSE: 1.1690
2025-02-10 15:30:28,570:INFO:Epoch 123: Train Loss: 161.6298, Train Node Loss: 3.1531, Train Reg Loss: 1.5848, Train MAPE: 11.6858, Train R: 0.8521, Train RRSE: 0.5252, Test Loss: 552.8690, Test Node Loss: 2.6941, Test Reg Loss: 5.5017, Test MAPE: 13.3459, Test R: 0.8282, Test RRSE: 0.8304
2025-02-10 15:30:43,191:INFO:Epoch 124: Train Loss: 157.9602, Train Node Loss: 2.7117, Train Reg Loss: 1.5525, Train MAPE: 11.5131, Train R: 0.8598, Train RRSE: 0.5198, Test Loss: 544.5592, Test Node Loss: 2.3702, Test Reg Loss: 5.4219, Test MAPE: 13.3626, Test R: 0.8265, Test RRSE: 0.8243
2025-02-10 15:30:57,579:INFO:Epoch 125: Train Loss: 146.7384, Train Node Loss: 3.0806, Train Reg Loss: 1.4366, Train MAPE: 11.8624, Train R: 0.8723, Train RRSE: 0.5000, Test Loss: 378.0447, Test Node Loss: 2.7699, Test Reg Loss: 3.7527, Test MAPE: 12.7076, Test R: 0.8275, Test RRSE: 0.6858
2025-02-10 15:31:11,857:INFO:Epoch 126: Train Loss: 140.6523, Train Node Loss: 2.6888, Train Reg Loss: 1.3796, Train MAPE: 11.7789, Train R: 0.8742, Train RRSE: 0.4900, Test Loss: 651.6581, Test Node Loss: 2.2200, Test Reg Loss: 6.4944, Test MAPE: 13.8632, Test R: 0.8281, Test RRSE: 0.9022
2025-02-10 15:31:26,317:INFO:Epoch 127: Train Loss: 158.9782, Train Node Loss: 2.9252, Train Reg Loss: 1.5605, Train MAPE: 11.7474, Train R: 0.8577, Train RRSE: 0.5211, Test Loss: 818.3635, Test Node Loss: 1.9639, Test Reg Loss: 8.1640, Test MAPE: 14.4703, Test R: 0.8265, Test RRSE: 1.0115
2025-02-10 15:31:40,550:INFO:Epoch 128: Train Loss: 133.7957, Train Node Loss: 2.4965, Train Reg Loss: 1.3130, Train MAPE: 11.8694, Train R: 0.8805, Train RRSE: 0.4780, Test Loss: 498.5375, Test Node Loss: 2.3112, Test Reg Loss: 4.9623, Test MAPE: 13.2778, Test R: 0.8249, Test RRSE: 0.7886
2025-02-10 15:31:54,765:INFO:Epoch 129: Train Loss: 148.4277, Train Node Loss: 2.5682, Train Reg Loss: 1.4586, Train MAPE: 11.9383, Train R: 0.8644, Train RRSE: 0.5038, Test Loss: 772.5768, Test Node Loss: 1.8302, Test Reg Loss: 7.7075, Test MAPE: 14.1576, Test R: 0.8302, Test RRSE: 0.9829
2025-02-10 15:31:54,813:INFO:Checkpoint saved at best_0.0008_0.001_256_SAGE_2_32_0.8302_epoch_129.pth
2025-02-10 15:32:09,335:INFO:Epoch 130: Train Loss: 130.2215, Train Node Loss: 2.3750, Train Reg Loss: 1.2785, Train MAPE: 11.7438, Train R: 0.8846, Train RRSE: 0.4717, Test Loss: 329.2157, Test Node Loss: 2.5546, Test Reg Loss: 3.2666, Test MAPE: 12.8174, Test R: 0.8319, Test RRSE: 0.6399
2025-02-10 15:32:09,362:INFO:Checkpoint saved at best_0.0008_0.001_256_SAGE_2_32_0.8319_epoch_130.pth
2025-02-10 15:32:24,430:INFO:Epoch 131: Train Loss: 135.8101, Train Node Loss: 2.6316, Train Reg Loss: 1.3318, Train MAPE: 11.9938, Train R: 0.8794, Train RRSE: 0.4814, Test Loss: 787.4574, Test Node Loss: 1.7991, Test Reg Loss: 7.8566, Test MAPE: 14.4510, Test R: 0.8298, Test RRSE: 0.9923
2025-02-10 15:32:38,923:INFO:Epoch 132: Train Loss: 156.9800, Train Node Loss: 2.0404, Train Reg Loss: 1.5494, Train MAPE: 11.7540, Train R: 0.8663, Train RRSE: 0.5193, Test Loss: 285.7322, Test Node Loss: 2.5169, Test Reg Loss: 2.8322, Test MAPE: 12.7543, Test R: 0.8247, Test RRSE: 0.5958
2025-02-10 15:32:53,166:INFO:Epoch 133: Train Loss: 172.9954, Train Node Loss: 2.6209, Train Reg Loss: 1.7037, Train MAPE: 12.2360, Train R: 0.8650, Train RRSE: 0.5445, Test Loss: 1151.6090, Test Node Loss: 1.1410, Test Reg Loss: 11.5047, Test MAPE: 15.5823, Test R: 0.8254, Test RRSE: 1.2008
2025-02-10 15:33:07,406:INFO:Epoch 134: Train Loss: 167.3546, Train Node Loss: 1.6412, Train Reg Loss: 1.6571, Train MAPE: 11.5264, Train R: 0.8730, Train RRSE: 0.5370, Test Loss: 270.3952, Test Node Loss: 2.2664, Test Reg Loss: 2.6813, Test MAPE: 12.8259, Test R: 0.8304, Test RRSE: 0.5797
2025-02-10 15:33:21,957:INFO:Epoch 135: Train Loss: 153.1875, Train Node Loss: 2.3338, Train Reg Loss: 1.5085, Train MAPE: 12.1229, Train R: 0.8746, Train RRSE: 0.5124, Test Loss: 803.9149, Test Node Loss: 1.3558, Test Reg Loss: 8.0256, Test MAPE: 14.4792, Test R: 0.8319, Test RRSE: 1.0029
2025-02-10 15:33:36,441:INFO:Epoch 136: Train Loss: 152.5879, Train Node Loss: 1.5619, Train Reg Loss: 1.5103, Train MAPE: 11.4735, Train R: 0.8739, Train RRSE: 0.5127, Test Loss: 513.0211, Test Node Loss: 1.5138, Test Reg Loss: 5.1151, Test MAPE: 13.3113, Test R: 0.8317, Test RRSE: 0.8007
2025-02-10 15:33:51,151:INFO:Epoch 137: Train Loss: 141.4084, Train Node Loss: 2.0561, Train Reg Loss: 1.3935, Train MAPE: 12.1593, Train R: 0.8802, Train RRSE: 0.4925, Test Loss: 511.4049, Test Node Loss: 1.4391, Test Reg Loss: 5.0997, Test MAPE: 13.2524, Test R: 0.8293, Test RRSE: 0.7995
2025-02-10 15:34:05,513:INFO:Epoch 138: Train Loss: 149.9865, Train Node Loss: 1.3668, Train Reg Loss: 1.4862, Train MAPE: 11.7345, Train R: 0.8768, Train RRSE: 0.5086, Test Loss: 767.6671, Test Node Loss: 1.0790, Test Reg Loss: 7.6659, Test MAPE: 14.3896, Test R: 0.8263, Test RRSE: 0.9802
2025-02-10 15:34:19,864:INFO:Epoch 139: Train Loss: 147.1454, Train Node Loss: 1.5818, Train Reg Loss: 1.4556, Train MAPE: 11.8685, Train R: 0.8701, Train RRSE: 0.5033, Test Loss: 503.6344, Test Node Loss: 1.2126, Test Reg Loss: 5.0242, Test MAPE: 13.2570, Test R: 0.8254, Test RRSE: 0.7935
2025-02-10 15:34:34,409:INFO:Epoch 140: Train Loss: 144.2999, Train Node Loss: 1.2822, Train Reg Loss: 1.4302, Train MAPE: 11.6599, Train R: 0.8689, Train RRSE: 0.4989, Test Loss: 815.8117, Test Node Loss: 0.8977, Test Reg Loss: 8.1491, Test MAPE: 14.2657, Test R: 0.8233, Test RRSE: 1.0106
2025-02-10 15:34:48,649:INFO:Epoch 141: Train Loss: 129.5547, Train Node Loss: 1.2355, Train Reg Loss: 1.2832, Train MAPE: 11.7338, Train R: 0.8846, Train RRSE: 0.4726, Test Loss: 351.2638, Test Node Loss: 1.2954, Test Reg Loss: 3.4997, Test MAPE: 13.1583, Test R: 0.8295, Test RRSE: 0.6623
2025-02-10 15:35:03,063:INFO:Epoch 142: Train Loss: 143.5618, Train Node Loss: 1.5306, Train Reg Loss: 1.4203, Train MAPE: 12.0816, Train R: 0.8720, Train RRSE: 0.4972, Test Loss: 475.2019, Test Node Loss: 1.1634, Test Reg Loss: 4.7404, Test MAPE: 13.3209, Test R: 0.8311, Test RRSE: 0.7708
2025-02-10 15:35:18,328:INFO:Epoch 143: Train Loss: 143.1282, Train Node Loss: 1.2695, Train Reg Loss: 1.4186, Train MAPE: 11.6530, Train R: 0.8719, Train RRSE: 0.4969, Test Loss: 585.8855, Test Node Loss: 1.0504, Test Reg Loss: 5.8484, Test MAPE: 13.7650, Test R: 0.8320, Test RRSE: 0.8562
2025-02-10 15:35:18,370:INFO:Checkpoint saved at best_0.0008_0.001_256_SAGE_2_32_0.8320_epoch_143.pth
2025-02-10 15:35:32,818:INFO:Epoch 144: Train Loss: 145.0104, Train Node Loss: 1.3664, Train Reg Loss: 1.4364, Train MAPE: 11.8082, Train R: 0.8687, Train RRSE: 0.5000, Test Loss: 423.0287, Test Node Loss: 1.1741, Test Reg Loss: 4.2185, Test MAPE: 13.1990, Test R: 0.8266, Test RRSE: 0.7271
2025-02-10 15:35:47,259:INFO:Epoch 145: Train Loss: 125.2785, Train Node Loss: 1.2047, Train Reg Loss: 1.2407, Train MAPE: 11.8805, Train R: 0.8869, Train RRSE: 0.4647, Test Loss: 963.7231, Test Node Loss: 0.7514, Test Reg Loss: 9.6297, Test MAPE: 15.1608, Test R: 0.8218, Test RRSE: 1.0986
2025-02-10 15:36:01,524:INFO:Epoch 146: Train Loss: 128.8402, Train Node Loss: 1.1706, Train Reg Loss: 1.2767, Train MAPE: 11.9182, Train R: 0.8826, Train RRSE: 0.4714, Test Loss: 431.7397, Test Node Loss: 1.1140, Test Reg Loss: 4.3063, Test MAPE: 13.1888, Test R: 0.8254, Test RRSE: 0.7347
2025-02-10 15:36:15,618:INFO:Epoch 147: Train Loss: 129.5373, Train Node Loss: 1.2867, Train Reg Loss: 1.2825, Train MAPE: 11.9175, Train R: 0.8822, Train RRSE: 0.4724, Test Loss: 366.9358, Test Node Loss: 1.2675, Test Reg Loss: 3.6567, Test MAPE: 12.8831, Test R: 0.8328, Test RRSE: 0.6770
2025-02-10 15:36:15,653:INFO:Checkpoint saved at best_0.0008_0.001_256_SAGE_2_32_0.8328_epoch_147.pth
2025-02-10 15:36:29,896:INFO:Epoch 148: Train Loss: 137.1716, Train Node Loss: 1.4132, Train Reg Loss: 1.3576, Train MAPE: 11.9806, Train R: 0.8775, Train RRSE: 0.4861, Test Loss: 945.3128, Test Node Loss: 0.8303, Test Reg Loss: 9.4448, Test MAPE: 15.1117, Test R: 0.8306, Test RRSE: 1.0880
2025-02-10 15:36:44,197:INFO:Epoch 149: Train Loss: 151.9745, Train Node Loss: 1.2102, Train Reg Loss: 1.5076, Train MAPE: 11.8411, Train R: 0.8597, Train RRSE: 0.5122, Test Loss: 883.1429, Test Node Loss: 0.7844, Test Reg Loss: 8.8236, Test MAPE: 14.8166, Test R: 0.8278, Test RRSE: 1.0516
2025-02-10 15:36:58,481:INFO:Epoch 150: Train Loss: 144.7218, Train Node Loss: 1.2425, Train Reg Loss: 1.4348, Train MAPE: 11.8857, Train R: 0.8672, Train RRSE: 0.4997, Test Loss: 374.9694, Test Node Loss: 1.2130, Test Reg Loss: 3.7376, Test MAPE: 13.1063, Test R: 0.8308, Test RRSE: 0.6844
2025-02-10 15:37:12,577:INFO:Epoch 151: Train Loss: 125.6694, Train Node Loss: 1.2472, Train Reg Loss: 1.2442, Train MAPE: 11.8884, Train R: 0.8864, Train RRSE: 0.4653, Test Loss: 780.2101, Test Node Loss: 0.8874, Test Reg Loss: 7.7932, Test MAPE: 14.5417, Test R: 0.8304, Test RRSE: 0.9883
2025-02-10 15:37:26,748:INFO:Epoch 152: Train Loss: 124.9673, Train Node Loss: 1.1989, Train Reg Loss: 1.2377, Train MAPE: 11.8150, Train R: 0.8880, Train RRSE: 0.4641, Test Loss: 440.5069, Test Node Loss: 1.1483, Test Reg Loss: 4.3936, Test MAPE: 13.2012, Test R: 0.8264, Test RRSE: 0.7421
2025-02-10 15:37:40,953:INFO:Epoch 153: Train Loss: 127.1979, Train Node Loss: 1.3687, Train Reg Loss: 1.2583, Train MAPE: 12.1371, Train R: 0.8897, Train RRSE: 0.4680, Test Loss: 1193.7446, Test Node Loss: 0.6754, Test Reg Loss: 11.9307, Test MAPE: 16.1239, Test R: 0.8250, Test RRSE: 1.2228
2025-02-10 15:37:55,119:INFO:Epoch 154: Train Loss: 158.5698, Train Node Loss: 0.9754, Train Reg Loss: 1.5759, Train MAPE: 11.5732, Train R: 0.8641, Train RRSE: 0.5237, Test Loss: 549.1470, Test Node Loss: 0.9568, Test Reg Loss: 5.4819, Test MAPE: 13.4082, Test R: 0.8261, Test RRSE: 0.8289
2025-02-10 15:38:09,217:INFO:Epoch 155: Train Loss: 140.5875, Train Node Loss: 1.3366, Train Reg Loss: 1.3925, Train MAPE: 12.1952, Train R: 0.8875, Train RRSE: 0.4923, Test Loss: 762.5907, Test Node Loss: 0.7464, Test Reg Loss: 7.6184, Test MAPE: 14.2991, Test R: 0.8270, Test RRSE: 0.9772
2025-02-10 15:38:24,043:INFO:Epoch 156: Train Loss: 123.3278, Train Node Loss: 0.9439, Train Reg Loss: 1.2238, Train MAPE: 11.7464, Train R: 0.8921, Train RRSE: 0.4615, Test Loss: 585.7372, Test Node Loss: 0.7582, Test Reg Loss: 5.8498, Test MAPE: 13.6454, Test R: 0.8291, Test RRSE: 0.8563
2025-02-10 15:38:38,521:INFO:Epoch 157: Train Loss: 133.5130, Train Node Loss: 1.0465, Train Reg Loss: 1.3247, Train MAPE: 12.0710, Train R: 0.8776, Train RRSE: 0.4801, Test Loss: 952.4313, Test Node Loss: 0.6533, Test Reg Loss: 9.5178, Test MAPE: 15.1928, Test R: 0.8275, Test RRSE: 1.0922
2025-02-10 15:38:52,882:INFO:Epoch 158: Train Loss: 140.6989, Train Node Loss: 0.8844, Train Reg Loss: 1.3981, Train MAPE: 11.8081, Train R: 0.8723, Train RRSE: 0.4933, Test Loss: 972.1020, Test Node Loss: 0.5442, Test Reg Loss: 9.7156, Test MAPE: 15.0763, Test R: 0.8246, Test RRSE: 1.1035
2025-02-10 15:39:07,764:INFO:Epoch 159: Train Loss: 129.7385, Train Node Loss: 0.9778, Train Reg Loss: 1.2876, Train MAPE: 12.0069, Train R: 0.8849, Train RRSE: 0.4734, Test Loss: 323.3569, Test Node Loss: 0.9046, Test Reg Loss: 3.2245, Test MAPE: 12.9447, Test R: 0.8270, Test RRSE: 0.6357
2025-02-10 15:39:22,226:INFO:Epoch 160: Train Loss: 130.9728, Train Node Loss: 0.9276, Train Reg Loss: 1.3005, Train MAPE: 11.7417, Train R: 0.8805, Train RRSE: 0.4757, Test Loss: 472.7249, Test Node Loss: 0.7772, Test Reg Loss: 4.7195, Test MAPE: 12.9079, Test R: 0.8244, Test RRSE: 0.7691
2025-02-10 15:39:37,318:INFO:Epoch 161: Train Loss: 137.6288, Train Node Loss: 1.0298, Train Reg Loss: 1.3660, Train MAPE: 11.8396, Train R: 0.8743, Train RRSE: 0.4876, Test Loss: 528.8483, Test Node Loss: 0.8668, Test Reg Loss: 5.2798, Test MAPE: 13.8995, Test R: 0.8300, Test RRSE: 0.8135
2025-02-10 15:39:51,878:INFO:Epoch 162: Train Loss: 132.4211, Train Node Loss: 1.0247, Train Reg Loss: 1.3140, Train MAPE: 11.9614, Train R: 0.8786, Train RRSE: 0.4782, Test Loss: 806.1929, Test Node Loss: 0.6954, Test Reg Loss: 8.0550, Test MAPE: 14.7192, Test R: 0.8260, Test RRSE: 1.0048
2025-02-10 15:40:06,368:INFO:Epoch 163: Train Loss: 131.8454, Train Node Loss: 1.0084, Train Reg Loss: 1.3084, Train MAPE: 11.9769, Train R: 0.8790, Train RRSE: 0.4772, Test Loss: 588.9236, Test Node Loss: 0.7876, Test Reg Loss: 5.8814, Test MAPE: 13.7778, Test R: 0.8250, Test RRSE: 0.8586
2025-02-10 15:40:20,852:INFO:Epoch 164: Train Loss: 170.1210, Train Node Loss: 1.1908, Train Reg Loss: 1.6893, Train MAPE: 12.0624, Train R: 0.8530, Train RRSE: 0.5422, Test Loss: 737.7855, Test Node Loss: 0.7038, Test Reg Loss: 7.3708, Test MAPE: 14.2854, Test R: 0.8304, Test RRSE: 0.9612
2025-02-10 15:40:35,246:INFO:Epoch 165: Train Loss: 158.9552, Train Node Loss: 0.7817, Train Reg Loss: 1.5817, Train MAPE: 11.6161, Train R: 0.8731, Train RRSE: 0.5247, Test Loss: 742.6247, Test Node Loss: 0.6494, Test Reg Loss: 7.4198, Test MAPE: 14.3833, Test R: 0.8310, Test RRSE: 0.9643
2025-02-10 15:40:49,745:INFO:Epoch 166: Train Loss: 129.8984, Train Node Loss: 0.9298, Train Reg Loss: 1.2897, Train MAPE: 12.0440, Train R: 0.8887, Train RRSE: 0.4738, Test Loss: 981.9798, Test Node Loss: 0.4774, Test Reg Loss: 9.8150, Test MAPE: 15.2418, Test R: 0.8228, Test RRSE: 1.1091
2025-02-10 15:41:04,070:INFO:Epoch 167: Train Loss: 128.9064, Train Node Loss: 0.7597, Train Reg Loss: 1.2815, Train MAPE: 11.8402, Train R: 0.8826, Train RRSE: 0.4722, Test Loss: 1188.5704, Test Node Loss: 0.3750, Test Reg Loss: 11.8820, Test MAPE: 16.2677, Test R: 0.8266, Test RRSE: 1.2203
2025-02-10 15:41:18,452:INFO:Epoch 168: Train Loss: 126.5316, Train Node Loss: 0.6935, Train Reg Loss: 1.2584, Train MAPE: 11.8835, Train R: 0.8870, Train RRSE: 0.4680, Test Loss: 285.1980, Test Node Loss: 0.7843, Test Reg Loss: 2.8441, Test MAPE: 13.0802, Test R: 0.8276, Test RRSE: 0.5971
2025-02-10 15:41:32,918:INFO:Epoch 169: Train Loss: 122.8276, Train Node Loss: 0.8648, Train Reg Loss: 1.2196, Train MAPE: 12.0799, Train R: 0.8886, Train RRSE: 0.4607, Test Loss: 692.0731, Test Node Loss: 0.6052, Test Reg Loss: 6.9147, Test MAPE: 14.4192, Test R: 0.8307, Test RRSE: 0.9309
2025-02-10 15:41:47,676:INFO:Epoch 170: Train Loss: 134.6506, Train Node Loss: 0.7592, Train Reg Loss: 1.3389, Train MAPE: 11.9028, Train R: 0.8774, Train RRSE: 0.4827, Test Loss: 634.4797, Test Node Loss: 0.6281, Test Reg Loss: 6.3385, Test MAPE: 14.1685, Test R: 0.8285, Test RRSE: 0.8913
2025-02-10 15:42:02,225:INFO:Epoch 171: Train Loss: 131.2239, Train Node Loss: 0.8303, Train Reg Loss: 1.3039, Train MAPE: 11.9955, Train R: 0.8815, Train RRSE: 0.4764, Test Loss: 1027.1001, Test Node Loss: 0.4765, Test Reg Loss: 10.2662, Test MAPE: 15.7149, Test R: 0.8265, Test RRSE: 1.1343
2025-02-10 15:42:16,674:INFO:Epoch 172: Train Loss: 123.5387, Train Node Loss: 0.7323, Train Reg Loss: 1.2281, Train MAPE: 11.9698, Train R: 0.8882, Train RRSE: 0.4623, Test Loss: 728.3719, Test Node Loss: 0.5431, Test Reg Loss: 7.2783, Test MAPE: 14.2053, Test R: 0.8251, Test RRSE: 0.9551
2025-02-10 15:42:31,173:INFO:Epoch 173: Train Loss: 139.4122, Train Node Loss: 0.7534, Train Reg Loss: 1.3866, Train MAPE: 11.9357, Train R: 0.8715, Train RRSE: 0.4912, Test Loss: 589.9359, Test Node Loss: 0.5896, Test Reg Loss: 5.8935, Test MAPE: 13.8136, Test R: 0.8280, Test RRSE: 0.8595
2025-02-10 15:42:45,575:INFO:Epoch 174: Train Loss: 128.6643, Train Node Loss: 0.8942, Train Reg Loss: 1.2777, Train MAPE: 11.9189, Train R: 0.8835, Train RRSE: 0.4715, Test Loss: 304.8102, Test Node Loss: 0.8905, Test Reg Loss: 3.0392, Test MAPE: 13.2654, Test R: 0.8309, Test RRSE: 0.6172
2025-02-10 15:42:59,981:INFO:Epoch 175: Train Loss: 135.9413, Train Node Loss: 0.8521, Train Reg Loss: 1.3509, Train MAPE: 11.8946, Train R: 0.8751, Train RRSE: 0.4849, Test Loss: 803.8545, Test Node Loss: 0.5049, Test Reg Loss: 8.0335, Test MAPE: 14.6865, Test R: 0.8262, Test RRSE: 1.0034
2025-02-10 15:43:14,344:INFO:Epoch 176: Train Loss: 129.3749, Train Node Loss: 0.7482, Train Reg Loss: 1.2863, Train MAPE: 11.9271, Train R: 0.8817, Train RRSE: 0.4731, Test Loss: 802.9722, Test Node Loss: 0.5015, Test Reg Loss: 8.0247, Test MAPE: 14.6682, Test R: 0.8227, Test RRSE: 1.0029
2025-02-10 15:43:28,798:INFO:Epoch 177: Train Loss: 118.8620, Train Node Loss: 0.7174, Train Reg Loss: 1.1814, Train MAPE: 12.0024, Train R: 0.8919, Train RRSE: 0.4534, Test Loss: 817.1816, Test Node Loss: 0.5049, Test Reg Loss: 8.1668, Test MAPE: 14.8702, Test R: 0.8286, Test RRSE: 1.0117
2025-02-10 15:43:43,387:INFO:Epoch 178: Train Loss: 127.2260, Train Node Loss: 0.7963, Train Reg Loss: 1.2643, Train MAPE: 12.0524, Train R: 0.8837, Train RRSE: 0.4691, Test Loss: 530.1798, Test Node Loss: 0.6276, Test Reg Loss: 5.2955, Test MAPE: 13.6678, Test R: 0.8302, Test RRSE: 0.8147
2025-02-10 15:43:57,862:INFO:Epoch 179: Train Loss: 120.5742, Train Node Loss: 0.7778, Train Reg Loss: 1.1980, Train MAPE: 11.7456, Train R: 0.8926, Train RRSE: 0.4566, Test Loss: 596.1644, Test Node Loss: 0.6236, Test Reg Loss: 5.9554, Test MAPE: 13.9668, Test R: 0.8322, Test RRSE: 0.8640
2025-02-10 15:44:12,494:INFO:Epoch 180: Train Loss: 129.8226, Train Node Loss: 0.7743, Train Reg Loss: 1.2905, Train MAPE: 11.8228, Train R: 0.8825, Train RRSE: 0.4739, Test Loss: 629.7097, Test Node Loss: 0.5900, Test Reg Loss: 6.2912, Test MAPE: 13.9832, Test R: 0.8268, Test RRSE: 0.8880
2025-02-10 15:44:27,229:INFO:Epoch 181: Train Loss: 125.3204, Train Node Loss: 0.8248, Train Reg Loss: 1.2450, Train MAPE: 12.0696, Train R: 0.8876, Train RRSE: 0.4655, Test Loss: 888.3630, Test Node Loss: 0.4889, Test Reg Loss: 8.8787, Test MAPE: 14.8889, Test R: 0.8220, Test RRSE: 1.0549
2025-02-10 15:44:41,845:INFO:Epoch 182: Train Loss: 120.9129, Train Node Loss: 0.7743, Train Reg Loss: 1.2014, Train MAPE: 11.9883, Train R: 0.8898, Train RRSE: 0.4572, Test Loss: 797.8634, Test Node Loss: 0.5220, Test Reg Loss: 7.9734, Test MAPE: 14.6155, Test R: 0.8237, Test RRSE: 0.9997
2025-02-10 15:44:56,175:INFO:Epoch 183: Train Loss: 117.7407, Train Node Loss: 0.7765, Train Reg Loss: 1.1696, Train MAPE: 11.9967, Train R: 0.8930, Train RRSE: 0.4512, Test Loss: 619.6654, Test Node Loss: 0.5886, Test Reg Loss: 6.1908, Test MAPE: 13.9037, Test R: 0.8262, Test RRSE: 0.8809
2025-02-10 15:45:10,720:INFO:Epoch 184: Train Loss: 135.6378, Train Node Loss: 0.8707, Train Reg Loss: 1.3477, Train MAPE: 12.0369, Train R: 0.8769, Train RRSE: 0.4843, Test Loss: 922.2819, Test Node Loss: 0.4836, Test Reg Loss: 9.2180, Test MAPE: 15.2426, Test R: 0.8298, Test RRSE: 1.0749
2025-02-10 15:45:25,404:INFO:Epoch 185: Train Loss: 143.3813, Train Node Loss: 0.6533, Train Reg Loss: 1.4273, Train MAPE: 11.7168, Train R: 0.8791, Train RRSE: 0.4984, Test Loss: 332.1978, Test Node Loss: 0.7832, Test Reg Loss: 3.3141, Test MAPE: 12.9874, Test R: 0.8275, Test RRSE: 0.6445
2025-02-10 15:45:39,946:INFO:Epoch 186: Train Loss: 133.6851, Train Node Loss: 0.8381, Train Reg Loss: 1.3285, Train MAPE: 12.1626, Train R: 0.8826, Train RRSE: 0.4808, Test Loss: 1488.4983, Test Node Loss: 0.3636, Test Reg Loss: 14.8813, Test MAPE: 17.5386, Test R: 0.8285, Test RRSE: 1.3657
2025-02-10 15:45:54,819:INFO:Epoch 187: Train Loss: 136.9838, Train Node Loss: 0.7222, Train Reg Loss: 1.3626, Train MAPE: 12.0205, Train R: 0.8745, Train RRSE: 0.4870, Test Loss: 1001.0372, Test Node Loss: 0.4237, Test Reg Loss: 10.0061, Test MAPE: 15.4324, Test R: 0.8284, Test RRSE: 1.1199
2025-02-10 15:46:10,055:INFO:Epoch 188: Train Loss: 140.5859, Train Node Loss: 0.6061, Train Reg Loss: 1.3998, Train MAPE: 11.7843, Train R: 0.8785, Train RRSE: 0.4936, Test Loss: 648.6755, Test Node Loss: 0.4954, Test Reg Loss: 6.4818, Test MAPE: 14.2846, Test R: 0.8302, Test RRSE: 0.9013
2025-02-10 15:46:24,899:INFO:Epoch 189: Train Loss: 136.8212, Train Node Loss: 0.7863, Train Reg Loss: 1.3603, Train MAPE: 12.2730, Train R: 0.8818, Train RRSE: 0.4866, Test Loss: 401.1869, Test Node Loss: 0.6292, Test Reg Loss: 4.0056, Test MAPE: 13.3583, Test R: 0.8273, Test RRSE: 0.7085
2025-02-10 15:46:39,314:INFO:Epoch 190: Train Loss: 133.8075, Train Node Loss: 0.6440, Train Reg Loss: 1.3316, Train MAPE: 11.8536, Train R: 0.8810, Train RRSE: 0.4814, Test Loss: 893.9784, Test Node Loss: 0.4041, Test Reg Loss: 8.9357, Test MAPE: 15.1875, Test R: 0.8254, Test RRSE: 1.0583
2025-02-10 15:46:53,907:INFO:Epoch 191: Train Loss: 138.0733, Train Node Loss: 0.6725, Train Reg Loss: 1.3740, Train MAPE: 12.1525, Train R: 0.8741, Train RRSE: 0.4890, Test Loss: 820.0051, Test Node Loss: 0.4106, Test Reg Loss: 8.1959, Test MAPE: 14.6215, Test R: 0.8232, Test RRSE: 1.0135
2025-02-10 15:47:08,478:INFO:Epoch 192: Train Loss: 142.7238, Train Node Loss: 0.6632, Train Reg Loss: 1.4206, Train MAPE: 11.7249, Train R: 0.8687, Train RRSE: 0.4972, Test Loss: 792.7454, Test Node Loss: 0.5202, Test Reg Loss: 7.9223, Test MAPE: 14.9609, Test R: 0.8290, Test RRSE: 0.9965
2025-02-10 15:47:22,912:INFO:Epoch 193: Train Loss: 123.5735, Train Node Loss: 0.7451, Train Reg Loss: 1.2283, Train MAPE: 12.0673, Train R: 0.8872, Train RRSE: 0.4623, Test Loss: 655.9015, Test Node Loss: 0.5855, Test Reg Loss: 6.5532, Test MAPE: 14.4209, Test R: 0.8336, Test RRSE: 0.9063
2025-02-10 15:47:22,938:INFO:Checkpoint saved at best_0.0008_0.001_256_SAGE_2_32_0.8336_epoch_193.pth
2025-02-10 15:47:37,555:INFO:Epoch 194: Train Loss: 120.2379, Train Node Loss: 0.7371, Train Reg Loss: 1.1950, Train MAPE: 11.9872, Train R: 0.8911, Train RRSE: 0.4560, Test Loss: 513.6489, Test Node Loss: 0.6039, Test Reg Loss: 5.1304, Test MAPE: 13.5647, Test R: 0.8296, Test RRSE: 0.8019
2025-02-10 15:47:52,094:INFO:Epoch 195: Train Loss: 120.9134, Train Node Loss: 0.7416, Train Reg Loss: 1.2017, Train MAPE: 11.9727, Train R: 0.8901, Train RRSE: 0.4573, Test Loss: 799.4485, Test Node Loss: 0.4918, Test Reg Loss: 7.9896, Test MAPE: 14.8910, Test R: 0.8280, Test RRSE: 1.0007
2025-02-10 15:48:06,530:INFO:Epoch 196: Train Loss: 113.9372, Train Node Loss: 0.6825, Train Reg Loss: 1.1325, Train MAPE: 11.9093, Train R: 0.8987, Train RRSE: 0.4440, Test Loss: 564.7066, Test Node Loss: 0.5618, Test Reg Loss: 5.6414, Test MAPE: 13.8194, Test R: 0.8221, Test RRSE: 0.8409
2025-02-10 15:48:21,260:INFO:Epoch 197: Train Loss: 132.1015, Train Node Loss: 0.7715, Train Reg Loss: 1.3133, Train MAPE: 12.0685, Train R: 0.8822, Train RRSE: 0.4781, Test Loss: 899.2926, Test Node Loss: 0.4496, Test Reg Loss: 8.9884, Test MAPE: 15.2489, Test R: 0.8261, Test RRSE: 1.0614
2025-02-10 15:48:35,712:INFO:Epoch 198: Train Loss: 139.1940, Train Node Loss: 0.6557, Train Reg Loss: 1.3854, Train MAPE: 11.9310, Train R: 0.8757, Train RRSE: 0.4910, Test Loss: 540.4906, Test Node Loss: 0.5655, Test Reg Loss: 5.3993, Test MAPE: 13.7021, Test R: 0.8265, Test RRSE: 0.8226
2025-02-10 15:48:50,561:INFO:Epoch 199: Train Loss: 153.5425, Train Node Loss: 0.7874, Train Reg Loss: 1.5276, Train MAPE: 11.9925, Train R: 0.8681, Train RRSE: 0.5156, Test Loss: 1054.3527, Test Node Loss: 0.4205, Test Reg Loss: 10.5393, Test MAPE: 15.5599, Test R: 0.8264, Test RRSE: 1.1493
2025-02-10 15:49:04,840:INFO:Epoch 200: Train Loss: 164.5224, Train Node Loss: 0.5081, Train Reg Loss: 1.6401, Train MAPE: 11.7723, Train R: 0.8708, Train RRSE: 0.5343, Test Loss: 1443.4132, Test Node Loss: 0.3215, Test Reg Loss: 14.4309, Test MAPE: 17.3436, Test R: 0.8290, Test RRSE: 1.3449
2025-02-10 15:49:19,690:INFO:Epoch 201: Train Loss: 157.6909, Train Node Loss: 0.6197, Train Reg Loss: 1.5707, Train MAPE: 12.2188, Train R: 0.8668, Train RRSE: 0.5228, Test Loss: 685.6374, Test Node Loss: 0.3796, Test Reg Loss: 6.8526, Test MAPE: 14.4355, Test R: 0.8323, Test RRSE: 0.9268
2025-02-10 15:49:34,866:INFO:Epoch 202: Train Loss: 121.1576, Train Node Loss: 0.5014, Train Reg Loss: 1.2066, Train MAPE: 11.8872, Train R: 0.8951, Train RRSE: 0.4582, Test Loss: 265.1713, Test Node Loss: 0.5046, Test Reg Loss: 2.6467, Test MAPE: 12.9718, Test R: 0.8249, Test RRSE: 0.5760
2025-02-10 15:49:49,231:INFO:Epoch 203: Train Loss: 125.2202, Train Node Loss: 0.5867, Train Reg Loss: 1.2463, Train MAPE: 11.9045, Train R: 0.8868, Train RRSE: 0.4657, Test Loss: 548.1354, Test Node Loss: 0.4032, Test Reg Loss: 5.4773, Test MAPE: 13.8876, Test R: 0.8193, Test RRSE: 0.8286
2025-02-10 15:50:03,763:INFO:Epoch 204: Train Loss: 132.9105, Train Node Loss: 0.4801, Train Reg Loss: 1.3243, Train MAPE: 11.9173, Train R: 0.8816, Train RRSE: 0.4801, Test Loss: 679.6494, Test Node Loss: 0.3930, Test Reg Loss: 6.7926, Test MAPE: 14.4347, Test R: 0.8311, Test RRSE: 0.9227
2025-02-10 15:50:18,712:INFO:Epoch 205: Train Loss: 146.2292, Train Node Loss: 0.6403, Train Reg Loss: 1.4559, Train MAPE: 12.3675, Train R: 0.8764, Train RRSE: 0.5034, Test Loss: 949.3503, Test Node Loss: 0.3316, Test Reg Loss: 9.4902, Test MAPE: 15.3131, Test R: 0.8312, Test RRSE: 1.0906
2025-02-10 15:50:33,302:INFO:Epoch 206: Train Loss: 140.5876, Train Node Loss: 0.4375, Train Reg Loss: 1.4015, Train MAPE: 11.6409, Train R: 0.8831, Train RRSE: 0.4939, Test Loss: 707.8851, Test Node Loss: 0.3530, Test Reg Loss: 7.0753, Test MAPE: 14.3349, Test R: 0.8305, Test RRSE: 0.9417
2025-02-10 15:50:47,843:INFO:Epoch 207: Train Loss: 131.2716, Train Node Loss: 0.5848, Train Reg Loss: 1.3069, Train MAPE: 12.1675, Train R: 0.8838, Train RRSE: 0.4769, Test Loss: 446.3033, Test Node Loss: 0.4500, Test Reg Loss: 4.4585, Test MAPE: 13.5010, Test R: 0.8307, Test RRSE: 0.7475
2025-02-10 15:51:02,581:INFO:Epoch 208: Train Loss: 129.4069, Train Node Loss: 0.4788, Train Reg Loss: 1.2893, Train MAPE: 11.9132, Train R: 0.8832, Train RRSE: 0.4737, Test Loss: 861.6148, Test Node Loss: 0.2677, Test Reg Loss: 8.6135, Test MAPE: 14.7064, Test R: 0.8267, Test RRSE: 1.0390
2025-02-10 15:51:17,225:INFO:Epoch 209: Train Loss: 127.9328, Train Node Loss: 0.4471, Train Reg Loss: 1.2749, Train MAPE: 12.0468, Train R: 0.8858, Train RRSE: 0.4710, Test Loss: 646.3780, Test Node Loss: 0.3071, Test Reg Loss: 6.4607, Test MAPE: 13.9633, Test R: 0.8219, Test RRSE: 0.8999
2025-02-10 15:51:31,852:INFO:Epoch 210: Train Loss: 147.9841, Train Node Loss: 0.4117, Train Reg Loss: 1.4757, Train MAPE: 11.9753, Train R: 0.8654, Train RRSE: 0.5068, Test Loss: 992.6824, Test Node Loss: 0.2758, Test Reg Loss: 9.9241, Test MAPE: 15.4299, Test R: 0.8272, Test RRSE: 1.1153
2025-02-10 15:51:46,448:INFO:Epoch 211: Train Loss: 110.8675, Train Node Loss: 0.4787, Train Reg Loss: 1.1039, Train MAPE: 11.9601, Train R: 0.8993, Train RRSE: 0.4383, Test Loss: 593.6146, Test Node Loss: 0.3571, Test Reg Loss: 5.9326, Test MAPE: 13.8791, Test R: 0.8256, Test RRSE: 0.8623
2025-02-10 15:52:00,997:INFO:Epoch 212: Train Loss: 128.8536, Train Node Loss: 0.4750, Train Reg Loss: 1.2838, Train MAPE: 12.1382, Train R: 0.8843, Train RRSE: 0.4727, Test Loss: 848.4297, Test Node Loss: 0.2568, Test Reg Loss: 8.4817, Test MAPE: 14.9669, Test R: 0.8270, Test RRSE: 1.0310
2025-02-10 15:52:15,410:INFO:Epoch 213: Train Loss: 125.0679, Train Node Loss: 0.3773, Train Reg Loss: 1.2469, Train MAPE: 11.7841, Train R: 0.8915, Train RRSE: 0.4658, Test Loss: 488.7772, Test Node Loss: 0.3320, Test Reg Loss: 4.8845, Test MAPE: 13.5627, Test R: 0.8233, Test RRSE: 0.7824
2025-02-10 15:52:30,154:INFO:Epoch 214: Train Loss: 118.6058, Train Node Loss: 0.4518, Train Reg Loss: 1.1815, Train MAPE: 12.0837, Train R: 0.8919, Train RRSE: 0.4535, Test Loss: 573.2834, Test Node Loss: 0.3628, Test Reg Loss: 5.7292, Test MAPE: 14.0745, Test R: 0.8283, Test RRSE: 0.8474
2025-02-10 15:52:44,701:INFO:Epoch 215: Train Loss: 129.8241, Train Node Loss: 0.5031, Train Reg Loss: 1.2932, Train MAPE: 12.1398, Train R: 0.8804, Train RRSE: 0.4744, Test Loss: 441.0354, Test Node Loss: 0.4245, Test Reg Loss: 4.4061, Test MAPE: 13.6902, Test R: 0.8296, Test RRSE: 0.7431
2025-02-10 15:52:59,015:INFO:Epoch 216: Train Loss: 116.1067, Train Node Loss: 0.5194, Train Reg Loss: 1.1559, Train MAPE: 12.1330, Train R: 0.8943, Train RRSE: 0.4485, Test Loss: 615.4663, Test Node Loss: 0.3557, Test Reg Loss: 6.1511, Test MAPE: 14.1151, Test R: 0.8297, Test RRSE: 0.8780
2025-02-10 15:53:13,395:INFO:Epoch 217: Train Loss: 124.8042, Train Node Loss: 0.4994, Train Reg Loss: 1.2430, Train MAPE: 12.0937, Train R: 0.8855, Train RRSE: 0.4651, Test Loss: 741.4607, Test Node Loss: 0.3373, Test Reg Loss: 7.4112, Test MAPE: 14.5174, Test R: 0.8302, Test RRSE: 0.9638
2025-02-10 15:53:28,000:INFO:Epoch 218: Train Loss: 118.9974, Train Node Loss: 0.4727, Train Reg Loss: 1.1852, Train MAPE: 11.8615, Train R: 0.8936, Train RRSE: 0.4542, Test Loss: 533.0763, Test Node Loss: 0.4339, Test Reg Loss: 5.3264, Test MAPE: 13.7026, Test R: 0.8271, Test RRSE: 0.8171
2025-02-10 15:53:42,482:INFO:Epoch 219: Train Loss: 117.9304, Train Node Loss: 0.6260, Train Reg Loss: 1.1730, Train MAPE: 12.2500, Train R: 0.8953, Train RRSE: 0.4518, Test Loss: 800.7786, Test Node Loss: 0.3825, Test Reg Loss: 8.0040, Test MAPE: 14.7662, Test R: 0.8282, Test RRSE: 1.0016
2025-02-10 15:53:57,052:INFO:Epoch 220: Train Loss: 142.5252, Train Node Loss: 0.4701, Train Reg Loss: 1.4206, Train MAPE: 11.6955, Train R: 0.8751, Train RRSE: 0.4972, Test Loss: 633.4241, Test Node Loss: 0.3703, Test Reg Loss: 6.3305, Test MAPE: 13.7856, Test R: 0.8226, Test RRSE: 0.8908
2025-02-10 15:54:11,462:INFO:Epoch 221: Train Loss: 126.7234, Train Node Loss: 0.5657, Train Reg Loss: 1.2616, Train MAPE: 12.0664, Train R: 0.8871, Train RRSE: 0.4686, Test Loss: 684.3421, Test Node Loss: 0.3999, Test Reg Loss: 6.8394, Test MAPE: 14.2818, Test R: 0.8288, Test RRSE: 0.9259
2025-02-10 15:54:25,913:INFO:Epoch 222: Train Loss: 133.8363, Train Node Loss: 0.5307, Train Reg Loss: 1.3331, Train MAPE: 12.0334, Train R: 0.8779, Train RRSE: 0.4817, Test Loss: 812.8099, Test Node Loss: 0.3103, Test Reg Loss: 8.1250, Test MAPE: 14.9541, Test R: 0.8249, Test RRSE: 1.0091
2025-02-10 15:54:40,427:INFO:Epoch 223: Train Loss: 132.3924, Train Node Loss: 0.5131, Train Reg Loss: 1.3188, Train MAPE: 11.7606, Train R: 0.8833, Train RRSE: 0.4791, Test Loss: 259.9533, Test Node Loss: 0.6119, Test Reg Loss: 2.5934, Test MAPE: 13.2726, Test R: 0.8292, Test RRSE: 0.5701
2025-02-10 15:54:54,775:INFO:Epoch 224: Train Loss: 122.9545, Train Node Loss: 0.5976, Train Reg Loss: 1.2236, Train MAPE: 12.0768, Train R: 0.8882, Train RRSE: 0.4614, Test Loss: 722.7417, Test Node Loss: 0.3514, Test Reg Loss: 7.2239, Test MAPE: 14.3674, Test R: 0.8234, Test RRSE: 0.9515
2025-02-10 15:55:09,088:INFO:Epoch 225: Train Loss: 127.3623, Train Node Loss: 0.5024, Train Reg Loss: 1.2686, Train MAPE: 11.9670, Train R: 0.8831, Train RRSE: 0.4699, Test Loss: 866.2534, Test Node Loss: 0.3252, Test Reg Loss: 8.6593, Test MAPE: 14.8802, Test R: 0.8231, Test RRSE: 1.0418
2025-02-10 15:55:23,429:INFO:Epoch 226: Train Loss: 131.5805, Train Node Loss: 0.4948, Train Reg Loss: 1.3109, Train MAPE: 11.9582, Train R: 0.8787, Train RRSE: 0.4776, Test Loss: 1064.6347, Test Node Loss: 0.2712, Test Reg Loss: 10.6436, Test MAPE: 15.6619, Test R: 0.8247, Test RRSE: 1.1550
2025-02-10 15:55:37,771:INFO:Epoch 227: Train Loss: 123.7840, Train Node Loss: 0.4634, Train Reg Loss: 1.2332, Train MAPE: 11.9425, Train R: 0.8876, Train RRSE: 0.4633, Test Loss: 503.0902, Test Node Loss: 0.3846, Test Reg Loss: 5.0271, Test MAPE: 13.4760, Test R: 0.8232, Test RRSE: 0.7938
2025-02-10 15:55:51,932:INFO:Epoch 228: Train Loss: 112.6463, Train Node Loss: 0.5388, Train Reg Loss: 1.1211, Train MAPE: 11.9443, Train R: 0.8997, Train RRSE: 0.4417, Test Loss: 660.2342, Test Node Loss: 0.3902, Test Reg Loss: 6.5984, Test MAPE: 14.1345, Test R: 0.8236, Test RRSE: 0.9094
2025-02-10 15:56:06,135:INFO:Epoch 229: Train Loss: 118.6461, Train Node Loss: 0.5510, Train Reg Loss: 1.1810, Train MAPE: 11.9305, Train R: 0.8924, Train RRSE: 0.4533, Test Loss: 648.1433, Test Node Loss: 0.4356, Test Reg Loss: 6.4771, Test MAPE: 14.3297, Test R: 0.8259, Test RRSE: 0.9010
2025-02-10 15:56:20,406:INFO:Epoch 230: Train Loss: 129.1387, Train Node Loss: 0.6220, Train Reg Loss: 1.2852, Train MAPE: 12.3701, Train R: 0.8863, Train RRSE: 0.4729, Test Loss: 1637.2781, Test Node Loss: 0.2329, Test Reg Loss: 16.3705, Test MAPE: 18.0708, Test R: 0.8210, Test RRSE: 1.4324
2025-02-10 15:56:34,672:INFO:Epoch 231: Train Loss: 144.2809, Train Node Loss: 0.4248, Train Reg Loss: 1.4386, Train MAPE: 11.7776, Train R: 0.8818, Train RRSE: 0.5003, Test Loss: 624.9991, Test Node Loss: 0.4378, Test Reg Loss: 6.2456, Test MAPE: 14.3963, Test R: 0.8261, Test RRSE: 0.8848
2025-02-10 15:56:48,919:INFO:Epoch 232: Train Loss: 140.8064, Train Node Loss: 0.6216, Train Reg Loss: 1.4018, Train MAPE: 12.5187, Train R: 0.8891, Train RRSE: 0.4939, Test Loss: 964.9857, Test Node Loss: 0.2866, Test Reg Loss: 9.6470, Test MAPE: 15.3819, Test R: 0.8249, Test RRSE: 1.0996
2025-02-10 15:57:03,177:INFO:Epoch 233: Train Loss: 136.1587, Train Node Loss: 0.3699, Train Reg Loss: 1.3579, Train MAPE: 11.6757, Train R: 0.8854, Train RRSE: 0.4861, Test Loss: 952.6249, Test Node Loss: 0.2495, Test Reg Loss: 9.5238, Test MAPE: 15.2737, Test R: 0.8271, Test RRSE: 1.0925
2025-02-10 15:57:17,465:INFO:Epoch 234: Train Loss: 118.4658, Train Node Loss: 0.4286, Train Reg Loss: 1.1804, Train MAPE: 12.1678, Train R: 0.8931, Train RRSE: 0.4532, Test Loss: 634.0908, Test Node Loss: 0.3112, Test Reg Loss: 6.3378, Test MAPE: 14.2812, Test R: 0.8294, Test RRSE: 0.8913
2025-02-10 15:57:31,718:INFO:Epoch 235: Train Loss: 122.3921, Train Node Loss: 0.4437, Train Reg Loss: 1.2195, Train MAPE: 11.9854, Train R: 0.8880, Train RRSE: 0.4607, Test Loss: 500.5069, Test Node Loss: 0.3347, Test Reg Loss: 5.0017, Test MAPE: 13.6419, Test R: 0.8290, Test RRSE: 0.7918
2025-02-10 15:57:45,936:INFO:Epoch 236: Train Loss: 123.5974, Train Node Loss: 0.4551, Train Reg Loss: 1.2314, Train MAPE: 12.2187, Train R: 0.8865, Train RRSE: 0.4629, Test Loss: 592.8545, Test Node Loss: 0.2802, Test Reg Loss: 5.9257, Test MAPE: 13.7619, Test R: 0.8243, Test RRSE: 0.8618
2025-02-10 15:58:00,174:INFO:Epoch 237: Train Loss: 118.4015, Train Node Loss: 0.4198, Train Reg Loss: 1.1798, Train MAPE: 12.0758, Train R: 0.8939, Train RRSE: 0.4531, Test Loss: 786.1152, Test Node Loss: 0.2302, Test Reg Loss: 7.8588, Test MAPE: 14.5036, Test R: 0.8220, Test RRSE: 0.9925
2025-02-10 15:58:14,449:INFO:Epoch 238: Train Loss: 130.8755, Train Node Loss: 0.3685, Train Reg Loss: 1.3051, Train MAPE: 11.8669, Train R: 0.8818, Train RRSE: 0.4766, Test Loss: 796.6389, Test Node Loss: 0.2635, Test Reg Loss: 7.9638, Test MAPE: 14.9733, Test R: 0.8272, Test RRSE: 0.9991
2025-02-10 15:58:28,467:INFO:Epoch 239: Train Loss: 119.1570, Train Node Loss: 0.3991, Train Reg Loss: 1.1876, Train MAPE: 11.9942, Train R: 0.8935, Train RRSE: 0.4546, Test Loss: 453.4323, Test Node Loss: 0.3569, Test Reg Loss: 4.5308, Test MAPE: 13.5639, Test R: 0.8263, Test RRSE: 0.7536
2025-02-10 15:58:42,560:INFO:Epoch 240: Train Loss: 139.1091, Train Node Loss: 0.4882, Train Reg Loss: 1.3862, Train MAPE: 12.1313, Train R: 0.8766, Train RRSE: 0.4912, Test Loss: 1043.1738, Test Node Loss: 0.2490, Test Reg Loss: 10.4292, Test MAPE: 15.7990, Test R: 0.8317, Test RRSE: 1.1433
2025-02-10 15:58:57,240:INFO:Epoch 241: Train Loss: 141.1055, Train Node Loss: 0.3991, Train Reg Loss: 1.4071, Train MAPE: 11.8739, Train R: 0.8728, Train RRSE: 0.4948, Test Loss: 840.8694, Test Node Loss: 0.2754, Test Reg Loss: 8.4059, Test MAPE: 14.7766, Test R: 0.8314, Test RRSE: 1.0264
2025-02-10 15:59:11,596:INFO:Epoch 242: Train Loss: 149.5635, Train Node Loss: 0.4638, Train Reg Loss: 1.4910, Train MAPE: 12.2755, Train R: 0.8671, Train RRSE: 0.5094, Test Loss: 968.3578, Test Node Loss: 0.2129, Test Reg Loss: 9.6814, Test MAPE: 15.2449, Test R: 0.8298, Test RRSE: 1.1016
2025-02-10 15:59:26,202:INFO:Epoch 243: Train Loss: 120.6192, Train Node Loss: 0.3482, Train Reg Loss: 1.2027, Train MAPE: 11.7950, Train R: 0.8944, Train RRSE: 0.4575, Test Loss: 371.2700, Test Node Loss: 0.3159, Test Reg Loss: 3.7095, Test MAPE: 13.2064, Test R: 0.8258, Test RRSE: 0.6819
2025-02-10 15:59:40,297:INFO:Epoch 244: Train Loss: 131.3474, Train Node Loss: 0.4335, Train Reg Loss: 1.3091, Train MAPE: 12.2724, Train R: 0.8818, Train RRSE: 0.4773, Test Loss: 733.8036, Test Node Loss: 0.2542, Test Reg Loss: 7.3355, Test MAPE: 14.6430, Test R: 0.8269, Test RRSE: 0.9588
2025-02-10 15:59:54,227:INFO:Epoch 245: Train Loss: 125.3175, Train Node Loss: 0.3766, Train Reg Loss: 1.2494, Train MAPE: 12.0496, Train R: 0.8908, Train RRSE: 0.4663, Test Loss: 622.8004, Test Node Loss: 0.2689, Test Reg Loss: 6.2253, Test MAPE: 13.8774, Test R: 0.8229, Test RRSE: 0.8833
2025-02-10 16:00:08,239:INFO:Epoch 246: Train Loss: 133.1972, Train Node Loss: 0.3935, Train Reg Loss: 1.3280, Train MAPE: 12.0451, Train R: 0.8795, Train RRSE: 0.4807, Test Loss: 968.9332, Test Node Loss: 0.1976, Test Reg Loss: 9.6874, Test MAPE: 15.1951, Test R: 0.8202, Test RRSE: 1.1019
2025-02-10 16:00:22,502:INFO:Epoch 247: Train Loss: 120.6549, Train Node Loss: 0.3689, Train Reg Loss: 1.2029, Train MAPE: 12.0111, Train R: 0.8905, Train RRSE: 0.4575, Test Loss: 359.3880, Test Node Loss: 0.3909, Test Reg Loss: 3.5900, Test MAPE: 13.6989, Test R: 0.8314, Test RRSE: 0.6708
2025-02-10 16:00:36,433:INFO:Epoch 248: Train Loss: 116.3087, Train Node Loss: 0.4965, Train Reg Loss: 1.1581, Train MAPE: 12.0583, Train R: 0.8946, Train RRSE: 0.4489, Test Loss: 427.7958, Test Node Loss: 0.3872, Test Reg Loss: 4.2741, Test MAPE: 13.6218, Test R: 0.8301, Test RRSE: 0.7319
2025-02-10 16:00:50,540:INFO:Epoch 249: Train Loss: 111.2154, Train Node Loss: 0.4263, Train Reg Loss: 1.1079, Train MAPE: 12.0112, Train R: 0.9002, Train RRSE: 0.4391, Test Loss: 644.2891, Test Node Loss: 0.2926, Test Reg Loss: 6.4400, Test MAPE: 13.9994, Test R: 0.8245, Test RRSE: 0.8984
2025-02-10 16:01:04,513:INFO:Epoch 250: Train Loss: 135.8535, Train Node Loss: 0.4325, Train Reg Loss: 1.3542, Train MAPE: 12.2024, Train R: 0.8787, Train RRSE: 0.4855, Test Loss: 944.6557, Test Node Loss: 0.2299, Test Reg Loss: 9.4443, Test MAPE: 15.1973, Test R: 0.8272, Test RRSE: 1.0880
2025-02-10 16:01:18,477:INFO:Epoch 251: Train Loss: 130.0463, Train Node Loss: 0.3598, Train Reg Loss: 1.2969, Train MAPE: 11.8902, Train R: 0.8851, Train RRSE: 0.4751, Test Loss: 733.4211, Test Node Loss: 0.2786, Test Reg Loss: 7.3314, Test MAPE: 14.5188, Test R: 0.8282, Test RRSE: 0.9586
2025-02-10 16:01:32,580:INFO:Epoch 252: Train Loss: 128.5706, Train Node Loss: 0.4723, Train Reg Loss: 1.2810, Train MAPE: 12.3890, Train R: 0.8842, Train RRSE: 0.4722, Test Loss: 790.0255, Test Node Loss: 0.2872, Test Reg Loss: 7.8974, Test MAPE: 14.7135, Test R: 0.8284, Test RRSE: 0.9949
2025-02-10 16:01:46,717:INFO:Epoch 253: Train Loss: 124.8338, Train Node Loss: 0.4046, Train Reg Loss: 1.2443, Train MAPE: 11.7149, Train R: 0.8896, Train RRSE: 0.4653, Test Loss: 623.2175, Test Node Loss: 0.3448, Test Reg Loss: 6.2287, Test MAPE: 14.0101, Test R: 0.8278, Test RRSE: 0.8836
2025-02-10 16:02:00,859:INFO:Epoch 254: Train Loss: 130.4803, Train Node Loss: 0.4775, Train Reg Loss: 1.3000, Train MAPE: 12.0490, Train R: 0.8798, Train RRSE: 0.4756, Test Loss: 539.5704, Test Node Loss: 0.3625, Test Reg Loss: 5.3921, Test MAPE: 13.7666, Test R: 0.8291, Test RRSE: 0.8221
2025-02-10 16:02:14,932:INFO:Epoch 255: Train Loss: 159.9452, Train Node Loss: 0.4924, Train Reg Loss: 1.5945, Train MAPE: 12.1088, Train R: 0.8584, Train RRSE: 0.5268, Test Loss: 1361.6792, Test Node Loss: 0.1919, Test Reg Loss: 13.6149, Test MAPE: 16.6867, Test R: 0.8191, Test RRSE: 1.3063
2025-02-10 16:02:29,090:INFO:Epoch 256: Train Loss: 135.6991, Train Node Loss: 0.3056, Train Reg Loss: 1.3539, Train MAPE: 11.5100, Train R: 0.8966, Train RRSE: 0.4854, Test Loss: 1181.4664, Test Node Loss: 0.2199, Test Reg Loss: 11.8125, Test MAPE: 16.1212, Test R: 0.8260, Test RRSE: 1.2168
2025-02-10 16:02:43,086:INFO:Epoch 257: Train Loss: 140.7382, Train Node Loss: 0.4532, Train Reg Loss: 1.4029, Train MAPE: 12.3805, Train R: 0.8750, Train RRSE: 0.4941, Test Loss: 434.6964, Test Node Loss: 0.3596, Test Reg Loss: 4.3434, Test MAPE: 13.8289, Test R: 0.8335, Test RRSE: 0.7378
2025-02-10 16:02:57,089:INFO:Epoch 258: Train Loss: 129.0835, Train Node Loss: 0.4158, Train Reg Loss: 1.2867, Train MAPE: 12.0212, Train R: 0.8812, Train RRSE: 0.4732, Test Loss: 323.8089, Test Node Loss: 0.3334, Test Reg Loss: 3.2348, Test MAPE: 13.0987, Test R: 0.8287, Test RRSE: 0.6367
2025-02-10 16:03:11,275:INFO:Epoch 259: Train Loss: 117.2563, Train Node Loss: 0.3772, Train Reg Loss: 1.1688, Train MAPE: 11.9745, Train R: 0.8940, Train RRSE: 0.4510, Test Loss: 686.0051, Test Node Loss: 0.2157, Test Reg Loss: 6.8579, Test MAPE: 14.2465, Test R: 0.8251, Test RRSE: 0.9271
2025-02-10 16:03:25,410:INFO:Epoch 260: Train Loss: 119.5972, Train Node Loss: 0.3643, Train Reg Loss: 1.1923, Train MAPE: 12.1337, Train R: 0.8904, Train RRSE: 0.4555, Test Loss: 694.4370, Test Node Loss: 0.2314, Test Reg Loss: 6.9421, Test MAPE: 14.0996, Test R: 0.8272, Test RRSE: 0.9328
2025-02-10 16:03:39,429:INFO:Epoch 261: Train Loss: 120.6716, Train Node Loss: 0.3942, Train Reg Loss: 1.2028, Train MAPE: 12.1550, Train R: 0.8892, Train RRSE: 0.4575, Test Loss: 625.7942, Test Node Loss: 0.2738, Test Reg Loss: 6.2552, Test MAPE: 14.0483, Test R: 0.8293, Test RRSE: 0.8854
2025-02-10 16:03:53,542:INFO:Epoch 262: Train Loss: 117.5716, Train Node Loss: 0.3903, Train Reg Loss: 1.1718, Train MAPE: 11.9646, Train R: 0.8949, Train RRSE: 0.4516, Test Loss: 532.2511, Test Node Loss: 0.2959, Test Reg Loss: 5.3196, Test MAPE: 13.5159, Test R: 0.8271, Test RRSE: 0.8165
2025-02-10 16:04:07,745:INFO:Epoch 263: Train Loss: 124.1452, Train Node Loss: 0.4173, Train Reg Loss: 1.2373, Train MAPE: 12.0729, Train R: 0.8862, Train RRSE: 0.4640, Test Loss: 563.5994, Test Node Loss: 0.2922, Test Reg Loss: 5.6331, Test MAPE: 13.5175, Test R: 0.8260, Test RRSE: 0.8402
2025-02-10 16:04:22,047:INFO:Epoch 264: Train Loss: 110.0532, Train Node Loss: 0.3887, Train Reg Loss: 1.0966, Train MAPE: 12.1306, Train R: 0.9001, Train RRSE: 0.4369, Test Loss: 729.9381, Test Node Loss: 0.2468, Test Reg Loss: 7.2969, Test MAPE: 14.4140, Test R: 0.8237, Test RRSE: 0.9563
2025-02-10 16:04:36,129:INFO:Epoch 265: Train Loss: 128.3969, Train Node Loss: 0.3564, Train Reg Loss: 1.2804, Train MAPE: 11.8897, Train R: 0.8832, Train RRSE: 0.4720, Test Loss: 586.6151, Test Node Loss: 0.2794, Test Reg Loss: 5.8634, Test MAPE: 13.5807, Test R: 0.8251, Test RRSE: 0.8573
2025-02-10 16:04:50,228:INFO:Epoch 266: Train Loss: 127.0090, Train Node Loss: 0.4560, Train Reg Loss: 1.2655, Train MAPE: 12.3143, Train R: 0.8919, Train RRSE: 0.4693, Test Loss: 760.5997, Test Node Loss: 0.2673, Test Reg Loss: 7.6033, Test MAPE: 14.6880, Test R: 0.8325, Test RRSE: 0.9762
2025-02-10 16:05:04,223:INFO:Epoch 267: Train Loss: 140.4500, Train Node Loss: 0.3584, Train Reg Loss: 1.4009, Train MAPE: 11.7483, Train R: 0.8753, Train RRSE: 0.4938, Test Loss: 462.4080, Test Node Loss: 0.2883, Test Reg Loss: 4.6212, Test MAPE: 13.4242, Test R: 0.8252, Test RRSE: 0.7610
2025-02-10 16:05:18,950:INFO:Epoch 268: Train Loss: 134.1139, Train Node Loss: 0.3773, Train Reg Loss: 1.3374, Train MAPE: 12.0629, Train R: 0.8762, Train RRSE: 0.4824, Test Loss: 860.0238, Test Node Loss: 0.2266, Test Reg Loss: 8.5980, Test MAPE: 14.9478, Test R: 0.8225, Test RRSE: 1.0381
2025-02-10 16:05:33,182:INFO:Epoch 269: Train Loss: 128.0972, Train Node Loss: 0.3839, Train Reg Loss: 1.2771, Train MAPE: 12.2792, Train R: 0.8845, Train RRSE: 0.4714, Test Loss: 1147.1962, Test Node Loss: 0.1946, Test Reg Loss: 11.4700, Test MAPE: 15.8622, Test R: 0.8262, Test RRSE: 1.1990
2025-02-10 16:05:47,242:INFO:Epoch 270: Train Loss: 127.2591, Train Node Loss: 0.3079, Train Reg Loss: 1.2695, Train MAPE: 11.6619, Train R: 0.8918, Train RRSE: 0.4700, Test Loss: 818.6357, Test Node Loss: 0.2430, Test Reg Loss: 8.1839, Test MAPE: 14.9129, Test R: 0.8283, Test RRSE: 1.0128
2025-02-10 16:06:01,859:INFO:Epoch 271: Train Loss: 133.6807, Train Node Loss: 0.4381, Train Reg Loss: 1.3324, Train MAPE: 12.3515, Train R: 0.8833, Train RRSE: 0.4815, Test Loss: 536.1602, Test Node Loss: 0.2870, Test Reg Loss: 5.3587, Test MAPE: 13.8067, Test R: 0.8241, Test RRSE: 0.8195
2025-02-10 16:06:16,091:INFO:Epoch 272: Train Loss: 123.3446, Train Node Loss: 0.3334, Train Reg Loss: 1.2301, Train MAPE: 11.9496, Train R: 0.8879, Train RRSE: 0.4627, Test Loss: 777.2119, Test Node Loss: 0.2054, Test Reg Loss: 7.7701, Test MAPE: 14.4177, Test R: 0.8201, Test RRSE: 0.9868
2025-02-10 16:06:30,521:INFO:Epoch 273: Train Loss: 110.3531, Train Node Loss: 0.3410, Train Reg Loss: 1.1001, Train MAPE: 11.8911, Train R: 0.9018, Train RRSE: 0.4376, Test Loss: 366.7240, Test Node Loss: 0.3665, Test Reg Loss: 3.6636, Test MAPE: 13.5326, Test R: 0.8293, Test RRSE: 0.6776
2025-02-10 16:06:44,601:INFO:Epoch 274: Train Loss: 124.5917, Train Node Loss: 0.4094, Train Reg Loss: 1.2418, Train MAPE: 12.0733, Train R: 0.8854, Train RRSE: 0.4649, Test Loss: 485.7347, Test Node Loss: 0.3156, Test Reg Loss: 4.8542, Test MAPE: 13.7902, Test R: 0.8305, Test RRSE: 0.7800
2025-02-10 16:06:58,716:INFO:Epoch 275: Train Loss: 116.5319, Train Node Loss: 0.3902, Train Reg Loss: 1.1614, Train MAPE: 12.1096, Train R: 0.8954, Train RRSE: 0.4496, Test Loss: 458.7071, Test Node Loss: 0.2842, Test Reg Loss: 4.5842, Test MAPE: 13.3282, Test R: 0.8221, Test RRSE: 0.7580
2025-02-10 16:07:13,366:INFO:Epoch 276: Train Loss: 117.3135, Train Node Loss: 0.3825, Train Reg Loss: 1.1693, Train MAPE: 12.1381, Train R: 0.8929, Train RRSE: 0.4511, Test Loss: 582.4744, Test Node Loss: 0.2923, Test Reg Loss: 5.8218, Test MAPE: 14.2239, Test R: 0.8271, Test RRSE: 0.8542
2025-02-10 16:07:28,179:INFO:Epoch 277: Train Loss: 123.3670, Train Node Loss: 0.4176, Train Reg Loss: 1.2295, Train MAPE: 12.2246, Train R: 0.8874, Train RRSE: 0.4626, Test Loss: 569.5061, Test Node Loss: 0.2780, Test Reg Loss: 5.6923, Test MAPE: 13.5570, Test R: 0.8225, Test RRSE: 0.8447
2025-02-10 16:07:42,345:INFO:Epoch 278: Train Loss: 127.5595, Train Node Loss: 0.3833, Train Reg Loss: 1.2718, Train MAPE: 11.8496, Train R: 0.8857, Train RRSE: 0.4704, Test Loss: 752.4885, Test Node Loss: 0.2696, Test Reg Loss: 7.5222, Test MAPE: 14.5396, Test R: 0.8267, Test RRSE: 0.9710
2025-02-10 16:07:56,337:INFO:Epoch 279: Train Loss: 113.6857, Train Node Loss: 0.4561, Train Reg Loss: 1.1323, Train MAPE: 12.2059, Train R: 0.8983, Train RRSE: 0.4439, Test Loss: 761.5271, Test Node Loss: 0.2927, Test Reg Loss: 7.6123, Test MAPE: 14.7674, Test R: 0.8295, Test RRSE: 0.9768
2025-02-10 16:08:10,516:INFO:Epoch 280: Train Loss: 110.8817, Train Node Loss: 0.4223, Train Reg Loss: 1.1046, Train MAPE: 12.1323, Train R: 0.9001, Train RRSE: 0.4384, Test Loss: 608.3931, Test Node Loss: 0.3200, Test Reg Loss: 6.0807, Test MAPE: 14.1234, Test R: 0.8283, Test RRSE: 0.8730
2025-02-10 16:08:24,692:INFO:Epoch 281: Train Loss: 127.2806, Train Node Loss: 0.3926, Train Reg Loss: 1.2689, Train MAPE: 12.0685, Train R: 0.8838, Train RRSE: 0.4699, Test Loss: 613.0556, Test Node Loss: 0.2724, Test Reg Loss: 6.1278, Test MAPE: 13.8908, Test R: 0.8214, Test RRSE: 0.8764
2025-02-10 16:08:39,480:INFO:Epoch 282: Train Loss: 124.7247, Train Node Loss: 0.3877, Train Reg Loss: 1.2434, Train MAPE: 11.8825, Train R: 0.8861, Train RRSE: 0.4652, Test Loss: 493.7995, Test Node Loss: 0.3281, Test Reg Loss: 4.9347, Test MAPE: 13.4359, Test R: 0.8247, Test RRSE: 0.7864
2025-02-10 16:08:53,523:INFO:Epoch 283: Train Loss: 121.4064, Train Node Loss: 0.5111, Train Reg Loss: 1.2090, Train MAPE: 12.3823, Train R: 0.8948, Train RRSE: 0.4587, Test Loss: 750.5538, Test Node Loss: 0.3213, Test Reg Loss: 7.5023, Test MAPE: 14.7016, Test R: 0.8296, Test RRSE: 0.9697
2025-02-10 16:09:07,605:INFO:Epoch 284: Train Loss: 122.9520, Train Node Loss: 0.3830, Train Reg Loss: 1.2257, Train MAPE: 11.7727, Train R: 0.8967, Train RRSE: 0.4618, Test Loss: 793.1084, Test Node Loss: 0.2820, Test Reg Loss: 7.9283, Test MAPE: 14.3875, Test R: 0.8257, Test RRSE: 0.9968
2025-02-10 16:09:21,895:INFO:Epoch 285: Train Loss: 127.3047, Train Node Loss: 0.4539, Train Reg Loss: 1.2685, Train MAPE: 12.3830, Train R: 0.8905, Train RRSE: 0.4698, Test Loss: 685.2682, Test Node Loss: 0.2783, Test Reg Loss: 6.8499, Test MAPE: 14.4257, Test R: 0.8250, Test RRSE: 0.9266
2025-02-10 16:09:36,199:INFO:Epoch 286: Train Loss: 115.8276, Train Node Loss: 0.3594, Train Reg Loss: 1.1547, Train MAPE: 11.9985, Train R: 0.8980, Train RRSE: 0.4483, Test Loss: 581.7945, Test Node Loss: 0.2833, Test Reg Loss: 5.8151, Test MAPE: 13.9844, Test R: 0.8291, Test RRSE: 0.8537
2025-02-10 16:09:50,208:INFO:Epoch 287: Train Loss: 118.2074, Train Node Loss: 0.4059, Train Reg Loss: 1.1780, Train MAPE: 12.2738, Train R: 0.8973, Train RRSE: 0.4528, Test Loss: 840.0184, Test Node Loss: 0.2435, Test Reg Loss: 8.3977, Test MAPE: 14.8801, Test R: 0.8272, Test RRSE: 1.0259
2025-02-10 16:10:04,714:INFO:Epoch 288: Train Loss: 112.9378, Train Node Loss: 0.3484, Train Reg Loss: 1.1259, Train MAPE: 11.8876, Train R: 0.8990, Train RRSE: 0.4426, Test Loss: 990.8775, Test Node Loss: 0.2255, Test Reg Loss: 9.9065, Test MAPE: 15.4447, Test R: 0.8281, Test RRSE: 1.1143
2025-02-10 16:10:18,604:INFO:Epoch 289: Train Loss: 128.0019, Train Node Loss: 0.3826, Train Reg Loss: 1.2762, Train MAPE: 11.8983, Train R: 0.8829, Train RRSE: 0.4713, Test Loss: 532.9777, Test Node Loss: 0.3233, Test Reg Loss: 5.3265, Test MAPE: 13.9350, Test R: 0.8252, Test RRSE: 0.8171
2025-02-10 16:10:32,983:INFO:Epoch 290: Train Loss: 125.5067, Train Node Loss: 0.4370, Train Reg Loss: 1.2507, Train MAPE: 12.1930, Train R: 0.8845, Train RRSE: 0.4665, Test Loss: 468.5499, Test Node Loss: 0.3621, Test Reg Loss: 4.6819, Test MAPE: 13.7361, Test R: 0.8257, Test RRSE: 0.7660
2025-02-10 16:10:47,414:INFO:Epoch 291: Train Loss: 111.8353, Train Node Loss: 0.4633, Train Reg Loss: 1.1137, Train MAPE: 12.2392, Train R: 0.8994, Train RRSE: 0.4402, Test Loss: 864.6825, Test Node Loss: 0.2581, Test Reg Loss: 8.6442, Test MAPE: 14.7390, Test R: 0.8232, Test RRSE: 1.0409
2025-02-10 16:11:01,501:INFO:Epoch 292: Train Loss: 125.8696, Train Node Loss: 0.4108, Train Reg Loss: 1.2546, Train MAPE: 11.6831, Train R: 0.8869, Train RRSE: 0.4673, Test Loss: 545.4707, Test Node Loss: 0.3629, Test Reg Loss: 5.4511, Test MAPE: 13.6588, Test R: 0.8265, Test RRSE: 0.8266
2025-02-10 16:11:15,460:INFO:Epoch 293: Train Loss: 109.7731, Train Node Loss: 0.4998, Train Reg Loss: 1.0927, Train MAPE: 11.9013, Train R: 0.9017, Train RRSE: 0.4361, Test Loss: 417.6449, Test Node Loss: 0.4925, Test Reg Loss: 4.1715, Test MAPE: 13.5952, Test R: 0.8290, Test RRSE: 0.7231
2025-02-10 16:11:29,918:INFO:Epoch 294: Train Loss: 104.9210, Train Node Loss: 0.5327, Train Reg Loss: 1.0439, Train MAPE: 12.1736, Train R: 0.9048, Train RRSE: 0.4262, Test Loss: 492.5725, Test Node Loss: 0.4203, Test Reg Loss: 4.9215, Test MAPE: 13.6500, Test R: 0.8270, Test RRSE: 0.7854
2025-02-10 16:11:44,002:INFO:Epoch 295: Train Loss: 116.3241, Train Node Loss: 0.5815, Train Reg Loss: 1.1574, Train MAPE: 12.2756, Train R: 0.8993, Train RRSE: 0.4488, Test Loss: 982.7874, Test Node Loss: 0.3092, Test Reg Loss: 9.8248, Test MAPE: 15.5190, Test R: 0.8269, Test RRSE: 1.1097
2025-02-10 16:11:57,765:INFO:Epoch 296: Train Loss: 127.9773, Train Node Loss: 0.3944, Train Reg Loss: 1.2758, Train MAPE: 11.7005, Train R: 0.8888, Train RRSE: 0.4712, Test Loss: 976.5208, Test Node Loss: 0.2192, Test Reg Loss: 9.7630, Test MAPE: 15.3172, Test R: 0.8167, Test RRSE: 1.1062
2025-02-10 16:12:11,947:INFO:Epoch 297: Train Loss: 129.6158, Train Node Loss: 0.4468, Train Reg Loss: 1.2917, Train MAPE: 12.4583, Train R: 0.8897, Train RRSE: 0.4741, Test Loss: 1172.6099, Test Node Loss: 0.1917, Test Reg Loss: 11.7242, Test MAPE: 16.1068, Test R: 0.8258, Test RRSE: 1.2122
2025-02-10 16:12:25,857:INFO:Epoch 298: Train Loss: 156.6503, Train Node Loss: 0.3341, Train Reg Loss: 1.5632, Train MAPE: 11.8010, Train R: 0.8682, Train RRSE: 0.5216, Test Loss: 542.7451, Test Node Loss: 0.3191, Test Reg Loss: 5.4243, Test MAPE: 13.7766, Test R: 0.8269, Test RRSE: 0.8245
2025-02-10 16:12:39,660:INFO:Epoch 299: Train Loss: 126.7602, Train Node Loss: 0.4131, Train Reg Loss: 1.2635, Train MAPE: 12.1513, Train R: 0.8894, Train RRSE: 0.4689, Test Loss: 567.9409, Test Node Loss: 0.2559, Test Reg Loss: 5.6769, Test MAPE: 13.8036, Test R: 0.8267, Test RRSE: 0.8435
2025-02-10 16:12:53,502:INFO:Epoch 300: Train Loss: 118.0800, Train Node Loss: 0.3405, Train Reg Loss: 1.1774, Train MAPE: 12.0723, Train R: 0.8941, Train RRSE: 0.4527, Test Loss: 325.2754, Test Node Loss: 0.3174, Test Reg Loss: 3.2496, Test MAPE: 13.3760, Test R: 0.8288, Test RRSE: 0.6382
2025-02-10 16:12:53,502:INFO:Best performance at epoch 193 with Test MAPE: 0.8336
