2025-02-10 14:56:10,511:INFO:Learning rate: 0.001
2025-02-10 14:56:10,512:INFO:Weight decay: 0.001
2025-02-10 14:56:10,512:INFO:Batch size: 64
2025-02-10 14:56:10,512:INFO:Number of layers: 3
2025-02-10 14:56:10,512:INFO:Convolution type: SAGE
2025-02-10 14:56:10,512:INFO:Convolution neurons: 256
2025-02-10 15:00:59,080:INFO:Learning rate: 0.001
2025-02-10 15:00:59,089:INFO:Weight decay: 0.001
2025-02-10 15:00:59,089:INFO:Batch size: 64
2025-02-10 15:00:59,089:INFO:Number of layers: 3
2025-02-10 15:00:59,089:INFO:Convolution type: SAGE
2025-02-10 15:00:59,089:INFO:Convolution neurons: 256
2025-02-10 15:01:18,573:INFO:Epoch 1: Train Loss: 41974.4217, Train Node Loss: 0.6905, Train Reg Loss: 419.7373, Train MAPE: 98.7281, Train R: 0.1018, Train RRSE: 8.5467, Test Loss: 43094.4546, Test Node Loss: 1.9662, Test Reg Loss: 430.9249, Test MAPE: 97.5529, Test R: 0.7892, Test RRSE: 7.3491
2025-02-10 15:01:18,597:INFO:Checkpoint saved at best_0.001_0.001_256_SAGE_3_64_0.7892_epoch_1.pth
2025-02-10 15:01:37,641:INFO:Epoch 2: Train Loss: 37073.9866, Train Node Loss: 21.7693, Train Reg Loss: 370.5222, Train MAPE: 92.5802, Train R: 0.0824, Train RRSE: 8.0300, Test Loss: 35604.1151, Test Node Loss: 81.6997, Test Reg Loss: 355.2242, Test MAPE: 88.2677, Test R: 0.7959, Test RRSE: 6.6725
2025-02-10 15:01:37,693:INFO:Checkpoint saved at best_0.001_0.001_256_SAGE_3_64_0.7959_epoch_2.pth
2025-02-10 15:01:56,775:INFO:Epoch 3: Train Loss: 26222.5063, Train Node Loss: 315.2904, Train Reg Loss: 259.0722, Train MAPE: 76.5470, Train R: 0.0142, Train RRSE: 6.7146, Test Loss: 11362.9820, Test Node Loss: 1835.7205, Test Reg Loss: 95.2726, Test MAPE: 43.8095, Test R: 0.7992, Test RRSE: 3.4556
2025-02-10 15:01:56,809:INFO:Checkpoint saved at best_0.001_0.001_256_SAGE_3_64_0.7992_epoch_3.pth
2025-02-10 15:02:16,183:INFO:Epoch 4: Train Loss: 8209.4830, Train Node Loss: 2706.0034, Train Reg Loss: 55.0348, Train MAPE: 30.2279, Train R: 0.0788, Train RRSE: 3.0948, Test Loss: 54743.9496, Test Node Loss: 15304.2906, Test Reg Loss: 394.3966, Test MAPE: 96.9685, Test R: 0.8026, Test RRSE: 7.0308
2025-02-10 15:02:16,207:INFO:Checkpoint saved at best_0.001_0.001_256_SAGE_3_64_0.8026_epoch_4.pth
2025-02-10 15:02:35,203:INFO:Epoch 5: Train Loss: 8570.1199, Train Node Loss: 5483.5637, Train Reg Loss: 30.8656, Train MAPE: 26.8834, Train R: 0.4338, Train RRSE: 2.3176, Test Loss: 8494.2069, Test Node Loss: 5382.8751, Test Reg Loss: 31.1133, Test MAPE: 27.0264, Test R: 0.8037, Test RRSE: 1.9747
2025-02-10 15:02:35,243:INFO:Checkpoint saved at best_0.001_0.001_256_SAGE_3_64_0.8037_epoch_5.pth
2025-02-10 15:02:54,675:INFO:Epoch 6: Train Loss: 3569.4907, Train Node Loss: 2431.7153, Train Reg Loss: 11.3778, Train MAPE: 14.0922, Train R: 0.3060, Train RRSE: 1.4071, Test Loss: 4335.6758, Test Node Loss: 1652.8814, Test Reg Loss: 26.8279, Test MAPE: 20.3966, Test R: 0.8044, Test RRSE: 1.8337
2025-02-10 15:02:54,697:INFO:Checkpoint saved at best_0.001_0.001_256_SAGE_3_64_0.8044_epoch_6.pth
2025-02-10 15:03:14,149:INFO:Epoch 7: Train Loss: 4525.5523, Train Node Loss: 1250.3714, Train Reg Loss: 32.7518, Train MAPE: 24.7489, Train R: 0.6151, Train RRSE: 2.3874, Test Loss: 3494.5664, Test Node Loss: 1378.7770, Test Reg Loss: 21.1579, Test MAPE: 17.4524, Test R: 0.8046, Test RRSE: 1.6284
2025-02-10 15:03:14,194:INFO:Checkpoint saved at best_0.001_0.001_256_SAGE_3_64_0.8046_epoch_7.pth
2025-02-10 15:03:33,332:INFO:Epoch 8: Train Loss: 2828.6417, Train Node Loss: 1303.3046, Train Reg Loss: 15.2534, Train MAPE: 15.4346, Train R: 0.3369, Train RRSE: 1.6293, Test Loss: 2525.9224, Test Node Loss: 1909.9844, Test Reg Loss: 6.1594, Test MAPE: 11.8783, Test R: 0.8044, Test RRSE: 0.8786
2025-02-10 15:03:52,812:INFO:Epoch 9: Train Loss: 2098.9940, Train Node Loss: 1651.7990, Train Reg Loss: 4.4719, Train MAPE: 10.8260, Train R: 0.5457, Train RRSE: 0.8822, Test Loss: 3491.9424, Test Node Loss: 1986.1709, Test Reg Loss: 15.0577, Test MAPE: 19.0260, Test R: 0.8042, Test RRSE: 1.3738
2025-02-10 15:04:12,064:INFO:Epoch 10: Train Loss: 2014.6059, Train Node Loss: 1478.3719, Train Reg Loss: 5.3623, Train MAPE: 11.9321, Train R: 0.6122, Train RRSE: 0.9660, Test Loss: 1766.9538, Test Node Loss: 1239.2742, Test Reg Loss: 5.2768, Test MAPE: 10.6897, Test R: 0.8023, Test RRSE: 0.8132
2025-02-10 15:04:31,962:INFO:Epoch 11: Train Loss: 1504.7433, Train Node Loss: 945.2303, Train Reg Loss: 5.5951, Train MAPE: 9.9981, Train R: 0.5220, Train RRSE: 0.9868, Test Loss: 1768.9324, Test Node Loss: 781.0239, Test Reg Loss: 9.8791, Test MAPE: 11.5380, Test R: 0.8002, Test RRSE: 1.1127
2025-02-10 15:04:51,581:INFO:Epoch 12: Train Loss: 1458.9384, Train Node Loss: 710.8608, Train Reg Loss: 7.4808, Train MAPE: 10.6047, Train R: 0.7407, Train RRSE: 1.1410, Test Loss: 1464.5346, Test Node Loss: 738.2188, Test Reg Loss: 7.2632, Test MAPE: 10.4343, Test R: 0.7985, Test RRSE: 0.9541
2025-02-10 15:05:11,350:INFO:Epoch 13: Train Loss: 1185.5487, Train Node Loss: 735.9973, Train Reg Loss: 4.4955, Train MAPE: 9.7603, Train R: 0.5696, Train RRSE: 0.8845, Test Loss: 1302.5183, Test Node Loss: 784.9295, Test Reg Loss: 5.1759, Test MAPE: 10.6966, Test R: 0.7974, Test RRSE: 0.8054
2025-02-10 15:05:31,054:INFO:Epoch 14: Train Loss: 1122.7550, Train Node Loss: 734.5579, Train Reg Loss: 3.8820, Train MAPE: 10.4079, Train R: 0.7509, Train RRSE: 0.8219, Test Loss: 1182.3689, Test Node Loss: 660.8755, Test Reg Loss: 5.2149, Test MAPE: 10.3571, Test R: 0.7960, Test RRSE: 0.8085
2025-02-10 15:05:50,765:INFO:Epoch 15: Train Loss: 972.0809, Train Node Loss: 589.3661, Train Reg Loss: 3.8271, Train MAPE: 9.7370, Train R: 0.6803, Train RRSE: 0.8161, Test Loss: 1212.2470, Test Node Loss: 493.5260, Test Reg Loss: 7.1872, Test MAPE: 10.4518, Test R: 0.7940, Test RRSE: 0.9491
2025-02-10 15:06:10,796:INFO:Epoch 16: Train Loss: 918.7207, Train Node Loss: 477.1884, Train Reg Loss: 4.4153, Train MAPE: 9.4972, Train R: 0.7431, Train RRSE: 0.8766, Test Loss: 1116.7399, Test Node Loss: 457.1508, Test Reg Loss: 6.5959, Test MAPE: 10.3308, Test R: 0.7913, Test RRSE: 0.9092
2025-02-10 15:06:30,471:INFO:Epoch 17: Train Loss: 839.6357, Train Node Loss: 454.5087, Train Reg Loss: 3.8513, Train MAPE: 9.5834, Train R: 0.7290, Train RRSE: 0.8187, Test Loss: 1006.6640, Test Node Loss: 441.0631, Test Reg Loss: 5.6560, Test MAPE: 10.1896, Test R: 0.7889, Test RRSE: 0.8420
2025-02-10 15:06:50,233:INFO:Epoch 18: Train Loss: 798.9526, Train Node Loss: 437.1244, Train Reg Loss: 3.6183, Train MAPE: 9.9111, Train R: 0.7324, Train RRSE: 0.7935, Test Loss: 956.4944, Test Node Loss: 403.2703, Test Reg Loss: 5.5322, Test MAPE: 10.2407, Test R: 0.7864, Test RRSE: 0.8327
2025-02-10 15:07:09,927:INFO:Epoch 19: Train Loss: 762.1336, Train Node Loss: 384.1751, Train Reg Loss: 3.7796, Train MAPE: 9.7917, Train R: 0.6909, Train RRSE: 0.8110, Test Loss: 992.2149, Test Node Loss: 335.8535, Test Reg Loss: 6.5636, Test MAPE: 10.3896, Test R: 0.7846, Test RRSE: 0.9070
2025-02-10 15:07:29,915:INFO:Epoch 20: Train Loss: 711.1915, Train Node Loss: 334.2455, Train Reg Loss: 3.7695, Train MAPE: 9.6291, Train R: 0.7322, Train RRSE: 0.8099, Test Loss: 926.5176, Test Node Loss: 316.7692, Test Reg Loss: 6.0975, Test MAPE: 10.3049, Test R: 0.7820, Test RRSE: 0.8742
2025-02-10 15:07:49,388:INFO:Epoch 21: Train Loss: 674.1586, Train Node Loss: 320.6852, Train Reg Loss: 3.5347, Train MAPE: 9.8284, Train R: 0.7309, Train RRSE: 0.7843, Test Loss: 865.1277, Test Node Loss: 301.7771, Test Reg Loss: 5.6335, Test MAPE: 10.2495, Test R: 0.7797, Test RRSE: 0.8403
2025-02-10 15:08:09,105:INFO:Epoch 22: Train Loss: 648.7337, Train Node Loss: 295.7566, Train Reg Loss: 3.5298, Train MAPE: 9.8826, Train R: 0.7229, Train RRSE: 0.7838, Test Loss: 859.0765, Test Node Loss: 270.7372, Test Reg Loss: 5.8834, Test MAPE: 10.2985, Test R: 0.7763, Test RRSE: 0.8587
2025-02-10 15:08:28,884:INFO:Epoch 23: Train Loss: 618.7308, Train Node Loss: 271.7822, Train Reg Loss: 3.4695, Train MAPE: 9.8639, Train R: 0.7320, Train RRSE: 0.7770, Test Loss: 830.3527, Test Node Loss: 250.9228, Test Reg Loss: 5.7943, Test MAPE: 10.3115, Test R: 0.7734, Test RRSE: 0.8522
2025-02-10 15:08:48,331:INFO:Epoch 24: Train Loss: 605.9592, Train Node Loss: 255.6114, Train Reg Loss: 3.5035, Train MAPE: 9.9851, Train R: 0.7061, Train RRSE: 0.7808, Test Loss: 799.4811, Test Node Loss: 234.2440, Test Reg Loss: 5.6524, Test MAPE: 10.3209, Test R: 0.7707, Test RRSE: 0.8417
2025-02-10 15:09:08,147:INFO:Epoch 25: Train Loss: 594.0779, Train Node Loss: 228.1495, Train Reg Loss: 3.6593, Train MAPE: 9.9128, Train R: 0.6782, Train RRSE: 0.7980, Test Loss: 825.0201, Test Node Loss: 206.8852, Test Reg Loss: 6.1813, Test MAPE: 10.4392, Test R: 0.7670, Test RRSE: 0.8802
2025-02-10 15:09:28,090:INFO:Epoch 26: Train Loss: 565.5194, Train Node Loss: 215.0360, Train Reg Loss: 3.5048, Train MAPE: 9.9323, Train R: 0.6933, Train RRSE: 0.7810, Test Loss: 737.8145, Test Node Loss: 208.6271, Test Reg Loss: 5.2919, Test MAPE: 10.3081, Test R: 0.7651, Test RRSE: 0.8144
2025-02-10 15:09:47,838:INFO:Epoch 27: Train Loss: 544.2347, Train Node Loss: 209.8855, Train Reg Loss: 3.3435, Train MAPE: 10.1990, Train R: 0.7099, Train RRSE: 0.7628, Test Loss: 746.7317, Test Node Loss: 187.7121, Test Reg Loss: 5.5902, Test MAPE: 10.4100, Test R: 0.7630, Test RRSE: 0.8370
2025-02-10 15:10:07,950:INFO:Epoch 28: Train Loss: 534.7690, Train Node Loss: 184.2294, Train Reg Loss: 3.5054, Train MAPE: 9.9718, Train R: 0.6890, Train RRSE: 0.7810, Test Loss: 776.5030, Test Node Loss: 167.0824, Test Reg Loss: 6.0942, Test MAPE: 10.5835, Test R: 0.7604, Test RRSE: 0.8740
2025-02-10 15:10:27,803:INFO:Epoch 29: Train Loss: 500.5996, Train Node Loss: 176.8245, Train Reg Loss: 3.2378, Train MAPE: 10.1098, Train R: 0.7170, Train RRSE: 0.7506, Test Loss: 708.9484, Test Node Loss: 166.8798, Test Reg Loss: 5.4207, Test MAPE: 10.5267, Test R: 0.7578, Test RRSE: 0.8243
2025-02-10 15:10:47,885:INFO:Epoch 30: Train Loss: 478.5454, Train Node Loss: 170.4933, Train Reg Loss: 3.0805, Train MAPE: 10.2628, Train R: 0.7316, Train RRSE: 0.7322, Test Loss: 722.3648, Test Node Loss: 152.3424, Test Reg Loss: 5.7002, Test MAPE: 10.6492, Test R: 0.7554, Test RRSE: 0.8452
2025-02-10 15:11:07,639:INFO:Epoch 31: Train Loss: 471.1095, Train Node Loss: 158.6450, Train Reg Loss: 3.1246, Train MAPE: 10.2555, Train R: 0.7182, Train RRSE: 0.7374, Test Loss: 724.9925, Test Node Loss: 141.8147, Test Reg Loss: 5.8318, Test MAPE: 10.6524, Test R: 0.7530, Test RRSE: 0.8549
2025-02-10 15:11:27,436:INFO:Epoch 32: Train Loss: 456.0242, Train Node Loss: 147.9330, Train Reg Loss: 3.0809, Train MAPE: 10.2498, Train R: 0.7216, Train RRSE: 0.7322, Test Loss: 742.3857, Test Node Loss: 130.9408, Test Reg Loss: 6.1144, Test MAPE: 10.8339, Test R: 0.7508, Test RRSE: 0.8754
2025-02-10 15:11:47,423:INFO:Epoch 33: Train Loss: 443.8834, Train Node Loss: 138.5493, Train Reg Loss: 3.0533, Train MAPE: 10.2915, Train R: 0.7221, Train RRSE: 0.7289, Test Loss: 733.3159, Test Node Loss: 124.1267, Test Reg Loss: 6.0919, Test MAPE: 10.9139, Test R: 0.7497, Test RRSE: 0.8738
2025-02-10 15:12:07,410:INFO:Epoch 34: Train Loss: 426.4119, Train Node Loss: 134.3606, Train Reg Loss: 2.9205, Train MAPE: 10.4549, Train R: 0.7251, Train RRSE: 0.7129, Test Loss: 704.4962, Test Node Loss: 120.3493, Test Reg Loss: 5.8415, Test MAPE: 10.9475, Test R: 0.7489, Test RRSE: 0.8557
2025-02-10 15:12:27,324:INFO:Epoch 35: Train Loss: 422.0294, Train Node Loss: 128.2440, Train Reg Loss: 2.9379, Train MAPE: 10.5261, Train R: 0.7224, Train RRSE: 0.7150, Test Loss: 732.0372, Test Node Loss: 109.9902, Test Reg Loss: 6.2205, Test MAPE: 10.9986, Test R: 0.7500, Test RRSE: 0.8830
2025-02-10 15:12:47,320:INFO:Epoch 36: Train Loss: 413.2053, Train Node Loss: 120.9619, Train Reg Loss: 2.9224, Train MAPE: 10.5202, Train R: 0.7222, Train RRSE: 0.7132, Test Loss: 722.6938, Test Node Loss: 104.4776, Test Reg Loss: 6.1822, Test MAPE: 11.1338, Test R: 0.7502, Test RRSE: 0.8802
2025-02-10 15:13:07,387:INFO:Epoch 37: Train Loss: 399.2371, Train Node Loss: 115.1919, Train Reg Loss: 2.8405, Train MAPE: 10.6287, Train R: 0.7286, Train RRSE: 0.7031, Test Loss: 734.0623, Test Node Loss: 96.6709, Test Reg Loss: 6.3739, Test MAPE: 11.2188, Test R: 0.7514, Test RRSE: 0.8938
2025-02-10 15:13:27,474:INFO:Epoch 38: Train Loss: 404.3642, Train Node Loss: 104.9927, Train Reg Loss: 2.9937, Train MAPE: 10.4491, Train R: 0.7123, Train RRSE: 0.7218, Test Loss: 737.6216, Test Node Loss: 89.8667, Test Reg Loss: 6.4775, Test MAPE: 11.2102, Test R: 0.7542, Test RRSE: 0.9010
2025-02-10 15:13:47,330:INFO:Epoch 39: Train Loss: 377.3394, Train Node Loss: 95.7815, Train Reg Loss: 2.8156, Train MAPE: 10.4740, Train R: 0.7478, Train RRSE: 0.7000, Test Loss: 699.5558, Test Node Loss: 87.6231, Test Reg Loss: 6.1193, Test MAPE: 11.1745, Test R: 0.7560, Test RRSE: 0.8758
2025-02-10 15:14:07,431:INFO:Epoch 40: Train Loss: 371.8968, Train Node Loss: 98.5312, Train Reg Loss: 2.7337, Train MAPE: 10.7418, Train R: 0.7417, Train RRSE: 0.6897, Test Loss: 657.5731, Test Node Loss: 87.1151, Test Reg Loss: 5.7046, Test MAPE: 11.1582, Test R: 0.7556, Test RRSE: 0.8456
2025-02-10 15:14:27,470:INFO:Epoch 41: Train Loss: 355.0120, Train Node Loss: 93.7155, Train Reg Loss: 2.6130, Train MAPE: 10.7649, Train R: 0.7562, Train RRSE: 0.6743, Test Loss: 758.5207, Test Node Loss: 75.7042, Test Reg Loss: 6.8282, Test MAPE: 11.5252, Test R: 0.7560, Test RRSE: 0.9251
2025-02-10 15:14:47,522:INFO:Epoch 42: Train Loss: 353.5791, Train Node Loss: 81.5316, Train Reg Loss: 2.7205, Train MAPE: 10.5768, Train R: 0.7525, Train RRSE: 0.6881, Test Loss: 733.8480, Test Node Loss: 72.5018, Test Reg Loss: 6.6135, Test MAPE: 11.5136, Test R: 0.7589, Test RRSE: 0.9104
2025-02-10 15:15:07,803:INFO:Epoch 43: Train Loss: 337.8413, Train Node Loss: 82.7374, Train Reg Loss: 2.5510, Train MAPE: 10.7359, Train R: 0.7617, Train RRSE: 0.6663, Test Loss: 640.8922, Test Node Loss: 76.0993, Test Reg Loss: 5.6479, Test MAPE: 11.2688, Test R: 0.7629, Test RRSE: 0.8414
2025-02-10 15:15:28,164:INFO:Epoch 44: Train Loss: 346.1587, Train Node Loss: 82.6866, Train Reg Loss: 2.6347, Train MAPE: 10.9832, Train R: 0.7518, Train RRSE: 0.6771, Test Loss: 799.3174, Test Node Loss: 64.4321, Test Reg Loss: 7.3489, Test MAPE: 11.9674, Test R: 0.7646, Test RRSE: 0.9597
2025-02-10 15:15:48,209:INFO:Epoch 45: Train Loss: 315.8288, Train Node Loss: 72.5622, Train Reg Loss: 2.4327, Train MAPE: 10.7681, Train R: 0.7783, Train RRSE: 0.6507, Test Loss: 816.7810, Test Node Loss: 59.9877, Test Reg Loss: 7.5679, Test MAPE: 12.0567, Test R: 0.7673, Test RRSE: 0.9739
2025-02-10 15:16:08,207:INFO:Epoch 46: Train Loss: 313.7707, Train Node Loss: 68.5361, Train Reg Loss: 2.4523, Train MAPE: 10.7200, Train R: 0.7773, Train RRSE: 0.6533, Test Loss: 705.2722, Test Node Loss: 61.5176, Test Reg Loss: 6.4375, Test MAPE: 11.6305, Test R: 0.7719, Test RRSE: 0.8982
2025-02-10 15:16:28,225:INFO:Epoch 47: Train Loss: 301.2086, Train Node Loss: 70.1759, Train Reg Loss: 2.3103, Train MAPE: 11.0170, Train R: 0.7865, Train RRSE: 0.6341, Test Loss: 776.0340, Test Node Loss: 57.3801, Test Reg Loss: 7.1865, Test MAPE: 11.9444, Test R: 0.7736, Test RRSE: 0.9491
2025-02-10 15:16:48,687:INFO:Epoch 48: Train Loss: 301.8754, Train Node Loss: 63.8248, Train Reg Loss: 2.3805, Train MAPE: 10.8606, Train R: 0.7801, Train RRSE: 0.6436, Test Loss: 820.0004, Test Node Loss: 52.7593, Test Reg Loss: 7.6724, Test MAPE: 12.3572, Test R: 0.7757, Test RRSE: 0.9806
2025-02-10 15:17:08,713:INFO:Epoch 49: Train Loss: 295.8418, Train Node Loss: 63.3658, Train Reg Loss: 2.3248, Train MAPE: 10.9647, Train R: 0.7829, Train RRSE: 0.6361, Test Loss: 741.9566, Test Node Loss: 53.3815, Test Reg Loss: 6.8858, Test MAPE: 12.1179, Test R: 0.7797, Test RRSE: 0.9290
2025-02-10 15:17:28,820:INFO:Epoch 50: Train Loss: 277.9846, Train Node Loss: 58.6470, Train Reg Loss: 2.1934, Train MAPE: 10.9166, Train R: 0.8018, Train RRSE: 0.6178, Test Loss: 831.3980, Test Node Loss: 48.0619, Test Reg Loss: 7.8334, Test MAPE: 12.5545, Test R: 0.7822, Test RRSE: 0.9909
2025-02-10 15:17:48,757:INFO:Epoch 51: Train Loss: 272.3421, Train Node Loss: 57.3735, Train Reg Loss: 2.1497, Train MAPE: 10.9977, Train R: 0.8032, Train RRSE: 0.6116, Test Loss: 654.3819, Test Node Loss: 50.7375, Test Reg Loss: 6.0364, Test MAPE: 11.7244, Test R: 0.7861, Test RRSE: 0.8698
2025-02-10 15:18:08,820:INFO:Epoch 52: Train Loss: 272.5534, Train Node Loss: 54.1682, Train Reg Loss: 2.1839, Train MAPE: 11.0843, Train R: 0.7955, Train RRSE: 0.6165, Test Loss: 800.1682, Test Node Loss: 43.6833, Test Reg Loss: 7.5648, Test MAPE: 12.5390, Test R: 0.7874, Test RRSE: 0.9737
2025-02-10 15:18:28,803:INFO:Epoch 53: Train Loss: 260.7374, Train Node Loss: 52.0479, Train Reg Loss: 2.0869, Train MAPE: 11.0535, Train R: 0.8091, Train RRSE: 0.6026, Test Loss: 627.2340, Test Node Loss: 47.1768, Test Reg Loss: 5.8006, Test MAPE: 11.9383, Test R: 0.7912, Test RRSE: 0.8527
2025-02-10 15:18:48,867:INFO:Epoch 54: Train Loss: 266.3860, Train Node Loss: 50.9212, Train Reg Loss: 2.1546, Train MAPE: 11.2399, Train R: 0.7973, Train RRSE: 0.6123, Test Loss: 866.7420, Test Node Loss: 38.1353, Test Reg Loss: 8.2861, Test MAPE: 13.0146, Test R: 0.7910, Test RRSE: 1.0191
2025-02-10 15:19:08,902:INFO:Epoch 55: Train Loss: 261.8380, Train Node Loss: 44.8897, Train Reg Loss: 2.1695, Train MAPE: 10.9405, Train R: 0.8029, Train RRSE: 0.6145, Test Loss: 588.0594, Test Node Loss: 42.2507, Test Reg Loss: 5.4581, Test MAPE: 11.9341, Test R: 0.7955, Test RRSE: 0.8271
2025-02-10 15:19:28,989:INFO:Epoch 56: Train Loss: 269.3664, Train Node Loss: 48.3825, Train Reg Loss: 2.2098, Train MAPE: 11.4264, Train R: 0.7988, Train RRSE: 0.6201, Test Loss: 485.7605, Test Node Loss: 42.0326, Test Reg Loss: 4.4373, Test MAPE: 11.6716, Test R: 0.7986, Test RRSE: 0.7458
2025-02-10 15:19:49,022:INFO:Epoch 57: Train Loss: 252.0924, Train Node Loss: 39.6755, Train Reg Loss: 2.1242, Train MAPE: 11.0691, Train R: 0.8053, Train RRSE: 0.6080, Test Loss: 769.0775, Test Node Loss: 30.3158, Test Reg Loss: 7.3876, Test MAPE: 12.7376, Test R: 0.7976, Test RRSE: 0.9622
2025-02-10 15:20:09,176:INFO:Epoch 58: Train Loss: 255.1368, Train Node Loss: 36.9773, Train Reg Loss: 2.1816, Train MAPE: 11.1332, Train R: 0.7976, Train RRSE: 0.6162, Test Loss: 463.2241, Test Node Loss: 37.4555, Test Reg Loss: 4.2577, Test MAPE: 11.5641, Test R: 0.8017, Test RRSE: 0.7305
2025-02-10 15:20:29,442:INFO:Epoch 59: Train Loss: 237.8653, Train Node Loss: 37.4175, Train Reg Loss: 2.0045, Train MAPE: 11.1176, Train R: 0.8210, Train RRSE: 0.5906, Test Loss: 682.1402, Test Node Loss: 29.7376, Test Reg Loss: 6.5240, Test MAPE: 12.3496, Test R: 0.8021, Test RRSE: 0.9043
2025-02-10 15:20:49,394:INFO:Epoch 60: Train Loss: 244.9049, Train Node Loss: 32.2207, Train Reg Loss: 2.1268, Train MAPE: 11.0748, Train R: 0.8083, Train RRSE: 0.6084, Test Loss: 672.9475, Test Node Loss: 28.5410, Test Reg Loss: 6.4441, Test MAPE: 12.3802, Test R: 0.8036, Test RRSE: 0.8987
2025-02-10 15:21:09,688:INFO:Epoch 61: Train Loss: 233.4816, Train Node Loss: 32.9654, Train Reg Loss: 2.0052, Train MAPE: 11.2739, Train R: 0.8136, Train RRSE: 0.5907, Test Loss: 564.6375, Test Node Loss: 29.6365, Test Reg Loss: 5.3500, Test MAPE: 12.0994, Test R: 0.8067, Test RRSE: 0.8189
2025-02-10 15:21:09,766:INFO:Checkpoint saved at best_0.001_0.001_256_SAGE_3_64_0.8067_epoch_61.pth
2025-02-10 15:21:29,786:INFO:Epoch 62: Train Loss: 221.8435, Train Node Loss: 32.1644, Train Reg Loss: 1.8968, Train MAPE: 11.3502, Train R: 0.8272, Train RRSE: 0.5745, Test Loss: 745.5205, Test Node Loss: 24.9170, Test Reg Loss: 7.2060, Test MAPE: 12.8668, Test R: 0.8058, Test RRSE: 0.9504
2025-02-10 15:21:50,201:INFO:Epoch 63: Train Loss: 233.6251, Train Node Loss: 26.8276, Train Reg Loss: 2.0680, Train MAPE: 11.1213, Train R: 0.8146, Train RRSE: 0.5999, Test Loss: 681.5451, Test Node Loss: 23.4393, Test Reg Loss: 6.5811, Test MAPE: 12.6554, Test R: 0.8080, Test RRSE: 0.9082
2025-02-10 15:21:50,243:INFO:Checkpoint saved at best_0.001_0.001_256_SAGE_3_64_0.8080_epoch_63.pth
2025-02-10 15:22:10,486:INFO:Epoch 64: Train Loss: 223.4714, Train Node Loss: 28.6918, Train Reg Loss: 1.9478, Train MAPE: 11.2755, Train R: 0.8234, Train RRSE: 0.5822, Test Loss: 391.3798, Test Node Loss: 28.5194, Test Reg Loss: 3.6286, Test MAPE: 11.7594, Test R: 0.8107, Test RRSE: 0.6744
2025-02-10 15:22:10,510:INFO:Checkpoint saved at best_0.001_0.001_256_SAGE_3_64_0.8107_epoch_64.pth
2025-02-10 15:22:30,900:INFO:Epoch 65: Train Loss: 226.7067, Train Node Loss: 25.9694, Train Reg Loss: 2.0074, Train MAPE: 11.4295, Train R: 0.8116, Train RRSE: 0.5910, Test Loss: 727.4135, Test Node Loss: 18.2457, Test Reg Loss: 7.0917, Test MAPE: 12.8928, Test R: 0.8081, Test RRSE: 0.9428
2025-02-10 15:22:50,992:INFO:Epoch 66: Train Loss: 219.7377, Train Node Loss: 22.4801, Train Reg Loss: 1.9726, Train MAPE: 11.3151, Train R: 0.8167, Train RRSE: 0.5859, Test Loss: 372.0168, Test Node Loss: 23.8106, Test Reg Loss: 3.4821, Test MAPE: 11.7574, Test R: 0.8092, Test RRSE: 0.6606
2025-02-10 15:23:11,236:INFO:Epoch 67: Train Loss: 210.8592, Train Node Loss: 22.8241, Train Reg Loss: 1.8804, Train MAPE: 11.3718, Train R: 0.8285, Train RRSE: 0.5720, Test Loss: 472.9846, Test Node Loss: 19.6700, Test Reg Loss: 4.5331, Test MAPE: 12.0882, Test R: 0.8083, Test RRSE: 0.7538
2025-02-10 15:23:31,404:INFO:Epoch 68: Train Loss: 205.8999, Train Node Loss: 19.3697, Train Reg Loss: 1.8653, Train MAPE: 11.3177, Train R: 0.8296, Train RRSE: 0.5697, Test Loss: 482.1553, Test Node Loss: 17.5531, Test Reg Loss: 4.6460, Test MAPE: 12.0933, Test R: 0.8087, Test RRSE: 0.7631
2025-02-10 15:23:51,284:INFO:Epoch 69: Train Loss: 213.8108, Train Node Loss: 19.6758, Train Reg Loss: 1.9414, Train MAPE: 11.3934, Train R: 0.8203, Train RRSE: 0.5812, Test Loss: 347.9134, Test Node Loss: 19.6293, Test Reg Loss: 3.2828, Test MAPE: 11.7863, Test R: 0.8107, Test RRSE: 0.6414
2025-02-10 15:24:11,499:INFO:Epoch 70: Train Loss: 200.2871, Train Node Loss: 17.8796, Train Reg Loss: 1.8241, Train MAPE: 11.4589, Train R: 0.8305, Train RRSE: 0.5634, Test Loss: 562.7594, Test Node Loss: 13.5681, Test Reg Loss: 5.4919, Test MAPE: 12.4002, Test R: 0.8111, Test RRSE: 0.8297
2025-02-10 15:24:11,531:INFO:Checkpoint saved at best_0.001_0.001_256_SAGE_3_64_0.8111_epoch_70.pth
2025-02-10 15:24:31,879:INFO:Epoch 71: Train Loss: 210.2625, Train Node Loss: 14.9208, Train Reg Loss: 1.9534, Train MAPE: 11.1859, Train R: 0.8248, Train RRSE: 0.5831, Test Loss: 323.0758, Test Node Loss: 16.8545, Test Reg Loss: 3.0622, Test MAPE: 11.8997, Test R: 0.8139, Test RRSE: 0.6195
2025-02-10 15:24:31,903:INFO:Checkpoint saved at best_0.001_0.001_256_SAGE_3_64_0.8139_epoch_71.pth
2025-02-10 15:24:51,756:INFO:Epoch 72: Train Loss: 194.5503, Train Node Loss: 16.2662, Train Reg Loss: 1.7828, Train MAPE: 11.4183, Train R: 0.8423, Train RRSE: 0.5570, Test Loss: 372.7778, Test Node Loss: 14.2432, Test Reg Loss: 3.5853, Test MAPE: 11.8770, Test R: 0.8139, Test RRSE: 0.6703
2025-02-10 15:25:11,747:INFO:Epoch 73: Train Loss: 190.5957, Train Node Loss: 13.5198, Train Reg Loss: 1.7708, Train MAPE: 11.2312, Train R: 0.8432, Train RRSE: 0.5551, Test Loss: 423.6423, Test Node Loss: 12.3615, Test Reg Loss: 4.1128, Test MAPE: 12.0345, Test R: 0.8133, Test RRSE: 0.7180
2025-02-10 15:25:31,751:INFO:Epoch 74: Train Loss: 195.0945, Train Node Loss: 14.1133, Train Reg Loss: 1.8098, Train MAPE: 11.4954, Train R: 0.8352, Train RRSE: 0.5612, Test Loss: 320.8058, Test Node Loss: 14.1056, Test Reg Loss: 3.0670, Test MAPE: 11.9457, Test R: 0.8141, Test RRSE: 0.6200
2025-02-10 15:25:31,789:INFO:Checkpoint saved at best_0.001_0.001_256_SAGE_3_64_0.8141_epoch_74.pth
2025-02-10 15:25:51,604:INFO:Epoch 75: Train Loss: 184.6451, Train Node Loss: 13.8682, Train Reg Loss: 1.7078, Train MAPE: 11.4436, Train R: 0.8472, Train RRSE: 0.5452, Test Loss: 680.0438, Test Node Loss: 9.5091, Test Reg Loss: 6.7053, Test MAPE: 13.0696, Test R: 0.8117, Test RRSE: 0.9167
2025-02-10 15:26:11,191:INFO:Epoch 76: Train Loss: 189.0088, Train Node Loss: 11.2073, Train Reg Loss: 1.7780, Train MAPE: 11.3567, Train R: 0.8426, Train RRSE: 0.5563, Test Loss: 380.5049, Test Node Loss: 10.9404, Test Reg Loss: 3.6956, Test MAPE: 12.0784, Test R: 0.8143, Test RRSE: 0.6806
2025-02-10 15:26:11,216:INFO:Checkpoint saved at best_0.001_0.001_256_SAGE_3_64_0.8143_epoch_76.pth
2025-02-10 15:26:30,869:INFO:Epoch 77: Train Loss: 182.1493, Train Node Loss: 11.4044, Train Reg Loss: 1.7074, Train MAPE: 11.4680, Train R: 0.8432, Train RRSE: 0.5451, Test Loss: 340.8220, Test Node Loss: 10.9533, Test Reg Loss: 3.2987, Test MAPE: 12.0191, Test R: 0.8152, Test RRSE: 0.6430
2025-02-10 15:26:30,904:INFO:Checkpoint saved at best_0.001_0.001_256_SAGE_3_64_0.8152_epoch_77.pth
2025-02-10 15:26:50,538:INFO:Epoch 78: Train Loss: 178.0862, Train Node Loss: 11.5432, Train Reg Loss: 1.6654, Train MAPE: 11.5315, Train R: 0.8506, Train RRSE: 0.5384, Test Loss: 389.7779, Test Node Loss: 9.9416, Test Reg Loss: 3.7984, Test MAPE: 12.0133, Test R: 0.8156, Test RRSE: 0.6900
2025-02-10 15:26:50,566:INFO:Checkpoint saved at best_0.001_0.001_256_SAGE_3_64_0.8156_epoch_78.pth
2025-02-10 15:27:10,248:INFO:Epoch 79: Train Loss: 182.7586, Train Node Loss: 9.9253, Train Reg Loss: 1.7283, Train MAPE: 11.4689, Train R: 0.8397, Train RRSE: 0.5484, Test Loss: 447.0078, Test Node Loss: 8.3035, Test Reg Loss: 4.3870, Test MAPE: 12.3412, Test R: 0.8157, Test RRSE: 0.7415
2025-02-10 15:27:10,276:INFO:Checkpoint saved at best_0.001_0.001_256_SAGE_3_64_0.8157_epoch_79.pth
2025-02-10 15:27:30,241:INFO:Epoch 80: Train Loss: 181.3217, Train Node Loss: 9.7653, Train Reg Loss: 1.7156, Train MAPE: 11.5020, Train R: 0.8424, Train RRSE: 0.5464, Test Loss: 371.9836, Test Node Loss: 8.7409, Test Reg Loss: 3.6324, Test MAPE: 12.1175, Test R: 0.8161, Test RRSE: 0.6747
2025-02-10 15:27:30,284:INFO:Checkpoint saved at best_0.001_0.001_256_SAGE_3_64_0.8161_epoch_80.pth
2025-02-10 15:27:50,331:INFO:Epoch 81: Train Loss: 177.2866, Train Node Loss: 9.1910, Train Reg Loss: 1.6810, Train MAPE: 11.5219, Train R: 0.8453, Train RRSE: 0.5409, Test Loss: 514.7069, Test Node Loss: 7.1843, Test Reg Loss: 5.0752, Test MAPE: 12.6060, Test R: 0.8165, Test RRSE: 0.7976
2025-02-10 15:27:50,362:INFO:Checkpoint saved at best_0.001_0.001_256_SAGE_3_64_0.8165_epoch_81.pth
2025-02-10 15:28:10,077:INFO:Epoch 82: Train Loss: 180.0644, Train Node Loss: 7.8712, Train Reg Loss: 1.7219, Train MAPE: 11.4465, Train R: 0.8437, Train RRSE: 0.5474, Test Loss: 403.3461, Test Node Loss: 7.0929, Test Reg Loss: 3.9625, Test MAPE: 12.2577, Test R: 0.8182, Test RRSE: 0.7047
2025-02-10 15:28:10,106:INFO:Checkpoint saved at best_0.001_0.001_256_SAGE_3_64_0.8182_epoch_82.pth
2025-02-10 15:28:30,102:INFO:Epoch 83: Train Loss: 176.8861, Train Node Loss: 8.2947, Train Reg Loss: 1.6859, Train MAPE: 11.5528, Train R: 0.8460, Train RRSE: 0.5417, Test Loss: 286.6324, Test Node Loss: 8.5618, Test Reg Loss: 2.7807, Test MAPE: 12.3342, Test R: 0.8195, Test RRSE: 0.5904
2025-02-10 15:28:30,153:INFO:Checkpoint saved at best_0.001_0.001_256_SAGE_3_64_0.8195_epoch_83.pth
2025-02-10 15:28:49,811:INFO:Epoch 84: Train Loss: 171.2137, Train Node Loss: 7.9509, Train Reg Loss: 1.6326, Train MAPE: 11.6411, Train R: 0.8504, Train RRSE: 0.5330, Test Loss: 656.0100, Test Node Loss: 5.3435, Test Reg Loss: 6.5067, Test MAPE: 13.2930, Test R: 0.8175, Test RRSE: 0.9031
2025-02-10 15:29:09,541:INFO:Epoch 85: Train Loss: 182.3205, Train Node Loss: 6.5678, Train Reg Loss: 1.7575, Train MAPE: 11.4643, Train R: 0.8416, Train RRSE: 0.5530, Test Loss: 341.1143, Test Node Loss: 6.9543, Test Reg Loss: 3.3416, Test MAPE: 12.2949, Test R: 0.8207, Test RRSE: 0.6472
2025-02-10 15:29:09,599:INFO:Checkpoint saved at best_0.001_0.001_256_SAGE_3_64_0.8207_epoch_85.pth
2025-02-10 15:29:29,269:INFO:Epoch 86: Train Loss: 169.7179, Train Node Loss: 7.5043, Train Reg Loss: 1.6221, Train MAPE: 11.7553, Train R: 0.8512, Train RRSE: 0.5313, Test Loss: 295.9318, Test Node Loss: 6.8086, Test Reg Loss: 2.8912, Test MAPE: 12.2538, Test R: 0.8218, Test RRSE: 0.6020
2025-02-10 15:29:29,297:INFO:Checkpoint saved at best_0.001_0.001_256_SAGE_3_64_0.8218_epoch_86.pth
2025-02-10 15:29:49,355:INFO:Epoch 87: Train Loss: 159.5769, Train Node Loss: 6.6967, Train Reg Loss: 1.5288, Train MAPE: 11.5544, Train R: 0.8624, Train RRSE: 0.5158, Test Loss: 446.9958, Test Node Loss: 5.0614, Test Reg Loss: 4.4193, Test MAPE: 12.6093, Test R: 0.8225, Test RRSE: 0.7442
2025-02-10 15:29:49,381:INFO:Checkpoint saved at best_0.001_0.001_256_SAGE_3_64_0.8225_epoch_87.pth
2025-02-10 15:30:09,133:INFO:Epoch 88: Train Loss: 172.0971, Train Node Loss: 5.3598, Train Reg Loss: 1.6674, Train MAPE: 11.3969, Train R: 0.8527, Train RRSE: 0.5387, Test Loss: 362.6595, Test Node Loss: 5.0783, Test Reg Loss: 3.5758, Test MAPE: 12.3817, Test R: 0.8223, Test RRSE: 0.6695
2025-02-10 15:30:28,827:INFO:Epoch 89: Train Loss: 160.0238, Train Node Loss: 6.2380, Train Reg Loss: 1.5379, Train MAPE: 11.7038, Train R: 0.8632, Train RRSE: 0.5173, Test Loss: 281.8250, Test Node Loss: 6.0469, Test Reg Loss: 2.7578, Test MAPE: 12.3761, Test R: 0.8220, Test RRSE: 0.5879
2025-02-10 15:30:48,618:INFO:Epoch 90: Train Loss: 163.2663, Train Node Loss: 5.8260, Train Reg Loss: 1.5744, Train MAPE: 11.5819, Train R: 0.8580, Train RRSE: 0.5234, Test Loss: 610.1516, Test Node Loss: 3.7377, Test Reg Loss: 6.0641, Test MAPE: 13.1437, Test R: 0.8193, Test RRSE: 0.8718
2025-02-10 15:31:08,737:INFO:Epoch 91: Train Loss: 171.7142, Train Node Loss: 4.6324, Train Reg Loss: 1.6708, Train MAPE: 11.4442, Train R: 0.8519, Train RRSE: 0.5392, Test Loss: 375.9330, Test Node Loss: 4.5273, Test Reg Loss: 3.7141, Test MAPE: 12.5796, Test R: 0.8206, Test RRSE: 0.6823
2025-02-10 15:31:28,522:INFO:Epoch 92: Train Loss: 165.1710, Train Node Loss: 5.0623, Train Reg Loss: 1.6011, Train MAPE: 11.7110, Train R: 0.8513, Train RRSE: 0.5279, Test Loss: 291.9463, Test Node Loss: 4.8915, Test Reg Loss: 2.8705, Test MAPE: 12.4638, Test R: 0.8208, Test RRSE: 0.5998
2025-02-10 15:31:48,601:INFO:Epoch 93: Train Loss: 158.3608, Train Node Loss: 4.8904, Train Reg Loss: 1.5347, Train MAPE: 11.7509, Train R: 0.8590, Train RRSE: 0.5168, Test Loss: 393.6500, Test Node Loss: 3.8281, Test Reg Loss: 3.8982, Test MAPE: 12.6127, Test R: 0.8204, Test RRSE: 0.6990
2025-02-10 15:32:08,623:INFO:Epoch 94: Train Loss: 154.0828, Train Node Loss: 4.2334, Train Reg Loss: 1.4985, Train MAPE: 11.6442, Train R: 0.8630, Train RRSE: 0.5107, Test Loss: 487.3851, Test Node Loss: 3.4228, Test Reg Loss: 4.8396, Test MAPE: 12.8899, Test R: 0.8200, Test RRSE: 0.7788
2025-02-10 15:32:28,652:INFO:Epoch 95: Train Loss: 154.6142, Train Node Loss: 4.0837, Train Reg Loss: 1.5053, Train MAPE: 11.6364, Train R: 0.8622, Train RRSE: 0.5118, Test Loss: 410.6347, Test Node Loss: 3.5183, Test Reg Loss: 4.0712, Test MAPE: 12.6273, Test R: 0.8203, Test RRSE: 0.7143
2025-02-10 15:32:48,692:INFO:Epoch 96: Train Loss: 157.7098, Train Node Loss: 4.2007, Train Reg Loss: 1.5351, Train MAPE: 11.7993, Train R: 0.8600, Train RRSE: 0.5169, Test Loss: 347.6779, Test Node Loss: 3.3807, Test Reg Loss: 3.4430, Test MAPE: 12.5027, Test R: 0.8205, Test RRSE: 0.6569
2025-02-10 15:33:08,866:INFO:Epoch 97: Train Loss: 148.8113, Train Node Loss: 3.5333, Train Reg Loss: 1.4528, Train MAPE: 11.6638, Train R: 0.8675, Train RRSE: 0.5028, Test Loss: 641.5487, Test Node Loss: 2.6258, Test Reg Loss: 6.3892, Test MAPE: 13.5334, Test R: 0.8188, Test RRSE: 0.8949
2025-02-10 15:33:28,902:INFO:Epoch 98: Train Loss: 147.5143, Train Node Loss: 3.5783, Train Reg Loss: 1.4394, Train MAPE: 11.7830, Train R: 0.8670, Train RRSE: 0.5005, Test Loss: 345.0083, Test Node Loss: 3.5504, Test Reg Loss: 3.4146, Test MAPE: 12.7149, Test R: 0.8204, Test RRSE: 0.6542
2025-02-10 15:33:48,578:INFO:Epoch 99: Train Loss: 159.8334, Train Node Loss: 3.6752, Train Reg Loss: 1.5616, Train MAPE: 11.8830, Train R: 0.8565, Train RRSE: 0.5213, Test Loss: 409.8840, Test Node Loss: 2.5042, Test Reg Loss: 4.0738, Test MAPE: 12.8391, Test R: 0.8203, Test RRSE: 0.7146
2025-02-10 15:34:08,235:INFO:Epoch 100: Train Loss: 157.8878, Train Node Loss: 3.0046, Train Reg Loss: 1.5488, Train MAPE: 11.7887, Train R: 0.8564, Train RRSE: 0.5192, Test Loss: 357.3316, Test Node Loss: 2.2027, Test Reg Loss: 3.5513, Test MAPE: 12.6020, Test R: 0.8208, Test RRSE: 0.6672
2025-02-10 15:34:27,903:INFO:Epoch 101: Train Loss: 151.6348, Train Node Loss: 2.3490, Train Reg Loss: 1.4929, Train MAPE: 11.5819, Train R: 0.8668, Train RRSE: 0.5097, Test Loss: 459.3008, Test Node Loss: 1.9489, Test Reg Loss: 4.5735, Test MAPE: 13.0307, Test R: 0.8220, Test RRSE: 0.7571
2025-02-10 15:34:47,903:INFO:Epoch 102: Train Loss: 154.4604, Train Node Loss: 2.6112, Train Reg Loss: 1.5185, Train MAPE: 11.7260, Train R: 0.8592, Train RRSE: 0.5141, Test Loss: 288.2388, Test Node Loss: 2.6887, Test Reg Loss: 2.8555, Test MAPE: 12.6328, Test R: 0.8228, Test RRSE: 0.5982
2025-02-10 15:34:47,933:INFO:Checkpoint saved at best_0.001_0.001_256_SAGE_3_64_0.8228_epoch_102.pth
2025-02-10 15:35:07,629:INFO:Epoch 103: Train Loss: 148.7172, Train Node Loss: 2.6443, Train Reg Loss: 1.4607, Train MAPE: 11.8341, Train R: 0.8658, Train RRSE: 0.5042, Test Loss: 593.5882, Test Node Loss: 1.5417, Test Reg Loss: 5.9205, Test MAPE: 13.2130, Test R: 0.8217, Test RRSE: 0.8614
2025-02-10 15:35:27,226:INFO:Epoch 104: Train Loss: 180.5031, Train Node Loss: 1.8787, Train Reg Loss: 1.7862, Train MAPE: 11.5523, Train R: 0.8410, Train RRSE: 0.5575, Test Loss: 427.7244, Test Node Loss: 1.6550, Test Reg Loss: 4.2607, Test MAPE: 12.8284, Test R: 0.8221, Test RRSE: 0.7308
2025-02-10 15:35:46,827:INFO:Epoch 105: Train Loss: 167.7324, Train Node Loss: 2.6798, Train Reg Loss: 1.6505, Train MAPE: 12.0757, Train R: 0.8559, Train RRSE: 0.5359, Test Loss: 274.7890, Test Node Loss: 2.4578, Test Reg Loss: 2.7233, Test MAPE: 12.5617, Test R: 0.8229, Test RRSE: 0.5842
2025-02-10 15:35:46,858:INFO:Checkpoint saved at best_0.001_0.001_256_SAGE_3_64_0.8229_epoch_105.pth
2025-02-10 15:36:06,275:INFO:Epoch 106: Train Loss: 151.4339, Train Node Loss: 2.3300, Train Reg Loss: 1.4910, Train MAPE: 11.6311, Train R: 0.8655, Train RRSE: 0.5094, Test Loss: 1195.5891, Test Node Loss: 0.8273, Test Reg Loss: 11.9476, Test MAPE: 15.5896, Test R: 0.8132, Test RRSE: 1.2237
2025-02-10 15:36:26,199:INFO:Epoch 107: Train Loss: 168.8789, Train Node Loss: 1.4253, Train Reg Loss: 1.6745, Train MAPE: 11.6190, Train R: 0.8615, Train RRSE: 0.5398, Test Loss: 780.1139, Test Node Loss: 1.1711, Test Reg Loss: 7.7894, Test MAPE: 13.9917, Test R: 0.8188, Test RRSE: 0.9881
2025-02-10 15:36:45,877:INFO:Epoch 108: Train Loss: 163.3305, Train Node Loss: 2.0426, Train Reg Loss: 1.6129, Train MAPE: 11.9120, Train R: 0.8521, Train RRSE: 0.5298, Test Loss: 320.1024, Test Node Loss: 1.8450, Test Reg Loss: 3.1826, Test MAPE: 12.7655, Test R: 0.8247, Test RRSE: 0.6316
2025-02-10 15:36:45,912:INFO:Checkpoint saved at best_0.001_0.001_256_SAGE_3_64_0.8247_epoch_108.pth
2025-02-10 15:37:05,936:INFO:Epoch 109: Train Loss: 159.0693, Train Node Loss: 1.6969, Train Reg Loss: 1.5737, Train MAPE: 11.8539, Train R: 0.8535, Train RRSE: 0.5233, Test Loss: 635.1955, Test Node Loss: 0.9248, Test Reg Loss: 6.3427, Test MAPE: 13.5568, Test R: 0.8239, Test RRSE: 0.8916
2025-02-10 15:37:25,564:INFO:Epoch 110: Train Loss: 156.6981, Train Node Loss: 1.2808, Train Reg Loss: 1.5542, Train MAPE: 11.7589, Train R: 0.8562, Train RRSE: 0.5201, Test Loss: 275.6503, Test Node Loss: 1.2544, Test Reg Loss: 2.7440, Test MAPE: 12.5196, Test R: 0.8252, Test RRSE: 0.5864
2025-02-10 15:37:25,647:INFO:Checkpoint saved at best_0.001_0.001_256_SAGE_3_64_0.8252_epoch_110.pth
2025-02-10 15:37:45,278:INFO:Epoch 111: Train Loss: 155.5922, Train Node Loss: 1.2574, Train Reg Loss: 1.5433, Train MAPE: 11.6998, Train R: 0.8576, Train RRSE: 0.5183, Test Loss: 398.2199, Test Node Loss: 0.9401, Test Reg Loss: 3.9728, Test MAPE: 12.8336, Test R: 0.8243, Test RRSE: 0.7056
2025-02-10 15:38:04,943:INFO:Epoch 112: Train Loss: 149.9755, Train Node Loss: 1.2119, Train Reg Loss: 1.4876, Train MAPE: 11.8043, Train R: 0.8624, Train RRSE: 0.5088, Test Loss: 353.9350, Test Node Loss: 1.0668, Test Reg Loss: 3.5287, Test MAPE: 13.0227, Test R: 0.8251, Test RRSE: 0.6650
2025-02-10 15:38:24,651:INFO:Epoch 113: Train Loss: 141.2824, Train Node Loss: 1.2402, Train Reg Loss: 1.4004, Train MAPE: 11.9619, Train R: 0.8706, Train RRSE: 0.4937, Test Loss: 440.3432, Test Node Loss: 0.8606, Test Reg Loss: 4.3948, Test MAPE: 13.1902, Test R: 0.8242, Test RRSE: 0.7422
2025-02-10 15:38:44,641:INFO:Epoch 114: Train Loss: 152.2844, Train Node Loss: 0.9874, Train Reg Loss: 1.5130, Train MAPE: 11.9078, Train R: 0.8615, Train RRSE: 0.5131, Test Loss: 390.3366, Test Node Loss: 0.8001, Test Reg Loss: 3.8954, Test MAPE: 12.9444, Test R: 0.8249, Test RRSE: 0.6987
2025-02-10 15:39:04,609:INFO:Epoch 115: Train Loss: 137.8715, Train Node Loss: 1.0073, Train Reg Loss: 1.3686, Train MAPE: 11.7548, Train R: 0.8750, Train RRSE: 0.4880, Test Loss: 273.2908, Test Node Loss: 1.0039, Test Reg Loss: 2.7229, Test MAPE: 12.8582, Test R: 0.8255, Test RRSE: 0.5842
2025-02-10 15:39:04,641:INFO:Checkpoint saved at best_0.001_0.001_256_SAGE_3_64_0.8255_epoch_115.pth
2025-02-10 15:39:24,631:INFO:Epoch 116: Train Loss: 147.3969, Train Node Loss: 1.0278, Train Reg Loss: 1.4637, Train MAPE: 11.8569, Train R: 0.8641, Train RRSE: 0.5047, Test Loss: 564.8252, Test Node Loss: 0.7246, Test Reg Loss: 5.6410, Test MAPE: 13.4763, Test R: 0.8250, Test RRSE: 0.8408
2025-02-10 15:39:44,605:INFO:Epoch 117: Train Loss: 145.4880, Train Node Loss: 0.9560, Train Reg Loss: 1.4453, Train MAPE: 11.8422, Train R: 0.8664, Train RRSE: 0.5015, Test Loss: 467.9515, Test Node Loss: 0.7915, Test Reg Loss: 4.6716, Test MAPE: 13.1862, Test R: 0.8267, Test RRSE: 0.7652
2025-02-10 15:39:44,644:INFO:Checkpoint saved at best_0.001_0.001_256_SAGE_3_64_0.8267_epoch_117.pth
2025-02-10 15:40:04,664:INFO:Epoch 118: Train Loss: 146.3931, Train Node Loss: 1.0201, Train Reg Loss: 1.4537, Train MAPE: 11.9877, Train R: 0.8667, Train RRSE: 0.5030, Test Loss: 473.2637, Test Node Loss: 0.7381, Test Reg Loss: 4.7253, Test MAPE: 13.2949, Test R: 0.8272, Test RRSE: 0.7696
2025-02-10 15:40:04,690:INFO:Checkpoint saved at best_0.001_0.001_256_SAGE_3_64_0.8272_epoch_118.pth
2025-02-10 15:40:24,296:INFO:Epoch 119: Train Loss: 141.0583, Train Node Loss: 0.9104, Train Reg Loss: 1.4015, Train MAPE: 11.9363, Train R: 0.8699, Train RRSE: 0.4939, Test Loss: 673.8555, Test Node Loss: 0.5631, Test Reg Loss: 6.7329, Test MAPE: 14.0140, Test R: 0.8270, Test RRSE: 0.9186
2025-02-10 15:40:43,860:INFO:Epoch 120: Train Loss: 141.1550, Train Node Loss: 0.8315, Train Reg Loss: 1.4032, Train MAPE: 11.9061, Train R: 0.8705, Train RRSE: 0.4942, Test Loss: 332.5638, Test Node Loss: 0.7389, Test Reg Loss: 3.3182, Test MAPE: 12.9888, Test R: 0.8289, Test RRSE: 0.6449
2025-02-10 15:40:43,896:INFO:Checkpoint saved at best_0.001_0.001_256_SAGE_3_64_0.8289_epoch_120.pth
2025-02-10 15:41:03,515:INFO:Epoch 121: Train Loss: 160.3664, Train Node Loss: 0.9361, Train Reg Loss: 1.5943, Train MAPE: 12.0240, Train R: 0.8545, Train RRSE: 0.5267, Test Loss: 306.9966, Test Node Loss: 0.7479, Test Reg Loss: 3.0625, Test MAPE: 12.9040, Test R: 0.8280, Test RRSE: 0.6195
2025-02-10 15:41:23,079:INFO:Epoch 122: Train Loss: 138.1844, Train Node Loss: 0.7391, Train Reg Loss: 1.3745, Train MAPE: 11.7591, Train R: 0.8761, Train RRSE: 0.4891, Test Loss: 658.6071, Test Node Loss: 0.4652, Test Reg Loss: 6.5814, Test MAPE: 13.6971, Test R: 0.8244, Test RRSE: 0.9082
2025-02-10 15:41:43,023:INFO:Epoch 123: Train Loss: 142.7200, Train Node Loss: 0.6807, Train Reg Loss: 1.4204, Train MAPE: 11.7048, Train R: 0.8745, Train RRSE: 0.4972, Test Loss: 273.9960, Test Node Loss: 0.7838, Test Reg Loss: 2.7321, Test MAPE: 12.8831, Test R: 0.8259, Test RRSE: 0.5852
2025-02-10 15:42:02,664:INFO:Epoch 124: Train Loss: 157.3106, Train Node Loss: 0.9164, Train Reg Loss: 1.5639, Train MAPE: 12.1171, Train R: 0.8655, Train RRSE: 0.5217, Test Loss: 282.5325, Test Node Loss: 0.7579, Test Reg Loss: 2.8177, Test MAPE: 12.9563, Test R: 0.8256, Test RRSE: 0.5943
2025-02-10 15:42:22,285:INFO:Epoch 125: Train Loss: 165.7620, Train Node Loss: 0.6866, Train Reg Loss: 1.6508, Train MAPE: 11.8049, Train R: 0.8461, Train RRSE: 0.5360, Test Loss: 821.9530, Test Node Loss: 0.3639, Test Reg Loss: 8.2159, Test MAPE: 14.1563, Test R: 0.8193, Test RRSE: 1.0148
2025-02-10 15:42:41,944:INFO:Epoch 126: Train Loss: 143.7489, Train Node Loss: 0.6493, Train Reg Loss: 1.4310, Train MAPE: 11.8431, Train R: 0.8697, Train RRSE: 0.4990, Test Loss: 329.5715, Test Node Loss: 0.7290, Test Reg Loss: 3.2884, Test MAPE: 12.7493, Test R: 0.8239, Test RRSE: 0.6420
2025-02-10 15:43:01,569:INFO:Epoch 127: Train Loss: 146.8898, Train Node Loss: 0.8573, Train Reg Loss: 1.4603, Train MAPE: 12.0412, Train R: 0.8728, Train RRSE: 0.5041, Test Loss: 521.4255, Test Node Loss: 0.5716, Test Reg Loss: 5.2085, Test MAPE: 13.2063, Test R: 0.8225, Test RRSE: 0.8080
2025-02-10 15:43:21,500:INFO:Epoch 128: Train Loss: 148.9369, Train Node Loss: 0.6975, Train Reg Loss: 1.4824, Train MAPE: 11.8497, Train R: 0.8622, Train RRSE: 0.5079, Test Loss: 663.7724, Test Node Loss: 0.3877, Test Reg Loss: 6.6338, Test MAPE: 13.5676, Test R: 0.8207, Test RRSE: 0.9118
2025-02-10 15:43:41,060:INFO:Epoch 129: Train Loss: 146.6645, Train Node Loss: 0.5515, Train Reg Loss: 1.4611, Train MAPE: 11.7002, Train R: 0.8681, Train RRSE: 0.5043, Test Loss: 333.0412, Test Node Loss: 0.5040, Test Reg Loss: 3.3254, Test MAPE: 12.7757, Test R: 0.8257, Test RRSE: 0.6456
2025-02-10 15:44:00,445:INFO:Epoch 130: Train Loss: 136.7360, Train Node Loss: 0.5976, Train Reg Loss: 1.3614, Train MAPE: 11.8718, Train R: 0.8752, Train RRSE: 0.4867, Test Loss: 257.1482, Test Node Loss: 0.6054, Test Reg Loss: 2.5654, Test MAPE: 12.9112, Test R: 0.8267, Test RRSE: 0.5670
2025-02-10 15:44:20,091:INFO:Epoch 131: Train Loss: 143.4378, Train Node Loss: 0.6185, Train Reg Loss: 1.4282, Train MAPE: 11.9382, Train R: 0.8711, Train RRSE: 0.4985, Test Loss: 335.5408, Test Node Loss: 0.4788, Test Reg Loss: 3.3506, Test MAPE: 12.9607, Test R: 0.8273, Test RRSE: 0.6480
2025-02-10 15:44:39,744:INFO:Epoch 132: Train Loss: 153.5695, Train Node Loss: 0.5464, Train Reg Loss: 1.5302, Train MAPE: 11.7678, Train R: 0.8576, Train RRSE: 0.5160, Test Loss: 567.8143, Test Node Loss: 0.3773, Test Reg Loss: 5.6744, Test MAPE: 13.3830, Test R: 0.8249, Test RRSE: 0.8433
2025-02-10 15:44:59,460:INFO:Epoch 133: Train Loss: 145.6099, Train Node Loss: 0.5074, Train Reg Loss: 1.4510, Train MAPE: 11.7466, Train R: 0.8698, Train RRSE: 0.5025, Test Loss: 435.9406, Test Node Loss: 0.4388, Test Reg Loss: 4.3550, Test MAPE: 12.9641, Test R: 0.8258, Test RRSE: 0.7388
2025-02-10 15:45:18,640:INFO:Epoch 134: Train Loss: 137.1307, Train Node Loss: 0.6111, Train Reg Loss: 1.3652, Train MAPE: 11.8982, Train R: 0.8742, Train RRSE: 0.4874, Test Loss: 273.8271, Test Node Loss: 0.6041, Test Reg Loss: 2.7322, Test MAPE: 12.8429, Test R: 0.8255, Test RRSE: 0.5852
2025-02-10 15:45:37,719:INFO:Epoch 135: Train Loss: 148.1603, Train Node Loss: 0.6470, Train Reg Loss: 1.4751, Train MAPE: 12.0538, Train R: 0.8642, Train RRSE: 0.5067, Test Loss: 427.9703, Test Node Loss: 0.4667, Test Reg Loss: 4.2750, Test MAPE: 13.0296, Test R: 0.8246, Test RRSE: 0.7320
2025-02-10 15:45:56,814:INFO:Epoch 136: Train Loss: 128.9324, Train Node Loss: 0.5606, Train Reg Loss: 1.2837, Train MAPE: 11.9084, Train R: 0.8826, Train RRSE: 0.4727, Test Loss: 458.8887, Test Node Loss: 0.4330, Test Reg Loss: 4.5846, Test MAPE: 13.1203, Test R: 0.8254, Test RRSE: 0.7580
2025-02-10 15:46:16,241:INFO:Epoch 137: Train Loss: 141.0355, Train Node Loss: 0.5710, Train Reg Loss: 1.4046, Train MAPE: 12.1084, Train R: 0.8692, Train RRSE: 0.4944, Test Loss: 286.0417, Test Node Loss: 0.5579, Test Reg Loss: 2.8548, Test MAPE: 12.8127, Test R: 0.8266, Test RRSE: 0.5982
2025-02-10 15:46:35,692:INFO:Epoch 138: Train Loss: 134.7269, Train Node Loss: 0.5452, Train Reg Loss: 1.3418, Train MAPE: 11.9847, Train R: 0.8761, Train RRSE: 0.4832, Test Loss: 355.1223, Test Node Loss: 0.4418, Test Reg Loss: 3.5468, Test MAPE: 12.9063, Test R: 0.8258, Test RRSE: 0.6667
2025-02-10 15:46:55,119:INFO:Epoch 139: Train Loss: 137.9043, Train Node Loss: 0.4979, Train Reg Loss: 1.3741, Train MAPE: 11.8837, Train R: 0.8735, Train RRSE: 0.4890, Test Loss: 329.7367, Test Node Loss: 0.4676, Test Reg Loss: 3.2927, Test MAPE: 12.7405, Test R: 0.8257, Test RRSE: 0.6424
2025-02-10 15:47:14,518:INFO:Epoch 140: Train Loss: 142.8325, Train Node Loss: 0.5420, Train Reg Loss: 1.4229, Train MAPE: 11.8634, Train R: 0.8693, Train RRSE: 0.4976, Test Loss: 281.8431, Test Node Loss: 0.5056, Test Reg Loss: 2.8134, Test MAPE: 12.9567, Test R: 0.8268, Test RRSE: 0.5938
2025-02-10 15:47:33,620:INFO:Epoch 141: Train Loss: 130.1437, Train Node Loss: 0.5059, Train Reg Loss: 1.2964, Train MAPE: 11.9706, Train R: 0.8808, Train RRSE: 0.4750, Test Loss: 619.8695, Test Node Loss: 0.3000, Test Reg Loss: 6.1957, Test MAPE: 13.5269, Test R: 0.8241, Test RRSE: 0.8812
2025-02-10 15:47:53,071:INFO:Epoch 142: Train Loss: 148.3886, Train Node Loss: 0.4033, Train Reg Loss: 1.4799, Train MAPE: 11.8205, Train R: 0.8683, Train RRSE: 0.5075, Test Loss: 390.0283, Test Node Loss: 0.3701, Test Reg Loss: 3.8966, Test MAPE: 13.0251, Test R: 0.8262, Test RRSE: 0.6988
2025-02-10 15:48:12,222:INFO:Epoch 143: Train Loss: 141.6144, Train Node Loss: 0.5410, Train Reg Loss: 1.4107, Train MAPE: 12.1260, Train R: 0.8732, Train RRSE: 0.4955, Test Loss: 277.4687, Test Node Loss: 0.5239, Test Reg Loss: 2.7694, Test MAPE: 13.0067, Test R: 0.8269, Test RRSE: 0.5892
2025-02-10 15:48:31,393:INFO:Epoch 144: Train Loss: 148.1165, Train Node Loss: 0.4986, Train Reg Loss: 1.4762, Train MAPE: 11.9081, Train R: 0.8629, Train RRSE: 0.5068, Test Loss: 953.9431, Test Node Loss: 0.2227, Test Reg Loss: 9.5372, Test MAPE: 14.6436, Test R: 0.8188, Test RRSE: 1.0933
2025-02-10 15:48:50,561:INFO:Epoch 145: Train Loss: 138.0367, Train Node Loss: 0.4133, Train Reg Loss: 1.3762, Train MAPE: 11.9040, Train R: 0.8768, Train RRSE: 0.4894, Test Loss: 627.5325, Test Node Loss: 0.3304, Test Reg Loss: 6.2720, Test MAPE: 13.3809, Test R: 0.8210, Test RRSE: 0.8866
2025-02-10 15:49:09,705:INFO:Epoch 146: Train Loss: 141.3701, Train Node Loss: 0.5295, Train Reg Loss: 1.4084, Train MAPE: 12.1218, Train R: 0.8707, Train RRSE: 0.4951, Test Loss: 426.2314, Test Node Loss: 0.4164, Test Reg Loss: 4.2582, Test MAPE: 12.8578, Test R: 0.8232, Test RRSE: 0.7305
2025-02-10 15:49:28,766:INFO:Epoch 147: Train Loss: 130.0749, Train Node Loss: 0.5081, Train Reg Loss: 1.2957, Train MAPE: 11.9552, Train R: 0.8827, Train RRSE: 0.4748, Test Loss: 605.6362, Test Node Loss: 0.2849, Test Reg Loss: 6.0535, Test MAPE: 13.2979, Test R: 0.8201, Test RRSE: 0.8710
2025-02-10 15:49:48,233:INFO:Epoch 148: Train Loss: 139.2096, Train Node Loss: 0.3787, Train Reg Loss: 1.3883, Train MAPE: 11.7572, Train R: 0.8757, Train RRSE: 0.4915, Test Loss: 529.4466, Test Node Loss: 0.2756, Test Reg Loss: 5.2917, Test MAPE: 13.1946, Test R: 0.8212, Test RRSE: 0.8144
2025-02-10 15:50:07,328:INFO:Epoch 149: Train Loss: 131.3358, Train Node Loss: 0.4238, Train Reg Loss: 1.3091, Train MAPE: 12.0807, Train R: 0.8790, Train RRSE: 0.4773, Test Loss: 277.1738, Test Node Loss: 0.4260, Test Reg Loss: 2.7675, Test MAPE: 12.8405, Test R: 0.8249, Test RRSE: 0.5889
2025-02-10 15:50:26,460:INFO:Epoch 150: Train Loss: 138.8676, Train Node Loss: 0.4304, Train Reg Loss: 1.3844, Train MAPE: 12.2581, Train R: 0.8733, Train RRSE: 0.4908, Test Loss: 390.3084, Test Node Loss: 0.2931, Test Reg Loss: 3.9002, Test MAPE: 12.9913, Test R: 0.8249, Test RRSE: 0.6992
2025-02-10 15:50:45,924:INFO:Epoch 151: Train Loss: 144.6814, Train Node Loss: 0.3108, Train Reg Loss: 1.4437, Train MAPE: 11.8372, Train R: 0.8686, Train RRSE: 0.5012, Test Loss: 396.2634, Test Node Loss: 0.2544, Test Reg Loss: 3.9601, Test MAPE: 12.8338, Test R: 0.8257, Test RRSE: 0.7045
2025-02-10 15:51:05,045:INFO:Epoch 152: Train Loss: 129.9654, Train Node Loss: 0.3651, Train Reg Loss: 1.2960, Train MAPE: 11.9439, Train R: 0.8817, Train RRSE: 0.4749, Test Loss: 369.8619, Test Node Loss: 0.3125, Test Reg Loss: 3.6955, Test MAPE: 12.7190, Test R: 0.8241, Test RRSE: 0.6806
2025-02-10 15:51:24,461:INFO:Epoch 153: Train Loss: 123.2991, Train Node Loss: 0.3790, Train Reg Loss: 1.2292, Train MAPE: 12.0160, Train R: 0.8881, Train RRSE: 0.4625, Test Loss: 738.8533, Test Node Loss: 0.2023, Test Reg Loss: 7.3865, Test MAPE: 13.7761, Test R: 0.8181, Test RRSE: 0.9622
2025-02-10 15:51:43,558:INFO:Epoch 154: Train Loss: 147.9254, Train Node Loss: 0.3177, Train Reg Loss: 1.4761, Train MAPE: 11.9947, Train R: 0.8628, Train RRSE: 0.5068, Test Loss: 586.6769, Test Node Loss: 0.2071, Test Reg Loss: 5.8647, Test MAPE: 13.2992, Test R: 0.8201, Test RRSE: 0.8574
2025-02-10 15:52:02,681:INFO:Epoch 155: Train Loss: 136.3905, Train Node Loss: 0.3139, Train Reg Loss: 1.3608, Train MAPE: 11.9230, Train R: 0.8739, Train RRSE: 0.4866, Test Loss: 275.3268, Test Node Loss: 0.3230, Test Reg Loss: 2.7500, Test MAPE: 12.7876, Test R: 0.8259, Test RRSE: 0.5871
2025-02-10 15:52:21,915:INFO:Epoch 156: Train Loss: 139.2649, Train Node Loss: 0.3418, Train Reg Loss: 1.3892, Train MAPE: 11.9909, Train R: 0.8746, Train RRSE: 0.4917, Test Loss: 377.7117, Test Node Loss: 0.2517, Test Reg Loss: 3.7746, Test MAPE: 12.9384, Test R: 0.8253, Test RRSE: 0.6878
2025-02-10 15:52:41,311:INFO:Epoch 157: Train Loss: 137.8644, Train Node Loss: 0.2818, Train Reg Loss: 1.3758, Train MAPE: 11.9403, Train R: 0.8737, Train RRSE: 0.4893, Test Loss: 515.3899, Test Node Loss: 0.1977, Test Reg Loss: 5.1519, Test MAPE: 13.3745, Test R: 0.8256, Test RRSE: 0.8036
2025-02-10 15:53:00,417:INFO:Epoch 158: Train Loss: 137.5285, Train Node Loss: 0.2639, Train Reg Loss: 1.3726, Train MAPE: 11.9184, Train R: 0.8741, Train RRSE: 0.4888, Test Loss: 351.5992, Test Node Loss: 0.2429, Test Reg Loss: 3.5136, Test MAPE: 13.0151, Test R: 0.8263, Test RRSE: 0.6636
2025-02-10 15:53:19,535:INFO:Epoch 159: Train Loss: 139.2833, Train Node Loss: 0.2837, Train Reg Loss: 1.3900, Train MAPE: 12.0218, Train R: 0.8712, Train RRSE: 0.4918, Test Loss: 325.3617, Test Node Loss: 0.2481, Test Reg Loss: 3.2511, Test MAPE: 13.0134, Test R: 0.8260, Test RRSE: 0.6383
2025-02-10 15:53:38,653:INFO:Epoch 160: Train Loss: 157.8375, Train Node Loss: 0.3099, Train Reg Loss: 1.5753, Train MAPE: 12.1161, Train R: 0.8569, Train RRSE: 0.5236, Test Loss: 362.5971, Test Node Loss: 0.2235, Test Reg Loss: 3.6237, Test MAPE: 12.9009, Test R: 0.8239, Test RRSE: 0.6739
2025-02-10 15:53:57,809:INFO:Epoch 161: Train Loss: 128.6148, Train Node Loss: 0.2515, Train Reg Loss: 1.2836, Train MAPE: 11.9413, Train R: 0.8818, Train RRSE: 0.4726, Test Loss: 650.0716, Test Node Loss: 0.1377, Test Reg Loss: 6.4993, Test MAPE: 13.4412, Test R: 0.8212, Test RRSE: 0.9025
2025-02-10 15:54:16,964:INFO:Epoch 162: Train Loss: 132.2015, Train Node Loss: 0.2048, Train Reg Loss: 1.3200, Train MAPE: 11.8216, Train R: 0.8841, Train RRSE: 0.4793, Test Loss: 483.4003, Test Node Loss: 0.1723, Test Reg Loss: 4.8323, Test MAPE: 13.0531, Test R: 0.8235, Test RRSE: 0.7782
2025-02-10 15:54:36,356:INFO:Epoch 163: Train Loss: 139.6427, Train Node Loss: 0.2567, Train Reg Loss: 1.3939, Train MAPE: 12.0124, Train R: 0.8711, Train RRSE: 0.4925, Test Loss: 332.4587, Test Node Loss: 0.2305, Test Reg Loss: 3.3223, Test MAPE: 12.9031, Test R: 0.8270, Test RRSE: 0.6453
2025-02-10 15:54:55,513:INFO:Epoch 164: Train Loss: 130.5877, Train Node Loss: 0.2550, Train Reg Loss: 1.3033, Train MAPE: 12.1123, Train R: 0.8805, Train RRSE: 0.4763, Test Loss: 525.4982, Test Node Loss: 0.1459, Test Reg Loss: 5.2535, Test MAPE: 13.2506, Test R: 0.8260, Test RRSE: 0.8114
2025-02-10 15:55:14,643:INFO:Epoch 165: Train Loss: 133.5775, Train Node Loss: 0.1997, Train Reg Loss: 1.3338, Train MAPE: 11.8862, Train R: 0.8798, Train RRSE: 0.4818, Test Loss: 462.7582, Test Node Loss: 0.1556, Test Reg Loss: 4.6260, Test MAPE: 13.0458, Test R: 0.8253, Test RRSE: 0.7614
2025-02-10 15:55:33,759:INFO:Epoch 166: Train Loss: 126.7344, Train Node Loss: 0.2314, Train Reg Loss: 1.2650, Train MAPE: 12.0145, Train R: 0.8840, Train RRSE: 0.4692, Test Loss: 334.8133, Test Node Loss: 0.2153, Test Reg Loss: 3.3460, Test MAPE: 12.7707, Test R: 0.8256, Test RRSE: 0.6476
2025-02-10 15:55:52,865:INFO:Epoch 167: Train Loss: 136.3973, Train Node Loss: 0.2641, Train Reg Loss: 1.3613, Train MAPE: 12.0972, Train R: 0.8773, Train RRSE: 0.4867, Test Loss: 499.3480, Test Node Loss: 0.1699, Test Reg Loss: 4.9918, Test MAPE: 12.8333, Test R: 0.8218, Test RRSE: 0.7910
2025-02-10 15:56:11,931:INFO:Epoch 168: Train Loss: 132.6741, Train Node Loss: 0.2175, Train Reg Loss: 1.3246, Train MAPE: 11.9856, Train R: 0.8784, Train RRSE: 0.4801, Test Loss: 658.9178, Test Node Loss: 0.1384, Test Reg Loss: 6.5878, Test MAPE: 13.5596, Test R: 0.8202, Test RRSE: 0.9087
2025-02-10 15:56:31,011:INFO:Epoch 169: Train Loss: 136.9378, Train Node Loss: 0.2112, Train Reg Loss: 1.3673, Train MAPE: 11.9359, Train R: 0.8742, Train RRSE: 0.4878, Test Loss: 459.9028, Test Node Loss: 0.1658, Test Reg Loss: 4.5974, Test MAPE: 13.0324, Test R: 0.8226, Test RRSE: 0.7591
2025-02-10 15:56:50,138:INFO:Epoch 170: Train Loss: 146.6174, Train Node Loss: 0.2501, Train Reg Loss: 1.4637, Train MAPE: 12.1063, Train R: 0.8671, Train RRSE: 0.5047, Test Loss: 456.6646, Test Node Loss: 0.1668, Test Reg Loss: 4.5650, Test MAPE: 13.0690, Test R: 0.8249, Test RRSE: 0.7564
2025-02-10 15:57:09,208:INFO:Epoch 171: Train Loss: 128.8999, Train Node Loss: 0.2028, Train Reg Loss: 1.2870, Train MAPE: 12.0196, Train R: 0.8822, Train RRSE: 0.4733, Test Loss: 884.3704, Test Node Loss: 0.0962, Test Reg Loss: 8.8427, Test MAPE: 14.4541, Test R: 0.8228, Test RRSE: 1.0528
2025-02-10 15:57:28,307:INFO:Epoch 172: Train Loss: 139.1635, Train Node Loss: 0.1786, Train Reg Loss: 1.3898, Train MAPE: 11.9975, Train R: 0.8738, Train RRSE: 0.4918, Test Loss: 526.8359, Test Node Loss: 0.1366, Test Reg Loss: 5.2670, Test MAPE: 13.0741, Test R: 0.8238, Test RRSE: 0.8125
2025-02-10 15:57:47,368:INFO:Epoch 173: Train Loss: 130.3644, Train Node Loss: 0.2111, Train Reg Loss: 1.3015, Train MAPE: 12.0384, Train R: 0.8812, Train RRSE: 0.4759, Test Loss: 490.8103, Test Node Loss: 0.1435, Test Reg Loss: 4.9067, Test MAPE: 12.8536, Test R: 0.8224, Test RRSE: 0.7842
2025-02-10 15:58:06,798:INFO:Epoch 174: Train Loss: 128.9573, Train Node Loss: 0.1971, Train Reg Loss: 1.2876, Train MAPE: 12.1099, Train R: 0.8813, Train RRSE: 0.4734, Test Loss: 585.3313, Test Node Loss: 0.1168, Test Reg Loss: 5.8521, Test MAPE: 13.4564, Test R: 0.8221, Test RRSE: 0.8564
2025-02-10 15:58:26,219:INFO:Epoch 175: Train Loss: 133.1900, Train Node Loss: 0.1828, Train Reg Loss: 1.3301, Train MAPE: 11.9912, Train R: 0.8770, Train RRSE: 0.4811, Test Loss: 409.4707, Test Node Loss: 0.1422, Test Reg Loss: 4.0933, Test MAPE: 12.9081, Test R: 0.8229, Test RRSE: 0.7163
2025-02-10 15:58:45,324:INFO:Epoch 176: Train Loss: 144.3641, Train Node Loss: 0.1923, Train Reg Loss: 1.4417, Train MAPE: 12.1604, Train R: 0.8673, Train RRSE: 0.5009, Test Loss: 397.5725, Test Node Loss: 0.1410, Test Reg Loss: 3.9743, Test MAPE: 12.9401, Test R: 0.8241, Test RRSE: 0.7058
2025-02-10 15:59:04,683:INFO:Epoch 177: Train Loss: 148.4475, Train Node Loss: 0.1562, Train Reg Loss: 1.4829, Train MAPE: 11.8509, Train R: 0.8652, Train RRSE: 0.5080, Test Loss: 569.9054, Test Node Loss: 0.1111, Test Reg Loss: 5.6979, Test MAPE: 13.4028, Test R: 0.8213, Test RRSE: 0.8451
2025-02-10 15:59:24,077:INFO:Epoch 178: Train Loss: 136.1205, Train Node Loss: 0.1671, Train Reg Loss: 1.3595, Train MAPE: 11.9440, Train R: 0.8746, Train RRSE: 0.4864, Test Loss: 289.0191, Test Node Loss: 0.1747, Test Reg Loss: 2.8884, Test MAPE: 12.8827, Test R: 0.8252, Test RRSE: 0.6017
2025-02-10 15:59:43,426:INFO:Epoch 179: Train Loss: 131.7260, Train Node Loss: 0.2026, Train Reg Loss: 1.3152, Train MAPE: 12.2191, Train R: 0.8837, Train RRSE: 0.4784, Test Loss: 389.4919, Test Node Loss: 0.1375, Test Reg Loss: 3.8935, Test MAPE: 12.8989, Test R: 0.8243, Test RRSE: 0.6986
2025-02-10 16:00:02,724:INFO:Epoch 180: Train Loss: 126.3697, Train Node Loss: 0.1616, Train Reg Loss: 1.2621, Train MAPE: 11.9604, Train R: 0.8844, Train RRSE: 0.4687, Test Loss: 622.9085, Test Node Loss: 0.0892, Test Reg Loss: 6.2282, Test MAPE: 13.4852, Test R: 0.8244, Test RRSE: 0.8835
2025-02-10 16:00:21,587:INFO:Epoch 181: Train Loss: 141.9661, Train Node Loss: 0.1468, Train Reg Loss: 1.4182, Train MAPE: 11.7763, Train R: 0.8711, Train RRSE: 0.4968, Test Loss: 364.2806, Test Node Loss: 0.1245, Test Reg Loss: 3.6416, Test MAPE: 12.6559, Test R: 0.8277, Test RRSE: 0.6756
2025-02-10 16:00:40,431:INFO:Epoch 182: Train Loss: 146.6701, Train Node Loss: 0.1813, Train Reg Loss: 1.4649, Train MAPE: 11.9846, Train R: 0.8666, Train RRSE: 0.5049, Test Loss: 377.3238, Test Node Loss: 0.1227, Test Reg Loss: 3.7720, Test MAPE: 12.8222, Test R: 0.8289, Test RRSE: 0.6876
2025-02-10 16:00:59,241:INFO:Epoch 183: Train Loss: 122.8638, Train Node Loss: 0.1591, Train Reg Loss: 1.2270, Train MAPE: 12.0533, Train R: 0.8870, Train RRSE: 0.4621, Test Loss: 629.7244, Test Node Loss: 0.0865, Test Reg Loss: 6.2964, Test MAPE: 13.6524, Test R: 0.8268, Test RRSE: 0.8883
2025-02-10 16:01:18,070:INFO:Epoch 184: Train Loss: 139.4851, Train Node Loss: 0.1317, Train Reg Loss: 1.3935, Train MAPE: 11.7943, Train R: 0.8789, Train RRSE: 0.4925, Test Loss: 481.7169, Test Node Loss: 0.0982, Test Reg Loss: 4.8162, Test MAPE: 13.0186, Test R: 0.8271, Test RRSE: 0.7769
2025-02-10 16:01:36,908:INFO:Epoch 185: Train Loss: 141.8721, Train Node Loss: 0.1709, Train Reg Loss: 1.4170, Train MAPE: 12.1792, Train R: 0.8706, Train RRSE: 0.4966, Test Loss: 282.6247, Test Node Loss: 0.1519, Test Reg Loss: 2.8247, Test MAPE: 12.7455, Test R: 0.8266, Test RRSE: 0.5950
2025-02-10 16:01:55,753:INFO:Epoch 186: Train Loss: 135.2357, Train Node Loss: 0.1638, Train Reg Loss: 1.3507, Train MAPE: 12.1324, Train R: 0.8771, Train RRSE: 0.4848, Test Loss: 640.9940, Test Node Loss: 0.0858, Test Reg Loss: 6.4091, Test MAPE: 13.4227, Test R: 0.8215, Test RRSE: 0.8963
2025-02-10 16:02:14,573:INFO:Epoch 187: Train Loss: 127.1999, Train Node Loss: 0.1209, Train Reg Loss: 1.2708, Train MAPE: 11.8458, Train R: 0.8891, Train RRSE: 0.4703, Test Loss: 676.4008, Test Node Loss: 0.0800, Test Reg Loss: 6.7632, Test MAPE: 13.4598, Test R: 0.8178, Test RRSE: 0.9207
2025-02-10 16:02:33,380:INFO:Epoch 188: Train Loss: 127.6634, Train Node Loss: 0.1350, Train Reg Loss: 1.2753, Train MAPE: 11.7566, Train R: 0.8836, Train RRSE: 0.4711, Test Loss: 454.5592, Test Node Loss: 0.1138, Test Reg Loss: 4.5445, Test MAPE: 12.6499, Test R: 0.8182, Test RRSE: 0.7547
2025-02-10 16:02:52,575:INFO:Epoch 189: Train Loss: 131.9903, Train Node Loss: 0.1605, Train Reg Loss: 1.3183, Train MAPE: 12.1779, Train R: 0.8821, Train RRSE: 0.4790, Test Loss: 421.4387, Test Node Loss: 0.1131, Test Reg Loss: 4.2133, Test MAPE: 12.8059, Test R: 0.8215, Test RRSE: 0.7267
2025-02-10 16:03:11,747:INFO:Epoch 190: Train Loss: 128.9026, Train Node Loss: 0.1417, Train Reg Loss: 1.2876, Train MAPE: 11.9903, Train R: 0.8814, Train RRSE: 0.4734, Test Loss: 448.3280, Test Node Loss: 0.0985, Test Reg Loss: 4.4823, Test MAPE: 12.9183, Test R: 0.8229, Test RRSE: 0.7495
2025-02-10 16:03:30,900:INFO:Epoch 191: Train Loss: 134.8604, Train Node Loss: 0.1237, Train Reg Loss: 1.3474, Train MAPE: 11.9182, Train R: 0.8773, Train RRSE: 0.4842, Test Loss: 461.6075, Test Node Loss: 0.0957, Test Reg Loss: 4.6151, Test MAPE: 13.1717, Test R: 0.8210, Test RRSE: 0.7605
2025-02-10 16:03:49,769:INFO:Epoch 192: Train Loss: 138.7656, Train Node Loss: 0.1415, Train Reg Loss: 1.3862, Train MAPE: 12.2540, Train R: 0.8717, Train RRSE: 0.4912, Test Loss: 343.9036, Test Node Loss: 0.1170, Test Reg Loss: 3.4379, Test MAPE: 12.8547, Test R: 0.8223, Test RRSE: 0.6564
2025-02-10 16:04:08,595:INFO:Epoch 193: Train Loss: 131.0950, Train Node Loss: 0.1432, Train Reg Loss: 1.3095, Train MAPE: 11.9847, Train R: 0.8803, Train RRSE: 0.4774, Test Loss: 435.0631, Test Node Loss: 0.1048, Test Reg Loss: 4.3496, Test MAPE: 12.9889, Test R: 0.8213, Test RRSE: 0.7383
2025-02-10 16:04:27,075:INFO:Epoch 194: Train Loss: 115.4481, Train Node Loss: 0.1344, Train Reg Loss: 1.1531, Train MAPE: 12.0032, Train R: 0.8951, Train RRSE: 0.4480, Test Loss: 555.9025, Test Node Loss: 0.0926, Test Reg Loss: 5.5581, Test MAPE: 13.2355, Test R: 0.8200, Test RRSE: 0.8346
2025-02-10 16:04:45,533:INFO:Epoch 195: Train Loss: 133.0643, Train Node Loss: 0.1283, Train Reg Loss: 1.3294, Train MAPE: 11.8597, Train R: 0.8788, Train RRSE: 0.4810, Test Loss: 570.9448, Test Node Loss: 0.0904, Test Reg Loss: 5.7085, Test MAPE: 13.3779, Test R: 0.8212, Test RRSE: 0.8459
2025-02-10 16:05:03,705:INFO:Epoch 196: Train Loss: 137.2461, Train Node Loss: 0.1433, Train Reg Loss: 1.3710, Train MAPE: 12.0900, Train R: 0.8736, Train RRSE: 0.4885, Test Loss: 333.1610, Test Node Loss: 0.1173, Test Reg Loss: 3.3304, Test MAPE: 12.7478, Test R: 0.8259, Test RRSE: 0.6461
2025-02-10 16:05:22,102:INFO:Epoch 197: Train Loss: 126.3256, Train Node Loss: 0.1447, Train Reg Loss: 1.2618, Train MAPE: 12.1560, Train R: 0.8862, Train RRSE: 0.4686, Test Loss: 498.7660, Test Node Loss: 0.0903, Test Reg Loss: 4.9868, Test MAPE: 13.3280, Test R: 0.8275, Test RRSE: 0.7906
2025-02-10 16:05:40,768:INFO:Epoch 198: Train Loss: 125.3541, Train Node Loss: 0.1200, Train Reg Loss: 1.2523, Train MAPE: 12.0663, Train R: 0.8869, Train RRSE: 0.4668, Test Loss: 524.0361, Test Node Loss: 0.0820, Test Reg Loss: 5.2395, Test MAPE: 13.3328, Test R: 0.8260, Test RRSE: 0.8104
2025-02-10 16:05:59,239:INFO:Epoch 199: Train Loss: 127.8620, Train Node Loss: 0.1213, Train Reg Loss: 1.2774, Train MAPE: 12.0150, Train R: 0.8825, Train RRSE: 0.4715, Test Loss: 405.5870, Test Node Loss: 0.0940, Test Reg Loss: 4.0549, Test MAPE: 12.8753, Test R: 0.8259, Test RRSE: 0.7129
2025-02-10 16:06:18,224:INFO:Epoch 200: Train Loss: 139.4390, Train Node Loss: 0.1204, Train Reg Loss: 1.3932, Train MAPE: 11.9465, Train R: 0.8711, Train RRSE: 0.4924, Test Loss: 391.1448, Test Node Loss: 0.0950, Test Reg Loss: 3.9105, Test MAPE: 12.7134, Test R: 0.8241, Test RRSE: 0.7001
2025-02-10 16:06:37,213:INFO:Epoch 201: Train Loss: 132.7931, Train Node Loss: 0.1259, Train Reg Loss: 1.3267, Train MAPE: 11.9997, Train R: 0.8778, Train RRSE: 0.4805, Test Loss: 448.4449, Test Node Loss: 0.0935, Test Reg Loss: 4.4835, Test MAPE: 12.9774, Test R: 0.8217, Test RRSE: 0.7496
2025-02-10 16:06:56,160:INFO:Epoch 202: Train Loss: 120.3382, Train Node Loss: 0.1337, Train Reg Loss: 1.2020, Train MAPE: 12.0105, Train R: 0.8911, Train RRSE: 0.4574, Test Loss: 647.3965, Test Node Loss: 0.0827, Test Reg Loss: 6.4731, Test MAPE: 13.7305, Test R: 0.8210, Test RRSE: 0.9007
2025-02-10 16:07:14,828:INFO:Epoch 203: Train Loss: 117.6462, Train Node Loss: 0.1259, Train Reg Loss: 1.1752, Train MAPE: 12.0961, Train R: 0.8924, Train RRSE: 0.4522, Test Loss: 668.3327, Test Node Loss: 0.0837, Test Reg Loss: 6.6825, Test MAPE: 13.9877, Test R: 0.8237, Test RRSE: 0.9152
2025-02-10 16:07:33,498:INFO:Epoch 204: Train Loss: 120.9576, Train Node Loss: 0.1337, Train Reg Loss: 1.2082, Train MAPE: 12.2628, Train R: 0.8888, Train RRSE: 0.4585, Test Loss: 371.6572, Test Node Loss: 0.1212, Test Reg Loss: 3.7154, Test MAPE: 13.1464, Test R: 0.8274, Test RRSE: 0.6824
2025-02-10 16:07:52,124:INFO:Epoch 205: Train Loss: 135.4170, Train Node Loss: 0.1482, Train Reg Loss: 1.3527, Train MAPE: 12.2056, Train R: 0.8755, Train RRSE: 0.4852, Test Loss: 525.1418, Test Node Loss: 0.1083, Test Reg Loss: 5.2503, Test MAPE: 13.3616, Test R: 0.8263, Test RRSE: 0.8112
2025-02-10 16:08:11,096:INFO:Epoch 206: Train Loss: 124.8435, Train Node Loss: 0.1342, Train Reg Loss: 1.2471, Train MAPE: 12.0422, Train R: 0.8869, Train RRSE: 0.4659, Test Loss: 591.6375, Test Node Loss: 0.0987, Test Reg Loss: 5.9154, Test MAPE: 13.4128, Test R: 0.8214, Test RRSE: 0.8610
2025-02-10 16:08:29,699:INFO:Epoch 207: Train Loss: 129.5359, Train Node Loss: 0.1439, Train Reg Loss: 1.2939, Train MAPE: 11.8883, Train R: 0.8819, Train RRSE: 0.4745, Test Loss: 446.7688, Test Node Loss: 0.1196, Test Reg Loss: 4.4665, Test MAPE: 12.8217, Test R: 0.8210, Test RRSE: 0.7482
2025-02-10 16:08:48,675:INFO:Epoch 208: Train Loss: 124.5041, Train Node Loss: 0.1548, Train Reg Loss: 1.2435, Train MAPE: 11.9071, Train R: 0.8880, Train RRSE: 0.4652, Test Loss: 563.1443, Test Node Loss: 0.1053, Test Reg Loss: 5.6304, Test MAPE: 13.2619, Test R: 0.8224, Test RRSE: 0.8400
2025-02-10 16:09:07,285:INFO:Epoch 209: Train Loss: 128.4571, Train Node Loss: 0.1524, Train Reg Loss: 1.2830, Train MAPE: 12.0399, Train R: 0.8816, Train RRSE: 0.4725, Test Loss: 618.2220, Test Node Loss: 0.0983, Test Reg Loss: 6.1812, Test MAPE: 13.6983, Test R: 0.8231, Test RRSE: 0.8802
2025-02-10 16:09:25,893:INFO:Epoch 210: Train Loss: 138.3824, Train Node Loss: 0.1561, Train Reg Loss: 1.3823, Train MAPE: 12.2071, Train R: 0.8718, Train RRSE: 0.4905, Test Loss: 501.1039, Test Node Loss: 0.1057, Test Reg Loss: 5.0100, Test MAPE: 13.3379, Test R: 0.8241, Test RRSE: 0.7924
2025-02-10 16:09:44,806:INFO:Epoch 211: Train Loss: 136.8456, Train Node Loss: 0.1428, Train Reg Loss: 1.3670, Train MAPE: 12.0940, Train R: 0.8744, Train RRSE: 0.4878, Test Loss: 430.5687, Test Node Loss: 0.1120, Test Reg Loss: 4.3046, Test MAPE: 13.0468, Test R: 0.8234, Test RRSE: 0.7345
2025-02-10 16:10:03,820:INFO:Epoch 212: Train Loss: 120.0451, Train Node Loss: 0.1556, Train Reg Loss: 1.1989, Train MAPE: 11.9561, Train R: 0.8909, Train RRSE: 0.4568, Test Loss: 290.9001, Test Node Loss: 0.1478, Test Reg Loss: 2.9075, Test MAPE: 12.9193, Test R: 0.8232, Test RRSE: 0.6037
2025-02-10 16:10:22,712:INFO:Epoch 213: Train Loss: 120.2624, Train Node Loss: 0.1712, Train Reg Loss: 1.2009, Train MAPE: 12.1409, Train R: 0.8944, Train RRSE: 0.4572, Test Loss: 427.1641, Test Node Loss: 0.1109, Test Reg Loss: 4.2705, Test MAPE: 13.0441, Test R: 0.8234, Test RRSE: 0.7316
2025-02-10 16:10:41,680:INFO:Epoch 214: Train Loss: 134.2238, Train Node Loss: 0.1318, Train Reg Loss: 1.3409, Train MAPE: 12.0419, Train R: 0.8796, Train RRSE: 0.4831, Test Loss: 655.3634, Test Node Loss: 0.0817, Test Reg Loss: 6.5528, Test MAPE: 13.7083, Test R: 0.8226, Test RRSE: 0.9063
2025-02-10 16:11:00,350:INFO:Epoch 215: Train Loss: 122.5450, Train Node Loss: 0.1376, Train Reg Loss: 1.2241, Train MAPE: 12.0861, Train R: 0.8881, Train RRSE: 0.4615, Test Loss: 479.0245, Test Node Loss: 0.1099, Test Reg Loss: 4.7891, Test MAPE: 13.1912, Test R: 0.8237, Test RRSE: 0.7748
2025-02-10 16:11:19,217:INFO:Epoch 216: Train Loss: 125.0483, Train Node Loss: 0.1675, Train Reg Loss: 1.2488, Train MAPE: 12.4793, Train R: 0.8921, Train RRSE: 0.4662, Test Loss: 732.4225, Test Node Loss: 0.0928, Test Reg Loss: 7.3233, Test MAPE: 14.0733, Test R: 0.8223, Test RRSE: 0.9581
2025-02-10 16:11:38,202:INFO:Epoch 217: Train Loss: 117.3076, Train Node Loss: 0.1386, Train Reg Loss: 1.1717, Train MAPE: 12.1528, Train R: 0.8925, Train RRSE: 0.4516, Test Loss: 988.5133, Test Node Loss: 0.0746, Test Reg Loss: 9.8844, Test MAPE: 15.0665, Test R: 0.8190, Test RRSE: 1.1130
2025-02-10 16:11:56,869:INFO:Epoch 218: Train Loss: 120.6376, Train Node Loss: 0.1317, Train Reg Loss: 1.2051, Train MAPE: 11.9293, Train R: 0.8921, Train RRSE: 0.4579, Test Loss: 645.4602, Test Node Loss: 0.0994, Test Reg Loss: 6.4536, Test MAPE: 13.5839, Test R: 0.8189, Test RRSE: 0.8994
2025-02-10 16:12:15,598:INFO:Epoch 219: Train Loss: 117.4526, Train Node Loss: 0.1537, Train Reg Loss: 1.1730, Train MAPE: 12.0256, Train R: 0.8934, Train RRSE: 0.4518, Test Loss: 491.6122, Test Node Loss: 0.1140, Test Reg Loss: 4.9150, Test MAPE: 13.1728, Test R: 0.8216, Test RRSE: 0.7849
2025-02-10 16:12:34,252:INFO:Epoch 220: Train Loss: 123.7560, Train Node Loss: 0.1629, Train Reg Loss: 1.2359, Train MAPE: 12.1868, Train R: 0.8867, Train RRSE: 0.4638, Test Loss: 411.3206, Test Node Loss: 0.1229, Test Reg Loss: 4.1120, Test MAPE: 12.9996, Test R: 0.8230, Test RRSE: 0.7179
2025-02-10 16:12:52,946:INFO:Epoch 221: Train Loss: 128.1893, Train Node Loss: 0.1500, Train Reg Loss: 1.2804, Train MAPE: 12.0288, Train R: 0.8822, Train RRSE: 0.4720, Test Loss: 405.1792, Test Node Loss: 0.1207, Test Reg Loss: 4.0506, Test MAPE: 13.1155, Test R: 0.8226, Test RRSE: 0.7125
2025-02-10 16:13:11,519:INFO:Epoch 222: Train Loss: 126.0849, Train Node Loss: 0.1551, Train Reg Loss: 1.2593, Train MAPE: 12.1444, Train R: 0.8837, Train RRSE: 0.4681, Test Loss: 340.9155, Test Node Loss: 0.1356, Test Reg Loss: 3.4078, Test MAPE: 12.7823, Test R: 0.8239, Test RRSE: 0.6535
2025-02-10 16:13:30,363:INFO:Epoch 223: Train Loss: 138.4219, Train Node Loss: 0.1637, Train Reg Loss: 1.3826, Train MAPE: 12.1232, Train R: 0.8733, Train RRSE: 0.4905, Test Loss: 440.1073, Test Node Loss: 0.1193, Test Reg Loss: 4.3999, Test MAPE: 13.0247, Test R: 0.8240, Test RRSE: 0.7426
2025-02-10 16:13:49,001:INFO:Epoch 224: Train Loss: 130.7646, Train Node Loss: 0.1370, Train Reg Loss: 1.3063, Train MAPE: 11.9342, Train R: 0.8819, Train RRSE: 0.4768, Test Loss: 831.8411, Test Node Loss: 0.0796, Test Reg Loss: 8.3176, Test MAPE: 14.2916, Test R: 0.8214, Test RRSE: 1.0210
2025-02-10 16:14:07,679:INFO:Epoch 225: Train Loss: 129.4160, Train Node Loss: 0.1389, Train Reg Loss: 1.2928, Train MAPE: 12.0265, Train R: 0.8817, Train RRSE: 0.4743, Test Loss: 606.4643, Test Node Loss: 0.0992, Test Reg Loss: 6.0637, Test MAPE: 13.5311, Test R: 0.8227, Test RRSE: 0.8718
2025-02-10 16:14:26,353:INFO:Epoch 226: Train Loss: 122.5345, Train Node Loss: 0.1537, Train Reg Loss: 1.2238, Train MAPE: 12.3223, Train R: 0.8889, Train RRSE: 0.4615, Test Loss: 608.7055, Test Node Loss: 0.0886, Test Reg Loss: 6.0862, Test MAPE: 13.7420, Test R: 0.8250, Test RRSE: 0.8734
2025-02-10 16:14:45,061:INFO:Epoch 227: Train Loss: 132.1019, Train Node Loss: 0.1331, Train Reg Loss: 1.3197, Train MAPE: 12.0337, Train R: 0.8778, Train RRSE: 0.4792, Test Loss: 645.2121, Test Node Loss: 0.0844, Test Reg Loss: 6.4513, Test MAPE: 13.6748, Test R: 0.8224, Test RRSE: 0.8992
2025-02-10 16:15:03,624:INFO:Epoch 228: Train Loss: 127.0176, Train Node Loss: 0.1291, Train Reg Loss: 1.2689, Train MAPE: 11.7721, Train R: 0.8853, Train RRSE: 0.4699, Test Loss: 542.4106, Test Node Loss: 0.0897, Test Reg Loss: 5.4232, Test MAPE: 13.3831, Test R: 0.8242, Test RRSE: 0.8244
2025-02-10 16:15:22,510:INFO:Epoch 229: Train Loss: 120.5304, Train Node Loss: 0.1379, Train Reg Loss: 1.2039, Train MAPE: 12.1232, Train R: 0.8898, Train RRSE: 0.4577, Test Loss: 367.7568, Test Node Loss: 0.1150, Test Reg Loss: 3.6764, Test MAPE: 13.0384, Test R: 0.8251, Test RRSE: 0.6788
2025-02-10 16:15:41,417:INFO:Epoch 230: Train Loss: 117.7051, Train Node Loss: 0.1450, Train Reg Loss: 1.1756, Train MAPE: 12.2196, Train R: 0.8934, Train RRSE: 0.4523, Test Loss: 375.9935, Test Node Loss: 0.1082, Test Reg Loss: 3.7589, Test MAPE: 13.1193, Test R: 0.8265, Test RRSE: 0.6864
2025-02-10 16:15:59,998:INFO:Epoch 231: Train Loss: 115.0726, Train Node Loss: 0.1274, Train Reg Loss: 1.1495, Train MAPE: 12.1001, Train R: 0.8949, Train RRSE: 0.4473, Test Loss: 429.6518, Test Node Loss: 0.0926, Test Reg Loss: 4.2956, Test MAPE: 13.1699, Test R: 0.8239, Test RRSE: 0.7337
2025-02-10 16:16:18,557:INFO:Epoch 232: Train Loss: 120.3381, Train Node Loss: 0.1193, Train Reg Loss: 1.2022, Train MAPE: 12.1685, Train R: 0.8898, Train RRSE: 0.4574, Test Loss: 477.2684, Test Node Loss: 0.0857, Test Reg Loss: 4.7718, Test MAPE: 13.3133, Test R: 0.8240, Test RRSE: 0.7734
2025-02-10 16:16:37,097:INFO:Epoch 233: Train Loss: 116.6648, Train Node Loss: 0.1231, Train Reg Loss: 1.1654, Train MAPE: 12.0857, Train R: 0.8933, Train RRSE: 0.4503, Test Loss: 592.2628, Test Node Loss: 0.0796, Test Reg Loss: 5.9218, Test MAPE: 13.6087, Test R: 0.8229, Test RRSE: 0.8615
2025-02-10 16:16:55,815:INFO:Epoch 234: Train Loss: 127.2719, Train Node Loss: 0.1257, Train Reg Loss: 1.2715, Train MAPE: 12.0123, Train R: 0.8831, Train RRSE: 0.4704, Test Loss: 558.4475, Test Node Loss: 0.0822, Test Reg Loss: 5.5837, Test MAPE: 13.5354, Test R: 0.8239, Test RRSE: 0.8366
2025-02-10 16:17:14,221:INFO:Epoch 235: Train Loss: 116.2545, Train Node Loss: 0.1290, Train Reg Loss: 1.1613, Train MAPE: 12.1485, Train R: 0.8934, Train RRSE: 0.4495, Test Loss: 491.6004, Test Node Loss: 0.0905, Test Reg Loss: 4.9151, Test MAPE: 13.3275, Test R: 0.8242, Test RRSE: 0.7849
2025-02-10 16:17:32,660:INFO:Epoch 236: Train Loss: 122.7577, Train Node Loss: 0.1321, Train Reg Loss: 1.2263, Train MAPE: 12.1994, Train R: 0.8869, Train RRSE: 0.4620, Test Loss: 606.8769, Test Node Loss: 0.0889, Test Reg Loss: 6.0679, Test MAPE: 13.7680, Test R: 0.8250, Test RRSE: 0.8721
2025-02-10 16:17:50,998:INFO:Epoch 237: Train Loss: 146.6616, Train Node Loss: 0.1501, Train Reg Loss: 1.4651, Train MAPE: 12.1810, Train R: 0.8642, Train RRSE: 0.5049, Test Loss: 446.9725, Test Node Loss: 0.1110, Test Reg Loss: 4.4686, Test MAPE: 13.3578, Test R: 0.8255, Test RRSE: 0.7484
2025-02-10 16:18:09,577:INFO:Epoch 238: Train Loss: 116.2849, Train Node Loss: 0.1404, Train Reg Loss: 1.1614, Train MAPE: 12.0317, Train R: 0.8936, Train RRSE: 0.4496, Test Loss: 562.6539, Test Node Loss: 0.0884, Test Reg Loss: 5.6257, Test MAPE: 13.5493, Test R: 0.8263, Test RRSE: 0.8397
2025-02-10 16:18:27,896:INFO:Epoch 239: Train Loss: 117.6126, Train Node Loss: 0.1243, Train Reg Loss: 1.1749, Train MAPE: 11.9498, Train R: 0.8953, Train RRSE: 0.4522, Test Loss: 417.6411, Test Node Loss: 0.1040, Test Reg Loss: 4.1754, Test MAPE: 13.1313, Test R: 0.8256, Test RRSE: 0.7234
2025-02-10 16:18:46,241:INFO:Epoch 240: Train Loss: 117.3217, Train Node Loss: 0.1473, Train Reg Loss: 1.1717, Train MAPE: 12.1068, Train R: 0.8932, Train RRSE: 0.4516, Test Loss: 362.9916, Test Node Loss: 0.1286, Test Reg Loss: 3.6286, Test MAPE: 12.9805, Test R: 0.8267, Test RRSE: 0.6744
2025-02-10 16:19:04,593:INFO:Epoch 241: Train Loss: 122.6995, Train Node Loss: 0.1484, Train Reg Loss: 1.2255, Train MAPE: 11.9590, Train R: 0.8879, Train RRSE: 0.4618, Test Loss: 674.9468, Test Node Loss: 0.0936, Test Reg Loss: 6.7485, Test MAPE: 13.9367, Test R: 0.8270, Test RRSE: 0.9197
2025-02-10 16:19:23,258:INFO:Epoch 242: Train Loss: 125.1340, Train Node Loss: 0.1444, Train Reg Loss: 1.2499, Train MAPE: 12.0803, Train R: 0.8852, Train RRSE: 0.4664, Test Loss: 774.1666, Test Node Loss: 0.0969, Test Reg Loss: 7.7407, Test MAPE: 14.3168, Test R: 0.8239, Test RRSE: 0.9850
2025-02-10 16:19:41,561:INFO:Epoch 243: Train Loss: 113.0049, Train Node Loss: 0.1666, Train Reg Loss: 1.1284, Train MAPE: 12.3085, Train R: 0.8982, Train RRSE: 0.4431, Test Loss: 599.6740, Test Node Loss: 0.1176, Test Reg Loss: 5.9956, Test MAPE: 13.6835, Test R: 0.8211, Test RRSE: 0.8669
2025-02-10 16:19:59,881:INFO:Epoch 244: Train Loss: 128.2553, Train Node Loss: 0.1721, Train Reg Loss: 1.2808, Train MAPE: 12.4094, Train R: 0.8857, Train RRSE: 0.4721, Test Loss: 541.9680, Test Node Loss: 0.1123, Test Reg Loss: 5.4186, Test MAPE: 13.5930, Test R: 0.8225, Test RRSE: 0.8241
2025-02-10 16:20:18,230:INFO:Epoch 245: Train Loss: 135.4458, Train Node Loss: 0.1326, Train Reg Loss: 1.3531, Train MAPE: 11.8169, Train R: 0.8814, Train RRSE: 0.4853, Test Loss: 482.2582, Test Node Loss: 0.1182, Test Reg Loss: 4.8214, Test MAPE: 13.1907, Test R: 0.8204, Test RRSE: 0.7774
2025-02-10 16:20:36,629:INFO:Epoch 246: Train Loss: 139.9475, Train Node Loss: 0.1484, Train Reg Loss: 1.3980, Train MAPE: 11.9071, Train R: 0.8716, Train RRSE: 0.4932, Test Loss: 326.1911, Test Node Loss: 0.1732, Test Reg Loss: 3.2602, Test MAPE: 12.8785, Test R: 0.8230, Test RRSE: 0.6392
2025-02-10 16:20:54,955:INFO:Epoch 247: Train Loss: 116.6298, Train Node Loss: 0.1843, Train Reg Loss: 1.1645, Train MAPE: 12.1987, Train R: 0.8969, Train RRSE: 0.4502, Test Loss: 478.8647, Test Node Loss: 0.1401, Test Reg Loss: 4.7872, Test MAPE: 13.3024, Test R: 0.8275, Test RRSE: 0.7746
2025-02-10 16:21:13,305:INFO:Epoch 248: Train Loss: 120.3455, Train Node Loss: 0.1546, Train Reg Loss: 1.2019, Train MAPE: 12.0026, Train R: 0.8897, Train RRSE: 0.4573, Test Loss: 675.6544, Test Node Loss: 0.1019, Test Reg Loss: 6.7555, Test MAPE: 14.0437, Test R: 0.8277, Test RRSE: 0.9202
2025-02-10 16:21:31,642:INFO:Epoch 249: Train Loss: 116.6471, Train Node Loss: 0.1426, Train Reg Loss: 1.1650, Train MAPE: 12.1128, Train R: 0.8937, Train RRSE: 0.4503, Test Loss: 723.7817, Test Node Loss: 0.0910, Test Reg Loss: 7.2369, Test MAPE: 14.0635, Test R: 0.8262, Test RRSE: 0.9524
2025-02-10 16:21:50,029:INFO:Epoch 250: Train Loss: 122.8877, Train Node Loss: 0.1429, Train Reg Loss: 1.2274, Train MAPE: 12.0611, Train R: 0.8881, Train RRSE: 0.4622, Test Loss: 774.4998, Test Node Loss: 0.0723, Test Reg Loss: 7.7443, Test MAPE: 14.1183, Test R: 0.8253, Test RRSE: 0.9852
2025-02-10 16:22:08,404:INFO:Epoch 251: Train Loss: 116.6411, Train Node Loss: 0.1300, Train Reg Loss: 1.1651, Train MAPE: 12.0960, Train R: 0.8932, Train RRSE: 0.4503, Test Loss: 693.4000, Test Node Loss: 0.0704, Test Reg Loss: 6.9333, Test MAPE: 14.1823, Test R: 0.8259, Test RRSE: 0.9322
2025-02-10 16:22:27,083:INFO:Epoch 252: Train Loss: 124.5674, Train Node Loss: 0.1317, Train Reg Loss: 1.2444, Train MAPE: 12.2947, Train R: 0.8853, Train RRSE: 0.4654, Test Loss: 341.1372, Test Node Loss: 0.1091, Test Reg Loss: 3.4103, Test MAPE: 13.0954, Test R: 0.8265, Test RRSE: 0.6538
2025-02-10 16:22:45,326:INFO:Epoch 253: Train Loss: 104.5215, Train Node Loss: 0.1367, Train Reg Loss: 1.0438, Train MAPE: 12.1830, Train R: 0.9048, Train RRSE: 0.4262, Test Loss: 374.8899, Test Node Loss: 0.1170, Test Reg Loss: 3.7477, Test MAPE: 13.2651, Test R: 0.8290, Test RRSE: 0.6854
2025-02-10 16:22:45,353:INFO:Checkpoint saved at best_0.001_0.001_256_SAGE_3_64_0.8290_epoch_253.pth
2025-02-10 16:23:03,703:INFO:Epoch 254: Train Loss: 120.6672, Train Node Loss: 0.1413, Train Reg Loss: 1.2053, Train MAPE: 12.1437, Train R: 0.8893, Train RRSE: 0.4580, Test Loss: 371.2447, Test Node Loss: 0.1315, Test Reg Loss: 3.7111, Test MAPE: 13.2532, Test R: 0.8282, Test RRSE: 0.6820
2025-02-10 16:23:22,070:INFO:Epoch 255: Train Loss: 113.1665, Train Node Loss: 0.1588, Train Reg Loss: 1.1301, Train MAPE: 12.2410, Train R: 0.8968, Train RRSE: 0.4435, Test Loss: 494.5080, Test Node Loss: 0.1247, Test Reg Loss: 4.9438, Test MAPE: 13.5576, Test R: 0.8268, Test RRSE: 0.7872
2025-02-10 16:23:40,333:INFO:Epoch 256: Train Loss: 113.5701, Train Node Loss: 0.1585, Train Reg Loss: 1.1341, Train MAPE: 12.0625, Train R: 0.8964, Train RRSE: 0.4443, Test Loss: 836.2156, Test Node Loss: 0.0927, Test Reg Loss: 8.3612, Test MAPE: 14.6387, Test R: 0.8219, Test RRSE: 1.0237
2025-02-10 16:23:58,337:INFO:Epoch 257: Train Loss: 128.5437, Train Node Loss: 0.1559, Train Reg Loss: 1.2839, Train MAPE: 12.0347, Train R: 0.8813, Train RRSE: 0.4727, Test Loss: 708.7684, Test Node Loss: 0.1051, Test Reg Loss: 7.0866, Test MAPE: 14.1188, Test R: 0.8189, Test RRSE: 0.9424
2025-02-10 16:24:16,486:INFO:Epoch 258: Train Loss: 118.4845, Train Node Loss: 0.1482, Train Reg Loss: 1.1834, Train MAPE: 12.1558, Train R: 0.8913, Train RRSE: 0.4538, Test Loss: 687.3238, Test Node Loss: 0.0869, Test Reg Loss: 6.8724, Test MAPE: 13.9823, Test R: 0.8202, Test RRSE: 0.9281
2025-02-10 16:24:34,647:INFO:Epoch 259: Train Loss: 125.2824, Train Node Loss: 0.1256, Train Reg Loss: 1.2516, Train MAPE: 12.1133, Train R: 0.8863, Train RRSE: 0.4667, Test Loss: 625.8935, Test Node Loss: 0.0890, Test Reg Loss: 6.2580, Test MAPE: 13.7978, Test R: 0.8190, Test RRSE: 0.8856
2025-02-10 16:24:52,747:INFO:Epoch 260: Train Loss: 113.8497, Train Node Loss: 0.1402, Train Reg Loss: 1.1371, Train MAPE: 12.3136, Train R: 0.8966, Train RRSE: 0.4448, Test Loss: 489.6584, Test Node Loss: 0.1086, Test Reg Loss: 4.8955, Test MAPE: 13.4783, Test R: 0.8221, Test RRSE: 0.7833
2025-02-10 16:25:10,548:INFO:Epoch 261: Train Loss: 114.0021, Train Node Loss: 0.1366, Train Reg Loss: 1.1387, Train MAPE: 12.1362, Train R: 0.8960, Train RRSE: 0.4451, Test Loss: 568.8961, Test Node Loss: 0.0889, Test Reg Loss: 5.6881, Test MAPE: 13.7337, Test R: 0.8248, Test RRSE: 0.8443
2025-02-10 16:25:28,314:INFO:Epoch 262: Train Loss: 122.3576, Train Node Loss: 0.1205, Train Reg Loss: 1.2224, Train MAPE: 12.1658, Train R: 0.8875, Train RRSE: 0.4612, Test Loss: 525.5270, Test Node Loss: 0.0850, Test Reg Loss: 5.2544, Test MAPE: 13.6408, Test R: 0.8271, Test RRSE: 0.8115
2025-02-10 16:25:46,278:INFO:Epoch 263: Train Loss: 114.2422, Train Node Loss: 0.1185, Train Reg Loss: 1.1412, Train MAPE: 12.1756, Train R: 0.8954, Train RRSE: 0.4457, Test Loss: 756.5129, Test Node Loss: 0.0738, Test Reg Loss: 7.5644, Test MAPE: 14.2971, Test R: 0.8247, Test RRSE: 0.9737
2025-02-10 16:26:04,358:INFO:Epoch 264: Train Loss: 115.0365, Train Node Loss: 0.1234, Train Reg Loss: 1.1491, Train MAPE: 12.1406, Train R: 0.8949, Train RRSE: 0.4472, Test Loss: 959.3709, Test Node Loss: 0.0706, Test Reg Loss: 9.5930, Test MAPE: 15.1990, Test R: 0.8229, Test RRSE: 1.0965
2025-02-10 16:26:22,702:INFO:Epoch 265: Train Loss: 110.9402, Train Node Loss: 0.1278, Train Reg Loss: 1.1081, Train MAPE: 12.3042, Train R: 0.8988, Train RRSE: 0.4391, Test Loss: 831.9867, Test Node Loss: 0.0720, Test Reg Loss: 8.3191, Test MAPE: 14.7342, Test R: 0.8267, Test RRSE: 1.0211
2025-02-10 16:26:40,717:INFO:Epoch 266: Train Loss: 102.6072, Train Node Loss: 0.1210, Train Reg Loss: 1.0249, Train MAPE: 12.2282, Train R: 0.9073, Train RRSE: 0.4223, Test Loss: 684.0658, Test Node Loss: 0.0862, Test Reg Loss: 6.8398, Test MAPE: 14.2326, Test R: 0.8256, Test RRSE: 0.9259
2025-02-10 16:26:58,919:INFO:Epoch 267: Train Loss: 106.2450, Train Node Loss: 0.1260, Train Reg Loss: 1.0612, Train MAPE: 11.9841, Train R: 0.9049, Train RRSE: 0.4297, Test Loss: 674.2981, Test Node Loss: 0.0960, Test Reg Loss: 6.7420, Test MAPE: 14.0035, Test R: 0.8235, Test RRSE: 0.9192
2025-02-10 16:27:17,176:INFO:Epoch 268: Train Loss: 108.9890, Train Node Loss: 0.1392, Train Reg Loss: 1.0885, Train MAPE: 12.2123, Train R: 0.9007, Train RRSE: 0.4352, Test Loss: 740.0863, Test Node Loss: 0.0873, Test Reg Loss: 7.4000, Test MAPE: 14.5553, Test R: 0.8236, Test RRSE: 0.9631
2025-02-10 16:27:35,299:INFO:Epoch 269: Train Loss: 118.5750, Train Node Loss: 0.1365, Train Reg Loss: 1.1844, Train MAPE: 12.3943, Train R: 0.8915, Train RRSE: 0.4540, Test Loss: 765.3052, Test Node Loss: 0.0839, Test Reg Loss: 7.6522, Test MAPE: 14.4276, Test R: 0.8240, Test RRSE: 0.9793
2025-02-10 16:27:53,360:INFO:Epoch 270: Train Loss: 112.0739, Train Node Loss: 0.1413, Train Reg Loss: 1.1193, Train MAPE: 12.2324, Train R: 0.8975, Train RRSE: 0.4414, Test Loss: 671.8971, Test Node Loss: 0.0882, Test Reg Loss: 6.7181, Test MAPE: 14.1073, Test R: 0.8260, Test RRSE: 0.9176
2025-02-10 16:28:11,638:INFO:Epoch 271: Train Loss: 121.5713, Train Node Loss: 0.1397, Train Reg Loss: 1.2143, Train MAPE: 12.0564, Train R: 0.8885, Train RRSE: 0.4597, Test Loss: 421.9940, Test Node Loss: 0.1159, Test Reg Loss: 4.2188, Test MAPE: 13.3175, Test R: 0.8258, Test RRSE: 0.7272
2025-02-10 16:28:29,693:INFO:Epoch 272: Train Loss: 118.7732, Train Node Loss: 0.1410, Train Reg Loss: 1.1863, Train MAPE: 12.0486, Train R: 0.8919, Train RRSE: 0.4544, Test Loss: 263.9917, Test Node Loss: 0.1728, Test Reg Loss: 2.6382, Test MAPE: 13.2598, Test R: 0.8252, Test RRSE: 0.5750
2025-02-10 16:28:47,838:INFO:Epoch 273: Train Loss: 110.0108, Train Node Loss: 0.1603, Train Reg Loss: 1.0985, Train MAPE: 12.0395, Train R: 0.9007, Train RRSE: 0.4372, Test Loss: 286.0640, Test Node Loss: 0.1696, Test Reg Loss: 2.8589, Test MAPE: 13.1394, Test R: 0.8220, Test RRSE: 0.5986
2025-02-10 16:29:05,938:INFO:Epoch 274: Train Loss: 118.8679, Train Node Loss: 0.1665, Train Reg Loss: 1.1870, Train MAPE: 12.1598, Train R: 0.8916, Train RRSE: 0.4545, Test Loss: 500.3136, Test Node Loss: 0.1118, Test Reg Loss: 5.0020, Test MAPE: 13.7111, Test R: 0.8257, Test RRSE: 0.7918
2025-02-10 16:29:24,251:INFO:Epoch 275: Train Loss: 113.7847, Train Node Loss: 0.1354, Train Reg Loss: 1.1365, Train MAPE: 12.2306, Train R: 0.8996, Train RRSE: 0.4447, Test Loss: 918.6225, Test Node Loss: 0.0773, Test Reg Loss: 9.1855, Test MAPE: 14.9936, Test R: 0.8245, Test RRSE: 1.0730
2025-02-10 16:29:42,403:INFO:Epoch 276: Train Loss: 133.8587, Train Node Loss: 0.1522, Train Reg Loss: 1.3371, Train MAPE: 12.2870, Train R: 0.8783, Train RRSE: 0.4824, Test Loss: 717.6519, Test Node Loss: 0.0937, Test Reg Loss: 7.1756, Test MAPE: 14.1257, Test R: 0.8218, Test RRSE: 0.9483
2025-02-10 16:30:00,455:INFO:Epoch 277: Train Loss: 115.9657, Train Node Loss: 0.1368, Train Reg Loss: 1.1583, Train MAPE: 12.1048, Train R: 0.8939, Train RRSE: 0.4490, Test Loss: 529.5763, Test Node Loss: 0.0917, Test Reg Loss: 5.2948, Test MAPE: 13.5663, Test R: 0.8276, Test RRSE: 0.8146
2025-02-10 16:30:18,494:INFO:Epoch 278: Train Loss: 122.4197, Train Node Loss: 0.1222, Train Reg Loss: 1.2230, Train MAPE: 12.0650, Train R: 0.8901, Train RRSE: 0.4613, Test Loss: 407.1795, Test Node Loss: 0.1052, Test Reg Loss: 4.0707, Test MAPE: 13.1145, Test R: 0.8230, Test RRSE: 0.7143
2025-02-10 16:30:36,509:INFO:Epoch 279: Train Loss: 118.0597, Train Node Loss: 0.1367, Train Reg Loss: 1.1792, Train MAPE: 12.1424, Train R: 0.8922, Train RRSE: 0.4530, Test Loss: 480.9823, Test Node Loss: 0.0933, Test Reg Loss: 4.8089, Test MAPE: 13.3626, Test R: 0.8238, Test RRSE: 0.7764
2025-02-10 16:30:54,498:INFO:Epoch 280: Train Loss: 113.2059, Train Node Loss: 0.1354, Train Reg Loss: 1.1307, Train MAPE: 12.2348, Train R: 0.8967, Train RRSE: 0.4436, Test Loss: 597.1485, Test Node Loss: 0.0861, Test Reg Loss: 5.9706, Test MAPE: 13.8821, Test R: 0.8250, Test RRSE: 0.8651
2025-02-10 16:31:12,466:INFO:Epoch 281: Train Loss: 130.7833, Train Node Loss: 0.1231, Train Reg Loss: 1.3066, Train MAPE: 12.1151, Train R: 0.8809, Train RRSE: 0.4768, Test Loss: 486.9180, Test Node Loss: 0.1005, Test Reg Loss: 4.8682, Test MAPE: 13.6163, Test R: 0.8243, Test RRSE: 0.7811
2025-02-10 16:31:30,533:INFO:Epoch 282: Train Loss: 116.7289, Train Node Loss: 0.1227, Train Reg Loss: 1.1661, Train MAPE: 12.1054, Train R: 0.8940, Train RRSE: 0.4505, Test Loss: 345.5417, Test Node Loss: 0.1246, Test Reg Loss: 3.4542, Test MAPE: 13.2222, Test R: 0.8253, Test RRSE: 0.6580
2025-02-10 16:31:48,529:INFO:Epoch 283: Train Loss: 128.5151, Train Node Loss: 0.1486, Train Reg Loss: 1.2837, Train MAPE: 12.4194, Train R: 0.8878, Train RRSE: 0.4726, Test Loss: 510.1225, Test Node Loss: 0.1062, Test Reg Loss: 5.1002, Test MAPE: 13.4658, Test R: 0.8228, Test RRSE: 0.7995
2025-02-10 16:32:06,293:INFO:Epoch 284: Train Loss: 123.2971, Train Node Loss: 0.1379, Train Reg Loss: 1.2316, Train MAPE: 12.0753, Train R: 0.8865, Train RRSE: 0.4630, Test Loss: 893.3904, Test Node Loss: 0.0845, Test Reg Loss: 8.9331, Test MAPE: 14.9265, Test R: 0.8197, Test RRSE: 1.0581
2025-02-10 16:32:24,121:INFO:Epoch 285: Train Loss: 125.0450, Train Node Loss: 0.1180, Train Reg Loss: 1.2493, Train MAPE: 11.9239, Train R: 0.8947, Train RRSE: 0.4663, Test Loss: 698.8395, Test Node Loss: 0.0991, Test Reg Loss: 6.9874, Test MAPE: 14.1256, Test R: 0.8233, Test RRSE: 0.9358
2025-02-10 16:32:42,201:INFO:Epoch 286: Train Loss: 114.1548, Train Node Loss: 0.1456, Train Reg Loss: 1.1401, Train MAPE: 12.0962, Train R: 0.8966, Train RRSE: 0.4454, Test Loss: 576.6092, Test Node Loss: 0.1203, Test Reg Loss: 5.7649, Test MAPE: 13.6315, Test R: 0.8212, Test RRSE: 0.8500
2025-02-10 16:32:59,936:INFO:Epoch 287: Train Loss: 116.8823, Train Node Loss: 0.1594, Train Reg Loss: 1.1672, Train MAPE: 12.2427, Train R: 0.8953, Train RRSE: 0.4507, Test Loss: 686.0478, Test Node Loss: 0.1141, Test Reg Loss: 6.8593, Test MAPE: 14.2691, Test R: 0.8230, Test RRSE: 0.9272
2025-02-10 16:33:18,004:INFO:Epoch 288: Train Loss: 133.4910, Train Node Loss: 0.1350, Train Reg Loss: 1.3336, Train MAPE: 12.0830, Train R: 0.8832, Train RRSE: 0.4817, Test Loss: 714.3192, Test Node Loss: 0.1129, Test Reg Loss: 7.1421, Test MAPE: 14.2523, Test R: 0.8222, Test RRSE: 0.9461
2025-02-10 16:33:36,216:INFO:Epoch 289: Train Loss: 113.2751, Train Node Loss: 0.1656, Train Reg Loss: 1.1311, Train MAPE: 12.2206, Train R: 0.8964, Train RRSE: 0.4437, Test Loss: 586.9626, Test Node Loss: 0.1388, Test Reg Loss: 5.8682, Test MAPE: 13.8158, Test R: 0.8205, Test RRSE: 0.8576
2025-02-10 16:33:54,302:INFO:Epoch 290: Train Loss: 115.0110, Train Node Loss: 0.1652, Train Reg Loss: 1.1485, Train MAPE: 12.3630, Train R: 0.8980, Train RRSE: 0.4471, Test Loss: 841.2628, Test Node Loss: 0.0676, Test Reg Loss: 8.4120, Test MAPE: 14.7158, Test R: 0.8231, Test RRSE: 1.0268
2025-02-10 16:34:12,790:INFO:Epoch 291: Train Loss: 121.9253, Train Node Loss: 0.1210, Train Reg Loss: 1.2180, Train MAPE: 12.0900, Train R: 0.8882, Train RRSE: 0.4604, Test Loss: 954.4653, Test Node Loss: 0.0516, Test Reg Loss: 9.5441, Test MAPE: 15.0092, Test R: 0.8220, Test RRSE: 1.0937
2025-02-10 16:34:31,356:INFO:Epoch 292: Train Loss: 111.4093, Train Node Loss: 0.1129, Train Reg Loss: 1.1130, Train MAPE: 12.1226, Train R: 0.8989, Train RRSE: 0.4401, Test Loss: 632.3060, Test Node Loss: 0.0652, Test Reg Loss: 6.3224, Test MAPE: 13.8382, Test R: 0.8234, Test RRSE: 0.8902
2025-02-10 16:34:49,708:INFO:Epoch 293: Train Loss: 110.7723, Train Node Loss: 0.1179, Train Reg Loss: 1.1065, Train MAPE: 12.3178, Train R: 0.8987, Train RRSE: 0.4388, Test Loss: 452.0588, Test Node Loss: 0.0785, Test Reg Loss: 4.5198, Test MAPE: 13.3467, Test R: 0.8264, Test RRSE: 0.7527
2025-02-10 16:35:08,067:INFO:Epoch 294: Train Loss: 114.5333, Train Node Loss: 0.1095, Train Reg Loss: 1.1442, Train MAPE: 12.1659, Train R: 0.8951, Train RRSE: 0.4462, Test Loss: 454.8237, Test Node Loss: 0.0759, Test Reg Loss: 4.5475, Test MAPE: 13.3643, Test R: 0.8274, Test RRSE: 0.7550
2025-02-10 16:35:26,682:INFO:Epoch 295: Train Loss: 112.3699, Train Node Loss: 0.1138, Train Reg Loss: 1.1226, Train MAPE: 12.2839, Train R: 0.8978, Train RRSE: 0.4420, Test Loss: 394.4664, Test Node Loss: 0.0911, Test Reg Loss: 3.9438, Test MAPE: 13.4493, Test R: 0.8246, Test RRSE: 0.7031
2025-02-10 16:35:44,879:INFO:Epoch 296: Train Loss: 112.8838, Train Node Loss: 0.1139, Train Reg Loss: 1.1277, Train MAPE: 12.3994, Train R: 0.8972, Train RRSE: 0.4430, Test Loss: 455.9594, Test Node Loss: 0.0875, Test Reg Loss: 4.5587, Test MAPE: 13.6466, Test R: 0.8227, Test RRSE: 0.7559
2025-02-10 16:36:03,197:INFO:Epoch 297: Train Loss: 118.1652, Train Node Loss: 0.1076, Train Reg Loss: 1.1806, Train MAPE: 12.0536, Train R: 0.8923, Train RRSE: 0.4533, Test Loss: 471.2435, Test Node Loss: 0.0979, Test Reg Loss: 4.7115, Test MAPE: 13.4110, Test R: 0.8196, Test RRSE: 0.7684
2025-02-10 16:36:21,508:INFO:Epoch 298: Train Loss: 126.5190, Train Node Loss: 0.1102, Train Reg Loss: 1.2641, Train MAPE: 11.9737, Train R: 0.8852, Train RRSE: 0.4690, Test Loss: 451.9546, Test Node Loss: 0.0971, Test Reg Loss: 4.5186, Test MAPE: 13.4071, Test R: 0.8233, Test RRSE: 0.7526
2025-02-10 16:36:39,803:INFO:Epoch 299: Train Loss: 142.9917, Train Node Loss: 0.1343, Train Reg Loss: 1.4286, Train MAPE: 12.1440, Train R: 0.8714, Train RRSE: 0.4986, Test Loss: 431.0110, Test Node Loss: 0.1090, Test Reg Loss: 4.3090, Test MAPE: 13.4902, Test R: 0.8245, Test RRSE: 0.7349
2025-02-10 16:36:58,287:INFO:Epoch 300: Train Loss: 110.1067, Train Node Loss: 0.1232, Train Reg Loss: 1.0998, Train MAPE: 12.3420, Train R: 0.8993, Train RRSE: 0.4375, Test Loss: 758.4824, Test Node Loss: 0.0711, Test Reg Loss: 7.5841, Test MAPE: 14.5499, Test R: 0.8273, Test RRSE: 0.9750
2025-02-10 16:36:58,288:INFO:Best performance at epoch 253 with Test MAPE: 0.8290
