2025-02-10 14:56:20,053:INFO:Learning rate: 0.001
2025-02-10 14:56:20,054:INFO:Weight decay: 0.001
2025-02-10 14:56:20,054:INFO:Batch size: 32
2025-02-10 14:56:20,054:INFO:Number of layers: 3
2025-02-10 14:56:20,054:INFO:Convolution type: SAGE
2025-02-10 14:56:20,054:INFO:Convolution neurons: 256
2025-02-10 15:01:02,033:INFO:Learning rate: 0.001
2025-02-10 15:01:02,034:INFO:Weight decay: 0.001
2025-02-10 15:01:02,034:INFO:Batch size: 32
2025-02-10 15:01:02,034:INFO:Number of layers: 3
2025-02-10 15:01:02,034:INFO:Convolution type: SAGE
2025-02-10 15:01:02,034:INFO:Convolution neurons: 256
2025-02-10 15:01:24,188:INFO:Epoch 1: Train Loss: 32086.3176, Train Node Loss: 54.6665, Train Reg Loss: 320.3165, Train MAPE: 84.8637, Train R: 0.0371, Train RRSE: 7.4662, Test Loss: 5508.8251, Test Node Loss: 723.8308, Test Reg Loss: 47.8499, Test MAPE: 29.5039, Test R: 0.7895, Test RRSE: 2.4489
2025-02-10 15:01:24,229:INFO:Checkpoint saved at best_0.001_0.001_256_SAGE_3_32_0.7895_epoch_1.pth
2025-02-10 15:01:45,255:INFO:Epoch 2: Train Loss: 4888.9468, Train Node Loss: 1501.5001, Train Reg Loss: 33.8745, Train MAPE: 25.9158, Train R: 0.1447, Train RRSE: 2.4280, Test Loss: 1589.3066, Test Node Loss: 1037.9849, Test Reg Loss: 5.5132, Test MAPE: 10.2284, Test R: 0.7924, Test RRSE: 0.8313
2025-02-10 15:01:45,278:INFO:Checkpoint saved at best_0.001_0.001_256_SAGE_3_32_0.7924_epoch_2.pth
2025-02-10 15:02:06,473:INFO:Epoch 3: Train Loss: 2601.8398, Train Node Loss: 506.0116, Train Reg Loss: 20.9583, Train MAPE: 19.0575, Train R: 0.5426, Train RRSE: 1.9098, Test Loss: 1686.0744, Test Node Loss: 597.8424, Test Reg Loss: 10.8823, Test MAPE: 12.0362, Test R: 0.7914, Test RRSE: 1.1679
2025-02-10 15:02:27,728:INFO:Epoch 4: Train Loss: 1350.5623, Train Node Loss: 667.0287, Train Reg Loss: 6.8353, Train MAPE: 11.8885, Train R: 0.2793, Train RRSE: 1.0907, Test Loss: 1576.6385, Test Node Loss: 747.1149, Test Reg Loss: 8.2952, Test MAPE: 14.0871, Test R: 0.7955, Test RRSE: 1.0196
2025-02-10 15:02:27,757:INFO:Checkpoint saved at best_0.001_0.001_256_SAGE_3_32_0.7955_epoch_4.pth
2025-02-10 15:02:48,569:INFO:Epoch 5: Train Loss: 1019.4991, Train Node Loss: 498.7701, Train Reg Loss: 5.2073, Train MAPE: 10.5376, Train R: 0.3688, Train RRSE: 0.9520, Test Loss: 1822.3191, Test Node Loss: 326.6137, Test Reg Loss: 14.9571, Test MAPE: 14.1207, Test R: 0.7934, Test RRSE: 1.3692
2025-02-10 15:03:09,726:INFO:Epoch 6: Train Loss: 899.2897, Train Node Loss: 350.1014, Train Reg Loss: 5.4919, Train MAPE: 9.6760, Train R: 0.5186, Train RRSE: 0.9776, Test Loss: 953.1030, Test Node Loss: 385.7571, Test Reg Loss: 5.6735, Test MAPE: 10.0480, Test R: 0.7924, Test RRSE: 0.8433
2025-02-10 15:03:30,985:INFO:Epoch 7: Train Loss: 770.5677, Train Node Loss: 369.1251, Train Reg Loss: 4.0144, Train MAPE: 10.3829, Train R: 0.6860, Train RRSE: 0.8358, Test Loss: 1027.6494, Test Node Loss: 292.7486, Test Reg Loss: 7.3490, Test MAPE: 10.5541, Test R: 0.7924, Test RRSE: 0.9597
2025-02-10 15:03:52,329:INFO:Epoch 8: Train Loss: 674.7730, Train Node Loss: 286.9278, Train Reg Loss: 3.8785, Train MAPE: 9.6035, Train R: 0.7209, Train RRSE: 0.8216, Test Loss: 949.7586, Test Node Loss: 263.3460, Test Reg Loss: 6.8641, Test MAPE: 10.4334, Test R: 0.7888, Test RRSE: 0.9275
2025-02-10 15:04:13,741:INFO:Epoch 9: Train Loss: 624.6020, Train Node Loss: 264.5454, Train Reg Loss: 3.6006, Train MAPE: 9.8306, Train R: 0.7258, Train RRSE: 0.7916, Test Loss: 925.8500, Test Node Loss: 233.0157, Test Reg Loss: 6.9283, Test MAPE: 10.5766, Test R: 0.7860, Test RRSE: 0.9319
2025-02-10 15:04:35,098:INFO:Epoch 10: Train Loss: 575.2651, Train Node Loss: 238.0470, Train Reg Loss: 3.3722, Train MAPE: 9.8364, Train R: 0.7535, Train RRSE: 0.7661, Test Loss: 826.4610, Test Node Loss: 219.7793, Test Reg Loss: 6.0668, Test MAPE: 10.3952, Test R: 0.7824, Test RRSE: 0.8720
2025-02-10 15:04:56,368:INFO:Epoch 11: Train Loss: 560.5286, Train Node Loss: 226.3644, Train Reg Loss: 3.3416, Train MAPE: 10.1356, Train R: 0.7334, Train RRSE: 0.7626, Test Loss: 867.4800, Test Node Loss: 191.7362, Test Reg Loss: 6.7574, Test MAPE: 10.6719, Test R: 0.7778, Test RRSE: 0.9203
2025-02-10 15:05:17,649:INFO:Epoch 12: Train Loss: 537.4652, Train Node Loss: 195.8624, Train Reg Loss: 3.4160, Train MAPE: 9.8621, Train R: 0.7089, Train RRSE: 0.7710, Test Loss: 891.8905, Test Node Loss: 170.8825, Test Reg Loss: 7.2101, Test MAPE: 10.9841, Test R: 0.7729, Test RRSE: 0.9506
2025-02-10 15:05:38,887:INFO:Epoch 13: Train Loss: 503.2072, Train Node Loss: 184.9695, Train Reg Loss: 3.1824, Train MAPE: 10.1501, Train R: 0.7199, Train RRSE: 0.7442, Test Loss: 816.5293, Test Node Loss: 164.4448, Test Reg Loss: 6.5208, Test MAPE: 10.9318, Test R: 0.7680, Test RRSE: 0.9040
2025-02-10 15:06:00,295:INFO:Epoch 14: Train Loss: 475.7009, Train Node Loss: 170.0242, Train Reg Loss: 3.0568, Train MAPE: 10.2233, Train R: 0.7277, Train RRSE: 0.7294, Test Loss: 894.6173, Test Node Loss: 144.1524, Test Reg Loss: 7.5046, Test MAPE: 11.4384, Test R: 0.7634, Test RRSE: 0.9698
2025-02-10 15:06:21,427:INFO:Epoch 15: Train Loss: 455.2707, Train Node Loss: 160.5234, Train Reg Loss: 2.9475, Train MAPE: 10.4046, Train R: 0.7321, Train RRSE: 0.7162, Test Loss: 825.8124, Test Node Loss: 136.7912, Test Reg Loss: 6.8902, Test MAPE: 11.2065, Test R: 0.7614, Test RRSE: 0.9293
2025-02-10 15:06:42,628:INFO:Epoch 16: Train Loss: 449.6468, Train Node Loss: 142.9311, Train Reg Loss: 3.0672, Train MAPE: 10.2970, Train R: 0.7130, Train RRSE: 0.7306, Test Loss: 755.6355, Test Node Loss: 131.0757, Test Reg Loss: 6.2456, Test MAPE: 11.2162, Test R: 0.7596, Test RRSE: 0.8848
2025-02-10 15:07:03,653:INFO:Epoch 17: Train Loss: 428.8760, Train Node Loss: 141.2572, Train Reg Loss: 2.8762, Train MAPE: 10.6359, Train R: 0.7247, Train RRSE: 0.7075, Test Loss: 930.1230, Test Node Loss: 110.9189, Test Reg Loss: 8.1920, Test MAPE: 12.1196, Test R: 0.7601, Test RRSE: 1.0133
2025-02-10 15:07:24,724:INFO:Epoch 18: Train Loss: 402.5799, Train Node Loss: 122.8591, Train Reg Loss: 2.7972, Train MAPE: 10.4335, Train R: 0.7485, Train RRSE: 0.6977, Test Loss: 817.8532, Test Node Loss: 108.2381, Test Reg Loss: 7.0962, Test MAPE: 11.6760, Test R: 0.7621, Test RRSE: 0.9431
2025-02-10 15:07:46,052:INFO:Epoch 19: Train Loss: 385.9361, Train Node Loss: 118.2600, Train Reg Loss: 2.6768, Train MAPE: 10.5840, Train R: 0.7540, Train RRSE: 0.6825, Test Loss: 894.7572, Test Node Loss: 97.0109, Test Reg Loss: 7.9775, Test MAPE: 12.1558, Test R: 0.7637, Test RRSE: 0.9999
2025-02-10 15:08:07,266:INFO:Epoch 20: Train Loss: 366.0742, Train Node Loss: 107.6686, Train Reg Loss: 2.5841, Train MAPE: 10.7019, Train R: 0.7602, Train RRSE: 0.6706, Test Loss: 844.9070, Test Node Loss: 93.1822, Test Reg Loss: 7.5172, Test MAPE: 12.0815, Test R: 0.7658, Test RRSE: 0.9707
2025-02-10 15:08:28,227:INFO:Epoch 21: Train Loss: 358.5344, Train Node Loss: 100.0254, Train Reg Loss: 2.5851, Train MAPE: 10.6640, Train R: 0.7617, Train RRSE: 0.6707, Test Loss: 757.7069, Test Node Loss: 89.5469, Test Reg Loss: 6.6816, Test MAPE: 11.6639, Test R: 0.7690, Test RRSE: 0.9151
2025-02-10 15:08:49,458:INFO:Epoch 22: Train Loss: 362.7637, Train Node Loss: 98.0218, Train Reg Loss: 2.6474, Train MAPE: 10.9919, Train R: 0.7467, Train RRSE: 0.6788, Test Loss: 955.7028, Test Node Loss: 75.8211, Test Reg Loss: 8.7988, Test MAPE: 12.6670, Test R: 0.7719, Test RRSE: 1.0501
2025-02-10 15:09:10,541:INFO:Epoch 23: Train Loss: 334.0171, Train Node Loss: 89.7935, Train Reg Loss: 2.4422, Train MAPE: 10.9488, Train R: 0.7695, Train RRSE: 0.6519, Test Loss: 950.4346, Test Node Loss: 72.4060, Test Reg Loss: 8.7803, Test MAPE: 12.8719, Test R: 0.7716, Test RRSE: 1.0490
2025-02-10 15:09:31,686:INFO:Epoch 24: Train Loss: 320.9804, Train Node Loss: 83.6609, Train Reg Loss: 2.3732, Train MAPE: 10.9631, Train R: 0.7751, Train RRSE: 0.6427, Test Loss: 895.4313, Test Node Loss: 69.4584, Test Reg Loss: 8.2597, Test MAPE: 12.7998, Test R: 0.7764, Test RRSE: 1.0175
2025-02-10 15:09:52,891:INFO:Epoch 25: Train Loss: 320.8713, Train Node Loss: 80.4708, Train Reg Loss: 2.4040, Train MAPE: 11.0198, Train R: 0.7795, Train RRSE: 0.6468, Test Loss: 1402.5333, Test Node Loss: 53.2820, Test Reg Loss: 13.4925, Test MAPE: 15.2057, Test R: 0.7843, Test RRSE: 1.3004
2025-02-10 15:10:14,093:INFO:Epoch 26: Train Loss: 312.3859, Train Node Loss: 66.4669, Train Reg Loss: 2.4592, Train MAPE: 10.7941, Train R: 0.7843, Train RRSE: 0.6542, Test Loss: 672.5789, Test Node Loss: 67.9223, Test Reg Loss: 6.0466, Test MAPE: 11.9060, Test R: 0.7896, Test RRSE: 0.8705
2025-02-10 15:10:35,403:INFO:Epoch 27: Train Loss: 296.0225, Train Node Loss: 69.0128, Train Reg Loss: 2.2701, Train MAPE: 11.1112, Train R: 0.7849, Train RRSE: 0.6285, Test Loss: 1348.5593, Test Node Loss: 49.7430, Test Reg Loss: 12.9882, Test MAPE: 15.3164, Test R: 0.7842, Test RRSE: 1.2759
2025-02-10 15:10:56,618:INFO:Epoch 28: Train Loss: 278.1832, Train Node Loss: 63.1048, Train Reg Loss: 2.1508, Train MAPE: 11.1333, Train R: 0.7993, Train RRSE: 0.6118, Test Loss: 869.7077, Test Node Loss: 53.4496, Test Reg Loss: 8.1626, Test MAPE: 13.0606, Test R: 0.7923, Test RRSE: 1.0115
2025-02-10 15:11:17,774:INFO:Epoch 29: Train Loss: 279.2189, Train Node Loss: 59.7728, Train Reg Loss: 2.1945, Train MAPE: 11.3063, Train R: 0.7923, Train RRSE: 0.6180, Test Loss: 755.7208, Test Node Loss: 49.3959, Test Reg Loss: 7.0632, Test MAPE: 12.5187, Test R: 0.7976, Test RRSE: 0.9409
2025-02-10 15:11:17,805:INFO:Checkpoint saved at best_0.001_0.001_256_SAGE_3_32_0.7976_epoch_29.pth
2025-02-10 15:11:38,928:INFO:Epoch 30: Train Loss: 271.3319, Train Node Loss: 53.3298, Train Reg Loss: 2.1800, Train MAPE: 11.0429, Train R: 0.7992, Train RRSE: 0.6159, Test Loss: 890.3297, Test Node Loss: 43.3021, Test Reg Loss: 8.4703, Test MAPE: 13.2791, Test R: 0.7957, Test RRSE: 1.0303
2025-02-10 15:12:00,088:INFO:Epoch 31: Train Loss: 277.7571, Train Node Loss: 51.2400, Train Reg Loss: 2.2652, Train MAPE: 11.2786, Train R: 0.7839, Train RRSE: 0.6279, Test Loss: 665.3397, Test Node Loss: 43.3978, Test Reg Loss: 6.2194, Test MAPE: 12.4025, Test R: 0.7989, Test RRSE: 0.8829
2025-02-10 15:12:00,108:INFO:Checkpoint saved at best_0.001_0.001_256_SAGE_3_32_0.7989_epoch_31.pth
2025-02-10 15:12:21,364:INFO:Epoch 32: Train Loss: 255.4644, Train Node Loss: 43.4582, Train Reg Loss: 2.1201, Train MAPE: 10.9122, Train R: 0.8134, Train RRSE: 0.6074, Test Loss: 444.1344, Test Node Loss: 46.0166, Test Reg Loss: 3.9812, Test MAPE: 11.6199, Test R: 0.8046, Test RRSE: 0.7064
2025-02-10 15:12:21,394:INFO:Checkpoint saved at best_0.001_0.001_256_SAGE_3_32_0.8046_epoch_32.pth
2025-02-10 15:12:42,616:INFO:Epoch 33: Train Loss: 255.7348, Train Node Loss: 46.0584, Train Reg Loss: 2.0968, Train MAPE: 11.2707, Train R: 0.8179, Train RRSE: 0.6041, Test Loss: 812.0113, Test Node Loss: 35.6632, Test Reg Loss: 7.7635, Test MAPE: 13.1853, Test R: 0.8005, Test RRSE: 0.9864
2025-02-10 15:13:03,586:INFO:Epoch 34: Train Loss: 248.1631, Train Node Loss: 38.2192, Train Reg Loss: 2.0994, Train MAPE: 11.1646, Train R: 0.8101, Train RRSE: 0.6045, Test Loss: 456.9847, Test Node Loss: 40.3161, Test Reg Loss: 4.1667, Test MAPE: 11.7423, Test R: 0.8024, Test RRSE: 0.7227
2025-02-10 15:13:24,643:INFO:Epoch 35: Train Loss: 246.4602, Train Node Loss: 37.4479, Train Reg Loss: 2.0901, Train MAPE: 11.2263, Train R: 0.8036, Train RRSE: 0.6031, Test Loss: 531.8928, Test Node Loss: 32.6941, Test Reg Loss: 4.9920, Test MAPE: 12.1624, Test R: 0.8057, Test RRSE: 0.7910
2025-02-10 15:13:24,667:INFO:Checkpoint saved at best_0.001_0.001_256_SAGE_3_32_0.8057_epoch_35.pth
2025-02-10 15:13:45,724:INFO:Epoch 36: Train Loss: 229.1285, Train Node Loss: 33.5301, Train Reg Loss: 1.9560, Train MAPE: 11.0646, Train R: 0.8240, Train RRSE: 0.5834, Test Loss: 343.0769, Test Node Loss: 39.1198, Test Reg Loss: 3.0396, Test MAPE: 11.8514, Test R: 0.8099, Test RRSE: 0.6172
2025-02-10 15:13:45,753:INFO:Checkpoint saved at best_0.001_0.001_256_SAGE_3_32_0.8099_epoch_36.pth
2025-02-10 15:14:06,933:INFO:Epoch 37: Train Loss: 251.5946, Train Node Loss: 32.7749, Train Reg Loss: 2.1882, Train MAPE: 11.2270, Train R: 0.7908, Train RRSE: 0.6171, Test Loss: 975.4681, Test Node Loss: 24.6242, Test Reg Loss: 9.5084, Test MAPE: 14.0667, Test R: 0.8046, Test RRSE: 1.0917
2025-02-10 15:14:28,132:INFO:Epoch 38: Train Loss: 226.5363, Train Node Loss: 31.1771, Train Reg Loss: 1.9536, Train MAPE: 11.1805, Train R: 0.8216, Train RRSE: 0.5831, Test Loss: 488.3275, Test Node Loss: 29.8051, Test Reg Loss: 4.5852, Test MAPE: 11.7802, Test R: 0.8081, Test RRSE: 0.7581
2025-02-10 15:14:49,378:INFO:Epoch 39: Train Loss: 206.1357, Train Node Loss: 28.3939, Train Reg Loss: 1.7774, Train MAPE: 11.0829, Train R: 0.8412, Train RRSE: 0.5562, Test Loss: 638.2528, Test Node Loss: 23.3483, Test Reg Loss: 6.1490, Test MAPE: 12.6626, Test R: 0.8074, Test RRSE: 0.8779
2025-02-10 15:15:10,589:INFO:Epoch 40: Train Loss: 231.1181, Train Node Loss: 26.0369, Train Reg Loss: 2.0508, Train MAPE: 11.2927, Train R: 0.8066, Train RRSE: 0.5974, Test Loss: 328.8960, Test Node Loss: 29.1993, Test Reg Loss: 2.9970, Test MAPE: 12.1116, Test R: 0.8081, Test RRSE: 0.6129
2025-02-10 15:15:31,683:INFO:Epoch 41: Train Loss: 216.0044, Train Node Loss: 24.4894, Train Reg Loss: 1.9151, Train MAPE: 11.2956, Train R: 0.8213, Train RRSE: 0.5773, Test Loss: 574.1956, Test Node Loss: 20.5669, Test Reg Loss: 5.5363, Test MAPE: 12.4012, Test R: 0.8093, Test RRSE: 0.8330
2025-02-10 15:15:52,547:INFO:Epoch 42: Train Loss: 208.1237, Train Node Loss: 22.7286, Train Reg Loss: 1.8540, Train MAPE: 11.2826, Train R: 0.8322, Train RRSE: 0.5680, Test Loss: 549.6603, Test Node Loss: 19.6995, Test Reg Loss: 5.2996, Test MAPE: 12.1844, Test R: 0.8132, Test RRSE: 0.8150
2025-02-10 15:15:52,580:INFO:Checkpoint saved at best_0.001_0.001_256_SAGE_3_32_0.8132_epoch_42.pth
2025-02-10 15:16:13,770:INFO:Epoch 43: Train Loss: 209.3132, Train Node Loss: 20.3864, Train Reg Loss: 1.8893, Train MAPE: 11.0791, Train R: 0.8339, Train RRSE: 0.5734, Test Loss: 490.5699, Test Node Loss: 20.2364, Test Reg Loss: 4.7033, Test MAPE: 12.0826, Test R: 0.8153, Test RRSE: 0.7678
2025-02-10 15:16:13,804:INFO:Checkpoint saved at best_0.001_0.001_256_SAGE_3_32_0.8153_epoch_43.pth
2025-02-10 15:16:35,035:INFO:Epoch 44: Train Loss: 191.1337, Train Node Loss: 21.1875, Train Reg Loss: 1.6995, Train MAPE: 11.4636, Train R: 0.8474, Train RRSE: 0.5438, Test Loss: 930.2268, Test Node Loss: 15.6355, Test Reg Loss: 9.1459, Test MAPE: 14.2843, Test R: 0.8126, Test RRSE: 1.0707
2025-02-10 15:16:56,300:INFO:Epoch 45: Train Loss: 238.6960, Train Node Loss: 19.2353, Train Reg Loss: 2.1946, Train MAPE: 11.6304, Train R: 0.7866, Train RRSE: 0.6180, Test Loss: 449.1740, Test Node Loss: 17.3111, Test Reg Loss: 4.3186, Test MAPE: 12.3587, Test R: 0.8165, Test RRSE: 0.7357
2025-02-10 15:16:56,331:INFO:Checkpoint saved at best_0.001_0.001_256_SAGE_3_32_0.8165_epoch_45.pth
2025-02-10 15:17:17,461:INFO:Epoch 46: Train Loss: 228.0627, Train Node Loss: 15.6411, Train Reg Loss: 2.1242, Train MAPE: 11.1911, Train R: 0.8061, Train RRSE: 0.6080, Test Loss: 372.7544, Test Node Loss: 16.7122, Test Reg Loss: 3.5604, Test MAPE: 12.0803, Test R: 0.8176, Test RRSE: 0.6680
2025-02-10 15:17:17,490:INFO:Checkpoint saved at best_0.001_0.001_256_SAGE_3_32_0.8176_epoch_46.pth
2025-02-10 15:17:38,750:INFO:Epoch 47: Train Loss: 182.3010, Train Node Loss: 16.1990, Train Reg Loss: 1.6610, Train MAPE: 11.3112, Train R: 0.8595, Train RRSE: 0.5376, Test Loss: 606.0988, Test Node Loss: 13.0821, Test Reg Loss: 5.9302, Test MAPE: 12.8296, Test R: 0.8189, Test RRSE: 0.8621
2025-02-10 15:17:38,770:INFO:Checkpoint saved at best_0.001_0.001_256_SAGE_3_32_0.8189_epoch_47.pth
2025-02-10 15:17:59,984:INFO:Epoch 48: Train Loss: 199.3193, Train Node Loss: 14.1267, Train Reg Loss: 1.8519, Train MAPE: 11.1866, Train R: 0.8344, Train RRSE: 0.5677, Test Loss: 406.9911, Test Node Loss: 14.6260, Test Reg Loss: 3.9237, Test MAPE: 12.2180, Test R: 0.8187, Test RRSE: 0.7013
2025-02-10 15:18:21,124:INFO:Epoch 49: Train Loss: 188.1953, Train Node Loss: 15.3753, Train Reg Loss: 1.7282, Train MAPE: 11.6016, Train R: 0.8416, Train RRSE: 0.5484, Test Loss: 1078.7565, Test Node Loss: 10.2182, Test Reg Loss: 10.6854, Test MAPE: 14.9659, Test R: 0.8150, Test RRSE: 1.1573
2025-02-10 15:18:42,136:INFO:Epoch 50: Train Loss: 186.2125, Train Node Loss: 13.4006, Train Reg Loss: 1.7281, Train MAPE: 11.4842, Train R: 0.8406, Train RRSE: 0.5484, Test Loss: 472.6374, Test Node Loss: 12.5230, Test Reg Loss: 4.6011, Test MAPE: 12.6618, Test R: 0.8225, Test RRSE: 0.7594
2025-02-10 15:18:42,166:INFO:Checkpoint saved at best_0.001_0.001_256_SAGE_3_32_0.8225_epoch_50.pth
2025-02-10 15:19:03,402:INFO:Epoch 51: Train Loss: 176.3610, Train Node Loss: 12.3119, Train Reg Loss: 1.6405, Train MAPE: 11.5070, Train R: 0.8491, Train RRSE: 0.5343, Test Loss: 599.1073, Test Node Loss: 10.2540, Test Reg Loss: 5.8885, Test MAPE: 12.8548, Test R: 0.8241, Test RRSE: 0.8591
2025-02-10 15:19:03,431:INFO:Checkpoint saved at best_0.001_0.001_256_SAGE_3_32_0.8241_epoch_51.pth
2025-02-10 15:19:24,510:INFO:Epoch 52: Train Loss: 168.3439, Train Node Loss: 11.9601, Train Reg Loss: 1.5638, Train MAPE: 11.5269, Train R: 0.8592, Train RRSE: 0.5217, Test Loss: 463.5568, Test Node Loss: 11.2413, Test Reg Loss: 4.5232, Test MAPE: 12.6867, Test R: 0.8274, Test RRSE: 0.7529
2025-02-10 15:19:24,536:INFO:Checkpoint saved at best_0.001_0.001_256_SAGE_3_32_0.8274_epoch_52.pth
2025-02-10 15:19:45,660:INFO:Epoch 53: Train Loss: 181.2733, Train Node Loss: 10.6977, Train Reg Loss: 1.7058, Train MAPE: 11.4509, Train R: 0.8432, Train RRSE: 0.5448, Test Loss: 473.1251, Test Node Loss: 9.6585, Test Reg Loss: 4.6347, Test MAPE: 12.7351, Test R: 0.8295, Test RRSE: 0.7622
2025-02-10 15:19:45,690:INFO:Checkpoint saved at best_0.001_0.001_256_SAGE_3_32_0.8295_epoch_53.pth
2025-02-10 15:20:06,920:INFO:Epoch 54: Train Loss: 167.5987, Train Node Loss: 10.1625, Train Reg Loss: 1.5744, Train MAPE: 11.5567, Train R: 0.8563, Train RRSE: 0.5234, Test Loss: 273.3525, Test Node Loss: 11.0377, Test Reg Loss: 2.6231, Test MAPE: 12.3755, Test R: 0.8306, Test RRSE: 0.5734
2025-02-10 15:20:06,962:INFO:Checkpoint saved at best_0.001_0.001_256_SAGE_3_32_0.8306_epoch_54.pth
2025-02-10 15:20:28,257:INFO:Epoch 55: Train Loss: 163.6795, Train Node Loss: 9.6684, Train Reg Loss: 1.5401, Train MAPE: 11.5411, Train R: 0.8612, Train RRSE: 0.5177, Test Loss: 804.2968, Test Node Loss: 7.2593, Test Reg Loss: 7.9704, Test MAPE: 14.0494, Test R: 0.8263, Test RRSE: 0.9995
2025-02-10 15:20:49,580:INFO:Epoch 56: Train Loss: 188.5516, Train Node Loss: 8.0774, Train Reg Loss: 1.8047, Train MAPE: 11.3411, Train R: 0.8421, Train RRSE: 0.5604, Test Loss: 288.8813, Test Node Loss: 11.1089, Test Reg Loss: 2.7777, Test MAPE: 13.1477, Test R: 0.8283, Test RRSE: 0.5900
2025-02-10 15:21:10,823:INFO:Epoch 57: Train Loss: 183.9383, Train Node Loss: 9.8347, Train Reg Loss: 1.7410, Train MAPE: 12.1382, Train R: 0.8577, Train RRSE: 0.5504, Test Loss: 1620.9532, Test Node Loss: 4.4929, Test Reg Loss: 16.1646, Test MAPE: 17.3053, Test R: 0.8126, Test RRSE: 1.4234
2025-02-10 15:21:31,954:INFO:Epoch 58: Train Loss: 177.7115, Train Node Loss: 6.4763, Train Reg Loss: 1.7124, Train MAPE: 11.2856, Train R: 0.8628, Train RRSE: 0.5459, Test Loss: 349.1668, Test Node Loss: 7.7351, Test Reg Loss: 3.4143, Test MAPE: 12.3188, Test R: 0.8205, Test RRSE: 0.6542
2025-02-10 15:21:53,095:INFO:Epoch 59: Train Loss: 189.5123, Train Node Loss: 7.7467, Train Reg Loss: 1.8177, Train MAPE: 11.9916, Train R: 0.8413, Train RRSE: 0.5624, Test Loss: 1187.0836, Test Node Loss: 3.9646, Test Reg Loss: 11.8312, Test MAPE: 15.4472, Test R: 0.8155, Test RRSE: 1.2177
2025-02-10 15:22:14,394:INFO:Epoch 60: Train Loss: 174.4958, Train Node Loss: 5.4211, Train Reg Loss: 1.6907, Train MAPE: 11.4536, Train R: 0.8555, Train RRSE: 0.5424, Test Loss: 288.9891, Test Node Loss: 6.5756, Test Reg Loss: 2.8241, Test MAPE: 12.4622, Test R: 0.8258, Test RRSE: 0.5949
2025-02-10 15:22:35,748:INFO:Epoch 61: Train Loss: 198.4518, Train Node Loss: 6.1821, Train Reg Loss: 1.9227, Train MAPE: 11.8779, Train R: 0.8260, Train RRSE: 0.5784, Test Loss: 909.6441, Test Node Loss: 3.4777, Test Reg Loss: 9.0617, Test MAPE: 14.3650, Test R: 0.8231, Test RRSE: 1.0657
2025-02-10 15:22:57,095:INFO:Epoch 62: Train Loss: 215.6094, Train Node Loss: 4.8942, Train Reg Loss: 2.1072, Train MAPE: 11.7327, Train R: 0.7963, Train RRSE: 0.6056, Test Loss: 449.5103, Test Node Loss: 4.5527, Test Reg Loss: 4.4496, Test MAPE: 12.6077, Test R: 0.8241, Test RRSE: 0.7468
2025-02-10 15:23:18,353:INFO:Epoch 63: Train Loss: 166.7234, Train Node Loss: 4.2568, Train Reg Loss: 1.6247, Train MAPE: 11.5113, Train R: 0.8545, Train RRSE: 0.5317, Test Loss: 528.1999, Test Node Loss: 3.7554, Test Reg Loss: 5.2444, Test MAPE: 12.8128, Test R: 0.8227, Test RRSE: 0.8107
2025-02-10 15:23:39,674:INFO:Epoch 64: Train Loss: 164.9563, Train Node Loss: 4.6715, Train Reg Loss: 1.6028, Train MAPE: 11.7646, Train R: 0.8575, Train RRSE: 0.5281, Test Loss: 570.0591, Test Node Loss: 3.6150, Test Reg Loss: 5.6644, Test MAPE: 12.9193, Test R: 0.8220, Test RRSE: 0.8426
2025-02-10 15:24:00,921:INFO:Epoch 65: Train Loss: 175.0174, Train Node Loss: 3.6885, Train Reg Loss: 1.7133, Train MAPE: 11.3928, Train R: 0.8487, Train RRSE: 0.5460, Test Loss: 582.4797, Test Node Loss: 3.4569, Test Reg Loss: 5.7902, Test MAPE: 12.9721, Test R: 0.8207, Test RRSE: 0.8519
2025-02-10 15:24:22,112:INFO:Epoch 66: Train Loss: 160.7176, Train Node Loss: 4.4825, Train Reg Loss: 1.5624, Train MAPE: 12.0738, Train R: 0.8638, Train RRSE: 0.5214, Test Loss: 501.7102, Test Node Loss: 3.2509, Test Reg Loss: 4.9846, Test MAPE: 12.8043, Test R: 0.8212, Test RRSE: 0.7904
2025-02-10 15:24:43,394:INFO:Epoch 67: Train Loss: 187.5443, Train Node Loss: 3.2347, Train Reg Loss: 1.8431, Train MAPE: 11.7090, Train R: 0.8299, Train RRSE: 0.5663, Test Loss: 279.7717, Test Node Loss: 3.4660, Test Reg Loss: 2.7631, Test MAPE: 12.4237, Test R: 0.8250, Test RRSE: 0.5885
2025-02-10 15:25:04,695:INFO:Epoch 68: Train Loss: 151.0693, Train Node Loss: 3.1713, Train Reg Loss: 1.4790, Train MAPE: 11.4551, Train R: 0.8682, Train RRSE: 0.5073, Test Loss: 365.9199, Test Node Loss: 2.7028, Test Reg Loss: 3.6322, Test MAPE: 12.1913, Test R: 0.8260, Test RRSE: 0.6747
2025-02-10 15:25:25,973:INFO:Epoch 69: Train Loss: 169.3451, Train Node Loss: 2.9813, Train Reg Loss: 1.6636, Train MAPE: 11.5560, Train R: 0.8461, Train RRSE: 0.5381, Test Loss: 497.0465, Test Node Loss: 2.5554, Test Reg Loss: 4.9449, Test MAPE: 12.9624, Test R: 0.8287, Test RRSE: 0.7873
2025-02-10 15:25:47,119:INFO:Epoch 70: Train Loss: 153.7233, Train Node Loss: 2.8187, Train Reg Loss: 1.5090, Train MAPE: 11.6066, Train R: 0.8617, Train RRSE: 0.5125, Test Loss: 301.6703, Test Node Loss: 2.8110, Test Reg Loss: 2.9886, Test MAPE: 12.5832, Test R: 0.8278, Test RRSE: 0.6120
2025-02-10 15:26:08,220:INFO:Epoch 71: Train Loss: 163.1333, Train Node Loss: 2.9429, Train Reg Loss: 1.6019, Train MAPE: 11.8641, Train R: 0.8539, Train RRSE: 0.5280, Test Loss: 1129.5527, Test Node Loss: 1.6200, Test Reg Loss: 11.2793, Test MAPE: 15.3635, Test R: 0.8200, Test RRSE: 1.1890
2025-02-10 15:26:29,432:INFO:Epoch 72: Train Loss: 156.0542, Train Node Loss: 2.5860, Train Reg Loss: 1.5347, Train MAPE: 11.6928, Train R: 0.8599, Train RRSE: 0.5168, Test Loss: 703.2548, Test Node Loss: 2.1175, Test Reg Loss: 7.0114, Test MAPE: 13.3903, Test R: 0.8199, Test RRSE: 0.9374
2025-02-10 15:26:50,544:INFO:Epoch 73: Train Loss: 183.9384, Train Node Loss: 2.8627, Train Reg Loss: 1.8108, Train MAPE: 11.8891, Train R: 0.8308, Train RRSE: 0.5614, Test Loss: 873.2856, Test Node Loss: 1.7054, Test Reg Loss: 8.7158, Test MAPE: 14.2060, Test R: 0.8189, Test RRSE: 1.0452
2025-02-10 15:27:11,662:INFO:Epoch 74: Train Loss: 162.6119, Train Node Loss: 2.2191, Train Reg Loss: 1.6039, Train MAPE: 11.5693, Train R: 0.8584, Train RRSE: 0.5283, Test Loss: 377.6332, Test Node Loss: 2.3201, Test Reg Loss: 3.7531, Test MAPE: 12.2046, Test R: 0.8265, Test RRSE: 0.6859
2025-02-10 15:27:32,870:INFO:Epoch 75: Train Loss: 153.9589, Train Node Loss: 2.5248, Train Reg Loss: 1.5143, Train MAPE: 11.9895, Train R: 0.8628, Train RRSE: 0.5134, Test Loss: 812.9131, Test Node Loss: 1.4644, Test Reg Loss: 8.1145, Test MAPE: 13.9781, Test R: 0.8231, Test RRSE: 1.0085
2025-02-10 15:27:53,962:INFO:Epoch 76: Train Loss: 154.8720, Train Node Loss: 1.9480, Train Reg Loss: 1.5292, Train MAPE: 11.4628, Train R: 0.8649, Train RRSE: 0.5159, Test Loss: 268.3686, Test Node Loss: 2.2334, Test Reg Loss: 2.6614, Test MAPE: 12.5400, Test R: 0.8309, Test RRSE: 0.5775
2025-02-10 15:27:53,994:INFO:Checkpoint saved at best_0.001_0.001_256_SAGE_3_32_0.8309_epoch_76.pth
2025-02-10 15:28:15,160:INFO:Epoch 77: Train Loss: 156.9682, Train Node Loss: 2.0541, Train Reg Loss: 1.5491, Train MAPE: 11.8492, Train R: 0.8560, Train RRSE: 0.5192, Test Loss: 543.1195, Test Node Loss: 1.4333, Test Reg Loss: 5.4169, Test MAPE: 13.1286, Test R: 0.8325, Test RRSE: 0.8240
2025-02-10 15:28:15,189:INFO:Checkpoint saved at best_0.001_0.001_256_SAGE_3_32_0.8325_epoch_77.pth
2025-02-10 15:28:36,100:INFO:Epoch 78: Train Loss: 154.5070, Train Node Loss: 1.9677, Train Reg Loss: 1.5254, Train MAPE: 11.9390, Train R: 0.8610, Train RRSE: 0.5152, Test Loss: 507.2426, Test Node Loss: 1.4303, Test Reg Loss: 5.0581, Test MAPE: 13.1125, Test R: 0.8305, Test RRSE: 0.7962
2025-02-10 15:28:56,862:INFO:Epoch 79: Train Loss: 151.9875, Train Node Loss: 1.6564, Train Reg Loss: 1.5033, Train MAPE: 11.5813, Train R: 0.8625, Train RRSE: 0.5115, Test Loss: 552.6176, Test Node Loss: 1.2682, Test Reg Loss: 5.5135, Test MAPE: 13.4495, Test R: 0.8311, Test RRSE: 0.8313
2025-02-10 15:29:17,681:INFO:Epoch 80: Train Loss: 149.1098, Train Node Loss: 1.6771, Train Reg Loss: 1.4743, Train MAPE: 11.7951, Train R: 0.8635, Train RRSE: 0.5065, Test Loss: 533.4201, Test Node Loss: 1.3269, Test Reg Loss: 5.3209, Test MAPE: 13.1249, Test R: 0.8273, Test RRSE: 0.8166
2025-02-10 15:29:38,696:INFO:Epoch 81: Train Loss: 162.4902, Train Node Loss: 1.6087, Train Reg Loss: 1.6088, Train MAPE: 11.8459, Train R: 0.8487, Train RRSE: 0.5291, Test Loss: 959.1448, Test Node Loss: 0.8877, Test Reg Loss: 9.5826, Test MAPE: 14.4859, Test R: 0.8231, Test RRSE: 1.0959
2025-02-10 15:29:59,732:INFO:Epoch 82: Train Loss: 143.5592, Train Node Loss: 1.4289, Train Reg Loss: 1.4213, Train MAPE: 11.5748, Train R: 0.8725, Train RRSE: 0.4973, Test Loss: 254.4958, Test Node Loss: 1.6622, Test Reg Loss: 2.5283, Test MAPE: 12.6741, Test R: 0.8302, Test RRSE: 0.5629
2025-02-10 15:30:20,593:INFO:Epoch 83: Train Loss: 161.1867, Train Node Loss: 1.5455, Train Reg Loss: 1.5964, Train MAPE: 12.0613, Train R: 0.8505, Train RRSE: 0.5271, Test Loss: 546.0524, Test Node Loss: 1.0438, Test Reg Loss: 5.4501, Test MAPE: 13.0754, Test R: 0.8302, Test RRSE: 0.8265
2025-02-10 15:30:41,560:INFO:Epoch 84: Train Loss: 150.3930, Train Node Loss: 1.5376, Train Reg Loss: 1.4886, Train MAPE: 11.8896, Train R: 0.8645, Train RRSE: 0.5090, Test Loss: 383.3836, Test Node Loss: 1.2102, Test Reg Loss: 3.8217, Test MAPE: 12.6304, Test R: 0.8283, Test RRSE: 0.6921
2025-02-10 15:31:02,288:INFO:Epoch 85: Train Loss: 147.7461, Train Node Loss: 1.3891, Train Reg Loss: 1.4636, Train MAPE: 11.8088, Train R: 0.8641, Train RRSE: 0.5047, Test Loss: 722.0932, Test Node Loss: 0.7534, Test Reg Loss: 7.2134, Test MAPE: 13.6840, Test R: 0.8270, Test RRSE: 0.9508
2025-02-10 15:31:23,213:INFO:Epoch 86: Train Loss: 140.3021, Train Node Loss: 1.1504, Train Reg Loss: 1.3915, Train MAPE: 11.6036, Train R: 0.8756, Train RRSE: 0.4921, Test Loss: 279.0337, Test Node Loss: 1.1015, Test Reg Loss: 2.7793, Test MAPE: 12.6076, Test R: 0.8309, Test RRSE: 0.5902
2025-02-10 15:31:44,214:INFO:Epoch 87: Train Loss: 167.8723, Train Node Loss: 1.2827, Train Reg Loss: 1.6659, Train MAPE: 11.9093, Train R: 0.8507, Train RRSE: 0.5384, Test Loss: 704.2814, Test Node Loss: 0.7467, Test Reg Loss: 7.0353, Test MAPE: 13.7065, Test R: 0.8277, Test RRSE: 0.9390
2025-02-10 15:32:05,077:INFO:Epoch 88: Train Loss: 140.8493, Train Node Loss: 1.0240, Train Reg Loss: 1.3983, Train MAPE: 11.6097, Train R: 0.8791, Train RRSE: 0.4933, Test Loss: 773.8836, Test Node Loss: 0.7174, Test Reg Loss: 7.7317, Test MAPE: 13.9072, Test R: 0.8253, Test RRSE: 0.9844
2025-02-10 15:32:26,120:INFO:Epoch 89: Train Loss: 148.2918, Train Node Loss: 1.1107, Train Reg Loss: 1.4718, Train MAPE: 11.7019, Train R: 0.8656, Train RRSE: 0.5061, Test Loss: 686.2524, Test Node Loss: 0.7021, Test Reg Loss: 6.8555, Test MAPE: 13.6213, Test R: 0.8276, Test RRSE: 0.9269
2025-02-10 15:32:47,220:INFO:Epoch 90: Train Loss: 149.4495, Train Node Loss: 1.0634, Train Reg Loss: 1.4839, Train MAPE: 11.7685, Train R: 0.8630, Train RRSE: 0.5082, Test Loss: 416.5145, Test Node Loss: 0.8222, Test Reg Loss: 4.1569, Test MAPE: 12.9335, Test R: 0.8332, Test RRSE: 0.7218
2025-02-10 15:32:47,262:INFO:Checkpoint saved at best_0.001_0.001_256_SAGE_3_32_0.8332_epoch_90.pth
2025-02-10 15:33:08,314:INFO:Epoch 91: Train Loss: 136.1346, Train Node Loss: 1.1199, Train Reg Loss: 1.3501, Train MAPE: 12.0520, Train R: 0.8767, Train RRSE: 0.4847, Test Loss: 328.6007, Test Node Loss: 0.8492, Test Reg Loss: 3.2775, Test MAPE: 12.6094, Test R: 0.8298, Test RRSE: 0.6409
2025-02-10 15:33:29,419:INFO:Epoch 92: Train Loss: 159.2095, Train Node Loss: 1.0374, Train Reg Loss: 1.5817, Train MAPE: 11.8413, Train R: 0.8517, Train RRSE: 0.5247, Test Loss: 330.1480, Test Node Loss: 0.8934, Test Reg Loss: 3.2925, Test MAPE: 12.5014, Test R: 0.8274, Test RRSE: 0.6424
2025-02-10 15:33:50,587:INFO:Epoch 93: Train Loss: 133.8365, Train Node Loss: 1.0913, Train Reg Loss: 1.3275, Train MAPE: 11.8951, Train R: 0.8787, Train RRSE: 0.4806, Test Loss: 665.9694, Test Node Loss: 0.6328, Test Reg Loss: 6.6534, Test MAPE: 13.5123, Test R: 0.8278, Test RRSE: 0.9132
2025-02-10 15:34:11,727:INFO:Epoch 94: Train Loss: 151.9579, Train Node Loss: 0.9643, Train Reg Loss: 1.5099, Train MAPE: 11.7979, Train R: 0.8602, Train RRSE: 0.5126, Test Loss: 463.0539, Test Node Loss: 0.7379, Test Reg Loss: 4.6232, Test MAPE: 12.7674, Test R: 0.8313, Test RRSE: 0.7612
2025-02-10 15:34:32,856:INFO:Epoch 95: Train Loss: 138.4907, Train Node Loss: 0.9324, Train Reg Loss: 1.3756, Train MAPE: 11.8346, Train R: 0.8734, Train RRSE: 0.4893, Test Loss: 592.8942, Test Node Loss: 0.5788, Test Reg Loss: 5.9232, Test MAPE: 13.2730, Test R: 0.8296, Test RRSE: 0.8616
2025-02-10 15:34:54,020:INFO:Epoch 96: Train Loss: 171.3084, Train Node Loss: 0.9710, Train Reg Loss: 1.7034, Train MAPE: 11.9150, Train R: 0.8417, Train RRSE: 0.5445, Test Loss: 584.5302, Test Node Loss: 0.5312, Test Reg Loss: 5.8400, Test MAPE: 12.8447, Test R: 0.8297, Test RRSE: 0.8555
2025-02-10 15:35:15,214:INFO:Epoch 97: Train Loss: 159.5639, Train Node Loss: 0.8209, Train Reg Loss: 1.5874, Train MAPE: 11.5707, Train R: 0.8552, Train RRSE: 0.5256, Test Loss: 321.3836, Test Node Loss: 0.7164, Test Reg Loss: 3.2067, Test MAPE: 12.8061, Test R: 0.8348, Test RRSE: 0.6340
2025-02-10 15:35:15,244:INFO:Checkpoint saved at best_0.001_0.001_256_SAGE_3_32_0.8348_epoch_97.pth
2025-02-10 15:35:36,476:INFO:Epoch 98: Train Loss: 147.5470, Train Node Loss: 0.8797, Train Reg Loss: 1.4667, Train MAPE: 12.0213, Train R: 0.8636, Train RRSE: 0.5052, Test Loss: 707.1321, Test Node Loss: 0.4613, Test Reg Loss: 7.0667, Test MAPE: 13.7340, Test R: 0.8300, Test RRSE: 0.9411
2025-02-10 15:35:57,647:INFO:Epoch 99: Train Loss: 141.5882, Train Node Loss: 0.7174, Train Reg Loss: 1.4087, Train MAPE: 11.3737, Train R: 0.8814, Train RRSE: 0.4951, Test Loss: 341.9946, Test Node Loss: 0.6541, Test Reg Loss: 3.4134, Test MAPE: 12.1494, Test R: 0.8236, Test RRSE: 0.6541
2025-02-10 15:36:18,707:INFO:Epoch 100: Train Loss: 149.6705, Train Node Loss: 0.9099, Train Reg Loss: 1.4876, Train MAPE: 12.1005, Train R: 0.8764, Train RRSE: 0.5088, Test Loss: 690.3478, Test Node Loss: 0.4069, Test Reg Loss: 6.8994, Test MAPE: 13.5224, Test R: 0.8258, Test RRSE: 0.9299
2025-02-10 15:36:39,835:INFO:Epoch 101: Train Loss: 138.5007, Train Node Loss: 0.6588, Train Reg Loss: 1.3784, Train MAPE: 11.8617, Train R: 0.8748, Train RRSE: 0.4898, Test Loss: 431.0608, Test Node Loss: 0.4376, Test Reg Loss: 4.3062, Test MAPE: 12.8982, Test R: 0.8334, Test RRSE: 0.7347
2025-02-10 15:37:01,047:INFO:Epoch 102: Train Loss: 153.7668, Train Node Loss: 0.6793, Train Reg Loss: 1.5309, Train MAPE: 11.8948, Train R: 0.8595, Train RRSE: 0.5162, Test Loss: 597.1840, Test Node Loss: 0.3692, Test Reg Loss: 5.9681, Test MAPE: 13.2070, Test R: 0.8320, Test RRSE: 0.8649
2025-02-10 15:37:21,981:INFO:Epoch 103: Train Loss: 139.2830, Train Node Loss: 0.6091, Train Reg Loss: 1.3867, Train MAPE: 11.6375, Train R: 0.8756, Train RRSE: 0.4913, Test Loss: 457.3128, Test Node Loss: 0.4092, Test Reg Loss: 4.5690, Test MAPE: 12.7155, Test R: 0.8295, Test RRSE: 0.7567
2025-02-10 15:37:43,199:INFO:Epoch 104: Train Loss: 137.5106, Train Node Loss: 0.5932, Train Reg Loss: 1.3692, Train MAPE: 11.7701, Train R: 0.8746, Train RRSE: 0.4881, Test Loss: 502.2198, Test Node Loss: 0.3612, Test Reg Loss: 5.0186, Test MAPE: 12.8020, Test R: 0.8294, Test RRSE: 0.7931
2025-02-10 15:38:04,382:INFO:Epoch 105: Train Loss: 127.4764, Train Node Loss: 0.5680, Train Reg Loss: 1.2691, Train MAPE: 11.8636, Train R: 0.8846, Train RRSE: 0.4700, Test Loss: 580.0762, Test Node Loss: 0.3488, Test Reg Loss: 5.7973, Test MAPE: 13.2652, Test R: 0.8302, Test RRSE: 0.8524
2025-02-10 15:38:25,492:INFO:Epoch 106: Train Loss: 136.0403, Train Node Loss: 0.6324, Train Reg Loss: 1.3541, Train MAPE: 12.1283, Train R: 0.8781, Train RRSE: 0.4854, Test Loss: 546.3089, Test Node Loss: 0.3435, Test Reg Loss: 5.4597, Test MAPE: 13.1198, Test R: 0.8291, Test RRSE: 0.8272
2025-02-10 15:38:46,698:INFO:Epoch 107: Train Loss: 143.2248, Train Node Loss: 0.5212, Train Reg Loss: 1.4270, Train MAPE: 11.8531, Train R: 0.8704, Train RRSE: 0.4983, Test Loss: 344.9436, Test Node Loss: 0.3667, Test Reg Loss: 3.4458, Test MAPE: 12.8943, Test R: 0.8293, Test RRSE: 0.6572
2025-02-10 15:39:07,875:INFO:Epoch 108: Train Loss: 151.6806, Train Node Loss: 0.6156, Train Reg Loss: 1.5107, Train MAPE: 12.2349, Train R: 0.8672, Train RRSE: 0.5127, Test Loss: 690.9494, Test Node Loss: 0.2666, Test Reg Loss: 6.9068, Test MAPE: 13.7526, Test R: 0.8285, Test RRSE: 0.9304
2025-02-10 15:39:29,007:INFO:Epoch 109: Train Loss: 160.6946, Train Node Loss: 0.3941, Train Reg Loss: 1.6030, Train MAPE: 11.5518, Train R: 0.8779, Train RRSE: 0.5282, Test Loss: 681.9992, Test Node Loss: 0.2465, Test Reg Loss: 6.8175, Test MAPE: 13.3485, Test R: 0.8228, Test RRSE: 0.9244
2025-02-10 15:39:50,137:INFO:Epoch 110: Train Loss: 164.5957, Train Node Loss: 0.5024, Train Reg Loss: 1.6409, Train MAPE: 12.0125, Train R: 0.8688, Train RRSE: 0.5344, Test Loss: 543.5589, Test Node Loss: 0.2080, Test Reg Loss: 5.4335, Test MAPE: 13.0713, Test R: 0.8309, Test RRSE: 0.8252
2025-02-10 15:40:11,360:INFO:Epoch 111: Train Loss: 134.0197, Train Node Loss: 0.3540, Train Reg Loss: 1.3367, Train MAPE: 11.7939, Train R: 0.8820, Train RRSE: 0.4823, Test Loss: 314.2007, Test Node Loss: 0.2298, Test Reg Loss: 3.1397, Test MAPE: 12.7363, Test R: 0.8349, Test RRSE: 0.6273
2025-02-10 15:40:11,387:INFO:Checkpoint saved at best_0.001_0.001_256_SAGE_3_32_0.8349_epoch_111.pth
2025-02-10 15:40:32,527:INFO:Epoch 112: Train Loss: 137.4464, Train Node Loss: 0.3921, Train Reg Loss: 1.3705, Train MAPE: 11.9979, Train R: 0.8789, Train RRSE: 0.4884, Test Loss: 442.6734, Test Node Loss: 0.1928, Test Reg Loss: 4.4248, Test MAPE: 12.8076, Test R: 0.8312, Test RRSE: 0.7447
2025-02-10 15:40:53,639:INFO:Epoch 113: Train Loss: 134.8890, Train Node Loss: 0.3190, Train Reg Loss: 1.3457, Train MAPE: 11.7414, Train R: 0.8832, Train RRSE: 0.4839, Test Loss: 376.0844, Test Node Loss: 0.2004, Test Reg Loss: 3.7588, Test MAPE: 12.8507, Test R: 0.8321, Test RRSE: 0.6864
2025-02-10 15:41:14,761:INFO:Epoch 114: Train Loss: 148.0456, Train Node Loss: 0.3863, Train Reg Loss: 1.4766, Train MAPE: 12.3396, Train R: 0.8723, Train RRSE: 0.5069, Test Loss: 750.8462, Test Node Loss: 0.1338, Test Reg Loss: 7.5071, Test MAPE: 13.9627, Test R: 0.8269, Test RRSE: 0.9700
2025-02-10 15:41:35,916:INFO:Epoch 115: Train Loss: 138.3875, Train Node Loss: 0.2796, Train Reg Loss: 1.3811, Train MAPE: 11.8326, Train R: 0.8797, Train RRSE: 0.4903, Test Loss: 505.1904, Test Node Loss: 0.1563, Test Reg Loss: 5.0503, Test MAPE: 13.1230, Test R: 0.8294, Test RRSE: 0.7956
2025-02-10 15:41:57,103:INFO:Epoch 116: Train Loss: 135.4933, Train Node Loss: 0.3164, Train Reg Loss: 1.3518, Train MAPE: 12.1016, Train R: 0.8771, Train RRSE: 0.4850, Test Loss: 481.0198, Test Node Loss: 0.1524, Test Reg Loss: 4.8087, Test MAPE: 12.9532, Test R: 0.8304, Test RRSE: 0.7763
2025-02-10 15:42:18,283:INFO:Epoch 117: Train Loss: 135.8620, Train Node Loss: 0.2799, Train Reg Loss: 1.3558, Train MAPE: 11.9473, Train R: 0.8751, Train RRSE: 0.4857, Test Loss: 363.4731, Test Node Loss: 0.1558, Test Reg Loss: 3.6332, Test MAPE: 12.6437, Test R: 0.8305, Test RRSE: 0.6748
2025-02-10 15:42:39,345:INFO:Epoch 118: Train Loss: 141.0263, Train Node Loss: 0.2809, Train Reg Loss: 1.4075, Train MAPE: 11.8048, Train R: 0.8711, Train RRSE: 0.4949, Test Loss: 378.8032, Test Node Loss: 0.1392, Test Reg Loss: 3.7866, Test MAPE: 12.5921, Test R: 0.8326, Test RRSE: 0.6889
2025-02-10 15:43:00,562:INFO:Epoch 119: Train Loss: 123.0811, Train Node Loss: 0.2789, Train Reg Loss: 1.2280, Train MAPE: 11.8946, Train R: 0.8875, Train RRSE: 0.4623, Test Loss: 371.5649, Test Node Loss: 0.1568, Test Reg Loss: 3.7141, Test MAPE: 12.9912, Test R: 0.8341, Test RRSE: 0.6823
2025-02-10 15:43:21,789:INFO:Epoch 120: Train Loss: 150.2087, Train Node Loss: 0.2777, Train Reg Loss: 1.4993, Train MAPE: 12.0893, Train R: 0.8600, Train RRSE: 0.5108, Test Loss: 348.8729, Test Node Loss: 0.1621, Test Reg Loss: 3.4871, Test MAPE: 12.8446, Test R: 0.8329, Test RRSE: 0.6611
2025-02-10 15:43:42,915:INFO:Epoch 121: Train Loss: 128.0881, Train Node Loss: 0.2905, Train Reg Loss: 1.2780, Train MAPE: 12.0440, Train R: 0.8828, Train RRSE: 0.4716, Test Loss: 666.4552, Test Node Loss: 0.1134, Test Reg Loss: 6.6634, Test MAPE: 13.5646, Test R: 0.8274, Test RRSE: 0.9139
2025-02-10 15:44:03,968:INFO:Epoch 122: Train Loss: 116.7985, Train Node Loss: 0.2666, Train Reg Loss: 1.1653, Train MAPE: 11.8637, Train R: 0.8948, Train RRSE: 0.4503, Test Loss: 565.2192, Test Node Loss: 0.1271, Test Reg Loss: 5.6509, Test MAPE: 13.0808, Test R: 0.8288, Test RRSE: 0.8416
2025-02-10 15:44:24,936:INFO:Epoch 123: Train Loss: 128.6283, Train Node Loss: 0.2714, Train Reg Loss: 1.2836, Train MAPE: 12.0540, Train R: 0.8815, Train RRSE: 0.4726, Test Loss: 648.3154, Test Node Loss: 0.1101, Test Reg Loss: 6.4821, Test MAPE: 13.7599, Test R: 0.8344, Test RRSE: 0.9013
2025-02-10 15:44:46,119:INFO:Epoch 124: Train Loss: 135.5380, Train Node Loss: 0.2497, Train Reg Loss: 1.3529, Train MAPE: 11.7655, Train R: 0.8763, Train RRSE: 0.4852, Test Loss: 285.5389, Test Node Loss: 0.1554, Test Reg Loss: 2.8538, Test MAPE: 12.7300, Test R: 0.8340, Test RRSE: 0.5981
2025-02-10 15:45:07,272:INFO:Epoch 125: Train Loss: 149.3095, Train Node Loss: 0.2715, Train Reg Loss: 1.4904, Train MAPE: 12.0514, Train R: 0.8625, Train RRSE: 0.5093, Test Loss: 577.2012, Test Node Loss: 0.1138, Test Reg Loss: 5.7709, Test MAPE: 13.2026, Test R: 0.8341, Test RRSE: 0.8505
2025-02-10 15:45:28,481:INFO:Epoch 126: Train Loss: 124.8298, Train Node Loss: 0.2581, Train Reg Loss: 1.2457, Train MAPE: 12.0366, Train R: 0.8853, Train RRSE: 0.4656, Test Loss: 378.4761, Test Node Loss: 0.1470, Test Reg Loss: 3.7833, Test MAPE: 12.8752, Test R: 0.8345, Test RRSE: 0.6886
2025-02-10 15:45:49,519:INFO:Epoch 127: Train Loss: 138.3593, Train Node Loss: 0.2492, Train Reg Loss: 1.3811, Train MAPE: 11.9796, Train R: 0.8720, Train RRSE: 0.4903, Test Loss: 538.9044, Test Node Loss: 0.1178, Test Reg Loss: 5.3879, Test MAPE: 13.3474, Test R: 0.8305, Test RRSE: 0.8218
2025-02-10 15:46:10,757:INFO:Epoch 128: Train Loss: 132.0925, Train Node Loss: 0.2577, Train Reg Loss: 1.3183, Train MAPE: 12.1224, Train R: 0.8801, Train RRSE: 0.4790, Test Loss: 505.5788, Test Node Loss: 0.1100, Test Reg Loss: 5.0547, Test MAPE: 13.2686, Test R: 0.8292, Test RRSE: 0.7959
2025-02-10 15:46:31,974:INFO:Epoch 129: Train Loss: 128.7456, Train Node Loss: 0.2300, Train Reg Loss: 1.2852, Train MAPE: 11.8352, Train R: 0.8835, Train RRSE: 0.4729, Test Loss: 463.0913, Test Node Loss: 0.1173, Test Reg Loss: 4.6297, Test MAPE: 13.0337, Test R: 0.8304, Test RRSE: 0.7618
2025-02-10 15:46:53,194:INFO:Epoch 130: Train Loss: 127.6555, Train Node Loss: 0.2472, Train Reg Loss: 1.2741, Train MAPE: 12.0690, Train R: 0.8837, Train RRSE: 0.4709, Test Loss: 710.5198, Test Node Loss: 0.0906, Test Reg Loss: 7.1043, Test MAPE: 14.0399, Test R: 0.8320, Test RRSE: 0.9436
2025-02-10 15:47:14,465:INFO:Epoch 131: Train Loss: 123.1611, Train Node Loss: 0.2255, Train Reg Loss: 1.2294, Train MAPE: 11.9350, Train R: 0.8874, Train RRSE: 0.4625, Test Loss: 538.2228, Test Node Loss: 0.1033, Test Reg Loss: 5.3812, Test MAPE: 13.2889, Test R: 0.8315, Test RRSE: 0.8212
2025-02-10 15:47:35,597:INFO:Epoch 132: Train Loss: 137.3722, Train Node Loss: 0.2284, Train Reg Loss: 1.3714, Train MAPE: 12.1392, Train R: 0.8729, Train RRSE: 0.4885, Test Loss: 388.6990, Test Node Loss: 0.1266, Test Reg Loss: 3.8857, Test MAPE: 13.1039, Test R: 0.8331, Test RRSE: 0.6979
2025-02-10 15:47:56,820:INFO:Epoch 133: Train Loss: 129.3460, Train Node Loss: 0.2566, Train Reg Loss: 1.2909, Train MAPE: 12.1040, Train R: 0.8847, Train RRSE: 0.4740, Test Loss: 649.8284, Test Node Loss: 0.1012, Test Reg Loss: 6.4973, Test MAPE: 13.7215, Test R: 0.8347, Test RRSE: 0.9024
2025-02-10 15:48:18,123:INFO:Epoch 134: Train Loss: 154.2376, Train Node Loss: 0.2106, Train Reg Loss: 1.5403, Train MAPE: 11.8327, Train R: 0.8660, Train RRSE: 0.5177, Test Loss: 381.4698, Test Node Loss: 0.1340, Test Reg Loss: 3.8134, Test MAPE: 12.9009, Test R: 0.8303, Test RRSE: 0.6913
2025-02-10 15:48:39,341:INFO:Epoch 135: Train Loss: 149.9623, Train Node Loss: 0.2585, Train Reg Loss: 1.4970, Train MAPE: 12.3293, Train R: 0.8736, Train RRSE: 0.5104, Test Loss: 700.0086, Test Node Loss: 0.0770, Test Reg Loss: 6.9993, Test MAPE: 13.9792, Test R: 0.8289, Test RRSE: 0.9366
2025-02-10 15:49:00,460:INFO:Epoch 136: Train Loss: 142.4268, Train Node Loss: 0.1755, Train Reg Loss: 1.4225, Train MAPE: 11.6627, Train R: 0.8790, Train RRSE: 0.4976, Test Loss: 413.9460, Test Node Loss: 0.0859, Test Reg Loss: 4.1386, Test MAPE: 12.6576, Test R: 0.8264, Test RRSE: 0.7202
2025-02-10 15:49:21,618:INFO:Epoch 137: Train Loss: 126.9249, Train Node Loss: 0.1939, Train Reg Loss: 1.2673, Train MAPE: 11.9656, Train R: 0.8859, Train RRSE: 0.4696, Test Loss: 447.2046, Test Node Loss: 0.0824, Test Reg Loss: 4.4712, Test MAPE: 13.0407, Test R: 0.8283, Test RRSE: 0.7486
2025-02-10 15:49:42,740:INFO:Epoch 138: Train Loss: 143.2034, Train Node Loss: 0.1768, Train Reg Loss: 1.4303, Train MAPE: 12.0135, Train R: 0.8676, Train RRSE: 0.4989, Test Loss: 582.3762, Test Node Loss: 0.0655, Test Reg Loss: 5.8231, Test MAPE: 13.4156, Test R: 0.8286, Test RRSE: 0.8543
2025-02-10 15:50:04,192:INFO:Epoch 139: Train Loss: 139.0424, Train Node Loss: 0.1949, Train Reg Loss: 1.3885, Train MAPE: 12.0130, Train R: 0.8742, Train RRSE: 0.4916, Test Loss: 523.4464, Test Node Loss: 0.0803, Test Reg Loss: 5.2337, Test MAPE: 13.1105, Test R: 0.8303, Test RRSE: 0.8099
2025-02-10 15:50:25,393:INFO:Epoch 140: Train Loss: 129.4312, Train Node Loss: 0.1686, Train Reg Loss: 1.2926, Train MAPE: 11.8205, Train R: 0.8828, Train RRSE: 0.4743, Test Loss: 709.8884, Test Node Loss: 0.0604, Test Reg Loss: 7.0983, Test MAPE: 13.9814, Test R: 0.8338, Test RRSE: 0.9432
2025-02-10 15:50:46,663:INFO:Epoch 141: Train Loss: 120.5167, Train Node Loss: 0.1727, Train Reg Loss: 1.2034, Train MAPE: 12.0006, Train R: 0.8895, Train RRSE: 0.4576, Test Loss: 355.1600, Test Node Loss: 0.0859, Test Reg Loss: 3.5507, Test MAPE: 12.7461, Test R: 0.8317, Test RRSE: 0.6671
2025-02-10 15:51:07,848:INFO:Epoch 142: Train Loss: 135.7395, Train Node Loss: 0.1614, Train Reg Loss: 1.3558, Train MAPE: 11.9552, Train R: 0.8763, Train RRSE: 0.4857, Test Loss: 446.3137, Test Node Loss: 0.0719, Test Reg Loss: 4.4624, Test MAPE: 12.7766, Test R: 0.8272, Test RRSE: 0.7479
2025-02-10 15:51:29,123:INFO:Epoch 143: Train Loss: 132.9623, Train Node Loss: 0.1755, Train Reg Loss: 1.3279, Train MAPE: 12.0366, Train R: 0.8836, Train RRSE: 0.4807, Test Loss: 643.4845, Test Node Loss: 0.0553, Test Reg Loss: 6.4343, Test MAPE: 13.4349, Test R: 0.8248, Test RRSE: 0.8980
2025-02-10 15:51:50,163:INFO:Epoch 144: Train Loss: 120.9806, Train Node Loss: 0.1449, Train Reg Loss: 1.2084, Train MAPE: 12.0969, Train R: 0.8905, Train RRSE: 0.4586, Test Loss: 613.9907, Test Node Loss: 0.0571, Test Reg Loss: 6.1393, Test MAPE: 13.7142, Test R: 0.8310, Test RRSE: 0.8772
2025-02-10 15:52:11,122:INFO:Epoch 145: Train Loss: 134.8327, Train Node Loss: 0.1579, Train Reg Loss: 1.3467, Train MAPE: 12.2283, Train R: 0.8782, Train RRSE: 0.4841, Test Loss: 832.7550, Test Node Loss: 0.0512, Test Reg Loss: 8.3270, Test MAPE: 14.6098, Test R: 0.8317, Test RRSE: 1.0216
2025-02-10 15:52:32,255:INFO:Epoch 146: Train Loss: 128.3553, Train Node Loss: 0.1327, Train Reg Loss: 1.2822, Train MAPE: 11.9052, Train R: 0.8890, Train RRSE: 0.4724, Test Loss: 371.6981, Test Node Loss: 0.0639, Test Reg Loss: 3.7163, Test MAPE: 12.7991, Test R: 0.8306, Test RRSE: 0.6825
2025-02-10 15:52:53,396:INFO:Epoch 147: Train Loss: 144.3464, Train Node Loss: 0.1487, Train Reg Loss: 1.4420, Train MAPE: 12.0156, Train R: 0.8664, Train RRSE: 0.5009, Test Loss: 465.6655, Test Node Loss: 0.0606, Test Reg Loss: 4.6560, Test MAPE: 13.1822, Test R: 0.8339, Test RRSE: 0.7639
2025-02-10 15:53:14,719:INFO:Epoch 148: Train Loss: 122.6034, Train Node Loss: 0.1489, Train Reg Loss: 1.2245, Train MAPE: 12.1002, Train R: 0.8874, Train RRSE: 0.4616, Test Loss: 339.0044, Test Node Loss: 0.0687, Test Reg Loss: 3.3894, Test MAPE: 12.7955, Test R: 0.8300, Test RRSE: 0.6518
2025-02-10 15:53:35,853:INFO:Epoch 149: Train Loss: 125.6414, Train Node Loss: 0.1528, Train Reg Loss: 1.2549, Train MAPE: 12.1542, Train R: 0.8846, Train RRSE: 0.4673, Test Loss: 518.2835, Test Node Loss: 0.0604, Test Reg Loss: 5.1822, Test MAPE: 13.3394, Test R: 0.8300, Test RRSE: 0.8059
2025-02-10 15:53:56,666:INFO:Epoch 150: Train Loss: 119.3442, Train Node Loss: 0.1481, Train Reg Loss: 1.1920, Train MAPE: 11.9494, Train R: 0.8911, Train RRSE: 0.4554, Test Loss: 395.3928, Test Node Loss: 0.0595, Test Reg Loss: 3.9533, Test MAPE: 12.7864, Test R: 0.8318, Test RRSE: 0.7039
2025-02-10 15:54:17,875:INFO:Epoch 151: Train Loss: 126.7561, Train Node Loss: 0.1485, Train Reg Loss: 1.2661, Train MAPE: 11.8374, Train R: 0.8850, Train RRSE: 0.4694, Test Loss: 389.1033, Test Node Loss: 0.0601, Test Reg Loss: 3.8904, Test MAPE: 12.7900, Test R: 0.8312, Test RRSE: 0.6983
2025-02-10 15:54:38,988:INFO:Epoch 152: Train Loss: 145.3569, Train Node Loss: 0.1418, Train Reg Loss: 1.4522, Train MAPE: 11.8290, Train R: 0.8666, Train RRSE: 0.5027, Test Loss: 332.7385, Test Node Loss: 0.0656, Test Reg Loss: 3.3267, Test MAPE: 12.9205, Test R: 0.8316, Test RRSE: 0.6457
2025-02-10 15:55:00,260:INFO:Epoch 153: Train Loss: 155.9368, Train Node Loss: 0.1624, Train Reg Loss: 1.5577, Train MAPE: 12.3752, Train R: 0.8620, Train RRSE: 0.5207, Test Loss: 1284.1094, Test Node Loss: 0.0395, Test Reg Loss: 12.8407, Test MAPE: 16.3334, Test R: 0.8290, Test RRSE: 1.2686
2025-02-10 15:55:21,491:INFO:Epoch 154: Train Loss: 153.0861, Train Node Loss: 0.1326, Train Reg Loss: 1.5295, Train MAPE: 11.8727, Train R: 0.8606, Train RRSE: 0.5159, Test Loss: 654.9431, Test Node Loss: 0.0553, Test Reg Loss: 6.5489, Test MAPE: 13.5894, Test R: 0.8304, Test RRSE: 0.9060
2025-02-10 15:55:42,405:INFO:Epoch 155: Train Loss: 134.0278, Train Node Loss: 0.1431, Train Reg Loss: 1.3388, Train MAPE: 12.0424, Train R: 0.8763, Train RRSE: 0.4827, Test Loss: 338.5437, Test Node Loss: 0.0576, Test Reg Loss: 3.3849, Test MAPE: 12.6190, Test R: 0.8336, Test RRSE: 0.6513
2025-02-10 15:56:03,634:INFO:Epoch 156: Train Loss: 127.9117, Train Node Loss: 0.1354, Train Reg Loss: 1.2778, Train MAPE: 11.7049, Train R: 0.8839, Train RRSE: 0.4716, Test Loss: 290.8906, Test Node Loss: 0.0593, Test Reg Loss: 2.9083, Test MAPE: 12.6488, Test R: 0.8295, Test RRSE: 0.6037
2025-02-10 15:56:24,831:INFO:Epoch 157: Train Loss: 130.7368, Train Node Loss: 0.1380, Train Reg Loss: 1.3060, Train MAPE: 11.9461, Train R: 0.8798, Train RRSE: 0.4767, Test Loss: 332.8103, Test Node Loss: 0.0614, Test Reg Loss: 3.3275, Test MAPE: 12.8927, Test R: 0.8350, Test RRSE: 0.6458
2025-02-10 15:56:24,870:INFO:Checkpoint saved at best_0.001_0.001_256_SAGE_3_32_0.8350_epoch_157.pth
2025-02-10 15:56:46,096:INFO:Epoch 158: Train Loss: 131.9024, Train Node Loss: 0.1361, Train Reg Loss: 1.3177, Train MAPE: 11.8592, Train R: 0.8798, Train RRSE: 0.4789, Test Loss: 335.6433, Test Node Loss: 0.0579, Test Reg Loss: 3.3559, Test MAPE: 12.9838, Test R: 0.8389, Test RRSE: 0.6485
2025-02-10 15:56:46,121:INFO:Checkpoint saved at best_0.001_0.001_256_SAGE_3_32_0.8389_epoch_158.pth
2025-02-10 15:57:07,365:INFO:Epoch 159: Train Loss: 122.6200, Train Node Loss: 0.1380, Train Reg Loss: 1.2248, Train MAPE: 12.1105, Train R: 0.8881, Train RRSE: 0.4617, Test Loss: 359.0932, Test Node Loss: 0.0534, Test Reg Loss: 3.5904, Test MAPE: 12.6977, Test R: 0.8336, Test RRSE: 0.6708
2025-02-10 15:57:28,346:INFO:Epoch 160: Train Loss: 144.3177, Train Node Loss: 0.1271, Train Reg Loss: 1.4419, Train MAPE: 11.8010, Train R: 0.8664, Train RRSE: 0.5009, Test Loss: 464.6304, Test Node Loss: 0.0515, Test Reg Loss: 4.6458, Test MAPE: 12.8799, Test R: 0.8307, Test RRSE: 0.7631
2025-02-10 15:57:49,492:INFO:Epoch 161: Train Loss: 132.9906, Train Node Loss: 0.1286, Train Reg Loss: 1.3286, Train MAPE: 11.9440, Train R: 0.8785, Train RRSE: 0.4808, Test Loss: 413.3127, Test Node Loss: 0.0545, Test Reg Loss: 4.1326, Test MAPE: 12.7549, Test R: 0.8290, Test RRSE: 0.7197
2025-02-10 15:58:10,562:INFO:Epoch 162: Train Loss: 140.7720, Train Node Loss: 0.1446, Train Reg Loss: 1.4063, Train MAPE: 12.2561, Train R: 0.8789, Train RRSE: 0.4947, Test Loss: 788.8315, Test Node Loss: 0.0404, Test Reg Loss: 7.8879, Test MAPE: 14.2647, Test R: 0.8308, Test RRSE: 0.9943
2025-02-10 15:58:31,747:INFO:Epoch 163: Train Loss: 132.0440, Train Node Loss: 0.1094, Train Reg Loss: 1.3193, Train MAPE: 11.7290, Train R: 0.8903, Train RRSE: 0.4792, Test Loss: 474.2187, Test Node Loss: 0.0463, Test Reg Loss: 4.7417, Test MAPE: 12.7545, Test R: 0.8288, Test RRSE: 0.7709
2025-02-10 15:58:52,852:INFO:Epoch 164: Train Loss: 129.9452, Train Node Loss: 0.1301, Train Reg Loss: 1.2982, Train MAPE: 12.2633, Train R: 0.8920, Train RRSE: 0.4753, Test Loss: 634.5751, Test Node Loss: 0.0411, Test Reg Loss: 6.3453, Test MAPE: 13.7348, Test R: 0.8322, Test RRSE: 0.8918
2025-02-10 15:59:14,144:INFO:Epoch 165: Train Loss: 142.8091, Train Node Loss: 0.1077, Train Reg Loss: 1.4270, Train MAPE: 11.7445, Train R: 0.8701, Train RRSE: 0.4983, Test Loss: 330.5871, Test Node Loss: 0.0462, Test Reg Loss: 3.3054, Test MAPE: 12.8538, Test R: 0.8303, Test RRSE: 0.6436
2025-02-10 15:59:35,324:INFO:Epoch 166: Train Loss: 129.7902, Train Node Loss: 0.1091, Train Reg Loss: 1.2968, Train MAPE: 12.0937, Train R: 0.8801, Train RRSE: 0.4751, Test Loss: 358.6407, Test Node Loss: 0.0424, Test Reg Loss: 3.5860, Test MAPE: 12.9132, Test R: 0.8327, Test RRSE: 0.6704
2025-02-10 15:59:56,502:INFO:Epoch 167: Train Loss: 133.5432, Train Node Loss: 0.1121, Train Reg Loss: 1.3343, Train MAPE: 12.0976, Train R: 0.8779, Train RRSE: 0.4819, Test Loss: 581.5241, Test Node Loss: 0.0355, Test Reg Loss: 5.8149, Test MAPE: 13.4754, Test R: 0.8342, Test RRSE: 0.8537
2025-02-10 16:00:17,603:INFO:Epoch 168: Train Loss: 121.9696, Train Node Loss: 0.1039, Train Reg Loss: 1.2187, Train MAPE: 11.8380, Train R: 0.8901, Train RRSE: 0.4605, Test Loss: 490.1697, Test Node Loss: 0.0401, Test Reg Loss: 4.9013, Test MAPE: 13.1645, Test R: 0.8303, Test RRSE: 0.7838
2025-02-10 16:00:38,801:INFO:Epoch 169: Train Loss: 119.0989, Train Node Loss: 0.1111, Train Reg Loss: 1.1899, Train MAPE: 12.0473, Train R: 0.8910, Train RRSE: 0.4551, Test Loss: 416.4415, Test Node Loss: 0.0439, Test Reg Loss: 4.1640, Test MAPE: 13.1035, Test R: 0.8324, Test RRSE: 0.7224
2025-02-10 16:00:59,976:INFO:Epoch 170: Train Loss: 130.4282, Train Node Loss: 0.1140, Train Reg Loss: 1.3031, Train MAPE: 11.9176, Train R: 0.8799, Train RRSE: 0.4762, Test Loss: 293.0083, Test Node Loss: 0.0522, Test Reg Loss: 2.9296, Test MAPE: 12.8367, Test R: 0.8304, Test RRSE: 0.6060
2025-02-10 16:01:21,114:INFO:Epoch 171: Train Loss: 128.3815, Train Node Loss: 0.1233, Train Reg Loss: 1.2826, Train MAPE: 12.1668, Train R: 0.8845, Train RRSE: 0.4724, Test Loss: 520.3015, Test Node Loss: 0.0407, Test Reg Loss: 5.2026, Test MAPE: 13.3809, Test R: 0.8327, Test RRSE: 0.8075
2025-02-10 16:01:42,301:INFO:Epoch 172: Train Loss: 121.5974, Train Node Loss: 0.1090, Train Reg Loss: 1.2149, Train MAPE: 12.0403, Train R: 0.8896, Train RRSE: 0.4598, Test Loss: 425.5204, Test Node Loss: 0.0445, Test Reg Loss: 4.2548, Test MAPE: 12.9636, Test R: 0.8330, Test RRSE: 0.7303
2025-02-10 16:02:03,431:INFO:Epoch 173: Train Loss: 156.3123, Train Node Loss: 0.1064, Train Reg Loss: 1.5621, Train MAPE: 11.7265, Train R: 0.8548, Train RRSE: 0.5214, Test Loss: 500.8962, Test Node Loss: 0.0406, Test Reg Loss: 5.0086, Test MAPE: 13.2430, Test R: 0.8311, Test RRSE: 0.7923
2025-02-10 16:02:24,681:INFO:Epoch 174: Train Loss: 130.6404, Train Node Loss: 0.1191, Train Reg Loss: 1.3052, Train MAPE: 12.2269, Train R: 0.8852, Train RRSE: 0.4766, Test Loss: 484.9207, Test Node Loss: 0.0398, Test Reg Loss: 4.8488, Test MAPE: 13.1476, Test R: 0.8331, Test RRSE: 0.7796
2025-02-10 16:02:45,900:INFO:Epoch 175: Train Loss: 132.7671, Train Node Loss: 0.1013, Train Reg Loss: 1.3267, Train MAPE: 12.0318, Train R: 0.8826, Train RRSE: 0.4805, Test Loss: 245.5515, Test Node Loss: 0.0509, Test Reg Loss: 2.4550, Test MAPE: 12.8484, Test R: 0.8330, Test RRSE: 0.5547
2025-02-10 16:03:07,126:INFO:Epoch 176: Train Loss: 133.3524, Train Node Loss: 0.1093, Train Reg Loss: 1.3324, Train MAPE: 12.0386, Train R: 0.8812, Train RRSE: 0.4815, Test Loss: 621.7947, Test Node Loss: 0.0335, Test Reg Loss: 6.2176, Test MAPE: 13.3570, Test R: 0.8273, Test RRSE: 0.8828
2025-02-10 16:03:28,360:INFO:Epoch 177: Train Loss: 124.4667, Train Node Loss: 0.0957, Train Reg Loss: 1.2437, Train MAPE: 11.7684, Train R: 0.8888, Train RRSE: 0.4652, Test Loss: 549.2379, Test Node Loss: 0.0399, Test Reg Loss: 5.4920, Test MAPE: 13.4689, Test R: 0.8315, Test RRSE: 0.8297
2025-02-10 16:03:49,581:INFO:Epoch 178: Train Loss: 138.7310, Train Node Loss: 0.1047, Train Reg Loss: 1.3863, Train MAPE: 12.1712, Train R: 0.8744, Train RRSE: 0.4912, Test Loss: 491.8390, Test Node Loss: 0.0356, Test Reg Loss: 4.9180, Test MAPE: 13.2258, Test R: 0.8341, Test RRSE: 0.7851
2025-02-10 16:04:10,696:INFO:Epoch 179: Train Loss: 142.6162, Train Node Loss: 0.0932, Train Reg Loss: 1.4252, Train MAPE: 11.9155, Train R: 0.8694, Train RRSE: 0.4980, Test Loss: 340.3602, Test Node Loss: 0.0380, Test Reg Loss: 3.4032, Test MAPE: 12.8196, Test R: 0.8330, Test RRSE: 0.6531
2025-02-10 16:04:31,878:INFO:Epoch 180: Train Loss: 124.5597, Train Node Loss: 0.1040, Train Reg Loss: 1.2446, Train MAPE: 12.1998, Train R: 0.8946, Train RRSE: 0.4654, Test Loss: 523.7471, Test Node Loss: 0.0316, Test Reg Loss: 5.2372, Test MAPE: 13.0955, Test R: 0.8297, Test RRSE: 0.8102
2025-02-10 16:04:53,177:INFO:Epoch 181: Train Loss: 139.4319, Train Node Loss: 0.0782, Train Reg Loss: 1.3935, Train MAPE: 11.8059, Train R: 0.8879, Train RRSE: 0.4925, Test Loss: 336.7833, Test Node Loss: 0.0319, Test Reg Loss: 3.3675, Test MAPE: 12.8735, Test R: 0.8305, Test RRSE: 0.6497
2025-02-10 16:05:14,374:INFO:Epoch 182: Train Loss: 139.0644, Train Node Loss: 0.0893, Train Reg Loss: 1.3898, Train MAPE: 12.3700, Train R: 0.8863, Train RRSE: 0.4918, Test Loss: 647.3993, Test Node Loss: 0.0242, Test Reg Loss: 6.4738, Test MAPE: 13.7099, Test R: 0.8337, Test RRSE: 0.9008
2025-02-10 16:05:35,674:INFO:Epoch 183: Train Loss: 147.9860, Train Node Loss: 0.0689, Train Reg Loss: 1.4792, Train MAPE: 12.0223, Train R: 0.8659, Train RRSE: 0.5074, Test Loss: 345.5800, Test Node Loss: 0.0261, Test Reg Loss: 3.4555, Test MAPE: 12.7140, Test R: 0.8318, Test RRSE: 0.6581
2025-02-10 16:05:56,860:INFO:Epoch 184: Train Loss: 118.8575, Train Node Loss: 0.0663, Train Reg Loss: 1.1879, Train MAPE: 11.8550, Train R: 0.8920, Train RRSE: 0.4547, Test Loss: 615.4283, Test Node Loss: 0.0220, Test Reg Loss: 6.1541, Test MAPE: 13.7041, Test R: 0.8330, Test RRSE: 0.8782
2025-02-10 16:06:18,161:INFO:Epoch 185: Train Loss: 122.9256, Train Node Loss: 0.0674, Train Reg Loss: 1.2286, Train MAPE: 12.3951, Train R: 0.8878, Train RRSE: 0.4624, Test Loss: 442.4541, Test Node Loss: 0.0237, Test Reg Loss: 4.4243, Test MAPE: 13.2961, Test R: 0.8351, Test RRSE: 0.7447
2025-02-10 16:06:39,382:INFO:Epoch 186: Train Loss: 111.5736, Train Node Loss: 0.0649, Train Reg Loss: 1.1151, Train MAPE: 12.1218, Train R: 0.8980, Train RRSE: 0.4405, Test Loss: 362.2133, Test Node Loss: 0.0247, Test Reg Loss: 3.6219, Test MAPE: 12.8493, Test R: 0.8302, Test RRSE: 0.6738
2025-02-10 16:07:00,589:INFO:Epoch 187: Train Loss: 113.7588, Train Node Loss: 0.0664, Train Reg Loss: 1.1369, Train MAPE: 11.9952, Train R: 0.8966, Train RRSE: 0.4448, Test Loss: 354.7998, Test Node Loss: 0.0263, Test Reg Loss: 3.5477, Test MAPE: 12.7469, Test R: 0.8338, Test RRSE: 0.6668
2025-02-10 16:07:21,732:INFO:Epoch 188: Train Loss: 120.0362, Train Node Loss: 0.0714, Train Reg Loss: 1.1996, Train MAPE: 12.1559, Train R: 0.8904, Train RRSE: 0.4569, Test Loss: 713.5678, Test Node Loss: 0.0228, Test Reg Loss: 7.1355, Test MAPE: 14.0777, Test R: 0.8321, Test RRSE: 0.9457
2025-02-10 16:07:42,851:INFO:Epoch 189: Train Loss: 126.4003, Train Node Loss: 0.0689, Train Reg Loss: 1.2633, Train MAPE: 12.1368, Train R: 0.8834, Train RRSE: 0.4689, Test Loss: 686.4636, Test Node Loss: 0.0240, Test Reg Loss: 6.8644, Test MAPE: 13.9343, Test R: 0.8295, Test RRSE: 0.9275
2025-02-10 16:08:04,058:INFO:Epoch 190: Train Loss: 132.1005, Train Node Loss: 0.0675, Train Reg Loss: 1.3203, Train MAPE: 11.9262, Train R: 0.8833, Train RRSE: 0.4793, Test Loss: 306.2168, Test Node Loss: 0.0305, Test Reg Loss: 3.0619, Test MAPE: 12.9920, Test R: 0.8339, Test RRSE: 0.6195
2025-02-10 16:08:25,266:INFO:Epoch 191: Train Loss: 137.9261, Train Node Loss: 0.0784, Train Reg Loss: 1.3785, Train MAPE: 12.2030, Train R: 0.8758, Train RRSE: 0.4898, Test Loss: 452.6937, Test Node Loss: 0.0274, Test Reg Loss: 4.5267, Test MAPE: 13.2812, Test R: 0.8304, Test RRSE: 0.7532
2025-02-10 16:08:46,483:INFO:Epoch 192: Train Loss: 114.5641, Train Node Loss: 0.0726, Train Reg Loss: 1.1449, Train MAPE: 11.9590, Train R: 0.8962, Train RRSE: 0.4464, Test Loss: 422.9906, Test Node Loss: 0.0278, Test Reg Loss: 4.2296, Test MAPE: 13.0754, Test R: 0.8285, Test RRSE: 0.7281
2025-02-10 16:09:07,955:INFO:Epoch 193: Train Loss: 132.1883, Train Node Loss: 0.0704, Train Reg Loss: 1.3212, Train MAPE: 12.1140, Train R: 0.8776, Train RRSE: 0.4795, Test Loss: 546.5287, Test Node Loss: 0.0235, Test Reg Loss: 5.4651, Test MAPE: 13.3508, Test R: 0.8341, Test RRSE: 0.8276
2025-02-10 16:09:29,287:INFO:Epoch 194: Train Loss: 116.0151, Train Node Loss: 0.0716, Train Reg Loss: 1.1594, Train MAPE: 12.1930, Train R: 0.8950, Train RRSE: 0.4492, Test Loss: 410.0570, Test Node Loss: 0.0246, Test Reg Loss: 4.1003, Test MAPE: 13.0065, Test R: 0.8354, Test RRSE: 0.7169
2025-02-10 16:09:50,440:INFO:Epoch 195: Train Loss: 134.9714, Train Node Loss: 0.0686, Train Reg Loss: 1.3490, Train MAPE: 11.8684, Train R: 0.8755, Train RRSE: 0.4845, Test Loss: 476.0370, Test Node Loss: 0.0241, Test Reg Loss: 4.7601, Test MAPE: 13.2415, Test R: 0.8322, Test RRSE: 0.7724
2025-02-10 16:10:11,665:INFO:Epoch 196: Train Loss: 115.1492, Train Node Loss: 0.0704, Train Reg Loss: 1.1508, Train MAPE: 11.9252, Train R: 0.8959, Train RRSE: 0.4475, Test Loss: 260.0584, Test Node Loss: 0.0315, Test Reg Loss: 2.6003, Test MAPE: 12.8747, Test R: 0.8312, Test RRSE: 0.5709
2025-02-10 16:10:32,956:INFO:Epoch 197: Train Loss: 129.3334, Train Node Loss: 0.0739, Train Reg Loss: 1.2926, Train MAPE: 12.3050, Train R: 0.8808, Train RRSE: 0.4743, Test Loss: 404.2536, Test Node Loss: 0.0267, Test Reg Loss: 4.0423, Test MAPE: 13.0618, Test R: 0.8310, Test RRSE: 0.7118
2025-02-10 16:10:54,189:INFO:Epoch 198: Train Loss: 127.0465, Train Node Loss: 0.0748, Train Reg Loss: 1.2697, Train MAPE: 12.0860, Train R: 0.8837, Train RRSE: 0.4701, Test Loss: 396.4876, Test Node Loss: 0.0258, Test Reg Loss: 3.9646, Test MAPE: 12.8296, Test R: 0.8292, Test RRSE: 0.7049
2025-02-10 16:11:15,430:INFO:Epoch 199: Train Loss: 131.4906, Train Node Loss: 0.0673, Train Reg Loss: 1.3142, Train MAPE: 11.7351, Train R: 0.8845, Train RRSE: 0.4782, Test Loss: 336.1975, Test Node Loss: 0.0267, Test Reg Loss: 3.3617, Test MAPE: 12.5997, Test R: 0.8293, Test RRSE: 0.6491
2025-02-10 16:11:36,660:INFO:Epoch 200: Train Loss: 133.0781, Train Node Loss: 0.0714, Train Reg Loss: 1.3301, Train MAPE: 12.0766, Train R: 0.8776, Train RRSE: 0.4811, Test Loss: 404.7234, Test Node Loss: 0.0252, Test Reg Loss: 4.0470, Test MAPE: 12.8831, Test R: 0.8324, Test RRSE: 0.7122
2025-02-10 16:11:57,638:INFO:Epoch 201: Train Loss: 114.4231, Train Node Loss: 0.0669, Train Reg Loss: 1.1436, Train MAPE: 12.1006, Train R: 0.8954, Train RRSE: 0.4461, Test Loss: 755.1959, Test Node Loss: 0.0220, Test Reg Loss: 7.5517, Test MAPE: 14.0557, Test R: 0.8262, Test RRSE: 0.9729
2025-02-10 16:12:18,258:INFO:Epoch 202: Train Loss: 132.0245, Train Node Loss: 0.0669, Train Reg Loss: 1.3196, Train MAPE: 12.0501, Train R: 0.8783, Train RRSE: 0.4792, Test Loss: 626.8469, Test Node Loss: 0.0226, Test Reg Loss: 6.2682, Test MAPE: 13.6004, Test R: 0.8274, Test RRSE: 0.8864
2025-02-10 16:12:38,794:INFO:Epoch 203: Train Loss: 124.9450, Train Node Loss: 0.0652, Train Reg Loss: 1.2488, Train MAPE: 11.8621, Train R: 0.8860, Train RRSE: 0.4662, Test Loss: 292.5222, Test Node Loss: 0.0277, Test Reg Loss: 2.9249, Test MAPE: 12.8566, Test R: 0.8293, Test RRSE: 0.6055
2025-02-10 16:12:59,346:INFO:Epoch 204: Train Loss: 116.5473, Train Node Loss: 0.0727, Train Reg Loss: 1.1647, Train MAPE: 12.0463, Train R: 0.8957, Train RRSE: 0.4502, Test Loss: 436.5954, Test Node Loss: 0.0251, Test Reg Loss: 4.3657, Test MAPE: 13.4031, Test R: 0.8379, Test RRSE: 0.7397
2025-02-10 16:13:20,091:INFO:Epoch 205: Train Loss: 140.7699, Train Node Loss: 0.0677, Train Reg Loss: 1.4070, Train MAPE: 12.2252, Train R: 0.8696, Train RRSE: 0.4948, Test Loss: 384.9752, Test Node Loss: 0.0263, Test Reg Loss: 3.8495, Test MAPE: 13.1532, Test R: 0.8367, Test RRSE: 0.6946
2025-02-10 16:13:40,711:INFO:Epoch 206: Train Loss: 131.9846, Train Node Loss: 0.0620, Train Reg Loss: 1.3192, Train MAPE: 11.7898, Train R: 0.8842, Train RRSE: 0.4791, Test Loss: 288.3138, Test Node Loss: 0.0271, Test Reg Loss: 2.8829, Test MAPE: 12.6400, Test R: 0.8266, Test RRSE: 0.6011
2025-02-10 16:14:01,295:INFO:Epoch 207: Train Loss: 202.2359, Train Node Loss: 0.0720, Train Reg Loss: 2.0216, Train MAPE: 12.5923, Train R: 0.8313, Train RRSE: 0.5931, Test Loss: 1242.1027, Test Node Loss: 0.0179, Test Reg Loss: 12.4208, Test MAPE: 16.2808, Test R: 0.8345, Test RRSE: 1.2477
2025-02-10 16:14:21,986:INFO:Epoch 208: Train Loss: 155.8405, Train Node Loss: 0.0497, Train Reg Loss: 1.5579, Train MAPE: 11.7279, Train R: 0.8791, Train RRSE: 0.5207, Test Loss: 358.8344, Test Node Loss: 0.0218, Test Reg Loss: 3.5881, Test MAPE: 12.5809, Test R: 0.8294, Test RRSE: 0.6706
2025-02-10 16:14:42,560:INFO:Epoch 209: Train Loss: 167.1877, Train Node Loss: 0.0544, Train Reg Loss: 1.6713, Train MAPE: 12.3993, Train R: 0.8558, Train RRSE: 0.5393, Test Loss: 639.0979, Test Node Loss: 0.0181, Test Reg Loss: 6.3908, Test MAPE: 13.5732, Test R: 0.8289, Test RRSE: 0.8950
2025-02-10 16:15:03,148:INFO:Epoch 210: Train Loss: 126.3308, Train Node Loss: 0.0434, Train Reg Loss: 1.2629, Train MAPE: 11.6771, Train R: 0.8873, Train RRSE: 0.4688, Test Loss: 314.5860, Test Node Loss: 0.0193, Test Reg Loss: 3.1457, Test MAPE: 12.4138, Test R: 0.8324, Test RRSE: 0.6279
2025-02-10 16:15:23,499:INFO:Epoch 211: Train Loss: 142.5339, Train Node Loss: 0.0460, Train Reg Loss: 1.4249, Train MAPE: 12.0355, Train R: 0.8682, Train RRSE: 0.4980, Test Loss: 291.0971, Test Node Loss: 0.0188, Test Reg Loss: 2.9108, Test MAPE: 12.6925, Test R: 0.8364, Test RRSE: 0.6040
2025-02-10 16:15:43,859:INFO:Epoch 212: Train Loss: 141.6186, Train Node Loss: 0.0459, Train Reg Loss: 1.4157, Train MAPE: 11.8042, Train R: 0.8696, Train RRSE: 0.4964, Test Loss: 247.3306, Test Node Loss: 0.0200, Test Reg Loss: 2.4731, Test MAPE: 12.6835, Test R: 0.8335, Test RRSE: 0.5567
2025-02-10 16:16:04,557:INFO:Epoch 213: Train Loss: 126.4905, Train Node Loss: 0.0455, Train Reg Loss: 1.2644, Train MAPE: 11.9704, Train R: 0.8842, Train RRSE: 0.4691, Test Loss: 281.8552, Test Node Loss: 0.0192, Test Reg Loss: 2.8184, Test MAPE: 12.5245, Test R: 0.8318, Test RRSE: 0.5943
2025-02-10 16:16:24,896:INFO:Epoch 214: Train Loss: 116.0333, Train Node Loss: 0.0469, Train Reg Loss: 1.1599, Train MAPE: 11.9983, Train R: 0.8943, Train RRSE: 0.4493, Test Loss: 347.2631, Test Node Loss: 0.0188, Test Reg Loss: 3.4724, Test MAPE: 12.5769, Test R: 0.8304, Test RRSE: 0.6597
2025-02-10 16:16:45,383:INFO:Epoch 215: Train Loss: 122.4095, Train Node Loss: 0.0463, Train Reg Loss: 1.2236, Train MAPE: 11.8419, Train R: 0.8880, Train RRSE: 0.4615, Test Loss: 393.7380, Test Node Loss: 0.0186, Test Reg Loss: 3.9372, Test MAPE: 12.8548, Test R: 0.8293, Test RRSE: 0.7025
2025-02-10 16:17:05,764:INFO:Epoch 216: Train Loss: 131.8777, Train Node Loss: 0.0478, Train Reg Loss: 1.3183, Train MAPE: 12.2229, Train R: 0.8789, Train RRSE: 0.4790, Test Loss: 739.9066, Test Node Loss: 0.0171, Test Reg Loss: 7.3989, Test MAPE: 13.9817, Test R: 0.8323, Test RRSE: 0.9630
2025-02-10 16:17:26,053:INFO:Epoch 217: Train Loss: 117.6216, Train Node Loss: 0.0446, Train Reg Loss: 1.1758, Train MAPE: 12.1324, Train R: 0.8926, Train RRSE: 0.4523, Test Loss: 424.7404, Test Node Loss: 0.0183, Test Reg Loss: 4.2472, Test MAPE: 12.9355, Test R: 0.8315, Test RRSE: 0.7296
2025-02-10 16:17:46,389:INFO:Epoch 218: Train Loss: 119.7477, Train Node Loss: 0.0464, Train Reg Loss: 1.1970, Train MAPE: 12.2369, Train R: 0.8929, Train RRSE: 0.4564, Test Loss: 532.6996, Test Node Loss: 0.0176, Test Reg Loss: 5.3268, Test MAPE: 13.4643, Test R: 0.8342, Test RRSE: 0.8171
2025-02-10 16:18:06,935:INFO:Epoch 219: Train Loss: 112.5469, Train Node Loss: 0.0429, Train Reg Loss: 1.1250, Train MAPE: 12.0483, Train R: 0.9016, Train RRSE: 0.4425, Test Loss: 289.9595, Test Node Loss: 0.0189, Test Reg Loss: 2.8994, Test MAPE: 12.8338, Test R: 0.8308, Test RRSE: 0.6028
2025-02-10 16:18:27,422:INFO:Epoch 220: Train Loss: 114.5288, Train Node Loss: 0.0456, Train Reg Loss: 1.1448, Train MAPE: 12.2602, Train R: 0.9011, Train RRSE: 0.4464, Test Loss: 447.8318, Test Node Loss: 0.0177, Test Reg Loss: 4.4781, Test MAPE: 13.1381, Test R: 0.8283, Test RRSE: 0.7492
2025-02-10 16:18:48,035:INFO:Epoch 221: Train Loss: 129.2109, Train Node Loss: 0.0423, Train Reg Loss: 1.2917, Train MAPE: 11.9106, Train R: 0.8861, Train RRSE: 0.4741, Test Loss: 421.5124, Test Node Loss: 0.0181, Test Reg Loss: 4.2149, Test MAPE: 13.1790, Test R: 0.8304, Test RRSE: 0.7268
2025-02-10 16:19:08,523:INFO:Epoch 222: Train Loss: 113.1896, Train Node Loss: 0.0438, Train Reg Loss: 1.1315, Train MAPE: 12.2177, Train R: 0.8980, Train RRSE: 0.4437, Test Loss: 626.4534, Test Node Loss: 0.0168, Test Reg Loss: 6.2644, Test MAPE: 13.8177, Test R: 0.8332, Test RRSE: 0.8861
2025-02-10 16:19:28,894:INFO:Epoch 223: Train Loss: 113.5398, Train Node Loss: 0.0427, Train Reg Loss: 1.1350, Train MAPE: 12.1853, Train R: 0.8959, Train RRSE: 0.4444, Test Loss: 451.4148, Test Node Loss: 0.0178, Test Reg Loss: 4.5140, Test MAPE: 13.0985, Test R: 0.8299, Test RRSE: 0.7522
2025-02-10 16:19:49,269:INFO:Epoch 224: Train Loss: 133.7803, Train Node Loss: 0.0444, Train Reg Loss: 1.3374, Train MAPE: 12.0403, Train R: 0.8759, Train RRSE: 0.4824, Test Loss: 652.9707, Test Node Loss: 0.0177, Test Reg Loss: 6.5295, Test MAPE: 14.0157, Test R: 0.8293, Test RRSE: 0.9046
2025-02-10 16:20:09,840:INFO:Epoch 225: Train Loss: 121.2870, Train Node Loss: 0.0441, Train Reg Loss: 1.2124, Train MAPE: 11.8671, Train R: 0.8899, Train RRSE: 0.4593, Test Loss: 570.1106, Test Node Loss: 0.0181, Test Reg Loss: 5.7009, Test MAPE: 13.4669, Test R: 0.8278, Test RRSE: 0.8453
2025-02-10 16:20:30,578:INFO:Epoch 226: Train Loss: 123.9398, Train Node Loss: 0.0469, Train Reg Loss: 1.2389, Train MAPE: 12.1509, Train R: 0.8885, Train RRSE: 0.4643, Test Loss: 332.2425, Test Node Loss: 0.0190, Test Reg Loss: 3.3222, Test MAPE: 12.9604, Test R: 0.8353, Test RRSE: 0.6453
2025-02-10 16:20:51,215:INFO:Epoch 227: Train Loss: 131.2733, Train Node Loss: 0.0442, Train Reg Loss: 1.3123, Train MAPE: 11.8932, Train R: 0.8810, Train RRSE: 0.4779, Test Loss: 269.2918, Test Node Loss: 0.0196, Test Reg Loss: 2.6927, Test MAPE: 12.8393, Test R: 0.8310, Test RRSE: 0.5809
2025-02-10 16:21:11,798:INFO:Epoch 228: Train Loss: 120.6754, Train Node Loss: 0.0449, Train Reg Loss: 1.2063, Train MAPE: 11.9831, Train R: 0.8892, Train RRSE: 0.4582, Test Loss: 471.9356, Test Node Loss: 0.0177, Test Reg Loss: 4.7192, Test MAPE: 12.8879, Test R: 0.8316, Test RRSE: 0.7691
2025-02-10 16:21:32,597:INFO:Epoch 229: Train Loss: 145.3244, Train Node Loss: 0.0467, Train Reg Loss: 1.4528, Train MAPE: 12.4774, Train R: 0.8702, Train RRSE: 0.5028, Test Loss: 598.1070, Test Node Loss: 0.0173, Test Reg Loss: 5.9809, Test MAPE: 13.8379, Test R: 0.8339, Test RRSE: 0.8658
2025-02-10 16:21:53,472:INFO:Epoch 230: Train Loss: 138.0719, Train Node Loss: 0.0414, Train Reg Loss: 1.3803, Train MAPE: 11.8647, Train R: 0.8792, Train RRSE: 0.4901, Test Loss: 286.3593, Test Node Loss: 0.0190, Test Reg Loss: 2.8634, Test MAPE: 12.6195, Test R: 0.8284, Test RRSE: 0.5991
2025-02-10 16:22:14,347:INFO:Epoch 231: Train Loss: 128.2429, Train Node Loss: 0.0464, Train Reg Loss: 1.2820, Train MAPE: 12.2712, Train R: 0.8885, Train RRSE: 0.4723, Test Loss: 697.7522, Test Node Loss: 0.0167, Test Reg Loss: 6.9774, Test MAPE: 14.2978, Test R: 0.8370, Test RRSE: 0.9351
2025-02-10 16:22:35,381:INFO:Epoch 232: Train Loss: 152.2268, Train Node Loss: 0.0423, Train Reg Loss: 1.5218, Train MAPE: 12.2071, Train R: 0.8587, Train RRSE: 0.5146, Test Loss: 405.3190, Test Node Loss: 0.0176, Test Reg Loss: 4.0530, Test MAPE: 13.0745, Test R: 0.8270, Test RRSE: 0.7127
2025-02-10 16:22:56,357:INFO:Epoch 233: Train Loss: 122.4877, Train Node Loss: 0.0399, Train Reg Loss: 1.2245, Train MAPE: 11.7989, Train R: 0.8898, Train RRSE: 0.4616, Test Loss: 754.1953, Test Node Loss: 0.0162, Test Reg Loss: 7.5418, Test MAPE: 14.0710, Test R: 0.8224, Test RRSE: 0.9722
2025-02-10 16:23:17,333:INFO:Epoch 234: Train Loss: 126.0244, Train Node Loss: 0.0399, Train Reg Loss: 1.2598, Train MAPE: 12.0543, Train R: 0.8836, Train RRSE: 0.4682, Test Loss: 323.1515, Test Node Loss: 0.0175, Test Reg Loss: 3.2313, Test MAPE: 12.7493, Test R: 0.8287, Test RRSE: 0.6364
2025-02-10 16:23:38,544:INFO:Epoch 235: Train Loss: 142.2798, Train Node Loss: 0.0394, Train Reg Loss: 1.4224, Train MAPE: 11.9816, Train R: 0.8681, Train RRSE: 0.4975, Test Loss: 263.6508, Test Node Loss: 0.0178, Test Reg Loss: 2.6363, Test MAPE: 12.7772, Test R: 0.8321, Test RRSE: 0.5748
2025-02-10 16:23:59,503:INFO:Epoch 236: Train Loss: 121.9534, Train Node Loss: 0.0413, Train Reg Loss: 1.2191, Train MAPE: 12.1991, Train R: 0.8915, Train RRSE: 0.4606, Test Loss: 611.5871, Test Node Loss: 0.0164, Test Reg Loss: 6.1157, Test MAPE: 13.8574, Test R: 0.8388, Test RRSE: 0.8755
2025-02-10 16:24:20,389:INFO:Epoch 237: Train Loss: 114.1088, Train Node Loss: 0.0385, Train Reg Loss: 1.1407, Train MAPE: 11.9953, Train R: 0.8972, Train RRSE: 0.4455, Test Loss: 486.5380, Test Node Loss: 0.0167, Test Reg Loss: 4.8652, Test MAPE: 13.1107, Test R: 0.8358, Test RRSE: 0.7809
2025-02-10 16:24:41,245:INFO:Epoch 238: Train Loss: 118.0128, Train Node Loss: 0.0394, Train Reg Loss: 1.1797, Train MAPE: 11.9291, Train R: 0.8939, Train RRSE: 0.4531, Test Loss: 384.4944, Test Node Loss: 0.0172, Test Reg Loss: 3.8448, Test MAPE: 12.4006, Test R: 0.8275, Test RRSE: 0.6942
2025-02-10 16:25:02,300:INFO:Epoch 239: Train Loss: 118.9483, Train Node Loss: 0.0413, Train Reg Loss: 1.1891, Train MAPE: 12.1435, Train R: 0.8906, Train RRSE: 0.4549, Test Loss: 444.2618, Test Node Loss: 0.0176, Test Reg Loss: 4.4424, Test MAPE: 13.2222, Test R: 0.8321, Test RRSE: 0.7462
2025-02-10 16:25:23,071:INFO:Epoch 240: Train Loss: 115.7659, Train Node Loss: 0.0426, Train Reg Loss: 1.1572, Train MAPE: 12.1865, Train R: 0.8938, Train RRSE: 0.4488, Test Loss: 367.5948, Test Node Loss: 0.0181, Test Reg Loss: 3.6758, Test MAPE: 12.8311, Test R: 0.8322, Test RRSE: 0.6787
2025-02-10 16:25:44,050:INFO:Epoch 241: Train Loss: 113.8331, Train Node Loss: 0.0420, Train Reg Loss: 1.1379, Train MAPE: 11.9805, Train R: 0.8966, Train RRSE: 0.4450, Test Loss: 313.5267, Test Node Loss: 0.0189, Test Reg Loss: 3.1351, Test MAPE: 12.8408, Test R: 0.8337, Test RRSE: 0.6268
2025-02-10 16:26:04,955:INFO:Epoch 242: Train Loss: 135.3739, Train Node Loss: 0.0449, Train Reg Loss: 1.3533, Train MAPE: 12.2014, Train R: 0.8782, Train RRSE: 0.4853, Test Loss: 548.5346, Test Node Loss: 0.0173, Test Reg Loss: 5.4852, Test MAPE: 13.4421, Test R: 0.8262, Test RRSE: 0.8291
2025-02-10 16:26:25,844:INFO:Epoch 243: Train Loss: 129.9404, Train Node Loss: 0.0421, Train Reg Loss: 1.2990, Train MAPE: 12.0494, Train R: 0.8803, Train RRSE: 0.4755, Test Loss: 680.2766, Test Node Loss: 0.0170, Test Reg Loss: 6.8026, Test MAPE: 13.9551, Test R: 0.8277, Test RRSE: 0.9234
2025-02-10 16:26:46,683:INFO:Epoch 244: Train Loss: 115.3052, Train Node Loss: 0.0418, Train Reg Loss: 1.1526, Train MAPE: 12.1321, Train R: 0.8952, Train RRSE: 0.4479, Test Loss: 438.8556, Test Node Loss: 0.0179, Test Reg Loss: 4.3884, Test MAPE: 13.0758, Test R: 0.8306, Test RRSE: 0.7416
2025-02-10 16:27:07,627:INFO:Epoch 245: Train Loss: 126.5136, Train Node Loss: 0.0410, Train Reg Loss: 1.2647, Train MAPE: 11.9156, Train R: 0.8859, Train RRSE: 0.4691, Test Loss: 397.0394, Test Node Loss: 0.0178, Test Reg Loss: 3.9702, Test MAPE: 12.8632, Test R: 0.8278, Test RRSE: 0.7054
2025-02-10 16:27:28,561:INFO:Epoch 246: Train Loss: 126.0467, Train Node Loss: 0.0433, Train Reg Loss: 1.2600, Train MAPE: 12.2877, Train R: 0.8886, Train RRSE: 0.4683, Test Loss: 666.6631, Test Node Loss: 0.0165, Test Reg Loss: 6.6665, Test MAPE: 14.0400, Test R: 0.8297, Test RRSE: 0.9141
2025-02-10 16:27:49,431:INFO:Epoch 247: Train Loss: 118.1792, Train Node Loss: 0.0397, Train Reg Loss: 1.1814, Train MAPE: 12.0174, Train R: 0.8972, Train RRSE: 0.4534, Test Loss: 294.1360, Test Node Loss: 0.0182, Test Reg Loss: 2.9412, Test MAPE: 12.5598, Test R: 0.8312, Test RRSE: 0.6072
2025-02-10 16:28:10,327:INFO:Epoch 248: Train Loss: 146.5542, Train Node Loss: 0.0418, Train Reg Loss: 1.4651, Train MAPE: 12.4484, Train R: 0.8694, Train RRSE: 0.5049, Test Loss: 306.9093, Test Node Loss: 0.0172, Test Reg Loss: 3.0689, Test MAPE: 12.8797, Test R: 0.8297, Test RRSE: 0.6202
2025-02-10 16:28:31,250:INFO:Epoch 249: Train Loss: 123.9592, Train Node Loss: 0.0394, Train Reg Loss: 1.2392, Train MAPE: 12.0814, Train R: 0.8859, Train RRSE: 0.4644, Test Loss: 292.2131, Test Node Loss: 0.0174, Test Reg Loss: 2.9220, Test MAPE: 12.9906, Test R: 0.8353, Test RRSE: 0.6052
2025-02-10 16:28:52,250:INFO:Epoch 250: Train Loss: 132.8702, Train Node Loss: 0.0394, Train Reg Loss: 1.3283, Train MAPE: 12.0542, Train R: 0.8783, Train RRSE: 0.4808, Test Loss: 559.4939, Test Node Loss: 0.0161, Test Reg Loss: 5.5948, Test MAPE: 13.4984, Test R: 0.8369, Test RRSE: 0.8374
2025-02-10 16:29:13,187:INFO:Epoch 251: Train Loss: 121.8072, Train Node Loss: 0.0380, Train Reg Loss: 1.2177, Train MAPE: 12.0862, Train R: 0.8896, Train RRSE: 0.4603, Test Loss: 291.4949, Test Node Loss: 0.0177, Test Reg Loss: 2.9148, Test MAPE: 12.6479, Test R: 0.8314, Test RRSE: 0.6044
2025-02-10 16:29:33,989:INFO:Epoch 252: Train Loss: 137.8970, Train Node Loss: 0.0381, Train Reg Loss: 1.3786, Train MAPE: 11.9913, Train R: 0.8730, Train RRSE: 0.4898, Test Loss: 308.7255, Test Node Loss: 0.0173, Test Reg Loss: 3.0871, Test MAPE: 12.5446, Test R: 0.8327, Test RRSE: 0.6220
2025-02-10 16:29:55,066:INFO:Epoch 253: Train Loss: 123.5295, Train Node Loss: 0.0415, Train Reg Loss: 1.2349, Train MAPE: 12.4921, Train R: 0.8946, Train RRSE: 0.4636, Test Loss: 650.8991, Test Node Loss: 0.0161, Test Reg Loss: 6.5088, Test MAPE: 13.7228, Test R: 0.8328, Test RRSE: 0.9032
2025-02-10 16:30:16,119:INFO:Epoch 254: Train Loss: 126.3732, Train Node Loss: 0.0352, Train Reg Loss: 1.2634, Train MAPE: 11.8672, Train R: 0.8897, Train RRSE: 0.4689, Test Loss: 500.8684, Test Node Loss: 0.0164, Test Reg Loss: 5.0085, Test MAPE: 13.0768, Test R: 0.8298, Test RRSE: 0.7923
2025-02-10 16:30:37,140:INFO:Epoch 255: Train Loss: 126.7257, Train Node Loss: 0.0363, Train Reg Loss: 1.2669, Train MAPE: 12.0490, Train R: 0.8834, Train RRSE: 0.4695, Test Loss: 265.2493, Test Node Loss: 0.0177, Test Reg Loss: 2.6523, Test MAPE: 12.8540, Test R: 0.8304, Test RRSE: 0.5766
2025-02-10 16:30:58,086:INFO:Epoch 256: Train Loss: 127.2659, Train Node Loss: 0.0395, Train Reg Loss: 1.2723, Train MAPE: 12.3816, Train R: 0.8926, Train RRSE: 0.4705, Test Loss: 559.5062, Test Node Loss: 0.0160, Test Reg Loss: 5.5949, Test MAPE: 13.4381, Test R: 0.8279, Test RRSE: 0.8374
2025-02-10 16:31:18,982:INFO:Epoch 257: Train Loss: 121.9228, Train Node Loss: 0.0334, Train Reg Loss: 1.2189, Train MAPE: 11.8564, Train R: 0.8976, Train RRSE: 0.4606, Test Loss: 458.3504, Test Node Loss: 0.0162, Test Reg Loss: 4.5833, Test MAPE: 13.1399, Test R: 0.8355, Test RRSE: 0.7579
2025-02-10 16:31:39,999:INFO:Epoch 258: Train Loss: 113.0883, Train Node Loss: 0.0353, Train Reg Loss: 1.1305, Train MAPE: 12.1630, Train R: 0.8979, Train RRSE: 0.4436, Test Loss: 489.0251, Test Node Loss: 0.0159, Test Reg Loss: 4.8901, Test MAPE: 13.2275, Test R: 0.8327, Test RRSE: 0.7829
2025-02-10 16:32:00,838:INFO:Epoch 259: Train Loss: 110.9267, Train Node Loss: 0.0345, Train Reg Loss: 1.1089, Train MAPE: 12.0935, Train R: 0.8988, Train RRSE: 0.4393, Test Loss: 402.1712, Test Node Loss: 0.0161, Test Reg Loss: 4.0216, Test MAPE: 12.9453, Test R: 0.8327, Test RRSE: 0.7100
2025-02-10 16:32:21,736:INFO:Epoch 260: Train Loss: 109.6176, Train Node Loss: 0.0341, Train Reg Loss: 1.0958, Train MAPE: 12.1652, Train R: 0.8997, Train RRSE: 0.4367, Test Loss: 380.4746, Test Node Loss: 0.0164, Test Reg Loss: 3.8046, Test MAPE: 12.9612, Test R: 0.8338, Test RRSE: 0.6905
2025-02-10 16:32:42,591:INFO:Epoch 261: Train Loss: 115.4556, Train Node Loss: 0.0358, Train Reg Loss: 1.1542, Train MAPE: 12.2117, Train R: 0.8970, Train RRSE: 0.4482, Test Loss: 445.7505, Test Node Loss: 0.0161, Test Reg Loss: 4.4573, Test MAPE: 13.2067, Test R: 0.8269, Test RRSE: 0.7474
2025-02-10 16:33:03,540:INFO:Epoch 262: Train Loss: 130.1466, Train Node Loss: 0.0344, Train Reg Loss: 1.3011, Train MAPE: 11.9705, Train R: 0.8829, Train RRSE: 0.4758, Test Loss: 355.4112, Test Node Loss: 0.0167, Test Reg Loss: 3.5539, Test MAPE: 13.0521, Test R: 0.8279, Test RRSE: 0.6674
2025-02-10 16:33:24,305:INFO:Epoch 263: Train Loss: 134.6703, Train Node Loss: 0.0351, Train Reg Loss: 1.3464, Train MAPE: 11.9978, Train R: 0.8763, Train RRSE: 0.4840, Test Loss: 345.0936, Test Node Loss: 0.0171, Test Reg Loss: 3.4508, Test MAPE: 12.7232, Test R: 0.8265, Test RRSE: 0.6576
2025-02-10 16:33:44,889:INFO:Epoch 264: Train Loss: 126.8166, Train Node Loss: 0.0383, Train Reg Loss: 1.2678, Train MAPE: 12.2984, Train R: 0.8938, Train RRSE: 0.4697, Test Loss: 842.4828, Test Node Loss: 0.0155, Test Reg Loss: 8.4247, Test MAPE: 14.4718, Test R: 0.8312, Test RRSE: 1.0276
2025-02-10 16:34:05,384:INFO:Epoch 265: Train Loss: 139.8643, Train Node Loss: 0.0337, Train Reg Loss: 1.3983, Train MAPE: 11.8262, Train R: 0.8780, Train RRSE: 0.4933, Test Loss: 338.4027, Test Node Loss: 0.0166, Test Reg Loss: 3.3839, Test MAPE: 12.4637, Test R: 0.8247, Test RRSE: 0.6512
2025-02-10 16:34:26,135:INFO:Epoch 266: Train Loss: 130.1267, Train Node Loss: 0.0366, Train Reg Loss: 1.3009, Train MAPE: 12.0011, Train R: 0.8813, Train RRSE: 0.4758, Test Loss: 454.7672, Test Node Loss: 0.0161, Test Reg Loss: 4.5475, Test MAPE: 13.2967, Test R: 0.8339, Test RRSE: 0.7550
2025-02-10 16:34:46,667:INFO:Epoch 267: Train Loss: 122.0141, Train Node Loss: 0.0361, Train Reg Loss: 1.2198, Train MAPE: 12.4076, Train R: 0.8883, Train RRSE: 0.4607, Test Loss: 394.1336, Test Node Loss: 0.0161, Test Reg Loss: 3.9412, Test MAPE: 12.8217, Test R: 0.8294, Test RRSE: 0.7028
2025-02-10 16:35:07,374:INFO:Epoch 268: Train Loss: 132.1133, Train Node Loss: 0.0339, Train Reg Loss: 1.3208, Train MAPE: 11.6836, Train R: 0.8802, Train RRSE: 0.4794, Test Loss: 279.9288, Test Node Loss: 0.0164, Test Reg Loss: 2.7991, Test MAPE: 12.9103, Test R: 0.8317, Test RRSE: 0.5923
2025-02-10 16:35:28,024:INFO:Epoch 269: Train Loss: 107.2642, Train Node Loss: 0.0348, Train Reg Loss: 1.0723, Train MAPE: 11.9856, Train R: 0.9033, Train RRSE: 0.4320, Test Loss: 245.1783, Test Node Loss: 0.0170, Test Reg Loss: 2.4516, Test MAPE: 12.8701, Test R: 0.8373, Test RRSE: 0.5543
2025-02-10 16:35:48,591:INFO:Epoch 270: Train Loss: 127.6275, Train Node Loss: 0.0387, Train Reg Loss: 1.2759, Train MAPE: 12.4953, Train R: 0.8888, Train RRSE: 0.4712, Test Loss: 580.4871, Test Node Loss: 0.0155, Test Reg Loss: 5.8047, Test MAPE: 13.6846, Test R: 0.8357, Test RRSE: 0.8530
2025-02-10 16:36:09,241:INFO:Epoch 271: Train Loss: 129.5934, Train Node Loss: 0.0328, Train Reg Loss: 1.2956, Train MAPE: 11.8339, Train R: 0.8879, Train RRSE: 0.4748, Test Loss: 269.9211, Test Node Loss: 0.0166, Test Reg Loss: 2.6990, Test MAPE: 12.6765, Test R: 0.8299, Test RRSE: 0.5816
2025-02-10 16:36:29,968:INFO:Epoch 272: Train Loss: 112.7225, Train Node Loss: 0.0356, Train Reg Loss: 1.1269, Train MAPE: 12.3597, Train R: 0.9032, Train RRSE: 0.4428, Test Loss: 713.2434, Test Node Loss: 0.0153, Test Reg Loss: 7.1323, Test MAPE: 14.3449, Test R: 0.8359, Test RRSE: 0.9455
2025-02-10 16:36:50,599:INFO:Epoch 273: Train Loss: 122.0660, Train Node Loss: 0.0318, Train Reg Loss: 1.2203, Train MAPE: 12.0451, Train R: 0.8953, Train RRSE: 0.4608, Test Loss: 260.1006, Test Node Loss: 0.0165, Test Reg Loss: 2.6008, Test MAPE: 12.8043, Test R: 0.8298, Test RRSE: 0.5709
2025-02-10 16:37:11,311:INFO:Epoch 274: Train Loss: 108.9926, Train Node Loss: 0.0333, Train Reg Loss: 1.0896, Train MAPE: 12.2476, Train R: 0.9051, Train RRSE: 0.4355, Test Loss: 467.3094, Test Node Loss: 0.0154, Test Reg Loss: 4.6729, Test MAPE: 13.2360, Test R: 0.8310, Test RRSE: 0.7653
2025-02-10 16:37:32,124:INFO:Epoch 275: Train Loss: 110.3592, Train Node Loss: 0.0311, Train Reg Loss: 1.1033, Train MAPE: 12.4071, Train R: 0.8997, Train RRSE: 0.4382, Test Loss: 364.0246, Test Node Loss: 0.0155, Test Reg Loss: 3.6401, Test MAPE: 13.1409, Test R: 0.8313, Test RRSE: 0.6754
2025-02-10 16:37:53,343:INFO:Epoch 276: Train Loss: 107.3446, Train Node Loss: 0.0297, Train Reg Loss: 1.0731, Train MAPE: 12.0712, Train R: 0.9026, Train RRSE: 0.4322, Test Loss: 349.6227, Test Node Loss: 0.0155, Test Reg Loss: 3.4961, Test MAPE: 12.8479, Test R: 0.8292, Test RRSE: 0.6620
2025-02-10 16:38:14,113:INFO:Epoch 277: Train Loss: 121.1151, Train Node Loss: 0.0295, Train Reg Loss: 1.2109, Train MAPE: 12.2220, Train R: 0.8886, Train RRSE: 0.4590, Test Loss: 406.7688, Test Node Loss: 0.0153, Test Reg Loss: 4.0675, Test MAPE: 13.1307, Test R: 0.8341, Test RRSE: 0.7140
2025-02-10 16:38:34,714:INFO:Epoch 278: Train Loss: 115.7774, Train Node Loss: 0.0299, Train Reg Loss: 1.1575, Train MAPE: 12.1582, Train R: 0.8937, Train RRSE: 0.4488, Test Loss: 383.5338, Test Node Loss: 0.0155, Test Reg Loss: 3.8352, Test MAPE: 13.2182, Test R: 0.8309, Test RRSE: 0.6933
2025-02-10 16:38:55,357:INFO:Epoch 279: Train Loss: 116.5877, Train Node Loss: 0.0311, Train Reg Loss: 1.1656, Train MAPE: 12.2635, Train R: 0.8945, Train RRSE: 0.4504, Test Loss: 428.4797, Test Node Loss: 0.0154, Test Reg Loss: 4.2846, Test MAPE: 13.0440, Test R: 0.8250, Test RRSE: 0.7328
2025-02-10 16:39:16,115:INFO:Epoch 280: Train Loss: 121.1568, Train Node Loss: 0.0299, Train Reg Loss: 1.2113, Train MAPE: 11.9460, Train R: 0.8928, Train RRSE: 0.4591, Test Loss: 295.6361, Test Node Loss: 0.0159, Test Reg Loss: 2.9562, Test MAPE: 12.8088, Test R: 0.8312, Test RRSE: 0.6087
2025-02-10 16:39:36,896:INFO:Epoch 281: Train Loss: 126.1533, Train Node Loss: 0.0320, Train Reg Loss: 1.2612, Train MAPE: 12.1623, Train R: 0.8838, Train RRSE: 0.4685, Test Loss: 574.4136, Test Node Loss: 0.0156, Test Reg Loss: 5.7440, Test MAPE: 13.6678, Test R: 0.8349, Test RRSE: 0.8485
2025-02-10 16:39:57,503:INFO:Epoch 282: Train Loss: 105.2482, Train Node Loss: 0.0331, Train Reg Loss: 1.0522, Train MAPE: 12.2290, Train R: 0.9040, Train RRSE: 0.4279, Test Loss: 317.3422, Test Node Loss: 0.0163, Test Reg Loss: 3.1733, Test MAPE: 12.6627, Test R: 0.8294, Test RRSE: 0.6307
2025-02-10 16:40:17,905:INFO:Epoch 283: Train Loss: 110.3497, Train Node Loss: 0.0330, Train Reg Loss: 1.1032, Train MAPE: 11.9528, Train R: 0.9003, Train RRSE: 0.4382, Test Loss: 365.2783, Test Node Loss: 0.0163, Test Reg Loss: 3.6526, Test MAPE: 12.9055, Test R: 0.8291, Test RRSE: 0.6766
2025-02-10 16:40:38,438:INFO:Epoch 284: Train Loss: 112.0176, Train Node Loss: 0.0326, Train Reg Loss: 1.1198, Train MAPE: 12.1141, Train R: 0.8995, Train RRSE: 0.4415, Test Loss: 415.7714, Test Node Loss: 0.0161, Test Reg Loss: 4.1576, Test MAPE: 13.1327, Test R: 0.8294, Test RRSE: 0.7219
2025-02-10 16:40:59,004:INFO:Epoch 285: Train Loss: 124.5535, Train Node Loss: 0.0337, Train Reg Loss: 1.2452, Train MAPE: 12.0575, Train R: 0.8877, Train RRSE: 0.4655, Test Loss: 342.4608, Test Node Loss: 0.0162, Test Reg Loss: 3.4244, Test MAPE: 12.7011, Test R: 0.8278, Test RRSE: 0.6551
2025-02-10 16:41:19,366:INFO:Epoch 286: Train Loss: 101.9896, Train Node Loss: 0.0332, Train Reg Loss: 1.0196, Train MAPE: 12.1405, Train R: 0.9071, Train RRSE: 0.4212, Test Loss: 685.7200, Test Node Loss: 0.0156, Test Reg Loss: 6.8570, Test MAPE: 14.2075, Test R: 0.8321, Test RRSE: 0.9271
2025-02-10 16:41:39,853:INFO:Epoch 287: Train Loss: 112.6993, Train Node Loss: 0.0326, Train Reg Loss: 1.1267, Train MAPE: 12.1510, Train R: 0.8966, Train RRSE: 0.4428, Test Loss: 355.4477, Test Node Loss: 0.0163, Test Reg Loss: 3.5543, Test MAPE: 12.8130, Test R: 0.8310, Test RRSE: 0.6674
2025-02-10 16:42:00,456:INFO:Epoch 288: Train Loss: 130.9938, Train Node Loss: 0.0333, Train Reg Loss: 1.3096, Train MAPE: 12.1502, Train R: 0.8842, Train RRSE: 0.4774, Test Loss: 410.1487, Test Node Loss: 0.0156, Test Reg Loss: 4.1013, Test MAPE: 13.2201, Test R: 0.8315, Test RRSE: 0.7170
2025-02-10 16:42:21,119:INFO:Epoch 289: Train Loss: 133.2887, Train Node Loss: 0.0309, Train Reg Loss: 1.3326, Train MAPE: 12.1457, Train R: 0.8794, Train RRSE: 0.4816, Test Loss: 299.9681, Test Node Loss: 0.0162, Test Reg Loss: 2.9995, Test MAPE: 12.9458, Test R: 0.8299, Test RRSE: 0.6131
2025-02-10 16:42:42,022:INFO:Epoch 290: Train Loss: 108.2691, Train Node Loss: 0.0320, Train Reg Loss: 1.0824, Train MAPE: 12.2328, Train R: 0.9012, Train RRSE: 0.4340, Test Loss: 489.1148, Test Node Loss: 0.0154, Test Reg Loss: 4.8910, Test MAPE: 13.3172, Test R: 0.8309, Test RRSE: 0.7830
2025-02-10 16:43:02,662:INFO:Epoch 291: Train Loss: 114.1069, Train Node Loss: 0.0305, Train Reg Loss: 1.1408, Train MAPE: 12.0214, Train R: 0.8968, Train RRSE: 0.4456, Test Loss: 322.2478, Test Node Loss: 0.0159, Test Reg Loss: 3.2223, Test MAPE: 12.8898, Test R: 0.8266, Test RRSE: 0.6355
2025-02-10 16:43:23,262:INFO:Epoch 292: Train Loss: 103.1793, Train Node Loss: 0.0315, Train Reg Loss: 1.0315, Train MAPE: 12.1243, Train R: 0.9061, Train RRSE: 0.4237, Test Loss: 486.8029, Test Node Loss: 0.0156, Test Reg Loss: 4.8679, Test MAPE: 13.4597, Test R: 0.8328, Test RRSE: 0.7811
2025-02-10 16:43:43,985:INFO:Epoch 293: Train Loss: 116.6700, Train Node Loss: 0.0313, Train Reg Loss: 1.1664, Train MAPE: 12.0796, Train R: 0.8930, Train RRSE: 0.4505, Test Loss: 380.2471, Test Node Loss: 0.0159, Test Reg Loss: 3.8023, Test MAPE: 13.0776, Test R: 0.8308, Test RRSE: 0.6903
2025-02-10 16:44:04,527:INFO:Epoch 294: Train Loss: 121.2496, Train Node Loss: 0.0317, Train Reg Loss: 1.2122, Train MAPE: 12.0542, Train R: 0.8896, Train RRSE: 0.4593, Test Loss: 258.4747, Test Node Loss: 0.0177, Test Reg Loss: 2.5846, Test MAPE: 13.6718, Test R: 0.8317, Test RRSE: 0.5692
2025-02-10 16:44:25,257:INFO:Epoch 295: Train Loss: 113.7746, Train Node Loss: 0.0342, Train Reg Loss: 1.1374, Train MAPE: 12.2498, Train R: 0.8982, Train RRSE: 0.4449, Test Loss: 946.8288, Test Node Loss: 0.0149, Test Reg Loss: 9.4681, Test MAPE: 14.9600, Test R: 0.8224, Test RRSE: 1.0894
2025-02-10 16:44:46,017:INFO:Epoch 296: Train Loss: 105.5470, Train Node Loss: 0.0299, Train Reg Loss: 1.0552, Train MAPE: 12.1266, Train R: 0.9046, Train RRSE: 0.4285, Test Loss: 738.7817, Test Node Loss: 0.0151, Test Reg Loss: 7.3877, Test MAPE: 14.0766, Test R: 0.8246, Test RRSE: 0.9623
2025-02-10 16:45:06,588:INFO:Epoch 297: Train Loss: 107.9467, Train Node Loss: 0.0293, Train Reg Loss: 1.0792, Train MAPE: 11.9700, Train R: 0.9028, Train RRSE: 0.4334, Test Loss: 424.2593, Test Node Loss: 0.0157, Test Reg Loss: 4.2424, Test MAPE: 13.1410, Test R: 0.8353, Test RRSE: 0.7292
2025-02-10 16:45:27,251:INFO:Epoch 298: Train Loss: 109.9468, Train Node Loss: 0.0319, Train Reg Loss: 1.0991, Train MAPE: 12.3822, Train R: 0.9018, Train RRSE: 0.4374, Test Loss: 302.4849, Test Node Loss: 0.0167, Test Reg Loss: 3.0247, Test MAPE: 13.1788, Test R: 0.8326, Test RRSE: 0.6157
2025-02-10 16:45:47,893:INFO:Epoch 299: Train Loss: 101.9410, Train Node Loss: 0.0333, Train Reg Loss: 1.0191, Train MAPE: 12.0830, Train R: 0.9076, Train RRSE: 0.4211, Test Loss: 265.0316, Test Node Loss: 0.0177, Test Reg Loss: 2.6501, Test MAPE: 13.3000, Test R: 0.8277, Test RRSE: 0.5763
2025-02-10 16:46:08,640:INFO:Epoch 300: Train Loss: 104.1108, Train Node Loss: 0.0362, Train Reg Loss: 1.0407, Train MAPE: 12.2144, Train R: 0.9052, Train RRSE: 0.4256, Test Loss: 408.3188, Test Node Loss: 0.0171, Test Reg Loss: 4.0830, Test MAPE: 13.1292, Test R: 0.8321, Test RRSE: 0.7154
2025-02-10 16:46:08,640:INFO:Best performance at epoch 158 with Test MAPE: 0.8389
