2025-02-10 14:55:58,802:INFO:Learning rate: 0.001
2025-02-10 14:55:58,802:INFO:Weight decay: 0.001
2025-02-10 14:55:58,802:INFO:Batch size: 64
2025-02-10 14:55:58,802:INFO:Number of layers: 2
2025-02-10 14:55:58,802:INFO:Convolution type: SAGE
2025-02-10 14:55:58,802:INFO:Convolution neurons: 256
2025-02-10 15:01:02,062:INFO:Learning rate: 0.001
2025-02-10 15:01:02,063:INFO:Weight decay: 0.001
2025-02-10 15:01:02,063:INFO:Batch size: 64
2025-02-10 15:01:02,063:INFO:Number of layers: 2
2025-02-10 15:01:02,063:INFO:Convolution type: SAGE
2025-02-10 15:01:02,063:INFO:Convolution neurons: 256
2025-02-10 15:01:19,582:INFO:Epoch 1: Train Loss: 388106.9634, Train Node Loss: 0.2364, Train Reg Loss: 3881.0671, Train MAPE: 99.7459, Train R: 0.0096, Train RRSE: 8.4339, Test Loss: 394604.0790, Test Node Loss: 0.0539, Test Reg Loss: 3946.0402, Test MAPE: 99.3111, Test R: 0.8754, Test RRSE: 8.8341
2025-02-10 15:01:19,601:INFO:Checkpoint saved at best_0.001_0.001_256_SAGE_2_64_0.8754_epoch_1.pth
2025-02-10 15:01:35,884:INFO:Epoch 2: Train Loss: 381287.6048, Train Node Loss: 0.1642, Train Reg Loss: 3812.8743, Train MAPE: 98.8438, Train R: 0.0958, Train RRSE: 8.3595, Test Loss: 389294.2802, Test Node Loss: 0.4915, Test Reg Loss: 3892.9378, Test MAPE: 98.6239, Test R: 0.8751, Test RRSE: 8.7744
2025-02-10 15:01:52,165:INFO:Epoch 3: Train Loss: 373320.4050, Train Node Loss: 2.4576, Train Reg Loss: 3733.1794, Train MAPE: 97.7688, Train R: -0.0263, Train RRSE: 8.2716, Test Loss: 378731.6491, Test Node Loss: 7.9246, Test Reg Loss: 3787.2372, Test MAPE: 97.2392, Test R: 0.2988, Test RRSE: 8.6545
2025-02-10 15:02:08,681:INFO:Epoch 4: Train Loss: 359503.0251, Train Node Loss: 10.7155, Train Reg Loss: 3594.9232, Train MAPE: 95.8994, Train R: 0.0622, Train RRSE: 8.1170, Test Loss: 358644.9266, Test Node Loss: 19.0204, Test Reg Loss: 3586.2590, Test MAPE: 94.5592, Test R: 0.8455, Test RRSE: 8.4217
2025-02-10 15:02:25,202:INFO:Epoch 5: Train Loss: 337872.8629, Train Node Loss: 31.5928, Train Reg Loss: 3378.4126, Train MAPE: 92.8845, Train R: 0.0877, Train RRSE: 7.8688, Test Loss: 324821.8880, Test Node Loss: 72.4995, Test Reg Loss: 3247.4939, Test MAPE: 89.8666, Test R: 0.8979, Test RRSE: 8.0141
2025-02-10 15:02:25,232:INFO:Checkpoint saved at best_0.001_0.001_256_SAGE_2_64_0.8979_epoch_5.pth
2025-02-10 15:02:41,698:INFO:Epoch 6: Train Loss: 299210.2944, Train Node Loss: 124.8662, Train Reg Loss: 2990.8543, Train MAPE: 87.2583, Train R: 0.1647, Train RRSE: 7.4037, Test Loss: 250008.1128, Test Node Loss: 417.6088, Test Reg Loss: 2495.9050, Test MAPE: 78.4896, Test R: 0.9115, Test RRSE: 7.0258
2025-02-10 15:02:41,726:INFO:Checkpoint saved at best_0.001_0.001_256_SAGE_2_64_0.9115_epoch_6.pth
2025-02-10 15:02:57,998:INFO:Epoch 7: Train Loss: 213878.0287, Train Node Loss: 637.8472, Train Reg Loss: 2132.4018, Train MAPE: 73.1385, Train R: 0.1687, Train RRSE: 6.2515, Test Loss: 93506.0060, Test Node Loss: 2401.0453, Test Reg Loss: 911.0496, Test MAPE: 46.3419, Test R: 0.9139, Test RRSE: 4.2447
2025-02-10 15:02:58,035:INFO:Checkpoint saved at best_0.001_0.001_256_SAGE_2_64_0.9139_epoch_7.pth
2025-02-10 15:03:14,365:INFO:Epoch 8: Train Loss: 68843.9657, Train Node Loss: 2952.9620, Train Reg Loss: 658.9100, Train MAPE: 36.4014, Train R: 0.1048, Train RRSE: 3.4751, Test Loss: 63422.8094, Test Node Loss: 11411.7667, Test Reg Loss: 520.1104, Test MAPE: 37.1356, Test R: 0.9126, Test RRSE: 3.2072
2025-02-10 15:03:30,670:INFO:Epoch 9: Train Loss: 42528.9270, Train Node Loss: 8590.8877, Train Reg Loss: 339.3804, Train MAPE: 28.5551, Train R: 0.2389, Train RRSE: 2.4940, Test Loss: 152372.5211, Test Node Loss: 13138.1693, Test Reg Loss: 1392.3435, Test MAPE: 60.8885, Test R: 0.9135, Test RRSE: 5.2475
2025-02-10 15:03:47,196:INFO:Epoch 10: Train Loss: 25814.5248, Train Node Loss: 7026.0286, Train Reg Loss: 187.8850, Train MAPE: 21.1213, Train R: 0.3140, Train RRSE: 1.8557, Test Loss: 8674.1392, Test Node Loss: 5489.1574, Test Reg Loss: 31.8498, Test MAPE: 10.0479, Test R: 0.9155, Test RRSE: 0.7937
2025-02-10 15:03:47,244:INFO:Checkpoint saved at best_0.001_0.001_256_SAGE_2_64_0.9155_epoch_10.pth
2025-02-10 15:04:03,549:INFO:Epoch 11: Train Loss: 15625.6345, Train Node Loss: 3769.8889, Train Reg Loss: 118.5575, Train MAPE: 13.8231, Train R: 0.3720, Train RRSE: 1.4741, Test Loss: 19658.3792, Test Node Loss: 3322.3525, Test Reg Loss: 163.3603, Test MAPE: 17.2975, Test R: 0.9171, Test RRSE: 1.7974
2025-02-10 15:04:03,582:INFO:Checkpoint saved at best_0.001_0.001_256_SAGE_2_64_0.9171_epoch_11.pth
2025-02-10 15:04:19,896:INFO:Epoch 12: Train Loss: 23509.0051, Train Node Loss: 2996.1226, Train Reg Loss: 205.1288, Train MAPE: 19.8031, Train R: 0.7802, Train RRSE: 1.9389, Test Loss: 12179.5697, Test Node Loss: 3670.3570, Test Reg Loss: 85.0921, Test MAPE: 11.8373, Test R: 0.9175, Test RRSE: 1.2973
2025-02-10 15:04:19,912:INFO:Checkpoint saved at best_0.001_0.001_256_SAGE_2_64_0.9175_epoch_12.pth
2025-02-10 15:04:36,178:INFO:Epoch 13: Train Loss: 12440.5856, Train Node Loss: 3660.5932, Train Reg Loss: 87.7999, Train MAPE: 11.6951, Train R: 0.3364, Train RRSE: 1.2685, Test Loss: 10094.9803, Test Node Loss: 5159.1266, Test Reg Loss: 49.3585, Test MAPE: 12.5405, Test R: 0.9167, Test RRSE: 0.9880
2025-02-10 15:04:52,487:INFO:Epoch 14: Train Loss: 9494.1037, Train Node Loss: 4775.2555, Train Reg Loss: 47.1885, Train MAPE: 12.1385, Train R: 0.6541, Train RRSE: 0.9300, Test Loss: 19762.7069, Test Node Loss: 5829.0935, Test Reg Loss: 139.3361, Test MAPE: 19.6891, Test R: 0.9163, Test RRSE: 1.6600
2025-02-10 15:05:08,790:INFO:Epoch 15: Train Loss: 10874.5985, Train Node Loss: 4869.3473, Train Reg Loss: 60.0525, Train MAPE: 13.6549, Train R: 0.7870, Train RRSE: 1.0491, Test Loss: 8879.6992, Test Node Loss: 4719.4384, Test Reg Loss: 41.6026, Test MAPE: 11.9747, Test R: 0.9161, Test RRSE: 0.9071
2025-02-10 15:05:25,113:INFO:Epoch 16: Train Loss: 7184.4506, Train Node Loss: 3974.1901, Train Reg Loss: 32.1026, Train MAPE: 9.3493, Train R: 0.7379, Train RRSE: 0.7670, Test Loss: 7066.6216, Test Node Loss: 3733.5942, Test Reg Loss: 33.3303, Test MAPE: 9.0469, Test R: 0.9156, Test RRSE: 0.8119
2025-02-10 15:05:41,364:INFO:Epoch 17: Train Loss: 8378.6062, Train Node Loss: 3430.3942, Train Reg Loss: 49.4821, Train MAPE: 9.5365, Train R: 0.8657, Train RRSE: 0.9523, Test Loss: 7260.2077, Test Node Loss: 3562.1511, Test Reg Loss: 36.9806, Test MAPE: 9.2184, Test R: 0.9149, Test RRSE: 0.8552
2025-02-10 15:05:57,620:INFO:Epoch 18: Train Loss: 7486.3139, Train Node Loss: 3528.8450, Train Reg Loss: 39.5747, Train MAPE: 9.3364, Train R: 0.7825, Train RRSE: 0.8516, Test Loss: 6403.4469, Test Node Loss: 3926.6817, Test Reg Loss: 24.7677, Test MAPE: 9.5767, Test R: 0.9144, Test RRSE: 0.6999
2025-02-10 15:06:13,871:INFO:Epoch 19: Train Loss: 7072.0881, Train Node Loss: 3884.5524, Train Reg Loss: 31.8754, Train MAPE: 10.1901, Train R: 0.8002, Train RRSE: 0.7643, Test Loss: 7088.2977, Test Node Loss: 4082.1105, Test Reg Loss: 30.0619, Test MAPE: 10.7912, Test R: 0.9139, Test RRSE: 0.7711
2025-02-10 15:06:30,399:INFO:Epoch 20: Train Loss: 6992.4788, Train Node Loss: 3840.6898, Train Reg Loss: 31.5179, Train MAPE: 10.3933, Train R: 0.8352, Train RRSE: 0.7600, Test Loss: 6073.5728, Test Node Loss: 3690.4174, Test Reg Loss: 23.8316, Test MAPE: 9.4304, Test R: 0.9134, Test RRSE: 0.6865
2025-02-10 15:06:46,916:INFO:Epoch 21: Train Loss: 6448.1572, Train Node Loss: 3512.3233, Train Reg Loss: 29.3583, Train MAPE: 9.4190, Train R: 0.8582, Train RRSE: 0.7335, Test Loss: 6114.9533, Test Node Loss: 3407.0698, Test Reg Loss: 27.0788, Test MAPE: 9.0853, Test R: 0.9124, Test RRSE: 0.7318
2025-02-10 15:07:03,264:INFO:Epoch 22: Train Loss: 6419.6978, Train Node Loss: 3367.9044, Train Reg Loss: 30.5179, Train MAPE: 9.2489, Train R: 0.8702, Train RRSE: 0.7479, Test Loss: 5934.5548, Test Node Loss: 3365.4964, Test Reg Loss: 25.6906, Test MAPE: 9.1445, Test R: 0.9117, Test RRSE: 0.7128
2025-02-10 15:07:19,541:INFO:Epoch 23: Train Loss: 6221.4787, Train Node Loss: 3392.7920, Train Reg Loss: 28.2869, Train MAPE: 9.4792, Train R: 0.8575, Train RRSE: 0.7200, Test Loss: 5702.0701, Test Node Loss: 3405.8151, Test Reg Loss: 22.9626, Test MAPE: 9.3098, Test R: 0.9108, Test RRSE: 0.6739
2025-02-10 15:07:35,885:INFO:Epoch 24: Train Loss: 6106.2915, Train Node Loss: 3387.2887, Train Reg Loss: 27.1900, Train MAPE: 9.7213, Train R: 0.8593, Train RRSE: 0.7059, Test Loss: 5601.2426, Test Node Loss: 3320.2628, Test Reg Loss: 22.8098, Test MAPE: 9.3432, Test R: 0.9100, Test RRSE: 0.6716
2025-02-10 15:07:52,381:INFO:Epoch 25: Train Loss: 5937.4643, Train Node Loss: 3307.7271, Train Reg Loss: 26.2974, Train MAPE: 9.6977, Train R: 0.8724, Train RRSE: 0.6942, Test Loss: 5545.8910, Test Node Loss: 3203.3612, Test Reg Loss: 23.4253, Test MAPE: 9.2434, Test R: 0.9092, Test RRSE: 0.6806
2025-02-10 15:08:08,908:INFO:Epoch 26: Train Loss: 5818.2912, Train Node Loss: 3199.5099, Train Reg Loss: 26.1878, Train MAPE: 9.5996, Train R: 0.8671, Train RRSE: 0.6928, Test Loss: 5544.8969, Test Node Loss: 3089.0180, Test Reg Loss: 24.5588, Test MAPE: 9.2055, Test R: 0.9086, Test RRSE: 0.6969
2025-02-10 15:08:25,208:INFO:Epoch 27: Train Loss: 5776.1458, Train Node Loss: 3116.4825, Train Reg Loss: 26.5966, Train MAPE: 9.5023, Train R: 0.8689, Train RRSE: 0.6982, Test Loss: 5427.3356, Test Node Loss: 3037.1501, Test Reg Loss: 23.9019, Test MAPE: 9.2521, Test R: 0.9076, Test RRSE: 0.6875
2025-02-10 15:08:41,476:INFO:Epoch 28: Train Loss: 5685.0907, Train Node Loss: 3093.9523, Train Reg Loss: 25.9114, Train MAPE: 9.6561, Train R: 0.8641, Train RRSE: 0.6891, Test Loss: 5266.0174, Test Node Loss: 3011.5671, Test Reg Loss: 22.5445, Test MAPE: 9.2846, Test R: 0.9067, Test RRSE: 0.6677
2025-02-10 15:08:57,744:INFO:Epoch 29: Train Loss: 5640.4146, Train Node Loss: 3051.3629, Train Reg Loss: 25.8905, Train MAPE: 9.7336, Train R: 0.8578, Train RRSE: 0.6888, Test Loss: 5228.5559, Test Node Loss: 2925.0800, Test Reg Loss: 23.0348, Test MAPE: 9.3326, Test R: 0.9057, Test RRSE: 0.6750
2025-02-10 15:09:14,029:INFO:Epoch 30: Train Loss: 5516.1888, Train Node Loss: 2991.3570, Train Reg Loss: 25.2483, Train MAPE: 9.7134, Train R: 0.8608, Train RRSE: 0.6802, Test Loss: 5162.6161, Test Node Loss: 2859.3074, Test Reg Loss: 23.0331, Test MAPE: 9.3525, Test R: 0.9048, Test RRSE: 0.6749
2025-02-10 15:09:30,375:INFO:Epoch 31: Train Loss: 5342.0670, Train Node Loss: 2917.7983, Train Reg Loss: 24.2427, Train MAPE: 9.7437, Train R: 0.8671, Train RRSE: 0.6666, Test Loss: 5110.7785, Test Node Loss: 2793.0195, Test Reg Loss: 23.1776, Test MAPE: 9.3831, Test R: 0.9038, Test RRSE: 0.6770
2025-02-10 15:09:46,958:INFO:Epoch 32: Train Loss: 5257.4436, Train Node Loss: 2847.2256, Train Reg Loss: 24.1022, Train MAPE: 9.7493, Train R: 0.8638, Train RRSE: 0.6646, Test Loss: 5096.0728, Test Node Loss: 2720.5429, Test Reg Loss: 23.7553, Test MAPE: 9.4118, Test R: 0.9028, Test RRSE: 0.6854
2025-02-10 15:10:03,322:INFO:Epoch 33: Train Loss: 5227.1224, Train Node Loss: 2805.4965, Train Reg Loss: 24.2163, Train MAPE: 9.7215, Train R: 0.8633, Train RRSE: 0.6662, Test Loss: 4906.2884, Test Node Loss: 2704.6845, Test Reg Loss: 22.0160, Test MAPE: 9.4004, Test R: 0.9020, Test RRSE: 0.6599
2025-02-10 15:10:19,598:INFO:Epoch 34: Train Loss: 5133.2198, Train Node Loss: 2784.4555, Train Reg Loss: 23.4876, Train MAPE: 9.9159, Train R: 0.8519, Train RRSE: 0.6561, Test Loss: 4875.2364, Test Node Loss: 2639.8009, Test Reg Loss: 22.3544, Test MAPE: 9.5042, Test R: 0.9009, Test RRSE: 0.6649
2025-02-10 15:10:35,992:INFO:Epoch 35: Train Loss: 5037.4912, Train Node Loss: 2725.6758, Train Reg Loss: 23.1182, Train MAPE: 9.9306, Train R: 0.8548, Train RRSE: 0.6509, Test Loss: 4830.3255, Test Node Loss: 2583.6460, Test Reg Loss: 22.4668, Test MAPE: 9.5049, Test R: 0.9001, Test RRSE: 0.6666
2025-02-10 15:10:52,571:INFO:Epoch 36: Train Loss: 4964.4428, Train Node Loss: 2674.3543, Train Reg Loss: 22.9009, Train MAPE: 9.9152, Train R: 0.8541, Train RRSE: 0.6479, Test Loss: 4837.0246, Test Node Loss: 2517.4398, Test Reg Loss: 23.1958, Test MAPE: 9.5695, Test R: 0.8988, Test RRSE: 0.6773
2025-02-10 15:11:09,063:INFO:Epoch 37: Train Loss: 4916.0695, Train Node Loss: 2593.9239, Train Reg Loss: 23.2215, Train MAPE: 9.8521, Train R: 0.8507, Train RRSE: 0.6524, Test Loss: 4923.6159, Test Node Loss: 2440.8338, Test Reg Loss: 24.8278, Test MAPE: 9.6105, Test R: 0.8981, Test RRSE: 0.7007
2025-02-10 15:11:25,573:INFO:Epoch 38: Train Loss: 4800.2245, Train Node Loss: 2559.4885, Train Reg Loss: 22.4074, Train MAPE: 9.8742, Train R: 0.8560, Train RRSE: 0.6408, Test Loss: 4604.7447, Test Node Loss: 2455.3758, Test Reg Loss: 21.4937, Test MAPE: 9.5952, Test R: 0.8971, Test RRSE: 0.6520
2025-02-10 15:11:42,194:INFO:Epoch 39: Train Loss: 4735.4150, Train Node Loss: 2557.9231, Train Reg Loss: 21.7749, Train MAPE: 10.0989, Train R: 0.8515, Train RRSE: 0.6317, Test Loss: 4632.0248, Test Node Loss: 2390.0182, Test Reg Loss: 22.4201, Test MAPE: 9.6109, Test R: 0.8963, Test RRSE: 0.6659
2025-02-10 15:11:58,696:INFO:Epoch 40: Train Loss: 4638.0669, Train Node Loss: 2490.1233, Train Reg Loss: 21.4794, Train MAPE: 10.0309, Train R: 0.8549, Train RRSE: 0.6274, Test Loss: 4642.8826, Test Node Loss: 2332.8146, Test Reg Loss: 23.1007, Test MAPE: 9.6909, Test R: 0.8958, Test RRSE: 0.6759
2025-02-10 15:12:15,138:INFO:Epoch 41: Train Loss: 4575.4200, Train Node Loss: 2470.3523, Train Reg Loss: 21.0507, Train MAPE: 10.1455, Train R: 0.8551, Train RRSE: 0.6211, Test Loss: 4426.8282, Test Node Loss: 2327.2272, Test Reg Loss: 20.9960, Test MAPE: 9.7042, Test R: 0.8961, Test RRSE: 0.6444
2025-02-10 15:12:31,293:INFO:Epoch 42: Train Loss: 4543.3887, Train Node Loss: 2421.2753, Train Reg Loss: 21.2211, Train MAPE: 10.1101, Train R: 0.8543, Train RRSE: 0.6236, Test Loss: 4724.3201, Test Node Loss: 2220.2874, Test Reg Loss: 25.0403, Test MAPE: 9.8281, Test R: 0.8957, Test RRSE: 0.7037
2025-02-10 15:12:47,595:INFO:Epoch 43: Train Loss: 4391.3456, Train Node Loss: 2340.6008, Train Reg Loss: 20.5074, Train MAPE: 10.0331, Train R: 0.8630, Train RRSE: 0.6131, Test Loss: 4618.2303, Test Node Loss: 2192.0894, Test Reg Loss: 24.2614, Test MAPE: 9.8443, Test R: 0.8936, Test RRSE: 0.6927
2025-02-10 15:13:03,855:INFO:Epoch 44: Train Loss: 4343.6737, Train Node Loss: 2357.5878, Train Reg Loss: 19.8609, Train MAPE: 10.3328, Train R: 0.8529, Train RRSE: 0.6033, Test Loss: 4353.1999, Test Node Loss: 2192.6386, Test Reg Loss: 21.6056, Test MAPE: 9.8043, Test R: 0.8920, Test RRSE: 0.6537
2025-02-10 15:13:20,203:INFO:Epoch 45: Train Loss: 4228.9150, Train Node Loss: 2310.4352, Train Reg Loss: 19.1848, Train MAPE: 10.2960, Train R: 0.8601, Train RRSE: 0.5930, Test Loss: 4781.7705, Test Node Loss: 2080.9336, Test Reg Loss: 27.0084, Test MAPE: 10.0370, Test R: 0.8923, Test RRSE: 0.7309
2025-02-10 15:13:36,498:INFO:Epoch 46: Train Loss: 4198.4637, Train Node Loss: 2225.3241, Train Reg Loss: 19.7314, Train MAPE: 10.1552, Train R: 0.8595, Train RRSE: 0.6014, Test Loss: 4612.3758, Test Node Loss: 2063.3936, Test Reg Loss: 25.4898, Test MAPE: 9.9789, Test R: 0.8917, Test RRSE: 0.7100
2025-02-10 15:13:52,763:INFO:Epoch 47: Train Loss: 4252.0789, Train Node Loss: 2237.1279, Train Reg Loss: 20.1495, Train MAPE: 10.3097, Train R: 0.8419, Train RRSE: 0.6077, Test Loss: 4199.6127, Test Node Loss: 2086.9085, Test Reg Loss: 21.1270, Test MAPE: 9.8439, Test R: 0.8912, Test RRSE: 0.6464
2025-02-10 15:14:09,291:INFO:Epoch 48: Train Loss: 4073.0362, Train Node Loss: 2226.6951, Train Reg Loss: 18.4634, Train MAPE: 10.4652, Train R: 0.8598, Train RRSE: 0.5817, Test Loss: 4681.8089, Test Node Loss: 1972.7284, Test Reg Loss: 27.0908, Test MAPE: 10.1584, Test R: 0.8946, Test RRSE: 0.7320
2025-02-10 15:14:25,813:INFO:Epoch 49: Train Loss: 4351.8949, Train Node Loss: 2058.0051, Train Reg Loss: 22.9389, Train MAPE: 10.1472, Train R: 0.8326, Train RRSE: 0.6484, Test Loss: 4635.1713, Test Node Loss: 1944.4179, Test Reg Loss: 26.9075, Test MAPE: 10.2316, Test R: 0.8927, Test RRSE: 0.7295
2025-02-10 15:14:42,098:INFO:Epoch 50: Train Loss: 4136.3513, Train Node Loss: 2183.0553, Train Reg Loss: 19.5330, Train MAPE: 10.7438, Train R: 0.8373, Train RRSE: 0.5983, Test Loss: 3705.8011, Test Node Loss: 2079.6427, Test Reg Loss: 16.2616, Test MAPE: 10.0561, Test R: 0.8895, Test RRSE: 0.5671
2025-02-10 15:14:58,472:INFO:Epoch 51: Train Loss: 3984.1391, Train Node Loss: 2160.2745, Train Reg Loss: 18.2386, Train MAPE: 10.7684, Train R: 0.8524, Train RRSE: 0.5782, Test Loss: 4756.6712, Test Node Loss: 1870.6554, Test Reg Loss: 28.8602, Test MAPE: 10.3592, Test R: 0.8888, Test RRSE: 0.7555
2025-02-10 15:15:14,819:INFO:Epoch 52: Train Loss: 4024.0608, Train Node Loss: 1983.7505, Train Reg Loss: 20.4031, Train MAPE: 10.3094, Train R: 0.8509, Train RRSE: 0.6115, Test Loss: 4774.5728, Test Node Loss: 1837.6927, Test Reg Loss: 29.3688, Test MAPE: 10.4182, Test R: 0.8896, Test RRSE: 0.7621
2025-02-10 15:15:31,109:INFO:Epoch 53: Train Loss: 3937.2204, Train Node Loss: 2047.4468, Train Reg Loss: 18.8977, Train MAPE: 10.7127, Train R: 0.8328, Train RRSE: 0.5885, Test Loss: 3548.7621, Test Node Loss: 1997.6488, Test Reg Loss: 15.5111, Test MAPE: 10.1815, Test R: 0.8912, Test RRSE: 0.5539
2025-02-10 15:15:47,349:INFO:Epoch 54: Train Loss: 3807.3443, Train Node Loss: 2056.3555, Train Reg Loss: 17.5099, Train MAPE: 10.8173, Train R: 0.8531, Train RRSE: 0.5665, Test Loss: 4262.4263, Test Node Loss: 1829.0876, Test Reg Loss: 24.3334, Test MAPE: 10.2753, Test R: 0.8929, Test RRSE: 0.6937
2025-02-10 15:16:03,646:INFO:Epoch 55: Train Loss: 3744.5577, Train Node Loss: 1942.0839, Train Reg Loss: 18.0247, Train MAPE: 10.4854, Train R: 0.8581, Train RRSE: 0.5748, Test Loss: 4117.2017, Test Node Loss: 1815.9281, Test Reg Loss: 23.0127, Test MAPE: 10.2532, Test R: 0.8947, Test RRSE: 0.6746
2025-02-10 15:16:20,157:INFO:Epoch 56: Train Loss: 3655.3137, Train Node Loss: 1959.2876, Train Reg Loss: 16.9603, Train MAPE: 10.6594, Train R: 0.8600, Train RRSE: 0.5575, Test Loss: 3635.0759, Test Node Loss: 1856.9053, Test Reg Loss: 17.7817, Test MAPE: 10.0885, Test R: 0.8961, Test RRSE: 0.5930
2025-02-10 15:16:36,429:INFO:Epoch 57: Train Loss: 3682.0857, Train Node Loss: 1942.4196, Train Reg Loss: 17.3967, Train MAPE: 10.6642, Train R: 0.8570, Train RRSE: 0.5647, Test Loss: 4124.3731, Test Node Loss: 1755.3474, Test Reg Loss: 23.6903, Test MAPE: 10.2444, Test R: 0.8974, Test RRSE: 0.6845
2025-02-10 15:16:52,742:INFO:Epoch 58: Train Loss: 3510.4044, Train Node Loss: 1877.4170, Train Reg Loss: 16.3299, Train MAPE: 10.5157, Train R: 0.8773, Train RRSE: 0.5471, Test Loss: 3649.9730, Test Node Loss: 1790.9672, Test Reg Loss: 18.5901, Test MAPE: 10.0684, Test R: 0.8972, Test RRSE: 0.6063
2025-02-10 15:17:09,054:INFO:Epoch 59: Train Loss: 3577.5010, Train Node Loss: 1924.3604, Train Reg Loss: 16.5314, Train MAPE: 10.8861, Train R: 0.8643, Train RRSE: 0.5504, Test Loss: 3539.4609, Test Node Loss: 1780.0541, Test Reg Loss: 17.5941, Test MAPE: 10.2561, Test R: 0.8966, Test RRSE: 0.5899
2025-02-10 15:17:25,346:INFO:Epoch 60: Train Loss: 3423.7324, Train Node Loss: 1854.3994, Train Reg Loss: 15.6933, Train MAPE: 10.6874, Train R: 0.8700, Train RRSE: 0.5363, Test Loss: 4082.3979, Test Node Loss: 1678.5710, Test Reg Loss: 24.0383, Test MAPE: 10.4670, Test R: 0.8987, Test RRSE: 0.6895
2025-02-10 15:17:41,599:INFO:Epoch 61: Train Loss: 3371.5051, Train Node Loss: 1825.9198, Train Reg Loss: 15.4559, Train MAPE: 10.7776, Train R: 0.8703, Train RRSE: 0.5322, Test Loss: 3422.2711, Test Node Loss: 1741.4438, Test Reg Loss: 16.8083, Test MAPE: 10.3012, Test R: 0.8974, Test RRSE: 0.5766
2025-02-10 15:17:57,839:INFO:Epoch 62: Train Loss: 3355.4166, Train Node Loss: 1828.5484, Train Reg Loss: 15.2687, Train MAPE: 10.8466, Train R: 0.8718, Train RRSE: 0.5290, Test Loss: 3746.3614, Test Node Loss: 1667.2839, Test Reg Loss: 20.7908, Test MAPE: 10.4319, Test R: 0.8982, Test RRSE: 0.6412
2025-02-10 15:18:14,102:INFO:Epoch 63: Train Loss: 3377.3846, Train Node Loss: 1777.5932, Train Reg Loss: 15.9979, Train MAPE: 10.6757, Train R: 0.8680, Train RRSE: 0.5415, Test Loss: 3663.3676, Test Node Loss: 1654.6493, Test Reg Loss: 20.0872, Test MAPE: 10.4272, Test R: 0.8981, Test RRSE: 0.6303
2025-02-10 15:18:30,391:INFO:Epoch 64: Train Loss: 3218.1354, Train Node Loss: 1770.8997, Train Reg Loss: 14.4724, Train MAPE: 10.9132, Train R: 0.8764, Train RRSE: 0.5150, Test Loss: 3443.2458, Test Node Loss: 1657.3270, Test Reg Loss: 17.8592, Test MAPE: 10.3834, Test R: 0.8993, Test RRSE: 0.5943
2025-02-10 15:18:46,853:INFO:Epoch 65: Train Loss: 3171.1137, Train Node Loss: 1767.1811, Train Reg Loss: 14.0393, Train MAPE: 11.0002, Train R: 0.8817, Train RRSE: 0.5073, Test Loss: 3789.5954, Test Node Loss: 1589.2788, Test Reg Loss: 22.0032, Test MAPE: 10.4850, Test R: 0.9003, Test RRSE: 0.6597
2025-02-10 15:19:03,172:INFO:Epoch 66: Train Loss: 3280.6163, Train Node Loss: 1699.1785, Train Reg Loss: 15.8144, Train MAPE: 10.6961, Train R: 0.8675, Train RRSE: 0.5384, Test Loss: 3718.5134, Test Node Loss: 1570.1844, Test Reg Loss: 21.4833, Test MAPE: 10.5031, Test R: 0.9015, Test RRSE: 0.6518
2025-02-10 15:19:19,704:INFO:Epoch 67: Train Loss: 3105.6822, Train Node Loss: 1711.8773, Train Reg Loss: 13.9380, Train MAPE: 10.9707, Train R: 0.8820, Train RRSE: 0.5054, Test Loss: 3090.8702, Test Node Loss: 1634.2080, Test Reg Loss: 14.5666, Test MAPE: 10.3765, Test R: 0.9022, Test RRSE: 0.5367
2025-02-10 15:19:35,964:INFO:Epoch 68: Train Loss: 3107.4152, Train Node Loss: 1703.9405, Train Reg Loss: 14.0347, Train MAPE: 11.0263, Train R: 0.8823, Train RRSE: 0.5072, Test Loss: 3907.6551, Test Node Loss: 1504.7664, Test Reg Loss: 24.0289, Test MAPE: 10.6672, Test R: 0.9025, Test RRSE: 0.6894
2025-02-10 15:19:52,482:INFO:Epoch 69: Train Loss: 3028.5366, Train Node Loss: 1627.9339, Train Reg Loss: 14.0060, Train MAPE: 10.8669, Train R: 0.8867, Train RRSE: 0.5067, Test Loss: 3136.4085, Test Node Loss: 1573.9800, Test Reg Loss: 15.6243, Test MAPE: 10.4295, Test R: 0.9008, Test RRSE: 0.5559
2025-02-10 15:20:09,052:INFO:Epoch 70: Train Loss: 3014.0669, Train Node Loss: 1671.1301, Train Reg Loss: 13.4294, Train MAPE: 11.2151, Train R: 0.8846, Train RRSE: 0.4961, Test Loss: 3244.3836, Test Node Loss: 1530.6595, Test Reg Loss: 17.1372, Test MAPE: 10.4527, Test R: 0.9016, Test RRSE: 0.5822
2025-02-10 15:20:25,675:INFO:Epoch 71: Train Loss: 2989.1127, Train Node Loss: 1589.5666, Train Reg Loss: 13.9955, Train MAPE: 10.9075, Train R: 0.8853, Train RRSE: 0.5065, Test Loss: 3431.8693, Test Node Loss: 1484.1206, Test Reg Loss: 19.4775, Test MAPE: 10.5831, Test R: 0.9025, Test RRSE: 0.6206
2025-02-10 15:20:42,286:INFO:Epoch 72: Train Loss: 2926.0576, Train Node Loss: 1593.2972, Train Reg Loss: 13.3276, Train MAPE: 10.9753, Train R: 0.8866, Train RRSE: 0.4942, Test Loss: 2984.8142, Test Node Loss: 1523.1100, Test Reg Loss: 14.6170, Test MAPE: 10.5155, Test R: 0.9021, Test RRSE: 0.5377
2025-02-10 15:20:58,908:INFO:Epoch 73: Train Loss: 2985.7794, Train Node Loss: 1567.4322, Train Reg Loss: 14.1835, Train MAPE: 11.0476, Train R: 0.8761, Train RRSE: 0.5099, Test Loss: 3345.3859, Test Node Loss: 1448.6000, Test Reg Loss: 18.9679, Test MAPE: 10.6653, Test R: 0.9029, Test RRSE: 0.6125
2025-02-10 15:21:15,241:INFO:Epoch 74: Train Loss: 2889.4613, Train Node Loss: 1552.5290, Train Reg Loss: 13.3693, Train MAPE: 11.0073, Train R: 0.8849, Train RRSE: 0.4950, Test Loss: 2813.9364, Test Node Loss: 1504.6071, Test Reg Loss: 13.0933, Test MAPE: 10.5963, Test R: 0.9030, Test RRSE: 0.5089
2025-02-10 15:21:31,582:INFO:Epoch 75: Train Loss: 3027.0821, Train Node Loss: 1545.9601, Train Reg Loss: 14.8112, Train MAPE: 11.0365, Train R: 0.8689, Train RRSE: 0.5210, Test Loss: 3241.2238, Test Node Loss: 1416.6332, Test Reg Loss: 18.2459, Test MAPE: 10.6450, Test R: 0.9024, Test RRSE: 0.6007
2025-02-10 15:21:47,829:INFO:Epoch 76: Train Loss: 2708.0852, Train Node Loss: 1493.8058, Train Reg Loss: 12.1428, Train MAPE: 11.0904, Train R: 0.8994, Train RRSE: 0.4717, Test Loss: 2834.1305, Test Node Loss: 1451.3227, Test Reg Loss: 13.8281, Test MAPE: 10.4978, Test R: 0.9027, Test RRSE: 0.5230
2025-02-10 15:22:04,396:INFO:Epoch 77: Train Loss: 2827.1968, Train Node Loss: 1505.5838, Train Reg Loss: 13.2161, Train MAPE: 11.1590, Train R: 0.8839, Train RRSE: 0.4922, Test Loss: 2931.5532, Test Node Loss: 1416.3743, Test Reg Loss: 15.1518, Test MAPE: 10.6548, Test R: 0.9027, Test RRSE: 0.5474
2025-02-10 15:22:20,728:INFO:Epoch 78: Train Loss: 2754.0528, Train Node Loss: 1485.3551, Train Reg Loss: 12.6870, Train MAPE: 11.1284, Train R: 0.8906, Train RRSE: 0.4822, Test Loss: 2874.2517, Test Node Loss: 1400.5921, Test Reg Loss: 14.7366, Test MAPE: 10.6363, Test R: 0.9037, Test RRSE: 0.5399
2025-02-10 15:22:37,282:INFO:Epoch 79: Train Loss: 2673.4868, Train Node Loss: 1459.5564, Train Reg Loss: 12.1393, Train MAPE: 11.1291, Train R: 0.8971, Train RRSE: 0.4717, Test Loss: 2946.7217, Test Node Loss: 1365.7728, Test Reg Loss: 15.8095, Test MAPE: 10.6684, Test R: 0.9038, Test RRSE: 0.5592
2025-02-10 15:22:53,554:INFO:Epoch 80: Train Loss: 2673.9593, Train Node Loss: 1415.8246, Train Reg Loss: 12.5813, Train MAPE: 11.0931, Train R: 0.8943, Train RRSE: 0.4802, Test Loss: 2713.7677, Test Node Loss: 1380.0022, Test Reg Loss: 13.3377, Test MAPE: 10.7078, Test R: 0.9040, Test RRSE: 0.5136
2025-02-10 15:23:09,868:INFO:Epoch 81: Train Loss: 2640.8597, Train Node Loss: 1428.3592, Train Reg Loss: 12.1250, Train MAPE: 11.2671, Train R: 0.8934, Train RRSE: 0.4714, Test Loss: 2763.6199, Test Node Loss: 1349.7498, Test Reg Loss: 14.1387, Test MAPE: 10.6357, Test R: 0.9048, Test RRSE: 0.5288
2025-02-10 15:23:26,054:INFO:Epoch 82: Train Loss: 2619.5418, Train Node Loss: 1406.6266, Train Reg Loss: 12.1292, Train MAPE: 11.1142, Train R: 0.8978, Train RRSE: 0.4715, Test Loss: 3074.2920, Test Node Loss: 1290.6820, Test Reg Loss: 17.8361, Test MAPE: 10.7947, Test R: 0.9062, Test RRSE: 0.5939
2025-02-10 15:23:42,264:INFO:Epoch 83: Train Loss: 2598.3715, Train Node Loss: 1358.1752, Train Reg Loss: 12.4020, Train MAPE: 11.0360, Train R: 0.8983, Train RRSE: 0.4768, Test Loss: 2611.0043, Test Node Loss: 1337.5702, Test Reg Loss: 12.7343, Test MAPE: 10.7379, Test R: 0.9057, Test RRSE: 0.5018
2025-02-10 15:23:58,825:INFO:Epoch 84: Train Loss: 2597.6301, Train Node Loss: 1398.4279, Train Reg Loss: 11.9920, Train MAPE: 11.3931, Train R: 0.8969, Train RRSE: 0.4688, Test Loss: 2790.0364, Test Node Loss: 1287.1696, Test Reg Loss: 15.0287, Test MAPE: 10.7571, Test R: 0.9065, Test RRSE: 0.5452
2025-02-10 15:24:15,119:INFO:Epoch 85: Train Loss: 2535.4740, Train Node Loss: 1319.4639, Train Reg Loss: 12.1601, Train MAPE: 10.9616, Train R: 0.9016, Train RRSE: 0.4721, Test Loss: 2821.4891, Test Node Loss: 1263.3431, Test Reg Loss: 15.5815, Test MAPE: 10.8008, Test R: 0.9067, Test RRSE: 0.5551
2025-02-10 15:24:31,387:INFO:Epoch 86: Train Loss: 2452.9610, Train Node Loss: 1322.5941, Train Reg Loss: 11.3037, Train MAPE: 11.1876, Train R: 0.9045, Train RRSE: 0.4552, Test Loss: 2463.8426, Test Node Loss: 1301.6328, Test Reg Loss: 11.6221, Test MAPE: 10.7119, Test R: 0.9073, Test RRSE: 0.4794
2025-02-10 15:24:47,685:INFO:Epoch 87: Train Loss: 2499.2236, Train Node Loss: 1322.4280, Train Reg Loss: 11.7680, Train MAPE: 11.2750, Train R: 0.8965, Train RRSE: 0.4644, Test Loss: 2950.2844, Test Node Loss: 1211.0622, Test Reg Loss: 17.3922, Test MAPE: 10.8599, Test R: 0.9077, Test RRSE: 0.5865
2025-02-10 15:25:03,962:INFO:Epoch 88: Train Loss: 2515.4377, Train Node Loss: 1265.0105, Train Reg Loss: 12.5043, Train MAPE: 11.0237, Train R: 0.8978, Train RRSE: 0.4787, Test Loss: 2349.3940, Test Node Loss: 1300.7518, Test Reg Loss: 10.4864, Test MAPE: 10.8632, Test R: 0.9075, Test RRSE: 0.4554
2025-02-10 15:25:20,246:INFO:Epoch 89: Train Loss: 2609.5913, Train Node Loss: 1338.1012, Train Reg Loss: 12.7149, Train MAPE: 11.5784, Train R: 0.8990, Train RRSE: 0.4827, Test Loss: 3189.2767, Test Node Loss: 1164.6048, Test Reg Loss: 20.2467, Test MAPE: 11.0168, Test R: 0.9073, Test RRSE: 0.6328
2025-02-10 15:25:36,526:INFO:Epoch 90: Train Loss: 2661.9731, Train Node Loss: 1200.0973, Train Reg Loss: 14.6188, Train MAPE: 11.1185, Train R: 0.8920, Train RRSE: 0.5176, Test Loss: 2414.1693, Test Node Loss: 1237.7880, Test Reg Loss: 11.7638, Test MAPE: 10.7801, Test R: 0.9078, Test RRSE: 0.4823
2025-02-10 15:25:52,842:INFO:Epoch 91: Train Loss: 2845.2216, Train Node Loss: 1327.7812, Train Reg Loss: 15.1744, Train MAPE: 11.8382, Train R: 0.8805, Train RRSE: 0.5274, Test Loss: 2558.5277, Test Node Loss: 1195.2892, Test Reg Loss: 13.6324, Test MAPE: 10.7363, Test R: 0.9075, Test RRSE: 0.5192
2025-02-10 15:26:09,395:INFO:Epoch 92: Train Loss: 3110.1902, Train Node Loss: 1147.6854, Train Reg Loss: 19.6250, Train MAPE: 11.1364, Train R: 0.8570, Train RRSE: 0.5997, Test Loss: 2728.2827, Test Node Loss: 1157.9229, Test Reg Loss: 15.7036, Test MAPE: 10.8202, Test R: 0.9080, Test RRSE: 0.5573
2025-02-10 15:26:25,717:INFO:Epoch 93: Train Loss: 2527.7209, Train Node Loss: 1270.4688, Train Reg Loss: 12.5725, Train MAPE: 11.6042, Train R: 0.8923, Train RRSE: 0.4800, Test Loss: 3034.5551, Test Node Loss: 1366.0316, Test Reg Loss: 16.6852, Test MAPE: 12.0515, Test R: 0.9084, Test RRSE: 0.5744
2025-02-10 15:26:42,345:INFO:Epoch 94: Train Loss: 2739.7561, Train Node Loss: 1227.0988, Train Reg Loss: 15.1266, Train MAPE: 11.4147, Train R: 0.8589, Train RRSE: 0.5265, Test Loss: 3596.9905, Test Node Loss: 1068.9165, Test Reg Loss: 25.2807, Test MAPE: 11.0991, Test R: 0.9087, Test RRSE: 0.7071
2025-02-10 15:26:58,639:INFO:Epoch 95: Train Loss: 2579.0137, Train Node Loss: 1157.9041, Train Reg Loss: 14.2111, Train MAPE: 11.1071, Train R: 0.8841, Train RRSE: 0.5103, Test Loss: 2273.2746, Test Node Loss: 1241.0616, Test Reg Loss: 10.3221, Test MAPE: 11.0413, Test R: 0.9083, Test RRSE: 0.4518
2025-02-10 15:27:15,222:INFO:Epoch 96: Train Loss: 2359.9861, Train Node Loss: 1227.1585, Train Reg Loss: 11.3283, Train MAPE: 11.5263, Train R: 0.9086, Train RRSE: 0.4557, Test Loss: 2424.0733, Test Node Loss: 1144.1174, Test Reg Loss: 12.7996, Test MAPE: 10.7541, Test R: 0.9088, Test RRSE: 0.5031
2025-02-10 15:27:31,536:INFO:Epoch 97: Train Loss: 2322.3724, Train Node Loss: 1155.8579, Train Reg Loss: 11.6651, Train MAPE: 11.1141, Train R: 0.9063, Train RRSE: 0.4624, Test Loss: 2461.6783, Test Node Loss: 1126.3449, Test Reg Loss: 13.3533, Test MAPE: 10.7518, Test R: 0.9087, Test RRSE: 0.5139
2025-02-10 15:27:47,696:INFO:Epoch 98: Train Loss: 2375.7281, Train Node Loss: 1176.9518, Train Reg Loss: 11.9878, Train MAPE: 11.2833, Train R: 0.8939, Train RRSE: 0.4687, Test Loss: 2250.7059, Test Node Loss: 1152.4853, Test Reg Loss: 10.9822, Test MAPE: 10.7523, Test R: 0.9091, Test RRSE: 0.4660
2025-02-10 15:28:04,010:INFO:Epoch 99: Train Loss: 2318.7242, Train Node Loss: 1142.9904, Train Reg Loss: 11.7573, Train MAPE: 11.1275, Train R: 0.9025, Train RRSE: 0.4642, Test Loss: 2653.3090, Test Node Loss: 1079.2065, Test Reg Loss: 15.7410, Test MAPE: 10.7916, Test R: 0.9107, Test RRSE: 0.5580
2025-02-10 15:28:20,565:INFO:Epoch 100: Train Loss: 2290.2275, Train Node Loss: 1128.7987, Train Reg Loss: 11.6143, Train MAPE: 11.0375, Train R: 0.9037, Train RRSE: 0.4614, Test Loss: 2167.3620, Test Node Loss: 1149.1849, Test Reg Loss: 10.1818, Test MAPE: 10.8149, Test R: 0.9108, Test RRSE: 0.4487
2025-02-10 15:28:36,931:INFO:Epoch 101: Train Loss: 2355.2741, Train Node Loss: 1174.6712, Train Reg Loss: 11.8060, Train MAPE: 11.5734, Train R: 0.9032, Train RRSE: 0.4652, Test Loss: 2607.8878, Test Node Loss: 1057.1019, Test Reg Loss: 15.5079, Test MAPE: 10.8377, Test R: 0.9110, Test RRSE: 0.5538
2025-02-10 15:28:53,562:INFO:Epoch 102: Train Loss: 2309.9414, Train Node Loss: 1095.9788, Train Reg Loss: 12.1396, Train MAPE: 11.0829, Train R: 0.9003, Train RRSE: 0.4717, Test Loss: 2498.6066, Test Node Loss: 1053.3712, Test Reg Loss: 14.4524, Test MAPE: 10.8713, Test R: 0.9115, Test RRSE: 0.5346
2025-02-10 15:29:10,111:INFO:Epoch 103: Train Loss: 2231.9828, Train Node Loss: 1105.9039, Train Reg Loss: 11.2608, Train MAPE: 11.2701, Train R: 0.9034, Train RRSE: 0.4543, Test Loss: 2177.0109, Test Node Loss: 1086.2931, Test Reg Loss: 10.9072, Test MAPE: 10.8415, Test R: 0.9118, Test RRSE: 0.4644
2025-02-10 15:29:26,405:INFO:Epoch 104: Train Loss: 2322.5857, Train Node Loss: 1091.1864, Train Reg Loss: 12.3140, Train MAPE: 11.2850, Train R: 0.8913, Train RRSE: 0.4751, Test Loss: 2535.4640, Test Node Loss: 1022.2094, Test Reg Loss: 15.1325, Test MAPE: 10.7823, Test R: 0.9119, Test RRSE: 0.5471
2025-02-10 15:29:42,729:INFO:Epoch 105: Train Loss: 2383.2081, Train Node Loss: 1103.3366, Train Reg Loss: 12.7987, Train MAPE: 11.3713, Train R: 0.8878, Train RRSE: 0.4843, Test Loss: 2104.1495, Test Node Loss: 1075.0128, Test Reg Loss: 10.2914, Test MAPE: 10.8614, Test R: 0.9119, Test RRSE: 0.4511
2025-02-10 15:29:59,003:INFO:Epoch 106: Train Loss: 2314.8176, Train Node Loss: 1049.9526, Train Reg Loss: 12.6487, Train MAPE: 11.2426, Train R: 0.8899, Train RRSE: 0.4815, Test Loss: 2887.3877, Test Node Loss: 973.8829, Test Reg Loss: 19.1350, Test MAPE: 11.0032, Test R: 0.9113, Test RRSE: 0.6152
2025-02-10 15:30:15,329:INFO:Epoch 107: Train Loss: 2183.1588, Train Node Loss: 1059.8039, Train Reg Loss: 11.2335, Train MAPE: 11.3000, Train R: 0.9004, Train RRSE: 0.4537, Test Loss: 2094.1847, Test Node Loss: 1103.6744, Test Reg Loss: 9.9051, Test MAPE: 11.1590, Test R: 0.9124, Test RRSE: 0.4426
2025-02-10 15:30:31,654:INFO:Epoch 108: Train Loss: 2195.5032, Train Node Loss: 1078.6146, Train Reg Loss: 11.1689, Train MAPE: 11.5203, Train R: 0.9044, Train RRSE: 0.4524, Test Loss: 2796.8698, Test Node Loss: 957.6085, Test Reg Loss: 18.3926, Test MAPE: 11.0221, Test R: 0.9128, Test RRSE: 0.6031
2025-02-10 15:30:47,994:INFO:Epoch 109: Train Loss: 2206.1316, Train Node Loss: 994.3285, Train Reg Loss: 12.1180, Train MAPE: 10.9954, Train R: 0.9124, Train RRSE: 0.4713, Test Loss: 2036.5245, Test Node Loss: 1034.0686, Test Reg Loss: 10.0246, Test MAPE: 10.9856, Test R: 0.9126, Test RRSE: 0.4453
2025-02-10 15:31:04,345:INFO:Epoch 110: Train Loss: 2152.5962, Train Node Loss: 1056.9254, Train Reg Loss: 10.9567, Train MAPE: 11.5135, Train R: 0.9087, Train RRSE: 0.4481, Test Loss: 2017.2507, Test Node Loss: 1025.8195, Test Reg Loss: 9.9143, Test MAPE: 10.9495, Test R: 0.9128, Test RRSE: 0.4428
2025-02-10 15:31:20,929:INFO:Epoch 111: Train Loss: 2085.5240, Train Node Loss: 1020.0691, Train Reg Loss: 10.6545, Train MAPE: 11.3343, Train R: 0.9077, Train RRSE: 0.4419, Test Loss: 2471.3366, Test Node Loss: 948.3530, Test Reg Loss: 15.2298, Test MAPE: 10.9381, Test R: 0.9129, Test RRSE: 0.5488
2025-02-10 15:31:37,439:INFO:Epoch 112: Train Loss: 2150.4840, Train Node Loss: 979.1274, Train Reg Loss: 11.7136, Train MAPE: 11.1848, Train R: 0.9039, Train RRSE: 0.4633, Test Loss: 1995.3467, Test Node Loss: 1000.7277, Test Reg Loss: 9.9462, Test MAPE: 11.0200, Test R: 0.9128, Test RRSE: 0.4435
2025-02-10 15:31:53,757:INFO:Epoch 113: Train Loss: 2164.0229, Train Node Loss: 1016.7167, Train Reg Loss: 11.4731, Train MAPE: 11.3761, Train R: 0.9018, Train RRSE: 0.4586, Test Loss: 2056.9434, Test Node Loss: 971.2609, Test Reg Loss: 10.8568, Test MAPE: 10.9189, Test R: 0.9140, Test RRSE: 0.4634
2025-02-10 15:32:10,087:INFO:Epoch 114: Train Loss: 2043.2980, Train Node Loss: 987.9644, Train Reg Loss: 10.5533, Train MAPE: 11.3041, Train R: 0.9101, Train RRSE: 0.4398, Test Loss: 2183.6087, Test Node Loss: 941.6350, Test Reg Loss: 12.4197, Test MAPE: 10.8443, Test R: 0.9139, Test RRSE: 0.4956
2025-02-10 15:32:26,412:INFO:Epoch 115: Train Loss: 2133.1074, Train Node Loss: 984.0135, Train Reg Loss: 11.4909, Train MAPE: 11.4305, Train R: 0.8978, Train RRSE: 0.4589, Test Loss: 2000.3190, Test Node Loss: 956.2443, Test Reg Loss: 10.4407, Test MAPE: 10.9409, Test R: 0.9143, Test RRSE: 0.4544
2025-02-10 15:32:42,689:INFO:Epoch 116: Train Loss: 2015.1280, Train Node Loss: 962.3588, Train Reg Loss: 10.5277, Train MAPE: 11.3477, Train R: 0.9087, Train RRSE: 0.4393, Test Loss: 2339.0475, Test Node Loss: 904.0552, Test Reg Loss: 14.3499, Test MAPE: 10.9852, Test R: 0.9138, Test RRSE: 0.5327
2025-02-10 15:32:58,992:INFO:Epoch 117: Train Loss: 1974.1500, Train Node Loss: 946.1199, Train Reg Loss: 10.2803, Train MAPE: 11.3746, Train R: 0.9118, Train RRSE: 0.4341, Test Loss: 2019.1022, Test Node Loss: 928.2712, Test Reg Loss: 10.9083, Test MAPE: 10.8849, Test R: 0.9149, Test RRSE: 0.4645
2025-02-10 15:33:15,529:INFO:Epoch 118: Train Loss: 1985.9151, Train Node Loss: 947.0982, Train Reg Loss: 10.3882, Train MAPE: 11.3860, Train R: 0.9092, Train RRSE: 0.4363, Test Loss: 2016.2831, Test Node Loss: 915.7066, Test Reg Loss: 11.0058, Test MAPE: 10.8215, Test R: 0.9160, Test RRSE: 0.4665
2025-02-10 15:33:32,067:INFO:Epoch 119: Train Loss: 2007.5083, Train Node Loss: 928.6113, Train Reg Loss: 10.7890, Train MAPE: 11.3486, Train R: 0.9063, Train RRSE: 0.4447, Test Loss: 1996.0308, Test Node Loss: 906.4230, Test Reg Loss: 10.8961, Test MAPE: 10.8061, Test R: 0.9165, Test RRSE: 0.4642
2025-02-10 15:33:48,418:INFO:Epoch 120: Train Loss: 2040.1416, Train Node Loss: 929.8298, Train Reg Loss: 11.1031, Train MAPE: 11.3830, Train R: 0.9026, Train RRSE: 0.4511, Test Loss: 1968.3952, Test Node Loss: 899.1261, Test Reg Loss: 10.6927, Test MAPE: 10.8001, Test R: 0.9166, Test RRSE: 0.4599
2025-02-10 15:34:04,956:INFO:Epoch 121: Train Loss: 2007.1243, Train Node Loss: 895.8252, Train Reg Loss: 11.1130, Train MAPE: 11.2500, Train R: 0.9072, Train RRSE: 0.4513, Test Loss: 2059.4791, Test Node Loss: 878.3934, Test Reg Loss: 11.8109, Test MAPE: 10.9953, Test R: 0.9151, Test RRSE: 0.4833
2025-02-10 15:34:21,250:INFO:Epoch 122: Train Loss: 1985.1357, Train Node Loss: 928.9104, Train Reg Loss: 10.5623, Train MAPE: 11.6178, Train R: 0.9081, Train RRSE: 0.4400, Test Loss: 2028.8781, Test Node Loss: 874.4959, Test Reg Loss: 11.5438, Test MAPE: 10.9809, Test R: 0.9166, Test RRSE: 0.4778
2025-02-10 15:34:37,513:INFO:Epoch 123: Train Loss: 1936.4377, Train Node Loss: 890.2581, Train Reg Loss: 10.4618, Train MAPE: 11.2850, Train R: 0.9104, Train RRSE: 0.4379, Test Loss: 2597.1263, Test Node Loss: 820.4108, Test Reg Loss: 17.7672, Test MAPE: 11.1512, Test R: 0.9171, Test RRSE: 0.5928
2025-02-10 15:34:53,875:INFO:Epoch 124: Train Loss: 1904.8081, Train Node Loss: 873.6212, Train Reg Loss: 10.3119, Train MAPE: 11.2596, Train R: 0.9141, Train RRSE: 0.4347, Test Loss: 1804.6784, Test Node Loss: 904.3433, Test Reg Loss: 9.0034, Test MAPE: 11.0861, Test R: 0.9177, Test RRSE: 0.4220
2025-02-10 15:34:53,903:INFO:Checkpoint saved at best_0.001_0.001_256_SAGE_2_64_0.9177_epoch_124.pth
2025-02-10 15:35:10,223:INFO:Epoch 125: Train Loss: 2012.8567, Train Node Loss: 921.3213, Train Reg Loss: 10.9154, Train MAPE: 11.7414, Train R: 0.9161, Train RRSE: 0.4473, Test Loss: 2635.8297, Test Node Loss: 799.6836, Test Reg Loss: 18.3615, Test MAPE: 11.1623, Test R: 0.9179, Test RRSE: 0.6026
2025-02-10 15:35:10,255:INFO:Checkpoint saved at best_0.001_0.001_256_SAGE_2_64_0.9179_epoch_125.pth
2025-02-10 15:35:26,786:INFO:Epoch 126: Train Loss: 2207.7604, Train Node Loss: 816.7388, Train Reg Loss: 13.9102, Train MAPE: 11.2131, Train R: 0.9068, Train RRSE: 0.5049, Test Loss: 1870.1681, Test Node Loss: 858.8548, Test Reg Loss: 10.1131, Test MAPE: 10.9745, Test R: 0.9170, Test RRSE: 0.4472
2025-02-10 15:35:43,138:INFO:Epoch 127: Train Loss: 2011.6361, Train Node Loss: 912.8673, Train Reg Loss: 10.9877, Train MAPE: 11.8635, Train R: 0.9175, Train RRSE: 0.4488, Test Loss: 1796.7070, Test Node Loss: 868.5813, Test Reg Loss: 9.2813, Test MAPE: 11.1308, Test R: 0.9166, Test RRSE: 0.4284
2025-02-10 15:35:59,415:INFO:Epoch 128: Train Loss: 2090.0909, Train Node Loss: 831.7733, Train Reg Loss: 12.5832, Train MAPE: 11.3458, Train R: 0.8937, Train RRSE: 0.4802, Test Loss: 2543.6170, Test Node Loss: 784.9950, Test Reg Loss: 17.5862, Test MAPE: 11.1769, Test R: 0.9179, Test RRSE: 0.5897
2025-02-10 15:36:15,980:INFO:Epoch 129: Train Loss: 1861.6727, Train Node Loss: 859.1068, Train Reg Loss: 10.0257, Train MAPE: 11.4706, Train R: 0.9113, Train RRSE: 0.4287, Test Loss: 1864.1567, Test Node Loss: 899.1885, Test Reg Loss: 9.6497, Test MAPE: 11.3940, Test R: 0.9196, Test RRSE: 0.4369
2025-02-10 15:36:16,019:INFO:Checkpoint saved at best_0.001_0.001_256_SAGE_2_64_0.9196_epoch_129.pth
2025-02-10 15:36:32,339:INFO:Epoch 130: Train Loss: 1866.3142, Train Node Loss: 862.0721, Train Reg Loss: 10.0424, Train MAPE: 11.5288, Train R: 0.9154, Train RRSE: 0.4290, Test Loss: 2678.2227, Test Node Loss: 764.5424, Test Reg Loss: 19.1368, Test MAPE: 11.2624, Test R: 0.9189, Test RRSE: 0.6152
2025-02-10 15:36:48,690:INFO:Epoch 131: Train Loss: 1917.6721, Train Node Loss: 808.1947, Train Reg Loss: 11.0948, Train MAPE: 11.2820, Train R: 0.9132, Train RRSE: 0.4509, Test Loss: 1718.7755, Test Node Loss: 849.2383, Test Reg Loss: 8.6954, Test MAPE: 11.1714, Test R: 0.9201, Test RRSE: 0.4147
2025-02-10 15:36:48,714:INFO:Checkpoint saved at best_0.001_0.001_256_SAGE_2_64_0.9201_epoch_131.pth
2025-02-10 15:37:05,067:INFO:Epoch 132: Train Loss: 1874.1237, Train Node Loss: 861.0707, Train Reg Loss: 10.1305, Train MAPE: 11.6417, Train R: 0.9195, Train RRSE: 0.4309, Test Loss: 1823.1306, Test Node Loss: 808.3144, Test Reg Loss: 10.1482, Test MAPE: 10.9908, Test R: 0.9205, Test RRSE: 0.4480
2025-02-10 15:37:05,090:INFO:Checkpoint saved at best_0.001_0.001_256_SAGE_2_64_0.9205_epoch_132.pth
2025-02-10 15:37:21,433:INFO:Epoch 133: Train Loss: 2008.1234, Train Node Loss: 793.8619, Train Reg Loss: 12.1426, Train MAPE: 11.2773, Train R: 0.9015, Train RRSE: 0.4717, Test Loss: 1865.5816, Test Node Loss: 793.5089, Test Reg Loss: 10.7207, Test MAPE: 11.0481, Test R: 0.9211, Test RRSE: 0.4605
2025-02-10 15:37:21,471:INFO:Checkpoint saved at best_0.001_0.001_256_SAGE_2_64_0.9211_epoch_133.pth
2025-02-10 15:37:37,836:INFO:Epoch 134: Train Loss: 1883.1537, Train Node Loss: 835.0517, Train Reg Loss: 10.4810, Train MAPE: 11.5477, Train R: 0.9109, Train RRSE: 0.4383, Test Loss: 1693.9613, Test Node Loss: 817.6716, Test Reg Loss: 8.7629, Test MAPE: 11.1758, Test R: 0.9210, Test RRSE: 0.4163
2025-02-10 15:37:54,186:INFO:Epoch 135: Train Loss: 1784.9027, Train Node Loss: 805.1440, Train Reg Loss: 9.7976, Train MAPE: 11.4499, Train R: 0.9147, Train RRSE: 0.4238, Test Loss: 2223.7517, Test Node Loss: 752.4052, Test Reg Loss: 14.7135, Test MAPE: 11.1463, Test R: 0.9211, Test RRSE: 0.5394
2025-02-10 15:37:54,227:INFO:Checkpoint saved at best_0.001_0.001_256_SAGE_2_64_0.9211_epoch_135.pth
2025-02-10 15:38:10,526:INFO:Epoch 136: Train Loss: 1743.7294, Train Node Loss: 796.4033, Train Reg Loss: 9.4733, Train MAPE: 11.3418, Train R: 0.9190, Train RRSE: 0.4167, Test Loss: 1670.4355, Test Node Loss: 803.2788, Test Reg Loss: 8.6716, Test MAPE: 11.1433, Test R: 0.9219, Test RRSE: 0.4141
2025-02-10 15:38:10,560:INFO:Checkpoint saved at best_0.001_0.001_256_SAGE_2_64_0.9219_epoch_136.pth
2025-02-10 15:38:26,834:INFO:Epoch 137: Train Loss: 1756.8581, Train Node Loss: 801.1456, Train Reg Loss: 9.5571, Train MAPE: 11.4877, Train R: 0.9170, Train RRSE: 0.4185, Test Loss: 2099.2202, Test Node Loss: 744.8177, Test Reg Loss: 13.5440, Test MAPE: 11.0606, Test R: 0.9221, Test RRSE: 0.5176
2025-02-10 15:38:26,861:INFO:Checkpoint saved at best_0.001_0.001_256_SAGE_2_64_0.9221_epoch_137.pth
2025-02-10 15:38:43,198:INFO:Epoch 138: Train Loss: 1778.9895, Train Node Loss: 792.9268, Train Reg Loss: 9.8606, Train MAPE: 11.5960, Train R: 0.9120, Train RRSE: 0.4251, Test Loss: 1688.4530, Test Node Loss: 778.2209, Test Reg Loss: 9.1023, Test MAPE: 10.9846, Test R: 0.9222, Test RRSE: 0.4243
2025-02-10 15:38:43,235:INFO:Checkpoint saved at best_0.001_0.001_256_SAGE_2_64_0.9222_epoch_138.pth
2025-02-10 15:38:59,581:INFO:Epoch 139: Train Loss: 1724.2551, Train Node Loss: 770.3127, Train Reg Loss: 9.5394, Train MAPE: 11.4396, Train R: 0.9194, Train RRSE: 0.4181, Test Loss: 2071.9641, Test Node Loss: 732.3603, Test Reg Loss: 13.3960, Test MAPE: 11.1155, Test R: 0.9220, Test RRSE: 0.5147
2025-02-10 15:39:15,943:INFO:Epoch 140: Train Loss: 1695.8342, Train Node Loss: 771.4019, Train Reg Loss: 9.2443, Train MAPE: 11.4582, Train R: 0.9200, Train RRSE: 0.4116, Test Loss: 1610.5758, Test Node Loss: 786.2280, Test Reg Loss: 8.2435, Test MAPE: 11.2822, Test R: 0.9233, Test RRSE: 0.4038
2025-02-10 15:39:15,962:INFO:Checkpoint saved at best_0.001_0.001_256_SAGE_2_64_0.9233_epoch_140.pth
2025-02-10 15:39:32,506:INFO:Epoch 141: Train Loss: 1683.5885, Train Node Loss: 778.6974, Train Reg Loss: 9.0489, Train MAPE: 11.6433, Train R: 0.9217, Train RRSE: 0.4072, Test Loss: 1992.5935, Test Node Loss: 721.8008, Test Reg Loss: 12.7079, Test MAPE: 11.1294, Test R: 0.9223, Test RRSE: 0.5013
2025-02-10 15:39:49,109:INFO:Epoch 142: Train Loss: 1692.8821, Train Node Loss: 736.8473, Train Reg Loss: 9.5603, Train MAPE: 11.4984, Train R: 0.9213, Train RRSE: 0.4186, Test Loss: 1600.9826, Test Node Loss: 759.0244, Test Reg Loss: 8.4196, Test MAPE: 11.1389, Test R: 0.9232, Test RRSE: 0.4081
2025-02-10 15:40:05,518:INFO:Epoch 143: Train Loss: 1804.1617, Train Node Loss: 784.3160, Train Reg Loss: 10.1985, Train MAPE: 11.8934, Train R: 0.9193, Train RRSE: 0.4323, Test Loss: 1981.7293, Test Node Loss: 707.3606, Test Reg Loss: 12.7437, Test MAPE: 11.1688, Test R: 0.9233, Test RRSE: 0.5020
2025-02-10 15:40:05,550:INFO:Checkpoint saved at best_0.001_0.001_256_SAGE_2_64_0.9233_epoch_143.pth
2025-02-10 15:40:22,085:INFO:Epoch 144: Train Loss: 1958.9228, Train Node Loss: 706.0281, Train Reg Loss: 12.5289, Train MAPE: 11.4080, Train R: 0.9059, Train RRSE: 0.4792, Test Loss: 1603.9045, Test Node Loss: 740.7719, Test Reg Loss: 8.6313, Test MAPE: 11.2104, Test R: 0.9227, Test RRSE: 0.4132
2025-02-10 15:40:38,453:INFO:Epoch 145: Train Loss: 1706.4954, Train Node Loss: 764.0678, Train Reg Loss: 9.4243, Train MAPE: 11.8492, Train R: 0.9217, Train RRSE: 0.4156, Test Loss: 1608.4899, Test Node Loss: 731.8464, Test Reg Loss: 8.7664, Test MAPE: 11.2371, Test R: 0.9209, Test RRSE: 0.4164
2025-02-10 15:40:55,020:INFO:Epoch 146: Train Loss: 1659.8673, Train Node Loss: 735.3294, Train Reg Loss: 9.2454, Train MAPE: 11.4781, Train R: 0.9188, Train RRSE: 0.4116, Test Loss: 2237.4101, Test Node Loss: 671.7021, Test Reg Loss: 15.6571, Test MAPE: 11.2059, Test R: 0.9245, Test RRSE: 0.5565
2025-02-10 15:40:55,048:INFO:Checkpoint saved at best_0.001_0.001_256_SAGE_2_64_0.9245_epoch_146.pth
2025-02-10 15:41:11,607:INFO:Epoch 147: Train Loss: 1854.4290, Train Node Loss: 686.7684, Train Reg Loss: 11.6766, Train MAPE: 11.2148, Train R: 0.9185, Train RRSE: 0.4626, Test Loss: 1634.7758, Test Node Loss: 760.6770, Test Reg Loss: 8.7410, Test MAPE: 11.4874, Test R: 0.9270, Test RRSE: 0.4158
2025-02-10 15:41:11,631:INFO:Checkpoint saved at best_0.001_0.001_256_SAGE_2_64_0.9270_epoch_147.pth
2025-02-10 15:41:27,979:INFO:Epoch 148: Train Loss: 2195.2654, Train Node Loss: 775.5695, Train Reg Loss: 14.1970, Train MAPE: 12.2688, Train R: 0.9045, Train RRSE: 0.5101, Test Loss: 2340.3449, Test Node Loss: 657.6954, Test Reg Loss: 16.8265, Test MAPE: 11.3511, Test R: 0.9246, Test RRSE: 0.5769
2025-02-10 15:41:44,477:INFO:Epoch 149: Train Loss: 2054.5661, Train Node Loss: 658.8189, Train Reg Loss: 13.9575, Train MAPE: 11.4637, Train R: 0.9169, Train RRSE: 0.5058, Test Loss: 1662.3351, Test Node Loss: 699.6713, Test Reg Loss: 9.6266, Test MAPE: 11.1392, Test R: 0.9270, Test RRSE: 0.4363
2025-02-10 15:42:00,981:INFO:Epoch 150: Train Loss: 1853.6582, Train Node Loss: 745.1479, Train Reg Loss: 11.0851, Train MAPE: 11.7461, Train R: 0.9104, Train RRSE: 0.4507, Test Loss: 1574.6941, Test Node Loss: 749.4239, Test Reg Loss: 8.2527, Test MAPE: 11.5035, Test R: 0.9288, Test RRSE: 0.4040
2025-02-10 15:42:01,000:INFO:Checkpoint saved at best_0.001_0.001_256_SAGE_2_64_0.9288_epoch_150.pth
2025-02-10 15:42:17,296:INFO:Epoch 151: Train Loss: 1798.2352, Train Node Loss: 692.3134, Train Reg Loss: 11.0592, Train MAPE: 11.3779, Train R: 0.9024, Train RRSE: 0.4502, Test Loss: 2577.4643, Test Node Loss: 633.2695, Test Reg Loss: 19.4419, Test MAPE: 11.2524, Test R: 0.9285, Test RRSE: 0.6201
2025-02-10 15:42:33,627:INFO:Epoch 152: Train Loss: 2034.8066, Train Node Loss: 710.2675, Train Reg Loss: 13.2454, Train MAPE: 11.7254, Train R: 0.8742, Train RRSE: 0.4927, Test Loss: 1575.4166, Test Node Loss: 736.7145, Test Reg Loss: 8.3870, Test MAPE: 11.5512, Test R: 0.9274, Test RRSE: 0.4073
2025-02-10 15:42:49,940:INFO:Epoch 153: Train Loss: 1734.5157, Train Node Loss: 682.9365, Train Reg Loss: 10.5158, Train MAPE: 11.5810, Train R: 0.9067, Train RRSE: 0.4390, Test Loss: 2119.7235, Test Node Loss: 641.4283, Test Reg Loss: 14.7830, Test MAPE: 11.2878, Test R: 0.9267, Test RRSE: 0.5407
2025-02-10 15:43:06,231:INFO:Epoch 154: Train Loss: 1751.0844, Train Node Loss: 694.4730, Train Reg Loss: 10.5661, Train MAPE: 11.5347, Train R: 0.9056, Train RRSE: 0.4401, Test Loss: 1508.6422, Test Node Loss: 712.3879, Test Reg Loss: 7.9625, Test MAPE: 11.4549, Test R: 0.9251, Test RRSE: 0.3968
2025-02-10 15:43:22,552:INFO:Epoch 155: Train Loss: 1556.7920, Train Node Loss: 675.7239, Train Reg Loss: 8.8107, Train MAPE: 11.5704, Train R: 0.9232, Train RRSE: 0.4018, Test Loss: 2173.1920, Test Node Loss: 627.2235, Test Reg Loss: 15.4597, Test MAPE: 11.3530, Test R: 0.9252, Test RRSE: 0.5529
2025-02-10 15:43:38,823:INFO:Epoch 156: Train Loss: 1662.9874, Train Node Loss: 662.0783, Train Reg Loss: 10.0091, Train MAPE: 11.3552, Train R: 0.9133, Train RRSE: 0.4283, Test Loss: 1627.5409, Test Node Loss: 719.5854, Test Reg Loss: 9.0796, Test MAPE: 11.7796, Test R: 0.9234, Test RRSE: 0.4238
2025-02-10 15:43:55,167:INFO:Epoch 157: Train Loss: 1719.4321, Train Node Loss: 698.7946, Train Reg Loss: 10.2064, Train MAPE: 11.8846, Train R: 0.9174, Train RRSE: 0.4325, Test Loss: 2399.6979, Test Node Loss: 604.0338, Test Reg Loss: 17.9566, Test MAPE: 11.4463, Test R: 0.9252, Test RRSE: 0.5959
2025-02-10 15:44:11,737:INFO:Epoch 158: Train Loss: 1715.4541, Train Node Loss: 629.5490, Train Reg Loss: 10.8591, Train MAPE: 11.4270, Train R: 0.9199, Train RRSE: 0.4461, Test Loss: 1463.0488, Test Node Loss: 680.9074, Test Reg Loss: 7.8214, Test MAPE: 10.9674, Test R: 0.9260, Test RRSE: 0.3933
2025-02-10 15:44:28,064:INFO:Epoch 159: Train Loss: 1650.4756, Train Node Loss: 678.2233, Train Reg Loss: 9.7225, Train MAPE: 11.8788, Train R: 0.9187, Train RRSE: 0.4221, Test Loss: 1621.1412, Test Node Loss: 632.8032, Test Reg Loss: 9.8834, Test MAPE: 11.2316, Test R: 0.9271, Test RRSE: 0.4421
2025-02-10 15:44:44,578:INFO:Epoch 160: Train Loss: 1538.0318, Train Node Loss: 634.2168, Train Reg Loss: 9.0382, Train MAPE: 11.3970, Train R: 0.9265, Train RRSE: 0.4070, Test Loss: 1447.4933, Test Node Loss: 649.8629, Test Reg Loss: 7.9763, Test MAPE: 11.1504, Test R: 0.9273, Test RRSE: 0.3972
2025-02-10 15:45:01,139:INFO:Epoch 161: Train Loss: 1571.1721, Train Node Loss: 664.8602, Train Reg Loss: 9.0631, Train MAPE: 11.7852, Train R: 0.9253, Train RRSE: 0.4076, Test Loss: 1539.0966, Test Node Loss: 629.1550, Test Reg Loss: 9.0994, Test MAPE: 11.1716, Test R: 0.9273, Test RRSE: 0.4242
2025-02-10 15:45:17,410:INFO:Epoch 162: Train Loss: 1483.6292, Train Node Loss: 627.4950, Train Reg Loss: 8.5613, Train MAPE: 11.4744, Train R: 0.9278, Train RRSE: 0.3961, Test Loss: 1912.7176, Test Node Loss: 596.5870, Test Reg Loss: 13.1613, Test MAPE: 11.3134, Test R: 0.9270, Test RRSE: 0.5102
2025-02-10 15:45:33,690:INFO:Epoch 163: Train Loss: 1494.7154, Train Node Loss: 628.0223, Train Reg Loss: 8.6669, Train MAPE: 11.4627, Train R: 0.9266, Train RRSE: 0.3986, Test Loss: 1401.0095, Test Node Loss: 641.3908, Test Reg Loss: 7.5962, Test MAPE: 11.3541, Test R: 0.9282, Test RRSE: 0.3876
2025-02-10 15:45:49,865:INFO:Epoch 164: Train Loss: 1539.3865, Train Node Loss: 641.9656, Train Reg Loss: 8.9742, Train MAPE: 11.6854, Train R: 0.9238, Train RRSE: 0.4056, Test Loss: 2305.3449, Test Node Loss: 568.9134, Test Reg Loss: 17.3643, Test MAPE: 11.4656, Test R: 0.9296, Test RRSE: 0.5860
2025-02-10 15:45:49,886:INFO:Checkpoint saved at best_0.001_0.001_256_SAGE_2_64_0.9296_epoch_164.pth
2025-02-10 15:46:05,990:INFO:Epoch 165: Train Loss: 1488.3397, Train Node Loss: 601.0666, Train Reg Loss: 8.8727, Train MAPE: 11.4927, Train R: 0.9314, Train RRSE: 0.4033, Test Loss: 1412.2916, Test Node Loss: 617.9993, Test Reg Loss: 7.9429, Test MAPE: 11.2322, Test R: 0.9298, Test RRSE: 0.3963
2025-02-10 15:46:06,014:INFO:Checkpoint saved at best_0.001_0.001_256_SAGE_2_64_0.9298_epoch_165.pth
2025-02-10 15:46:22,123:INFO:Epoch 166: Train Loss: 1447.7858, Train Node Loss: 634.8409, Train Reg Loss: 8.1294, Train MAPE: 11.7991, Train R: 0.9343, Train RRSE: 0.3860, Test Loss: 1721.6778, Test Node Loss: 584.5787, Test Reg Loss: 11.3710, Test MAPE: 11.2588, Test R: 0.9294, Test RRSE: 0.4742
2025-02-10 15:46:38,237:INFO:Epoch 167: Train Loss: 1525.2128, Train Node Loss: 588.1806, Train Reg Loss: 9.3703, Train MAPE: 11.4433, Train R: 0.9273, Train RRSE: 0.4144, Test Loss: 1503.9165, Test Node Loss: 594.9728, Test Reg Loss: 9.0894, Test MAPE: 11.1656, Test R: 0.9293, Test RRSE: 0.4240
2025-02-10 15:46:54,267:INFO:Epoch 168: Train Loss: 1485.8074, Train Node Loss: 626.1703, Train Reg Loss: 8.5964, Train MAPE: 11.9129, Train R: 0.9272, Train RRSE: 0.3969, Test Loss: 1420.3381, Test Node Loss: 598.5889, Test Reg Loss: 8.2175, Test MAPE: 11.2361, Test R: 0.9289, Test RRSE: 0.4031
2025-02-10 15:47:10,345:INFO:Epoch 169: Train Loss: 1450.4555, Train Node Loss: 596.8475, Train Reg Loss: 8.5361, Train MAPE: 11.4430, Train R: 0.9251, Train RRSE: 0.3955, Test Loss: 1863.7790, Test Node Loss: 559.9487, Test Reg Loss: 13.0383, Test MAPE: 11.3595, Test R: 0.9301, Test RRSE: 0.5078
2025-02-10 15:47:10,370:INFO:Checkpoint saved at best_0.001_0.001_256_SAGE_2_64_0.9301_epoch_169.pth
2025-02-10 15:47:26,459:INFO:Epoch 170: Train Loss: 1426.1015, Train Node Loss: 594.8642, Train Reg Loss: 8.3124, Train MAPE: 11.6349, Train R: 0.9274, Train RRSE: 0.3903, Test Loss: 1394.0830, Test Node Loss: 587.2566, Test Reg Loss: 8.0683, Test MAPE: 11.3040, Test R: 0.9298, Test RRSE: 0.3995
2025-02-10 15:47:42,623:INFO:Epoch 171: Train Loss: 1418.2444, Train Node Loss: 595.4876, Train Reg Loss: 8.2276, Train MAPE: 11.6203, Train R: 0.9292, Train RRSE: 0.3883, Test Loss: 1714.7453, Test Node Loss: 558.0893, Test Reg Loss: 11.5666, Test MAPE: 11.4057, Test R: 0.9294, Test RRSE: 0.4783
2025-02-10 15:47:58,959:INFO:Epoch 172: Train Loss: 1403.6603, Train Node Loss: 570.9804, Train Reg Loss: 8.3268, Train MAPE: 11.5543, Train R: 0.9327, Train RRSE: 0.3907, Test Loss: 1366.1767, Test Node Loss: 582.6579, Test Reg Loss: 7.8352, Test MAPE: 11.3203, Test R: 0.9293, Test RRSE: 0.3936
2025-02-10 15:48:15,040:INFO:Epoch 173: Train Loss: 1420.3548, Train Node Loss: 594.1515, Train Reg Loss: 8.2620, Train MAPE: 11.9080, Train R: 0.9265, Train RRSE: 0.3891, Test Loss: 1713.5413, Test Node Loss: 547.7514, Test Reg Loss: 11.6579, Test MAPE: 11.3155, Test R: 0.9296, Test RRSE: 0.4802
2025-02-10 15:48:31,169:INFO:Epoch 174: Train Loss: 1395.8043, Train Node Loss: 572.9348, Train Reg Loss: 8.2287, Train MAPE: 11.7022, Train R: 0.9271, Train RRSE: 0.3883, Test Loss: 1450.2251, Test Node Loss: 556.3093, Test Reg Loss: 8.9392, Test MAPE: 11.1868, Test R: 0.9308, Test RRSE: 0.4205
2025-02-10 15:48:31,190:INFO:Checkpoint saved at best_0.001_0.001_256_SAGE_2_64_0.9308_epoch_174.pth
2025-02-10 15:48:47,284:INFO:Epoch 175: Train Loss: 1510.1988, Train Node Loss: 572.9251, Train Reg Loss: 9.3727, Train MAPE: 11.5880, Train R: 0.9175, Train RRSE: 0.4145, Test Loss: 1914.7328, Test Node Loss: 524.4163, Test Reg Loss: 13.9032, Test MAPE: 11.4637, Test R: 0.9303, Test RRSE: 0.5244
2025-02-10 15:49:03,647:INFO:Epoch 176: Train Loss: 1468.7689, Train Node Loss: 541.6039, Train Reg Loss: 9.2716, Train MAPE: 11.5066, Train R: 0.9285, Train RRSE: 0.4122, Test Loss: 1289.2802, Test Node Loss: 566.2515, Test Reg Loss: 7.2303, Test MAPE: 11.4338, Test R: 0.9307, Test RRSE: 0.3781
2025-02-10 15:49:20,020:INFO:Epoch 177: Train Loss: 1396.5529, Train Node Loss: 567.4680, Train Reg Loss: 8.2908, Train MAPE: 11.8368, Train R: 0.9262, Train RRSE: 0.3898, Test Loss: 1819.4112, Test Node Loss: 522.0922, Test Reg Loss: 12.9732, Test MAPE: 11.4683, Test R: 0.9314, Test RRSE: 0.5065
2025-02-10 15:49:20,048:INFO:Checkpoint saved at best_0.001_0.001_256_SAGE_2_64_0.9314_epoch_177.pth
2025-02-10 15:49:36,210:INFO:Epoch 178: Train Loss: 1275.1220, Train Node Loss: 550.4296, Train Reg Loss: 7.2469, Train MAPE: 11.6170, Train R: 0.9381, Train RRSE: 0.3644, Test Loss: 1279.6003, Test Node Loss: 558.0066, Test Reg Loss: 7.2159, Test MAPE: 11.4886, Test R: 0.9322, Test RRSE: 0.3778
2025-02-10 15:49:36,230:INFO:Checkpoint saved at best_0.001_0.001_256_SAGE_2_64_0.9322_epoch_178.pth
2025-02-10 15:49:52,368:INFO:Epoch 179: Train Loss: 1397.3423, Train Node Loss: 568.9952, Train Reg Loss: 8.2835, Train MAPE: 12.0160, Train R: 0.9287, Train RRSE: 0.3896, Test Loss: 2125.2330, Test Node Loss: 500.1251, Test Reg Loss: 16.2511, Test MAPE: 11.5198, Test R: 0.9325, Test RRSE: 0.5669
2025-02-10 15:49:52,392:INFO:Checkpoint saved at best_0.001_0.001_256_SAGE_2_64_0.9325_epoch_179.pth
2025-02-10 15:50:08,506:INFO:Epoch 180: Train Loss: 1400.0590, Train Node Loss: 536.1499, Train Reg Loss: 8.6391, Train MAPE: 11.6521, Train R: 0.9259, Train RRSE: 0.3979, Test Loss: 1283.9143, Test Node Loss: 545.2422, Test Reg Loss: 7.3867, Test MAPE: 11.5062, Test R: 0.9302, Test RRSE: 0.3822
2025-02-10 15:50:24,606:INFO:Epoch 181: Train Loss: 1295.6036, Train Node Loss: 543.8905, Train Reg Loss: 7.5171, Train MAPE: 11.7728, Train R: 0.9334, Train RRSE: 0.3712, Test Loss: 1375.9464, Test Node Loss: 527.2435, Test Reg Loss: 8.4870, Test MAPE: 11.5039, Test R: 0.9271, Test RRSE: 0.4097
2025-02-10 15:50:40,809:INFO:Epoch 182: Train Loss: 1243.6282, Train Node Loss: 535.3693, Train Reg Loss: 7.0826, Train MAPE: 11.6900, Train R: 0.9371, Train RRSE: 0.3603, Test Loss: 1428.2594, Test Node Loss: 516.3954, Test Reg Loss: 9.1186, Test MAPE: 11.3268, Test R: 0.9302, Test RRSE: 0.4247
2025-02-10 15:50:56,940:INFO:Epoch 183: Train Loss: 1317.6675, Train Node Loss: 529.0213, Train Reg Loss: 7.8865, Train MAPE: 11.5923, Train R: 0.9329, Train RRSE: 0.3802, Test Loss: 1470.7690, Test Node Loss: 506.9599, Test Reg Loss: 9.6381, Test MAPE: 11.3059, Test R: 0.9328, Test RRSE: 0.4366
2025-02-10 15:50:56,968:INFO:Checkpoint saved at best_0.001_0.001_256_SAGE_2_64_0.9328_epoch_183.pth
2025-02-10 15:51:13,105:INFO:Epoch 184: Train Loss: 1300.6554, Train Node Loss: 531.2255, Train Reg Loss: 7.6943, Train MAPE: 11.8111, Train R: 0.9327, Train RRSE: 0.3755, Test Loss: 1959.5433, Test Node Loss: 483.5361, Test Reg Loss: 14.7601, Test MAPE: 11.5274, Test R: 0.9326, Test RRSE: 0.5403
2025-02-10 15:51:29,303:INFO:Epoch 185: Train Loss: 1273.6135, Train Node Loss: 515.7974, Train Reg Loss: 7.5782, Train MAPE: 11.7163, Train R: 0.9349, Train RRSE: 0.3727, Test Loss: 1367.3420, Test Node Loss: 509.5001, Test Reg Loss: 8.5784, Test MAPE: 11.4835, Test R: 0.9332, Test RRSE: 0.4119
2025-02-10 15:51:29,340:INFO:Checkpoint saved at best_0.001_0.001_256_SAGE_2_64_0.9332_epoch_185.pth
2025-02-10 15:51:45,912:INFO:Epoch 186: Train Loss: 1175.1786, Train Node Loss: 526.0121, Train Reg Loss: 6.4917, Train MAPE: 11.9159, Train R: 0.9430, Train RRSE: 0.3449, Test Loss: 1770.7092, Test Node Loss: 480.7725, Test Reg Loss: 12.8994, Test MAPE: 11.5559, Test R: 0.9334, Test RRSE: 0.5051
2025-02-10 15:51:45,931:INFO:Checkpoint saved at best_0.001_0.001_256_SAGE_2_64_0.9334_epoch_186.pth
2025-02-10 15:52:02,613:INFO:Epoch 187: Train Loss: 1235.5160, Train Node Loss: 506.0389, Train Reg Loss: 7.2948, Train MAPE: 11.6417, Train R: 0.9379, Train RRSE: 0.3656, Test Loss: 1228.1545, Test Node Loss: 509.3008, Test Reg Loss: 7.1885, Test MAPE: 11.4449, Test R: 0.9330, Test RRSE: 0.3771
2025-02-10 15:52:18,962:INFO:Epoch 188: Train Loss: 1314.7031, Train Node Loss: 517.4858, Train Reg Loss: 7.9722, Train MAPE: 11.8506, Train R: 0.9297, Train RRSE: 0.3822, Test Loss: 2256.3049, Test Node Loss: 454.8462, Test Reg Loss: 18.0146, Test MAPE: 11.7882, Test R: 0.9326, Test RRSE: 0.5969
2025-02-10 15:52:35,388:INFO:Epoch 189: Train Loss: 1326.0021, Train Node Loss: 495.6907, Train Reg Loss: 8.3031, Train MAPE: 11.7780, Train R: 0.9272, Train RRSE: 0.3901, Test Loss: 1246.9560, Test Node Loss: 529.5320, Test Reg Loss: 7.1742, Test MAPE: 11.8362, Test R: 0.9319, Test RRSE: 0.3767
2025-02-10 15:52:51,952:INFO:Epoch 190: Train Loss: 1240.1123, Train Node Loss: 507.1115, Train Reg Loss: 7.3300, Train MAPE: 11.8913, Train R: 0.9333, Train RRSE: 0.3665, Test Loss: 1910.2075, Test Node Loss: 460.5727, Test Reg Loss: 14.4963, Test MAPE: 11.6081, Test R: 0.9313, Test RRSE: 0.5354
2025-02-10 15:53:08,331:INFO:Epoch 191: Train Loss: 1370.3548, Train Node Loss: 504.5393, Train Reg Loss: 8.6582, Train MAPE: 11.9604, Train R: 0.9194, Train RRSE: 0.3984, Test Loss: 1298.0368, Test Node Loss: 484.7308, Test Reg Loss: 8.1331, Test MAPE: 11.5710, Test R: 0.9324, Test RRSE: 0.4011
2025-02-10 15:53:24,907:INFO:Epoch 192: Train Loss: 1369.9780, Train Node Loss: 470.9023, Train Reg Loss: 8.9908, Train MAPE: 11.6735, Train R: 0.9322, Train RRSE: 0.4059, Test Loss: 1259.5201, Test Node Loss: 514.1757, Test Reg Loss: 7.4534, Test MAPE: 11.8661, Test R: 0.9321, Test RRSE: 0.3839
2025-02-10 15:53:41,385:INFO:Epoch 193: Train Loss: 1278.2432, Train Node Loss: 511.2329, Train Reg Loss: 7.6701, Train MAPE: 12.1148, Train R: 0.9410, Train RRSE: 0.3749, Test Loss: 1308.9919, Test Node Loss: 479.5279, Test Reg Loss: 8.2946, Test MAPE: 11.5148, Test R: 0.9298, Test RRSE: 0.4050
2025-02-10 15:53:57,931:INFO:Epoch 194: Train Loss: 1294.3986, Train Node Loss: 468.9729, Train Reg Loss: 8.2543, Train MAPE: 11.5584, Train R: 0.9383, Train RRSE: 0.3889, Test Loss: 1176.3772, Test Node Loss: 494.6596, Test Reg Loss: 6.8172, Test MAPE: 11.6293, Test R: 0.9328, Test RRSE: 0.3672
2025-02-10 15:54:14,424:INFO:Epoch 195: Train Loss: 1418.0303, Train Node Loss: 508.8896, Train Reg Loss: 9.0914, Train MAPE: 12.1509, Train R: 0.9282, Train RRSE: 0.4082, Test Loss: 1617.2685, Test Node Loss: 449.5933, Test Reg Loss: 11.6768, Test MAPE: 11.5106, Test R: 0.9337, Test RRSE: 0.4806
2025-02-10 15:54:14,451:INFO:Checkpoint saved at best_0.001_0.001_256_SAGE_2_64_0.9337_epoch_195.pth
2025-02-10 15:54:31,203:INFO:Epoch 196: Train Loss: 1534.7690, Train Node Loss: 451.9505, Train Reg Loss: 10.8282, Train MAPE: 11.4933, Train R: 0.9206, Train RRSE: 0.4455, Test Loss: 1406.7181, Test Node Loss: 511.2227, Test Reg Loss: 8.9550, Test MAPE: 12.1202, Test R: 0.9327, Test RRSE: 0.4208
2025-02-10 15:54:47,963:INFO:Epoch 197: Train Loss: 1419.5759, Train Node Loss: 495.4075, Train Reg Loss: 9.2417, Train MAPE: 11.8349, Train R: 0.9269, Train RRSE: 0.4116, Test Loss: 1241.0680, Test Node Loss: 461.2658, Test Reg Loss: 7.7980, Test MAPE: 11.5113, Test R: 0.9358, Test RRSE: 0.3927
2025-02-10 15:54:47,980:INFO:Checkpoint saved at best_0.001_0.001_256_SAGE_2_64_0.9358_epoch_197.pth
2025-02-10 15:55:04,475:INFO:Epoch 198: Train Loss: 1347.0855, Train Node Loss: 445.6261, Train Reg Loss: 9.0146, Train MAPE: 11.5253, Train R: 0.9366, Train RRSE: 0.4065, Test Loss: 1228.4644, Test Node Loss: 461.6853, Test Reg Loss: 7.6678, Test MAPE: 11.5160, Test R: 0.9345, Test RRSE: 0.3894
2025-02-10 15:55:20,971:INFO:Epoch 199: Train Loss: 1575.2722, Train Node Loss: 492.8846, Train Reg Loss: 10.8239, Train MAPE: 12.3930, Train R: 0.9141, Train RRSE: 0.4454, Test Loss: 1513.6317, Test Node Loss: 444.4371, Test Reg Loss: 10.6919, Test MAPE: 11.2532, Test R: 0.9342, Test RRSE: 0.4598
2025-02-10 15:55:37,500:INFO:Epoch 200: Train Loss: 1313.2553, Train Node Loss: 441.7141, Train Reg Loss: 8.7154, Train MAPE: 11.3723, Train R: 0.9395, Train RRSE: 0.3997, Test Loss: 1685.9032, Test Node Loss: 437.0218, Test Reg Loss: 12.4888, Test MAPE: 11.1854, Test R: 0.9361, Test RRSE: 0.4970
2025-02-10 15:55:37,525:INFO:Checkpoint saved at best_0.001_0.001_256_SAGE_2_64_0.9361_epoch_200.pth
2025-02-10 15:55:54,047:INFO:Epoch 201: Train Loss: 1197.5414, Train Node Loss: 472.7320, Train Reg Loss: 7.2481, Train MAPE: 11.7813, Train R: 0.9372, Train RRSE: 0.3645, Test Loss: 1152.9425, Test Node Loss: 478.2784, Test Reg Loss: 6.7466, Test MAPE: 11.5744, Test R: 0.9339, Test RRSE: 0.3653
2025-02-10 15:56:10,859:INFO:Epoch 202: Train Loss: 1130.5934, Train Node Loss: 453.9762, Train Reg Loss: 6.7662, Train MAPE: 11.7803, Train R: 0.9408, Train RRSE: 0.3521, Test Loss: 1396.7111, Test Node Loss: 432.9313, Test Reg Loss: 9.6378, Test MAPE: 11.4271, Test R: 0.9307, Test RRSE: 0.4366
2025-02-10 15:56:27,600:INFO:Epoch 203: Train Loss: 1233.3255, Train Node Loss: 432.9925, Train Reg Loss: 8.0033, Train MAPE: 11.4646, Train R: 0.9355, Train RRSE: 0.3830, Test Loss: 1311.8923, Test Node Loss: 476.7305, Test Reg Loss: 8.3516, Test MAPE: 12.0694, Test R: 0.9325, Test RRSE: 0.4064
2025-02-10 15:56:44,068:INFO:Epoch 204: Train Loss: 1291.9695, Train Node Loss: 465.1131, Train Reg Loss: 8.2686, Train MAPE: 12.2206, Train R: 0.9364, Train RRSE: 0.3893, Test Loss: 2066.9207, Test Node Loss: 399.7457, Test Reg Loss: 16.6717, Test MAPE: 11.6339, Test R: 0.9364, Test RRSE: 0.5742
2025-02-10 15:56:44,092:INFO:Checkpoint saved at best_0.001_0.001_256_SAGE_2_64_0.9364_epoch_204.pth
2025-02-10 15:57:00,857:INFO:Epoch 205: Train Loss: 1262.2405, Train Node Loss: 421.1027, Train Reg Loss: 8.4114, Train MAPE: 11.4240, Train R: 0.9386, Train RRSE: 0.3926, Test Loss: 1109.0292, Test Node Loss: 456.3275, Test Reg Loss: 6.5270, Test MAPE: 11.8059, Test R: 0.9343, Test RRSE: 0.3593
2025-02-10 15:57:17,388:INFO:Epoch 206: Train Loss: 1369.9097, Train Node Loss: 464.5272, Train Reg Loss: 9.0538, Train MAPE: 12.3598, Train R: 0.9294, Train RRSE: 0.4074, Test Loss: 2390.7752, Test Node Loss: 388.3282, Test Reg Loss: 20.0245, Test MAPE: 11.8065, Test R: 0.9320, Test RRSE: 0.6293
2025-02-10 15:57:33,894:INFO:Epoch 207: Train Loss: 1203.7434, Train Node Loss: 415.7268, Train Reg Loss: 7.8802, Train MAPE: 11.6744, Train R: 0.9426, Train RRSE: 0.3800, Test Loss: 1116.0585, Test Node Loss: 438.7467, Test Reg Loss: 6.7731, Test MAPE: 11.4771, Test R: 0.9350, Test RRSE: 0.3660
2025-02-10 15:57:50,368:INFO:Epoch 208: Train Loss: 1193.5392, Train Node Loss: 443.0209, Train Reg Loss: 7.5052, Train MAPE: 11.7281, Train R: 0.9385, Train RRSE: 0.3709, Test Loss: 1357.6903, Test Node Loss: 412.3086, Test Reg Loss: 9.4538, Test MAPE: 11.4165, Test R: 0.9351, Test RRSE: 0.4324
2025-02-10 15:58:06,597:INFO:Epoch 209: Train Loss: 1090.4823, Train Node Loss: 429.2891, Train Reg Loss: 6.6119, Train MAPE: 11.8339, Train R: 0.9424, Train RRSE: 0.3481, Test Loss: 1355.0308, Test Node Loss: 408.6217, Test Reg Loss: 9.4641, Test MAPE: 11.5870, Test R: 0.9329, Test RRSE: 0.4326
2025-02-10 15:58:23,042:INFO:Epoch 210: Train Loss: 1198.8744, Train Node Loss: 416.7823, Train Reg Loss: 7.8209, Train MAPE: 11.7289, Train R: 0.9311, Train RRSE: 0.3786, Test Loss: 1130.1704, Test Node Loss: 422.2246, Test Reg Loss: 7.0795, Test MAPE: 11.7357, Test R: 0.9318, Test RRSE: 0.3742
2025-02-10 15:58:39,271:INFO:Epoch 211: Train Loss: 1029.9619, Train Node Loss: 422.0373, Train Reg Loss: 6.0792, Train MAPE: 11.9496, Train R: 0.9456, Train RRSE: 0.3338, Test Loss: 1548.7163, Test Node Loss: 391.4446, Test Reg Loss: 11.5727, Test MAPE: 11.6037, Test R: 0.9349, Test RRSE: 0.4784
2025-02-10 15:58:55,561:INFO:Epoch 212: Train Loss: 1047.9384, Train Node Loss: 408.9382, Train Reg Loss: 6.3900, Train MAPE: 11.8024, Train R: 0.9455, Train RRSE: 0.3422, Test Loss: 1219.2933, Test Node Loss: 403.8242, Test Reg Loss: 8.1547, Test MAPE: 11.5044, Test R: 0.9366, Test RRSE: 0.4016
2025-02-10 15:58:55,583:INFO:Checkpoint saved at best_0.001_0.001_256_SAGE_2_64_0.9366_epoch_212.pth
2025-02-10 15:59:11,888:INFO:Epoch 213: Train Loss: 1187.3261, Train Node Loss: 428.1423, Train Reg Loss: 7.5918, Train MAPE: 12.1469, Train R: 0.9363, Train RRSE: 0.3730, Test Loss: 2315.6937, Test Node Loss: 365.9500, Test Reg Loss: 19.4974, Test MAPE: 11.9310, Test R: 0.9352, Test RRSE: 0.6210
2025-02-10 15:59:28,225:INFO:Epoch 214: Train Loss: 1208.9518, Train Node Loss: 394.5871, Train Reg Loss: 8.1436, Train MAPE: 11.5870, Train R: 0.9370, Train RRSE: 0.3863, Test Loss: 1078.6690, Test Node Loss: 415.0606, Test Reg Loss: 6.6361, Test MAPE: 11.6075, Test R: 0.9355, Test RRSE: 0.3623
2025-02-10 15:59:44,527:INFO:Epoch 215: Train Loss: 1120.2427, Train Node Loss: 418.1098, Train Reg Loss: 7.0213, Train MAPE: 11.9359, Train R: 0.9388, Train RRSE: 0.3587, Test Loss: 1188.3350, Test Node Loss: 399.6321, Test Reg Loss: 7.8870, Test MAPE: 11.4697, Test R: 0.9356, Test RRSE: 0.3949
2025-02-10 16:00:00,801:INFO:Epoch 216: Train Loss: 995.5510, Train Node Loss: 404.0954, Train Reg Loss: 5.9146, Train MAPE: 11.8669, Train R: 0.9479, Train RRSE: 0.3292, Test Loss: 1181.5370, Test Node Loss: 395.5459, Test Reg Loss: 7.8599, Test MAPE: 11.7025, Test R: 0.9336, Test RRSE: 0.3943
2025-02-10 16:00:17,150:INFO:Epoch 217: Train Loss: 1044.9773, Train Node Loss: 398.2931, Train Reg Loss: 6.4668, Train MAPE: 11.8274, Train R: 0.9424, Train RRSE: 0.3443, Test Loss: 1071.4217, Test Node Loss: 404.1540, Test Reg Loss: 6.6727, Test MAPE: 11.6432, Test R: 0.9336, Test RRSE: 0.3633
2025-02-10 16:00:33,445:INFO:Epoch 218: Train Loss: 1073.6980, Train Node Loss: 407.0993, Train Reg Loss: 6.6660, Train MAPE: 12.0324, Train R: 0.9437, Train RRSE: 0.3495, Test Loss: 2513.9945, Test Node Loss: 346.1032, Test Reg Loss: 21.6789, Test MAPE: 11.9356, Test R: 0.9355, Test RRSE: 0.6548
2025-02-10 16:00:49,714:INFO:Epoch 219: Train Loss: 1124.9754, Train Node Loss: 375.0239, Train Reg Loss: 7.4995, Train MAPE: 11.6320, Train R: 0.9433, Train RRSE: 0.3707, Test Loss: 1068.7628, Test Node Loss: 407.3978, Test Reg Loss: 6.6137, Test MAPE: 11.8506, Test R: 0.9334, Test RRSE: 0.3617
2025-02-10 16:01:06,018:INFO:Epoch 220: Train Loss: 1120.9835, Train Node Loss: 404.9717, Train Reg Loss: 7.1601, Train MAPE: 12.2773, Train R: 0.9406, Train RRSE: 0.3623, Test Loss: 2029.3497, Test Node Loss: 351.6080, Test Reg Loss: 16.7774, Test MAPE: 11.7001, Test R: 0.9372, Test RRSE: 0.5760
2025-02-10 16:01:06,053:INFO:Checkpoint saved at best_0.001_0.001_256_SAGE_2_64_0.9372_epoch_220.pth
2025-02-10 16:01:22,418:INFO:Epoch 221: Train Loss: 1070.3123, Train Node Loss: 380.5036, Train Reg Loss: 6.8981, Train MAPE: 11.7554, Train R: 0.9410, Train RRSE: 0.3556, Test Loss: 1060.2321, Test Node Loss: 390.1654, Test Reg Loss: 6.7007, Test MAPE: 11.7929, Test R: 0.9335, Test RRSE: 0.3640
2025-02-10 16:01:38,851:INFO:Epoch 222: Train Loss: 1002.7073, Train Node Loss: 390.5598, Train Reg Loss: 6.1215, Train MAPE: 12.1303, Train R: 0.9452, Train RRSE: 0.3350, Test Loss: 1302.1869, Test Node Loss: 365.9250, Test Reg Loss: 9.3626, Test MAPE: 11.4805, Test R: 0.9323, Test RRSE: 0.4303
2025-02-10 16:01:55,672:INFO:Epoch 223: Train Loss: 1089.9259, Train Node Loss: 367.2613, Train Reg Loss: 7.2266, Train MAPE: 11.7535, Train R: 0.9402, Train RRSE: 0.3639, Test Loss: 1052.6237, Test Node Loss: 393.8793, Test Reg Loss: 6.5874, Test MAPE: 11.9257, Test R: 0.9340, Test RRSE: 0.3609
2025-02-10 16:02:12,337:INFO:Epoch 224: Train Loss: 1139.9710, Train Node Loss: 386.3807, Train Reg Loss: 7.5359, Train MAPE: 12.1134, Train R: 0.9331, Train RRSE: 0.3716, Test Loss: 2227.4435, Test Node Loss: 335.7719, Test Reg Loss: 18.9167, Test MAPE: 11.5598, Test R: 0.9362, Test RRSE: 0.6116
2025-02-10 16:02:29,317:INFO:Epoch 225: Train Loss: 1058.2477, Train Node Loss: 371.5876, Train Reg Loss: 6.8666, Train MAPE: 11.8074, Train R: 0.9392, Train RRSE: 0.3548, Test Loss: 1052.6787, Test Node Loss: 377.7976, Test Reg Loss: 6.7488, Test MAPE: 11.7300, Test R: 0.9333, Test RRSE: 0.3653
2025-02-10 16:02:46,039:INFO:Epoch 226: Train Loss: 1012.0331, Train Node Loss: 372.0356, Train Reg Loss: 6.4000, Train MAPE: 11.9950, Train R: 0.9417, Train RRSE: 0.3425, Test Loss: 1444.1919, Test Node Loss: 349.0041, Test Reg Loss: 10.9519, Test MAPE: 11.7472, Test R: 0.9320, Test RRSE: 0.4654
2025-02-10 16:03:03,156:INFO:Epoch 227: Train Loss: 1055.4031, Train Node Loss: 370.7348, Train Reg Loss: 6.8467, Train MAPE: 11.9962, Train R: 0.9368, Train RRSE: 0.3542, Test Loss: 1212.8171, Test Node Loss: 357.9440, Test Reg Loss: 8.5487, Test MAPE: 11.6435, Test R: 0.9353, Test RRSE: 0.4112
2025-02-10 16:03:20,251:INFO:Epoch 228: Train Loss: 1017.1318, Train Node Loss: 359.7502, Train Reg Loss: 6.5738, Train MAPE: 11.7279, Train R: 0.9434, Train RRSE: 0.3471, Test Loss: 1265.4999, Test Node Loss: 351.7896, Test Reg Loss: 9.1371, Test MAPE: 11.5995, Test R: 0.9365, Test RRSE: 0.4251
2025-02-10 16:03:37,079:INFO:Epoch 229: Train Loss: 1046.1181, Train Node Loss: 365.7479, Train Reg Loss: 6.8037, Train MAPE: 12.0027, Train R: 0.9386, Train RRSE: 0.3531, Test Loss: 1615.2217, Test Node Loss: 332.0836, Test Reg Loss: 12.8314, Test MAPE: 11.8326, Test R: 0.9339, Test RRSE: 0.5038
2025-02-10 16:03:53,889:INFO:Epoch 230: Train Loss: 1023.4556, Train Node Loss: 354.4956, Train Reg Loss: 6.6896, Train MAPE: 12.0609, Train R: 0.9383, Train RRSE: 0.3501, Test Loss: 1077.8044, Test Node Loss: 354.3408, Test Reg Loss: 7.2346, Test MAPE: 11.9664, Test R: 0.9332, Test RRSE: 0.3783
2025-02-10 16:04:10,669:INFO:Epoch 231: Train Loss: 971.6238, Train Node Loss: 350.7058, Train Reg Loss: 6.2092, Train MAPE: 11.8818, Train R: 0.9445, Train RRSE: 0.3373, Test Loss: 1212.0793, Test Node Loss: 343.4100, Test Reg Loss: 8.6867, Test MAPE: 11.7581, Test R: 0.9349, Test RRSE: 0.4145
2025-02-10 16:04:27,468:INFO:Epoch 232: Train Loss: 1013.7448, Train Node Loss: 363.4515, Train Reg Loss: 6.5029, Train MAPE: 12.0859, Train R: 0.9433, Train RRSE: 0.3452, Test Loss: 1277.9044, Test Node Loss: 337.8615, Test Reg Loss: 9.4004, Test MAPE: 11.5468, Test R: 0.9356, Test RRSE: 0.4312
2025-02-10 16:04:44,429:INFO:Epoch 233: Train Loss: 1086.5145, Train Node Loss: 336.0021, Train Reg Loss: 7.5051, Train MAPE: 11.7086, Train R: 0.9410, Train RRSE: 0.3709, Test Loss: 1059.3721, Test Node Loss: 368.1157, Test Reg Loss: 6.9126, Test MAPE: 12.1202, Test R: 0.9336, Test RRSE: 0.3697
2025-02-10 16:05:01,121:INFO:Epoch 234: Train Loss: 1062.2369, Train Node Loss: 362.1513, Train Reg Loss: 7.0009, Train MAPE: 12.1087, Train R: 0.9433, Train RRSE: 0.3582, Test Loss: 1432.7871, Test Node Loss: 329.3131, Test Reg Loss: 11.0347, Test MAPE: 11.6960, Test R: 0.9359, Test RRSE: 0.4672
2025-02-10 16:05:17,849:INFO:Epoch 235: Train Loss: 993.9932, Train Node Loss: 330.9534, Train Reg Loss: 6.6304, Train MAPE: 11.7588, Train R: 0.9507, Train RRSE: 0.3486, Test Loss: 994.8804, Test Node Loss: 351.5931, Test Reg Loss: 6.4329, Test MAPE: 11.9437, Test R: 0.9350, Test RRSE: 0.3567
2025-02-10 16:05:34,838:INFO:Epoch 236: Train Loss: 1023.7125, Train Node Loss: 357.7105, Train Reg Loss: 6.6600, Train MAPE: 12.2582, Train R: 0.9474, Train RRSE: 0.3494, Test Loss: 1667.2963, Test Node Loss: 317.0062, Test Reg Loss: 13.5029, Test MAPE: 11.7700, Test R: 0.9357, Test RRSE: 0.5168
2025-02-10 16:05:51,623:INFO:Epoch 237: Train Loss: 998.3998, Train Node Loss: 326.8566, Train Reg Loss: 6.7154, Train MAPE: 11.8749, Train R: 0.9470, Train RRSE: 0.3508, Test Loss: 1163.7740, Test Node Loss: 333.1060, Test Reg Loss: 8.3067, Test MAPE: 11.6394, Test R: 0.9357, Test RRSE: 0.4053
2025-02-10 16:06:08,490:INFO:Epoch 238: Train Loss: 1016.5189, Train Node Loss: 350.1926, Train Reg Loss: 6.6633, Train MAPE: 12.3178, Train R: 0.9422, Train RRSE: 0.3495, Test Loss: 1933.6404, Test Node Loss: 304.9996, Test Reg Loss: 16.2864, Test MAPE: 11.6554, Test R: 0.9377, Test RRSE: 0.5675
2025-02-10 16:06:08,516:INFO:Checkpoint saved at best_0.001_0.001_256_SAGE_2_64_0.9377_epoch_238.pth
2025-02-10 16:06:25,293:INFO:Epoch 239: Train Loss: 1110.6044, Train Node Loss: 320.3708, Train Reg Loss: 7.9023, Train MAPE: 11.7201, Train R: 0.9364, Train RRSE: 0.3806, Test Loss: 1439.0734, Test Node Loss: 370.4928, Test Reg Loss: 10.6858, Test MAPE: 12.6801, Test R: 0.9302, Test RRSE: 0.4597
2025-02-10 16:06:42,340:INFO:Epoch 240: Train Loss: 1101.4734, Train Node Loss: 338.9909, Train Reg Loss: 7.6248, Train MAPE: 12.0883, Train R: 0.9318, Train RRSE: 0.3738, Test Loss: 1434.6892, Test Node Loss: 310.7924, Test Reg Loss: 11.2390, Test MAPE: 11.6963, Test R: 0.9315, Test RRSE: 0.4715
2025-02-10 16:06:59,002:INFO:Epoch 241: Train Loss: 1023.3544, Train Node Loss: 324.0740, Train Reg Loss: 6.9928, Train MAPE: 11.7237, Train R: 0.9396, Train RRSE: 0.3580, Test Loss: 1126.0408, Test Node Loss: 321.7883, Test Reg Loss: 8.0425, Test MAPE: 11.6130, Test R: 0.9355, Test RRSE: 0.3988
2025-02-10 16:07:15,760:INFO:Epoch 242: Train Loss: 1027.1154, Train Node Loss: 318.7690, Train Reg Loss: 7.0835, Train MAPE: 11.5868, Train R: 0.9409, Train RRSE: 0.3603, Test Loss: 1041.6803, Test Node Loss: 321.7852, Test Reg Loss: 7.1990, Test MAPE: 11.7343, Test R: 0.9354, Test RRSE: 0.3773
2025-02-10 16:07:32,514:INFO:Epoch 243: Train Loss: 1123.0676, Train Node Loss: 337.6817, Train Reg Loss: 7.8539, Train MAPE: 12.1799, Train R: 0.9365, Train RRSE: 0.3794, Test Loss: 2064.9932, Test Node Loss: 290.1585, Test Reg Loss: 17.7483, Test MAPE: 11.7871, Test R: 0.9363, Test RRSE: 0.5925
2025-02-10 16:07:49,301:INFO:Epoch 244: Train Loss: 1010.6919, Train Node Loss: 309.4049, Train Reg Loss: 7.0129, Train MAPE: 11.7318, Train R: 0.9449, Train RRSE: 0.3585, Test Loss: 1151.7414, Test Node Loss: 315.6653, Test Reg Loss: 8.3608, Test MAPE: 11.6862, Test R: 0.9361, Test RRSE: 0.4066
2025-02-10 16:08:06,105:INFO:Epoch 245: Train Loss: 981.9887, Train Node Loss: 329.7489, Train Reg Loss: 6.5224, Train MAPE: 12.1434, Train R: 0.9432, Train RRSE: 0.3457, Test Loss: 1528.5836, Test Node Loss: 298.2124, Test Reg Loss: 12.3037, Test MAPE: 11.8014, Test R: 0.9355, Test RRSE: 0.4933
2025-02-10 16:08:22,893:INFO:Epoch 246: Train Loss: 929.1430, Train Node Loss: 307.3170, Train Reg Loss: 6.2183, Train MAPE: 11.7669, Train R: 0.9495, Train RRSE: 0.3376, Test Loss: 1015.5237, Test Node Loss: 315.7147, Test Reg Loss: 6.9981, Test MAPE: 11.9083, Test R: 0.9361, Test RRSE: 0.3720
2025-02-10 16:08:39,673:INFO:Epoch 247: Train Loss: 954.8393, Train Node Loss: 324.2185, Train Reg Loss: 6.3062, Train MAPE: 12.1953, Train R: 0.9457, Train RRSE: 0.3400, Test Loss: 2054.7881, Test Node Loss: 281.3031, Test Reg Loss: 17.7349, Test MAPE: 11.8790, Test R: 0.9360, Test RRSE: 0.5922
2025-02-10 16:08:56,503:INFO:Epoch 248: Train Loss: 891.5865, Train Node Loss: 306.4883, Train Reg Loss: 5.8510, Train MAPE: 11.9402, Train R: 0.9489, Train RRSE: 0.3275, Test Loss: 1515.1003, Test Node Loss: 293.5309, Test Reg Loss: 12.2157, Test MAPE: 11.6501, Test R: 0.9350, Test RRSE: 0.4915
2025-02-10 16:09:13,290:INFO:Epoch 249: Train Loss: 966.6868, Train Node Loss: 316.2936, Train Reg Loss: 6.5039, Train MAPE: 12.0296, Train R: 0.9418, Train RRSE: 0.3453, Test Loss: 1827.3701, Test Node Loss: 283.4641, Test Reg Loss: 15.4391, Test MAPE: 11.7385, Test R: 0.9368, Test RRSE: 0.5526
2025-02-10 16:09:30,026:INFO:Epoch 250: Train Loss: 922.5080, Train Node Loss: 299.0588, Train Reg Loss: 6.2345, Train MAPE: 11.7858, Train R: 0.9485, Train RRSE: 0.3380, Test Loss: 1325.4756, Test Node Loss: 290.8564, Test Reg Loss: 10.3462, Test MAPE: 11.8116, Test R: 0.9356, Test RRSE: 0.4523
2025-02-10 16:09:46,817:INFO:Epoch 251: Train Loss: 856.3589, Train Node Loss: 307.9624, Train Reg Loss: 5.4840, Train MAPE: 12.2195, Train R: 0.9500, Train RRSE: 0.3170, Test Loss: 1298.2559, Test Node Loss: 291.1319, Test Reg Loss: 10.0712, Test MAPE: 11.9350, Test R: 0.9310, Test RRSE: 0.4463
2025-02-10 16:10:03,702:INFO:Epoch 252: Train Loss: 879.8737, Train Node Loss: 302.4472, Train Reg Loss: 5.7743, Train MAPE: 12.1579, Train R: 0.9464, Train RRSE: 0.3253, Test Loss: 2632.2533, Test Node Loss: 263.8874, Test Reg Loss: 23.6837, Test MAPE: 12.1846, Test R: 0.9339, Test RRSE: 0.6844
2025-02-10 16:10:20,768:INFO:Epoch 253: Train Loss: 894.2711, Train Node Loss: 294.6670, Train Reg Loss: 5.9960, Train MAPE: 11.8686, Train R: 0.9495, Train RRSE: 0.3315, Test Loss: 942.3473, Test Node Loss: 317.2206, Test Reg Loss: 6.2513, Test MAPE: 11.9258, Test R: 0.9369, Test RRSE: 0.3516
2025-02-10 16:10:37,531:INFO:Epoch 254: Train Loss: 917.7117, Train Node Loss: 305.8496, Train Reg Loss: 6.1186, Train MAPE: 12.1213, Train R: 0.9460, Train RRSE: 0.3349, Test Loss: 1264.8053, Test Node Loss: 283.0538, Test Reg Loss: 9.8175, Test MAPE: 11.5612, Test R: 0.9350, Test RRSE: 0.4406
2025-02-10 16:10:54,125:INFO:Epoch 255: Train Loss: 855.8303, Train Node Loss: 289.2501, Train Reg Loss: 5.6658, Train MAPE: 11.8573, Train R: 0.9516, Train RRSE: 0.3222, Test Loss: 972.6771, Test Node Loss: 308.6838, Test Reg Loss: 6.6399, Test MAPE: 12.1412, Test R: 0.9329, Test RRSE: 0.3624
2025-02-10 16:11:10,875:INFO:Epoch 256: Train Loss: 944.9094, Train Node Loss: 302.8499, Train Reg Loss: 6.4206, Train MAPE: 12.2168, Train R: 0.9440, Train RRSE: 0.3430, Test Loss: 3817.2713, Test Node Loss: 242.3707, Test Reg Loss: 35.7490, Test MAPE: 12.7409, Test R: 0.9344, Test RRSE: 0.8408
2025-02-10 16:11:27,666:INFO:Epoch 257: Train Loss: 926.6468, Train Node Loss: 279.8655, Train Reg Loss: 6.4678, Train MAPE: 11.8485, Train R: 0.9509, Train RRSE: 0.3443, Test Loss: 951.5490, Test Node Loss: 313.8781, Test Reg Loss: 6.3767, Test MAPE: 11.9260, Test R: 0.9368, Test RRSE: 0.3551
2025-02-10 16:11:44,806:INFO:Epoch 258: Train Loss: 1012.8724, Train Node Loss: 305.9717, Train Reg Loss: 7.0690, Train MAPE: 12.2681, Train R: 0.9441, Train RRSE: 0.3599, Test Loss: 1908.9877, Test Node Loss: 259.1209, Test Reg Loss: 16.4987, Test MAPE: 12.0222, Test R: 0.9348, Test RRSE: 0.5712
2025-02-10 16:12:01,853:INFO:Epoch 259: Train Loss: 1119.5644, Train Node Loss: 271.1551, Train Reg Loss: 8.4841, Train MAPE: 11.7391, Train R: 0.9343, Train RRSE: 0.3943, Test Loss: 1771.5144, Test Node Loss: 329.7545, Test Reg Loss: 14.4176, Test MAPE: 13.2078, Test R: 0.9297, Test RRSE: 0.5340
2025-02-10 16:12:18,610:INFO:Epoch 260: Train Loss: 1130.5600, Train Node Loss: 303.8846, Train Reg Loss: 8.2668, Train MAPE: 12.4111, Train R: 0.9366, Train RRSE: 0.3892, Test Loss: 4236.9402, Test Node Loss: 230.9122, Test Reg Loss: 40.0603, Test MAPE: 12.7253, Test R: 0.9350, Test RRSE: 0.8901
2025-02-10 16:12:35,314:INFO:Epoch 261: Train Loss: 1228.7464, Train Node Loss: 264.5230, Train Reg Loss: 9.6422, Train MAPE: 11.5767, Train R: 0.9401, Train RRSE: 0.4204, Test Loss: 1365.4081, Test Node Loss: 329.7535, Test Reg Loss: 10.3565, Test MAPE: 12.4030, Test R: 0.9353, Test RRSE: 0.4526
2025-02-10 16:12:51,768:INFO:Epoch 262: Train Loss: 1040.5004, Train Node Loss: 304.5665, Train Reg Loss: 7.3593, Train MAPE: 12.2868, Train R: 0.9515, Train RRSE: 0.3673, Test Loss: 1069.6375, Test Node Loss: 277.3071, Test Reg Loss: 7.9233, Test MAPE: 11.6775, Test R: 0.9298, Test RRSE: 0.3959
2025-02-10 16:13:08,070:INFO:Epoch 263: Train Loss: 1009.7618, Train Node Loss: 259.9388, Train Reg Loss: 7.4982, Train MAPE: 11.7364, Train R: 0.9475, Train RRSE: 0.3707, Test Loss: 974.8500, Test Node Loss: 289.3276, Test Reg Loss: 6.8552, Test MAPE: 12.0281, Test R: 0.9317, Test RRSE: 0.3682
2025-02-10 16:13:24,233:INFO:Epoch 264: Train Loss: 1049.4311, Train Node Loss: 287.9972, Train Reg Loss: 7.6143, Train MAPE: 12.3711, Train R: 0.9427, Train RRSE: 0.3736, Test Loss: 2215.4743, Test Node Loss: 242.9258, Test Reg Loss: 19.7255, Test MAPE: 11.7259, Test R: 0.9376, Test RRSE: 0.6246
2025-02-10 16:13:40,382:INFO:Epoch 265: Train Loss: 946.5270, Train Node Loss: 258.6180, Train Reg Loss: 6.8791, Train MAPE: 11.6360, Train R: 0.9524, Train RRSE: 0.3551, Test Loss: 1178.3172, Test Node Loss: 265.5959, Test Reg Loss: 9.1272, Test MAPE: 11.7337, Test R: 0.9352, Test RRSE: 0.4249
2025-02-10 16:13:56,381:INFO:Epoch 266: Train Loss: 913.0917, Train Node Loss: 278.8466, Train Reg Loss: 6.3425, Train MAPE: 12.1369, Train R: 0.9442, Train RRSE: 0.3409, Test Loss: 1335.1655, Test Node Loss: 258.4698, Test Reg Loss: 10.7670, Test MAPE: 11.7466, Test R: 0.9341, Test RRSE: 0.4615
2025-02-10 16:14:12,266:INFO:Epoch 267: Train Loss: 800.4687, Train Node Loss: 268.4352, Train Reg Loss: 5.3203, Train MAPE: 11.9672, Train R: 0.9524, Train RRSE: 0.3123, Test Loss: 1333.9472, Test Node Loss: 254.6911, Test Reg Loss: 10.7926, Test MAPE: 11.7474, Test R: 0.9350, Test RRSE: 0.4620
2025-02-10 16:14:28,169:INFO:Epoch 268: Train Loss: 825.3474, Train Node Loss: 263.3650, Train Reg Loss: 5.6198, Train MAPE: 11.9782, Train R: 0.9504, Train RRSE: 0.3209, Test Loss: 1113.3988, Test Node Loss: 260.0379, Test Reg Loss: 8.5336, Test MAPE: 11.7331, Test R: 0.9355, Test RRSE: 0.4108
2025-02-10 16:14:44,006:INFO:Epoch 269: Train Loss: 828.1176, Train Node Loss: 269.6657, Train Reg Loss: 5.5845, Train MAPE: 12.0631, Train R: 0.9506, Train RRSE: 0.3199, Test Loss: 2005.6102, Test Node Loss: 237.4316, Test Reg Loss: 17.6818, Test MAPE: 12.0367, Test R: 0.9356, Test RRSE: 0.5913
2025-02-10 16:14:59,908:INFO:Epoch 270: Train Loss: 866.5567, Train Node Loss: 255.3892, Train Reg Loss: 6.1117, Train MAPE: 11.7963, Train R: 0.9501, Train RRSE: 0.3347, Test Loss: 940.5744, Test Node Loss: 267.1650, Test Reg Loss: 6.7341, Test MAPE: 12.0553, Test R: 0.9343, Test RRSE: 0.3649
2025-02-10 16:15:16,012:INFO:Epoch 271: Train Loss: 855.2084, Train Node Loss: 269.8326, Train Reg Loss: 5.8538, Train MAPE: 12.3605, Train R: 0.9484, Train RRSE: 0.3275, Test Loss: 1303.9832, Test Node Loss: 247.7934, Test Reg Loss: 10.5619, Test MAPE: 11.8967, Test R: 0.9352, Test RRSE: 0.4570
2025-02-10 16:15:31,877:INFO:Epoch 272: Train Loss: 837.2250, Train Node Loss: 256.1564, Train Reg Loss: 5.8107, Train MAPE: 11.9859, Train R: 0.9479, Train RRSE: 0.3263, Test Loss: 1468.5473, Test Node Loss: 241.6046, Test Reg Loss: 12.2694, Test MAPE: 11.8364, Test R: 0.9352, Test RRSE: 0.4926
2025-02-10 16:15:47,725:INFO:Epoch 273: Train Loss: 873.4293, Train Node Loss: 261.6304, Train Reg Loss: 6.1180, Train MAPE: 12.0108, Train R: 0.9449, Train RRSE: 0.3349, Test Loss: 1122.7530, Test Node Loss: 248.8054, Test Reg Loss: 8.7395, Test MAPE: 11.9509, Test R: 0.9322, Test RRSE: 0.4157
2025-02-10 16:16:03,616:INFO:Epoch 274: Train Loss: 772.4327, Train Node Loss: 251.9527, Train Reg Loss: 5.2048, Train MAPE: 12.2045, Train R: 0.9521, Train RRSE: 0.3089, Test Loss: 1470.1842, Test Node Loss: 237.8554, Test Reg Loss: 12.3233, Test MAPE: 11.9846, Test R: 0.9308, Test RRSE: 0.4937
2025-02-10 16:16:19,729:INFO:Epoch 275: Train Loss: 849.0113, Train Node Loss: 246.8768, Train Reg Loss: 6.0213, Train MAPE: 11.9177, Train R: 0.9477, Train RRSE: 0.3322, Test Loss: 922.7307, Test Node Loss: 263.2205, Test Reg Loss: 6.5951, Test MAPE: 11.9110, Test R: 0.9341, Test RRSE: 0.3612
2025-02-10 16:16:35,653:INFO:Epoch 276: Train Loss: 1099.0429, Train Node Loss: 260.9557, Train Reg Loss: 8.3809, Train MAPE: 12.0407, Train R: 0.9243, Train RRSE: 0.3919, Test Loss: 1587.8518, Test Node Loss: 235.2604, Test Reg Loss: 13.5259, Test MAPE: 11.5791, Test R: 0.9370, Test RRSE: 0.5172
2025-02-10 16:16:51,562:INFO:Epoch 277: Train Loss: 786.5951, Train Node Loss: 251.8337, Train Reg Loss: 5.3476, Train MAPE: 11.8870, Train R: 0.9531, Train RRSE: 0.3131, Test Loss: 1015.9291, Test Node Loss: 246.0702, Test Reg Loss: 7.6986, Test MAPE: 12.0532, Test R: 0.9308, Test RRSE: 0.3902
2025-02-10 16:17:07,418:INFO:Epoch 278: Train Loss: 766.3721, Train Node Loss: 251.8403, Train Reg Loss: 5.1453, Train MAPE: 12.3872, Train R: 0.9534, Train RRSE: 0.3071, Test Loss: 1573.6622, Test Node Loss: 226.7149, Test Reg Loss: 13.4695, Test MAPE: 12.0323, Test R: 0.9300, Test RRSE: 0.5161
2025-02-10 16:17:23,416:INFO:Epoch 279: Train Loss: 926.8255, Train Node Loss: 233.4571, Train Reg Loss: 6.9337, Train MAPE: 11.9574, Train R: 0.9431, Train RRSE: 0.3565, Test Loss: 968.5446, Test Node Loss: 263.1216, Test Reg Loss: 7.0542, Test MAPE: 12.3425, Test R: 0.9333, Test RRSE: 0.3735
2025-02-10 16:17:39,547:INFO:Epoch 280: Train Loss: 849.9452, Train Node Loss: 253.5020, Train Reg Loss: 5.9644, Train MAPE: 12.1868, Train R: 0.9508, Train RRSE: 0.3306, Test Loss: 1721.9620, Test Node Loss: 225.8966, Test Reg Loss: 14.9607, Test MAPE: 11.6320, Test R: 0.9364, Test RRSE: 0.5439
2025-02-10 16:17:55,406:INFO:Epoch 281: Train Loss: 854.0319, Train Node Loss: 238.7744, Train Reg Loss: 6.1526, Train MAPE: 11.8935, Train R: 0.9457, Train RRSE: 0.3358, Test Loss: 1075.3811, Test Node Loss: 237.4884, Test Reg Loss: 8.3789, Test MAPE: 11.9284, Test R: 0.9342, Test RRSE: 0.4071
2025-02-10 16:18:11,249:INFO:Epoch 282: Train Loss: 784.6757, Train Node Loss: 242.6514, Train Reg Loss: 5.4202, Train MAPE: 12.1573, Train R: 0.9506, Train RRSE: 0.3152, Test Loss: 1412.8459, Test Node Loss: 225.4471, Test Reg Loss: 11.8740, Test MAPE: 11.8980, Test R: 0.9336, Test RRSE: 0.4846
2025-02-10 16:18:26,922:INFO:Epoch 283: Train Loss: 758.9546, Train Node Loss: 237.6552, Train Reg Loss: 5.2130, Train MAPE: 12.1359, Train R: 0.9520, Train RRSE: 0.3091, Test Loss: 1954.8452, Test Node Loss: 216.2606, Test Reg Loss: 17.3858, Test MAPE: 11.9762, Test R: 0.9346, Test RRSE: 0.5864
2025-02-10 16:18:42,605:INFO:Epoch 284: Train Loss: 810.5922, Train Node Loss: 233.4743, Train Reg Loss: 5.7712, Train MAPE: 12.0258, Train R: 0.9484, Train RRSE: 0.3252, Test Loss: 1060.8407, Test Node Loss: 235.0754, Test Reg Loss: 8.2577, Test MAPE: 11.8628, Test R: 0.9350, Test RRSE: 0.4041
2025-02-10 16:18:58,257:INFO:Epoch 285: Train Loss: 796.9010, Train Node Loss: 237.2754, Train Reg Loss: 5.5963, Train MAPE: 12.1306, Train R: 0.9486, Train RRSE: 0.3203, Test Loss: 1627.2799, Test Node Loss: 218.8728, Test Reg Loss: 14.0841, Test MAPE: 11.9230, Test R: 0.9347, Test RRSE: 0.5278
2025-02-10 16:19:13,808:INFO:Epoch 286: Train Loss: 747.8062, Train Node Loss: 234.9725, Train Reg Loss: 5.1283, Train MAPE: 12.1815, Train R: 0.9528, Train RRSE: 0.3066, Test Loss: 1703.5888, Test Node Loss: 216.9069, Test Reg Loss: 14.8668, Test MAPE: 11.9957, Test R: 0.9342, Test RRSE: 0.5422
2025-02-10 16:19:29,461:INFO:Epoch 287: Train Loss: 767.9183, Train Node Loss: 228.1687, Train Reg Loss: 5.3975, Train MAPE: 12.0152, Train R: 0.9523, Train RRSE: 0.3145, Test Loss: 1233.5574, Test Node Loss: 226.2866, Test Reg Loss: 10.0727, Test MAPE: 11.7290, Test R: 0.9353, Test RRSE: 0.4463
2025-02-10 16:19:45,149:INFO:Epoch 288: Train Loss: 806.1104, Train Node Loss: 230.3760, Train Reg Loss: 5.7573, Train MAPE: 12.0211, Train R: 0.9476, Train RRSE: 0.3248, Test Loss: 1143.9936, Test Node Loss: 224.7653, Test Reg Loss: 9.1923, Test MAPE: 11.8556, Test R: 0.9336, Test RRSE: 0.4264
2025-02-10 16:20:00,836:INFO:Epoch 289: Train Loss: 791.2634, Train Node Loss: 232.3104, Train Reg Loss: 5.5895, Train MAPE: 12.2415, Train R: 0.9490, Train RRSE: 0.3201, Test Loss: 1887.0054, Test Node Loss: 207.9039, Test Reg Loss: 16.7910, Test MAPE: 12.1052, Test R: 0.9297, Test RRSE: 0.5763
2025-02-10 16:20:16,510:INFO:Epoch 290: Train Loss: 797.6285, Train Node Loss: 216.8738, Train Reg Loss: 5.8075, Train MAPE: 11.9847, Train R: 0.9529, Train RRSE: 0.3262, Test Loss: 882.3812, Test Node Loss: 241.1718, Test Reg Loss: 6.4121, Test MAPE: 12.1001, Test R: 0.9346, Test RRSE: 0.3561
2025-02-10 16:20:32,198:INFO:Epoch 291: Train Loss: 899.9455, Train Node Loss: 236.8596, Train Reg Loss: 6.6309, Train MAPE: 12.3210, Train R: 0.9452, Train RRSE: 0.3486, Test Loss: 2477.5600, Test Node Loss: 197.1218, Test Reg Loss: 22.8044, Test MAPE: 12.1141, Test R: 0.9367, Test RRSE: 0.6716
2025-02-10 16:20:47,896:INFO:Epoch 292: Train Loss: 853.1551, Train Node Loss: 222.2709, Train Reg Loss: 6.3088, Train MAPE: 12.0262, Train R: 0.9422, Train RRSE: 0.3400, Test Loss: 978.8536, Test Node Loss: 238.8186, Test Reg Loss: 7.4003, Test MAPE: 12.4421, Test R: 0.9311, Test RRSE: 0.3826
2025-02-10 16:21:03,645:INFO:Epoch 293: Train Loss: 732.3089, Train Node Loss: 216.5867, Train Reg Loss: 5.1572, Train MAPE: 12.0515, Train R: 0.9533, Train RRSE: 0.3074, Test Loss: 942.3072, Test Node Loss: 222.9633, Test Reg Loss: 7.1934, Test MAPE: 12.0326, Test R: 0.9296, Test RRSE: 0.3772
2025-02-10 16:21:19,261:INFO:Epoch 294: Train Loss: 698.4870, Train Node Loss: 218.9493, Train Reg Loss: 4.7954, Train MAPE: 12.0984, Train R: 0.9566, Train RRSE: 0.2965, Test Loss: 901.3532, Test Node Loss: 225.4542, Test Reg Loss: 6.7590, Test MAPE: 11.9894, Test R: 0.9334, Test RRSE: 0.3656
2025-02-10 16:21:34,957:INFO:Epoch 295: Train Loss: 719.4481, Train Node Loss: 221.3771, Train Reg Loss: 4.9807, Train MAPE: 12.0067, Train R: 0.9563, Train RRSE: 0.3021, Test Loss: 2360.9470, Test Node Loss: 192.3754, Test Reg Loss: 21.6857, Test MAPE: 12.0386, Test R: 0.9360, Test RRSE: 0.6549
2025-02-10 16:21:50,564:INFO:Epoch 296: Train Loss: 710.9401, Train Node Loss: 212.3474, Train Reg Loss: 4.9859, Train MAPE: 12.0560, Train R: 0.9556, Train RRSE: 0.3023, Test Loss: 1487.3750, Test Node Loss: 203.8313, Test Reg Loss: 12.8354, Test MAPE: 11.9067, Test R: 0.9334, Test RRSE: 0.5038
2025-02-10 16:22:06,279:INFO:Epoch 297: Train Loss: 782.5859, Train Node Loss: 214.0519, Train Reg Loss: 5.6853, Train MAPE: 12.0401, Train R: 0.9484, Train RRSE: 0.3228, Test Loss: 1447.0601, Test Node Loss: 202.3981, Test Reg Loss: 12.4466, Test MAPE: 11.9817, Test R: 0.9325, Test RRSE: 0.4961
2025-02-10 16:22:21,957:INFO:Epoch 298: Train Loss: 754.9075, Train Node Loss: 213.9281, Train Reg Loss: 5.4098, Train MAPE: 12.2549, Train R: 0.9499, Train RRSE: 0.3149, Test Loss: 974.3087, Test Node Loss: 211.5313, Test Reg Loss: 7.6278, Test MAPE: 12.0777, Test R: 0.9319, Test RRSE: 0.3884
2025-02-10 16:22:37,615:INFO:Epoch 299: Train Loss: 789.3744, Train Node Loss: 211.2463, Train Reg Loss: 5.7813, Train MAPE: 12.2553, Train R: 0.9459, Train RRSE: 0.3255, Test Loss: 1956.1901, Test Node Loss: 188.2639, Test Reg Loss: 17.6793, Test MAPE: 12.1331, Test R: 0.9344, Test RRSE: 0.5913
2025-02-10 16:22:53,481:INFO:Epoch 300: Train Loss: 723.2715, Train Node Loss: 202.3214, Train Reg Loss: 5.2095, Train MAPE: 12.0587, Train R: 0.9553, Train RRSE: 0.3090, Test Loss: 985.8138, Test Node Loss: 229.8215, Test Reg Loss: 7.5599, Test MAPE: 12.5185, Test R: 0.9335, Test RRSE: 0.3867
2025-02-10 16:22:53,481:INFO:Best performance at epoch 238 with Test MAPE: 0.9377
