2025-02-10 14:55:59,451:INFO:Learning rate: 0.001
2025-02-10 14:55:59,452:INFO:Weight decay: 0.001
2025-02-10 14:55:59,452:INFO:Batch size: 64
2025-02-10 14:55:59,452:INFO:Number of layers: 3
2025-02-10 14:55:59,452:INFO:Convolution type: SAGE
2025-02-10 14:55:59,452:INFO:Convolution neurons: 256
2025-02-10 15:00:31,913:INFO:Learning rate: 0.001
2025-02-10 15:00:31,913:INFO:Weight decay: 0.001
2025-02-10 15:00:31,913:INFO:Batch size: 64
2025-02-10 15:00:31,913:INFO:Number of layers: 3
2025-02-10 15:00:31,913:INFO:Convolution type: SAGE
2025-02-10 15:00:31,913:INFO:Convolution neurons: 256
2025-02-10 15:00:59,623:INFO:Epoch 1: Train Loss: 118267.1973, Train Node Loss: 0.5667, Train Reg Loss: 1182.6663, Train MAPE: 98.8536, Train R: 0.0484, Train RRSE: 6.9682, Test Loss: 120175.0041, Test Node Loss: 1.1813, Test Reg Loss: 1201.7383, Test MAPE: 97.6298, Test R: 0.5500, Test RRSE: 7.1176
2025-02-10 15:00:59,652:INFO:Checkpoint saved at best_0.001_0.001_256_SAGE_3_64_0.5500_epoch_1.pth
2025-02-10 15:01:25,719:INFO:Epoch 2: Train Loss: 108267.7069, Train Node Loss: 12.6813, Train Reg Loss: 1082.5502, Train MAPE: 94.3721, Train R: 0.0010, Train RRSE: 6.6667, Test Loss: 104112.8066, Test Node Loss: 66.6673, Test Reg Loss: 1040.4614, Test MAPE: 90.5930, Test R: 0.5852, Test RRSE: 6.6228
2025-02-10 15:01:25,752:INFO:Checkpoint saved at best_0.001_0.001_256_SAGE_3_64_0.5852_epoch_2.pth
2025-02-10 15:01:52,574:INFO:Epoch 3: Train Loss: 83839.8629, Train Node Loss: 259.8900, Train Reg Loss: 835.7997, Train MAPE: 82.3190, Train R: 0.0628, Train RRSE: 5.8578, Test Loss: 45346.7933, Test Node Loss: 1668.3063, Test Reg Loss: 436.7849, Test MAPE: 57.2688, Test R: 0.6033, Test RRSE: 4.2910
2025-02-10 15:01:52,592:INFO:Checkpoint saved at best_0.001_0.001_256_SAGE_3_64_0.6033_epoch_3.pth
2025-02-10 15:02:18,891:INFO:Epoch 4: Train Loss: 32523.9890, Train Node Loss: 2451.6047, Train Reg Loss: 300.7238, Train MAPE: 44.2698, Train R: 0.0071, Train RRSE: 3.5138, Test Loss: 88798.5791, Test Node Loss: 20584.2703, Test Reg Loss: 682.1431, Test MAPE: 76.5264, Test R: 0.6174, Test RRSE: 5.3625
2025-02-10 15:02:18,934:INFO:Checkpoint saved at best_0.001_0.001_256_SAGE_3_64_0.6174_epoch_4.pth
2025-02-10 15:02:45,075:INFO:Epoch 5: Train Loss: 20637.8126, Train Node Loss: 9063.4284, Train Reg Loss: 115.7438, Train MAPE: 29.9570, Train R: 0.1151, Train RRSE: 2.1799, Test Loss: 96945.7025, Test Node Loss: 18130.1391, Test Reg Loss: 788.1557, Test MAPE: 82.2553, Test R: 0.6254, Test RRSE: 5.7641
2025-02-10 15:02:45,106:INFO:Checkpoint saved at best_0.001_0.001_256_SAGE_3_64_0.6254_epoch_5.pth
2025-02-10 15:03:11,264:INFO:Epoch 6: Train Loss: 10463.1179, Train Node Loss: 6105.2151, Train Reg Loss: 43.5790, Train MAPE: 17.3539, Train R: 0.1592, Train RRSE: 1.3376, Test Loss: 7037.3778, Test Node Loss: 4641.2351, Test Reg Loss: 23.9614, Test MAPE: 10.5983, Test R: 0.6295, Test RRSE: 1.0050
2025-02-10 15:03:11,284:INFO:Checkpoint saved at best_0.001_0.001_256_SAGE_3_64_0.6295_epoch_6.pth
2025-02-10 15:03:37,486:INFO:Epoch 7: Train Loss: 11170.2963, Train Node Loss: 2782.7741, Train Reg Loss: 83.8752, Train MAPE: 21.5489, Train R: 0.3128, Train RRSE: 1.8557, Test Loss: 9866.1948, Test Node Loss: 2875.2375, Test Reg Loss: 69.9096, Test MAPE: 18.9151, Test R: 0.6263, Test RRSE: 1.7167
2025-02-10 15:04:03,842:INFO:Epoch 8: Train Loss: 10549.7455, Train Node Loss: 2459.7952, Train Reg Loss: 80.8995, Train MAPE: 20.9831, Train R: 0.2568, Train RRSE: 1.8225, Test Loss: 5825.3010, Test Node Loss: 3930.9166, Test Reg Loss: 18.9438, Test MAPE: 10.6955, Test R: 0.6205, Test RRSE: 0.8936
2025-02-10 15:04:30,142:INFO:Epoch 9: Train Loss: 6059.8041, Train Node Loss: 3372.2273, Train Reg Loss: 26.8758, Train MAPE: 12.2942, Train R: 0.2191, Train RRSE: 1.0504, Test Loss: 13345.5591, Test Node Loss: 5501.6548, Test Reg Loss: 78.4390, Test MAPE: 25.4829, Test R: 0.6179, Test RRSE: 1.8184
2025-02-10 15:04:56,219:INFO:Epoch 10: Train Loss: 6943.5706, Train Node Loss: 3999.0001, Train Reg Loss: 29.4457, Train MAPE: 16.0780, Train R: 0.5297, Train RRSE: 1.0995, Test Loss: 9695.9706, Test Node Loss: 4508.6531, Test Reg Loss: 51.8732, Test MAPE: 20.6534, Test R: 0.6146, Test RRSE: 1.4788
2025-02-10 15:05:22,559:INFO:Epoch 11: Train Loss: 5158.7301, Train Node Loss: 3135.8704, Train Reg Loss: 20.2286, Train MAPE: 12.4602, Train R: 0.4470, Train RRSE: 0.9113, Test Loss: 4660.1336, Test Node Loss: 2761.6904, Test Reg Loss: 18.9844, Test MAPE: 10.6567, Test R: 0.6100, Test RRSE: 0.8946
2025-02-10 15:05:48,960:INFO:Epoch 12: Train Loss: 5171.4740, Train Node Loss: 2183.2879, Train Reg Loss: 29.8819, Train MAPE: 11.7578, Train R: 0.4635, Train RRSE: 1.1076, Test Loss: 5020.9653, Test Node Loss: 2118.9537, Test Reg Loss: 29.0201, Test MAPE: 11.4246, Test R: 0.6084, Test RRSE: 1.1061
2025-02-10 15:06:15,127:INFO:Epoch 13: Train Loss: 4817.3072, Train Node Loss: 1995.2528, Train Reg Loss: 28.2205, Train MAPE: 11.6552, Train R: 0.4748, Train RRSE: 1.0764, Test Loss: 4137.6635, Test Node Loss: 2252.5578, Test Reg Loss: 18.8511, Test MAPE: 10.6639, Test R: 0.6107, Test RRSE: 0.8914
2025-02-10 15:06:41,094:INFO:Epoch 14: Train Loss: 4286.2830, Train Node Loss: 2203.6872, Train Reg Loss: 20.8260, Train MAPE: 12.1644, Train R: 0.4042, Train RRSE: 0.9247, Test Loss: 4244.0907, Test Node Loss: 2302.1658, Test Reg Loss: 19.4192, Test MAPE: 12.1905, Test R: 0.6123, Test RRSE: 0.9048
2025-02-10 15:07:07,386:INFO:Epoch 15: Train Loss: 4077.6112, Train Node Loss: 2095.8479, Train Reg Loss: 19.8176, Train MAPE: 12.5004, Train R: 0.5449, Train RRSE: 0.9020, Test Loss: 3826.5012, Test Node Loss: 1819.9092, Test Reg Loss: 20.0659, Test MAPE: 10.5736, Test R: 0.6121, Test RRSE: 0.9197
2025-02-10 15:07:34,272:INFO:Epoch 16: Train Loss: 3972.9947, Train Node Loss: 1662.6284, Train Reg Loss: 23.1037, Train MAPE: 11.3744, Train R: 0.4191, Train RRSE: 0.9739, Test Loss: 4195.8081, Test Node Loss: 1504.6721, Test Reg Loss: 26.9114, Test MAPE: 11.0631, Test R: 0.6118, Test RRSE: 1.0651
2025-02-10 15:08:00,213:INFO:Epoch 17: Train Loss: 3759.0595, Train Node Loss: 1563.8434, Train Reg Loss: 21.9522, Train MAPE: 11.2266, Train R: 0.4759, Train RRSE: 0.9493, Test Loss: 3531.3719, Test Node Loss: 1617.2623, Test Reg Loss: 19.1411, Test MAPE: 10.6363, Test R: 0.6129, Test RRSE: 0.8983
2025-02-10 15:08:27,050:INFO:Epoch 18: Train Loss: 3564.5610, Train Node Loss: 1633.9891, Train Reg Loss: 19.3057, Train MAPE: 11.9822, Train R: 0.5575, Train RRSE: 0.8903, Test Loss: 3400.1408, Test Node Loss: 1550.6921, Test Reg Loss: 18.4945, Test MAPE: 10.7786, Test R: 0.6135, Test RRSE: 0.8830
2025-02-10 15:08:53,081:INFO:Epoch 19: Train Loss: 3413.8812, Train Node Loss: 1499.5247, Train Reg Loss: 19.1436, Train MAPE: 11.7974, Train R: 0.5639, Train RRSE: 0.8865, Test Loss: 3480.1304, Test Node Loss: 1330.6710, Test Reg Loss: 21.4946, Test MAPE: 10.6149, Test R: 0.6129, Test RRSE: 0.9519
2025-02-10 15:09:19,607:INFO:Epoch 20: Train Loss: 3320.0480, Train Node Loss: 1318.3503, Train Reg Loss: 20.0170, Train MAPE: 11.2141, Train R: 0.5751, Train RRSE: 0.9065, Test Loss: 3448.3391, Test Node Loss: 1228.5479, Test Reg Loss: 22.1979, Test MAPE: 10.6494, Test R: 0.6128, Test RRSE: 0.9673
2025-02-10 15:09:45,114:INFO:Epoch 21: Train Loss: 3228.4095, Train Node Loss: 1241.7179, Train Reg Loss: 19.8669, Train MAPE: 11.2608, Train R: 0.5787, Train RRSE: 0.9031, Test Loss: 3233.4729, Test Node Loss: 1196.7486, Test Reg Loss: 20.3672, Test MAPE: 10.5968, Test R: 0.6130, Test RRSE: 0.9266
2025-02-10 15:10:10,671:INFO:Epoch 22: Train Loss: 3149.3938, Train Node Loss: 1210.2388, Train Reg Loss: 19.3916, Train MAPE: 11.5361, Train R: 0.5554, Train RRSE: 0.8923, Test Loss: 3093.0298, Test Node Loss: 1153.8051, Test Reg Loss: 19.3922, Test MAPE: 10.6258, Test R: 0.6141, Test RRSE: 0.9042
2025-02-10 15:10:36,323:INFO:Epoch 23: Train Loss: 3083.5620, Train Node Loss: 1180.9988, Train Reg Loss: 19.0256, Train MAPE: 11.9333, Train R: 0.5653, Train RRSE: 0.8838, Test Loss: 3008.0415, Test Node Loss: 1097.2272, Test Reg Loss: 19.1081, Test MAPE: 10.6477, Test R: 0.6147, Test RRSE: 0.8975
2025-02-10 15:11:01,924:INFO:Epoch 24: Train Loss: 2975.5659, Train Node Loss: 1081.5289, Train Reg Loss: 18.9404, Train MAPE: 11.5951, Train R: 0.5790, Train RRSE: 0.8818, Test Loss: 3108.3269, Test Node Loss: 981.1630, Test Reg Loss: 21.2716, Test MAPE: 10.6293, Test R: 0.6145, Test RRSE: 0.9470
2025-02-10 15:11:27,604:INFO:Epoch 25: Train Loss: 2943.9516, Train Node Loss: 979.8436, Train Reg Loss: 19.6411, Train MAPE: 11.2807, Train R: 0.5784, Train RRSE: 0.8980, Test Loss: 2985.6124, Test Node Loss: 946.6858, Test Reg Loss: 20.3893, Test MAPE: 10.6133, Test R: 0.6148, Test RRSE: 0.9271
2025-02-10 15:11:53,613:INFO:Epoch 26: Train Loss: 2951.0707, Train Node Loss: 992.1763, Train Reg Loss: 19.5889, Train MAPE: 11.9149, Train R: 0.5069, Train RRSE: 0.8968, Test Loss: 2786.6984, Test Node Loss: 962.3796, Test Reg Loss: 18.2432, Test MAPE: 10.7488, Test R: 0.6160, Test RRSE: 0.8770
2025-02-10 15:12:19,632:INFO:Epoch 27: Train Loss: 2806.6458, Train Node Loss: 938.1383, Train Reg Loss: 18.6851, Train MAPE: 11.8127, Train R: 0.5644, Train RRSE: 0.8759, Test Loss: 2948.7511, Test Node Loss: 837.8825, Test Reg Loss: 21.1087, Test MAPE: 10.6137, Test R: 0.6158, Test RRSE: 0.9433
2025-02-10 15:12:46,110:INFO:Epoch 28: Train Loss: 2768.7325, Train Node Loss: 850.0403, Train Reg Loss: 19.1869, Train MAPE: 11.3659, Train R: 0.5895, Train RRSE: 0.8875, Test Loss: 2815.8746, Test Node Loss: 816.5824, Test Reg Loss: 19.9929, Test MAPE: 10.6293, Test R: 0.6171, Test RRSE: 0.9180
2025-02-10 15:13:11,542:INFO:Epoch 29: Train Loss: 2737.8000, Train Node Loss: 843.5902, Train Reg Loss: 18.9421, Train MAPE: 11.7048, Train R: 0.5617, Train RRSE: 0.8819, Test Loss: 2671.6542, Test Node Loss: 810.0636, Test Reg Loss: 18.6159, Test MAPE: 10.7114, Test R: 0.6178, Test RRSE: 0.8859
2025-02-10 15:13:37,291:INFO:Epoch 30: Train Loss: 2688.1069, Train Node Loss: 804.1351, Train Reg Loss: 18.8397, Train MAPE: 11.7374, Train R: 0.5618, Train RRSE: 0.8795, Test Loss: 2743.1113, Test Node Loss: 738.3489, Test Reg Loss: 20.0476, Test MAPE: 10.6479, Test R: 0.6188, Test RRSE: 0.9193
2025-02-10 15:14:02,978:INFO:Epoch 31: Train Loss: 2620.5051, Train Node Loss: 762.0005, Train Reg Loss: 18.5850, Train MAPE: 11.6659, Train R: 0.5905, Train RRSE: 0.8735, Test Loss: 2668.0213, Test Node Loss: 713.5464, Test Reg Loss: 19.5447, Test MAPE: 10.6584, Test R: 0.6195, Test RRSE: 0.9077
2025-02-10 15:14:28,437:INFO:Epoch 32: Train Loss: 2573.9075, Train Node Loss: 725.8998, Train Reg Loss: 18.4801, Train MAPE: 11.6672, Train R: 0.5846, Train RRSE: 0.8710, Test Loss: 2684.8675, Test Node Loss: 669.7214, Test Reg Loss: 20.1515, Test MAPE: 10.6684, Test R: 0.6204, Test RRSE: 0.9217
2025-02-10 15:14:54,045:INFO:Epoch 33: Train Loss: 2546.3296, Train Node Loss: 697.4273, Train Reg Loss: 18.4890, Train MAPE: 11.7449, Train R: 0.5778, Train RRSE: 0.8713, Test Loss: 2604.5705, Test Node Loss: 649.9353, Test Reg Loss: 19.5464, Test MAPE: 10.6622, Test R: 0.6217, Test RRSE: 0.9077
2025-02-10 15:15:20,520:INFO:Epoch 34: Train Loss: 2519.5928, Train Node Loss: 660.0450, Train Reg Loss: 18.5955, Train MAPE: 11.6947, Train R: 0.5686, Train RRSE: 0.8738, Test Loss: 2723.4869, Test Node Loss: 595.6512, Test Reg Loss: 21.2784, Test MAPE: 10.7038, Test R: 0.6230, Test RRSE: 0.9471
2025-02-10 15:15:46,012:INFO:Epoch 35: Train Loss: 2444.0514, Train Node Loss: 634.9935, Train Reg Loss: 18.0906, Train MAPE: 11.7339, Train R: 0.5963, Train RRSE: 0.8618, Test Loss: 2577.3187, Test Node Loss: 588.9523, Test Reg Loss: 19.8837, Test MAPE: 10.6887, Test R: 0.6240, Test RRSE: 0.9155
2025-02-10 15:16:11,328:INFO:Epoch 36: Train Loss: 2425.8416, Train Node Loss: 606.2109, Train Reg Loss: 18.1963, Train MAPE: 11.7156, Train R: 0.5906, Train RRSE: 0.8643, Test Loss: 2616.0743, Test Node Loss: 554.9055, Test Reg Loss: 20.6117, Test MAPE: 10.7281, Test R: 0.6246, Test RRSE: 0.9321
2025-02-10 15:16:37,922:INFO:Epoch 37: Train Loss: 2404.7720, Train Node Loss: 601.3808, Train Reg Loss: 18.0339, Train MAPE: 12.0231, Train R: 0.5793, Train RRSE: 0.8605, Test Loss: 2456.7515, Test Node Loss: 555.4978, Test Reg Loss: 19.0125, Test MAPE: 10.6638, Test R: 0.6250, Test RRSE: 0.8953
2025-02-10 15:17:04,535:INFO:Epoch 38: Train Loss: 2364.3170, Train Node Loss: 566.2926, Train Reg Loss: 17.9802, Train MAPE: 11.8429, Train R: 0.5811, Train RRSE: 0.8592, Test Loss: 2791.8542, Test Node Loss: 486.8041, Test Reg Loss: 23.0505, Test MAPE: 10.9129, Test R: 0.6252, Test RRSE: 0.9858
2025-02-10 15:17:30,855:INFO:Epoch 39: Train Loss: 2291.3895, Train Node Loss: 533.0938, Train Reg Loss: 17.5830, Train MAPE: 11.7491, Train R: 0.6140, Train RRSE: 0.8496, Test Loss: 2535.7577, Test Node Loss: 495.2822, Test Reg Loss: 20.4048, Test MAPE: 10.7661, Test R: 0.6253, Test RRSE: 0.9275
2025-02-10 15:17:57,350:INFO:Epoch 40: Train Loss: 2273.1508, Train Node Loss: 523.6153, Train Reg Loss: 17.4954, Train MAPE: 11.9242, Train R: 0.5986, Train RRSE: 0.8475, Test Loss: 2724.8944, Test Node Loss: 455.6337, Test Reg Loss: 22.6926, Test MAPE: 10.9573, Test R: 0.6247, Test RRSE: 0.9781
2025-02-10 15:18:23,609:INFO:Epoch 41: Train Loss: 2212.5487, Train Node Loss: 506.1806, Train Reg Loss: 17.0637, Train MAPE: 11.9377, Train R: 0.6187, Train RRSE: 0.8370, Test Loss: 2613.2910, Test Node Loss: 449.9480, Test Reg Loss: 21.6334, Test MAPE: 10.8949, Test R: 0.6238, Test RRSE: 0.9550
2025-02-10 15:18:50,234:INFO:Epoch 42: Train Loss: 2163.0490, Train Node Loss: 493.8388, Train Reg Loss: 16.6921, Train MAPE: 12.0286, Train R: 0.6307, Train RRSE: 0.8278, Test Loss: 2749.6045, Test Node Loss: 420.2621, Test Reg Loss: 23.2934, Test MAPE: 11.0751, Test R: 0.6217, Test RRSE: 0.9909
2025-02-10 15:19:16,811:INFO:Epoch 43: Train Loss: 2138.6452, Train Node Loss: 468.9425, Train Reg Loss: 16.6970, Train MAPE: 11.9526, Train R: 0.6196, Train RRSE: 0.8280, Test Loss: 2722.3206, Test Node Loss: 409.1377, Test Reg Loss: 23.1318, Test MAPE: 11.1230, Test R: 0.6185, Test RRSE: 0.9875
2025-02-10 15:19:43,793:INFO:Epoch 44: Train Loss: 2143.6733, Train Node Loss: 449.2881, Train Reg Loss: 16.9439, Train MAPE: 11.9236, Train R: 0.6047, Train RRSE: 0.8341, Test Loss: 2707.6024, Test Node Loss: 397.7054, Test Reg Loss: 23.0990, Test MAPE: 11.1081, Test R: 0.6145, Test RRSE: 0.9868
2025-02-10 15:20:09,746:INFO:Epoch 45: Train Loss: 2087.3706, Train Node Loss: 443.2875, Train Reg Loss: 16.4408, Train MAPE: 12.0385, Train R: 0.6155, Train RRSE: 0.8216, Test Loss: 2724.2277, Test Node Loss: 384.3996, Test Reg Loss: 23.3983, Test MAPE: 11.2098, Test R: 0.6103, Test RRSE: 0.9932
2025-02-10 15:20:35,739:INFO:Epoch 46: Train Loss: 2099.5647, Train Node Loss: 440.9002, Train Reg Loss: 16.5866, Train MAPE: 12.3333, Train R: 0.5997, Train RRSE: 0.8252, Test Loss: 2841.2827, Test Node Loss: 365.1365, Test Reg Loss: 24.7615, Test MAPE: 11.4667, Test R: 0.6054, Test RRSE: 1.0217
2025-02-10 15:21:02,159:INFO:Epoch 47: Train Loss: 2034.5766, Train Node Loss: 414.6165, Train Reg Loss: 16.1996, Train MAPE: 12.0894, Train R: 0.6187, Train RRSE: 0.8155, Test Loss: 3016.4628, Test Node Loss: 345.1531, Test Reg Loss: 26.7131, Test MAPE: 11.7119, Test R: 0.6001, Test RRSE: 1.0612
2025-02-10 15:21:28,029:INFO:Epoch 48: Train Loss: 2039.3577, Train Node Loss: 404.5817, Train Reg Loss: 16.3478, Train MAPE: 12.2264, Train R: 0.6010, Train RRSE: 0.8192, Test Loss: 2933.7336, Test Node Loss: 338.7033, Test Reg Loss: 25.9503, Test MAPE: 11.7519, Test R: 0.5967, Test RRSE: 1.0459
2025-02-10 15:21:54,266:INFO:Epoch 49: Train Loss: 1978.6035, Train Node Loss: 392.7168, Train Reg Loss: 15.8589, Train MAPE: 12.2906, Train R: 0.6168, Train RRSE: 0.8069, Test Loss: 2766.5352, Test Node Loss: 336.2467, Test Reg Loss: 24.3029, Test MAPE: 11.5870, Test R: 0.5940, Test RRSE: 1.0122
2025-02-10 15:22:19,855:INFO:Epoch 50: Train Loss: 1992.0975, Train Node Loss: 384.7241, Train Reg Loss: 16.0737, Train MAPE: 12.4704, Train R: 0.6015, Train RRSE: 0.8124, Test Loss: 2797.1084, Test Node Loss: 322.0355, Test Reg Loss: 24.7507, Test MAPE: 11.7508, Test R: 0.5942, Test RRSE: 1.0215
2025-02-10 15:22:46,280:INFO:Epoch 51: Train Loss: 1947.8590, Train Node Loss: 370.6079, Train Reg Loss: 15.7725, Train MAPE: 12.4497, Train R: 0.6149, Train RRSE: 0.8047, Test Loss: 2515.0309, Test Node Loss: 328.8401, Test Reg Loss: 21.8619, Test MAPE: 11.4834, Test R: 0.5928, Test RRSE: 0.9600
2025-02-10 15:23:12,274:INFO:Epoch 52: Train Loss: 1953.5214, Train Node Loss: 352.2079, Train Reg Loss: 16.0131, Train MAPE: 12.4748, Train R: 0.6017, Train RRSE: 0.8108, Test Loss: 2826.4764, Test Node Loss: 298.9650, Test Reg Loss: 25.2751, Test MAPE: 11.9412, Test R: 0.5904, Test RRSE: 1.0322
2025-02-10 15:23:38,917:INFO:Epoch 53: Train Loss: 1911.9326, Train Node Loss: 348.3976, Train Reg Loss: 15.6353, Train MAPE: 12.6221, Train R: 0.6128, Train RRSE: 0.8012, Test Loss: 2247.9579, Test Node Loss: 322.0731, Test Reg Loss: 19.2588, Test MAPE: 11.3059, Test R: 0.5934, Test RRSE: 0.9010
2025-02-10 15:24:04,348:INFO:Epoch 54: Train Loss: 1917.3610, Train Node Loss: 327.1603, Train Reg Loss: 15.9020, Train MAPE: 12.4367, Train R: 0.6060, Train RRSE: 0.8080, Test Loss: 2615.3320, Test Node Loss: 284.5432, Test Reg Loss: 23.3079, Test MAPE: 11.7071, Test R: 0.5947, Test RRSE: 0.9912
2025-02-10 15:24:30,147:INFO:Epoch 55: Train Loss: 1949.8186, Train Node Loss: 324.9264, Train Reg Loss: 16.2489, Train MAPE: 12.6220, Train R: 0.5861, Train RRSE: 0.8168, Test Loss: 2123.9353, Test Node Loss: 307.7016, Test Reg Loss: 18.1623, Test MAPE: 11.2753, Test R: 0.5985, Test RRSE: 0.8750
2025-02-10 15:24:56,014:INFO:Epoch 56: Train Loss: 1818.1994, Train Node Loss: 309.2788, Train Reg Loss: 15.0892, Train MAPE: 12.5505, Train R: 0.6321, Train RRSE: 0.7871, Test Loss: 2679.3672, Test Node Loss: 262.2346, Test Reg Loss: 24.1713, Test MAPE: 11.7760, Test R: 0.5978, Test RRSE: 1.0094
2025-02-10 15:25:22,547:INFO:Epoch 57: Train Loss: 1873.5024, Train Node Loss: 283.1907, Train Reg Loss: 15.9031, Train MAPE: 12.2120, Train R: 0.6220, Train RRSE: 0.8080, Test Loss: 2191.8722, Test Node Loss: 280.9538, Test Reg Loss: 19.1092, Test MAPE: 11.3904, Test R: 0.6013, Test RRSE: 0.8975
2025-02-10 15:25:49,057:INFO:Epoch 58: Train Loss: 1837.2757, Train Node Loss: 306.5584, Train Reg Loss: 15.3072, Train MAPE: 12.9350, Train R: 0.6265, Train RRSE: 0.7927, Test Loss: 2054.3330, Test Node Loss: 284.0238, Test Reg Loss: 17.7031, Test MAPE: 11.3540, Test R: 0.6016, Test RRSE: 0.8639
2025-02-10 15:26:15,565:INFO:Epoch 59: Train Loss: 1797.9839, Train Node Loss: 292.5178, Train Reg Loss: 15.0547, Train MAPE: 12.8700, Train R: 0.6306, Train RRSE: 0.7862, Test Loss: 2780.7835, Test Node Loss: 236.0373, Test Reg Loss: 25.4475, Test MAPE: 12.0664, Test R: 0.5965, Test RRSE: 1.0357
2025-02-10 15:26:42,428:INFO:Epoch 60: Train Loss: 1819.4636, Train Node Loss: 262.3103, Train Reg Loss: 15.5715, Train MAPE: 12.3433, Train R: 0.6229, Train RRSE: 0.7996, Test Loss: 2354.3090, Test Node Loss: 244.3566, Test Reg Loss: 21.0995, Test MAPE: 11.6226, Test R: 0.5995, Test RRSE: 0.9431
2025-02-10 15:27:08,498:INFO:Epoch 61: Train Loss: 1762.8210, Train Node Loss: 267.4054, Train Reg Loss: 14.9542, Train MAPE: 12.6875, Train R: 0.6336, Train RRSE: 0.7836, Test Loss: 2031.0545, Test Node Loss: 254.2004, Test Reg Loss: 17.7685, Test MAPE: 11.4486, Test R: 0.6030, Test RRSE: 0.8655
2025-02-10 15:27:34,845:INFO:Epoch 62: Train Loss: 1795.9388, Train Node Loss: 256.8566, Train Reg Loss: 15.3908, Train MAPE: 12.6365, Train R: 0.6183, Train RRSE: 0.7949, Test Loss: 2224.2447, Test Node Loss: 233.5285, Test Reg Loss: 19.9072, Test MAPE: 11.5383, Test R: 0.6032, Test RRSE: 0.9161
2025-02-10 15:28:01,722:INFO:Epoch 63: Train Loss: 1706.4919, Train Node Loss: 249.7290, Train Reg Loss: 14.5676, Train MAPE: 12.6490, Train R: 0.6496, Train RRSE: 0.7734, Test Loss: 2134.7509, Test Node Loss: 234.1443, Test Reg Loss: 19.0061, Test MAPE: 11.5411, Test R: 0.6037, Test RRSE: 0.8951
2025-02-10 15:28:27,595:INFO:Epoch 64: Train Loss: 1749.0240, Train Node Loss: 245.4761, Train Reg Loss: 15.0355, Train MAPE: 12.7371, Train R: 0.6289, Train RRSE: 0.7857, Test Loss: 2379.4774, Test Node Loss: 216.3443, Test Reg Loss: 21.6313, Test MAPE: 11.7909, Test R: 0.6022, Test RRSE: 0.9549
2025-02-10 15:28:54,450:INFO:Epoch 65: Train Loss: 1703.7804, Train Node Loss: 236.7193, Train Reg Loss: 14.6706, Train MAPE: 12.7306, Train R: 0.6410, Train RRSE: 0.7761, Test Loss: 2371.3775, Test Node Loss: 210.7167, Test Reg Loss: 21.6066, Test MAPE: 11.9070, Test R: 0.6038, Test RRSE: 0.9544
2025-02-10 15:29:20,431:INFO:Epoch 66: Train Loss: 1736.4007, Train Node Loss: 226.6065, Train Reg Loss: 15.0979, Train MAPE: 12.6247, Train R: 0.6264, Train RRSE: 0.7873, Test Loss: 2268.9847, Test Node Loss: 207.5577, Test Reg Loss: 20.6143, Test MAPE: 11.8276, Test R: 0.6060, Test RRSE: 0.9322
2025-02-10 15:29:47,088:INFO:Epoch 67: Train Loss: 1742.1030, Train Node Loss: 222.1259, Train Reg Loss: 15.1998, Train MAPE: 12.7024, Train R: 0.6208, Train RRSE: 0.7900, Test Loss: 2075.4608, Test Node Loss: 207.8671, Test Reg Loss: 18.6759, Test MAPE: 11.6055, Test R: 0.6088, Test RRSE: 0.8873
2025-02-10 15:30:13,337:INFO:Epoch 68: Train Loss: 1719.2642, Train Node Loss: 216.2462, Train Reg Loss: 15.0302, Train MAPE: 12.7531, Train R: 0.6275, Train RRSE: 0.7855, Test Loss: 2128.0395, Test Node Loss: 196.9688, Test Reg Loss: 19.3107, Test MAPE: 11.6794, Test R: 0.6110, Test RRSE: 0.9022
2025-02-10 15:30:39,060:INFO:Epoch 69: Train Loss: 1719.7084, Train Node Loss: 209.5643, Train Reg Loss: 15.1014, Train MAPE: 12.7275, Train R: 0.6275, Train RRSE: 0.7874, Test Loss: 1957.4624, Test Node Loss: 200.6177, Test Reg Loss: 17.5684, Test MAPE: 11.5996, Test R: 0.6149, Test RRSE: 0.8606
2025-02-10 15:31:05,567:INFO:Epoch 70: Train Loss: 1666.9603, Train Node Loss: 206.2629, Train Reg Loss: 14.6070, Train MAPE: 12.7668, Train R: 0.6467, Train RRSE: 0.7744, Test Loss: 2567.2828, Test Node Loss: 173.1204, Test Reg Loss: 23.9416, Test MAPE: 12.2157, Test R: 0.6137, Test RRSE: 1.0046
2025-02-10 15:31:31,901:INFO:Epoch 71: Train Loss: 1795.9935, Train Node Loss: 182.2714, Train Reg Loss: 16.1372, Train MAPE: 12.3997, Train R: 0.6084, Train RRSE: 0.8140, Test Loss: 2396.9927, Test Node Loss: 173.7705, Test Reg Loss: 22.2322, Test MAPE: 12.0548, Test R: 0.6149, Test RRSE: 0.9681
2025-02-10 15:31:58,485:INFO:Epoch 72: Train Loss: 1827.6800, Train Node Loss: 208.5517, Train Reg Loss: 16.1913, Train MAPE: 13.4146, Train R: 0.5951, Train RRSE: 0.8153, Test Loss: 2009.3677, Test Node Loss: 186.0822, Test Reg Loss: 18.2329, Test MAPE: 11.6470, Test R: 0.6179, Test RRSE: 0.8767
2025-02-10 15:32:24,542:INFO:Epoch 73: Train Loss: 1732.6831, Train Node Loss: 179.3289, Train Reg Loss: 15.5335, Train MAPE: 12.6731, Train R: 0.6108, Train RRSE: 0.7986, Test Loss: 3041.9620, Test Node Loss: 144.3994, Test Reg Loss: 28.9756, Test MAPE: 13.0000, Test R: 0.6156, Test RRSE: 1.1052
2025-02-10 15:32:50,120:INFO:Epoch 74: Train Loss: 1679.8461, Train Node Loss: 169.2952, Train Reg Loss: 15.1055, Train MAPE: 12.5046, Train R: 0.6330, Train RRSE: 0.7875, Test Loss: 1743.4292, Test Node Loss: 182.3893, Test Reg Loss: 15.6104, Test MAPE: 11.6380, Test R: 0.6228, Test RRSE: 0.8112
2025-02-10 15:33:16,426:INFO:Epoch 75: Train Loss: 1756.5310, Train Node Loss: 187.8367, Train Reg Loss: 15.6869, Train MAPE: 13.3984, Train R: 0.6228, Train RRSE: 0.8025, Test Loss: 2158.1879, Test Node Loss: 156.0406, Test Reg Loss: 20.0215, Test MAPE: 11.6824, Test R: 0.6215, Test RRSE: 0.9187
2025-02-10 15:33:42,750:INFO:Epoch 76: Train Loss: 1666.2514, Train Node Loss: 158.1716, Train Reg Loss: 15.0808, Train MAPE: 12.4732, Train R: 0.6341, Train RRSE: 0.7869, Test Loss: 3007.9782, Test Node Loss: 132.4037, Test Reg Loss: 28.7557, Test MAPE: 13.0389, Test R: 0.6173, Test RRSE: 1.1010
2025-02-10 15:34:08,398:INFO:Epoch 77: Train Loss: 1696.1226, Train Node Loss: 154.9051, Train Reg Loss: 15.4122, Train MAPE: 12.5831, Train R: 0.6177, Train RRSE: 0.7955, Test Loss: 1904.1966, Test Node Loss: 158.2960, Test Reg Loss: 17.4590, Test MAPE: 11.6207, Test R: 0.6208, Test RRSE: 0.8579
2025-02-10 15:34:33,842:INFO:Epoch 78: Train Loss: 1642.5616, Train Node Loss: 163.9443, Train Reg Loss: 14.7862, Train MAPE: 13.0804, Train R: 0.6390, Train RRSE: 0.7791, Test Loss: 2173.2606, Test Node Loss: 140.6453, Test Reg Loss: 20.3262, Test MAPE: 11.9561, Test R: 0.6227, Test RRSE: 0.9257
2025-02-10 15:35:00,392:INFO:Epoch 79: Train Loss: 1645.8521, Train Node Loss: 144.6969, Train Reg Loss: 15.0116, Train MAPE: 12.5467, Train R: 0.6328, Train RRSE: 0.7851, Test Loss: 2284.5448, Test Node Loss: 129.3402, Test Reg Loss: 21.5520, Test MAPE: 12.0327, Test R: 0.6241, Test RRSE: 0.9532
2025-02-10 15:35:27,383:INFO:Epoch 80: Train Loss: 1642.7107, Train Node Loss: 143.7134, Train Reg Loss: 14.9900, Train MAPE: 12.8218, Train R: 0.6272, Train RRSE: 0.7845, Test Loss: 1716.7755, Test Node Loss: 146.1410, Test Reg Loss: 15.7063, Test MAPE: 11.5951, Test R: 0.6277, Test RRSE: 0.8137
2025-02-10 15:35:53,410:INFO:Epoch 81: Train Loss: 1710.6031, Train Node Loss: 137.7219, Train Reg Loss: 15.7288, Train MAPE: 12.7879, Train R: 0.6009, Train RRSE: 0.8036, Test Loss: 2400.8145, Test Node Loss: 118.6191, Test Reg Loss: 22.8220, Test MAPE: 12.1325, Test R: 0.6267, Test RRSE: 0.9809
2025-02-10 15:36:19,481:INFO:Epoch 82: Train Loss: 1609.3578, Train Node Loss: 134.4295, Train Reg Loss: 14.7493, Train MAPE: 12.7755, Train R: 0.6352, Train RRSE: 0.7782, Test Loss: 1917.0080, Test Node Loss: 130.4071, Test Reg Loss: 17.8660, Test MAPE: 11.7235, Test R: 0.6278, Test RRSE: 0.8678
2025-02-10 15:36:46,314:INFO:Epoch 83: Train Loss: 1603.1692, Train Node Loss: 134.3645, Train Reg Loss: 14.6880, Train MAPE: 12.8478, Train R: 0.6378, Train RRSE: 0.7765, Test Loss: 2357.7886, Test Node Loss: 117.7467, Test Reg Loss: 22.4004, Test MAPE: 12.2046, Test R: 0.6243, Test RRSE: 0.9718
2025-02-10 15:37:13,042:INFO:Epoch 84: Train Loss: 1552.7570, Train Node Loss: 132.8302, Train Reg Loss: 14.1993, Train MAPE: 12.9477, Train R: 0.6537, Train RRSE: 0.7635, Test Loss: 2244.3990, Test Node Loss: 118.1351, Test Reg Loss: 21.2626, Test MAPE: 12.1449, Test R: 0.6244, Test RRSE: 0.9468
2025-02-10 15:37:39,734:INFO:Epoch 85: Train Loss: 1628.1521, Train Node Loss: 127.4991, Train Reg Loss: 15.0065, Train MAPE: 12.9076, Train R: 0.6234, Train RRSE: 0.7849, Test Loss: 2268.0266, Test Node Loss: 112.3379, Test Reg Loss: 21.5569, Test MAPE: 12.1836, Test R: 0.6271, Test RRSE: 0.9533
2025-02-10 15:38:06,579:INFO:Epoch 86: Train Loss: 1587.4366, Train Node Loss: 125.3947, Train Reg Loss: 14.6204, Train MAPE: 13.0316, Train R: 0.6369, Train RRSE: 0.7748, Test Loss: 1966.6132, Test Node Loss: 114.6283, Test Reg Loss: 18.5198, Test MAPE: 11.8630, Test R: 0.6307, Test RRSE: 0.8836
2025-02-10 15:38:06,607:INFO:Checkpoint saved at best_0.001_0.001_256_SAGE_3_64_0.6307_epoch_86.pth
2025-02-10 15:38:33,492:INFO:Epoch 87: Train Loss: 1538.1922, Train Node Loss: 119.2036, Train Reg Loss: 14.1899, Train MAPE: 12.8287, Train R: 0.6552, Train RRSE: 0.7633, Test Loss: 2400.9971, Test Node Loss: 100.6417, Test Reg Loss: 23.0036, Test MAPE: 12.3583, Test R: 0.6308, Test RRSE: 0.9847
2025-02-10 15:38:33,533:INFO:Checkpoint saved at best_0.001_0.001_256_SAGE_3_64_0.6308_epoch_87.pth
2025-02-10 15:38:59,614:INFO:Epoch 88: Train Loss: 1536.9759, Train Node Loss: 112.5461, Train Reg Loss: 14.2443, Train MAPE: 12.7477, Train R: 0.6562, Train RRSE: 0.7647, Test Loss: 2121.8828, Test Node Loss: 103.2120, Test Reg Loss: 20.1867, Test MAPE: 11.9745, Test R: 0.6342, Test RRSE: 0.9225
2025-02-10 15:38:59,646:INFO:Checkpoint saved at best_0.001_0.001_256_SAGE_3_64_0.6342_epoch_88.pth
2025-02-10 15:39:26,324:INFO:Epoch 89: Train Loss: 1592.0762, Train Node Loss: 112.5121, Train Reg Loss: 14.7956, Train MAPE: 12.8260, Train R: 0.6327, Train RRSE: 0.7794, Test Loss: 2168.8385, Test Node Loss: 101.7713, Test Reg Loss: 20.6707, Test MAPE: 12.1932, Test R: 0.6345, Test RRSE: 0.9335
2025-02-10 15:39:26,356:INFO:Checkpoint saved at best_0.001_0.001_256_SAGE_3_64_0.6345_epoch_89.pth
2025-02-10 15:39:52,512:INFO:Epoch 90: Train Loss: 1516.8776, Train Node Loss: 110.3482, Train Reg Loss: 14.0653, Train MAPE: 12.8573, Train R: 0.6586, Train RRSE: 0.7599, Test Loss: 2948.8656, Test Node Loss: 88.1483, Test Reg Loss: 28.6072, Test MAPE: 13.2695, Test R: 0.6323, Test RRSE: 1.0982
2025-02-10 15:40:18,517:INFO:Epoch 91: Train Loss: 1549.5774, Train Node Loss: 102.2559, Train Reg Loss: 14.4732, Train MAPE: 12.7499, Train R: 0.6472, Train RRSE: 0.7708, Test Loss: 2142.3337, Test Node Loss: 96.5383, Test Reg Loss: 20.4580, Test MAPE: 12.1679, Test R: 0.6389, Test RRSE: 0.9287
2025-02-10 15:40:18,551:INFO:Checkpoint saved at best_0.001_0.001_256_SAGE_3_64_0.6389_epoch_91.pth
2025-02-10 15:40:44,429:INFO:Epoch 92: Train Loss: 1578.5659, Train Node Loss: 107.9469, Train Reg Loss: 14.7062, Train MAPE: 13.2344, Train R: 0.6382, Train RRSE: 0.7770, Test Loss: 2096.6486, Test Node Loss: 91.7095, Test Reg Loss: 20.0494, Test MAPE: 12.0219, Test R: 0.6409, Test RRSE: 0.9193
2025-02-10 15:40:44,463:INFO:Checkpoint saved at best_0.001_0.001_256_SAGE_3_64_0.6409_epoch_92.pth
2025-02-10 15:41:10,738:INFO:Epoch 93: Train Loss: 1567.9816, Train Node Loss: 98.0685, Train Reg Loss: 14.6991, Train MAPE: 12.8924, Train R: 0.6338, Train RRSE: 0.7768, Test Loss: 2433.8920, Test Node Loss: 81.8280, Test Reg Loss: 23.5206, Test MAPE: 12.5510, Test R: 0.6388, Test RRSE: 0.9958
2025-02-10 15:41:37,472:INFO:Epoch 94: Train Loss: 1568.9850, Train Node Loss: 88.2150, Train Reg Loss: 14.8077, Train MAPE: 12.6449, Train R: 0.6414, Train RRSE: 0.7797, Test Loss: 1886.2115, Test Node Loss: 85.7284, Test Reg Loss: 18.0048, Test MAPE: 11.9164, Test R: 0.6405, Test RRSE: 0.8712
2025-02-10 15:42:03,206:INFO:Epoch 95: Train Loss: 1502.2855, Train Node Loss: 90.7699, Train Reg Loss: 14.1152, Train MAPE: 12.9541, Train R: 0.6564, Train RRSE: 0.7613, Test Loss: 1656.4273, Test Node Loss: 91.0622, Test Reg Loss: 15.6537, Test MAPE: 11.7683, Test R: 0.6426, Test RRSE: 0.8123
2025-02-10 15:42:03,229:INFO:Checkpoint saved at best_0.001_0.001_256_SAGE_3_64_0.6426_epoch_95.pth
2025-02-10 15:42:29,238:INFO:Epoch 96: Train Loss: 1480.0625, Train Node Loss: 91.9809, Train Reg Loss: 13.8808, Train MAPE: 13.0720, Train R: 0.6634, Train RRSE: 0.7549, Test Loss: 2591.5111, Test Node Loss: 76.1696, Test Reg Loss: 25.1534, Test MAPE: 12.9299, Test R: 0.6356, Test RRSE: 1.0297
2025-02-10 15:42:56,003:INFO:Epoch 97: Train Loss: 1499.0190, Train Node Loss: 85.3337, Train Reg Loss: 14.1369, Train MAPE: 12.8680, Train R: 0.6547, Train RRSE: 0.7618, Test Loss: 1939.4769, Test Node Loss: 81.3653, Test Reg Loss: 18.5811, Test MAPE: 12.1605, Test R: 0.6399, Test RRSE: 0.8850
2025-02-10 15:43:22,694:INFO:Epoch 98: Train Loss: 1496.6482, Train Node Loss: 87.9659, Train Reg Loss: 14.0868, Train MAPE: 13.1581, Train R: 0.6576, Train RRSE: 0.7605, Test Loss: 1713.1019, Test Node Loss: 79.8999, Test Reg Loss: 16.3320, Test MAPE: 11.9444, Test R: 0.6426, Test RRSE: 0.8298
2025-02-10 15:43:22,739:INFO:Checkpoint saved at best_0.001_0.001_256_SAGE_3_64_0.6426_epoch_98.pth
2025-02-10 15:43:48,700:INFO:Epoch 99: Train Loss: 1521.5044, Train Node Loss: 76.3626, Train Reg Loss: 14.4514, Train MAPE: 12.7115, Train R: 0.6490, Train RRSE: 0.7703, Test Loss: 1918.8088, Test Node Loss: 69.6240, Test Reg Loss: 18.4918, Test MAPE: 12.0389, Test R: 0.6419, Test RRSE: 0.8829
2025-02-10 15:44:14,862:INFO:Epoch 100: Train Loss: 1499.8162, Train Node Loss: 77.7371, Train Reg Loss: 14.2208, Train MAPE: 13.0271, Train R: 0.6504, Train RRSE: 0.7641, Test Loss: 1495.8320, Test Node Loss: 82.4093, Test Reg Loss: 14.1342, Test MAPE: 12.1562, Test R: 0.6420, Test RRSE: 0.7719
2025-02-10 15:44:41,673:INFO:Epoch 101: Train Loss: 1508.0517, Train Node Loss: 77.3638, Train Reg Loss: 14.3069, Train MAPE: 13.2024, Train R: 0.6482, Train RRSE: 0.7664, Test Loss: 2287.6664, Test Node Loss: 62.7873, Test Reg Loss: 22.2488, Test MAPE: 12.5411, Test R: 0.6403, Test RRSE: 0.9685
2025-02-10 15:45:08,063:INFO:Epoch 102: Train Loss: 1563.2795, Train Node Loss: 67.3078, Train Reg Loss: 14.9597, Train MAPE: 12.7161, Train R: 0.6336, Train RRSE: 0.7837, Test Loss: 2396.2327, Test Node Loss: 60.4698, Test Reg Loss: 23.3576, Test MAPE: 12.6809, Test R: 0.6428, Test RRSE: 0.9923
2025-02-10 15:45:08,107:INFO:Checkpoint saved at best_0.001_0.001_256_SAGE_3_64_0.6428_epoch_102.pth
2025-02-10 15:45:34,031:INFO:Epoch 103: Train Loss: 1420.6074, Train Node Loss: 70.8700, Train Reg Loss: 13.4974, Train MAPE: 12.8744, Train R: 0.6750, Train RRSE: 0.7444, Test Loss: 1581.6043, Test Node Loss: 74.9273, Test Reg Loss: 15.0668, Test MAPE: 11.9715, Test R: 0.6478, Test RRSE: 0.7970
2025-02-10 15:45:34,060:INFO:Checkpoint saved at best_0.001_0.001_256_SAGE_3_64_0.6478_epoch_103.pth
2025-02-10 15:46:00,702:INFO:Epoch 104: Train Loss: 1484.8246, Train Node Loss: 76.3639, Train Reg Loss: 14.0846, Train MAPE: 13.5218, Train R: 0.6642, Train RRSE: 0.7604, Test Loss: 2667.9224, Test Node Loss: 56.2972, Test Reg Loss: 26.1163, Test MAPE: 13.1911, Test R: 0.6453, Test RRSE: 1.0493
2025-02-10 15:46:26,317:INFO:Epoch 105: Train Loss: 1436.0353, Train Node Loss: 63.2795, Train Reg Loss: 13.7276, Train MAPE: 12.8997, Train R: 0.6706, Train RRSE: 0.7507, Test Loss: 2601.8544, Test Node Loss: 53.5126, Test Reg Loss: 25.4834, Test MAPE: 13.0901, Test R: 0.6477, Test RRSE: 1.0365
2025-02-10 15:46:52,137:INFO:Epoch 106: Train Loss: 1437.1114, Train Node Loss: 64.3874, Train Reg Loss: 13.7272, Train MAPE: 13.1033, Train R: 0.6645, Train RRSE: 0.7507, Test Loss: 1577.9640, Test Node Loss: 65.0934, Test Reg Loss: 15.1287, Test MAPE: 11.8678, Test R: 0.6534, Test RRSE: 0.7986
2025-02-10 15:46:52,179:INFO:Checkpoint saved at best_0.001_0.001_256_SAGE_3_64_0.6534_epoch_106.pth
2025-02-10 15:47:18,256:INFO:Epoch 107: Train Loss: 1476.5527, Train Node Loss: 62.8759, Train Reg Loss: 14.1368, Train MAPE: 13.0546, Train R: 0.6529, Train RRSE: 0.7618, Test Loss: 2464.7064, Test Node Loss: 51.5637, Test Reg Loss: 24.1314, Test MAPE: 12.8063, Test R: 0.6497, Test RRSE: 1.0086
2025-02-10 15:47:45,245:INFO:Epoch 108: Train Loss: 1472.3040, Train Node Loss: 59.9837, Train Reg Loss: 14.1232, Train MAPE: 13.0531, Train R: 0.6508, Train RRSE: 0.7615, Test Loss: 1618.4713, Test Node Loss: 59.5435, Test Reg Loss: 15.5893, Test MAPE: 11.7856, Test R: 0.6539, Test RRSE: 0.8107
2025-02-10 15:47:45,272:INFO:Checkpoint saved at best_0.001_0.001_256_SAGE_3_64_0.6539_epoch_108.pth
2025-02-10 15:48:11,943:INFO:Epoch 109: Train Loss: 1448.6568, Train Node Loss: 58.3604, Train Reg Loss: 13.9030, Train MAPE: 12.9974, Train R: 0.6601, Train RRSE: 0.7555, Test Loss: 2271.5992, Test Node Loss: 48.9709, Test Reg Loss: 22.2263, Test MAPE: 12.6240, Test R: 0.6522, Test RRSE: 0.9680
2025-02-10 15:48:37,852:INFO:Epoch 110: Train Loss: 1407.9208, Train Node Loss: 57.6780, Train Reg Loss: 13.5024, Train MAPE: 13.1038, Train R: 0.6745, Train RRSE: 0.7445, Test Loss: 1544.0172, Test Node Loss: 56.6797, Test Reg Loss: 14.8734, Test MAPE: 12.0729, Test R: 0.6495, Test RRSE: 0.7918
2025-02-10 15:49:04,345:INFO:Epoch 111: Train Loss: 1471.3760, Train Node Loss: 54.1202, Train Reg Loss: 14.1726, Train MAPE: 13.1233, Train R: 0.6487, Train RRSE: 0.7628, Test Loss: 1893.3039, Test Node Loss: 48.9512, Test Reg Loss: 18.4435, Test MAPE: 12.2911, Test R: 0.6502, Test RRSE: 0.8818
2025-02-10 15:49:31,185:INFO:Epoch 112: Train Loss: 1444.8139, Train Node Loss: 54.6584, Train Reg Loss: 13.9016, Train MAPE: 13.2004, Train R: 0.6574, Train RRSE: 0.7555, Test Loss: 1456.0673, Test Node Loss: 55.9350, Test Reg Loss: 14.0013, Test MAPE: 12.1502, Test R: 0.6568, Test RRSE: 0.7683
2025-02-10 15:49:31,287:INFO:Checkpoint saved at best_0.001_0.001_256_SAGE_3_64_0.6568_epoch_112.pth
2025-02-10 15:49:58,213:INFO:Epoch 113: Train Loss: 1458.2225, Train Node Loss: 53.1930, Train Reg Loss: 14.0503, Train MAPE: 13.1824, Train R: 0.6537, Train RRSE: 0.7595, Test Loss: 2430.1733, Test Node Loss: 41.3915, Test Reg Loss: 23.8878, Test MAPE: 13.0024, Test R: 0.6560, Test RRSE: 1.0035
2025-02-10 15:50:24,534:INFO:Epoch 114: Train Loss: 1428.9532, Train Node Loss: 45.8146, Train Reg Loss: 13.8314, Train MAPE: 12.7855, Train R: 0.6718, Train RRSE: 0.7536, Test Loss: 1481.4082, Test Node Loss: 49.6383, Test Reg Loss: 14.3177, Test MAPE: 12.0176, Test R: 0.6598, Test RRSE: 0.7769
2025-02-10 15:50:24,558:INFO:Checkpoint saved at best_0.001_0.001_256_SAGE_3_64_0.6598_epoch_114.pth
2025-02-10 15:50:50,579:INFO:Epoch 115: Train Loss: 1458.6260, Train Node Loss: 52.0309, Train Reg Loss: 14.0660, Train MAPE: 13.3031, Train R: 0.6608, Train RRSE: 0.7599, Test Loss: 1516.4834, Test Node Loss: 49.4667, Test Reg Loss: 14.6702, Test MAPE: 12.1469, Test R: 0.6518, Test RRSE: 0.7864
2025-02-10 15:51:17,622:INFO:Epoch 116: Train Loss: 1421.2735, Train Node Loss: 46.6189, Train Reg Loss: 13.7465, Train MAPE: 13.1530, Train R: 0.6621, Train RRSE: 0.7512, Test Loss: 2700.5012, Test Node Loss: 36.7564, Test Reg Loss: 26.6374, Test MAPE: 13.5398, Test R: 0.6437, Test RRSE: 1.0597
2025-02-10 15:51:44,208:INFO:Epoch 117: Train Loss: 1417.9281, Train Node Loss: 43.4562, Train Reg Loss: 13.7447, Train MAPE: 12.9213, Train R: 0.6680, Train RRSE: 0.7512, Test Loss: 1595.1251, Test Node Loss: 46.1065, Test Reg Loss: 15.4902, Test MAPE: 12.2033, Test R: 0.6499, Test RRSE: 0.8081
2025-02-10 15:52:10,694:INFO:Epoch 118: Train Loss: 1553.6764, Train Node Loss: 50.3513, Train Reg Loss: 15.0333, Train MAPE: 13.6506, Train R: 0.6333, Train RRSE: 0.7856, Test Loss: 2145.1590, Test Node Loss: 39.4055, Test Reg Loss: 21.0575, Test MAPE: 12.6988, Test R: 0.6509, Test RRSE: 0.9422
2025-02-10 15:52:37,682:INFO:Epoch 119: Train Loss: 1444.0469, Train Node Loss: 39.1147, Train Reg Loss: 14.0493, Train MAPE: 12.9013, Train R: 0.6643, Train RRSE: 0.7595, Test Loss: 3190.7180, Test Node Loss: 31.2574, Test Reg Loss: 31.5946, Test MAPE: 14.1587, Test R: 0.6517, Test RRSE: 1.1541
2025-02-10 15:53:03,903:INFO:Epoch 120: Train Loss: 1369.3087, Train Node Loss: 39.8170, Train Reg Loss: 13.2949, Train MAPE: 12.8710, Train R: 0.6832, Train RRSE: 0.7388, Test Loss: 1496.8481, Test Node Loss: 43.4154, Test Reg Loss: 14.5343, Test MAPE: 12.1831, Test R: 0.6582, Test RRSE: 0.7828
2025-02-10 15:53:29,804:INFO:Epoch 121: Train Loss: 1412.1226, Train Node Loss: 45.0063, Train Reg Loss: 13.6712, Train MAPE: 13.5628, Train R: 0.6797, Train RRSE: 0.7492, Test Loss: 2536.1443, Test Node Loss: 32.1509, Test Reg Loss: 25.0399, Test MAPE: 13.1050, Test R: 0.6577, Test RRSE: 1.0274
2025-02-10 15:53:55,195:INFO:Epoch 122: Train Loss: 1379.1650, Train Node Loss: 35.5139, Train Reg Loss: 13.4365, Train MAPE: 12.9625, Train R: 0.6807, Train RRSE: 0.7427, Test Loss: 3088.5093, Test Node Loss: 27.8171, Test Reg Loss: 30.6069, Test MAPE: 14.0563, Test R: 0.6582, Test RRSE: 1.1359
2025-02-10 15:54:20,629:INFO:Epoch 123: Train Loss: 1416.9404, Train Node Loss: 37.6836, Train Reg Loss: 13.7926, Train MAPE: 13.2651, Train R: 0.6604, Train RRSE: 0.7525, Test Loss: 1971.1061, Test Node Loss: 35.1541, Test Reg Loss: 19.3595, Test MAPE: 12.3996, Test R: 0.6611, Test RRSE: 0.9034
2025-02-10 15:54:20,665:INFO:Checkpoint saved at best_0.001_0.001_256_SAGE_3_64_0.6611_epoch_123.pth
2025-02-10 15:54:46,984:INFO:Epoch 124: Train Loss: 1423.9728, Train Node Loss: 37.1908, Train Reg Loss: 13.8678, Train MAPE: 13.2850, Train R: 0.6568, Train RRSE: 0.7546, Test Loss: 2680.5637, Test Node Loss: 29.0548, Test Reg Loss: 26.5151, Test MAPE: 13.4333, Test R: 0.6628, Test RRSE: 1.0572
2025-02-10 15:54:47,024:INFO:Checkpoint saved at best_0.001_0.001_256_SAGE_3_64_0.6628_epoch_124.pth
2025-02-10 15:55:13,242:INFO:Epoch 125: Train Loss: 1388.5791, Train Node Loss: 35.4395, Train Reg Loss: 13.5314, Train MAPE: 13.1305, Train R: 0.6707, Train RRSE: 0.7453, Test Loss: 2218.1745, Test Node Loss: 30.7690, Test Reg Loss: 21.8741, Test MAPE: 12.8101, Test R: 0.6653, Test RRSE: 0.9603
2025-02-10 15:55:13,274:INFO:Checkpoint saved at best_0.001_0.001_256_SAGE_3_64_0.6653_epoch_125.pth
2025-02-10 15:55:39,308:INFO:Epoch 126: Train Loss: 1367.6750, Train Node Loss: 35.2905, Train Reg Loss: 13.3238, Train MAPE: 13.2927, Train R: 0.6753, Train RRSE: 0.7396, Test Loss: 2197.0116, Test Node Loss: 30.2854, Test Reg Loss: 21.6673, Test MAPE: 12.8665, Test R: 0.6641, Test RRSE: 0.9557
2025-02-10 15:56:05,065:INFO:Epoch 127: Train Loss: 1377.5990, Train Node Loss: 32.8722, Train Reg Loss: 13.4473, Train MAPE: 13.1251, Train R: 0.6724, Train RRSE: 0.7430, Test Loss: 2091.7277, Test Node Loss: 28.8437, Test Reg Loss: 20.6288, Test MAPE: 12.8350, Test R: 0.6608, Test RRSE: 0.9325
2025-02-10 15:56:30,588:INFO:Epoch 128: Train Loss: 1422.6269, Train Node Loss: 33.4596, Train Reg Loss: 13.8917, Train MAPE: 13.3659, Train R: 0.6581, Train RRSE: 0.7552, Test Loss: 1962.3308, Test Node Loss: 28.5341, Test Reg Loss: 19.3380, Test MAPE: 12.6697, Test R: 0.6618, Test RRSE: 0.9029
2025-02-10 15:56:56,258:INFO:Epoch 129: Train Loss: 1435.7016, Train Node Loss: 29.4400, Train Reg Loss: 14.0626, Train MAPE: 12.9995, Train R: 0.6558, Train RRSE: 0.7598, Test Loss: 1671.7729, Test Node Loss: 28.3077, Test Reg Loss: 16.4347, Test MAPE: 12.3398, Test R: 0.6662, Test RRSE: 0.8324
2025-02-10 15:56:56,283:INFO:Checkpoint saved at best_0.001_0.001_256_SAGE_3_64_0.6662_epoch_129.pth
2025-02-10 15:57:22,374:INFO:Epoch 130: Train Loss: 1394.7066, Train Node Loss: 31.5990, Train Reg Loss: 13.6311, Train MAPE: 13.4372, Train R: 0.6678, Train RRSE: 0.7481, Test Loss: 1397.8684, Test Node Loss: 30.1500, Test Reg Loss: 13.6772, Test MAPE: 12.1411, Test R: 0.6684, Test RRSE: 0.7593
2025-02-10 15:57:22,398:INFO:Checkpoint saved at best_0.001_0.001_256_SAGE_3_64_0.6684_epoch_130.pth
2025-02-10 15:57:48,194:INFO:Epoch 131: Train Loss: 1348.7443, Train Node Loss: 28.8756, Train Reg Loss: 13.1987, Train MAPE: 13.2440, Train R: 0.6786, Train RRSE: 0.7361, Test Loss: 2296.2965, Test Node Loss: 22.4045, Test Reg Loss: 22.7389, Test MAPE: 13.1376, Test R: 0.6673, Test RRSE: 0.9791
2025-02-10 15:58:14,314:INFO:Epoch 132: Train Loss: 1380.2017, Train Node Loss: 26.8522, Train Reg Loss: 13.5335, Train MAPE: 13.2832, Train R: 0.6689, Train RRSE: 0.7454, Test Loss: 1354.7763, Test Node Loss: 30.1218, Test Reg Loss: 13.2465, Test MAPE: 12.5652, Test R: 0.6697, Test RRSE: 0.7473
2025-02-10 15:58:14,331:INFO:Checkpoint saved at best_0.001_0.001_256_SAGE_3_64_0.6697_epoch_132.pth
2025-02-10 15:58:40,417:INFO:Epoch 133: Train Loss: 1327.8594, Train Node Loss: 27.5592, Train Reg Loss: 13.0030, Train MAPE: 13.3203, Train R: 0.6873, Train RRSE: 0.7306, Test Loss: 2231.6887, Test Node Loss: 21.8609, Test Reg Loss: 22.0983, Test MAPE: 13.0557, Test R: 0.6650, Test RRSE: 0.9652
2025-02-10 15:59:06,775:INFO:Epoch 134: Train Loss: 1429.0610, Train Node Loss: 23.9219, Train Reg Loss: 14.0514, Train MAPE: 12.9522, Train R: 0.6605, Train RRSE: 0.7595, Test Loss: 1674.7421, Test Node Loss: 24.8526, Test Reg Loss: 16.4989, Test MAPE: 12.4777, Test R: 0.6630, Test RRSE: 0.8340
2025-02-10 15:59:32,667:INFO:Epoch 135: Train Loss: 1472.6179, Train Node Loss: 28.7724, Train Reg Loss: 14.4385, Train MAPE: 13.6737, Train R: 0.6516, Train RRSE: 0.7699, Test Loss: 1359.8061, Test Node Loss: 28.6981, Test Reg Loss: 13.3111, Test MAPE: 12.7977, Test R: 0.6678, Test RRSE: 0.7491
2025-02-10 15:59:58,663:INFO:Epoch 136: Train Loss: 1321.4781, Train Node Loss: 24.2380, Train Reg Loss: 12.9724, Train MAPE: 13.2339, Train R: 0.6865, Train RRSE: 0.7298, Test Loss: 2267.6944, Test Node Loss: 17.7405, Test Reg Loss: 22.4995, Test MAPE: 13.0680, Test R: 0.6632, Test RRSE: 0.9739
2025-02-10 16:00:24,185:INFO:Epoch 137: Train Loss: 1496.3479, Train Node Loss: 22.1131, Train Reg Loss: 14.7423, Train MAPE: 13.1699, Train R: 0.6310, Train RRSE: 0.7780, Test Loss: 1365.4000, Test Node Loss: 24.8139, Test Reg Loss: 13.4059, Test MAPE: 12.4901, Test R: 0.6636, Test RRSE: 0.7518
2025-02-10 16:00:49,752:INFO:Epoch 138: Train Loss: 1312.9881, Train Node Loss: 23.9337, Train Reg Loss: 12.8905, Train MAPE: 13.4060, Train R: 0.6905, Train RRSE: 0.7275, Test Loss: 2337.8023, Test Node Loss: 18.6014, Test Reg Loss: 23.1920, Test MAPE: 13.2946, Test R: 0.6649, Test RRSE: 0.9888
2025-02-10 16:01:16,295:INFO:Epoch 139: Train Loss: 1362.8906, Train Node Loss: 19.9060, Train Reg Loss: 13.4298, Train MAPE: 12.9993, Train R: 0.6816, Train RRSE: 0.7425, Test Loss: 2726.2369, Test Node Loss: 17.6228, Test Reg Loss: 27.0861, Test MAPE: 13.7962, Test R: 0.6687, Test RRSE: 1.0686
2025-02-10 16:01:42,727:INFO:Epoch 140: Train Loss: 1291.4650, Train Node Loss: 23.3840, Train Reg Loss: 12.6808, Train MAPE: 13.4982, Train R: 0.6955, Train RRSE: 0.7215, Test Loss: 2047.1469, Test Node Loss: 22.0041, Test Reg Loss: 20.2514, Test MAPE: 12.9217, Test R: 0.6693, Test RRSE: 0.9240
2025-02-10 16:02:09,343:INFO:Epoch 141: Train Loss: 1368.8249, Train Node Loss: 23.1042, Train Reg Loss: 13.4572, Train MAPE: 13.4063, Train R: 0.6700, Train RRSE: 0.7433, Test Loss: 4297.1094, Test Node Loss: 14.5136, Test Reg Loss: 42.8260, Test MAPE: 16.1925, Test R: 0.6649, Test RRSE: 1.3436
2025-02-10 16:02:36,289:INFO:Epoch 142: Train Loss: 1271.9763, Train Node Loss: 19.9846, Train Reg Loss: 12.5199, Train MAPE: 13.1064, Train R: 0.7056, Train RRSE: 0.7169, Test Loss: 1519.2314, Test Node Loss: 19.9147, Test Reg Loss: 14.9932, Test MAPE: 12.0104, Test R: 0.6691, Test RRSE: 0.7950
2025-02-10 16:03:02,546:INFO:Epoch 143: Train Loss: 1379.3977, Train Node Loss: 21.7116, Train Reg Loss: 13.5769, Train MAPE: 13.5622, Train R: 0.6736, Train RRSE: 0.7466, Test Loss: 1619.7211, Test Node Loss: 17.9741, Test Reg Loss: 16.0175, Test MAPE: 12.1315, Test R: 0.6679, Test RRSE: 0.8217
2025-02-10 16:03:28,424:INFO:Epoch 144: Train Loss: 1379.6089, Train Node Loss: 17.8745, Train Reg Loss: 13.6173, Train MAPE: 13.0356, Train R: 0.6687, Train RRSE: 0.7477, Test Loss: 2557.2781, Test Node Loss: 13.6776, Test Reg Loss: 25.4360, Test MAPE: 13.3624, Test R: 0.6650, Test RRSE: 1.0355
2025-02-10 16:03:54,054:INFO:Epoch 145: Train Loss: 1374.3659, Train Node Loss: 17.4277, Train Reg Loss: 13.5694, Train MAPE: 13.1355, Train R: 0.6685, Train RRSE: 0.7464, Test Loss: 1557.1884, Test Node Loss: 18.4053, Test Reg Loss: 15.3878, Test MAPE: 12.2029, Test R: 0.6651, Test RRSE: 0.8054
2025-02-10 16:04:20,618:INFO:Epoch 146: Train Loss: 1378.6702, Train Node Loss: 18.8032, Train Reg Loss: 13.5987, Train MAPE: 13.4604, Train R: 0.6664, Train RRSE: 0.7472, Test Loss: 2389.2822, Test Node Loss: 15.0527, Test Reg Loss: 23.7423, Test MAPE: 13.4456, Test R: 0.6586, Test RRSE: 1.0004
2025-02-10 16:04:46,569:INFO:Epoch 147: Train Loss: 1394.4037, Train Node Loss: 17.8855, Train Reg Loss: 13.7652, Train MAPE: 13.3568, Train R: 0.6597, Train RRSE: 0.7518, Test Loss: 1678.5033, Test Node Loss: 17.2054, Test Reg Loss: 16.6130, Test MAPE: 12.6019, Test R: 0.6605, Test RRSE: 0.8369
2025-02-10 16:05:13,406:INFO:Epoch 148: Train Loss: 1402.0584, Train Node Loss: 17.0707, Train Reg Loss: 13.8499, Train MAPE: 13.3468, Train R: 0.6579, Train RRSE: 0.7541, Test Loss: 2107.0189, Test Node Loss: 15.0916, Test Reg Loss: 20.9193, Test MAPE: 13.1487, Test R: 0.6634, Test RRSE: 0.9391
2025-02-10 16:05:39,372:INFO:Epoch 149: Train Loss: 1383.2626, Train Node Loss: 18.6460, Train Reg Loss: 13.6462, Train MAPE: 13.5807, Train R: 0.6685, Train RRSE: 0.7485, Test Loss: 1473.0301, Test Node Loss: 18.1062, Test Reg Loss: 14.5492, Test MAPE: 12.5046, Test R: 0.6674, Test RRSE: 0.7832
2025-02-10 16:06:06,346:INFO:Epoch 150: Train Loss: 1377.4069, Train Node Loss: 16.0767, Train Reg Loss: 13.6133, Train MAPE: 13.2045, Train R: 0.6658, Train RRSE: 0.7476, Test Loss: 3663.4233, Test Node Loss: 10.4913, Test Reg Loss: 36.5293, Test MAPE: 15.3191, Test R: 0.6671, Test RRSE: 1.2409
2025-02-10 16:06:33,503:INFO:Epoch 151: Train Loss: 1379.0303, Train Node Loss: 14.5402, Train Reg Loss: 13.6449, Train MAPE: 13.0977, Train R: 0.6687, Train RRSE: 0.7485, Test Loss: 1409.7663, Test Node Loss: 16.4719, Test Reg Loss: 13.9329, Test MAPE: 12.3747, Test R: 0.6713, Test RRSE: 0.7664
2025-02-10 16:06:33,535:INFO:Checkpoint saved at best_0.001_0.001_256_SAGE_3_64_0.6713_epoch_151.pth
2025-02-10 16:07:00,075:INFO:Epoch 152: Train Loss: 1377.0226, Train Node Loss: 16.7951, Train Reg Loss: 13.6023, Train MAPE: 13.5638, Train R: 0.6719, Train RRSE: 0.7473, Test Loss: 1886.8307, Test Node Loss: 13.3937, Test Reg Loss: 18.7344, Test MAPE: 12.7032, Test R: 0.6695, Test RRSE: 0.8887
2025-02-10 16:07:27,042:INFO:Epoch 153: Train Loss: 1337.8409, Train Node Loss: 13.7878, Train Reg Loss: 13.2405, Train MAPE: 13.1990, Train R: 0.6792, Train RRSE: 0.7373, Test Loss: 2284.7033, Test Node Loss: 11.2654, Test Reg Loss: 22.7344, Test MAPE: 13.3356, Test R: 0.6679, Test RRSE: 0.9790
2025-02-10 16:07:53,921:INFO:Epoch 154: Train Loss: 1344.9288, Train Node Loss: 13.2131, Train Reg Loss: 13.3172, Train MAPE: 13.1123, Train R: 0.6781, Train RRSE: 0.7394, Test Loss: 1362.5380, Test Node Loss: 14.9714, Test Reg Loss: 13.4757, Test MAPE: 12.5860, Test R: 0.6712, Test RRSE: 0.7537
2025-02-10 16:08:19,909:INFO:Epoch 155: Train Loss: 1346.4404, Train Node Loss: 15.0334, Train Reg Loss: 13.3141, Train MAPE: 13.4755, Train R: 0.6770, Train RRSE: 0.7393, Test Loss: 1805.9408, Test Node Loss: 12.8376, Test Reg Loss: 17.9310, Test MAPE: 12.7296, Test R: 0.6693, Test RRSE: 0.8694
2025-02-10 16:08:46,554:INFO:Epoch 156: Train Loss: 1366.3238, Train Node Loss: 13.9793, Train Reg Loss: 13.5234, Train MAPE: 13.2247, Train R: 0.6682, Train RRSE: 0.7451, Test Loss: 3213.2259, Test Node Loss: 10.0729, Test Reg Loss: 32.0315, Test MAPE: 14.6239, Test R: 0.6630, Test RRSE: 1.1620
2025-02-10 16:09:13,428:INFO:Epoch 157: Train Loss: 1281.2818, Train Node Loss: 13.8453, Train Reg Loss: 12.6744, Train MAPE: 13.3817, Train R: 0.6942, Train RRSE: 0.7214, Test Loss: 1890.6694, Test Node Loss: 12.2942, Test Reg Loss: 18.7838, Test MAPE: 12.8269, Test R: 0.6702, Test RRSE: 0.8899
2025-02-10 16:09:40,144:INFO:Epoch 158: Train Loss: 1322.0379, Train Node Loss: 13.2478, Train Reg Loss: 13.0879, Train MAPE: 13.3401, Train R: 0.6814, Train RRSE: 0.7330, Test Loss: 2079.4928, Test Node Loss: 10.4462, Test Reg Loss: 20.6905, Test MAPE: 13.1143, Test R: 0.6690, Test RRSE: 0.9339
2025-02-10 16:10:06,098:INFO:Epoch 159: Train Loss: 1306.5456, Train Node Loss: 12.5028, Train Reg Loss: 12.9404, Train MAPE: 13.3672, Train R: 0.6859, Train RRSE: 0.7289, Test Loss: 1829.8366, Test Node Loss: 11.0214, Test Reg Loss: 18.1882, Test MAPE: 12.8574, Test R: 0.6689, Test RRSE: 0.8756
2025-02-10 16:10:31,720:INFO:Epoch 160: Train Loss: 1311.7234, Train Node Loss: 12.5157, Train Reg Loss: 12.9921, Train MAPE: 13.4231, Train R: 0.6838, Train RRSE: 0.7303, Test Loss: 1925.7742, Test Node Loss: 10.4848, Test Reg Loss: 19.1529, Test MAPE: 12.9566, Test R: 0.6707, Test RRSE: 0.8986
2025-02-10 16:10:58,046:INFO:Epoch 161: Train Loss: 1317.7153, Train Node Loss: 12.4135, Train Reg Loss: 13.0530, Train MAPE: 13.3653, Train R: 0.6826, Train RRSE: 0.7321, Test Loss: 2107.5137, Test Node Loss: 10.2148, Test Reg Loss: 20.9730, Test MAPE: 13.2234, Test R: 0.6722, Test RRSE: 0.9403
2025-02-10 16:10:58,072:INFO:Checkpoint saved at best_0.001_0.001_256_SAGE_3_64_0.6722_epoch_161.pth
2025-02-10 16:11:23,953:INFO:Epoch 162: Train Loss: 1303.9328, Train Node Loss: 11.7272, Train Reg Loss: 12.9221, Train MAPE: 13.2817, Train R: 0.6871, Train RRSE: 0.7284, Test Loss: 2065.5197, Test Node Loss: 10.0574, Test Reg Loss: 20.5546, Test MAPE: 13.1725, Test R: 0.6722, Test RRSE: 0.9309
2025-02-10 16:11:23,983:INFO:Checkpoint saved at best_0.001_0.001_256_SAGE_3_64_0.6722_epoch_162.pth
2025-02-10 16:11:50,649:INFO:Epoch 163: Train Loss: 1343.5095, Train Node Loss: 11.4107, Train Reg Loss: 13.3210, Train MAPE: 13.4578, Train R: 0.6735, Train RRSE: 0.7395, Test Loss: 1682.0714, Test Node Loss: 10.0034, Test Reg Loss: 16.7207, Test MAPE: 12.6436, Test R: 0.6735, Test RRSE: 0.8396
2025-02-10 16:11:50,668:INFO:Checkpoint saved at best_0.001_0.001_256_SAGE_3_64_0.6735_epoch_163.pth
2025-02-10 16:12:17,294:INFO:Epoch 164: Train Loss: 1320.5527, Train Node Loss: 12.0991, Train Reg Loss: 13.0845, Train MAPE: 13.6194, Train R: 0.6858, Train RRSE: 0.7329, Test Loss: 1918.5511, Test Node Loss: 9.7518, Test Reg Loss: 19.0880, Test MAPE: 12.9930, Test R: 0.6727, Test RRSE: 0.8970
2025-02-10 16:12:43,041:INFO:Epoch 165: Train Loss: 1251.6350, Train Node Loss: 10.8876, Train Reg Loss: 12.4075, Train MAPE: 13.2995, Train R: 0.7032, Train RRSE: 0.7137, Test Loss: 3061.3478, Test Node Loss: 7.9743, Test Reg Loss: 30.5337, Test MAPE: 14.3932, Test R: 0.6634, Test RRSE: 1.1345
2025-02-10 16:13:09,417:INFO:Epoch 166: Train Loss: 1313.7960, Train Node Loss: 11.1903, Train Reg Loss: 13.0261, Train MAPE: 13.4150, Train R: 0.6830, Train RRSE: 0.7313, Test Loss: 1776.6897, Test Node Loss: 9.9366, Test Reg Loss: 17.6675, Test MAPE: 12.9854, Test R: 0.6700, Test RRSE: 0.8630
2025-02-10 16:13:34,977:INFO:Epoch 167: Train Loss: 1279.7823, Train Node Loss: 10.3032, Train Reg Loss: 12.6948, Train MAPE: 13.3392, Train R: 0.6938, Train RRSE: 0.7219, Test Loss: 1854.8267, Test Node Loss: 8.7157, Test Reg Loss: 18.4611, Test MAPE: 13.1015, Test R: 0.6724, Test RRSE: 0.8822
2025-02-10 16:14:01,164:INFO:Epoch 168: Train Loss: 1287.0300, Train Node Loss: 10.1736, Train Reg Loss: 12.7686, Train MAPE: 13.6022, Train R: 0.6898, Train RRSE: 0.7240, Test Loss: 1377.4385, Test Node Loss: 9.8967, Test Reg Loss: 13.6754, Test MAPE: 12.6567, Test R: 0.6740, Test RRSE: 0.7593
2025-02-10 16:14:01,195:INFO:Checkpoint saved at best_0.001_0.001_256_SAGE_3_64_0.6740_epoch_168.pth
2025-02-10 16:14:26,597:INFO:Epoch 169: Train Loss: 1375.0553, Train Node Loss: 9.6840, Train Reg Loss: 13.6537, Train MAPE: 13.5238, Train R: 0.6629, Train RRSE: 0.7487, Test Loss: 2108.6552, Test Node Loss: 7.3690, Test Reg Loss: 21.0129, Test MAPE: 13.3912, Test R: 0.6749, Test RRSE: 0.9412
2025-02-10 16:14:26,628:INFO:Checkpoint saved at best_0.001_0.001_256_SAGE_3_64_0.6749_epoch_169.pth
2025-02-10 16:14:52,566:INFO:Epoch 170: Train Loss: 1300.6892, Train Node Loss: 8.7167, Train Reg Loss: 12.9197, Train MAPE: 13.2951, Train R: 0.6882, Train RRSE: 0.7283, Test Loss: 1453.8898, Test Node Loss: 9.2149, Test Reg Loss: 14.4467, Test MAPE: 12.8072, Test R: 0.6747, Test RRSE: 0.7804
2025-02-10 16:15:17,695:INFO:Epoch 171: Train Loss: 1301.1234, Train Node Loss: 9.9148, Train Reg Loss: 12.9121, Train MAPE: 13.5319, Train R: 0.6885, Train RRSE: 0.7281, Test Loss: 1891.6169, Test Node Loss: 8.3051, Test Reg Loss: 18.8331, Test MAPE: 12.9627, Test R: 0.6707, Test RRSE: 0.8910
2025-02-10 16:15:43,595:INFO:Epoch 172: Train Loss: 1320.1087, Train Node Loss: 9.4396, Train Reg Loss: 13.1067, Train MAPE: 13.3972, Train R: 0.6808, Train RRSE: 0.7336, Test Loss: 2361.7862, Test Node Loss: 7.2030, Test Reg Loss: 23.5458, Test MAPE: 13.6872, Test R: 0.6697, Test RRSE: 0.9963
2025-02-10 16:16:09,432:INFO:Epoch 173: Train Loss: 1310.6312, Train Node Loss: 8.8305, Train Reg Loss: 13.0180, Train MAPE: 13.3579, Train R: 0.6841, Train RRSE: 0.7311, Test Loss: 2610.5123, Test Node Loss: 7.0981, Test Reg Loss: 26.0341, Test MAPE: 13.8568, Test R: 0.6720, Test RRSE: 1.0476
2025-02-10 16:16:35,606:INFO:Epoch 174: Train Loss: 1302.9635, Train Node Loss: 9.3258, Train Reg Loss: 12.9364, Train MAPE: 13.4855, Train R: 0.6849, Train RRSE: 0.7288, Test Loss: 1654.0206, Test Node Loss: 9.2019, Test Reg Loss: 16.4482, Test MAPE: 12.7885, Test R: 0.6738, Test RRSE: 0.8327
2025-02-10 16:17:01,842:INFO:Epoch 175: Train Loss: 1322.1429, Train Node Loss: 10.7053, Train Reg Loss: 13.1144, Train MAPE: 13.8165, Train R: 0.6878, Train RRSE: 0.7338, Test Loss: 2680.2301, Test Node Loss: 7.2722, Test Reg Loss: 26.7296, Test MAPE: 13.8994, Test R: 0.6690, Test RRSE: 1.0615
2025-02-10 16:17:28,146:INFO:Epoch 176: Train Loss: 1338.8305, Train Node Loss: 8.4779, Train Reg Loss: 13.3035, Train MAPE: 13.1804, Train R: 0.6768, Train RRSE: 0.7390, Test Loss: 3489.4808, Test Node Loss: 5.4184, Test Reg Loss: 34.8406, Test MAPE: 14.9655, Test R: 0.6696, Test RRSE: 1.2119
2025-02-10 16:17:54,513:INFO:Epoch 177: Train Loss: 1334.1121, Train Node Loss: 7.7149, Train Reg Loss: 13.2640, Train MAPE: 13.1106, Train R: 0.6799, Train RRSE: 0.7379, Test Loss: 1472.0873, Test Node Loss: 8.1356, Test Reg Loss: 14.6395, Test MAPE: 12.6188, Test R: 0.6758, Test RRSE: 0.7856
2025-02-10 16:17:54,552:INFO:Checkpoint saved at best_0.001_0.001_256_SAGE_3_64_0.6758_epoch_177.pth
2025-02-10 16:18:19,997:INFO:Epoch 178: Train Loss: 1444.2586, Train Node Loss: 9.6290, Train Reg Loss: 14.3463, Train MAPE: 13.9875, Train R: 0.6603, Train RRSE: 0.7675, Test Loss: 1477.5125, Test Node Loss: 7.4451, Test Reg Loss: 14.7007, Test MAPE: 12.6267, Test R: 0.6714, Test RRSE: 0.7872
2025-02-10 16:18:46,342:INFO:Epoch 179: Train Loss: 1339.6370, Train Node Loss: 6.5599, Train Reg Loss: 13.3308, Train MAPE: 13.1828, Train R: 0.6782, Train RRSE: 0.7398, Test Loss: 3643.0423, Test Node Loss: 4.0447, Test Reg Loss: 36.3900, Test MAPE: 15.3712, Test R: 0.6590, Test RRSE: 1.2386
2025-02-10 16:19:12,517:INFO:Epoch 180: Train Loss: 1298.2774, Train Node Loss: 6.1356, Train Reg Loss: 12.9214, Train MAPE: 13.2959, Train R: 0.6918, Train RRSE: 0.7284, Test Loss: 1325.6705, Test Node Loss: 7.9500, Test Reg Loss: 13.1772, Test MAPE: 13.1444, Test R: 0.6688, Test RRSE: 0.7453
2025-02-10 16:19:38,647:INFO:Epoch 181: Train Loss: 1333.0153, Train Node Loss: 7.3321, Train Reg Loss: 13.2568, Train MAPE: 13.4048, Train R: 0.6795, Train RRSE: 0.7377, Test Loss: 1800.0541, Test Node Loss: 6.0839, Test Reg Loss: 17.9397, Test MAPE: 13.0669, Test R: 0.6700, Test RRSE: 0.8696
2025-02-10 16:20:04,859:INFO:Epoch 182: Train Loss: 1263.1143, Train Node Loss: 6.4891, Train Reg Loss: 12.5663, Train MAPE: 13.3035, Train R: 0.6975, Train RRSE: 0.7183, Test Loss: 2680.9045, Test Node Loss: 4.5994, Test Reg Loss: 26.7631, Test MAPE: 14.2164, Test R: 0.6688, Test RRSE: 1.0622
2025-02-10 16:20:31,005:INFO:Epoch 183: Train Loss: 1269.0383, Train Node Loss: 6.1376, Train Reg Loss: 12.6290, Train MAPE: 13.4502, Train R: 0.6948, Train RRSE: 0.7201, Test Loss: 2166.1570, Test Node Loss: 5.0231, Test Reg Loss: 21.6113, Test MAPE: 13.3883, Test R: 0.6678, Test RRSE: 0.9545
2025-02-10 16:20:56,911:INFO:Epoch 184: Train Loss: 1318.8702, Train Node Loss: 6.2679, Train Reg Loss: 13.1260, Train MAPE: 13.5556, Train R: 0.6792, Train RRSE: 0.7341, Test Loss: 2218.9332, Test Node Loss: 4.8731, Test Reg Loss: 22.1406, Test MAPE: 13.5494, Test R: 0.6670, Test RRSE: 0.9661
2025-02-10 16:21:22,755:INFO:Epoch 185: Train Loss: 1267.9963, Train Node Loss: 5.9084, Train Reg Loss: 12.6209, Train MAPE: 13.4681, Train R: 0.6947, Train RRSE: 0.7198, Test Loss: 2660.9321, Test Node Loss: 4.3316, Test Reg Loss: 26.5660, Test MAPE: 14.0342, Test R: 0.6683, Test RRSE: 1.0583
2025-02-10 16:21:48,956:INFO:Epoch 186: Train Loss: 1291.1215, Train Node Loss: 6.2958, Train Reg Loss: 12.8483, Train MAPE: 13.6265, Train R: 0.6894, Train RRSE: 0.7263, Test Loss: 2362.6084, Test Node Loss: 4.6969, Test Reg Loss: 23.5791, Test MAPE: 13.5838, Test R: 0.6710, Test RRSE: 0.9970
2025-02-10 16:22:14,933:INFO:Epoch 187: Train Loss: 1300.4798, Train Node Loss: 5.4391, Train Reg Loss: 12.9504, Train MAPE: 13.3181, Train R: 0.6859, Train RRSE: 0.7292, Test Loss: 4291.6001, Test Node Loss: 3.1033, Test Reg Loss: 42.8850, Test MAPE: 16.3348, Test R: 0.6658, Test RRSE: 1.3446
2025-02-10 16:22:40,978:INFO:Epoch 188: Train Loss: 1279.7012, Train Node Loss: 5.0058, Train Reg Loss: 12.7470, Train MAPE: 13.0848, Train R: 0.6957, Train RRSE: 0.7234, Test Loss: 1822.8874, Test Node Loss: 4.8429, Test Reg Loss: 18.1804, Test MAPE: 13.0043, Test R: 0.6780, Test RRSE: 0.8754
2025-02-10 16:22:41,010:INFO:Checkpoint saved at best_0.001_0.001_256_SAGE_3_64_0.6780_epoch_188.pth
2025-02-10 16:23:07,059:INFO:Epoch 189: Train Loss: 1335.5410, Train Node Loss: 6.3671, Train Reg Loss: 13.2917, Train MAPE: 13.8387, Train R: 0.6871, Train RRSE: 0.7387, Test Loss: 2480.6038, Test Node Loss: 4.1033, Test Reg Loss: 24.7650, Test MAPE: 13.8131, Test R: 0.6748, Test RRSE: 1.0218
2025-02-10 16:23:33,212:INFO:Epoch 190: Train Loss: 1279.4464, Train Node Loss: 4.7872, Train Reg Loss: 12.7466, Train MAPE: 13.3199, Train R: 0.6924, Train RRSE: 0.7234, Test Loss: 4316.3493, Test Node Loss: 2.3667, Test Reg Loss: 43.1398, Test MAPE: 16.4209, Test R: 0.6618, Test RRSE: 1.3485
2025-02-10 16:23:59,439:INFO:Epoch 191: Train Loss: 1269.2261, Train Node Loss: 4.3552, Train Reg Loss: 12.6487, Train MAPE: 13.1934, Train R: 0.7002, Train RRSE: 0.7206, Test Loss: 1723.3145, Test Node Loss: 4.5257, Test Reg Loss: 17.1879, Test MAPE: 13.1180, Test R: 0.6716, Test RRSE: 0.8512
2025-02-10 16:24:25,526:INFO:Epoch 192: Train Loss: 1253.2423, Train Node Loss: 5.2679, Train Reg Loss: 12.4797, Train MAPE: 13.6251, Train R: 0.6995, Train RRSE: 0.7158, Test Loss: 1745.7025, Test Node Loss: 4.5783, Test Reg Loss: 17.4112, Test MAPE: 13.1044, Test R: 0.6732, Test RRSE: 0.8567
2025-02-10 16:24:51,008:INFO:Epoch 193: Train Loss: 1278.0520, Train Node Loss: 5.3261, Train Reg Loss: 12.7273, Train MAPE: 13.7414, Train R: 0.6946, Train RRSE: 0.7229, Test Loss: 2615.4968, Test Node Loss: 3.4337, Test Reg Loss: 26.1206, Test MAPE: 13.9704, Test R: 0.6740, Test RRSE: 1.0493
2025-02-10 16:25:16,122:INFO:Epoch 194: Train Loss: 1308.6975, Train Node Loss: 3.9536, Train Reg Loss: 13.0474, Train MAPE: 13.1808, Train R: 0.6876, Train RRSE: 0.7319, Test Loss: 3536.5771, Test Node Loss: 2.5582, Test Reg Loss: 35.3402, Test MAPE: 15.2125, Test R: 0.6733, Test RRSE: 1.2206
2025-02-10 16:25:41,635:INFO:Epoch 195: Train Loss: 1337.1944, Train Node Loss: 4.5003, Train Reg Loss: 13.3269, Train MAPE: 13.5591, Train R: 0.6730, Train RRSE: 0.7397, Test Loss: 1304.8623, Test Node Loss: 4.9842, Test Reg Loss: 12.9988, Test MAPE: 13.0709, Test R: 0.6763, Test RRSE: 0.7403
2025-02-10 16:26:06,663:INFO:Epoch 196: Train Loss: 1243.9174, Train Node Loss: 4.6485, Train Reg Loss: 12.3927, Train MAPE: 13.6870, Train R: 0.7036, Train RRSE: 0.7133, Test Loss: 2111.6959, Test Node Loss: 3.0801, Test Reg Loss: 21.0862, Test MAPE: 13.4568, Test R: 0.6720, Test RRSE: 0.9428
2025-02-10 16:26:32,466:INFO:Epoch 197: Train Loss: 1235.8591, Train Node Loss: 3.6574, Train Reg Loss: 12.3220, Train MAPE: 13.4048, Train R: 0.7059, Train RRSE: 0.7113, Test Loss: 1935.7244, Test Node Loss: 3.1174, Test Reg Loss: 19.3261, Test MAPE: 13.2675, Test R: 0.6735, Test RRSE: 0.9026
2025-02-10 16:26:59,128:INFO:Epoch 198: Train Loss: 1290.3480, Train Node Loss: 4.1201, Train Reg Loss: 12.8623, Train MAPE: 13.4849, Train R: 0.6884, Train RRSE: 0.7267, Test Loss: 1609.5098, Test Node Loss: 3.5857, Test Reg Loss: 16.0592, Test MAPE: 12.7510, Test R: 0.6734, Test RRSE: 0.8228
2025-02-10 16:27:25,913:INFO:Epoch 199: Train Loss: 1245.2126, Train Node Loss: 3.7729, Train Reg Loss: 12.4144, Train MAPE: 13.5189, Train R: 0.7010, Train RRSE: 0.7139, Test Loss: 2868.4537, Test Node Loss: 2.4317, Test Reg Loss: 28.6602, Test MAPE: 14.3936, Test R: 0.6691, Test RRSE: 1.0992
2025-02-10 16:27:52,365:INFO:Epoch 200: Train Loss: 1288.4676, Train Node Loss: 3.3900, Train Reg Loss: 12.8508, Train MAPE: 13.2643, Train R: 0.6909, Train RRSE: 0.7264, Test Loss: 2040.9078, Test Node Loss: 3.0026, Test Reg Loss: 20.3791, Test MAPE: 13.3778, Test R: 0.6739, Test RRSE: 0.9269
2025-02-10 16:28:18,874:INFO:Epoch 201: Train Loss: 1258.9965, Train Node Loss: 4.1010, Train Reg Loss: 12.5490, Train MAPE: 13.7262, Train R: 0.7010, Train RRSE: 0.7178, Test Loss: 1440.7271, Test Node Loss: 3.7636, Test Reg Loss: 14.3696, Test MAPE: 12.8848, Test R: 0.6773, Test RRSE: 0.7783
2025-02-10 16:28:45,630:INFO:Epoch 202: Train Loss: 1312.3895, Train Node Loss: 3.6150, Train Reg Loss: 13.0877, Train MAPE: 13.4703, Train R: 0.6806, Train RRSE: 0.7330, Test Loss: 4313.0833, Test Node Loss: 1.7823, Test Reg Loss: 43.1130, Test MAPE: 16.6489, Test R: 0.6708, Test RRSE: 1.3481
2025-02-10 16:29:12,585:INFO:Epoch 203: Train Loss: 1307.5057, Train Node Loss: 3.3986, Train Reg Loss: 13.0411, Train MAPE: 13.4707, Train R: 0.6825, Train RRSE: 0.7317, Test Loss: 2285.8193, Test Node Loss: 2.6722, Test Reg Loss: 22.8315, Test MAPE: 13.7178, Test R: 0.6725, Test RRSE: 0.9811
2025-02-10 16:29:39,380:INFO:Epoch 204: Train Loss: 1262.2017, Train Node Loss: 3.1452, Train Reg Loss: 12.5906, Train MAPE: 13.3776, Train R: 0.6974, Train RRSE: 0.7190, Test Loss: 4159.8541, Test Node Loss: 1.6763, Test Reg Loss: 41.5818, Test MAPE: 16.3557, Test R: 0.6706, Test RRSE: 1.3240
2025-02-10 16:30:05,966:INFO:Epoch 205: Train Loss: 1233.3133, Train Node Loss: 3.2237, Train Reg Loss: 12.3009, Train MAPE: 13.4881, Train R: 0.7044, Train RRSE: 0.7106, Test Loss: 2134.8130, Test Node Loss: 2.7378, Test Reg Loss: 21.3208, Test MAPE: 13.5452, Test R: 0.6763, Test RRSE: 0.9480
2025-02-10 16:30:32,640:INFO:Epoch 206: Train Loss: 1258.0253, Train Node Loss: 3.6820, Train Reg Loss: 12.5434, Train MAPE: 13.7167, Train R: 0.6998, Train RRSE: 0.7176, Test Loss: 2720.5143, Test Node Loss: 2.2791, Test Reg Loss: 27.1824, Test MAPE: 14.3706, Test R: 0.6721, Test RRSE: 1.0705
2025-02-10 16:30:59,428:INFO:Epoch 207: Train Loss: 1208.2629, Train Node Loss: 3.0088, Train Reg Loss: 12.0525, Train MAPE: 13.4145, Train R: 0.7127, Train RRSE: 0.7034, Test Loss: 3124.2180, Test Node Loss: 1.8353, Test Reg Loss: 31.2238, Test MAPE: 14.7768, Test R: 0.6741, Test RRSE: 1.1473
2025-02-10 16:31:25,678:INFO:Epoch 208: Train Loss: 1276.6738, Train Node Loss: 2.8596, Train Reg Loss: 12.7381, Train MAPE: 13.2350, Train R: 0.6931, Train RRSE: 0.7232, Test Loss: 1788.4361, Test Node Loss: 2.5599, Test Reg Loss: 17.8588, Test MAPE: 13.0958, Test R: 0.6739, Test RRSE: 0.8677
2025-02-10 16:31:51,592:INFO:Epoch 209: Train Loss: 1239.6829, Train Node Loss: 3.4094, Train Reg Loss: 12.3627, Train MAPE: 13.7678, Train R: 0.7062, Train RRSE: 0.7124, Test Loss: 1663.3144, Test Node Loss: 2.7669, Test Reg Loss: 16.6055, Test MAPE: 13.1251, Test R: 0.6738, Test RRSE: 0.8367
2025-02-10 16:32:17,485:INFO:Epoch 210: Train Loss: 1250.0094, Train Node Loss: 3.1670, Train Reg Loss: 12.4684, Train MAPE: 13.5564, Train R: 0.6994, Train RRSE: 0.7155, Test Loss: 3568.6813, Test Node Loss: 1.7203, Test Reg Loss: 35.6696, Test MAPE: 15.6287, Test R: 0.6659, Test RRSE: 1.2262
2025-02-10 16:32:43,165:INFO:Epoch 211: Train Loss: 1263.6411, Train Node Loss: 2.5030, Train Reg Loss: 12.6114, Train MAPE: 13.3207, Train R: 0.7054, Train RRSE: 0.7196, Test Loss: 2551.4225, Test Node Loss: 2.0670, Test Reg Loss: 25.4936, Test MAPE: 14.0411, Test R: 0.6709, Test RRSE: 1.0367
2025-02-10 16:33:08,336:INFO:Epoch 212: Train Loss: 1299.0103, Train Node Loss: 3.1693, Train Reg Loss: 12.9584, Train MAPE: 13.5247, Train R: 0.6850, Train RRSE: 0.7294, Test Loss: 1477.3026, Test Node Loss: 3.0948, Test Reg Loss: 14.7421, Test MAPE: 12.9701, Test R: 0.6765, Test RRSE: 0.7883
2025-02-10 16:33:34,054:INFO:Epoch 213: Train Loss: 1241.4541, Train Node Loss: 3.4696, Train Reg Loss: 12.3798, Train MAPE: 13.8446, Train R: 0.7081, Train RRSE: 0.7129, Test Loss: 3999.9013, Test Node Loss: 1.5814, Test Reg Loss: 39.9832, Test MAPE: 15.9784, Test R: 0.6672, Test RRSE: 1.2983
2025-02-10 16:33:59,598:INFO:Epoch 214: Train Loss: 1259.4209, Train Node Loss: 2.5897, Train Reg Loss: 12.5683, Train MAPE: 13.2254, Train R: 0.7018, Train RRSE: 0.7183, Test Loss: 5572.9737, Test Node Loss: 1.1624, Test Reg Loss: 55.7181, Test MAPE: 18.3243, Test R: 0.6570, Test RRSE: 1.5326
2025-02-10 16:34:24,706:INFO:Epoch 215: Train Loss: 1225.6154, Train Node Loss: 2.7690, Train Reg Loss: 12.2285, Train MAPE: 13.3376, Train R: 0.7096, Train RRSE: 0.7086, Test Loss: 3349.2161, Test Node Loss: 1.9739, Test Reg Loss: 33.4724, Test MAPE: 15.0596, Test R: 0.6675, Test RRSE: 1.1879
2025-02-10 16:34:49,167:INFO:Epoch 216: Train Loss: 1204.8188, Train Node Loss: 3.4460, Train Reg Loss: 12.0137, Train MAPE: 13.8026, Train R: 0.7162, Train RRSE: 0.7023, Test Loss: 3462.8382, Test Node Loss: 1.8473, Test Reg Loss: 34.6099, Test MAPE: 15.2776, Test R: 0.6748, Test RRSE: 1.2079
2025-02-10 16:35:14,141:INFO:Epoch 217: Train Loss: 1235.4653, Train Node Loss: 2.8761, Train Reg Loss: 12.3259, Train MAPE: 13.6466, Train R: 0.7029, Train RRSE: 0.7114, Test Loss: 5104.6623, Test Node Loss: 1.1608, Test Reg Loss: 51.0350, Test MAPE: 17.8533, Test R: 0.6678, Test RRSE: 1.4668
2025-02-10 16:35:39,162:INFO:Epoch 218: Train Loss: 1206.9226, Train Node Loss: 2.3832, Train Reg Loss: 12.0454, Train MAPE: 13.4420, Train R: 0.7139, Train RRSE: 0.7032, Test Loss: 4819.5808, Test Node Loss: 1.2198, Test Reg Loss: 48.1836, Test MAPE: 17.4720, Test R: 0.6671, Test RRSE: 1.4252
2025-02-10 16:36:04,381:INFO:Epoch 219: Train Loss: 1319.0343, Train Node Loss: 2.7019, Train Reg Loss: 13.1633, Train MAPE: 13.5884, Train R: 0.6782, Train RRSE: 0.7351, Test Loss: 1684.5420, Test Node Loss: 2.3681, Test Reg Loss: 16.8217, Test MAPE: 13.4087, Test R: 0.6778, Test RRSE: 0.8421
2025-02-10 16:36:29,663:INFO:Epoch 220: Train Loss: 1284.2710, Train Node Loss: 2.6739, Train Reg Loss: 12.8160, Train MAPE: 13.6596, Train R: 0.6887, Train RRSE: 0.7254, Test Loss: 1833.6143, Test Node Loss: 1.9752, Test Reg Loss: 18.3164, Test MAPE: 13.4201, Test R: 0.6786, Test RRSE: 0.8787
2025-02-10 16:36:29,688:INFO:Checkpoint saved at best_0.001_0.001_256_SAGE_3_64_0.6786_epoch_220.pth
2025-02-10 16:36:54,924:INFO:Epoch 221: Train Loss: 1214.6208, Train Node Loss: 2.2313, Train Reg Loss: 12.1239, Train MAPE: 13.4085, Train R: 0.7120, Train RRSE: 0.7055, Test Loss: 1968.2889, Test Node Loss: 1.8075, Test Reg Loss: 19.6648, Test MAPE: 13.4861, Test R: 0.6780, Test RRSE: 0.9105
2025-02-10 16:37:19,654:INFO:Epoch 222: Train Loss: 1285.4108, Train Node Loss: 2.5633, Train Reg Loss: 12.8285, Train MAPE: 13.7566, Train R: 0.6891, Train RRSE: 0.7257, Test Loss: 1575.4106, Test Node Loss: 2.1926, Test Reg Loss: 15.7322, Test MAPE: 13.0068, Test R: 0.6774, Test RRSE: 0.8144
2025-02-10 16:37:44,599:INFO:Epoch 223: Train Loss: 1246.4835, Train Node Loss: 2.4926, Train Reg Loss: 12.4399, Train MAPE: 13.6878, Train R: 0.7011, Train RRSE: 0.7147, Test Loss: 4367.6266, Test Node Loss: 0.9782, Test Reg Loss: 43.6665, Test MAPE: 16.4430, Test R: 0.6670, Test RRSE: 1.3568
2025-02-10 16:38:10,165:INFO:Epoch 224: Train Loss: 1281.1150, Train Node Loss: 1.8118, Train Reg Loss: 12.7930, Train MAPE: 13.2418, Train R: 0.6987, Train RRSE: 0.7247, Test Loss: 4334.0488, Test Node Loss: 0.9328, Test Reg Loss: 43.3312, Test MAPE: 16.4574, Test R: 0.6686, Test RRSE: 1.3515
2025-02-10 16:38:35,971:INFO:Epoch 225: Train Loss: 1276.3159, Train Node Loss: 2.3381, Train Reg Loss: 12.7398, Train MAPE: 13.7902, Train R: 0.6921, Train RRSE: 0.7232, Test Loss: 2439.3417, Test Node Loss: 1.6572, Test Reg Loss: 24.3768, Test MAPE: 13.7640, Test R: 0.6731, Test RRSE: 1.0137
2025-02-10 16:39:01,340:INFO:Epoch 226: Train Loss: 1339.2920, Train Node Loss: 2.3800, Train Reg Loss: 13.3691, Train MAPE: 13.6739, Train R: 0.6764, Train RRSE: 0.7409, Test Loss: 3198.1870, Test Node Loss: 1.1445, Test Reg Loss: 31.9704, Test MAPE: 14.6489, Test R: 0.6654, Test RRSE: 1.1609
2025-02-10 16:39:27,268:INFO:Epoch 227: Train Loss: 1286.1463, Train Node Loss: 1.7546, Train Reg Loss: 12.8439, Train MAPE: 13.3300, Train R: 0.6907, Train RRSE: 0.7262, Test Loss: 1448.9380, Test Node Loss: 1.5180, Test Reg Loss: 14.4742, Test MAPE: 12.9240, Test R: 0.6750, Test RRSE: 0.7811
2025-02-10 16:39:53,434:INFO:Epoch 228: Train Loss: 1239.4378, Train Node Loss: 1.9327, Train Reg Loss: 12.3751, Train MAPE: 13.5951, Train R: 0.7034, Train RRSE: 0.7128, Test Loss: 1314.1353, Test Node Loss: 2.0721, Test Reg Loss: 13.1206, Test MAPE: 13.3164, Test R: 0.6733, Test RRSE: 0.7437
2025-02-10 16:40:19,718:INFO:Epoch 229: Train Loss: 1245.8656, Train Node Loss: 1.8236, Train Reg Loss: 12.4404, Train MAPE: 13.5968, Train R: 0.7001, Train RRSE: 0.7147, Test Loss: 3384.3964, Test Node Loss: 0.9456, Test Reg Loss: 33.8345, Test MAPE: 15.1059, Test R: 0.6655, Test RRSE: 1.1943
2025-02-10 16:40:46,031:INFO:Epoch 230: Train Loss: 1266.3875, Train Node Loss: 1.5499, Train Reg Loss: 12.6484, Train MAPE: 13.2855, Train R: 0.6977, Train RRSE: 0.7206, Test Loss: 3559.1994, Test Node Loss: 0.9793, Test Reg Loss: 35.5822, Test MAPE: 15.3758, Test R: 0.6594, Test RRSE: 1.2247
2025-02-10 16:41:12,199:INFO:Epoch 231: Train Loss: 1246.3349, Train Node Loss: 1.9247, Train Reg Loss: 12.4441, Train MAPE: 13.8502, Train R: 0.7029, Train RRSE: 0.7148, Test Loss: 2143.5662, Test Node Loss: 1.3682, Test Reg Loss: 21.4220, Test MAPE: 13.5299, Test R: 0.6717, Test RRSE: 0.9503
2025-02-10 16:41:38,066:INFO:Epoch 232: Train Loss: 1229.4729, Train Node Loss: 1.7611, Train Reg Loss: 12.2771, Train MAPE: 13.5804, Train R: 0.7052, Train RRSE: 0.7100, Test Loss: 4443.0844, Test Node Loss: 0.6805, Test Reg Loss: 44.4240, Test MAPE: 16.8704, Test R: 0.6712, Test RRSE: 1.3685
2025-02-10 16:42:04,210:INFO:Epoch 233: Train Loss: 1238.7502, Train Node Loss: 1.4547, Train Reg Loss: 12.3730, Train MAPE: 13.3189, Train R: 0.7073, Train RRSE: 0.7127, Test Loss: 3395.6311, Test Node Loss: 0.8407, Test Reg Loss: 33.9479, Test MAPE: 15.3434, Test R: 0.6708, Test RRSE: 1.1963
2025-02-10 16:42:30,206:INFO:Epoch 234: Train Loss: 1217.2271, Train Node Loss: 1.4952, Train Reg Loss: 12.1573, Train MAPE: 13.5116, Train R: 0.7100, Train RRSE: 0.7065, Test Loss: 1785.4222, Test Node Loss: 1.2311, Test Reg Loss: 17.8419, Test MAPE: 13.0625, Test R: 0.6710, Test RRSE: 0.8673
2025-02-10 16:42:56,396:INFO:Epoch 235: Train Loss: 1262.3291, Train Node Loss: 1.7374, Train Reg Loss: 12.6059, Train MAPE: 13.7597, Train R: 0.6981, Train RRSE: 0.7194, Test Loss: 2578.1171, Test Node Loss: 1.0867, Test Reg Loss: 25.7703, Test MAPE: 14.1062, Test R: 0.6676, Test RRSE: 1.0423
2025-02-10 16:43:22,467:INFO:Epoch 236: Train Loss: 1145.0657, Train Node Loss: 1.6956, Train Reg Loss: 11.4337, Train MAPE: 13.6987, Train R: 0.7292, Train RRSE: 0.6851, Test Loss: 5104.0712, Test Node Loss: 0.7298, Test Reg Loss: 51.0334, Test MAPE: 17.7542, Test R: 0.6555, Test RRSE: 1.4667
2025-02-10 16:43:48,513:INFO:Epoch 237: Train Loss: 1223.0101, Train Node Loss: 1.5618, Train Reg Loss: 12.2145, Train MAPE: 13.3570, Train R: 0.7085, Train RRSE: 0.7081, Test Loss: 4710.7784, Test Node Loss: 0.7205, Test Reg Loss: 47.1006, Test MAPE: 17.3071, Test R: 0.6639, Test RRSE: 1.4091
2025-02-10 16:44:14,713:INFO:Epoch 238: Train Loss: 1190.7521, Train Node Loss: 1.6160, Train Reg Loss: 11.8914, Train MAPE: 13.5963, Train R: 0.7158, Train RRSE: 0.6987, Test Loss: 4414.7825, Test Node Loss: 0.7240, Test Reg Loss: 44.1406, Test MAPE: 16.9239, Test R: 0.6690, Test RRSE: 1.3641
2025-02-10 16:44:40,810:INFO:Epoch 239: Train Loss: 1174.7665, Train Node Loss: 1.6245, Train Reg Loss: 11.7314, Train MAPE: 13.6720, Train R: 0.7208, Train RRSE: 0.6940, Test Loss: 5340.0979, Test Node Loss: 0.6368, Test Reg Loss: 53.3946, Test MAPE: 18.2955, Test R: 0.6618, Test RRSE: 1.5003
2025-02-10 16:45:06,915:INFO:Epoch 240: Train Loss: 1149.6454, Train Node Loss: 1.7147, Train Reg Loss: 11.4793, Train MAPE: 13.6238, Train R: 0.7286, Train RRSE: 0.6865, Test Loss: 5384.3327, Test Node Loss: 0.6700, Test Reg Loss: 53.8366, Test MAPE: 18.2220, Test R: 0.6552, Test RRSE: 1.5065
2025-02-10 16:45:32,888:INFO:Epoch 241: Train Loss: 1286.2442, Train Node Loss: 1.6385, Train Reg Loss: 12.8461, Train MAPE: 13.5356, Train R: 0.6876, Train RRSE: 0.7262, Test Loss: 4607.1592, Test Node Loss: 0.6446, Test Reg Loss: 46.0651, Test MAPE: 17.3318, Test R: 0.6646, Test RRSE: 1.3935
2025-02-10 16:45:57,980:INFO:Epoch 242: Train Loss: 1199.0685, Train Node Loss: 1.6698, Train Reg Loss: 11.9740, Train MAPE: 13.8016, Train R: 0.7131, Train RRSE: 0.7011, Test Loss: 4215.0286, Test Node Loss: 0.7931, Test Reg Loss: 42.1424, Test MAPE: 16.6370, Test R: 0.6653, Test RRSE: 1.3329
2025-02-10 16:46:23,873:INFO:Epoch 243: Train Loss: 1215.1362, Train Node Loss: 1.7119, Train Reg Loss: 12.1342, Train MAPE: 13.7311, Train R: 0.7098, Train RRSE: 0.7058, Test Loss: 5768.9274, Test Node Loss: 0.5496, Test Reg Loss: 57.6838, Test MAPE: 18.7642, Test R: 0.6550, Test RRSE: 1.5594
2025-02-10 16:46:49,995:INFO:Epoch 244: Train Loss: 1162.6708, Train Node Loss: 1.4576, Train Reg Loss: 11.6121, Train MAPE: 13.6542, Train R: 0.7236, Train RRSE: 0.6905, Test Loss: 4618.1437, Test Node Loss: 0.5363, Test Reg Loss: 46.1761, Test MAPE: 17.3130, Test R: 0.6653, Test RRSE: 1.3952
2025-02-10 16:47:16,011:INFO:Epoch 245: Train Loss: 1259.1582, Train Node Loss: 1.3046, Train Reg Loss: 12.5785, Train MAPE: 13.5327, Train R: 0.6956, Train RRSE: 0.7186, Test Loss: 2390.0380, Test Node Loss: 0.7352, Test Reg Loss: 23.8930, Test MAPE: 13.7969, Test R: 0.6675, Test RRSE: 1.0036
2025-02-10 16:47:41,821:INFO:Epoch 246: Train Loss: 1158.2735, Train Node Loss: 1.2249, Train Reg Loss: 11.5705, Train MAPE: 13.6488, Train R: 0.7251, Train RRSE: 0.6892, Test Loss: 2112.4226, Test Node Loss: 0.7669, Test Reg Loss: 21.1166, Test MAPE: 13.5910, Test R: 0.6686, Test RRSE: 0.9435
2025-02-10 16:48:07,564:INFO:Epoch 247: Train Loss: 1186.2734, Train Node Loss: 1.2749, Train Reg Loss: 11.8500, Train MAPE: 13.7608, Train R: 0.7166, Train RRSE: 0.6975, Test Loss: 1848.4191, Test Node Loss: 0.9925, Test Reg Loss: 18.4743, Test MAPE: 13.3770, Test R: 0.6643, Test RRSE: 0.8825
2025-02-10 16:48:33,006:INFO:Epoch 248: Train Loss: 1182.5141, Train Node Loss: 1.3513, Train Reg Loss: 11.8116, Train MAPE: 13.5477, Train R: 0.7187, Train RRSE: 0.6964, Test Loss: 1399.4552, Test Node Loss: 1.2520, Test Reg Loss: 13.9820, Test MAPE: 13.3372, Test R: 0.6690, Test RRSE: 0.7677
2025-02-10 16:48:58,549:INFO:Epoch 249: Train Loss: 1213.3375, Train Node Loss: 1.2989, Train Reg Loss: 12.1204, Train MAPE: 13.4946, Train R: 0.7104, Train RRSE: 0.7054, Test Loss: 1370.0279, Test Node Loss: 1.0826, Test Reg Loss: 13.6895, Test MAPE: 13.1938, Test R: 0.6747, Test RRSE: 0.7597
2025-02-10 16:49:23,876:INFO:Epoch 250: Train Loss: 1199.4024, Train Node Loss: 1.1743, Train Reg Loss: 11.9823, Train MAPE: 13.6054, Train R: 0.7131, Train RRSE: 0.7014, Test Loss: 1336.5751, Test Node Loss: 1.0180, Test Reg Loss: 13.3556, Test MAPE: 13.5823, Test R: 0.6749, Test RRSE: 0.7503
2025-02-10 16:49:49,695:INFO:Epoch 251: Train Loss: 1157.0271, Train Node Loss: 1.0639, Train Reg Loss: 11.5596, Train MAPE: 13.5761, Train R: 0.7261, Train RRSE: 0.6889, Test Loss: 1371.6927, Test Node Loss: 0.9021, Test Reg Loss: 13.7079, Test MAPE: 13.4339, Test R: 0.6730, Test RRSE: 0.7602
2025-02-10 16:50:14,421:INFO:Epoch 252: Train Loss: 1238.2702, Train Node Loss: 1.1136, Train Reg Loss: 12.3716, Train MAPE: 13.8742, Train R: 0.7033, Train RRSE: 0.7127, Test Loss: 1846.2076, Test Node Loss: 0.7468, Test Reg Loss: 18.4546, Test MAPE: 13.3900, Test R: 0.6712, Test RRSE: 0.8820
2025-02-10 16:50:39,922:INFO:Epoch 253: Train Loss: 1171.3887, Train Node Loss: 1.0627, Train Reg Loss: 11.7033, Train MAPE: 13.5458, Train R: 0.7222, Train RRSE: 0.6932, Test Loss: 5449.2736, Test Node Loss: 0.4043, Test Reg Loss: 54.4887, Test MAPE: 18.2203, Test R: 0.6490, Test RRSE: 1.5156
2025-02-10 16:51:05,182:INFO:Epoch 254: Train Loss: 1261.6682, Train Node Loss: 1.1465, Train Reg Loss: 12.6052, Train MAPE: 13.3779, Train R: 0.6966, Train RRSE: 0.7194, Test Loss: 2965.6433, Test Node Loss: 0.6664, Test Reg Loss: 29.6498, Test MAPE: 14.7704, Test R: 0.6718, Test RRSE: 1.1180
2025-02-10 16:51:30,614:INFO:Epoch 255: Train Loss: 1258.7916, Train Node Loss: 1.3470, Train Reg Loss: 12.5744, Train MAPE: 13.8056, Train R: 0.6976, Train RRSE: 0.7185, Test Loss: 3267.3799, Test Node Loss: 0.6026, Test Reg Loss: 32.6678, Test MAPE: 15.2335, Test R: 0.6687, Test RRSE: 1.1735
2025-02-10 16:51:56,185:INFO:Epoch 256: Train Loss: 1131.7407, Train Node Loss: 1.1963, Train Reg Loss: 11.3054, Train MAPE: 13.6131, Train R: 0.7331, Train RRSE: 0.6813, Test Loss: 5114.9926, Test Node Loss: 0.3844, Test Reg Loss: 51.1461, Test MAPE: 17.7518, Test R: 0.6547, Test RRSE: 1.4684
2025-02-10 16:52:21,629:INFO:Epoch 257: Train Loss: 1204.8470, Train Node Loss: 1.0751, Train Reg Loss: 12.0377, Train MAPE: 13.4341, Train R: 0.7151, Train RRSE: 0.7030, Test Loss: 3203.3962, Test Node Loss: 0.5347, Test Reg Loss: 32.0286, Test MAPE: 14.9168, Test R: 0.6616, Test RRSE: 1.1620
2025-02-10 16:52:47,252:INFO:Epoch 258: Train Loss: 1251.7659, Train Node Loss: 1.1975, Train Reg Loss: 12.5057, Train MAPE: 13.6173, Train R: 0.6976, Train RRSE: 0.7165, Test Loss: 1594.6797, Test Node Loss: 0.9144, Test Reg Loss: 15.9377, Test MAPE: 13.1498, Test R: 0.6690, Test RRSE: 0.8197
2025-02-10 16:53:12,816:INFO:Epoch 259: Train Loss: 1154.9316, Train Node Loss: 1.3097, Train Reg Loss: 11.5362, Train MAPE: 13.8768, Train R: 0.7282, Train RRSE: 0.6882, Test Loss: 2276.4703, Test Node Loss: 0.7057, Test Reg Loss: 22.7576, Test MAPE: 13.7030, Test R: 0.6683, Test RRSE: 0.9795
2025-02-10 16:53:38,447:INFO:Epoch 260: Train Loss: 1226.6287, Train Node Loss: 1.1484, Train Reg Loss: 12.2548, Train MAPE: 13.4739, Train R: 0.7058, Train RRSE: 0.7093, Test Loss: 3404.5408, Test Node Loss: 0.5347, Test Reg Loss: 34.0401, Test MAPE: 15.0694, Test R: 0.6583, Test RRSE: 1.1979
2025-02-10 16:54:03,879:INFO:Epoch 261: Train Loss: 1244.2491, Train Node Loss: 1.1376, Train Reg Loss: 12.4311, Train MAPE: 13.5571, Train R: 0.7000, Train RRSE: 0.7144, Test Loss: 1766.6161, Test Node Loss: 0.7813, Test Reg Loss: 17.6583, Test MAPE: 13.3433, Test R: 0.6708, Test RRSE: 0.8628
2025-02-10 16:54:29,088:INFO:Epoch 262: Train Loss: 1153.2486, Train Node Loss: 1.1239, Train Reg Loss: 11.5212, Train MAPE: 13.8141, Train R: 0.7270, Train RRSE: 0.6878, Test Loss: 1943.9906, Test Node Loss: 0.6759, Test Reg Loss: 19.4331, Test MAPE: 13.7109, Test R: 0.6688, Test RRSE: 0.9051
2025-02-10 16:54:53,874:INFO:Epoch 263: Train Loss: 1172.9012, Train Node Loss: 0.9822, Train Reg Loss: 11.7192, Train MAPE: 13.6776, Train R: 0.7214, Train RRSE: 0.6936, Test Loss: 2963.1253, Test Node Loss: 0.4804, Test Reg Loss: 29.6264, Test MAPE: 14.7814, Test R: 0.6666, Test RRSE: 1.1176
2025-02-10 16:55:18,699:INFO:Epoch 264: Train Loss: 1192.2456, Train Node Loss: 1.0085, Train Reg Loss: 11.9124, Train MAPE: 13.7404, Train R: 0.7149, Train RRSE: 0.6993, Test Loss: 2220.1889, Test Node Loss: 0.6545, Test Reg Loss: 22.1953, Test MAPE: 13.8264, Test R: 0.6663, Test RRSE: 0.9673
2025-02-10 16:55:43,656:INFO:Epoch 265: Train Loss: 1146.5466, Train Node Loss: 1.1069, Train Reg Loss: 11.4544, Train MAPE: 13.7230, Train R: 0.7292, Train RRSE: 0.6858, Test Loss: 4779.1234, Test Node Loss: 0.4278, Test Reg Loss: 47.7870, Test MAPE: 17.2682, Test R: 0.6485, Test RRSE: 1.4193
2025-02-10 16:56:08,682:INFO:Epoch 266: Train Loss: 1241.4281, Train Node Loss: 1.0520, Train Reg Loss: 12.4038, Train MAPE: 13.5385, Train R: 0.7008, Train RRSE: 0.7136, Test Loss: 6119.2798, Test Node Loss: 0.3255, Test Reg Loss: 61.1895, Test MAPE: 19.3474, Test R: 0.6480, Test RRSE: 1.6061
2025-02-10 16:56:33,727:INFO:Epoch 267: Train Loss: 1222.5350, Train Node Loss: 0.9248, Train Reg Loss: 12.2161, Train MAPE: 13.4797, Train R: 0.7072, Train RRSE: 0.7082, Test Loss: 3961.3119, Test Node Loss: 0.3789, Test Reg Loss: 39.6093, Test MAPE: 16.1329, Test R: 0.6604, Test RRSE: 1.2922
2025-02-10 16:56:58,806:INFO:Epoch 268: Train Loss: 1173.7636, Train Node Loss: 0.9074, Train Reg Loss: 11.7286, Train MAPE: 13.6511, Train R: 0.7202, Train RRSE: 0.6939, Test Loss: 2415.5985, Test Node Loss: 0.5450, Test Reg Loss: 24.1505, Test MAPE: 14.2171, Test R: 0.6665, Test RRSE: 1.0090
2025-02-10 16:57:24,041:INFO:Epoch 269: Train Loss: 1195.3947, Train Node Loss: 0.9811, Train Reg Loss: 11.9441, Train MAPE: 13.7251, Train R: 0.7153, Train RRSE: 0.7003, Test Loss: 2567.9001, Test Node Loss: 0.5591, Test Reg Loss: 25.6734, Test MAPE: 14.3251, Test R: 0.6616, Test RRSE: 1.0403
2025-02-10 16:57:48,885:INFO:Epoch 270: Train Loss: 1083.3630, Train Node Loss: 0.9221, Train Reg Loss: 10.8244, Train MAPE: 13.5800, Train R: 0.7472, Train RRSE: 0.6666, Test Loss: 3652.6835, Test Node Loss: 0.4368, Test Reg Loss: 36.5225, Test MAPE: 15.6006, Test R: 0.6551, Test RRSE: 1.2408
2025-02-10 16:58:13,569:INFO:Epoch 271: Train Loss: 1209.9452, Train Node Loss: 0.8696, Train Reg Loss: 12.0908, Train MAPE: 13.7224, Train R: 0.7104, Train RRSE: 0.7046, Test Loss: 3431.6353, Test Node Loss: 0.4360, Test Reg Loss: 34.3120, Test MAPE: 15.5883, Test R: 0.6629, Test RRSE: 1.2027
2025-02-10 16:58:38,925:INFO:Epoch 272: Train Loss: 1186.5093, Train Node Loss: 0.8669, Train Reg Loss: 11.8564, Train MAPE: 13.7377, Train R: 0.7165, Train RRSE: 0.6977, Test Loss: 2745.6479, Test Node Loss: 0.4747, Test Reg Loss: 27.4517, Test MAPE: 14.7518, Test R: 0.6671, Test RRSE: 1.0758
2025-02-10 16:59:04,187:INFO:Epoch 273: Train Loss: 1203.3230, Train Node Loss: 0.9110, Train Reg Loss: 12.0241, Train MAPE: 13.8068, Train R: 0.7130, Train RRSE: 0.7026, Test Loss: 4528.7895, Test Node Loss: 0.4039, Test Reg Loss: 45.2839, Test MAPE: 17.2301, Test R: 0.6595, Test RRSE: 1.3817
2025-02-10 16:59:29,224:INFO:Epoch 274: Train Loss: 1242.1033, Train Node Loss: 0.8660, Train Reg Loss: 12.4124, Train MAPE: 13.3799, Train R: 0.7031, Train RRSE: 0.7139, Test Loss: 6627.4497, Test Node Loss: 0.3024, Test Reg Loss: 66.2715, Test MAPE: 19.9019, Test R: 0.6204, Test RRSE: 1.6714
2025-02-10 16:59:54,470:INFO:Epoch 275: Train Loss: 1177.3864, Train Node Loss: 0.9032, Train Reg Loss: 11.7648, Train MAPE: 13.4145, Train R: 0.7218, Train RRSE: 0.6950, Test Loss: 2617.8978, Test Node Loss: 0.5628, Test Reg Loss: 26.1734, Test MAPE: 14.1730, Test R: 0.6614, Test RRSE: 1.0504
2025-02-10 17:00:19,883:INFO:Epoch 276: Train Loss: 1180.4812, Train Node Loss: 0.9577, Train Reg Loss: 11.7952, Train MAPE: 13.7690, Train R: 0.7194, Train RRSE: 0.6959, Test Loss: 2564.5014, Test Node Loss: 0.5163, Test Reg Loss: 25.6399, Test MAPE: 14.1982, Test R: 0.6615, Test RRSE: 1.0396
2025-02-10 17:00:45,232:INFO:Epoch 277: Train Loss: 1125.5892, Train Node Loss: 0.8499, Train Reg Loss: 11.2474, Train MAPE: 13.6501, Train R: 0.7343, Train RRSE: 0.6795, Test Loss: 2648.5378, Test Node Loss: 0.4737, Test Reg Loss: 26.4806, Test MAPE: 14.4387, Test R: 0.6596, Test RRSE: 1.0566
2025-02-10 17:01:10,310:INFO:Epoch 278: Train Loss: 1192.9032, Train Node Loss: 0.8475, Train Reg Loss: 11.9206, Train MAPE: 13.8946, Train R: 0.7148, Train RRSE: 0.6996, Test Loss: 2336.0293, Test Node Loss: 0.5168, Test Reg Loss: 23.3551, Test MAPE: 14.1367, Test R: 0.6601, Test RRSE: 0.9922
2025-02-10 17:01:35,466:INFO:Epoch 279: Train Loss: 1175.6484, Train Node Loss: 0.8171, Train Reg Loss: 11.7483, Train MAPE: 13.7642, Train R: 0.7196, Train RRSE: 0.6945, Test Loss: 3658.1628, Test Node Loss: 0.3520, Test Reg Loss: 36.5781, Test MAPE: 15.7183, Test R: 0.6548, Test RRSE: 1.2418
2025-02-10 17:02:00,925:INFO:Epoch 280: Train Loss: 1158.7955, Train Node Loss: 0.7113, Train Reg Loss: 11.5808, Train MAPE: 13.7009, Train R: 0.7248, Train RRSE: 0.6895, Test Loss: 5469.7300, Test Node Loss: 0.2354, Test Reg Loss: 54.6949, Test MAPE: 18.5228, Test R: 0.6544, Test RRSE: 1.5185
2025-02-10 17:02:26,282:INFO:Epoch 281: Train Loss: 1235.7485, Train Node Loss: 0.6700, Train Reg Loss: 12.3508, Train MAPE: 13.6217, Train R: 0.7029, Train RRSE: 0.7121, Test Loss: 4254.8449, Test Node Loss: 0.2945, Test Reg Loss: 42.5455, Test MAPE: 16.7416, Test R: 0.6597, Test RRSE: 1.3392
2025-02-10 17:02:51,516:INFO:Epoch 282: Train Loss: 1160.1191, Train Node Loss: 0.7670, Train Reg Loss: 11.5935, Train MAPE: 13.8502, Train R: 0.7252, Train RRSE: 0.6899, Test Loss: 1867.9325, Test Node Loss: 0.5144, Test Reg Loss: 18.6742, Test MAPE: 13.4181, Test R: 0.6627, Test RRSE: 0.8873
2025-02-10 17:03:16,759:INFO:Epoch 283: Train Loss: 1153.7460, Train Node Loss: 0.7721, Train Reg Loss: 11.5297, Train MAPE: 13.8386, Train R: 0.7304, Train RRSE: 0.6880, Test Loss: 2952.7516, Test Node Loss: 0.3350, Test Reg Loss: 29.5242, Test MAPE: 14.6953, Test R: 0.6615, Test RRSE: 1.1156
2025-02-10 17:03:41,826:INFO:Epoch 284: Train Loss: 1151.5806, Train Node Loss: 0.6095, Train Reg Loss: 11.5097, Train MAPE: 13.3877, Train R: 0.7307, Train RRSE: 0.6874, Test Loss: 4285.2986, Test Node Loss: 0.2505, Test Reg Loss: 42.8505, Test MAPE: 16.7083, Test R: 0.6555, Test RRSE: 1.3440
2025-02-10 17:04:06,720:INFO:Epoch 285: Train Loss: 1150.7862, Train Node Loss: 0.6114, Train Reg Loss: 11.5017, Train MAPE: 13.4889, Train R: 0.7300, Train RRSE: 0.6872, Test Loss: 3170.7371, Test Node Loss: 0.3359, Test Reg Loss: 31.7040, Test MAPE: 15.0708, Test R: 0.6588, Test RRSE: 1.1561
2025-02-10 17:04:31,632:INFO:Epoch 286: Train Loss: 1186.1542, Train Node Loss: 0.6698, Train Reg Loss: 11.8548, Train MAPE: 13.6268, Train R: 0.7168, Train RRSE: 0.6976, Test Loss: 2351.5602, Test Node Loss: 0.3406, Test Reg Loss: 23.5122, Test MAPE: 14.1503, Test R: 0.6692, Test RRSE: 0.9956
2025-02-10 17:04:56,927:INFO:Epoch 287: Train Loss: 1170.4924, Train Node Loss: 0.6334, Train Reg Loss: 11.6986, Train MAPE: 13.7905, Train R: 0.7212, Train RRSE: 0.6930, Test Loss: 3613.6810, Test Node Loss: 0.2519, Test Reg Loss: 36.1343, Test MAPE: 15.6674, Test R: 0.6671, Test RRSE: 1.2342
2025-02-10 17:05:21,952:INFO:Epoch 288: Train Loss: 1135.7265, Train Node Loss: 0.6087, Train Reg Loss: 11.3512, Train MAPE: 13.5484, Train R: 0.7320, Train RRSE: 0.6827, Test Loss: 2841.1381, Test Node Loss: 0.3086, Test Reg Loss: 28.4083, Test MAPE: 14.6102, Test R: 0.6663, Test RRSE: 1.0943
2025-02-10 17:05:46,866:INFO:Epoch 289: Train Loss: 1090.1346, Train Node Loss: 0.6732, Train Reg Loss: 10.8946, Train MAPE: 13.7767, Train R: 0.7438, Train RRSE: 0.6688, Test Loss: 3035.1469, Test Node Loss: 0.3356, Test Reg Loss: 30.3481, Test MAPE: 14.9396, Test R: 0.6582, Test RRSE: 1.1311
2025-02-10 17:06:11,555:INFO:Epoch 290: Train Loss: 1182.4817, Train Node Loss: 0.7429, Train Reg Loss: 11.8174, Train MAPE: 13.5875, Train R: 0.7180, Train RRSE: 0.6965, Test Loss: 2605.2972, Test Node Loss: 0.4324, Test Reg Loss: 26.0486, Test MAPE: 14.3622, Test R: 0.6552, Test RRSE: 1.0479
2025-02-10 17:06:36,359:INFO:Epoch 291: Train Loss: 1134.2316, Train Node Loss: 0.7710, Train Reg Loss: 11.3346, Train MAPE: 13.6687, Train R: 0.7325, Train RRSE: 0.6822, Test Loss: 2720.0803, Test Node Loss: 0.3696, Test Reg Loss: 27.1971, Test MAPE: 14.5661, Test R: 0.6591, Test RRSE: 1.0708
2025-02-10 17:07:01,277:INFO:Epoch 292: Train Loss: 1161.4535, Train Node Loss: 0.7336, Train Reg Loss: 11.6072, Train MAPE: 13.7795, Train R: 0.7239, Train RRSE: 0.6903, Test Loss: 5144.4968, Test Node Loss: 0.2396, Test Reg Loss: 51.4426, Test MAPE: 18.1317, Test R: 0.6588, Test RRSE: 1.4726
2025-02-10 17:07:26,466:INFO:Epoch 293: Train Loss: 1143.7368, Train Node Loss: 0.6939, Train Reg Loss: 11.4304, Train MAPE: 13.7789, Train R: 0.7286, Train RRSE: 0.6850, Test Loss: 4636.9156, Test Node Loss: 0.2646, Test Reg Loss: 46.3665, Test MAPE: 17.5817, Test R: 0.6586, Test RRSE: 1.3981
2025-02-10 17:07:51,421:INFO:Epoch 294: Train Loss: 1133.8280, Train Node Loss: 0.7264, Train Reg Loss: 11.3310, Train MAPE: 13.8931, Train R: 0.7321, Train RRSE: 0.6821, Test Loss: 6854.9856, Test Node Loss: 0.2464, Test Reg Loss: 68.5474, Test MAPE: 20.5665, Test R: 0.6411, Test RRSE: 1.6999
2025-02-10 17:08:16,207:INFO:Epoch 295: Train Loss: 1075.6348, Train Node Loss: 0.7545, Train Reg Loss: 10.7488, Train MAPE: 13.6703, Train R: 0.7486, Train RRSE: 0.6643, Test Loss: 7696.9732, Test Node Loss: 0.2397, Test Reg Loss: 76.9673, Test MAPE: 21.6651, Test R: 0.6287, Test RRSE: 1.8013
2025-02-10 17:08:41,357:INFO:Epoch 296: Train Loss: 1173.9204, Train Node Loss: 0.7222, Train Reg Loss: 11.7320, Train MAPE: 13.6131, Train R: 0.7212, Train RRSE: 0.6940, Test Loss: 5577.7646, Test Node Loss: 0.2727, Test Reg Loss: 55.7749, Test MAPE: 18.8152, Test R: 0.6534, Test RRSE: 1.5334
2025-02-10 17:09:06,443:INFO:Epoch 297: Train Loss: 1170.2800, Train Node Loss: 0.6883, Train Reg Loss: 11.6959, Train MAPE: 13.8100, Train R: 0.7211, Train RRSE: 0.6930, Test Loss: 3072.3711, Test Node Loss: 0.3439, Test Reg Loss: 30.7203, Test MAPE: 15.2136, Test R: 0.6589, Test RRSE: 1.1380
2025-02-10 17:09:30,720:INFO:Epoch 298: Train Loss: 1159.7884, Train Node Loss: 0.6575, Train Reg Loss: 11.5913, Train MAPE: 13.7727, Train R: 0.7262, Train RRSE: 0.6898, Test Loss: 1608.2774, Test Node Loss: 0.4888, Test Reg Loss: 16.0779, Test MAPE: 13.5695, Test R: 0.6622, Test RRSE: 0.8233
2025-02-10 17:09:55,619:INFO:Epoch 299: Train Loss: 1221.2556, Train Node Loss: 0.5968, Train Reg Loss: 12.2066, Train MAPE: 13.7792, Train R: 0.7067, Train RRSE: 0.7079, Test Loss: 1600.2097, Test Node Loss: 0.4429, Test Reg Loss: 15.9977, Test MAPE: 13.6543, Test R: 0.6620, Test RRSE: 0.8212
2025-02-10 17:10:20,506:INFO:Epoch 300: Train Loss: 1214.6284, Train Node Loss: 0.5378, Train Reg Loss: 12.1409, Train MAPE: 13.5127, Train R: 0.7154, Train RRSE: 0.7060, Test Loss: 3432.1001, Test Node Loss: 0.3048, Test Reg Loss: 34.3180, Test MAPE: 15.7974, Test R: 0.6581, Test RRSE: 1.2028
2025-02-10 17:10:20,507:INFO:Best performance at epoch 220 with Test MAPE: 0.6786
